<?xml version="1.0" encoding="UTF-8"?>
<testsuite xmlns:xsi="http://www.w3.org/2001/XMLSchema-instance" xsi:noNamespaceSchemaLocation="https://maven.apache.org/surefire/maven-failsafe-plugin/xsd/failsafe-test-report-3.0.xsd" version="3.0" name="CucumberTestSuite" time="1,034.955" tests="34" errors="0" skipped="0" failures="0">
  <properties>
    <property name="sun.desktop" value="windows"/>
    <property name="awt.toolkit" value="sun.awt.windows.WToolkit"/>
    <property name="java.specification.version" value="11"/>
    <property name="webdriver.chrome.driver" value="C:\Users\ASUS\.cache\selenium\chromedriver\win32\102.0.5005.61\chromedriver.exe"/>
    <property name="sun.cpu.isalist" value="amd64"/>
    <property name="sun.jnu.encoding" value="Cp1252"/>
    <property name="java.class.path" value="D:\Kel-1-capstone\TestingWeb\target\test-classes;C:\Users\ASUS\.m2\repository\net\serenity-bdd\serenity-core\3.2.1\serenity-core-3.2.1.jar;C:\Users\ASUS\.m2\repository\net\serenity-bdd\serenity-model\3.2.1\serenity-model-3.2.1.jar;C:\Users\ASUS\.m2\repository\org\apache\commons\commons-text\1.9\commons-text-1.9.jar;C:\Users\ASUS\.m2\repository\commons-net\commons-net\3.8.0\commons-net-3.8.0.jar;C:\Users\ASUS\.m2\repository\com\google\guava\guava\31.1-jre\guava-31.1-jre.jar;C:\Users\ASUS\.m2\repository\com\google\guava\failureaccess\1.0.1\failureaccess-1.0.1.jar;C:\Users\ASUS\.m2\repository\com\google\guava\listenablefuture\9999.0-empty-to-avoid-conflict-with-guava\listenablefuture-9999.0-empty-to-avoid-conflict-with-guava.jar;C:\Users\ASUS\.m2\repository\com\google\code\findbugs\jsr305\3.0.2\jsr305-3.0.2.jar;C:\Users\ASUS\.m2\repository\org\checkerframework\checker-qual\3.12.0\checker-qual-3.12.0.jar;C:\Users\ASUS\.m2\repository\com\google\errorprone\error_prone_annotations\2.11.0\error_prone_annotations-2.11.0.jar;C:\Users\ASUS\.m2\repository\com\google\j2objc\j2objc-annotations\1.3\j2objc-annotations-1.3.jar;C:\Users\ASUS\.m2\repository\com\google\inject\guice\5.1.0\guice-5.1.0.jar;C:\Users\ASUS\.m2\repository\javax\inject\javax.inject\1\javax.inject-1.jar;C:\Users\ASUS\.m2\repository\aopalliance\aopalliance\1.0\aopalliance-1.0.jar;C:\Users\ASUS\.m2\repository\org\jsoup\jsoup\1.14.3\jsoup-1.14.3.jar;C:\Users\ASUS\.m2\repository\com\thoughtworks\xstream\xstream\1.4.19\xstream-1.4.19.jar;C:\Users\ASUS\.m2\repository\io\github\x-stream\mxparser\1.2.2\mxparser-1.2.2.jar;C:\Users\ASUS\.m2\repository\xmlpull\xmlpull\1.1.3.1\xmlpull-1.1.3.1.jar;C:\Users\ASUS\.m2\repository\io\cucumber\cucumber-java\7.2.3\cucumber-java-7.2.3.jar;C:\Users\ASUS\.m2\repository\com\typesafe\config\1.4.2\config-1.4.2.jar;C:\Users\ASUS\.m2\repository\org\imgscalr\imgscalr-lib\4.2\imgscalr-lib-4.2.jar;C:\Users\ASUS\.m2\repository\org\awaitility\awaitility\4.2.0\awaitility-4.2.0.jar;C:\Users\ASUS\.m2\repository\org\freemarker\freemarker\2.3.31\freemarker-2.3.31.jar;C:\Users\ASUS\.m2\repository\io\github\classgraph\classgraph\4.8.138\classgraph-4.8.138.jar;C:\Users\ASUS\.m2\repository\net\sourceforge\jexcelapi\jxl\2.6.12\jxl-2.6.12.jar;C:\Users\ASUS\.m2\repository\net\bytebuddy\byte-buddy\1.12.8\byte-buddy-1.12.8.jar;C:\Users\ASUS\.m2\repository\net\bytebuddy\byte-buddy-agent\1.12.8\byte-buddy-agent-1.12.8.jar;C:\Users\ASUS\.m2\repository\org\objenesis\objenesis\3.1\objenesis-3.1.jar;C:\Users\ASUS\.m2\repository\net\serenity-bdd\serenity-reports\3.2.1\serenity-reports-3.2.1.jar;C:\Users\ASUS\.m2\repository\net\serenity-bdd\serenity-stats\3.2.1\serenity-stats-3.2.1.jar;C:\Users\ASUS\.m2\repository\net\serenity-bdd\serenity-reports-configuration\3.2.1\serenity-reports-configuration-3.2.1.jar;C:\Users\ASUS\.m2\repository\com\vladsch\flexmark\flexmark-all\0.34.30\flexmark-all-0.34.30.jar;C:\Users\ASUS\.m2\repository\com\vladsch\flexmark\flexmark\0.34.30\flexmark-0.34.30.jar;C:\Users\ASUS\.m2\repository\com\vladsch\flexmark\flexmark-ext-abbreviation\0.34.30\flexmark-ext-abbreviation-0.34.30.jar;C:\Users\ASUS\.m2\repository\com\vladsch\flexmark\flexmark-ext-admonition\0.34.30\flexmark-ext-admonition-0.34.30.jar;C:\Users\ASUS\.m2\repository\com\vladsch\flexmark\flexmark-ext-anchorlink\0.34.30\flexmark-ext-anchorlink-0.34.30.jar;C:\Users\ASUS\.m2\repository\com\vladsch\flexmark\flexmark-ext-aside\0.34.30\flexmark-ext-aside-0.34.30.jar;C:\Users\ASUS\.m2\repository\com\vladsch\flexmark\flexmark-ext-attributes\0.34.30\flexmark-ext-attributes-0.34.30.jar;C:\Users\ASUS\.m2\repository\com\vladsch\flexmark\flexmark-ext-autolink\0.34.30\flexmark-ext-autolink-0.34.30.jar;C:\Users\ASUS\.m2\repository\org\nibor\autolink\autolink\0.6.0\autolink-0.6.0.jar;C:\Users\ASUS\.m2\repository\com\vladsch\flexmark\flexmark-ext-definition\0.34.30\flexmark-ext-definition-0.34.30.jar;C:\Users\ASUS\.m2\repository\com\vladsch\flexmark\flexmark-ext-emoji\0.34.30\flexmark-ext-emoji-0.34.30.jar;C:\Users\ASUS\.m2\repository\com\vladsch\flexmark\flexmark-ext-enumerated-reference\0.34.30\flexmark-ext-enumerated-reference-0.34.30.jar;C:\Users\ASUS\.m2\repository\com\vladsch\flexmark\flexmark-ext-escaped-character\0.34.30\flexmark-ext-escaped-character-0.34.30.jar;C:\Users\ASUS\.m2\repository\com\vladsch\flexmark\flexmark-ext-footnotes\0.34.30\flexmark-ext-footnotes-0.34.30.jar;C:\Users\ASUS\.m2\repository\com\vladsch\flexmark\flexmark-ext-gfm-issues\0.34.30\flexmark-ext-gfm-issues-0.34.30.jar;C:\Users\ASUS\.m2\repository\com\vladsch\flexmark\flexmark-ext-gfm-strikethrough\0.34.30\flexmark-ext-gfm-strikethrough-0.34.30.jar;C:\Users\ASUS\.m2\repository\com\vladsch\flexmark\flexmark-ext-gfm-tables\0.34.30\flexmark-ext-gfm-tables-0.34.30.jar;C:\Users\ASUS\.m2\repository\com\vladsch\flexmark\flexmark-ext-gfm-tasklist\0.34.30\flexmark-ext-gfm-tasklist-0.34.30.jar;C:\Users\ASUS\.m2\repository\com\vladsch\flexmark\flexmark-ext-gfm-users\0.34.30\flexmark-ext-gfm-users-0.34.30.jar;C:\Users\ASUS\.m2\repository\com\vladsch\flexmark\flexmark-ext-gitlab\0.34.30\flexmark-ext-gitlab-0.34.30.jar;C:\Users\ASUS\.m2\repository\com\vladsch\flexmark\flexmark-ext-jekyll-front-matter\0.34.30\flexmark-ext-jekyll-front-matter-0.34.30.jar;C:\Users\ASUS\.m2\repository\com\vladsch\flexmark\flexmark-ext-jekyll-tag\0.34.30\flexmark-ext-jekyll-tag-0.34.30.jar;C:\Users\ASUS\.m2\repository\com\vladsch\flexmark\flexmark-ext-media-tags\0.34.30\flexmark-ext-media-tags-0.34.30.jar;C:\Users\ASUS\.m2\repository\com\vladsch\flexmark\flexmark-test-util\0.34.30\flexmark-test-util-0.34.30.jar;C:\Users\ASUS\.m2\repository\com\vladsch\flexmark\flexmark-ext-ins\0.34.30\flexmark-ext-ins-0.34.30.jar;C:\Users\ASUS\.m2\repository\com\vladsch\flexmark\flexmark-ext-xwiki-macros\0.34.30\flexmark-ext-xwiki-macros-0.34.30.jar;C:\Users\ASUS\.m2\repository\com\vladsch\flexmark\flexmark-ext-superscript\0.34.30\flexmark-ext-superscript-0.34.30.jar;C:\Users\ASUS\.m2\repository\com\vladsch\flexmark\flexmark-ext-tables\0.34.30\flexmark-ext-tables-0.34.30.jar;C:\Users\ASUS\.m2\repository\com\vladsch\flexmark\flexmark-ext-toc\0.34.30\flexmark-ext-toc-0.34.30.jar;C:\Users\ASUS\.m2\repository\com\vladsch\flexmark\flexmark-ext-typographic\0.34.30\flexmark-ext-typographic-0.34.30.jar;C:\Users\ASUS\.m2\repository\com\vladsch\flexmark\flexmark-ext-wikilink\0.34.30\flexmark-ext-wikilink-0.34.30.jar;C:\Users\ASUS\.m2\repository\com\vladsch\flexmark\flexmark-ext-yaml-front-matter\0.34.30\flexmark-ext-yaml-front-matter-0.34.30.jar;C:\Users\ASUS\.m2\repository\com\vladsch\flexmark\flexmark-ext-youtube-embedded\0.34.30\flexmark-ext-youtube-embedded-0.34.30.jar;C:\Users\ASUS\.m2\repository\com\vladsch\flexmark\flexmark-formatter\0.34.30\flexmark-formatter-0.34.30.jar;C:\Users\ASUS\.m2\repository\com\vladsch\flexmark\flexmark-html-parser\0.34.30\flexmark-html-parser-0.34.30.jar;C:\Users\ASUS\.m2\repository\com\vladsch\flexmark\flexmark-jira-converter\0.34.30\flexmark-jira-converter-0.34.30.jar;C:\Users\ASUS\.m2\repository\com\vladsch\flexmark\flexmark-pdf-converter\0.34.30\flexmark-pdf-converter-0.34.30.jar;C:\Users\ASUS\.m2\repository\com\openhtmltopdf\openhtmltopdf-core\0.0.1-RC13\openhtmltopdf-core-0.0.1-RC13.jar;C:\Users\ASUS\.m2\repository\com\openhtmltopdf\openhtmltopdf-pdfbox\0.0.1-RC13\openhtmltopdf-pdfbox-0.0.1-RC13.jar;C:\Users\ASUS\.m2\repository\org\apache\pdfbox\pdfbox\2.0.8\pdfbox-2.0.8.jar;C:\Users\ASUS\.m2\repository\org\apache\pdfbox\fontbox\2.0.8\fontbox-2.0.8.jar;C:\Users\ASUS\.m2\repository\org\apache\pdfbox\xmpbox\2.0.8\xmpbox-2.0.8.jar;C:\Users\ASUS\.m2\repository\de\rototor\pdfbox\graphics2d\0.12\graphics2d-0.12.jar;C:\Users\ASUS\.m2\repository\com\openhtmltopdf\openhtmltopdf-rtl-support\0.0.1-RC13\openhtmltopdf-rtl-support-0.0.1-RC13.jar;C:\Users\ASUS\.m2\repository\com\ibm\icu\icu4j\59.1\icu4j-59.1.jar;C:\Users\ASUS\.m2\repository\com\openhtmltopdf\openhtmltopdf-jsoup-dom-converter\0.0.1-RC13\openhtmltopdf-jsoup-dom-converter-0.0.1-RC13.jar;C:\Users\ASUS\.m2\repository\com\vladsch\flexmark\flexmark-profile-pegdown\0.34.30\flexmark-profile-pegdown-0.34.30.jar;C:\Users\ASUS\.m2\repository\com\vladsch\flexmark\flexmark-util\0.34.30\flexmark-util-0.34.30.jar;C:\Users\ASUS\.m2\repository\com\vladsch\flexmark\flexmark-youtrack-converter\0.34.30\flexmark-youtrack-converter-0.34.30.jar;C:\Users\ASUS\.m2\repository\es\nitaur\markdown\txtmark\0.16\txtmark-0.16.jar;C:\Users\ASUS\.m2\repository\net\serenity-bdd\serenity-report-resources\3.2.1\serenity-report-resources-3.2.1.jar;C:\Users\ASUS\.m2\repository\com\google\code\gson\gson\2.9.0\gson-2.9.0.jar;C:\Users\ASUS\.m2\repository\com\fasterxml\jackson\core\jackson-core\2.13.2\jackson-core-2.13.2.jar;C:\Users\ASUS\.m2\repository\com\fasterxml\jackson\core\jackson-databind\2.13.2\jackson-databind-2.13.2.jar;C:\Users\ASUS\.m2\repository\com\fasterxml\jackson\core\jackson-annotations\2.13.2\jackson-annotations-2.13.2.jar;C:\Users\ASUS\.m2\repository\commons-codec\commons-codec\1.15\commons-codec-1.15.jar;C:\Users\ASUS\.m2\repository\commons-io\commons-io\2.11.0\commons-io-2.11.0.jar;C:\Users\ASUS\.m2\repository\org\seleniumhq\selenium\selenium-java\4.1.2\selenium-java-4.1.2.jar;C:\Users\ASUS\.m2\repository\org\seleniumhq\selenium\selenium-devtools-v85\4.1.2\selenium-devtools-v85-4.1.2.jar;C:\Users\ASUS\.m2\repository\org\seleniumhq\selenium\selenium-devtools-v95\4.1.2\selenium-devtools-v95-4.1.2.jar;C:\Users\ASUS\.m2\repository\org\seleniumhq\selenium\selenium-devtools-v96\4.1.2\selenium-devtools-v96-4.1.2.jar;C:\Users\ASUS\.m2\repository\org\seleniumhq\selenium\selenium-devtools-v97\4.1.2\selenium-devtools-v97-4.1.2.jar;C:\Users\ASUS\.m2\repository\org\seleniumhq\selenium\selenium-firefox-xpi-driver\4.1.2\selenium-firefox-xpi-driver-4.1.2.jar;C:\Users\ASUS\.m2\repository\org\seleniumhq\selenium\selenium-opera-driver\4.1.2\selenium-opera-driver-4.1.2.jar;C:\Users\ASUS\.m2\repository\org\seleniumhq\selenium\selenium-remote-driver\4.1.2\selenium-remote-driver-4.1.2.jar;C:\Users\ASUS\.m2\repository\com\beust\jcommander\1.82\jcommander-1.82.jar;C:\Users\ASUS\.m2\repository\io\netty\netty-buffer\4.1.73.Final\netty-buffer-4.1.73.Final.jar;C:\Users\ASUS\.m2\repository\io\netty\netty-codec-http\4.1.73.Final\netty-codec-http-4.1.73.Final.jar;C:\Users\ASUS\.m2\repository\io\netty\netty-codec\4.1.73.Final\netty-codec-4.1.73.Final.jar;C:\Users\ASUS\.m2\repository\io\netty\netty-handler\4.1.73.Final\netty-handler-4.1.73.Final.jar;C:\Users\ASUS\.m2\repository\io\netty\netty-tcnative-classes\2.0.46.Final\netty-tcnative-classes-2.0.46.Final.jar;C:\Users\ASUS\.m2\repository\io\netty\netty-common\4.1.73.Final\netty-common-4.1.73.Final.jar;C:\Users\ASUS\.m2\repository\io\netty\netty-transport-classes-epoll\4.1.73.Final\netty-transport-classes-epoll-4.1.73.Final.jar;C:\Users\ASUS\.m2\repository\io\netty\netty-transport-classes-kqueue\4.1.73.Final\netty-transport-classes-kqueue-4.1.73.Final.jar;C:\Users\ASUS\.m2\repository\io\netty\netty-transport-native-epoll\4.1.73.Final\netty-transport-native-epoll-4.1.73.Final.jar;C:\Users\ASUS\.m2\repository\io\netty\netty-transport-native-kqueue\4.1.73.Final\netty-transport-native-kqueue-4.1.73.Final.jar;C:\Users\ASUS\.m2\repository\io\netty\netty-transport-native-unix-common\4.1.73.Final\netty-transport-native-unix-common-4.1.73.Final.jar;C:\Users\ASUS\.m2\repository\io\netty\netty-transport\4.1.73.Final\netty-transport-4.1.73.Final.jar;C:\Users\ASUS\.m2\repository\io\netty\netty-resolver\4.1.73.Final\netty-resolver-4.1.73.Final.jar;C:\Users\ASUS\.m2\repository\io\opentelemetry\opentelemetry-api\1.10.1\opentelemetry-api-1.10.1.jar;C:\Users\ASUS\.m2\repository\io\opentelemetry\opentelemetry-context\1.10.1\opentelemetry-context-1.10.1.jar;C:\Users\ASUS\.m2\repository\io\opentelemetry\opentelemetry-exporter-logging\1.10.1\opentelemetry-exporter-logging-1.10.1.jar;C:\Users\ASUS\.m2\repository\io\opentelemetry\opentelemetry-sdk-metrics\1.10.1-alpha\opentelemetry-sdk-metrics-1.10.1-alpha.jar;C:\Users\ASUS\.m2\repository\io\opentelemetry\opentelemetry-sdk-logs\1.10.1-alpha\opentelemetry-sdk-logs-1.10.1-alpha.jar;C:\Users\ASUS\.m2\repository\io\opentelemetry\opentelemetry-sdk-common\1.10.1\opentelemetry-sdk-common-1.10.1.jar;C:\Users\ASUS\.m2\repository\io\opentelemetry\opentelemetry-sdk-extension-autoconfigure-spi\1.10.1\opentelemetry-sdk-extension-autoconfigure-spi-1.10.1.jar;C:\Users\ASUS\.m2\repository\io\opentelemetry\opentelemetry-sdk-extension-autoconfigure\1.10.1-alpha\opentelemetry-sdk-extension-autoconfigure-1.10.1-alpha.jar;C:\Users\ASUS\.m2\repository\io\opentelemetry\opentelemetry-sdk-trace\1.10.1\opentelemetry-sdk-trace-1.10.1.jar;C:\Users\ASUS\.m2\repository\io\opentelemetry\opentelemetry-sdk\1.10.1\opentelemetry-sdk-1.10.1.jar;C:\Users\ASUS\.m2\repository\io\opentelemetry\opentelemetry-semconv\1.10.1-alpha\opentelemetry-semconv-1.10.1-alpha.jar;C:\Users\ASUS\.m2\repository\io\ous\jtoml\2.0.0\jtoml-2.0.0.jar;C:\Users\ASUS\.m2\repository\org\apache\commons\commons-exec\1.3\commons-exec-1.3.jar;C:\Users\ASUS\.m2\repository\org\asynchttpclient\async-http-client\2.12.3\async-http-client-2.12.3.jar;C:\Users\ASUS\.m2\repository\org\asynchttpclient\async-http-client-netty-utils\2.12.3\async-http-client-netty-utils-2.12.3.jar;C:\Users\ASUS\.m2\repository\io\netty\netty-codec-socks\4.1.60.Final\netty-codec-socks-4.1.60.Final.jar;C:\Users\ASUS\.m2\repository\io\netty\netty-handler-proxy\4.1.60.Final\netty-handler-proxy-4.1.60.Final.jar;C:\Users\ASUS\.m2\repository\io\netty\netty-transport-native-epoll\4.1.60.Final\netty-transport-native-epoll-4.1.60.Final-linux-x86_64.jar;C:\Users\ASUS\.m2\repository\io\netty\netty-transport-native-kqueue\4.1.60.Final\netty-transport-native-kqueue-4.1.60.Final-osx-x86_64.jar;C:\Users\ASUS\.m2\repository\org\reactivestreams\reactive-streams\1.0.3\reactive-streams-1.0.3.jar;C:\Users\ASUS\.m2\repository\com\typesafe\netty\netty-reactive-streams\2.0.4\netty-reactive-streams-2.0.4.jar;C:\Users\ASUS\.m2\repository\org\seleniumhq\selenium\selenium-http\4.1.2\selenium-http-4.1.2.jar;C:\Users\ASUS\.m2\repository\net\jodah\failsafe\2.4.4\failsafe-2.4.4.jar;C:\Users\ASUS\.m2\repository\org\seleniumhq\selenium\selenium-safari-driver\4.1.2\selenium-safari-driver-4.1.2.jar;C:\Users\ASUS\.m2\repository\org\seleniumhq\selenium\selenium-api\4.1.2\selenium-api-4.1.2.jar;C:\Users\ASUS\.m2\repository\org\seleniumhq\selenium\selenium-support\4.1.2\selenium-support-4.1.2.jar;C:\Users\ASUS\.m2\repository\com\google\auto\service\auto-service-annotations\1.0.1\auto-service-annotations-1.0.1.jar;C:\Users\ASUS\.m2\repository\com\google\auto\service\auto-service\1.0.1\auto-service-1.0.1.jar;C:\Users\ASUS\.m2\repository\com\google\auto\auto-common\1.2\auto-common-1.2.jar;C:\Users\ASUS\.m2\repository\org\seleniumhq\selenium\selenium-json\4.1.2\selenium-json-4.1.2.jar;C:\Users\ASUS\.m2\repository\org\seleniumhq\selenium\selenium-chrome-driver\4.1.2\selenium-chrome-driver-4.1.2.jar;C:\Users\ASUS\.m2\repository\org\seleniumhq\selenium\selenium-chromium-driver\4.1.2\selenium-chromium-driver-4.1.2.jar;C:\Users\ASUS\.m2\repository\org\seleniumhq\selenium\selenium-firefox-driver\4.1.2\selenium-firefox-driver-4.1.2.jar;C:\Users\ASUS\.m2\repository\org\seleniumhq\selenium\selenium-edge-driver\4.1.2\selenium-edge-driver-4.1.2.jar;C:\Users\ASUS\.m2\repository\org\seleniumhq\selenium\selenium-ie-driver\4.1.2\selenium-ie-driver-4.1.2.jar;C:\Users\ASUS\.m2\repository\org\projectlombok\lombok\1.18.20\lombok-1.18.20.jar;C:\Users\ASUS\.m2\repository\io\appium\java-client\8.0.0\java-client-8.0.0.jar;C:\Users\ASUS\.m2\repository\commons-validator\commons-validator\1.7\commons-validator-1.7.jar;C:\Users\ASUS\.m2\repository\commons-digester\commons-digester\2.1\commons-digester-2.1.jar;C:\Users\ASUS\.m2\repository\org\aspectj\aspectjweaver\1.9.8\aspectjweaver-1.9.8.jar;C:\Users\ASUS\.m2\repository\net\sf\opencsv\opencsv\2.0\opencsv-2.0.jar;C:\Users\ASUS\.m2\repository\commons-beanutils\commons-beanutils\1.9.4\commons-beanutils-1.9.4.jar;C:\Users\ASUS\.m2\repository\org\apache\commons\commons-lang3\3.12.0\commons-lang3-3.12.0.jar;C:\Users\ASUS\.m2\repository\commons-collections\commons-collections\3.2.2\commons-collections-3.2.2.jar;C:\Users\ASUS\.m2\repository\org\fluentlenium\fluentlenium-core\0.10.2\fluentlenium-core-0.10.2.jar;C:\Users\ASUS\.m2\repository\io\github\bonigarcia\webdrivermanager\5.1.0\webdrivermanager-5.1.0.jar;C:\Users\ASUS\.m2\repository\com\github\docker-java\docker-java\3.2.13\docker-java-3.2.13.jar;C:\Users\ASUS\.m2\repository\com\github\docker-java\docker-java-core\3.2.13\docker-java-core-3.2.13.jar;C:\Users\ASUS\.m2\repository\com\github\docker-java\docker-java-api\3.2.13\docker-java-api-3.2.13.jar;C:\Users\ASUS\.m2\repository\org\apache\commons\commons-compress\1.21\commons-compress-1.21.jar;C:\Users\ASUS\.m2\repository\org\bouncycastle\bcpkix-jdk15on\1.64\bcpkix-jdk15on-1.64.jar;C:\Users\ASUS\.m2\repository\org\bouncycastle\bcprov-jdk15on\1.64\bcprov-jdk15on-1.64.jar;C:\Users\ASUS\.m2\repository\org\slf4j\jcl-over-slf4j\1.7.30\jcl-over-slf4j-1.7.30.jar;C:\Users\ASUS\.m2\repository\com\github\docker-java\docker-java-transport-httpclient5\3.2.13\docker-java-transport-httpclient5-3.2.13.jar;C:\Users\ASUS\.m2\repository\com\github\docker-java\docker-java-transport\3.2.13\docker-java-transport-3.2.13.jar;C:\Users\ASUS\.m2\repository\org\apache\httpcomponents\client5\httpclient5\5.0.3\httpclient5-5.0.3.jar;C:\Users\ASUS\.m2\repository\org\apache\httpcomponents\core5\httpcore5\5.0.2\httpcore5-5.0.2.jar;C:\Users\ASUS\.m2\repository\net\java\dev\jna\jna\5.8.0\jna-5.8.0.jar;C:\Users\ASUS\.m2\repository\org\brotli\dec\0.1.2\dec-0.1.2.jar;C:\Users\ASUS\.m2\repository\com\jhlabs\filters\2.0.235\filters-2.0.235.jar;C:\Users\ASUS\.m2\repository\com\paulhammant\ngwebdriver\1.1.6\ngwebdriver-1.1.6.jar;C:\Users\ASUS\.m2\repository\joda-time\joda-time\2.8.2\joda-time-2.8.2.jar;C:\Users\ASUS\.m2\repository\org\hamcrest\hamcrest\2.2\hamcrest-2.2.jar;C:\Users\ASUS\.m2\repository\com\google\jimfs\jimfs\1.2\jimfs-1.2.jar;C:\Users\ASUS\.m2\repository\org\mockito\mockito-core\3.3.3\mockito-core-3.3.3.jar;C:\Users\ASUS\.m2\repository\javax\xml\bind\jaxb-api\2.3.1\jaxb-api-2.3.1.jar;C:\Users\ASUS\.m2\repository\javax\activation\javax.activation-api\1.2.0\javax.activation-api-1.2.0.jar;C:\Users\ASUS\.m2\repository\com\sun\xml\bind\jaxb-core\2.3.0.1\jaxb-core-2.3.0.1.jar;C:\Users\ASUS\.m2\repository\com\sun\xml\bind\jaxb-impl\2.3.3\jaxb-impl-2.3.3.jar;C:\Users\ASUS\.m2\repository\jakarta\xml\bind\jakarta.xml.bind-api\2.3.3\jakarta.xml.bind-api-2.3.3.jar;C:\Users\ASUS\.m2\repository\com\sun\activation\jakarta.activation\1.2.2\jakarta.activation-1.2.2.jar;C:\Users\ASUS\.m2\repository\javax\activation\activation\1.1.1\activation-1.1.1.jar;C:\Users\ASUS\.m2\repository\net\serenity-bdd\serenity-cucumber\3.2.1\serenity-cucumber-3.2.1.jar;C:\Users\ASUS\.m2\repository\io\cucumber\cucumber-core\7.2.3\cucumber-core-7.2.3.jar;C:\Users\ASUS\.m2\repository\io\cucumber\cucumber-gherkin\7.2.3\cucumber-gherkin-7.2.3.jar;C:\Users\ASUS\.m2\repository\io\cucumber\cucumber-gherkin-messages\7.2.3\cucumber-gherkin-messages-7.2.3.jar;C:\Users\ASUS\.m2\repository\io\cucumber\messages\17.1.1\messages-17.1.1.jar;C:\Users\ASUS\.m2\repository\io\cucumber\tag-expressions\4.1.0\tag-expressions-4.1.0.jar;C:\Users\ASUS\.m2\repository\io\cucumber\cucumber-expressions\15.0.1\cucumber-expressions-15.0.1.jar;C:\Users\ASUS\.m2\repository\io\cucumber\datatable\7.2.3\datatable-7.2.3.jar;C:\Users\ASUS\.m2\repository\io\cucumber\cucumber-plugin\7.2.3\cucumber-plugin-7.2.3.jar;C:\Users\ASUS\.m2\repository\io\cucumber\docstring\7.2.3\docstring-7.2.3.jar;C:\Users\ASUS\.m2\repository\io\cucumber\html-formatter\17.0.0\html-formatter-17.0.0.jar;C:\Users\ASUS\.m2\repository\io\cucumber\ci-environment\8.1.0\ci-environment-8.1.0.jar;C:\Users\ASUS\.m2\repository\io\cucumber\cucumber-junit\7.2.3\cucumber-junit-7.2.3.jar;C:\Users\ASUS\.m2\repository\org\apache\commons\commons-csv\1.5\commons-csv-1.5.jar;C:\Users\ASUS\.m2\repository\net\serenity-bdd\serenity-screenplay\3.2.1\serenity-screenplay-3.2.1.jar;C:\Users\ASUS\.m2\repository\net\serenity-bdd\serenity-screenplay-webdriver\3.2.1\serenity-screenplay-webdriver-3.2.1.jar;C:\Users\ASUS\.m2\repository\net\serenity-bdd\serenity-ensure\3.2.1\serenity-ensure-3.2.1.jar;C:\Users\ASUS\.m2\repository\net\serenity-bdd\serenity-junit\3.2.1\serenity-junit-3.2.1.jar;C:\Users\ASUS\.m2\repository\org\jetbrains\kotlin\kotlin-stdlib\1.6.0\kotlin-stdlib-1.6.0.jar;C:\Users\ASUS\.m2\repository\org\jetbrains\annotations\13.0\annotations-13.0.jar;C:\Users\ASUS\.m2\repository\org\jetbrains\kotlin\kotlin-stdlib-common\1.6.0\kotlin-stdlib-common-1.6.0.jar;C:\Users\ASUS\.m2\repository\org\junit\platform\junit-platform-launcher\1.8.2\junit-platform-launcher-1.8.2.jar;C:\Users\ASUS\.m2\repository\org\junit\platform\junit-platform-engine\1.8.2\junit-platform-engine-1.8.2.jar;C:\Users\ASUS\.m2\repository\org\junit\platform\junit-platform-commons\1.8.2\junit-platform-commons-1.8.2.jar;C:\Users\ASUS\.m2\repository\org\apiguardian\apiguardian-api\1.1.2\apiguardian-api-1.1.2.jar;C:\Users\ASUS\.m2\repository\org\junit\jupiter\junit-jupiter-engine\5.8.2\junit-jupiter-engine-5.8.2.jar;C:\Users\ASUS\.m2\repository\org\junit\jupiter\junit-jupiter-api\5.8.2\junit-jupiter-api-5.8.2.jar;C:\Users\ASUS\.m2\repository\org\junit\vintage\junit-vintage-engine\5.8.2\junit-vintage-engine-5.8.2.jar;C:\Users\ASUS\.m2\repository\junit\junit\4.13.2\junit-4.13.2.jar;C:\Users\ASUS\.m2\repository\org\hamcrest\hamcrest-core\1.3\hamcrest-core-1.3.jar;C:\Users\ASUS\.m2\repository\ch\qos\logback\logback-classic\1.2.11\logback-classic-1.2.11.jar;C:\Users\ASUS\.m2\repository\ch\qos\logback\logback-core\1.2.11\logback-core-1.2.11.jar;C:\Users\ASUS\.m2\repository\org\slf4j\slf4j-api\1.7.32\slf4j-api-1.7.32.jar;C:\Users\ASUS\.m2\repository\org\assertj\assertj-core\3.22.0\assertj-core-3.22.0.jar;C:\Users\ASUS\.m2\repository\net\serenity-bdd\serenity-rest-assured\3.2.1\serenity-rest-assured-3.2.1.jar;C:\Users\ASUS\.m2\repository\org\apache\httpcomponents\httpclient\4.5.13\httpclient-4.5.13.jar;C:\Users\ASUS\.m2\repository\org\apache\httpcomponents\httpcore\4.4.13\httpcore-4.4.13.jar;C:\Users\ASUS\.m2\repository\commons-logging\commons-logging\1.2\commons-logging-1.2.jar;C:\Users\ASUS\.m2\repository\org\codehaus\groovy\groovy-json\3.0.10\groovy-json-3.0.10.jar;C:\Users\ASUS\.m2\repository\org\opentest4j\opentest4j\1.2.0\opentest4j-1.2.0.jar;C:\Users\ASUS\.m2\repository\org\apache\maven\plugins\maven-surefire-plugin\3.0.0-M5\maven-surefire-plugin-3.0.0-M5.jar;C:\Users\ASUS\.m2\repository\org\apache\maven\surefire\maven-surefire-common\3.0.0-M5\maven-surefire-common-3.0.0-M5.jar;C:\Users\ASUS\.m2\repository\org\apache\maven\surefire\surefire-api\3.0.0-M5\surefire-api-3.0.0-M5.jar;C:\Users\ASUS\.m2\repository\org\apache\maven\surefire\surefire-logger-api\3.0.0-M5\surefire-logger-api-3.0.0-M5.jar;C:\Users\ASUS\.m2\repository\org\apache\maven\surefire\surefire-extensions-api\3.0.0-M5\surefire-extensions-api-3.0.0-M5.jar;C:\Users\ASUS\.m2\repository\org\apache\maven\surefire\surefire-booter\3.0.0-M5\surefire-booter-3.0.0-M5.jar;C:\Users\ASUS\.m2\repository\org\apache\maven\surefire\surefire-extensions-spi\3.0.0-M5\surefire-extensions-spi-3.0.0-M5.jar;C:\Users\ASUS\.m2\repository\org\apache\maven\maven-toolchain\3.0-alpha-2\maven-toolchain-3.0-alpha-2.jar;C:\Users\ASUS\.m2\repository\org\apache\maven\shared\maven-artifact-transfer\0.11.0\maven-artifact-transfer-0.11.0.jar;C:\Users\ASUS\.m2\repository\org\apache\maven\shared\maven-common-artifact-filters\3.0.1\maven-common-artifact-filters-3.0.1.jar;C:\Users\ASUS\.m2\repository\org\apache\maven\maven-model\3.0\maven-model-3.0.jar;C:\Users\ASUS\.m2\repository\org\apache\maven\maven-plugin-api\3.0\maven-plugin-api-3.0.jar;C:\Users\ASUS\.m2\repository\org\sonatype\sisu\sisu-inject-plexus\1.4.2\sisu-inject-plexus-1.4.2.jar;C:\Users\ASUS\.m2\repository\org\codehaus\plexus\plexus-classworlds\2.2.3\plexus-classworlds-2.2.3.jar;C:\Users\ASUS\.m2\repository\org\sonatype\sisu\sisu-inject-bean\1.4.2\sisu-inject-bean-1.4.2.jar;C:\Users\ASUS\.m2\repository\org\sonatype\sisu\sisu-guice\2.1.7\sisu-guice-2.1.7-noaop.jar;C:\Users\ASUS\.m2\repository\org\apache\maven\shared\maven-shared-utils\3.1.0\maven-shared-utils-3.1.0.jar;C:\Users\ASUS\.m2\repository\org\codehaus\plexus\plexus-java\1.0.5\plexus-java-1.0.5.jar;C:\Users\ASUS\.m2\repository\org\ow2\asm\asm\7.2\asm-7.2.jar;C:\Users\ASUS\.m2\repository\com\thoughtworks\qdox\qdox\2.0-M9\qdox-2.0-M9.jar;C:\Users\ASUS\.m2\repository\org\apache\maven\surefire\surefire-shared-utils\3.0.0-M4\surefire-shared-utils-3.0.0-M4.jar;C:\Users\ASUS\.m2\repository\io\rest-assured\rest-assured\4.5.1\rest-assured-4.5.1.jar;C:\Users\ASUS\.m2\repository\org\apache\httpcomponents\httpmime\4.5.13\httpmime-4.5.13.jar;C:\Users\ASUS\.m2\repository\org\ccil\cowan\tagsoup\tagsoup\1.2.1\tagsoup-1.2.1.jar;C:\Users\ASUS\.m2\repository\io\rest-assured\json-path\4.5.1\json-path-4.5.1.jar;C:\Users\ASUS\.m2\repository\io\rest-assured\rest-assured-common\4.5.1\rest-assured-common-4.5.1.jar;C:\Users\ASUS\.m2\repository\io\rest-assured\xml-path\4.5.1\xml-path-4.5.1.jar;C:\Users\ASUS\.m2\repository\org\codehaus\groovy\groovy\3.0.10\groovy-3.0.10.jar;C:\Users\ASUS\.m2\repository\org\codehaus\groovy\groovy-xml\3.0.10\groovy-xml-3.0.10.jar;C:\Users\ASUS\.m2\repository\com\googlecode\json-simple\json-simple\1.1.1\json-simple-1.1.1.jar;C:\Users\ASUS\.m2\repository\com\github\javafaker\javafaker\1.0.2\javafaker-1.0.2.jar;C:\Users\ASUS\.m2\repository\org\yaml\snakeyaml\1.23\snakeyaml-1.23-android.jar;C:\Users\ASUS\.m2\repository\com\github\mifmif\generex\1.0.2\generex-1.0.2.jar;C:\Users\ASUS\.m2\repository\dk\brics\automaton\automaton\1.11-8\automaton-1.11-8.jar;"/>
    <property name="java.vm.vendor" value="Oracle Corporation"/>
    <property name="sun.arch.data.model" value="64"/>
    <property name="user.variant" value=""/>
    <property name="java.vendor.url" value="https://openjdk.java.net/"/>
    <property name="user.timezone" value="Asia/Bangkok"/>
    <property name="log4j2.formatMsgNoLookups" value="true"/>
    <property name="java.vm.specification.version" value="11"/>
    <property name="os.name" value="Windows 10"/>
    <property name="sun.java.launcher" value="SUN_STANDARD"/>
    <property name="user.country" value="US"/>
    <property name="sun.boot.library.path" value="C:\Program Files\Java\jdk-11.0.14\bin"/>
    <property name="sun.java.command" value="org.apache.maven.surefire.booter.ForkedBooter C:\Users\ASUS\AppData\Local\Temp\surefire2942936036783340468 2022-06-23T20-27-43_121-jvmRun1 surefire7370586031316799942tmp surefire_012507665781962405797tmp"/>
    <property name="jdk.debug" value="release"/>
    <property name="surefire.test.class.path" value="D:\Kel-1-capstone\TestingWeb\target\test-classes;C:\Users\ASUS\.m2\repository\net\serenity-bdd\serenity-core\3.2.1\serenity-core-3.2.1.jar;C:\Users\ASUS\.m2\repository\net\serenity-bdd\serenity-model\3.2.1\serenity-model-3.2.1.jar;C:\Users\ASUS\.m2\repository\org\apache\commons\commons-text\1.9\commons-text-1.9.jar;C:\Users\ASUS\.m2\repository\commons-net\commons-net\3.8.0\commons-net-3.8.0.jar;C:\Users\ASUS\.m2\repository\com\google\guava\guava\31.1-jre\guava-31.1-jre.jar;C:\Users\ASUS\.m2\repository\com\google\guava\failureaccess\1.0.1\failureaccess-1.0.1.jar;C:\Users\ASUS\.m2\repository\com\google\guava\listenablefuture\9999.0-empty-to-avoid-conflict-with-guava\listenablefuture-9999.0-empty-to-avoid-conflict-with-guava.jar;C:\Users\ASUS\.m2\repository\com\google\code\findbugs\jsr305\3.0.2\jsr305-3.0.2.jar;C:\Users\ASUS\.m2\repository\org\checkerframework\checker-qual\3.12.0\checker-qual-3.12.0.jar;C:\Users\ASUS\.m2\repository\com\google\errorprone\error_prone_annotations\2.11.0\error_prone_annotations-2.11.0.jar;C:\Users\ASUS\.m2\repository\com\google\j2objc\j2objc-annotations\1.3\j2objc-annotations-1.3.jar;C:\Users\ASUS\.m2\repository\com\google\inject\guice\5.1.0\guice-5.1.0.jar;C:\Users\ASUS\.m2\repository\javax\inject\javax.inject\1\javax.inject-1.jar;C:\Users\ASUS\.m2\repository\aopalliance\aopalliance\1.0\aopalliance-1.0.jar;C:\Users\ASUS\.m2\repository\org\jsoup\jsoup\1.14.3\jsoup-1.14.3.jar;C:\Users\ASUS\.m2\repository\com\thoughtworks\xstream\xstream\1.4.19\xstream-1.4.19.jar;C:\Users\ASUS\.m2\repository\io\github\x-stream\mxparser\1.2.2\mxparser-1.2.2.jar;C:\Users\ASUS\.m2\repository\xmlpull\xmlpull\1.1.3.1\xmlpull-1.1.3.1.jar;C:\Users\ASUS\.m2\repository\io\cucumber\cucumber-java\7.2.3\cucumber-java-7.2.3.jar;C:\Users\ASUS\.m2\repository\com\typesafe\config\1.4.2\config-1.4.2.jar;C:\Users\ASUS\.m2\repository\org\imgscalr\imgscalr-lib\4.2\imgscalr-lib-4.2.jar;C:\Users\ASUS\.m2\repository\org\awaitility\awaitility\4.2.0\awaitility-4.2.0.jar;C:\Users\ASUS\.m2\repository\org\freemarker\freemarker\2.3.31\freemarker-2.3.31.jar;C:\Users\ASUS\.m2\repository\io\github\classgraph\classgraph\4.8.138\classgraph-4.8.138.jar;C:\Users\ASUS\.m2\repository\net\sourceforge\jexcelapi\jxl\2.6.12\jxl-2.6.12.jar;C:\Users\ASUS\.m2\repository\net\bytebuddy\byte-buddy\1.12.8\byte-buddy-1.12.8.jar;C:\Users\ASUS\.m2\repository\net\bytebuddy\byte-buddy-agent\1.12.8\byte-buddy-agent-1.12.8.jar;C:\Users\ASUS\.m2\repository\org\objenesis\objenesis\3.1\objenesis-3.1.jar;C:\Users\ASUS\.m2\repository\net\serenity-bdd\serenity-reports\3.2.1\serenity-reports-3.2.1.jar;C:\Users\ASUS\.m2\repository\net\serenity-bdd\serenity-stats\3.2.1\serenity-stats-3.2.1.jar;C:\Users\ASUS\.m2\repository\net\serenity-bdd\serenity-reports-configuration\3.2.1\serenity-reports-configuration-3.2.1.jar;C:\Users\ASUS\.m2\repository\com\vladsch\flexmark\flexmark-all\0.34.30\flexmark-all-0.34.30.jar;C:\Users\ASUS\.m2\repository\com\vladsch\flexmark\flexmark\0.34.30\flexmark-0.34.30.jar;C:\Users\ASUS\.m2\repository\com\vladsch\flexmark\flexmark-ext-abbreviation\0.34.30\flexmark-ext-abbreviation-0.34.30.jar;C:\Users\ASUS\.m2\repository\com\vladsch\flexmark\flexmark-ext-admonition\0.34.30\flexmark-ext-admonition-0.34.30.jar;C:\Users\ASUS\.m2\repository\com\vladsch\flexmark\flexmark-ext-anchorlink\0.34.30\flexmark-ext-anchorlink-0.34.30.jar;C:\Users\ASUS\.m2\repository\com\vladsch\flexmark\flexmark-ext-aside\0.34.30\flexmark-ext-aside-0.34.30.jar;C:\Users\ASUS\.m2\repository\com\vladsch\flexmark\flexmark-ext-attributes\0.34.30\flexmark-ext-attributes-0.34.30.jar;C:\Users\ASUS\.m2\repository\com\vladsch\flexmark\flexmark-ext-autolink\0.34.30\flexmark-ext-autolink-0.34.30.jar;C:\Users\ASUS\.m2\repository\org\nibor\autolink\autolink\0.6.0\autolink-0.6.0.jar;C:\Users\ASUS\.m2\repository\com\vladsch\flexmark\flexmark-ext-definition\0.34.30\flexmark-ext-definition-0.34.30.jar;C:\Users\ASUS\.m2\repository\com\vladsch\flexmark\flexmark-ext-emoji\0.34.30\flexmark-ext-emoji-0.34.30.jar;C:\Users\ASUS\.m2\repository\com\vladsch\flexmark\flexmark-ext-enumerated-reference\0.34.30\flexmark-ext-enumerated-reference-0.34.30.jar;C:\Users\ASUS\.m2\repository\com\vladsch\flexmark\flexmark-ext-escaped-character\0.34.30\flexmark-ext-escaped-character-0.34.30.jar;C:\Users\ASUS\.m2\repository\com\vladsch\flexmark\flexmark-ext-footnotes\0.34.30\flexmark-ext-footnotes-0.34.30.jar;C:\Users\ASUS\.m2\repository\com\vladsch\flexmark\flexmark-ext-gfm-issues\0.34.30\flexmark-ext-gfm-issues-0.34.30.jar;C:\Users\ASUS\.m2\repository\com\vladsch\flexmark\flexmark-ext-gfm-strikethrough\0.34.30\flexmark-ext-gfm-strikethrough-0.34.30.jar;C:\Users\ASUS\.m2\repository\com\vladsch\flexmark\flexmark-ext-gfm-tables\0.34.30\flexmark-ext-gfm-tables-0.34.30.jar;C:\Users\ASUS\.m2\repository\com\vladsch\flexmark\flexmark-ext-gfm-tasklist\0.34.30\flexmark-ext-gfm-tasklist-0.34.30.jar;C:\Users\ASUS\.m2\repository\com\vladsch\flexmark\flexmark-ext-gfm-users\0.34.30\flexmark-ext-gfm-users-0.34.30.jar;C:\Users\ASUS\.m2\repository\com\vladsch\flexmark\flexmark-ext-gitlab\0.34.30\flexmark-ext-gitlab-0.34.30.jar;C:\Users\ASUS\.m2\repository\com\vladsch\flexmark\flexmark-ext-jekyll-front-matter\0.34.30\flexmark-ext-jekyll-front-matter-0.34.30.jar;C:\Users\ASUS\.m2\repository\com\vladsch\flexmark\flexmark-ext-jekyll-tag\0.34.30\flexmark-ext-jekyll-tag-0.34.30.jar;C:\Users\ASUS\.m2\repository\com\vladsch\flexmark\flexmark-ext-media-tags\0.34.30\flexmark-ext-media-tags-0.34.30.jar;C:\Users\ASUS\.m2\repository\com\vladsch\flexmark\flexmark-test-util\0.34.30\flexmark-test-util-0.34.30.jar;C:\Users\ASUS\.m2\repository\com\vladsch\flexmark\flexmark-ext-ins\0.34.30\flexmark-ext-ins-0.34.30.jar;C:\Users\ASUS\.m2\repository\com\vladsch\flexmark\flexmark-ext-xwiki-macros\0.34.30\flexmark-ext-xwiki-macros-0.34.30.jar;C:\Users\ASUS\.m2\repository\com\vladsch\flexmark\flexmark-ext-superscript\0.34.30\flexmark-ext-superscript-0.34.30.jar;C:\Users\ASUS\.m2\repository\com\vladsch\flexmark\flexmark-ext-tables\0.34.30\flexmark-ext-tables-0.34.30.jar;C:\Users\ASUS\.m2\repository\com\vladsch\flexmark\flexmark-ext-toc\0.34.30\flexmark-ext-toc-0.34.30.jar;C:\Users\ASUS\.m2\repository\com\vladsch\flexmark\flexmark-ext-typographic\0.34.30\flexmark-ext-typographic-0.34.30.jar;C:\Users\ASUS\.m2\repository\com\vladsch\flexmark\flexmark-ext-wikilink\0.34.30\flexmark-ext-wikilink-0.34.30.jar;C:\Users\ASUS\.m2\repository\com\vladsch\flexmark\flexmark-ext-yaml-front-matter\0.34.30\flexmark-ext-yaml-front-matter-0.34.30.jar;C:\Users\ASUS\.m2\repository\com\vladsch\flexmark\flexmark-ext-youtube-embedded\0.34.30\flexmark-ext-youtube-embedded-0.34.30.jar;C:\Users\ASUS\.m2\repository\com\vladsch\flexmark\flexmark-formatter\0.34.30\flexmark-formatter-0.34.30.jar;C:\Users\ASUS\.m2\repository\com\vladsch\flexmark\flexmark-html-parser\0.34.30\flexmark-html-parser-0.34.30.jar;C:\Users\ASUS\.m2\repository\com\vladsch\flexmark\flexmark-jira-converter\0.34.30\flexmark-jira-converter-0.34.30.jar;C:\Users\ASUS\.m2\repository\com\vladsch\flexmark\flexmark-pdf-converter\0.34.30\flexmark-pdf-converter-0.34.30.jar;C:\Users\ASUS\.m2\repository\com\openhtmltopdf\openhtmltopdf-core\0.0.1-RC13\openhtmltopdf-core-0.0.1-RC13.jar;C:\Users\ASUS\.m2\repository\com\openhtmltopdf\openhtmltopdf-pdfbox\0.0.1-RC13\openhtmltopdf-pdfbox-0.0.1-RC13.jar;C:\Users\ASUS\.m2\repository\org\apache\pdfbox\pdfbox\2.0.8\pdfbox-2.0.8.jar;C:\Users\ASUS\.m2\repository\org\apache\pdfbox\fontbox\2.0.8\fontbox-2.0.8.jar;C:\Users\ASUS\.m2\repository\org\apache\pdfbox\xmpbox\2.0.8\xmpbox-2.0.8.jar;C:\Users\ASUS\.m2\repository\de\rototor\pdfbox\graphics2d\0.12\graphics2d-0.12.jar;C:\Users\ASUS\.m2\repository\com\openhtmltopdf\openhtmltopdf-rtl-support\0.0.1-RC13\openhtmltopdf-rtl-support-0.0.1-RC13.jar;C:\Users\ASUS\.m2\repository\com\ibm\icu\icu4j\59.1\icu4j-59.1.jar;C:\Users\ASUS\.m2\repository\com\openhtmltopdf\openhtmltopdf-jsoup-dom-converter\0.0.1-RC13\openhtmltopdf-jsoup-dom-converter-0.0.1-RC13.jar;C:\Users\ASUS\.m2\repository\com\vladsch\flexmark\flexmark-profile-pegdown\0.34.30\flexmark-profile-pegdown-0.34.30.jar;C:\Users\ASUS\.m2\repository\com\vladsch\flexmark\flexmark-util\0.34.30\flexmark-util-0.34.30.jar;C:\Users\ASUS\.m2\repository\com\vladsch\flexmark\flexmark-youtrack-converter\0.34.30\flexmark-youtrack-converter-0.34.30.jar;C:\Users\ASUS\.m2\repository\es\nitaur\markdown\txtmark\0.16\txtmark-0.16.jar;C:\Users\ASUS\.m2\repository\net\serenity-bdd\serenity-report-resources\3.2.1\serenity-report-resources-3.2.1.jar;C:\Users\ASUS\.m2\repository\com\google\code\gson\gson\2.9.0\gson-2.9.0.jar;C:\Users\ASUS\.m2\repository\com\fasterxml\jackson\core\jackson-core\2.13.2\jackson-core-2.13.2.jar;C:\Users\ASUS\.m2\repository\com\fasterxml\jackson\core\jackson-databind\2.13.2\jackson-databind-2.13.2.jar;C:\Users\ASUS\.m2\repository\com\fasterxml\jackson\core\jackson-annotations\2.13.2\jackson-annotations-2.13.2.jar;C:\Users\ASUS\.m2\repository\commons-codec\commons-codec\1.15\commons-codec-1.15.jar;C:\Users\ASUS\.m2\repository\commons-io\commons-io\2.11.0\commons-io-2.11.0.jar;C:\Users\ASUS\.m2\repository\org\seleniumhq\selenium\selenium-java\4.1.2\selenium-java-4.1.2.jar;C:\Users\ASUS\.m2\repository\org\seleniumhq\selenium\selenium-devtools-v85\4.1.2\selenium-devtools-v85-4.1.2.jar;C:\Users\ASUS\.m2\repository\org\seleniumhq\selenium\selenium-devtools-v95\4.1.2\selenium-devtools-v95-4.1.2.jar;C:\Users\ASUS\.m2\repository\org\seleniumhq\selenium\selenium-devtools-v96\4.1.2\selenium-devtools-v96-4.1.2.jar;C:\Users\ASUS\.m2\repository\org\seleniumhq\selenium\selenium-devtools-v97\4.1.2\selenium-devtools-v97-4.1.2.jar;C:\Users\ASUS\.m2\repository\org\seleniumhq\selenium\selenium-firefox-xpi-driver\4.1.2\selenium-firefox-xpi-driver-4.1.2.jar;C:\Users\ASUS\.m2\repository\org\seleniumhq\selenium\selenium-opera-driver\4.1.2\selenium-opera-driver-4.1.2.jar;C:\Users\ASUS\.m2\repository\org\seleniumhq\selenium\selenium-remote-driver\4.1.2\selenium-remote-driver-4.1.2.jar;C:\Users\ASUS\.m2\repository\com\beust\jcommander\1.82\jcommander-1.82.jar;C:\Users\ASUS\.m2\repository\io\netty\netty-buffer\4.1.73.Final\netty-buffer-4.1.73.Final.jar;C:\Users\ASUS\.m2\repository\io\netty\netty-codec-http\4.1.73.Final\netty-codec-http-4.1.73.Final.jar;C:\Users\ASUS\.m2\repository\io\netty\netty-codec\4.1.73.Final\netty-codec-4.1.73.Final.jar;C:\Users\ASUS\.m2\repository\io\netty\netty-handler\4.1.73.Final\netty-handler-4.1.73.Final.jar;C:\Users\ASUS\.m2\repository\io\netty\netty-tcnative-classes\2.0.46.Final\netty-tcnative-classes-2.0.46.Final.jar;C:\Users\ASUS\.m2\repository\io\netty\netty-common\4.1.73.Final\netty-common-4.1.73.Final.jar;C:\Users\ASUS\.m2\repository\io\netty\netty-transport-classes-epoll\4.1.73.Final\netty-transport-classes-epoll-4.1.73.Final.jar;C:\Users\ASUS\.m2\repository\io\netty\netty-transport-classes-kqueue\4.1.73.Final\netty-transport-classes-kqueue-4.1.73.Final.jar;C:\Users\ASUS\.m2\repository\io\netty\netty-transport-native-epoll\4.1.73.Final\netty-transport-native-epoll-4.1.73.Final.jar;C:\Users\ASUS\.m2\repository\io\netty\netty-transport-native-kqueue\4.1.73.Final\netty-transport-native-kqueue-4.1.73.Final.jar;C:\Users\ASUS\.m2\repository\io\netty\netty-transport-native-unix-common\4.1.73.Final\netty-transport-native-unix-common-4.1.73.Final.jar;C:\Users\ASUS\.m2\repository\io\netty\netty-transport\4.1.73.Final\netty-transport-4.1.73.Final.jar;C:\Users\ASUS\.m2\repository\io\netty\netty-resolver\4.1.73.Final\netty-resolver-4.1.73.Final.jar;C:\Users\ASUS\.m2\repository\io\opentelemetry\opentelemetry-api\1.10.1\opentelemetry-api-1.10.1.jar;C:\Users\ASUS\.m2\repository\io\opentelemetry\opentelemetry-context\1.10.1\opentelemetry-context-1.10.1.jar;C:\Users\ASUS\.m2\repository\io\opentelemetry\opentelemetry-exporter-logging\1.10.1\opentelemetry-exporter-logging-1.10.1.jar;C:\Users\ASUS\.m2\repository\io\opentelemetry\opentelemetry-sdk-metrics\1.10.1-alpha\opentelemetry-sdk-metrics-1.10.1-alpha.jar;C:\Users\ASUS\.m2\repository\io\opentelemetry\opentelemetry-sdk-logs\1.10.1-alpha\opentelemetry-sdk-logs-1.10.1-alpha.jar;C:\Users\ASUS\.m2\repository\io\opentelemetry\opentelemetry-sdk-common\1.10.1\opentelemetry-sdk-common-1.10.1.jar;C:\Users\ASUS\.m2\repository\io\opentelemetry\opentelemetry-sdk-extension-autoconfigure-spi\1.10.1\opentelemetry-sdk-extension-autoconfigure-spi-1.10.1.jar;C:\Users\ASUS\.m2\repository\io\opentelemetry\opentelemetry-sdk-extension-autoconfigure\1.10.1-alpha\opentelemetry-sdk-extension-autoconfigure-1.10.1-alpha.jar;C:\Users\ASUS\.m2\repository\io\opentelemetry\opentelemetry-sdk-trace\1.10.1\opentelemetry-sdk-trace-1.10.1.jar;C:\Users\ASUS\.m2\repository\io\opentelemetry\opentelemetry-sdk\1.10.1\opentelemetry-sdk-1.10.1.jar;C:\Users\ASUS\.m2\repository\io\opentelemetry\opentelemetry-semconv\1.10.1-alpha\opentelemetry-semconv-1.10.1-alpha.jar;C:\Users\ASUS\.m2\repository\io\ous\jtoml\2.0.0\jtoml-2.0.0.jar;C:\Users\ASUS\.m2\repository\org\apache\commons\commons-exec\1.3\commons-exec-1.3.jar;C:\Users\ASUS\.m2\repository\org\asynchttpclient\async-http-client\2.12.3\async-http-client-2.12.3.jar;C:\Users\ASUS\.m2\repository\org\asynchttpclient\async-http-client-netty-utils\2.12.3\async-http-client-netty-utils-2.12.3.jar;C:\Users\ASUS\.m2\repository\io\netty\netty-codec-socks\4.1.60.Final\netty-codec-socks-4.1.60.Final.jar;C:\Users\ASUS\.m2\repository\io\netty\netty-handler-proxy\4.1.60.Final\netty-handler-proxy-4.1.60.Final.jar;C:\Users\ASUS\.m2\repository\io\netty\netty-transport-native-epoll\4.1.60.Final\netty-transport-native-epoll-4.1.60.Final-linux-x86_64.jar;C:\Users\ASUS\.m2\repository\io\netty\netty-transport-native-kqueue\4.1.60.Final\netty-transport-native-kqueue-4.1.60.Final-osx-x86_64.jar;C:\Users\ASUS\.m2\repository\org\reactivestreams\reactive-streams\1.0.3\reactive-streams-1.0.3.jar;C:\Users\ASUS\.m2\repository\com\typesafe\netty\netty-reactive-streams\2.0.4\netty-reactive-streams-2.0.4.jar;C:\Users\ASUS\.m2\repository\org\seleniumhq\selenium\selenium-http\4.1.2\selenium-http-4.1.2.jar;C:\Users\ASUS\.m2\repository\net\jodah\failsafe\2.4.4\failsafe-2.4.4.jar;C:\Users\ASUS\.m2\repository\org\seleniumhq\selenium\selenium-safari-driver\4.1.2\selenium-safari-driver-4.1.2.jar;C:\Users\ASUS\.m2\repository\org\seleniumhq\selenium\selenium-api\4.1.2\selenium-api-4.1.2.jar;C:\Users\ASUS\.m2\repository\org\seleniumhq\selenium\selenium-support\4.1.2\selenium-support-4.1.2.jar;C:\Users\ASUS\.m2\repository\com\google\auto\service\auto-service-annotations\1.0.1\auto-service-annotations-1.0.1.jar;C:\Users\ASUS\.m2\repository\com\google\auto\service\auto-service\1.0.1\auto-service-1.0.1.jar;C:\Users\ASUS\.m2\repository\com\google\auto\auto-common\1.2\auto-common-1.2.jar;C:\Users\ASUS\.m2\repository\org\seleniumhq\selenium\selenium-json\4.1.2\selenium-json-4.1.2.jar;C:\Users\ASUS\.m2\repository\org\seleniumhq\selenium\selenium-chrome-driver\4.1.2\selenium-chrome-driver-4.1.2.jar;C:\Users\ASUS\.m2\repository\org\seleniumhq\selenium\selenium-chromium-driver\4.1.2\selenium-chromium-driver-4.1.2.jar;C:\Users\ASUS\.m2\repository\org\seleniumhq\selenium\selenium-firefox-driver\4.1.2\selenium-firefox-driver-4.1.2.jar;C:\Users\ASUS\.m2\repository\org\seleniumhq\selenium\selenium-edge-driver\4.1.2\selenium-edge-driver-4.1.2.jar;C:\Users\ASUS\.m2\repository\org\seleniumhq\selenium\selenium-ie-driver\4.1.2\selenium-ie-driver-4.1.2.jar;C:\Users\ASUS\.m2\repository\org\projectlombok\lombok\1.18.20\lombok-1.18.20.jar;C:\Users\ASUS\.m2\repository\io\appium\java-client\8.0.0\java-client-8.0.0.jar;C:\Users\ASUS\.m2\repository\commons-validator\commons-validator\1.7\commons-validator-1.7.jar;C:\Users\ASUS\.m2\repository\commons-digester\commons-digester\2.1\commons-digester-2.1.jar;C:\Users\ASUS\.m2\repository\org\aspectj\aspectjweaver\1.9.8\aspectjweaver-1.9.8.jar;C:\Users\ASUS\.m2\repository\net\sf\opencsv\opencsv\2.0\opencsv-2.0.jar;C:\Users\ASUS\.m2\repository\commons-beanutils\commons-beanutils\1.9.4\commons-beanutils-1.9.4.jar;C:\Users\ASUS\.m2\repository\org\apache\commons\commons-lang3\3.12.0\commons-lang3-3.12.0.jar;C:\Users\ASUS\.m2\repository\commons-collections\commons-collections\3.2.2\commons-collections-3.2.2.jar;C:\Users\ASUS\.m2\repository\org\fluentlenium\fluentlenium-core\0.10.2\fluentlenium-core-0.10.2.jar;C:\Users\ASUS\.m2\repository\io\github\bonigarcia\webdrivermanager\5.1.0\webdrivermanager-5.1.0.jar;C:\Users\ASUS\.m2\repository\com\github\docker-java\docker-java\3.2.13\docker-java-3.2.13.jar;C:\Users\ASUS\.m2\repository\com\github\docker-java\docker-java-core\3.2.13\docker-java-core-3.2.13.jar;C:\Users\ASUS\.m2\repository\com\github\docker-java\docker-java-api\3.2.13\docker-java-api-3.2.13.jar;C:\Users\ASUS\.m2\repository\org\apache\commons\commons-compress\1.21\commons-compress-1.21.jar;C:\Users\ASUS\.m2\repository\org\bouncycastle\bcpkix-jdk15on\1.64\bcpkix-jdk15on-1.64.jar;C:\Users\ASUS\.m2\repository\org\bouncycastle\bcprov-jdk15on\1.64\bcprov-jdk15on-1.64.jar;C:\Users\ASUS\.m2\repository\org\slf4j\jcl-over-slf4j\1.7.30\jcl-over-slf4j-1.7.30.jar;C:\Users\ASUS\.m2\repository\com\github\docker-java\docker-java-transport-httpclient5\3.2.13\docker-java-transport-httpclient5-3.2.13.jar;C:\Users\ASUS\.m2\repository\com\github\docker-java\docker-java-transport\3.2.13\docker-java-transport-3.2.13.jar;C:\Users\ASUS\.m2\repository\org\apache\httpcomponents\client5\httpclient5\5.0.3\httpclient5-5.0.3.jar;C:\Users\ASUS\.m2\repository\org\apache\httpcomponents\core5\httpcore5\5.0.2\httpcore5-5.0.2.jar;C:\Users\ASUS\.m2\repository\net\java\dev\jna\jna\5.8.0\jna-5.8.0.jar;C:\Users\ASUS\.m2\repository\org\brotli\dec\0.1.2\dec-0.1.2.jar;C:\Users\ASUS\.m2\repository\com\jhlabs\filters\2.0.235\filters-2.0.235.jar;C:\Users\ASUS\.m2\repository\com\paulhammant\ngwebdriver\1.1.6\ngwebdriver-1.1.6.jar;C:\Users\ASUS\.m2\repository\joda-time\joda-time\2.8.2\joda-time-2.8.2.jar;C:\Users\ASUS\.m2\repository\org\hamcrest\hamcrest\2.2\hamcrest-2.2.jar;C:\Users\ASUS\.m2\repository\com\google\jimfs\jimfs\1.2\jimfs-1.2.jar;C:\Users\ASUS\.m2\repository\org\mockito\mockito-core\3.3.3\mockito-core-3.3.3.jar;C:\Users\ASUS\.m2\repository\javax\xml\bind\jaxb-api\2.3.1\jaxb-api-2.3.1.jar;C:\Users\ASUS\.m2\repository\javax\activation\javax.activation-api\1.2.0\javax.activation-api-1.2.0.jar;C:\Users\ASUS\.m2\repository\com\sun\xml\bind\jaxb-core\2.3.0.1\jaxb-core-2.3.0.1.jar;C:\Users\ASUS\.m2\repository\com\sun\xml\bind\jaxb-impl\2.3.3\jaxb-impl-2.3.3.jar;C:\Users\ASUS\.m2\repository\jakarta\xml\bind\jakarta.xml.bind-api\2.3.3\jakarta.xml.bind-api-2.3.3.jar;C:\Users\ASUS\.m2\repository\com\sun\activation\jakarta.activation\1.2.2\jakarta.activation-1.2.2.jar;C:\Users\ASUS\.m2\repository\javax\activation\activation\1.1.1\activation-1.1.1.jar;C:\Users\ASUS\.m2\repository\net\serenity-bdd\serenity-cucumber\3.2.1\serenity-cucumber-3.2.1.jar;C:\Users\ASUS\.m2\repository\io\cucumber\cucumber-core\7.2.3\cucumber-core-7.2.3.jar;C:\Users\ASUS\.m2\repository\io\cucumber\cucumber-gherkin\7.2.3\cucumber-gherkin-7.2.3.jar;C:\Users\ASUS\.m2\repository\io\cucumber\cucumber-gherkin-messages\7.2.3\cucumber-gherkin-messages-7.2.3.jar;C:\Users\ASUS\.m2\repository\io\cucumber\messages\17.1.1\messages-17.1.1.jar;C:\Users\ASUS\.m2\repository\io\cucumber\tag-expressions\4.1.0\tag-expressions-4.1.0.jar;C:\Users\ASUS\.m2\repository\io\cucumber\cucumber-expressions\15.0.1\cucumber-expressions-15.0.1.jar;C:\Users\ASUS\.m2\repository\io\cucumber\datatable\7.2.3\datatable-7.2.3.jar;C:\Users\ASUS\.m2\repository\io\cucumber\cucumber-plugin\7.2.3\cucumber-plugin-7.2.3.jar;C:\Users\ASUS\.m2\repository\io\cucumber\docstring\7.2.3\docstring-7.2.3.jar;C:\Users\ASUS\.m2\repository\io\cucumber\html-formatter\17.0.0\html-formatter-17.0.0.jar;C:\Users\ASUS\.m2\repository\io\cucumber\ci-environment\8.1.0\ci-environment-8.1.0.jar;C:\Users\ASUS\.m2\repository\io\cucumber\cucumber-junit\7.2.3\cucumber-junit-7.2.3.jar;C:\Users\ASUS\.m2\repository\org\apache\commons\commons-csv\1.5\commons-csv-1.5.jar;C:\Users\ASUS\.m2\repository\net\serenity-bdd\serenity-screenplay\3.2.1\serenity-screenplay-3.2.1.jar;C:\Users\ASUS\.m2\repository\net\serenity-bdd\serenity-screenplay-webdriver\3.2.1\serenity-screenplay-webdriver-3.2.1.jar;C:\Users\ASUS\.m2\repository\net\serenity-bdd\serenity-ensure\3.2.1\serenity-ensure-3.2.1.jar;C:\Users\ASUS\.m2\repository\net\serenity-bdd\serenity-junit\3.2.1\serenity-junit-3.2.1.jar;C:\Users\ASUS\.m2\repository\org\jetbrains\kotlin\kotlin-stdlib\1.6.0\kotlin-stdlib-1.6.0.jar;C:\Users\ASUS\.m2\repository\org\jetbrains\annotations\13.0\annotations-13.0.jar;C:\Users\ASUS\.m2\repository\org\jetbrains\kotlin\kotlin-stdlib-common\1.6.0\kotlin-stdlib-common-1.6.0.jar;C:\Users\ASUS\.m2\repository\org\junit\platform\junit-platform-launcher\1.8.2\junit-platform-launcher-1.8.2.jar;C:\Users\ASUS\.m2\repository\org\junit\platform\junit-platform-engine\1.8.2\junit-platform-engine-1.8.2.jar;C:\Users\ASUS\.m2\repository\org\junit\platform\junit-platform-commons\1.8.2\junit-platform-commons-1.8.2.jar;C:\Users\ASUS\.m2\repository\org\apiguardian\apiguardian-api\1.1.2\apiguardian-api-1.1.2.jar;C:\Users\ASUS\.m2\repository\org\junit\jupiter\junit-jupiter-engine\5.8.2\junit-jupiter-engine-5.8.2.jar;C:\Users\ASUS\.m2\repository\org\junit\jupiter\junit-jupiter-api\5.8.2\junit-jupiter-api-5.8.2.jar;C:\Users\ASUS\.m2\repository\org\junit\vintage\junit-vintage-engine\5.8.2\junit-vintage-engine-5.8.2.jar;C:\Users\ASUS\.m2\repository\junit\junit\4.13.2\junit-4.13.2.jar;C:\Users\ASUS\.m2\repository\org\hamcrest\hamcrest-core\1.3\hamcrest-core-1.3.jar;C:\Users\ASUS\.m2\repository\ch\qos\logback\logback-classic\1.2.11\logback-classic-1.2.11.jar;C:\Users\ASUS\.m2\repository\ch\qos\logback\logback-core\1.2.11\logback-core-1.2.11.jar;C:\Users\ASUS\.m2\repository\org\slf4j\slf4j-api\1.7.32\slf4j-api-1.7.32.jar;C:\Users\ASUS\.m2\repository\org\assertj\assertj-core\3.22.0\assertj-core-3.22.0.jar;C:\Users\ASUS\.m2\repository\net\serenity-bdd\serenity-rest-assured\3.2.1\serenity-rest-assured-3.2.1.jar;C:\Users\ASUS\.m2\repository\org\apache\httpcomponents\httpclient\4.5.13\httpclient-4.5.13.jar;C:\Users\ASUS\.m2\repository\org\apache\httpcomponents\httpcore\4.4.13\httpcore-4.4.13.jar;C:\Users\ASUS\.m2\repository\commons-logging\commons-logging\1.2\commons-logging-1.2.jar;C:\Users\ASUS\.m2\repository\org\codehaus\groovy\groovy-json\3.0.10\groovy-json-3.0.10.jar;C:\Users\ASUS\.m2\repository\org\opentest4j\opentest4j\1.2.0\opentest4j-1.2.0.jar;C:\Users\ASUS\.m2\repository\org\apache\maven\plugins\maven-surefire-plugin\3.0.0-M5\maven-surefire-plugin-3.0.0-M5.jar;C:\Users\ASUS\.m2\repository\org\apache\maven\surefire\maven-surefire-common\3.0.0-M5\maven-surefire-common-3.0.0-M5.jar;C:\Users\ASUS\.m2\repository\org\apache\maven\surefire\surefire-api\3.0.0-M5\surefire-api-3.0.0-M5.jar;C:\Users\ASUS\.m2\repository\org\apache\maven\surefire\surefire-logger-api\3.0.0-M5\surefire-logger-api-3.0.0-M5.jar;C:\Users\ASUS\.m2\repository\org\apache\maven\surefire\surefire-extensions-api\3.0.0-M5\surefire-extensions-api-3.0.0-M5.jar;C:\Users\ASUS\.m2\repository\org\apache\maven\surefire\surefire-booter\3.0.0-M5\surefire-booter-3.0.0-M5.jar;C:\Users\ASUS\.m2\repository\org\apache\maven\surefire\surefire-extensions-spi\3.0.0-M5\surefire-extensions-spi-3.0.0-M5.jar;C:\Users\ASUS\.m2\repository\org\apache\maven\maven-toolchain\3.0-alpha-2\maven-toolchain-3.0-alpha-2.jar;C:\Users\ASUS\.m2\repository\org\apache\maven\shared\maven-artifact-transfer\0.11.0\maven-artifact-transfer-0.11.0.jar;C:\Users\ASUS\.m2\repository\org\apache\maven\shared\maven-common-artifact-filters\3.0.1\maven-common-artifact-filters-3.0.1.jar;C:\Users\ASUS\.m2\repository\org\apache\maven\maven-model\3.0\maven-model-3.0.jar;C:\Users\ASUS\.m2\repository\org\apache\maven\maven-plugin-api\3.0\maven-plugin-api-3.0.jar;C:\Users\ASUS\.m2\repository\org\sonatype\sisu\sisu-inject-plexus\1.4.2\sisu-inject-plexus-1.4.2.jar;C:\Users\ASUS\.m2\repository\org\codehaus\plexus\plexus-classworlds\2.2.3\plexus-classworlds-2.2.3.jar;C:\Users\ASUS\.m2\repository\org\sonatype\sisu\sisu-inject-bean\1.4.2\sisu-inject-bean-1.4.2.jar;C:\Users\ASUS\.m2\repository\org\sonatype\sisu\sisu-guice\2.1.7\sisu-guice-2.1.7-noaop.jar;C:\Users\ASUS\.m2\repository\org\apache\maven\shared\maven-shared-utils\3.1.0\maven-shared-utils-3.1.0.jar;C:\Users\ASUS\.m2\repository\org\codehaus\plexus\plexus-java\1.0.5\plexus-java-1.0.5.jar;C:\Users\ASUS\.m2\repository\org\ow2\asm\asm\7.2\asm-7.2.jar;C:\Users\ASUS\.m2\repository\com\thoughtworks\qdox\qdox\2.0-M9\qdox-2.0-M9.jar;C:\Users\ASUS\.m2\repository\org\apache\maven\surefire\surefire-shared-utils\3.0.0-M4\surefire-shared-utils-3.0.0-M4.jar;C:\Users\ASUS\.m2\repository\io\rest-assured\rest-assured\4.5.1\rest-assured-4.5.1.jar;C:\Users\ASUS\.m2\repository\org\apache\httpcomponents\httpmime\4.5.13\httpmime-4.5.13.jar;C:\Users\ASUS\.m2\repository\org\ccil\cowan\tagsoup\tagsoup\1.2.1\tagsoup-1.2.1.jar;C:\Users\ASUS\.m2\repository\io\rest-assured\json-path\4.5.1\json-path-4.5.1.jar;C:\Users\ASUS\.m2\repository\io\rest-assured\rest-assured-common\4.5.1\rest-assured-common-4.5.1.jar;C:\Users\ASUS\.m2\repository\io\rest-assured\xml-path\4.5.1\xml-path-4.5.1.jar;C:\Users\ASUS\.m2\repository\org\codehaus\groovy\groovy\3.0.10\groovy-3.0.10.jar;C:\Users\ASUS\.m2\repository\org\codehaus\groovy\groovy-xml\3.0.10\groovy-xml-3.0.10.jar;C:\Users\ASUS\.m2\repository\com\googlecode\json-simple\json-simple\1.1.1\json-simple-1.1.1.jar;C:\Users\ASUS\.m2\repository\com\github\javafaker\javafaker\1.0.2\javafaker-1.0.2.jar;C:\Users\ASUS\.m2\repository\org\yaml\snakeyaml\1.23\snakeyaml-1.23-android.jar;C:\Users\ASUS\.m2\repository\com\github\mifmif\generex\1.0.2\generex-1.0.2.jar;C:\Users\ASUS\.m2\repository\dk\brics\automaton\automaton\1.11-8\automaton-1.11-8.jar;"/>
    <property name="sun.cpu.endian" value="little"/>
    <property name="user.home" value="C:\Users\ASUS"/>
    <property name="user.language" value="en"/>
    <property name="java.specification.vendor" value="Oracle Corporation"/>
    <property name="jdk.module.path" value="D:\Kel-1-capstone\TestingWeb\target\TestingWeb-1.0-SNAPSHOT.jar"/>
    <property name="java.version.date" value="2022-01-18"/>
    <property name="java.home" value="C:\Program Files\Java\jdk-11.0.14"/>
    <property name="file.separator" value="\"/>
    <property name="basedir" value="D:\Kel-1-capstone\TestingWeb"/>
    <property name="java.vm.compressedOopsMode" value="Zero based"/>
    <property name="line.separator" value="&#10;"/>
    <property name="java.specification.name" value="Java Platform API Specification"/>
    <property name="java.vm.specification.vendor" value="Oracle Corporation"/>
    <property name="java.awt.graphicsenv" value="sun.awt.Win32GraphicsEnvironment"/>
    <property name="surefire.real.class.path" value="C:\Users\ASUS\.m2\repository\org\apache\maven\surefire\surefire-booter\3.0.0-M5\surefire-booter-3.0.0-M5.jar;C:\Users\ASUS\.m2\repository\org\apache\maven\surefire\surefire-api\3.0.0-M5\surefire-api-3.0.0-M5.jar;C:\Users\ASUS\.m2\repository\org\apache\maven\surefire\surefire-logger-api\3.0.0-M5\surefire-logger-api-3.0.0-M5.jar;C:\Users\ASUS\.m2\repository\org\apache\maven\surefire\surefire-shared-utils\3.0.0-M4\surefire-shared-utils-3.0.0-M4.jar;C:\Users\ASUS\.m2\repository\org\apache\maven\surefire\surefire-extensions-spi\3.0.0-M5\surefire-extensions-spi-3.0.0-M5.jar;D:\Kel-1-capstone\TestingWeb\target\test-classes;C:\Users\ASUS\.m2\repository\net\serenity-bdd\serenity-core\3.2.1\serenity-core-3.2.1.jar;C:\Users\ASUS\.m2\repository\net\serenity-bdd\serenity-model\3.2.1\serenity-model-3.2.1.jar;C:\Users\ASUS\.m2\repository\org\apache\commons\commons-text\1.9\commons-text-1.9.jar;C:\Users\ASUS\.m2\repository\commons-net\commons-net\3.8.0\commons-net-3.8.0.jar;C:\Users\ASUS\.m2\repository\com\google\guava\guava\31.1-jre\guava-31.1-jre.jar;C:\Users\ASUS\.m2\repository\com\google\guava\failureaccess\1.0.1\failureaccess-1.0.1.jar;C:\Users\ASUS\.m2\repository\com\google\guava\listenablefuture\9999.0-empty-to-avoid-conflict-with-guava\listenablefuture-9999.0-empty-to-avoid-conflict-with-guava.jar;C:\Users\ASUS\.m2\repository\com\google\code\findbugs\jsr305\3.0.2\jsr305-3.0.2.jar;C:\Users\ASUS\.m2\repository\org\checkerframework\checker-qual\3.12.0\checker-qual-3.12.0.jar;C:\Users\ASUS\.m2\repository\com\google\errorprone\error_prone_annotations\2.11.0\error_prone_annotations-2.11.0.jar;C:\Users\ASUS\.m2\repository\com\google\j2objc\j2objc-annotations\1.3\j2objc-annotations-1.3.jar;C:\Users\ASUS\.m2\repository\com\google\inject\guice\5.1.0\guice-5.1.0.jar;C:\Users\ASUS\.m2\repository\javax\inject\javax.inject\1\javax.inject-1.jar;C:\Users\ASUS\.m2\repository\aopalliance\aopalliance\1.0\aopalliance-1.0.jar;C:\Users\ASUS\.m2\repository\org\jsoup\jsoup\1.14.3\jsoup-1.14.3.jar;C:\Users\ASUS\.m2\repository\com\thoughtworks\xstream\xstream\1.4.19\xstream-1.4.19.jar;C:\Users\ASUS\.m2\repository\io\github\x-stream\mxparser\1.2.2\mxparser-1.2.2.jar;C:\Users\ASUS\.m2\repository\xmlpull\xmlpull\1.1.3.1\xmlpull-1.1.3.1.jar;C:\Users\ASUS\.m2\repository\io\cucumber\cucumber-java\7.2.3\cucumber-java-7.2.3.jar;C:\Users\ASUS\.m2\repository\com\typesafe\config\1.4.2\config-1.4.2.jar;C:\Users\ASUS\.m2\repository\org\imgscalr\imgscalr-lib\4.2\imgscalr-lib-4.2.jar;C:\Users\ASUS\.m2\repository\org\awaitility\awaitility\4.2.0\awaitility-4.2.0.jar;C:\Users\ASUS\.m2\repository\org\freemarker\freemarker\2.3.31\freemarker-2.3.31.jar;C:\Users\ASUS\.m2\repository\io\github\classgraph\classgraph\4.8.138\classgraph-4.8.138.jar;C:\Users\ASUS\.m2\repository\net\sourceforge\jexcelapi\jxl\2.6.12\jxl-2.6.12.jar;C:\Users\ASUS\.m2\repository\net\bytebuddy\byte-buddy\1.12.8\byte-buddy-1.12.8.jar;C:\Users\ASUS\.m2\repository\net\bytebuddy\byte-buddy-agent\1.12.8\byte-buddy-agent-1.12.8.jar;C:\Users\ASUS\.m2\repository\org\objenesis\objenesis\3.1\objenesis-3.1.jar;C:\Users\ASUS\.m2\repository\net\serenity-bdd\serenity-reports\3.2.1\serenity-reports-3.2.1.jar;C:\Users\ASUS\.m2\repository\net\serenity-bdd\serenity-stats\3.2.1\serenity-stats-3.2.1.jar;C:\Users\ASUS\.m2\repository\net\serenity-bdd\serenity-reports-configuration\3.2.1\serenity-reports-configuration-3.2.1.jar;C:\Users\ASUS\.m2\repository\com\vladsch\flexmark\flexmark-all\0.34.30\flexmark-all-0.34.30.jar;C:\Users\ASUS\.m2\repository\com\vladsch\flexmark\flexmark\0.34.30\flexmark-0.34.30.jar;C:\Users\ASUS\.m2\repository\com\vladsch\flexmark\flexmark-ext-abbreviation\0.34.30\flexmark-ext-abbreviation-0.34.30.jar;C:\Users\ASUS\.m2\repository\com\vladsch\flexmark\flexmark-ext-admonition\0.34.30\flexmark-ext-admonition-0.34.30.jar;C:\Users\ASUS\.m2\repository\com\vladsch\flexmark\flexmark-ext-anchorlink\0.34.30\flexmark-ext-anchorlink-0.34.30.jar;C:\Users\ASUS\.m2\repository\com\vladsch\flexmark\flexmark-ext-aside\0.34.30\flexmark-ext-aside-0.34.30.jar;C:\Users\ASUS\.m2\repository\com\vladsch\flexmark\flexmark-ext-attributes\0.34.30\flexmark-ext-attributes-0.34.30.jar;C:\Users\ASUS\.m2\repository\com\vladsch\flexmark\flexmark-ext-autolink\0.34.30\flexmark-ext-autolink-0.34.30.jar;C:\Users\ASUS\.m2\repository\org\nibor\autolink\autolink\0.6.0\autolink-0.6.0.jar;C:\Users\ASUS\.m2\repository\com\vladsch\flexmark\flexmark-ext-definition\0.34.30\flexmark-ext-definition-0.34.30.jar;C:\Users\ASUS\.m2\repository\com\vladsch\flexmark\flexmark-ext-emoji\0.34.30\flexmark-ext-emoji-0.34.30.jar;C:\Users\ASUS\.m2\repository\com\vladsch\flexmark\flexmark-ext-enumerated-reference\0.34.30\flexmark-ext-enumerated-reference-0.34.30.jar;C:\Users\ASUS\.m2\repository\com\vladsch\flexmark\flexmark-ext-escaped-character\0.34.30\flexmark-ext-escaped-character-0.34.30.jar;C:\Users\ASUS\.m2\repository\com\vladsch\flexmark\flexmark-ext-footnotes\0.34.30\flexmark-ext-footnotes-0.34.30.jar;C:\Users\ASUS\.m2\repository\com\vladsch\flexmark\flexmark-ext-gfm-issues\0.34.30\flexmark-ext-gfm-issues-0.34.30.jar;C:\Users\ASUS\.m2\repository\com\vladsch\flexmark\flexmark-ext-gfm-strikethrough\0.34.30\flexmark-ext-gfm-strikethrough-0.34.30.jar;C:\Users\ASUS\.m2\repository\com\vladsch\flexmark\flexmark-ext-gfm-tables\0.34.30\flexmark-ext-gfm-tables-0.34.30.jar;C:\Users\ASUS\.m2\repository\com\vladsch\flexmark\flexmark-ext-gfm-tasklist\0.34.30\flexmark-ext-gfm-tasklist-0.34.30.jar;C:\Users\ASUS\.m2\repository\com\vladsch\flexmark\flexmark-ext-gfm-users\0.34.30\flexmark-ext-gfm-users-0.34.30.jar;C:\Users\ASUS\.m2\repository\com\vladsch\flexmark\flexmark-ext-gitlab\0.34.30\flexmark-ext-gitlab-0.34.30.jar;C:\Users\ASUS\.m2\repository\com\vladsch\flexmark\flexmark-ext-jekyll-front-matter\0.34.30\flexmark-ext-jekyll-front-matter-0.34.30.jar;C:\Users\ASUS\.m2\repository\com\vladsch\flexmark\flexmark-ext-jekyll-tag\0.34.30\flexmark-ext-jekyll-tag-0.34.30.jar;C:\Users\ASUS\.m2\repository\com\vladsch\flexmark\flexmark-ext-media-tags\0.34.30\flexmark-ext-media-tags-0.34.30.jar;C:\Users\ASUS\.m2\repository\com\vladsch\flexmark\flexmark-test-util\0.34.30\flexmark-test-util-0.34.30.jar;C:\Users\ASUS\.m2\repository\com\vladsch\flexmark\flexmark-ext-ins\0.34.30\flexmark-ext-ins-0.34.30.jar;C:\Users\ASUS\.m2\repository\com\vladsch\flexmark\flexmark-ext-xwiki-macros\0.34.30\flexmark-ext-xwiki-macros-0.34.30.jar;C:\Users\ASUS\.m2\repository\com\vladsch\flexmark\flexmark-ext-superscript\0.34.30\flexmark-ext-superscript-0.34.30.jar;C:\Users\ASUS\.m2\repository\com\vladsch\flexmark\flexmark-ext-tables\0.34.30\flexmark-ext-tables-0.34.30.jar;C:\Users\ASUS\.m2\repository\com\vladsch\flexmark\flexmark-ext-toc\0.34.30\flexmark-ext-toc-0.34.30.jar;C:\Users\ASUS\.m2\repository\com\vladsch\flexmark\flexmark-ext-typographic\0.34.30\flexmark-ext-typographic-0.34.30.jar;C:\Users\ASUS\.m2\repository\com\vladsch\flexmark\flexmark-ext-wikilink\0.34.30\flexmark-ext-wikilink-0.34.30.jar;C:\Users\ASUS\.m2\repository\com\vladsch\flexmark\flexmark-ext-yaml-front-matter\0.34.30\flexmark-ext-yaml-front-matter-0.34.30.jar;C:\Users\ASUS\.m2\repository\com\vladsch\flexmark\flexmark-ext-youtube-embedded\0.34.30\flexmark-ext-youtube-embedded-0.34.30.jar;C:\Users\ASUS\.m2\repository\com\vladsch\flexmark\flexmark-formatter\0.34.30\flexmark-formatter-0.34.30.jar;C:\Users\ASUS\.m2\repository\com\vladsch\flexmark\flexmark-html-parser\0.34.30\flexmark-html-parser-0.34.30.jar;C:\Users\ASUS\.m2\repository\com\vladsch\flexmark\flexmark-jira-converter\0.34.30\flexmark-jira-converter-0.34.30.jar;C:\Users\ASUS\.m2\repository\com\vladsch\flexmark\flexmark-pdf-converter\0.34.30\flexmark-pdf-converter-0.34.30.jar;C:\Users\ASUS\.m2\repository\com\openhtmltopdf\openhtmltopdf-core\0.0.1-RC13\openhtmltopdf-core-0.0.1-RC13.jar;C:\Users\ASUS\.m2\repository\com\openhtmltopdf\openhtmltopdf-pdfbox\0.0.1-RC13\openhtmltopdf-pdfbox-0.0.1-RC13.jar;C:\Users\ASUS\.m2\repository\org\apache\pdfbox\pdfbox\2.0.8\pdfbox-2.0.8.jar;C:\Users\ASUS\.m2\repository\org\apache\pdfbox\fontbox\2.0.8\fontbox-2.0.8.jar;C:\Users\ASUS\.m2\repository\org\apache\pdfbox\xmpbox\2.0.8\xmpbox-2.0.8.jar;C:\Users\ASUS\.m2\repository\de\rototor\pdfbox\graphics2d\0.12\graphics2d-0.12.jar;C:\Users\ASUS\.m2\repository\com\openhtmltopdf\openhtmltopdf-rtl-support\0.0.1-RC13\openhtmltopdf-rtl-support-0.0.1-RC13.jar;C:\Users\ASUS\.m2\repository\com\ibm\icu\icu4j\59.1\icu4j-59.1.jar;C:\Users\ASUS\.m2\repository\com\openhtmltopdf\openhtmltopdf-jsoup-dom-converter\0.0.1-RC13\openhtmltopdf-jsoup-dom-converter-0.0.1-RC13.jar;C:\Users\ASUS\.m2\repository\com\vladsch\flexmark\flexmark-profile-pegdown\0.34.30\flexmark-profile-pegdown-0.34.30.jar;C:\Users\ASUS\.m2\repository\com\vladsch\flexmark\flexmark-util\0.34.30\flexmark-util-0.34.30.jar;C:\Users\ASUS\.m2\repository\com\vladsch\flexmark\flexmark-youtrack-converter\0.34.30\flexmark-youtrack-converter-0.34.30.jar;C:\Users\ASUS\.m2\repository\es\nitaur\markdown\txtmark\0.16\txtmark-0.16.jar;C:\Users\ASUS\.m2\repository\net\serenity-bdd\serenity-report-resources\3.2.1\serenity-report-resources-3.2.1.jar;C:\Users\ASUS\.m2\repository\com\google\code\gson\gson\2.9.0\gson-2.9.0.jar;C:\Users\ASUS\.m2\repository\com\fasterxml\jackson\core\jackson-core\2.13.2\jackson-core-2.13.2.jar;C:\Users\ASUS\.m2\repository\com\fasterxml\jackson\core\jackson-databind\2.13.2\jackson-databind-2.13.2.jar;C:\Users\ASUS\.m2\repository\com\fasterxml\jackson\core\jackson-annotations\2.13.2\jackson-annotations-2.13.2.jar;C:\Users\ASUS\.m2\repository\commons-codec\commons-codec\1.15\commons-codec-1.15.jar;C:\Users\ASUS\.m2\repository\commons-io\commons-io\2.11.0\commons-io-2.11.0.jar;C:\Users\ASUS\.m2\repository\org\seleniumhq\selenium\selenium-java\4.1.2\selenium-java-4.1.2.jar;C:\Users\ASUS\.m2\repository\org\seleniumhq\selenium\selenium-devtools-v85\4.1.2\selenium-devtools-v85-4.1.2.jar;C:\Users\ASUS\.m2\repository\org\seleniumhq\selenium\selenium-devtools-v95\4.1.2\selenium-devtools-v95-4.1.2.jar;C:\Users\ASUS\.m2\repository\org\seleniumhq\selenium\selenium-devtools-v96\4.1.2\selenium-devtools-v96-4.1.2.jar;C:\Users\ASUS\.m2\repository\org\seleniumhq\selenium\selenium-devtools-v97\4.1.2\selenium-devtools-v97-4.1.2.jar;C:\Users\ASUS\.m2\repository\org\seleniumhq\selenium\selenium-firefox-xpi-driver\4.1.2\selenium-firefox-xpi-driver-4.1.2.jar;C:\Users\ASUS\.m2\repository\org\seleniumhq\selenium\selenium-opera-driver\4.1.2\selenium-opera-driver-4.1.2.jar;C:\Users\ASUS\.m2\repository\org\seleniumhq\selenium\selenium-remote-driver\4.1.2\selenium-remote-driver-4.1.2.jar;C:\Users\ASUS\.m2\repository\com\beust\jcommander\1.82\jcommander-1.82.jar;C:\Users\ASUS\.m2\repository\io\netty\netty-buffer\4.1.73.Final\netty-buffer-4.1.73.Final.jar;C:\Users\ASUS\.m2\repository\io\netty\netty-codec-http\4.1.73.Final\netty-codec-http-4.1.73.Final.jar;C:\Users\ASUS\.m2\repository\io\netty\netty-codec\4.1.73.Final\netty-codec-4.1.73.Final.jar;C:\Users\ASUS\.m2\repository\io\netty\netty-handler\4.1.73.Final\netty-handler-4.1.73.Final.jar;C:\Users\ASUS\.m2\repository\io\netty\netty-tcnative-classes\2.0.46.Final\netty-tcnative-classes-2.0.46.Final.jar;C:\Users\ASUS\.m2\repository\io\netty\netty-common\4.1.73.Final\netty-common-4.1.73.Final.jar;C:\Users\ASUS\.m2\repository\io\netty\netty-transport-classes-epoll\4.1.73.Final\netty-transport-classes-epoll-4.1.73.Final.jar;C:\Users\ASUS\.m2\repository\io\netty\netty-transport-classes-kqueue\4.1.73.Final\netty-transport-classes-kqueue-4.1.73.Final.jar;C:\Users\ASUS\.m2\repository\io\netty\netty-transport-native-epoll\4.1.73.Final\netty-transport-native-epoll-4.1.73.Final.jar;C:\Users\ASUS\.m2\repository\io\netty\netty-transport-native-kqueue\4.1.73.Final\netty-transport-native-kqueue-4.1.73.Final.jar;C:\Users\ASUS\.m2\repository\io\netty\netty-transport-native-unix-common\4.1.73.Final\netty-transport-native-unix-common-4.1.73.Final.jar;C:\Users\ASUS\.m2\repository\io\netty\netty-transport\4.1.73.Final\netty-transport-4.1.73.Final.jar;C:\Users\ASUS\.m2\repository\io\netty\netty-resolver\4.1.73.Final\netty-resolver-4.1.73.Final.jar;C:\Users\ASUS\.m2\repository\io\opentelemetry\opentelemetry-api\1.10.1\opentelemetry-api-1.10.1.jar;C:\Users\ASUS\.m2\repository\io\opentelemetry\opentelemetry-context\1.10.1\opentelemetry-context-1.10.1.jar;C:\Users\ASUS\.m2\repository\io\opentelemetry\opentelemetry-exporter-logging\1.10.1\opentelemetry-exporter-logging-1.10.1.jar;C:\Users\ASUS\.m2\repository\io\opentelemetry\opentelemetry-sdk-metrics\1.10.1-alpha\opentelemetry-sdk-metrics-1.10.1-alpha.jar;C:\Users\ASUS\.m2\repository\io\opentelemetry\opentelemetry-sdk-logs\1.10.1-alpha\opentelemetry-sdk-logs-1.10.1-alpha.jar;C:\Users\ASUS\.m2\repository\io\opentelemetry\opentelemetry-sdk-common\1.10.1\opentelemetry-sdk-common-1.10.1.jar;C:\Users\ASUS\.m2\repository\io\opentelemetry\opentelemetry-sdk-extension-autoconfigure-spi\1.10.1\opentelemetry-sdk-extension-autoconfigure-spi-1.10.1.jar;C:\Users\ASUS\.m2\repository\io\opentelemetry\opentelemetry-sdk-extension-autoconfigure\1.10.1-alpha\opentelemetry-sdk-extension-autoconfigure-1.10.1-alpha.jar;C:\Users\ASUS\.m2\repository\io\opentelemetry\opentelemetry-sdk-trace\1.10.1\opentelemetry-sdk-trace-1.10.1.jar;C:\Users\ASUS\.m2\repository\io\opentelemetry\opentelemetry-sdk\1.10.1\opentelemetry-sdk-1.10.1.jar;C:\Users\ASUS\.m2\repository\io\opentelemetry\opentelemetry-semconv\1.10.1-alpha\opentelemetry-semconv-1.10.1-alpha.jar;C:\Users\ASUS\.m2\repository\io\ous\jtoml\2.0.0\jtoml-2.0.0.jar;C:\Users\ASUS\.m2\repository\org\apache\commons\commons-exec\1.3\commons-exec-1.3.jar;C:\Users\ASUS\.m2\repository\org\asynchttpclient\async-http-client\2.12.3\async-http-client-2.12.3.jar;C:\Users\ASUS\.m2\repository\org\asynchttpclient\async-http-client-netty-utils\2.12.3\async-http-client-netty-utils-2.12.3.jar;C:\Users\ASUS\.m2\repository\io\netty\netty-codec-socks\4.1.60.Final\netty-codec-socks-4.1.60.Final.jar;C:\Users\ASUS\.m2\repository\io\netty\netty-handler-proxy\4.1.60.Final\netty-handler-proxy-4.1.60.Final.jar;C:\Users\ASUS\.m2\repository\io\netty\netty-transport-native-epoll\4.1.60.Final\netty-transport-native-epoll-4.1.60.Final-linux-x86_64.jar;C:\Users\ASUS\.m2\repository\io\netty\netty-transport-native-kqueue\4.1.60.Final\netty-transport-native-kqueue-4.1.60.Final-osx-x86_64.jar;C:\Users\ASUS\.m2\repository\org\reactivestreams\reactive-streams\1.0.3\reactive-streams-1.0.3.jar;C:\Users\ASUS\.m2\repository\com\typesafe\netty\netty-reactive-streams\2.0.4\netty-reactive-streams-2.0.4.jar;C:\Users\ASUS\.m2\repository\org\seleniumhq\selenium\selenium-http\4.1.2\selenium-http-4.1.2.jar;C:\Users\ASUS\.m2\repository\net\jodah\failsafe\2.4.4\failsafe-2.4.4.jar;C:\Users\ASUS\.m2\repository\org\seleniumhq\selenium\selenium-safari-driver\4.1.2\selenium-safari-driver-4.1.2.jar;C:\Users\ASUS\.m2\repository\org\seleniumhq\selenium\selenium-api\4.1.2\selenium-api-4.1.2.jar;C:\Users\ASUS\.m2\repository\org\seleniumhq\selenium\selenium-support\4.1.2\selenium-support-4.1.2.jar;C:\Users\ASUS\.m2\repository\com\google\auto\service\auto-service-annotations\1.0.1\auto-service-annotations-1.0.1.jar;C:\Users\ASUS\.m2\repository\com\google\auto\service\auto-service\1.0.1\auto-service-1.0.1.jar;C:\Users\ASUS\.m2\repository\com\google\auto\auto-common\1.2\auto-common-1.2.jar;C:\Users\ASUS\.m2\repository\org\seleniumhq\selenium\selenium-json\4.1.2\selenium-json-4.1.2.jar;C:\Users\ASUS\.m2\repository\org\seleniumhq\selenium\selenium-chrome-driver\4.1.2\selenium-chrome-driver-4.1.2.jar;C:\Users\ASUS\.m2\repository\org\seleniumhq\selenium\selenium-chromium-driver\4.1.2\selenium-chromium-driver-4.1.2.jar;C:\Users\ASUS\.m2\repository\org\seleniumhq\selenium\selenium-firefox-driver\4.1.2\selenium-firefox-driver-4.1.2.jar;C:\Users\ASUS\.m2\repository\org\seleniumhq\selenium\selenium-edge-driver\4.1.2\selenium-edge-driver-4.1.2.jar;C:\Users\ASUS\.m2\repository\org\seleniumhq\selenium\selenium-ie-driver\4.1.2\selenium-ie-driver-4.1.2.jar;C:\Users\ASUS\.m2\repository\org\projectlombok\lombok\1.18.20\lombok-1.18.20.jar;C:\Users\ASUS\.m2\repository\io\appium\java-client\8.0.0\java-client-8.0.0.jar;C:\Users\ASUS\.m2\repository\commons-validator\commons-validator\1.7\commons-validator-1.7.jar;C:\Users\ASUS\.m2\repository\commons-digester\commons-digester\2.1\commons-digester-2.1.jar;C:\Users\ASUS\.m2\repository\org\aspectj\aspectjweaver\1.9.8\aspectjweaver-1.9.8.jar;C:\Users\ASUS\.m2\repository\net\sf\opencsv\opencsv\2.0\opencsv-2.0.jar;C:\Users\ASUS\.m2\repository\commons-beanutils\commons-beanutils\1.9.4\commons-beanutils-1.9.4.jar;C:\Users\ASUS\.m2\repository\org\apache\commons\commons-lang3\3.12.0\commons-lang3-3.12.0.jar;C:\Users\ASUS\.m2\repository\commons-collections\commons-collections\3.2.2\commons-collections-3.2.2.jar;C:\Users\ASUS\.m2\repository\org\fluentlenium\fluentlenium-core\0.10.2\fluentlenium-core-0.10.2.jar;C:\Users\ASUS\.m2\repository\io\github\bonigarcia\webdrivermanager\5.1.0\webdrivermanager-5.1.0.jar;C:\Users\ASUS\.m2\repository\com\github\docker-java\docker-java\3.2.13\docker-java-3.2.13.jar;C:\Users\ASUS\.m2\repository\com\github\docker-java\docker-java-core\3.2.13\docker-java-core-3.2.13.jar;C:\Users\ASUS\.m2\repository\com\github\docker-java\docker-java-api\3.2.13\docker-java-api-3.2.13.jar;C:\Users\ASUS\.m2\repository\org\apache\commons\commons-compress\1.21\commons-compress-1.21.jar;C:\Users\ASUS\.m2\repository\org\bouncycastle\bcpkix-jdk15on\1.64\bcpkix-jdk15on-1.64.jar;C:\Users\ASUS\.m2\repository\org\bouncycastle\bcprov-jdk15on\1.64\bcprov-jdk15on-1.64.jar;C:\Users\ASUS\.m2\repository\org\slf4j\jcl-over-slf4j\1.7.30\jcl-over-slf4j-1.7.30.jar;C:\Users\ASUS\.m2\repository\com\github\docker-java\docker-java-transport-httpclient5\3.2.13\docker-java-transport-httpclient5-3.2.13.jar;C:\Users\ASUS\.m2\repository\com\github\docker-java\docker-java-transport\3.2.13\docker-java-transport-3.2.13.jar;C:\Users\ASUS\.m2\repository\org\apache\httpcomponents\client5\httpclient5\5.0.3\httpclient5-5.0.3.jar;C:\Users\ASUS\.m2\repository\org\apache\httpcomponents\core5\httpcore5\5.0.2\httpcore5-5.0.2.jar;C:\Users\ASUS\.m2\repository\net\java\dev\jna\jna\5.8.0\jna-5.8.0.jar;C:\Users\ASUS\.m2\repository\org\brotli\dec\0.1.2\dec-0.1.2.jar;C:\Users\ASUS\.m2\repository\com\jhlabs\filters\2.0.235\filters-2.0.235.jar;C:\Users\ASUS\.m2\repository\com\paulhammant\ngwebdriver\1.1.6\ngwebdriver-1.1.6.jar;C:\Users\ASUS\.m2\repository\joda-time\joda-time\2.8.2\joda-time-2.8.2.jar;C:\Users\ASUS\.m2\repository\org\hamcrest\hamcrest\2.2\hamcrest-2.2.jar;C:\Users\ASUS\.m2\repository\com\google\jimfs\jimfs\1.2\jimfs-1.2.jar;C:\Users\ASUS\.m2\repository\org\mockito\mockito-core\3.3.3\mockito-core-3.3.3.jar;C:\Users\ASUS\.m2\repository\javax\xml\bind\jaxb-api\2.3.1\jaxb-api-2.3.1.jar;C:\Users\ASUS\.m2\repository\javax\activation\javax.activation-api\1.2.0\javax.activation-api-1.2.0.jar;C:\Users\ASUS\.m2\repository\com\sun\xml\bind\jaxb-core\2.3.0.1\jaxb-core-2.3.0.1.jar;C:\Users\ASUS\.m2\repository\com\sun\xml\bind\jaxb-impl\2.3.3\jaxb-impl-2.3.3.jar;C:\Users\ASUS\.m2\repository\jakarta\xml\bind\jakarta.xml.bind-api\2.3.3\jakarta.xml.bind-api-2.3.3.jar;C:\Users\ASUS\.m2\repository\com\sun\activation\jakarta.activation\1.2.2\jakarta.activation-1.2.2.jar;C:\Users\ASUS\.m2\repository\javax\activation\activation\1.1.1\activation-1.1.1.jar;C:\Users\ASUS\.m2\repository\net\serenity-bdd\serenity-cucumber\3.2.1\serenity-cucumber-3.2.1.jar;C:\Users\ASUS\.m2\repository\io\cucumber\cucumber-core\7.2.3\cucumber-core-7.2.3.jar;C:\Users\ASUS\.m2\repository\io\cucumber\cucumber-gherkin\7.2.3\cucumber-gherkin-7.2.3.jar;C:\Users\ASUS\.m2\repository\io\cucumber\cucumber-gherkin-messages\7.2.3\cucumber-gherkin-messages-7.2.3.jar;C:\Users\ASUS\.m2\repository\io\cucumber\messages\17.1.1\messages-17.1.1.jar;C:\Users\ASUS\.m2\repository\io\cucumber\tag-expressions\4.1.0\tag-expressions-4.1.0.jar;C:\Users\ASUS\.m2\repository\io\cucumber\cucumber-expressions\15.0.1\cucumber-expressions-15.0.1.jar;C:\Users\ASUS\.m2\repository\io\cucumber\datatable\7.2.3\datatable-7.2.3.jar;C:\Users\ASUS\.m2\repository\io\cucumber\cucumber-plugin\7.2.3\cucumber-plugin-7.2.3.jar;C:\Users\ASUS\.m2\repository\io\cucumber\docstring\7.2.3\docstring-7.2.3.jar;C:\Users\ASUS\.m2\repository\io\cucumber\html-formatter\17.0.0\html-formatter-17.0.0.jar;C:\Users\ASUS\.m2\repository\io\cucumber\ci-environment\8.1.0\ci-environment-8.1.0.jar;C:\Users\ASUS\.m2\repository\io\cucumber\cucumber-junit\7.2.3\cucumber-junit-7.2.3.jar;C:\Users\ASUS\.m2\repository\org\apache\commons\commons-csv\1.5\commons-csv-1.5.jar;C:\Users\ASUS\.m2\repository\net\serenity-bdd\serenity-screenplay\3.2.1\serenity-screenplay-3.2.1.jar;C:\Users\ASUS\.m2\repository\net\serenity-bdd\serenity-screenplay-webdriver\3.2.1\serenity-screenplay-webdriver-3.2.1.jar;C:\Users\ASUS\.m2\repository\net\serenity-bdd\serenity-ensure\3.2.1\serenity-ensure-3.2.1.jar;C:\Users\ASUS\.m2\repository\net\serenity-bdd\serenity-junit\3.2.1\serenity-junit-3.2.1.jar;C:\Users\ASUS\.m2\repository\org\jetbrains\kotlin\kotlin-stdlib\1.6.0\kotlin-stdlib-1.6.0.jar;C:\Users\ASUS\.m2\repository\org\jetbrains\annotations\13.0\annotations-13.0.jar;C:\Users\ASUS\.m2\repository\org\jetbrains\kotlin\kotlin-stdlib-common\1.6.0\kotlin-stdlib-common-1.6.0.jar;C:\Users\ASUS\.m2\repository\org\junit\platform\junit-platform-launcher\1.8.2\junit-platform-launcher-1.8.2.jar;C:\Users\ASUS\.m2\repository\org\junit\platform\junit-platform-engine\1.8.2\junit-platform-engine-1.8.2.jar;C:\Users\ASUS\.m2\repository\org\junit\platform\junit-platform-commons\1.8.2\junit-platform-commons-1.8.2.jar;C:\Users\ASUS\.m2\repository\org\apiguardian\apiguardian-api\1.1.2\apiguardian-api-1.1.2.jar;C:\Users\ASUS\.m2\repository\org\junit\jupiter\junit-jupiter-engine\5.8.2\junit-jupiter-engine-5.8.2.jar;C:\Users\ASUS\.m2\repository\org\junit\jupiter\junit-jupiter-api\5.8.2\junit-jupiter-api-5.8.2.jar;C:\Users\ASUS\.m2\repository\org\junit\vintage\junit-vintage-engine\5.8.2\junit-vintage-engine-5.8.2.jar;C:\Users\ASUS\.m2\repository\junit\junit\4.13.2\junit-4.13.2.jar;C:\Users\ASUS\.m2\repository\org\hamcrest\hamcrest-core\1.3\hamcrest-core-1.3.jar;C:\Users\ASUS\.m2\repository\ch\qos\logback\logback-classic\1.2.11\logback-classic-1.2.11.jar;C:\Users\ASUS\.m2\repository\ch\qos\logback\logback-core\1.2.11\logback-core-1.2.11.jar;C:\Users\ASUS\.m2\repository\org\slf4j\slf4j-api\1.7.32\slf4j-api-1.7.32.jar;C:\Users\ASUS\.m2\repository\org\assertj\assertj-core\3.22.0\assertj-core-3.22.0.jar;C:\Users\ASUS\.m2\repository\net\serenity-bdd\serenity-rest-assured\3.2.1\serenity-rest-assured-3.2.1.jar;C:\Users\ASUS\.m2\repository\org\apache\httpcomponents\httpclient\4.5.13\httpclient-4.5.13.jar;C:\Users\ASUS\.m2\repository\org\apache\httpcomponents\httpcore\4.4.13\httpcore-4.4.13.jar;C:\Users\ASUS\.m2\repository\commons-logging\commons-logging\1.2\commons-logging-1.2.jar;C:\Users\ASUS\.m2\repository\org\codehaus\groovy\groovy-json\3.0.10\groovy-json-3.0.10.jar;C:\Users\ASUS\.m2\repository\org\opentest4j\opentest4j\1.2.0\opentest4j-1.2.0.jar;C:\Users\ASUS\.m2\repository\org\apache\maven\plugins\maven-surefire-plugin\3.0.0-M5\maven-surefire-plugin-3.0.0-M5.jar;C:\Users\ASUS\.m2\repository\org\apache\maven\surefire\maven-surefire-common\3.0.0-M5\maven-surefire-common-3.0.0-M5.jar;C:\Users\ASUS\.m2\repository\org\apache\maven\surefire\surefire-extensions-api\3.0.0-M5\surefire-extensions-api-3.0.0-M5.jar;C:\Users\ASUS\.m2\repository\org\apache\maven\maven-toolchain\3.0-alpha-2\maven-toolchain-3.0-alpha-2.jar;C:\Users\ASUS\.m2\repository\org\apache\maven\shared\maven-artifact-transfer\0.11.0\maven-artifact-transfer-0.11.0.jar;C:\Users\ASUS\.m2\repository\org\apache\maven\shared\maven-common-artifact-filters\3.0.1\maven-common-artifact-filters-3.0.1.jar;C:\Users\ASUS\.m2\repository\org\apache\maven\maven-model\3.0\maven-model-3.0.jar;C:\Users\ASUS\.m2\repository\org\apache\maven\maven-plugin-api\3.0\maven-plugin-api-3.0.jar;C:\Users\ASUS\.m2\repository\org\sonatype\sisu\sisu-inject-plexus\1.4.2\sisu-inject-plexus-1.4.2.jar;C:\Users\ASUS\.m2\repository\org\codehaus\plexus\plexus-classworlds\2.2.3\plexus-classworlds-2.2.3.jar;C:\Users\ASUS\.m2\repository\org\sonatype\sisu\sisu-inject-bean\1.4.2\sisu-inject-bean-1.4.2.jar;C:\Users\ASUS\.m2\repository\org\sonatype\sisu\sisu-guice\2.1.7\sisu-guice-2.1.7-noaop.jar;C:\Users\ASUS\.m2\repository\org\apache\maven\shared\maven-shared-utils\3.1.0\maven-shared-utils-3.1.0.jar;C:\Users\ASUS\.m2\repository\org\codehaus\plexus\plexus-java\1.0.5\plexus-java-1.0.5.jar;C:\Users\ASUS\.m2\repository\org\ow2\asm\asm\7.2\asm-7.2.jar;C:\Users\ASUS\.m2\repository\com\thoughtworks\qdox\qdox\2.0-M9\qdox-2.0-M9.jar;C:\Users\ASUS\.m2\repository\io\rest-assured\rest-assured\4.5.1\rest-assured-4.5.1.jar;C:\Users\ASUS\.m2\repository\org\apache\httpcomponents\httpmime\4.5.13\httpmime-4.5.13.jar;C:\Users\ASUS\.m2\repository\org\ccil\cowan\tagsoup\tagsoup\1.2.1\tagsoup-1.2.1.jar;C:\Users\ASUS\.m2\repository\io\rest-assured\json-path\4.5.1\json-path-4.5.1.jar;C:\Users\ASUS\.m2\repository\io\rest-assured\rest-assured-common\4.5.1\rest-assured-common-4.5.1.jar;C:\Users\ASUS\.m2\repository\io\rest-assured\xml-path\4.5.1\xml-path-4.5.1.jar;C:\Users\ASUS\.m2\repository\org\codehaus\groovy\groovy\3.0.10\groovy-3.0.10.jar;C:\Users\ASUS\.m2\repository\org\codehaus\groovy\groovy-xml\3.0.10\groovy-xml-3.0.10.jar;C:\Users\ASUS\.m2\repository\com\googlecode\json-simple\json-simple\1.1.1\json-simple-1.1.1.jar;C:\Users\ASUS\.m2\repository\com\github\javafaker\javafaker\1.0.2\javafaker-1.0.2.jar;C:\Users\ASUS\.m2\repository\org\yaml\snakeyaml\1.23\snakeyaml-1.23-android.jar;C:\Users\ASUS\.m2\repository\com\github\mifmif\generex\1.0.2\generex-1.0.2.jar;C:\Users\ASUS\.m2\repository\dk\brics\automaton\automaton\1.11-8\automaton-1.11-8.jar;C:\Users\ASUS\.m2\repository\org\apache\maven\surefire\surefire-junit-platform\3.0.0-M5\surefire-junit-platform-3.0.0-M5.jar;C:\Users\ASUS\.m2\repository\org\apache\maven\surefire\common-java5\3.0.0-M5\common-java5-3.0.0-M5.jar"/>
    <property name="user.script" value=""/>
    <property name="java.protocol.handler.pkgs" value="com.google.common"/>
    <property name="sun.management.compiler" value="HotSpot 64-Bit Tiered Compilers"/>
    <property name="java.runtime.version" value="11.0.14+8-LTS-263"/>
    <property name="user.name" value="ASUS"/>
    <property name="path.separator" value=";"/>
    <property name="os.version" value="10.0"/>
    <property name="java.runtime.name" value="Java(TM) SE Runtime Environment"/>
    <property name="file.encoding" value="Cp1252"/>
    <property name="java.vm.name" value="Java HotSpot(TM) 64-Bit Server VM"/>
    <property name="java.vendor.version" value="18.9"/>
    <property name="localRepository" value="C:\Users\ASUS\.m2\repository"/>
    <property name="java.vendor.url.bug" value="https://bugreport.java.com/bugreport/"/>
    <property name="java.io.tmpdir" value="C:\Users\ASUS\AppData\Local\Temp\"/>
    <property name="java.version" value="11.0.14"/>
    <property name="user.dir" value="D:\Kel-1-capstone\TestingWeb"/>
    <property name="os.arch" value="amd64"/>
    <property name="java.vm.specification.name" value="Java Virtual Machine Specification"/>
    <property name="java.awt.printerjob" value="sun.awt.windows.WPrinterJob"/>
    <property name="sun.os.patch.level" value=""/>
    <property name="java.library.path" value="C:\Program Files\Java\jdk-11.0.14\bin;C:\WINDOWS\Sun\Java\bin;C:\WINDOWS\system32;C:\WINDOWS;C:\Program Files\Common Files\Oracle\Java\javapath;C:\Program Files\Python39\Scripts\;C:\Program Files\Python39\;C:\WINDOWS\system32;C:\WINDOWS;C:\WINDOWS\System32\Wbem;C:\WINDOWS\System32\WindowsPowerShell\v1.0\;C:\Program Files (x86)\AMD\ATI.ACE\Core-Static;C:\WINDOWS\System32\OpenSSH\;C:\Program Files (x86)\IVI Foundation\VISA\WinNT\Bin\;C:\Program Files\IVI Foundation\VISA\Win64\Bin\;C:\Program Files (x86)\IVI Foundation\VISA\WinNT\Bin;C:\Users\ASUS\AppData\Local\Programs\Python\Python39;C:\Users\ASUS\AppData\Local\Programs\Python\Python39\Scripts;C:\Program Files\Java\jdk-11.0.14\bin;C:\Program Files\Java\apache-maven-3.8.5\bin;C:\Program Files\Android\Android Studio\bin;C:\Program Files\nodejs\;%ANDROID_HOME%\platfom-tools;%ANDROID_HOME%\tools;E:\Software\Matlab\runtime\win64;E:\Software\Matlab\bin;E:\Software\Matlab\polyspace\bin;C:\Program Files\Git1\cmd;C:\Users\ASUS\AppData\Local\Programs\Python\Launcher\;C:\Users\ASUS\AppData\Local\Microsoft\WindowsApps;C:\Users\ASUS\AppData\Local\Programs\Microsoft VS Code\bin;C:\Program Files\Java\IntelliJ IDEA Community Edition 2021.3.2;;C:\Users\ASUS\AppData\Roaming\npm;C:\Users\ASUS\AppData\Local\Android\Sdk\platform-tools;C:\Users\ASUS\AppData\Local\Android\Sdk\tools;C:\Program Files\Java\jdk-11.0.14\bin;;."/>
    <property name="java.vendor" value="Oracle Corporation"/>
    <property name="java.vm.info" value="mixed mode"/>
    <property name="java.vm.version" value="11.0.14+8-LTS-263"/>
    <property name="sun.io.unicode.encoding" value="UnicodeLittle"/>
    <property name="java.class.version" value="55.0"/>
  </properties>
  <testcase name="As a admin i want to view Manage Schedule" classname="Kelola jadwal - admin" time="53.33">
    <system-out><![CDATA[20:28:03.809 [main] INFO io.cucumber.core.plugin.SerenityReporter - Running feature from file:///D:/Kel-1-capstone/TestingWeb/src/test/resources/features/5KelolaJadwal.feature
20:28:04.617 [main] INFO  - 

-------------------------------------------------------------------------------------
     _______. _______ .______       _______ .__   __.  __  .___________.____    ____ 
    /       ||   ____||   _  \     |   ____||  \ |  | |  | |           |\   \  /   / 
   |   (----`|  |__   |  |_)  |    |  |__   |   \|  | |  | `---|  |----` \   \/   /  
    \   \    |   __|  |      /     |   __|  |  . `  | |  |     |  |       \_    _/   
.----)   |   |  |____ |  |\  \----.|  |____ |  |\   | |  |     |  |         |  |     
|_______/    |_______|| _| `._____||_______||__| \__| |__|     |__|         |__|    
                                                                                     
 News and tutorials at http://www.serenity-bdd.info                                  
 Documentation at https://wakaleo.gitbooks.io/the-serenity-book/content/             
 Join the Serenity Community on Gitter: https://gitter.im/serenity-bdd/serenity-core 
 Serenity BDD Support and Training at http://serenity-bdd.info/#/trainingandsupport  
-------------------------------------------------------------------------------------

20:28:04.625 [main] DEBUG net.thucydides.core.steps.StepEventBus - Test suite started for story net.thucydides.core.model.Story@aff70ed2
20:28:04.665 [main] INFO  - Test Suite Started: Kelola jadwal - admin
20:28:04.753 [main] INFO io.cucumber.core.plugin.SerenityReporter - Running feature from file:///D:/Kel-1-capstone/TestingWeb/src/test/resources/features/AddDataDokter.feature
20:28:04.801 [main] DEBUG net.thucydides.core.steps.StepEventBus - Test suite started for story net.thucydides.core.model.Story@f27570ba
20:28:04.809 [main] INFO  - Test Suite Started: Add Data Dokter - Admin
20:28:04.809 [main] INFO io.cucumber.core.plugin.SerenityReporter - Running feature from file:///D:/Kel-1-capstone/TestingWeb/src/test/resources/features/AddDataPasien.feature
20:28:04.857 [main] DEBUG net.thucydides.core.steps.StepEventBus - Test suite started for story net.thucydides.core.model.Story@2ed0929a
20:28:04.857 [main] INFO  - Test Suite Started: Add Data Pasien - Admin
20:28:04.865 [main] INFO io.cucumber.core.plugin.SerenityReporter - Running feature from file:///D:/Kel-1-capstone/TestingWeb/src/test/resources/features/DeleteDataDokter.feature
20:28:04.889 [main] DEBUG net.thucydides.core.steps.StepEventBus - Test suite started for story net.thucydides.core.model.Story@f29440ba
20:28:04.889 [main] INFO  - Test Suite Started: Delete Data Dokter - Admin
20:28:04.889 [main] INFO io.cucumber.core.plugin.SerenityReporter - Running feature from file:///D:/Kel-1-capstone/TestingWeb/src/test/resources/features/DeleteDataPasien.feature
20:28:04.905 [main] DEBUG net.thucydides.core.steps.StepEventBus - Test suite started for story net.thucydides.core.model.Story@2eef629a
20:28:04.905 [main] INFO  - Test Suite Started: Delete Data Pasien - Admin
20:28:04.905 [main] INFO io.cucumber.core.plugin.SerenityReporter - Running feature from file:///D:/Kel-1-capstone/TestingWeb/src/test/resources/features/DetailDataDokter.feature
20:28:04.921 [main] DEBUG net.thucydides.core.steps.StepEventBus - Test suite started for story net.thucydides.core.model.Story@4f1566fa
20:28:04.929 [main] INFO  - Test Suite Started: Detail Data Dokter - Admin
20:28:04.929 [main] INFO io.cucumber.core.plugin.SerenityReporter - Running feature from file:///D:/Kel-1-capstone/TestingWeb/src/test/resources/features/DetailDataPasien.feature
20:28:04.953 [main] DEBUG net.thucydides.core.steps.StepEventBus - Test suite started for story net.thucydides.core.model.Story@8b7088da
20:28:04.953 [main] INFO  - Test Suite Started: Detail Data Pasien - Admin
20:28:04.953 [main] INFO io.cucumber.core.plugin.SerenityReporter - Running feature from file:///D:/Kel-1-capstone/TestingWeb/src/test/resources/features/EditDataDokter.feature
20:28:04.993 [main] DEBUG net.thucydides.core.steps.StepEventBus - Test suite started for story net.thucydides.core.model.Story@44a0505a
20:28:04.993 [main] INFO  - Test Suite Started: Edit Data Dokter - Admin
20:28:04.993 [main] INFO io.cucumber.core.plugin.SerenityReporter - Running feature from file:///D:/Kel-1-capstone/TestingWeb/src/test/resources/features/EditDataPasien.feature
20:28:05.025 [main] DEBUG net.thucydides.core.steps.StepEventBus - Test suite started for story net.thucydides.core.model.Story@80fb723a
20:28:05.025 [main] INFO  - Test Suite Started: Edit Data Pasien - Admin
20:28:05.025 [main] INFO io.cucumber.core.plugin.SerenityReporter - Running feature from file:///D:/Kel-1-capstone/TestingWeb/src/test/resources/features/SearchDataDokter.feature
20:28:05.057 [main] DEBUG net.thucydides.core.steps.StepEventBus - Test suite started for story net.thucydides.core.model.Story@b9f7eb9a
20:28:05.057 [main] INFO  - Test Suite Started: Search Data Dokter - Admin
20:28:05.057 [main] INFO io.cucumber.core.plugin.SerenityReporter - Running feature from file:///D:/Kel-1-capstone/TestingWeb/src/test/resources/features/SearchDataPasien.feature
20:28:05.105 [main] DEBUG net.thucydides.core.steps.StepEventBus - Test suite started for story net.thucydides.core.model.Story@f6530d7a
20:28:05.105 [main] INFO  - Test Suite Started: Search Data Pasien - Admin
20:28:05.105 [main] INFO io.cucumber.core.plugin.SerenityReporter - Running feature from file:///D:/Kel-1-capstone/TestingWeb/src/test/resources/features/ViewDataDokter.feature
20:28:05.137 [main] DEBUG net.thucydides.core.steps.StepEventBus - Test suite started for story net.thucydides.core.model.Story@5afdfe7a
20:28:05.137 [main] INFO  - Test Suite Started: View Data Dokter - Admin
20:28:05.137 [main] INFO io.cucumber.core.plugin.SerenityReporter - Running feature from file:///D:/Kel-1-capstone/TestingWeb/src/test/resources/features/ViewDataPasien.feature
20:28:05.161 [main] DEBUG net.thucydides.core.steps.StepEventBus - Test suite started for story net.thucydides.core.model.Story@9759205a
20:28:05.169 [main] INFO  - Test Suite Started: View Data Pasien - Admin
20:28:05.177 [main] INFO io.cucumber.core.plugin.SerenityReporter - Running feature from file:///D:/Kel-1-capstone/TestingWeb/src/test/resources/features/5KelolaJadwal.feature
20:28:05.193 [main] DEBUG net.thucydides.core.steps.StepEventBus - Test suite started for story net.thucydides.core.model.Story@aff70ed2
20:28:05.193 [main] INFO  - Test Suite Started: Kelola jadwal - admin

@KelolaJadwal @ViewKelolaJadwal
Scenario: As a admin i want to view Manage Schedule &amp#27;[90m# src/test/resources/features/5KelolaJadwal.feature:5&amp#27;[0m
20:28:05.745 [main] INFO io.cucumber.core.plugin.SerenityReporter - Running feature from file:///D:/Kel-1-capstone/TestingWeb/src/test/resources/features/5KelolaJadwal.feature
20:28:06.273 [main] INFO  - 
  _____   ___   ___   _____     ___   _____     _     ___   _____   ___   ___  
 |_   _| | __| / __| |_   _|   / __| |_   _|   /_\   | _ \ |_   _| | __| |   \ 
   | |   | _|  \__ \   | |     \__ \   | |    / _ \  |   /   | |   | _|  | |) |
   |_|   |___| |___/   |_|     |___/   |_|   /_/ \_\ |_|_\   |_|   |___| |___/ 

As a admin i want to view Manage Schedule(kelola-jadwal---admin;as-a-admin-i-want-to-view-manage-schedule)
--------------------------------------------------------------------------------
20:28:10.649 [main] DEBUG net.thucydides.core.steps.StepInterceptor - STARTING STEP: PatientDataSteps.openPageDasbord - openDashbord
20:28:10.833 [main] INFO net.serenitybdd.core.webdriver.driverproviders.ChromeDriverProvider - Using automatically driver download
20:28:16.073 [main] DEBUG io.github.bonigarcia.wdm.cache.ResolutionCache - Resolution chrome=102 in cache (valid until 21:04:30 23/06/2022 ICT)
20:28:16.097 [main] DEBUG io.github.bonigarcia.wdm.cache.ResolutionCache - Resolution chrome102=102.0.5005.61 in cache (valid until 20:04:30 24/06/2022 ICT)
20:28:16.113 [main] INFO io.github.bonigarcia.wdm.WebDriverManager - Using chromedriver 102.0.5005.61 (resolved driver for Chrome 102)
20:28:16.209 [main] DEBUG io.github.bonigarcia.wdm.WebDriverManager - Driver chromedriver 102.0.5005.61 found in cache
20:28:16.209 [main] INFO io.github.bonigarcia.wdm.WebDriverManager - Exporting webdriver.chrome.driver as C:\Users\ASUS\.cache\selenium\chromedriver\win32\102.0.5005.61\chromedriver.exe
20:28:18.689 [main] DEBUG net.thucydides.core.reflection.ClassFinder - Could not load class .CucumberTestSuite
20:28:18.689 [main] DEBUG net.thucydides.core.reflection.ClassFinder - Could not load class .starter.pages.DashboardPage
20:28:18.689 [main] DEBUG net.thucydides.core.reflection.ClassFinder - Could not load class .starter.pages.DokterDataPage
20:28:18.689 [main] DEBUG net.thucydides.core.reflection.ClassFinder - Could not load class .starter.pages.KelolaJadwalPage
20:28:18.689 [main] DEBUG net.thucydides.core.reflection.ClassFinder - Could not load class .starter.pages.LoginPage
20:28:18.689 [main] DEBUG net.thucydides.core.reflection.ClassFinder - Could not load class .starter.pages.PatientDataPage
20:28:18.689 [main] DEBUG net.thucydides.core.reflection.ClassFinder - Could not load class .starter.stepdefinitios.DokterDataSteps
20:28:18.689 [main] DEBUG net.thucydides.core.reflection.ClassFinder - Could not load class .starter.stepdefinitios.KelolaJadwalSteps
20:28:18.697 [main] DEBUG net.thucydides.core.reflection.ClassFinder - Could not load class .starter.stepdefinitios.LoginSteps
20:28:18.697 [main] DEBUG net.thucydides.core.reflection.ClassFinder - Could not load class .starter.stepdefinitios.PatientDataSteps
20:28:18.697 [main] DEBUG net.thucydides.core.reflection.ClassFinder - Could not load class META-INF.versions.9.com.sun.istack.logging.StackHelper
20:28:18.705 [main] DEBUG net.thucydides.core.reflection.ClassFinder - Could not load class META-INF.versions.9.com.sun.xml.bind.v2.runtime.reflect.opt.AccessorInjector
20:28:18.705 [main] DEBUG net.thucydides.core.reflection.ClassFinder - Could not load class META-INF.versions.9.com.sun.xml.bind.v2.runtime.reflect.opt.Injector
20:28:18.705 [main] DEBUG net.thucydides.core.reflection.ClassFinder - Could not load class META-INF.versions.9.com.sun.xml.bind.v2.runtime.reflect.opt.OptimizedAccessorFactory
20:28:18.713 [main] DEBUG net.thucydides.core.reflection.ClassFinder - Could not load class META-INF.versions.9.com.sun.xml.bind.v2.runtime.reflect.opt.OptimizedTransducedAccessorFactory
20:28:18.713 [main] DEBUG net.thucydides.core.reflection.ClassFinder - Could not load class META-INF.versions.9.io.opentelemetry.sdk.internal.CurrentJavaVersionSpecific
20:28:18.721 [main] DEBUG net.thucydides.core.reflection.ClassFinder - Could not load class META-INF.versions.9.io.opentelemetry.sdk.internal.Java9VersionSpecific
20:28:18.721 [main] DEBUG net.thucydides.core.reflection.ClassFinder - Could not load class META-INF.versions.9.javax.xml.bind.ModuleUtil
20:28:18.721 [main] DEBUG net.thucydides.core.reflection.ClassFinder - Could not load class META-INF.versions.9.module-info
20:28:18.729 [main] DEBUG net.thucydides.core.reflection.ClassFinder - Could not load class META-INF.versions.9.org.codehaus.plexus.languages.java.jpms.BinaryModuleInfoParser
20:28:18.737 [main] DEBUG net.thucydides.core.reflection.ClassFinder - Could not load class META-INF.versions.9.org.codehaus.plexus.languages.java.jpms.CmdModuleNameExtractor
20:28:18.737 [main] DEBUG net.thucydides.core.reflection.ClassFinder - Could not load class META-INF.versions.9.org.junit.platform.commons.util.ModuleUtils
20:28:20.641 [main] DEBUG net.thucydides.core.reflection.ClassFinder - Could not load class com.google.gson.internal.
20:28:21.761 [main] DEBUG net.thucydides.core.reflection.ClassFinder - Could not load class com.sun.xml.bind.v2.runtime.output.FastInfosetStreamWriterOutput
20:28:24.505 [main] DEBUG net.thucydides.core.reflection.ClassFinder - Could not load class module-info
20:28:37.364 [main] DEBUG io.netty.util.internal.logging.InternalLoggerFactory - Using SLF4J as the default logging framework
20:28:37.372 [main] DEBUG io.netty.util.ResourceLeakDetector - -Dio.netty.leakDetection.level: simple
20:28:37.372 [main] DEBUG io.netty.util.ResourceLeakDetector - -Dio.netty.leakDetection.targetRecords: 4
20:28:37.380 [main] DEBUG io.netty.util.ResourceLeakDetectorFactory - Loaded default ResourceLeakDetector: io.netty.util.ResourceLeakDetector@62cb645d
20:28:37.428 [main] DEBUG io.netty.util.internal.PlatformDependent0 - -Dio.netty.noUnsafe: false
20:28:37.428 [main] DEBUG io.netty.util.internal.PlatformDependent0 - Java version: 11
20:28:37.428 [main] DEBUG io.netty.util.internal.PlatformDependent0 - sun.misc.Unsafe.theUnsafe: available
20:28:37.428 [main] DEBUG io.netty.util.internal.PlatformDependent0 - sun.misc.Unsafe.copyMemory: available
20:28:37.428 [main] DEBUG io.netty.util.internal.PlatformDependent0 - java.nio.Buffer.address: available
20:28:37.436 [main] DEBUG io.netty.util.internal.PlatformDependent0 - direct buffer constructor: unavailable: Reflective setAccessible(true) disabled
20:28:37.436 [main] DEBUG io.netty.util.internal.PlatformDependent0 - java.nio.Bits.unaligned: available, true
20:28:37.436 [main] DEBUG io.netty.util.internal.PlatformDependent0 - jdk.internal.misc.Unsafe.allocateUninitializedArray(int): unavailable: class io.netty.util.internal.PlatformDependent0$6 cannot access class jdk.internal.misc.Unsafe (in module java.base) because module java.base does not export jdk.internal.misc to unnamed module @1c807b1d
20:28:37.436 [main] DEBUG io.netty.util.internal.PlatformDependent0 - java.nio.DirectByteBuffer.<init>(long, int): unavailable
20:28:37.444 [main] DEBUG io.netty.util.internal.PlatformDependent - sun.misc.Unsafe: available
20:28:37.444 [main] DEBUG io.netty.util.internal.PlatformDependent - maxDirectMemory: 2933915648 bytes (maybe)
20:28:37.444 [main] DEBUG io.netty.util.internal.PlatformDependent - -Dio.netty.tmpdir: C:\Users\ASUS\AppData\Local\Temp (java.io.tmpdir)
20:28:37.444 [main] DEBUG io.netty.util.internal.PlatformDependent - -Dio.netty.bitMode: 64 (sun.arch.data.model)
20:28:37.444 [main] DEBUG io.netty.util.internal.PlatformDependent - Platform: Windows
20:28:37.444 [main] DEBUG io.netty.util.internal.PlatformDependent - -Dio.netty.maxDirectMemory: -1 bytes
20:28:37.444 [main] DEBUG io.netty.util.internal.PlatformDependent - -Dio.netty.uninitializedArrayAllocationThreshold: -1
20:28:37.452 [main] DEBUG io.netty.util.internal.CleanerJava9 - java.nio.ByteBuffer.cleaner(): available
20:28:37.452 [main] DEBUG io.netty.util.internal.PlatformDependent - -Dio.netty.noPreferDirect: false
20:28:37.476 [main] DEBUG io.netty.util.internal.PlatformDependent - org.jctools-core.MpscChunkedArrayQueue: available
20:28:37.532 [main] DEBUG io.netty.util.internal.InternalThreadLocalMap - -Dio.netty.threadLocalMap.stringBuilder.initialSize: 1024
20:28:37.532 [main] DEBUG io.netty.util.internal.InternalThreadLocalMap - -Dio.netty.threadLocalMap.stringBuilder.maxSize: 4096
20:28:37.613 [main] DEBUG io.netty.handler.ssl.JdkSslContext - Default protocols (JDK): [TLSv1.3, TLSv1.2] 
20:28:37.613 [main] DEBUG io.netty.handler.ssl.JdkSslContext - Default cipher suites (JDK): [TLS_ECDHE_ECDSA_WITH_AES_256_GCM_SHA384, TLS_ECDHE_ECDSA_WITH_AES_128_GCM_SHA256, TLS_ECDHE_RSA_WITH_AES_128_GCM_SHA256, TLS_ECDHE_RSA_WITH_AES_256_GCM_SHA384, TLS_ECDHE_RSA_WITH_AES_128_CBC_SHA, TLS_ECDHE_RSA_WITH_AES_256_CBC_SHA, TLS_RSA_WITH_AES_128_GCM_SHA256, TLS_RSA_WITH_AES_128_CBC_SHA, TLS_RSA_WITH_AES_256_CBC_SHA, TLS_AES_128_GCM_SHA256, TLS_AES_256_GCM_SHA384]
20:28:37.709 [main] DEBUG io.netty.channel.MultithreadEventLoopGroup - -Dio.netty.eventLoopThreads: 8
20:28:37.741 [main] DEBUG io.netty.channel.nio.NioEventLoop - -Dio.netty.noKeySetOptimization: false
20:28:37.741 [main] DEBUG io.netty.channel.nio.NioEventLoop - -Dio.netty.selectorAutoRebuildThreshold: 512
20:28:37.877 [main] DEBUG io.netty.buffer.PooledByteBufAllocator - -Dio.netty.allocator.numHeapArenas: 8
20:28:37.885 [main] DEBUG io.netty.buffer.PooledByteBufAllocator - -Dio.netty.allocator.numDirectArenas: 8
20:28:37.885 [main] DEBUG io.netty.buffer.PooledByteBufAllocator - -Dio.netty.allocator.pageSize: 8192
20:28:37.885 [main] DEBUG io.netty.buffer.PooledByteBufAllocator - -Dio.netty.allocator.maxOrder: 11
20:28:37.885 [main] DEBUG io.netty.buffer.PooledByteBufAllocator - -Dio.netty.allocator.chunkSize: 16777216
20:28:37.885 [main] DEBUG io.netty.buffer.PooledByteBufAllocator - -Dio.netty.allocator.smallCacheSize: 256
20:28:37.887 [main] DEBUG io.netty.buffer.PooledByteBufAllocator - -Dio.netty.allocator.normalCacheSize: 64
20:28:37.887 [main] DEBUG io.netty.buffer.PooledByteBufAllocator - -Dio.netty.allocator.maxCachedBufferCapacity: 32768
20:28:37.887 [main] DEBUG io.netty.buffer.PooledByteBufAllocator - -Dio.netty.allocator.cacheTrimInterval: 8192
20:28:37.887 [main] DEBUG io.netty.buffer.PooledByteBufAllocator - -Dio.netty.allocator.cacheTrimIntervalMillis: 0
20:28:37.888 [main] DEBUG io.netty.buffer.PooledByteBufAllocator - -Dio.netty.allocator.useCacheForAllThreads: true
20:28:37.888 [main] DEBUG io.netty.buffer.PooledByteBufAllocator - -Dio.netty.allocator.maxCachedByteBuffersPerChunk: 1023
20:28:37.914 [main] DEBUG io.netty.buffer.ByteBufUtil - -Dio.netty.allocator.type: pooled
20:28:37.914 [main] DEBUG io.netty.buffer.ByteBufUtil - -Dio.netty.threadLocalDirectBufferSize: 0
20:28:37.914 [main] DEBUG io.netty.buffer.ByteBufUtil - -Dio.netty.maxThreadLocalCharBufferSize: 16384
20:28:38.558 [main] DEBUG net.serenitybdd.core.webdriver.driverproviders.ProvideNewDriver - Instantiating driver
20:28:38.558 [main] DEBUG net.serenitybdd.core.webdriver.driverproviders.ProvideNewDriver - Driver capabilities: Capabilities {acceptInsecureCerts: false, base.url: https://fanciful-trifle-360..., browserName: chrome, chorme.driver: src/test/resources/webdrive..., driver: chrome, goog:chromeOptions: {args: [], extensions: []}}
20:28:40.886 [Forwarding newSession on session null to remote] DEBUG io.netty.channel.DefaultChannelId - -Dio.netty.processId: 9820 (auto-detected)
20:28:40.902 [Forwarding newSession on session null to remote] DEBUG io.netty.util.NetUtil - -Djava.net.preferIPv4Stack: false
20:28:40.902 [Forwarding newSession on session null to remote] DEBUG io.netty.util.NetUtil - -Djava.net.preferIPv6Addresses: false
20:28:41.598 [Forwarding newSession on session null to remote] DEBUG io.netty.util.NetUtilInitializations - Loopback interface: lo (Software Loopback Interface 1, 127.0.0.1)
20:28:41.598 [Forwarding newSession on session null to remote] DEBUG io.netty.util.NetUtil - Failed to get SOMAXCONN from sysctl and file \proc\sys\net\core\somaxconn. Default: 200
20:28:42.301 [Forwarding newSession on session null to remote] DEBUG io.netty.channel.DefaultChannelId - -Dio.netty.machineId: f0:03:8c:ff:fe:6d:32:33 (auto-detected)
20:28:42.469 [AsyncHttpClient-1-2] DEBUG io.netty.buffer.AbstractByteBuf - -Dio.netty.buffer.checkAccessible: true
20:28:42.469 [AsyncHttpClient-1-2] DEBUG io.netty.buffer.AbstractByteBuf - -Dio.netty.buffer.checkBounds: true
20:28:42.469 [AsyncHttpClient-1-2] DEBUG io.netty.util.ResourceLeakDetectorFactory - Loaded default ResourceLeakDetector: io.netty.util.ResourceLeakDetector@273cbae2
20:28:42.517 [AsyncHttpClient-1-2] DEBUG org.asynchttpclient.netty.channel.NettyConnectListener - Using new Channel '[id: 0xd5f0a714, L:/127.0.0.1:57217 - R:localhost/127.0.0.1:59703]' for 'POST' to '/session'
20:28:42.581 [AsyncHttpClient-1-2] DEBUG io.netty.util.Recycler - -Dio.netty.recycler.maxCapacityPerThread: 4096
20:28:42.581 [AsyncHttpClient-1-2] DEBUG io.netty.util.Recycler - -Dio.netty.recycler.ratio: 8
20:28:42.581 [AsyncHttpClient-1-2] DEBUG io.netty.util.Recycler - -Dio.netty.recycler.chunkSize: 32
20:28:42.581 [AsyncHttpClient-1-2] DEBUG io.netty.util.Recycler - -Dio.netty.recycler.blocking: false
20:28:46.172 [AsyncHttpClient-1-2] DEBUG io.netty.handler.codec.compression.Brotli - brotli4j not in the classpath; Brotli support will be unavailable.
20:28:46.172 [AsyncHttpClient-1-2] DEBUG org.asynchttpclient.netty.handler.HttpHandler - 

Request DefaultHttpRequest(decodeResult: success, version: HTTP/1.1)
POST /session HTTP/1.1
User-Agent: selenium/4.1.2 (java windows)
Content-Length: 629
Content-Type: application/json; charset=utf-8
host: localhost:59703
accept: */*

Response DefaultHttpResponse(decodeResult: success, version: HTTP/1.1)
HTTP/1.1 200 OK
Content-Type: application/json; charset=utf-8
cache-control: no-cache
content-length: 790

20:28:46.212 [AsyncHttpClient-1-2] DEBUG org.asynchttpclient.netty.channel.ChannelManager - Adding key: http://localhost:59703 for channel [id: 0xd5f0a714, L:/127.0.0.1:57217 - R:localhost/127.0.0.1:59703]
20:28:46.396 [AsyncHttpClient-1-1] DEBUG org.asynchttpclient.netty.channel.DefaultChannelPool - Entry count for : http://localhost:59703 : 1
20:28:46.590 [AsyncHttpClient-1-3] DEBUG org.asynchttpclient.netty.channel.NettyConnectListener - Using new Channel '[id: 0x1268d675, L:/127.0.0.1:57233 - R:localhost/127.0.0.1:57218]' for 'GET' to '/json/version'
20:28:46.656 [AsyncHttpClient-1-3] DEBUG org.asynchttpclient.netty.handler.HttpHandler - 

Request DefaultFullHttpRequest(decodeResult: success, version: HTTP/1.1, content: EmptyByteBufBE)
GET /json/version HTTP/1.1
User-Agent: selenium/4.1.2 (java windows)
host: localhost:57218
accept: */*

Response DefaultHttpResponse(decodeResult: success, version: HTTP/1.1)
HTTP/1.1 200 OK
Content-Type: application/json; charset=UTF-8
content-length: 428

20:28:46.656 [AsyncHttpClient-1-3] DEBUG org.asynchttpclient.netty.channel.ChannelManager - Adding key: http://localhost:57218 for channel [id: 0x1268d675, L:/127.0.0.1:57233 - R:localhost/127.0.0.1:57218]
20:28:46.712 [main] DEBUG io.netty.util.internal.ThreadLocalRandom - -Dio.netty.initialSeedUniquifier: 0x42cbdbd1954b474d
20:28:46.936 [AsyncHttpClient-1-4] DEBUG org.asynchttpclient.netty.channel.NettyConnectListener - Using new Channel '[id: 0x12f6180e, L:/127.0.0.1:57234 - R:localhost/127.0.0.1:57218]' for 'GET' to '/devtools/browser/b6b9e70a-4dc2-46aa-ab30-5c2c34cb8fd0'
20:28:46.976 [AsyncHttpClient-1-4] DEBUG org.asynchttpclient.netty.handler.WebSocketHandler - 

Request DefaultFullHttpRequest(decodeResult: success, version: HTTP/1.1, content: EmptyByteBufBE)
GET /devtools/browser/b6b9e70a-4dc2-46aa-ab30-5c2c34cb8fd0 HTTP/1.1
upgrade: websocket
connection: upgrade
sec-websocket-key: /IhG3v/62LNtYcUw2RpReA==
sec-websocket-version: 13
origin: http://localhost:57218
host: localhost:57218
accept: */*
user-agent: AHC/2.1

Response DefaultHttpResponse(decodeResult: success, version: HTTP/1.1)
HTTP/1.1 101 WebSocket Protocol Handshake
Upgrade: WebSocket
Connection: Upgrade
Sec-WebSocket-Accept: oKTjBzroMyujpdifq4LvbUvQZaE=

20:28:47.496 [AsyncHttpClient-1-1] DEBUG org.asynchttpclient.netty.channel.DefaultChannelPool - Entry count for : http://localhost:59703 : 1
20:28:47.496 [AsyncHttpClient-1-1] DEBUG org.asynchttpclient.netty.channel.DefaultChannelPool - Entry count for : http://localhost:57218 : 1
20:28:48.600 [AsyncHttpClient-1-1] DEBUG org.asynchttpclient.netty.channel.DefaultChannelPool - Entry count for : http://localhost:59703 : 1
20:28:48.616 [AsyncHttpClient-1-1] DEBUG org.asynchttpclient.netty.channel.DefaultChannelPool - Entry count for : http://localhost:57218 : 1
20:28:49.302 [main] DEBUG net.thucydides.core.reflection.ClassFinder - Could not load class .CucumberTestSuite
20:28:49.302 [main] DEBUG net.thucydides.core.reflection.ClassFinder - Could not load class .starter.pages.DashboardPage
20:28:49.302 [main] DEBUG net.thucydides.core.reflection.ClassFinder - Could not load class .starter.pages.DokterDataPage
20:28:49.302 [main] DEBUG net.thucydides.core.reflection.ClassFinder - Could not load class .starter.pages.KelolaJadwalPage
20:28:49.302 [main] DEBUG net.thucydides.core.reflection.ClassFinder - Could not load class .starter.pages.LoginPage
20:28:49.302 [main] DEBUG net.thucydides.core.reflection.ClassFinder - Could not load class .starter.pages.PatientDataPage
20:28:49.302 [main] DEBUG net.thucydides.core.reflection.ClassFinder - Could not load class .starter.stepdefinitios.DokterDataSteps
20:28:49.302 [main] DEBUG net.thucydides.core.reflection.ClassFinder - Could not load class .starter.stepdefinitios.KelolaJadwalSteps
20:28:49.302 [main] DEBUG net.thucydides.core.reflection.ClassFinder - Could not load class .starter.stepdefinitios.LoginSteps
20:28:49.302 [main] DEBUG net.thucydides.core.reflection.ClassFinder - Could not load class .starter.stepdefinitios.PatientDataSteps
20:28:49.302 [main] DEBUG net.thucydides.core.reflection.ClassFinder - Could not load class META-INF.versions.9.com.sun.istack.logging.StackHelper
20:28:49.302 [main] DEBUG net.thucydides.core.reflection.ClassFinder - Could not load class META-INF.versions.9.com.sun.xml.bind.v2.runtime.reflect.opt.AccessorInjector
20:28:49.302 [main] DEBUG net.thucydides.core.reflection.ClassFinder - Could not load class META-INF.versions.9.com.sun.xml.bind.v2.runtime.reflect.opt.Injector
20:28:49.310 [main] DEBUG net.thucydides.core.reflection.ClassFinder - Could not load class META-INF.versions.9.com.sun.xml.bind.v2.runtime.reflect.opt.OptimizedAccessorFactory
20:28:49.310 [main] DEBUG net.thucydides.core.reflection.ClassFinder - Could not load class META-INF.versions.9.com.sun.xml.bind.v2.runtime.reflect.opt.OptimizedTransducedAccessorFactory
20:28:49.310 [main] DEBUG net.thucydides.core.reflection.ClassFinder - Could not load class META-INF.versions.9.io.opentelemetry.sdk.internal.CurrentJavaVersionSpecific
20:28:49.310 [main] DEBUG net.thucydides.core.reflection.ClassFinder - Could not load class META-INF.versions.9.io.opentelemetry.sdk.internal.Java9VersionSpecific
20:28:49.318 [main] DEBUG net.thucydides.core.reflection.ClassFinder - Could not load class META-INF.versions.9.javax.xml.bind.ModuleUtil
20:28:49.318 [main] DEBUG net.thucydides.core.reflection.ClassFinder - Could not load class META-INF.versions.9.module-info
20:28:49.318 [main] DEBUG net.thucydides.core.reflection.ClassFinder - Could not load class META-INF.versions.9.org.codehaus.plexus.languages.java.jpms.BinaryModuleInfoParser
20:28:49.318 [main] DEBUG net.thucydides.core.reflection.ClassFinder - Could not load class META-INF.versions.9.org.codehaus.plexus.languages.java.jpms.CmdModuleNameExtractor
20:28:49.326 [main] DEBUG net.thucydides.core.reflection.ClassFinder - Could not load class META-INF.versions.9.org.junit.platform.commons.util.ModuleUtils
20:28:49.334 [main] DEBUG net.thucydides.core.reflection.ClassFinder - Could not load class com.google.gson.internal.
20:28:49.334 [main] DEBUG net.thucydides.core.reflection.ClassFinder - Could not load class com.sun.xml.bind.v2.runtime.output.FastInfosetStreamWriterOutput
20:28:49.342 [main] DEBUG net.thucydides.core.reflection.ClassFinder - Could not load class module-info
20:28:49.427 [Forwarding get on session 714d399489094d961396c47d63cabf25 to remote] DEBUG org.asynchttpclient.netty.request.NettyRequestSender - Using pooled Channel '[id: 0xd5f0a714, L:/127.0.0.1:57217 - R:localhost/127.0.0.1:59703]' for 'POST' to 'http://localhost:59703/session/714d399489094d961396c47d63cabf25/url'
20:28:49.427 [Forwarding get on session 714d399489094d961396c47d63cabf25 to remote] DEBUG org.asynchttpclient.netty.request.NettyRequestSender - Using open Channel [id: 0xd5f0a714, L:/127.0.0.1:57217 - R:localhost/127.0.0.1:59703] for POST '/session/714d399489094d961396c47d63cabf25/url'
20:28:49.694 [AsyncHttpClient-1-1] DEBUG org.asynchttpclient.netty.channel.DefaultChannelPool - Entry count for : http://localhost:57218 : 1
20:28:50.817 [AsyncHttpClient-1-1] DEBUG org.asynchttpclient.netty.channel.DefaultChannelPool - Entry count for : http://localhost:57218 : 1
20:28:51.114 [AsyncHttpClient-1-2] DEBUG org.asynchttpclient.netty.handler.HttpHandler - 

Request DefaultHttpRequest(decodeResult: success, version: HTTP/1.1)
POST /session/714d399489094d961396c47d63cabf25/url HTTP/1.1
User-Agent: selenium/4.1.2 (java windows)
Content-Length: 73
Content-Type: application/json; charset=utf-8
host: localhost:59703
accept: */*

Response DefaultHttpResponse(decodeResult: success, version: HTTP/1.1)
HTTP/1.1 200 OK
Content-Type: application/json; charset=utf-8
cache-control: no-cache
content-length: 14

20:28:51.114 [AsyncHttpClient-1-2] DEBUG org.asynchttpclient.netty.channel.ChannelManager - Adding key: http://localhost:59703 for channel [id: 0xd5f0a714, L:/127.0.0.1:57217 - R:localhost/127.0.0.1:59703]
20:28:51.138 [Forwarding setTimeout on session 714d399489094d961396c47d63cabf25 to remote] DEBUG org.asynchttpclient.netty.request.NettyRequestSender - Using pooled Channel '[id: 0xd5f0a714, L:/127.0.0.1:57217 - R:localhost/127.0.0.1:59703]' for 'POST' to 'http://localhost:59703/session/714d399489094d961396c47d63cabf25/timeouts'
20:28:51.138 [Forwarding setTimeout on session 714d399489094d961396c47d63cabf25 to remote] DEBUG org.asynchttpclient.netty.request.NettyRequestSender - Using open Channel [id: 0xd5f0a714, L:/127.0.0.1:57217 - R:localhost/127.0.0.1:59703] for POST '/session/714d399489094d961396c47d63cabf25/timeouts'
20:28:51.154 [AsyncHttpClient-1-2] DEBUG org.asynchttpclient.netty.handler.HttpHandler - 

Request DefaultHttpRequest(decodeResult: success, version: HTTP/1.1)
POST /session/714d399489094d961396c47d63cabf25/timeouts HTTP/1.1
User-Agent: selenium/4.1.2 (java windows)
Content-Length: 22
Content-Type: application/json; charset=utf-8
host: localhost:59703
accept: */*

Response DefaultHttpResponse(decodeResult: success, version: HTTP/1.1)
HTTP/1.1 200 OK
Content-Type: application/json; charset=utf-8
cache-control: no-cache
content-length: 14

20:28:51.154 [AsyncHttpClient-1-2] DEBUG org.asynchttpclient.netty.channel.ChannelManager - Adding key: http://localhost:59703 for channel [id: 0xd5f0a714, L:/127.0.0.1:57217 - R:localhost/127.0.0.1:59703]
20:28:51.234 [Forwarding getCurrentUrl on session 714d399489094d961396c47d63cabf25 to remote] DEBUG org.asynchttpclient.netty.request.NettyRequestSender - Using pooled Channel '[id: 0xd5f0a714, L:/127.0.0.1:57217 - R:localhost/127.0.0.1:59703]' for 'GET' to 'http://localhost:59703/session/714d399489094d961396c47d63cabf25/url'
20:28:51.242 [Forwarding getCurrentUrl on session 714d399489094d961396c47d63cabf25 to remote] DEBUG org.asynchttpclient.netty.request.NettyRequestSender - Using open Channel [id: 0xd5f0a714, L:/127.0.0.1:57217 - R:localhost/127.0.0.1:59703] for GET '/session/714d399489094d961396c47d63cabf25/url'
20:28:51.290 [AsyncHttpClient-1-2] DEBUG org.asynchttpclient.netty.handler.HttpHandler - 

Request DefaultFullHttpRequest(decodeResult: success, version: HTTP/1.1, content: EmptyByteBufBE)
GET /session/714d399489094d961396c47d63cabf25/url HTTP/1.1
User-Agent: selenium/4.1.2 (java windows)
Cache-Control: no-cache
Content-Type: application/json; charset=utf-8
host: localhost:59703
accept: */*

Response DefaultHttpResponse(decodeResult: success, version: HTTP/1.1)
HTTP/1.1 200 OK
Content-Type: application/json; charset=utf-8
cache-control: no-cache
content-length: 55

20:28:51.298 [AsyncHttpClient-1-2] DEBUG org.asynchttpclient.netty.channel.ChannelManager - Adding key: http://localhost:59703 for channel [id: 0xd5f0a714, L:/127.0.0.1:57217 - R:localhost/127.0.0.1:59703]
20:28:51.322 [Forwarding getCurrentUrl on session 714d399489094d961396c47d63cabf25 to remote] DEBUG org.asynchttpclient.netty.request.NettyRequestSender - Using pooled Channel '[id: 0xd5f0a714, L:/127.0.0.1:57217 - R:localhost/127.0.0.1:59703]' for 'GET' to 'http://localhost:59703/session/714d399489094d961396c47d63cabf25/url'
20:28:51.322 [Forwarding getCurrentUrl on session 714d399489094d961396c47d63cabf25 to remote] DEBUG org.asynchttpclient.netty.request.NettyRequestSender - Using open Channel [id: 0xd5f0a714, L:/127.0.0.1:57217 - R:localhost/127.0.0.1:59703] for GET '/session/714d399489094d961396c47d63cabf25/url'
20:28:51.434 [AsyncHttpClient-1-2] DEBUG org.asynchttpclient.netty.handler.HttpHandler - 

Request DefaultFullHttpRequest(decodeResult: success, version: HTTP/1.1, content: EmptyByteBufBE)
GET /session/714d399489094d961396c47d63cabf25/url HTTP/1.1
User-Agent: selenium/4.1.2 (java windows)
Cache-Control: no-cache
Content-Type: application/json; charset=utf-8
host: localhost:59703
accept: */*

Response DefaultHttpResponse(decodeResult: success, version: HTTP/1.1)
HTTP/1.1 200 OK
Content-Type: application/json; charset=utf-8
cache-control: no-cache
content-length: 55

20:28:51.442 [AsyncHttpClient-1-2] DEBUG org.asynchttpclient.netty.channel.ChannelManager - Adding key: http://localhost:59703 for channel [id: 0xd5f0a714, L:/127.0.0.1:57217 - R:localhost/127.0.0.1:59703]
20:28:51.570 [main] DEBUG net.serenitybdd.core.photography.Darkroom - Opening darkroom
20:28:51.570 [Forwarding screenshot on session 714d399489094d961396c47d63cabf25 to remote] DEBUG org.asynchttpclient.netty.request.NettyRequestSender - Using pooled Channel '[id: 0xd5f0a714, L:/127.0.0.1:57217 - R:localhost/127.0.0.1:59703]' for 'GET' to 'http://localhost:59703/session/714d399489094d961396c47d63cabf25/screenshot'
20:28:51.570 [Darkroom Processing Line] DEBUG net.serenitybdd.core.photography.DarkroomProcessingLine - Darkroom processing line starting up
20:28:51.570 [Forwarding screenshot on session 714d399489094d961396c47d63cabf25 to remote] DEBUG org.asynchttpclient.netty.request.NettyRequestSender - Using open Channel [id: 0xd5f0a714, L:/127.0.0.1:57217 - R:localhost/127.0.0.1:59703] for GET '/session/714d399489094d961396c47d63cabf25/screenshot'
20:28:51.842 [AsyncHttpClient-1-2] DEBUG org.asynchttpclient.netty.handler.HttpHandler - 

Request DefaultFullHttpRequest(decodeResult: success, version: HTTP/1.1, content: EmptyByteBufBE)
GET /session/714d399489094d961396c47d63cabf25/screenshot HTTP/1.1
User-Agent: selenium/4.1.2 (java windows)
Cache-Control: no-cache
Content-Type: application/json; charset=utf-8
host: localhost:59703
accept: */*

Response DefaultHttpResponse(decodeResult: success, version: HTTP/1.1)
HTTP/1.1 200 OK
Content-Type: application/json; charset=utf-8
cache-control: no-cache
content-length: 76456

20:28:51.850 [AsyncHttpClient-1-2] DEBUG org.asynchttpclient.netty.channel.ChannelManager - Adding key: http://localhost:59703 for channel [id: 0xd5f0a714, L:/127.0.0.1:57217 - R:localhost/127.0.0.1:59703]
20:28:51.890 [AsyncHttpClient-1-1] DEBUG org.asynchttpclient.netty.channel.DefaultChannelPool - Entry count for : http://localhost:59703 : 1
20:28:51.890 [AsyncHttpClient-1-1] DEBUG org.asynchttpclient.netty.channel.DefaultChannelPool - Entry count for : http://localhost:57218 : 1
20:28:52.114 [main] DEBUG net.serenitybdd.core.photography.Darkroom - Send negative for processing for target\site\serenity\13b1346fe2e5596b34957265c35d5eb17202c68ed812efb6ea9784d098f63f87.png
20:28:52.122 [Darkroom Processing Line] DEBUG net.serenitybdd.core.photography.DarkroomProcessingLine - Processing screenshot image in /var/screenshots/screenshot-10007803693698501442
20:28:52.122 [Darkroom Processing Line] DEBUG net.serenitybdd.core.photography.DarkroomProcessingLine - Saving screenshot to target\site\serenity\13b1346fe2e5596b34957265c35d5eb17202c68ed812efb6ea9784d098f63f87.png
20:28:52.122 [main] DEBUG net.thucydides.core.steps.StepInterceptor - STEP DONE: openDashbord
  &amp#27;[32mGiven &amp#27;[0m&amp#27;[32mOpen page dasbord&amp#27;[0m                           &amp#27;[90m# starter.stepdefinitios.PatientDataSteps.openPageDasbord()&amp#27;[0m
20:28:52.181 [Forwarding screenshot on session 714d399489094d961396c47d63cabf25 to remote] DEBUG org.asynchttpclient.netty.request.NettyRequestSender - Using pooled Channel '[id: 0xd5f0a714, L:/127.0.0.1:57217 - R:localhost/127.0.0.1:59703]' for 'GET' to 'http://localhost:59703/session/714d399489094d961396c47d63cabf25/screenshot'
20:28:52.181 [Forwarding screenshot on session 714d399489094d961396c47d63cabf25 to remote] DEBUG org.asynchttpclient.netty.request.NettyRequestSender - Using open Channel [id: 0xd5f0a714, L:/127.0.0.1:57217 - R:localhost/127.0.0.1:59703] for GET '/session/714d399489094d961396c47d63cabf25/screenshot'
20:28:52.381 [AsyncHttpClient-1-2] DEBUG org.asynchttpclient.netty.handler.HttpHandler - 

Request DefaultFullHttpRequest(decodeResult: success, version: HTTP/1.1, content: EmptyByteBufBE)
GET /session/714d399489094d961396c47d63cabf25/screenshot HTTP/1.1
User-Agent: selenium/4.1.2 (java windows)
Cache-Control: no-cache
Content-Type: application/json; charset=utf-8
host: localhost:59703
accept: */*

Response DefaultHttpResponse(decodeResult: success, version: HTTP/1.1)
HTTP/1.1 200 OK
Content-Type: application/json; charset=utf-8
cache-control: no-cache
content-length: 76336

20:28:52.381 [AsyncHttpClient-1-2] DEBUG org.asynchttpclient.netty.channel.ChannelManager - Adding key: http://localhost:59703 for channel [id: 0xd5f0a714, L:/127.0.0.1:57217 - R:localhost/127.0.0.1:59703]
20:28:52.389 [main] DEBUG net.serenitybdd.core.photography.Darkroom - Send negative for processing for target\site\serenity\682d53ac96905c9709a7416391bdc075deea066dd8bbf67546ea3e0629640c17.png
20:28:52.389 [Darkroom Processing Line] DEBUG net.serenitybdd.core.photography.DarkroomProcessingLine - Processing screenshot image in /var/screenshots/screenshot-17809103213474924535
20:28:52.389 [Darkroom Processing Line] DEBUG net.serenitybdd.core.photography.DarkroomProcessingLine - Saving screenshot to target\site\serenity\682d53ac96905c9709a7416391bdc075deea066dd8bbf67546ea3e0629640c17.png
20:28:52.519 [Forwarding screenshot on session 714d399489094d961396c47d63cabf25 to remote] DEBUG org.asynchttpclient.netty.request.NettyRequestSender - Using pooled Channel '[id: 0xd5f0a714, L:/127.0.0.1:57217 - R:localhost/127.0.0.1:59703]' for 'GET' to 'http://localhost:59703/session/714d399489094d961396c47d63cabf25/screenshot'
20:28:52.519 [Forwarding screenshot on session 714d399489094d961396c47d63cabf25 to remote] DEBUG org.asynchttpclient.netty.request.NettyRequestSender - Using open Channel [id: 0xd5f0a714, L:/127.0.0.1:57217 - R:localhost/127.0.0.1:59703] for GET '/session/714d399489094d961396c47d63cabf25/screenshot'
20:28:52.712 [AsyncHttpClient-1-2] DEBUG org.asynchttpclient.netty.handler.HttpHandler - 

Request DefaultFullHttpRequest(decodeResult: success, version: HTTP/1.1, content: EmptyByteBufBE)
GET /session/714d399489094d961396c47d63cabf25/screenshot HTTP/1.1
User-Agent: selenium/4.1.2 (java windows)
Cache-Control: no-cache
Content-Type: application/json; charset=utf-8
host: localhost:59703
accept: */*

Response DefaultHttpResponse(decodeResult: success, version: HTTP/1.1)
HTTP/1.1 200 OK
Content-Type: application/json; charset=utf-8
cache-control: no-cache
content-length: 76336

20:28:52.720 [AsyncHttpClient-1-2] DEBUG org.asynchttpclient.netty.channel.ChannelManager - Adding key: http://localhost:59703 for channel [id: 0xd5f0a714, L:/127.0.0.1:57217 - R:localhost/127.0.0.1:59703]
20:28:52.752 [main] DEBUG net.serenitybdd.core.photography.Darkroom - Send negative for processing for target\site\serenity\682d53ac96905c9709a7416391bdc075deea066dd8bbf67546ea3e0629640c17.png
20:28:52.752 [main] DEBUG net.thucydides.core.steps.StepInterceptor - STARTING STEP: KelolaJadwalSteps.clickButtonManageSchedule - clickButtonKelolaJadwal
20:28:52.788 [Forwarding findElement on session 714d399489094d961396c47d63cabf25 to remote] DEBUG org.asynchttpclient.netty.request.NettyRequestSender - Using pooled Channel '[id: 0xd5f0a714, L:/127.0.0.1:57217 - R:localhost/127.0.0.1:59703]' for 'POST' to 'http://localhost:59703/session/714d399489094d961396c47d63cabf25/element'
20:28:52.788 [Forwarding findElement on session 714d399489094d961396c47d63cabf25 to remote] DEBUG org.asynchttpclient.netty.request.NettyRequestSender - Using open Channel [id: 0xd5f0a714, L:/127.0.0.1:57217 - R:localhost/127.0.0.1:59703] for POST '/session/714d399489094d961396c47d63cabf25/element'
20:28:52.852 [AsyncHttpClient-1-2] DEBUG org.asynchttpclient.netty.handler.HttpHandler - 

Request DefaultHttpRequest(decodeResult: success, version: HTTP/1.1)
POST /session/714d399489094d961396c47d63cabf25/element HTTP/1.1
User-Agent: selenium/4.1.2 (java windows)
Content-Length: 123
Content-Type: application/json; charset=utf-8
host: localhost:59703
accept: */*

Response DefaultHttpResponse(decodeResult: success, version: HTTP/1.1)
HTTP/1.1 200 OK
Content-Type: application/json; charset=utf-8
cache-control: no-cache
content-length: 88

20:28:52.852 [AsyncHttpClient-1-2] DEBUG org.asynchttpclient.netty.channel.ChannelManager - Adding key: http://localhost:59703 for channel [id: 0xd5f0a714, L:/127.0.0.1:57217 - R:localhost/127.0.0.1:59703]
20:28:52.860 [Forwarding getElementTagName on session 714d399489094d961396c47d63cabf25 to remote] DEBUG org.asynchttpclient.netty.request.NettyRequestSender - Using pooled Channel '[id: 0xd5f0a714, L:/127.0.0.1:57217 - R:localhost/127.0.0.1:59703]' for 'GET' to 'http://localhost:59703/session/714d399489094d961396c47d63cabf25/element/899ad743-50a8-49b0-b011-32ad53326587/name'
20:28:52.860 [Forwarding getElementTagName on session 714d399489094d961396c47d63cabf25 to remote] DEBUG org.asynchttpclient.netty.request.NettyRequestSender - Using open Channel [id: 0xd5f0a714, L:/127.0.0.1:57217 - R:localhost/127.0.0.1:59703] for GET '/session/714d399489094d961396c47d63cabf25/element/899ad743-50a8-49b0-b011-32ad53326587/name'
20:28:52.884 [AsyncHttpClient-1-2] DEBUG org.asynchttpclient.netty.handler.HttpHandler - 

Request DefaultFullHttpRequest(decodeResult: success, version: HTTP/1.1, content: EmptyByteBufBE)
GET /session/714d399489094d961396c47d63cabf25/element/899ad743-50a8-49b0-b011-32ad53326587/name HTTP/1.1
User-Agent: selenium/4.1.2 (java windows)
Cache-Control: no-cache
Content-Type: application/json; charset=utf-8
host: localhost:59703
accept: */*

Response DefaultHttpResponse(decodeResult: success, version: HTTP/1.1)
HTTP/1.1 200 OK
Content-Type: application/json; charset=utf-8
cache-control: no-cache
content-length: 15

20:28:52.884 [AsyncHttpClient-1-2] DEBUG org.asynchttpclient.netty.channel.ChannelManager - Adding key: http://localhost:59703 for channel [id: 0xd5f0a714, L:/127.0.0.1:57217 - R:localhost/127.0.0.1:59703]
20:28:52.900 [Forwarding getElementTagName on session 714d399489094d961396c47d63cabf25 to remote] DEBUG org.asynchttpclient.netty.request.NettyRequestSender - Using pooled Channel '[id: 0xd5f0a714, L:/127.0.0.1:57217 - R:localhost/127.0.0.1:59703]' for 'GET' to 'http://localhost:59703/session/714d399489094d961396c47d63cabf25/element/899ad743-50a8-49b0-b011-32ad53326587/name'
20:28:52.900 [Forwarding getElementTagName on session 714d399489094d961396c47d63cabf25 to remote] DEBUG org.asynchttpclient.netty.request.NettyRequestSender - Using open Channel [id: 0xd5f0a714, L:/127.0.0.1:57217 - R:localhost/127.0.0.1:59703] for GET '/session/714d399489094d961396c47d63cabf25/element/899ad743-50a8-49b0-b011-32ad53326587/name'
20:28:52.916 [AsyncHttpClient-1-2] DEBUG org.asynchttpclient.netty.handler.HttpHandler - 

Request DefaultFullHttpRequest(decodeResult: success, version: HTTP/1.1, content: EmptyByteBufBE)
GET /session/714d399489094d961396c47d63cabf25/element/899ad743-50a8-49b0-b011-32ad53326587/name HTTP/1.1
User-Agent: selenium/4.1.2 (java windows)
Cache-Control: no-cache
Content-Type: application/json; charset=utf-8
host: localhost:59703
accept: */*

Response DefaultHttpResponse(decodeResult: success, version: HTTP/1.1)
HTTP/1.1 200 OK
Content-Type: application/json; charset=utf-8
cache-control: no-cache
content-length: 15

20:28:52.916 [AsyncHttpClient-1-2] DEBUG org.asynchttpclient.netty.channel.ChannelManager - Adding key: http://localhost:59703 for channel [id: 0xd5f0a714, L:/127.0.0.1:57217 - R:localhost/127.0.0.1:59703]
20:28:52.943 [Forwarding findElement on session 714d399489094d961396c47d63cabf25 to remote] DEBUG org.asynchttpclient.netty.request.NettyRequestSender - Using pooled Channel '[id: 0xd5f0a714, L:/127.0.0.1:57217 - R:localhost/127.0.0.1:59703]' for 'POST' to 'http://localhost:59703/session/714d399489094d961396c47d63cabf25/element'
20:28:52.943 [Forwarding findElement on session 714d399489094d961396c47d63cabf25 to remote] DEBUG org.asynchttpclient.netty.request.NettyRequestSender - Using open Channel [id: 0xd5f0a714, L:/127.0.0.1:57217 - R:localhost/127.0.0.1:59703] for POST '/session/714d399489094d961396c47d63cabf25/element'
20:28:52.983 [AsyncHttpClient-1-2] DEBUG org.asynchttpclient.netty.handler.HttpHandler - 

Request DefaultHttpRequest(decodeResult: success, version: HTTP/1.1)
POST /session/714d399489094d961396c47d63cabf25/element HTTP/1.1
User-Agent: selenium/4.1.2 (java windows)
Content-Length: 123
Content-Type: application/json; charset=utf-8
host: localhost:59703
accept: */*

Response DefaultHttpResponse(decodeResult: success, version: HTTP/1.1)
HTTP/1.1 200 OK
Content-Type: application/json; charset=utf-8
cache-control: no-cache
content-length: 88

20:28:52.985 [AsyncHttpClient-1-2] DEBUG org.asynchttpclient.netty.channel.ChannelManager - Adding key: http://localhost:59703 for channel [id: 0xd5f0a714, L:/127.0.0.1:57217 - R:localhost/127.0.0.1:59703]
20:28:52.991 [Forwarding clickElement on session 714d399489094d961396c47d63cabf25 to remote] DEBUG org.asynchttpclient.netty.request.NettyRequestSender - Using pooled Channel '[id: 0xd5f0a714, L:/127.0.0.1:57217 - R:localhost/127.0.0.1:59703]' for 'POST' to 'http://localhost:59703/session/714d399489094d961396c47d63cabf25/element/899ad743-50a8-49b0-b011-32ad53326587/click'
20:28:52.992 [Forwarding clickElement on session 714d399489094d961396c47d63cabf25 to remote] DEBUG org.asynchttpclient.netty.request.NettyRequestSender - Using open Channel [id: 0xd5f0a714, L:/127.0.0.1:57217 - R:localhost/127.0.0.1:59703] for POST '/session/714d399489094d961396c47d63cabf25/element/899ad743-50a8-49b0-b011-32ad53326587/click'
20:28:52.993 [AsyncHttpClient-1-1] DEBUG org.asynchttpclient.netty.channel.DefaultChannelPool - Entry count for : http://localhost:57218 : 1
20:28:53.517 [AsyncHttpClient-1-2] DEBUG org.asynchttpclient.netty.handler.HttpHandler - 

Request DefaultHttpRequest(decodeResult: success, version: HTTP/1.1)
POST /session/714d399489094d961396c47d63cabf25/element/899ad743-50a8-49b0-b011-32ad53326587/click HTTP/1.1
User-Agent: selenium/4.1.2 (java windows)
Content-Length: 50
Content-Type: application/json; charset=utf-8
host: localhost:59703
accept: */*

Response DefaultHttpResponse(decodeResult: success, version: HTTP/1.1)
HTTP/1.1 200 OK
Content-Type: application/json; charset=utf-8
cache-control: no-cache
content-length: 14

20:28:53.517 [AsyncHttpClient-1-2] DEBUG org.asynchttpclient.netty.channel.ChannelManager - Adding key: http://localhost:59703 for channel [id: 0xd5f0a714, L:/127.0.0.1:57217 - R:localhost/127.0.0.1:59703]
20:28:53.570 [Forwarding screenshot on session 714d399489094d961396c47d63cabf25 to remote] DEBUG org.asynchttpclient.netty.request.NettyRequestSender - Using pooled Channel '[id: 0xd5f0a714, L:/127.0.0.1:57217 - R:localhost/127.0.0.1:59703]' for 'GET' to 'http://localhost:59703/session/714d399489094d961396c47d63cabf25/screenshot'
20:28:53.570 [Forwarding screenshot on session 714d399489094d961396c47d63cabf25 to remote] DEBUG org.asynchttpclient.netty.request.NettyRequestSender - Using open Channel [id: 0xd5f0a714, L:/127.0.0.1:57217 - R:localhost/127.0.0.1:59703] for GET '/session/714d399489094d961396c47d63cabf25/screenshot'
20:28:54.126 [AsyncHttpClient-1-1] DEBUG org.asynchttpclient.netty.channel.DefaultChannelPool - Entry count for : http://localhost:57218 : 1
20:28:54.576 [AsyncHttpClient-1-2] DEBUG org.asynchttpclient.netty.handler.HttpHandler - 

Request DefaultFullHttpRequest(decodeResult: success, version: HTTP/1.1, content: EmptyByteBufBE)
GET /session/714d399489094d961396c47d63cabf25/screenshot HTTP/1.1
User-Agent: selenium/4.1.2 (java windows)
Cache-Control: no-cache
Content-Type: application/json; charset=utf-8
host: localhost:59703
accept: */*

Response DefaultHttpResponse(decodeResult: success, version: HTTP/1.1)
HTTP/1.1 200 OK
Content-Type: application/json; charset=utf-8
cache-control: no-cache
content-length: 98056

20:28:54.576 [AsyncHttpClient-1-2] DEBUG org.asynchttpclient.netty.channel.ChannelManager - Adding key: http://localhost:59703 for channel [id: 0xd5f0a714, L:/127.0.0.1:57217 - R:localhost/127.0.0.1:59703]
20:28:54.608 [main] DEBUG net.serenitybdd.core.photography.Darkroom - Send negative for processing for target\site\serenity\1327d6578606a0c287bd2a2e7a0a74d03e42139ef2503d5b5a6bc4c8dc11d9b9.png
20:28:54.608 [main] DEBUG net.thucydides.core.steps.StepInterceptor - STEP DONE: clickButtonKelolaJadwal
  &amp#27;[32mWhen &amp#27;[0m&amp#27;[32mClick button manage schedule&amp#27;[0m                 &amp#27;[90m# starter.stepdefinitios.KelolaJadwalSteps.clickButtonManageSchedule()&amp#27;[0m
20:28:54.608 [Darkroom Processing Line] DEBUG net.serenitybdd.core.photography.DarkroomProcessingLine - Processing screenshot image in /var/screenshots/screenshot-11590583282688133782
20:28:54.608 [Darkroom Processing Line] DEBUG net.serenitybdd.core.photography.DarkroomProcessingLine - Saving screenshot to target\site\serenity\1327d6578606a0c287bd2a2e7a0a74d03e42139ef2503d5b5a6bc4c8dc11d9b9.png
  &amp#27;[32mThen &amp#27;[0m&amp#27;[32mView manage schedule&amp#27;[0m                         &amp#27;[90m# starter.stepdefinitios.KelolaJadwalSteps.viewManageSchedule()&amp#27;[0m
20:28:54.709 [Forwarding screenshot on session 714d399489094d961396c47d63cabf25 to remote] DEBUG org.asynchttpclient.netty.request.NettyRequestSender - Using pooled Channel '[id: 0xd5f0a714, L:/127.0.0.1:57217 - R:localhost/127.0.0.1:59703]' for 'GET' to 'http://localhost:59703/session/714d399489094d961396c47d63cabf25/screenshot'
20:28:54.709 [Forwarding screenshot on session 714d399489094d961396c47d63cabf25 to remote] DEBUG org.asynchttpclient.netty.request.NettyRequestSender - Using open Channel [id: 0xd5f0a714, L:/127.0.0.1:57217 - R:localhost/127.0.0.1:59703] for GET '/session/714d399489094d961396c47d63cabf25/screenshot'
20:28:55.118 [AsyncHttpClient-1-2] DEBUG org.asynchttpclient.netty.handler.HttpHandler - 

Request DefaultFullHttpRequest(decodeResult: success, version: HTTP/1.1, content: EmptyByteBufBE)
GET /session/714d399489094d961396c47d63cabf25/screenshot HTTP/1.1
User-Agent: selenium/4.1.2 (java windows)
Cache-Control: no-cache
Content-Type: application/json; charset=utf-8
host: localhost:59703
accept: */*

Response DefaultHttpResponse(decodeResult: success, version: HTTP/1.1)
HTTP/1.1 200 OK
Content-Type: application/json; charset=utf-8
cache-control: no-cache
content-length: 98056

20:28:55.118 [AsyncHttpClient-1-2] DEBUG org.asynchttpclient.netty.channel.ChannelManager - Adding key: http://localhost:59703 for channel [id: 0xd5f0a714, L:/127.0.0.1:57217 - R:localhost/127.0.0.1:59703]
20:28:55.134 [main] DEBUG net.serenitybdd.core.photography.Darkroom - Send negative for processing for target\site\serenity\1327d6578606a0c287bd2a2e7a0a74d03e42139ef2503d5b5a6bc4c8dc11d9b9.png
20:28:55.161 [main] INFO  - 
  _____   ___   ___   _____     ___     _     ___   ___   ___   ___  
 |_   _| | __| / __| |_   _|   | _ \   /_\   / __| / __| | __| |   \ 
   | |   | _|  \__ \   | |     |  _/  / _ \  \__ \ \__ \ | _|  | |) |
   |_|   |___| |___/   |_|     |_|   /_/ \_\ |___/ |___/ |___| |___/ 

As a admin i want to view Manage Schedule
----------------------------------------------------------------------
20:28:55.190 [AsyncHttpClient-1-1] DEBUG org.asynchttpclient.netty.channel.DefaultChannelPool - Entry count for : http://localhost:59703 : 1
20:28:55.190 [AsyncHttpClient-1-1] DEBUG org.asynchttpclient.netty.channel.DefaultChannelPool - Entry count for : http://localhost:57218 : 1
20:28:55.761 [AsyncHttpClient-1-4] DEBUG org.asynchttpclient.netty.handler.WebSocketHandler - Channel Closed: [id: 0x12f6180e, L:/127.0.0.1:57234 ! R:localhost/127.0.0.1:57218] with attribute NettyResponseFuture{currentRetry=5,
	isDone=1,
	isCancelled=0,
	asyncHandler=org.asynchttpclient.ws.WebSocketUpgradeHandler@66a665ad,
	nettyRequest=org.asynchttpclient.netty.request.NettyRequest@2045a8c5,
	future=java.util.concurrent.CompletableFuture@2eb6cbef[Completed normally],
	uri=ws://localhost:57218/devtools/browser/b6b9e70a-4dc2-46aa-ab30-5c2c34cb8fd0,
	keepAlive=true,
	redirectCount=0,
	timeoutsHolder=null,
	inAuth=0,
	touch=1655990927024}
20:28:55.761 [Driver Command Executor] DEBUG org.asynchttpclient.netty.request.NettyRequestSender - Using pooled Channel '[id: 0xd5f0a714, L:/127.0.0.1:57217 - R:localhost/127.0.0.1:59703]' for 'DELETE' to 'http://localhost:59703/session/714d399489094d961396c47d63cabf25'
20:28:55.769 [AsyncHttpClient-1-4] DEBUG org.asynchttpclient.netty.channel.ChannelManager - Closing Channel [id: 0x12f6180e, L:/127.0.0.1:57234 ! R:localhost/127.0.0.1:57218] 
20:28:55.769 [Driver Command Executor] DEBUG org.asynchttpclient.netty.request.NettyRequestSender - Using open Channel [id: 0xd5f0a714, L:/127.0.0.1:57217 - R:localhost/127.0.0.1:59703] for DELETE '/session/714d399489094d961396c47d63cabf25'
20:28:56.289 [AsyncHttpClient-1-1] DEBUG org.asynchttpclient.netty.channel.DefaultChannelPool - Entry count for : http://localhost:57218 : 1
20:28:57.397 [AsyncHttpClient-1-1] DEBUG org.asynchttpclient.netty.channel.DefaultChannelPool - Entry count for : http://localhost:57218 : 1
20:28:57.626 [AsyncHttpClient-1-3] DEBUG org.asynchttpclient.netty.handler.HttpHandler - Unexpected I/O exception on channel [id: 0x1268d675, L:/127.0.0.1:57233 - R:localhost/127.0.0.1:57218]
java.io.IOException: An existing connection was forcibly closed by the remote host
	at java.base/sun.nio.ch.SocketDispatcher.read0(Native Method)
	at java.base/sun.nio.ch.SocketDispatcher.read(SocketDispatcher.java:43)
	at java.base/sun.nio.ch.IOUtil.readIntoNativeBuffer(IOUtil.java:276)
	at java.base/sun.nio.ch.IOUtil.read(IOUtil.java:233)
	at java.base/sun.nio.ch.IOUtil.read(IOUtil.java:223)
	at java.base/sun.nio.ch.SocketChannelImpl.read(SocketChannelImpl.java:358)
	at io.netty.buffer.PooledByteBuf.setBytes(PooledByteBuf.java:258)
	at io.netty.buffer.AbstractByteBuf.writeBytes(AbstractByteBuf.java:1132)
	at io.netty.channel.socket.nio.NioSocketChannel.doReadBytes(NioSocketChannel.java:350)
	at io.netty.channel.nio.AbstractNioByteChannel$NioByteUnsafe.read(AbstractNioByteChannel.java:151)
	at io.netty.channel.nio.NioEventLoop.processSelectedKey(NioEventLoop.java:722)
	at io.netty.channel.nio.NioEventLoop.processSelectedKeysOptimized(NioEventLoop.java:658)
	at io.netty.channel.nio.NioEventLoop.processSelectedKeys(NioEventLoop.java:584)
	at io.netty.channel.nio.NioEventLoop.run(NioEventLoop.java:496)
	at io.netty.util.concurrent.SingleThreadEventExecutor$4.run(SingleThreadEventExecutor.java:986)
	at io.netty.util.internal.ThreadExecutorMap$2.run(ThreadExecutorMap.java:74)
	at io.netty.util.concurrent.FastThreadLocalRunnable.run(FastThreadLocalRunnable.java:30)
	at java.base/java.lang.Thread.run(Thread.java:834)
20:28:57.641 [AsyncHttpClient-1-3] DEBUG org.asynchttpclient.netty.channel.ChannelManager - Closing Channel [id: 0x1268d675, L:/127.0.0.1:57233 - R:localhost/127.0.0.1:57218] 
20:28:57.641 [AsyncHttpClient-1-3] DEBUG org.asynchttpclient.netty.handler.HttpHandler - Channel Closed: [id: 0x1268d675, L:/127.0.0.1:57233 ! R:localhost/127.0.0.1:57218] with attribute DISCARD
20:28:57.673 [AsyncHttpClient-1-2] DEBUG org.asynchttpclient.netty.handler.HttpHandler - 

Request DefaultFullHttpRequest(decodeResult: success, version: HTTP/1.1, content: EmptyByteBufBE)
DELETE /session/714d399489094d961396c47d63cabf25 HTTP/1.1
User-Agent: selenium/4.1.2 (java windows)
Content-Type: application/json; charset=utf-8
host: localhost:59703
accept: */*

Response DefaultHttpResponse(decodeResult: success, version: HTTP/1.1)
HTTP/1.1 200 OK
Content-Type: application/json; charset=utf-8
cache-control: no-cache
content-length: 14

20:28:57.673 [AsyncHttpClient-1-2] DEBUG org.asynchttpclient.netty.channel.ChannelManager - Adding key: http://localhost:59703 for channel [id: 0xd5f0a714, L:/127.0.0.1:57217 - R:localhost/127.0.0.1:59703]
20:28:58.005 [AsyncHttpClient-1-2] DEBUG org.asynchttpclient.netty.handler.HttpHandler - Channel Closed: [id: 0xd5f0a714, L:/127.0.0.1:57217 ! R:localhost/127.0.0.1:59703] with attribute DISCARD
20:28:58.492 [AsyncHttpClient-1-1] DEBUG org.asynchttpclient.netty.channel.DefaultChannelPool - Entry count for : http://localhost:59703 : 1
20:28:58.492 [AsyncHttpClient-1-1] DEBUG org.asynchttpclient.netty.channel.DefaultChannelPool - Entry count for : http://localhost:57218 : 1
20:28:58.492 [AsyncHttpClient-1-1] DEBUG org.asynchttpclient.netty.channel.DefaultChannelPool - Adding Candidate expired Channel [id: 0xd5f0a714, L:/127.0.0.1:57217 ! R:localhost/127.0.0.1:59703] isIdleTimeoutExpired=false isRemotelyClosed=true isTtlExpired=false
20:28:58.492 [AsyncHttpClient-1-1] DEBUG org.asynchttpclient.netty.channel.DefaultChannelPool - Closing Idle Channel [id: 0xd5f0a714, L:/127.0.0.1:57217 ! R:localhost/127.0.0.1:59703]
20:28:58.492 [AsyncHttpClient-1-1] DEBUG org.asynchttpclient.netty.channel.DefaultChannelPool - Adding Candidate expired Channel [id: 0x1268d675, L:/127.0.0.1:57233 ! R:localhost/127.0.0.1:57218] isIdleTimeoutExpired=false isRemotelyClosed=true isTtlExpired=false
20:28:58.508 [AsyncHttpClient-1-1] DEBUG org.asynchttpclient.netty.channel.DefaultChannelPool - Closing Idle Channel [id: 0x1268d675, L:/127.0.0.1:57233 ! R:localhost/127.0.0.1:57218]
20:28:58.508 [AsyncHttpClient-1-1] DEBUG org.asynchttpclient.netty.channel.DefaultChannelPool - Closed 2 connections out of 2 in 16 ms
]]></system-out>
    <system-err><![CDATA[Starting ChromeDriver 102.0.5005.61 (0e59bcc00cc4985ce39ad31c150065f159d95ad3-refs/branch-heads/5005@{#819}) on port 59703
Only local connections are allowed.
Please see https://chromedriver.chromium.org/security-considerations for suggestions on keeping ChromeDriver safe.
ChromeDriver was started successfully.
Jun 23, 2022 8:28:46 PM org.openqa.selenium.remote.ProtocolHandshake createSession
INFO: Detected dialect: W3C
Jun 23, 2022 8:28:47 PM org.openqa.selenium.devtools.CdpVersionFinder findNearestMatch
WARNING: Unable to find an exact match for CDP version 102, so returning the closest version found: a no-op implementation
Jun 23, 2022 8:28:47 PM org.openqa.selenium.devtools.CdpVersionFinder findNearestMatch
INFO: Unable to find CDP implementation matching 102.
Jun 23, 2022 8:28:47 PM org.openqa.selenium.chromium.ChromiumDriver lambda$new$3
WARNING: Unable to find version of CDP to use for . You may need to include a dependency on a specific version of the CDP using something similar to `org.seleniumhq.selenium:selenium-devtools-v86:4.1.2` where the version ("v86") matches the version of the chromium-based browser you're using and the version number of the artifact is the same as Selenium's.
]]></system-err>
  </testcase>
  <testcase name="As a admin i want to add data dokter #1" classname="Add Data Dokter - Admin" time="23.133">
    <system-out><![CDATA[20:28:58.539 [main] INFO io.cucumber.core.plugin.SerenityReporter - Running feature from file:///D:/Kel-1-capstone/TestingWeb/src/test/resources/features/AddDataDokter.feature
20:28:58.570 [main] DEBUG net.thucydides.core.steps.StepEventBus - Test suite started for story net.thucydides.core.model.Story@f27570ba
20:28:58.570 [main] INFO  - Test Suite Started: Add Data Dokter - Admin

@AddDokterData
Scenario Outline: As a admin i want to add data dokter                        &amp#27;[90m# src/test/resources/features/AddDataDokter.feature:12&amp#27;[0m
20:28:58.773 [main] INFO io.cucumber.core.plugin.SerenityReporter - Running feature from file:///D:/Kel-1-capstone/TestingWeb/src/test/resources/features/AddDataDokter.feature
20:28:58.820 [main] INFO  - 
  _____   ___   ___   _____     ___   _____     _     ___   _____   ___   ___  
 |_   _| | __| / __| |_   _|   / __| |_   _|   /_\   | _ \ |_   _| | __| |   \ 
   | |   | _|  \__ \   | |     \__ \   | |    / _ \  |   /   | |   | _|  | |) |
   |_|   |___| |___/   |_|     |___/   |_|   /_/ \_\ |_|_\   |_|   |___| |___/ 

As a admin i want to add data dokter(add-data-dokter---admin;as-a-admin-i-want-to-add-data-dokter)
--------------------------------------------------------------------------------
20:29:00.304 [main] DEBUG net.thucydides.core.steps.StepInterceptor - STARTING STEP: DokterDataSteps.openPageDataDokter - openDataDokter
20:29:00.304 [main] INFO net.serenitybdd.core.webdriver.driverproviders.ChromeDriverProvider - Using automatically driver download
20:29:01.250 [main] DEBUG io.github.bonigarcia.wdm.cache.ResolutionCache - Resolution chrome=102 in cache (valid until 21:04:30 23/06/2022 ICT)
20:29:01.344 [main] DEBUG io.github.bonigarcia.wdm.cache.ResolutionCache - Resolution chrome102=102.0.5005.61 in cache (valid until 20:04:30 24/06/2022 ICT)
20:29:01.360 [main] INFO io.github.bonigarcia.wdm.WebDriverManager - Using chromedriver 102.0.5005.61 (resolved driver for Chrome 102)
20:29:01.453 [main] DEBUG io.github.bonigarcia.wdm.WebDriverManager - Driver chromedriver 102.0.5005.61 found in cache
20:29:01.469 [main] INFO io.github.bonigarcia.wdm.WebDriverManager - Exporting webdriver.chrome.driver as C:\Users\ASUS\.cache\selenium\chromedriver\win32\102.0.5005.61\chromedriver.exe
20:29:01.853 [main] DEBUG net.serenitybdd.core.webdriver.driverproviders.ProvideNewDriver - Instantiating driver
20:29:01.853 [main] DEBUG net.serenitybdd.core.webdriver.driverproviders.ProvideNewDriver - Driver capabilities: Capabilities {acceptInsecureCerts: false, base.url: https://fanciful-trifle-360..., browserName: chrome, chorme.driver: src/test/resources/webdrive..., driver: chrome, goog:chromeOptions: {args: [], extensions: []}}
20:29:02.439 [AsyncHttpClient-1-5] DEBUG org.asynchttpclient.netty.channel.NettyConnectListener - Using new Channel '[id: 0xcf087b2b, L:/127.0.0.1:57263 - R:localhost/127.0.0.1:65158]' for 'POST' to '/session'
20:29:04.205 [AsyncHttpClient-1-5] DEBUG org.asynchttpclient.netty.handler.HttpHandler - 

Request DefaultHttpRequest(decodeResult: success, version: HTTP/1.1)
POST /session HTTP/1.1
User-Agent: selenium/4.1.2 (java windows)
Content-Length: 629
Content-Type: application/json; charset=utf-8
host: localhost:65158
accept: */*

Response DefaultHttpResponse(decodeResult: success, version: HTTP/1.1)
HTTP/1.1 200 OK
Content-Type: application/json; charset=utf-8
cache-control: no-cache
content-length: 789

20:29:04.205 [AsyncHttpClient-1-5] DEBUG org.asynchttpclient.netty.channel.ChannelManager - Adding key: http://localhost:65158 for channel [id: 0xcf087b2b, L:/127.0.0.1:57263 - R:localhost/127.0.0.1:65158]
20:29:04.383 [AsyncHttpClient-1-6] DEBUG org.asynchttpclient.netty.channel.NettyConnectListener - Using new Channel '[id: 0x5290268c, L:/127.0.0.1:57275 - R:localhost/127.0.0.1:57264]' for 'GET' to '/json/version'
20:29:04.414 [AsyncHttpClient-1-6] DEBUG org.asynchttpclient.netty.handler.HttpHandler - 

Request DefaultFullHttpRequest(decodeResult: success, version: HTTP/1.1, content: EmptyByteBufBE)
GET /json/version HTTP/1.1
User-Agent: selenium/4.1.2 (java windows)
host: localhost:57264
accept: */*

Response DefaultHttpResponse(decodeResult: success, version: HTTP/1.1)
HTTP/1.1 200 OK
Content-Type: application/json; charset=UTF-8
content-length: 428

20:29:04.414 [AsyncHttpClient-1-6] DEBUG org.asynchttpclient.netty.channel.ChannelManager - Adding key: http://localhost:57264 for channel [id: 0x5290268c, L:/127.0.0.1:57275 - R:localhost/127.0.0.1:57264]
20:29:04.446 [AsyncHttpClient-1-1] DEBUG org.asynchttpclient.netty.channel.DefaultChannelPool - Entry count for : http://localhost:57264 : 1
20:29:04.446 [AsyncHttpClient-1-1] DEBUG org.asynchttpclient.netty.channel.DefaultChannelPool - Entry count for : http://localhost:65158 : 1
20:29:04.461 [AsyncHttpClient-1-7] DEBUG org.asynchttpclient.netty.channel.NettyConnectListener - Using new Channel '[id: 0xc5885c45, L:/127.0.0.1:57276 - R:localhost/127.0.0.1:57264]' for 'GET' to '/devtools/browser/7b863b35-b95a-4bb9-aae4-76d85f85681c'
20:29:04.477 [AsyncHttpClient-1-7] DEBUG org.asynchttpclient.netty.handler.WebSocketHandler - 

Request DefaultFullHttpRequest(decodeResult: success, version: HTTP/1.1, content: EmptyByteBufBE)
GET /devtools/browser/7b863b35-b95a-4bb9-aae4-76d85f85681c HTTP/1.1
upgrade: websocket
connection: upgrade
sec-websocket-key: HxgzftPfGRFw92gSUuPsWA==
sec-websocket-version: 13
origin: http://localhost:57264
host: localhost:57264
accept: */*
user-agent: AHC/2.1

Response DefaultHttpResponse(decodeResult: success, version: HTTP/1.1)
HTTP/1.1 101 WebSocket Protocol Handshake
Upgrade: WebSocket
Connection: Upgrade
Sec-WebSocket-Accept: y0lJ4+7TiptIMZbCQao7wyn1OU0=

20:29:04.492 [Forwarding get on session f080283ce7aa140af5fcd556a79c2c68 to remote] DEBUG org.asynchttpclient.netty.request.NettyRequestSender - Using pooled Channel '[id: 0xcf087b2b, L:/127.0.0.1:57263 - R:localhost/127.0.0.1:65158]' for 'POST' to 'http://localhost:65158/session/f080283ce7aa140af5fcd556a79c2c68/url'
20:29:04.492 [Forwarding get on session f080283ce7aa140af5fcd556a79c2c68 to remote] DEBUG org.asynchttpclient.netty.request.NettyRequestSender - Using open Channel [id: 0xcf087b2b, L:/127.0.0.1:57263 - R:localhost/127.0.0.1:65158] for POST '/session/f080283ce7aa140af5fcd556a79c2c68/url'
20:29:05.487 [AsyncHttpClient-1-1] DEBUG org.asynchttpclient.netty.channel.DefaultChannelPool - Entry count for : http://localhost:57264 : 1
20:29:06.590 [AsyncHttpClient-1-1] DEBUG org.asynchttpclient.netty.channel.DefaultChannelPool - Entry count for : http://localhost:57264 : 1
20:29:07.702 [AsyncHttpClient-1-1] DEBUG org.asynchttpclient.netty.channel.DefaultChannelPool - Entry count for : http://localhost:57264 : 1
20:29:08.214 [AsyncHttpClient-1-5] DEBUG org.asynchttpclient.netty.handler.HttpHandler - 

Request DefaultHttpRequest(decodeResult: success, version: HTTP/1.1)
POST /session/f080283ce7aa140af5fcd556a79c2c68/url HTTP/1.1
User-Agent: selenium/4.1.2 (java windows)
Content-Length: 84
Content-Type: application/json; charset=utf-8
host: localhost:65158
accept: */*

Response DefaultHttpResponse(decodeResult: success, version: HTTP/1.1)
HTTP/1.1 200 OK
Content-Type: application/json; charset=utf-8
cache-control: no-cache
content-length: 14

20:29:08.214 [AsyncHttpClient-1-5] DEBUG org.asynchttpclient.netty.channel.ChannelManager - Adding key: http://localhost:65158 for channel [id: 0xcf087b2b, L:/127.0.0.1:57263 - R:localhost/127.0.0.1:65158]
20:29:08.222 [Forwarding setTimeout on session f080283ce7aa140af5fcd556a79c2c68 to remote] DEBUG org.asynchttpclient.netty.request.NettyRequestSender - Using pooled Channel '[id: 0xcf087b2b, L:/127.0.0.1:57263 - R:localhost/127.0.0.1:65158]' for 'POST' to 'http://localhost:65158/session/f080283ce7aa140af5fcd556a79c2c68/timeouts'
20:29:08.222 [Forwarding setTimeout on session f080283ce7aa140af5fcd556a79c2c68 to remote] DEBUG org.asynchttpclient.netty.request.NettyRequestSender - Using open Channel [id: 0xcf087b2b, L:/127.0.0.1:57263 - R:localhost/127.0.0.1:65158] for POST '/session/f080283ce7aa140af5fcd556a79c2c68/timeouts'
20:29:08.230 [AsyncHttpClient-1-5] DEBUG org.asynchttpclient.netty.handler.HttpHandler - 

Request DefaultHttpRequest(decodeResult: success, version: HTTP/1.1)
POST /session/f080283ce7aa140af5fcd556a79c2c68/timeouts HTTP/1.1
User-Agent: selenium/4.1.2 (java windows)
Content-Length: 22
Content-Type: application/json; charset=utf-8
host: localhost:65158
accept: */*

Response DefaultHttpResponse(decodeResult: success, version: HTTP/1.1)
HTTP/1.1 200 OK
Content-Type: application/json; charset=utf-8
cache-control: no-cache
content-length: 14

20:29:08.230 [AsyncHttpClient-1-5] DEBUG org.asynchttpclient.netty.channel.ChannelManager - Adding key: http://localhost:65158 for channel [id: 0xcf087b2b, L:/127.0.0.1:57263 - R:localhost/127.0.0.1:65158]
20:29:08.254 [Forwarding getCurrentUrl on session f080283ce7aa140af5fcd556a79c2c68 to remote] DEBUG org.asynchttpclient.netty.request.NettyRequestSender - Using pooled Channel '[id: 0xcf087b2b, L:/127.0.0.1:57263 - R:localhost/127.0.0.1:65158]' for 'GET' to 'http://localhost:65158/session/f080283ce7aa140af5fcd556a79c2c68/url'
20:29:08.254 [Forwarding getCurrentUrl on session f080283ce7aa140af5fcd556a79c2c68 to remote] DEBUG org.asynchttpclient.netty.request.NettyRequestSender - Using open Channel [id: 0xcf087b2b, L:/127.0.0.1:57263 - R:localhost/127.0.0.1:65158] for GET '/session/f080283ce7aa140af5fcd556a79c2c68/url'
20:29:08.270 [AsyncHttpClient-1-5] DEBUG org.asynchttpclient.netty.handler.HttpHandler - 

Request DefaultFullHttpRequest(decodeResult: success, version: HTTP/1.1, content: EmptyByteBufBE)
GET /session/f080283ce7aa140af5fcd556a79c2c68/url HTTP/1.1
User-Agent: selenium/4.1.2 (java windows)
Cache-Control: no-cache
Content-Type: application/json; charset=utf-8
host: localhost:65158
accept: */*

Response DefaultHttpResponse(decodeResult: success, version: HTTP/1.1)
HTTP/1.1 200 OK
Content-Type: application/json; charset=utf-8
cache-control: no-cache
content-length: 66

20:29:08.270 [AsyncHttpClient-1-5] DEBUG org.asynchttpclient.netty.channel.ChannelManager - Adding key: http://localhost:65158 for channel [id: 0xcf087b2b, L:/127.0.0.1:57263 - R:localhost/127.0.0.1:65158]
20:29:08.294 [main] DEBUG net.serenitybdd.core.photography.Darkroom - Opening darkroom
20:29:08.294 [Darkroom Processing Line] DEBUG net.serenitybdd.core.photography.DarkroomProcessingLine - Darkroom processing line starting up
20:29:08.294 [Forwarding screenshot on session f080283ce7aa140af5fcd556a79c2c68 to remote] DEBUG org.asynchttpclient.netty.request.NettyRequestSender - Using pooled Channel '[id: 0xcf087b2b, L:/127.0.0.1:57263 - R:localhost/127.0.0.1:65158]' for 'GET' to 'http://localhost:65158/session/f080283ce7aa140af5fcd556a79c2c68/screenshot'
20:29:08.294 [Forwarding screenshot on session f080283ce7aa140af5fcd556a79c2c68 to remote] DEBUG org.asynchttpclient.netty.request.NettyRequestSender - Using open Channel [id: 0xcf087b2b, L:/127.0.0.1:57263 - R:localhost/127.0.0.1:65158] for GET '/session/f080283ce7aa140af5fcd556a79c2c68/screenshot'
20:29:08.785 [AsyncHttpClient-1-1] DEBUG org.asynchttpclient.netty.channel.DefaultChannelPool - Entry count for : http://localhost:57264 : 1
20:29:09.265 [AsyncHttpClient-1-5] DEBUG org.asynchttpclient.netty.handler.HttpHandler - 

Request DefaultFullHttpRequest(decodeResult: success, version: HTTP/1.1, content: EmptyByteBufBE)
GET /session/f080283ce7aa140af5fcd556a79c2c68/screenshot HTTP/1.1
User-Agent: selenium/4.1.2 (java windows)
Cache-Control: no-cache
Content-Type: application/json; charset=utf-8
host: localhost:65158
accept: */*

Response DefaultHttpResponse(decodeResult: success, version: HTTP/1.1)
HTTP/1.1 200 OK
Content-Type: application/json; charset=utf-8
cache-control: no-cache
content-length: 89244

20:29:09.273 [AsyncHttpClient-1-5] DEBUG org.asynchttpclient.netty.channel.ChannelManager - Adding key: http://localhost:65158 for channel [id: 0xcf087b2b, L:/127.0.0.1:57263 - R:localhost/127.0.0.1:65158]
20:29:09.281 [main] DEBUG net.serenitybdd.core.photography.Darkroom - Send negative for processing for target\site\serenity\3052ff408271db81d24f379b08c567440478c9c96666f65f51585770754af31d.png
20:29:09.281 [Darkroom Processing Line] DEBUG net.serenitybdd.core.photography.DarkroomProcessingLine - Processing screenshot image in /var/screenshots/screenshot-1128837600722600109
20:29:09.281 [Darkroom Processing Line] DEBUG net.serenitybdd.core.photography.DarkroomProcessingLine - Saving screenshot to target\site\serenity\3052ff408271db81d24f379b08c567440478c9c96666f65f51585770754af31d.png
20:29:09.281 [main] DEBUG net.thucydides.core.steps.StepInterceptor - STEP DONE: openDataDokter
  &amp#27;[32mGiven &amp#27;[0m&amp#27;[32mOpen page data dokter&amp#27;[0m                                                 &amp#27;[90m# starter.stepdefinitios.DokterDataSteps.openPageDataDokter()&amp#27;[0m
20:29:09.385 [Forwarding screenshot on session f080283ce7aa140af5fcd556a79c2c68 to remote] DEBUG org.asynchttpclient.netty.request.NettyRequestSender - Using pooled Channel '[id: 0xcf087b2b, L:/127.0.0.1:57263 - R:localhost/127.0.0.1:65158]' for 'GET' to 'http://localhost:65158/session/f080283ce7aa140af5fcd556a79c2c68/screenshot'
20:29:09.385 [Forwarding screenshot on session f080283ce7aa140af5fcd556a79c2c68 to remote] DEBUG org.asynchttpclient.netty.request.NettyRequestSender - Using open Channel [id: 0xcf087b2b, L:/127.0.0.1:57263 - R:localhost/127.0.0.1:65158] for GET '/session/f080283ce7aa140af5fcd556a79c2c68/screenshot'
20:29:09.585 [AsyncHttpClient-1-5] DEBUG org.asynchttpclient.netty.handler.HttpHandler - 

Request DefaultFullHttpRequest(decodeResult: success, version: HTTP/1.1, content: EmptyByteBufBE)
GET /session/f080283ce7aa140af5fcd556a79c2c68/screenshot HTTP/1.1
User-Agent: selenium/4.1.2 (java windows)
Cache-Control: no-cache
Content-Type: application/json; charset=utf-8
host: localhost:65158
accept: */*

Response DefaultHttpResponse(decodeResult: success, version: HTTP/1.1)
HTTP/1.1 200 OK
Content-Type: application/json; charset=utf-8
cache-control: no-cache
content-length: 93040

20:29:09.585 [AsyncHttpClient-1-5] DEBUG org.asynchttpclient.netty.channel.ChannelManager - Adding key: http://localhost:65158 for channel [id: 0xcf087b2b, L:/127.0.0.1:57263 - R:localhost/127.0.0.1:65158]
20:29:09.593 [main] DEBUG net.serenitybdd.core.photography.Darkroom - Send negative for processing for target\site\serenity\d8be76183a186ea03bcf458a3394f7fbc2e16f65bc8f39e263a424a9f4ab9d9f.png
20:29:09.593 [main] DEBUG net.thucydides.core.steps.StepInterceptor - STARTING STEP: PatientDataSteps.clickButtonTambahData - clickButtonTambah
20:29:09.601 [Darkroom Processing Line] DEBUG net.serenitybdd.core.photography.DarkroomProcessingLine - Processing screenshot image in /var/screenshots/screenshot-4590417583265236879
20:29:09.601 [Darkroom Processing Line] DEBUG net.serenitybdd.core.photography.DarkroomProcessingLine - Saving screenshot to target\site\serenity\d8be76183a186ea03bcf458a3394f7fbc2e16f65bc8f39e263a424a9f4ab9d9f.png
20:29:09.609 [Forwarding findElement on session f080283ce7aa140af5fcd556a79c2c68 to remote] DEBUG org.asynchttpclient.netty.request.NettyRequestSender - Using pooled Channel '[id: 0xcf087b2b, L:/127.0.0.1:57263 - R:localhost/127.0.0.1:65158]' for 'POST' to 'http://localhost:65158/session/f080283ce7aa140af5fcd556a79c2c68/element'
20:29:09.609 [Forwarding findElement on session f080283ce7aa140af5fcd556a79c2c68 to remote] DEBUG org.asynchttpclient.netty.request.NettyRequestSender - Using open Channel [id: 0xcf087b2b, L:/127.0.0.1:57263 - R:localhost/127.0.0.1:65158] for POST '/session/f080283ce7aa140af5fcd556a79c2c68/element'
20:29:09.665 [AsyncHttpClient-1-5] DEBUG org.asynchttpclient.netty.handler.HttpHandler - 

Request DefaultHttpRequest(decodeResult: success, version: HTTP/1.1)
POST /session/f080283ce7aa140af5fcd556a79c2c68/element HTTP/1.1
User-Agent: selenium/4.1.2 (java windows)
Content-Length: 68
Content-Type: application/json; charset=utf-8
host: localhost:65158
accept: */*

Response DefaultHttpResponse(decodeResult: success, version: HTTP/1.1)
HTTP/1.1 200 OK
Content-Type: application/json; charset=utf-8
cache-control: no-cache
content-length: 88

20:29:09.673 [AsyncHttpClient-1-5] DEBUG org.asynchttpclient.netty.channel.ChannelManager - Adding key: http://localhost:65158 for channel [id: 0xcf087b2b, L:/127.0.0.1:57263 - R:localhost/127.0.0.1:65158]
20:29:09.673 [Forwarding getElementTagName on session f080283ce7aa140af5fcd556a79c2c68 to remote] DEBUG org.asynchttpclient.netty.request.NettyRequestSender - Using pooled Channel '[id: 0xcf087b2b, L:/127.0.0.1:57263 - R:localhost/127.0.0.1:65158]' for 'GET' to 'http://localhost:65158/session/f080283ce7aa140af5fcd556a79c2c68/element/a2fe126b-ea7a-4155-9ddb-e9be15b91c66/name'
20:29:09.673 [Forwarding getElementTagName on session f080283ce7aa140af5fcd556a79c2c68 to remote] DEBUG org.asynchttpclient.netty.request.NettyRequestSender - Using open Channel [id: 0xcf087b2b, L:/127.0.0.1:57263 - R:localhost/127.0.0.1:65158] for GET '/session/f080283ce7aa140af5fcd556a79c2c68/element/a2fe126b-ea7a-4155-9ddb-e9be15b91c66/name'
20:29:09.689 [AsyncHttpClient-1-5] DEBUG org.asynchttpclient.netty.handler.HttpHandler - 

Request DefaultFullHttpRequest(decodeResult: success, version: HTTP/1.1, content: EmptyByteBufBE)
GET /session/f080283ce7aa140af5fcd556a79c2c68/element/a2fe126b-ea7a-4155-9ddb-e9be15b91c66/name HTTP/1.1
User-Agent: selenium/4.1.2 (java windows)
Cache-Control: no-cache
Content-Type: application/json; charset=utf-8
host: localhost:65158
accept: */*

Response DefaultHttpResponse(decodeResult: success, version: HTTP/1.1)
HTTP/1.1 200 OK
Content-Type: application/json; charset=utf-8
cache-control: no-cache
content-length: 18

20:29:09.689 [AsyncHttpClient-1-5] DEBUG org.asynchttpclient.netty.channel.ChannelManager - Adding key: http://localhost:65158 for channel [id: 0xcf087b2b, L:/127.0.0.1:57263 - R:localhost/127.0.0.1:65158]
20:29:09.689 [Forwarding getElementTagName on session f080283ce7aa140af5fcd556a79c2c68 to remote] DEBUG org.asynchttpclient.netty.request.NettyRequestSender - Using pooled Channel '[id: 0xcf087b2b, L:/127.0.0.1:57263 - R:localhost/127.0.0.1:65158]' for 'GET' to 'http://localhost:65158/session/f080283ce7aa140af5fcd556a79c2c68/element/a2fe126b-ea7a-4155-9ddb-e9be15b91c66/name'
20:29:09.689 [Forwarding getElementTagName on session f080283ce7aa140af5fcd556a79c2c68 to remote] DEBUG org.asynchttpclient.netty.request.NettyRequestSender - Using open Channel [id: 0xcf087b2b, L:/127.0.0.1:57263 - R:localhost/127.0.0.1:65158] for GET '/session/f080283ce7aa140af5fcd556a79c2c68/element/a2fe126b-ea7a-4155-9ddb-e9be15b91c66/name'
20:29:09.705 [AsyncHttpClient-1-5] DEBUG org.asynchttpclient.netty.handler.HttpHandler - 

Request DefaultFullHttpRequest(decodeResult: success, version: HTTP/1.1, content: EmptyByteBufBE)
GET /session/f080283ce7aa140af5fcd556a79c2c68/element/a2fe126b-ea7a-4155-9ddb-e9be15b91c66/name HTTP/1.1
User-Agent: selenium/4.1.2 (java windows)
Cache-Control: no-cache
Content-Type: application/json; charset=utf-8
host: localhost:65158
accept: */*

Response DefaultHttpResponse(decodeResult: success, version: HTTP/1.1)
HTTP/1.1 200 OK
Content-Type: application/json; charset=utf-8
cache-control: no-cache
content-length: 18

20:29:09.705 [AsyncHttpClient-1-5] DEBUG org.asynchttpclient.netty.channel.ChannelManager - Adding key: http://localhost:65158 for channel [id: 0xcf087b2b, L:/127.0.0.1:57263 - R:localhost/127.0.0.1:65158]
20:29:09.713 [Forwarding isElementEnabled on session f080283ce7aa140af5fcd556a79c2c68 to remote] DEBUG org.asynchttpclient.netty.request.NettyRequestSender - Using pooled Channel '[id: 0xcf087b2b, L:/127.0.0.1:57263 - R:localhost/127.0.0.1:65158]' for 'GET' to 'http://localhost:65158/session/f080283ce7aa140af5fcd556a79c2c68/element/a2fe126b-ea7a-4155-9ddb-e9be15b91c66/enabled'
20:29:09.713 [Forwarding isElementEnabled on session f080283ce7aa140af5fcd556a79c2c68 to remote] DEBUG org.asynchttpclient.netty.request.NettyRequestSender - Using open Channel [id: 0xcf087b2b, L:/127.0.0.1:57263 - R:localhost/127.0.0.1:65158] for GET '/session/f080283ce7aa140af5fcd556a79c2c68/element/a2fe126b-ea7a-4155-9ddb-e9be15b91c66/enabled'
20:29:09.753 [AsyncHttpClient-1-5] DEBUG org.asynchttpclient.netty.handler.HttpHandler - 

Request DefaultFullHttpRequest(decodeResult: success, version: HTTP/1.1, content: EmptyByteBufBE)
GET /session/f080283ce7aa140af5fcd556a79c2c68/element/a2fe126b-ea7a-4155-9ddb-e9be15b91c66/enabled HTTP/1.1
User-Agent: selenium/4.1.2 (java windows)
Cache-Control: no-cache
Content-Type: application/json; charset=utf-8
host: localhost:65158
accept: */*

Response DefaultHttpResponse(decodeResult: success, version: HTTP/1.1)
HTTP/1.1 200 OK
Content-Type: application/json; charset=utf-8
cache-control: no-cache
content-length: 14

20:29:09.753 [AsyncHttpClient-1-5] DEBUG org.asynchttpclient.netty.channel.ChannelManager - Adding key: http://localhost:65158 for channel [id: 0xcf087b2b, L:/127.0.0.1:57263 - R:localhost/127.0.0.1:65158]
20:29:09.761 [Forwarding isElementEnabled on session f080283ce7aa140af5fcd556a79c2c68 to remote] DEBUG org.asynchttpclient.netty.request.NettyRequestSender - Using pooled Channel '[id: 0xcf087b2b, L:/127.0.0.1:57263 - R:localhost/127.0.0.1:65158]' for 'GET' to 'http://localhost:65158/session/f080283ce7aa140af5fcd556a79c2c68/element/a2fe126b-ea7a-4155-9ddb-e9be15b91c66/enabled'
20:29:09.761 [Forwarding isElementEnabled on session f080283ce7aa140af5fcd556a79c2c68 to remote] DEBUG org.asynchttpclient.netty.request.NettyRequestSender - Using open Channel [id: 0xcf087b2b, L:/127.0.0.1:57263 - R:localhost/127.0.0.1:65158] for GET '/session/f080283ce7aa140af5fcd556a79c2c68/element/a2fe126b-ea7a-4155-9ddb-e9be15b91c66/enabled'
20:29:09.777 [AsyncHttpClient-1-5] DEBUG org.asynchttpclient.netty.handler.HttpHandler - 

Request DefaultFullHttpRequest(decodeResult: success, version: HTTP/1.1, content: EmptyByteBufBE)
GET /session/f080283ce7aa140af5fcd556a79c2c68/element/a2fe126b-ea7a-4155-9ddb-e9be15b91c66/enabled HTTP/1.1
User-Agent: selenium/4.1.2 (java windows)
Cache-Control: no-cache
Content-Type: application/json; charset=utf-8
host: localhost:65158
accept: */*

Response DefaultHttpResponse(decodeResult: success, version: HTTP/1.1)
HTTP/1.1 200 OK
Content-Type: application/json; charset=utf-8
cache-control: no-cache
content-length: 14

20:29:09.777 [AsyncHttpClient-1-5] DEBUG org.asynchttpclient.netty.channel.ChannelManager - Adding key: http://localhost:65158 for channel [id: 0xcf087b2b, L:/127.0.0.1:57263 - R:localhost/127.0.0.1:65158]
20:29:09.785 [Forwarding findElement on session f080283ce7aa140af5fcd556a79c2c68 to remote] DEBUG org.asynchttpclient.netty.request.NettyRequestSender - Using pooled Channel '[id: 0xcf087b2b, L:/127.0.0.1:57263 - R:localhost/127.0.0.1:65158]' for 'POST' to 'http://localhost:65158/session/f080283ce7aa140af5fcd556a79c2c68/element'
20:29:09.785 [Forwarding findElement on session f080283ce7aa140af5fcd556a79c2c68 to remote] DEBUG org.asynchttpclient.netty.request.NettyRequestSender - Using open Channel [id: 0xcf087b2b, L:/127.0.0.1:57263 - R:localhost/127.0.0.1:65158] for POST '/session/f080283ce7aa140af5fcd556a79c2c68/element'
20:29:09.801 [AsyncHttpClient-1-5] DEBUG org.asynchttpclient.netty.handler.HttpHandler - 

Request DefaultHttpRequest(decodeResult: success, version: HTTP/1.1)
POST /session/f080283ce7aa140af5fcd556a79c2c68/element HTTP/1.1
User-Agent: selenium/4.1.2 (java windows)
Content-Length: 68
Content-Type: application/json; charset=utf-8
host: localhost:65158
accept: */*

Response DefaultHttpResponse(decodeResult: success, version: HTTP/1.1)
HTTP/1.1 200 OK
Content-Type: application/json; charset=utf-8
cache-control: no-cache
content-length: 88

20:29:09.801 [AsyncHttpClient-1-5] DEBUG org.asynchttpclient.netty.channel.ChannelManager - Adding key: http://localhost:65158 for channel [id: 0xcf087b2b, L:/127.0.0.1:57263 - R:localhost/127.0.0.1:65158]
20:29:09.809 [Forwarding clickElement on session f080283ce7aa140af5fcd556a79c2c68 to remote] DEBUG org.asynchttpclient.netty.request.NettyRequestSender - Using pooled Channel '[id: 0xcf087b2b, L:/127.0.0.1:57263 - R:localhost/127.0.0.1:65158]' for 'POST' to 'http://localhost:65158/session/f080283ce7aa140af5fcd556a79c2c68/element/a2fe126b-ea7a-4155-9ddb-e9be15b91c66/click'
20:29:09.809 [Forwarding clickElement on session f080283ce7aa140af5fcd556a79c2c68 to remote] DEBUG org.asynchttpclient.netty.request.NettyRequestSender - Using open Channel [id: 0xcf087b2b, L:/127.0.0.1:57263 - R:localhost/127.0.0.1:65158] for POST '/session/f080283ce7aa140af5fcd556a79c2c68/element/a2fe126b-ea7a-4155-9ddb-e9be15b91c66/click'
20:29:09.889 [AsyncHttpClient-1-1] DEBUG org.asynchttpclient.netty.channel.DefaultChannelPool - Entry count for : http://localhost:57264 : 1
20:29:10.162 [AsyncHttpClient-1-5] DEBUG org.asynchttpclient.netty.handler.HttpHandler - 

Request DefaultHttpRequest(decodeResult: success, version: HTTP/1.1)
POST /session/f080283ce7aa140af5fcd556a79c2c68/element/a2fe126b-ea7a-4155-9ddb-e9be15b91c66/click HTTP/1.1
User-Agent: selenium/4.1.2 (java windows)
Content-Length: 50
Content-Type: application/json; charset=utf-8
host: localhost:65158
accept: */*

Response DefaultHttpResponse(decodeResult: success, version: HTTP/1.1)
HTTP/1.1 200 OK
Content-Type: application/json; charset=utf-8
cache-control: no-cache
content-length: 14

20:29:10.162 [AsyncHttpClient-1-5] DEBUG org.asynchttpclient.netty.channel.ChannelManager - Adding key: http://localhost:65158 for channel [id: 0xcf087b2b, L:/127.0.0.1:57263 - R:localhost/127.0.0.1:65158]
20:29:10.186 [Forwarding screenshot on session f080283ce7aa140af5fcd556a79c2c68 to remote] DEBUG org.asynchttpclient.netty.request.NettyRequestSender - Using pooled Channel '[id: 0xcf087b2b, L:/127.0.0.1:57263 - R:localhost/127.0.0.1:65158]' for 'GET' to 'http://localhost:65158/session/f080283ce7aa140af5fcd556a79c2c68/screenshot'
20:29:10.186 [Forwarding screenshot on session f080283ce7aa140af5fcd556a79c2c68 to remote] DEBUG org.asynchttpclient.netty.request.NettyRequestSender - Using open Channel [id: 0xcf087b2b, L:/127.0.0.1:57263 - R:localhost/127.0.0.1:65158] for GET '/session/f080283ce7aa140af5fcd556a79c2c68/screenshot'
20:29:10.730 [AsyncHttpClient-1-5] DEBUG org.asynchttpclient.netty.handler.HttpHandler - 

Request DefaultFullHttpRequest(decodeResult: success, version: HTTP/1.1, content: EmptyByteBufBE)
GET /session/f080283ce7aa140af5fcd556a79c2c68/screenshot HTTP/1.1
User-Agent: selenium/4.1.2 (java windows)
Cache-Control: no-cache
Content-Type: application/json; charset=utf-8
host: localhost:65158
accept: */*

Response DefaultHttpResponse(decodeResult: success, version: HTTP/1.1)
HTTP/1.1 200 OK
Content-Type: application/json; charset=utf-8
cache-control: no-cache
content-length: 53272

20:29:10.730 [AsyncHttpClient-1-5] DEBUG org.asynchttpclient.netty.channel.ChannelManager - Adding key: http://localhost:65158 for channel [id: 0xcf087b2b, L:/127.0.0.1:57263 - R:localhost/127.0.0.1:65158]
20:29:10.738 [main] DEBUG net.serenitybdd.core.photography.Darkroom - Send negative for processing for target\site\serenity\e850e37e8a9623b2b749d6367e34f77033a5ee3d7e6a840f5d762ac123f8a4b6.png
20:29:10.738 [main] DEBUG net.thucydides.core.steps.StepInterceptor - STEP DONE: clickButtonTambah
  &amp#27;[32mWhen &amp#27;[0m&amp#27;[32mClick button tambah data&amp#27;[0m                                               &amp#27;[90m# starter.stepdefinitios.PatientDataSteps.clickButtonTambahData()&amp#27;[0m
20:29:10.738 [Darkroom Processing Line] DEBUG net.serenitybdd.core.photography.DarkroomProcessingLine - Processing screenshot image in /var/screenshots/screenshot-11070238944932052613
20:29:10.738 [Darkroom Processing Line] DEBUG net.serenitybdd.core.photography.DarkroomProcessingLine - Saving screenshot to target\site\serenity\e850e37e8a9623b2b749d6367e34f77033a5ee3d7e6a840f5d762ac123f8a4b6.png
20:29:11.001 [AsyncHttpClient-1-1] DEBUG org.asynchttpclient.netty.channel.DefaultChannelPool - Entry count for : http://localhost:57264 : 1
20:29:11.001 [AsyncHttpClient-1-1] DEBUG org.asynchttpclient.netty.channel.DefaultChannelPool - Entry count for : http://localhost:65158 : 1
20:29:11.314 [Forwarding screenshot on session f080283ce7aa140af5fcd556a79c2c68 to remote] DEBUG org.asynchttpclient.netty.request.NettyRequestSender - Using pooled Channel '[id: 0xcf087b2b, L:/127.0.0.1:57263 - R:localhost/127.0.0.1:65158]' for 'GET' to 'http://localhost:65158/session/f080283ce7aa140af5fcd556a79c2c68/screenshot'
20:29:11.314 [Forwarding screenshot on session f080283ce7aa140af5fcd556a79c2c68 to remote] DEBUG org.asynchttpclient.netty.request.NettyRequestSender - Using open Channel [id: 0xcf087b2b, L:/127.0.0.1:57263 - R:localhost/127.0.0.1:65158] for GET '/session/f080283ce7aa140af5fcd556a79c2c68/screenshot'
20:29:11.481 [AsyncHttpClient-1-5] DEBUG org.asynchttpclient.netty.handler.HttpHandler - 

Request DefaultFullHttpRequest(decodeResult: success, version: HTTP/1.1, content: EmptyByteBufBE)
GET /session/f080283ce7aa140af5fcd556a79c2c68/screenshot HTTP/1.1
User-Agent: selenium/4.1.2 (java windows)
Cache-Control: no-cache
Content-Type: application/json; charset=utf-8
host: localhost:65158
accept: */*

Response DefaultHttpResponse(decodeResult: success, version: HTTP/1.1)
HTTP/1.1 200 OK
Content-Type: application/json; charset=utf-8
cache-control: no-cache
content-length: 53272

20:29:11.497 [AsyncHttpClient-1-5] DEBUG org.asynchttpclient.netty.channel.ChannelManager - Adding key: http://localhost:65158 for channel [id: 0xcf087b2b, L:/127.0.0.1:57263 - R:localhost/127.0.0.1:65158]
20:29:11.497 [main] DEBUG net.serenitybdd.core.photography.Darkroom - Send negative for processing for target\site\serenity\e850e37e8a9623b2b749d6367e34f77033a5ee3d7e6a840f5d762ac123f8a4b6.png
20:29:11.497 [main] DEBUG net.thucydides.core.steps.StepInterceptor - STARTING STEP: DokterDataSteps.iInputDokter - inputDataDokter
20:29:11.513 [Forwarding findElement on session f080283ce7aa140af5fcd556a79c2c68 to remote] DEBUG org.asynchttpclient.netty.request.NettyRequestSender - Using pooled Channel '[id: 0xcf087b2b, L:/127.0.0.1:57263 - R:localhost/127.0.0.1:65158]' for 'POST' to 'http://localhost:65158/session/f080283ce7aa140af5fcd556a79c2c68/element'
20:29:11.513 [Forwarding findElement on session f080283ce7aa140af5fcd556a79c2c68 to remote] DEBUG org.asynchttpclient.netty.request.NettyRequestSender - Using open Channel [id: 0xcf087b2b, L:/127.0.0.1:57263 - R:localhost/127.0.0.1:65158] for POST '/session/f080283ce7aa140af5fcd556a79c2c68/element'
20:29:11.544 [AsyncHttpClient-1-5] DEBUG org.asynchttpclient.netty.handler.HttpHandler - 

Request DefaultHttpRequest(decodeResult: success, version: HTTP/1.1)
POST /session/f080283ce7aa140af5fcd556a79c2c68/element HTTP/1.1
User-Agent: selenium/4.1.2 (java windows)
Content-Length: 66
Content-Type: application/json; charset=utf-8
host: localhost:65158
accept: */*

Response DefaultHttpResponse(decodeResult: success, version: HTTP/1.1)
HTTP/1.1 200 OK
Content-Type: application/json; charset=utf-8
cache-control: no-cache
content-length: 88

20:29:11.544 [AsyncHttpClient-1-5] DEBUG org.asynchttpclient.netty.channel.ChannelManager - Adding key: http://localhost:65158 for channel [id: 0xcf087b2b, L:/127.0.0.1:57263 - R:localhost/127.0.0.1:65158]
20:29:11.560 [Forwarding sendKeysToElement on session f080283ce7aa140af5fcd556a79c2c68 to remote] DEBUG org.asynchttpclient.netty.request.NettyRequestSender - Using pooled Channel '[id: 0xcf087b2b, L:/127.0.0.1:57263 - R:localhost/127.0.0.1:65158]' for 'POST' to 'http://localhost:65158/session/f080283ce7aa140af5fcd556a79c2c68/element/ff7d2337-4ce0-42eb-8509-12c605b507e5/value'
20:29:11.560 [Forwarding sendKeysToElement on session f080283ce7aa140af5fcd556a79c2c68 to remote] DEBUG org.asynchttpclient.netty.request.NettyRequestSender - Using open Channel [id: 0xcf087b2b, L:/127.0.0.1:57263 - R:localhost/127.0.0.1:65158] for POST '/session/f080283ce7aa140af5fcd556a79c2c68/element/ff7d2337-4ce0-42eb-8509-12c605b507e5/value'
20:29:12.009 [AsyncHttpClient-1-5] DEBUG org.asynchttpclient.netty.handler.HttpHandler - 

Request DefaultHttpRequest(decodeResult: success, version: HTTP/1.1)
POST /session/f080283ce7aa140af5fcd556a79c2c68/element/ff7d2337-4ce0-42eb-8509-12c605b507e5/value HTTP/1.1
User-Agent: selenium/4.1.2 (java windows)
Content-Length: 131
Content-Type: application/json; charset=utf-8
host: localhost:65158
accept: */*

Response DefaultHttpResponse(decodeResult: success, version: HTTP/1.1)
HTTP/1.1 200 OK
Content-Type: application/json; charset=utf-8
cache-control: no-cache
content-length: 14

20:29:12.009 [AsyncHttpClient-1-5] DEBUG org.asynchttpclient.netty.channel.ChannelManager - Adding key: http://localhost:65158 for channel [id: 0xcf087b2b, L:/127.0.0.1:57263 - R:localhost/127.0.0.1:65158]
20:29:12.017 [Forwarding findElement on session f080283ce7aa140af5fcd556a79c2c68 to remote] DEBUG org.asynchttpclient.netty.request.NettyRequestSender - Using pooled Channel '[id: 0xcf087b2b, L:/127.0.0.1:57263 - R:localhost/127.0.0.1:65158]' for 'POST' to 'http://localhost:65158/session/f080283ce7aa140af5fcd556a79c2c68/element'
20:29:12.017 [Forwarding findElement on session f080283ce7aa140af5fcd556a79c2c68 to remote] DEBUG org.asynchttpclient.netty.request.NettyRequestSender - Using open Channel [id: 0xcf087b2b, L:/127.0.0.1:57263 - R:localhost/127.0.0.1:65158] for POST '/session/f080283ce7aa140af5fcd556a79c2c68/element'
20:29:12.065 [AsyncHttpClient-1-5] DEBUG org.asynchttpclient.netty.handler.HttpHandler - 

Request DefaultHttpRequest(decodeResult: success, version: HTTP/1.1)
POST /session/f080283ce7aa140af5fcd556a79c2c68/element HTTP/1.1
User-Agent: selenium/4.1.2 (java windows)
Content-Length: 65
Content-Type: application/json; charset=utf-8
host: localhost:65158
accept: */*

Response DefaultHttpResponse(decodeResult: success, version: HTTP/1.1)
HTTP/1.1 200 OK
Content-Type: application/json; charset=utf-8
cache-control: no-cache
content-length: 88

20:29:12.065 [AsyncHttpClient-1-5] DEBUG org.asynchttpclient.netty.channel.ChannelManager - Adding key: http://localhost:65158 for channel [id: 0xcf087b2b, L:/127.0.0.1:57263 - R:localhost/127.0.0.1:65158]
20:29:12.065 [Forwarding sendKeysToElement on session f080283ce7aa140af5fcd556a79c2c68 to remote] DEBUG org.asynchttpclient.netty.request.NettyRequestSender - Using pooled Channel '[id: 0xcf087b2b, L:/127.0.0.1:57263 - R:localhost/127.0.0.1:65158]' for 'POST' to 'http://localhost:65158/session/f080283ce7aa140af5fcd556a79c2c68/element/c51396d9-49c1-4e5e-8aae-d1c81ae71892/value'
20:29:12.065 [Forwarding sendKeysToElement on session f080283ce7aa140af5fcd556a79c2c68 to remote] DEBUG org.asynchttpclient.netty.request.NettyRequestSender - Using open Channel [id: 0xcf087b2b, L:/127.0.0.1:57263 - R:localhost/127.0.0.1:65158] for POST '/session/f080283ce7aa140af5fcd556a79c2c68/element/c51396d9-49c1-4e5e-8aae-d1c81ae71892/value'
20:29:12.096 [AsyncHttpClient-1-1] DEBUG org.asynchttpclient.netty.channel.DefaultChannelPool - Entry count for : http://localhost:57264 : 1
20:29:12.384 [AsyncHttpClient-1-5] DEBUG org.asynchttpclient.netty.handler.HttpHandler - 

Request DefaultHttpRequest(decodeResult: success, version: HTTP/1.1)
POST /session/f080283ce7aa140af5fcd556a79c2c68/element/c51396d9-49c1-4e5e-8aae-d1c81ae71892/value HTTP/1.1
User-Agent: selenium/4.1.2 (java windows)
Content-Length: 131
Content-Type: application/json; charset=utf-8
host: localhost:65158
accept: */*

Response DefaultHttpResponse(decodeResult: success, version: HTTP/1.1)
HTTP/1.1 200 OK
Content-Type: application/json; charset=utf-8
cache-control: no-cache
content-length: 14

20:29:12.384 [AsyncHttpClient-1-5] DEBUG org.asynchttpclient.netty.channel.ChannelManager - Adding key: http://localhost:65158 for channel [id: 0xcf087b2b, L:/127.0.0.1:57263 - R:localhost/127.0.0.1:65158]
20:29:12.392 [Forwarding findElement on session f080283ce7aa140af5fcd556a79c2c68 to remote] DEBUG org.asynchttpclient.netty.request.NettyRequestSender - Using pooled Channel '[id: 0xcf087b2b, L:/127.0.0.1:57263 - R:localhost/127.0.0.1:65158]' for 'POST' to 'http://localhost:65158/session/f080283ce7aa140af5fcd556a79c2c68/element'
20:29:12.392 [Forwarding findElement on session f080283ce7aa140af5fcd556a79c2c68 to remote] DEBUG org.asynchttpclient.netty.request.NettyRequestSender - Using open Channel [id: 0xcf087b2b, L:/127.0.0.1:57263 - R:localhost/127.0.0.1:65158] for POST '/session/f080283ce7aa140af5fcd556a79c2c68/element'
20:29:12.416 [AsyncHttpClient-1-5] DEBUG org.asynchttpclient.netty.handler.HttpHandler - 

Request DefaultHttpRequest(decodeResult: success, version: HTTP/1.1)
POST /session/f080283ce7aa140af5fcd556a79c2c68/element HTTP/1.1
User-Agent: selenium/4.1.2 (java windows)
Content-Length: 71
Content-Type: application/json; charset=utf-8
host: localhost:65158
accept: */*

Response DefaultHttpResponse(decodeResult: success, version: HTTP/1.1)
HTTP/1.1 200 OK
Content-Type: application/json; charset=utf-8
cache-control: no-cache
content-length: 88

20:29:12.416 [AsyncHttpClient-1-5] DEBUG org.asynchttpclient.netty.channel.ChannelManager - Adding key: http://localhost:65158 for channel [id: 0xcf087b2b, L:/127.0.0.1:57263 - R:localhost/127.0.0.1:65158]
20:29:12.416 [Forwarding sendKeysToElement on session f080283ce7aa140af5fcd556a79c2c68 to remote] DEBUG org.asynchttpclient.netty.request.NettyRequestSender - Using pooled Channel '[id: 0xcf087b2b, L:/127.0.0.1:57263 - R:localhost/127.0.0.1:65158]' for 'POST' to 'http://localhost:65158/session/f080283ce7aa140af5fcd556a79c2c68/element/c992371b-276b-408a-b56e-8e863f233055/value'
20:29:12.416 [Forwarding sendKeysToElement on session f080283ce7aa140af5fcd556a79c2c68 to remote] DEBUG org.asynchttpclient.netty.request.NettyRequestSender - Using open Channel [id: 0xcf087b2b, L:/127.0.0.1:57263 - R:localhost/127.0.0.1:65158] for POST '/session/f080283ce7aa140af5fcd556a79c2c68/element/c992371b-276b-408a-b56e-8e863f233055/value'
20:29:12.822 [AsyncHttpClient-1-5] DEBUG org.asynchttpclient.netty.handler.HttpHandler - 

Request DefaultHttpRequest(decodeResult: success, version: HTTP/1.1)
POST /session/f080283ce7aa140af5fcd556a79c2c68/element/c992371b-276b-408a-b56e-8e863f233055/value HTTP/1.1
User-Agent: selenium/4.1.2 (java windows)
Content-Length: 191
Content-Type: application/json; charset=utf-8
host: localhost:65158
accept: */*

Response DefaultHttpResponse(decodeResult: success, version: HTTP/1.1)
HTTP/1.1 200 OK
Content-Type: application/json; charset=utf-8
cache-control: no-cache
content-length: 14

20:29:12.822 [AsyncHttpClient-1-5] DEBUG org.asynchttpclient.netty.channel.ChannelManager - Adding key: http://localhost:65158 for channel [id: 0xcf087b2b, L:/127.0.0.1:57263 - R:localhost/127.0.0.1:65158]
20:29:12.838 [Forwarding findElement on session f080283ce7aa140af5fcd556a79c2c68 to remote] DEBUG org.asynchttpclient.netty.request.NettyRequestSender - Using pooled Channel '[id: 0xcf087b2b, L:/127.0.0.1:57263 - R:localhost/127.0.0.1:65158]' for 'POST' to 'http://localhost:65158/session/f080283ce7aa140af5fcd556a79c2c68/element'
20:29:12.838 [Forwarding findElement on session f080283ce7aa140af5fcd556a79c2c68 to remote] DEBUG org.asynchttpclient.netty.request.NettyRequestSender - Using open Channel [id: 0xcf087b2b, L:/127.0.0.1:57263 - R:localhost/127.0.0.1:65158] for POST '/session/f080283ce7aa140af5fcd556a79c2c68/element'
20:29:12.897 [AsyncHttpClient-1-5] DEBUG org.asynchttpclient.netty.handler.HttpHandler - 

Request DefaultHttpRequest(decodeResult: success, version: HTTP/1.1)
POST /session/f080283ce7aa140af5fcd556a79c2c68/element HTTP/1.1
User-Agent: selenium/4.1.2 (java windows)
Content-Length: 166
Content-Type: application/json; charset=utf-8
host: localhost:65158
accept: */*

Response DefaultHttpResponse(decodeResult: success, version: HTTP/1.1)
HTTP/1.1 200 OK
Content-Type: application/json; charset=utf-8
cache-control: no-cache
content-length: 88

20:29:12.897 [AsyncHttpClient-1-5] DEBUG org.asynchttpclient.netty.channel.ChannelManager - Adding key: http://localhost:65158 for channel [id: 0xcf087b2b, L:/127.0.0.1:57263 - R:localhost/127.0.0.1:65158]
20:29:12.897 [Forwarding sendKeysToElement on session f080283ce7aa140af5fcd556a79c2c68 to remote] DEBUG org.asynchttpclient.netty.request.NettyRequestSender - Using pooled Channel '[id: 0xcf087b2b, L:/127.0.0.1:57263 - R:localhost/127.0.0.1:65158]' for 'POST' to 'http://localhost:65158/session/f080283ce7aa140af5fcd556a79c2c68/element/04ad0eb3-d464-4b2c-ac8a-a68ca5d625dd/value'
20:29:12.897 [Forwarding sendKeysToElement on session f080283ce7aa140af5fcd556a79c2c68 to remote] DEBUG org.asynchttpclient.netty.request.NettyRequestSender - Using open Channel [id: 0xcf087b2b, L:/127.0.0.1:57263 - R:localhost/127.0.0.1:65158] for POST '/session/f080283ce7aa140af5fcd556a79c2c68/element/04ad0eb3-d464-4b2c-ac8a-a68ca5d625dd/value'
20:29:13.194 [AsyncHttpClient-1-1] DEBUG org.asynchttpclient.netty.channel.DefaultChannelPool - Entry count for : http://localhost:57264 : 1
20:29:13.266 [AsyncHttpClient-1-5] DEBUG org.asynchttpclient.netty.handler.HttpHandler - 

Request DefaultHttpRequest(decodeResult: success, version: HTTP/1.1)
POST /session/f080283ce7aa140af5fcd556a79c2c68/element/04ad0eb3-d464-4b2c-ac8a-a68ca5d625dd/value HTTP/1.1
User-Agent: selenium/4.1.2 (java windows)
Content-Length: 181
Content-Type: application/json; charset=utf-8
host: localhost:65158
accept: */*

Response DefaultHttpResponse(decodeResult: success, version: HTTP/1.1)
HTTP/1.1 200 OK
Content-Type: application/json; charset=utf-8
cache-control: no-cache
content-length: 14

20:29:13.266 [AsyncHttpClient-1-5] DEBUG org.asynchttpclient.netty.channel.ChannelManager - Adding key: http://localhost:65158 for channel [id: 0xcf087b2b, L:/127.0.0.1:57263 - R:localhost/127.0.0.1:65158]
20:29:13.274 [Forwarding findElement on session f080283ce7aa140af5fcd556a79c2c68 to remote] DEBUG org.asynchttpclient.netty.request.NettyRequestSender - Using pooled Channel '[id: 0xcf087b2b, L:/127.0.0.1:57263 - R:localhost/127.0.0.1:65158]' for 'POST' to 'http://localhost:65158/session/f080283ce7aa140af5fcd556a79c2c68/element'
20:29:13.274 [Forwarding findElement on session f080283ce7aa140af5fcd556a79c2c68 to remote] DEBUG org.asynchttpclient.netty.request.NettyRequestSender - Using open Channel [id: 0xcf087b2b, L:/127.0.0.1:57263 - R:localhost/127.0.0.1:65158] for POST '/session/f080283ce7aa140af5fcd556a79c2c68/element'
20:29:13.306 [AsyncHttpClient-1-5] DEBUG org.asynchttpclient.netty.handler.HttpHandler - 

Request DefaultHttpRequest(decodeResult: success, version: HTTP/1.1)
POST /session/f080283ce7aa140af5fcd556a79c2c68/element HTTP/1.1
User-Agent: selenium/4.1.2 (java windows)
Content-Length: 70
Content-Type: application/json; charset=utf-8
host: localhost:65158
accept: */*

Response DefaultHttpResponse(decodeResult: success, version: HTTP/1.1)
HTTP/1.1 200 OK
Content-Type: application/json; charset=utf-8
cache-control: no-cache
content-length: 88

20:29:13.306 [AsyncHttpClient-1-5] DEBUG org.asynchttpclient.netty.channel.ChannelManager - Adding key: http://localhost:65158 for channel [id: 0xcf087b2b, L:/127.0.0.1:57263 - R:localhost/127.0.0.1:65158]
20:29:13.306 [Forwarding sendKeysToElement on session f080283ce7aa140af5fcd556a79c2c68 to remote] DEBUG org.asynchttpclient.netty.request.NettyRequestSender - Using pooled Channel '[id: 0xcf087b2b, L:/127.0.0.1:57263 - R:localhost/127.0.0.1:65158]' for 'POST' to 'http://localhost:65158/session/f080283ce7aa140af5fcd556a79c2c68/element/0fdecf16-1e49-414a-a89c-6434dabdd83b/value'
20:29:13.306 [Forwarding sendKeysToElement on session f080283ce7aa140af5fcd556a79c2c68 to remote] DEBUG org.asynchttpclient.netty.request.NettyRequestSender - Using open Channel [id: 0xcf087b2b, L:/127.0.0.1:57263 - R:localhost/127.0.0.1:65158] for POST '/session/f080283ce7aa140af5fcd556a79c2c68/element/0fdecf16-1e49-414a-a89c-6434dabdd83b/value'
20:29:13.675 [AsyncHttpClient-1-5] DEBUG org.asynchttpclient.netty.handler.HttpHandler - 

Request DefaultHttpRequest(decodeResult: success, version: HTTP/1.1)
POST /session/f080283ce7aa140af5fcd556a79c2c68/element/0fdecf16-1e49-414a-a89c-6434dabdd83b/value HTTP/1.1
User-Agent: selenium/4.1.2 (java windows)
Content-Length: 181
Content-Type: application/json; charset=utf-8
host: localhost:65158
accept: */*

Response DefaultHttpResponse(decodeResult: success, version: HTTP/1.1)
HTTP/1.1 200 OK
Content-Type: application/json; charset=utf-8
cache-control: no-cache
content-length: 14

20:29:13.675 [AsyncHttpClient-1-5] DEBUG org.asynchttpclient.netty.channel.ChannelManager - Adding key: http://localhost:65158 for channel [id: 0xcf087b2b, L:/127.0.0.1:57263 - R:localhost/127.0.0.1:65158]
20:29:13.691 [Forwarding screenshot on session f080283ce7aa140af5fcd556a79c2c68 to remote] DEBUG org.asynchttpclient.netty.request.NettyRequestSender - Using pooled Channel '[id: 0xcf087b2b, L:/127.0.0.1:57263 - R:localhost/127.0.0.1:65158]' for 'GET' to 'http://localhost:65158/session/f080283ce7aa140af5fcd556a79c2c68/screenshot'
20:29:13.691 [Forwarding screenshot on session f080283ce7aa140af5fcd556a79c2c68 to remote] DEBUG org.asynchttpclient.netty.request.NettyRequestSender - Using open Channel [id: 0xcf087b2b, L:/127.0.0.1:57263 - R:localhost/127.0.0.1:65158] for GET '/session/f080283ce7aa140af5fcd556a79c2c68/screenshot'
20:29:13.981 [AsyncHttpClient-1-5] DEBUG org.asynchttpclient.netty.handler.HttpHandler - 

Request DefaultFullHttpRequest(decodeResult: success, version: HTTP/1.1, content: EmptyByteBufBE)
GET /session/f080283ce7aa140af5fcd556a79c2c68/screenshot HTTP/1.1
User-Agent: selenium/4.1.2 (java windows)
Cache-Control: no-cache
Content-Type: application/json; charset=utf-8
host: localhost:65158
accept: */*

Response DefaultHttpResponse(decodeResult: success, version: HTTP/1.1)
HTTP/1.1 200 OK
Content-Type: application/json; charset=utf-8
cache-control: no-cache
content-length: 257136

20:29:13.981 [AsyncHttpClient-1-5] DEBUG org.asynchttpclient.netty.channel.ChannelManager - Adding key: http://localhost:65158 for channel [id: 0xcf087b2b, L:/127.0.0.1:57263 - R:localhost/127.0.0.1:65158]
20:29:14.005 [main] DEBUG net.serenitybdd.core.photography.Darkroom - Send negative for processing for target\site\serenity\a247dad1d0df6098fd36d896a5bb1379ccaa6da186bc112b4c8b462b486bcd75.png
20:29:14.005 [main] DEBUG net.thucydides.core.steps.StepInterceptor - STEP DONE: inputDataDokter
  &amp#27;[32mThen &amp#27;[0m&amp#27;[32mI input &amp#27;[0m&amp#27;[32m&amp#27;[1m"Bagas"&amp#27;[0m&amp#27;[32m &amp#27;[0m&amp#27;[32m&amp#27;[1m"12344"&amp#27;[0m&amp#27;[32m &amp#27;[0m&amp#27;[32m&amp#27;[1m"Dokter Gigi"&amp#27;[0m&amp#27;[32m &amp#27;[0m&amp#27;[32m&amp#27;[1m"BagasBedah"&amp#27;[0m&amp#27;[32m &amp#27;[0m&amp#27;[32m&amp#27;[1m"BagasBedah"&amp#27;[0m&amp#27;[32m dokter&amp#27;[0m &amp#27;[90m# starter.stepdefinitios.DokterDataSteps.iInputDokter(java.lang.String,java.lang.String,java.lang.String,java.lang.String,java.lang.String)&amp#27;[0m
20:29:14.005 [Darkroom Processing Line] DEBUG net.serenitybdd.core.photography.DarkroomProcessingLine - Processing screenshot image in /var/screenshots/screenshot-12947880972176427374
20:29:14.005 [Darkroom Processing Line] DEBUG net.serenitybdd.core.photography.DarkroomProcessingLine - Saving screenshot to target\site\serenity\a247dad1d0df6098fd36d896a5bb1379ccaa6da186bc112b4c8b462b486bcd75.png
20:29:14.084 [Forwarding screenshot on session f080283ce7aa140af5fcd556a79c2c68 to remote] DEBUG org.asynchttpclient.netty.request.NettyRequestSender - Using pooled Channel '[id: 0xcf087b2b, L:/127.0.0.1:57263 - R:localhost/127.0.0.1:65158]' for 'GET' to 'http://localhost:65158/session/f080283ce7aa140af5fcd556a79c2c68/screenshot'
20:29:14.084 [Forwarding screenshot on session f080283ce7aa140af5fcd556a79c2c68 to remote] DEBUG org.asynchttpclient.netty.request.NettyRequestSender - Using open Channel [id: 0xcf087b2b, L:/127.0.0.1:57263 - R:localhost/127.0.0.1:65158] for GET '/session/f080283ce7aa140af5fcd556a79c2c68/screenshot'
20:29:14.297 [AsyncHttpClient-1-1] DEBUG org.asynchttpclient.netty.channel.DefaultChannelPool - Entry count for : http://localhost:57264 : 1
20:29:14.428 [AsyncHttpClient-1-5] DEBUG org.asynchttpclient.netty.handler.HttpHandler - 

Request DefaultFullHttpRequest(decodeResult: success, version: HTTP/1.1, content: EmptyByteBufBE)
GET /session/f080283ce7aa140af5fcd556a79c2c68/screenshot HTTP/1.1
User-Agent: selenium/4.1.2 (java windows)
Cache-Control: no-cache
Content-Type: application/json; charset=utf-8
host: localhost:65158
accept: */*

Response DefaultHttpResponse(decodeResult: success, version: HTTP/1.1)
HTTP/1.1 200 OK
Content-Type: application/json; charset=utf-8
cache-control: no-cache
content-length: 304220

20:29:14.436 [AsyncHttpClient-1-5] DEBUG org.asynchttpclient.netty.channel.ChannelManager - Adding key: http://localhost:65158 for channel [id: 0xcf087b2b, L:/127.0.0.1:57263 - R:localhost/127.0.0.1:65158]
20:29:14.462 [main] DEBUG net.serenitybdd.core.photography.Darkroom - Send negative for processing for target\site\serenity\6730fc9466ddb33c9dad3604b000e0f49f2a82071872361db953e672bb2a15fa.png
20:29:14.462 [main] DEBUG net.thucydides.core.steps.StepInterceptor - STARTING STEP: PatientDataSteps.clickButtonSimpan - clickButtonSave
20:29:14.462 [Darkroom Processing Line] DEBUG net.serenitybdd.core.photography.DarkroomProcessingLine - Processing screenshot image in /var/screenshots/screenshot-3053741620655801163
20:29:14.462 [Darkroom Processing Line] DEBUG net.serenitybdd.core.photography.DarkroomProcessingLine - Saving screenshot to target\site\serenity\6730fc9466ddb33c9dad3604b000e0f49f2a82071872361db953e672bb2a15fa.png
20:29:14.478 [Forwarding findElement on session f080283ce7aa140af5fcd556a79c2c68 to remote] DEBUG org.asynchttpclient.netty.request.NettyRequestSender - Using pooled Channel '[id: 0xcf087b2b, L:/127.0.0.1:57263 - R:localhost/127.0.0.1:65158]' for 'POST' to 'http://localhost:65158/session/f080283ce7aa140af5fcd556a79c2c68/element'
20:29:14.478 [Forwarding findElement on session f080283ce7aa140af5fcd556a79c2c68 to remote] DEBUG org.asynchttpclient.netty.request.NettyRequestSender - Using open Channel [id: 0xcf087b2b, L:/127.0.0.1:57263 - R:localhost/127.0.0.1:65158] for POST '/session/f080283ce7aa140af5fcd556a79c2c68/element'
20:29:14.510 [AsyncHttpClient-1-5] DEBUG org.asynchttpclient.netty.handler.HttpHandler - 

Request DefaultHttpRequest(decodeResult: success, version: HTTP/1.1)
POST /session/f080283ce7aa140af5fcd556a79c2c68/element HTTP/1.1
User-Agent: selenium/4.1.2 (java windows)
Content-Length: 68
Content-Type: application/json; charset=utf-8
host: localhost:65158
accept: */*

Response DefaultHttpResponse(decodeResult: success, version: HTTP/1.1)
HTTP/1.1 200 OK
Content-Type: application/json; charset=utf-8
cache-control: no-cache
content-length: 88

20:29:14.510 [AsyncHttpClient-1-5] DEBUG org.asynchttpclient.netty.channel.ChannelManager - Adding key: http://localhost:65158 for channel [id: 0xcf087b2b, L:/127.0.0.1:57263 - R:localhost/127.0.0.1:65158]
20:29:14.510 [Forwarding getElementTagName on session f080283ce7aa140af5fcd556a79c2c68 to remote] DEBUG org.asynchttpclient.netty.request.NettyRequestSender - Using pooled Channel '[id: 0xcf087b2b, L:/127.0.0.1:57263 - R:localhost/127.0.0.1:65158]' for 'GET' to 'http://localhost:65158/session/f080283ce7aa140af5fcd556a79c2c68/element/c0fd53c8-992e-4bef-a5e0-63133629c543/name'
20:29:14.510 [Forwarding getElementTagName on session f080283ce7aa140af5fcd556a79c2c68 to remote] DEBUG org.asynchttpclient.netty.request.NettyRequestSender - Using open Channel [id: 0xcf087b2b, L:/127.0.0.1:57263 - R:localhost/127.0.0.1:65158] for GET '/session/f080283ce7aa140af5fcd556a79c2c68/element/c0fd53c8-992e-4bef-a5e0-63133629c543/name'
20:29:14.534 [AsyncHttpClient-1-5] DEBUG org.asynchttpclient.netty.handler.HttpHandler - 

Request DefaultFullHttpRequest(decodeResult: success, version: HTTP/1.1, content: EmptyByteBufBE)
GET /session/f080283ce7aa140af5fcd556a79c2c68/element/c0fd53c8-992e-4bef-a5e0-63133629c543/name HTTP/1.1
User-Agent: selenium/4.1.2 (java windows)
Cache-Control: no-cache
Content-Type: application/json; charset=utf-8
host: localhost:65158
accept: */*

Response DefaultHttpResponse(decodeResult: success, version: HTTP/1.1)
HTTP/1.1 200 OK
Content-Type: application/json; charset=utf-8
cache-control: no-cache
content-length: 18

20:29:14.534 [AsyncHttpClient-1-5] DEBUG org.asynchttpclient.netty.channel.ChannelManager - Adding key: http://localhost:65158 for channel [id: 0xcf087b2b, L:/127.0.0.1:57263 - R:localhost/127.0.0.1:65158]
20:29:14.543 [Forwarding getElementTagName on session f080283ce7aa140af5fcd556a79c2c68 to remote] DEBUG org.asynchttpclient.netty.request.NettyRequestSender - Using pooled Channel '[id: 0xcf087b2b, L:/127.0.0.1:57263 - R:localhost/127.0.0.1:65158]' for 'GET' to 'http://localhost:65158/session/f080283ce7aa140af5fcd556a79c2c68/element/c0fd53c8-992e-4bef-a5e0-63133629c543/name'
20:29:14.543 [Forwarding getElementTagName on session f080283ce7aa140af5fcd556a79c2c68 to remote] DEBUG org.asynchttpclient.netty.request.NettyRequestSender - Using open Channel [id: 0xcf087b2b, L:/127.0.0.1:57263 - R:localhost/127.0.0.1:65158] for GET '/session/f080283ce7aa140af5fcd556a79c2c68/element/c0fd53c8-992e-4bef-a5e0-63133629c543/name'
20:29:14.566 [AsyncHttpClient-1-5] DEBUG org.asynchttpclient.netty.handler.HttpHandler - 

Request DefaultFullHttpRequest(decodeResult: success, version: HTTP/1.1, content: EmptyByteBufBE)
GET /session/f080283ce7aa140af5fcd556a79c2c68/element/c0fd53c8-992e-4bef-a5e0-63133629c543/name HTTP/1.1
User-Agent: selenium/4.1.2 (java windows)
Cache-Control: no-cache
Content-Type: application/json; charset=utf-8
host: localhost:65158
accept: */*

Response DefaultHttpResponse(decodeResult: success, version: HTTP/1.1)
HTTP/1.1 200 OK
Content-Type: application/json; charset=utf-8
cache-control: no-cache
content-length: 18

20:29:14.566 [AsyncHttpClient-1-5] DEBUG org.asynchttpclient.netty.channel.ChannelManager - Adding key: http://localhost:65158 for channel [id: 0xcf087b2b, L:/127.0.0.1:57263 - R:localhost/127.0.0.1:65158]
20:29:14.576 [Forwarding isElementEnabled on session f080283ce7aa140af5fcd556a79c2c68 to remote] DEBUG org.asynchttpclient.netty.request.NettyRequestSender - Using pooled Channel '[id: 0xcf087b2b, L:/127.0.0.1:57263 - R:localhost/127.0.0.1:65158]' for 'GET' to 'http://localhost:65158/session/f080283ce7aa140af5fcd556a79c2c68/element/c0fd53c8-992e-4bef-a5e0-63133629c543/enabled'
20:29:14.576 [Forwarding isElementEnabled on session f080283ce7aa140af5fcd556a79c2c68 to remote] DEBUG org.asynchttpclient.netty.request.NettyRequestSender - Using open Channel [id: 0xcf087b2b, L:/127.0.0.1:57263 - R:localhost/127.0.0.1:65158] for GET '/session/f080283ce7aa140af5fcd556a79c2c68/element/c0fd53c8-992e-4bef-a5e0-63133629c543/enabled'
20:29:14.601 [AsyncHttpClient-1-5] DEBUG org.asynchttpclient.netty.handler.HttpHandler - 

Request DefaultFullHttpRequest(decodeResult: success, version: HTTP/1.1, content: EmptyByteBufBE)
GET /session/f080283ce7aa140af5fcd556a79c2c68/element/c0fd53c8-992e-4bef-a5e0-63133629c543/enabled HTTP/1.1
User-Agent: selenium/4.1.2 (java windows)
Cache-Control: no-cache
Content-Type: application/json; charset=utf-8
host: localhost:65158
accept: */*

Response DefaultHttpResponse(decodeResult: success, version: HTTP/1.1)
HTTP/1.1 200 OK
Content-Type: application/json; charset=utf-8
cache-control: no-cache
content-length: 14

20:29:14.601 [AsyncHttpClient-1-5] DEBUG org.asynchttpclient.netty.channel.ChannelManager - Adding key: http://localhost:65158 for channel [id: 0xcf087b2b, L:/127.0.0.1:57263 - R:localhost/127.0.0.1:65158]
20:29:14.617 [Forwarding isElementEnabled on session f080283ce7aa140af5fcd556a79c2c68 to remote] DEBUG org.asynchttpclient.netty.request.NettyRequestSender - Using pooled Channel '[id: 0xcf087b2b, L:/127.0.0.1:57263 - R:localhost/127.0.0.1:65158]' for 'GET' to 'http://localhost:65158/session/f080283ce7aa140af5fcd556a79c2c68/element/c0fd53c8-992e-4bef-a5e0-63133629c543/enabled'
20:29:14.617 [Forwarding isElementEnabled on session f080283ce7aa140af5fcd556a79c2c68 to remote] DEBUG org.asynchttpclient.netty.request.NettyRequestSender - Using open Channel [id: 0xcf087b2b, L:/127.0.0.1:57263 - R:localhost/127.0.0.1:65158] for GET '/session/f080283ce7aa140af5fcd556a79c2c68/element/c0fd53c8-992e-4bef-a5e0-63133629c543/enabled'
20:29:14.632 [AsyncHttpClient-1-5] DEBUG org.asynchttpclient.netty.handler.HttpHandler - 

Request DefaultFullHttpRequest(decodeResult: success, version: HTTP/1.1, content: EmptyByteBufBE)
GET /session/f080283ce7aa140af5fcd556a79c2c68/element/c0fd53c8-992e-4bef-a5e0-63133629c543/enabled HTTP/1.1
User-Agent: selenium/4.1.2 (java windows)
Cache-Control: no-cache
Content-Type: application/json; charset=utf-8
host: localhost:65158
accept: */*

Response DefaultHttpResponse(decodeResult: success, version: HTTP/1.1)
HTTP/1.1 200 OK
Content-Type: application/json; charset=utf-8
cache-control: no-cache
content-length: 14

20:29:14.632 [AsyncHttpClient-1-5] DEBUG org.asynchttpclient.netty.channel.ChannelManager - Adding key: http://localhost:65158 for channel [id: 0xcf087b2b, L:/127.0.0.1:57263 - R:localhost/127.0.0.1:65158]
20:29:14.648 [Forwarding findElement on session f080283ce7aa140af5fcd556a79c2c68 to remote] DEBUG org.asynchttpclient.netty.request.NettyRequestSender - Using pooled Channel '[id: 0xcf087b2b, L:/127.0.0.1:57263 - R:localhost/127.0.0.1:65158]' for 'POST' to 'http://localhost:65158/session/f080283ce7aa140af5fcd556a79c2c68/element'
20:29:14.648 [Forwarding findElement on session f080283ce7aa140af5fcd556a79c2c68 to remote] DEBUG org.asynchttpclient.netty.request.NettyRequestSender - Using open Channel [id: 0xcf087b2b, L:/127.0.0.1:57263 - R:localhost/127.0.0.1:65158] for POST '/session/f080283ce7aa140af5fcd556a79c2c68/element'
20:29:14.692 [AsyncHttpClient-1-5] DEBUG org.asynchttpclient.netty.handler.HttpHandler - 

Request DefaultHttpRequest(decodeResult: success, version: HTTP/1.1)
POST /session/f080283ce7aa140af5fcd556a79c2c68/element HTTP/1.1
User-Agent: selenium/4.1.2 (java windows)
Content-Length: 68
Content-Type: application/json; charset=utf-8
host: localhost:65158
accept: */*

Response DefaultHttpResponse(decodeResult: success, version: HTTP/1.1)
HTTP/1.1 200 OK
Content-Type: application/json; charset=utf-8
cache-control: no-cache
content-length: 88

20:29:14.692 [AsyncHttpClient-1-5] DEBUG org.asynchttpclient.netty.channel.ChannelManager - Adding key: http://localhost:65158 for channel [id: 0xcf087b2b, L:/127.0.0.1:57263 - R:localhost/127.0.0.1:65158]
20:29:14.692 [Forwarding clickElement on session f080283ce7aa140af5fcd556a79c2c68 to remote] DEBUG org.asynchttpclient.netty.request.NettyRequestSender - Using pooled Channel '[id: 0xcf087b2b, L:/127.0.0.1:57263 - R:localhost/127.0.0.1:65158]' for 'POST' to 'http://localhost:65158/session/f080283ce7aa140af5fcd556a79c2c68/element/c0fd53c8-992e-4bef-a5e0-63133629c543/click'
20:29:14.692 [Forwarding clickElement on session f080283ce7aa140af5fcd556a79c2c68 to remote] DEBUG org.asynchttpclient.netty.request.NettyRequestSender - Using open Channel [id: 0xcf087b2b, L:/127.0.0.1:57263 - R:localhost/127.0.0.1:65158] for POST '/session/f080283ce7aa140af5fcd556a79c2c68/element/c0fd53c8-992e-4bef-a5e0-63133629c543/click'
20:29:15.057 [AsyncHttpClient-1-5] DEBUG org.asynchttpclient.netty.handler.HttpHandler - 

Request DefaultHttpRequest(decodeResult: success, version: HTTP/1.1)
POST /session/f080283ce7aa140af5fcd556a79c2c68/element/c0fd53c8-992e-4bef-a5e0-63133629c543/click HTTP/1.1
User-Agent: selenium/4.1.2 (java windows)
Content-Length: 50
Content-Type: application/json; charset=utf-8
host: localhost:65158
accept: */*

Response DefaultHttpResponse(decodeResult: success, version: HTTP/1.1)
HTTP/1.1 200 OK
Content-Type: application/json; charset=utf-8
cache-control: no-cache
content-length: 14

20:29:15.057 [AsyncHttpClient-1-5] DEBUG org.asynchttpclient.netty.channel.ChannelManager - Adding key: http://localhost:65158 for channel [id: 0xcf087b2b, L:/127.0.0.1:57263 - R:localhost/127.0.0.1:65158]
20:29:15.105 [Forwarding screenshot on session f080283ce7aa140af5fcd556a79c2c68 to remote] DEBUG org.asynchttpclient.netty.request.NettyRequestSender - Using pooled Channel '[id: 0xcf087b2b, L:/127.0.0.1:57263 - R:localhost/127.0.0.1:65158]' for 'GET' to 'http://localhost:65158/session/f080283ce7aa140af5fcd556a79c2c68/screenshot'
20:29:15.105 [Forwarding screenshot on session f080283ce7aa140af5fcd556a79c2c68 to remote] DEBUG org.asynchttpclient.netty.request.NettyRequestSender - Using open Channel [id: 0xcf087b2b, L:/127.0.0.1:57263 - R:localhost/127.0.0.1:65158] for GET '/session/f080283ce7aa140af5fcd556a79c2c68/screenshot'
20:29:15.401 [AsyncHttpClient-1-1] DEBUG org.asynchttpclient.netty.channel.DefaultChannelPool - Entry count for : http://localhost:57264 : 1
20:29:15.801 [AsyncHttpClient-1-5] DEBUG org.asynchttpclient.netty.handler.HttpHandler - 

Request DefaultFullHttpRequest(decodeResult: success, version: HTTP/1.1, content: EmptyByteBufBE)
GET /session/f080283ce7aa140af5fcd556a79c2c68/screenshot HTTP/1.1
User-Agent: selenium/4.1.2 (java windows)
Cache-Control: no-cache
Content-Type: application/json; charset=utf-8
host: localhost:65158
accept: */*

Response DefaultHttpResponse(decodeResult: success, version: HTTP/1.1)
HTTP/1.1 200 OK
Content-Type: application/json; charset=utf-8
cache-control: no-cache
content-length: 325168

20:29:15.817 [AsyncHttpClient-1-5] DEBUG org.asynchttpclient.netty.channel.ChannelManager - Adding key: http://localhost:65158 for channel [id: 0xcf087b2b, L:/127.0.0.1:57263 - R:localhost/127.0.0.1:65158]
20:29:15.849 [main] DEBUG net.serenitybdd.core.photography.Darkroom - Send negative for processing for target\site\serenity\ed3a9aa567f86c12711758fe47f54247bba8795bf800f51c0c8c429fb33968f1.png
20:29:15.849 [main] DEBUG net.thucydides.core.steps.StepInterceptor - STEP DONE: clickButtonSave
  &amp#27;[32mAnd &amp#27;[0m&amp#27;[32mClick button simpan&amp#27;[0m                                                     &amp#27;[90m# starter.stepdefinitios.PatientDataSteps.clickButtonSimpan()&amp#27;[0m
20:29:15.849 [Darkroom Processing Line] DEBUG net.serenitybdd.core.photography.DarkroomProcessingLine - Processing screenshot image in /var/screenshots/screenshot-12921834556957598304
20:29:15.849 [Darkroom Processing Line] DEBUG net.serenitybdd.core.photography.DarkroomProcessingLine - Saving screenshot to target\site\serenity\ed3a9aa567f86c12711758fe47f54247bba8795bf800f51c0c8c429fb33968f1.png
20:29:15.913 [Forwarding screenshot on session f080283ce7aa140af5fcd556a79c2c68 to remote] DEBUG org.asynchttpclient.netty.request.NettyRequestSender - Using pooled Channel '[id: 0xcf087b2b, L:/127.0.0.1:57263 - R:localhost/127.0.0.1:65158]' for 'GET' to 'http://localhost:65158/session/f080283ce7aa140af5fcd556a79c2c68/screenshot'
20:29:15.913 [Forwarding screenshot on session f080283ce7aa140af5fcd556a79c2c68 to remote] DEBUG org.asynchttpclient.netty.request.NettyRequestSender - Using open Channel [id: 0xcf087b2b, L:/127.0.0.1:57263 - R:localhost/127.0.0.1:65158] for GET '/session/f080283ce7aa140af5fcd556a79c2c68/screenshot'
20:29:15.954 [AsyncHttpClient-1-5] DEBUG org.asynchttpclient.netty.handler.HttpHandler - 

Request DefaultFullHttpRequest(decodeResult: success, version: HTTP/1.1, content: EmptyByteBufBE)
GET /session/f080283ce7aa140af5fcd556a79c2c68/screenshot HTTP/1.1
User-Agent: selenium/4.1.2 (java windows)
Cache-Control: no-cache
Content-Type: application/json; charset=utf-8
host: localhost:65158
accept: */*

Response DefaultHttpResponse(decodeResult: success, version: HTTP/1.1)
HTTP/1.1 500 Internal Server Error
Content-Type: application/json; charset=utf-8
cache-control: no-cache
content-length: 893

20:29:15.954 [AsyncHttpClient-1-5] DEBUG org.asynchttpclient.netty.channel.ChannelManager - Adding key: http://localhost:65158 for channel [id: 0xcf087b2b, L:/127.0.0.1:57263 - R:localhost/127.0.0.1:65158]
20:29:15.994 [main] WARN net.thucydides.core.webdriver.WebDriverFacade - Failed to take screenshot (unexpected alert open: {Alert text : Data telah ditambah}
  (Session info: chrome=102.0.5005.115): Data telah ditambah
Build info: version: '4.1.2', revision: '9a5a329c5a'
System info: host: 'MOOK-HON', ip: '192.168.100.6', os.name: 'Windows 10', os.arch: 'amd64', os.version: '10.0', java.version: '11.0.14'
Driver info: org.openqa.selenium.chrome.ChromeDriver
Command: [f080283ce7aa140af5fcd556a79c2c68, screenshot {}]
Capabilities {acceptInsecureCerts: false, browserName: chrome, browserVersion: 102.0.5005.115, chrome: {chromedriverVersion: 102.0.5005.61 (0e59bcc00cc4..., userDataDir: C:\Users\ASUS\AppData\Local...}, goog:chromeOptions: {debuggerAddress: localhost:57264}, javascriptEnabled: true, networkConnectionEnabled: false, pageLoadStrategy: normal, platform: WINDOWS, platformName: WINDOWS, proxy: Proxy(), se:cdp: ws://localhost:57264/devtoo..., se:cdpVersion: 102.0.5005.115, setWindowRect: true, strictFileInteractability: false, timeouts: {implicit: 0, pageLoad: 300000, script: 30000}, unhandledPromptBehavior: dismiss and notify, webauthn:extension:credBlob: true, webauthn:extension:largeBlob: true, webauthn:virtualAuthenticators: true}
Session ID: f080283ce7aa140af5fcd556a79c2c68)
20:29:16.042 [Forwarding screenshot on session f080283ce7aa140af5fcd556a79c2c68 to remote] DEBUG org.asynchttpclient.netty.request.NettyRequestSender - Using pooled Channel '[id: 0xcf087b2b, L:/127.0.0.1:57263 - R:localhost/127.0.0.1:65158]' for 'GET' to 'http://localhost:65158/session/f080283ce7aa140af5fcd556a79c2c68/screenshot'
20:29:16.042 [Forwarding screenshot on session f080283ce7aa140af5fcd556a79c2c68 to remote] DEBUG org.asynchttpclient.netty.request.NettyRequestSender - Using open Channel [id: 0xcf087b2b, L:/127.0.0.1:57263 - R:localhost/127.0.0.1:65158] for GET '/session/f080283ce7aa140af5fcd556a79c2c68/screenshot'
20:29:16.387 [AsyncHttpClient-1-5] DEBUG org.asynchttpclient.netty.handler.HttpHandler - 

Request DefaultFullHttpRequest(decodeResult: success, version: HTTP/1.1, content: EmptyByteBufBE)
GET /session/f080283ce7aa140af5fcd556a79c2c68/screenshot HTTP/1.1
User-Agent: selenium/4.1.2 (java windows)
Cache-Control: no-cache
Content-Type: application/json; charset=utf-8
host: localhost:65158
accept: */*

Response DefaultHttpResponse(decodeResult: success, version: HTTP/1.1)
HTTP/1.1 200 OK
Content-Type: application/json; charset=utf-8
cache-control: no-cache
content-length: 71412

20:29:16.387 [AsyncHttpClient-1-5] DEBUG org.asynchttpclient.netty.channel.ChannelManager - Adding key: http://localhost:65158 for channel [id: 0xcf087b2b, L:/127.0.0.1:57263 - R:localhost/127.0.0.1:65158]
20:29:16.403 [main] DEBUG net.serenitybdd.core.photography.Darkroom - Send negative for processing for target\site\serenity\641553ea0c7ee1350e9d99c43bd8b22ab0037bbbf11d544d65f62061eb96ca5a.png
20:29:16.403 [Darkroom Processing Line] DEBUG net.serenitybdd.core.photography.DarkroomProcessingLine - Processing screenshot image in /var/screenshots/screenshot-3900612491557910052
20:29:16.403 [Darkroom Processing Line] DEBUG net.serenitybdd.core.photography.DarkroomProcessingLine - Saving screenshot to target\site\serenity\641553ea0c7ee1350e9d99c43bd8b22ab0037bbbf11d544d65f62061eb96ca5a.png
20:29:16.487 [AsyncHttpClient-1-1] DEBUG org.asynchttpclient.netty.channel.DefaultChannelPool - Entry count for : http://localhost:57264 : 1
20:29:16.487 [AsyncHttpClient-1-1] DEBUG org.asynchttpclient.netty.channel.DefaultChannelPool - Entry count for : http://localhost:65158 : 1
20:29:16.948 [Forwarding screenshot on session f080283ce7aa140af5fcd556a79c2c68 to remote] DEBUG org.asynchttpclient.netty.request.NettyRequestSender - Using pooled Channel '[id: 0xcf087b2b, L:/127.0.0.1:57263 - R:localhost/127.0.0.1:65158]' for 'GET' to 'http://localhost:65158/session/f080283ce7aa140af5fcd556a79c2c68/screenshot'
20:29:16.948 [Forwarding screenshot on session f080283ce7aa140af5fcd556a79c2c68 to remote] DEBUG org.asynchttpclient.netty.request.NettyRequestSender - Using open Channel [id: 0xcf087b2b, L:/127.0.0.1:57263 - R:localhost/127.0.0.1:65158] for GET '/session/f080283ce7aa140af5fcd556a79c2c68/screenshot'
20:29:17.196 [AsyncHttpClient-1-5] DEBUG org.asynchttpclient.netty.handler.HttpHandler - 

Request DefaultFullHttpRequest(decodeResult: success, version: HTTP/1.1, content: EmptyByteBufBE)
GET /session/f080283ce7aa140af5fcd556a79c2c68/screenshot HTTP/1.1
User-Agent: selenium/4.1.2 (java windows)
Cache-Control: no-cache
Content-Type: application/json; charset=utf-8
host: localhost:65158
accept: */*

Response DefaultHttpResponse(decodeResult: success, version: HTTP/1.1)
HTTP/1.1 200 OK
Content-Type: application/json; charset=utf-8
cache-control: no-cache
content-length: 71412

20:29:17.196 [AsyncHttpClient-1-5] DEBUG org.asynchttpclient.netty.channel.ChannelManager - Adding key: http://localhost:65158 for channel [id: 0xcf087b2b, L:/127.0.0.1:57263 - R:localhost/127.0.0.1:65158]
20:29:17.204 [main] DEBUG net.serenitybdd.core.photography.Darkroom - Send negative for processing for target\site\serenity\641553ea0c7ee1350e9d99c43bd8b22ab0037bbbf11d544d65f62061eb96ca5a.png
20:29:17.204 [main] DEBUG net.thucydides.core.steps.StepInterceptor - STARTING STEP: DokterDataSteps.validDataDokter - validPagePasien
20:29:17.212 [Forwarding findElement on session f080283ce7aa140af5fcd556a79c2c68 to remote] DEBUG org.asynchttpclient.netty.request.NettyRequestSender - Using pooled Channel '[id: 0xcf087b2b, L:/127.0.0.1:57263 - R:localhost/127.0.0.1:65158]' for 'POST' to 'http://localhost:65158/session/f080283ce7aa140af5fcd556a79c2c68/element'
20:29:17.212 [Forwarding findElement on session f080283ce7aa140af5fcd556a79c2c68 to remote] DEBUG org.asynchttpclient.netty.request.NettyRequestSender - Using open Channel [id: 0xcf087b2b, L:/127.0.0.1:57263 - R:localhost/127.0.0.1:65158] for POST '/session/f080283ce7aa140af5fcd556a79c2c68/element'
20:29:17.277 [AsyncHttpClient-1-5] DEBUG org.asynchttpclient.netty.handler.HttpHandler - 

Request DefaultHttpRequest(decodeResult: success, version: HTTP/1.1)
POST /session/f080283ce7aa140af5fcd556a79c2c68/element HTTP/1.1
User-Agent: selenium/4.1.2 (java windows)
Content-Length: 126
Content-Type: application/json; charset=utf-8
host: localhost:65158
accept: */*

Response DefaultHttpResponse(decodeResult: success, version: HTTP/1.1)
HTTP/1.1 200 OK
Content-Type: application/json; charset=utf-8
cache-control: no-cache
content-length: 88

20:29:17.279 [AsyncHttpClient-1-5] DEBUG org.asynchttpclient.netty.channel.ChannelManager - Adding key: http://localhost:65158 for channel [id: 0xcf087b2b, L:/127.0.0.1:57263 - R:localhost/127.0.0.1:65158]
20:29:17.279 [Forwarding isElementEnabled on session f080283ce7aa140af5fcd556a79c2c68 to remote] DEBUG org.asynchttpclient.netty.request.NettyRequestSender - Using pooled Channel '[id: 0xcf087b2b, L:/127.0.0.1:57263 - R:localhost/127.0.0.1:65158]' for 'GET' to 'http://localhost:65158/session/f080283ce7aa140af5fcd556a79c2c68/element/c91a2d26-d543-4b82-afd8-a4b07e7491eb/enabled'
20:29:17.279 [Forwarding isElementEnabled on session f080283ce7aa140af5fcd556a79c2c68 to remote] DEBUG org.asynchttpclient.netty.request.NettyRequestSender - Using open Channel [id: 0xcf087b2b, L:/127.0.0.1:57263 - R:localhost/127.0.0.1:65158] for GET '/session/f080283ce7aa140af5fcd556a79c2c68/element/c91a2d26-d543-4b82-afd8-a4b07e7491eb/enabled'
20:29:17.323 [AsyncHttpClient-1-5] DEBUG org.asynchttpclient.netty.handler.HttpHandler - 

Request DefaultFullHttpRequest(decodeResult: success, version: HTTP/1.1, content: EmptyByteBufBE)
GET /session/f080283ce7aa140af5fcd556a79c2c68/element/c91a2d26-d543-4b82-afd8-a4b07e7491eb/enabled HTTP/1.1
User-Agent: selenium/4.1.2 (java windows)
Cache-Control: no-cache
Content-Type: application/json; charset=utf-8
host: localhost:65158
accept: */*

Response DefaultHttpResponse(decodeResult: success, version: HTTP/1.1)
HTTP/1.1 200 OK
Content-Type: application/json; charset=utf-8
cache-control: no-cache
content-length: 14

20:29:17.323 [AsyncHttpClient-1-5] DEBUG org.asynchttpclient.netty.channel.ChannelManager - Adding key: http://localhost:65158 for channel [id: 0xcf087b2b, L:/127.0.0.1:57263 - R:localhost/127.0.0.1:65158]
20:29:17.347 [Forwarding screenshot on session f080283ce7aa140af5fcd556a79c2c68 to remote] DEBUG org.asynchttpclient.netty.request.NettyRequestSender - Using pooled Channel '[id: 0xcf087b2b, L:/127.0.0.1:57263 - R:localhost/127.0.0.1:65158]' for 'GET' to 'http://localhost:65158/session/f080283ce7aa140af5fcd556a79c2c68/screenshot'
20:29:17.347 [Forwarding screenshot on session f080283ce7aa140af5fcd556a79c2c68 to remote] DEBUG org.asynchttpclient.netty.request.NettyRequestSender - Using open Channel [id: 0xcf087b2b, L:/127.0.0.1:57263 - R:localhost/127.0.0.1:65158] for GET '/session/f080283ce7aa140af5fcd556a79c2c68/screenshot'
20:29:17.632 [AsyncHttpClient-1-1] DEBUG org.asynchttpclient.netty.channel.DefaultChannelPool - Entry count for : http://localhost:57264 : 1
20:29:17.681 [AsyncHttpClient-1-5] DEBUG org.asynchttpclient.netty.handler.HttpHandler - 

Request DefaultFullHttpRequest(decodeResult: success, version: HTTP/1.1, content: EmptyByteBufBE)
GET /session/f080283ce7aa140af5fcd556a79c2c68/screenshot HTTP/1.1
User-Agent: selenium/4.1.2 (java windows)
Cache-Control: no-cache
Content-Type: application/json; charset=utf-8
host: localhost:65158
accept: */*

Response DefaultHttpResponse(decodeResult: success, version: HTTP/1.1)
HTTP/1.1 200 OK
Content-Type: application/json; charset=utf-8
cache-control: no-cache
content-length: 71412

20:29:17.681 [AsyncHttpClient-1-5] DEBUG org.asynchttpclient.netty.channel.ChannelManager - Adding key: http://localhost:65158 for channel [id: 0xcf087b2b, L:/127.0.0.1:57263 - R:localhost/127.0.0.1:65158]
20:29:17.681 [main] DEBUG net.serenitybdd.core.photography.Darkroom - Send negative for processing for target\site\serenity\641553ea0c7ee1350e9d99c43bd8b22ab0037bbbf11d544d65f62061eb96ca5a.png
20:29:17.681 [main] DEBUG net.thucydides.core.steps.StepInterceptor - STEP DONE: validPagePasien
  &amp#27;[32mAnd &amp#27;[0m&amp#27;[32mValid data dokter&amp#27;[0m                                                       &amp#27;[90m# starter.stepdefinitios.DokterDataSteps.validDataDokter()&amp#27;[0m
20:29:17.740 [AsyncHttpClient-1-7] DEBUG org.asynchttpclient.netty.handler.WebSocketHandler - Channel Closed: [id: 0xc5885c45, L:/127.0.0.1:57276 ! R:localhost/127.0.0.1:57264] with attribute NettyResponseFuture{currentRetry=5,
	isDone=1,
	isCancelled=0,
	asyncHandler=org.asynchttpclient.ws.WebSocketUpgradeHandler@40358d9d,
	nettyRequest=org.asynchttpclient.netty.request.NettyRequest@5370bff,
	future=java.util.concurrent.CompletableFuture@20687f3a[Completed normally],
	uri=ws://localhost:57264/devtools/browser/7b863b35-b95a-4bb9-aae4-76d85f85681c,
	keepAlive=true,
	redirectCount=0,
	timeoutsHolder=null,
	inAuth=0,
	touch=1655990944477}
20:29:17.740 [AsyncHttpClient-1-7] DEBUG org.asynchttpclient.netty.channel.ChannelManager - Closing Channel [id: 0xc5885c45, L:/127.0.0.1:57276 ! R:localhost/127.0.0.1:57264] 
20:29:17.755 [Driver Command Executor] DEBUG org.asynchttpclient.netty.request.NettyRequestSender - Using pooled Channel '[id: 0xcf087b2b, L:/127.0.0.1:57263 - R:localhost/127.0.0.1:65158]' for 'DELETE' to 'http://localhost:65158/session/f080283ce7aa140af5fcd556a79c2c68'
20:29:17.755 [Driver Command Executor] DEBUG org.asynchttpclient.netty.request.NettyRequestSender - Using open Channel [id: 0xcf087b2b, L:/127.0.0.1:57263 - R:localhost/127.0.0.1:65158] for DELETE '/session/f080283ce7aa140af5fcd556a79c2c68'
20:29:18.693 [AsyncHttpClient-1-1] DEBUG org.asynchttpclient.netty.channel.DefaultChannelPool - Entry count for : http://localhost:57264 : 1
20:29:19.807 [AsyncHttpClient-1-1] DEBUG org.asynchttpclient.netty.channel.DefaultChannelPool - Entry count for : http://localhost:57264 : 1
20:29:20.606 [AsyncHttpClient-1-6] DEBUG org.asynchttpclient.netty.handler.HttpHandler - Unexpected I/O exception on channel [id: 0x5290268c, L:/127.0.0.1:57275 - R:localhost/127.0.0.1:57264]
java.io.IOException: An existing connection was forcibly closed by the remote host
	at java.base/sun.nio.ch.SocketDispatcher.read0(Native Method)
	at java.base/sun.nio.ch.SocketDispatcher.read(SocketDispatcher.java:43)
	at java.base/sun.nio.ch.IOUtil.readIntoNativeBuffer(IOUtil.java:276)
	at java.base/sun.nio.ch.IOUtil.read(IOUtil.java:233)
	at java.base/sun.nio.ch.IOUtil.read(IOUtil.java:223)
	at java.base/sun.nio.ch.SocketChannelImpl.read(SocketChannelImpl.java:358)
	at io.netty.buffer.PooledByteBuf.setBytes(PooledByteBuf.java:258)
	at io.netty.buffer.AbstractByteBuf.writeBytes(AbstractByteBuf.java:1132)
	at io.netty.channel.socket.nio.NioSocketChannel.doReadBytes(NioSocketChannel.java:350)
	at io.netty.channel.nio.AbstractNioByteChannel$NioByteUnsafe.read(AbstractNioByteChannel.java:151)
	at io.netty.channel.nio.NioEventLoop.processSelectedKey(NioEventLoop.java:722)
	at io.netty.channel.nio.NioEventLoop.processSelectedKeysOptimized(NioEventLoop.java:658)
	at io.netty.channel.nio.NioEventLoop.processSelectedKeys(NioEventLoop.java:584)
	at io.netty.channel.nio.NioEventLoop.run(NioEventLoop.java:496)
	at io.netty.util.concurrent.SingleThreadEventExecutor$4.run(SingleThreadEventExecutor.java:986)
	at io.netty.util.internal.ThreadExecutorMap$2.run(ThreadExecutorMap.java:74)
	at io.netty.util.concurrent.FastThreadLocalRunnable.run(FastThreadLocalRunnable.java:30)
	at java.base/java.lang.Thread.run(Thread.java:834)
20:29:20.606 [AsyncHttpClient-1-6] DEBUG org.asynchttpclient.netty.channel.ChannelManager - Closing Channel [id: 0x5290268c, L:/127.0.0.1:57275 - R:localhost/127.0.0.1:57264] 
20:29:20.606 [AsyncHttpClient-1-6] DEBUG org.asynchttpclient.netty.handler.HttpHandler - Channel Closed: [id: 0x5290268c, L:/127.0.0.1:57275 ! R:localhost/127.0.0.1:57264] with attribute DISCARD
20:29:20.653 [AsyncHttpClient-1-5] DEBUG org.asynchttpclient.netty.handler.HttpHandler - 

Request DefaultFullHttpRequest(decodeResult: success, version: HTTP/1.1, content: EmptyByteBufBE)
DELETE /session/f080283ce7aa140af5fcd556a79c2c68 HTTP/1.1
User-Agent: selenium/4.1.2 (java windows)
Content-Type: application/json; charset=utf-8
host: localhost:65158
accept: */*

Response DefaultHttpResponse(decodeResult: success, version: HTTP/1.1)
HTTP/1.1 200 OK
Content-Type: application/json; charset=utf-8
cache-control: no-cache
content-length: 14

20:29:20.653 [AsyncHttpClient-1-5] DEBUG org.asynchttpclient.netty.channel.ChannelManager - Adding key: http://localhost:65158 for channel [id: 0xcf087b2b, L:/127.0.0.1:57263 - R:localhost/127.0.0.1:65158]
20:29:20.889 [AsyncHttpClient-1-1] DEBUG org.asynchttpclient.netty.channel.DefaultChannelPool - Entry count for : http://localhost:57264 : 1
20:29:20.889 [AsyncHttpClient-1-1] DEBUG org.asynchttpclient.netty.channel.DefaultChannelPool - Entry count for : http://localhost:65158 : 1
20:29:20.889 [AsyncHttpClient-1-1] DEBUG org.asynchttpclient.netty.channel.DefaultChannelPool - Adding Candidate expired Channel [id: 0x5290268c, L:/127.0.0.1:57275 ! R:localhost/127.0.0.1:57264] isIdleTimeoutExpired=false isRemotelyClosed=true isTtlExpired=false
20:29:20.889 [AsyncHttpClient-1-1] DEBUG org.asynchttpclient.netty.channel.DefaultChannelPool - Closing Idle Channel [id: 0x5290268c, L:/127.0.0.1:57275 ! R:localhost/127.0.0.1:57264]
20:29:20.889 [AsyncHttpClient-1-1] DEBUG org.asynchttpclient.netty.channel.DefaultChannelPool - Closed 1 connections out of 2 in 0 ms
20:29:21.687 [AsyncHttpClient-1-5] DEBUG org.asynchttpclient.netty.handler.HttpHandler - Unexpected I/O exception on channel [id: 0xcf087b2b, L:/127.0.0.1:57263 - R:localhost/127.0.0.1:65158]
java.io.IOException: An existing connection was forcibly closed by the remote host
	at java.base/sun.nio.ch.SocketDispatcher.read0(Native Method)
	at java.base/sun.nio.ch.SocketDispatcher.read(SocketDispatcher.java:43)
	at java.base/sun.nio.ch.IOUtil.readIntoNativeBuffer(IOUtil.java:276)
	at java.base/sun.nio.ch.IOUtil.read(IOUtil.java:233)
	at java.base/sun.nio.ch.IOUtil.read(IOUtil.java:223)
	at java.base/sun.nio.ch.SocketChannelImpl.read(SocketChannelImpl.java:358)
	at io.netty.buffer.PooledByteBuf.setBytes(PooledByteBuf.java:258)
	at io.netty.buffer.AbstractByteBuf.writeBytes(AbstractByteBuf.java:1132)
	at io.netty.channel.socket.nio.NioSocketChannel.doReadBytes(NioSocketChannel.java:350)
	at io.netty.channel.nio.AbstractNioByteChannel$NioByteUnsafe.read(AbstractNioByteChannel.java:151)
	at io.netty.channel.nio.NioEventLoop.processSelectedKey(NioEventLoop.java:722)
	at io.netty.channel.nio.NioEventLoop.processSelectedKeysOptimized(NioEventLoop.java:658)
	at io.netty.channel.nio.NioEventLoop.processSelectedKeys(NioEventLoop.java:584)
	at io.netty.channel.nio.NioEventLoop.run(NioEventLoop.java:496)
	at io.netty.util.concurrent.SingleThreadEventExecutor$4.run(SingleThreadEventExecutor.java:986)
	at io.netty.util.internal.ThreadExecutorMap$2.run(ThreadExecutorMap.java:74)
	at io.netty.util.concurrent.FastThreadLocalRunnable.run(FastThreadLocalRunnable.java:30)
	at java.base/java.lang.Thread.run(Thread.java:834)
20:29:21.702 [AsyncHttpClient-1-5] DEBUG org.asynchttpclient.netty.channel.ChannelManager - Closing Channel [id: 0xcf087b2b, L:/127.0.0.1:57263 - R:localhost/127.0.0.1:65158] 
20:29:21.702 [AsyncHttpClient-1-5] DEBUG org.asynchttpclient.netty.handler.HttpHandler - Channel Closed: [id: 0xcf087b2b, L:/127.0.0.1:57263 ! R:localhost/127.0.0.1:65158] with attribute DISCARD
20:29:21.734 [main] INFO  - 
  _____   ___   ___   _____     ___     _     ___   ___   ___   ___  
 |_   _| | __| / __| |_   _|   | _ \   /_\   / __| / __| | __| |   \ 
   | |   | _|  \__ \   | |     |  _/  / _ \  \__ \ \__ \ | _|  | |) |
   |_|   |___| |___/   |_|     |_|   /_/ \_\ |___/ |___/ |___| |___/ 

As a admin i want to add data dokter
----------------------------------------------------------------------
]]></system-out>
    <system-err><![CDATA[Starting ChromeDriver 102.0.5005.61 (0e59bcc00cc4985ce39ad31c150065f159d95ad3-refs/branch-heads/5005@{#819}) on port 65158
Only local connections are allowed.
Please see https://chromedriver.chromium.org/security-considerations for suggestions on keeping ChromeDriver safe.
ChromeDriver was started successfully.
Jun 23, 2022 8:29:04 PM org.openqa.selenium.remote.ProtocolHandshake createSession
INFO: Detected dialect: W3C
Jun 23, 2022 8:29:04 PM org.openqa.selenium.devtools.CdpVersionFinder findNearestMatch
WARNING: Unable to find an exact match for CDP version 102, so returning the closest version found: a no-op implementation
Jun 23, 2022 8:29:04 PM org.openqa.selenium.devtools.CdpVersionFinder findNearestMatch
INFO: Unable to find CDP implementation matching 102.
Jun 23, 2022 8:29:04 PM org.openqa.selenium.chromium.ChromiumDriver lambda$new$3
WARNING: Unable to find version of CDP to use for . You may need to include a dependency on a specific version of the CDP using something similar to `org.seleniumhq.selenium:selenium-devtools-v86:4.1.2` where the version ("v86") matches the version of the chromium-based browser you're using and the version number of the artifact is the same as Selenium's.
]]></system-err>
  </testcase>
  <testcase name="As a admin i want to add data dokter #2" classname="Add Data Dokter - Admin" time="15.574">
    <system-out><![CDATA[
@AddDokterData
Scenario Outline: As a admin i want to add data dokter                   &amp#27;[90m# src/test/resources/features/AddDataDokter.feature:13&amp#27;[0m
20:29:21.781 [main] INFO io.cucumber.core.plugin.SerenityReporter - Running feature from file:///D:/Kel-1-capstone/TestingWeb/src/test/resources/features/AddDataDokter.feature
20:29:21.937 [main] DEBUG net.thucydides.core.steps.StepInterceptor - STARTING STEP: DokterDataSteps.openPageDataDokter - openDataDokter
20:29:21.937 [main] INFO net.serenitybdd.core.webdriver.driverproviders.ChromeDriverProvider - Using automatically driver download
20:29:22.031 [AsyncHttpClient-1-1] DEBUG org.asynchttpclient.netty.channel.DefaultChannelPool - Entry count for : http://localhost:65158 : 1
20:29:22.031 [AsyncHttpClient-1-1] DEBUG org.asynchttpclient.netty.channel.DefaultChannelPool - Adding Candidate expired Channel [id: 0xcf087b2b, L:/127.0.0.1:57263 ! R:localhost/127.0.0.1:65158] isIdleTimeoutExpired=false isRemotelyClosed=true isTtlExpired=false
20:29:22.031 [AsyncHttpClient-1-1] DEBUG org.asynchttpclient.netty.channel.DefaultChannelPool - Closing Idle Channel [id: 0xcf087b2b, L:/127.0.0.1:57263 ! R:localhost/127.0.0.1:65158]
20:29:22.031 [AsyncHttpClient-1-1] DEBUG org.asynchttpclient.netty.channel.DefaultChannelPool - Closed 1 connections out of 1 in 0 ms
20:29:22.314 [main] DEBUG io.github.bonigarcia.wdm.cache.ResolutionCache - Resolution chrome=102 in cache (valid until 21:04:30 23/06/2022 ICT)
20:29:22.330 [main] DEBUG io.github.bonigarcia.wdm.cache.ResolutionCache - Resolution chrome102=102.0.5005.61 in cache (valid until 20:04:30 24/06/2022 ICT)
20:29:22.345 [main] INFO io.github.bonigarcia.wdm.WebDriverManager - Using chromedriver 102.0.5005.61 (resolved driver for Chrome 102)
20:29:22.424 [main] DEBUG io.github.bonigarcia.wdm.WebDriverManager - Driver chromedriver 102.0.5005.61 found in cache
20:29:22.424 [main] INFO io.github.bonigarcia.wdm.WebDriverManager - Exporting webdriver.chrome.driver as C:\Users\ASUS\.cache\selenium\chromedriver\win32\102.0.5005.61\chromedriver.exe
20:29:22.714 [main] DEBUG net.serenitybdd.core.webdriver.driverproviders.ProvideNewDriver - Instantiating driver
20:29:22.714 [main] DEBUG net.serenitybdd.core.webdriver.driverproviders.ProvideNewDriver - Driver capabilities: Capabilities {acceptInsecureCerts: false, base.url: https://fanciful-trifle-360..., browserName: chrome, chorme.driver: src/test/resources/webdrive..., driver: chrome, goog:chromeOptions: {args: [], extensions: []}}
20:29:23.308 [AsyncHttpClient-1-8] DEBUG org.asynchttpclient.netty.channel.NettyConnectListener - Using new Channel '[id: 0xd10c546b, L:/127.0.0.1:57306 - R:localhost/127.0.0.1:55877]' for 'POST' to '/session'
20:29:25.237 [AsyncHttpClient-1-8] DEBUG org.asynchttpclient.netty.handler.HttpHandler - 

Request DefaultHttpRequest(decodeResult: success, version: HTTP/1.1)
POST /session HTTP/1.1
User-Agent: selenium/4.1.2 (java windows)
Content-Length: 629
Content-Type: application/json; charset=utf-8
host: localhost:55877
accept: */*

Response DefaultHttpResponse(decodeResult: success, version: HTTP/1.1)
HTTP/1.1 200 OK
Content-Type: application/json; charset=utf-8
cache-control: no-cache
content-length: 789

20:29:25.237 [AsyncHttpClient-1-8] DEBUG org.asynchttpclient.netty.channel.ChannelManager - Adding key: http://localhost:55877 for channel [id: 0xd10c546b, L:/127.0.0.1:57306 - R:localhost/127.0.0.1:55877]
20:29:25.286 [AsyncHttpClient-1-9] DEBUG org.asynchttpclient.netty.channel.NettyConnectListener - Using new Channel '[id: 0x0ab94e80, L:/127.0.0.1:57317 - R:localhost/127.0.0.1:57307]' for 'GET' to '/json/version'
20:29:25.286 [AsyncHttpClient-1-1] DEBUG org.asynchttpclient.netty.channel.DefaultChannelPool - Entry count for : http://localhost:55877 : 1
20:29:25.318 [AsyncHttpClient-1-9] DEBUG org.asynchttpclient.netty.handler.HttpHandler - 

Request DefaultFullHttpRequest(decodeResult: success, version: HTTP/1.1, content: EmptyByteBufBE)
GET /json/version HTTP/1.1
User-Agent: selenium/4.1.2 (java windows)
host: localhost:57307
accept: */*

Response DefaultHttpResponse(decodeResult: success, version: HTTP/1.1)
HTTP/1.1 200 OK
Content-Type: application/json; charset=UTF-8
content-length: 428

20:29:25.318 [AsyncHttpClient-1-9] DEBUG org.asynchttpclient.netty.channel.ChannelManager - Adding key: http://localhost:57307 for channel [id: 0x0ab94e80, L:/127.0.0.1:57317 - R:localhost/127.0.0.1:57307]
20:29:25.326 [AsyncHttpClient-1-2] DEBUG org.asynchttpclient.netty.channel.NettyConnectListener - Using new Channel '[id: 0x23c5421d, L:/127.0.0.1:57318 - R:localhost/127.0.0.1:57307]' for 'GET' to '/devtools/browser/5e0a3fa2-9256-4cb1-b21f-4c78cdd0f97e'
20:29:25.329 [AsyncHttpClient-1-2] DEBUG org.asynchttpclient.netty.handler.WebSocketHandler - 

Request DefaultFullHttpRequest(decodeResult: success, version: HTTP/1.1, content: EmptyByteBufBE)
GET /devtools/browser/5e0a3fa2-9256-4cb1-b21f-4c78cdd0f97e HTTP/1.1
upgrade: websocket
connection: upgrade
sec-websocket-key: 7eDcpxJsHgkDPsWMp6DTvQ==
sec-websocket-version: 13
origin: http://localhost:57307
host: localhost:57307
accept: */*
user-agent: AHC/2.1

Response DefaultHttpResponse(decodeResult: success, version: HTTP/1.1)
HTTP/1.1 101 WebSocket Protocol Handshake
Upgrade: WebSocket
Connection: Upgrade
Sec-WebSocket-Accept: 1waGvWANhuXM63irdiBJ+gNN59g=

20:29:25.345 [Forwarding get on session ee63ec1c6e29c634b9014320f4aac8b8 to remote] DEBUG org.asynchttpclient.netty.request.NettyRequestSender - Using pooled Channel '[id: 0xd10c546b, L:/127.0.0.1:57306 - R:localhost/127.0.0.1:55877]' for 'POST' to 'http://localhost:55877/session/ee63ec1c6e29c634b9014320f4aac8b8/url'
20:29:25.345 [Forwarding get on session ee63ec1c6e29c634b9014320f4aac8b8 to remote] DEBUG org.asynchttpclient.netty.request.NettyRequestSender - Using open Channel [id: 0xd10c546b, L:/127.0.0.1:57306 - R:localhost/127.0.0.1:55877] for POST '/session/ee63ec1c6e29c634b9014320f4aac8b8/url'
20:29:26.387 [AsyncHttpClient-1-1] DEBUG org.asynchttpclient.netty.channel.DefaultChannelPool - Entry count for : http://localhost:57307 : 1
20:29:26.683 [AsyncHttpClient-1-8] DEBUG org.asynchttpclient.netty.handler.HttpHandler - 

Request DefaultHttpRequest(decodeResult: success, version: HTTP/1.1)
POST /session/ee63ec1c6e29c634b9014320f4aac8b8/url HTTP/1.1
User-Agent: selenium/4.1.2 (java windows)
Content-Length: 84
Content-Type: application/json; charset=utf-8
host: localhost:55877
accept: */*

Response DefaultHttpResponse(decodeResult: success, version: HTTP/1.1)
HTTP/1.1 200 OK
Content-Type: application/json; charset=utf-8
cache-control: no-cache
content-length: 14

20:29:26.683 [AsyncHttpClient-1-8] DEBUG org.asynchttpclient.netty.channel.ChannelManager - Adding key: http://localhost:55877 for channel [id: 0xd10c546b, L:/127.0.0.1:57306 - R:localhost/127.0.0.1:55877]
20:29:26.699 [Forwarding setTimeout on session ee63ec1c6e29c634b9014320f4aac8b8 to remote] DEBUG org.asynchttpclient.netty.request.NettyRequestSender - Using pooled Channel '[id: 0xd10c546b, L:/127.0.0.1:57306 - R:localhost/127.0.0.1:55877]' for 'POST' to 'http://localhost:55877/session/ee63ec1c6e29c634b9014320f4aac8b8/timeouts'
20:29:26.699 [Forwarding setTimeout on session ee63ec1c6e29c634b9014320f4aac8b8 to remote] DEBUG org.asynchttpclient.netty.request.NettyRequestSender - Using open Channel [id: 0xd10c546b, L:/127.0.0.1:57306 - R:localhost/127.0.0.1:55877] for POST '/session/ee63ec1c6e29c634b9014320f4aac8b8/timeouts'
20:29:26.699 [AsyncHttpClient-1-8] DEBUG org.asynchttpclient.netty.handler.HttpHandler - 

Request DefaultHttpRequest(decodeResult: success, version: HTTP/1.1)
POST /session/ee63ec1c6e29c634b9014320f4aac8b8/timeouts HTTP/1.1
User-Agent: selenium/4.1.2 (java windows)
Content-Length: 22
Content-Type: application/json; charset=utf-8
host: localhost:55877
accept: */*

Response DefaultHttpResponse(decodeResult: success, version: HTTP/1.1)
HTTP/1.1 200 OK
Content-Type: application/json; charset=utf-8
cache-control: no-cache
content-length: 14

20:29:26.699 [AsyncHttpClient-1-8] DEBUG org.asynchttpclient.netty.channel.ChannelManager - Adding key: http://localhost:55877 for channel [id: 0xd10c546b, L:/127.0.0.1:57306 - R:localhost/127.0.0.1:55877]
20:29:26.714 [Forwarding getCurrentUrl on session ee63ec1c6e29c634b9014320f4aac8b8 to remote] DEBUG org.asynchttpclient.netty.request.NettyRequestSender - Using pooled Channel '[id: 0xd10c546b, L:/127.0.0.1:57306 - R:localhost/127.0.0.1:55877]' for 'GET' to 'http://localhost:55877/session/ee63ec1c6e29c634b9014320f4aac8b8/url'
20:29:26.714 [Forwarding getCurrentUrl on session ee63ec1c6e29c634b9014320f4aac8b8 to remote] DEBUG org.asynchttpclient.netty.request.NettyRequestSender - Using open Channel [id: 0xd10c546b, L:/127.0.0.1:57306 - R:localhost/127.0.0.1:55877] for GET '/session/ee63ec1c6e29c634b9014320f4aac8b8/url'
20:29:26.730 [AsyncHttpClient-1-8] DEBUG org.asynchttpclient.netty.handler.HttpHandler - 

Request DefaultFullHttpRequest(decodeResult: success, version: HTTP/1.1, content: EmptyByteBufBE)
GET /session/ee63ec1c6e29c634b9014320f4aac8b8/url HTTP/1.1
User-Agent: selenium/4.1.2 (java windows)
Cache-Control: no-cache
Content-Type: application/json; charset=utf-8
host: localhost:55877
accept: */*

Response DefaultHttpResponse(decodeResult: success, version: HTTP/1.1)
HTTP/1.1 200 OK
Content-Type: application/json; charset=utf-8
cache-control: no-cache
content-length: 66

20:29:26.730 [AsyncHttpClient-1-8] DEBUG org.asynchttpclient.netty.channel.ChannelManager - Adding key: http://localhost:55877 for channel [id: 0xd10c546b, L:/127.0.0.1:57306 - R:localhost/127.0.0.1:55877]
20:29:26.777 [Forwarding screenshot on session ee63ec1c6e29c634b9014320f4aac8b8 to remote] DEBUG org.asynchttpclient.netty.request.NettyRequestSender - Using pooled Channel '[id: 0xd10c546b, L:/127.0.0.1:57306 - R:localhost/127.0.0.1:55877]' for 'GET' to 'http://localhost:55877/session/ee63ec1c6e29c634b9014320f4aac8b8/screenshot'
20:29:26.777 [Forwarding screenshot on session ee63ec1c6e29c634b9014320f4aac8b8 to remote] DEBUG org.asynchttpclient.netty.request.NettyRequestSender - Using open Channel [id: 0xd10c546b, L:/127.0.0.1:57306 - R:localhost/127.0.0.1:55877] for GET '/session/ee63ec1c6e29c634b9014320f4aac8b8/screenshot'
20:29:27.495 [AsyncHttpClient-1-1] DEBUG org.asynchttpclient.netty.channel.DefaultChannelPool - Entry count for : http://localhost:57307 : 1
20:29:27.923 [AsyncHttpClient-1-8] DEBUG org.asynchttpclient.netty.handler.HttpHandler - 

Request DefaultFullHttpRequest(decodeResult: success, version: HTTP/1.1, content: EmptyByteBufBE)
GET /session/ee63ec1c6e29c634b9014320f4aac8b8/screenshot HTTP/1.1
User-Agent: selenium/4.1.2 (java windows)
Cache-Control: no-cache
Content-Type: application/json; charset=utf-8
host: localhost:55877
accept: */*

Response DefaultHttpResponse(decodeResult: success, version: HTTP/1.1)
HTTP/1.1 200 OK
Content-Type: application/json; charset=utf-8
cache-control: no-cache
content-length: 93040

20:29:27.939 [AsyncHttpClient-1-8] DEBUG org.asynchttpclient.netty.channel.ChannelManager - Adding key: http://localhost:55877 for channel [id: 0xd10c546b, L:/127.0.0.1:57306 - R:localhost/127.0.0.1:55877]
20:29:27.947 [main] DEBUG net.serenitybdd.core.photography.Darkroom - Send negative for processing for target\site\serenity\ee66319f8cb5850ca609fa5af5fccf9e8848aa4d878c3d081ff200c30ff79dfd.png
20:29:27.947 [main] DEBUG net.thucydides.core.steps.StepInterceptor - STEP DONE: openDataDokter
  &amp#27;[32mGiven &amp#27;[0m&amp#27;[32mOpen page data dokter&amp#27;[0m                                            &amp#27;[90m# starter.stepdefinitios.DokterDataSteps.openPageDataDokter()&amp#27;[0m
20:29:27.947 [Darkroom Processing Line] DEBUG net.serenitybdd.core.photography.DarkroomProcessingLine - Processing screenshot image in /var/screenshots/screenshot-10287979297904948149
20:29:27.947 [Darkroom Processing Line] DEBUG net.serenitybdd.core.photography.DarkroomProcessingLine - Saving screenshot to target\site\serenity\ee66319f8cb5850ca609fa5af5fccf9e8848aa4d878c3d081ff200c30ff79dfd.png
20:29:28.038 [Forwarding screenshot on session ee63ec1c6e29c634b9014320f4aac8b8 to remote] DEBUG org.asynchttpclient.netty.request.NettyRequestSender - Using pooled Channel '[id: 0xd10c546b, L:/127.0.0.1:57306 - R:localhost/127.0.0.1:55877]' for 'GET' to 'http://localhost:55877/session/ee63ec1c6e29c634b9014320f4aac8b8/screenshot'
20:29:28.038 [Forwarding screenshot on session ee63ec1c6e29c634b9014320f4aac8b8 to remote] DEBUG org.asynchttpclient.netty.request.NettyRequestSender - Using open Channel [id: 0xd10c546b, L:/127.0.0.1:57306 - R:localhost/127.0.0.1:55877] for GET '/session/ee63ec1c6e29c634b9014320f4aac8b8/screenshot'
20:29:28.208 [AsyncHttpClient-1-8] DEBUG org.asynchttpclient.netty.handler.HttpHandler - 

Request DefaultFullHttpRequest(decodeResult: success, version: HTTP/1.1, content: EmptyByteBufBE)
GET /session/ee63ec1c6e29c634b9014320f4aac8b8/screenshot HTTP/1.1
User-Agent: selenium/4.1.2 (java windows)
Cache-Control: no-cache
Content-Type: application/json; charset=utf-8
host: localhost:55877
accept: */*

Response DefaultHttpResponse(decodeResult: success, version: HTTP/1.1)
HTTP/1.1 200 OK
Content-Type: application/json; charset=utf-8
cache-control: no-cache
content-length: 93040

20:29:28.208 [AsyncHttpClient-1-8] DEBUG org.asynchttpclient.netty.channel.ChannelManager - Adding key: http://localhost:55877 for channel [id: 0xd10c546b, L:/127.0.0.1:57306 - R:localhost/127.0.0.1:55877]
20:29:28.224 [main] DEBUG net.serenitybdd.core.photography.Darkroom - Send negative for processing for target\site\serenity\ee66319f8cb5850ca609fa5af5fccf9e8848aa4d878c3d081ff200c30ff79dfd.png
20:29:28.224 [main] DEBUG net.thucydides.core.steps.StepInterceptor - STARTING STEP: PatientDataSteps.clickButtonTambahData - clickButtonTambah
20:29:28.239 [Forwarding findElement on session ee63ec1c6e29c634b9014320f4aac8b8 to remote] DEBUG org.asynchttpclient.netty.request.NettyRequestSender - Using pooled Channel '[id: 0xd10c546b, L:/127.0.0.1:57306 - R:localhost/127.0.0.1:55877]' for 'POST' to 'http://localhost:55877/session/ee63ec1c6e29c634b9014320f4aac8b8/element'
20:29:28.239 [Forwarding findElement on session ee63ec1c6e29c634b9014320f4aac8b8 to remote] DEBUG org.asynchttpclient.netty.request.NettyRequestSender - Using open Channel [id: 0xd10c546b, L:/127.0.0.1:57306 - R:localhost/127.0.0.1:55877] for POST '/session/ee63ec1c6e29c634b9014320f4aac8b8/element'
20:29:28.271 [AsyncHttpClient-1-8] DEBUG org.asynchttpclient.netty.handler.HttpHandler - 

Request DefaultHttpRequest(decodeResult: success, version: HTTP/1.1)
POST /session/ee63ec1c6e29c634b9014320f4aac8b8/element HTTP/1.1
User-Agent: selenium/4.1.2 (java windows)
Content-Length: 68
Content-Type: application/json; charset=utf-8
host: localhost:55877
accept: */*

Response DefaultHttpResponse(decodeResult: success, version: HTTP/1.1)
HTTP/1.1 200 OK
Content-Type: application/json; charset=utf-8
cache-control: no-cache
content-length: 88

20:29:28.271 [AsyncHttpClient-1-8] DEBUG org.asynchttpclient.netty.channel.ChannelManager - Adding key: http://localhost:55877 for channel [id: 0xd10c546b, L:/127.0.0.1:57306 - R:localhost/127.0.0.1:55877]
20:29:28.271 [Forwarding getElementTagName on session ee63ec1c6e29c634b9014320f4aac8b8 to remote] DEBUG org.asynchttpclient.netty.request.NettyRequestSender - Using pooled Channel '[id: 0xd10c546b, L:/127.0.0.1:57306 - R:localhost/127.0.0.1:55877]' for 'GET' to 'http://localhost:55877/session/ee63ec1c6e29c634b9014320f4aac8b8/element/00419320-ea1d-4799-b905-2e66d0f7f78b/name'
20:29:28.271 [Forwarding getElementTagName on session ee63ec1c6e29c634b9014320f4aac8b8 to remote] DEBUG org.asynchttpclient.netty.request.NettyRequestSender - Using open Channel [id: 0xd10c546b, L:/127.0.0.1:57306 - R:localhost/127.0.0.1:55877] for GET '/session/ee63ec1c6e29c634b9014320f4aac8b8/element/00419320-ea1d-4799-b905-2e66d0f7f78b/name'
20:29:28.290 [AsyncHttpClient-1-8] DEBUG org.asynchttpclient.netty.handler.HttpHandler - 

Request DefaultFullHttpRequest(decodeResult: success, version: HTTP/1.1, content: EmptyByteBufBE)
GET /session/ee63ec1c6e29c634b9014320f4aac8b8/element/00419320-ea1d-4799-b905-2e66d0f7f78b/name HTTP/1.1
User-Agent: selenium/4.1.2 (java windows)
Cache-Control: no-cache
Content-Type: application/json; charset=utf-8
host: localhost:55877
accept: */*

Response DefaultHttpResponse(decodeResult: success, version: HTTP/1.1)
HTTP/1.1 200 OK
Content-Type: application/json; charset=utf-8
cache-control: no-cache
content-length: 18

20:29:28.290 [AsyncHttpClient-1-8] DEBUG org.asynchttpclient.netty.channel.ChannelManager - Adding key: http://localhost:55877 for channel [id: 0xd10c546b, L:/127.0.0.1:57306 - R:localhost/127.0.0.1:55877]
20:29:28.290 [Forwarding getElementTagName on session ee63ec1c6e29c634b9014320f4aac8b8 to remote] DEBUG org.asynchttpclient.netty.request.NettyRequestSender - Using pooled Channel '[id: 0xd10c546b, L:/127.0.0.1:57306 - R:localhost/127.0.0.1:55877]' for 'GET' to 'http://localhost:55877/session/ee63ec1c6e29c634b9014320f4aac8b8/element/00419320-ea1d-4799-b905-2e66d0f7f78b/name'
20:29:28.290 [Forwarding getElementTagName on session ee63ec1c6e29c634b9014320f4aac8b8 to remote] DEBUG org.asynchttpclient.netty.request.NettyRequestSender - Using open Channel [id: 0xd10c546b, L:/127.0.0.1:57306 - R:localhost/127.0.0.1:55877] for GET '/session/ee63ec1c6e29c634b9014320f4aac8b8/element/00419320-ea1d-4799-b905-2e66d0f7f78b/name'
20:29:28.290 [AsyncHttpClient-1-8] DEBUG org.asynchttpclient.netty.handler.HttpHandler - 

Request DefaultFullHttpRequest(decodeResult: success, version: HTTP/1.1, content: EmptyByteBufBE)
GET /session/ee63ec1c6e29c634b9014320f4aac8b8/element/00419320-ea1d-4799-b905-2e66d0f7f78b/name HTTP/1.1
User-Agent: selenium/4.1.2 (java windows)
Cache-Control: no-cache
Content-Type: application/json; charset=utf-8
host: localhost:55877
accept: */*

Response DefaultHttpResponse(decodeResult: success, version: HTTP/1.1)
HTTP/1.1 200 OK
Content-Type: application/json; charset=utf-8
cache-control: no-cache
content-length: 18

20:29:28.290 [AsyncHttpClient-1-8] DEBUG org.asynchttpclient.netty.channel.ChannelManager - Adding key: http://localhost:55877 for channel [id: 0xd10c546b, L:/127.0.0.1:57306 - R:localhost/127.0.0.1:55877]
20:29:28.305 [Forwarding isElementEnabled on session ee63ec1c6e29c634b9014320f4aac8b8 to remote] DEBUG org.asynchttpclient.netty.request.NettyRequestSender - Using pooled Channel '[id: 0xd10c546b, L:/127.0.0.1:57306 - R:localhost/127.0.0.1:55877]' for 'GET' to 'http://localhost:55877/session/ee63ec1c6e29c634b9014320f4aac8b8/element/00419320-ea1d-4799-b905-2e66d0f7f78b/enabled'
20:29:28.305 [Forwarding isElementEnabled on session ee63ec1c6e29c634b9014320f4aac8b8 to remote] DEBUG org.asynchttpclient.netty.request.NettyRequestSender - Using open Channel [id: 0xd10c546b, L:/127.0.0.1:57306 - R:localhost/127.0.0.1:55877] for GET '/session/ee63ec1c6e29c634b9014320f4aac8b8/element/00419320-ea1d-4799-b905-2e66d0f7f78b/enabled'
20:29:28.321 [AsyncHttpClient-1-8] DEBUG org.asynchttpclient.netty.handler.HttpHandler - 

Request DefaultFullHttpRequest(decodeResult: success, version: HTTP/1.1, content: EmptyByteBufBE)
GET /session/ee63ec1c6e29c634b9014320f4aac8b8/element/00419320-ea1d-4799-b905-2e66d0f7f78b/enabled HTTP/1.1
User-Agent: selenium/4.1.2 (java windows)
Cache-Control: no-cache
Content-Type: application/json; charset=utf-8
host: localhost:55877
accept: */*

Response DefaultHttpResponse(decodeResult: success, version: HTTP/1.1)
HTTP/1.1 200 OK
Content-Type: application/json; charset=utf-8
cache-control: no-cache
content-length: 14

20:29:28.321 [AsyncHttpClient-1-8] DEBUG org.asynchttpclient.netty.channel.ChannelManager - Adding key: http://localhost:55877 for channel [id: 0xd10c546b, L:/127.0.0.1:57306 - R:localhost/127.0.0.1:55877]
20:29:28.336 [Forwarding isElementEnabled on session ee63ec1c6e29c634b9014320f4aac8b8 to remote] DEBUG org.asynchttpclient.netty.request.NettyRequestSender - Using pooled Channel '[id: 0xd10c546b, L:/127.0.0.1:57306 - R:localhost/127.0.0.1:55877]' for 'GET' to 'http://localhost:55877/session/ee63ec1c6e29c634b9014320f4aac8b8/element/00419320-ea1d-4799-b905-2e66d0f7f78b/enabled'
20:29:28.336 [Forwarding isElementEnabled on session ee63ec1c6e29c634b9014320f4aac8b8 to remote] DEBUG org.asynchttpclient.netty.request.NettyRequestSender - Using open Channel [id: 0xd10c546b, L:/127.0.0.1:57306 - R:localhost/127.0.0.1:55877] for GET '/session/ee63ec1c6e29c634b9014320f4aac8b8/element/00419320-ea1d-4799-b905-2e66d0f7f78b/enabled'
20:29:28.352 [AsyncHttpClient-1-8] DEBUG org.asynchttpclient.netty.handler.HttpHandler - 

Request DefaultFullHttpRequest(decodeResult: success, version: HTTP/1.1, content: EmptyByteBufBE)
GET /session/ee63ec1c6e29c634b9014320f4aac8b8/element/00419320-ea1d-4799-b905-2e66d0f7f78b/enabled HTTP/1.1
User-Agent: selenium/4.1.2 (java windows)
Cache-Control: no-cache
Content-Type: application/json; charset=utf-8
host: localhost:55877
accept: */*

Response DefaultHttpResponse(decodeResult: success, version: HTTP/1.1)
HTTP/1.1 200 OK
Content-Type: application/json; charset=utf-8
cache-control: no-cache
content-length: 14

20:29:28.352 [AsyncHttpClient-1-8] DEBUG org.asynchttpclient.netty.channel.ChannelManager - Adding key: http://localhost:55877 for channel [id: 0xd10c546b, L:/127.0.0.1:57306 - R:localhost/127.0.0.1:55877]
20:29:28.352 [Forwarding findElement on session ee63ec1c6e29c634b9014320f4aac8b8 to remote] DEBUG org.asynchttpclient.netty.request.NettyRequestSender - Using pooled Channel '[id: 0xd10c546b, L:/127.0.0.1:57306 - R:localhost/127.0.0.1:55877]' for 'POST' to 'http://localhost:55877/session/ee63ec1c6e29c634b9014320f4aac8b8/element'
20:29:28.352 [Forwarding findElement on session ee63ec1c6e29c634b9014320f4aac8b8 to remote] DEBUG org.asynchttpclient.netty.request.NettyRequestSender - Using open Channel [id: 0xd10c546b, L:/127.0.0.1:57306 - R:localhost/127.0.0.1:55877] for POST '/session/ee63ec1c6e29c634b9014320f4aac8b8/element'
20:29:28.368 [AsyncHttpClient-1-8] DEBUG org.asynchttpclient.netty.handler.HttpHandler - 

Request DefaultHttpRequest(decodeResult: success, version: HTTP/1.1)
POST /session/ee63ec1c6e29c634b9014320f4aac8b8/element HTTP/1.1
User-Agent: selenium/4.1.2 (java windows)
Content-Length: 68
Content-Type: application/json; charset=utf-8
host: localhost:55877
accept: */*

Response DefaultHttpResponse(decodeResult: success, version: HTTP/1.1)
HTTP/1.1 200 OK
Content-Type: application/json; charset=utf-8
cache-control: no-cache
content-length: 88

20:29:28.368 [AsyncHttpClient-1-8] DEBUG org.asynchttpclient.netty.channel.ChannelManager - Adding key: http://localhost:55877 for channel [id: 0xd10c546b, L:/127.0.0.1:57306 - R:localhost/127.0.0.1:55877]
20:29:28.383 [Forwarding clickElement on session ee63ec1c6e29c634b9014320f4aac8b8 to remote] DEBUG org.asynchttpclient.netty.request.NettyRequestSender - Using pooled Channel '[id: 0xd10c546b, L:/127.0.0.1:57306 - R:localhost/127.0.0.1:55877]' for 'POST' to 'http://localhost:55877/session/ee63ec1c6e29c634b9014320f4aac8b8/element/00419320-ea1d-4799-b905-2e66d0f7f78b/click'
20:29:28.383 [Forwarding clickElement on session ee63ec1c6e29c634b9014320f4aac8b8 to remote] DEBUG org.asynchttpclient.netty.request.NettyRequestSender - Using open Channel [id: 0xd10c546b, L:/127.0.0.1:57306 - R:localhost/127.0.0.1:55877] for POST '/session/ee63ec1c6e29c634b9014320f4aac8b8/element/00419320-ea1d-4799-b905-2e66d0f7f78b/click'
20:29:28.589 [AsyncHttpClient-1-1] DEBUG org.asynchttpclient.netty.channel.DefaultChannelPool - Entry count for : http://localhost:57307 : 1
20:29:28.719 [AsyncHttpClient-1-8] DEBUG org.asynchttpclient.netty.handler.HttpHandler - 

Request DefaultHttpRequest(decodeResult: success, version: HTTP/1.1)
POST /session/ee63ec1c6e29c634b9014320f4aac8b8/element/00419320-ea1d-4799-b905-2e66d0f7f78b/click HTTP/1.1
User-Agent: selenium/4.1.2 (java windows)
Content-Length: 50
Content-Type: application/json; charset=utf-8
host: localhost:55877
accept: */*

Response DefaultHttpResponse(decodeResult: success, version: HTTP/1.1)
HTTP/1.1 200 OK
Content-Type: application/json; charset=utf-8
cache-control: no-cache
content-length: 14

20:29:28.719 [AsyncHttpClient-1-8] DEBUG org.asynchttpclient.netty.channel.ChannelManager - Adding key: http://localhost:55877 for channel [id: 0xd10c546b, L:/127.0.0.1:57306 - R:localhost/127.0.0.1:55877]
20:29:28.746 [Forwarding screenshot on session ee63ec1c6e29c634b9014320f4aac8b8 to remote] DEBUG org.asynchttpclient.netty.request.NettyRequestSender - Using pooled Channel '[id: 0xd10c546b, L:/127.0.0.1:57306 - R:localhost/127.0.0.1:55877]' for 'GET' to 'http://localhost:55877/session/ee63ec1c6e29c634b9014320f4aac8b8/screenshot'
20:29:28.746 [Forwarding screenshot on session ee63ec1c6e29c634b9014320f4aac8b8 to remote] DEBUG org.asynchttpclient.netty.request.NettyRequestSender - Using open Channel [id: 0xd10c546b, L:/127.0.0.1:57306 - R:localhost/127.0.0.1:55877] for GET '/session/ee63ec1c6e29c634b9014320f4aac8b8/screenshot'
20:29:29.453 [AsyncHttpClient-1-8] DEBUG org.asynchttpclient.netty.handler.HttpHandler - 

Request DefaultFullHttpRequest(decodeResult: success, version: HTTP/1.1, content: EmptyByteBufBE)
GET /session/ee63ec1c6e29c634b9014320f4aac8b8/screenshot HTTP/1.1
User-Agent: selenium/4.1.2 (java windows)
Cache-Control: no-cache
Content-Type: application/json; charset=utf-8
host: localhost:55877
accept: */*

Response DefaultHttpResponse(decodeResult: success, version: HTTP/1.1)
HTTP/1.1 200 OK
Content-Type: application/json; charset=utf-8
cache-control: no-cache
content-length: 357056

20:29:29.453 [AsyncHttpClient-1-8] DEBUG org.asynchttpclient.netty.channel.ChannelManager - Adding key: http://localhost:55877 for channel [id: 0xd10c546b, L:/127.0.0.1:57306 - R:localhost/127.0.0.1:55877]
20:29:29.484 [main] DEBUG net.serenitybdd.core.photography.Darkroom - Send negative for processing for target\site\serenity\270b1ee7a700454389ac56c4eebbdaff416676d99565fa926c09fced151958a6.png
20:29:29.484 [main] DEBUG net.thucydides.core.steps.StepInterceptor - STEP DONE: clickButtonTambah
  &amp#27;[32mWhen &amp#27;[0m&amp#27;[32mClick button tambah data&amp#27;[0m                                          &amp#27;[90m# starter.stepdefinitios.PatientDataSteps.clickButtonTambahData()&amp#27;[0m
20:29:29.484 [Darkroom Processing Line] DEBUG net.serenitybdd.core.photography.DarkroomProcessingLine - Processing screenshot image in /var/screenshots/screenshot-15473377272719912646
20:29:29.484 [Darkroom Processing Line] DEBUG net.serenitybdd.core.photography.DarkroomProcessingLine - Saving screenshot to target\site\serenity\270b1ee7a700454389ac56c4eebbdaff416676d99565fa926c09fced151958a6.png
20:29:29.689 [AsyncHttpClient-1-1] DEBUG org.asynchttpclient.netty.channel.DefaultChannelPool - Entry count for : http://localhost:57307 : 1
20:29:29.689 [AsyncHttpClient-1-1] DEBUG org.asynchttpclient.netty.channel.DefaultChannelPool - Entry count for : http://localhost:55877 : 1
20:29:30.035 [Forwarding screenshot on session ee63ec1c6e29c634b9014320f4aac8b8 to remote] DEBUG org.asynchttpclient.netty.request.NettyRequestSender - Using pooled Channel '[id: 0xd10c546b, L:/127.0.0.1:57306 - R:localhost/127.0.0.1:55877]' for 'GET' to 'http://localhost:55877/session/ee63ec1c6e29c634b9014320f4aac8b8/screenshot'
20:29:30.035 [Forwarding screenshot on session ee63ec1c6e29c634b9014320f4aac8b8 to remote] DEBUG org.asynchttpclient.netty.request.NettyRequestSender - Using open Channel [id: 0xd10c546b, L:/127.0.0.1:57306 - R:localhost/127.0.0.1:55877] for GET '/session/ee63ec1c6e29c634b9014320f4aac8b8/screenshot'
20:29:30.345 [AsyncHttpClient-1-8] DEBUG org.asynchttpclient.netty.handler.HttpHandler - 

Request DefaultFullHttpRequest(decodeResult: success, version: HTTP/1.1, content: EmptyByteBufBE)
GET /session/ee63ec1c6e29c634b9014320f4aac8b8/screenshot HTTP/1.1
User-Agent: selenium/4.1.2 (java windows)
Cache-Control: no-cache
Content-Type: application/json; charset=utf-8
host: localhost:55877
accept: */*

Response DefaultHttpResponse(decodeResult: success, version: HTTP/1.1)
HTTP/1.1 200 OK
Content-Type: application/json; charset=utf-8
cache-control: no-cache
content-length: 357056

20:29:30.361 [AsyncHttpClient-1-8] DEBUG org.asynchttpclient.netty.channel.ChannelManager - Adding key: http://localhost:55877 for channel [id: 0xd10c546b, L:/127.0.0.1:57306 - R:localhost/127.0.0.1:55877]
20:29:30.392 [main] DEBUG net.serenitybdd.core.photography.Darkroom - Send negative for processing for target\site\serenity\270b1ee7a700454389ac56c4eebbdaff416676d99565fa926c09fced151958a6.png
20:29:30.392 [main] DEBUG net.thucydides.core.steps.StepInterceptor - STARTING STEP: DokterDataSteps.iInputDokter - inputDataDokter
20:29:30.392 [Forwarding findElement on session ee63ec1c6e29c634b9014320f4aac8b8 to remote] DEBUG org.asynchttpclient.netty.request.NettyRequestSender - Using pooled Channel '[id: 0xd10c546b, L:/127.0.0.1:57306 - R:localhost/127.0.0.1:55877]' for 'POST' to 'http://localhost:55877/session/ee63ec1c6e29c634b9014320f4aac8b8/element'
20:29:30.392 [Forwarding findElement on session ee63ec1c6e29c634b9014320f4aac8b8 to remote] DEBUG org.asynchttpclient.netty.request.NettyRequestSender - Using open Channel [id: 0xd10c546b, L:/127.0.0.1:57306 - R:localhost/127.0.0.1:55877] for POST '/session/ee63ec1c6e29c634b9014320f4aac8b8/element'
20:29:30.439 [AsyncHttpClient-1-8] DEBUG org.asynchttpclient.netty.handler.HttpHandler - 

Request DefaultHttpRequest(decodeResult: success, version: HTTP/1.1)
POST /session/ee63ec1c6e29c634b9014320f4aac8b8/element HTTP/1.1
User-Agent: selenium/4.1.2 (java windows)
Content-Length: 66
Content-Type: application/json; charset=utf-8
host: localhost:55877
accept: */*

Response DefaultHttpResponse(decodeResult: success, version: HTTP/1.1)
HTTP/1.1 200 OK
Content-Type: application/json; charset=utf-8
cache-control: no-cache
content-length: 88

20:29:30.439 [AsyncHttpClient-1-8] DEBUG org.asynchttpclient.netty.channel.ChannelManager - Adding key: http://localhost:55877 for channel [id: 0xd10c546b, L:/127.0.0.1:57306 - R:localhost/127.0.0.1:55877]
20:29:30.439 [Forwarding sendKeysToElement on session ee63ec1c6e29c634b9014320f4aac8b8 to remote] DEBUG org.asynchttpclient.netty.request.NettyRequestSender - Using pooled Channel '[id: 0xd10c546b, L:/127.0.0.1:57306 - R:localhost/127.0.0.1:55877]' for 'POST' to 'http://localhost:55877/session/ee63ec1c6e29c634b9014320f4aac8b8/element/e59f6d66-795f-4bba-b2e0-00a8bc4a44d8/value'
20:29:30.439 [Forwarding sendKeysToElement on session ee63ec1c6e29c634b9014320f4aac8b8 to remote] DEBUG org.asynchttpclient.netty.request.NettyRequestSender - Using open Channel [id: 0xd10c546b, L:/127.0.0.1:57306 - R:localhost/127.0.0.1:55877] for POST '/session/ee63ec1c6e29c634b9014320f4aac8b8/element/e59f6d66-795f-4bba-b2e0-00a8bc4a44d8/value'
20:29:30.618 [AsyncHttpClient-1-8] DEBUG org.asynchttpclient.netty.handler.HttpHandler - 

Request DefaultHttpRequest(decodeResult: success, version: HTTP/1.1)
POST /session/ee63ec1c6e29c634b9014320f4aac8b8/element/e59f6d66-795f-4bba-b2e0-00a8bc4a44d8/value HTTP/1.1
User-Agent: selenium/4.1.2 (java windows)
Content-Length: 82
Content-Type: application/json; charset=utf-8
host: localhost:55877
accept: */*

Response DefaultHttpResponse(decodeResult: success, version: HTTP/1.1)
HTTP/1.1 200 OK
Content-Type: application/json; charset=utf-8
cache-control: no-cache
content-length: 14

20:29:30.618 [AsyncHttpClient-1-8] DEBUG org.asynchttpclient.netty.channel.ChannelManager - Adding key: http://localhost:55877 for channel [id: 0xd10c546b, L:/127.0.0.1:57306 - R:localhost/127.0.0.1:55877]
20:29:30.626 [Forwarding findElement on session ee63ec1c6e29c634b9014320f4aac8b8 to remote] DEBUG org.asynchttpclient.netty.request.NettyRequestSender - Using pooled Channel '[id: 0xd10c546b, L:/127.0.0.1:57306 - R:localhost/127.0.0.1:55877]' for 'POST' to 'http://localhost:55877/session/ee63ec1c6e29c634b9014320f4aac8b8/element'
20:29:30.626 [Forwarding findElement on session ee63ec1c6e29c634b9014320f4aac8b8 to remote] DEBUG org.asynchttpclient.netty.request.NettyRequestSender - Using open Channel [id: 0xd10c546b, L:/127.0.0.1:57306 - R:localhost/127.0.0.1:55877] for POST '/session/ee63ec1c6e29c634b9014320f4aac8b8/element'
20:29:30.646 [AsyncHttpClient-1-8] DEBUG org.asynchttpclient.netty.handler.HttpHandler - 

Request DefaultHttpRequest(decodeResult: success, version: HTTP/1.1)
POST /session/ee63ec1c6e29c634b9014320f4aac8b8/element HTTP/1.1
User-Agent: selenium/4.1.2 (java windows)
Content-Length: 65
Content-Type: application/json; charset=utf-8
host: localhost:55877
accept: */*

Response DefaultHttpResponse(decodeResult: success, version: HTTP/1.1)
HTTP/1.1 200 OK
Content-Type: application/json; charset=utf-8
cache-control: no-cache
content-length: 88

20:29:30.646 [AsyncHttpClient-1-8] DEBUG org.asynchttpclient.netty.channel.ChannelManager - Adding key: http://localhost:55877 for channel [id: 0xd10c546b, L:/127.0.0.1:57306 - R:localhost/127.0.0.1:55877]
20:29:30.661 [Forwarding sendKeysToElement on session ee63ec1c6e29c634b9014320f4aac8b8 to remote] DEBUG org.asynchttpclient.netty.request.NettyRequestSender - Using pooled Channel '[id: 0xd10c546b, L:/127.0.0.1:57306 - R:localhost/127.0.0.1:55877]' for 'POST' to 'http://localhost:55877/session/ee63ec1c6e29c634b9014320f4aac8b8/element/a4431cd3-f4bf-4c71-9a56-53d1fc91d0bb/value'
20:29:30.661 [Forwarding sendKeysToElement on session ee63ec1c6e29c634b9014320f4aac8b8 to remote] DEBUG org.asynchttpclient.netty.request.NettyRequestSender - Using open Channel [id: 0xd10c546b, L:/127.0.0.1:57306 - R:localhost/127.0.0.1:55877] for POST '/session/ee63ec1c6e29c634b9014320f4aac8b8/element/a4431cd3-f4bf-4c71-9a56-53d1fc91d0bb/value'
20:29:30.783 [AsyncHttpClient-1-1] DEBUG org.asynchttpclient.netty.channel.DefaultChannelPool - Entry count for : http://localhost:57307 : 1
20:29:31.114 [AsyncHttpClient-1-8] DEBUG org.asynchttpclient.netty.handler.HttpHandler - 

Request DefaultHttpRequest(decodeResult: success, version: HTTP/1.1)
POST /session/ee63ec1c6e29c634b9014320f4aac8b8/element/a4431cd3-f4bf-4c71-9a56-53d1fc91d0bb/value HTTP/1.1
User-Agent: selenium/4.1.2 (java windows)
Content-Length: 131
Content-Type: application/json; charset=utf-8
host: localhost:55877
accept: */*

Response DefaultHttpResponse(decodeResult: success, version: HTTP/1.1)
HTTP/1.1 200 OK
Content-Type: application/json; charset=utf-8
cache-control: no-cache
content-length: 14

20:29:31.114 [AsyncHttpClient-1-8] DEBUG org.asynchttpclient.netty.channel.ChannelManager - Adding key: http://localhost:55877 for channel [id: 0xd10c546b, L:/127.0.0.1:57306 - R:localhost/127.0.0.1:55877]
20:29:31.122 [Forwarding findElement on session ee63ec1c6e29c634b9014320f4aac8b8 to remote] DEBUG org.asynchttpclient.netty.request.NettyRequestSender - Using pooled Channel '[id: 0xd10c546b, L:/127.0.0.1:57306 - R:localhost/127.0.0.1:55877]' for 'POST' to 'http://localhost:55877/session/ee63ec1c6e29c634b9014320f4aac8b8/element'
20:29:31.122 [Forwarding findElement on session ee63ec1c6e29c634b9014320f4aac8b8 to remote] DEBUG org.asynchttpclient.netty.request.NettyRequestSender - Using open Channel [id: 0xd10c546b, L:/127.0.0.1:57306 - R:localhost/127.0.0.1:55877] for POST '/session/ee63ec1c6e29c634b9014320f4aac8b8/element'
20:29:31.146 [AsyncHttpClient-1-8] DEBUG org.asynchttpclient.netty.handler.HttpHandler - 

Request DefaultHttpRequest(decodeResult: success, version: HTTP/1.1)
POST /session/ee63ec1c6e29c634b9014320f4aac8b8/element HTTP/1.1
User-Agent: selenium/4.1.2 (java windows)
Content-Length: 71
Content-Type: application/json; charset=utf-8
host: localhost:55877
accept: */*

Response DefaultHttpResponse(decodeResult: success, version: HTTP/1.1)
HTTP/1.1 200 OK
Content-Type: application/json; charset=utf-8
cache-control: no-cache
content-length: 88

20:29:31.146 [AsyncHttpClient-1-8] DEBUG org.asynchttpclient.netty.channel.ChannelManager - Adding key: http://localhost:55877 for channel [id: 0xd10c546b, L:/127.0.0.1:57306 - R:localhost/127.0.0.1:55877]
20:29:31.162 [Forwarding sendKeysToElement on session ee63ec1c6e29c634b9014320f4aac8b8 to remote] DEBUG org.asynchttpclient.netty.request.NettyRequestSender - Using pooled Channel '[id: 0xd10c546b, L:/127.0.0.1:57306 - R:localhost/127.0.0.1:55877]' for 'POST' to 'http://localhost:55877/session/ee63ec1c6e29c634b9014320f4aac8b8/element/ba8f2b77-0c20-4cc0-a3bd-97010755b5ad/value'
20:29:31.162 [Forwarding sendKeysToElement on session ee63ec1c6e29c634b9014320f4aac8b8 to remote] DEBUG org.asynchttpclient.netty.request.NettyRequestSender - Using open Channel [id: 0xd10c546b, L:/127.0.0.1:57306 - R:localhost/127.0.0.1:55877] for POST '/session/ee63ec1c6e29c634b9014320f4aac8b8/element/ba8f2b77-0c20-4cc0-a3bd-97010755b5ad/value'
20:29:31.610 [AsyncHttpClient-1-8] DEBUG org.asynchttpclient.netty.handler.HttpHandler - 

Request DefaultHttpRequest(decodeResult: success, version: HTTP/1.1)
POST /session/ee63ec1c6e29c634b9014320f4aac8b8/element/ba8f2b77-0c20-4cc0-a3bd-97010755b5ad/value HTTP/1.1
User-Agent: selenium/4.1.2 (java windows)
Content-Length: 191
Content-Type: application/json; charset=utf-8
host: localhost:55877
accept: */*

Response DefaultHttpResponse(decodeResult: success, version: HTTP/1.1)
HTTP/1.1 200 OK
Content-Type: application/json; charset=utf-8
cache-control: no-cache
content-length: 14

20:29:31.610 [AsyncHttpClient-1-8] DEBUG org.asynchttpclient.netty.channel.ChannelManager - Adding key: http://localhost:55877 for channel [id: 0xd10c546b, L:/127.0.0.1:57306 - R:localhost/127.0.0.1:55877]
20:29:31.618 [Forwarding findElement on session ee63ec1c6e29c634b9014320f4aac8b8 to remote] DEBUG org.asynchttpclient.netty.request.NettyRequestSender - Using pooled Channel '[id: 0xd10c546b, L:/127.0.0.1:57306 - R:localhost/127.0.0.1:55877]' for 'POST' to 'http://localhost:55877/session/ee63ec1c6e29c634b9014320f4aac8b8/element'
20:29:31.618 [Forwarding findElement on session ee63ec1c6e29c634b9014320f4aac8b8 to remote] DEBUG org.asynchttpclient.netty.request.NettyRequestSender - Using open Channel [id: 0xd10c546b, L:/127.0.0.1:57306 - R:localhost/127.0.0.1:55877] for POST '/session/ee63ec1c6e29c634b9014320f4aac8b8/element'
20:29:31.646 [AsyncHttpClient-1-8] DEBUG org.asynchttpclient.netty.handler.HttpHandler - 

Request DefaultHttpRequest(decodeResult: success, version: HTTP/1.1)
POST /session/ee63ec1c6e29c634b9014320f4aac8b8/element HTTP/1.1
User-Agent: selenium/4.1.2 (java windows)
Content-Length: 166
Content-Type: application/json; charset=utf-8
host: localhost:55877
accept: */*

Response DefaultHttpResponse(decodeResult: success, version: HTTP/1.1)
HTTP/1.1 200 OK
Content-Type: application/json; charset=utf-8
cache-control: no-cache
content-length: 88

20:29:31.646 [AsyncHttpClient-1-8] DEBUG org.asynchttpclient.netty.channel.ChannelManager - Adding key: http://localhost:55877 for channel [id: 0xd10c546b, L:/127.0.0.1:57306 - R:localhost/127.0.0.1:55877]
20:29:31.661 [Forwarding sendKeysToElement on session ee63ec1c6e29c634b9014320f4aac8b8 to remote] DEBUG org.asynchttpclient.netty.request.NettyRequestSender - Using pooled Channel '[id: 0xd10c546b, L:/127.0.0.1:57306 - R:localhost/127.0.0.1:55877]' for 'POST' to 'http://localhost:55877/session/ee63ec1c6e29c634b9014320f4aac8b8/element/b96fd247-0a8f-4a2a-8301-f9338dc4066e/value'
20:29:31.661 [Forwarding sendKeysToElement on session ee63ec1c6e29c634b9014320f4aac8b8 to remote] DEBUG org.asynchttpclient.netty.request.NettyRequestSender - Using open Channel [id: 0xd10c546b, L:/127.0.0.1:57306 - R:localhost/127.0.0.1:55877] for POST '/session/ee63ec1c6e29c634b9014320f4aac8b8/element/b96fd247-0a8f-4a2a-8301-f9338dc4066e/value'
20:29:31.896 [AsyncHttpClient-1-1] DEBUG org.asynchttpclient.netty.channel.DefaultChannelPool - Entry count for : http://localhost:57307 : 1
20:29:32.105 [AsyncHttpClient-1-8] DEBUG org.asynchttpclient.netty.handler.HttpHandler - 

Request DefaultHttpRequest(decodeResult: success, version: HTTP/1.1)
POST /session/ee63ec1c6e29c634b9014320f4aac8b8/element/b96fd247-0a8f-4a2a-8301-f9338dc4066e/value HTTP/1.1
User-Agent: selenium/4.1.2 (java windows)
Content-Length: 181
Content-Type: application/json; charset=utf-8
host: localhost:55877
accept: */*

Response DefaultHttpResponse(decodeResult: success, version: HTTP/1.1)
HTTP/1.1 200 OK
Content-Type: application/json; charset=utf-8
cache-control: no-cache
content-length: 14

20:29:32.105 [AsyncHttpClient-1-8] DEBUG org.asynchttpclient.netty.channel.ChannelManager - Adding key: http://localhost:55877 for channel [id: 0xd10c546b, L:/127.0.0.1:57306 - R:localhost/127.0.0.1:55877]
20:29:32.113 [Forwarding findElement on session ee63ec1c6e29c634b9014320f4aac8b8 to remote] DEBUG org.asynchttpclient.netty.request.NettyRequestSender - Using pooled Channel '[id: 0xd10c546b, L:/127.0.0.1:57306 - R:localhost/127.0.0.1:55877]' for 'POST' to 'http://localhost:55877/session/ee63ec1c6e29c634b9014320f4aac8b8/element'
20:29:32.113 [Forwarding findElement on session ee63ec1c6e29c634b9014320f4aac8b8 to remote] DEBUG org.asynchttpclient.netty.request.NettyRequestSender - Using open Channel [id: 0xd10c546b, L:/127.0.0.1:57306 - R:localhost/127.0.0.1:55877] for POST '/session/ee63ec1c6e29c634b9014320f4aac8b8/element'
20:29:32.137 [AsyncHttpClient-1-8] DEBUG org.asynchttpclient.netty.handler.HttpHandler - 

Request DefaultHttpRequest(decodeResult: success, version: HTTP/1.1)
POST /session/ee63ec1c6e29c634b9014320f4aac8b8/element HTTP/1.1
User-Agent: selenium/4.1.2 (java windows)
Content-Length: 70
Content-Type: application/json; charset=utf-8
host: localhost:55877
accept: */*

Response DefaultHttpResponse(decodeResult: success, version: HTTP/1.1)
HTTP/1.1 200 OK
Content-Type: application/json; charset=utf-8
cache-control: no-cache
content-length: 88

20:29:32.137 [AsyncHttpClient-1-8] DEBUG org.asynchttpclient.netty.channel.ChannelManager - Adding key: http://localhost:55877 for channel [id: 0xd10c546b, L:/127.0.0.1:57306 - R:localhost/127.0.0.1:55877]
20:29:32.145 [Forwarding sendKeysToElement on session ee63ec1c6e29c634b9014320f4aac8b8 to remote] DEBUG org.asynchttpclient.netty.request.NettyRequestSender - Using pooled Channel '[id: 0xd10c546b, L:/127.0.0.1:57306 - R:localhost/127.0.0.1:55877]' for 'POST' to 'http://localhost:55877/session/ee63ec1c6e29c634b9014320f4aac8b8/element/e22ed6ec-540f-4986-856d-862f008874f0/value'
20:29:32.145 [Forwarding sendKeysToElement on session ee63ec1c6e29c634b9014320f4aac8b8 to remote] DEBUG org.asynchttpclient.netty.request.NettyRequestSender - Using open Channel [id: 0xd10c546b, L:/127.0.0.1:57306 - R:localhost/127.0.0.1:55877] for POST '/session/ee63ec1c6e29c634b9014320f4aac8b8/element/e22ed6ec-540f-4986-856d-862f008874f0/value'
20:29:32.522 [AsyncHttpClient-1-8] DEBUG org.asynchttpclient.netty.handler.HttpHandler - 

Request DefaultHttpRequest(decodeResult: success, version: HTTP/1.1)
POST /session/ee63ec1c6e29c634b9014320f4aac8b8/element/e22ed6ec-540f-4986-856d-862f008874f0/value HTTP/1.1
User-Agent: selenium/4.1.2 (java windows)
Content-Length: 181
Content-Type: application/json; charset=utf-8
host: localhost:55877
accept: */*

Response DefaultHttpResponse(decodeResult: success, version: HTTP/1.1)
HTTP/1.1 200 OK
Content-Type: application/json; charset=utf-8
cache-control: no-cache
content-length: 14

20:29:32.522 [AsyncHttpClient-1-8] DEBUG org.asynchttpclient.netty.channel.ChannelManager - Adding key: http://localhost:55877 for channel [id: 0xd10c546b, L:/127.0.0.1:57306 - R:localhost/127.0.0.1:55877]
20:29:32.538 [Forwarding screenshot on session ee63ec1c6e29c634b9014320f4aac8b8 to remote] DEBUG org.asynchttpclient.netty.request.NettyRequestSender - Using pooled Channel '[id: 0xd10c546b, L:/127.0.0.1:57306 - R:localhost/127.0.0.1:55877]' for 'GET' to 'http://localhost:55877/session/ee63ec1c6e29c634b9014320f4aac8b8/screenshot'
20:29:32.538 [Forwarding screenshot on session ee63ec1c6e29c634b9014320f4aac8b8 to remote] DEBUG org.asynchttpclient.netty.request.NettyRequestSender - Using open Channel [id: 0xd10c546b, L:/127.0.0.1:57306 - R:localhost/127.0.0.1:55877] for GET '/session/ee63ec1c6e29c634b9014320f4aac8b8/screenshot'
20:29:32.854 [AsyncHttpClient-1-8] DEBUG org.asynchttpclient.netty.handler.HttpHandler - 

Request DefaultFullHttpRequest(decodeResult: success, version: HTTP/1.1, content: EmptyByteBufBE)
GET /session/ee63ec1c6e29c634b9014320f4aac8b8/screenshot HTTP/1.1
User-Agent: selenium/4.1.2 (java windows)
Cache-Control: no-cache
Content-Type: application/json; charset=utf-8
host: localhost:55877
accept: */*

Response DefaultHttpResponse(decodeResult: success, version: HTTP/1.1)
HTTP/1.1 200 OK
Content-Type: application/json; charset=utf-8
cache-control: no-cache
content-length: 363396

20:29:32.854 [AsyncHttpClient-1-8] DEBUG org.asynchttpclient.netty.channel.ChannelManager - Adding key: http://localhost:55877 for channel [id: 0xd10c546b, L:/127.0.0.1:57306 - R:localhost/127.0.0.1:55877]
20:29:32.889 [main] DEBUG net.serenitybdd.core.photography.Darkroom - Send negative for processing for target\site\serenity\598bae2840a7b38d05c4a7521e3de2ae07d59f23c05f75f3f614e2481f7f8061.png
20:29:32.889 [main] DEBUG net.thucydides.core.steps.StepInterceptor - STEP DONE: inputDataDokter
  &amp#27;[32mThen &amp#27;[0m&amp#27;[32mI input &amp#27;[0m&amp#27;[32m&amp#27;[1m""&amp#27;[0m&amp#27;[32m &amp#27;[0m&amp#27;[32m&amp#27;[1m"12344"&amp#27;[0m&amp#27;[32m &amp#27;[0m&amp#27;[32m&amp#27;[1m"Dokter Gigi"&amp#27;[0m&amp#27;[32m &amp#27;[0m&amp#27;[32m&amp#27;[1m"BagasBedah"&amp#27;[0m&amp#27;[32m &amp#27;[0m&amp#27;[32m&amp#27;[1m"BagasBedah"&amp#27;[0m&amp#27;[32m dokter&amp#27;[0m &amp#27;[90m# starter.stepdefinitios.DokterDataSteps.iInputDokter(java.lang.String,java.lang.String,java.lang.String,java.lang.String,java.lang.String)&amp#27;[0m
20:29:32.889 [Darkroom Processing Line] DEBUG net.serenitybdd.core.photography.DarkroomProcessingLine - Processing screenshot image in /var/screenshots/screenshot-2993147870996018642
20:29:32.889 [Darkroom Processing Line] DEBUG net.serenitybdd.core.photography.DarkroomProcessingLine - Saving screenshot to target\site\serenity\598bae2840a7b38d05c4a7521e3de2ae07d59f23c05f75f3f614e2481f7f8061.png
20:29:32.936 [main] DEBUG net.thucydides.core.steps.StepInterceptor - STARTING STEP: PatientDataSteps.clickButtonSimpan - clickButtonSave
20:29:32.952 [Forwarding findElement on session ee63ec1c6e29c634b9014320f4aac8b8 to remote] DEBUG org.asynchttpclient.netty.request.NettyRequestSender - Using pooled Channel '[id: 0xd10c546b, L:/127.0.0.1:57306 - R:localhost/127.0.0.1:55877]' for 'POST' to 'http://localhost:55877/session/ee63ec1c6e29c634b9014320f4aac8b8/element'
20:29:32.952 [Forwarding findElement on session ee63ec1c6e29c634b9014320f4aac8b8 to remote] DEBUG org.asynchttpclient.netty.request.NettyRequestSender - Using open Channel [id: 0xd10c546b, L:/127.0.0.1:57306 - R:localhost/127.0.0.1:55877] for POST '/session/ee63ec1c6e29c634b9014320f4aac8b8/element'
20:29:32.967 [AsyncHttpClient-1-8] DEBUG org.asynchttpclient.netty.handler.HttpHandler - 

Request DefaultHttpRequest(decodeResult: success, version: HTTP/1.1)
POST /session/ee63ec1c6e29c634b9014320f4aac8b8/element HTTP/1.1
User-Agent: selenium/4.1.2 (java windows)
Content-Length: 68
Content-Type: application/json; charset=utf-8
host: localhost:55877
accept: */*

Response DefaultHttpResponse(decodeResult: success, version: HTTP/1.1)
HTTP/1.1 200 OK
Content-Type: application/json; charset=utf-8
cache-control: no-cache
content-length: 88

20:29:32.967 [AsyncHttpClient-1-8] DEBUG org.asynchttpclient.netty.channel.ChannelManager - Adding key: http://localhost:55877 for channel [id: 0xd10c546b, L:/127.0.0.1:57306 - R:localhost/127.0.0.1:55877]
20:29:32.967 [Forwarding getElementTagName on session ee63ec1c6e29c634b9014320f4aac8b8 to remote] DEBUG org.asynchttpclient.netty.request.NettyRequestSender - Using pooled Channel '[id: 0xd10c546b, L:/127.0.0.1:57306 - R:localhost/127.0.0.1:55877]' for 'GET' to 'http://localhost:55877/session/ee63ec1c6e29c634b9014320f4aac8b8/element/33f65002-1c96-4751-8563-79d9cae5cc93/name'
20:29:32.967 [Forwarding getElementTagName on session ee63ec1c6e29c634b9014320f4aac8b8 to remote] DEBUG org.asynchttpclient.netty.request.NettyRequestSender - Using open Channel [id: 0xd10c546b, L:/127.0.0.1:57306 - R:localhost/127.0.0.1:55877] for GET '/session/ee63ec1c6e29c634b9014320f4aac8b8/element/33f65002-1c96-4751-8563-79d9cae5cc93/name'
20:29:32.999 [AsyncHttpClient-1-1] DEBUG org.asynchttpclient.netty.channel.DefaultChannelPool - Entry count for : http://localhost:57307 : 1
20:29:32.999 [AsyncHttpClient-1-8] DEBUG org.asynchttpclient.netty.handler.HttpHandler - 

Request DefaultFullHttpRequest(decodeResult: success, version: HTTP/1.1, content: EmptyByteBufBE)
GET /session/ee63ec1c6e29c634b9014320f4aac8b8/element/33f65002-1c96-4751-8563-79d9cae5cc93/name HTTP/1.1
User-Agent: selenium/4.1.2 (java windows)
Cache-Control: no-cache
Content-Type: application/json; charset=utf-8
host: localhost:55877
accept: */*

Response DefaultHttpResponse(decodeResult: success, version: HTTP/1.1)
HTTP/1.1 200 OK
Content-Type: application/json; charset=utf-8
cache-control: no-cache
content-length: 18

20:29:32.999 [AsyncHttpClient-1-8] DEBUG org.asynchttpclient.netty.channel.ChannelManager - Adding key: http://localhost:55877 for channel [id: 0xd10c546b, L:/127.0.0.1:57306 - R:localhost/127.0.0.1:55877]
20:29:33.014 [Forwarding getElementTagName on session ee63ec1c6e29c634b9014320f4aac8b8 to remote] DEBUG org.asynchttpclient.netty.request.NettyRequestSender - Using pooled Channel '[id: 0xd10c546b, L:/127.0.0.1:57306 - R:localhost/127.0.0.1:55877]' for 'GET' to 'http://localhost:55877/session/ee63ec1c6e29c634b9014320f4aac8b8/element/33f65002-1c96-4751-8563-79d9cae5cc93/name'
20:29:33.014 [Forwarding getElementTagName on session ee63ec1c6e29c634b9014320f4aac8b8 to remote] DEBUG org.asynchttpclient.netty.request.NettyRequestSender - Using open Channel [id: 0xd10c546b, L:/127.0.0.1:57306 - R:localhost/127.0.0.1:55877] for GET '/session/ee63ec1c6e29c634b9014320f4aac8b8/element/33f65002-1c96-4751-8563-79d9cae5cc93/name'
20:29:33.014 [AsyncHttpClient-1-8] DEBUG org.asynchttpclient.netty.handler.HttpHandler - 

Request DefaultFullHttpRequest(decodeResult: success, version: HTTP/1.1, content: EmptyByteBufBE)
GET /session/ee63ec1c6e29c634b9014320f4aac8b8/element/33f65002-1c96-4751-8563-79d9cae5cc93/name HTTP/1.1
User-Agent: selenium/4.1.2 (java windows)
Cache-Control: no-cache
Content-Type: application/json; charset=utf-8
host: localhost:55877
accept: */*

Response DefaultHttpResponse(decodeResult: success, version: HTTP/1.1)
HTTP/1.1 200 OK
Content-Type: application/json; charset=utf-8
cache-control: no-cache
content-length: 18

20:29:33.014 [AsyncHttpClient-1-8] DEBUG org.asynchttpclient.netty.channel.ChannelManager - Adding key: http://localhost:55877 for channel [id: 0xd10c546b, L:/127.0.0.1:57306 - R:localhost/127.0.0.1:55877]
20:29:33.030 [Forwarding isElementEnabled on session ee63ec1c6e29c634b9014320f4aac8b8 to remote] DEBUG org.asynchttpclient.netty.request.NettyRequestSender - Using pooled Channel '[id: 0xd10c546b, L:/127.0.0.1:57306 - R:localhost/127.0.0.1:55877]' for 'GET' to 'http://localhost:55877/session/ee63ec1c6e29c634b9014320f4aac8b8/element/33f65002-1c96-4751-8563-79d9cae5cc93/enabled'
20:29:33.030 [Forwarding isElementEnabled on session ee63ec1c6e29c634b9014320f4aac8b8 to remote] DEBUG org.asynchttpclient.netty.request.NettyRequestSender - Using open Channel [id: 0xd10c546b, L:/127.0.0.1:57306 - R:localhost/127.0.0.1:55877] for GET '/session/ee63ec1c6e29c634b9014320f4aac8b8/element/33f65002-1c96-4751-8563-79d9cae5cc93/enabled'
20:29:33.061 [AsyncHttpClient-1-8] DEBUG org.asynchttpclient.netty.handler.HttpHandler - 

Request DefaultFullHttpRequest(decodeResult: success, version: HTTP/1.1, content: EmptyByteBufBE)
GET /session/ee63ec1c6e29c634b9014320f4aac8b8/element/33f65002-1c96-4751-8563-79d9cae5cc93/enabled HTTP/1.1
User-Agent: selenium/4.1.2 (java windows)
Cache-Control: no-cache
Content-Type: application/json; charset=utf-8
host: localhost:55877
accept: */*

Response DefaultHttpResponse(decodeResult: success, version: HTTP/1.1)
HTTP/1.1 200 OK
Content-Type: application/json; charset=utf-8
cache-control: no-cache
content-length: 14

20:29:33.061 [AsyncHttpClient-1-8] DEBUG org.asynchttpclient.netty.channel.ChannelManager - Adding key: http://localhost:55877 for channel [id: 0xd10c546b, L:/127.0.0.1:57306 - R:localhost/127.0.0.1:55877]
20:29:33.069 [Forwarding isElementEnabled on session ee63ec1c6e29c634b9014320f4aac8b8 to remote] DEBUG org.asynchttpclient.netty.request.NettyRequestSender - Using pooled Channel '[id: 0xd10c546b, L:/127.0.0.1:57306 - R:localhost/127.0.0.1:55877]' for 'GET' to 'http://localhost:55877/session/ee63ec1c6e29c634b9014320f4aac8b8/element/33f65002-1c96-4751-8563-79d9cae5cc93/enabled'
20:29:33.069 [Forwarding isElementEnabled on session ee63ec1c6e29c634b9014320f4aac8b8 to remote] DEBUG org.asynchttpclient.netty.request.NettyRequestSender - Using open Channel [id: 0xd10c546b, L:/127.0.0.1:57306 - R:localhost/127.0.0.1:55877] for GET '/session/ee63ec1c6e29c634b9014320f4aac8b8/element/33f65002-1c96-4751-8563-79d9cae5cc93/enabled'
20:29:33.085 [AsyncHttpClient-1-8] DEBUG org.asynchttpclient.netty.handler.HttpHandler - 

Request DefaultFullHttpRequest(decodeResult: success, version: HTTP/1.1, content: EmptyByteBufBE)
GET /session/ee63ec1c6e29c634b9014320f4aac8b8/element/33f65002-1c96-4751-8563-79d9cae5cc93/enabled HTTP/1.1
User-Agent: selenium/4.1.2 (java windows)
Cache-Control: no-cache
Content-Type: application/json; charset=utf-8
host: localhost:55877
accept: */*

Response DefaultHttpResponse(decodeResult: success, version: HTTP/1.1)
HTTP/1.1 200 OK
Content-Type: application/json; charset=utf-8
cache-control: no-cache
content-length: 14

20:29:33.085 [AsyncHttpClient-1-8] DEBUG org.asynchttpclient.netty.channel.ChannelManager - Adding key: http://localhost:55877 for channel [id: 0xd10c546b, L:/127.0.0.1:57306 - R:localhost/127.0.0.1:55877]
20:29:33.093 [Forwarding findElement on session ee63ec1c6e29c634b9014320f4aac8b8 to remote] DEBUG org.asynchttpclient.netty.request.NettyRequestSender - Using pooled Channel '[id: 0xd10c546b, L:/127.0.0.1:57306 - R:localhost/127.0.0.1:55877]' for 'POST' to 'http://localhost:55877/session/ee63ec1c6e29c634b9014320f4aac8b8/element'
20:29:33.093 [Forwarding findElement on session ee63ec1c6e29c634b9014320f4aac8b8 to remote] DEBUG org.asynchttpclient.netty.request.NettyRequestSender - Using open Channel [id: 0xd10c546b, L:/127.0.0.1:57306 - R:localhost/127.0.0.1:55877] for POST '/session/ee63ec1c6e29c634b9014320f4aac8b8/element'
20:29:33.101 [AsyncHttpClient-1-8] DEBUG org.asynchttpclient.netty.handler.HttpHandler - 

Request DefaultHttpRequest(decodeResult: success, version: HTTP/1.1)
POST /session/ee63ec1c6e29c634b9014320f4aac8b8/element HTTP/1.1
User-Agent: selenium/4.1.2 (java windows)
Content-Length: 68
Content-Type: application/json; charset=utf-8
host: localhost:55877
accept: */*

Response DefaultHttpResponse(decodeResult: success, version: HTTP/1.1)
HTTP/1.1 200 OK
Content-Type: application/json; charset=utf-8
cache-control: no-cache
content-length: 88

20:29:33.101 [AsyncHttpClient-1-8] DEBUG org.asynchttpclient.netty.channel.ChannelManager - Adding key: http://localhost:55877 for channel [id: 0xd10c546b, L:/127.0.0.1:57306 - R:localhost/127.0.0.1:55877]
20:29:33.101 [Forwarding clickElement on session ee63ec1c6e29c634b9014320f4aac8b8 to remote] DEBUG org.asynchttpclient.netty.request.NettyRequestSender - Using pooled Channel '[id: 0xd10c546b, L:/127.0.0.1:57306 - R:localhost/127.0.0.1:55877]' for 'POST' to 'http://localhost:55877/session/ee63ec1c6e29c634b9014320f4aac8b8/element/33f65002-1c96-4751-8563-79d9cae5cc93/click'
20:29:33.101 [Forwarding clickElement on session ee63ec1c6e29c634b9014320f4aac8b8 to remote] DEBUG org.asynchttpclient.netty.request.NettyRequestSender - Using open Channel [id: 0xd10c546b, L:/127.0.0.1:57306 - R:localhost/127.0.0.1:55877] for POST '/session/ee63ec1c6e29c634b9014320f4aac8b8/element/33f65002-1c96-4751-8563-79d9cae5cc93/click'
20:29:33.218 [AsyncHttpClient-1-8] DEBUG org.asynchttpclient.netty.handler.HttpHandler - 

Request DefaultHttpRequest(decodeResult: success, version: HTTP/1.1)
POST /session/ee63ec1c6e29c634b9014320f4aac8b8/element/33f65002-1c96-4751-8563-79d9cae5cc93/click HTTP/1.1
User-Agent: selenium/4.1.2 (java windows)
Content-Length: 50
Content-Type: application/json; charset=utf-8
host: localhost:55877
accept: */*

Response DefaultHttpResponse(decodeResult: success, version: HTTP/1.1)
HTTP/1.1 200 OK
Content-Type: application/json; charset=utf-8
cache-control: no-cache
content-length: 14

20:29:33.218 [AsyncHttpClient-1-8] DEBUG org.asynchttpclient.netty.channel.ChannelManager - Adding key: http://localhost:55877 for channel [id: 0xd10c546b, L:/127.0.0.1:57306 - R:localhost/127.0.0.1:55877]
20:29:33.242 [Forwarding screenshot on session ee63ec1c6e29c634b9014320f4aac8b8 to remote] DEBUG org.asynchttpclient.netty.request.NettyRequestSender - Using pooled Channel '[id: 0xd10c546b, L:/127.0.0.1:57306 - R:localhost/127.0.0.1:55877]' for 'GET' to 'http://localhost:55877/session/ee63ec1c6e29c634b9014320f4aac8b8/screenshot'
20:29:33.242 [Forwarding screenshot on session ee63ec1c6e29c634b9014320f4aac8b8 to remote] DEBUG org.asynchttpclient.netty.request.NettyRequestSender - Using open Channel [id: 0xd10c546b, L:/127.0.0.1:57306 - R:localhost/127.0.0.1:55877] for GET '/session/ee63ec1c6e29c634b9014320f4aac8b8/screenshot'
20:29:33.813 [AsyncHttpClient-1-8] DEBUG org.asynchttpclient.netty.handler.HttpHandler - 

Request DefaultFullHttpRequest(decodeResult: success, version: HTTP/1.1, content: EmptyByteBufBE)
GET /session/ee63ec1c6e29c634b9014320f4aac8b8/screenshot HTTP/1.1
User-Agent: selenium/4.1.2 (java windows)
Cache-Control: no-cache
Content-Type: application/json; charset=utf-8
host: localhost:55877
accept: */*

Response DefaultHttpResponse(decodeResult: success, version: HTTP/1.1)
HTTP/1.1 500 Internal Server Error
Content-Type: application/json; charset=utf-8
cache-control: no-cache
content-length: 854

20:29:33.813 [AsyncHttpClient-1-8] DEBUG org.asynchttpclient.netty.channel.ChannelManager - Adding key: http://localhost:55877 for channel [id: 0xd10c546b, L:/127.0.0.1:57306 - R:localhost/127.0.0.1:55877]
20:29:33.813 [main] WARN net.thucydides.core.webdriver.WebDriverFacade - Failed to take screenshot (unexpected alert open: <unknown>
  (Session info: chrome=102.0.5005.115): 
Build info: version: '4.1.2', revision: '9a5a329c5a'
System info: host: 'MOOK-HON', ip: '192.168.100.6', os.name: 'Windows 10', os.arch: 'amd64', os.version: '10.0', java.version: '11.0.14'
Driver info: org.openqa.selenium.chrome.ChromeDriver
Command: [ee63ec1c6e29c634b9014320f4aac8b8, screenshot {}]
Capabilities {acceptInsecureCerts: false, browserName: chrome, browserVersion: 102.0.5005.115, chrome: {chromedriverVersion: 102.0.5005.61 (0e59bcc00cc4..., userDataDir: C:\Users\ASUS\AppData\Local...}, goog:chromeOptions: {debuggerAddress: localhost:57307}, javascriptEnabled: true, networkConnectionEnabled: false, pageLoadStrategy: normal, platform: WINDOWS, platformName: WINDOWS, proxy: Proxy(), se:cdp: ws://localhost:57307/devtoo..., se:cdpVersion: 102.0.5005.115, setWindowRect: true, strictFileInteractability: false, timeouts: {implicit: 0, pageLoad: 300000, script: 30000}, unhandledPromptBehavior: dismiss and notify, webauthn:extension:credBlob: true, webauthn:extension:largeBlob: true, webauthn:virtualAuthenticators: true}
Session ID: ee63ec1c6e29c634b9014320f4aac8b8)
20:29:33.813 [main] DEBUG net.thucydides.core.steps.StepInterceptor - STEP DONE: clickButtonSave
  &amp#27;[32mAnd &amp#27;[0m&amp#27;[32mClick button simpan&amp#27;[0m                                                &amp#27;[90m# starter.stepdefinitios.PatientDataSteps.clickButtonSimpan()&amp#27;[0m
20:29:33.828 [Forwarding screenshot on session ee63ec1c6e29c634b9014320f4aac8b8 to remote] DEBUG org.asynchttpclient.netty.request.NettyRequestSender - Using pooled Channel '[id: 0xd10c546b, L:/127.0.0.1:57306 - R:localhost/127.0.0.1:55877]' for 'GET' to 'http://localhost:55877/session/ee63ec1c6e29c634b9014320f4aac8b8/screenshot'
20:29:33.828 [Forwarding screenshot on session ee63ec1c6e29c634b9014320f4aac8b8 to remote] DEBUG org.asynchttpclient.netty.request.NettyRequestSender - Using open Channel [id: 0xd10c546b, L:/127.0.0.1:57306 - R:localhost/127.0.0.1:55877] for GET '/session/ee63ec1c6e29c634b9014320f4aac8b8/screenshot'
20:29:33.890 [AsyncHttpClient-1-8] DEBUG org.asynchttpclient.netty.handler.HttpHandler - 

Request DefaultFullHttpRequest(decodeResult: success, version: HTTP/1.1, content: EmptyByteBufBE)
GET /session/ee63ec1c6e29c634b9014320f4aac8b8/screenshot HTTP/1.1
User-Agent: selenium/4.1.2 (java windows)
Cache-Control: no-cache
Content-Type: application/json; charset=utf-8
host: localhost:55877
accept: */*

Response DefaultHttpResponse(decodeResult: success, version: HTTP/1.1)
HTTP/1.1 500 Internal Server Error
Content-Type: application/json; charset=utf-8
cache-control: no-cache
content-length: 893

20:29:33.898 [AsyncHttpClient-1-8] DEBUG org.asynchttpclient.netty.channel.ChannelManager - Adding key: http://localhost:55877 for channel [id: 0xd10c546b, L:/127.0.0.1:57306 - R:localhost/127.0.0.1:55877]
20:29:33.898 [main] WARN net.thucydides.core.webdriver.WebDriverFacade - Failed to take screenshot (unexpected alert open: {Alert text : Data telah ditambah}
  (Session info: chrome=102.0.5005.115): Data telah ditambah
Build info: version: '4.1.2', revision: '9a5a329c5a'
System info: host: 'MOOK-HON', ip: '192.168.100.6', os.name: 'Windows 10', os.arch: 'amd64', os.version: '10.0', java.version: '11.0.14'
Driver info: org.openqa.selenium.chrome.ChromeDriver
Command: [ee63ec1c6e29c634b9014320f4aac8b8, screenshot {}]
Capabilities {acceptInsecureCerts: false, browserName: chrome, browserVersion: 102.0.5005.115, chrome: {chromedriverVersion: 102.0.5005.61 (0e59bcc00cc4..., userDataDir: C:\Users\ASUS\AppData\Local...}, goog:chromeOptions: {debuggerAddress: localhost:57307}, javascriptEnabled: true, networkConnectionEnabled: false, pageLoadStrategy: normal, platform: WINDOWS, platformName: WINDOWS, proxy: Proxy(), se:cdp: ws://localhost:57307/devtoo..., se:cdpVersion: 102.0.5005.115, setWindowRect: true, strictFileInteractability: false, timeouts: {implicit: 0, pageLoad: 300000, script: 30000}, unhandledPromptBehavior: dismiss and notify, webauthn:extension:credBlob: true, webauthn:extension:largeBlob: true, webauthn:virtualAuthenticators: true}
Session ID: ee63ec1c6e29c634b9014320f4aac8b8)
20:29:33.929 [Forwarding screenshot on session ee63ec1c6e29c634b9014320f4aac8b8 to remote] DEBUG org.asynchttpclient.netty.request.NettyRequestSender - Using pooled Channel '[id: 0xd10c546b, L:/127.0.0.1:57306 - R:localhost/127.0.0.1:55877]' for 'GET' to 'http://localhost:55877/session/ee63ec1c6e29c634b9014320f4aac8b8/screenshot'
20:29:33.929 [Forwarding screenshot on session ee63ec1c6e29c634b9014320f4aac8b8 to remote] DEBUG org.asynchttpclient.netty.request.NettyRequestSender - Using open Channel [id: 0xd10c546b, L:/127.0.0.1:57306 - R:localhost/127.0.0.1:55877] for GET '/session/ee63ec1c6e29c634b9014320f4aac8b8/screenshot'
20:29:34.089 [AsyncHttpClient-1-1] DEBUG org.asynchttpclient.netty.channel.DefaultChannelPool - Entry count for : http://localhost:57307 : 1
20:29:34.281 [AsyncHttpClient-1-8] DEBUG org.asynchttpclient.netty.handler.HttpHandler - 

Request DefaultFullHttpRequest(decodeResult: success, version: HTTP/1.1, content: EmptyByteBufBE)
GET /session/ee63ec1c6e29c634b9014320f4aac8b8/screenshot HTTP/1.1
User-Agent: selenium/4.1.2 (java windows)
Cache-Control: no-cache
Content-Type: application/json; charset=utf-8
host: localhost:55877
accept: */*

Response DefaultHttpResponse(decodeResult: success, version: HTTP/1.1)
HTTP/1.1 200 OK
Content-Type: application/json; charset=utf-8
cache-control: no-cache
content-length: 71412

20:29:34.281 [AsyncHttpClient-1-8] DEBUG org.asynchttpclient.netty.channel.ChannelManager - Adding key: http://localhost:55877 for channel [id: 0xd10c546b, L:/127.0.0.1:57306 - R:localhost/127.0.0.1:55877]
20:29:34.289 [main] DEBUG net.serenitybdd.core.photography.Darkroom - Send negative for processing for target\site\serenity\641553ea0c7ee1350e9d99c43bd8b22ab0037bbbf11d544d65f62061eb96ca5a.png
20:29:34.823 [Forwarding screenshot on session ee63ec1c6e29c634b9014320f4aac8b8 to remote] DEBUG org.asynchttpclient.netty.request.NettyRequestSender - Using pooled Channel '[id: 0xd10c546b, L:/127.0.0.1:57306 - R:localhost/127.0.0.1:55877]' for 'GET' to 'http://localhost:55877/session/ee63ec1c6e29c634b9014320f4aac8b8/screenshot'
20:29:34.823 [Forwarding screenshot on session ee63ec1c6e29c634b9014320f4aac8b8 to remote] DEBUG org.asynchttpclient.netty.request.NettyRequestSender - Using open Channel [id: 0xd10c546b, L:/127.0.0.1:57306 - R:localhost/127.0.0.1:55877] for GET '/session/ee63ec1c6e29c634b9014320f4aac8b8/screenshot'
20:29:35.006 [AsyncHttpClient-1-8] DEBUG org.asynchttpclient.netty.handler.HttpHandler - 

Request DefaultFullHttpRequest(decodeResult: success, version: HTTP/1.1, content: EmptyByteBufBE)
GET /session/ee63ec1c6e29c634b9014320f4aac8b8/screenshot HTTP/1.1
User-Agent: selenium/4.1.2 (java windows)
Cache-Control: no-cache
Content-Type: application/json; charset=utf-8
host: localhost:55877
accept: */*

Response DefaultHttpResponse(decodeResult: success, version: HTTP/1.1)
HTTP/1.1 200 OK
Content-Type: application/json; charset=utf-8
cache-control: no-cache
content-length: 93040

20:29:35.006 [AsyncHttpClient-1-8] DEBUG org.asynchttpclient.netty.channel.ChannelManager - Adding key: http://localhost:55877 for channel [id: 0xd10c546b, L:/127.0.0.1:57306 - R:localhost/127.0.0.1:55877]
20:29:35.020 [main] DEBUG net.serenitybdd.core.photography.Darkroom - Send negative for processing for target\site\serenity\ee66319f8cb5850ca609fa5af5fccf9e8848aa4d878c3d081ff200c30ff79dfd.png
20:29:35.020 [main] DEBUG net.thucydides.core.steps.StepInterceptor - STARTING STEP: DokterDataSteps.validDataDokter - validPagePasien
20:29:35.030 [Forwarding findElement on session ee63ec1c6e29c634b9014320f4aac8b8 to remote] DEBUG org.asynchttpclient.netty.request.NettyRequestSender - Using pooled Channel '[id: 0xd10c546b, L:/127.0.0.1:57306 - R:localhost/127.0.0.1:55877]' for 'POST' to 'http://localhost:55877/session/ee63ec1c6e29c634b9014320f4aac8b8/element'
20:29:35.031 [Forwarding findElement on session ee63ec1c6e29c634b9014320f4aac8b8 to remote] DEBUG org.asynchttpclient.netty.request.NettyRequestSender - Using open Channel [id: 0xd10c546b, L:/127.0.0.1:57306 - R:localhost/127.0.0.1:55877] for POST '/session/ee63ec1c6e29c634b9014320f4aac8b8/element'
20:29:35.062 [AsyncHttpClient-1-8] DEBUG org.asynchttpclient.netty.handler.HttpHandler - 

Request DefaultHttpRequest(decodeResult: success, version: HTTP/1.1)
POST /session/ee63ec1c6e29c634b9014320f4aac8b8/element HTTP/1.1
User-Agent: selenium/4.1.2 (java windows)
Content-Length: 126
Content-Type: application/json; charset=utf-8
host: localhost:55877
accept: */*

Response DefaultHttpResponse(decodeResult: success, version: HTTP/1.1)
HTTP/1.1 200 OK
Content-Type: application/json; charset=utf-8
cache-control: no-cache
content-length: 88

20:29:35.062 [AsyncHttpClient-1-8] DEBUG org.asynchttpclient.netty.channel.ChannelManager - Adding key: http://localhost:55877 for channel [id: 0xd10c546b, L:/127.0.0.1:57306 - R:localhost/127.0.0.1:55877]
20:29:35.062 [Forwarding isElementEnabled on session ee63ec1c6e29c634b9014320f4aac8b8 to remote] DEBUG org.asynchttpclient.netty.request.NettyRequestSender - Using pooled Channel '[id: 0xd10c546b, L:/127.0.0.1:57306 - R:localhost/127.0.0.1:55877]' for 'GET' to 'http://localhost:55877/session/ee63ec1c6e29c634b9014320f4aac8b8/element/c8b06352-8576-4953-8def-5984501fe82f/enabled'
20:29:35.062 [Forwarding isElementEnabled on session ee63ec1c6e29c634b9014320f4aac8b8 to remote] DEBUG org.asynchttpclient.netty.request.NettyRequestSender - Using open Channel [id: 0xd10c546b, L:/127.0.0.1:57306 - R:localhost/127.0.0.1:55877] for GET '/session/ee63ec1c6e29c634b9014320f4aac8b8/element/c8b06352-8576-4953-8def-5984501fe82f/enabled'
20:29:35.092 [AsyncHttpClient-1-8] DEBUG org.asynchttpclient.netty.handler.HttpHandler - 

Request DefaultFullHttpRequest(decodeResult: success, version: HTTP/1.1, content: EmptyByteBufBE)
GET /session/ee63ec1c6e29c634b9014320f4aac8b8/element/c8b06352-8576-4953-8def-5984501fe82f/enabled HTTP/1.1
User-Agent: selenium/4.1.2 (java windows)
Cache-Control: no-cache
Content-Type: application/json; charset=utf-8
host: localhost:55877
accept: */*

Response DefaultHttpResponse(decodeResult: success, version: HTTP/1.1)
HTTP/1.1 200 OK
Content-Type: application/json; charset=utf-8
cache-control: no-cache
content-length: 14

20:29:35.092 [AsyncHttpClient-1-8] DEBUG org.asynchttpclient.netty.channel.ChannelManager - Adding key: http://localhost:55877 for channel [id: 0xd10c546b, L:/127.0.0.1:57306 - R:localhost/127.0.0.1:55877]
20:29:35.110 [Forwarding screenshot on session ee63ec1c6e29c634b9014320f4aac8b8 to remote] DEBUG org.asynchttpclient.netty.request.NettyRequestSender - Using pooled Channel '[id: 0xd10c546b, L:/127.0.0.1:57306 - R:localhost/127.0.0.1:55877]' for 'GET' to 'http://localhost:55877/session/ee63ec1c6e29c634b9014320f4aac8b8/screenshot'
20:29:35.110 [Forwarding screenshot on session ee63ec1c6e29c634b9014320f4aac8b8 to remote] DEBUG org.asynchttpclient.netty.request.NettyRequestSender - Using open Channel [id: 0xd10c546b, L:/127.0.0.1:57306 - R:localhost/127.0.0.1:55877] for GET '/session/ee63ec1c6e29c634b9014320f4aac8b8/screenshot'
20:29:35.190 [AsyncHttpClient-1-1] DEBUG org.asynchttpclient.netty.channel.DefaultChannelPool - Entry count for : http://localhost:57307 : 1
20:29:35.362 [AsyncHttpClient-1-8] DEBUG org.asynchttpclient.netty.handler.HttpHandler - 

Request DefaultFullHttpRequest(decodeResult: success, version: HTTP/1.1, content: EmptyByteBufBE)
GET /session/ee63ec1c6e29c634b9014320f4aac8b8/screenshot HTTP/1.1
User-Agent: selenium/4.1.2 (java windows)
Cache-Control: no-cache
Content-Type: application/json; charset=utf-8
host: localhost:55877
accept: */*

Response DefaultHttpResponse(decodeResult: success, version: HTTP/1.1)
HTTP/1.1 200 OK
Content-Type: application/json; charset=utf-8
cache-control: no-cache
content-length: 93040

20:29:35.365 [AsyncHttpClient-1-8] DEBUG org.asynchttpclient.netty.channel.ChannelManager - Adding key: http://localhost:55877 for channel [id: 0xd10c546b, L:/127.0.0.1:57306 - R:localhost/127.0.0.1:55877]
20:29:35.372 [main] DEBUG net.serenitybdd.core.photography.Darkroom - Send negative for processing for target\site\serenity\ee66319f8cb5850ca609fa5af5fccf9e8848aa4d878c3d081ff200c30ff79dfd.png
20:29:35.372 [main] DEBUG net.thucydides.core.steps.StepInterceptor - STEP DONE: validPagePasien
  &amp#27;[32mAnd &amp#27;[0m&amp#27;[32mValid data dokter&amp#27;[0m                                                  &amp#27;[90m# starter.stepdefinitios.DokterDataSteps.validDataDokter()&amp#27;[0m
20:29:35.434 [AsyncHttpClient-1-2] DEBUG org.asynchttpclient.netty.handler.WebSocketHandler - Channel Closed: [id: 0x23c5421d, L:/127.0.0.1:57318 ! R:localhost/127.0.0.1:57307] with attribute NettyResponseFuture{currentRetry=5,
	isDone=1,
	isCancelled=0,
	asyncHandler=org.asynchttpclient.ws.WebSocketUpgradeHandler@1f3ebaa5,
	nettyRequest=org.asynchttpclient.netty.request.NettyRequest@22009536,
	future=java.util.concurrent.CompletableFuture@1a904629[Completed normally],
	uri=ws://localhost:57307/devtools/browser/5e0a3fa2-9256-4cb1-b21f-4c78cdd0f97e,
	keepAlive=true,
	redirectCount=0,
	timeoutsHolder=null,
	inAuth=0,
	touch=1655990965329}
20:29:35.434 [AsyncHttpClient-1-2] DEBUG org.asynchttpclient.netty.channel.ChannelManager - Closing Channel [id: 0x23c5421d, L:/127.0.0.1:57318 ! R:localhost/127.0.0.1:57307] 
20:29:35.452 [Driver Command Executor] DEBUG org.asynchttpclient.netty.request.NettyRequestSender - Using pooled Channel '[id: 0xd10c546b, L:/127.0.0.1:57306 - R:localhost/127.0.0.1:55877]' for 'DELETE' to 'http://localhost:55877/session/ee63ec1c6e29c634b9014320f4aac8b8'
20:29:35.452 [Driver Command Executor] DEBUG org.asynchttpclient.netty.request.NettyRequestSender - Using open Channel [id: 0xd10c546b, L:/127.0.0.1:57306 - R:localhost/127.0.0.1:55877] for DELETE '/session/ee63ec1c6e29c634b9014320f4aac8b8'
20:29:36.030 [AsyncHttpClient-1-9] DEBUG org.asynchttpclient.netty.handler.HttpHandler - Unexpected I/O exception on channel [id: 0x0ab94e80, L:/127.0.0.1:57317 - R:localhost/127.0.0.1:57307]
java.io.IOException: An existing connection was forcibly closed by the remote host
	at java.base/sun.nio.ch.SocketDispatcher.read0(Native Method)
	at java.base/sun.nio.ch.SocketDispatcher.read(SocketDispatcher.java:43)
	at java.base/sun.nio.ch.IOUtil.readIntoNativeBuffer(IOUtil.java:276)
	at java.base/sun.nio.ch.IOUtil.read(IOUtil.java:233)
	at java.base/sun.nio.ch.IOUtil.read(IOUtil.java:223)
	at java.base/sun.nio.ch.SocketChannelImpl.read(SocketChannelImpl.java:358)
	at io.netty.buffer.PooledByteBuf.setBytes(PooledByteBuf.java:258)
	at io.netty.buffer.AbstractByteBuf.writeBytes(AbstractByteBuf.java:1132)
	at io.netty.channel.socket.nio.NioSocketChannel.doReadBytes(NioSocketChannel.java:350)
	at io.netty.channel.nio.AbstractNioByteChannel$NioByteUnsafe.read(AbstractNioByteChannel.java:151)
	at io.netty.channel.nio.NioEventLoop.processSelectedKey(NioEventLoop.java:722)
	at io.netty.channel.nio.NioEventLoop.processSelectedKeysOptimized(NioEventLoop.java:658)
	at io.netty.channel.nio.NioEventLoop.processSelectedKeys(NioEventLoop.java:584)
	at io.netty.channel.nio.NioEventLoop.run(NioEventLoop.java:496)
	at io.netty.util.concurrent.SingleThreadEventExecutor$4.run(SingleThreadEventExecutor.java:986)
	at io.netty.util.internal.ThreadExecutorMap$2.run(ThreadExecutorMap.java:74)
	at io.netty.util.concurrent.FastThreadLocalRunnable.run(FastThreadLocalRunnable.java:30)
	at java.base/java.lang.Thread.run(Thread.java:834)
20:29:36.030 [AsyncHttpClient-1-9] DEBUG org.asynchttpclient.netty.channel.ChannelManager - Closing Channel [id: 0x0ab94e80, L:/127.0.0.1:57317 - R:localhost/127.0.0.1:57307] 
20:29:36.030 [AsyncHttpClient-1-9] DEBUG org.asynchttpclient.netty.handler.HttpHandler - Channel Closed: [id: 0x0ab94e80, L:/127.0.0.1:57317 ! R:localhost/127.0.0.1:57307] with attribute DISCARD
20:29:36.118 [AsyncHttpClient-1-8] DEBUG org.asynchttpclient.netty.handler.HttpHandler - 

Request DefaultFullHttpRequest(decodeResult: success, version: HTTP/1.1, content: EmptyByteBufBE)
DELETE /session/ee63ec1c6e29c634b9014320f4aac8b8 HTTP/1.1
User-Agent: selenium/4.1.2 (java windows)
Content-Type: application/json; charset=utf-8
host: localhost:55877
accept: */*

Response DefaultHttpResponse(decodeResult: success, version: HTTP/1.1)
HTTP/1.1 200 OK
Content-Type: application/json; charset=utf-8
cache-control: no-cache
content-length: 14

20:29:36.118 [AsyncHttpClient-1-8] DEBUG org.asynchttpclient.netty.channel.ChannelManager - Adding key: http://localhost:55877 for channel [id: 0xd10c546b, L:/127.0.0.1:57306 - R:localhost/127.0.0.1:55877]
20:29:36.302 [AsyncHttpClient-1-1] DEBUG org.asynchttpclient.netty.channel.DefaultChannelPool - Entry count for : http://localhost:57307 : 1
20:29:36.302 [AsyncHttpClient-1-1] DEBUG org.asynchttpclient.netty.channel.DefaultChannelPool - Entry count for : http://localhost:55877 : 1
20:29:36.302 [AsyncHttpClient-1-1] DEBUG org.asynchttpclient.netty.channel.DefaultChannelPool - Adding Candidate expired Channel [id: 0x0ab94e80, L:/127.0.0.1:57317 ! R:localhost/127.0.0.1:57307] isIdleTimeoutExpired=false isRemotelyClosed=true isTtlExpired=false
20:29:36.302 [AsyncHttpClient-1-1] DEBUG org.asynchttpclient.netty.channel.DefaultChannelPool - Closing Idle Channel [id: 0x0ab94e80, L:/127.0.0.1:57317 ! R:localhost/127.0.0.1:57307]
20:29:36.302 [AsyncHttpClient-1-1] DEBUG org.asynchttpclient.netty.channel.DefaultChannelPool - Closed 1 connections out of 2 in 0 ms
20:29:36.790 [AsyncHttpClient-1-8] DEBUG org.asynchttpclient.netty.handler.HttpHandler - Channel Closed: [id: 0xd10c546b, L:/127.0.0.1:57306 ! R:localhost/127.0.0.1:55877] with attribute DISCARD
20:29:37.308 [main] INFO  - 
  _____   ___   ___   _____     ___     _     ___   ___   ___   ___  
 |_   _| | __| / __| |_   _|   | _ \   /_\   / __| / __| | __| |   \ 
   | |   | _|  \__ \   | |     |  _/  / _ \  \__ \ \__ \ | _|  | |) |
   |_|   |___| |___/   |_|     |_|   /_/ \_\ |___/ |___/ |___| |___/ 

As a admin i want to add data dokter
----------------------------------------------------------------------
]]></system-out>
    <system-err><![CDATA[Starting ChromeDriver 102.0.5005.61 (0e59bcc00cc4985ce39ad31c150065f159d95ad3-refs/branch-heads/5005@{#819}) on port 55877
Only local connections are allowed.
Please see https://chromedriver.chromium.org/security-considerations for suggestions on keeping ChromeDriver safe.
ChromeDriver was started successfully.
Jun 23, 2022 8:29:25 PM org.openqa.selenium.remote.ProtocolHandshake createSession
INFO: Detected dialect: W3C
Jun 23, 2022 8:29:25 PM org.openqa.selenium.devtools.CdpVersionFinder findNearestMatch
WARNING: Unable to find an exact match for CDP version 102, so returning the closest version found: a no-op implementation
Jun 23, 2022 8:29:25 PM org.openqa.selenium.devtools.CdpVersionFinder findNearestMatch
INFO: Unable to find CDP implementation matching 102.
Jun 23, 2022 8:29:25 PM org.openqa.selenium.chromium.ChromiumDriver lambda$new$3
WARNING: Unable to find version of CDP to use for . You may need to include a dependency on a specific version of the CDP using something similar to `org.seleniumhq.selenium:selenium-devtools-v86:4.1.2` where the version ("v86") matches the version of the chromium-based browser you're using and the version number of the artifact is the same as Selenium's.
[1655990973.800][WARNING]: unexpected alert open: {Alert text : Data telah ditambah}, cancelling screenshot
]]></system-err>
  </testcase>
  <testcase name="As a admin i want to add data dokter #3" classname="Add Data Dokter - Admin" time="15.195">
    <system-out><![CDATA[
@AddDokterData
Scenario Outline: As a admin i want to add data dokter                   &amp#27;[90m# src/test/resources/features/AddDataDokter.feature:14&amp#27;[0m
20:29:37.324 [main] INFO io.cucumber.core.plugin.SerenityReporter - Running feature from file:///D:/Kel-1-capstone/TestingWeb/src/test/resources/features/AddDataDokter.feature
20:29:37.392 [AsyncHttpClient-1-1] DEBUG org.asynchttpclient.netty.channel.DefaultChannelPool - Entry count for : http://localhost:55877 : 1
20:29:37.392 [AsyncHttpClient-1-1] DEBUG org.asynchttpclient.netty.channel.DefaultChannelPool - Adding Candidate expired Channel [id: 0xd10c546b, L:/127.0.0.1:57306 ! R:localhost/127.0.0.1:55877] isIdleTimeoutExpired=false isRemotelyClosed=true isTtlExpired=false
20:29:37.392 [AsyncHttpClient-1-1] DEBUG org.asynchttpclient.netty.channel.DefaultChannelPool - Closing Idle Channel [id: 0xd10c546b, L:/127.0.0.1:57306 ! R:localhost/127.0.0.1:55877]
20:29:37.392 [AsyncHttpClient-1-1] DEBUG org.asynchttpclient.netty.channel.DefaultChannelPool - Closed 1 connections out of 1 in 0 ms
20:29:37.408 [main] DEBUG net.thucydides.core.steps.StepInterceptor - STARTING STEP: DokterDataSteps.openPageDataDokter - openDataDokter
20:29:37.408 [main] INFO net.serenitybdd.core.webdriver.driverproviders.ChromeDriverProvider - Using automatically driver download
20:29:37.661 [main] DEBUG io.github.bonigarcia.wdm.cache.ResolutionCache - Resolution chrome=102 in cache (valid until 21:04:30 23/06/2022 ICT)
20:29:37.677 [main] DEBUG io.github.bonigarcia.wdm.cache.ResolutionCache - Resolution chrome102=102.0.5005.61 in cache (valid until 20:04:30 24/06/2022 ICT)
20:29:37.693 [main] INFO io.github.bonigarcia.wdm.WebDriverManager - Using chromedriver 102.0.5005.61 (resolved driver for Chrome 102)
20:29:37.739 [main] DEBUG io.github.bonigarcia.wdm.WebDriverManager - Driver chromedriver 102.0.5005.61 found in cache
20:29:37.739 [main] INFO io.github.bonigarcia.wdm.WebDriverManager - Exporting webdriver.chrome.driver as C:\Users\ASUS\.cache\selenium\chromedriver\win32\102.0.5005.61\chromedriver.exe
20:29:38.008 [main] DEBUG net.serenitybdd.core.webdriver.driverproviders.ProvideNewDriver - Instantiating driver
20:29:38.008 [main] DEBUG net.serenitybdd.core.webdriver.driverproviders.ProvideNewDriver - Driver capabilities: Capabilities {acceptInsecureCerts: false, base.url: https://fanciful-trifle-360..., browserName: chrome, chorme.driver: src/test/resources/webdrive..., driver: chrome, goog:chromeOptions: {args: [], extensions: []}}
20:29:38.588 [AsyncHttpClient-1-3] DEBUG org.asynchttpclient.netty.channel.NettyConnectListener - Using new Channel '[id: 0x85c85358, L:/127.0.0.1:57345 - R:localhost/127.0.0.1:51316]' for 'POST' to '/session'
20:29:40.367 [AsyncHttpClient-1-3] DEBUG org.asynchttpclient.netty.handler.HttpHandler - 

Request DefaultHttpRequest(decodeResult: success, version: HTTP/1.1)
POST /session HTTP/1.1
User-Agent: selenium/4.1.2 (java windows)
Content-Length: 629
Content-Type: application/json; charset=utf-8
host: localhost:51316
accept: */*

Response DefaultHttpResponse(decodeResult: success, version: HTTP/1.1)
HTTP/1.1 200 OK
Content-Type: application/json; charset=utf-8
cache-control: no-cache
content-length: 788

20:29:40.367 [AsyncHttpClient-1-3] DEBUG org.asynchttpclient.netty.channel.ChannelManager - Adding key: http://localhost:51316 for channel [id: 0x85c85358, L:/127.0.0.1:57345 - R:localhost/127.0.0.1:51316]
20:29:40.400 [AsyncHttpClient-1-4] DEBUG org.asynchttpclient.netty.channel.NettyConnectListener - Using new Channel '[id: 0x1c0aa7c5, L:/127.0.0.1:57356 - R:localhost/127.0.0.1:57346]' for 'GET' to '/json/version'
20:29:40.403 [AsyncHttpClient-1-4] DEBUG org.asynchttpclient.netty.handler.HttpHandler - 

Request DefaultFullHttpRequest(decodeResult: success, version: HTTP/1.1, content: EmptyByteBufBE)
GET /json/version HTTP/1.1
User-Agent: selenium/4.1.2 (java windows)
host: localhost:57346
accept: */*

Response DefaultHttpResponse(decodeResult: success, version: HTTP/1.1)
HTTP/1.1 200 OK
Content-Type: application/json; charset=UTF-8
content-length: 428

20:29:40.403 [AsyncHttpClient-1-4] DEBUG org.asynchttpclient.netty.channel.ChannelManager - Adding key: http://localhost:57346 for channel [id: 0x1c0aa7c5, L:/127.0.0.1:57356 - R:localhost/127.0.0.1:57346]
20:29:40.410 [AsyncHttpClient-1-5] DEBUG org.asynchttpclient.netty.channel.NettyConnectListener - Using new Channel '[id: 0x8518ff9e, L:/127.0.0.1:57357 - R:localhost/127.0.0.1:57346]' for 'GET' to '/devtools/browser/bf0c16a6-7f76-437c-b847-b8634c1e49e5'
20:29:40.410 [AsyncHttpClient-1-5] DEBUG org.asynchttpclient.netty.handler.WebSocketHandler - 

Request DefaultFullHttpRequest(decodeResult: success, version: HTTP/1.1, content: EmptyByteBufBE)
GET /devtools/browser/bf0c16a6-7f76-437c-b847-b8634c1e49e5 HTTP/1.1
upgrade: websocket
connection: upgrade
sec-websocket-key: 73q3nAccvAlIbN8Z/Vbf/Q==
sec-websocket-version: 13
origin: http://localhost:57346
host: localhost:57346
accept: */*
user-agent: AHC/2.1

Response DefaultHttpResponse(decodeResult: success, version: HTTP/1.1)
HTTP/1.1 101 WebSocket Protocol Handshake
Upgrade: WebSocket
Connection: Upgrade
Sec-WebSocket-Accept: +2a81oqD8tzMLhVaiI8mHORNE0Q=

20:29:40.425 [Forwarding get on session 8e76003759f4eecc1df7cef03a423d85 to remote] DEBUG org.asynchttpclient.netty.request.NettyRequestSender - Using pooled Channel '[id: 0x85c85358, L:/127.0.0.1:57345 - R:localhost/127.0.0.1:51316]' for 'POST' to 'http://localhost:51316/session/8e76003759f4eecc1df7cef03a423d85/url'
20:29:40.425 [Forwarding get on session 8e76003759f4eecc1df7cef03a423d85 to remote] DEBUG org.asynchttpclient.netty.request.NettyRequestSender - Using open Channel [id: 0x85c85358, L:/127.0.0.1:57345 - R:localhost/127.0.0.1:51316] for POST '/session/8e76003759f4eecc1df7cef03a423d85/url'
20:29:40.697 [AsyncHttpClient-1-1] DEBUG org.asynchttpclient.netty.channel.DefaultChannelPool - Entry count for : http://localhost:57346 : 1
20:29:41.725 [AsyncHttpClient-1-3] DEBUG org.asynchttpclient.netty.handler.HttpHandler - 

Request DefaultHttpRequest(decodeResult: success, version: HTTP/1.1)
POST /session/8e76003759f4eecc1df7cef03a423d85/url HTTP/1.1
User-Agent: selenium/4.1.2 (java windows)
Content-Length: 84
Content-Type: application/json; charset=utf-8
host: localhost:51316
accept: */*

Response DefaultHttpResponse(decodeResult: success, version: HTTP/1.1)
HTTP/1.1 200 OK
Content-Type: application/json; charset=utf-8
cache-control: no-cache
content-length: 14

20:29:41.725 [AsyncHttpClient-1-3] DEBUG org.asynchttpclient.netty.channel.ChannelManager - Adding key: http://localhost:51316 for channel [id: 0x85c85358, L:/127.0.0.1:57345 - R:localhost/127.0.0.1:51316]
20:29:41.725 [Forwarding setTimeout on session 8e76003759f4eecc1df7cef03a423d85 to remote] DEBUG org.asynchttpclient.netty.request.NettyRequestSender - Using pooled Channel '[id: 0x85c85358, L:/127.0.0.1:57345 - R:localhost/127.0.0.1:51316]' for 'POST' to 'http://localhost:51316/session/8e76003759f4eecc1df7cef03a423d85/timeouts'
20:29:41.725 [Forwarding setTimeout on session 8e76003759f4eecc1df7cef03a423d85 to remote] DEBUG org.asynchttpclient.netty.request.NettyRequestSender - Using open Channel [id: 0x85c85358, L:/127.0.0.1:57345 - R:localhost/127.0.0.1:51316] for POST '/session/8e76003759f4eecc1df7cef03a423d85/timeouts'
20:29:41.756 [AsyncHttpClient-1-3] DEBUG org.asynchttpclient.netty.handler.HttpHandler - 

Request DefaultHttpRequest(decodeResult: success, version: HTTP/1.1)
POST /session/8e76003759f4eecc1df7cef03a423d85/timeouts HTTP/1.1
User-Agent: selenium/4.1.2 (java windows)
Content-Length: 22
Content-Type: application/json; charset=utf-8
host: localhost:51316
accept: */*

Response DefaultHttpResponse(decodeResult: success, version: HTTP/1.1)
HTTP/1.1 200 OK
Content-Type: application/json; charset=utf-8
cache-control: no-cache
content-length: 14

20:29:41.756 [AsyncHttpClient-1-3] DEBUG org.asynchttpclient.netty.channel.ChannelManager - Adding key: http://localhost:51316 for channel [id: 0x85c85358, L:/127.0.0.1:57345 - R:localhost/127.0.0.1:51316]
20:29:41.777 [Forwarding getCurrentUrl on session 8e76003759f4eecc1df7cef03a423d85 to remote] DEBUG org.asynchttpclient.netty.request.NettyRequestSender - Using pooled Channel '[id: 0x85c85358, L:/127.0.0.1:57345 - R:localhost/127.0.0.1:51316]' for 'GET' to 'http://localhost:51316/session/8e76003759f4eecc1df7cef03a423d85/url'
20:29:41.777 [Forwarding getCurrentUrl on session 8e76003759f4eecc1df7cef03a423d85 to remote] DEBUG org.asynchttpclient.netty.request.NettyRequestSender - Using open Channel [id: 0x85c85358, L:/127.0.0.1:57345 - R:localhost/127.0.0.1:51316] for GET '/session/8e76003759f4eecc1df7cef03a423d85/url'
20:29:41.792 [AsyncHttpClient-1-1] DEBUG org.asynchttpclient.netty.channel.DefaultChannelPool - Entry count for : http://localhost:57346 : 1
20:29:41.808 [AsyncHttpClient-1-3] DEBUG org.asynchttpclient.netty.handler.HttpHandler - 

Request DefaultFullHttpRequest(decodeResult: success, version: HTTP/1.1, content: EmptyByteBufBE)
GET /session/8e76003759f4eecc1df7cef03a423d85/url HTTP/1.1
User-Agent: selenium/4.1.2 (java windows)
Cache-Control: no-cache
Content-Type: application/json; charset=utf-8
host: localhost:51316
accept: */*

Response DefaultHttpResponse(decodeResult: success, version: HTTP/1.1)
HTTP/1.1 200 OK
Content-Type: application/json; charset=utf-8
cache-control: no-cache
content-length: 66

20:29:41.824 [AsyncHttpClient-1-3] DEBUG org.asynchttpclient.netty.channel.ChannelManager - Adding key: http://localhost:51316 for channel [id: 0x85c85358, L:/127.0.0.1:57345 - R:localhost/127.0.0.1:51316]
20:29:41.839 [Forwarding screenshot on session 8e76003759f4eecc1df7cef03a423d85 to remote] DEBUG org.asynchttpclient.netty.request.NettyRequestSender - Using pooled Channel '[id: 0x85c85358, L:/127.0.0.1:57345 - R:localhost/127.0.0.1:51316]' for 'GET' to 'http://localhost:51316/session/8e76003759f4eecc1df7cef03a423d85/screenshot'
20:29:41.839 [Forwarding screenshot on session 8e76003759f4eecc1df7cef03a423d85 to remote] DEBUG org.asynchttpclient.netty.request.NettyRequestSender - Using open Channel [id: 0x85c85358, L:/127.0.0.1:57345 - R:localhost/127.0.0.1:51316] for GET '/session/8e76003759f4eecc1df7cef03a423d85/screenshot'
20:29:42.884 [AsyncHttpClient-1-3] DEBUG org.asynchttpclient.netty.handler.HttpHandler - 

Request DefaultFullHttpRequest(decodeResult: success, version: HTTP/1.1, content: EmptyByteBufBE)
GET /session/8e76003759f4eecc1df7cef03a423d85/screenshot HTTP/1.1
User-Agent: selenium/4.1.2 (java windows)
Cache-Control: no-cache
Content-Type: application/json; charset=utf-8
host: localhost:51316
accept: */*

Response DefaultHttpResponse(decodeResult: success, version: HTTP/1.1)
HTTP/1.1 200 OK
Content-Type: application/json; charset=utf-8
cache-control: no-cache
content-length: 71412

20:29:42.892 [AsyncHttpClient-1-3] DEBUG org.asynchttpclient.netty.channel.ChannelManager - Adding key: http://localhost:51316 for channel [id: 0x85c85358, L:/127.0.0.1:57345 - R:localhost/127.0.0.1:51316]
20:29:42.908 [main] DEBUG net.serenitybdd.core.photography.Darkroom - Send negative for processing for target\site\serenity\641553ea0c7ee1350e9d99c43bd8b22ab0037bbbf11d544d65f62061eb96ca5a.png
20:29:42.908 [main] DEBUG net.thucydides.core.steps.StepInterceptor - STEP DONE: openDataDokter
  &amp#27;[32mGiven &amp#27;[0m&amp#27;[32mOpen page data dokter&amp#27;[0m                                            &amp#27;[90m# starter.stepdefinitios.DokterDataSteps.openPageDataDokter()&amp#27;[0m
20:29:42.916 [AsyncHttpClient-1-1] DEBUG org.asynchttpclient.netty.channel.DefaultChannelPool - Entry count for : http://localhost:51316 : 1
20:29:42.916 [AsyncHttpClient-1-1] DEBUG org.asynchttpclient.netty.channel.DefaultChannelPool - Entry count for : http://localhost:57346 : 1
20:29:43.010 [Forwarding screenshot on session 8e76003759f4eecc1df7cef03a423d85 to remote] DEBUG org.asynchttpclient.netty.request.NettyRequestSender - Using pooled Channel '[id: 0x85c85358, L:/127.0.0.1:57345 - R:localhost/127.0.0.1:51316]' for 'GET' to 'http://localhost:51316/session/8e76003759f4eecc1df7cef03a423d85/screenshot'
20:29:43.010 [Forwarding screenshot on session 8e76003759f4eecc1df7cef03a423d85 to remote] DEBUG org.asynchttpclient.netty.request.NettyRequestSender - Using open Channel [id: 0x85c85358, L:/127.0.0.1:57345 - R:localhost/127.0.0.1:51316] for GET '/session/8e76003759f4eecc1df7cef03a423d85/screenshot'
20:29:43.180 [AsyncHttpClient-1-3] DEBUG org.asynchttpclient.netty.handler.HttpHandler - 

Request DefaultFullHttpRequest(decodeResult: success, version: HTTP/1.1, content: EmptyByteBufBE)
GET /session/8e76003759f4eecc1df7cef03a423d85/screenshot HTTP/1.1
User-Agent: selenium/4.1.2 (java windows)
Cache-Control: no-cache
Content-Type: application/json; charset=utf-8
host: localhost:51316
accept: */*

Response DefaultHttpResponse(decodeResult: success, version: HTTP/1.1)
HTTP/1.1 200 OK
Content-Type: application/json; charset=utf-8
cache-control: no-cache
content-length: 93040

20:29:43.180 [AsyncHttpClient-1-3] DEBUG org.asynchttpclient.netty.channel.ChannelManager - Adding key: http://localhost:51316 for channel [id: 0x85c85358, L:/127.0.0.1:57345 - R:localhost/127.0.0.1:51316]
20:29:43.195 [main] DEBUG net.serenitybdd.core.photography.Darkroom - Send negative for processing for target\site\serenity\ee66319f8cb5850ca609fa5af5fccf9e8848aa4d878c3d081ff200c30ff79dfd.png
20:29:43.195 [main] DEBUG net.thucydides.core.steps.StepInterceptor - STARTING STEP: PatientDataSteps.clickButtonTambahData - clickButtonTambah
20:29:43.195 [Forwarding findElement on session 8e76003759f4eecc1df7cef03a423d85 to remote] DEBUG org.asynchttpclient.netty.request.NettyRequestSender - Using pooled Channel '[id: 0x85c85358, L:/127.0.0.1:57345 - R:localhost/127.0.0.1:51316]' for 'POST' to 'http://localhost:51316/session/8e76003759f4eecc1df7cef03a423d85/element'
20:29:43.195 [Forwarding findElement on session 8e76003759f4eecc1df7cef03a423d85 to remote] DEBUG org.asynchttpclient.netty.request.NettyRequestSender - Using open Channel [id: 0x85c85358, L:/127.0.0.1:57345 - R:localhost/127.0.0.1:51316] for POST '/session/8e76003759f4eecc1df7cef03a423d85/element'
20:29:43.227 [AsyncHttpClient-1-3] DEBUG org.asynchttpclient.netty.handler.HttpHandler - 

Request DefaultHttpRequest(decodeResult: success, version: HTTP/1.1)
POST /session/8e76003759f4eecc1df7cef03a423d85/element HTTP/1.1
User-Agent: selenium/4.1.2 (java windows)
Content-Length: 68
Content-Type: application/json; charset=utf-8
host: localhost:51316
accept: */*

Response DefaultHttpResponse(decodeResult: success, version: HTTP/1.1)
HTTP/1.1 200 OK
Content-Type: application/json; charset=utf-8
cache-control: no-cache
content-length: 88

20:29:43.227 [AsyncHttpClient-1-3] DEBUG org.asynchttpclient.netty.channel.ChannelManager - Adding key: http://localhost:51316 for channel [id: 0x85c85358, L:/127.0.0.1:57345 - R:localhost/127.0.0.1:51316]
20:29:43.227 [Forwarding getElementTagName on session 8e76003759f4eecc1df7cef03a423d85 to remote] DEBUG org.asynchttpclient.netty.request.NettyRequestSender - Using pooled Channel '[id: 0x85c85358, L:/127.0.0.1:57345 - R:localhost/127.0.0.1:51316]' for 'GET' to 'http://localhost:51316/session/8e76003759f4eecc1df7cef03a423d85/element/4801da8d-ae3c-469c-a0d2-133bbfbb1228/name'
20:29:43.227 [Forwarding getElementTagName on session 8e76003759f4eecc1df7cef03a423d85 to remote] DEBUG org.asynchttpclient.netty.request.NettyRequestSender - Using open Channel [id: 0x85c85358, L:/127.0.0.1:57345 - R:localhost/127.0.0.1:51316] for GET '/session/8e76003759f4eecc1df7cef03a423d85/element/4801da8d-ae3c-469c-a0d2-133bbfbb1228/name'
20:29:43.242 [AsyncHttpClient-1-3] DEBUG org.asynchttpclient.netty.handler.HttpHandler - 

Request DefaultFullHttpRequest(decodeResult: success, version: HTTP/1.1, content: EmptyByteBufBE)
GET /session/8e76003759f4eecc1df7cef03a423d85/element/4801da8d-ae3c-469c-a0d2-133bbfbb1228/name HTTP/1.1
User-Agent: selenium/4.1.2 (java windows)
Cache-Control: no-cache
Content-Type: application/json; charset=utf-8
host: localhost:51316
accept: */*

Response DefaultHttpResponse(decodeResult: success, version: HTTP/1.1)
HTTP/1.1 200 OK
Content-Type: application/json; charset=utf-8
cache-control: no-cache
content-length: 18

20:29:43.242 [AsyncHttpClient-1-3] DEBUG org.asynchttpclient.netty.channel.ChannelManager - Adding key: http://localhost:51316 for channel [id: 0x85c85358, L:/127.0.0.1:57345 - R:localhost/127.0.0.1:51316]
20:29:43.242 [Forwarding getElementTagName on session 8e76003759f4eecc1df7cef03a423d85 to remote] DEBUG org.asynchttpclient.netty.request.NettyRequestSender - Using pooled Channel '[id: 0x85c85358, L:/127.0.0.1:57345 - R:localhost/127.0.0.1:51316]' for 'GET' to 'http://localhost:51316/session/8e76003759f4eecc1df7cef03a423d85/element/4801da8d-ae3c-469c-a0d2-133bbfbb1228/name'
20:29:43.242 [Forwarding getElementTagName on session 8e76003759f4eecc1df7cef03a423d85 to remote] DEBUG org.asynchttpclient.netty.request.NettyRequestSender - Using open Channel [id: 0x85c85358, L:/127.0.0.1:57345 - R:localhost/127.0.0.1:51316] for GET '/session/8e76003759f4eecc1df7cef03a423d85/element/4801da8d-ae3c-469c-a0d2-133bbfbb1228/name'
20:29:43.258 [AsyncHttpClient-1-3] DEBUG org.asynchttpclient.netty.handler.HttpHandler - 

Request DefaultFullHttpRequest(decodeResult: success, version: HTTP/1.1, content: EmptyByteBufBE)
GET /session/8e76003759f4eecc1df7cef03a423d85/element/4801da8d-ae3c-469c-a0d2-133bbfbb1228/name HTTP/1.1
User-Agent: selenium/4.1.2 (java windows)
Cache-Control: no-cache
Content-Type: application/json; charset=utf-8
host: localhost:51316
accept: */*

Response DefaultHttpResponse(decodeResult: success, version: HTTP/1.1)
HTTP/1.1 200 OK
Content-Type: application/json; charset=utf-8
cache-control: no-cache
content-length: 18

20:29:43.258 [AsyncHttpClient-1-3] DEBUG org.asynchttpclient.netty.channel.ChannelManager - Adding key: http://localhost:51316 for channel [id: 0x85c85358, L:/127.0.0.1:57345 - R:localhost/127.0.0.1:51316]
20:29:43.258 [Forwarding isElementEnabled on session 8e76003759f4eecc1df7cef03a423d85 to remote] DEBUG org.asynchttpclient.netty.request.NettyRequestSender - Using pooled Channel '[id: 0x85c85358, L:/127.0.0.1:57345 - R:localhost/127.0.0.1:51316]' for 'GET' to 'http://localhost:51316/session/8e76003759f4eecc1df7cef03a423d85/element/4801da8d-ae3c-469c-a0d2-133bbfbb1228/enabled'
20:29:43.258 [Forwarding isElementEnabled on session 8e76003759f4eecc1df7cef03a423d85 to remote] DEBUG org.asynchttpclient.netty.request.NettyRequestSender - Using open Channel [id: 0x85c85358, L:/127.0.0.1:57345 - R:localhost/127.0.0.1:51316] for GET '/session/8e76003759f4eecc1df7cef03a423d85/element/4801da8d-ae3c-469c-a0d2-133bbfbb1228/enabled'
20:29:43.273 [AsyncHttpClient-1-3] DEBUG org.asynchttpclient.netty.handler.HttpHandler - 

Request DefaultFullHttpRequest(decodeResult: success, version: HTTP/1.1, content: EmptyByteBufBE)
GET /session/8e76003759f4eecc1df7cef03a423d85/element/4801da8d-ae3c-469c-a0d2-133bbfbb1228/enabled HTTP/1.1
User-Agent: selenium/4.1.2 (java windows)
Cache-Control: no-cache
Content-Type: application/json; charset=utf-8
host: localhost:51316
accept: */*

Response DefaultHttpResponse(decodeResult: success, version: HTTP/1.1)
HTTP/1.1 200 OK
Content-Type: application/json; charset=utf-8
cache-control: no-cache
content-length: 14

20:29:43.273 [AsyncHttpClient-1-3] DEBUG org.asynchttpclient.netty.channel.ChannelManager - Adding key: http://localhost:51316 for channel [id: 0x85c85358, L:/127.0.0.1:57345 - R:localhost/127.0.0.1:51316]
20:29:43.289 [Forwarding isElementEnabled on session 8e76003759f4eecc1df7cef03a423d85 to remote] DEBUG org.asynchttpclient.netty.request.NettyRequestSender - Using pooled Channel '[id: 0x85c85358, L:/127.0.0.1:57345 - R:localhost/127.0.0.1:51316]' for 'GET' to 'http://localhost:51316/session/8e76003759f4eecc1df7cef03a423d85/element/4801da8d-ae3c-469c-a0d2-133bbfbb1228/enabled'
20:29:43.289 [Forwarding isElementEnabled on session 8e76003759f4eecc1df7cef03a423d85 to remote] DEBUG org.asynchttpclient.netty.request.NettyRequestSender - Using open Channel [id: 0x85c85358, L:/127.0.0.1:57345 - R:localhost/127.0.0.1:51316] for GET '/session/8e76003759f4eecc1df7cef03a423d85/element/4801da8d-ae3c-469c-a0d2-133bbfbb1228/enabled'
20:29:43.289 [AsyncHttpClient-1-3] DEBUG org.asynchttpclient.netty.handler.HttpHandler - 

Request DefaultFullHttpRequest(decodeResult: success, version: HTTP/1.1, content: EmptyByteBufBE)
GET /session/8e76003759f4eecc1df7cef03a423d85/element/4801da8d-ae3c-469c-a0d2-133bbfbb1228/enabled HTTP/1.1
User-Agent: selenium/4.1.2 (java windows)
Cache-Control: no-cache
Content-Type: application/json; charset=utf-8
host: localhost:51316
accept: */*

Response DefaultHttpResponse(decodeResult: success, version: HTTP/1.1)
HTTP/1.1 200 OK
Content-Type: application/json; charset=utf-8
cache-control: no-cache
content-length: 14

20:29:43.289 [AsyncHttpClient-1-3] DEBUG org.asynchttpclient.netty.channel.ChannelManager - Adding key: http://localhost:51316 for channel [id: 0x85c85358, L:/127.0.0.1:57345 - R:localhost/127.0.0.1:51316]
20:29:43.305 [Forwarding findElement on session 8e76003759f4eecc1df7cef03a423d85 to remote] DEBUG org.asynchttpclient.netty.request.NettyRequestSender - Using pooled Channel '[id: 0x85c85358, L:/127.0.0.1:57345 - R:localhost/127.0.0.1:51316]' for 'POST' to 'http://localhost:51316/session/8e76003759f4eecc1df7cef03a423d85/element'
20:29:43.305 [Forwarding findElement on session 8e76003759f4eecc1df7cef03a423d85 to remote] DEBUG org.asynchttpclient.netty.request.NettyRequestSender - Using open Channel [id: 0x85c85358, L:/127.0.0.1:57345 - R:localhost/127.0.0.1:51316] for POST '/session/8e76003759f4eecc1df7cef03a423d85/element'
20:29:43.320 [AsyncHttpClient-1-3] DEBUG org.asynchttpclient.netty.handler.HttpHandler - 

Request DefaultHttpRequest(decodeResult: success, version: HTTP/1.1)
POST /session/8e76003759f4eecc1df7cef03a423d85/element HTTP/1.1
User-Agent: selenium/4.1.2 (java windows)
Content-Length: 68
Content-Type: application/json; charset=utf-8
host: localhost:51316
accept: */*

Response DefaultHttpResponse(decodeResult: success, version: HTTP/1.1)
HTTP/1.1 200 OK
Content-Type: application/json; charset=utf-8
cache-control: no-cache
content-length: 88

20:29:43.320 [AsyncHttpClient-1-3] DEBUG org.asynchttpclient.netty.channel.ChannelManager - Adding key: http://localhost:51316 for channel [id: 0x85c85358, L:/127.0.0.1:57345 - R:localhost/127.0.0.1:51316]
20:29:43.320 [Forwarding clickElement on session 8e76003759f4eecc1df7cef03a423d85 to remote] DEBUG org.asynchttpclient.netty.request.NettyRequestSender - Using pooled Channel '[id: 0x85c85358, L:/127.0.0.1:57345 - R:localhost/127.0.0.1:51316]' for 'POST' to 'http://localhost:51316/session/8e76003759f4eecc1df7cef03a423d85/element/4801da8d-ae3c-469c-a0d2-133bbfbb1228/click'
20:29:43.320 [Forwarding clickElement on session 8e76003759f4eecc1df7cef03a423d85 to remote] DEBUG org.asynchttpclient.netty.request.NettyRequestSender - Using open Channel [id: 0x85c85358, L:/127.0.0.1:57345 - R:localhost/127.0.0.1:51316] for POST '/session/8e76003759f4eecc1df7cef03a423d85/element/4801da8d-ae3c-469c-a0d2-133bbfbb1228/click'
20:29:43.624 [AsyncHttpClient-1-3] DEBUG org.asynchttpclient.netty.handler.HttpHandler - 

Request DefaultHttpRequest(decodeResult: success, version: HTTP/1.1)
POST /session/8e76003759f4eecc1df7cef03a423d85/element/4801da8d-ae3c-469c-a0d2-133bbfbb1228/click HTTP/1.1
User-Agent: selenium/4.1.2 (java windows)
Content-Length: 50
Content-Type: application/json; charset=utf-8
host: localhost:51316
accept: */*

Response DefaultHttpResponse(decodeResult: success, version: HTTP/1.1)
HTTP/1.1 200 OK
Content-Type: application/json; charset=utf-8
cache-control: no-cache
content-length: 14

20:29:43.624 [AsyncHttpClient-1-3] DEBUG org.asynchttpclient.netty.channel.ChannelManager - Adding key: http://localhost:51316 for channel [id: 0x85c85358, L:/127.0.0.1:57345 - R:localhost/127.0.0.1:51316]
20:29:43.648 [Forwarding screenshot on session 8e76003759f4eecc1df7cef03a423d85 to remote] DEBUG org.asynchttpclient.netty.request.NettyRequestSender - Using pooled Channel '[id: 0x85c85358, L:/127.0.0.1:57345 - R:localhost/127.0.0.1:51316]' for 'GET' to 'http://localhost:51316/session/8e76003759f4eecc1df7cef03a423d85/screenshot'
20:29:43.648 [Forwarding screenshot on session 8e76003759f4eecc1df7cef03a423d85 to remote] DEBUG org.asynchttpclient.netty.request.NettyRequestSender - Using open Channel [id: 0x85c85358, L:/127.0.0.1:57345 - R:localhost/127.0.0.1:51316] for GET '/session/8e76003759f4eecc1df7cef03a423d85/screenshot'
20:29:44.000 [AsyncHttpClient-1-1] DEBUG org.asynchttpclient.netty.channel.DefaultChannelPool - Entry count for : http://localhost:57346 : 1
20:29:44.180 [AsyncHttpClient-1-3] DEBUG org.asynchttpclient.netty.handler.HttpHandler - 

Request DefaultFullHttpRequest(decodeResult: success, version: HTTP/1.1, content: EmptyByteBufBE)
GET /session/8e76003759f4eecc1df7cef03a423d85/screenshot HTTP/1.1
User-Agent: selenium/4.1.2 (java windows)
Cache-Control: no-cache
Content-Type: application/json; charset=utf-8
host: localhost:51316
accept: */*

Response DefaultHttpResponse(decodeResult: success, version: HTTP/1.1)
HTTP/1.1 200 OK
Content-Type: application/json; charset=utf-8
cache-control: no-cache
content-length: 46784

20:29:44.180 [AsyncHttpClient-1-3] DEBUG org.asynchttpclient.netty.channel.ChannelManager - Adding key: http://localhost:51316 for channel [id: 0x85c85358, L:/127.0.0.1:57345 - R:localhost/127.0.0.1:51316]
20:29:44.193 [main] DEBUG net.serenitybdd.core.photography.Darkroom - Send negative for processing for target\site\serenity\8629f496e7c4dac0cce5b2bf2737aed3260bba436f070e09e2151e10e1c22e27.png
20:29:44.195 [main] DEBUG net.thucydides.core.steps.StepInterceptor - STEP DONE: clickButtonTambah
  &amp#27;[32mWhen &amp#27;[0m&amp#27;[32mClick button tambah data&amp#27;[0m                                          &amp#27;[90m# starter.stepdefinitios.PatientDataSteps.clickButtonTambahData()&amp#27;[0m
20:29:44.195 [Darkroom Processing Line] DEBUG net.serenitybdd.core.photography.DarkroomProcessingLine - Processing screenshot image in /var/screenshots/screenshot-18106950808849316322
20:29:44.195 [Darkroom Processing Line] DEBUG net.serenitybdd.core.photography.DarkroomProcessingLine - Saving screenshot to target\site\serenity\8629f496e7c4dac0cce5b2bf2737aed3260bba436f070e09e2151e10e1c22e27.png
20:29:44.724 [Forwarding screenshot on session 8e76003759f4eecc1df7cef03a423d85 to remote] DEBUG org.asynchttpclient.netty.request.NettyRequestSender - Using pooled Channel '[id: 0x85c85358, L:/127.0.0.1:57345 - R:localhost/127.0.0.1:51316]' for 'GET' to 'http://localhost:51316/session/8e76003759f4eecc1df7cef03a423d85/screenshot'
20:29:44.724 [Forwarding screenshot on session 8e76003759f4eecc1df7cef03a423d85 to remote] DEBUG org.asynchttpclient.netty.request.NettyRequestSender - Using open Channel [id: 0x85c85358, L:/127.0.0.1:57345 - R:localhost/127.0.0.1:51316] for GET '/session/8e76003759f4eecc1df7cef03a423d85/screenshot'
20:29:45.011 [AsyncHttpClient-1-3] DEBUG org.asynchttpclient.netty.handler.HttpHandler - 

Request DefaultFullHttpRequest(decodeResult: success, version: HTTP/1.1, content: EmptyByteBufBE)
GET /session/8e76003759f4eecc1df7cef03a423d85/screenshot HTTP/1.1
User-Agent: selenium/4.1.2 (java windows)
Cache-Control: no-cache
Content-Type: application/json; charset=utf-8
host: localhost:51316
accept: */*

Response DefaultHttpResponse(decodeResult: success, version: HTTP/1.1)
HTTP/1.1 200 OK
Content-Type: application/json; charset=utf-8
cache-control: no-cache
content-length: 357056

20:29:45.011 [AsyncHttpClient-1-3] DEBUG org.asynchttpclient.netty.channel.ChannelManager - Adding key: http://localhost:51316 for channel [id: 0x85c85358, L:/127.0.0.1:57345 - R:localhost/127.0.0.1:51316]
20:29:45.035 [main] DEBUG net.serenitybdd.core.photography.Darkroom - Send negative for processing for target\site\serenity\270b1ee7a700454389ac56c4eebbdaff416676d99565fa926c09fced151958a6.png
20:29:45.035 [main] DEBUG net.thucydides.core.steps.StepInterceptor - STARTING STEP: DokterDataSteps.iInputDokter - inputDataDokter
20:29:45.051 [Forwarding findElement on session 8e76003759f4eecc1df7cef03a423d85 to remote] DEBUG org.asynchttpclient.netty.request.NettyRequestSender - Using pooled Channel '[id: 0x85c85358, L:/127.0.0.1:57345 - R:localhost/127.0.0.1:51316]' for 'POST' to 'http://localhost:51316/session/8e76003759f4eecc1df7cef03a423d85/element'
20:29:45.051 [Forwarding findElement on session 8e76003759f4eecc1df7cef03a423d85 to remote] DEBUG org.asynchttpclient.netty.request.NettyRequestSender - Using open Channel [id: 0x85c85358, L:/127.0.0.1:57345 - R:localhost/127.0.0.1:51316] for POST '/session/8e76003759f4eecc1df7cef03a423d85/element'
20:29:45.066 [AsyncHttpClient-1-3] DEBUG org.asynchttpclient.netty.handler.HttpHandler - 

Request DefaultHttpRequest(decodeResult: success, version: HTTP/1.1)
POST /session/8e76003759f4eecc1df7cef03a423d85/element HTTP/1.1
User-Agent: selenium/4.1.2 (java windows)
Content-Length: 66
Content-Type: application/json; charset=utf-8
host: localhost:51316
accept: */*

Response DefaultHttpResponse(decodeResult: success, version: HTTP/1.1)
HTTP/1.1 200 OK
Content-Type: application/json; charset=utf-8
cache-control: no-cache
content-length: 88

20:29:45.066 [AsyncHttpClient-1-3] DEBUG org.asynchttpclient.netty.channel.ChannelManager - Adding key: http://localhost:51316 for channel [id: 0x85c85358, L:/127.0.0.1:57345 - R:localhost/127.0.0.1:51316]
20:29:45.082 [Forwarding sendKeysToElement on session 8e76003759f4eecc1df7cef03a423d85 to remote] DEBUG org.asynchttpclient.netty.request.NettyRequestSender - Using pooled Channel '[id: 0x85c85358, L:/127.0.0.1:57345 - R:localhost/127.0.0.1:51316]' for 'POST' to 'http://localhost:51316/session/8e76003759f4eecc1df7cef03a423d85/element/dde1dc92-c720-491a-ac30-ee9d3fc04de3/value'
20:29:45.082 [Forwarding sendKeysToElement on session 8e76003759f4eecc1df7cef03a423d85 to remote] DEBUG org.asynchttpclient.netty.request.NettyRequestSender - Using open Channel [id: 0x85c85358, L:/127.0.0.1:57345 - R:localhost/127.0.0.1:51316] for POST '/session/8e76003759f4eecc1df7cef03a423d85/element/dde1dc92-c720-491a-ac30-ee9d3fc04de3/value'
20:29:45.097 [AsyncHttpClient-1-1] DEBUG org.asynchttpclient.netty.channel.DefaultChannelPool - Entry count for : http://localhost:57346 : 1
20:29:45.498 [AsyncHttpClient-1-3] DEBUG org.asynchttpclient.netty.handler.HttpHandler - 

Request DefaultHttpRequest(decodeResult: success, version: HTTP/1.1)
POST /session/8e76003759f4eecc1df7cef03a423d85/element/dde1dc92-c720-491a-ac30-ee9d3fc04de3/value HTTP/1.1
User-Agent: selenium/4.1.2 (java windows)
Content-Length: 131
Content-Type: application/json; charset=utf-8
host: localhost:51316
accept: */*

Response DefaultHttpResponse(decodeResult: success, version: HTTP/1.1)
HTTP/1.1 200 OK
Content-Type: application/json; charset=utf-8
cache-control: no-cache
content-length: 14

20:29:45.498 [AsyncHttpClient-1-3] DEBUG org.asynchttpclient.netty.channel.ChannelManager - Adding key: http://localhost:51316 for channel [id: 0x85c85358, L:/127.0.0.1:57345 - R:localhost/127.0.0.1:51316]
20:29:45.506 [Forwarding findElement on session 8e76003759f4eecc1df7cef03a423d85 to remote] DEBUG org.asynchttpclient.netty.request.NettyRequestSender - Using pooled Channel '[id: 0x85c85358, L:/127.0.0.1:57345 - R:localhost/127.0.0.1:51316]' for 'POST' to 'http://localhost:51316/session/8e76003759f4eecc1df7cef03a423d85/element'
20:29:45.506 [Forwarding findElement on session 8e76003759f4eecc1df7cef03a423d85 to remote] DEBUG org.asynchttpclient.netty.request.NettyRequestSender - Using open Channel [id: 0x85c85358, L:/127.0.0.1:57345 - R:localhost/127.0.0.1:51316] for POST '/session/8e76003759f4eecc1df7cef03a423d85/element'
20:29:45.552 [AsyncHttpClient-1-3] DEBUG org.asynchttpclient.netty.handler.HttpHandler - 

Request DefaultHttpRequest(decodeResult: success, version: HTTP/1.1)
POST /session/8e76003759f4eecc1df7cef03a423d85/element HTTP/1.1
User-Agent: selenium/4.1.2 (java windows)
Content-Length: 65
Content-Type: application/json; charset=utf-8
host: localhost:51316
accept: */*

Response DefaultHttpResponse(decodeResult: success, version: HTTP/1.1)
HTTP/1.1 200 OK
Content-Type: application/json; charset=utf-8
cache-control: no-cache
content-length: 88

20:29:45.552 [AsyncHttpClient-1-3] DEBUG org.asynchttpclient.netty.channel.ChannelManager - Adding key: http://localhost:51316 for channel [id: 0x85c85358, L:/127.0.0.1:57345 - R:localhost/127.0.0.1:51316]
20:29:45.560 [Forwarding sendKeysToElement on session 8e76003759f4eecc1df7cef03a423d85 to remote] DEBUG org.asynchttpclient.netty.request.NettyRequestSender - Using pooled Channel '[id: 0x85c85358, L:/127.0.0.1:57345 - R:localhost/127.0.0.1:51316]' for 'POST' to 'http://localhost:51316/session/8e76003759f4eecc1df7cef03a423d85/element/ea1967f6-eefc-40f9-8fbf-2463f973d3db/value'
20:29:45.560 [Forwarding sendKeysToElement on session 8e76003759f4eecc1df7cef03a423d85 to remote] DEBUG org.asynchttpclient.netty.request.NettyRequestSender - Using open Channel [id: 0x85c85358, L:/127.0.0.1:57345 - R:localhost/127.0.0.1:51316] for POST '/session/8e76003759f4eecc1df7cef03a423d85/element/ea1967f6-eefc-40f9-8fbf-2463f973d3db/value'
20:29:45.730 [AsyncHttpClient-1-3] DEBUG org.asynchttpclient.netty.handler.HttpHandler - 

Request DefaultHttpRequest(decodeResult: success, version: HTTP/1.1)
POST /session/8e76003759f4eecc1df7cef03a423d85/element/ea1967f6-eefc-40f9-8fbf-2463f973d3db/value HTTP/1.1
User-Agent: selenium/4.1.2 (java windows)
Content-Length: 82
Content-Type: application/json; charset=utf-8
host: localhost:51316
accept: */*

Response DefaultHttpResponse(decodeResult: success, version: HTTP/1.1)
HTTP/1.1 200 OK
Content-Type: application/json; charset=utf-8
cache-control: no-cache
content-length: 14

20:29:45.730 [AsyncHttpClient-1-3] DEBUG org.asynchttpclient.netty.channel.ChannelManager - Adding key: http://localhost:51316 for channel [id: 0x85c85358, L:/127.0.0.1:57345 - R:localhost/127.0.0.1:51316]
20:29:45.738 [Forwarding findElement on session 8e76003759f4eecc1df7cef03a423d85 to remote] DEBUG org.asynchttpclient.netty.request.NettyRequestSender - Using pooled Channel '[id: 0x85c85358, L:/127.0.0.1:57345 - R:localhost/127.0.0.1:51316]' for 'POST' to 'http://localhost:51316/session/8e76003759f4eecc1df7cef03a423d85/element'
20:29:45.738 [Forwarding findElement on session 8e76003759f4eecc1df7cef03a423d85 to remote] DEBUG org.asynchttpclient.netty.request.NettyRequestSender - Using open Channel [id: 0x85c85358, L:/127.0.0.1:57345 - R:localhost/127.0.0.1:51316] for POST '/session/8e76003759f4eecc1df7cef03a423d85/element'
20:29:45.762 [AsyncHttpClient-1-3] DEBUG org.asynchttpclient.netty.handler.HttpHandler - 

Request DefaultHttpRequest(decodeResult: success, version: HTTP/1.1)
POST /session/8e76003759f4eecc1df7cef03a423d85/element HTTP/1.1
User-Agent: selenium/4.1.2 (java windows)
Content-Length: 71
Content-Type: application/json; charset=utf-8
host: localhost:51316
accept: */*

Response DefaultHttpResponse(decodeResult: success, version: HTTP/1.1)
HTTP/1.1 200 OK
Content-Type: application/json; charset=utf-8
cache-control: no-cache
content-length: 88

20:29:45.762 [AsyncHttpClient-1-3] DEBUG org.asynchttpclient.netty.channel.ChannelManager - Adding key: http://localhost:51316 for channel [id: 0x85c85358, L:/127.0.0.1:57345 - R:localhost/127.0.0.1:51316]
20:29:45.762 [Forwarding sendKeysToElement on session 8e76003759f4eecc1df7cef03a423d85 to remote] DEBUG org.asynchttpclient.netty.request.NettyRequestSender - Using pooled Channel '[id: 0x85c85358, L:/127.0.0.1:57345 - R:localhost/127.0.0.1:51316]' for 'POST' to 'http://localhost:51316/session/8e76003759f4eecc1df7cef03a423d85/element/bbd9ec3f-50df-49ad-b010-1579ebc7ed05/value'
20:29:45.762 [Forwarding sendKeysToElement on session 8e76003759f4eecc1df7cef03a423d85 to remote] DEBUG org.asynchttpclient.netty.request.NettyRequestSender - Using open Channel [id: 0x85c85358, L:/127.0.0.1:57345 - R:localhost/127.0.0.1:51316] for POST '/session/8e76003759f4eecc1df7cef03a423d85/element/bbd9ec3f-50df-49ad-b010-1579ebc7ed05/value'
20:29:46.190 [AsyncHttpClient-1-1] DEBUG org.asynchttpclient.netty.channel.DefaultChannelPool - Entry count for : http://localhost:57346 : 1
20:29:46.190 [AsyncHttpClient-1-3] DEBUG org.asynchttpclient.netty.handler.HttpHandler - 

Request DefaultHttpRequest(decodeResult: success, version: HTTP/1.1)
POST /session/8e76003759f4eecc1df7cef03a423d85/element/bbd9ec3f-50df-49ad-b010-1579ebc7ed05/value HTTP/1.1
User-Agent: selenium/4.1.2 (java windows)
Content-Length: 191
Content-Type: application/json; charset=utf-8
host: localhost:51316
accept: */*

Response DefaultHttpResponse(decodeResult: success, version: HTTP/1.1)
HTTP/1.1 200 OK
Content-Type: application/json; charset=utf-8
cache-control: no-cache
content-length: 14

20:29:46.190 [AsyncHttpClient-1-3] DEBUG org.asynchttpclient.netty.channel.ChannelManager - Adding key: http://localhost:51316 for channel [id: 0x85c85358, L:/127.0.0.1:57345 - R:localhost/127.0.0.1:51316]
20:29:46.206 [Forwarding findElement on session 8e76003759f4eecc1df7cef03a423d85 to remote] DEBUG org.asynchttpclient.netty.request.NettyRequestSender - Using pooled Channel '[id: 0x85c85358, L:/127.0.0.1:57345 - R:localhost/127.0.0.1:51316]' for 'POST' to 'http://localhost:51316/session/8e76003759f4eecc1df7cef03a423d85/element'
20:29:46.206 [Forwarding findElement on session 8e76003759f4eecc1df7cef03a423d85 to remote] DEBUG org.asynchttpclient.netty.request.NettyRequestSender - Using open Channel [id: 0x85c85358, L:/127.0.0.1:57345 - R:localhost/127.0.0.1:51316] for POST '/session/8e76003759f4eecc1df7cef03a423d85/element'
20:29:46.246 [AsyncHttpClient-1-3] DEBUG org.asynchttpclient.netty.handler.HttpHandler - 

Request DefaultHttpRequest(decodeResult: success, version: HTTP/1.1)
POST /session/8e76003759f4eecc1df7cef03a423d85/element HTTP/1.1
User-Agent: selenium/4.1.2 (java windows)
Content-Length: 166
Content-Type: application/json; charset=utf-8
host: localhost:51316
accept: */*

Response DefaultHttpResponse(decodeResult: success, version: HTTP/1.1)
HTTP/1.1 200 OK
Content-Type: application/json; charset=utf-8
cache-control: no-cache
content-length: 88

20:29:46.246 [AsyncHttpClient-1-3] DEBUG org.asynchttpclient.netty.channel.ChannelManager - Adding key: http://localhost:51316 for channel [id: 0x85c85358, L:/127.0.0.1:57345 - R:localhost/127.0.0.1:51316]
20:29:46.258 [Forwarding sendKeysToElement on session 8e76003759f4eecc1df7cef03a423d85 to remote] DEBUG org.asynchttpclient.netty.request.NettyRequestSender - Using pooled Channel '[id: 0x85c85358, L:/127.0.0.1:57345 - R:localhost/127.0.0.1:51316]' for 'POST' to 'http://localhost:51316/session/8e76003759f4eecc1df7cef03a423d85/element/a7b43b38-c769-4a6a-8e5c-dfe2bca895e9/value'
20:29:46.258 [Forwarding sendKeysToElement on session 8e76003759f4eecc1df7cef03a423d85 to remote] DEBUG org.asynchttpclient.netty.request.NettyRequestSender - Using open Channel [id: 0x85c85358, L:/127.0.0.1:57345 - R:localhost/127.0.0.1:51316] for POST '/session/8e76003759f4eecc1df7cef03a423d85/element/a7b43b38-c769-4a6a-8e5c-dfe2bca895e9/value'
20:29:46.569 [AsyncHttpClient-1-3] DEBUG org.asynchttpclient.netty.handler.HttpHandler - 

Request DefaultHttpRequest(decodeResult: success, version: HTTP/1.1)
POST /session/8e76003759f4eecc1df7cef03a423d85/element/a7b43b38-c769-4a6a-8e5c-dfe2bca895e9/value HTTP/1.1
User-Agent: selenium/4.1.2 (java windows)
Content-Length: 181
Content-Type: application/json; charset=utf-8
host: localhost:51316
accept: */*

Response DefaultHttpResponse(decodeResult: success, version: HTTP/1.1)
HTTP/1.1 200 OK
Content-Type: application/json; charset=utf-8
cache-control: no-cache
content-length: 14

20:29:46.569 [AsyncHttpClient-1-3] DEBUG org.asynchttpclient.netty.channel.ChannelManager - Adding key: http://localhost:51316 for channel [id: 0x85c85358, L:/127.0.0.1:57345 - R:localhost/127.0.0.1:51316]
20:29:46.577 [Forwarding findElement on session 8e76003759f4eecc1df7cef03a423d85 to remote] DEBUG org.asynchttpclient.netty.request.NettyRequestSender - Using pooled Channel '[id: 0x85c85358, L:/127.0.0.1:57345 - R:localhost/127.0.0.1:51316]' for 'POST' to 'http://localhost:51316/session/8e76003759f4eecc1df7cef03a423d85/element'
20:29:46.577 [Forwarding findElement on session 8e76003759f4eecc1df7cef03a423d85 to remote] DEBUG org.asynchttpclient.netty.request.NettyRequestSender - Using open Channel [id: 0x85c85358, L:/127.0.0.1:57345 - R:localhost/127.0.0.1:51316] for POST '/session/8e76003759f4eecc1df7cef03a423d85/element'
20:29:46.601 [AsyncHttpClient-1-3] DEBUG org.asynchttpclient.netty.handler.HttpHandler - 

Request DefaultHttpRequest(decodeResult: success, version: HTTP/1.1)
POST /session/8e76003759f4eecc1df7cef03a423d85/element HTTP/1.1
User-Agent: selenium/4.1.2 (java windows)
Content-Length: 70
Content-Type: application/json; charset=utf-8
host: localhost:51316
accept: */*

Response DefaultHttpResponse(decodeResult: success, version: HTTP/1.1)
HTTP/1.1 200 OK
Content-Type: application/json; charset=utf-8
cache-control: no-cache
content-length: 88

20:29:46.601 [AsyncHttpClient-1-3] DEBUG org.asynchttpclient.netty.channel.ChannelManager - Adding key: http://localhost:51316 for channel [id: 0x85c85358, L:/127.0.0.1:57345 - R:localhost/127.0.0.1:51316]
20:29:46.609 [Forwarding sendKeysToElement on session 8e76003759f4eecc1df7cef03a423d85 to remote] DEBUG org.asynchttpclient.netty.request.NettyRequestSender - Using pooled Channel '[id: 0x85c85358, L:/127.0.0.1:57345 - R:localhost/127.0.0.1:51316]' for 'POST' to 'http://localhost:51316/session/8e76003759f4eecc1df7cef03a423d85/element/31f907dc-4b19-4bca-8b6a-4e5758c6f316/value'
20:29:46.609 [Forwarding sendKeysToElement on session 8e76003759f4eecc1df7cef03a423d85 to remote] DEBUG org.asynchttpclient.netty.request.NettyRequestSender - Using open Channel [id: 0x85c85358, L:/127.0.0.1:57345 - R:localhost/127.0.0.1:51316] for POST '/session/8e76003759f4eecc1df7cef03a423d85/element/31f907dc-4b19-4bca-8b6a-4e5758c6f316/value'
20:29:46.910 [AsyncHttpClient-1-3] DEBUG org.asynchttpclient.netty.handler.HttpHandler - 

Request DefaultHttpRequest(decodeResult: success, version: HTTP/1.1)
POST /session/8e76003759f4eecc1df7cef03a423d85/element/31f907dc-4b19-4bca-8b6a-4e5758c6f316/value HTTP/1.1
User-Agent: selenium/4.1.2 (java windows)
Content-Length: 181
Content-Type: application/json; charset=utf-8
host: localhost:51316
accept: */*

Response DefaultHttpResponse(decodeResult: success, version: HTTP/1.1)
HTTP/1.1 200 OK
Content-Type: application/json; charset=utf-8
cache-control: no-cache
content-length: 14

20:29:46.910 [AsyncHttpClient-1-3] DEBUG org.asynchttpclient.netty.channel.ChannelManager - Adding key: http://localhost:51316 for channel [id: 0x85c85358, L:/127.0.0.1:57345 - R:localhost/127.0.0.1:51316]
20:29:46.934 [Forwarding screenshot on session 8e76003759f4eecc1df7cef03a423d85 to remote] DEBUG org.asynchttpclient.netty.request.NettyRequestSender - Using pooled Channel '[id: 0x85c85358, L:/127.0.0.1:57345 - R:localhost/127.0.0.1:51316]' for 'GET' to 'http://localhost:51316/session/8e76003759f4eecc1df7cef03a423d85/screenshot'
20:29:46.934 [Forwarding screenshot on session 8e76003759f4eecc1df7cef03a423d85 to remote] DEBUG org.asynchttpclient.netty.request.NettyRequestSender - Using open Channel [id: 0x85c85358, L:/127.0.0.1:57345 - R:localhost/127.0.0.1:51316] for GET '/session/8e76003759f4eecc1df7cef03a423d85/screenshot'
20:29:47.307 [AsyncHttpClient-1-1] DEBUG org.asynchttpclient.netty.channel.DefaultChannelPool - Entry count for : http://localhost:57346 : 1
20:29:47.571 [AsyncHttpClient-1-3] DEBUG org.asynchttpclient.netty.handler.HttpHandler - 

Request DefaultFullHttpRequest(decodeResult: success, version: HTTP/1.1, content: EmptyByteBufBE)
GET /session/8e76003759f4eecc1df7cef03a423d85/screenshot HTTP/1.1
User-Agent: selenium/4.1.2 (java windows)
Cache-Control: no-cache
Content-Type: application/json; charset=utf-8
host: localhost:51316
accept: */*

Response DefaultHttpResponse(decodeResult: success, version: HTTP/1.1)
HTTP/1.1 200 OK
Content-Type: application/json; charset=utf-8
cache-control: no-cache
content-length: 364200

20:29:47.571 [AsyncHttpClient-1-3] DEBUG org.asynchttpclient.netty.channel.ChannelManager - Adding key: http://localhost:51316 for channel [id: 0x85c85358, L:/127.0.0.1:57345 - R:localhost/127.0.0.1:51316]
20:29:47.611 [main] DEBUG net.serenitybdd.core.photography.Darkroom - Send negative for processing for target\site\serenity\839ff9d01a39b9d0ce9336552ee2fc2211e213bc01d2a3c129ca333e48834f42.png
20:29:47.611 [main] DEBUG net.thucydides.core.steps.StepInterceptor - STEP DONE: inputDataDokter
  &amp#27;[32mThen &amp#27;[0m&amp#27;[32mI input &amp#27;[0m&amp#27;[32m&amp#27;[1m"Bagas"&amp#27;[0m&amp#27;[32m &amp#27;[0m&amp#27;[32m&amp#27;[1m""&amp#27;[0m&amp#27;[32m &amp#27;[0m&amp#27;[32m&amp#27;[1m"Dokter Gigi"&amp#27;[0m&amp#27;[32m &amp#27;[0m&amp#27;[32m&amp#27;[1m"BagasBedah"&amp#27;[0m&amp#27;[32m &amp#27;[0m&amp#27;[32m&amp#27;[1m"BagasBedah"&amp#27;[0m&amp#27;[32m dokter&amp#27;[0m &amp#27;[90m# starter.stepdefinitios.DokterDataSteps.iInputDokter(java.lang.String,java.lang.String,java.lang.String,java.lang.String,java.lang.String)&amp#27;[0m
20:29:47.619 [Darkroom Processing Line] DEBUG net.serenitybdd.core.photography.DarkroomProcessingLine - Processing screenshot image in /var/screenshots/screenshot-4750305714444026225
20:29:47.619 [Darkroom Processing Line] DEBUG net.serenitybdd.core.photography.DarkroomProcessingLine - Saving screenshot to target\site\serenity\839ff9d01a39b9d0ce9336552ee2fc2211e213bc01d2a3c129ca333e48834f42.png
20:29:47.699 [Forwarding screenshot on session 8e76003759f4eecc1df7cef03a423d85 to remote] DEBUG org.asynchttpclient.netty.request.NettyRequestSender - Using pooled Channel '[id: 0x85c85358, L:/127.0.0.1:57345 - R:localhost/127.0.0.1:51316]' for 'GET' to 'http://localhost:51316/session/8e76003759f4eecc1df7cef03a423d85/screenshot'
20:29:47.699 [Forwarding screenshot on session 8e76003759f4eecc1df7cef03a423d85 to remote] DEBUG org.asynchttpclient.netty.request.NettyRequestSender - Using open Channel [id: 0x85c85358, L:/127.0.0.1:57345 - R:localhost/127.0.0.1:51316] for GET '/session/8e76003759f4eecc1df7cef03a423d85/screenshot'
20:29:48.174 [AsyncHttpClient-1-3] DEBUG org.asynchttpclient.netty.handler.HttpHandler - 

Request DefaultFullHttpRequest(decodeResult: success, version: HTTP/1.1, content: EmptyByteBufBE)
GET /session/8e76003759f4eecc1df7cef03a423d85/screenshot HTTP/1.1
User-Agent: selenium/4.1.2 (java windows)
Cache-Control: no-cache
Content-Type: application/json; charset=utf-8
host: localhost:51316
accept: */*

Response DefaultHttpResponse(decodeResult: success, version: HTTP/1.1)
HTTP/1.1 200 OK
Content-Type: application/json; charset=utf-8
cache-control: no-cache
content-length: 364180

20:29:48.182 [AsyncHttpClient-1-3] DEBUG org.asynchttpclient.netty.channel.ChannelManager - Adding key: http://localhost:51316 for channel [id: 0x85c85358, L:/127.0.0.1:57345 - R:localhost/127.0.0.1:51316]
20:29:48.214 [main] DEBUG net.serenitybdd.core.photography.Darkroom - Send negative for processing for target\site\serenity\87f1e9e4494c115e21580fe6454ff5d08337db1de075f76b869a32b997f0ba0c.png
20:29:48.214 [main] DEBUG net.thucydides.core.steps.StepInterceptor - STARTING STEP: PatientDataSteps.clickButtonSimpan - clickButtonSave
20:29:48.222 [Darkroom Processing Line] DEBUG net.serenitybdd.core.photography.DarkroomProcessingLine - Processing screenshot image in /var/screenshots/screenshot-5524142953632209311
20:29:48.222 [Darkroom Processing Line] DEBUG net.serenitybdd.core.photography.DarkroomProcessingLine - Saving screenshot to target\site\serenity\87f1e9e4494c115e21580fe6454ff5d08337db1de075f76b869a32b997f0ba0c.png
20:29:48.246 [Forwarding findElement on session 8e76003759f4eecc1df7cef03a423d85 to remote] DEBUG org.asynchttpclient.netty.request.NettyRequestSender - Using pooled Channel '[id: 0x85c85358, L:/127.0.0.1:57345 - R:localhost/127.0.0.1:51316]' for 'POST' to 'http://localhost:51316/session/8e76003759f4eecc1df7cef03a423d85/element'
20:29:48.246 [Forwarding findElement on session 8e76003759f4eecc1df7cef03a423d85 to remote] DEBUG org.asynchttpclient.netty.request.NettyRequestSender - Using open Channel [id: 0x85c85358, L:/127.0.0.1:57345 - R:localhost/127.0.0.1:51316] for POST '/session/8e76003759f4eecc1df7cef03a423d85/element'
20:29:48.318 [AsyncHttpClient-1-3] DEBUG org.asynchttpclient.netty.handler.HttpHandler - 

Request DefaultHttpRequest(decodeResult: success, version: HTTP/1.1)
POST /session/8e76003759f4eecc1df7cef03a423d85/element HTTP/1.1
User-Agent: selenium/4.1.2 (java windows)
Content-Length: 68
Content-Type: application/json; charset=utf-8
host: localhost:51316
accept: */*

Response DefaultHttpResponse(decodeResult: success, version: HTTP/1.1)
HTTP/1.1 200 OK
Content-Type: application/json; charset=utf-8
cache-control: no-cache
content-length: 88

20:29:48.318 [AsyncHttpClient-1-3] DEBUG org.asynchttpclient.netty.channel.ChannelManager - Adding key: http://localhost:51316 for channel [id: 0x85c85358, L:/127.0.0.1:57345 - R:localhost/127.0.0.1:51316]
20:29:48.326 [Forwarding getElementTagName on session 8e76003759f4eecc1df7cef03a423d85 to remote] DEBUG org.asynchttpclient.netty.request.NettyRequestSender - Using pooled Channel '[id: 0x85c85358, L:/127.0.0.1:57345 - R:localhost/127.0.0.1:51316]' for 'GET' to 'http://localhost:51316/session/8e76003759f4eecc1df7cef03a423d85/element/4b1f5185-a883-4922-9d80-ad0d3c77cd61/name'
20:29:48.326 [Forwarding getElementTagName on session 8e76003759f4eecc1df7cef03a423d85 to remote] DEBUG org.asynchttpclient.netty.request.NettyRequestSender - Using open Channel [id: 0x85c85358, L:/127.0.0.1:57345 - R:localhost/127.0.0.1:51316] for GET '/session/8e76003759f4eecc1df7cef03a423d85/element/4b1f5185-a883-4922-9d80-ad0d3c77cd61/name'
20:29:48.392 [AsyncHttpClient-1-1] DEBUG org.asynchttpclient.netty.channel.DefaultChannelPool - Entry count for : http://localhost:57346 : 1
20:29:48.392 [AsyncHttpClient-1-3] DEBUG org.asynchttpclient.netty.handler.HttpHandler - 

Request DefaultFullHttpRequest(decodeResult: success, version: HTTP/1.1, content: EmptyByteBufBE)
GET /session/8e76003759f4eecc1df7cef03a423d85/element/4b1f5185-a883-4922-9d80-ad0d3c77cd61/name HTTP/1.1
User-Agent: selenium/4.1.2 (java windows)
Cache-Control: no-cache
Content-Type: application/json; charset=utf-8
host: localhost:51316
accept: */*

Response DefaultHttpResponse(decodeResult: success, version: HTTP/1.1)
HTTP/1.1 200 OK
Content-Type: application/json; charset=utf-8
cache-control: no-cache
content-length: 18

20:29:48.400 [AsyncHttpClient-1-3] DEBUG org.asynchttpclient.netty.channel.ChannelManager - Adding key: http://localhost:51316 for channel [id: 0x85c85358, L:/127.0.0.1:57345 - R:localhost/127.0.0.1:51316]
20:29:48.400 [Forwarding getElementTagName on session 8e76003759f4eecc1df7cef03a423d85 to remote] DEBUG org.asynchttpclient.netty.request.NettyRequestSender - Using pooled Channel '[id: 0x85c85358, L:/127.0.0.1:57345 - R:localhost/127.0.0.1:51316]' for 'GET' to 'http://localhost:51316/session/8e76003759f4eecc1df7cef03a423d85/element/4b1f5185-a883-4922-9d80-ad0d3c77cd61/name'
20:29:48.400 [Forwarding getElementTagName on session 8e76003759f4eecc1df7cef03a423d85 to remote] DEBUG org.asynchttpclient.netty.request.NettyRequestSender - Using open Channel [id: 0x85c85358, L:/127.0.0.1:57345 - R:localhost/127.0.0.1:51316] for GET '/session/8e76003759f4eecc1df7cef03a423d85/element/4b1f5185-a883-4922-9d80-ad0d3c77cd61/name'
20:29:48.432 [AsyncHttpClient-1-3] DEBUG org.asynchttpclient.netty.handler.HttpHandler - 

Request DefaultFullHttpRequest(decodeResult: success, version: HTTP/1.1, content: EmptyByteBufBE)
GET /session/8e76003759f4eecc1df7cef03a423d85/element/4b1f5185-a883-4922-9d80-ad0d3c77cd61/name HTTP/1.1
User-Agent: selenium/4.1.2 (java windows)
Cache-Control: no-cache
Content-Type: application/json; charset=utf-8
host: localhost:51316
accept: */*

Response DefaultHttpResponse(decodeResult: success, version: HTTP/1.1)
HTTP/1.1 200 OK
Content-Type: application/json; charset=utf-8
cache-control: no-cache
content-length: 18

20:29:48.432 [AsyncHttpClient-1-3] DEBUG org.asynchttpclient.netty.channel.ChannelManager - Adding key: http://localhost:51316 for channel [id: 0x85c85358, L:/127.0.0.1:57345 - R:localhost/127.0.0.1:51316]
20:29:48.448 [Forwarding isElementEnabled on session 8e76003759f4eecc1df7cef03a423d85 to remote] DEBUG org.asynchttpclient.netty.request.NettyRequestSender - Using pooled Channel '[id: 0x85c85358, L:/127.0.0.1:57345 - R:localhost/127.0.0.1:51316]' for 'GET' to 'http://localhost:51316/session/8e76003759f4eecc1df7cef03a423d85/element/4b1f5185-a883-4922-9d80-ad0d3c77cd61/enabled'
20:29:48.448 [Forwarding isElementEnabled on session 8e76003759f4eecc1df7cef03a423d85 to remote] DEBUG org.asynchttpclient.netty.request.NettyRequestSender - Using open Channel [id: 0x85c85358, L:/127.0.0.1:57345 - R:localhost/127.0.0.1:51316] for GET '/session/8e76003759f4eecc1df7cef03a423d85/element/4b1f5185-a883-4922-9d80-ad0d3c77cd61/enabled'
20:29:48.488 [AsyncHttpClient-1-3] DEBUG org.asynchttpclient.netty.handler.HttpHandler - 

Request DefaultFullHttpRequest(decodeResult: success, version: HTTP/1.1, content: EmptyByteBufBE)
GET /session/8e76003759f4eecc1df7cef03a423d85/element/4b1f5185-a883-4922-9d80-ad0d3c77cd61/enabled HTTP/1.1
User-Agent: selenium/4.1.2 (java windows)
Cache-Control: no-cache
Content-Type: application/json; charset=utf-8
host: localhost:51316
accept: */*

Response DefaultHttpResponse(decodeResult: success, version: HTTP/1.1)
HTTP/1.1 200 OK
Content-Type: application/json; charset=utf-8
cache-control: no-cache
content-length: 14

20:29:48.488 [AsyncHttpClient-1-3] DEBUG org.asynchttpclient.netty.channel.ChannelManager - Adding key: http://localhost:51316 for channel [id: 0x85c85358, L:/127.0.0.1:57345 - R:localhost/127.0.0.1:51316]
20:29:48.496 [Forwarding isElementEnabled on session 8e76003759f4eecc1df7cef03a423d85 to remote] DEBUG org.asynchttpclient.netty.request.NettyRequestSender - Using pooled Channel '[id: 0x85c85358, L:/127.0.0.1:57345 - R:localhost/127.0.0.1:51316]' for 'GET' to 'http://localhost:51316/session/8e76003759f4eecc1df7cef03a423d85/element/4b1f5185-a883-4922-9d80-ad0d3c77cd61/enabled'
20:29:48.496 [Forwarding isElementEnabled on session 8e76003759f4eecc1df7cef03a423d85 to remote] DEBUG org.asynchttpclient.netty.request.NettyRequestSender - Using open Channel [id: 0x85c85358, L:/127.0.0.1:57345 - R:localhost/127.0.0.1:51316] for GET '/session/8e76003759f4eecc1df7cef03a423d85/element/4b1f5185-a883-4922-9d80-ad0d3c77cd61/enabled'
20:29:48.520 [AsyncHttpClient-1-3] DEBUG org.asynchttpclient.netty.handler.HttpHandler - 

Request DefaultFullHttpRequest(decodeResult: success, version: HTTP/1.1, content: EmptyByteBufBE)
GET /session/8e76003759f4eecc1df7cef03a423d85/element/4b1f5185-a883-4922-9d80-ad0d3c77cd61/enabled HTTP/1.1
User-Agent: selenium/4.1.2 (java windows)
Cache-Control: no-cache
Content-Type: application/json; charset=utf-8
host: localhost:51316
accept: */*

Response DefaultHttpResponse(decodeResult: success, version: HTTP/1.1)
HTTP/1.1 200 OK
Content-Type: application/json; charset=utf-8
cache-control: no-cache
content-length: 14

20:29:48.520 [AsyncHttpClient-1-3] DEBUG org.asynchttpclient.netty.channel.ChannelManager - Adding key: http://localhost:51316 for channel [id: 0x85c85358, L:/127.0.0.1:57345 - R:localhost/127.0.0.1:51316]
20:29:48.528 [Forwarding findElement on session 8e76003759f4eecc1df7cef03a423d85 to remote] DEBUG org.asynchttpclient.netty.request.NettyRequestSender - Using pooled Channel '[id: 0x85c85358, L:/127.0.0.1:57345 - R:localhost/127.0.0.1:51316]' for 'POST' to 'http://localhost:51316/session/8e76003759f4eecc1df7cef03a423d85/element'
20:29:48.528 [Forwarding findElement on session 8e76003759f4eecc1df7cef03a423d85 to remote] DEBUG org.asynchttpclient.netty.request.NettyRequestSender - Using open Channel [id: 0x85c85358, L:/127.0.0.1:57345 - R:localhost/127.0.0.1:51316] for POST '/session/8e76003759f4eecc1df7cef03a423d85/element'
20:29:48.568 [AsyncHttpClient-1-3] DEBUG org.asynchttpclient.netty.handler.HttpHandler - 

Request DefaultHttpRequest(decodeResult: success, version: HTTP/1.1)
POST /session/8e76003759f4eecc1df7cef03a423d85/element HTTP/1.1
User-Agent: selenium/4.1.2 (java windows)
Content-Length: 68
Content-Type: application/json; charset=utf-8
host: localhost:51316
accept: */*

Response DefaultHttpResponse(decodeResult: success, version: HTTP/1.1)
HTTP/1.1 200 OK
Content-Type: application/json; charset=utf-8
cache-control: no-cache
content-length: 88

20:29:48.568 [AsyncHttpClient-1-3] DEBUG org.asynchttpclient.netty.channel.ChannelManager - Adding key: http://localhost:51316 for channel [id: 0x85c85358, L:/127.0.0.1:57345 - R:localhost/127.0.0.1:51316]
20:29:48.576 [Forwarding clickElement on session 8e76003759f4eecc1df7cef03a423d85 to remote] DEBUG org.asynchttpclient.netty.request.NettyRequestSender - Using pooled Channel '[id: 0x85c85358, L:/127.0.0.1:57345 - R:localhost/127.0.0.1:51316]' for 'POST' to 'http://localhost:51316/session/8e76003759f4eecc1df7cef03a423d85/element/4b1f5185-a883-4922-9d80-ad0d3c77cd61/click'
20:29:48.576 [Forwarding clickElement on session 8e76003759f4eecc1df7cef03a423d85 to remote] DEBUG org.asynchttpclient.netty.request.NettyRequestSender - Using open Channel [id: 0x85c85358, L:/127.0.0.1:57345 - R:localhost/127.0.0.1:51316] for POST '/session/8e76003759f4eecc1df7cef03a423d85/element/4b1f5185-a883-4922-9d80-ad0d3c77cd61/click'
20:29:48.806 [AsyncHttpClient-1-3] DEBUG org.asynchttpclient.netty.handler.HttpHandler - 

Request DefaultHttpRequest(decodeResult: success, version: HTTP/1.1)
POST /session/8e76003759f4eecc1df7cef03a423d85/element/4b1f5185-a883-4922-9d80-ad0d3c77cd61/click HTTP/1.1
User-Agent: selenium/4.1.2 (java windows)
Content-Length: 50
Content-Type: application/json; charset=utf-8
host: localhost:51316
accept: */*

Response DefaultHttpResponse(decodeResult: success, version: HTTP/1.1)
HTTP/1.1 200 OK
Content-Type: application/json; charset=utf-8
cache-control: no-cache
content-length: 14

20:29:48.814 [AsyncHttpClient-1-3] DEBUG org.asynchttpclient.netty.channel.ChannelManager - Adding key: http://localhost:51316 for channel [id: 0x85c85358, L:/127.0.0.1:57345 - R:localhost/127.0.0.1:51316]
20:29:48.838 [Forwarding screenshot on session 8e76003759f4eecc1df7cef03a423d85 to remote] DEBUG org.asynchttpclient.netty.request.NettyRequestSender - Using pooled Channel '[id: 0x85c85358, L:/127.0.0.1:57345 - R:localhost/127.0.0.1:51316]' for 'GET' to 'http://localhost:51316/session/8e76003759f4eecc1df7cef03a423d85/screenshot'
20:29:48.838 [Forwarding screenshot on session 8e76003759f4eecc1df7cef03a423d85 to remote] DEBUG org.asynchttpclient.netty.request.NettyRequestSender - Using open Channel [id: 0x85c85358, L:/127.0.0.1:57345 - R:localhost/127.0.0.1:51316] for GET '/session/8e76003759f4eecc1df7cef03a423d85/screenshot'
20:29:49.328 [AsyncHttpClient-1-3] DEBUG org.asynchttpclient.netty.handler.HttpHandler - 

Request DefaultFullHttpRequest(decodeResult: success, version: HTTP/1.1, content: EmptyByteBufBE)
GET /session/8e76003759f4eecc1df7cef03a423d85/screenshot HTTP/1.1
User-Agent: selenium/4.1.2 (java windows)
Cache-Control: no-cache
Content-Type: application/json; charset=utf-8
host: localhost:51316
accept: */*

Response DefaultHttpResponse(decodeResult: success, version: HTTP/1.1)
HTTP/1.1 500 Internal Server Error
Content-Type: application/json; charset=utf-8
cache-control: no-cache
content-length: 854

20:29:49.328 [AsyncHttpClient-1-3] DEBUG org.asynchttpclient.netty.channel.ChannelManager - Adding key: http://localhost:51316 for channel [id: 0x85c85358, L:/127.0.0.1:57345 - R:localhost/127.0.0.1:51316]
20:29:49.336 [main] WARN net.thucydides.core.webdriver.WebDriverFacade - Failed to take screenshot (unexpected alert open: <unknown>
  (Session info: chrome=102.0.5005.115): 
Build info: version: '4.1.2', revision: '9a5a329c5a'
System info: host: 'MOOK-HON', ip: '192.168.100.6', os.name: 'Windows 10', os.arch: 'amd64', os.version: '10.0', java.version: '11.0.14'
Driver info: org.openqa.selenium.chrome.ChromeDriver
Command: [8e76003759f4eecc1df7cef03a423d85, screenshot {}]
Capabilities {acceptInsecureCerts: false, browserName: chrome, browserVersion: 102.0.5005.115, chrome: {chromedriverVersion: 102.0.5005.61 (0e59bcc00cc4..., userDataDir: C:\Users\ASUS\AppData\Local...}, goog:chromeOptions: {debuggerAddress: localhost:57346}, javascriptEnabled: true, networkConnectionEnabled: false, pageLoadStrategy: normal, platform: WINDOWS, platformName: WINDOWS, proxy: Proxy(), se:cdp: ws://localhost:57346/devtoo..., se:cdpVersion: 102.0.5005.115, setWindowRect: true, strictFileInteractability: false, timeouts: {implicit: 0, pageLoad: 300000, script: 30000}, unhandledPromptBehavior: dismiss and notify, webauthn:extension:credBlob: true, webauthn:extension:largeBlob: true, webauthn:virtualAuthenticators: true}
Session ID: 8e76003759f4eecc1df7cef03a423d85)
20:29:49.338 [main] DEBUG net.thucydides.core.steps.StepInterceptor - STEP DONE: clickButtonSave
  &amp#27;[32mAnd &amp#27;[0m&amp#27;[32mClick button simpan&amp#27;[0m                                                &amp#27;[90m# starter.stepdefinitios.PatientDataSteps.clickButtonSimpan()&amp#27;[0m
20:29:49.369 [Forwarding screenshot on session 8e76003759f4eecc1df7cef03a423d85 to remote] DEBUG org.asynchttpclient.netty.request.NettyRequestSender - Using pooled Channel '[id: 0x85c85358, L:/127.0.0.1:57345 - R:localhost/127.0.0.1:51316]' for 'GET' to 'http://localhost:51316/session/8e76003759f4eecc1df7cef03a423d85/screenshot'
20:29:49.369 [Forwarding screenshot on session 8e76003759f4eecc1df7cef03a423d85 to remote] DEBUG org.asynchttpclient.netty.request.NettyRequestSender - Using open Channel [id: 0x85c85358, L:/127.0.0.1:57345 - R:localhost/127.0.0.1:51316] for GET '/session/8e76003759f4eecc1df7cef03a423d85/screenshot'
20:29:49.463 [AsyncHttpClient-1-3] DEBUG org.asynchttpclient.netty.handler.HttpHandler - 

Request DefaultFullHttpRequest(decodeResult: success, version: HTTP/1.1, content: EmptyByteBufBE)
GET /session/8e76003759f4eecc1df7cef03a423d85/screenshot HTTP/1.1
User-Agent: selenium/4.1.2 (java windows)
Cache-Control: no-cache
Content-Type: application/json; charset=utf-8
host: localhost:51316
accept: */*

Response DefaultHttpResponse(decodeResult: success, version: HTTP/1.1)
HTTP/1.1 500 Internal Server Error
Content-Type: application/json; charset=utf-8
cache-control: no-cache
content-length: 893

20:29:49.463 [AsyncHttpClient-1-3] DEBUG org.asynchttpclient.netty.channel.ChannelManager - Adding key: http://localhost:51316 for channel [id: 0x85c85358, L:/127.0.0.1:57345 - R:localhost/127.0.0.1:51316]
20:29:49.468 [main] WARN net.thucydides.core.webdriver.WebDriverFacade - Failed to take screenshot (unexpected alert open: {Alert text : Data telah ditambah}
  (Session info: chrome=102.0.5005.115): Data telah ditambah
Build info: version: '4.1.2', revision: '9a5a329c5a'
System info: host: 'MOOK-HON', ip: '192.168.100.6', os.name: 'Windows 10', os.arch: 'amd64', os.version: '10.0', java.version: '11.0.14'
Driver info: org.openqa.selenium.chrome.ChromeDriver
Command: [8e76003759f4eecc1df7cef03a423d85, screenshot {}]
Capabilities {acceptInsecureCerts: false, browserName: chrome, browserVersion: 102.0.5005.115, chrome: {chromedriverVersion: 102.0.5005.61 (0e59bcc00cc4..., userDataDir: C:\Users\ASUS\AppData\Local...}, goog:chromeOptions: {debuggerAddress: localhost:57346}, javascriptEnabled: true, networkConnectionEnabled: false, pageLoadStrategy: normal, platform: WINDOWS, platformName: WINDOWS, proxy: Proxy(), se:cdp: ws://localhost:57346/devtoo..., se:cdpVersion: 102.0.5005.115, setWindowRect: true, strictFileInteractability: false, timeouts: {implicit: 0, pageLoad: 300000, script: 30000}, unhandledPromptBehavior: dismiss and notify, webauthn:extension:credBlob: true, webauthn:extension:largeBlob: true, webauthn:virtualAuthenticators: true}
Session ID: 8e76003759f4eecc1df7cef03a423d85)
20:29:49.482 [Forwarding screenshot on session 8e76003759f4eecc1df7cef03a423d85 to remote] DEBUG org.asynchttpclient.netty.request.NettyRequestSender - Using pooled Channel '[id: 0x85c85358, L:/127.0.0.1:57345 - R:localhost/127.0.0.1:51316]' for 'GET' to 'http://localhost:51316/session/8e76003759f4eecc1df7cef03a423d85/screenshot'
20:29:49.482 [Forwarding screenshot on session 8e76003759f4eecc1df7cef03a423d85 to remote] DEBUG org.asynchttpclient.netty.request.NettyRequestSender - Using open Channel [id: 0x85c85358, L:/127.0.0.1:57345 - R:localhost/127.0.0.1:51316] for GET '/session/8e76003759f4eecc1df7cef03a423d85/screenshot'
20:29:49.498 [AsyncHttpClient-1-1] DEBUG org.asynchttpclient.netty.channel.DefaultChannelPool - Entry count for : http://localhost:57346 : 1
20:29:50.011 [AsyncHttpClient-1-3] DEBUG org.asynchttpclient.netty.handler.HttpHandler - 

Request DefaultFullHttpRequest(decodeResult: success, version: HTTP/1.1, content: EmptyByteBufBE)
GET /session/8e76003759f4eecc1df7cef03a423d85/screenshot HTTP/1.1
User-Agent: selenium/4.1.2 (java windows)
Cache-Control: no-cache
Content-Type: application/json; charset=utf-8
host: localhost:51316
accept: */*

Response DefaultHttpResponse(decodeResult: success, version: HTTP/1.1)
HTTP/1.1 200 OK
Content-Type: application/json; charset=utf-8
cache-control: no-cache
content-length: 93040

20:29:50.011 [AsyncHttpClient-1-3] DEBUG org.asynchttpclient.netty.channel.ChannelManager - Adding key: http://localhost:51316 for channel [id: 0x85c85358, L:/127.0.0.1:57345 - R:localhost/127.0.0.1:51316]
20:29:50.027 [main] DEBUG net.serenitybdd.core.photography.Darkroom - Send negative for processing for target\site\serenity\ee66319f8cb5850ca609fa5af5fccf9e8848aa4d878c3d081ff200c30ff79dfd.png
20:29:50.538 [Forwarding screenshot on session 8e76003759f4eecc1df7cef03a423d85 to remote] DEBUG org.asynchttpclient.netty.request.NettyRequestSender - Using pooled Channel '[id: 0x85c85358, L:/127.0.0.1:57345 - R:localhost/127.0.0.1:51316]' for 'GET' to 'http://localhost:51316/session/8e76003759f4eecc1df7cef03a423d85/screenshot'
20:29:50.538 [Forwarding screenshot on session 8e76003759f4eecc1df7cef03a423d85 to remote] DEBUG org.asynchttpclient.netty.request.NettyRequestSender - Using open Channel [id: 0x85c85358, L:/127.0.0.1:57345 - R:localhost/127.0.0.1:51316] for GET '/session/8e76003759f4eecc1df7cef03a423d85/screenshot'
20:29:50.593 [AsyncHttpClient-1-1] DEBUG org.asynchttpclient.netty.channel.DefaultChannelPool - Entry count for : http://localhost:57346 : 1
20:29:50.708 [AsyncHttpClient-1-3] DEBUG org.asynchttpclient.netty.handler.HttpHandler - 

Request DefaultFullHttpRequest(decodeResult: success, version: HTTP/1.1, content: EmptyByteBufBE)
GET /session/8e76003759f4eecc1df7cef03a423d85/screenshot HTTP/1.1
User-Agent: selenium/4.1.2 (java windows)
Cache-Control: no-cache
Content-Type: application/json; charset=utf-8
host: localhost:51316
accept: */*

Response DefaultHttpResponse(decodeResult: success, version: HTTP/1.1)
HTTP/1.1 200 OK
Content-Type: application/json; charset=utf-8
cache-control: no-cache
content-length: 93040

20:29:50.708 [AsyncHttpClient-1-3] DEBUG org.asynchttpclient.netty.channel.ChannelManager - Adding key: http://localhost:51316 for channel [id: 0x85c85358, L:/127.0.0.1:57345 - R:localhost/127.0.0.1:51316]
20:29:50.718 [main] DEBUG net.serenitybdd.core.photography.Darkroom - Send negative for processing for target\site\serenity\ee66319f8cb5850ca609fa5af5fccf9e8848aa4d878c3d081ff200c30ff79dfd.png
20:29:50.718 [main] DEBUG net.thucydides.core.steps.StepInterceptor - STARTING STEP: DokterDataSteps.validDataDokter - validPagePasien
20:29:50.728 [Forwarding findElement on session 8e76003759f4eecc1df7cef03a423d85 to remote] DEBUG org.asynchttpclient.netty.request.NettyRequestSender - Using pooled Channel '[id: 0x85c85358, L:/127.0.0.1:57345 - R:localhost/127.0.0.1:51316]' for 'POST' to 'http://localhost:51316/session/8e76003759f4eecc1df7cef03a423d85/element'
20:29:50.728 [Forwarding findElement on session 8e76003759f4eecc1df7cef03a423d85 to remote] DEBUG org.asynchttpclient.netty.request.NettyRequestSender - Using open Channel [id: 0x85c85358, L:/127.0.0.1:57345 - R:localhost/127.0.0.1:51316] for POST '/session/8e76003759f4eecc1df7cef03a423d85/element'
20:29:50.783 [AsyncHttpClient-1-3] DEBUG org.asynchttpclient.netty.handler.HttpHandler - 

Request DefaultHttpRequest(decodeResult: success, version: HTTP/1.1)
POST /session/8e76003759f4eecc1df7cef03a423d85/element HTTP/1.1
User-Agent: selenium/4.1.2 (java windows)
Content-Length: 126
Content-Type: application/json; charset=utf-8
host: localhost:51316
accept: */*

Response DefaultHttpResponse(decodeResult: success, version: HTTP/1.1)
HTTP/1.1 200 OK
Content-Type: application/json; charset=utf-8
cache-control: no-cache
content-length: 88

20:29:50.783 [AsyncHttpClient-1-3] DEBUG org.asynchttpclient.netty.channel.ChannelManager - Adding key: http://localhost:51316 for channel [id: 0x85c85358, L:/127.0.0.1:57345 - R:localhost/127.0.0.1:51316]
20:29:50.788 [Forwarding isElementEnabled on session 8e76003759f4eecc1df7cef03a423d85 to remote] DEBUG org.asynchttpclient.netty.request.NettyRequestSender - Using pooled Channel '[id: 0x85c85358, L:/127.0.0.1:57345 - R:localhost/127.0.0.1:51316]' for 'GET' to 'http://localhost:51316/session/8e76003759f4eecc1df7cef03a423d85/element/9ed69357-54a1-4a6a-b37f-7cb5bdd4a380/enabled'
20:29:50.788 [Forwarding isElementEnabled on session 8e76003759f4eecc1df7cef03a423d85 to remote] DEBUG org.asynchttpclient.netty.request.NettyRequestSender - Using open Channel [id: 0x85c85358, L:/127.0.0.1:57345 - R:localhost/127.0.0.1:51316] for GET '/session/8e76003759f4eecc1df7cef03a423d85/element/9ed69357-54a1-4a6a-b37f-7cb5bdd4a380/enabled'
20:29:50.814 [AsyncHttpClient-1-3] DEBUG org.asynchttpclient.netty.handler.HttpHandler - 

Request DefaultFullHttpRequest(decodeResult: success, version: HTTP/1.1, content: EmptyByteBufBE)
GET /session/8e76003759f4eecc1df7cef03a423d85/element/9ed69357-54a1-4a6a-b37f-7cb5bdd4a380/enabled HTTP/1.1
User-Agent: selenium/4.1.2 (java windows)
Cache-Control: no-cache
Content-Type: application/json; charset=utf-8
host: localhost:51316
accept: */*

Response DefaultHttpResponse(decodeResult: success, version: HTTP/1.1)
HTTP/1.1 200 OK
Content-Type: application/json; charset=utf-8
cache-control: no-cache
content-length: 14

20:29:50.819 [AsyncHttpClient-1-3] DEBUG org.asynchttpclient.netty.channel.ChannelManager - Adding key: http://localhost:51316 for channel [id: 0x85c85358, L:/127.0.0.1:57345 - R:localhost/127.0.0.1:51316]
20:29:50.828 [Forwarding screenshot on session 8e76003759f4eecc1df7cef03a423d85 to remote] DEBUG org.asynchttpclient.netty.request.NettyRequestSender - Using pooled Channel '[id: 0x85c85358, L:/127.0.0.1:57345 - R:localhost/127.0.0.1:51316]' for 'GET' to 'http://localhost:51316/session/8e76003759f4eecc1df7cef03a423d85/screenshot'
20:29:50.828 [Forwarding screenshot on session 8e76003759f4eecc1df7cef03a423d85 to remote] DEBUG org.asynchttpclient.netty.request.NettyRequestSender - Using open Channel [id: 0x85c85358, L:/127.0.0.1:57345 - R:localhost/127.0.0.1:51316] for GET '/session/8e76003759f4eecc1df7cef03a423d85/screenshot'
20:29:51.038 [AsyncHttpClient-1-3] DEBUG org.asynchttpclient.netty.handler.HttpHandler - 

Request DefaultFullHttpRequest(decodeResult: success, version: HTTP/1.1, content: EmptyByteBufBE)
GET /session/8e76003759f4eecc1df7cef03a423d85/screenshot HTTP/1.1
User-Agent: selenium/4.1.2 (java windows)
Cache-Control: no-cache
Content-Type: application/json; charset=utf-8
host: localhost:51316
accept: */*

Response DefaultHttpResponse(decodeResult: success, version: HTTP/1.1)
HTTP/1.1 200 OK
Content-Type: application/json; charset=utf-8
cache-control: no-cache
content-length: 93040

20:29:51.038 [AsyncHttpClient-1-3] DEBUG org.asynchttpclient.netty.channel.ChannelManager - Adding key: http://localhost:51316 for channel [id: 0x85c85358, L:/127.0.0.1:57345 - R:localhost/127.0.0.1:51316]
20:29:51.053 [main] DEBUG net.serenitybdd.core.photography.Darkroom - Send negative for processing for target\site\serenity\ee66319f8cb5850ca609fa5af5fccf9e8848aa4d878c3d081ff200c30ff79dfd.png
20:29:51.053 [main] DEBUG net.thucydides.core.steps.StepInterceptor - STEP DONE: validPagePasien
  &amp#27;[32mAnd &amp#27;[0m&amp#27;[32mValid data dokter&amp#27;[0m                                                  &amp#27;[90m# starter.stepdefinitios.DokterDataSteps.validDataDokter()&amp#27;[0m
20:29:51.088 [AsyncHttpClient-1-5] DEBUG org.asynchttpclient.netty.handler.WebSocketHandler - Channel Closed: [id: 0x8518ff9e, L:/127.0.0.1:57357 ! R:localhost/127.0.0.1:57346] with attribute NettyResponseFuture{currentRetry=5,
	isDone=1,
	isCancelled=0,
	asyncHandler=org.asynchttpclient.ws.WebSocketUpgradeHandler@3d172b1e,
	nettyRequest=org.asynchttpclient.netty.request.NettyRequest@2f209994,
	future=java.util.concurrent.CompletableFuture@60eb7c26[Completed normally],
	uri=ws://localhost:57346/devtools/browser/bf0c16a6-7f76-437c-b847-b8634c1e49e5,
	keepAlive=true,
	redirectCount=0,
	timeoutsHolder=null,
	inAuth=0,
	touch=1655990980410}
20:29:51.088 [AsyncHttpClient-1-5] DEBUG org.asynchttpclient.netty.channel.ChannelManager - Closing Channel [id: 0x8518ff9e, L:/127.0.0.1:57357 ! R:localhost/127.0.0.1:57346] 
20:29:51.093 [Driver Command Executor] DEBUG org.asynchttpclient.netty.request.NettyRequestSender - Using pooled Channel '[id: 0x85c85358, L:/127.0.0.1:57345 - R:localhost/127.0.0.1:51316]' for 'DELETE' to 'http://localhost:51316/session/8e76003759f4eecc1df7cef03a423d85'
20:29:51.093 [Driver Command Executor] DEBUG org.asynchttpclient.netty.request.NettyRequestSender - Using open Channel [id: 0x85c85358, L:/127.0.0.1:57345 - R:localhost/127.0.0.1:51316] for DELETE '/session/8e76003759f4eecc1df7cef03a423d85'
20:29:51.488 [AsyncHttpClient-1-4] DEBUG org.asynchttpclient.netty.handler.HttpHandler - Unexpected I/O exception on channel [id: 0x1c0aa7c5, L:/127.0.0.1:57356 - R:localhost/127.0.0.1:57346]
java.io.IOException: An existing connection was forcibly closed by the remote host
	at java.base/sun.nio.ch.SocketDispatcher.read0(Native Method)
	at java.base/sun.nio.ch.SocketDispatcher.read(SocketDispatcher.java:43)
	at java.base/sun.nio.ch.IOUtil.readIntoNativeBuffer(IOUtil.java:276)
	at java.base/sun.nio.ch.IOUtil.read(IOUtil.java:233)
	at java.base/sun.nio.ch.IOUtil.read(IOUtil.java:223)
	at java.base/sun.nio.ch.SocketChannelImpl.read(SocketChannelImpl.java:358)
	at io.netty.buffer.PooledByteBuf.setBytes(PooledByteBuf.java:258)
	at io.netty.buffer.AbstractByteBuf.writeBytes(AbstractByteBuf.java:1132)
	at io.netty.channel.socket.nio.NioSocketChannel.doReadBytes(NioSocketChannel.java:350)
	at io.netty.channel.nio.AbstractNioByteChannel$NioByteUnsafe.read(AbstractNioByteChannel.java:151)
	at io.netty.channel.nio.NioEventLoop.processSelectedKey(NioEventLoop.java:722)
	at io.netty.channel.nio.NioEventLoop.processSelectedKeysOptimized(NioEventLoop.java:658)
	at io.netty.channel.nio.NioEventLoop.processSelectedKeys(NioEventLoop.java:584)
	at io.netty.channel.nio.NioEventLoop.run(NioEventLoop.java:496)
	at io.netty.util.concurrent.SingleThreadEventExecutor$4.run(SingleThreadEventExecutor.java:986)
	at io.netty.util.internal.ThreadExecutorMap$2.run(ThreadExecutorMap.java:74)
	at io.netty.util.concurrent.FastThreadLocalRunnable.run(FastThreadLocalRunnable.java:30)
	at java.base/java.lang.Thread.run(Thread.java:834)
20:29:51.488 [AsyncHttpClient-1-4] DEBUG org.asynchttpclient.netty.channel.ChannelManager - Closing Channel [id: 0x1c0aa7c5, L:/127.0.0.1:57356 - R:localhost/127.0.0.1:57346] 
20:29:51.488 [AsyncHttpClient-1-4] DEBUG org.asynchttpclient.netty.handler.HttpHandler - Channel Closed: [id: 0x1c0aa7c5, L:/127.0.0.1:57356 ! R:localhost/127.0.0.1:57346] with attribute DISCARD
20:29:51.553 [AsyncHttpClient-1-3] DEBUG org.asynchttpclient.netty.handler.HttpHandler - 

Request DefaultFullHttpRequest(decodeResult: success, version: HTTP/1.1, content: EmptyByteBufBE)
DELETE /session/8e76003759f4eecc1df7cef03a423d85 HTTP/1.1
User-Agent: selenium/4.1.2 (java windows)
Content-Type: application/json; charset=utf-8
host: localhost:51316
accept: */*

Response DefaultHttpResponse(decodeResult: success, version: HTTP/1.1)
HTTP/1.1 200 OK
Content-Type: application/json; charset=utf-8
cache-control: no-cache
content-length: 14

20:29:51.553 [AsyncHttpClient-1-3] DEBUG org.asynchttpclient.netty.channel.ChannelManager - Adding key: http://localhost:51316 for channel [id: 0x85c85358, L:/127.0.0.1:57345 - R:localhost/127.0.0.1:51316]
20:29:51.689 [AsyncHttpClient-1-1] DEBUG org.asynchttpclient.netty.channel.DefaultChannelPool - Entry count for : http://localhost:51316 : 1
20:29:51.689 [AsyncHttpClient-1-1] DEBUG org.asynchttpclient.netty.channel.DefaultChannelPool - Entry count for : http://localhost:57346 : 1
20:29:51.689 [AsyncHttpClient-1-1] DEBUG org.asynchttpclient.netty.channel.DefaultChannelPool - Adding Candidate expired Channel [id: 0x1c0aa7c5, L:/127.0.0.1:57356 ! R:localhost/127.0.0.1:57346] isIdleTimeoutExpired=false isRemotelyClosed=true isTtlExpired=false
20:29:51.689 [AsyncHttpClient-1-1] DEBUG org.asynchttpclient.netty.channel.DefaultChannelPool - Closing Idle Channel [id: 0x1c0aa7c5, L:/127.0.0.1:57356 ! R:localhost/127.0.0.1:57346]
20:29:51.689 [AsyncHttpClient-1-1] DEBUG org.asynchttpclient.netty.channel.DefaultChannelPool - Closed 1 connections out of 2 in 0 ms
20:29:51.970 [AsyncHttpClient-1-3] DEBUG org.asynchttpclient.netty.handler.HttpHandler - Channel Closed: [id: 0x85c85358, L:/127.0.0.1:57345 ! R:localhost/127.0.0.1:51316] with attribute DISCARD
]]></system-out>
    <system-err><![CDATA[Starting ChromeDriver 102.0.5005.61 (0e59bcc00cc4985ce39ad31c150065f159d95ad3-refs/branch-heads/5005@{#819}) on port 51316
Only local connections are allowed.
Please see https://chromedriver.chromium.org/security-considerations for suggestions on keeping ChromeDriver safe.
ChromeDriver was started successfully.
Jun 23, 2022 8:29:40 PM org.openqa.selenium.remote.ProtocolHandshake createSession
INFO: Detected dialect: W3C
Jun 23, 2022 8:29:40 PM org.openqa.selenium.devtools.CdpVersionFinder findNearestMatch
WARNING: Unable to find an exact match for CDP version 102, so returning the closest version found: a no-op implementation
Jun 23, 2022 8:29:40 PM org.openqa.selenium.devtools.CdpVersionFinder findNearestMatch
INFO: Unable to find CDP implementation matching 102.
Jun 23, 2022 8:29:40 PM org.openqa.selenium.chromium.ChromiumDriver lambda$new$3
WARNING: Unable to find version of CDP to use for . You may need to include a dependency on a specific version of the CDP using something similar to `org.seleniumhq.selenium:selenium-devtools-v86:4.1.2` where the version ("v86") matches the version of the chromium-based browser you're using and the version number of the artifact is the same as Selenium's.
[1655990989.322][WARNING]: unexpected alert open: {Alert text : Data telah ditambah}, cancelling screenshot
]]></system-err>
  </testcase>
  <testcase name="As a admin i want to add data dokter #4" classname="Add Data Dokter - Admin" time="17.303">
    <system-out><![CDATA[
@AddDokterData
Scenario Outline: As a admin i want to add data dokter             &amp#27;[90m# src/test/resources/features/AddDataDokter.feature:15&amp#27;[0m
20:29:52.533 [main] INFO io.cucumber.core.plugin.SerenityReporter - Running feature from file:///D:/Kel-1-capstone/TestingWeb/src/test/resources/features/AddDataDokter.feature
20:29:52.623 [main] DEBUG net.thucydides.core.steps.StepInterceptor - STARTING STEP: DokterDataSteps.openPageDataDokter - openDataDokter
20:29:52.623 [main] INFO net.serenitybdd.core.webdriver.driverproviders.ChromeDriverProvider - Using automatically driver download
20:29:52.803 [AsyncHttpClient-1-1] DEBUG org.asynchttpclient.netty.channel.DefaultChannelPool - Entry count for : http://localhost:51316 : 1
20:29:52.803 [AsyncHttpClient-1-1] DEBUG org.asynchttpclient.netty.channel.DefaultChannelPool - Adding Candidate expired Channel [id: 0x85c85358, L:/127.0.0.1:57345 ! R:localhost/127.0.0.1:51316] isIdleTimeoutExpired=false isRemotelyClosed=true isTtlExpired=false
20:29:52.803 [AsyncHttpClient-1-1] DEBUG org.asynchttpclient.netty.channel.DefaultChannelPool - Closing Idle Channel [id: 0x85c85358, L:/127.0.0.1:57345 ! R:localhost/127.0.0.1:51316]
20:29:52.803 [AsyncHttpClient-1-1] DEBUG org.asynchttpclient.netty.channel.DefaultChannelPool - Closed 1 connections out of 1 in 0 ms
20:29:52.878 [main] DEBUG io.github.bonigarcia.wdm.cache.ResolutionCache - Resolution chrome=102 in cache (valid until 21:04:30 23/06/2022 ICT)
20:29:52.893 [main] DEBUG io.github.bonigarcia.wdm.cache.ResolutionCache - Resolution chrome102=102.0.5005.61 in cache (valid until 20:04:30 24/06/2022 ICT)
20:29:52.903 [main] INFO io.github.bonigarcia.wdm.WebDriverManager - Using chromedriver 102.0.5005.61 (resolved driver for Chrome 102)
20:29:52.948 [main] DEBUG io.github.bonigarcia.wdm.WebDriverManager - Driver chromedriver 102.0.5005.61 found in cache
20:29:52.948 [main] INFO io.github.bonigarcia.wdm.WebDriverManager - Exporting webdriver.chrome.driver as C:\Users\ASUS\.cache\selenium\chromedriver\win32\102.0.5005.61\chromedriver.exe
20:29:53.183 [main] DEBUG net.serenitybdd.core.webdriver.driverproviders.ProvideNewDriver - Instantiating driver
20:29:53.183 [main] DEBUG net.serenitybdd.core.webdriver.driverproviders.ProvideNewDriver - Driver capabilities: Capabilities {acceptInsecureCerts: false, base.url: https://fanciful-trifle-360..., browserName: chrome, chorme.driver: src/test/resources/webdrive..., driver: chrome, goog:chromeOptions: {args: [], extensions: []}}
20:29:53.743 [AsyncHttpClient-1-6] DEBUG org.asynchttpclient.netty.channel.NettyConnectListener - Using new Channel '[id: 0x7039ec3f, L:/127.0.0.1:57384 - R:localhost/127.0.0.1:58638]' for 'POST' to '/session'
20:29:55.468 [AsyncHttpClient-1-6] DEBUG org.asynchttpclient.netty.handler.HttpHandler - 

Request DefaultHttpRequest(decodeResult: success, version: HTTP/1.1)
POST /session HTTP/1.1
User-Agent: selenium/4.1.2 (java windows)
Content-Length: 629
Content-Type: application/json; charset=utf-8
host: localhost:58638
accept: */*

Response DefaultHttpResponse(decodeResult: success, version: HTTP/1.1)
HTTP/1.1 200 OK
Content-Type: application/json; charset=utf-8
cache-control: no-cache
content-length: 790

20:29:55.468 [AsyncHttpClient-1-6] DEBUG org.asynchttpclient.netty.channel.ChannelManager - Adding key: http://localhost:58638 for channel [id: 0x7039ec3f, L:/127.0.0.1:57384 - R:localhost/127.0.0.1:58638]
20:29:55.499 [AsyncHttpClient-1-7] DEBUG org.asynchttpclient.netty.channel.NettyConnectListener - Using new Channel '[id: 0x22f9a4e2, L:/127.0.0.1:57396 - R:localhost/127.0.0.1:57385]' for 'GET' to '/json/version'
20:29:55.499 [AsyncHttpClient-1-7] DEBUG org.asynchttpclient.netty.handler.HttpHandler - 

Request DefaultFullHttpRequest(decodeResult: success, version: HTTP/1.1, content: EmptyByteBufBE)
GET /json/version HTTP/1.1
User-Agent: selenium/4.1.2 (java windows)
host: localhost:57385
accept: */*

Response DefaultHttpResponse(decodeResult: success, version: HTTP/1.1)
HTTP/1.1 200 OK
Content-Type: application/json; charset=UTF-8
content-length: 428

20:29:55.499 [AsyncHttpClient-1-7] DEBUG org.asynchttpclient.netty.channel.ChannelManager - Adding key: http://localhost:57385 for channel [id: 0x22f9a4e2, L:/127.0.0.1:57396 - R:localhost/127.0.0.1:57385]
20:29:55.509 [AsyncHttpClient-1-8] DEBUG org.asynchttpclient.netty.channel.NettyConnectListener - Using new Channel '[id: 0x8c39f551, L:/127.0.0.1:57397 - R:localhost/127.0.0.1:57385]' for 'GET' to '/devtools/browser/0782cc29-2631-403e-8fb9-d0d5e1ca758b'
20:29:55.517 [AsyncHttpClient-1-8] DEBUG org.asynchttpclient.netty.handler.WebSocketHandler - 

Request DefaultFullHttpRequest(decodeResult: success, version: HTTP/1.1, content: EmptyByteBufBE)
GET /devtools/browser/0782cc29-2631-403e-8fb9-d0d5e1ca758b HTTP/1.1
upgrade: websocket
connection: upgrade
sec-websocket-key: WrqPOsME1N3efKkhKx8Tag==
sec-websocket-version: 13
origin: http://localhost:57385
host: localhost:57385
accept: */*
user-agent: AHC/2.1

Response DefaultHttpResponse(decodeResult: success, version: HTTP/1.1)
HTTP/1.1 101 WebSocket Protocol Handshake
Upgrade: WebSocket
Connection: Upgrade
Sec-WebSocket-Accept: mXYmJnw3A/XhNa7hNjjs8QV5VjI=

20:29:55.540 [Forwarding get on session 5215d3d4b4f394d4eba2a85e1cb6e8e5 to remote] DEBUG org.asynchttpclient.netty.request.NettyRequestSender - Using pooled Channel '[id: 0x7039ec3f, L:/127.0.0.1:57384 - R:localhost/127.0.0.1:58638]' for 'POST' to 'http://localhost:58638/session/5215d3d4b4f394d4eba2a85e1cb6e8e5/url'
20:29:55.540 [Forwarding get on session 5215d3d4b4f394d4eba2a85e1cb6e8e5 to remote] DEBUG org.asynchttpclient.netty.request.NettyRequestSender - Using open Channel [id: 0x7039ec3f, L:/127.0.0.1:57384 - R:localhost/127.0.0.1:58638] for POST '/session/5215d3d4b4f394d4eba2a85e1cb6e8e5/url'
20:29:56.092 [AsyncHttpClient-1-1] DEBUG org.asynchttpclient.netty.channel.DefaultChannelPool - Entry count for : http://localhost:57385 : 1
20:29:56.850 [AsyncHttpClient-1-6] DEBUG org.asynchttpclient.netty.handler.HttpHandler - 

Request DefaultHttpRequest(decodeResult: success, version: HTTP/1.1)
POST /session/5215d3d4b4f394d4eba2a85e1cb6e8e5/url HTTP/1.1
User-Agent: selenium/4.1.2 (java windows)
Content-Length: 84
Content-Type: application/json; charset=utf-8
host: localhost:58638
accept: */*

Response DefaultHttpResponse(decodeResult: success, version: HTTP/1.1)
HTTP/1.1 200 OK
Content-Type: application/json; charset=utf-8
cache-control: no-cache
content-length: 14

20:29:56.850 [AsyncHttpClient-1-6] DEBUG org.asynchttpclient.netty.channel.ChannelManager - Adding key: http://localhost:58638 for channel [id: 0x7039ec3f, L:/127.0.0.1:57384 - R:localhost/127.0.0.1:58638]
20:29:56.858 [Forwarding setTimeout on session 5215d3d4b4f394d4eba2a85e1cb6e8e5 to remote] DEBUG org.asynchttpclient.netty.request.NettyRequestSender - Using pooled Channel '[id: 0x7039ec3f, L:/127.0.0.1:57384 - R:localhost/127.0.0.1:58638]' for 'POST' to 'http://localhost:58638/session/5215d3d4b4f394d4eba2a85e1cb6e8e5/timeouts'
20:29:56.858 [Forwarding setTimeout on session 5215d3d4b4f394d4eba2a85e1cb6e8e5 to remote] DEBUG org.asynchttpclient.netty.request.NettyRequestSender - Using open Channel [id: 0x7039ec3f, L:/127.0.0.1:57384 - R:localhost/127.0.0.1:58638] for POST '/session/5215d3d4b4f394d4eba2a85e1cb6e8e5/timeouts'
20:29:56.866 [AsyncHttpClient-1-6] DEBUG org.asynchttpclient.netty.handler.HttpHandler - 

Request DefaultHttpRequest(decodeResult: success, version: HTTP/1.1)
POST /session/5215d3d4b4f394d4eba2a85e1cb6e8e5/timeouts HTTP/1.1
User-Agent: selenium/4.1.2 (java windows)
Content-Length: 22
Content-Type: application/json; charset=utf-8
host: localhost:58638
accept: */*

Response DefaultHttpResponse(decodeResult: success, version: HTTP/1.1)
HTTP/1.1 200 OK
Content-Type: application/json; charset=utf-8
cache-control: no-cache
content-length: 14

20:29:56.866 [AsyncHttpClient-1-6] DEBUG org.asynchttpclient.netty.channel.ChannelManager - Adding key: http://localhost:58638 for channel [id: 0x7039ec3f, L:/127.0.0.1:57384 - R:localhost/127.0.0.1:58638]
20:29:56.874 [Forwarding getCurrentUrl on session 5215d3d4b4f394d4eba2a85e1cb6e8e5 to remote] DEBUG org.asynchttpclient.netty.request.NettyRequestSender - Using pooled Channel '[id: 0x7039ec3f, L:/127.0.0.1:57384 - R:localhost/127.0.0.1:58638]' for 'GET' to 'http://localhost:58638/session/5215d3d4b4f394d4eba2a85e1cb6e8e5/url'
20:29:56.874 [Forwarding getCurrentUrl on session 5215d3d4b4f394d4eba2a85e1cb6e8e5 to remote] DEBUG org.asynchttpclient.netty.request.NettyRequestSender - Using open Channel [id: 0x7039ec3f, L:/127.0.0.1:57384 - R:localhost/127.0.0.1:58638] for GET '/session/5215d3d4b4f394d4eba2a85e1cb6e8e5/url'
20:29:56.890 [AsyncHttpClient-1-6] DEBUG org.asynchttpclient.netty.handler.HttpHandler - 

Request DefaultFullHttpRequest(decodeResult: success, version: HTTP/1.1, content: EmptyByteBufBE)
GET /session/5215d3d4b4f394d4eba2a85e1cb6e8e5/url HTTP/1.1
User-Agent: selenium/4.1.2 (java windows)
Cache-Control: no-cache
Content-Type: application/json; charset=utf-8
host: localhost:58638
accept: */*

Response DefaultHttpResponse(decodeResult: success, version: HTTP/1.1)
HTTP/1.1 200 OK
Content-Type: application/json; charset=utf-8
cache-control: no-cache
content-length: 66

20:29:56.890 [AsyncHttpClient-1-6] DEBUG org.asynchttpclient.netty.channel.ChannelManager - Adding key: http://localhost:58638 for channel [id: 0x7039ec3f, L:/127.0.0.1:57384 - R:localhost/127.0.0.1:58638]
20:29:56.906 [Forwarding screenshot on session 5215d3d4b4f394d4eba2a85e1cb6e8e5 to remote] DEBUG org.asynchttpclient.netty.request.NettyRequestSender - Using pooled Channel '[id: 0x7039ec3f, L:/127.0.0.1:57384 - R:localhost/127.0.0.1:58638]' for 'GET' to 'http://localhost:58638/session/5215d3d4b4f394d4eba2a85e1cb6e8e5/screenshot'
20:29:56.906 [Forwarding screenshot on session 5215d3d4b4f394d4eba2a85e1cb6e8e5 to remote] DEBUG org.asynchttpclient.netty.request.NettyRequestSender - Using open Channel [id: 0x7039ec3f, L:/127.0.0.1:57384 - R:localhost/127.0.0.1:58638] for GET '/session/5215d3d4b4f394d4eba2a85e1cb6e8e5/screenshot'
20:29:57.188 [AsyncHttpClient-1-1] DEBUG org.asynchttpclient.netty.channel.DefaultChannelPool - Entry count for : http://localhost:57385 : 1
20:29:57.901 [AsyncHttpClient-1-6] DEBUG org.asynchttpclient.netty.handler.HttpHandler - 

Request DefaultFullHttpRequest(decodeResult: success, version: HTTP/1.1, content: EmptyByteBufBE)
GET /session/5215d3d4b4f394d4eba2a85e1cb6e8e5/screenshot HTTP/1.1
User-Agent: selenium/4.1.2 (java windows)
Cache-Control: no-cache
Content-Type: application/json; charset=utf-8
host: localhost:58638
accept: */*

Response DefaultHttpResponse(decodeResult: success, version: HTTP/1.1)
HTTP/1.1 200 OK
Content-Type: application/json; charset=utf-8
cache-control: no-cache
content-length: 71412

20:29:57.901 [AsyncHttpClient-1-6] DEBUG org.asynchttpclient.netty.channel.ChannelManager - Adding key: http://localhost:58638 for channel [id: 0x7039ec3f, L:/127.0.0.1:57384 - R:localhost/127.0.0.1:58638]
20:29:57.909 [main] DEBUG net.serenitybdd.core.photography.Darkroom - Send negative for processing for target\site\serenity\641553ea0c7ee1350e9d99c43bd8b22ab0037bbbf11d544d65f62061eb96ca5a.png
20:29:57.909 [main] DEBUG net.thucydides.core.steps.StepInterceptor - STEP DONE: openDataDokter
  &amp#27;[32mGiven &amp#27;[0m&amp#27;[32mOpen page data dokter&amp#27;[0m                                      &amp#27;[90m# starter.stepdefinitios.DokterDataSteps.openPageDataDokter()&amp#27;[0m
20:29:57.999 [Forwarding screenshot on session 5215d3d4b4f394d4eba2a85e1cb6e8e5 to remote] DEBUG org.asynchttpclient.netty.request.NettyRequestSender - Using pooled Channel '[id: 0x7039ec3f, L:/127.0.0.1:57384 - R:localhost/127.0.0.1:58638]' for 'GET' to 'http://localhost:58638/session/5215d3d4b4f394d4eba2a85e1cb6e8e5/screenshot'
20:29:58.001 [Forwarding screenshot on session 5215d3d4b4f394d4eba2a85e1cb6e8e5 to remote] DEBUG org.asynchttpclient.netty.request.NettyRequestSender - Using open Channel [id: 0x7039ec3f, L:/127.0.0.1:57384 - R:localhost/127.0.0.1:58638] for GET '/session/5215d3d4b4f394d4eba2a85e1cb6e8e5/screenshot'
20:29:58.163 [AsyncHttpClient-1-6] DEBUG org.asynchttpclient.netty.handler.HttpHandler - 

Request DefaultFullHttpRequest(decodeResult: success, version: HTTP/1.1, content: EmptyByteBufBE)
GET /session/5215d3d4b4f394d4eba2a85e1cb6e8e5/screenshot HTTP/1.1
User-Agent: selenium/4.1.2 (java windows)
Cache-Control: no-cache
Content-Type: application/json; charset=utf-8
host: localhost:58638
accept: */*

Response DefaultHttpResponse(decodeResult: success, version: HTTP/1.1)
HTTP/1.1 200 OK
Content-Type: application/json; charset=utf-8
cache-control: no-cache
content-length: 93040

20:29:58.163 [AsyncHttpClient-1-6] DEBUG org.asynchttpclient.netty.channel.ChannelManager - Adding key: http://localhost:58638 for channel [id: 0x7039ec3f, L:/127.0.0.1:57384 - R:localhost/127.0.0.1:58638]
20:29:58.171 [main] DEBUG net.serenitybdd.core.photography.Darkroom - Send negative for processing for target\site\serenity\ee66319f8cb5850ca609fa5af5fccf9e8848aa4d878c3d081ff200c30ff79dfd.png
20:29:58.171 [main] DEBUG net.thucydides.core.steps.StepInterceptor - STARTING STEP: PatientDataSteps.clickButtonTambahData - clickButtonTambah
20:29:58.179 [Forwarding findElement on session 5215d3d4b4f394d4eba2a85e1cb6e8e5 to remote] DEBUG org.asynchttpclient.netty.request.NettyRequestSender - Using pooled Channel '[id: 0x7039ec3f, L:/127.0.0.1:57384 - R:localhost/127.0.0.1:58638]' for 'POST' to 'http://localhost:58638/session/5215d3d4b4f394d4eba2a85e1cb6e8e5/element'
20:29:58.179 [Forwarding findElement on session 5215d3d4b4f394d4eba2a85e1cb6e8e5 to remote] DEBUG org.asynchttpclient.netty.request.NettyRequestSender - Using open Channel [id: 0x7039ec3f, L:/127.0.0.1:57384 - R:localhost/127.0.0.1:58638] for POST '/session/5215d3d4b4f394d4eba2a85e1cb6e8e5/element'
20:29:58.206 [AsyncHttpClient-1-6] DEBUG org.asynchttpclient.netty.handler.HttpHandler - 

Request DefaultHttpRequest(decodeResult: success, version: HTTP/1.1)
POST /session/5215d3d4b4f394d4eba2a85e1cb6e8e5/element HTTP/1.1
User-Agent: selenium/4.1.2 (java windows)
Content-Length: 68
Content-Type: application/json; charset=utf-8
host: localhost:58638
accept: */*

Response DefaultHttpResponse(decodeResult: success, version: HTTP/1.1)
HTTP/1.1 200 OK
Content-Type: application/json; charset=utf-8
cache-control: no-cache
content-length: 88

20:29:58.206 [AsyncHttpClient-1-6] DEBUG org.asynchttpclient.netty.channel.ChannelManager - Adding key: http://localhost:58638 for channel [id: 0x7039ec3f, L:/127.0.0.1:57384 - R:localhost/127.0.0.1:58638]
20:29:58.206 [Forwarding getElementTagName on session 5215d3d4b4f394d4eba2a85e1cb6e8e5 to remote] DEBUG org.asynchttpclient.netty.request.NettyRequestSender - Using pooled Channel '[id: 0x7039ec3f, L:/127.0.0.1:57384 - R:localhost/127.0.0.1:58638]' for 'GET' to 'http://localhost:58638/session/5215d3d4b4f394d4eba2a85e1cb6e8e5/element/3ff3b95d-e6ef-462a-a555-31e17d7a89b6/name'
20:29:58.206 [Forwarding getElementTagName on session 5215d3d4b4f394d4eba2a85e1cb6e8e5 to remote] DEBUG org.asynchttpclient.netty.request.NettyRequestSender - Using open Channel [id: 0x7039ec3f, L:/127.0.0.1:57384 - R:localhost/127.0.0.1:58638] for GET '/session/5215d3d4b4f394d4eba2a85e1cb6e8e5/element/3ff3b95d-e6ef-462a-a555-31e17d7a89b6/name'
20:29:58.214 [AsyncHttpClient-1-6] DEBUG org.asynchttpclient.netty.handler.HttpHandler - 

Request DefaultFullHttpRequest(decodeResult: success, version: HTTP/1.1, content: EmptyByteBufBE)
GET /session/5215d3d4b4f394d4eba2a85e1cb6e8e5/element/3ff3b95d-e6ef-462a-a555-31e17d7a89b6/name HTTP/1.1
User-Agent: selenium/4.1.2 (java windows)
Cache-Control: no-cache
Content-Type: application/json; charset=utf-8
host: localhost:58638
accept: */*

Response DefaultHttpResponse(decodeResult: success, version: HTTP/1.1)
HTTP/1.1 200 OK
Content-Type: application/json; charset=utf-8
cache-control: no-cache
content-length: 18

20:29:58.214 [AsyncHttpClient-1-6] DEBUG org.asynchttpclient.netty.channel.ChannelManager - Adding key: http://localhost:58638 for channel [id: 0x7039ec3f, L:/127.0.0.1:57384 - R:localhost/127.0.0.1:58638]
20:29:58.222 [Forwarding getElementTagName on session 5215d3d4b4f394d4eba2a85e1cb6e8e5 to remote] DEBUG org.asynchttpclient.netty.request.NettyRequestSender - Using pooled Channel '[id: 0x7039ec3f, L:/127.0.0.1:57384 - R:localhost/127.0.0.1:58638]' for 'GET' to 'http://localhost:58638/session/5215d3d4b4f394d4eba2a85e1cb6e8e5/element/3ff3b95d-e6ef-462a-a555-31e17d7a89b6/name'
20:29:58.222 [Forwarding getElementTagName on session 5215d3d4b4f394d4eba2a85e1cb6e8e5 to remote] DEBUG org.asynchttpclient.netty.request.NettyRequestSender - Using open Channel [id: 0x7039ec3f, L:/127.0.0.1:57384 - R:localhost/127.0.0.1:58638] for GET '/session/5215d3d4b4f394d4eba2a85e1cb6e8e5/element/3ff3b95d-e6ef-462a-a555-31e17d7a89b6/name'
20:29:58.222 [AsyncHttpClient-1-6] DEBUG org.asynchttpclient.netty.handler.HttpHandler - 

Request DefaultFullHttpRequest(decodeResult: success, version: HTTP/1.1, content: EmptyByteBufBE)
GET /session/5215d3d4b4f394d4eba2a85e1cb6e8e5/element/3ff3b95d-e6ef-462a-a555-31e17d7a89b6/name HTTP/1.1
User-Agent: selenium/4.1.2 (java windows)
Cache-Control: no-cache
Content-Type: application/json; charset=utf-8
host: localhost:58638
accept: */*

Response DefaultHttpResponse(decodeResult: success, version: HTTP/1.1)
HTTP/1.1 200 OK
Content-Type: application/json; charset=utf-8
cache-control: no-cache
content-length: 18

20:29:58.230 [AsyncHttpClient-1-6] DEBUG org.asynchttpclient.netty.channel.ChannelManager - Adding key: http://localhost:58638 for channel [id: 0x7039ec3f, L:/127.0.0.1:57384 - R:localhost/127.0.0.1:58638]
20:29:58.230 [Forwarding isElementEnabled on session 5215d3d4b4f394d4eba2a85e1cb6e8e5 to remote] DEBUG org.asynchttpclient.netty.request.NettyRequestSender - Using pooled Channel '[id: 0x7039ec3f, L:/127.0.0.1:57384 - R:localhost/127.0.0.1:58638]' for 'GET' to 'http://localhost:58638/session/5215d3d4b4f394d4eba2a85e1cb6e8e5/element/3ff3b95d-e6ef-462a-a555-31e17d7a89b6/enabled'
20:29:58.230 [Forwarding isElementEnabled on session 5215d3d4b4f394d4eba2a85e1cb6e8e5 to remote] DEBUG org.asynchttpclient.netty.request.NettyRequestSender - Using open Channel [id: 0x7039ec3f, L:/127.0.0.1:57384 - R:localhost/127.0.0.1:58638] for GET '/session/5215d3d4b4f394d4eba2a85e1cb6e8e5/element/3ff3b95d-e6ef-462a-a555-31e17d7a89b6/enabled'
20:29:58.254 [AsyncHttpClient-1-6] DEBUG org.asynchttpclient.netty.handler.HttpHandler - 

Request DefaultFullHttpRequest(decodeResult: success, version: HTTP/1.1, content: EmptyByteBufBE)
GET /session/5215d3d4b4f394d4eba2a85e1cb6e8e5/element/3ff3b95d-e6ef-462a-a555-31e17d7a89b6/enabled HTTP/1.1
User-Agent: selenium/4.1.2 (java windows)
Cache-Control: no-cache
Content-Type: application/json; charset=utf-8
host: localhost:58638
accept: */*

Response DefaultHttpResponse(decodeResult: success, version: HTTP/1.1)
HTTP/1.1 200 OK
Content-Type: application/json; charset=utf-8
cache-control: no-cache
content-length: 14

20:29:58.254 [AsyncHttpClient-1-6] DEBUG org.asynchttpclient.netty.channel.ChannelManager - Adding key: http://localhost:58638 for channel [id: 0x7039ec3f, L:/127.0.0.1:57384 - R:localhost/127.0.0.1:58638]
20:29:58.262 [Forwarding isElementEnabled on session 5215d3d4b4f394d4eba2a85e1cb6e8e5 to remote] DEBUG org.asynchttpclient.netty.request.NettyRequestSender - Using pooled Channel '[id: 0x7039ec3f, L:/127.0.0.1:57384 - R:localhost/127.0.0.1:58638]' for 'GET' to 'http://localhost:58638/session/5215d3d4b4f394d4eba2a85e1cb6e8e5/element/3ff3b95d-e6ef-462a-a555-31e17d7a89b6/enabled'
20:29:58.262 [Forwarding isElementEnabled on session 5215d3d4b4f394d4eba2a85e1cb6e8e5 to remote] DEBUG org.asynchttpclient.netty.request.NettyRequestSender - Using open Channel [id: 0x7039ec3f, L:/127.0.0.1:57384 - R:localhost/127.0.0.1:58638] for GET '/session/5215d3d4b4f394d4eba2a85e1cb6e8e5/element/3ff3b95d-e6ef-462a-a555-31e17d7a89b6/enabled'
20:29:58.270 [AsyncHttpClient-1-6] DEBUG org.asynchttpclient.netty.handler.HttpHandler - 

Request DefaultFullHttpRequest(decodeResult: success, version: HTTP/1.1, content: EmptyByteBufBE)
GET /session/5215d3d4b4f394d4eba2a85e1cb6e8e5/element/3ff3b95d-e6ef-462a-a555-31e17d7a89b6/enabled HTTP/1.1
User-Agent: selenium/4.1.2 (java windows)
Cache-Control: no-cache
Content-Type: application/json; charset=utf-8
host: localhost:58638
accept: */*

Response DefaultHttpResponse(decodeResult: success, version: HTTP/1.1)
HTTP/1.1 200 OK
Content-Type: application/json; charset=utf-8
cache-control: no-cache
content-length: 14

20:29:58.270 [AsyncHttpClient-1-6] DEBUG org.asynchttpclient.netty.channel.ChannelManager - Adding key: http://localhost:58638 for channel [id: 0x7039ec3f, L:/127.0.0.1:57384 - R:localhost/127.0.0.1:58638]
20:29:58.278 [Forwarding findElement on session 5215d3d4b4f394d4eba2a85e1cb6e8e5 to remote] DEBUG org.asynchttpclient.netty.request.NettyRequestSender - Using pooled Channel '[id: 0x7039ec3f, L:/127.0.0.1:57384 - R:localhost/127.0.0.1:58638]' for 'POST' to 'http://localhost:58638/session/5215d3d4b4f394d4eba2a85e1cb6e8e5/element'
20:29:58.278 [Forwarding findElement on session 5215d3d4b4f394d4eba2a85e1cb6e8e5 to remote] DEBUG org.asynchttpclient.netty.request.NettyRequestSender - Using open Channel [id: 0x7039ec3f, L:/127.0.0.1:57384 - R:localhost/127.0.0.1:58638] for POST '/session/5215d3d4b4f394d4eba2a85e1cb6e8e5/element'
20:29:58.294 [AsyncHttpClient-1-6] DEBUG org.asynchttpclient.netty.handler.HttpHandler - 

Request DefaultHttpRequest(decodeResult: success, version: HTTP/1.1)
POST /session/5215d3d4b4f394d4eba2a85e1cb6e8e5/element HTTP/1.1
User-Agent: selenium/4.1.2 (java windows)
Content-Length: 68
Content-Type: application/json; charset=utf-8
host: localhost:58638
accept: */*

Response DefaultHttpResponse(decodeResult: success, version: HTTP/1.1)
HTTP/1.1 200 OK
Content-Type: application/json; charset=utf-8
cache-control: no-cache
content-length: 88

20:29:58.294 [AsyncHttpClient-1-6] DEBUG org.asynchttpclient.netty.channel.ChannelManager - Adding key: http://localhost:58638 for channel [id: 0x7039ec3f, L:/127.0.0.1:57384 - R:localhost/127.0.0.1:58638]
20:29:58.294 [Forwarding clickElement on session 5215d3d4b4f394d4eba2a85e1cb6e8e5 to remote] DEBUG org.asynchttpclient.netty.request.NettyRequestSender - Using pooled Channel '[id: 0x7039ec3f, L:/127.0.0.1:57384 - R:localhost/127.0.0.1:58638]' for 'POST' to 'http://localhost:58638/session/5215d3d4b4f394d4eba2a85e1cb6e8e5/element/3ff3b95d-e6ef-462a-a555-31e17d7a89b6/click'
20:29:58.294 [Forwarding clickElement on session 5215d3d4b4f394d4eba2a85e1cb6e8e5 to remote] DEBUG org.asynchttpclient.netty.request.NettyRequestSender - Using open Channel [id: 0x7039ec3f, L:/127.0.0.1:57384 - R:localhost/127.0.0.1:58638] for POST '/session/5215d3d4b4f394d4eba2a85e1cb6e8e5/element/3ff3b95d-e6ef-462a-a555-31e17d7a89b6/click'
20:29:58.302 [AsyncHttpClient-1-1] DEBUG org.asynchttpclient.netty.channel.DefaultChannelPool - Entry count for : http://localhost:57385 : 1
20:29:58.590 [AsyncHttpClient-1-6] DEBUG org.asynchttpclient.netty.handler.HttpHandler - 

Request DefaultHttpRequest(decodeResult: success, version: HTTP/1.1)
POST /session/5215d3d4b4f394d4eba2a85e1cb6e8e5/element/3ff3b95d-e6ef-462a-a555-31e17d7a89b6/click HTTP/1.1
User-Agent: selenium/4.1.2 (java windows)
Content-Length: 50
Content-Type: application/json; charset=utf-8
host: localhost:58638
accept: */*

Response DefaultHttpResponse(decodeResult: success, version: HTTP/1.1)
HTTP/1.1 200 OK
Content-Type: application/json; charset=utf-8
cache-control: no-cache
content-length: 14

20:29:58.590 [AsyncHttpClient-1-6] DEBUG org.asynchttpclient.netty.channel.ChannelManager - Adding key: http://localhost:58638 for channel [id: 0x7039ec3f, L:/127.0.0.1:57384 - R:localhost/127.0.0.1:58638]
20:29:58.633 [Forwarding screenshot on session 5215d3d4b4f394d4eba2a85e1cb6e8e5 to remote] DEBUG org.asynchttpclient.netty.request.NettyRequestSender - Using pooled Channel '[id: 0x7039ec3f, L:/127.0.0.1:57384 - R:localhost/127.0.0.1:58638]' for 'GET' to 'http://localhost:58638/session/5215d3d4b4f394d4eba2a85e1cb6e8e5/screenshot'
20:29:58.633 [Forwarding screenshot on session 5215d3d4b4f394d4eba2a85e1cb6e8e5 to remote] DEBUG org.asynchttpclient.netty.request.NettyRequestSender - Using open Channel [id: 0x7039ec3f, L:/127.0.0.1:57384 - R:localhost/127.0.0.1:58638] for GET '/session/5215d3d4b4f394d4eba2a85e1cb6e8e5/screenshot'
20:29:59.390 [AsyncHttpClient-1-1] DEBUG org.asynchttpclient.netty.channel.DefaultChannelPool - Entry count for : http://localhost:57385 : 1
20:29:59.390 [AsyncHttpClient-1-6] DEBUG org.asynchttpclient.netty.handler.HttpHandler - 

Request DefaultFullHttpRequest(decodeResult: success, version: HTTP/1.1, content: EmptyByteBufBE)
GET /session/5215d3d4b4f394d4eba2a85e1cb6e8e5/screenshot HTTP/1.1
User-Agent: selenium/4.1.2 (java windows)
Cache-Control: no-cache
Content-Type: application/json; charset=utf-8
host: localhost:58638
accept: */*

Response DefaultHttpResponse(decodeResult: success, version: HTTP/1.1)
HTTP/1.1 200 OK
Content-Type: application/json; charset=utf-8
cache-control: no-cache
content-length: 357056

20:29:59.390 [AsyncHttpClient-1-6] DEBUG org.asynchttpclient.netty.channel.ChannelManager - Adding key: http://localhost:58638 for channel [id: 0x7039ec3f, L:/127.0.0.1:57384 - R:localhost/127.0.0.1:58638]
20:29:59.446 [main] DEBUG net.serenitybdd.core.photography.Darkroom - Send negative for processing for target\site\serenity\270b1ee7a700454389ac56c4eebbdaff416676d99565fa926c09fced151958a6.png
20:29:59.446 [main] DEBUG net.thucydides.core.steps.StepInterceptor - STEP DONE: clickButtonTambah
  &amp#27;[32mWhen &amp#27;[0m&amp#27;[32mClick button tambah data&amp#27;[0m                                    &amp#27;[90m# starter.stepdefinitios.PatientDataSteps.clickButtonTambahData()&amp#27;[0m
20:30:00.010 [Forwarding screenshot on session 5215d3d4b4f394d4eba2a85e1cb6e8e5 to remote] DEBUG org.asynchttpclient.netty.request.NettyRequestSender - Using pooled Channel '[id: 0x7039ec3f, L:/127.0.0.1:57384 - R:localhost/127.0.0.1:58638]' for 'GET' to 'http://localhost:58638/session/5215d3d4b4f394d4eba2a85e1cb6e8e5/screenshot'
20:30:00.010 [Forwarding screenshot on session 5215d3d4b4f394d4eba2a85e1cb6e8e5 to remote] DEBUG org.asynchttpclient.netty.request.NettyRequestSender - Using open Channel [id: 0x7039ec3f, L:/127.0.0.1:57384 - R:localhost/127.0.0.1:58638] for GET '/session/5215d3d4b4f394d4eba2a85e1cb6e8e5/screenshot'
20:30:00.298 [AsyncHttpClient-1-6] DEBUG org.asynchttpclient.netty.handler.HttpHandler - 

Request DefaultFullHttpRequest(decodeResult: success, version: HTTP/1.1, content: EmptyByteBufBE)
GET /session/5215d3d4b4f394d4eba2a85e1cb6e8e5/screenshot HTTP/1.1
User-Agent: selenium/4.1.2 (java windows)
Cache-Control: no-cache
Content-Type: application/json; charset=utf-8
host: localhost:58638
accept: */*

Response DefaultHttpResponse(decodeResult: success, version: HTTP/1.1)
HTTP/1.1 200 OK
Content-Type: application/json; charset=utf-8
cache-control: no-cache
content-length: 357056

20:30:00.306 [AsyncHttpClient-1-6] DEBUG org.asynchttpclient.netty.channel.ChannelManager - Adding key: http://localhost:58638 for channel [id: 0x7039ec3f, L:/127.0.0.1:57384 - R:localhost/127.0.0.1:58638]
20:30:00.346 [main] DEBUG net.serenitybdd.core.photography.Darkroom - Send negative for processing for target\site\serenity\270b1ee7a700454389ac56c4eebbdaff416676d99565fa926c09fced151958a6.png
20:30:00.346 [main] DEBUG net.thucydides.core.steps.StepInterceptor - STARTING STEP: DokterDataSteps.iInputDokter - inputDataDokter
20:30:00.354 [Forwarding findElement on session 5215d3d4b4f394d4eba2a85e1cb6e8e5 to remote] DEBUG org.asynchttpclient.netty.request.NettyRequestSender - Using pooled Channel '[id: 0x7039ec3f, L:/127.0.0.1:57384 - R:localhost/127.0.0.1:58638]' for 'POST' to 'http://localhost:58638/session/5215d3d4b4f394d4eba2a85e1cb6e8e5/element'
20:30:00.354 [Forwarding findElement on session 5215d3d4b4f394d4eba2a85e1cb6e8e5 to remote] DEBUG org.asynchttpclient.netty.request.NettyRequestSender - Using open Channel [id: 0x7039ec3f, L:/127.0.0.1:57384 - R:localhost/127.0.0.1:58638] for POST '/session/5215d3d4b4f394d4eba2a85e1cb6e8e5/element'
20:30:00.402 [AsyncHttpClient-1-6] DEBUG org.asynchttpclient.netty.handler.HttpHandler - 

Request DefaultHttpRequest(decodeResult: success, version: HTTP/1.1)
POST /session/5215d3d4b4f394d4eba2a85e1cb6e8e5/element HTTP/1.1
User-Agent: selenium/4.1.2 (java windows)
Content-Length: 66
Content-Type: application/json; charset=utf-8
host: localhost:58638
accept: */*

Response DefaultHttpResponse(decodeResult: success, version: HTTP/1.1)
HTTP/1.1 200 OK
Content-Type: application/json; charset=utf-8
cache-control: no-cache
content-length: 88

20:30:00.402 [AsyncHttpClient-1-6] DEBUG org.asynchttpclient.netty.channel.ChannelManager - Adding key: http://localhost:58638 for channel [id: 0x7039ec3f, L:/127.0.0.1:57384 - R:localhost/127.0.0.1:58638]
20:30:00.410 [Forwarding sendKeysToElement on session 5215d3d4b4f394d4eba2a85e1cb6e8e5 to remote] DEBUG org.asynchttpclient.netty.request.NettyRequestSender - Using pooled Channel '[id: 0x7039ec3f, L:/127.0.0.1:57384 - R:localhost/127.0.0.1:58638]' for 'POST' to 'http://localhost:58638/session/5215d3d4b4f394d4eba2a85e1cb6e8e5/element/badd73ff-9d38-489d-b3f5-f17dd89bbd99/value'
20:30:00.410 [Forwarding sendKeysToElement on session 5215d3d4b4f394d4eba2a85e1cb6e8e5 to remote] DEBUG org.asynchttpclient.netty.request.NettyRequestSender - Using open Channel [id: 0x7039ec3f, L:/127.0.0.1:57384 - R:localhost/127.0.0.1:58638] for POST '/session/5215d3d4b4f394d4eba2a85e1cb6e8e5/element/badd73ff-9d38-489d-b3f5-f17dd89bbd99/value'
20:30:00.490 [AsyncHttpClient-1-1] DEBUG org.asynchttpclient.netty.channel.DefaultChannelPool - Entry count for : http://localhost:57385 : 1
20:30:00.988 [AsyncHttpClient-1-6] DEBUG org.asynchttpclient.netty.handler.HttpHandler - 

Request DefaultHttpRequest(decodeResult: success, version: HTTP/1.1)
POST /session/5215d3d4b4f394d4eba2a85e1cb6e8e5/element/badd73ff-9d38-489d-b3f5-f17dd89bbd99/value HTTP/1.1
User-Agent: selenium/4.1.2 (java windows)
Content-Length: 131
Content-Type: application/json; charset=utf-8
host: localhost:58638
accept: */*

Response DefaultHttpResponse(decodeResult: success, version: HTTP/1.1)
HTTP/1.1 200 OK
Content-Type: application/json; charset=utf-8
cache-control: no-cache
content-length: 14

20:30:00.989 [AsyncHttpClient-1-6] DEBUG org.asynchttpclient.netty.channel.ChannelManager - Adding key: http://localhost:58638 for channel [id: 0x7039ec3f, L:/127.0.0.1:57384 - R:localhost/127.0.0.1:58638]
20:30:01.002 [Forwarding findElement on session 5215d3d4b4f394d4eba2a85e1cb6e8e5 to remote] DEBUG org.asynchttpclient.netty.request.NettyRequestSender - Using pooled Channel '[id: 0x7039ec3f, L:/127.0.0.1:57384 - R:localhost/127.0.0.1:58638]' for 'POST' to 'http://localhost:58638/session/5215d3d4b4f394d4eba2a85e1cb6e8e5/element'
20:30:01.002 [Forwarding findElement on session 5215d3d4b4f394d4eba2a85e1cb6e8e5 to remote] DEBUG org.asynchttpclient.netty.request.NettyRequestSender - Using open Channel [id: 0x7039ec3f, L:/127.0.0.1:57384 - R:localhost/127.0.0.1:58638] for POST '/session/5215d3d4b4f394d4eba2a85e1cb6e8e5/element'
20:30:01.044 [AsyncHttpClient-1-6] DEBUG org.asynchttpclient.netty.handler.HttpHandler - 

Request DefaultHttpRequest(decodeResult: success, version: HTTP/1.1)
POST /session/5215d3d4b4f394d4eba2a85e1cb6e8e5/element HTTP/1.1
User-Agent: selenium/4.1.2 (java windows)
Content-Length: 65
Content-Type: application/json; charset=utf-8
host: localhost:58638
accept: */*

Response DefaultHttpResponse(decodeResult: success, version: HTTP/1.1)
HTTP/1.1 200 OK
Content-Type: application/json; charset=utf-8
cache-control: no-cache
content-length: 88

20:30:01.044 [AsyncHttpClient-1-6] DEBUG org.asynchttpclient.netty.channel.ChannelManager - Adding key: http://localhost:58638 for channel [id: 0x7039ec3f, L:/127.0.0.1:57384 - R:localhost/127.0.0.1:58638]
20:30:01.052 [Forwarding sendKeysToElement on session 5215d3d4b4f394d4eba2a85e1cb6e8e5 to remote] DEBUG org.asynchttpclient.netty.request.NettyRequestSender - Using pooled Channel '[id: 0x7039ec3f, L:/127.0.0.1:57384 - R:localhost/127.0.0.1:58638]' for 'POST' to 'http://localhost:58638/session/5215d3d4b4f394d4eba2a85e1cb6e8e5/element/df1183ce-36ff-49a6-800c-aa00098003d8/value'
20:30:01.052 [Forwarding sendKeysToElement on session 5215d3d4b4f394d4eba2a85e1cb6e8e5 to remote] DEBUG org.asynchttpclient.netty.request.NettyRequestSender - Using open Channel [id: 0x7039ec3f, L:/127.0.0.1:57384 - R:localhost/127.0.0.1:58638] for POST '/session/5215d3d4b4f394d4eba2a85e1cb6e8e5/element/df1183ce-36ff-49a6-800c-aa00098003d8/value'
20:30:01.498 [AsyncHttpClient-1-6] DEBUG org.asynchttpclient.netty.handler.HttpHandler - 

Request DefaultHttpRequest(decodeResult: success, version: HTTP/1.1)
POST /session/5215d3d4b4f394d4eba2a85e1cb6e8e5/element/df1183ce-36ff-49a6-800c-aa00098003d8/value HTTP/1.1
User-Agent: selenium/4.1.2 (java windows)
Content-Length: 131
Content-Type: application/json; charset=utf-8
host: localhost:58638
accept: */*

Response DefaultHttpResponse(decodeResult: success, version: HTTP/1.1)
HTTP/1.1 200 OK
Content-Type: application/json; charset=utf-8
cache-control: no-cache
content-length: 14

20:30:01.498 [AsyncHttpClient-1-6] DEBUG org.asynchttpclient.netty.channel.ChannelManager - Adding key: http://localhost:58638 for channel [id: 0x7039ec3f, L:/127.0.0.1:57384 - R:localhost/127.0.0.1:58638]
20:30:01.514 [Forwarding findElement on session 5215d3d4b4f394d4eba2a85e1cb6e8e5 to remote] DEBUG org.asynchttpclient.netty.request.NettyRequestSender - Using pooled Channel '[id: 0x7039ec3f, L:/127.0.0.1:57384 - R:localhost/127.0.0.1:58638]' for 'POST' to 'http://localhost:58638/session/5215d3d4b4f394d4eba2a85e1cb6e8e5/element'
20:30:01.514 [Forwarding findElement on session 5215d3d4b4f394d4eba2a85e1cb6e8e5 to remote] DEBUG org.asynchttpclient.netty.request.NettyRequestSender - Using open Channel [id: 0x7039ec3f, L:/127.0.0.1:57384 - R:localhost/127.0.0.1:58638] for POST '/session/5215d3d4b4f394d4eba2a85e1cb6e8e5/element'
20:30:01.546 [AsyncHttpClient-1-6] DEBUG org.asynchttpclient.netty.handler.HttpHandler - 

Request DefaultHttpRequest(decodeResult: success, version: HTTP/1.1)
POST /session/5215d3d4b4f394d4eba2a85e1cb6e8e5/element HTTP/1.1
User-Agent: selenium/4.1.2 (java windows)
Content-Length: 71
Content-Type: application/json; charset=utf-8
host: localhost:58638
accept: */*

Response DefaultHttpResponse(decodeResult: success, version: HTTP/1.1)
HTTP/1.1 200 OK
Content-Type: application/json; charset=utf-8
cache-control: no-cache
content-length: 88

20:30:01.546 [AsyncHttpClient-1-6] DEBUG org.asynchttpclient.netty.channel.ChannelManager - Adding key: http://localhost:58638 for channel [id: 0x7039ec3f, L:/127.0.0.1:57384 - R:localhost/127.0.0.1:58638]
20:30:01.546 [Forwarding sendKeysToElement on session 5215d3d4b4f394d4eba2a85e1cb6e8e5 to remote] DEBUG org.asynchttpclient.netty.request.NettyRequestSender - Using pooled Channel '[id: 0x7039ec3f, L:/127.0.0.1:57384 - R:localhost/127.0.0.1:58638]' for 'POST' to 'http://localhost:58638/session/5215d3d4b4f394d4eba2a85e1cb6e8e5/element/0f25fc6b-dfe9-42c5-8eb0-927001d4fd84/value'
20:30:01.546 [Forwarding sendKeysToElement on session 5215d3d4b4f394d4eba2a85e1cb6e8e5 to remote] DEBUG org.asynchttpclient.netty.request.NettyRequestSender - Using open Channel [id: 0x7039ec3f, L:/127.0.0.1:57384 - R:localhost/127.0.0.1:58638] for POST '/session/5215d3d4b4f394d4eba2a85e1cb6e8e5/element/0f25fc6b-dfe9-42c5-8eb0-927001d4fd84/value'
20:30:01.594 [AsyncHttpClient-1-1] DEBUG org.asynchttpclient.netty.channel.DefaultChannelPool - Entry count for : http://localhost:57385 : 1
20:30:01.674 [AsyncHttpClient-1-6] DEBUG org.asynchttpclient.netty.handler.HttpHandler - 

Request DefaultHttpRequest(decodeResult: success, version: HTTP/1.1)
POST /session/5215d3d4b4f394d4eba2a85e1cb6e8e5/element/0f25fc6b-dfe9-42c5-8eb0-927001d4fd84/value HTTP/1.1
User-Agent: selenium/4.1.2 (java windows)
Content-Length: 82
Content-Type: application/json; charset=utf-8
host: localhost:58638
accept: */*

Response DefaultHttpResponse(decodeResult: success, version: HTTP/1.1)
HTTP/1.1 200 OK
Content-Type: application/json; charset=utf-8
cache-control: no-cache
content-length: 14

20:30:01.674 [AsyncHttpClient-1-6] DEBUG org.asynchttpclient.netty.channel.ChannelManager - Adding key: http://localhost:58638 for channel [id: 0x7039ec3f, L:/127.0.0.1:57384 - R:localhost/127.0.0.1:58638]
20:30:01.682 [Forwarding findElement on session 5215d3d4b4f394d4eba2a85e1cb6e8e5 to remote] DEBUG org.asynchttpclient.netty.request.NettyRequestSender - Using pooled Channel '[id: 0x7039ec3f, L:/127.0.0.1:57384 - R:localhost/127.0.0.1:58638]' for 'POST' to 'http://localhost:58638/session/5215d3d4b4f394d4eba2a85e1cb6e8e5/element'
20:30:01.682 [Forwarding findElement on session 5215d3d4b4f394d4eba2a85e1cb6e8e5 to remote] DEBUG org.asynchttpclient.netty.request.NettyRequestSender - Using open Channel [id: 0x7039ec3f, L:/127.0.0.1:57384 - R:localhost/127.0.0.1:58638] for POST '/session/5215d3d4b4f394d4eba2a85e1cb6e8e5/element'
20:30:01.714 [AsyncHttpClient-1-6] DEBUG org.asynchttpclient.netty.handler.HttpHandler - 

Request DefaultHttpRequest(decodeResult: success, version: HTTP/1.1)
POST /session/5215d3d4b4f394d4eba2a85e1cb6e8e5/element HTTP/1.1
User-Agent: selenium/4.1.2 (java windows)
Content-Length: 166
Content-Type: application/json; charset=utf-8
host: localhost:58638
accept: */*

Response DefaultHttpResponse(decodeResult: success, version: HTTP/1.1)
HTTP/1.1 200 OK
Content-Type: application/json; charset=utf-8
cache-control: no-cache
content-length: 88

20:30:01.714 [AsyncHttpClient-1-6] DEBUG org.asynchttpclient.netty.channel.ChannelManager - Adding key: http://localhost:58638 for channel [id: 0x7039ec3f, L:/127.0.0.1:57384 - R:localhost/127.0.0.1:58638]
20:30:01.722 [Forwarding sendKeysToElement on session 5215d3d4b4f394d4eba2a85e1cb6e8e5 to remote] DEBUG org.asynchttpclient.netty.request.NettyRequestSender - Using pooled Channel '[id: 0x7039ec3f, L:/127.0.0.1:57384 - R:localhost/127.0.0.1:58638]' for 'POST' to 'http://localhost:58638/session/5215d3d4b4f394d4eba2a85e1cb6e8e5/element/1ed6ace3-8a13-4677-8f62-7eb8d3ffaf5f/value'
20:30:01.722 [Forwarding sendKeysToElement on session 5215d3d4b4f394d4eba2a85e1cb6e8e5 to remote] DEBUG org.asynchttpclient.netty.request.NettyRequestSender - Using open Channel [id: 0x7039ec3f, L:/127.0.0.1:57384 - R:localhost/127.0.0.1:58638] for POST '/session/5215d3d4b4f394d4eba2a85e1cb6e8e5/element/1ed6ace3-8a13-4677-8f62-7eb8d3ffaf5f/value'
20:30:02.153 [AsyncHttpClient-1-6] DEBUG org.asynchttpclient.netty.handler.HttpHandler - 

Request DefaultHttpRequest(decodeResult: success, version: HTTP/1.1)
POST /session/5215d3d4b4f394d4eba2a85e1cb6e8e5/element/1ed6ace3-8a13-4677-8f62-7eb8d3ffaf5f/value HTTP/1.1
User-Agent: selenium/4.1.2 (java windows)
Content-Length: 181
Content-Type: application/json; charset=utf-8
host: localhost:58638
accept: */*

Response DefaultHttpResponse(decodeResult: success, version: HTTP/1.1)
HTTP/1.1 200 OK
Content-Type: application/json; charset=utf-8
cache-control: no-cache
content-length: 14

20:30:02.153 [AsyncHttpClient-1-6] DEBUG org.asynchttpclient.netty.channel.ChannelManager - Adding key: http://localhost:58638 for channel [id: 0x7039ec3f, L:/127.0.0.1:57384 - R:localhost/127.0.0.1:58638]
20:30:02.161 [Forwarding findElement on session 5215d3d4b4f394d4eba2a85e1cb6e8e5 to remote] DEBUG org.asynchttpclient.netty.request.NettyRequestSender - Using pooled Channel '[id: 0x7039ec3f, L:/127.0.0.1:57384 - R:localhost/127.0.0.1:58638]' for 'POST' to 'http://localhost:58638/session/5215d3d4b4f394d4eba2a85e1cb6e8e5/element'
20:30:02.161 [Forwarding findElement on session 5215d3d4b4f394d4eba2a85e1cb6e8e5 to remote] DEBUG org.asynchttpclient.netty.request.NettyRequestSender - Using open Channel [id: 0x7039ec3f, L:/127.0.0.1:57384 - R:localhost/127.0.0.1:58638] for POST '/session/5215d3d4b4f394d4eba2a85e1cb6e8e5/element'
20:30:02.185 [AsyncHttpClient-1-6] DEBUG org.asynchttpclient.netty.handler.HttpHandler - 

Request DefaultHttpRequest(decodeResult: success, version: HTTP/1.1)
POST /session/5215d3d4b4f394d4eba2a85e1cb6e8e5/element HTTP/1.1
User-Agent: selenium/4.1.2 (java windows)
Content-Length: 70
Content-Type: application/json; charset=utf-8
host: localhost:58638
accept: */*

Response DefaultHttpResponse(decodeResult: success, version: HTTP/1.1)
HTTP/1.1 200 OK
Content-Type: application/json; charset=utf-8
cache-control: no-cache
content-length: 88

20:30:02.185 [AsyncHttpClient-1-6] DEBUG org.asynchttpclient.netty.channel.ChannelManager - Adding key: http://localhost:58638 for channel [id: 0x7039ec3f, L:/127.0.0.1:57384 - R:localhost/127.0.0.1:58638]
20:30:02.196 [Forwarding sendKeysToElement on session 5215d3d4b4f394d4eba2a85e1cb6e8e5 to remote] DEBUG org.asynchttpclient.netty.request.NettyRequestSender - Using pooled Channel '[id: 0x7039ec3f, L:/127.0.0.1:57384 - R:localhost/127.0.0.1:58638]' for 'POST' to 'http://localhost:58638/session/5215d3d4b4f394d4eba2a85e1cb6e8e5/element/75636216-6300-4372-953f-c458291c447e/value'
20:30:02.196 [Forwarding sendKeysToElement on session 5215d3d4b4f394d4eba2a85e1cb6e8e5 to remote] DEBUG org.asynchttpclient.netty.request.NettyRequestSender - Using open Channel [id: 0x7039ec3f, L:/127.0.0.1:57384 - R:localhost/127.0.0.1:58638] for POST '/session/5215d3d4b4f394d4eba2a85e1cb6e8e5/element/75636216-6300-4372-953f-c458291c447e/value'
20:30:02.686 [AsyncHttpClient-1-1] DEBUG org.asynchttpclient.netty.channel.DefaultChannelPool - Entry count for : http://localhost:57385 : 1
20:30:02.686 [AsyncHttpClient-1-6] DEBUG org.asynchttpclient.netty.handler.HttpHandler - 

Request DefaultHttpRequest(decodeResult: success, version: HTTP/1.1)
POST /session/5215d3d4b4f394d4eba2a85e1cb6e8e5/element/75636216-6300-4372-953f-c458291c447e/value HTTP/1.1
User-Agent: selenium/4.1.2 (java windows)
Content-Length: 181
Content-Type: application/json; charset=utf-8
host: localhost:58638
accept: */*

Response DefaultHttpResponse(decodeResult: success, version: HTTP/1.1)
HTTP/1.1 200 OK
Content-Type: application/json; charset=utf-8
cache-control: no-cache
content-length: 14

20:30:02.686 [AsyncHttpClient-1-6] DEBUG org.asynchttpclient.netty.channel.ChannelManager - Adding key: http://localhost:58638 for channel [id: 0x7039ec3f, L:/127.0.0.1:57384 - R:localhost/127.0.0.1:58638]
20:30:02.702 [Forwarding screenshot on session 5215d3d4b4f394d4eba2a85e1cb6e8e5 to remote] DEBUG org.asynchttpclient.netty.request.NettyRequestSender - Using pooled Channel '[id: 0x7039ec3f, L:/127.0.0.1:57384 - R:localhost/127.0.0.1:58638]' for 'GET' to 'http://localhost:58638/session/5215d3d4b4f394d4eba2a85e1cb6e8e5/screenshot'
20:30:02.702 [Forwarding screenshot on session 5215d3d4b4f394d4eba2a85e1cb6e8e5 to remote] DEBUG org.asynchttpclient.netty.request.NettyRequestSender - Using open Channel [id: 0x7039ec3f, L:/127.0.0.1:57384 - R:localhost/127.0.0.1:58638] for GET '/session/5215d3d4b4f394d4eba2a85e1cb6e8e5/screenshot'
20:30:03.134 [AsyncHttpClient-1-6] DEBUG org.asynchttpclient.netty.handler.HttpHandler - 

Request DefaultFullHttpRequest(decodeResult: success, version: HTTP/1.1, content: EmptyByteBufBE)
GET /session/5215d3d4b4f394d4eba2a85e1cb6e8e5/screenshot HTTP/1.1
User-Agent: selenium/4.1.2 (java windows)
Cache-Control: no-cache
Content-Type: application/json; charset=utf-8
host: localhost:58638
accept: */*

Response DefaultHttpResponse(decodeResult: success, version: HTTP/1.1)
HTTP/1.1 200 OK
Content-Type: application/json; charset=utf-8
cache-control: no-cache
content-length: 363416

20:30:03.142 [AsyncHttpClient-1-6] DEBUG org.asynchttpclient.netty.channel.ChannelManager - Adding key: http://localhost:58638 for channel [id: 0x7039ec3f, L:/127.0.0.1:57384 - R:localhost/127.0.0.1:58638]
20:30:03.174 [main] DEBUG net.serenitybdd.core.photography.Darkroom - Send negative for processing for target\site\serenity\04ea104149aaa6edbf85dc2280644cf1b9f30d67cc3c64ab4db52338ca671cf1.png
20:30:03.174 [main] DEBUG net.thucydides.core.steps.StepInterceptor - STEP DONE: inputDataDokter
20:30:03.174 [Darkroom Processing Line] DEBUG net.serenitybdd.core.photography.DarkroomProcessingLine - Processing screenshot image in /var/screenshots/screenshot-608530277180602207
  &amp#27;[32mThen &amp#27;[0m&amp#27;[32mI input &amp#27;[0m&amp#27;[32m&amp#27;[1m"Bagas"&amp#27;[0m&amp#27;[32m &amp#27;[0m&amp#27;[32m&amp#27;[1m"12344"&amp#27;[0m&amp#27;[32m &amp#27;[0m&amp#27;[32m&amp#27;[1m""&amp#27;[0m&amp#27;[32m &amp#27;[0m&amp#27;[32m&amp#27;[1m"BagasBedah"&amp#27;[0m&amp#27;[32m &amp#27;[0m&amp#27;[32m&amp#27;[1m"BagasBedah"&amp#27;[0m&amp#27;[32m dokter&amp#27;[0m &amp#27;[90m# starter.stepdefinitios.DokterDataSteps.iInputDokter(java.lang.String,java.lang.String,java.lang.String,java.lang.String,java.lang.String)&amp#27;[0m
20:30:03.174 [Darkroom Processing Line] DEBUG net.serenitybdd.core.photography.DarkroomProcessingLine - Saving screenshot to target\site\serenity\04ea104149aaa6edbf85dc2280644cf1b9f30d67cc3c64ab4db52338ca671cf1.png
20:30:03.230 [Forwarding screenshot on session 5215d3d4b4f394d4eba2a85e1cb6e8e5 to remote] DEBUG org.asynchttpclient.netty.request.NettyRequestSender - Using pooled Channel '[id: 0x7039ec3f, L:/127.0.0.1:57384 - R:localhost/127.0.0.1:58638]' for 'GET' to 'http://localhost:58638/session/5215d3d4b4f394d4eba2a85e1cb6e8e5/screenshot'
20:30:03.230 [Forwarding screenshot on session 5215d3d4b4f394d4eba2a85e1cb6e8e5 to remote] DEBUG org.asynchttpclient.netty.request.NettyRequestSender - Using open Channel [id: 0x7039ec3f, L:/127.0.0.1:57384 - R:localhost/127.0.0.1:58638] for GET '/session/5215d3d4b4f394d4eba2a85e1cb6e8e5/screenshot'
20:30:03.598 [AsyncHttpClient-1-6] DEBUG org.asynchttpclient.netty.handler.HttpHandler - 

Request DefaultFullHttpRequest(decodeResult: success, version: HTTP/1.1, content: EmptyByteBufBE)
GET /session/5215d3d4b4f394d4eba2a85e1cb6e8e5/screenshot HTTP/1.1
User-Agent: selenium/4.1.2 (java windows)
Cache-Control: no-cache
Content-Type: application/json; charset=utf-8
host: localhost:58638
accept: */*

Response DefaultHttpResponse(decodeResult: success, version: HTTP/1.1)
HTTP/1.1 200 OK
Content-Type: application/json; charset=utf-8
cache-control: no-cache
content-length: 363400

20:30:03.606 [AsyncHttpClient-1-6] DEBUG org.asynchttpclient.netty.channel.ChannelManager - Adding key: http://localhost:58638 for channel [id: 0x7039ec3f, L:/127.0.0.1:57384 - R:localhost/127.0.0.1:58638]
20:30:03.638 [main] DEBUG net.serenitybdd.core.photography.Darkroom - Send negative for processing for target\site\serenity\3ac578421008049da5c4c9bb364390e51f6e47c18b9e89315bfb6b6b15740add.png
20:30:03.638 [Darkroom Processing Line] DEBUG net.serenitybdd.core.photography.DarkroomProcessingLine - Processing screenshot image in /var/screenshots/screenshot-1422129505590615886
20:30:03.638 [Darkroom Processing Line] DEBUG net.serenitybdd.core.photography.DarkroomProcessingLine - Saving screenshot to target\site\serenity\3ac578421008049da5c4c9bb364390e51f6e47c18b9e89315bfb6b6b15740add.png
20:30:03.662 [main] DEBUG net.thucydides.core.steps.StepInterceptor - STARTING STEP: PatientDataSteps.clickButtonSimpan - clickButtonSave
20:30:03.670 [Forwarding findElement on session 5215d3d4b4f394d4eba2a85e1cb6e8e5 to remote] DEBUG org.asynchttpclient.netty.request.NettyRequestSender - Using pooled Channel '[id: 0x7039ec3f, L:/127.0.0.1:57384 - R:localhost/127.0.0.1:58638]' for 'POST' to 'http://localhost:58638/session/5215d3d4b4f394d4eba2a85e1cb6e8e5/element'
20:30:03.670 [Forwarding findElement on session 5215d3d4b4f394d4eba2a85e1cb6e8e5 to remote] DEBUG org.asynchttpclient.netty.request.NettyRequestSender - Using open Channel [id: 0x7039ec3f, L:/127.0.0.1:57384 - R:localhost/127.0.0.1:58638] for POST '/session/5215d3d4b4f394d4eba2a85e1cb6e8e5/element'
20:30:03.694 [AsyncHttpClient-1-6] DEBUG org.asynchttpclient.netty.handler.HttpHandler - 

Request DefaultHttpRequest(decodeResult: success, version: HTTP/1.1)
POST /session/5215d3d4b4f394d4eba2a85e1cb6e8e5/element HTTP/1.1
User-Agent: selenium/4.1.2 (java windows)
Content-Length: 68
Content-Type: application/json; charset=utf-8
host: localhost:58638
accept: */*

Response DefaultHttpResponse(decodeResult: success, version: HTTP/1.1)
HTTP/1.1 200 OK
Content-Type: application/json; charset=utf-8
cache-control: no-cache
content-length: 88

20:30:03.694 [AsyncHttpClient-1-6] DEBUG org.asynchttpclient.netty.channel.ChannelManager - Adding key: http://localhost:58638 for channel [id: 0x7039ec3f, L:/127.0.0.1:57384 - R:localhost/127.0.0.1:58638]
20:30:03.694 [Forwarding getElementTagName on session 5215d3d4b4f394d4eba2a85e1cb6e8e5 to remote] DEBUG org.asynchttpclient.netty.request.NettyRequestSender - Using pooled Channel '[id: 0x7039ec3f, L:/127.0.0.1:57384 - R:localhost/127.0.0.1:58638]' for 'GET' to 'http://localhost:58638/session/5215d3d4b4f394d4eba2a85e1cb6e8e5/element/d5eea8f1-a9ee-4e02-9696-91fc3224bd07/name'
20:30:03.694 [Forwarding getElementTagName on session 5215d3d4b4f394d4eba2a85e1cb6e8e5 to remote] DEBUG org.asynchttpclient.netty.request.NettyRequestSender - Using open Channel [id: 0x7039ec3f, L:/127.0.0.1:57384 - R:localhost/127.0.0.1:58638] for GET '/session/5215d3d4b4f394d4eba2a85e1cb6e8e5/element/d5eea8f1-a9ee-4e02-9696-91fc3224bd07/name'
20:30:03.702 [AsyncHttpClient-1-6] DEBUG org.asynchttpclient.netty.handler.HttpHandler - 

Request DefaultFullHttpRequest(decodeResult: success, version: HTTP/1.1, content: EmptyByteBufBE)
GET /session/5215d3d4b4f394d4eba2a85e1cb6e8e5/element/d5eea8f1-a9ee-4e02-9696-91fc3224bd07/name HTTP/1.1
User-Agent: selenium/4.1.2 (java windows)
Cache-Control: no-cache
Content-Type: application/json; charset=utf-8
host: localhost:58638
accept: */*

Response DefaultHttpResponse(decodeResult: success, version: HTTP/1.1)
HTTP/1.1 200 OK
Content-Type: application/json; charset=utf-8
cache-control: no-cache
content-length: 18

20:30:03.702 [AsyncHttpClient-1-6] DEBUG org.asynchttpclient.netty.channel.ChannelManager - Adding key: http://localhost:58638 for channel [id: 0x7039ec3f, L:/127.0.0.1:57384 - R:localhost/127.0.0.1:58638]
20:30:03.710 [Forwarding getElementTagName on session 5215d3d4b4f394d4eba2a85e1cb6e8e5 to remote] DEBUG org.asynchttpclient.netty.request.NettyRequestSender - Using pooled Channel '[id: 0x7039ec3f, L:/127.0.0.1:57384 - R:localhost/127.0.0.1:58638]' for 'GET' to 'http://localhost:58638/session/5215d3d4b4f394d4eba2a85e1cb6e8e5/element/d5eea8f1-a9ee-4e02-9696-91fc3224bd07/name'
20:30:03.710 [Forwarding getElementTagName on session 5215d3d4b4f394d4eba2a85e1cb6e8e5 to remote] DEBUG org.asynchttpclient.netty.request.NettyRequestSender - Using open Channel [id: 0x7039ec3f, L:/127.0.0.1:57384 - R:localhost/127.0.0.1:58638] for GET '/session/5215d3d4b4f394d4eba2a85e1cb6e8e5/element/d5eea8f1-a9ee-4e02-9696-91fc3224bd07/name'
20:30:03.718 [AsyncHttpClient-1-6] DEBUG org.asynchttpclient.netty.handler.HttpHandler - 

Request DefaultFullHttpRequest(decodeResult: success, version: HTTP/1.1, content: EmptyByteBufBE)
GET /session/5215d3d4b4f394d4eba2a85e1cb6e8e5/element/d5eea8f1-a9ee-4e02-9696-91fc3224bd07/name HTTP/1.1
User-Agent: selenium/4.1.2 (java windows)
Cache-Control: no-cache
Content-Type: application/json; charset=utf-8
host: localhost:58638
accept: */*

Response DefaultHttpResponse(decodeResult: success, version: HTTP/1.1)
HTTP/1.1 200 OK
Content-Type: application/json; charset=utf-8
cache-control: no-cache
content-length: 18

20:30:03.718 [AsyncHttpClient-1-6] DEBUG org.asynchttpclient.netty.channel.ChannelManager - Adding key: http://localhost:58638 for channel [id: 0x7039ec3f, L:/127.0.0.1:57384 - R:localhost/127.0.0.1:58638]
20:30:03.726 [Forwarding isElementEnabled on session 5215d3d4b4f394d4eba2a85e1cb6e8e5 to remote] DEBUG org.asynchttpclient.netty.request.NettyRequestSender - Using pooled Channel '[id: 0x7039ec3f, L:/127.0.0.1:57384 - R:localhost/127.0.0.1:58638]' for 'GET' to 'http://localhost:58638/session/5215d3d4b4f394d4eba2a85e1cb6e8e5/element/d5eea8f1-a9ee-4e02-9696-91fc3224bd07/enabled'
20:30:03.726 [Forwarding isElementEnabled on session 5215d3d4b4f394d4eba2a85e1cb6e8e5 to remote] DEBUG org.asynchttpclient.netty.request.NettyRequestSender - Using open Channel [id: 0x7039ec3f, L:/127.0.0.1:57384 - R:localhost/127.0.0.1:58638] for GET '/session/5215d3d4b4f394d4eba2a85e1cb6e8e5/element/d5eea8f1-a9ee-4e02-9696-91fc3224bd07/enabled'
20:30:03.774 [AsyncHttpClient-1-6] DEBUG org.asynchttpclient.netty.handler.HttpHandler - 

Request DefaultFullHttpRequest(decodeResult: success, version: HTTP/1.1, content: EmptyByteBufBE)
GET /session/5215d3d4b4f394d4eba2a85e1cb6e8e5/element/d5eea8f1-a9ee-4e02-9696-91fc3224bd07/enabled HTTP/1.1
User-Agent: selenium/4.1.2 (java windows)
Cache-Control: no-cache
Content-Type: application/json; charset=utf-8
host: localhost:58638
accept: */*

Response DefaultHttpResponse(decodeResult: success, version: HTTP/1.1)
HTTP/1.1 200 OK
Content-Type: application/json; charset=utf-8
cache-control: no-cache
content-length: 14

20:30:03.774 [AsyncHttpClient-1-6] DEBUG org.asynchttpclient.netty.channel.ChannelManager - Adding key: http://localhost:58638 for channel [id: 0x7039ec3f, L:/127.0.0.1:57384 - R:localhost/127.0.0.1:58638]
20:30:03.774 [Forwarding isElementEnabled on session 5215d3d4b4f394d4eba2a85e1cb6e8e5 to remote] DEBUG org.asynchttpclient.netty.request.NettyRequestSender - Using pooled Channel '[id: 0x7039ec3f, L:/127.0.0.1:57384 - R:localhost/127.0.0.1:58638]' for 'GET' to 'http://localhost:58638/session/5215d3d4b4f394d4eba2a85e1cb6e8e5/element/d5eea8f1-a9ee-4e02-9696-91fc3224bd07/enabled'
20:30:03.774 [Forwarding isElementEnabled on session 5215d3d4b4f394d4eba2a85e1cb6e8e5 to remote] DEBUG org.asynchttpclient.netty.request.NettyRequestSender - Using open Channel [id: 0x7039ec3f, L:/127.0.0.1:57384 - R:localhost/127.0.0.1:58638] for GET '/session/5215d3d4b4f394d4eba2a85e1cb6e8e5/element/d5eea8f1-a9ee-4e02-9696-91fc3224bd07/enabled'
20:30:03.790 [AsyncHttpClient-1-1] DEBUG org.asynchttpclient.netty.channel.DefaultChannelPool - Entry count for : http://localhost:57385 : 1
20:30:03.790 [AsyncHttpClient-1-6] DEBUG org.asynchttpclient.netty.handler.HttpHandler - 

Request DefaultFullHttpRequest(decodeResult: success, version: HTTP/1.1, content: EmptyByteBufBE)
GET /session/5215d3d4b4f394d4eba2a85e1cb6e8e5/element/d5eea8f1-a9ee-4e02-9696-91fc3224bd07/enabled HTTP/1.1
User-Agent: selenium/4.1.2 (java windows)
Cache-Control: no-cache
Content-Type: application/json; charset=utf-8
host: localhost:58638
accept: */*

Response DefaultHttpResponse(decodeResult: success, version: HTTP/1.1)
HTTP/1.1 200 OK
Content-Type: application/json; charset=utf-8
cache-control: no-cache
content-length: 14

20:30:03.798 [AsyncHttpClient-1-6] DEBUG org.asynchttpclient.netty.channel.ChannelManager - Adding key: http://localhost:58638 for channel [id: 0x7039ec3f, L:/127.0.0.1:57384 - R:localhost/127.0.0.1:58638]
20:30:03.798 [Forwarding findElement on session 5215d3d4b4f394d4eba2a85e1cb6e8e5 to remote] DEBUG org.asynchttpclient.netty.request.NettyRequestSender - Using pooled Channel '[id: 0x7039ec3f, L:/127.0.0.1:57384 - R:localhost/127.0.0.1:58638]' for 'POST' to 'http://localhost:58638/session/5215d3d4b4f394d4eba2a85e1cb6e8e5/element'
20:30:03.798 [Forwarding findElement on session 5215d3d4b4f394d4eba2a85e1cb6e8e5 to remote] DEBUG org.asynchttpclient.netty.request.NettyRequestSender - Using open Channel [id: 0x7039ec3f, L:/127.0.0.1:57384 - R:localhost/127.0.0.1:58638] for POST '/session/5215d3d4b4f394d4eba2a85e1cb6e8e5/element'
20:30:03.830 [AsyncHttpClient-1-6] DEBUG org.asynchttpclient.netty.handler.HttpHandler - 

Request DefaultHttpRequest(decodeResult: success, version: HTTP/1.1)
POST /session/5215d3d4b4f394d4eba2a85e1cb6e8e5/element HTTP/1.1
User-Agent: selenium/4.1.2 (java windows)
Content-Length: 68
Content-Type: application/json; charset=utf-8
host: localhost:58638
accept: */*

Response DefaultHttpResponse(decodeResult: success, version: HTTP/1.1)
HTTP/1.1 200 OK
Content-Type: application/json; charset=utf-8
cache-control: no-cache
content-length: 88

20:30:03.830 [AsyncHttpClient-1-6] DEBUG org.asynchttpclient.netty.channel.ChannelManager - Adding key: http://localhost:58638 for channel [id: 0x7039ec3f, L:/127.0.0.1:57384 - R:localhost/127.0.0.1:58638]
20:30:03.838 [Forwarding clickElement on session 5215d3d4b4f394d4eba2a85e1cb6e8e5 to remote] DEBUG org.asynchttpclient.netty.request.NettyRequestSender - Using pooled Channel '[id: 0x7039ec3f, L:/127.0.0.1:57384 - R:localhost/127.0.0.1:58638]' for 'POST' to 'http://localhost:58638/session/5215d3d4b4f394d4eba2a85e1cb6e8e5/element/d5eea8f1-a9ee-4e02-9696-91fc3224bd07/click'
20:30:03.838 [Forwarding clickElement on session 5215d3d4b4f394d4eba2a85e1cb6e8e5 to remote] DEBUG org.asynchttpclient.netty.request.NettyRequestSender - Using open Channel [id: 0x7039ec3f, L:/127.0.0.1:57384 - R:localhost/127.0.0.1:58638] for POST '/session/5215d3d4b4f394d4eba2a85e1cb6e8e5/element/d5eea8f1-a9ee-4e02-9696-91fc3224bd07/click'
20:30:03.961 [AsyncHttpClient-1-6] DEBUG org.asynchttpclient.netty.handler.HttpHandler - 

Request DefaultHttpRequest(decodeResult: success, version: HTTP/1.1)
POST /session/5215d3d4b4f394d4eba2a85e1cb6e8e5/element/d5eea8f1-a9ee-4e02-9696-91fc3224bd07/click HTTP/1.1
User-Agent: selenium/4.1.2 (java windows)
Content-Length: 50
Content-Type: application/json; charset=utf-8
host: localhost:58638
accept: */*

Response DefaultHttpResponse(decodeResult: success, version: HTTP/1.1)
HTTP/1.1 200 OK
Content-Type: application/json; charset=utf-8
cache-control: no-cache
content-length: 14

20:30:03.961 [AsyncHttpClient-1-6] DEBUG org.asynchttpclient.netty.channel.ChannelManager - Adding key: http://localhost:58638 for channel [id: 0x7039ec3f, L:/127.0.0.1:57384 - R:localhost/127.0.0.1:58638]
20:30:03.977 [Forwarding screenshot on session 5215d3d4b4f394d4eba2a85e1cb6e8e5 to remote] DEBUG org.asynchttpclient.netty.request.NettyRequestSender - Using pooled Channel '[id: 0x7039ec3f, L:/127.0.0.1:57384 - R:localhost/127.0.0.1:58638]' for 'GET' to 'http://localhost:58638/session/5215d3d4b4f394d4eba2a85e1cb6e8e5/screenshot'
20:30:03.977 [Forwarding screenshot on session 5215d3d4b4f394d4eba2a85e1cb6e8e5 to remote] DEBUG org.asynchttpclient.netty.request.NettyRequestSender - Using open Channel [id: 0x7039ec3f, L:/127.0.0.1:57384 - R:localhost/127.0.0.1:58638] for GET '/session/5215d3d4b4f394d4eba2a85e1cb6e8e5/screenshot'
20:30:04.689 [AsyncHttpClient-1-6] DEBUG org.asynchttpclient.netty.handler.HttpHandler - 

Request DefaultFullHttpRequest(decodeResult: success, version: HTTP/1.1, content: EmptyByteBufBE)
GET /session/5215d3d4b4f394d4eba2a85e1cb6e8e5/screenshot HTTP/1.1
User-Agent: selenium/4.1.2 (java windows)
Cache-Control: no-cache
Content-Type: application/json; charset=utf-8
host: localhost:58638
accept: */*

Response DefaultHttpResponse(decodeResult: success, version: HTTP/1.1)
HTTP/1.1 500 Internal Server Error
Content-Type: application/json; charset=utf-8
cache-control: no-cache
content-length: 854

20:30:04.689 [AsyncHttpClient-1-6] DEBUG org.asynchttpclient.netty.channel.ChannelManager - Adding key: http://localhost:58638 for channel [id: 0x7039ec3f, L:/127.0.0.1:57384 - R:localhost/127.0.0.1:58638]
20:30:04.737 [main] WARN net.thucydides.core.webdriver.WebDriverFacade - Failed to take screenshot (unexpected alert open: <unknown>
  (Session info: chrome=102.0.5005.115): 
Build info: version: '4.1.2', revision: '9a5a329c5a'
System info: host: 'MOOK-HON', ip: '192.168.100.6', os.name: 'Windows 10', os.arch: 'amd64', os.version: '10.0', java.version: '11.0.14'
Driver info: org.openqa.selenium.chrome.ChromeDriver
Command: [5215d3d4b4f394d4eba2a85e1cb6e8e5, screenshot {}]
Capabilities {acceptInsecureCerts: false, browserName: chrome, browserVersion: 102.0.5005.115, chrome: {chromedriverVersion: 102.0.5005.61 (0e59bcc00cc4..., userDataDir: C:\Users\ASUS\AppData\Local...}, goog:chromeOptions: {debuggerAddress: localhost:57385}, javascriptEnabled: true, networkConnectionEnabled: false, pageLoadStrategy: normal, platform: WINDOWS, platformName: WINDOWS, proxy: Proxy(), se:cdp: ws://localhost:57385/devtoo..., se:cdpVersion: 102.0.5005.115, setWindowRect: true, strictFileInteractability: false, timeouts: {implicit: 0, pageLoad: 300000, script: 30000}, unhandledPromptBehavior: dismiss and notify, webauthn:extension:credBlob: true, webauthn:extension:largeBlob: true, webauthn:virtualAuthenticators: true}
Session ID: 5215d3d4b4f394d4eba2a85e1cb6e8e5)
20:30:04.737 [main] DEBUG net.thucydides.core.steps.StepInterceptor - STEP DONE: clickButtonSave
  &amp#27;[32mAnd &amp#27;[0m&amp#27;[32mClick button simpan&amp#27;[0m                                          &amp#27;[90m# starter.stepdefinitios.PatientDataSteps.clickButtonSimpan()&amp#27;[0m
20:30:04.769 [Forwarding screenshot on session 5215d3d4b4f394d4eba2a85e1cb6e8e5 to remote] DEBUG org.asynchttpclient.netty.request.NettyRequestSender - Using pooled Channel '[id: 0x7039ec3f, L:/127.0.0.1:57384 - R:localhost/127.0.0.1:58638]' for 'GET' to 'http://localhost:58638/session/5215d3d4b4f394d4eba2a85e1cb6e8e5/screenshot'
20:30:04.769 [Forwarding screenshot on session 5215d3d4b4f394d4eba2a85e1cb6e8e5 to remote] DEBUG org.asynchttpclient.netty.request.NettyRequestSender - Using open Channel [id: 0x7039ec3f, L:/127.0.0.1:57384 - R:localhost/127.0.0.1:58638] for GET '/session/5215d3d4b4f394d4eba2a85e1cb6e8e5/screenshot'
20:30:04.937 [AsyncHttpClient-1-6] DEBUG org.asynchttpclient.netty.handler.HttpHandler - 

Request DefaultFullHttpRequest(decodeResult: success, version: HTTP/1.1, content: EmptyByteBufBE)
GET /session/5215d3d4b4f394d4eba2a85e1cb6e8e5/screenshot HTTP/1.1
User-Agent: selenium/4.1.2 (java windows)
Cache-Control: no-cache
Content-Type: application/json; charset=utf-8
host: localhost:58638
accept: */*

Response DefaultHttpResponse(decodeResult: success, version: HTTP/1.1)
HTTP/1.1 500 Internal Server Error
Content-Type: application/json; charset=utf-8
cache-control: no-cache
content-length: 893

20:30:04.937 [AsyncHttpClient-1-6] DEBUG org.asynchttpclient.netty.channel.ChannelManager - Adding key: http://localhost:58638 for channel [id: 0x7039ec3f, L:/127.0.0.1:57384 - R:localhost/127.0.0.1:58638]
20:30:04.937 [AsyncHttpClient-1-1] DEBUG org.asynchttpclient.netty.channel.DefaultChannelPool - Entry count for : http://localhost:57385 : 1
20:30:04.937 [AsyncHttpClient-1-1] DEBUG org.asynchttpclient.netty.channel.DefaultChannelPool - Entry count for : http://localhost:58638 : 1
20:30:04.945 [main] WARN net.thucydides.core.webdriver.WebDriverFacade - Failed to take screenshot (unexpected alert open: {Alert text : Data telah ditambah}
  (Session info: chrome=102.0.5005.115): Data telah ditambah
Build info: version: '4.1.2', revision: '9a5a329c5a'
System info: host: 'MOOK-HON', ip: '192.168.100.6', os.name: 'Windows 10', os.arch: 'amd64', os.version: '10.0', java.version: '11.0.14'
Driver info: org.openqa.selenium.chrome.ChromeDriver
Command: [5215d3d4b4f394d4eba2a85e1cb6e8e5, screenshot {}]
Capabilities {acceptInsecureCerts: false, browserName: chrome, browserVersion: 102.0.5005.115, chrome: {chromedriverVersion: 102.0.5005.61 (0e59bcc00cc4..., userDataDir: C:\Users\ASUS\AppData\Local...}, goog:chromeOptions: {debuggerAddress: localhost:57385}, javascriptEnabled: true, networkConnectionEnabled: false, pageLoadStrategy: normal, platform: WINDOWS, platformName: WINDOWS, proxy: Proxy(), se:cdp: ws://localhost:57385/devtoo..., se:cdpVersion: 102.0.5005.115, setWindowRect: true, strictFileInteractability: false, timeouts: {implicit: 0, pageLoad: 300000, script: 30000}, unhandledPromptBehavior: dismiss and notify, webauthn:extension:credBlob: true, webauthn:extension:largeBlob: true, webauthn:virtualAuthenticators: true}
Session ID: 5215d3d4b4f394d4eba2a85e1cb6e8e5)
20:30:04.969 [Forwarding screenshot on session 5215d3d4b4f394d4eba2a85e1cb6e8e5 to remote] DEBUG org.asynchttpclient.netty.request.NettyRequestSender - Using pooled Channel '[id: 0x7039ec3f, L:/127.0.0.1:57384 - R:localhost/127.0.0.1:58638]' for 'GET' to 'http://localhost:58638/session/5215d3d4b4f394d4eba2a85e1cb6e8e5/screenshot'
20:30:04.969 [Forwarding screenshot on session 5215d3d4b4f394d4eba2a85e1cb6e8e5 to remote] DEBUG org.asynchttpclient.netty.request.NettyRequestSender - Using open Channel [id: 0x7039ec3f, L:/127.0.0.1:57384 - R:localhost/127.0.0.1:58638] for GET '/session/5215d3d4b4f394d4eba2a85e1cb6e8e5/screenshot'
20:30:05.745 [AsyncHttpClient-1-6] DEBUG org.asynchttpclient.netty.handler.HttpHandler - 

Request DefaultFullHttpRequest(decodeResult: success, version: HTTP/1.1, content: EmptyByteBufBE)
GET /session/5215d3d4b4f394d4eba2a85e1cb6e8e5/screenshot HTTP/1.1
User-Agent: selenium/4.1.2 (java windows)
Cache-Control: no-cache
Content-Type: application/json; charset=utf-8
host: localhost:58638
accept: */*

Response DefaultHttpResponse(decodeResult: success, version: HTTP/1.1)
HTTP/1.1 200 OK
Content-Type: application/json; charset=utf-8
cache-control: no-cache
content-length: 71412

20:30:05.745 [AsyncHttpClient-1-6] DEBUG org.asynchttpclient.netty.channel.ChannelManager - Adding key: http://localhost:58638 for channel [id: 0x7039ec3f, L:/127.0.0.1:57384 - R:localhost/127.0.0.1:58638]
20:30:05.753 [main] DEBUG net.serenitybdd.core.photography.Darkroom - Send negative for processing for target\site\serenity\641553ea0c7ee1350e9d99c43bd8b22ab0037bbbf11d544d65f62061eb96ca5a.png
20:30:05.992 [AsyncHttpClient-1-1] DEBUG org.asynchttpclient.netty.channel.DefaultChannelPool - Entry count for : http://localhost:57385 : 1
20:30:05.992 [AsyncHttpClient-1-1] DEBUG org.asynchttpclient.netty.channel.DefaultChannelPool - Entry count for : http://localhost:58638 : 1
20:30:06.304 [Forwarding screenshot on session 5215d3d4b4f394d4eba2a85e1cb6e8e5 to remote] DEBUG org.asynchttpclient.netty.request.NettyRequestSender - Using pooled Channel '[id: 0x7039ec3f, L:/127.0.0.1:57384 - R:localhost/127.0.0.1:58638]' for 'GET' to 'http://localhost:58638/session/5215d3d4b4f394d4eba2a85e1cb6e8e5/screenshot'
20:30:06.304 [Forwarding screenshot on session 5215d3d4b4f394d4eba2a85e1cb6e8e5 to remote] DEBUG org.asynchttpclient.netty.request.NettyRequestSender - Using open Channel [id: 0x7039ec3f, L:/127.0.0.1:57384 - R:localhost/127.0.0.1:58638] for GET '/session/5215d3d4b4f394d4eba2a85e1cb6e8e5/screenshot'
20:30:06.728 [AsyncHttpClient-1-6] DEBUG org.asynchttpclient.netty.handler.HttpHandler - 

Request DefaultFullHttpRequest(decodeResult: success, version: HTTP/1.1, content: EmptyByteBufBE)
GET /session/5215d3d4b4f394d4eba2a85e1cb6e8e5/screenshot HTTP/1.1
User-Agent: selenium/4.1.2 (java windows)
Cache-Control: no-cache
Content-Type: application/json; charset=utf-8
host: localhost:58638
accept: */*

Response DefaultHttpResponse(decodeResult: success, version: HTTP/1.1)
HTTP/1.1 200 OK
Content-Type: application/json; charset=utf-8
cache-control: no-cache
content-length: 93040

20:30:06.728 [AsyncHttpClient-1-6] DEBUG org.asynchttpclient.netty.channel.ChannelManager - Adding key: http://localhost:58638 for channel [id: 0x7039ec3f, L:/127.0.0.1:57384 - R:localhost/127.0.0.1:58638]
20:30:06.736 [main] DEBUG net.serenitybdd.core.photography.Darkroom - Send negative for processing for target\site\serenity\ee66319f8cb5850ca609fa5af5fccf9e8848aa4d878c3d081ff200c30ff79dfd.png
20:30:06.736 [main] DEBUG net.thucydides.core.steps.StepInterceptor - STARTING STEP: DokterDataSteps.validDataDokter - validPagePasien
20:30:06.752 [Forwarding findElement on session 5215d3d4b4f394d4eba2a85e1cb6e8e5 to remote] DEBUG org.asynchttpclient.netty.request.NettyRequestSender - Using pooled Channel '[id: 0x7039ec3f, L:/127.0.0.1:57384 - R:localhost/127.0.0.1:58638]' for 'POST' to 'http://localhost:58638/session/5215d3d4b4f394d4eba2a85e1cb6e8e5/element'
20:30:06.752 [Forwarding findElement on session 5215d3d4b4f394d4eba2a85e1cb6e8e5 to remote] DEBUG org.asynchttpclient.netty.request.NettyRequestSender - Using open Channel [id: 0x7039ec3f, L:/127.0.0.1:57384 - R:localhost/127.0.0.1:58638] for POST '/session/5215d3d4b4f394d4eba2a85e1cb6e8e5/element'
20:30:06.790 [AsyncHttpClient-1-6] DEBUG org.asynchttpclient.netty.handler.HttpHandler - 

Request DefaultHttpRequest(decodeResult: success, version: HTTP/1.1)
POST /session/5215d3d4b4f394d4eba2a85e1cb6e8e5/element HTTP/1.1
User-Agent: selenium/4.1.2 (java windows)
Content-Length: 126
Content-Type: application/json; charset=utf-8
host: localhost:58638
accept: */*

Response DefaultHttpResponse(decodeResult: success, version: HTTP/1.1)
HTTP/1.1 200 OK
Content-Type: application/json; charset=utf-8
cache-control: no-cache
content-length: 88

20:30:06.790 [AsyncHttpClient-1-6] DEBUG org.asynchttpclient.netty.channel.ChannelManager - Adding key: http://localhost:58638 for channel [id: 0x7039ec3f, L:/127.0.0.1:57384 - R:localhost/127.0.0.1:58638]
20:30:06.798 [Forwarding isElementEnabled on session 5215d3d4b4f394d4eba2a85e1cb6e8e5 to remote] DEBUG org.asynchttpclient.netty.request.NettyRequestSender - Using pooled Channel '[id: 0x7039ec3f, L:/127.0.0.1:57384 - R:localhost/127.0.0.1:58638]' for 'GET' to 'http://localhost:58638/session/5215d3d4b4f394d4eba2a85e1cb6e8e5/element/c6739e6f-b3a3-494d-abda-ec1f88e321cc/enabled'
20:30:06.798 [Forwarding isElementEnabled on session 5215d3d4b4f394d4eba2a85e1cb6e8e5 to remote] DEBUG org.asynchttpclient.netty.request.NettyRequestSender - Using open Channel [id: 0x7039ec3f, L:/127.0.0.1:57384 - R:localhost/127.0.0.1:58638] for GET '/session/5215d3d4b4f394d4eba2a85e1cb6e8e5/element/c6739e6f-b3a3-494d-abda-ec1f88e321cc/enabled'
20:30:06.862 [AsyncHttpClient-1-6] DEBUG org.asynchttpclient.netty.handler.HttpHandler - 

Request DefaultFullHttpRequest(decodeResult: success, version: HTTP/1.1, content: EmptyByteBufBE)
GET /session/5215d3d4b4f394d4eba2a85e1cb6e8e5/element/c6739e6f-b3a3-494d-abda-ec1f88e321cc/enabled HTTP/1.1
User-Agent: selenium/4.1.2 (java windows)
Cache-Control: no-cache
Content-Type: application/json; charset=utf-8
host: localhost:58638
accept: */*

Response DefaultHttpResponse(decodeResult: success, version: HTTP/1.1)
HTTP/1.1 200 OK
Content-Type: application/json; charset=utf-8
cache-control: no-cache
content-length: 14

20:30:06.862 [AsyncHttpClient-1-6] DEBUG org.asynchttpclient.netty.channel.ChannelManager - Adding key: http://localhost:58638 for channel [id: 0x7039ec3f, L:/127.0.0.1:57384 - R:localhost/127.0.0.1:58638]
20:30:06.878 [Forwarding screenshot on session 5215d3d4b4f394d4eba2a85e1cb6e8e5 to remote] DEBUG org.asynchttpclient.netty.request.NettyRequestSender - Using pooled Channel '[id: 0x7039ec3f, L:/127.0.0.1:57384 - R:localhost/127.0.0.1:58638]' for 'GET' to 'http://localhost:58638/session/5215d3d4b4f394d4eba2a85e1cb6e8e5/screenshot'
20:30:06.878 [Forwarding screenshot on session 5215d3d4b4f394d4eba2a85e1cb6e8e5 to remote] DEBUG org.asynchttpclient.netty.request.NettyRequestSender - Using open Channel [id: 0x7039ec3f, L:/127.0.0.1:57384 - R:localhost/127.0.0.1:58638] for GET '/session/5215d3d4b4f394d4eba2a85e1cb6e8e5/screenshot'
20:30:07.094 [AsyncHttpClient-1-1] DEBUG org.asynchttpclient.netty.channel.DefaultChannelPool - Entry count for : http://localhost:57385 : 1
20:30:07.197 [AsyncHttpClient-1-6] DEBUG org.asynchttpclient.netty.handler.HttpHandler - 

Request DefaultFullHttpRequest(decodeResult: success, version: HTTP/1.1, content: EmptyByteBufBE)
GET /session/5215d3d4b4f394d4eba2a85e1cb6e8e5/screenshot HTTP/1.1
User-Agent: selenium/4.1.2 (java windows)
Cache-Control: no-cache
Content-Type: application/json; charset=utf-8
host: localhost:58638
accept: */*

Response DefaultHttpResponse(decodeResult: success, version: HTTP/1.1)
HTTP/1.1 200 OK
Content-Type: application/json; charset=utf-8
cache-control: no-cache
content-length: 93040

20:30:07.197 [AsyncHttpClient-1-6] DEBUG org.asynchttpclient.netty.channel.ChannelManager - Adding key: http://localhost:58638 for channel [id: 0x7039ec3f, L:/127.0.0.1:57384 - R:localhost/127.0.0.1:58638]
20:30:07.213 [main] DEBUG net.serenitybdd.core.photography.Darkroom - Send negative for processing for target\site\serenity\ee66319f8cb5850ca609fa5af5fccf9e8848aa4d878c3d081ff200c30ff79dfd.png
20:30:07.213 [main] DEBUG net.thucydides.core.steps.StepInterceptor - STEP DONE: validPagePasien
  &amp#27;[32mAnd &amp#27;[0m&amp#27;[32mValid data dokter&amp#27;[0m                                            &amp#27;[90m# starter.stepdefinitios.DokterDataSteps.validDataDokter()&amp#27;[0m
20:30:07.285 [Forwarding screenshot on session 5215d3d4b4f394d4eba2a85e1cb6e8e5 to remote] DEBUG org.asynchttpclient.netty.request.NettyRequestSender - Using pooled Channel '[id: 0x7039ec3f, L:/127.0.0.1:57384 - R:localhost/127.0.0.1:58638]' for 'GET' to 'http://localhost:58638/session/5215d3d4b4f394d4eba2a85e1cb6e8e5/screenshot'
20:30:07.293 [Forwarding screenshot on session 5215d3d4b4f394d4eba2a85e1cb6e8e5 to remote] DEBUG org.asynchttpclient.netty.request.NettyRequestSender - Using open Channel [id: 0x7039ec3f, L:/127.0.0.1:57384 - R:localhost/127.0.0.1:58638] for GET '/session/5215d3d4b4f394d4eba2a85e1cb6e8e5/screenshot'
20:30:07.563 [AsyncHttpClient-1-6] DEBUG org.asynchttpclient.netty.handler.HttpHandler - 

Request DefaultFullHttpRequest(decodeResult: success, version: HTTP/1.1, content: EmptyByteBufBE)
GET /session/5215d3d4b4f394d4eba2a85e1cb6e8e5/screenshot HTTP/1.1
User-Agent: selenium/4.1.2 (java windows)
Cache-Control: no-cache
Content-Type: application/json; charset=utf-8
host: localhost:58638
accept: */*

Response DefaultHttpResponse(decodeResult: success, version: HTTP/1.1)
HTTP/1.1 200 OK
Content-Type: application/json; charset=utf-8
cache-control: no-cache
content-length: 93040

20:30:07.563 [AsyncHttpClient-1-6] DEBUG org.asynchttpclient.netty.channel.ChannelManager - Adding key: http://localhost:58638 for channel [id: 0x7039ec3f, L:/127.0.0.1:57384 - R:localhost/127.0.0.1:58638]
20:30:07.579 [main] DEBUG net.serenitybdd.core.photography.Darkroom - Send negative for processing for target\site\serenity\ee66319f8cb5850ca609fa5af5fccf9e8848aa4d878c3d081ff200c30ff79dfd.png
20:30:07.611 [AsyncHttpClient-1-8] DEBUG org.asynchttpclient.netty.handler.WebSocketHandler - Channel Closed: [id: 0x8c39f551, L:/127.0.0.1:57397 ! R:localhost/127.0.0.1:57385] with attribute NettyResponseFuture{currentRetry=5,
	isDone=1,
	isCancelled=0,
	asyncHandler=org.asynchttpclient.ws.WebSocketUpgradeHandler@4ff61561,
	nettyRequest=org.asynchttpclient.netty.request.NettyRequest@5acb0b5a,
	future=java.util.concurrent.CompletableFuture@37bda555[Completed normally],
	uri=ws://localhost:57385/devtools/browser/0782cc29-2631-403e-8fb9-d0d5e1ca758b,
	keepAlive=true,
	redirectCount=0,
	timeoutsHolder=null,
	inAuth=0,
	touch=1655990995519}
20:30:07.611 [AsyncHttpClient-1-8] DEBUG org.asynchttpclient.netty.channel.ChannelManager - Closing Channel [id: 0x8c39f551, L:/127.0.0.1:57397 ! R:localhost/127.0.0.1:57385] 
20:30:07.611 [Driver Command Executor] DEBUG org.asynchttpclient.netty.request.NettyRequestSender - Using pooled Channel '[id: 0x7039ec3f, L:/127.0.0.1:57384 - R:localhost/127.0.0.1:58638]' for 'DELETE' to 'http://localhost:58638/session/5215d3d4b4f394d4eba2a85e1cb6e8e5'
20:30:07.611 [Driver Command Executor] DEBUG org.asynchttpclient.netty.request.NettyRequestSender - Using open Channel [id: 0x7039ec3f, L:/127.0.0.1:57384 - R:localhost/127.0.0.1:58638] for DELETE '/session/5215d3d4b4f394d4eba2a85e1cb6e8e5'
20:30:08.197 [AsyncHttpClient-1-1] DEBUG org.asynchttpclient.netty.channel.DefaultChannelPool - Entry count for : http://localhost:57385 : 1
20:30:08.717 [AsyncHttpClient-1-7] DEBUG org.asynchttpclient.netty.handler.HttpHandler - Unexpected I/O exception on channel [id: 0x22f9a4e2, L:/127.0.0.1:57396 - R:localhost/127.0.0.1:57385]
java.io.IOException: An existing connection was forcibly closed by the remote host
	at java.base/sun.nio.ch.SocketDispatcher.read0(Native Method)
	at java.base/sun.nio.ch.SocketDispatcher.read(SocketDispatcher.java:43)
	at java.base/sun.nio.ch.IOUtil.readIntoNativeBuffer(IOUtil.java:276)
	at java.base/sun.nio.ch.IOUtil.read(IOUtil.java:233)
	at java.base/sun.nio.ch.IOUtil.read(IOUtil.java:223)
	at java.base/sun.nio.ch.SocketChannelImpl.read(SocketChannelImpl.java:358)
	at io.netty.buffer.PooledByteBuf.setBytes(PooledByteBuf.java:258)
	at io.netty.buffer.AbstractByteBuf.writeBytes(AbstractByteBuf.java:1132)
	at io.netty.channel.socket.nio.NioSocketChannel.doReadBytes(NioSocketChannel.java:350)
	at io.netty.channel.nio.AbstractNioByteChannel$NioByteUnsafe.read(AbstractNioByteChannel.java:151)
	at io.netty.channel.nio.NioEventLoop.processSelectedKey(NioEventLoop.java:722)
	at io.netty.channel.nio.NioEventLoop.processSelectedKeysOptimized(NioEventLoop.java:658)
	at io.netty.channel.nio.NioEventLoop.processSelectedKeys(NioEventLoop.java:584)
	at io.netty.channel.nio.NioEventLoop.run(NioEventLoop.java:496)
	at io.netty.util.concurrent.SingleThreadEventExecutor$4.run(SingleThreadEventExecutor.java:986)
	at io.netty.util.internal.ThreadExecutorMap$2.run(ThreadExecutorMap.java:74)
	at io.netty.util.concurrent.FastThreadLocalRunnable.run(FastThreadLocalRunnable.java:30)
	at java.base/java.lang.Thread.run(Thread.java:834)
20:30:08.717 [AsyncHttpClient-1-7] DEBUG org.asynchttpclient.netty.channel.ChannelManager - Closing Channel [id: 0x22f9a4e2, L:/127.0.0.1:57396 - R:localhost/127.0.0.1:57385] 
20:30:08.717 [AsyncHttpClient-1-7] DEBUG org.asynchttpclient.netty.handler.HttpHandler - Channel Closed: [id: 0x22f9a4e2, L:/127.0.0.1:57396 ! R:localhost/127.0.0.1:57385] with attribute DISCARD
20:30:08.885 [AsyncHttpClient-1-6] DEBUG org.asynchttpclient.netty.handler.HttpHandler - 

Request DefaultFullHttpRequest(decodeResult: success, version: HTTP/1.1, content: EmptyByteBufBE)
DELETE /session/5215d3d4b4f394d4eba2a85e1cb6e8e5 HTTP/1.1
User-Agent: selenium/4.1.2 (java windows)
Content-Type: application/json; charset=utf-8
host: localhost:58638
accept: */*

Response DefaultHttpResponse(decodeResult: success, version: HTTP/1.1)
HTTP/1.1 200 OK
Content-Type: application/json; charset=utf-8
cache-control: no-cache
content-length: 14

20:30:08.885 [AsyncHttpClient-1-6] DEBUG org.asynchttpclient.netty.channel.ChannelManager - Adding key: http://localhost:58638 for channel [id: 0x7039ec3f, L:/127.0.0.1:57384 - R:localhost/127.0.0.1:58638]
20:30:09.278 [AsyncHttpClient-1-6] DEBUG org.asynchttpclient.netty.handler.HttpHandler - Channel Closed: [id: 0x7039ec3f, L:/127.0.0.1:57384 ! R:localhost/127.0.0.1:58638] with attribute DISCARD
20:30:09.294 [AsyncHttpClient-1-1] DEBUG org.asynchttpclient.netty.channel.DefaultChannelPool - Entry count for : http://localhost:57385 : 1
20:30:09.294 [AsyncHttpClient-1-1] DEBUG org.asynchttpclient.netty.channel.DefaultChannelPool - Entry count for : http://localhost:58638 : 1
20:30:09.294 [AsyncHttpClient-1-1] DEBUG org.asynchttpclient.netty.channel.DefaultChannelPool - Adding Candidate expired Channel [id: 0x22f9a4e2, L:/127.0.0.1:57396 ! R:localhost/127.0.0.1:57385] isIdleTimeoutExpired=false isRemotelyClosed=true isTtlExpired=false
20:30:09.294 [AsyncHttpClient-1-1] DEBUG org.asynchttpclient.netty.channel.DefaultChannelPool - Closing Idle Channel [id: 0x22f9a4e2, L:/127.0.0.1:57396 ! R:localhost/127.0.0.1:57385]
20:30:09.294 [AsyncHttpClient-1-1] DEBUG org.asynchttpclient.netty.channel.DefaultChannelPool - Adding Candidate expired Channel [id: 0x7039ec3f, L:/127.0.0.1:57384 ! R:localhost/127.0.0.1:58638] isIdleTimeoutExpired=false isRemotelyClosed=true isTtlExpired=false
20:30:09.294 [AsyncHttpClient-1-1] DEBUG org.asynchttpclient.netty.channel.DefaultChannelPool - Closing Idle Channel [id: 0x7039ec3f, L:/127.0.0.1:57384 ! R:localhost/127.0.0.1:58638]
20:30:09.294 [AsyncHttpClient-1-1] DEBUG org.asynchttpclient.netty.channel.DefaultChannelPool - Closed 2 connections out of 2 in 0 ms
]]></system-out>
    <system-err><![CDATA[Starting ChromeDriver 102.0.5005.61 (0e59bcc00cc4985ce39ad31c150065f159d95ad3-refs/branch-heads/5005@{#819}) on port 58638
Only local connections are allowed.
Please see https://chromedriver.chromium.org/security-considerations for suggestions on keeping ChromeDriver safe.
ChromeDriver was started successfully.
Jun 23, 2022 8:29:55 PM org.openqa.selenium.remote.ProtocolHandshake createSession
INFO: Detected dialect: W3C
Jun 23, 2022 8:29:55 PM org.openqa.selenium.devtools.CdpVersionFinder findNearestMatch
WARNING: Unable to find an exact match for CDP version 102, so returning the closest version found: a no-op implementation
Jun 23, 2022 8:29:55 PM org.openqa.selenium.devtools.CdpVersionFinder findNearestMatch
INFO: Unable to find CDP implementation matching 102.
Jun 23, 2022 8:29:55 PM org.openqa.selenium.chromium.ChromiumDriver lambda$new$3
WARNING: Unable to find version of CDP to use for . You may need to include a dependency on a specific version of the CDP using something similar to `org.seleniumhq.selenium:selenium-devtools-v86:4.1.2` where the version ("v86") matches the version of the chromium-based browser you're using and the version number of the artifact is the same as Selenium's.
[1655991004.683][WARNING]: unexpected alert open: {Alert text : Data telah ditambah}, cancelling screenshot
]]></system-err>
  </testcase>
  <testcase name="As a admin i want to add data dokter #5" classname="Add Data Dokter - Admin" time="18.444">
    <system-out><![CDATA[
@AddDokterData
Scenario Outline: As a admin i want to add data dokter              &amp#27;[90m# src/test/resources/features/AddDataDokter.feature:16&amp#27;[0m
20:30:09.854 [main] INFO io.cucumber.core.plugin.SerenityReporter - Running feature from file:///D:/Kel-1-capstone/TestingWeb/src/test/resources/features/AddDataDokter.feature
20:30:09.958 [main] DEBUG net.thucydides.core.steps.StepInterceptor - STARTING STEP: DokterDataSteps.openPageDataDokter - openDataDokter
20:30:09.958 [main] INFO net.serenitybdd.core.webdriver.driverproviders.ChromeDriverProvider - Using automatically driver download
20:30:10.262 [main] DEBUG io.github.bonigarcia.wdm.cache.ResolutionCache - Resolution chrome=102 in cache (valid until 21:04:30 23/06/2022 ICT)
20:30:10.278 [main] DEBUG io.github.bonigarcia.wdm.cache.ResolutionCache - Resolution chrome102=102.0.5005.61 in cache (valid until 20:04:30 24/06/2022 ICT)
20:30:10.286 [main] INFO io.github.bonigarcia.wdm.WebDriverManager - Using chromedriver 102.0.5005.61 (resolved driver for Chrome 102)
20:30:10.366 [main] DEBUG io.github.bonigarcia.wdm.WebDriverManager - Driver chromedriver 102.0.5005.61 found in cache
20:30:10.366 [main] INFO io.github.bonigarcia.wdm.WebDriverManager - Exporting webdriver.chrome.driver as C:\Users\ASUS\.cache\selenium\chromedriver\win32\102.0.5005.61\chromedriver.exe
20:30:10.681 [main] DEBUG net.serenitybdd.core.webdriver.driverproviders.ProvideNewDriver - Instantiating driver
20:30:10.681 [main] DEBUG net.serenitybdd.core.webdriver.driverproviders.ProvideNewDriver - Driver capabilities: Capabilities {acceptInsecureCerts: false, base.url: https://fanciful-trifle-360..., browserName: chrome, chorme.driver: src/test/resources/webdrive..., driver: chrome, goog:chromeOptions: {args: [], extensions: []}}
20:30:11.249 [AsyncHttpClient-1-9] DEBUG org.asynchttpclient.netty.channel.NettyConnectListener - Using new Channel '[id: 0x3ee2b3b5, L:/127.0.0.1:57427 - R:localhost/127.0.0.1:57709]' for 'POST' to '/session'
20:30:13.185 [AsyncHttpClient-1-9] DEBUG org.asynchttpclient.netty.handler.HttpHandler - 

Request DefaultHttpRequest(decodeResult: success, version: HTTP/1.1)
POST /session HTTP/1.1
User-Agent: selenium/4.1.2 (java windows)
Content-Length: 629
Content-Type: application/json; charset=utf-8
host: localhost:57709
accept: */*

Response DefaultHttpResponse(decodeResult: success, version: HTTP/1.1)
HTTP/1.1 200 OK
Content-Type: application/json; charset=utf-8
cache-control: no-cache
content-length: 790

20:30:13.185 [AsyncHttpClient-1-9] DEBUG org.asynchttpclient.netty.channel.ChannelManager - Adding key: http://localhost:57709 for channel [id: 0x3ee2b3b5, L:/127.0.0.1:57427 - R:localhost/127.0.0.1:57709]
20:30:13.217 [AsyncHttpClient-1-2] DEBUG org.asynchttpclient.netty.channel.NettyConnectListener - Using new Channel '[id: 0xb6e8bacb, L:/127.0.0.1:57438 - R:localhost/127.0.0.1:57429]' for 'GET' to '/json/version'
20:30:13.233 [AsyncHttpClient-1-2] DEBUG org.asynchttpclient.netty.handler.HttpHandler - 

Request DefaultFullHttpRequest(decodeResult: success, version: HTTP/1.1, content: EmptyByteBufBE)
GET /json/version HTTP/1.1
User-Agent: selenium/4.1.2 (java windows)
host: localhost:57429
accept: */*

Response DefaultHttpResponse(decodeResult: success, version: HTTP/1.1)
HTTP/1.1 200 OK
Content-Type: application/json; charset=UTF-8
content-length: 428

20:30:13.233 [AsyncHttpClient-1-2] DEBUG org.asynchttpclient.netty.channel.ChannelManager - Adding key: http://localhost:57429 for channel [id: 0xb6e8bacb, L:/127.0.0.1:57438 - R:localhost/127.0.0.1:57429]
20:30:13.249 [AsyncHttpClient-1-3] DEBUG org.asynchttpclient.netty.channel.NettyConnectListener - Using new Channel '[id: 0xc2086986, L:/127.0.0.1:57439 - R:localhost/127.0.0.1:57429]' for 'GET' to '/devtools/browser/5b45bf9c-4ccd-4929-a408-4fc2f76d6e43'
20:30:13.273 [AsyncHttpClient-1-3] DEBUG org.asynchttpclient.netty.handler.WebSocketHandler - 

Request DefaultFullHttpRequest(decodeResult: success, version: HTTP/1.1, content: EmptyByteBufBE)
GET /devtools/browser/5b45bf9c-4ccd-4929-a408-4fc2f76d6e43 HTTP/1.1
upgrade: websocket
connection: upgrade
sec-websocket-key: pzrtDmkZ3EeGsPFJE1YBAw==
sec-websocket-version: 13
origin: http://localhost:57429
host: localhost:57429
accept: */*
user-agent: AHC/2.1

Response DefaultHttpResponse(decodeResult: success, version: HTTP/1.1)
HTTP/1.1 101 WebSocket Protocol Handshake
Upgrade: WebSocket
Connection: Upgrade
Sec-WebSocket-Accept: rrekLSpDWf2t9rf88Wb7Ho/hZTs=

20:30:13.297 [Forwarding get on session f1586b295c8376a38dc9756abfa259bf to remote] DEBUG org.asynchttpclient.netty.request.NettyRequestSender - Using pooled Channel '[id: 0x3ee2b3b5, L:/127.0.0.1:57427 - R:localhost/127.0.0.1:57709]' for 'POST' to 'http://localhost:57709/session/f1586b295c8376a38dc9756abfa259bf/url'
20:30:13.297 [Forwarding get on session f1586b295c8376a38dc9756abfa259bf to remote] DEBUG org.asynchttpclient.netty.request.NettyRequestSender - Using open Channel [id: 0x3ee2b3b5, L:/127.0.0.1:57427 - R:localhost/127.0.0.1:57709] for POST '/session/f1586b295c8376a38dc9756abfa259bf/url'
20:30:13.697 [AsyncHttpClient-1-1] DEBUG org.asynchttpclient.netty.channel.DefaultChannelPool - Entry count for : http://localhost:57429 : 1
20:30:14.514 [AsyncHttpClient-1-9] DEBUG org.asynchttpclient.netty.handler.HttpHandler - 

Request DefaultHttpRequest(decodeResult: success, version: HTTP/1.1)
POST /session/f1586b295c8376a38dc9756abfa259bf/url HTTP/1.1
User-Agent: selenium/4.1.2 (java windows)
Content-Length: 84
Content-Type: application/json; charset=utf-8
host: localhost:57709
accept: */*

Response DefaultHttpResponse(decodeResult: success, version: HTTP/1.1)
HTTP/1.1 200 OK
Content-Type: application/json; charset=utf-8
cache-control: no-cache
content-length: 14

20:30:14.514 [AsyncHttpClient-1-9] DEBUG org.asynchttpclient.netty.channel.ChannelManager - Adding key: http://localhost:57709 for channel [id: 0x3ee2b3b5, L:/127.0.0.1:57427 - R:localhost/127.0.0.1:57709]
20:30:14.538 [Forwarding setTimeout on session f1586b295c8376a38dc9756abfa259bf to remote] DEBUG org.asynchttpclient.netty.request.NettyRequestSender - Using pooled Channel '[id: 0x3ee2b3b5, L:/127.0.0.1:57427 - R:localhost/127.0.0.1:57709]' for 'POST' to 'http://localhost:57709/session/f1586b295c8376a38dc9756abfa259bf/timeouts'
20:30:14.538 [Forwarding setTimeout on session f1586b295c8376a38dc9756abfa259bf to remote] DEBUG org.asynchttpclient.netty.request.NettyRequestSender - Using open Channel [id: 0x3ee2b3b5, L:/127.0.0.1:57427 - R:localhost/127.0.0.1:57709] for POST '/session/f1586b295c8376a38dc9756abfa259bf/timeouts'
20:30:14.546 [AsyncHttpClient-1-9] DEBUG org.asynchttpclient.netty.handler.HttpHandler - 

Request DefaultHttpRequest(decodeResult: success, version: HTTP/1.1)
POST /session/f1586b295c8376a38dc9756abfa259bf/timeouts HTTP/1.1
User-Agent: selenium/4.1.2 (java windows)
Content-Length: 22
Content-Type: application/json; charset=utf-8
host: localhost:57709
accept: */*

Response DefaultHttpResponse(decodeResult: success, version: HTTP/1.1)
HTTP/1.1 200 OK
Content-Type: application/json; charset=utf-8
cache-control: no-cache
content-length: 14

20:30:14.546 [AsyncHttpClient-1-9] DEBUG org.asynchttpclient.netty.channel.ChannelManager - Adding key: http://localhost:57709 for channel [id: 0x3ee2b3b5, L:/127.0.0.1:57427 - R:localhost/127.0.0.1:57709]
20:30:14.554 [Forwarding getCurrentUrl on session f1586b295c8376a38dc9756abfa259bf to remote] DEBUG org.asynchttpclient.netty.request.NettyRequestSender - Using pooled Channel '[id: 0x3ee2b3b5, L:/127.0.0.1:57427 - R:localhost/127.0.0.1:57709]' for 'GET' to 'http://localhost:57709/session/f1586b295c8376a38dc9756abfa259bf/url'
20:30:14.554 [Forwarding getCurrentUrl on session f1586b295c8376a38dc9756abfa259bf to remote] DEBUG org.asynchttpclient.netty.request.NettyRequestSender - Using open Channel [id: 0x3ee2b3b5, L:/127.0.0.1:57427 - R:localhost/127.0.0.1:57709] for GET '/session/f1586b295c8376a38dc9756abfa259bf/url'
20:30:14.570 [AsyncHttpClient-1-9] DEBUG org.asynchttpclient.netty.handler.HttpHandler - 

Request DefaultFullHttpRequest(decodeResult: success, version: HTTP/1.1, content: EmptyByteBufBE)
GET /session/f1586b295c8376a38dc9756abfa259bf/url HTTP/1.1
User-Agent: selenium/4.1.2 (java windows)
Cache-Control: no-cache
Content-Type: application/json; charset=utf-8
host: localhost:57709
accept: */*

Response DefaultHttpResponse(decodeResult: success, version: HTTP/1.1)
HTTP/1.1 200 OK
Content-Type: application/json; charset=utf-8
cache-control: no-cache
content-length: 66

20:30:14.570 [AsyncHttpClient-1-9] DEBUG org.asynchttpclient.netty.channel.ChannelManager - Adding key: http://localhost:57709 for channel [id: 0x3ee2b3b5, L:/127.0.0.1:57427 - R:localhost/127.0.0.1:57709]
20:30:14.594 [Forwarding screenshot on session f1586b295c8376a38dc9756abfa259bf to remote] DEBUG org.asynchttpclient.netty.request.NettyRequestSender - Using pooled Channel '[id: 0x3ee2b3b5, L:/127.0.0.1:57427 - R:localhost/127.0.0.1:57709]' for 'GET' to 'http://localhost:57709/session/f1586b295c8376a38dc9756abfa259bf/screenshot'
20:30:14.594 [Forwarding screenshot on session f1586b295c8376a38dc9756abfa259bf to remote] DEBUG org.asynchttpclient.netty.request.NettyRequestSender - Using open Channel [id: 0x3ee2b3b5, L:/127.0.0.1:57427 - R:localhost/127.0.0.1:57709] for GET '/session/f1586b295c8376a38dc9756abfa259bf/screenshot'
20:30:14.789 [AsyncHttpClient-1-1] DEBUG org.asynchttpclient.netty.channel.DefaultChannelPool - Entry count for : http://localhost:57429 : 1
20:30:15.798 [AsyncHttpClient-1-9] DEBUG org.asynchttpclient.netty.handler.HttpHandler - 

Request DefaultFullHttpRequest(decodeResult: success, version: HTTP/1.1, content: EmptyByteBufBE)
GET /session/f1586b295c8376a38dc9756abfa259bf/screenshot HTTP/1.1
User-Agent: selenium/4.1.2 (java windows)
Cache-Control: no-cache
Content-Type: application/json; charset=utf-8
host: localhost:57709
accept: */*

Response DefaultHttpResponse(decodeResult: success, version: HTTP/1.1)
HTTP/1.1 200 OK
Content-Type: application/json; charset=utf-8
cache-control: no-cache
content-length: 93040

20:30:15.806 [AsyncHttpClient-1-9] DEBUG org.asynchttpclient.netty.channel.ChannelManager - Adding key: http://localhost:57709 for channel [id: 0x3ee2b3b5, L:/127.0.0.1:57427 - R:localhost/127.0.0.1:57709]
20:30:15.814 [main] DEBUG net.serenitybdd.core.photography.Darkroom - Send negative for processing for target\site\serenity\ee66319f8cb5850ca609fa5af5fccf9e8848aa4d878c3d081ff200c30ff79dfd.png
20:30:15.814 [main] DEBUG net.thucydides.core.steps.StepInterceptor - STEP DONE: openDataDokter
  &amp#27;[32mGiven &amp#27;[0m&amp#27;[32mOpen page data dokter&amp#27;[0m                                       &amp#27;[90m# starter.stepdefinitios.DokterDataSteps.openPageDataDokter()&amp#27;[0m
20:30:15.894 [AsyncHttpClient-1-1] DEBUG org.asynchttpclient.netty.channel.DefaultChannelPool - Entry count for : http://localhost:57429 : 1
20:30:15.894 [AsyncHttpClient-1-1] DEBUG org.asynchttpclient.netty.channel.DefaultChannelPool - Entry count for : http://localhost:57709 : 1
20:30:15.902 [Forwarding screenshot on session f1586b295c8376a38dc9756abfa259bf to remote] DEBUG org.asynchttpclient.netty.request.NettyRequestSender - Using pooled Channel '[id: 0x3ee2b3b5, L:/127.0.0.1:57427 - R:localhost/127.0.0.1:57709]' for 'GET' to 'http://localhost:57709/session/f1586b295c8376a38dc9756abfa259bf/screenshot'
20:30:15.902 [Forwarding screenshot on session f1586b295c8376a38dc9756abfa259bf to remote] DEBUG org.asynchttpclient.netty.request.NettyRequestSender - Using open Channel [id: 0x3ee2b3b5, L:/127.0.0.1:57427 - R:localhost/127.0.0.1:57709] for GET '/session/f1586b295c8376a38dc9756abfa259bf/screenshot'
20:30:16.085 [AsyncHttpClient-1-9] DEBUG org.asynchttpclient.netty.handler.HttpHandler - 

Request DefaultFullHttpRequest(decodeResult: success, version: HTTP/1.1, content: EmptyByteBufBE)
GET /session/f1586b295c8376a38dc9756abfa259bf/screenshot HTTP/1.1
User-Agent: selenium/4.1.2 (java windows)
Cache-Control: no-cache
Content-Type: application/json; charset=utf-8
host: localhost:57709
accept: */*

Response DefaultHttpResponse(decodeResult: success, version: HTTP/1.1)
HTTP/1.1 200 OK
Content-Type: application/json; charset=utf-8
cache-control: no-cache
content-length: 93040

20:30:16.085 [AsyncHttpClient-1-9] DEBUG org.asynchttpclient.netty.channel.ChannelManager - Adding key: http://localhost:57709 for channel [id: 0x3ee2b3b5, L:/127.0.0.1:57427 - R:localhost/127.0.0.1:57709]
20:30:16.093 [main] DEBUG net.serenitybdd.core.photography.Darkroom - Send negative for processing for target\site\serenity\ee66319f8cb5850ca609fa5af5fccf9e8848aa4d878c3d081ff200c30ff79dfd.png
20:30:16.101 [main] DEBUG net.thucydides.core.steps.StepInterceptor - STARTING STEP: PatientDataSteps.clickButtonTambahData - clickButtonTambah
20:30:16.109 [Forwarding findElement on session f1586b295c8376a38dc9756abfa259bf to remote] DEBUG org.asynchttpclient.netty.request.NettyRequestSender - Using pooled Channel '[id: 0x3ee2b3b5, L:/127.0.0.1:57427 - R:localhost/127.0.0.1:57709]' for 'POST' to 'http://localhost:57709/session/f1586b295c8376a38dc9756abfa259bf/element'
20:30:16.109 [Forwarding findElement on session f1586b295c8376a38dc9756abfa259bf to remote] DEBUG org.asynchttpclient.netty.request.NettyRequestSender - Using open Channel [id: 0x3ee2b3b5, L:/127.0.0.1:57427 - R:localhost/127.0.0.1:57709] for POST '/session/f1586b295c8376a38dc9756abfa259bf/element'
20:30:16.133 [AsyncHttpClient-1-9] DEBUG org.asynchttpclient.netty.handler.HttpHandler - 

Request DefaultHttpRequest(decodeResult: success, version: HTTP/1.1)
POST /session/f1586b295c8376a38dc9756abfa259bf/element HTTP/1.1
User-Agent: selenium/4.1.2 (java windows)
Content-Length: 68
Content-Type: application/json; charset=utf-8
host: localhost:57709
accept: */*

Response DefaultHttpResponse(decodeResult: success, version: HTTP/1.1)
HTTP/1.1 200 OK
Content-Type: application/json; charset=utf-8
cache-control: no-cache
content-length: 88

20:30:16.133 [AsyncHttpClient-1-9] DEBUG org.asynchttpclient.netty.channel.ChannelManager - Adding key: http://localhost:57709 for channel [id: 0x3ee2b3b5, L:/127.0.0.1:57427 - R:localhost/127.0.0.1:57709]
20:30:16.141 [Forwarding getElementTagName on session f1586b295c8376a38dc9756abfa259bf to remote] DEBUG org.asynchttpclient.netty.request.NettyRequestSender - Using pooled Channel '[id: 0x3ee2b3b5, L:/127.0.0.1:57427 - R:localhost/127.0.0.1:57709]' for 'GET' to 'http://localhost:57709/session/f1586b295c8376a38dc9756abfa259bf/element/94a6cdf9-fb5a-4a7f-b41d-f28ca9c912a6/name'
20:30:16.141 [Forwarding getElementTagName on session f1586b295c8376a38dc9756abfa259bf to remote] DEBUG org.asynchttpclient.netty.request.NettyRequestSender - Using open Channel [id: 0x3ee2b3b5, L:/127.0.0.1:57427 - R:localhost/127.0.0.1:57709] for GET '/session/f1586b295c8376a38dc9756abfa259bf/element/94a6cdf9-fb5a-4a7f-b41d-f28ca9c912a6/name'
20:30:16.149 [AsyncHttpClient-1-9] DEBUG org.asynchttpclient.netty.handler.HttpHandler - 

Request DefaultFullHttpRequest(decodeResult: success, version: HTTP/1.1, content: EmptyByteBufBE)
GET /session/f1586b295c8376a38dc9756abfa259bf/element/94a6cdf9-fb5a-4a7f-b41d-f28ca9c912a6/name HTTP/1.1
User-Agent: selenium/4.1.2 (java windows)
Cache-Control: no-cache
Content-Type: application/json; charset=utf-8
host: localhost:57709
accept: */*

Response DefaultHttpResponse(decodeResult: success, version: HTTP/1.1)
HTTP/1.1 200 OK
Content-Type: application/json; charset=utf-8
cache-control: no-cache
content-length: 18

20:30:16.149 [AsyncHttpClient-1-9] DEBUG org.asynchttpclient.netty.channel.ChannelManager - Adding key: http://localhost:57709 for channel [id: 0x3ee2b3b5, L:/127.0.0.1:57427 - R:localhost/127.0.0.1:57709]
20:30:16.157 [Forwarding getElementTagName on session f1586b295c8376a38dc9756abfa259bf to remote] DEBUG org.asynchttpclient.netty.request.NettyRequestSender - Using pooled Channel '[id: 0x3ee2b3b5, L:/127.0.0.1:57427 - R:localhost/127.0.0.1:57709]' for 'GET' to 'http://localhost:57709/session/f1586b295c8376a38dc9756abfa259bf/element/94a6cdf9-fb5a-4a7f-b41d-f28ca9c912a6/name'
20:30:16.157 [Forwarding getElementTagName on session f1586b295c8376a38dc9756abfa259bf to remote] DEBUG org.asynchttpclient.netty.request.NettyRequestSender - Using open Channel [id: 0x3ee2b3b5, L:/127.0.0.1:57427 - R:localhost/127.0.0.1:57709] for GET '/session/f1586b295c8376a38dc9756abfa259bf/element/94a6cdf9-fb5a-4a7f-b41d-f28ca9c912a6/name'
20:30:16.165 [AsyncHttpClient-1-9] DEBUG org.asynchttpclient.netty.handler.HttpHandler - 

Request DefaultFullHttpRequest(decodeResult: success, version: HTTP/1.1, content: EmptyByteBufBE)
GET /session/f1586b295c8376a38dc9756abfa259bf/element/94a6cdf9-fb5a-4a7f-b41d-f28ca9c912a6/name HTTP/1.1
User-Agent: selenium/4.1.2 (java windows)
Cache-Control: no-cache
Content-Type: application/json; charset=utf-8
host: localhost:57709
accept: */*

Response DefaultHttpResponse(decodeResult: success, version: HTTP/1.1)
HTTP/1.1 200 OK
Content-Type: application/json; charset=utf-8
cache-control: no-cache
content-length: 18

20:30:16.165 [AsyncHttpClient-1-9] DEBUG org.asynchttpclient.netty.channel.ChannelManager - Adding key: http://localhost:57709 for channel [id: 0x3ee2b3b5, L:/127.0.0.1:57427 - R:localhost/127.0.0.1:57709]
20:30:16.173 [Forwarding isElementEnabled on session f1586b295c8376a38dc9756abfa259bf to remote] DEBUG org.asynchttpclient.netty.request.NettyRequestSender - Using pooled Channel '[id: 0x3ee2b3b5, L:/127.0.0.1:57427 - R:localhost/127.0.0.1:57709]' for 'GET' to 'http://localhost:57709/session/f1586b295c8376a38dc9756abfa259bf/element/94a6cdf9-fb5a-4a7f-b41d-f28ca9c912a6/enabled'
20:30:16.173 [Forwarding isElementEnabled on session f1586b295c8376a38dc9756abfa259bf to remote] DEBUG org.asynchttpclient.netty.request.NettyRequestSender - Using open Channel [id: 0x3ee2b3b5, L:/127.0.0.1:57427 - R:localhost/127.0.0.1:57709] for GET '/session/f1586b295c8376a38dc9756abfa259bf/element/94a6cdf9-fb5a-4a7f-b41d-f28ca9c912a6/enabled'
20:30:16.197 [AsyncHttpClient-1-9] DEBUG org.asynchttpclient.netty.handler.HttpHandler - 

Request DefaultFullHttpRequest(decodeResult: success, version: HTTP/1.1, content: EmptyByteBufBE)
GET /session/f1586b295c8376a38dc9756abfa259bf/element/94a6cdf9-fb5a-4a7f-b41d-f28ca9c912a6/enabled HTTP/1.1
User-Agent: selenium/4.1.2 (java windows)
Cache-Control: no-cache
Content-Type: application/json; charset=utf-8
host: localhost:57709
accept: */*

Response DefaultHttpResponse(decodeResult: success, version: HTTP/1.1)
HTTP/1.1 200 OK
Content-Type: application/json; charset=utf-8
cache-control: no-cache
content-length: 14

20:30:16.197 [AsyncHttpClient-1-9] DEBUG org.asynchttpclient.netty.channel.ChannelManager - Adding key: http://localhost:57709 for channel [id: 0x3ee2b3b5, L:/127.0.0.1:57427 - R:localhost/127.0.0.1:57709]
20:30:16.197 [Forwarding isElementEnabled on session f1586b295c8376a38dc9756abfa259bf to remote] DEBUG org.asynchttpclient.netty.request.NettyRequestSender - Using pooled Channel '[id: 0x3ee2b3b5, L:/127.0.0.1:57427 - R:localhost/127.0.0.1:57709]' for 'GET' to 'http://localhost:57709/session/f1586b295c8376a38dc9756abfa259bf/element/94a6cdf9-fb5a-4a7f-b41d-f28ca9c912a6/enabled'
20:30:16.197 [Forwarding isElementEnabled on session f1586b295c8376a38dc9756abfa259bf to remote] DEBUG org.asynchttpclient.netty.request.NettyRequestSender - Using open Channel [id: 0x3ee2b3b5, L:/127.0.0.1:57427 - R:localhost/127.0.0.1:57709] for GET '/session/f1586b295c8376a38dc9756abfa259bf/element/94a6cdf9-fb5a-4a7f-b41d-f28ca9c912a6/enabled'
20:30:16.213 [AsyncHttpClient-1-9] DEBUG org.asynchttpclient.netty.handler.HttpHandler - 

Request DefaultFullHttpRequest(decodeResult: success, version: HTTP/1.1, content: EmptyByteBufBE)
GET /session/f1586b295c8376a38dc9756abfa259bf/element/94a6cdf9-fb5a-4a7f-b41d-f28ca9c912a6/enabled HTTP/1.1
User-Agent: selenium/4.1.2 (java windows)
Cache-Control: no-cache
Content-Type: application/json; charset=utf-8
host: localhost:57709
accept: */*

Response DefaultHttpResponse(decodeResult: success, version: HTTP/1.1)
HTTP/1.1 200 OK
Content-Type: application/json; charset=utf-8
cache-control: no-cache
content-length: 14

20:30:16.213 [AsyncHttpClient-1-9] DEBUG org.asynchttpclient.netty.channel.ChannelManager - Adding key: http://localhost:57709 for channel [id: 0x3ee2b3b5, L:/127.0.0.1:57427 - R:localhost/127.0.0.1:57709]
20:30:16.221 [Forwarding findElement on session f1586b295c8376a38dc9756abfa259bf to remote] DEBUG org.asynchttpclient.netty.request.NettyRequestSender - Using pooled Channel '[id: 0x3ee2b3b5, L:/127.0.0.1:57427 - R:localhost/127.0.0.1:57709]' for 'POST' to 'http://localhost:57709/session/f1586b295c8376a38dc9756abfa259bf/element'
20:30:16.221 [Forwarding findElement on session f1586b295c8376a38dc9756abfa259bf to remote] DEBUG org.asynchttpclient.netty.request.NettyRequestSender - Using open Channel [id: 0x3ee2b3b5, L:/127.0.0.1:57427 - R:localhost/127.0.0.1:57709] for POST '/session/f1586b295c8376a38dc9756abfa259bf/element'
20:30:16.237 [AsyncHttpClient-1-9] DEBUG org.asynchttpclient.netty.handler.HttpHandler - 

Request DefaultHttpRequest(decodeResult: success, version: HTTP/1.1)
POST /session/f1586b295c8376a38dc9756abfa259bf/element HTTP/1.1
User-Agent: selenium/4.1.2 (java windows)
Content-Length: 68
Content-Type: application/json; charset=utf-8
host: localhost:57709
accept: */*

Response DefaultHttpResponse(decodeResult: success, version: HTTP/1.1)
HTTP/1.1 200 OK
Content-Type: application/json; charset=utf-8
cache-control: no-cache
content-length: 88

20:30:16.237 [AsyncHttpClient-1-9] DEBUG org.asynchttpclient.netty.channel.ChannelManager - Adding key: http://localhost:57709 for channel [id: 0x3ee2b3b5, L:/127.0.0.1:57427 - R:localhost/127.0.0.1:57709]
20:30:16.237 [Forwarding clickElement on session f1586b295c8376a38dc9756abfa259bf to remote] DEBUG org.asynchttpclient.netty.request.NettyRequestSender - Using pooled Channel '[id: 0x3ee2b3b5, L:/127.0.0.1:57427 - R:localhost/127.0.0.1:57709]' for 'POST' to 'http://localhost:57709/session/f1586b295c8376a38dc9756abfa259bf/element/94a6cdf9-fb5a-4a7f-b41d-f28ca9c912a6/click'
20:30:16.237 [Forwarding clickElement on session f1586b295c8376a38dc9756abfa259bf to remote] DEBUG org.asynchttpclient.netty.request.NettyRequestSender - Using open Channel [id: 0x3ee2b3b5, L:/127.0.0.1:57427 - R:localhost/127.0.0.1:57709] for POST '/session/f1586b295c8376a38dc9756abfa259bf/element/94a6cdf9-fb5a-4a7f-b41d-f28ca9c912a6/click'
20:30:16.589 [AsyncHttpClient-1-9] DEBUG org.asynchttpclient.netty.handler.HttpHandler - 

Request DefaultHttpRequest(decodeResult: success, version: HTTP/1.1)
POST /session/f1586b295c8376a38dc9756abfa259bf/element/94a6cdf9-fb5a-4a7f-b41d-f28ca9c912a6/click HTTP/1.1
User-Agent: selenium/4.1.2 (java windows)
Content-Length: 50
Content-Type: application/json; charset=utf-8
host: localhost:57709
accept: */*

Response DefaultHttpResponse(decodeResult: success, version: HTTP/1.1)
HTTP/1.1 200 OK
Content-Type: application/json; charset=utf-8
cache-control: no-cache
content-length: 14

20:30:16.589 [AsyncHttpClient-1-9] DEBUG org.asynchttpclient.netty.channel.ChannelManager - Adding key: http://localhost:57709 for channel [id: 0x3ee2b3b5, L:/127.0.0.1:57427 - R:localhost/127.0.0.1:57709]
20:30:16.613 [Forwarding screenshot on session f1586b295c8376a38dc9756abfa259bf to remote] DEBUG org.asynchttpclient.netty.request.NettyRequestSender - Using pooled Channel '[id: 0x3ee2b3b5, L:/127.0.0.1:57427 - R:localhost/127.0.0.1:57709]' for 'GET' to 'http://localhost:57709/session/f1586b295c8376a38dc9756abfa259bf/screenshot'
20:30:16.613 [Forwarding screenshot on session f1586b295c8376a38dc9756abfa259bf to remote] DEBUG org.asynchttpclient.netty.request.NettyRequestSender - Using open Channel [id: 0x3ee2b3b5, L:/127.0.0.1:57427 - R:localhost/127.0.0.1:57709] for GET '/session/f1586b295c8376a38dc9756abfa259bf/screenshot'
20:30:16.997 [AsyncHttpClient-1-1] DEBUG org.asynchttpclient.netty.channel.DefaultChannelPool - Entry count for : http://localhost:57429 : 1
20:30:17.217 [AsyncHttpClient-1-9] DEBUG org.asynchttpclient.netty.handler.HttpHandler - 

Request DefaultFullHttpRequest(decodeResult: success, version: HTTP/1.1, content: EmptyByteBufBE)
GET /session/f1586b295c8376a38dc9756abfa259bf/screenshot HTTP/1.1
User-Agent: selenium/4.1.2 (java windows)
Cache-Control: no-cache
Content-Type: application/json; charset=utf-8
host: localhost:57709
accept: */*

Response DefaultHttpResponse(decodeResult: success, version: HTTP/1.1)
HTTP/1.1 200 OK
Content-Type: application/json; charset=utf-8
cache-control: no-cache
content-length: 71420

20:30:17.217 [AsyncHttpClient-1-9] DEBUG org.asynchttpclient.netty.channel.ChannelManager - Adding key: http://localhost:57709 for channel [id: 0x3ee2b3b5, L:/127.0.0.1:57427 - R:localhost/127.0.0.1:57709]
20:30:17.233 [main] DEBUG net.serenitybdd.core.photography.Darkroom - Send negative for processing for target\site\serenity\64e27b67c9a2ab4670a75a7665fdeacf5f3a9fb07d45213f4941c7135d92e427.png
20:30:17.233 [main] DEBUG net.thucydides.core.steps.StepInterceptor - STEP DONE: clickButtonTambah
  &amp#27;[32mWhen &amp#27;[0m&amp#27;[32mClick button tambah data&amp#27;[0m                                     &amp#27;[90m# starter.stepdefinitios.PatientDataSteps.clickButtonTambahData()&amp#27;[0m
20:30:17.233 [Darkroom Processing Line] DEBUG net.serenitybdd.core.photography.DarkroomProcessingLine - Processing screenshot image in /var/screenshots/screenshot-13079478163541159535
20:30:17.233 [Darkroom Processing Line] DEBUG net.serenitybdd.core.photography.DarkroomProcessingLine - Saving screenshot to target\site\serenity\64e27b67c9a2ab4670a75a7665fdeacf5f3a9fb07d45213f4941c7135d92e427.png
20:30:17.793 [Forwarding screenshot on session f1586b295c8376a38dc9756abfa259bf to remote] DEBUG org.asynchttpclient.netty.request.NettyRequestSender - Using pooled Channel '[id: 0x3ee2b3b5, L:/127.0.0.1:57427 - R:localhost/127.0.0.1:57709]' for 'GET' to 'http://localhost:57709/session/f1586b295c8376a38dc9756abfa259bf/screenshot'
20:30:17.793 [Forwarding screenshot on session f1586b295c8376a38dc9756abfa259bf to remote] DEBUG org.asynchttpclient.netty.request.NettyRequestSender - Using open Channel [id: 0x3ee2b3b5, L:/127.0.0.1:57427 - R:localhost/127.0.0.1:57709] for GET '/session/f1586b295c8376a38dc9756abfa259bf/screenshot'
20:30:18.097 [AsyncHttpClient-1-1] DEBUG org.asynchttpclient.netty.channel.DefaultChannelPool - Entry count for : http://localhost:57429 : 1
20:30:18.153 [AsyncHttpClient-1-9] DEBUG org.asynchttpclient.netty.handler.HttpHandler - 

Request DefaultFullHttpRequest(decodeResult: success, version: HTTP/1.1, content: EmptyByteBufBE)
GET /session/f1586b295c8376a38dc9756abfa259bf/screenshot HTTP/1.1
User-Agent: selenium/4.1.2 (java windows)
Cache-Control: no-cache
Content-Type: application/json; charset=utf-8
host: localhost:57709
accept: */*

Response DefaultHttpResponse(decodeResult: success, version: HTTP/1.1)
HTTP/1.1 200 OK
Content-Type: application/json; charset=utf-8
cache-control: no-cache
content-length: 357056

20:30:18.161 [AsyncHttpClient-1-9] DEBUG org.asynchttpclient.netty.channel.ChannelManager - Adding key: http://localhost:57709 for channel [id: 0x3ee2b3b5, L:/127.0.0.1:57427 - R:localhost/127.0.0.1:57709]
20:30:18.193 [main] DEBUG net.serenitybdd.core.photography.Darkroom - Send negative for processing for target\site\serenity\270b1ee7a700454389ac56c4eebbdaff416676d99565fa926c09fced151958a6.png
20:30:18.201 [main] DEBUG net.thucydides.core.steps.StepInterceptor - STARTING STEP: DokterDataSteps.iInputDokter - inputDataDokter
20:30:18.209 [Forwarding findElement on session f1586b295c8376a38dc9756abfa259bf to remote] DEBUG org.asynchttpclient.netty.request.NettyRequestSender - Using pooled Channel '[id: 0x3ee2b3b5, L:/127.0.0.1:57427 - R:localhost/127.0.0.1:57709]' for 'POST' to 'http://localhost:57709/session/f1586b295c8376a38dc9756abfa259bf/element'
20:30:18.209 [Forwarding findElement on session f1586b295c8376a38dc9756abfa259bf to remote] DEBUG org.asynchttpclient.netty.request.NettyRequestSender - Using open Channel [id: 0x3ee2b3b5, L:/127.0.0.1:57427 - R:localhost/127.0.0.1:57709] for POST '/session/f1586b295c8376a38dc9756abfa259bf/element'
20:30:18.241 [AsyncHttpClient-1-9] DEBUG org.asynchttpclient.netty.handler.HttpHandler - 

Request DefaultHttpRequest(decodeResult: success, version: HTTP/1.1)
POST /session/f1586b295c8376a38dc9756abfa259bf/element HTTP/1.1
User-Agent: selenium/4.1.2 (java windows)
Content-Length: 66
Content-Type: application/json; charset=utf-8
host: localhost:57709
accept: */*

Response DefaultHttpResponse(decodeResult: success, version: HTTP/1.1)
HTTP/1.1 200 OK
Content-Type: application/json; charset=utf-8
cache-control: no-cache
content-length: 88

20:30:18.241 [AsyncHttpClient-1-9] DEBUG org.asynchttpclient.netty.channel.ChannelManager - Adding key: http://localhost:57709 for channel [id: 0x3ee2b3b5, L:/127.0.0.1:57427 - R:localhost/127.0.0.1:57709]
20:30:18.249 [Forwarding sendKeysToElement on session f1586b295c8376a38dc9756abfa259bf to remote] DEBUG org.asynchttpclient.netty.request.NettyRequestSender - Using pooled Channel '[id: 0x3ee2b3b5, L:/127.0.0.1:57427 - R:localhost/127.0.0.1:57709]' for 'POST' to 'http://localhost:57709/session/f1586b295c8376a38dc9756abfa259bf/element/479e6956-2a03-40cc-93c7-d9ab6dfd1dd0/value'
20:30:18.249 [Forwarding sendKeysToElement on session f1586b295c8376a38dc9756abfa259bf to remote] DEBUG org.asynchttpclient.netty.request.NettyRequestSender - Using open Channel [id: 0x3ee2b3b5, L:/127.0.0.1:57427 - R:localhost/127.0.0.1:57709] for POST '/session/f1586b295c8376a38dc9756abfa259bf/element/479e6956-2a03-40cc-93c7-d9ab6dfd1dd0/value'
20:30:18.833 [AsyncHttpClient-1-9] DEBUG org.asynchttpclient.netty.handler.HttpHandler - 

Request DefaultHttpRequest(decodeResult: success, version: HTTP/1.1)
POST /session/f1586b295c8376a38dc9756abfa259bf/element/479e6956-2a03-40cc-93c7-d9ab6dfd1dd0/value HTTP/1.1
User-Agent: selenium/4.1.2 (java windows)
Content-Length: 131
Content-Type: application/json; charset=utf-8
host: localhost:57709
accept: */*

Response DefaultHttpResponse(decodeResult: success, version: HTTP/1.1)
HTTP/1.1 200 OK
Content-Type: application/json; charset=utf-8
cache-control: no-cache
content-length: 14

20:30:18.833 [AsyncHttpClient-1-9] DEBUG org.asynchttpclient.netty.channel.ChannelManager - Adding key: http://localhost:57709 for channel [id: 0x3ee2b3b5, L:/127.0.0.1:57427 - R:localhost/127.0.0.1:57709]
20:30:18.841 [Forwarding findElement on session f1586b295c8376a38dc9756abfa259bf to remote] DEBUG org.asynchttpclient.netty.request.NettyRequestSender - Using pooled Channel '[id: 0x3ee2b3b5, L:/127.0.0.1:57427 - R:localhost/127.0.0.1:57709]' for 'POST' to 'http://localhost:57709/session/f1586b295c8376a38dc9756abfa259bf/element'
20:30:18.841 [Forwarding findElement on session f1586b295c8376a38dc9756abfa259bf to remote] DEBUG org.asynchttpclient.netty.request.NettyRequestSender - Using open Channel [id: 0x3ee2b3b5, L:/127.0.0.1:57427 - R:localhost/127.0.0.1:57709] for POST '/session/f1586b295c8376a38dc9756abfa259bf/element'
20:30:18.889 [AsyncHttpClient-1-9] DEBUG org.asynchttpclient.netty.handler.HttpHandler - 

Request DefaultHttpRequest(decodeResult: success, version: HTTP/1.1)
POST /session/f1586b295c8376a38dc9756abfa259bf/element HTTP/1.1
User-Agent: selenium/4.1.2 (java windows)
Content-Length: 65
Content-Type: application/json; charset=utf-8
host: localhost:57709
accept: */*

Response DefaultHttpResponse(decodeResult: success, version: HTTP/1.1)
HTTP/1.1 200 OK
Content-Type: application/json; charset=utf-8
cache-control: no-cache
content-length: 88

20:30:18.897 [AsyncHttpClient-1-9] DEBUG org.asynchttpclient.netty.channel.ChannelManager - Adding key: http://localhost:57709 for channel [id: 0x3ee2b3b5, L:/127.0.0.1:57427 - R:localhost/127.0.0.1:57709]
20:30:18.897 [Forwarding sendKeysToElement on session f1586b295c8376a38dc9756abfa259bf to remote] DEBUG org.asynchttpclient.netty.request.NettyRequestSender - Using pooled Channel '[id: 0x3ee2b3b5, L:/127.0.0.1:57427 - R:localhost/127.0.0.1:57709]' for 'POST' to 'http://localhost:57709/session/f1586b295c8376a38dc9756abfa259bf/element/980c0057-67b5-4e3b-9b92-109197fd4227/value'
20:30:18.897 [Forwarding sendKeysToElement on session f1586b295c8376a38dc9756abfa259bf to remote] DEBUG org.asynchttpclient.netty.request.NettyRequestSender - Using open Channel [id: 0x3ee2b3b5, L:/127.0.0.1:57427 - R:localhost/127.0.0.1:57709] for POST '/session/f1586b295c8376a38dc9756abfa259bf/element/980c0057-67b5-4e3b-9b92-109197fd4227/value'
20:30:19.198 [AsyncHttpClient-1-1] DEBUG org.asynchttpclient.netty.channel.DefaultChannelPool - Entry count for : http://localhost:57429 : 1
20:30:19.286 [AsyncHttpClient-1-9] DEBUG org.asynchttpclient.netty.handler.HttpHandler - 

Request DefaultHttpRequest(decodeResult: success, version: HTTP/1.1)
POST /session/f1586b295c8376a38dc9756abfa259bf/element/980c0057-67b5-4e3b-9b92-109197fd4227/value HTTP/1.1
User-Agent: selenium/4.1.2 (java windows)
Content-Length: 131
Content-Type: application/json; charset=utf-8
host: localhost:57709
accept: */*

Response DefaultHttpResponse(decodeResult: success, version: HTTP/1.1)
HTTP/1.1 200 OK
Content-Type: application/json; charset=utf-8
cache-control: no-cache
content-length: 14

20:30:19.286 [AsyncHttpClient-1-9] DEBUG org.asynchttpclient.netty.channel.ChannelManager - Adding key: http://localhost:57709 for channel [id: 0x3ee2b3b5, L:/127.0.0.1:57427 - R:localhost/127.0.0.1:57709]
20:30:19.294 [Forwarding findElement on session f1586b295c8376a38dc9756abfa259bf to remote] DEBUG org.asynchttpclient.netty.request.NettyRequestSender - Using pooled Channel '[id: 0x3ee2b3b5, L:/127.0.0.1:57427 - R:localhost/127.0.0.1:57709]' for 'POST' to 'http://localhost:57709/session/f1586b295c8376a38dc9756abfa259bf/element'
20:30:19.294 [Forwarding findElement on session f1586b295c8376a38dc9756abfa259bf to remote] DEBUG org.asynchttpclient.netty.request.NettyRequestSender - Using open Channel [id: 0x3ee2b3b5, L:/127.0.0.1:57427 - R:localhost/127.0.0.1:57709] for POST '/session/f1586b295c8376a38dc9756abfa259bf/element'
20:30:19.318 [AsyncHttpClient-1-9] DEBUG org.asynchttpclient.netty.handler.HttpHandler - 

Request DefaultHttpRequest(decodeResult: success, version: HTTP/1.1)
POST /session/f1586b295c8376a38dc9756abfa259bf/element HTTP/1.1
User-Agent: selenium/4.1.2 (java windows)
Content-Length: 71
Content-Type: application/json; charset=utf-8
host: localhost:57709
accept: */*

Response DefaultHttpResponse(decodeResult: success, version: HTTP/1.1)
HTTP/1.1 200 OK
Content-Type: application/json; charset=utf-8
cache-control: no-cache
content-length: 88

20:30:19.318 [AsyncHttpClient-1-9] DEBUG org.asynchttpclient.netty.channel.ChannelManager - Adding key: http://localhost:57709 for channel [id: 0x3ee2b3b5, L:/127.0.0.1:57427 - R:localhost/127.0.0.1:57709]
20:30:19.326 [Forwarding sendKeysToElement on session f1586b295c8376a38dc9756abfa259bf to remote] DEBUG org.asynchttpclient.netty.request.NettyRequestSender - Using pooled Channel '[id: 0x3ee2b3b5, L:/127.0.0.1:57427 - R:localhost/127.0.0.1:57709]' for 'POST' to 'http://localhost:57709/session/f1586b295c8376a38dc9756abfa259bf/element/90dbf87f-7ec4-4438-8a5f-826baa90a33d/value'
20:30:19.326 [Forwarding sendKeysToElement on session f1586b295c8376a38dc9756abfa259bf to remote] DEBUG org.asynchttpclient.netty.request.NettyRequestSender - Using open Channel [id: 0x3ee2b3b5, L:/127.0.0.1:57427 - R:localhost/127.0.0.1:57709] for POST '/session/f1586b295c8376a38dc9756abfa259bf/element/90dbf87f-7ec4-4438-8a5f-826baa90a33d/value'
20:30:19.902 [AsyncHttpClient-1-9] DEBUG org.asynchttpclient.netty.handler.HttpHandler - 

Request DefaultHttpRequest(decodeResult: success, version: HTTP/1.1)
POST /session/f1586b295c8376a38dc9756abfa259bf/element/90dbf87f-7ec4-4438-8a5f-826baa90a33d/value HTTP/1.1
User-Agent: selenium/4.1.2 (java windows)
Content-Length: 191
Content-Type: application/json; charset=utf-8
host: localhost:57709
accept: */*

Response DefaultHttpResponse(decodeResult: success, version: HTTP/1.1)
HTTP/1.1 200 OK
Content-Type: application/json; charset=utf-8
cache-control: no-cache
content-length: 14

20:30:19.902 [AsyncHttpClient-1-9] DEBUG org.asynchttpclient.netty.channel.ChannelManager - Adding key: http://localhost:57709 for channel [id: 0x3ee2b3b5, L:/127.0.0.1:57427 - R:localhost/127.0.0.1:57709]
20:30:19.910 [Forwarding findElement on session f1586b295c8376a38dc9756abfa259bf to remote] DEBUG org.asynchttpclient.netty.request.NettyRequestSender - Using pooled Channel '[id: 0x3ee2b3b5, L:/127.0.0.1:57427 - R:localhost/127.0.0.1:57709]' for 'POST' to 'http://localhost:57709/session/f1586b295c8376a38dc9756abfa259bf/element'
20:30:19.910 [Forwarding findElement on session f1586b295c8376a38dc9756abfa259bf to remote] DEBUG org.asynchttpclient.netty.request.NettyRequestSender - Using open Channel [id: 0x3ee2b3b5, L:/127.0.0.1:57427 - R:localhost/127.0.0.1:57709] for POST '/session/f1586b295c8376a38dc9756abfa259bf/element'
20:30:19.958 [AsyncHttpClient-1-9] DEBUG org.asynchttpclient.netty.handler.HttpHandler - 

Request DefaultHttpRequest(decodeResult: success, version: HTTP/1.1)
POST /session/f1586b295c8376a38dc9756abfa259bf/element HTTP/1.1
User-Agent: selenium/4.1.2 (java windows)
Content-Length: 166
Content-Type: application/json; charset=utf-8
host: localhost:57709
accept: */*

Response DefaultHttpResponse(decodeResult: success, version: HTTP/1.1)
HTTP/1.1 200 OK
Content-Type: application/json; charset=utf-8
cache-control: no-cache
content-length: 88

20:30:19.958 [AsyncHttpClient-1-9] DEBUG org.asynchttpclient.netty.channel.ChannelManager - Adding key: http://localhost:57709 for channel [id: 0x3ee2b3b5, L:/127.0.0.1:57427 - R:localhost/127.0.0.1:57709]
20:30:19.958 [Forwarding sendKeysToElement on session f1586b295c8376a38dc9756abfa259bf to remote] DEBUG org.asynchttpclient.netty.request.NettyRequestSender - Using pooled Channel '[id: 0x3ee2b3b5, L:/127.0.0.1:57427 - R:localhost/127.0.0.1:57709]' for 'POST' to 'http://localhost:57709/session/f1586b295c8376a38dc9756abfa259bf/element/70e90526-1da6-4a37-8187-87b51bc2c26d/value'
20:30:19.958 [Forwarding sendKeysToElement on session f1586b295c8376a38dc9756abfa259bf to remote] DEBUG org.asynchttpclient.netty.request.NettyRequestSender - Using open Channel [id: 0x3ee2b3b5, L:/127.0.0.1:57427 - R:localhost/127.0.0.1:57709] for POST '/session/f1586b295c8376a38dc9756abfa259bf/element/70e90526-1da6-4a37-8187-87b51bc2c26d/value'
20:30:20.102 [AsyncHttpClient-1-9] DEBUG org.asynchttpclient.netty.handler.HttpHandler - 

Request DefaultHttpRequest(decodeResult: success, version: HTTP/1.1)
POST /session/f1586b295c8376a38dc9756abfa259bf/element/70e90526-1da6-4a37-8187-87b51bc2c26d/value HTTP/1.1
User-Agent: selenium/4.1.2 (java windows)
Content-Length: 82
Content-Type: application/json; charset=utf-8
host: localhost:57709
accept: */*

Response DefaultHttpResponse(decodeResult: success, version: HTTP/1.1)
HTTP/1.1 200 OK
Content-Type: application/json; charset=utf-8
cache-control: no-cache
content-length: 14

20:30:20.102 [AsyncHttpClient-1-9] DEBUG org.asynchttpclient.netty.channel.ChannelManager - Adding key: http://localhost:57709 for channel [id: 0x3ee2b3b5, L:/127.0.0.1:57427 - R:localhost/127.0.0.1:57709]
20:30:20.110 [Forwarding findElement on session f1586b295c8376a38dc9756abfa259bf to remote] DEBUG org.asynchttpclient.netty.request.NettyRequestSender - Using pooled Channel '[id: 0x3ee2b3b5, L:/127.0.0.1:57427 - R:localhost/127.0.0.1:57709]' for 'POST' to 'http://localhost:57709/session/f1586b295c8376a38dc9756abfa259bf/element'
20:30:20.110 [Forwarding findElement on session f1586b295c8376a38dc9756abfa259bf to remote] DEBUG org.asynchttpclient.netty.request.NettyRequestSender - Using open Channel [id: 0x3ee2b3b5, L:/127.0.0.1:57427 - R:localhost/127.0.0.1:57709] for POST '/session/f1586b295c8376a38dc9756abfa259bf/element'
20:30:20.134 [AsyncHttpClient-1-9] DEBUG org.asynchttpclient.netty.handler.HttpHandler - 

Request DefaultHttpRequest(decodeResult: success, version: HTTP/1.1)
POST /session/f1586b295c8376a38dc9756abfa259bf/element HTTP/1.1
User-Agent: selenium/4.1.2 (java windows)
Content-Length: 70
Content-Type: application/json; charset=utf-8
host: localhost:57709
accept: */*

Response DefaultHttpResponse(decodeResult: success, version: HTTP/1.1)
HTTP/1.1 200 OK
Content-Type: application/json; charset=utf-8
cache-control: no-cache
content-length: 88

20:30:20.134 [AsyncHttpClient-1-9] DEBUG org.asynchttpclient.netty.channel.ChannelManager - Adding key: http://localhost:57709 for channel [id: 0x3ee2b3b5, L:/127.0.0.1:57427 - R:localhost/127.0.0.1:57709]
20:30:20.142 [Forwarding sendKeysToElement on session f1586b295c8376a38dc9756abfa259bf to remote] DEBUG org.asynchttpclient.netty.request.NettyRequestSender - Using pooled Channel '[id: 0x3ee2b3b5, L:/127.0.0.1:57427 - R:localhost/127.0.0.1:57709]' for 'POST' to 'http://localhost:57709/session/f1586b295c8376a38dc9756abfa259bf/element/d1e757b5-7838-4673-bf8f-10696bdc07be/value'
20:30:20.142 [Forwarding sendKeysToElement on session f1586b295c8376a38dc9756abfa259bf to remote] DEBUG org.asynchttpclient.netty.request.NettyRequestSender - Using open Channel [id: 0x3ee2b3b5, L:/127.0.0.1:57427 - R:localhost/127.0.0.1:57709] for POST '/session/f1586b295c8376a38dc9756abfa259bf/element/d1e757b5-7838-4673-bf8f-10696bdc07be/value'
20:30:20.294 [AsyncHttpClient-1-1] DEBUG org.asynchttpclient.netty.channel.DefaultChannelPool - Entry count for : http://localhost:57429 : 1
20:30:20.615 [AsyncHttpClient-1-9] DEBUG org.asynchttpclient.netty.handler.HttpHandler - 

Request DefaultHttpRequest(decodeResult: success, version: HTTP/1.1)
POST /session/f1586b295c8376a38dc9756abfa259bf/element/d1e757b5-7838-4673-bf8f-10696bdc07be/value HTTP/1.1
User-Agent: selenium/4.1.2 (java windows)
Content-Length: 181
Content-Type: application/json; charset=utf-8
host: localhost:57709
accept: */*

Response DefaultHttpResponse(decodeResult: success, version: HTTP/1.1)
HTTP/1.1 200 OK
Content-Type: application/json; charset=utf-8
cache-control: no-cache
content-length: 14

20:30:20.615 [AsyncHttpClient-1-9] DEBUG org.asynchttpclient.netty.channel.ChannelManager - Adding key: http://localhost:57709 for channel [id: 0x3ee2b3b5, L:/127.0.0.1:57427 - R:localhost/127.0.0.1:57709]
20:30:20.639 [Forwarding screenshot on session f1586b295c8376a38dc9756abfa259bf to remote] DEBUG org.asynchttpclient.netty.request.NettyRequestSender - Using pooled Channel '[id: 0x3ee2b3b5, L:/127.0.0.1:57427 - R:localhost/127.0.0.1:57709]' for 'GET' to 'http://localhost:57709/session/f1586b295c8376a38dc9756abfa259bf/screenshot'
20:30:20.639 [Forwarding screenshot on session f1586b295c8376a38dc9756abfa259bf to remote] DEBUG org.asynchttpclient.netty.request.NettyRequestSender - Using open Channel [id: 0x3ee2b3b5, L:/127.0.0.1:57427 - R:localhost/127.0.0.1:57709] for GET '/session/f1586b295c8376a38dc9756abfa259bf/screenshot'
20:30:21.046 [AsyncHttpClient-1-9] DEBUG org.asynchttpclient.netty.handler.HttpHandler - 

Request DefaultFullHttpRequest(decodeResult: success, version: HTTP/1.1, content: EmptyByteBufBE)
GET /session/f1586b295c8376a38dc9756abfa259bf/screenshot HTTP/1.1
User-Agent: selenium/4.1.2 (java windows)
Cache-Control: no-cache
Content-Type: application/json; charset=utf-8
host: localhost:57709
accept: */*

Response DefaultHttpResponse(decodeResult: success, version: HTTP/1.1)
HTTP/1.1 200 OK
Content-Type: application/json; charset=utf-8
cache-control: no-cache
content-length: 364632

20:30:21.046 [AsyncHttpClient-1-9] DEBUG org.asynchttpclient.netty.channel.ChannelManager - Adding key: http://localhost:57709 for channel [id: 0x3ee2b3b5, L:/127.0.0.1:57427 - R:localhost/127.0.0.1:57709]
20:30:21.086 [main] DEBUG net.serenitybdd.core.photography.Darkroom - Send negative for processing for target\site\serenity\f306aed793c32f31ae7f84fac80171d258efd62ff1078c41dda117eae190d80a.png
20:30:21.086 [main] DEBUG net.thucydides.core.steps.StepInterceptor - STEP DONE: inputDataDokter
  &amp#27;[32mThen &amp#27;[0m&amp#27;[32mI input &amp#27;[0m&amp#27;[32m&amp#27;[1m"Bagas"&amp#27;[0m&amp#27;[32m &amp#27;[0m&amp#27;[32m&amp#27;[1m"12344"&amp#27;[0m&amp#27;[32m &amp#27;[0m&amp#27;[32m&amp#27;[1m"Dokter Gigi"&amp#27;[0m&amp#27;[32m &amp#27;[0m&amp#27;[32m&amp#27;[1m""&amp#27;[0m&amp#27;[32m &amp#27;[0m&amp#27;[32m&amp#27;[1m"BagasBedah"&amp#27;[0m&amp#27;[32m dokter&amp#27;[0m &amp#27;[90m# starter.stepdefinitios.DokterDataSteps.iInputDokter(java.lang.String,java.lang.String,java.lang.String,java.lang.String,java.lang.String)&amp#27;[0m
20:30:21.094 [Darkroom Processing Line] DEBUG net.serenitybdd.core.photography.DarkroomProcessingLine - Processing screenshot image in /var/screenshots/screenshot-5558842984202454383
20:30:21.094 [Darkroom Processing Line] DEBUG net.serenitybdd.core.photography.DarkroomProcessingLine - Saving screenshot to target\site\serenity\f306aed793c32f31ae7f84fac80171d258efd62ff1078c41dda117eae190d80a.png
20:30:21.142 [Forwarding screenshot on session f1586b295c8376a38dc9756abfa259bf to remote] DEBUG org.asynchttpclient.netty.request.NettyRequestSender - Using pooled Channel '[id: 0x3ee2b3b5, L:/127.0.0.1:57427 - R:localhost/127.0.0.1:57709]' for 'GET' to 'http://localhost:57709/session/f1586b295c8376a38dc9756abfa259bf/screenshot'
20:30:21.142 [Forwarding screenshot on session f1586b295c8376a38dc9756abfa259bf to remote] DEBUG org.asynchttpclient.netty.request.NettyRequestSender - Using open Channel [id: 0x3ee2b3b5, L:/127.0.0.1:57427 - R:localhost/127.0.0.1:57709] for GET '/session/f1586b295c8376a38dc9756abfa259bf/screenshot'
20:30:21.390 [AsyncHttpClient-1-1] DEBUG org.asynchttpclient.netty.channel.DefaultChannelPool - Entry count for : http://localhost:57429 : 1
20:30:21.529 [AsyncHttpClient-1-9] DEBUG org.asynchttpclient.netty.handler.HttpHandler - 

Request DefaultFullHttpRequest(decodeResult: success, version: HTTP/1.1, content: EmptyByteBufBE)
GET /session/f1586b295c8376a38dc9756abfa259bf/screenshot HTTP/1.1
User-Agent: selenium/4.1.2 (java windows)
Cache-Control: no-cache
Content-Type: application/json; charset=utf-8
host: localhost:57709
accept: */*

Response DefaultHttpResponse(decodeResult: success, version: HTTP/1.1)
HTTP/1.1 200 OK
Content-Type: application/json; charset=utf-8
cache-control: no-cache
content-length: 364616

20:30:21.537 [AsyncHttpClient-1-9] DEBUG org.asynchttpclient.netty.channel.ChannelManager - Adding key: http://localhost:57709 for channel [id: 0x3ee2b3b5, L:/127.0.0.1:57427 - R:localhost/127.0.0.1:57709]
20:30:21.577 [main] DEBUG net.serenitybdd.core.photography.Darkroom - Send negative for processing for target\site\serenity\15e265f3bc76dbbc098eeb56792bbd7ead45910a086b6d0b1e8934668d303248.png
20:30:21.577 [main] DEBUG net.thucydides.core.steps.StepInterceptor - STARTING STEP: PatientDataSteps.clickButtonSimpan - clickButtonSave
20:30:21.577 [Darkroom Processing Line] DEBUG net.serenitybdd.core.photography.DarkroomProcessingLine - Processing screenshot image in /var/screenshots/screenshot-5671929006679257527
20:30:21.577 [Darkroom Processing Line] DEBUG net.serenitybdd.core.photography.DarkroomProcessingLine - Saving screenshot to target\site\serenity\15e265f3bc76dbbc098eeb56792bbd7ead45910a086b6d0b1e8934668d303248.png
20:30:21.585 [Forwarding findElement on session f1586b295c8376a38dc9756abfa259bf to remote] DEBUG org.asynchttpclient.netty.request.NettyRequestSender - Using pooled Channel '[id: 0x3ee2b3b5, L:/127.0.0.1:57427 - R:localhost/127.0.0.1:57709]' for 'POST' to 'http://localhost:57709/session/f1586b295c8376a38dc9756abfa259bf/element'
20:30:21.593 [Forwarding findElement on session f1586b295c8376a38dc9756abfa259bf to remote] DEBUG org.asynchttpclient.netty.request.NettyRequestSender - Using open Channel [id: 0x3ee2b3b5, L:/127.0.0.1:57427 - R:localhost/127.0.0.1:57709] for POST '/session/f1586b295c8376a38dc9756abfa259bf/element'
20:30:21.609 [AsyncHttpClient-1-9] DEBUG org.asynchttpclient.netty.handler.HttpHandler - 

Request DefaultHttpRequest(decodeResult: success, version: HTTP/1.1)
POST /session/f1586b295c8376a38dc9756abfa259bf/element HTTP/1.1
User-Agent: selenium/4.1.2 (java windows)
Content-Length: 68
Content-Type: application/json; charset=utf-8
host: localhost:57709
accept: */*

Response DefaultHttpResponse(decodeResult: success, version: HTTP/1.1)
HTTP/1.1 200 OK
Content-Type: application/json; charset=utf-8
cache-control: no-cache
content-length: 88

20:30:21.609 [AsyncHttpClient-1-9] DEBUG org.asynchttpclient.netty.channel.ChannelManager - Adding key: http://localhost:57709 for channel [id: 0x3ee2b3b5, L:/127.0.0.1:57427 - R:localhost/127.0.0.1:57709]
20:30:21.617 [Forwarding getElementTagName on session f1586b295c8376a38dc9756abfa259bf to remote] DEBUG org.asynchttpclient.netty.request.NettyRequestSender - Using pooled Channel '[id: 0x3ee2b3b5, L:/127.0.0.1:57427 - R:localhost/127.0.0.1:57709]' for 'GET' to 'http://localhost:57709/session/f1586b295c8376a38dc9756abfa259bf/element/a3b575cc-144d-4205-9431-76aacb9fca9d/name'
20:30:21.617 [Forwarding getElementTagName on session f1586b295c8376a38dc9756abfa259bf to remote] DEBUG org.asynchttpclient.netty.request.NettyRequestSender - Using open Channel [id: 0x3ee2b3b5, L:/127.0.0.1:57427 - R:localhost/127.0.0.1:57709] for GET '/session/f1586b295c8376a38dc9756abfa259bf/element/a3b575cc-144d-4205-9431-76aacb9fca9d/name'
20:30:21.625 [AsyncHttpClient-1-9] DEBUG org.asynchttpclient.netty.handler.HttpHandler - 

Request DefaultFullHttpRequest(decodeResult: success, version: HTTP/1.1, content: EmptyByteBufBE)
GET /session/f1586b295c8376a38dc9756abfa259bf/element/a3b575cc-144d-4205-9431-76aacb9fca9d/name HTTP/1.1
User-Agent: selenium/4.1.2 (java windows)
Cache-Control: no-cache
Content-Type: application/json; charset=utf-8
host: localhost:57709
accept: */*

Response DefaultHttpResponse(decodeResult: success, version: HTTP/1.1)
HTTP/1.1 200 OK
Content-Type: application/json; charset=utf-8
cache-control: no-cache
content-length: 18

20:30:21.625 [AsyncHttpClient-1-9] DEBUG org.asynchttpclient.netty.channel.ChannelManager - Adding key: http://localhost:57709 for channel [id: 0x3ee2b3b5, L:/127.0.0.1:57427 - R:localhost/127.0.0.1:57709]
20:30:21.633 [Forwarding getElementTagName on session f1586b295c8376a38dc9756abfa259bf to remote] DEBUG org.asynchttpclient.netty.request.NettyRequestSender - Using pooled Channel '[id: 0x3ee2b3b5, L:/127.0.0.1:57427 - R:localhost/127.0.0.1:57709]' for 'GET' to 'http://localhost:57709/session/f1586b295c8376a38dc9756abfa259bf/element/a3b575cc-144d-4205-9431-76aacb9fca9d/name'
20:30:21.633 [Forwarding getElementTagName on session f1586b295c8376a38dc9756abfa259bf to remote] DEBUG org.asynchttpclient.netty.request.NettyRequestSender - Using open Channel [id: 0x3ee2b3b5, L:/127.0.0.1:57427 - R:localhost/127.0.0.1:57709] for GET '/session/f1586b295c8376a38dc9756abfa259bf/element/a3b575cc-144d-4205-9431-76aacb9fca9d/name'
20:30:21.649 [AsyncHttpClient-1-9] DEBUG org.asynchttpclient.netty.handler.HttpHandler - 

Request DefaultFullHttpRequest(decodeResult: success, version: HTTP/1.1, content: EmptyByteBufBE)
GET /session/f1586b295c8376a38dc9756abfa259bf/element/a3b575cc-144d-4205-9431-76aacb9fca9d/name HTTP/1.1
User-Agent: selenium/4.1.2 (java windows)
Cache-Control: no-cache
Content-Type: application/json; charset=utf-8
host: localhost:57709
accept: */*

Response DefaultHttpResponse(decodeResult: success, version: HTTP/1.1)
HTTP/1.1 200 OK
Content-Type: application/json; charset=utf-8
cache-control: no-cache
content-length: 18

20:30:21.649 [AsyncHttpClient-1-9] DEBUG org.asynchttpclient.netty.channel.ChannelManager - Adding key: http://localhost:57709 for channel [id: 0x3ee2b3b5, L:/127.0.0.1:57427 - R:localhost/127.0.0.1:57709]
20:30:21.657 [Forwarding isElementEnabled on session f1586b295c8376a38dc9756abfa259bf to remote] DEBUG org.asynchttpclient.netty.request.NettyRequestSender - Using pooled Channel '[id: 0x3ee2b3b5, L:/127.0.0.1:57427 - R:localhost/127.0.0.1:57709]' for 'GET' to 'http://localhost:57709/session/f1586b295c8376a38dc9756abfa259bf/element/a3b575cc-144d-4205-9431-76aacb9fca9d/enabled'
20:30:21.657 [Forwarding isElementEnabled on session f1586b295c8376a38dc9756abfa259bf to remote] DEBUG org.asynchttpclient.netty.request.NettyRequestSender - Using open Channel [id: 0x3ee2b3b5, L:/127.0.0.1:57427 - R:localhost/127.0.0.1:57709] for GET '/session/f1586b295c8376a38dc9756abfa259bf/element/a3b575cc-144d-4205-9431-76aacb9fca9d/enabled'
20:30:21.745 [AsyncHttpClient-1-9] DEBUG org.asynchttpclient.netty.handler.HttpHandler - 

Request DefaultFullHttpRequest(decodeResult: success, version: HTTP/1.1, content: EmptyByteBufBE)
GET /session/f1586b295c8376a38dc9756abfa259bf/element/a3b575cc-144d-4205-9431-76aacb9fca9d/enabled HTTP/1.1
User-Agent: selenium/4.1.2 (java windows)
Cache-Control: no-cache
Content-Type: application/json; charset=utf-8
host: localhost:57709
accept: */*

Response DefaultHttpResponse(decodeResult: success, version: HTTP/1.1)
HTTP/1.1 200 OK
Content-Type: application/json; charset=utf-8
cache-control: no-cache
content-length: 14

20:30:21.745 [AsyncHttpClient-1-9] DEBUG org.asynchttpclient.netty.channel.ChannelManager - Adding key: http://localhost:57709 for channel [id: 0x3ee2b3b5, L:/127.0.0.1:57427 - R:localhost/127.0.0.1:57709]
20:30:21.745 [Forwarding isElementEnabled on session f1586b295c8376a38dc9756abfa259bf to remote] DEBUG org.asynchttpclient.netty.request.NettyRequestSender - Using pooled Channel '[id: 0x3ee2b3b5, L:/127.0.0.1:57427 - R:localhost/127.0.0.1:57709]' for 'GET' to 'http://localhost:57709/session/f1586b295c8376a38dc9756abfa259bf/element/a3b575cc-144d-4205-9431-76aacb9fca9d/enabled'
20:30:21.745 [Forwarding isElementEnabled on session f1586b295c8376a38dc9756abfa259bf to remote] DEBUG org.asynchttpclient.netty.request.NettyRequestSender - Using open Channel [id: 0x3ee2b3b5, L:/127.0.0.1:57427 - R:localhost/127.0.0.1:57709] for GET '/session/f1586b295c8376a38dc9756abfa259bf/element/a3b575cc-144d-4205-9431-76aacb9fca9d/enabled'
20:30:21.761 [AsyncHttpClient-1-9] DEBUG org.asynchttpclient.netty.handler.HttpHandler - 

Request DefaultFullHttpRequest(decodeResult: success, version: HTTP/1.1, content: EmptyByteBufBE)
GET /session/f1586b295c8376a38dc9756abfa259bf/element/a3b575cc-144d-4205-9431-76aacb9fca9d/enabled HTTP/1.1
User-Agent: selenium/4.1.2 (java windows)
Cache-Control: no-cache
Content-Type: application/json; charset=utf-8
host: localhost:57709
accept: */*

Response DefaultHttpResponse(decodeResult: success, version: HTTP/1.1)
HTTP/1.1 200 OK
Content-Type: application/json; charset=utf-8
cache-control: no-cache
content-length: 14

20:30:21.761 [AsyncHttpClient-1-9] DEBUG org.asynchttpclient.netty.channel.ChannelManager - Adding key: http://localhost:57709 for channel [id: 0x3ee2b3b5, L:/127.0.0.1:57427 - R:localhost/127.0.0.1:57709]
20:30:21.769 [Forwarding findElement on session f1586b295c8376a38dc9756abfa259bf to remote] DEBUG org.asynchttpclient.netty.request.NettyRequestSender - Using pooled Channel '[id: 0x3ee2b3b5, L:/127.0.0.1:57427 - R:localhost/127.0.0.1:57709]' for 'POST' to 'http://localhost:57709/session/f1586b295c8376a38dc9756abfa259bf/element'
20:30:21.769 [Forwarding findElement on session f1586b295c8376a38dc9756abfa259bf to remote] DEBUG org.asynchttpclient.netty.request.NettyRequestSender - Using open Channel [id: 0x3ee2b3b5, L:/127.0.0.1:57427 - R:localhost/127.0.0.1:57709] for POST '/session/f1586b295c8376a38dc9756abfa259bf/element'
20:30:21.788 [AsyncHttpClient-1-9] DEBUG org.asynchttpclient.netty.handler.HttpHandler - 

Request DefaultHttpRequest(decodeResult: success, version: HTTP/1.1)
POST /session/f1586b295c8376a38dc9756abfa259bf/element HTTP/1.1
User-Agent: selenium/4.1.2 (java windows)
Content-Length: 68
Content-Type: application/json; charset=utf-8
host: localhost:57709
accept: */*

Response DefaultHttpResponse(decodeResult: success, version: HTTP/1.1)
HTTP/1.1 200 OK
Content-Type: application/json; charset=utf-8
cache-control: no-cache
content-length: 88

20:30:21.789 [AsyncHttpClient-1-9] DEBUG org.asynchttpclient.netty.channel.ChannelManager - Adding key: http://localhost:57709 for channel [id: 0x3ee2b3b5, L:/127.0.0.1:57427 - R:localhost/127.0.0.1:57709]
20:30:21.790 [Forwarding clickElement on session f1586b295c8376a38dc9756abfa259bf to remote] DEBUG org.asynchttpclient.netty.request.NettyRequestSender - Using pooled Channel '[id: 0x3ee2b3b5, L:/127.0.0.1:57427 - R:localhost/127.0.0.1:57709]' for 'POST' to 'http://localhost:57709/session/f1586b295c8376a38dc9756abfa259bf/element/a3b575cc-144d-4205-9431-76aacb9fca9d/click'
20:30:21.790 [Forwarding clickElement on session f1586b295c8376a38dc9756abfa259bf to remote] DEBUG org.asynchttpclient.netty.request.NettyRequestSender - Using open Channel [id: 0x3ee2b3b5, L:/127.0.0.1:57427 - R:localhost/127.0.0.1:57709] for POST '/session/f1586b295c8376a38dc9756abfa259bf/element/a3b575cc-144d-4205-9431-76aacb9fca9d/click'
20:30:21.918 [AsyncHttpClient-1-9] DEBUG org.asynchttpclient.netty.handler.HttpHandler - 

Request DefaultHttpRequest(decodeResult: success, version: HTTP/1.1)
POST /session/f1586b295c8376a38dc9756abfa259bf/element/a3b575cc-144d-4205-9431-76aacb9fca9d/click HTTP/1.1
User-Agent: selenium/4.1.2 (java windows)
Content-Length: 50
Content-Type: application/json; charset=utf-8
host: localhost:57709
accept: */*

Response DefaultHttpResponse(decodeResult: success, version: HTTP/1.1)
HTTP/1.1 200 OK
Content-Type: application/json; charset=utf-8
cache-control: no-cache
content-length: 14

20:30:21.918 [AsyncHttpClient-1-9] DEBUG org.asynchttpclient.netty.channel.ChannelManager - Adding key: http://localhost:57709 for channel [id: 0x3ee2b3b5, L:/127.0.0.1:57427 - R:localhost/127.0.0.1:57709]
20:30:21.942 [Forwarding screenshot on session f1586b295c8376a38dc9756abfa259bf to remote] DEBUG org.asynchttpclient.netty.request.NettyRequestSender - Using pooled Channel '[id: 0x3ee2b3b5, L:/127.0.0.1:57427 - R:localhost/127.0.0.1:57709]' for 'GET' to 'http://localhost:57709/session/f1586b295c8376a38dc9756abfa259bf/screenshot'
20:30:21.942 [Forwarding screenshot on session f1586b295c8376a38dc9756abfa259bf to remote] DEBUG org.asynchttpclient.netty.request.NettyRequestSender - Using open Channel [id: 0x3ee2b3b5, L:/127.0.0.1:57427 - R:localhost/127.0.0.1:57709] for GET '/session/f1586b295c8376a38dc9756abfa259bf/screenshot'
20:30:22.501 [AsyncHttpClient-1-1] DEBUG org.asynchttpclient.netty.channel.DefaultChannelPool - Entry count for : http://localhost:57429 : 1
20:30:22.509 [AsyncHttpClient-1-9] DEBUG org.asynchttpclient.netty.handler.HttpHandler - 

Request DefaultFullHttpRequest(decodeResult: success, version: HTTP/1.1, content: EmptyByteBufBE)
GET /session/f1586b295c8376a38dc9756abfa259bf/screenshot HTTP/1.1
User-Agent: selenium/4.1.2 (java windows)
Cache-Control: no-cache
Content-Type: application/json; charset=utf-8
host: localhost:57709
accept: */*

Response DefaultHttpResponse(decodeResult: success, version: HTTP/1.1)
HTTP/1.1 500 Internal Server Error
Content-Type: application/json; charset=utf-8
cache-control: no-cache
content-length: 854

20:30:22.509 [AsyncHttpClient-1-9] DEBUG org.asynchttpclient.netty.channel.ChannelManager - Adding key: http://localhost:57709 for channel [id: 0x3ee2b3b5, L:/127.0.0.1:57427 - R:localhost/127.0.0.1:57709]
20:30:22.517 [main] WARN net.thucydides.core.webdriver.WebDriverFacade - Failed to take screenshot (unexpected alert open: <unknown>
  (Session info: chrome=102.0.5005.115): 
Build info: version: '4.1.2', revision: '9a5a329c5a'
System info: host: 'MOOK-HON', ip: '192.168.100.6', os.name: 'Windows 10', os.arch: 'amd64', os.version: '10.0', java.version: '11.0.14'
Driver info: org.openqa.selenium.chrome.ChromeDriver
Command: [f1586b295c8376a38dc9756abfa259bf, screenshot {}]
Capabilities {acceptInsecureCerts: false, browserName: chrome, browserVersion: 102.0.5005.115, chrome: {chromedriverVersion: 102.0.5005.61 (0e59bcc00cc4..., userDataDir: C:\Users\ASUS\AppData\Local...}, goog:chromeOptions: {debuggerAddress: localhost:57429}, javascriptEnabled: true, networkConnectionEnabled: false, pageLoadStrategy: normal, platform: WINDOWS, platformName: WINDOWS, proxy: Proxy(), se:cdp: ws://localhost:57429/devtoo..., se:cdpVersion: 102.0.5005.115, setWindowRect: true, strictFileInteractability: false, timeouts: {implicit: 0, pageLoad: 300000, script: 30000}, unhandledPromptBehavior: dismiss and notify, webauthn:extension:credBlob: true, webauthn:extension:largeBlob: true, webauthn:virtualAuthenticators: true}
Session ID: f1586b295c8376a38dc9756abfa259bf)
20:30:22.517 [main] DEBUG net.thucydides.core.steps.StepInterceptor - STEP DONE: clickButtonSave
  &amp#27;[32mAnd &amp#27;[0m&amp#27;[32mClick button simpan&amp#27;[0m                                           &amp#27;[90m# starter.stepdefinitios.PatientDataSteps.clickButtonSimpan()&amp#27;[0m
20:30:22.533 [Forwarding screenshot on session f1586b295c8376a38dc9756abfa259bf to remote] DEBUG org.asynchttpclient.netty.request.NettyRequestSender - Using pooled Channel '[id: 0x3ee2b3b5, L:/127.0.0.1:57427 - R:localhost/127.0.0.1:57709]' for 'GET' to 'http://localhost:57709/session/f1586b295c8376a38dc9756abfa259bf/screenshot'
20:30:22.541 [Forwarding screenshot on session f1586b295c8376a38dc9756abfa259bf to remote] DEBUG org.asynchttpclient.netty.request.NettyRequestSender - Using open Channel [id: 0x3ee2b3b5, L:/127.0.0.1:57427 - R:localhost/127.0.0.1:57709] for GET '/session/f1586b295c8376a38dc9756abfa259bf/screenshot'
20:30:22.613 [AsyncHttpClient-1-9] DEBUG org.asynchttpclient.netty.handler.HttpHandler - 

Request DefaultFullHttpRequest(decodeResult: success, version: HTTP/1.1, content: EmptyByteBufBE)
GET /session/f1586b295c8376a38dc9756abfa259bf/screenshot HTTP/1.1
User-Agent: selenium/4.1.2 (java windows)
Cache-Control: no-cache
Content-Type: application/json; charset=utf-8
host: localhost:57709
accept: */*

Response DefaultHttpResponse(decodeResult: success, version: HTTP/1.1)
HTTP/1.1 500 Internal Server Error
Content-Type: application/json; charset=utf-8
cache-control: no-cache
content-length: 893

20:30:22.613 [AsyncHttpClient-1-9] DEBUG org.asynchttpclient.netty.channel.ChannelManager - Adding key: http://localhost:57709 for channel [id: 0x3ee2b3b5, L:/127.0.0.1:57427 - R:localhost/127.0.0.1:57709]
20:30:22.629 [main] WARN net.thucydides.core.webdriver.WebDriverFacade - Failed to take screenshot (unexpected alert open: {Alert text : Data telah ditambah}
  (Session info: chrome=102.0.5005.115): Data telah ditambah
Build info: version: '4.1.2', revision: '9a5a329c5a'
System info: host: 'MOOK-HON', ip: '192.168.100.6', os.name: 'Windows 10', os.arch: 'amd64', os.version: '10.0', java.version: '11.0.14'
Driver info: org.openqa.selenium.chrome.ChromeDriver
Command: [f1586b295c8376a38dc9756abfa259bf, screenshot {}]
Capabilities {acceptInsecureCerts: false, browserName: chrome, browserVersion: 102.0.5005.115, chrome: {chromedriverVersion: 102.0.5005.61 (0e59bcc00cc4..., userDataDir: C:\Users\ASUS\AppData\Local...}, goog:chromeOptions: {debuggerAddress: localhost:57429}, javascriptEnabled: true, networkConnectionEnabled: false, pageLoadStrategy: normal, platform: WINDOWS, platformName: WINDOWS, proxy: Proxy(), se:cdp: ws://localhost:57429/devtoo..., se:cdpVersion: 102.0.5005.115, setWindowRect: true, strictFileInteractability: false, timeouts: {implicit: 0, pageLoad: 300000, script: 30000}, unhandledPromptBehavior: dismiss and notify, webauthn:extension:credBlob: true, webauthn:extension:largeBlob: true, webauthn:virtualAuthenticators: true}
Session ID: f1586b295c8376a38dc9756abfa259bf)
20:30:22.645 [Forwarding screenshot on session f1586b295c8376a38dc9756abfa259bf to remote] DEBUG org.asynchttpclient.netty.request.NettyRequestSender - Using pooled Channel '[id: 0x3ee2b3b5, L:/127.0.0.1:57427 - R:localhost/127.0.0.1:57709]' for 'GET' to 'http://localhost:57709/session/f1586b295c8376a38dc9756abfa259bf/screenshot'
20:30:22.645 [Forwarding screenshot on session f1586b295c8376a38dc9756abfa259bf to remote] DEBUG org.asynchttpclient.netty.request.NettyRequestSender - Using open Channel [id: 0x3ee2b3b5, L:/127.0.0.1:57427 - R:localhost/127.0.0.1:57709] for GET '/session/f1586b295c8376a38dc9756abfa259bf/screenshot'
20:30:23.139 [AsyncHttpClient-1-9] DEBUG org.asynchttpclient.netty.handler.HttpHandler - 

Request DefaultFullHttpRequest(decodeResult: success, version: HTTP/1.1, content: EmptyByteBufBE)
GET /session/f1586b295c8376a38dc9756abfa259bf/screenshot HTTP/1.1
User-Agent: selenium/4.1.2 (java windows)
Cache-Control: no-cache
Content-Type: application/json; charset=utf-8
host: localhost:57709
accept: */*

Response DefaultHttpResponse(decodeResult: success, version: HTTP/1.1)
HTTP/1.1 200 OK
Content-Type: application/json; charset=utf-8
cache-control: no-cache
content-length: 71412

20:30:23.147 [AsyncHttpClient-1-9] DEBUG org.asynchttpclient.netty.channel.ChannelManager - Adding key: http://localhost:57709 for channel [id: 0x3ee2b3b5, L:/127.0.0.1:57427 - R:localhost/127.0.0.1:57709]
20:30:23.155 [main] DEBUG net.serenitybdd.core.photography.Darkroom - Send negative for processing for target\site\serenity\641553ea0c7ee1350e9d99c43bd8b22ab0037bbbf11d544d65f62061eb96ca5a.png
20:30:23.590 [AsyncHttpClient-1-1] DEBUG org.asynchttpclient.netty.channel.DefaultChannelPool - Entry count for : http://localhost:57429 : 1
20:30:23.590 [AsyncHttpClient-1-1] DEBUG org.asynchttpclient.netty.channel.DefaultChannelPool - Entry count for : http://localhost:57709 : 1
20:30:23.702 [Forwarding screenshot on session f1586b295c8376a38dc9756abfa259bf to remote] DEBUG org.asynchttpclient.netty.request.NettyRequestSender - Using pooled Channel '[id: 0x3ee2b3b5, L:/127.0.0.1:57427 - R:localhost/127.0.0.1:57709]' for 'GET' to 'http://localhost:57709/session/f1586b295c8376a38dc9756abfa259bf/screenshot'
20:30:23.702 [Forwarding screenshot on session f1586b295c8376a38dc9756abfa259bf to remote] DEBUG org.asynchttpclient.netty.request.NettyRequestSender - Using open Channel [id: 0x3ee2b3b5, L:/127.0.0.1:57427 - R:localhost/127.0.0.1:57709] for GET '/session/f1586b295c8376a38dc9756abfa259bf/screenshot'
20:30:23.921 [AsyncHttpClient-1-9] DEBUG org.asynchttpclient.netty.handler.HttpHandler - 

Request DefaultFullHttpRequest(decodeResult: success, version: HTTP/1.1, content: EmptyByteBufBE)
GET /session/f1586b295c8376a38dc9756abfa259bf/screenshot HTTP/1.1
User-Agent: selenium/4.1.2 (java windows)
Cache-Control: no-cache
Content-Type: application/json; charset=utf-8
host: localhost:57709
accept: */*

Response DefaultHttpResponse(decodeResult: success, version: HTTP/1.1)
HTTP/1.1 200 OK
Content-Type: application/json; charset=utf-8
cache-control: no-cache
content-length: 93040

20:30:23.921 [AsyncHttpClient-1-9] DEBUG org.asynchttpclient.netty.channel.ChannelManager - Adding key: http://localhost:57709 for channel [id: 0x3ee2b3b5, L:/127.0.0.1:57427 - R:localhost/127.0.0.1:57709]
20:30:23.937 [main] DEBUG net.serenitybdd.core.photography.Darkroom - Send negative for processing for target\site\serenity\ee66319f8cb5850ca609fa5af5fccf9e8848aa4d878c3d081ff200c30ff79dfd.png
20:30:23.937 [main] DEBUG net.thucydides.core.steps.StepInterceptor - STARTING STEP: DokterDataSteps.validDataDokter - validPagePasien
20:30:23.945 [Forwarding findElement on session f1586b295c8376a38dc9756abfa259bf to remote] DEBUG org.asynchttpclient.netty.request.NettyRequestSender - Using pooled Channel '[id: 0x3ee2b3b5, L:/127.0.0.1:57427 - R:localhost/127.0.0.1:57709]' for 'POST' to 'http://localhost:57709/session/f1586b295c8376a38dc9756abfa259bf/element'
20:30:23.953 [Forwarding findElement on session f1586b295c8376a38dc9756abfa259bf to remote] DEBUG org.asynchttpclient.netty.request.NettyRequestSender - Using open Channel [id: 0x3ee2b3b5, L:/127.0.0.1:57427 - R:localhost/127.0.0.1:57709] for POST '/session/f1586b295c8376a38dc9756abfa259bf/element'
20:30:24.121 [AsyncHttpClient-1-9] DEBUG org.asynchttpclient.netty.handler.HttpHandler - 

Request DefaultHttpRequest(decodeResult: success, version: HTTP/1.1)
POST /session/f1586b295c8376a38dc9756abfa259bf/element HTTP/1.1
User-Agent: selenium/4.1.2 (java windows)
Content-Length: 126
Content-Type: application/json; charset=utf-8
host: localhost:57709
accept: */*

Response DefaultHttpResponse(decodeResult: success, version: HTTP/1.1)
HTTP/1.1 200 OK
Content-Type: application/json; charset=utf-8
cache-control: no-cache
content-length: 88

20:30:24.121 [AsyncHttpClient-1-9] DEBUG org.asynchttpclient.netty.channel.ChannelManager - Adding key: http://localhost:57709 for channel [id: 0x3ee2b3b5, L:/127.0.0.1:57427 - R:localhost/127.0.0.1:57709]
20:30:24.129 [Forwarding isElementEnabled on session f1586b295c8376a38dc9756abfa259bf to remote] DEBUG org.asynchttpclient.netty.request.NettyRequestSender - Using pooled Channel '[id: 0x3ee2b3b5, L:/127.0.0.1:57427 - R:localhost/127.0.0.1:57709]' for 'GET' to 'http://localhost:57709/session/f1586b295c8376a38dc9756abfa259bf/element/02d86da3-f417-4254-9121-d16d6014c168/enabled'
20:30:24.129 [Forwarding isElementEnabled on session f1586b295c8376a38dc9756abfa259bf to remote] DEBUG org.asynchttpclient.netty.request.NettyRequestSender - Using open Channel [id: 0x3ee2b3b5, L:/127.0.0.1:57427 - R:localhost/127.0.0.1:57709] for GET '/session/f1586b295c8376a38dc9756abfa259bf/element/02d86da3-f417-4254-9121-d16d6014c168/enabled'
20:30:24.206 [AsyncHttpClient-1-9] DEBUG org.asynchttpclient.netty.handler.HttpHandler - 

Request DefaultFullHttpRequest(decodeResult: success, version: HTTP/1.1, content: EmptyByteBufBE)
GET /session/f1586b295c8376a38dc9756abfa259bf/element/02d86da3-f417-4254-9121-d16d6014c168/enabled HTTP/1.1
User-Agent: selenium/4.1.2 (java windows)
Cache-Control: no-cache
Content-Type: application/json; charset=utf-8
host: localhost:57709
accept: */*

Response DefaultHttpResponse(decodeResult: success, version: HTTP/1.1)
HTTP/1.1 200 OK
Content-Type: application/json; charset=utf-8
cache-control: no-cache
content-length: 14

20:30:24.206 [AsyncHttpClient-1-9] DEBUG org.asynchttpclient.netty.channel.ChannelManager - Adding key: http://localhost:57709 for channel [id: 0x3ee2b3b5, L:/127.0.0.1:57427 - R:localhost/127.0.0.1:57709]
20:30:24.230 [Forwarding screenshot on session f1586b295c8376a38dc9756abfa259bf to remote] DEBUG org.asynchttpclient.netty.request.NettyRequestSender - Using pooled Channel '[id: 0x3ee2b3b5, L:/127.0.0.1:57427 - R:localhost/127.0.0.1:57709]' for 'GET' to 'http://localhost:57709/session/f1586b295c8376a38dc9756abfa259bf/screenshot'
20:30:24.230 [Forwarding screenshot on session f1586b295c8376a38dc9756abfa259bf to remote] DEBUG org.asynchttpclient.netty.request.NettyRequestSender - Using open Channel [id: 0x3ee2b3b5, L:/127.0.0.1:57427 - R:localhost/127.0.0.1:57709] for GET '/session/f1586b295c8376a38dc9756abfa259bf/screenshot'
20:30:24.526 [AsyncHttpClient-1-9] DEBUG org.asynchttpclient.netty.handler.HttpHandler - 

Request DefaultFullHttpRequest(decodeResult: success, version: HTTP/1.1, content: EmptyByteBufBE)
GET /session/f1586b295c8376a38dc9756abfa259bf/screenshot HTTP/1.1
User-Agent: selenium/4.1.2 (java windows)
Cache-Control: no-cache
Content-Type: application/json; charset=utf-8
host: localhost:57709
accept: */*

Response DefaultHttpResponse(decodeResult: success, version: HTTP/1.1)
HTTP/1.1 200 OK
Content-Type: application/json; charset=utf-8
cache-control: no-cache
content-length: 93040

20:30:24.526 [AsyncHttpClient-1-9] DEBUG org.asynchttpclient.netty.channel.ChannelManager - Adding key: http://localhost:57709 for channel [id: 0x3ee2b3b5, L:/127.0.0.1:57427 - R:localhost/127.0.0.1:57709]
20:30:24.542 [main] DEBUG net.serenitybdd.core.photography.Darkroom - Send negative for processing for target\site\serenity\ee66319f8cb5850ca609fa5af5fccf9e8848aa4d878c3d081ff200c30ff79dfd.png
20:30:24.542 [main] DEBUG net.thucydides.core.steps.StepInterceptor - STEP DONE: validPagePasien
  &amp#27;[32mAnd &amp#27;[0m&amp#27;[32mValid data dokter&amp#27;[0m                                             &amp#27;[90m# starter.stepdefinitios.DokterDataSteps.validDataDokter()&amp#27;[0m
20:30:24.589 [AsyncHttpClient-1-3] DEBUG org.asynchttpclient.netty.handler.WebSocketHandler - Channel Closed: [id: 0xc2086986, L:/127.0.0.1:57439 ! R:localhost/127.0.0.1:57429] with attribute NettyResponseFuture{currentRetry=5,
	isDone=1,
	isCancelled=0,
	asyncHandler=org.asynchttpclient.ws.WebSocketUpgradeHandler@563edfdb,
	nettyRequest=org.asynchttpclient.netty.request.NettyRequest@4275c756,
	future=java.util.concurrent.CompletableFuture@32d90416[Completed normally],
	uri=ws://localhost:57429/devtools/browser/5b45bf9c-4ccd-4929-a408-4fc2f76d6e43,
	keepAlive=true,
	redirectCount=0,
	timeoutsHolder=null,
	inAuth=0,
	touch=1655991013273}
20:30:24.589 [AsyncHttpClient-1-3] DEBUG org.asynchttpclient.netty.channel.ChannelManager - Closing Channel [id: 0xc2086986, L:/127.0.0.1:57439 ! R:localhost/127.0.0.1:57429] 
20:30:24.613 [Driver Command Executor] DEBUG org.asynchttpclient.netty.request.NettyRequestSender - Using pooled Channel '[id: 0x3ee2b3b5, L:/127.0.0.1:57427 - R:localhost/127.0.0.1:57709]' for 'DELETE' to 'http://localhost:57709/session/f1586b295c8376a38dc9756abfa259bf'
20:30:24.613 [Driver Command Executor] DEBUG org.asynchttpclient.netty.request.NettyRequestSender - Using open Channel [id: 0x3ee2b3b5, L:/127.0.0.1:57427 - R:localhost/127.0.0.1:57709] for DELETE '/session/f1586b295c8376a38dc9756abfa259bf'
20:30:24.701 [AsyncHttpClient-1-1] DEBUG org.asynchttpclient.netty.channel.DefaultChannelPool - Entry count for : http://localhost:57429 : 1
20:30:25.798 [AsyncHttpClient-1-1] DEBUG org.asynchttpclient.netty.channel.DefaultChannelPool - Entry count for : http://localhost:57429 : 1
20:30:26.882 [AsyncHttpClient-1-2] DEBUG org.asynchttpclient.netty.handler.HttpHandler - Unexpected I/O exception on channel [id: 0xb6e8bacb, L:/127.0.0.1:57438 - R:localhost/127.0.0.1:57429]
java.io.IOException: An existing connection was forcibly closed by the remote host
	at java.base/sun.nio.ch.SocketDispatcher.read0(Native Method)
	at java.base/sun.nio.ch.SocketDispatcher.read(SocketDispatcher.java:43)
	at java.base/sun.nio.ch.IOUtil.readIntoNativeBuffer(IOUtil.java:276)
	at java.base/sun.nio.ch.IOUtil.read(IOUtil.java:233)
	at java.base/sun.nio.ch.IOUtil.read(IOUtil.java:223)
	at java.base/sun.nio.ch.SocketChannelImpl.read(SocketChannelImpl.java:358)
	at io.netty.buffer.PooledByteBuf.setBytes(PooledByteBuf.java:258)
	at io.netty.buffer.AbstractByteBuf.writeBytes(AbstractByteBuf.java:1132)
	at io.netty.channel.socket.nio.NioSocketChannel.doReadBytes(NioSocketChannel.java:350)
	at io.netty.channel.nio.AbstractNioByteChannel$NioByteUnsafe.read(AbstractNioByteChannel.java:151)
	at io.netty.channel.nio.NioEventLoop.processSelectedKey(NioEventLoop.java:722)
	at io.netty.channel.nio.NioEventLoop.processSelectedKeysOptimized(NioEventLoop.java:658)
	at io.netty.channel.nio.NioEventLoop.processSelectedKeys(NioEventLoop.java:584)
	at io.netty.channel.nio.NioEventLoop.run(NioEventLoop.java:496)
	at io.netty.util.concurrent.SingleThreadEventExecutor$4.run(SingleThreadEventExecutor.java:986)
	at io.netty.util.internal.ThreadExecutorMap$2.run(ThreadExecutorMap.java:74)
	at io.netty.util.concurrent.FastThreadLocalRunnable.run(FastThreadLocalRunnable.java:30)
	at java.base/java.lang.Thread.run(Thread.java:834)
20:30:26.882 [AsyncHttpClient-1-2] DEBUG org.asynchttpclient.netty.channel.ChannelManager - Closing Channel [id: 0xb6e8bacb, L:/127.0.0.1:57438 - R:localhost/127.0.0.1:57429] 
20:30:26.882 [AsyncHttpClient-1-2] DEBUG org.asynchttpclient.netty.handler.HttpHandler - Channel Closed: [id: 0xb6e8bacb, L:/127.0.0.1:57438 ! R:localhost/127.0.0.1:57429] with attribute DISCARD
20:30:26.890 [AsyncHttpClient-1-1] DEBUG org.asynchttpclient.netty.channel.DefaultChannelPool - Entry count for : http://localhost:57429 : 1
20:30:26.890 [AsyncHttpClient-1-1] DEBUG org.asynchttpclient.netty.channel.DefaultChannelPool - Adding Candidate expired Channel [id: 0xb6e8bacb, L:/127.0.0.1:57438 ! R:localhost/127.0.0.1:57429] isIdleTimeoutExpired=false isRemotelyClosed=true isTtlExpired=false
20:30:26.890 [AsyncHttpClient-1-1] DEBUG org.asynchttpclient.netty.channel.DefaultChannelPool - Closing Idle Channel [id: 0xb6e8bacb, L:/127.0.0.1:57438 ! R:localhost/127.0.0.1:57429]
20:30:26.890 [AsyncHttpClient-1-1] DEBUG org.asynchttpclient.netty.channel.DefaultChannelPool - Closed 1 connections out of 1 in 0 ms
20:30:27.030 [AsyncHttpClient-1-9] DEBUG org.asynchttpclient.netty.handler.HttpHandler - 

Request DefaultFullHttpRequest(decodeResult: success, version: HTTP/1.1, content: EmptyByteBufBE)
DELETE /session/f1586b295c8376a38dc9756abfa259bf HTTP/1.1
User-Agent: selenium/4.1.2 (java windows)
Content-Type: application/json; charset=utf-8
host: localhost:57709
accept: */*

Response DefaultHttpResponse(decodeResult: success, version: HTTP/1.1)
HTTP/1.1 200 OK
Content-Type: application/json; charset=utf-8
cache-control: no-cache
content-length: 14

20:30:27.030 [AsyncHttpClient-1-9] DEBUG org.asynchttpclient.netty.channel.ChannelManager - Adding key: http://localhost:57709 for channel [id: 0x3ee2b3b5, L:/127.0.0.1:57427 - R:localhost/127.0.0.1:57709]
20:30:27.714 [AsyncHttpClient-1-9] DEBUG org.asynchttpclient.netty.handler.HttpHandler - Channel Closed: [id: 0x3ee2b3b5, L:/127.0.0.1:57427 ! R:localhost/127.0.0.1:57709] with attribute DISCARD
20:30:28.002 [AsyncHttpClient-1-1] DEBUG org.asynchttpclient.netty.channel.DefaultChannelPool - Entry count for : http://localhost:57709 : 1
20:30:28.002 [AsyncHttpClient-1-1] DEBUG org.asynchttpclient.netty.channel.DefaultChannelPool - Adding Candidate expired Channel [id: 0x3ee2b3b5, L:/127.0.0.1:57427 ! R:localhost/127.0.0.1:57709] isIdleTimeoutExpired=false isRemotelyClosed=true isTtlExpired=false
20:30:28.002 [AsyncHttpClient-1-1] DEBUG org.asynchttpclient.netty.channel.DefaultChannelPool - Closing Idle Channel [id: 0x3ee2b3b5, L:/127.0.0.1:57427 ! R:localhost/127.0.0.1:57709]
20:30:28.002 [AsyncHttpClient-1-1] DEBUG org.asynchttpclient.netty.channel.DefaultChannelPool - Closed 1 connections out of 1 in 0 ms
]]></system-out>
    <system-err><![CDATA[Starting ChromeDriver 102.0.5005.61 (0e59bcc00cc4985ce39ad31c150065f159d95ad3-refs/branch-heads/5005@{#819}) on port 57709
Only local connections are allowed.
Please see https://chromedriver.chromium.org/security-considerations for suggestions on keeping ChromeDriver safe.
ChromeDriver was started successfully.
Jun 23, 2022 8:30:13 PM org.openqa.selenium.remote.ProtocolHandshake createSession
INFO: Detected dialect: W3C
Jun 23, 2022 8:30:13 PM org.openqa.selenium.devtools.CdpVersionFinder findNearestMatch
WARNING: Unable to find an exact match for CDP version 102, so returning the closest version found: a no-op implementation
Jun 23, 2022 8:30:13 PM org.openqa.selenium.devtools.CdpVersionFinder findNearestMatch
INFO: Unable to find CDP implementation matching 102.
Jun 23, 2022 8:30:13 PM org.openqa.selenium.chromium.ChromiumDriver lambda$new$3
WARNING: Unable to find version of CDP to use for . You may need to include a dependency on a specific version of the CDP using something similar to `org.seleniumhq.selenium:selenium-devtools-v86:4.1.2` where the version ("v86") matches the version of the chromium-based browser you're using and the version number of the artifact is the same as Selenium's.
[1655991022.512][WARNING]: unexpected alert open: {Alert text : Data telah ditambah}, cancelling screenshot
]]></system-err>
  </testcase>
  <testcase name="As a admin i want to add data dokter #6" classname="Add Data Dokter - Admin" time="18.856">
    <system-out><![CDATA[
@AddDokterData
Scenario Outline: As a admin i want to add data dokter              &amp#27;[90m# src/test/resources/features/AddDataDokter.feature:17&amp#27;[0m
20:30:28.322 [main] INFO io.cucumber.core.plugin.SerenityReporter - Running feature from file:///D:/Kel-1-capstone/TestingWeb/src/test/resources/features/AddDataDokter.feature
20:30:28.442 [main] DEBUG net.thucydides.core.steps.StepInterceptor - STARTING STEP: DokterDataSteps.openPageDataDokter - openDataDokter
20:30:28.442 [main] INFO net.serenitybdd.core.webdriver.driverproviders.ChromeDriverProvider - Using automatically driver download
20:30:28.858 [main] DEBUG io.github.bonigarcia.wdm.cache.ResolutionCache - Resolution chrome=102 in cache (valid until 21:04:30 23/06/2022 ICT)
20:30:28.889 [main] DEBUG io.github.bonigarcia.wdm.cache.ResolutionCache - Resolution chrome102=102.0.5005.61 in cache (valid until 20:04:30 24/06/2022 ICT)
20:30:28.897 [main] INFO io.github.bonigarcia.wdm.WebDriverManager - Using chromedriver 102.0.5005.61 (resolved driver for Chrome 102)
20:30:28.985 [main] DEBUG io.github.bonigarcia.wdm.WebDriverManager - Driver chromedriver 102.0.5005.61 found in cache
20:30:28.985 [main] INFO io.github.bonigarcia.wdm.WebDriverManager - Exporting webdriver.chrome.driver as C:\Users\ASUS\.cache\selenium\chromedriver\win32\102.0.5005.61\chromedriver.exe
20:30:29.394 [main] DEBUG net.serenitybdd.core.webdriver.driverproviders.ProvideNewDriver - Instantiating driver
20:30:29.394 [main] DEBUG net.serenitybdd.core.webdriver.driverproviders.ProvideNewDriver - Driver capabilities: Capabilities {acceptInsecureCerts: false, base.url: https://fanciful-trifle-360..., browserName: chrome, chorme.driver: src/test/resources/webdrive..., driver: chrome, goog:chromeOptions: {args: [], extensions: []}}
20:30:29.977 [AsyncHttpClient-1-4] DEBUG org.asynchttpclient.netty.channel.NettyConnectListener - Using new Channel '[id: 0xd20679e0, L:/127.0.0.1:57473 - R:localhost/127.0.0.1:63118]' for 'POST' to '/session'
20:30:32.455 [AsyncHttpClient-1-4] DEBUG org.asynchttpclient.netty.handler.HttpHandler - 

Request DefaultHttpRequest(decodeResult: success, version: HTTP/1.1)
POST /session HTTP/1.1
User-Agent: selenium/4.1.2 (java windows)
Content-Length: 629
Content-Type: application/json; charset=utf-8
host: localhost:63118
accept: */*

Response DefaultHttpResponse(decodeResult: success, version: HTTP/1.1)
HTTP/1.1 200 OK
Content-Type: application/json; charset=utf-8
cache-control: no-cache
content-length: 788

20:30:32.455 [AsyncHttpClient-1-4] DEBUG org.asynchttpclient.netty.channel.ChannelManager - Adding key: http://localhost:63118 for channel [id: 0xd20679e0, L:/127.0.0.1:57473 - R:localhost/127.0.0.1:63118]
20:30:32.503 [AsyncHttpClient-1-5] DEBUG org.asynchttpclient.netty.channel.NettyConnectListener - Using new Channel '[id: 0x4eba037c, L:/127.0.0.1:57484 - R:localhost/127.0.0.1:57475]' for 'GET' to '/json/version'
20:30:32.503 [AsyncHttpClient-1-5] DEBUG org.asynchttpclient.netty.handler.HttpHandler - 

Request DefaultFullHttpRequest(decodeResult: success, version: HTTP/1.1, content: EmptyByteBufBE)
GET /json/version HTTP/1.1
User-Agent: selenium/4.1.2 (java windows)
host: localhost:57475
accept: */*

Response DefaultHttpResponse(decodeResult: success, version: HTTP/1.1)
HTTP/1.1 200 OK
Content-Type: application/json; charset=UTF-8
content-length: 428

20:30:32.503 [AsyncHttpClient-1-5] DEBUG org.asynchttpclient.netty.channel.ChannelManager - Adding key: http://localhost:57475 for channel [id: 0x4eba037c, L:/127.0.0.1:57484 - R:localhost/127.0.0.1:57475]
20:30:32.511 [AsyncHttpClient-1-6] DEBUG org.asynchttpclient.netty.channel.NettyConnectListener - Using new Channel '[id: 0x0b3ef516, L:/127.0.0.1:57485 - R:localhost/127.0.0.1:57475]' for 'GET' to '/devtools/browser/936c5327-29b6-47f5-b849-5c84ef3b5c73'
20:30:32.519 [AsyncHttpClient-1-6] DEBUG org.asynchttpclient.netty.handler.WebSocketHandler - 

Request DefaultFullHttpRequest(decodeResult: success, version: HTTP/1.1, content: EmptyByteBufBE)
GET /devtools/browser/936c5327-29b6-47f5-b849-5c84ef3b5c73 HTTP/1.1
upgrade: websocket
connection: upgrade
sec-websocket-key: Jpinz9bZwxdsLPoGPbl8yw==
sec-websocket-version: 13
origin: http://localhost:57475
host: localhost:57475
accept: */*
user-agent: AHC/2.1

Response DefaultHttpResponse(decodeResult: success, version: HTTP/1.1)
HTTP/1.1 101 WebSocket Protocol Handshake
Upgrade: WebSocket
Connection: Upgrade
Sec-WebSocket-Accept: eI5XMJKfL2Gh4XSz9jOTG5eKuN4=

20:30:32.559 [Forwarding get on session 35c46830a91bb93ce5cb9fa8b792845b to remote] DEBUG org.asynchttpclient.netty.request.NettyRequestSender - Using pooled Channel '[id: 0xd20679e0, L:/127.0.0.1:57473 - R:localhost/127.0.0.1:63118]' for 'POST' to 'http://localhost:63118/session/35c46830a91bb93ce5cb9fa8b792845b/url'
20:30:32.559 [Forwarding get on session 35c46830a91bb93ce5cb9fa8b792845b to remote] DEBUG org.asynchttpclient.netty.request.NettyRequestSender - Using open Channel [id: 0xd20679e0, L:/127.0.0.1:57473 - R:localhost/127.0.0.1:63118] for POST '/session/35c46830a91bb93ce5cb9fa8b792845b/url'
20:30:33.490 [AsyncHttpClient-1-1] DEBUG org.asynchttpclient.netty.channel.DefaultChannelPool - Entry count for : http://localhost:57475 : 1
20:30:33.966 [AsyncHttpClient-1-4] DEBUG org.asynchttpclient.netty.handler.HttpHandler - 

Request DefaultHttpRequest(decodeResult: success, version: HTTP/1.1)
POST /session/35c46830a91bb93ce5cb9fa8b792845b/url HTTP/1.1
User-Agent: selenium/4.1.2 (java windows)
Content-Length: 84
Content-Type: application/json; charset=utf-8
host: localhost:63118
accept: */*

Response DefaultHttpResponse(decodeResult: success, version: HTTP/1.1)
HTTP/1.1 200 OK
Content-Type: application/json; charset=utf-8
cache-control: no-cache
content-length: 14

20:30:33.966 [AsyncHttpClient-1-4] DEBUG org.asynchttpclient.netty.channel.ChannelManager - Adding key: http://localhost:63118 for channel [id: 0xd20679e0, L:/127.0.0.1:57473 - R:localhost/127.0.0.1:63118]
20:30:33.966 [Forwarding setTimeout on session 35c46830a91bb93ce5cb9fa8b792845b to remote] DEBUG org.asynchttpclient.netty.request.NettyRequestSender - Using pooled Channel '[id: 0xd20679e0, L:/127.0.0.1:57473 - R:localhost/127.0.0.1:63118]' for 'POST' to 'http://localhost:63118/session/35c46830a91bb93ce5cb9fa8b792845b/timeouts'
20:30:33.966 [Forwarding setTimeout on session 35c46830a91bb93ce5cb9fa8b792845b to remote] DEBUG org.asynchttpclient.netty.request.NettyRequestSender - Using open Channel [id: 0xd20679e0, L:/127.0.0.1:57473 - R:localhost/127.0.0.1:63118] for POST '/session/35c46830a91bb93ce5cb9fa8b792845b/timeouts'
20:30:33.974 [AsyncHttpClient-1-4] DEBUG org.asynchttpclient.netty.handler.HttpHandler - 

Request DefaultHttpRequest(decodeResult: success, version: HTTP/1.1)
POST /session/35c46830a91bb93ce5cb9fa8b792845b/timeouts HTTP/1.1
User-Agent: selenium/4.1.2 (java windows)
Content-Length: 22
Content-Type: application/json; charset=utf-8
host: localhost:63118
accept: */*

Response DefaultHttpResponse(decodeResult: success, version: HTTP/1.1)
HTTP/1.1 200 OK
Content-Type: application/json; charset=utf-8
cache-control: no-cache
content-length: 14

20:30:33.974 [AsyncHttpClient-1-4] DEBUG org.asynchttpclient.netty.channel.ChannelManager - Adding key: http://localhost:63118 for channel [id: 0xd20679e0, L:/127.0.0.1:57473 - R:localhost/127.0.0.1:63118]
20:30:33.990 [Forwarding getCurrentUrl on session 35c46830a91bb93ce5cb9fa8b792845b to remote] DEBUG org.asynchttpclient.netty.request.NettyRequestSender - Using pooled Channel '[id: 0xd20679e0, L:/127.0.0.1:57473 - R:localhost/127.0.0.1:63118]' for 'GET' to 'http://localhost:63118/session/35c46830a91bb93ce5cb9fa8b792845b/url'
20:30:33.990 [Forwarding getCurrentUrl on session 35c46830a91bb93ce5cb9fa8b792845b to remote] DEBUG org.asynchttpclient.netty.request.NettyRequestSender - Using open Channel [id: 0xd20679e0, L:/127.0.0.1:57473 - R:localhost/127.0.0.1:63118] for GET '/session/35c46830a91bb93ce5cb9fa8b792845b/url'
20:30:34.006 [AsyncHttpClient-1-4] DEBUG org.asynchttpclient.netty.handler.HttpHandler - 

Request DefaultFullHttpRequest(decodeResult: success, version: HTTP/1.1, content: EmptyByteBufBE)
GET /session/35c46830a91bb93ce5cb9fa8b792845b/url HTTP/1.1
User-Agent: selenium/4.1.2 (java windows)
Cache-Control: no-cache
Content-Type: application/json; charset=utf-8
host: localhost:63118
accept: */*

Response DefaultHttpResponse(decodeResult: success, version: HTTP/1.1)
HTTP/1.1 200 OK
Content-Type: application/json; charset=utf-8
cache-control: no-cache
content-length: 66

20:30:34.006 [AsyncHttpClient-1-4] DEBUG org.asynchttpclient.netty.channel.ChannelManager - Adding key: http://localhost:63118 for channel [id: 0xd20679e0, L:/127.0.0.1:57473 - R:localhost/127.0.0.1:63118]
20:30:34.030 [Forwarding screenshot on session 35c46830a91bb93ce5cb9fa8b792845b to remote] DEBUG org.asynchttpclient.netty.request.NettyRequestSender - Using pooled Channel '[id: 0xd20679e0, L:/127.0.0.1:57473 - R:localhost/127.0.0.1:63118]' for 'GET' to 'http://localhost:63118/session/35c46830a91bb93ce5cb9fa8b792845b/screenshot'
20:30:34.038 [Forwarding screenshot on session 35c46830a91bb93ce5cb9fa8b792845b to remote] DEBUG org.asynchttpclient.netty.request.NettyRequestSender - Using open Channel [id: 0xd20679e0, L:/127.0.0.1:57473 - R:localhost/127.0.0.1:63118] for GET '/session/35c46830a91bb93ce5cb9fa8b792845b/screenshot'
20:30:34.589 [AsyncHttpClient-1-1] DEBUG org.asynchttpclient.netty.channel.DefaultChannelPool - Entry count for : http://localhost:57475 : 1
20:30:35.242 [AsyncHttpClient-1-4] DEBUG org.asynchttpclient.netty.handler.HttpHandler - 

Request DefaultFullHttpRequest(decodeResult: success, version: HTTP/1.1, content: EmptyByteBufBE)
GET /session/35c46830a91bb93ce5cb9fa8b792845b/screenshot HTTP/1.1
User-Agent: selenium/4.1.2 (java windows)
Cache-Control: no-cache
Content-Type: application/json; charset=utf-8
host: localhost:63118
accept: */*

Response DefaultHttpResponse(decodeResult: success, version: HTTP/1.1)
HTTP/1.1 200 OK
Content-Type: application/json; charset=utf-8
cache-control: no-cache
content-length: 93040

20:30:35.242 [AsyncHttpClient-1-4] DEBUG org.asynchttpclient.netty.channel.ChannelManager - Adding key: http://localhost:63118 for channel [id: 0xd20679e0, L:/127.0.0.1:57473 - R:localhost/127.0.0.1:63118]
20:30:35.250 [main] DEBUG net.serenitybdd.core.photography.Darkroom - Send negative for processing for target\site\serenity\ee66319f8cb5850ca609fa5af5fccf9e8848aa4d878c3d081ff200c30ff79dfd.png
20:30:35.250 [main] DEBUG net.thucydides.core.steps.StepInterceptor - STEP DONE: openDataDokter
  &amp#27;[32mGiven &amp#27;[0m&amp#27;[32mOpen page data dokter&amp#27;[0m                                       &amp#27;[90m# starter.stepdefinitios.DokterDataSteps.openPageDataDokter()&amp#27;[0m
20:30:35.330 [Forwarding screenshot on session 35c46830a91bb93ce5cb9fa8b792845b to remote] DEBUG org.asynchttpclient.netty.request.NettyRequestSender - Using pooled Channel '[id: 0xd20679e0, L:/127.0.0.1:57473 - R:localhost/127.0.0.1:63118]' for 'GET' to 'http://localhost:63118/session/35c46830a91bb93ce5cb9fa8b792845b/screenshot'
20:30:35.330 [Forwarding screenshot on session 35c46830a91bb93ce5cb9fa8b792845b to remote] DEBUG org.asynchttpclient.netty.request.NettyRequestSender - Using open Channel [id: 0xd20679e0, L:/127.0.0.1:57473 - R:localhost/127.0.0.1:63118] for GET '/session/35c46830a91bb93ce5cb9fa8b792845b/screenshot'
20:30:35.562 [AsyncHttpClient-1-4] DEBUG org.asynchttpclient.netty.handler.HttpHandler - 

Request DefaultFullHttpRequest(decodeResult: success, version: HTTP/1.1, content: EmptyByteBufBE)
GET /session/35c46830a91bb93ce5cb9fa8b792845b/screenshot HTTP/1.1
User-Agent: selenium/4.1.2 (java windows)
Cache-Control: no-cache
Content-Type: application/json; charset=utf-8
host: localhost:63118
accept: */*

Response DefaultHttpResponse(decodeResult: success, version: HTTP/1.1)
HTTP/1.1 200 OK
Content-Type: application/json; charset=utf-8
cache-control: no-cache
content-length: 93040

20:30:35.562 [AsyncHttpClient-1-4] DEBUG org.asynchttpclient.netty.channel.ChannelManager - Adding key: http://localhost:63118 for channel [id: 0xd20679e0, L:/127.0.0.1:57473 - R:localhost/127.0.0.1:63118]
20:30:35.570 [main] DEBUG net.serenitybdd.core.photography.Darkroom - Send negative for processing for target\site\serenity\ee66319f8cb5850ca609fa5af5fccf9e8848aa4d878c3d081ff200c30ff79dfd.png
20:30:35.570 [main] DEBUG net.thucydides.core.steps.StepInterceptor - STARTING STEP: PatientDataSteps.clickButtonTambahData - clickButtonTambah
20:30:35.589 [Forwarding findElement on session 35c46830a91bb93ce5cb9fa8b792845b to remote] DEBUG org.asynchttpclient.netty.request.NettyRequestSender - Using pooled Channel '[id: 0xd20679e0, L:/127.0.0.1:57473 - R:localhost/127.0.0.1:63118]' for 'POST' to 'http://localhost:63118/session/35c46830a91bb93ce5cb9fa8b792845b/element'
20:30:35.589 [Forwarding findElement on session 35c46830a91bb93ce5cb9fa8b792845b to remote] DEBUG org.asynchttpclient.netty.request.NettyRequestSender - Using open Channel [id: 0xd20679e0, L:/127.0.0.1:57473 - R:localhost/127.0.0.1:63118] for POST '/session/35c46830a91bb93ce5cb9fa8b792845b/element'
20:30:35.637 [AsyncHttpClient-1-4] DEBUG org.asynchttpclient.netty.handler.HttpHandler - 

Request DefaultHttpRequest(decodeResult: success, version: HTTP/1.1)
POST /session/35c46830a91bb93ce5cb9fa8b792845b/element HTTP/1.1
User-Agent: selenium/4.1.2 (java windows)
Content-Length: 68
Content-Type: application/json; charset=utf-8
host: localhost:63118
accept: */*

Response DefaultHttpResponse(decodeResult: success, version: HTTP/1.1)
HTTP/1.1 200 OK
Content-Type: application/json; charset=utf-8
cache-control: no-cache
content-length: 88

20:30:35.637 [AsyncHttpClient-1-4] DEBUG org.asynchttpclient.netty.channel.ChannelManager - Adding key: http://localhost:63118 for channel [id: 0xd20679e0, L:/127.0.0.1:57473 - R:localhost/127.0.0.1:63118]
20:30:35.637 [Forwarding getElementTagName on session 35c46830a91bb93ce5cb9fa8b792845b to remote] DEBUG org.asynchttpclient.netty.request.NettyRequestSender - Using pooled Channel '[id: 0xd20679e0, L:/127.0.0.1:57473 - R:localhost/127.0.0.1:63118]' for 'GET' to 'http://localhost:63118/session/35c46830a91bb93ce5cb9fa8b792845b/element/54958083-ca9f-414e-b781-427cbc218e99/name'
20:30:35.637 [Forwarding getElementTagName on session 35c46830a91bb93ce5cb9fa8b792845b to remote] DEBUG org.asynchttpclient.netty.request.NettyRequestSender - Using open Channel [id: 0xd20679e0, L:/127.0.0.1:57473 - R:localhost/127.0.0.1:63118] for GET '/session/35c46830a91bb93ce5cb9fa8b792845b/element/54958083-ca9f-414e-b781-427cbc218e99/name'
20:30:35.653 [AsyncHttpClient-1-4] DEBUG org.asynchttpclient.netty.handler.HttpHandler - 

Request DefaultFullHttpRequest(decodeResult: success, version: HTTP/1.1, content: EmptyByteBufBE)
GET /session/35c46830a91bb93ce5cb9fa8b792845b/element/54958083-ca9f-414e-b781-427cbc218e99/name HTTP/1.1
User-Agent: selenium/4.1.2 (java windows)
Cache-Control: no-cache
Content-Type: application/json; charset=utf-8
host: localhost:63118
accept: */*

Response DefaultHttpResponse(decodeResult: success, version: HTTP/1.1)
HTTP/1.1 200 OK
Content-Type: application/json; charset=utf-8
cache-control: no-cache
content-length: 18

20:30:35.661 [AsyncHttpClient-1-4] DEBUG org.asynchttpclient.netty.channel.ChannelManager - Adding key: http://localhost:63118 for channel [id: 0xd20679e0, L:/127.0.0.1:57473 - R:localhost/127.0.0.1:63118]
20:30:35.661 [Forwarding getElementTagName on session 35c46830a91bb93ce5cb9fa8b792845b to remote] DEBUG org.asynchttpclient.netty.request.NettyRequestSender - Using pooled Channel '[id: 0xd20679e0, L:/127.0.0.1:57473 - R:localhost/127.0.0.1:63118]' for 'GET' to 'http://localhost:63118/session/35c46830a91bb93ce5cb9fa8b792845b/element/54958083-ca9f-414e-b781-427cbc218e99/name'
20:30:35.661 [Forwarding getElementTagName on session 35c46830a91bb93ce5cb9fa8b792845b to remote] DEBUG org.asynchttpclient.netty.request.NettyRequestSender - Using open Channel [id: 0xd20679e0, L:/127.0.0.1:57473 - R:localhost/127.0.0.1:63118] for GET '/session/35c46830a91bb93ce5cb9fa8b792845b/element/54958083-ca9f-414e-b781-427cbc218e99/name'
20:30:35.677 [AsyncHttpClient-1-4] DEBUG org.asynchttpclient.netty.handler.HttpHandler - 

Request DefaultFullHttpRequest(decodeResult: success, version: HTTP/1.1, content: EmptyByteBufBE)
GET /session/35c46830a91bb93ce5cb9fa8b792845b/element/54958083-ca9f-414e-b781-427cbc218e99/name HTTP/1.1
User-Agent: selenium/4.1.2 (java windows)
Cache-Control: no-cache
Content-Type: application/json; charset=utf-8
host: localhost:63118
accept: */*

Response DefaultHttpResponse(decodeResult: success, version: HTTP/1.1)
HTTP/1.1 200 OK
Content-Type: application/json; charset=utf-8
cache-control: no-cache
content-length: 18

20:30:35.677 [AsyncHttpClient-1-4] DEBUG org.asynchttpclient.netty.channel.ChannelManager - Adding key: http://localhost:63118 for channel [id: 0xd20679e0, L:/127.0.0.1:57473 - R:localhost/127.0.0.1:63118]
20:30:35.685 [Forwarding isElementEnabled on session 35c46830a91bb93ce5cb9fa8b792845b to remote] DEBUG org.asynchttpclient.netty.request.NettyRequestSender - Using pooled Channel '[id: 0xd20679e0, L:/127.0.0.1:57473 - R:localhost/127.0.0.1:63118]' for 'GET' to 'http://localhost:63118/session/35c46830a91bb93ce5cb9fa8b792845b/element/54958083-ca9f-414e-b781-427cbc218e99/enabled'
20:30:35.685 [Forwarding isElementEnabled on session 35c46830a91bb93ce5cb9fa8b792845b to remote] DEBUG org.asynchttpclient.netty.request.NettyRequestSender - Using open Channel [id: 0xd20679e0, L:/127.0.0.1:57473 - R:localhost/127.0.0.1:63118] for GET '/session/35c46830a91bb93ce5cb9fa8b792845b/element/54958083-ca9f-414e-b781-427cbc218e99/enabled'
20:30:35.701 [AsyncHttpClient-1-1] DEBUG org.asynchttpclient.netty.channel.DefaultChannelPool - Entry count for : http://localhost:57475 : 1
20:30:35.733 [AsyncHttpClient-1-4] DEBUG org.asynchttpclient.netty.handler.HttpHandler - 

Request DefaultFullHttpRequest(decodeResult: success, version: HTTP/1.1, content: EmptyByteBufBE)
GET /session/35c46830a91bb93ce5cb9fa8b792845b/element/54958083-ca9f-414e-b781-427cbc218e99/enabled HTTP/1.1
User-Agent: selenium/4.1.2 (java windows)
Cache-Control: no-cache
Content-Type: application/json; charset=utf-8
host: localhost:63118
accept: */*

Response DefaultHttpResponse(decodeResult: success, version: HTTP/1.1)
HTTP/1.1 200 OK
Content-Type: application/json; charset=utf-8
cache-control: no-cache
content-length: 14

20:30:35.733 [AsyncHttpClient-1-4] DEBUG org.asynchttpclient.netty.channel.ChannelManager - Adding key: http://localhost:63118 for channel [id: 0xd20679e0, L:/127.0.0.1:57473 - R:localhost/127.0.0.1:63118]
20:30:35.741 [Forwarding isElementEnabled on session 35c46830a91bb93ce5cb9fa8b792845b to remote] DEBUG org.asynchttpclient.netty.request.NettyRequestSender - Using pooled Channel '[id: 0xd20679e0, L:/127.0.0.1:57473 - R:localhost/127.0.0.1:63118]' for 'GET' to 'http://localhost:63118/session/35c46830a91bb93ce5cb9fa8b792845b/element/54958083-ca9f-414e-b781-427cbc218e99/enabled'
20:30:35.741 [Forwarding isElementEnabled on session 35c46830a91bb93ce5cb9fa8b792845b to remote] DEBUG org.asynchttpclient.netty.request.NettyRequestSender - Using open Channel [id: 0xd20679e0, L:/127.0.0.1:57473 - R:localhost/127.0.0.1:63118] for GET '/session/35c46830a91bb93ce5cb9fa8b792845b/element/54958083-ca9f-414e-b781-427cbc218e99/enabled'
20:30:35.757 [AsyncHttpClient-1-4] DEBUG org.asynchttpclient.netty.handler.HttpHandler - 

Request DefaultFullHttpRequest(decodeResult: success, version: HTTP/1.1, content: EmptyByteBufBE)
GET /session/35c46830a91bb93ce5cb9fa8b792845b/element/54958083-ca9f-414e-b781-427cbc218e99/enabled HTTP/1.1
User-Agent: selenium/4.1.2 (java windows)
Cache-Control: no-cache
Content-Type: application/json; charset=utf-8
host: localhost:63118
accept: */*

Response DefaultHttpResponse(decodeResult: success, version: HTTP/1.1)
HTTP/1.1 200 OK
Content-Type: application/json; charset=utf-8
cache-control: no-cache
content-length: 14

20:30:35.757 [AsyncHttpClient-1-4] DEBUG org.asynchttpclient.netty.channel.ChannelManager - Adding key: http://localhost:63118 for channel [id: 0xd20679e0, L:/127.0.0.1:57473 - R:localhost/127.0.0.1:63118]
20:30:35.765 [Forwarding findElement on session 35c46830a91bb93ce5cb9fa8b792845b to remote] DEBUG org.asynchttpclient.netty.request.NettyRequestSender - Using pooled Channel '[id: 0xd20679e0, L:/127.0.0.1:57473 - R:localhost/127.0.0.1:63118]' for 'POST' to 'http://localhost:63118/session/35c46830a91bb93ce5cb9fa8b792845b/element'
20:30:35.765 [Forwarding findElement on session 35c46830a91bb93ce5cb9fa8b792845b to remote] DEBUG org.asynchttpclient.netty.request.NettyRequestSender - Using open Channel [id: 0xd20679e0, L:/127.0.0.1:57473 - R:localhost/127.0.0.1:63118] for POST '/session/35c46830a91bb93ce5cb9fa8b792845b/element'
20:30:35.789 [AsyncHttpClient-1-4] DEBUG org.asynchttpclient.netty.handler.HttpHandler - 

Request DefaultHttpRequest(decodeResult: success, version: HTTP/1.1)
POST /session/35c46830a91bb93ce5cb9fa8b792845b/element HTTP/1.1
User-Agent: selenium/4.1.2 (java windows)
Content-Length: 68
Content-Type: application/json; charset=utf-8
host: localhost:63118
accept: */*

Response DefaultHttpResponse(decodeResult: success, version: HTTP/1.1)
HTTP/1.1 200 OK
Content-Type: application/json; charset=utf-8
cache-control: no-cache
content-length: 88

20:30:35.789 [AsyncHttpClient-1-4] DEBUG org.asynchttpclient.netty.channel.ChannelManager - Adding key: http://localhost:63118 for channel [id: 0xd20679e0, L:/127.0.0.1:57473 - R:localhost/127.0.0.1:63118]
20:30:35.789 [Forwarding clickElement on session 35c46830a91bb93ce5cb9fa8b792845b to remote] DEBUG org.asynchttpclient.netty.request.NettyRequestSender - Using pooled Channel '[id: 0xd20679e0, L:/127.0.0.1:57473 - R:localhost/127.0.0.1:63118]' for 'POST' to 'http://localhost:63118/session/35c46830a91bb93ce5cb9fa8b792845b/element/54958083-ca9f-414e-b781-427cbc218e99/click'
20:30:35.789 [Forwarding clickElement on session 35c46830a91bb93ce5cb9fa8b792845b to remote] DEBUG org.asynchttpclient.netty.request.NettyRequestSender - Using open Channel [id: 0xd20679e0, L:/127.0.0.1:57473 - R:localhost/127.0.0.1:63118] for POST '/session/35c46830a91bb93ce5cb9fa8b792845b/element/54958083-ca9f-414e-b781-427cbc218e99/click'
20:30:36.109 [AsyncHttpClient-1-4] DEBUG org.asynchttpclient.netty.handler.HttpHandler - 

Request DefaultHttpRequest(decodeResult: success, version: HTTP/1.1)
POST /session/35c46830a91bb93ce5cb9fa8b792845b/element/54958083-ca9f-414e-b781-427cbc218e99/click HTTP/1.1
User-Agent: selenium/4.1.2 (java windows)
Content-Length: 50
Content-Type: application/json; charset=utf-8
host: localhost:63118
accept: */*

Response DefaultHttpResponse(decodeResult: success, version: HTTP/1.1)
HTTP/1.1 200 OK
Content-Type: application/json; charset=utf-8
cache-control: no-cache
content-length: 14

20:30:36.109 [AsyncHttpClient-1-4] DEBUG org.asynchttpclient.netty.channel.ChannelManager - Adding key: http://localhost:63118 for channel [id: 0xd20679e0, L:/127.0.0.1:57473 - R:localhost/127.0.0.1:63118]
20:30:36.141 [Forwarding screenshot on session 35c46830a91bb93ce5cb9fa8b792845b to remote] DEBUG org.asynchttpclient.netty.request.NettyRequestSender - Using pooled Channel '[id: 0xd20679e0, L:/127.0.0.1:57473 - R:localhost/127.0.0.1:63118]' for 'GET' to 'http://localhost:63118/session/35c46830a91bb93ce5cb9fa8b792845b/screenshot'
20:30:36.141 [Forwarding screenshot on session 35c46830a91bb93ce5cb9fa8b792845b to remote] DEBUG org.asynchttpclient.netty.request.NettyRequestSender - Using open Channel [id: 0xd20679e0, L:/127.0.0.1:57473 - R:localhost/127.0.0.1:63118] for GET '/session/35c46830a91bb93ce5cb9fa8b792845b/screenshot'
20:30:36.790 [AsyncHttpClient-1-1] DEBUG org.asynchttpclient.netty.channel.DefaultChannelPool - Entry count for : http://localhost:57475 : 1
20:30:37.137 [AsyncHttpClient-1-4] DEBUG org.asynchttpclient.netty.handler.HttpHandler - 

Request DefaultFullHttpRequest(decodeResult: success, version: HTTP/1.1, content: EmptyByteBufBE)
GET /session/35c46830a91bb93ce5cb9fa8b792845b/screenshot HTTP/1.1
User-Agent: selenium/4.1.2 (java windows)
Cache-Control: no-cache
Content-Type: application/json; charset=utf-8
host: localhost:63118
accept: */*

Response DefaultHttpResponse(decodeResult: success, version: HTTP/1.1)
HTTP/1.1 200 OK
Content-Type: application/json; charset=utf-8
cache-control: no-cache
content-length: 357056

20:30:37.137 [AsyncHttpClient-1-4] DEBUG org.asynchttpclient.netty.channel.ChannelManager - Adding key: http://localhost:63118 for channel [id: 0xd20679e0, L:/127.0.0.1:57473 - R:localhost/127.0.0.1:63118]
20:30:37.169 [main] DEBUG net.serenitybdd.core.photography.Darkroom - Send negative for processing for target\site\serenity\270b1ee7a700454389ac56c4eebbdaff416676d99565fa926c09fced151958a6.png
20:30:37.169 [main] DEBUG net.thucydides.core.steps.StepInterceptor - STEP DONE: clickButtonTambah
  &amp#27;[32mWhen &amp#27;[0m&amp#27;[32mClick button tambah data&amp#27;[0m                                     &amp#27;[90m# starter.stepdefinitios.PatientDataSteps.clickButtonTambahData()&amp#27;[0m
20:30:37.733 [Forwarding screenshot on session 35c46830a91bb93ce5cb9fa8b792845b to remote] DEBUG org.asynchttpclient.netty.request.NettyRequestSender - Using pooled Channel '[id: 0xd20679e0, L:/127.0.0.1:57473 - R:localhost/127.0.0.1:63118]' for 'GET' to 'http://localhost:63118/session/35c46830a91bb93ce5cb9fa8b792845b/screenshot'
20:30:37.733 [Forwarding screenshot on session 35c46830a91bb93ce5cb9fa8b792845b to remote] DEBUG org.asynchttpclient.netty.request.NettyRequestSender - Using open Channel [id: 0xd20679e0, L:/127.0.0.1:57473 - R:localhost/127.0.0.1:63118] for GET '/session/35c46830a91bb93ce5cb9fa8b792845b/screenshot'
20:30:37.893 [AsyncHttpClient-1-1] DEBUG org.asynchttpclient.netty.channel.DefaultChannelPool - Entry count for : http://localhost:57475 : 1
20:30:38.149 [AsyncHttpClient-1-4] DEBUG org.asynchttpclient.netty.handler.HttpHandler - 

Request DefaultFullHttpRequest(decodeResult: success, version: HTTP/1.1, content: EmptyByteBufBE)
GET /session/35c46830a91bb93ce5cb9fa8b792845b/screenshot HTTP/1.1
User-Agent: selenium/4.1.2 (java windows)
Cache-Control: no-cache
Content-Type: application/json; charset=utf-8
host: localhost:63118
accept: */*

Response DefaultHttpResponse(decodeResult: success, version: HTTP/1.1)
HTTP/1.1 200 OK
Content-Type: application/json; charset=utf-8
cache-control: no-cache
content-length: 357540

20:30:38.157 [AsyncHttpClient-1-4] DEBUG org.asynchttpclient.netty.channel.ChannelManager - Adding key: http://localhost:63118 for channel [id: 0xd20679e0, L:/127.0.0.1:57473 - R:localhost/127.0.0.1:63118]
20:30:38.213 [main] DEBUG net.serenitybdd.core.photography.Darkroom - Send negative for processing for target\site\serenity\fe739ffae3051b7c372ed4a03d1965352acbb65e9938ff86d49433f1f12336ae.png
20:30:38.213 [main] DEBUG net.thucydides.core.steps.StepInterceptor - STARTING STEP: DokterDataSteps.iInputDokter - inputDataDokter
20:30:38.213 [Darkroom Processing Line] DEBUG net.serenitybdd.core.photography.DarkroomProcessingLine - Processing screenshot image in /var/screenshots/screenshot-6861948934338976750
20:30:38.213 [Darkroom Processing Line] DEBUG net.serenitybdd.core.photography.DarkroomProcessingLine - Saving screenshot to target\site\serenity\fe739ffae3051b7c372ed4a03d1965352acbb65e9938ff86d49433f1f12336ae.png
20:30:38.229 [Forwarding findElement on session 35c46830a91bb93ce5cb9fa8b792845b to remote] DEBUG org.asynchttpclient.netty.request.NettyRequestSender - Using pooled Channel '[id: 0xd20679e0, L:/127.0.0.1:57473 - R:localhost/127.0.0.1:63118]' for 'POST' to 'http://localhost:63118/session/35c46830a91bb93ce5cb9fa8b792845b/element'
20:30:38.229 [Forwarding findElement on session 35c46830a91bb93ce5cb9fa8b792845b to remote] DEBUG org.asynchttpclient.netty.request.NettyRequestSender - Using open Channel [id: 0xd20679e0, L:/127.0.0.1:57473 - R:localhost/127.0.0.1:63118] for POST '/session/35c46830a91bb93ce5cb9fa8b792845b/element'
20:30:38.293 [AsyncHttpClient-1-4] DEBUG org.asynchttpclient.netty.handler.HttpHandler - 

Request DefaultHttpRequest(decodeResult: success, version: HTTP/1.1)
POST /session/35c46830a91bb93ce5cb9fa8b792845b/element HTTP/1.1
User-Agent: selenium/4.1.2 (java windows)
Content-Length: 66
Content-Type: application/json; charset=utf-8
host: localhost:63118
accept: */*

Response DefaultHttpResponse(decodeResult: success, version: HTTP/1.1)
HTTP/1.1 200 OK
Content-Type: application/json; charset=utf-8
cache-control: no-cache
content-length: 88

20:30:38.293 [AsyncHttpClient-1-4] DEBUG org.asynchttpclient.netty.channel.ChannelManager - Adding key: http://localhost:63118 for channel [id: 0xd20679e0, L:/127.0.0.1:57473 - R:localhost/127.0.0.1:63118]
20:30:38.293 [Forwarding sendKeysToElement on session 35c46830a91bb93ce5cb9fa8b792845b to remote] DEBUG org.asynchttpclient.netty.request.NettyRequestSender - Using pooled Channel '[id: 0xd20679e0, L:/127.0.0.1:57473 - R:localhost/127.0.0.1:63118]' for 'POST' to 'http://localhost:63118/session/35c46830a91bb93ce5cb9fa8b792845b/element/b303e644-ccb7-4df5-80d1-78f92393c25b/value'
20:30:38.293 [Forwarding sendKeysToElement on session 35c46830a91bb93ce5cb9fa8b792845b to remote] DEBUG org.asynchttpclient.netty.request.NettyRequestSender - Using open Channel [id: 0xd20679e0, L:/127.0.0.1:57473 - R:localhost/127.0.0.1:63118] for POST '/session/35c46830a91bb93ce5cb9fa8b792845b/element/b303e644-ccb7-4df5-80d1-78f92393c25b/value'
20:30:38.880 [AsyncHttpClient-1-4] DEBUG org.asynchttpclient.netty.handler.HttpHandler - 

Request DefaultHttpRequest(decodeResult: success, version: HTTP/1.1)
POST /session/35c46830a91bb93ce5cb9fa8b792845b/element/b303e644-ccb7-4df5-80d1-78f92393c25b/value HTTP/1.1
User-Agent: selenium/4.1.2 (java windows)
Content-Length: 131
Content-Type: application/json; charset=utf-8
host: localhost:63118
accept: */*

Response DefaultHttpResponse(decodeResult: success, version: HTTP/1.1)
HTTP/1.1 200 OK
Content-Type: application/json; charset=utf-8
cache-control: no-cache
content-length: 14

20:30:38.880 [AsyncHttpClient-1-4] DEBUG org.asynchttpclient.netty.channel.ChannelManager - Adding key: http://localhost:63118 for channel [id: 0xd20679e0, L:/127.0.0.1:57473 - R:localhost/127.0.0.1:63118]
20:30:38.886 [Forwarding findElement on session 35c46830a91bb93ce5cb9fa8b792845b to remote] DEBUG org.asynchttpclient.netty.request.NettyRequestSender - Using pooled Channel '[id: 0xd20679e0, L:/127.0.0.1:57473 - R:localhost/127.0.0.1:63118]' for 'POST' to 'http://localhost:63118/session/35c46830a91bb93ce5cb9fa8b792845b/element'
20:30:38.886 [Forwarding findElement on session 35c46830a91bb93ce5cb9fa8b792845b to remote] DEBUG org.asynchttpclient.netty.request.NettyRequestSender - Using open Channel [id: 0xd20679e0, L:/127.0.0.1:57473 - R:localhost/127.0.0.1:63118] for POST '/session/35c46830a91bb93ce5cb9fa8b792845b/element'
20:30:38.916 [AsyncHttpClient-1-4] DEBUG org.asynchttpclient.netty.handler.HttpHandler - 

Request DefaultHttpRequest(decodeResult: success, version: HTTP/1.1)
POST /session/35c46830a91bb93ce5cb9fa8b792845b/element HTTP/1.1
User-Agent: selenium/4.1.2 (java windows)
Content-Length: 65
Content-Type: application/json; charset=utf-8
host: localhost:63118
accept: */*

Response DefaultHttpResponse(decodeResult: success, version: HTTP/1.1)
HTTP/1.1 200 OK
Content-Type: application/json; charset=utf-8
cache-control: no-cache
content-length: 88

20:30:38.916 [AsyncHttpClient-1-4] DEBUG org.asynchttpclient.netty.channel.ChannelManager - Adding key: http://localhost:63118 for channel [id: 0xd20679e0, L:/127.0.0.1:57473 - R:localhost/127.0.0.1:63118]
20:30:38.924 [Forwarding sendKeysToElement on session 35c46830a91bb93ce5cb9fa8b792845b to remote] DEBUG org.asynchttpclient.netty.request.NettyRequestSender - Using pooled Channel '[id: 0xd20679e0, L:/127.0.0.1:57473 - R:localhost/127.0.0.1:63118]' for 'POST' to 'http://localhost:63118/session/35c46830a91bb93ce5cb9fa8b792845b/element/8cb5cc00-05c7-40e1-a777-0db6401fcd19/value'
20:30:38.924 [Forwarding sendKeysToElement on session 35c46830a91bb93ce5cb9fa8b792845b to remote] DEBUG org.asynchttpclient.netty.request.NettyRequestSender - Using open Channel [id: 0xd20679e0, L:/127.0.0.1:57473 - R:localhost/127.0.0.1:63118] for POST '/session/35c46830a91bb93ce5cb9fa8b792845b/element/8cb5cc00-05c7-40e1-a777-0db6401fcd19/value'
20:30:38.988 [AsyncHttpClient-1-1] DEBUG org.asynchttpclient.netty.channel.DefaultChannelPool - Entry count for : http://localhost:57475 : 1
20:30:39.348 [AsyncHttpClient-1-4] DEBUG org.asynchttpclient.netty.handler.HttpHandler - 

Request DefaultHttpRequest(decodeResult: success, version: HTTP/1.1)
POST /session/35c46830a91bb93ce5cb9fa8b792845b/element/8cb5cc00-05c7-40e1-a777-0db6401fcd19/value HTTP/1.1
User-Agent: selenium/4.1.2 (java windows)
Content-Length: 131
Content-Type: application/json; charset=utf-8
host: localhost:63118
accept: */*

Response DefaultHttpResponse(decodeResult: success, version: HTTP/1.1)
HTTP/1.1 200 OK
Content-Type: application/json; charset=utf-8
cache-control: no-cache
content-length: 14

20:30:39.348 [AsyncHttpClient-1-4] DEBUG org.asynchttpclient.netty.channel.ChannelManager - Adding key: http://localhost:63118 for channel [id: 0xd20679e0, L:/127.0.0.1:57473 - R:localhost/127.0.0.1:63118]
20:30:39.356 [Forwarding findElement on session 35c46830a91bb93ce5cb9fa8b792845b to remote] DEBUG org.asynchttpclient.netty.request.NettyRequestSender - Using pooled Channel '[id: 0xd20679e0, L:/127.0.0.1:57473 - R:localhost/127.0.0.1:63118]' for 'POST' to 'http://localhost:63118/session/35c46830a91bb93ce5cb9fa8b792845b/element'
20:30:39.356 [Forwarding findElement on session 35c46830a91bb93ce5cb9fa8b792845b to remote] DEBUG org.asynchttpclient.netty.request.NettyRequestSender - Using open Channel [id: 0xd20679e0, L:/127.0.0.1:57473 - R:localhost/127.0.0.1:63118] for POST '/session/35c46830a91bb93ce5cb9fa8b792845b/element'
20:30:39.398 [AsyncHttpClient-1-4] DEBUG org.asynchttpclient.netty.handler.HttpHandler - 

Request DefaultHttpRequest(decodeResult: success, version: HTTP/1.1)
POST /session/35c46830a91bb93ce5cb9fa8b792845b/element HTTP/1.1
User-Agent: selenium/4.1.2 (java windows)
Content-Length: 71
Content-Type: application/json; charset=utf-8
host: localhost:63118
accept: */*

Response DefaultHttpResponse(decodeResult: success, version: HTTP/1.1)
HTTP/1.1 200 OK
Content-Type: application/json; charset=utf-8
cache-control: no-cache
content-length: 88

20:30:39.398 [AsyncHttpClient-1-4] DEBUG org.asynchttpclient.netty.channel.ChannelManager - Adding key: http://localhost:63118 for channel [id: 0xd20679e0, L:/127.0.0.1:57473 - R:localhost/127.0.0.1:63118]
20:30:39.406 [Forwarding sendKeysToElement on session 35c46830a91bb93ce5cb9fa8b792845b to remote] DEBUG org.asynchttpclient.netty.request.NettyRequestSender - Using pooled Channel '[id: 0xd20679e0, L:/127.0.0.1:57473 - R:localhost/127.0.0.1:63118]' for 'POST' to 'http://localhost:63118/session/35c46830a91bb93ce5cb9fa8b792845b/element/0249f139-37dc-4abb-bf64-29b63ec064bb/value'
20:30:39.406 [Forwarding sendKeysToElement on session 35c46830a91bb93ce5cb9fa8b792845b to remote] DEBUG org.asynchttpclient.netty.request.NettyRequestSender - Using open Channel [id: 0xd20679e0, L:/127.0.0.1:57473 - R:localhost/127.0.0.1:63118] for POST '/session/35c46830a91bb93ce5cb9fa8b792845b/element/0249f139-37dc-4abb-bf64-29b63ec064bb/value'
20:30:39.898 [AsyncHttpClient-1-4] DEBUG org.asynchttpclient.netty.handler.HttpHandler - 

Request DefaultHttpRequest(decodeResult: success, version: HTTP/1.1)
POST /session/35c46830a91bb93ce5cb9fa8b792845b/element/0249f139-37dc-4abb-bf64-29b63ec064bb/value HTTP/1.1
User-Agent: selenium/4.1.2 (java windows)
Content-Length: 191
Content-Type: application/json; charset=utf-8
host: localhost:63118
accept: */*

Response DefaultHttpResponse(decodeResult: success, version: HTTP/1.1)
HTTP/1.1 200 OK
Content-Type: application/json; charset=utf-8
cache-control: no-cache
content-length: 14

20:30:39.898 [AsyncHttpClient-1-4] DEBUG org.asynchttpclient.netty.channel.ChannelManager - Adding key: http://localhost:63118 for channel [id: 0xd20679e0, L:/127.0.0.1:57473 - R:localhost/127.0.0.1:63118]
20:30:39.906 [Forwarding findElement on session 35c46830a91bb93ce5cb9fa8b792845b to remote] DEBUG org.asynchttpclient.netty.request.NettyRequestSender - Using pooled Channel '[id: 0xd20679e0, L:/127.0.0.1:57473 - R:localhost/127.0.0.1:63118]' for 'POST' to 'http://localhost:63118/session/35c46830a91bb93ce5cb9fa8b792845b/element'
20:30:39.906 [Forwarding findElement on session 35c46830a91bb93ce5cb9fa8b792845b to remote] DEBUG org.asynchttpclient.netty.request.NettyRequestSender - Using open Channel [id: 0xd20679e0, L:/127.0.0.1:57473 - R:localhost/127.0.0.1:63118] for POST '/session/35c46830a91bb93ce5cb9fa8b792845b/element'
20:30:39.962 [AsyncHttpClient-1-4] DEBUG org.asynchttpclient.netty.handler.HttpHandler - 

Request DefaultHttpRequest(decodeResult: success, version: HTTP/1.1)
POST /session/35c46830a91bb93ce5cb9fa8b792845b/element HTTP/1.1
User-Agent: selenium/4.1.2 (java windows)
Content-Length: 166
Content-Type: application/json; charset=utf-8
host: localhost:63118
accept: */*

Response DefaultHttpResponse(decodeResult: success, version: HTTP/1.1)
HTTP/1.1 200 OK
Content-Type: application/json; charset=utf-8
cache-control: no-cache
content-length: 88

20:30:39.962 [AsyncHttpClient-1-4] DEBUG org.asynchttpclient.netty.channel.ChannelManager - Adding key: http://localhost:63118 for channel [id: 0xd20679e0, L:/127.0.0.1:57473 - R:localhost/127.0.0.1:63118]
20:30:39.970 [Forwarding sendKeysToElement on session 35c46830a91bb93ce5cb9fa8b792845b to remote] DEBUG org.asynchttpclient.netty.request.NettyRequestSender - Using pooled Channel '[id: 0xd20679e0, L:/127.0.0.1:57473 - R:localhost/127.0.0.1:63118]' for 'POST' to 'http://localhost:63118/session/35c46830a91bb93ce5cb9fa8b792845b/element/8aa33d6b-0f8c-4417-91f0-c1fa33833c69/value'
20:30:39.970 [Forwarding sendKeysToElement on session 35c46830a91bb93ce5cb9fa8b792845b to remote] DEBUG org.asynchttpclient.netty.request.NettyRequestSender - Using open Channel [id: 0xd20679e0, L:/127.0.0.1:57473 - R:localhost/127.0.0.1:63118] for POST '/session/35c46830a91bb93ce5cb9fa8b792845b/element/8aa33d6b-0f8c-4417-91f0-c1fa33833c69/value'
20:30:40.102 [AsyncHttpClient-1-1] DEBUG org.asynchttpclient.netty.channel.DefaultChannelPool - Entry count for : http://localhost:57475 : 1
20:30:40.486 [AsyncHttpClient-1-4] DEBUG org.asynchttpclient.netty.handler.HttpHandler - 

Request DefaultHttpRequest(decodeResult: success, version: HTTP/1.1)
POST /session/35c46830a91bb93ce5cb9fa8b792845b/element/8aa33d6b-0f8c-4417-91f0-c1fa33833c69/value HTTP/1.1
User-Agent: selenium/4.1.2 (java windows)
Content-Length: 181
Content-Type: application/json; charset=utf-8
host: localhost:63118
accept: */*

Response DefaultHttpResponse(decodeResult: success, version: HTTP/1.1)
HTTP/1.1 200 OK
Content-Type: application/json; charset=utf-8
cache-control: no-cache
content-length: 14

20:30:40.486 [AsyncHttpClient-1-4] DEBUG org.asynchttpclient.netty.channel.ChannelManager - Adding key: http://localhost:63118 for channel [id: 0xd20679e0, L:/127.0.0.1:57473 - R:localhost/127.0.0.1:63118]
20:30:40.494 [Forwarding findElement on session 35c46830a91bb93ce5cb9fa8b792845b to remote] DEBUG org.asynchttpclient.netty.request.NettyRequestSender - Using pooled Channel '[id: 0xd20679e0, L:/127.0.0.1:57473 - R:localhost/127.0.0.1:63118]' for 'POST' to 'http://localhost:63118/session/35c46830a91bb93ce5cb9fa8b792845b/element'
20:30:40.494 [Forwarding findElement on session 35c46830a91bb93ce5cb9fa8b792845b to remote] DEBUG org.asynchttpclient.netty.request.NettyRequestSender - Using open Channel [id: 0xd20679e0, L:/127.0.0.1:57473 - R:localhost/127.0.0.1:63118] for POST '/session/35c46830a91bb93ce5cb9fa8b792845b/element'
20:30:40.518 [AsyncHttpClient-1-4] DEBUG org.asynchttpclient.netty.handler.HttpHandler - 

Request DefaultHttpRequest(decodeResult: success, version: HTTP/1.1)
POST /session/35c46830a91bb93ce5cb9fa8b792845b/element HTTP/1.1
User-Agent: selenium/4.1.2 (java windows)
Content-Length: 70
Content-Type: application/json; charset=utf-8
host: localhost:63118
accept: */*

Response DefaultHttpResponse(decodeResult: success, version: HTTP/1.1)
HTTP/1.1 200 OK
Content-Type: application/json; charset=utf-8
cache-control: no-cache
content-length: 88

20:30:40.526 [AsyncHttpClient-1-4] DEBUG org.asynchttpclient.netty.channel.ChannelManager - Adding key: http://localhost:63118 for channel [id: 0xd20679e0, L:/127.0.0.1:57473 - R:localhost/127.0.0.1:63118]
20:30:40.526 [Forwarding sendKeysToElement on session 35c46830a91bb93ce5cb9fa8b792845b to remote] DEBUG org.asynchttpclient.netty.request.NettyRequestSender - Using pooled Channel '[id: 0xd20679e0, L:/127.0.0.1:57473 - R:localhost/127.0.0.1:63118]' for 'POST' to 'http://localhost:63118/session/35c46830a91bb93ce5cb9fa8b792845b/element/278fb474-579e-42bd-a41a-3460d780becd/value'
20:30:40.526 [Forwarding sendKeysToElement on session 35c46830a91bb93ce5cb9fa8b792845b to remote] DEBUG org.asynchttpclient.netty.request.NettyRequestSender - Using open Channel [id: 0xd20679e0, L:/127.0.0.1:57473 - R:localhost/127.0.0.1:63118] for POST '/session/35c46830a91bb93ce5cb9fa8b792845b/element/278fb474-579e-42bd-a41a-3460d780becd/value'
20:30:40.638 [AsyncHttpClient-1-4] DEBUG org.asynchttpclient.netty.handler.HttpHandler - 

Request DefaultHttpRequest(decodeResult: success, version: HTTP/1.1)
POST /session/35c46830a91bb93ce5cb9fa8b792845b/element/278fb474-579e-42bd-a41a-3460d780becd/value HTTP/1.1
User-Agent: selenium/4.1.2 (java windows)
Content-Length: 82
Content-Type: application/json; charset=utf-8
host: localhost:63118
accept: */*

Response DefaultHttpResponse(decodeResult: success, version: HTTP/1.1)
HTTP/1.1 200 OK
Content-Type: application/json; charset=utf-8
cache-control: no-cache
content-length: 14

20:30:40.638 [AsyncHttpClient-1-4] DEBUG org.asynchttpclient.netty.channel.ChannelManager - Adding key: http://localhost:63118 for channel [id: 0xd20679e0, L:/127.0.0.1:57473 - R:localhost/127.0.0.1:63118]
20:30:40.654 [Forwarding screenshot on session 35c46830a91bb93ce5cb9fa8b792845b to remote] DEBUG org.asynchttpclient.netty.request.NettyRequestSender - Using pooled Channel '[id: 0xd20679e0, L:/127.0.0.1:57473 - R:localhost/127.0.0.1:63118]' for 'GET' to 'http://localhost:63118/session/35c46830a91bb93ce5cb9fa8b792845b/screenshot'
20:30:40.654 [Forwarding screenshot on session 35c46830a91bb93ce5cb9fa8b792845b to remote] DEBUG org.asynchttpclient.netty.request.NettyRequestSender - Using open Channel [id: 0xd20679e0, L:/127.0.0.1:57473 - R:localhost/127.0.0.1:63118] for GET '/session/35c46830a91bb93ce5cb9fa8b792845b/screenshot'
20:30:41.079 [AsyncHttpClient-1-4] DEBUG org.asynchttpclient.netty.handler.HttpHandler - 

Request DefaultFullHttpRequest(decodeResult: success, version: HTTP/1.1, content: EmptyByteBufBE)
GET /session/35c46830a91bb93ce5cb9fa8b792845b/screenshot HTTP/1.1
User-Agent: selenium/4.1.2 (java windows)
Cache-Control: no-cache
Content-Type: application/json; charset=utf-8
host: localhost:63118
accept: */*

Response DefaultHttpResponse(decodeResult: success, version: HTTP/1.1)
HTTP/1.1 200 OK
Content-Type: application/json; charset=utf-8
cache-control: no-cache
content-length: 364628

20:30:41.087 [AsyncHttpClient-1-4] DEBUG org.asynchttpclient.netty.channel.ChannelManager - Adding key: http://localhost:63118 for channel [id: 0xd20679e0, L:/127.0.0.1:57473 - R:localhost/127.0.0.1:63118]
20:30:41.135 [main] DEBUG net.serenitybdd.core.photography.Darkroom - Send negative for processing for target\site\serenity\8fa691f7420a31eb138996bdffd2e917d2714cacf50d1186efc79576dd4ece00.png
20:30:41.143 [main] DEBUG net.thucydides.core.steps.StepInterceptor - STEP DONE: inputDataDokter
  &amp#27;[32mThen &amp#27;[0m&amp#27;[32mI input &amp#27;[0m&amp#27;[32m&amp#27;[1m"Bagas"&amp#27;[0m&amp#27;[32m &amp#27;[0m&amp#27;[32m&amp#27;[1m"12344"&amp#27;[0m&amp#27;[32m &amp#27;[0m&amp#27;[32m&amp#27;[1m"Dokter Gigi"&amp#27;[0m&amp#27;[32m &amp#27;[0m&amp#27;[32m&amp#27;[1m"BagasBedah"&amp#27;[0m&amp#27;[32m &amp#27;[0m&amp#27;[32m&amp#27;[1m""&amp#27;[0m&amp#27;[32m dokter&amp#27;[0m &amp#27;[90m# starter.stepdefinitios.DokterDataSteps.iInputDokter(java.lang.String,java.lang.String,java.lang.String,java.lang.String,java.lang.String)&amp#27;[0m
20:30:41.151 [Darkroom Processing Line] DEBUG net.serenitybdd.core.photography.DarkroomProcessingLine - Processing screenshot image in /var/screenshots/screenshot-12807565898129443154
20:30:41.151 [Darkroom Processing Line] DEBUG net.serenitybdd.core.photography.DarkroomProcessingLine - Saving screenshot to target\site\serenity\8fa691f7420a31eb138996bdffd2e917d2714cacf50d1186efc79576dd4ece00.png
20:30:41.247 [AsyncHttpClient-1-1] DEBUG org.asynchttpclient.netty.channel.DefaultChannelPool - Entry count for : http://localhost:57475 : 1
20:30:41.247 [AsyncHttpClient-1-1] DEBUG org.asynchttpclient.netty.channel.DefaultChannelPool - Entry count for : http://localhost:63118 : 1
20:30:41.255 [Forwarding screenshot on session 35c46830a91bb93ce5cb9fa8b792845b to remote] DEBUG org.asynchttpclient.netty.request.NettyRequestSender - Using pooled Channel '[id: 0xd20679e0, L:/127.0.0.1:57473 - R:localhost/127.0.0.1:63118]' for 'GET' to 'http://localhost:63118/session/35c46830a91bb93ce5cb9fa8b792845b/screenshot'
20:30:41.279 [Forwarding screenshot on session 35c46830a91bb93ce5cb9fa8b792845b to remote] DEBUG org.asynchttpclient.netty.request.NettyRequestSender - Using open Channel [id: 0xd20679e0, L:/127.0.0.1:57473 - R:localhost/127.0.0.1:63118] for GET '/session/35c46830a91bb93ce5cb9fa8b792845b/screenshot'
20:30:41.815 [AsyncHttpClient-1-4] DEBUG org.asynchttpclient.netty.handler.HttpHandler - 

Request DefaultFullHttpRequest(decodeResult: success, version: HTTP/1.1, content: EmptyByteBufBE)
GET /session/35c46830a91bb93ce5cb9fa8b792845b/screenshot HTTP/1.1
User-Agent: selenium/4.1.2 (java windows)
Cache-Control: no-cache
Content-Type: application/json; charset=utf-8
host: localhost:63118
accept: */*

Response DefaultHttpResponse(decodeResult: success, version: HTTP/1.1)
HTTP/1.1 200 OK
Content-Type: application/json; charset=utf-8
cache-control: no-cache
content-length: 364612

20:30:41.815 [AsyncHttpClient-1-4] DEBUG org.asynchttpclient.netty.channel.ChannelManager - Adding key: http://localhost:63118 for channel [id: 0xd20679e0, L:/127.0.0.1:57473 - R:localhost/127.0.0.1:63118]
20:30:41.879 [main] DEBUG net.serenitybdd.core.photography.Darkroom - Send negative for processing for target\site\serenity\3b653c047e557d524b1c3706b318381b6701cdbaf9a108a3eb668b37c84729bb.png
20:30:41.879 [Darkroom Processing Line] DEBUG net.serenitybdd.core.photography.DarkroomProcessingLine - Processing screenshot image in /var/screenshots/screenshot-6423001789117179437
20:30:41.879 [Darkroom Processing Line] DEBUG net.serenitybdd.core.photography.DarkroomProcessingLine - Saving screenshot to target\site\serenity\3b653c047e557d524b1c3706b318381b6701cdbaf9a108a3eb668b37c84729bb.png
20:30:41.919 [main] DEBUG net.thucydides.core.steps.StepInterceptor - STARTING STEP: PatientDataSteps.clickButtonSimpan - clickButtonSave
20:30:41.927 [Forwarding findElement on session 35c46830a91bb93ce5cb9fa8b792845b to remote] DEBUG org.asynchttpclient.netty.request.NettyRequestSender - Using pooled Channel '[id: 0xd20679e0, L:/127.0.0.1:57473 - R:localhost/127.0.0.1:63118]' for 'POST' to 'http://localhost:63118/session/35c46830a91bb93ce5cb9fa8b792845b/element'
20:30:41.935 [Forwarding findElement on session 35c46830a91bb93ce5cb9fa8b792845b to remote] DEBUG org.asynchttpclient.netty.request.NettyRequestSender - Using open Channel [id: 0xd20679e0, L:/127.0.0.1:57473 - R:localhost/127.0.0.1:63118] for POST '/session/35c46830a91bb93ce5cb9fa8b792845b/element'
20:30:41.983 [AsyncHttpClient-1-4] DEBUG org.asynchttpclient.netty.handler.HttpHandler - 

Request DefaultHttpRequest(decodeResult: success, version: HTTP/1.1)
POST /session/35c46830a91bb93ce5cb9fa8b792845b/element HTTP/1.1
User-Agent: selenium/4.1.2 (java windows)
Content-Length: 68
Content-Type: application/json; charset=utf-8
host: localhost:63118
accept: */*

Response DefaultHttpResponse(decodeResult: success, version: HTTP/1.1)
HTTP/1.1 200 OK
Content-Type: application/json; charset=utf-8
cache-control: no-cache
content-length: 88

20:30:41.983 [AsyncHttpClient-1-4] DEBUG org.asynchttpclient.netty.channel.ChannelManager - Adding key: http://localhost:63118 for channel [id: 0xd20679e0, L:/127.0.0.1:57473 - R:localhost/127.0.0.1:63118]
20:30:41.991 [Forwarding getElementTagName on session 35c46830a91bb93ce5cb9fa8b792845b to remote] DEBUG org.asynchttpclient.netty.request.NettyRequestSender - Using pooled Channel '[id: 0xd20679e0, L:/127.0.0.1:57473 - R:localhost/127.0.0.1:63118]' for 'GET' to 'http://localhost:63118/session/35c46830a91bb93ce5cb9fa8b792845b/element/9258a25d-49bb-4785-ae02-ba2e918a5392/name'
20:30:41.991 [Forwarding getElementTagName on session 35c46830a91bb93ce5cb9fa8b792845b to remote] DEBUG org.asynchttpclient.netty.request.NettyRequestSender - Using open Channel [id: 0xd20679e0, L:/127.0.0.1:57473 - R:localhost/127.0.0.1:63118] for GET '/session/35c46830a91bb93ce5cb9fa8b792845b/element/9258a25d-49bb-4785-ae02-ba2e918a5392/name'
20:30:42.111 [AsyncHttpClient-1-4] DEBUG org.asynchttpclient.netty.handler.HttpHandler - 

Request DefaultFullHttpRequest(decodeResult: success, version: HTTP/1.1, content: EmptyByteBufBE)
GET /session/35c46830a91bb93ce5cb9fa8b792845b/element/9258a25d-49bb-4785-ae02-ba2e918a5392/name HTTP/1.1
User-Agent: selenium/4.1.2 (java windows)
Cache-Control: no-cache
Content-Type: application/json; charset=utf-8
host: localhost:63118
accept: */*

Response DefaultHttpResponse(decodeResult: success, version: HTTP/1.1)
HTTP/1.1 200 OK
Content-Type: application/json; charset=utf-8
cache-control: no-cache
content-length: 18

20:30:42.111 [AsyncHttpClient-1-4] DEBUG org.asynchttpclient.netty.channel.ChannelManager - Adding key: http://localhost:63118 for channel [id: 0xd20679e0, L:/127.0.0.1:57473 - R:localhost/127.0.0.1:63118]
20:30:42.111 [Forwarding getElementTagName on session 35c46830a91bb93ce5cb9fa8b792845b to remote] DEBUG org.asynchttpclient.netty.request.NettyRequestSender - Using pooled Channel '[id: 0xd20679e0, L:/127.0.0.1:57473 - R:localhost/127.0.0.1:63118]' for 'GET' to 'http://localhost:63118/session/35c46830a91bb93ce5cb9fa8b792845b/element/9258a25d-49bb-4785-ae02-ba2e918a5392/name'
20:30:42.111 [Forwarding getElementTagName on session 35c46830a91bb93ce5cb9fa8b792845b to remote] DEBUG org.asynchttpclient.netty.request.NettyRequestSender - Using open Channel [id: 0xd20679e0, L:/127.0.0.1:57473 - R:localhost/127.0.0.1:63118] for GET '/session/35c46830a91bb93ce5cb9fa8b792845b/element/9258a25d-49bb-4785-ae02-ba2e918a5392/name'
20:30:42.151 [AsyncHttpClient-1-4] DEBUG org.asynchttpclient.netty.handler.HttpHandler - 

Request DefaultFullHttpRequest(decodeResult: success, version: HTTP/1.1, content: EmptyByteBufBE)
GET /session/35c46830a91bb93ce5cb9fa8b792845b/element/9258a25d-49bb-4785-ae02-ba2e918a5392/name HTTP/1.1
User-Agent: selenium/4.1.2 (java windows)
Cache-Control: no-cache
Content-Type: application/json; charset=utf-8
host: localhost:63118
accept: */*

Response DefaultHttpResponse(decodeResult: success, version: HTTP/1.1)
HTTP/1.1 200 OK
Content-Type: application/json; charset=utf-8
cache-control: no-cache
content-length: 18

20:30:42.151 [AsyncHttpClient-1-4] DEBUG org.asynchttpclient.netty.channel.ChannelManager - Adding key: http://localhost:63118 for channel [id: 0xd20679e0, L:/127.0.0.1:57473 - R:localhost/127.0.0.1:63118]
20:30:42.159 [Forwarding isElementEnabled on session 35c46830a91bb93ce5cb9fa8b792845b to remote] DEBUG org.asynchttpclient.netty.request.NettyRequestSender - Using pooled Channel '[id: 0xd20679e0, L:/127.0.0.1:57473 - R:localhost/127.0.0.1:63118]' for 'GET' to 'http://localhost:63118/session/35c46830a91bb93ce5cb9fa8b792845b/element/9258a25d-49bb-4785-ae02-ba2e918a5392/enabled'
20:30:42.159 [Forwarding isElementEnabled on session 35c46830a91bb93ce5cb9fa8b792845b to remote] DEBUG org.asynchttpclient.netty.request.NettyRequestSender - Using open Channel [id: 0xd20679e0, L:/127.0.0.1:57473 - R:localhost/127.0.0.1:63118] for GET '/session/35c46830a91bb93ce5cb9fa8b792845b/element/9258a25d-49bb-4785-ae02-ba2e918a5392/enabled'
20:30:42.199 [AsyncHttpClient-1-4] DEBUG org.asynchttpclient.netty.handler.HttpHandler - 

Request DefaultFullHttpRequest(decodeResult: success, version: HTTP/1.1, content: EmptyByteBufBE)
GET /session/35c46830a91bb93ce5cb9fa8b792845b/element/9258a25d-49bb-4785-ae02-ba2e918a5392/enabled HTTP/1.1
User-Agent: selenium/4.1.2 (java windows)
Cache-Control: no-cache
Content-Type: application/json; charset=utf-8
host: localhost:63118
accept: */*

Response DefaultHttpResponse(decodeResult: success, version: HTTP/1.1)
HTTP/1.1 200 OK
Content-Type: application/json; charset=utf-8
cache-control: no-cache
content-length: 14

20:30:42.207 [AsyncHttpClient-1-4] DEBUG org.asynchttpclient.netty.channel.ChannelManager - Adding key: http://localhost:63118 for channel [id: 0xd20679e0, L:/127.0.0.1:57473 - R:localhost/127.0.0.1:63118]
20:30:42.207 [Forwarding isElementEnabled on session 35c46830a91bb93ce5cb9fa8b792845b to remote] DEBUG org.asynchttpclient.netty.request.NettyRequestSender - Using pooled Channel '[id: 0xd20679e0, L:/127.0.0.1:57473 - R:localhost/127.0.0.1:63118]' for 'GET' to 'http://localhost:63118/session/35c46830a91bb93ce5cb9fa8b792845b/element/9258a25d-49bb-4785-ae02-ba2e918a5392/enabled'
20:30:42.215 [Forwarding isElementEnabled on session 35c46830a91bb93ce5cb9fa8b792845b to remote] DEBUG org.asynchttpclient.netty.request.NettyRequestSender - Using open Channel [id: 0xd20679e0, L:/127.0.0.1:57473 - R:localhost/127.0.0.1:63118] for GET '/session/35c46830a91bb93ce5cb9fa8b792845b/element/9258a25d-49bb-4785-ae02-ba2e918a5392/enabled'
20:30:42.291 [AsyncHttpClient-1-4] DEBUG org.asynchttpclient.netty.handler.HttpHandler - 

Request DefaultFullHttpRequest(decodeResult: success, version: HTTP/1.1, content: EmptyByteBufBE)
GET /session/35c46830a91bb93ce5cb9fa8b792845b/element/9258a25d-49bb-4785-ae02-ba2e918a5392/enabled HTTP/1.1
User-Agent: selenium/4.1.2 (java windows)
Cache-Control: no-cache
Content-Type: application/json; charset=utf-8
host: localhost:63118
accept: */*

Response DefaultHttpResponse(decodeResult: success, version: HTTP/1.1)
HTTP/1.1 200 OK
Content-Type: application/json; charset=utf-8
cache-control: no-cache
content-length: 14

20:30:42.292 [AsyncHttpClient-1-4] DEBUG org.asynchttpclient.netty.channel.ChannelManager - Adding key: http://localhost:63118 for channel [id: 0xd20679e0, L:/127.0.0.1:57473 - R:localhost/127.0.0.1:63118]
20:30:42.297 [AsyncHttpClient-1-1] DEBUG org.asynchttpclient.netty.channel.DefaultChannelPool - Entry count for : http://localhost:57475 : 1
20:30:42.297 [AsyncHttpClient-1-1] DEBUG org.asynchttpclient.netty.channel.DefaultChannelPool - Entry count for : http://localhost:63118 : 1
20:30:42.297 [Forwarding findElement on session 35c46830a91bb93ce5cb9fa8b792845b to remote] DEBUG org.asynchttpclient.netty.request.NettyRequestSender - Using pooled Channel '[id: 0xd20679e0, L:/127.0.0.1:57473 - R:localhost/127.0.0.1:63118]' for 'POST' to 'http://localhost:63118/session/35c46830a91bb93ce5cb9fa8b792845b/element'
20:30:42.297 [Forwarding findElement on session 35c46830a91bb93ce5cb9fa8b792845b to remote] DEBUG org.asynchttpclient.netty.request.NettyRequestSender - Using open Channel [id: 0xd20679e0, L:/127.0.0.1:57473 - R:localhost/127.0.0.1:63118] for POST '/session/35c46830a91bb93ce5cb9fa8b792845b/element'
20:30:42.313 [AsyncHttpClient-1-4] DEBUG org.asynchttpclient.netty.handler.HttpHandler - 

Request DefaultHttpRequest(decodeResult: success, version: HTTP/1.1)
POST /session/35c46830a91bb93ce5cb9fa8b792845b/element HTTP/1.1
User-Agent: selenium/4.1.2 (java windows)
Content-Length: 68
Content-Type: application/json; charset=utf-8
host: localhost:63118
accept: */*

Response DefaultHttpResponse(decodeResult: success, version: HTTP/1.1)
HTTP/1.1 200 OK
Content-Type: application/json; charset=utf-8
cache-control: no-cache
content-length: 88

20:30:42.313 [AsyncHttpClient-1-4] DEBUG org.asynchttpclient.netty.channel.ChannelManager - Adding key: http://localhost:63118 for channel [id: 0xd20679e0, L:/127.0.0.1:57473 - R:localhost/127.0.0.1:63118]
20:30:42.321 [Forwarding clickElement on session 35c46830a91bb93ce5cb9fa8b792845b to remote] DEBUG org.asynchttpclient.netty.request.NettyRequestSender - Using pooled Channel '[id: 0xd20679e0, L:/127.0.0.1:57473 - R:localhost/127.0.0.1:63118]' for 'POST' to 'http://localhost:63118/session/35c46830a91bb93ce5cb9fa8b792845b/element/9258a25d-49bb-4785-ae02-ba2e918a5392/click'
20:30:42.321 [Forwarding clickElement on session 35c46830a91bb93ce5cb9fa8b792845b to remote] DEBUG org.asynchttpclient.netty.request.NettyRequestSender - Using open Channel [id: 0xd20679e0, L:/127.0.0.1:57473 - R:localhost/127.0.0.1:63118] for POST '/session/35c46830a91bb93ce5cb9fa8b792845b/element/9258a25d-49bb-4785-ae02-ba2e918a5392/click'
20:30:42.720 [AsyncHttpClient-1-4] DEBUG org.asynchttpclient.netty.handler.HttpHandler - 

Request DefaultHttpRequest(decodeResult: success, version: HTTP/1.1)
POST /session/35c46830a91bb93ce5cb9fa8b792845b/element/9258a25d-49bb-4785-ae02-ba2e918a5392/click HTTP/1.1
User-Agent: selenium/4.1.2 (java windows)
Content-Length: 50
Content-Type: application/json; charset=utf-8
host: localhost:63118
accept: */*

Response DefaultHttpResponse(decodeResult: success, version: HTTP/1.1)
HTTP/1.1 200 OK
Content-Type: application/json; charset=utf-8
cache-control: no-cache
content-length: 14

20:30:42.720 [AsyncHttpClient-1-4] DEBUG org.asynchttpclient.netty.channel.ChannelManager - Adding key: http://localhost:63118 for channel [id: 0xd20679e0, L:/127.0.0.1:57473 - R:localhost/127.0.0.1:63118]
20:30:42.741 [Forwarding screenshot on session 35c46830a91bb93ce5cb9fa8b792845b to remote] DEBUG org.asynchttpclient.netty.request.NettyRequestSender - Using pooled Channel '[id: 0xd20679e0, L:/127.0.0.1:57473 - R:localhost/127.0.0.1:63118]' for 'GET' to 'http://localhost:63118/session/35c46830a91bb93ce5cb9fa8b792845b/screenshot'
20:30:42.741 [Forwarding screenshot on session 35c46830a91bb93ce5cb9fa8b792845b to remote] DEBUG org.asynchttpclient.netty.request.NettyRequestSender - Using open Channel [id: 0xd20679e0, L:/127.0.0.1:57473 - R:localhost/127.0.0.1:63118] for GET '/session/35c46830a91bb93ce5cb9fa8b792845b/screenshot'
20:30:43.394 [AsyncHttpClient-1-1] DEBUG org.asynchttpclient.netty.channel.DefaultChannelPool - Entry count for : http://localhost:57475 : 1
20:30:43.626 [AsyncHttpClient-1-4] DEBUG org.asynchttpclient.netty.handler.HttpHandler - 

Request DefaultFullHttpRequest(decodeResult: success, version: HTTP/1.1, content: EmptyByteBufBE)
GET /session/35c46830a91bb93ce5cb9fa8b792845b/screenshot HTTP/1.1
User-Agent: selenium/4.1.2 (java windows)
Cache-Control: no-cache
Content-Type: application/json; charset=utf-8
host: localhost:63118
accept: */*

Response DefaultHttpResponse(decodeResult: success, version: HTTP/1.1)
HTTP/1.1 200 OK
Content-Type: application/json; charset=utf-8
cache-control: no-cache
content-length: 363032

20:30:43.634 [AsyncHttpClient-1-4] DEBUG org.asynchttpclient.netty.channel.ChannelManager - Adding key: http://localhost:63118 for channel [id: 0xd20679e0, L:/127.0.0.1:57473 - R:localhost/127.0.0.1:63118]
20:30:43.698 [main] DEBUG net.serenitybdd.core.photography.Darkroom - Send negative for processing for target\site\serenity\333b5c22f627858920afd1a193d1c3d9da66bb2cd3b30db27a5e19a6b2ed1556.png
20:30:43.698 [main] DEBUG net.thucydides.core.steps.StepInterceptor - STEP DONE: clickButtonSave
  &amp#27;[32mAnd &amp#27;[0m&amp#27;[32mClick button simpan&amp#27;[0m                                           &amp#27;[90m# starter.stepdefinitios.PatientDataSteps.clickButtonSimpan()&amp#27;[0m
20:30:43.714 [Darkroom Processing Line] DEBUG net.serenitybdd.core.photography.DarkroomProcessingLine - Processing screenshot image in /var/screenshots/screenshot-64339822897778661
20:30:43.714 [Darkroom Processing Line] DEBUG net.serenitybdd.core.photography.DarkroomProcessingLine - Saving screenshot to target\site\serenity\333b5c22f627858920afd1a193d1c3d9da66bb2cd3b30db27a5e19a6b2ed1556.png
20:30:44.298 [Forwarding screenshot on session 35c46830a91bb93ce5cb9fa8b792845b to remote] DEBUG org.asynchttpclient.netty.request.NettyRequestSender - Using pooled Channel '[id: 0xd20679e0, L:/127.0.0.1:57473 - R:localhost/127.0.0.1:63118]' for 'GET' to 'http://localhost:63118/session/35c46830a91bb93ce5cb9fa8b792845b/screenshot'
20:30:44.298 [Forwarding screenshot on session 35c46830a91bb93ce5cb9fa8b792845b to remote] DEBUG org.asynchttpclient.netty.request.NettyRequestSender - Using open Channel [id: 0xd20679e0, L:/127.0.0.1:57473 - R:localhost/127.0.0.1:63118] for GET '/session/35c46830a91bb93ce5cb9fa8b792845b/screenshot'
20:30:44.386 [AsyncHttpClient-1-4] DEBUG org.asynchttpclient.netty.handler.HttpHandler - 

Request DefaultFullHttpRequest(decodeResult: success, version: HTTP/1.1, content: EmptyByteBufBE)
GET /session/35c46830a91bb93ce5cb9fa8b792845b/screenshot HTTP/1.1
User-Agent: selenium/4.1.2 (java windows)
Cache-Control: no-cache
Content-Type: application/json; charset=utf-8
host: localhost:63118
accept: */*

Response DefaultHttpResponse(decodeResult: success, version: HTTP/1.1)
HTTP/1.1 500 Internal Server Error
Content-Type: application/json; charset=utf-8
cache-control: no-cache
content-length: 893

20:30:44.386 [AsyncHttpClient-1-4] DEBUG org.asynchttpclient.netty.channel.ChannelManager - Adding key: http://localhost:63118 for channel [id: 0xd20679e0, L:/127.0.0.1:57473 - R:localhost/127.0.0.1:63118]
20:30:44.402 [main] WARN net.thucydides.core.webdriver.WebDriverFacade - Failed to take screenshot (unexpected alert open: {Alert text : Data telah ditambah}
  (Session info: chrome=102.0.5005.115): Data telah ditambah
Build info: version: '4.1.2', revision: '9a5a329c5a'
System info: host: 'MOOK-HON', ip: '192.168.100.6', os.name: 'Windows 10', os.arch: 'amd64', os.version: '10.0', java.version: '11.0.14'
Driver info: org.openqa.selenium.chrome.ChromeDriver
Command: [35c46830a91bb93ce5cb9fa8b792845b, screenshot {}]
Capabilities {acceptInsecureCerts: false, browserName: chrome, browserVersion: 102.0.5005.115, chrome: {chromedriverVersion: 102.0.5005.61 (0e59bcc00cc4..., userDataDir: C:\Users\ASUS\AppData\Local...}, goog:chromeOptions: {debuggerAddress: localhost:57475}, javascriptEnabled: true, networkConnectionEnabled: false, pageLoadStrategy: normal, platform: WINDOWS, platformName: WINDOWS, proxy: Proxy(), se:cdp: ws://localhost:57475/devtoo..., se:cdpVersion: 102.0.5005.115, setWindowRect: true, strictFileInteractability: false, timeouts: {implicit: 0, pageLoad: 300000, script: 30000}, unhandledPromptBehavior: dismiss and notify, webauthn:extension:credBlob: true, webauthn:extension:largeBlob: true, webauthn:virtualAuthenticators: true}
Session ID: 35c46830a91bb93ce5cb9fa8b792845b)
20:30:44.418 [main] DEBUG net.thucydides.core.steps.StepInterceptor - STARTING STEP: DokterDataSteps.validDataDokter - validPagePasien
20:30:44.434 [Forwarding findElement on session 35c46830a91bb93ce5cb9fa8b792845b to remote] DEBUG org.asynchttpclient.netty.request.NettyRequestSender - Using pooled Channel '[id: 0xd20679e0, L:/127.0.0.1:57473 - R:localhost/127.0.0.1:63118]' for 'POST' to 'http://localhost:63118/session/35c46830a91bb93ce5cb9fa8b792845b/element'
20:30:44.434 [Forwarding findElement on session 35c46830a91bb93ce5cb9fa8b792845b to remote] DEBUG org.asynchttpclient.netty.request.NettyRequestSender - Using open Channel [id: 0xd20679e0, L:/127.0.0.1:57473 - R:localhost/127.0.0.1:63118] for POST '/session/35c46830a91bb93ce5cb9fa8b792845b/element'
20:30:44.514 [AsyncHttpClient-1-1] DEBUG org.asynchttpclient.netty.channel.DefaultChannelPool - Entry count for : http://localhost:57475 : 1
20:30:44.698 [AsyncHttpClient-1-4] DEBUG org.asynchttpclient.netty.handler.HttpHandler - 

Request DefaultHttpRequest(decodeResult: success, version: HTTP/1.1)
POST /session/35c46830a91bb93ce5cb9fa8b792845b/element HTTP/1.1
User-Agent: selenium/4.1.2 (java windows)
Content-Length: 126
Content-Type: application/json; charset=utf-8
host: localhost:63118
accept: */*

Response DefaultHttpResponse(decodeResult: success, version: HTTP/1.1)
HTTP/1.1 200 OK
Content-Type: application/json; charset=utf-8
cache-control: no-cache
content-length: 88

20:30:44.698 [AsyncHttpClient-1-4] DEBUG org.asynchttpclient.netty.channel.ChannelManager - Adding key: http://localhost:63118 for channel [id: 0xd20679e0, L:/127.0.0.1:57473 - R:localhost/127.0.0.1:63118]
20:30:44.706 [Forwarding isElementEnabled on session 35c46830a91bb93ce5cb9fa8b792845b to remote] DEBUG org.asynchttpclient.netty.request.NettyRequestSender - Using pooled Channel '[id: 0xd20679e0, L:/127.0.0.1:57473 - R:localhost/127.0.0.1:63118]' for 'GET' to 'http://localhost:63118/session/35c46830a91bb93ce5cb9fa8b792845b/element/1d041755-b468-4e0e-883c-eaba33947626/enabled'
20:30:44.706 [Forwarding isElementEnabled on session 35c46830a91bb93ce5cb9fa8b792845b to remote] DEBUG org.asynchttpclient.netty.request.NettyRequestSender - Using open Channel [id: 0xd20679e0, L:/127.0.0.1:57473 - R:localhost/127.0.0.1:63118] for GET '/session/35c46830a91bb93ce5cb9fa8b792845b/element/1d041755-b468-4e0e-883c-eaba33947626/enabled'
20:30:44.730 [AsyncHttpClient-1-4] DEBUG org.asynchttpclient.netty.handler.HttpHandler - 

Request DefaultFullHttpRequest(decodeResult: success, version: HTTP/1.1, content: EmptyByteBufBE)
GET /session/35c46830a91bb93ce5cb9fa8b792845b/element/1d041755-b468-4e0e-883c-eaba33947626/enabled HTTP/1.1
User-Agent: selenium/4.1.2 (java windows)
Cache-Control: no-cache
Content-Type: application/json; charset=utf-8
host: localhost:63118
accept: */*

Response DefaultHttpResponse(decodeResult: success, version: HTTP/1.1)
HTTP/1.1 200 OK
Content-Type: application/json; charset=utf-8
cache-control: no-cache
content-length: 14

20:30:44.730 [AsyncHttpClient-1-4] DEBUG org.asynchttpclient.netty.channel.ChannelManager - Adding key: http://localhost:63118 for channel [id: 0xd20679e0, L:/127.0.0.1:57473 - R:localhost/127.0.0.1:63118]
20:30:44.746 [Forwarding screenshot on session 35c46830a91bb93ce5cb9fa8b792845b to remote] DEBUG org.asynchttpclient.netty.request.NettyRequestSender - Using pooled Channel '[id: 0xd20679e0, L:/127.0.0.1:57473 - R:localhost/127.0.0.1:63118]' for 'GET' to 'http://localhost:63118/session/35c46830a91bb93ce5cb9fa8b792845b/screenshot'
20:30:44.746 [Forwarding screenshot on session 35c46830a91bb93ce5cb9fa8b792845b to remote] DEBUG org.asynchttpclient.netty.request.NettyRequestSender - Using open Channel [id: 0xd20679e0, L:/127.0.0.1:57473 - R:localhost/127.0.0.1:63118] for GET '/session/35c46830a91bb93ce5cb9fa8b792845b/screenshot'
20:30:45.014 [AsyncHttpClient-1-4] DEBUG org.asynchttpclient.netty.handler.HttpHandler - 

Request DefaultFullHttpRequest(decodeResult: success, version: HTTP/1.1, content: EmptyByteBufBE)
GET /session/35c46830a91bb93ce5cb9fa8b792845b/screenshot HTTP/1.1
User-Agent: selenium/4.1.2 (java windows)
Cache-Control: no-cache
Content-Type: application/json; charset=utf-8
host: localhost:63118
accept: */*

Response DefaultHttpResponse(decodeResult: success, version: HTTP/1.1)
HTTP/1.1 200 OK
Content-Type: application/json; charset=utf-8
cache-control: no-cache
content-length: 71412

20:30:45.014 [AsyncHttpClient-1-4] DEBUG org.asynchttpclient.netty.channel.ChannelManager - Adding key: http://localhost:63118 for channel [id: 0xd20679e0, L:/127.0.0.1:57473 - R:localhost/127.0.0.1:63118]
20:30:45.022 [main] DEBUG net.serenitybdd.core.photography.Darkroom - Send negative for processing for target\site\serenity\641553ea0c7ee1350e9d99c43bd8b22ab0037bbbf11d544d65f62061eb96ca5a.png
20:30:45.022 [main] DEBUG net.thucydides.core.steps.StepInterceptor - STEP DONE: validPagePasien
  &amp#27;[32mAnd &amp#27;[0m&amp#27;[32mValid data dokter&amp#27;[0m                                             &amp#27;[90m# starter.stepdefinitios.DokterDataSteps.validDataDokter()&amp#27;[0m
20:30:45.062 [AsyncHttpClient-1-6] DEBUG org.asynchttpclient.netty.handler.WebSocketHandler - Channel Closed: [id: 0x0b3ef516, L:/127.0.0.1:57485 ! R:localhost/127.0.0.1:57475] with attribute NettyResponseFuture{currentRetry=5,
	isDone=1,
	isCancelled=0,
	asyncHandler=org.asynchttpclient.ws.WebSocketUpgradeHandler@6d6566e7,
	nettyRequest=org.asynchttpclient.netty.request.NettyRequest@1391220,
	future=java.util.concurrent.CompletableFuture@64397a2b[Completed normally],
	uri=ws://localhost:57475/devtools/browser/936c5327-29b6-47f5-b849-5c84ef3b5c73,
	keepAlive=true,
	redirectCount=0,
	timeoutsHolder=null,
	inAuth=0,
	touch=1655991032519}
20:30:45.070 [AsyncHttpClient-1-6] DEBUG org.asynchttpclient.netty.channel.ChannelManager - Closing Channel [id: 0x0b3ef516, L:/127.0.0.1:57485 ! R:localhost/127.0.0.1:57475] 
20:30:45.070 [Driver Command Executor] DEBUG org.asynchttpclient.netty.request.NettyRequestSender - Using pooled Channel '[id: 0xd20679e0, L:/127.0.0.1:57473 - R:localhost/127.0.0.1:63118]' for 'DELETE' to 'http://localhost:63118/session/35c46830a91bb93ce5cb9fa8b792845b'
20:30:45.070 [Driver Command Executor] DEBUG org.asynchttpclient.netty.request.NettyRequestSender - Using open Channel [id: 0xd20679e0, L:/127.0.0.1:57473 - R:localhost/127.0.0.1:63118] for DELETE '/session/35c46830a91bb93ce5cb9fa8b792845b'
20:30:45.598 [AsyncHttpClient-1-1] DEBUG org.asynchttpclient.netty.channel.DefaultChannelPool - Entry count for : http://localhost:57475 : 1
20:30:45.742 [AsyncHttpClient-1-5] DEBUG org.asynchttpclient.netty.handler.HttpHandler - Unexpected I/O exception on channel [id: 0x4eba037c, L:/127.0.0.1:57484 - R:localhost/127.0.0.1:57475]
java.io.IOException: An existing connection was forcibly closed by the remote host
	at java.base/sun.nio.ch.SocketDispatcher.read0(Native Method)
	at java.base/sun.nio.ch.SocketDispatcher.read(SocketDispatcher.java:43)
	at java.base/sun.nio.ch.IOUtil.readIntoNativeBuffer(IOUtil.java:276)
	at java.base/sun.nio.ch.IOUtil.read(IOUtil.java:233)
	at java.base/sun.nio.ch.IOUtil.read(IOUtil.java:223)
	at java.base/sun.nio.ch.SocketChannelImpl.read(SocketChannelImpl.java:358)
	at io.netty.buffer.PooledByteBuf.setBytes(PooledByteBuf.java:258)
	at io.netty.buffer.AbstractByteBuf.writeBytes(AbstractByteBuf.java:1132)
	at io.netty.channel.socket.nio.NioSocketChannel.doReadBytes(NioSocketChannel.java:350)
	at io.netty.channel.nio.AbstractNioByteChannel$NioByteUnsafe.read(AbstractNioByteChannel.java:151)
	at io.netty.channel.nio.NioEventLoop.processSelectedKey(NioEventLoop.java:722)
	at io.netty.channel.nio.NioEventLoop.processSelectedKeysOptimized(NioEventLoop.java:658)
	at io.netty.channel.nio.NioEventLoop.processSelectedKeys(NioEventLoop.java:584)
	at io.netty.channel.nio.NioEventLoop.run(NioEventLoop.java:496)
	at io.netty.util.concurrent.SingleThreadEventExecutor$4.run(SingleThreadEventExecutor.java:986)
	at io.netty.util.internal.ThreadExecutorMap$2.run(ThreadExecutorMap.java:74)
	at io.netty.util.concurrent.FastThreadLocalRunnable.run(FastThreadLocalRunnable.java:30)
	at java.base/java.lang.Thread.run(Thread.java:834)
20:30:45.742 [AsyncHttpClient-1-5] DEBUG org.asynchttpclient.netty.channel.ChannelManager - Closing Channel [id: 0x4eba037c, L:/127.0.0.1:57484 - R:localhost/127.0.0.1:57475] 
20:30:45.742 [AsyncHttpClient-1-5] DEBUG org.asynchttpclient.netty.handler.HttpHandler - Channel Closed: [id: 0x4eba037c, L:/127.0.0.1:57484 ! R:localhost/127.0.0.1:57475] with attribute DISCARD
20:30:45.838 [AsyncHttpClient-1-4] DEBUG org.asynchttpclient.netty.handler.HttpHandler - 

Request DefaultFullHttpRequest(decodeResult: success, version: HTTP/1.1, content: EmptyByteBufBE)
DELETE /session/35c46830a91bb93ce5cb9fa8b792845b HTTP/1.1
User-Agent: selenium/4.1.2 (java windows)
Content-Type: application/json; charset=utf-8
host: localhost:63118
accept: */*

Response DefaultHttpResponse(decodeResult: success, version: HTTP/1.1)
HTTP/1.1 200 OK
Content-Type: application/json; charset=utf-8
cache-control: no-cache
content-length: 14

20:30:45.846 [AsyncHttpClient-1-4] DEBUG org.asynchttpclient.netty.channel.ChannelManager - Adding key: http://localhost:63118 for channel [id: 0xd20679e0, L:/127.0.0.1:57473 - R:localhost/127.0.0.1:63118]
20:30:46.690 [AsyncHttpClient-1-1] DEBUG org.asynchttpclient.netty.channel.DefaultChannelPool - Entry count for : http://localhost:57475 : 1
20:30:46.746 [AsyncHttpClient-1-1] DEBUG org.asynchttpclient.netty.channel.DefaultChannelPool - Entry count for : http://localhost:63118 : 1
20:30:46.746 [AsyncHttpClient-1-1] DEBUG org.asynchttpclient.netty.channel.DefaultChannelPool - Adding Candidate expired Channel [id: 0x4eba037c, L:/127.0.0.1:57484 ! R:localhost/127.0.0.1:57475] isIdleTimeoutExpired=false isRemotelyClosed=true isTtlExpired=false
20:30:46.746 [AsyncHttpClient-1-1] DEBUG org.asynchttpclient.netty.channel.DefaultChannelPool - Closing Idle Channel [id: 0x4eba037c, L:/127.0.0.1:57484 ! R:localhost/127.0.0.1:57475]
20:30:46.746 [AsyncHttpClient-1-1] DEBUG org.asynchttpclient.netty.channel.DefaultChannelPool - Closed 1 connections out of 2 in 0 ms
20:30:47.002 [AsyncHttpClient-1-4] DEBUG org.asynchttpclient.netty.handler.HttpHandler - Unexpected I/O exception on channel [id: 0xd20679e0, L:/127.0.0.1:57473 - R:localhost/127.0.0.1:63118]
java.io.IOException: An existing connection was forcibly closed by the remote host
	at java.base/sun.nio.ch.SocketDispatcher.read0(Native Method)
	at java.base/sun.nio.ch.SocketDispatcher.read(SocketDispatcher.java:43)
	at java.base/sun.nio.ch.IOUtil.readIntoNativeBuffer(IOUtil.java:276)
	at java.base/sun.nio.ch.IOUtil.read(IOUtil.java:233)
	at java.base/sun.nio.ch.IOUtil.read(IOUtil.java:223)
	at java.base/sun.nio.ch.SocketChannelImpl.read(SocketChannelImpl.java:358)
	at io.netty.buffer.PooledByteBuf.setBytes(PooledByteBuf.java:258)
	at io.netty.buffer.AbstractByteBuf.writeBytes(AbstractByteBuf.java:1132)
	at io.netty.channel.socket.nio.NioSocketChannel.doReadBytes(NioSocketChannel.java:350)
	at io.netty.channel.nio.AbstractNioByteChannel$NioByteUnsafe.read(AbstractNioByteChannel.java:151)
	at io.netty.channel.nio.NioEventLoop.processSelectedKey(NioEventLoop.java:722)
	at io.netty.channel.nio.NioEventLoop.processSelectedKeysOptimized(NioEventLoop.java:658)
	at io.netty.channel.nio.NioEventLoop.processSelectedKeys(NioEventLoop.java:584)
	at io.netty.channel.nio.NioEventLoop.run(NioEventLoop.java:496)
	at io.netty.util.concurrent.SingleThreadEventExecutor$4.run(SingleThreadEventExecutor.java:986)
	at io.netty.util.internal.ThreadExecutorMap$2.run(ThreadExecutorMap.java:74)
	at io.netty.util.concurrent.FastThreadLocalRunnable.run(FastThreadLocalRunnable.java:30)
	at java.base/java.lang.Thread.run(Thread.java:834)
20:30:47.002 [AsyncHttpClient-1-4] DEBUG org.asynchttpclient.netty.channel.ChannelManager - Closing Channel [id: 0xd20679e0, L:/127.0.0.1:57473 - R:localhost/127.0.0.1:63118] 
20:30:47.002 [AsyncHttpClient-1-4] DEBUG org.asynchttpclient.netty.handler.HttpHandler - Channel Closed: [id: 0xd20679e0, L:/127.0.0.1:57473 ! R:localhost/127.0.0.1:63118] with attribute DISCARD
]]></system-out>
    <system-err><![CDATA[Starting ChromeDriver 102.0.5005.61 (0e59bcc00cc4985ce39ad31c150065f159d95ad3-refs/branch-heads/5005@{#819}) on port 63118
Only local connections are allowed.
Please see https://chromedriver.chromium.org/security-considerations for suggestions on keeping ChromeDriver safe.
ChromeDriver was started successfully.
Jun 23, 2022 8:30:32 PM org.openqa.selenium.remote.ProtocolHandshake createSession
INFO: Detected dialect: W3C
Jun 23, 2022 8:30:32 PM org.openqa.selenium.devtools.CdpVersionFinder findNearestMatch
WARNING: Unable to find an exact match for CDP version 102, so returning the closest version found: a no-op implementation
Jun 23, 2022 8:30:32 PM org.openqa.selenium.devtools.CdpVersionFinder findNearestMatch
INFO: Unable to find CDP implementation matching 102.
Jun 23, 2022 8:30:32 PM org.openqa.selenium.chromium.ChromiumDriver lambda$new$3
WARNING: Unable to find version of CDP to use for . You may need to include a dependency on a specific version of the CDP using something similar to `org.seleniumhq.selenium:selenium-devtools-v86:4.1.2` where the version ("v86") matches the version of the chromium-based browser you're using and the version number of the artifact is the same as Selenium's.
]]></system-err>
  </testcase>
  <testcase name="As a admin i want to add data pasien #1" classname="Add Data Pasien - Admin" time="23.807">
    <system-out><![CDATA[20:30:47.106 [main] INFO io.cucumber.core.plugin.SerenityReporter - Running feature from file:///D:/Kel-1-capstone/TestingWeb/src/test/resources/features/AddDataPasien.feature
20:30:47.114 [main] DEBUG net.thucydides.core.steps.StepEventBus - Test suite started for story net.thucydides.core.model.Story@2ed0929a
20:30:47.122 [main] INFO  - Test Suite Started: Add Data Pasien - Admin

@AddPatientData
Scenario Outline: As a admin i want to add data pasien                     &amp#27;[90m# src/test/resources/features/AddDataPasien.feature:13&amp#27;[0m
20:30:47.146 [main] INFO io.cucumber.core.plugin.SerenityReporter - Running feature from file:///D:/Kel-1-capstone/TestingWeb/src/test/resources/features/AddDataPasien.feature
20:30:47.154 [main] INFO  - 
  _____   ___   ___   _____     ___   _____     _     ___   _____   ___   ___  
 |_   _| | __| / __| |_   _|   / __| |_   _|   /_\   | _ \ |_   _| | __| |   \ 
   | |   | _|  \__ \   | |     \__ \   | |    / _ \  |   /   | |   | _|  | |) |
   |_|   |___| |___/   |_|     |___/   |_|   /_/ \_\ |_|_\   |_|   |___| |___/ 

As a admin i want to add data pasien(add-data-pasien---admin;as-a-admin-i-want-to-add-data-pasien)
--------------------------------------------------------------------------------
20:30:47.267 [main] DEBUG net.thucydides.core.steps.StepInterceptor - STARTING STEP: PatientDataSteps.openPageDataPasien - openDataPasien
20:30:47.275 [main] INFO net.serenitybdd.core.webdriver.driverproviders.ChromeDriverProvider - Using automatically driver download
20:30:47.597 [main] DEBUG io.github.bonigarcia.wdm.cache.ResolutionCache - Resolution chrome=102 in cache (valid until 21:04:30 23/06/2022 ICT)
20:30:47.621 [main] DEBUG io.github.bonigarcia.wdm.cache.ResolutionCache - Resolution chrome102=102.0.5005.61 in cache (valid until 20:04:30 24/06/2022 ICT)
20:30:47.629 [main] INFO io.github.bonigarcia.wdm.WebDriverManager - Using chromedriver 102.0.5005.61 (resolved driver for Chrome 102)
20:30:47.677 [main] DEBUG io.github.bonigarcia.wdm.WebDriverManager - Driver chromedriver 102.0.5005.61 found in cache
20:30:47.677 [main] INFO io.github.bonigarcia.wdm.WebDriverManager - Exporting webdriver.chrome.driver as C:\Users\ASUS\.cache\selenium\chromedriver\win32\102.0.5005.61\chromedriver.exe
20:30:47.821 [AsyncHttpClient-1-1] DEBUG org.asynchttpclient.netty.channel.DefaultChannelPool - Entry count for : http://localhost:63118 : 1
20:30:47.821 [AsyncHttpClient-1-1] DEBUG org.asynchttpclient.netty.channel.DefaultChannelPool - Adding Candidate expired Channel [id: 0xd20679e0, L:/127.0.0.1:57473 ! R:localhost/127.0.0.1:63118] isIdleTimeoutExpired=false isRemotelyClosed=true isTtlExpired=false
20:30:47.821 [AsyncHttpClient-1-1] DEBUG org.asynchttpclient.netty.channel.DefaultChannelPool - Closing Idle Channel [id: 0xd20679e0, L:/127.0.0.1:57473 ! R:localhost/127.0.0.1:63118]
20:30:47.821 [AsyncHttpClient-1-1] DEBUG org.asynchttpclient.netty.channel.DefaultChannelPool - Closed 1 connections out of 1 in 0 ms
20:30:48.069 [main] DEBUG net.serenitybdd.core.webdriver.driverproviders.ProvideNewDriver - Instantiating driver
20:30:48.069 [main] DEBUG net.serenitybdd.core.webdriver.driverproviders.ProvideNewDriver - Driver capabilities: Capabilities {acceptInsecureCerts: false, base.url: https://fanciful-trifle-360..., browserName: chrome, chorme.driver: src/test/resources/webdrive..., driver: chrome, goog:chromeOptions: {args: [], extensions: []}}
20:30:48.650 [AsyncHttpClient-1-7] DEBUG org.asynchttpclient.netty.channel.NettyConnectListener - Using new Channel '[id: 0x597dc096, L:/127.0.0.1:57514 - R:localhost/127.0.0.1:65415]' for 'POST' to '/session'
20:30:51.118 [AsyncHttpClient-1-7] DEBUG org.asynchttpclient.netty.handler.HttpHandler - 

Request DefaultHttpRequest(decodeResult: success, version: HTTP/1.1)
POST /session HTTP/1.1
User-Agent: selenium/4.1.2 (java windows)
Content-Length: 629
Content-Type: application/json; charset=utf-8
host: localhost:65415
accept: */*

Response DefaultHttpResponse(decodeResult: success, version: HTTP/1.1)
HTTP/1.1 200 OK
Content-Type: application/json; charset=utf-8
cache-control: no-cache
content-length: 789

20:30:51.118 [AsyncHttpClient-1-7] DEBUG org.asynchttpclient.netty.channel.ChannelManager - Adding key: http://localhost:65415 for channel [id: 0x597dc096, L:/127.0.0.1:57514 - R:localhost/127.0.0.1:65415]
20:30:51.158 [AsyncHttpClient-1-8] DEBUG org.asynchttpclient.netty.channel.NettyConnectListener - Using new Channel '[id: 0xbea68f53, L:/127.0.0.1:57526 - R:localhost/127.0.0.1:57515]' for 'GET' to '/json/version'
20:30:51.166 [AsyncHttpClient-1-8] DEBUG org.asynchttpclient.netty.handler.HttpHandler - 

Request DefaultFullHttpRequest(decodeResult: success, version: HTTP/1.1, content: EmptyByteBufBE)
GET /json/version HTTP/1.1
User-Agent: selenium/4.1.2 (java windows)
host: localhost:57515
accept: */*

Response DefaultHttpResponse(decodeResult: success, version: HTTP/1.1)
HTTP/1.1 200 OK
Content-Type: application/json; charset=UTF-8
content-length: 428

20:30:51.166 [AsyncHttpClient-1-8] DEBUG org.asynchttpclient.netty.channel.ChannelManager - Adding key: http://localhost:57515 for channel [id: 0xbea68f53, L:/127.0.0.1:57526 - R:localhost/127.0.0.1:57515]
20:30:51.182 [AsyncHttpClient-1-9] DEBUG org.asynchttpclient.netty.channel.NettyConnectListener - Using new Channel '[id: 0xbace55cf, L:/127.0.0.1:57527 - R:localhost/127.0.0.1:57515]' for 'GET' to '/devtools/browser/bc906fd1-4584-4761-baa6-3e8db4e8bfdb'
20:30:51.182 [AsyncHttpClient-1-9] DEBUG org.asynchttpclient.netty.handler.WebSocketHandler - 

Request DefaultFullHttpRequest(decodeResult: success, version: HTTP/1.1, content: EmptyByteBufBE)
GET /devtools/browser/bc906fd1-4584-4761-baa6-3e8db4e8bfdb HTTP/1.1
upgrade: websocket
connection: upgrade
sec-websocket-key: ydUA+zH7ZSQVObFF2PpfTg==
sec-websocket-version: 13
origin: http://localhost:57515
host: localhost:57515
accept: */*
user-agent: AHC/2.1

Response DefaultHttpResponse(decodeResult: success, version: HTTP/1.1)
HTTP/1.1 101 WebSocket Protocol Handshake
Upgrade: WebSocket
Connection: Upgrade
Sec-WebSocket-Accept: qdk0Oq5T08b12IM+bDAJQz5cZdg=

20:30:51.230 [Forwarding get on session 12cdf6bde21c4299711a0ef417a5692e to remote] DEBUG org.asynchttpclient.netty.request.NettyRequestSender - Using pooled Channel '[id: 0x597dc096, L:/127.0.0.1:57514 - R:localhost/127.0.0.1:65415]' for 'POST' to 'http://localhost:65415/session/12cdf6bde21c4299711a0ef417a5692e/url'
20:30:51.230 [Forwarding get on session 12cdf6bde21c4299711a0ef417a5692e to remote] DEBUG org.asynchttpclient.netty.request.NettyRequestSender - Using open Channel [id: 0x597dc096, L:/127.0.0.1:57514 - R:localhost/127.0.0.1:65415] for POST '/session/12cdf6bde21c4299711a0ef417a5692e/url'
20:30:52.193 [AsyncHttpClient-1-1] DEBUG org.asynchttpclient.netty.channel.DefaultChannelPool - Entry count for : http://localhost:57515 : 1
20:30:52.961 [AsyncHttpClient-1-7] DEBUG org.asynchttpclient.netty.handler.HttpHandler - 

Request DefaultHttpRequest(decodeResult: success, version: HTTP/1.1)
POST /session/12cdf6bde21c4299711a0ef417a5692e/url HTTP/1.1
User-Agent: selenium/4.1.2 (java windows)
Content-Length: 84
Content-Type: application/json; charset=utf-8
host: localhost:65415
accept: */*

Response DefaultHttpResponse(decodeResult: success, version: HTTP/1.1)
HTTP/1.1 200 OK
Content-Type: application/json; charset=utf-8
cache-control: no-cache
content-length: 14

20:30:52.961 [AsyncHttpClient-1-7] DEBUG org.asynchttpclient.netty.channel.ChannelManager - Adding key: http://localhost:65415 for channel [id: 0x597dc096, L:/127.0.0.1:57514 - R:localhost/127.0.0.1:65415]
20:30:52.961 [Forwarding setTimeout on session 12cdf6bde21c4299711a0ef417a5692e to remote] DEBUG org.asynchttpclient.netty.request.NettyRequestSender - Using pooled Channel '[id: 0x597dc096, L:/127.0.0.1:57514 - R:localhost/127.0.0.1:65415]' for 'POST' to 'http://localhost:65415/session/12cdf6bde21c4299711a0ef417a5692e/timeouts'
20:30:52.961 [Forwarding setTimeout on session 12cdf6bde21c4299711a0ef417a5692e to remote] DEBUG org.asynchttpclient.netty.request.NettyRequestSender - Using open Channel [id: 0x597dc096, L:/127.0.0.1:57514 - R:localhost/127.0.0.1:65415] for POST '/session/12cdf6bde21c4299711a0ef417a5692e/timeouts'
20:30:52.969 [AsyncHttpClient-1-7] DEBUG org.asynchttpclient.netty.handler.HttpHandler - 

Request DefaultHttpRequest(decodeResult: success, version: HTTP/1.1)
POST /session/12cdf6bde21c4299711a0ef417a5692e/timeouts HTTP/1.1
User-Agent: selenium/4.1.2 (java windows)
Content-Length: 22
Content-Type: application/json; charset=utf-8
host: localhost:65415
accept: */*

Response DefaultHttpResponse(decodeResult: success, version: HTTP/1.1)
HTTP/1.1 200 OK
Content-Type: application/json; charset=utf-8
cache-control: no-cache
content-length: 14

20:30:52.969 [AsyncHttpClient-1-7] DEBUG org.asynchttpclient.netty.channel.ChannelManager - Adding key: http://localhost:65415 for channel [id: 0x597dc096, L:/127.0.0.1:57514 - R:localhost/127.0.0.1:65415]
20:30:52.977 [Forwarding getCurrentUrl on session 12cdf6bde21c4299711a0ef417a5692e to remote] DEBUG org.asynchttpclient.netty.request.NettyRequestSender - Using pooled Channel '[id: 0x597dc096, L:/127.0.0.1:57514 - R:localhost/127.0.0.1:65415]' for 'GET' to 'http://localhost:65415/session/12cdf6bde21c4299711a0ef417a5692e/url'
20:30:52.977 [Forwarding getCurrentUrl on session 12cdf6bde21c4299711a0ef417a5692e to remote] DEBUG org.asynchttpclient.netty.request.NettyRequestSender - Using open Channel [id: 0x597dc096, L:/127.0.0.1:57514 - R:localhost/127.0.0.1:65415] for GET '/session/12cdf6bde21c4299711a0ef417a5692e/url'
20:30:53.001 [AsyncHttpClient-1-7] DEBUG org.asynchttpclient.netty.handler.HttpHandler - 

Request DefaultFullHttpRequest(decodeResult: success, version: HTTP/1.1, content: EmptyByteBufBE)
GET /session/12cdf6bde21c4299711a0ef417a5692e/url HTTP/1.1
User-Agent: selenium/4.1.2 (java windows)
Cache-Control: no-cache
Content-Type: application/json; charset=utf-8
host: localhost:65415
accept: */*

Response DefaultHttpResponse(decodeResult: success, version: HTTP/1.1)
HTTP/1.1 200 OK
Content-Type: application/json; charset=utf-8
cache-control: no-cache
content-length: 66

20:30:53.001 [AsyncHttpClient-1-7] DEBUG org.asynchttpclient.netty.channel.ChannelManager - Adding key: http://localhost:65415 for channel [id: 0x597dc096, L:/127.0.0.1:57514 - R:localhost/127.0.0.1:65415]
20:30:53.017 [main] DEBUG net.serenitybdd.core.photography.Darkroom - Opening darkroom
20:30:53.017 [Forwarding screenshot on session 12cdf6bde21c4299711a0ef417a5692e to remote] DEBUG org.asynchttpclient.netty.request.NettyRequestSender - Using pooled Channel '[id: 0x597dc096, L:/127.0.0.1:57514 - R:localhost/127.0.0.1:65415]' for 'GET' to 'http://localhost:65415/session/12cdf6bde21c4299711a0ef417a5692e/screenshot'
20:30:53.017 [Forwarding screenshot on session 12cdf6bde21c4299711a0ef417a5692e to remote] DEBUG org.asynchttpclient.netty.request.NettyRequestSender - Using open Channel [id: 0x597dc096, L:/127.0.0.1:57514 - R:localhost/127.0.0.1:65415] for GET '/session/12cdf6bde21c4299711a0ef417a5692e/screenshot'
20:30:53.017 [Darkroom Processing Line] DEBUG net.serenitybdd.core.photography.DarkroomProcessingLine - Darkroom processing line starting up
20:30:53.297 [AsyncHttpClient-1-1] DEBUG org.asynchttpclient.netty.channel.DefaultChannelPool - Entry count for : http://localhost:57515 : 1
20:30:54.026 [AsyncHttpClient-1-7] DEBUG org.asynchttpclient.netty.handler.HttpHandler - 

Request DefaultFullHttpRequest(decodeResult: success, version: HTTP/1.1, content: EmptyByteBufBE)
GET /session/12cdf6bde21c4299711a0ef417a5692e/screenshot HTTP/1.1
User-Agent: selenium/4.1.2 (java windows)
Cache-Control: no-cache
Content-Type: application/json; charset=utf-8
host: localhost:65415
accept: */*

Response DefaultHttpResponse(decodeResult: success, version: HTTP/1.1)
HTTP/1.1 200 OK
Content-Type: application/json; charset=utf-8
cache-control: no-cache
content-length: 82152

20:30:54.026 [AsyncHttpClient-1-7] DEBUG org.asynchttpclient.netty.channel.ChannelManager - Adding key: http://localhost:65415 for channel [id: 0x597dc096, L:/127.0.0.1:57514 - R:localhost/127.0.0.1:65415]
20:30:54.034 [main] DEBUG net.serenitybdd.core.photography.Darkroom - Send negative for processing for target\site\serenity\6c6e4b6f5460fe11a0fb7845f6267d41bb4cd3617453f1663fde15440053a3ea.png
20:30:54.034 [main] DEBUG net.thucydides.core.steps.StepInterceptor - STEP DONE: openDataPasien
  &amp#27;[32mGiven &amp#27;[0m&amp#27;[32mOpen page data pasien&amp#27;[0m                                              &amp#27;[90m# starter.stepdefinitios.PatientDataSteps.openPageDataPasien()&amp#27;[0m
20:30:54.034 [Darkroom Processing Line] DEBUG net.serenitybdd.core.photography.DarkroomProcessingLine - Processing screenshot image in /var/screenshots/screenshot-7858410438004353757
20:30:54.034 [Darkroom Processing Line] DEBUG net.serenitybdd.core.photography.DarkroomProcessingLine - Saving screenshot to target\site\serenity\6c6e4b6f5460fe11a0fb7845f6267d41bb4cd3617453f1663fde15440053a3ea.png
20:30:54.090 [Forwarding screenshot on session 12cdf6bde21c4299711a0ef417a5692e to remote] DEBUG org.asynchttpclient.netty.request.NettyRequestSender - Using pooled Channel '[id: 0x597dc096, L:/127.0.0.1:57514 - R:localhost/127.0.0.1:65415]' for 'GET' to 'http://localhost:65415/session/12cdf6bde21c4299711a0ef417a5692e/screenshot'
20:30:54.090 [Forwarding screenshot on session 12cdf6bde21c4299711a0ef417a5692e to remote] DEBUG org.asynchttpclient.netty.request.NettyRequestSender - Using open Channel [id: 0x597dc096, L:/127.0.0.1:57514 - R:localhost/127.0.0.1:65415] for GET '/session/12cdf6bde21c4299711a0ef417a5692e/screenshot'
20:30:54.410 [AsyncHttpClient-1-1] DEBUG org.asynchttpclient.netty.channel.DefaultChannelPool - Entry count for : http://localhost:57515 : 1
20:30:54.522 [AsyncHttpClient-1-7] DEBUG org.asynchttpclient.netty.handler.HttpHandler - 

Request DefaultFullHttpRequest(decodeResult: success, version: HTTP/1.1, content: EmptyByteBufBE)
GET /session/12cdf6bde21c4299711a0ef417a5692e/screenshot HTTP/1.1
User-Agent: selenium/4.1.2 (java windows)
Cache-Control: no-cache
Content-Type: application/json; charset=utf-8
host: localhost:65415
accept: */*

Response DefaultHttpResponse(decodeResult: success, version: HTTP/1.1)
HTTP/1.1 200 OK
Content-Type: application/json; charset=utf-8
cache-control: no-cache
content-length: 86016

20:30:54.522 [AsyncHttpClient-1-7] DEBUG org.asynchttpclient.netty.channel.ChannelManager - Adding key: http://localhost:65415 for channel [id: 0x597dc096, L:/127.0.0.1:57514 - R:localhost/127.0.0.1:65415]
20:30:54.538 [main] DEBUG net.serenitybdd.core.photography.Darkroom - Send negative for processing for target\site\serenity\63a8b96f8d8a2353d1098282bddf8724ea51ae4189c07bb318bc22275bd0f5fa.png
20:30:54.546 [main] DEBUG net.thucydides.core.steps.StepInterceptor - STARTING STEP: PatientDataSteps.clickButtonTambahData - clickButtonTambah
20:30:54.562 [Forwarding findElement on session 12cdf6bde21c4299711a0ef417a5692e to remote] DEBUG org.asynchttpclient.netty.request.NettyRequestSender - Using pooled Channel '[id: 0x597dc096, L:/127.0.0.1:57514 - R:localhost/127.0.0.1:65415]' for 'POST' to 'http://localhost:65415/session/12cdf6bde21c4299711a0ef417a5692e/element'
20:30:54.562 [Forwarding findElement on session 12cdf6bde21c4299711a0ef417a5692e to remote] DEBUG org.asynchttpclient.netty.request.NettyRequestSender - Using open Channel [id: 0x597dc096, L:/127.0.0.1:57514 - R:localhost/127.0.0.1:65415] for POST '/session/12cdf6bde21c4299711a0ef417a5692e/element'
20:30:54.562 [Darkroom Processing Line] DEBUG net.serenitybdd.core.photography.DarkroomProcessingLine - Processing screenshot image in /var/screenshots/screenshot-1154961843766605670
20:30:54.562 [Darkroom Processing Line] DEBUG net.serenitybdd.core.photography.DarkroomProcessingLine - Saving screenshot to target\site\serenity\63a8b96f8d8a2353d1098282bddf8724ea51ae4189c07bb318bc22275bd0f5fa.png
20:30:54.598 [AsyncHttpClient-1-7] DEBUG org.asynchttpclient.netty.handler.HttpHandler - 

Request DefaultHttpRequest(decodeResult: success, version: HTTP/1.1)
POST /session/12cdf6bde21c4299711a0ef417a5692e/element HTTP/1.1
User-Agent: selenium/4.1.2 (java windows)
Content-Length: 68
Content-Type: application/json; charset=utf-8
host: localhost:65415
accept: */*

Response DefaultHttpResponse(decodeResult: success, version: HTTP/1.1)
HTTP/1.1 200 OK
Content-Type: application/json; charset=utf-8
cache-control: no-cache
content-length: 88

20:30:54.598 [AsyncHttpClient-1-7] DEBUG org.asynchttpclient.netty.channel.ChannelManager - Adding key: http://localhost:65415 for channel [id: 0x597dc096, L:/127.0.0.1:57514 - R:localhost/127.0.0.1:65415]
20:30:54.598 [Forwarding getElementTagName on session 12cdf6bde21c4299711a0ef417a5692e to remote] DEBUG org.asynchttpclient.netty.request.NettyRequestSender - Using pooled Channel '[id: 0x597dc096, L:/127.0.0.1:57514 - R:localhost/127.0.0.1:65415]' for 'GET' to 'http://localhost:65415/session/12cdf6bde21c4299711a0ef417a5692e/element/f0be18d0-4ecb-4ed3-8aea-f5048d52e2ac/name'
20:30:54.598 [Forwarding getElementTagName on session 12cdf6bde21c4299711a0ef417a5692e to remote] DEBUG org.asynchttpclient.netty.request.NettyRequestSender - Using open Channel [id: 0x597dc096, L:/127.0.0.1:57514 - R:localhost/127.0.0.1:65415] for GET '/session/12cdf6bde21c4299711a0ef417a5692e/element/f0be18d0-4ecb-4ed3-8aea-f5048d52e2ac/name'
20:30:54.622 [AsyncHttpClient-1-7] DEBUG org.asynchttpclient.netty.handler.HttpHandler - 

Request DefaultFullHttpRequest(decodeResult: success, version: HTTP/1.1, content: EmptyByteBufBE)
GET /session/12cdf6bde21c4299711a0ef417a5692e/element/f0be18d0-4ecb-4ed3-8aea-f5048d52e2ac/name HTTP/1.1
User-Agent: selenium/4.1.2 (java windows)
Cache-Control: no-cache
Content-Type: application/json; charset=utf-8
host: localhost:65415
accept: */*

Response DefaultHttpResponse(decodeResult: success, version: HTTP/1.1)
HTTP/1.1 200 OK
Content-Type: application/json; charset=utf-8
cache-control: no-cache
content-length: 18

20:30:54.622 [AsyncHttpClient-1-7] DEBUG org.asynchttpclient.netty.channel.ChannelManager - Adding key: http://localhost:65415 for channel [id: 0x597dc096, L:/127.0.0.1:57514 - R:localhost/127.0.0.1:65415]
20:30:54.630 [Forwarding getElementTagName on session 12cdf6bde21c4299711a0ef417a5692e to remote] DEBUG org.asynchttpclient.netty.request.NettyRequestSender - Using pooled Channel '[id: 0x597dc096, L:/127.0.0.1:57514 - R:localhost/127.0.0.1:65415]' for 'GET' to 'http://localhost:65415/session/12cdf6bde21c4299711a0ef417a5692e/element/f0be18d0-4ecb-4ed3-8aea-f5048d52e2ac/name'
20:30:54.630 [Forwarding getElementTagName on session 12cdf6bde21c4299711a0ef417a5692e to remote] DEBUG org.asynchttpclient.netty.request.NettyRequestSender - Using open Channel [id: 0x597dc096, L:/127.0.0.1:57514 - R:localhost/127.0.0.1:65415] for GET '/session/12cdf6bde21c4299711a0ef417a5692e/element/f0be18d0-4ecb-4ed3-8aea-f5048d52e2ac/name'
20:30:54.686 [AsyncHttpClient-1-7] DEBUG org.asynchttpclient.netty.handler.HttpHandler - 

Request DefaultFullHttpRequest(decodeResult: success, version: HTTP/1.1, content: EmptyByteBufBE)
GET /session/12cdf6bde21c4299711a0ef417a5692e/element/f0be18d0-4ecb-4ed3-8aea-f5048d52e2ac/name HTTP/1.1
User-Agent: selenium/4.1.2 (java windows)
Cache-Control: no-cache
Content-Type: application/json; charset=utf-8
host: localhost:65415
accept: */*

Response DefaultHttpResponse(decodeResult: success, version: HTTP/1.1)
HTTP/1.1 200 OK
Content-Type: application/json; charset=utf-8
cache-control: no-cache
content-length: 18

20:30:54.686 [AsyncHttpClient-1-7] DEBUG org.asynchttpclient.netty.channel.ChannelManager - Adding key: http://localhost:65415 for channel [id: 0x597dc096, L:/127.0.0.1:57514 - R:localhost/127.0.0.1:65415]
20:30:54.694 [Forwarding isElementEnabled on session 12cdf6bde21c4299711a0ef417a5692e to remote] DEBUG org.asynchttpclient.netty.request.NettyRequestSender - Using pooled Channel '[id: 0x597dc096, L:/127.0.0.1:57514 - R:localhost/127.0.0.1:65415]' for 'GET' to 'http://localhost:65415/session/12cdf6bde21c4299711a0ef417a5692e/element/f0be18d0-4ecb-4ed3-8aea-f5048d52e2ac/enabled'
20:30:54.694 [Forwarding isElementEnabled on session 12cdf6bde21c4299711a0ef417a5692e to remote] DEBUG org.asynchttpclient.netty.request.NettyRequestSender - Using open Channel [id: 0x597dc096, L:/127.0.0.1:57514 - R:localhost/127.0.0.1:65415] for GET '/session/12cdf6bde21c4299711a0ef417a5692e/element/f0be18d0-4ecb-4ed3-8aea-f5048d52e2ac/enabled'
20:30:54.790 [AsyncHttpClient-1-7] DEBUG org.asynchttpclient.netty.handler.HttpHandler - 

Request DefaultFullHttpRequest(decodeResult: success, version: HTTP/1.1, content: EmptyByteBufBE)
GET /session/12cdf6bde21c4299711a0ef417a5692e/element/f0be18d0-4ecb-4ed3-8aea-f5048d52e2ac/enabled HTTP/1.1
User-Agent: selenium/4.1.2 (java windows)
Cache-Control: no-cache
Content-Type: application/json; charset=utf-8
host: localhost:65415
accept: */*

Response DefaultHttpResponse(decodeResult: success, version: HTTP/1.1)
HTTP/1.1 200 OK
Content-Type: application/json; charset=utf-8
cache-control: no-cache
content-length: 14

20:30:54.790 [AsyncHttpClient-1-7] DEBUG org.asynchttpclient.netty.channel.ChannelManager - Adding key: http://localhost:65415 for channel [id: 0x597dc096, L:/127.0.0.1:57514 - R:localhost/127.0.0.1:65415]
20:30:54.790 [Forwarding isElementEnabled on session 12cdf6bde21c4299711a0ef417a5692e to remote] DEBUG org.asynchttpclient.netty.request.NettyRequestSender - Using pooled Channel '[id: 0x597dc096, L:/127.0.0.1:57514 - R:localhost/127.0.0.1:65415]' for 'GET' to 'http://localhost:65415/session/12cdf6bde21c4299711a0ef417a5692e/element/f0be18d0-4ecb-4ed3-8aea-f5048d52e2ac/enabled'
20:30:54.790 [Forwarding isElementEnabled on session 12cdf6bde21c4299711a0ef417a5692e to remote] DEBUG org.asynchttpclient.netty.request.NettyRequestSender - Using open Channel [id: 0x597dc096, L:/127.0.0.1:57514 - R:localhost/127.0.0.1:65415] for GET '/session/12cdf6bde21c4299711a0ef417a5692e/element/f0be18d0-4ecb-4ed3-8aea-f5048d52e2ac/enabled'
20:30:54.830 [AsyncHttpClient-1-7] DEBUG org.asynchttpclient.netty.handler.HttpHandler - 

Request DefaultFullHttpRequest(decodeResult: success, version: HTTP/1.1, content: EmptyByteBufBE)
GET /session/12cdf6bde21c4299711a0ef417a5692e/element/f0be18d0-4ecb-4ed3-8aea-f5048d52e2ac/enabled HTTP/1.1
User-Agent: selenium/4.1.2 (java windows)
Cache-Control: no-cache
Content-Type: application/json; charset=utf-8
host: localhost:65415
accept: */*

Response DefaultHttpResponse(decodeResult: success, version: HTTP/1.1)
HTTP/1.1 200 OK
Content-Type: application/json; charset=utf-8
cache-control: no-cache
content-length: 14

20:30:54.830 [AsyncHttpClient-1-7] DEBUG org.asynchttpclient.netty.channel.ChannelManager - Adding key: http://localhost:65415 for channel [id: 0x597dc096, L:/127.0.0.1:57514 - R:localhost/127.0.0.1:65415]
20:30:54.830 [Forwarding findElement on session 12cdf6bde21c4299711a0ef417a5692e to remote] DEBUG org.asynchttpclient.netty.request.NettyRequestSender - Using pooled Channel '[id: 0x597dc096, L:/127.0.0.1:57514 - R:localhost/127.0.0.1:65415]' for 'POST' to 'http://localhost:65415/session/12cdf6bde21c4299711a0ef417a5692e/element'
20:30:54.830 [Forwarding findElement on session 12cdf6bde21c4299711a0ef417a5692e to remote] DEBUG org.asynchttpclient.netty.request.NettyRequestSender - Using open Channel [id: 0x597dc096, L:/127.0.0.1:57514 - R:localhost/127.0.0.1:65415] for POST '/session/12cdf6bde21c4299711a0ef417a5692e/element'
20:30:54.902 [AsyncHttpClient-1-7] DEBUG org.asynchttpclient.netty.handler.HttpHandler - 

Request DefaultHttpRequest(decodeResult: success, version: HTTP/1.1)
POST /session/12cdf6bde21c4299711a0ef417a5692e/element HTTP/1.1
User-Agent: selenium/4.1.2 (java windows)
Content-Length: 68
Content-Type: application/json; charset=utf-8
host: localhost:65415
accept: */*

Response DefaultHttpResponse(decodeResult: success, version: HTTP/1.1)
HTTP/1.1 200 OK
Content-Type: application/json; charset=utf-8
cache-control: no-cache
content-length: 88

20:30:54.902 [AsyncHttpClient-1-7] DEBUG org.asynchttpclient.netty.channel.ChannelManager - Adding key: http://localhost:65415 for channel [id: 0x597dc096, L:/127.0.0.1:57514 - R:localhost/127.0.0.1:65415]
20:30:54.910 [Forwarding clickElement on session 12cdf6bde21c4299711a0ef417a5692e to remote] DEBUG org.asynchttpclient.netty.request.NettyRequestSender - Using pooled Channel '[id: 0x597dc096, L:/127.0.0.1:57514 - R:localhost/127.0.0.1:65415]' for 'POST' to 'http://localhost:65415/session/12cdf6bde21c4299711a0ef417a5692e/element/f0be18d0-4ecb-4ed3-8aea-f5048d52e2ac/click'
20:30:54.910 [Forwarding clickElement on session 12cdf6bde21c4299711a0ef417a5692e to remote] DEBUG org.asynchttpclient.netty.request.NettyRequestSender - Using open Channel [id: 0x597dc096, L:/127.0.0.1:57514 - R:localhost/127.0.0.1:65415] for POST '/session/12cdf6bde21c4299711a0ef417a5692e/element/f0be18d0-4ecb-4ed3-8aea-f5048d52e2ac/click'
20:30:55.493 [AsyncHttpClient-1-1] DEBUG org.asynchttpclient.netty.channel.DefaultChannelPool - Entry count for : http://localhost:57515 : 1
20:30:55.877 [AsyncHttpClient-1-7] DEBUG org.asynchttpclient.netty.handler.HttpHandler - 

Request DefaultHttpRequest(decodeResult: success, version: HTTP/1.1)
POST /session/12cdf6bde21c4299711a0ef417a5692e/element/f0be18d0-4ecb-4ed3-8aea-f5048d52e2ac/click HTTP/1.1
User-Agent: selenium/4.1.2 (java windows)
Content-Length: 50
Content-Type: application/json; charset=utf-8
host: localhost:65415
accept: */*

Response DefaultHttpResponse(decodeResult: success, version: HTTP/1.1)
HTTP/1.1 200 OK
Content-Type: application/json; charset=utf-8
cache-control: no-cache
content-length: 14

20:30:55.877 [AsyncHttpClient-1-7] DEBUG org.asynchttpclient.netty.channel.ChannelManager - Adding key: http://localhost:65415 for channel [id: 0x597dc096, L:/127.0.0.1:57514 - R:localhost/127.0.0.1:65415]
20:30:55.901 [Forwarding screenshot on session 12cdf6bde21c4299711a0ef417a5692e to remote] DEBUG org.asynchttpclient.netty.request.NettyRequestSender - Using pooled Channel '[id: 0x597dc096, L:/127.0.0.1:57514 - R:localhost/127.0.0.1:65415]' for 'GET' to 'http://localhost:65415/session/12cdf6bde21c4299711a0ef417a5692e/screenshot'
20:30:55.901 [Forwarding screenshot on session 12cdf6bde21c4299711a0ef417a5692e to remote] DEBUG org.asynchttpclient.netty.request.NettyRequestSender - Using open Channel [id: 0x597dc096, L:/127.0.0.1:57514 - R:localhost/127.0.0.1:65415] for GET '/session/12cdf6bde21c4299711a0ef417a5692e/screenshot'
20:30:56.278 [AsyncHttpClient-1-7] DEBUG org.asynchttpclient.netty.handler.HttpHandler - 

Request DefaultFullHttpRequest(decodeResult: success, version: HTTP/1.1, content: EmptyByteBufBE)
GET /session/12cdf6bde21c4299711a0ef417a5692e/screenshot HTTP/1.1
User-Agent: selenium/4.1.2 (java windows)
Cache-Control: no-cache
Content-Type: application/json; charset=utf-8
host: localhost:65415
accept: */*

Response DefaultHttpResponse(decodeResult: success, version: HTTP/1.1)
HTTP/1.1 200 OK
Content-Type: application/json; charset=utf-8
cache-control: no-cache
content-length: 65512

20:30:56.278 [AsyncHttpClient-1-7] DEBUG org.asynchttpclient.netty.channel.ChannelManager - Adding key: http://localhost:65415 for channel [id: 0x597dc096, L:/127.0.0.1:57514 - R:localhost/127.0.0.1:65415]
20:30:56.286 [main] DEBUG net.serenitybdd.core.photography.Darkroom - Send negative for processing for target\site\serenity\ec40dcb3956ed215bc6d6fc4f45da232b5548583d74be849d912810fa640f498.png
20:30:56.286 [main] DEBUG net.thucydides.core.steps.StepInterceptor - STEP DONE: clickButtonTambah
  &amp#27;[32mWhen &amp#27;[0m&amp#27;[32mClick button tambah data&amp#27;[0m                                            &amp#27;[90m# starter.stepdefinitios.PatientDataSteps.clickButtonTambahData()&amp#27;[0m
20:30:56.286 [Darkroom Processing Line] DEBUG net.serenitybdd.core.photography.DarkroomProcessingLine - Processing screenshot image in /var/screenshots/screenshot-7775271101386179645
20:30:56.286 [Darkroom Processing Line] DEBUG net.serenitybdd.core.photography.DarkroomProcessingLine - Saving screenshot to target\site\serenity\ec40dcb3956ed215bc6d6fc4f45da232b5548583d74be849d912810fa640f498.png
20:30:56.590 [AsyncHttpClient-1-1] DEBUG org.asynchttpclient.netty.channel.DefaultChannelPool - Entry count for : http://localhost:65415 : 1
20:30:56.590 [AsyncHttpClient-1-1] DEBUG org.asynchttpclient.netty.channel.DefaultChannelPool - Entry count for : http://localhost:57515 : 1
20:30:56.850 [Forwarding screenshot on session 12cdf6bde21c4299711a0ef417a5692e to remote] DEBUG org.asynchttpclient.netty.request.NettyRequestSender - Using pooled Channel '[id: 0x597dc096, L:/127.0.0.1:57514 - R:localhost/127.0.0.1:65415]' for 'GET' to 'http://localhost:65415/session/12cdf6bde21c4299711a0ef417a5692e/screenshot'
20:30:56.850 [Forwarding screenshot on session 12cdf6bde21c4299711a0ef417a5692e to remote] DEBUG org.asynchttpclient.netty.request.NettyRequestSender - Using open Channel [id: 0x597dc096, L:/127.0.0.1:57514 - R:localhost/127.0.0.1:65415] for GET '/session/12cdf6bde21c4299711a0ef417a5692e/screenshot'
20:30:57.183 [AsyncHttpClient-1-7] DEBUG org.asynchttpclient.netty.handler.HttpHandler - 

Request DefaultFullHttpRequest(decodeResult: success, version: HTTP/1.1, content: EmptyByteBufBE)
GET /session/12cdf6bde21c4299711a0ef417a5692e/screenshot HTTP/1.1
User-Agent: selenium/4.1.2 (java windows)
Cache-Control: no-cache
Content-Type: application/json; charset=utf-8
host: localhost:65415
accept: */*

Response DefaultHttpResponse(decodeResult: success, version: HTTP/1.1)
HTTP/1.1 200 OK
Content-Type: application/json; charset=utf-8
cache-control: no-cache
content-length: 143392

20:30:57.187 [AsyncHttpClient-1-7] DEBUG org.asynchttpclient.netty.channel.ChannelManager - Adding key: http://localhost:65415 for channel [id: 0x597dc096, L:/127.0.0.1:57514 - R:localhost/127.0.0.1:65415]
20:30:57.205 [main] DEBUG net.serenitybdd.core.photography.Darkroom - Send negative for processing for target\site\serenity\7e107b22f8521a347a7b2a5840a4cebc392a8064df9734ae4b77987a9e144cdd.png
20:30:57.213 [main] DEBUG net.thucydides.core.steps.StepInterceptor - STARTING STEP: PatientDataSteps.iInput - inputDataPasien
20:30:57.213 [Forwarding findElement on session 12cdf6bde21c4299711a0ef417a5692e to remote] DEBUG org.asynchttpclient.netty.request.NettyRequestSender - Using pooled Channel '[id: 0x597dc096, L:/127.0.0.1:57514 - R:localhost/127.0.0.1:65415]' for 'POST' to 'http://localhost:65415/session/12cdf6bde21c4299711a0ef417a5692e/element'
20:30:57.213 [Forwarding findElement on session 12cdf6bde21c4299711a0ef417a5692e to remote] DEBUG org.asynchttpclient.netty.request.NettyRequestSender - Using open Channel [id: 0x597dc096, L:/127.0.0.1:57514 - R:localhost/127.0.0.1:65415] for POST '/session/12cdf6bde21c4299711a0ef417a5692e/element'
20:30:57.237 [Darkroom Processing Line] DEBUG net.serenitybdd.core.photography.DarkroomProcessingLine - Processing screenshot image in /var/screenshots/screenshot-14058916102186059363
20:30:57.245 [Darkroom Processing Line] DEBUG net.serenitybdd.core.photography.DarkroomProcessingLine - Saving screenshot to target\site\serenity\7e107b22f8521a347a7b2a5840a4cebc392a8064df9734ae4b77987a9e144cdd.png
20:30:57.429 [AsyncHttpClient-1-7] DEBUG org.asynchttpclient.netty.handler.HttpHandler - 

Request DefaultHttpRequest(decodeResult: success, version: HTTP/1.1)
POST /session/12cdf6bde21c4299711a0ef417a5692e/element HTTP/1.1
User-Agent: selenium/4.1.2 (java windows)
Content-Length: 66
Content-Type: application/json; charset=utf-8
host: localhost:65415
accept: */*

Response DefaultHttpResponse(decodeResult: success, version: HTTP/1.1)
HTTP/1.1 200 OK
Content-Type: application/json; charset=utf-8
cache-control: no-cache
content-length: 88

20:30:57.437 [AsyncHttpClient-1-7] DEBUG org.asynchttpclient.netty.channel.ChannelManager - Adding key: http://localhost:65415 for channel [id: 0x597dc096, L:/127.0.0.1:57514 - R:localhost/127.0.0.1:65415]
20:30:57.445 [Forwarding sendKeysToElement on session 12cdf6bde21c4299711a0ef417a5692e to remote] DEBUG org.asynchttpclient.netty.request.NettyRequestSender - Using pooled Channel '[id: 0x597dc096, L:/127.0.0.1:57514 - R:localhost/127.0.0.1:65415]' for 'POST' to 'http://localhost:65415/session/12cdf6bde21c4299711a0ef417a5692e/element/e6b17456-3dcc-42e5-8de0-fb7786063471/value'
20:30:57.445 [Forwarding sendKeysToElement on session 12cdf6bde21c4299711a0ef417a5692e to remote] DEBUG org.asynchttpclient.netty.request.NettyRequestSender - Using open Channel [id: 0x597dc096, L:/127.0.0.1:57514 - R:localhost/127.0.0.1:65415] for POST '/session/12cdf6bde21c4299711a0ef417a5692e/element/e6b17456-3dcc-42e5-8de0-fb7786063471/value'
20:30:57.709 [AsyncHttpClient-1-1] DEBUG org.asynchttpclient.netty.channel.DefaultChannelPool - Entry count for : http://localhost:57515 : 1
20:30:58.143 [AsyncHttpClient-1-7] DEBUG org.asynchttpclient.netty.handler.HttpHandler - 

Request DefaultHttpRequest(decodeResult: success, version: HTTP/1.1)
POST /session/12cdf6bde21c4299711a0ef417a5692e/element/e6b17456-3dcc-42e5-8de0-fb7786063471/value HTTP/1.1
User-Agent: selenium/4.1.2 (java windows)
Content-Length: 131
Content-Type: application/json; charset=utf-8
host: localhost:65415
accept: */*

Response DefaultHttpResponse(decodeResult: success, version: HTTP/1.1)
HTTP/1.1 200 OK
Content-Type: application/json; charset=utf-8
cache-control: no-cache
content-length: 14

20:30:58.143 [AsyncHttpClient-1-7] DEBUG org.asynchttpclient.netty.channel.ChannelManager - Adding key: http://localhost:65415 for channel [id: 0x597dc096, L:/127.0.0.1:57514 - R:localhost/127.0.0.1:65415]
20:30:58.151 [Forwarding findElement on session 12cdf6bde21c4299711a0ef417a5692e to remote] DEBUG org.asynchttpclient.netty.request.NettyRequestSender - Using pooled Channel '[id: 0x597dc096, L:/127.0.0.1:57514 - R:localhost/127.0.0.1:65415]' for 'POST' to 'http://localhost:65415/session/12cdf6bde21c4299711a0ef417a5692e/element'
20:30:58.151 [Forwarding findElement on session 12cdf6bde21c4299711a0ef417a5692e to remote] DEBUG org.asynchttpclient.netty.request.NettyRequestSender - Using open Channel [id: 0x597dc096, L:/127.0.0.1:57514 - R:localhost/127.0.0.1:65415] for POST '/session/12cdf6bde21c4299711a0ef417a5692e/element'
20:30:58.183 [AsyncHttpClient-1-7] DEBUG org.asynchttpclient.netty.handler.HttpHandler - 

Request DefaultHttpRequest(decodeResult: success, version: HTTP/1.1)
POST /session/12cdf6bde21c4299711a0ef417a5692e/element HTTP/1.1
User-Agent: selenium/4.1.2 (java windows)
Content-Length: 65
Content-Type: application/json; charset=utf-8
host: localhost:65415
accept: */*

Response DefaultHttpResponse(decodeResult: success, version: HTTP/1.1)
HTTP/1.1 200 OK
Content-Type: application/json; charset=utf-8
cache-control: no-cache
content-length: 88

20:30:58.183 [AsyncHttpClient-1-7] DEBUG org.asynchttpclient.netty.channel.ChannelManager - Adding key: http://localhost:65415 for channel [id: 0x597dc096, L:/127.0.0.1:57514 - R:localhost/127.0.0.1:65415]
20:30:58.191 [Forwarding sendKeysToElement on session 12cdf6bde21c4299711a0ef417a5692e to remote] DEBUG org.asynchttpclient.netty.request.NettyRequestSender - Using pooled Channel '[id: 0x597dc096, L:/127.0.0.1:57514 - R:localhost/127.0.0.1:65415]' for 'POST' to 'http://localhost:65415/session/12cdf6bde21c4299711a0ef417a5692e/element/f8a7fee5-ee8d-442a-92e9-5af7b767f970/value'
20:30:58.191 [Forwarding sendKeysToElement on session 12cdf6bde21c4299711a0ef417a5692e to remote] DEBUG org.asynchttpclient.netty.request.NettyRequestSender - Using open Channel [id: 0x597dc096, L:/127.0.0.1:57514 - R:localhost/127.0.0.1:65415] for POST '/session/12cdf6bde21c4299711a0ef417a5692e/element/f8a7fee5-ee8d-442a-92e9-5af7b767f970/value'
20:30:58.798 [AsyncHttpClient-1-1] DEBUG org.asynchttpclient.netty.channel.DefaultChannelPool - Entry count for : http://localhost:57515 : 1
20:30:58.862 [AsyncHttpClient-1-7] DEBUG org.asynchttpclient.netty.handler.HttpHandler - 

Request DefaultHttpRequest(decodeResult: success, version: HTTP/1.1)
POST /session/12cdf6bde21c4299711a0ef417a5692e/element/f8a7fee5-ee8d-442a-92e9-5af7b767f970/value HTTP/1.1
User-Agent: selenium/4.1.2 (java windows)
Content-Length: 181
Content-Type: application/json; charset=utf-8
host: localhost:65415
accept: */*

Response DefaultHttpResponse(decodeResult: success, version: HTTP/1.1)
HTTP/1.1 200 OK
Content-Type: application/json; charset=utf-8
cache-control: no-cache
content-length: 14

20:30:58.862 [AsyncHttpClient-1-7] DEBUG org.asynchttpclient.netty.channel.ChannelManager - Adding key: http://localhost:65415 for channel [id: 0x597dc096, L:/127.0.0.1:57514 - R:localhost/127.0.0.1:65415]
20:30:58.870 [Forwarding findElement on session 12cdf6bde21c4299711a0ef417a5692e to remote] DEBUG org.asynchttpclient.netty.request.NettyRequestSender - Using pooled Channel '[id: 0x597dc096, L:/127.0.0.1:57514 - R:localhost/127.0.0.1:65415]' for 'POST' to 'http://localhost:65415/session/12cdf6bde21c4299711a0ef417a5692e/element'
20:30:58.870 [Forwarding findElement on session 12cdf6bde21c4299711a0ef417a5692e to remote] DEBUG org.asynchttpclient.netty.request.NettyRequestSender - Using open Channel [id: 0x597dc096, L:/127.0.0.1:57514 - R:localhost/127.0.0.1:65415] for POST '/session/12cdf6bde21c4299711a0ef417a5692e/element'
20:30:58.898 [AsyncHttpClient-1-7] DEBUG org.asynchttpclient.netty.handler.HttpHandler - 

Request DefaultHttpRequest(decodeResult: success, version: HTTP/1.1)
POST /session/12cdf6bde21c4299711a0ef417a5692e/element HTTP/1.1
User-Agent: selenium/4.1.2 (java windows)
Content-Length: 66
Content-Type: application/json; charset=utf-8
host: localhost:65415
accept: */*

Response DefaultHttpResponse(decodeResult: success, version: HTTP/1.1)
HTTP/1.1 200 OK
Content-Type: application/json; charset=utf-8
cache-control: no-cache
content-length: 88

20:30:58.898 [AsyncHttpClient-1-7] DEBUG org.asynchttpclient.netty.channel.ChannelManager - Adding key: http://localhost:65415 for channel [id: 0x597dc096, L:/127.0.0.1:57514 - R:localhost/127.0.0.1:65415]
20:30:58.906 [Forwarding sendKeysToElement on session 12cdf6bde21c4299711a0ef417a5692e to remote] DEBUG org.asynchttpclient.netty.request.NettyRequestSender - Using pooled Channel '[id: 0x597dc096, L:/127.0.0.1:57514 - R:localhost/127.0.0.1:65415]' for 'POST' to 'http://localhost:65415/session/12cdf6bde21c4299711a0ef417a5692e/element/038b6c67-68f0-4ea6-95b7-aa9fc0587139/value'
20:30:58.906 [Forwarding sendKeysToElement on session 12cdf6bde21c4299711a0ef417a5692e to remote] DEBUG org.asynchttpclient.netty.request.NettyRequestSender - Using open Channel [id: 0x597dc096, L:/127.0.0.1:57514 - R:localhost/127.0.0.1:65415] for POST '/session/12cdf6bde21c4299711a0ef417a5692e/element/038b6c67-68f0-4ea6-95b7-aa9fc0587139/value'
20:30:59.114 [AsyncHttpClient-1-7] DEBUG org.asynchttpclient.netty.handler.HttpHandler - 

Request DefaultHttpRequest(decodeResult: success, version: HTTP/1.1)
POST /session/12cdf6bde21c4299711a0ef417a5692e/element/038b6c67-68f0-4ea6-95b7-aa9fc0587139/value HTTP/1.1
User-Agent: selenium/4.1.2 (java windows)
Content-Length: 101
Content-Type: application/json; charset=utf-8
host: localhost:65415
accept: */*

Response DefaultHttpResponse(decodeResult: success, version: HTTP/1.1)
HTTP/1.1 200 OK
Content-Type: application/json; charset=utf-8
cache-control: no-cache
content-length: 14

20:30:59.114 [AsyncHttpClient-1-7] DEBUG org.asynchttpclient.netty.channel.ChannelManager - Adding key: http://localhost:65415 for channel [id: 0x597dc096, L:/127.0.0.1:57514 - R:localhost/127.0.0.1:65415]
20:30:59.122 [Forwarding findElement on session 12cdf6bde21c4299711a0ef417a5692e to remote] DEBUG org.asynchttpclient.netty.request.NettyRequestSender - Using pooled Channel '[id: 0x597dc096, L:/127.0.0.1:57514 - R:localhost/127.0.0.1:65415]' for 'POST' to 'http://localhost:65415/session/12cdf6bde21c4299711a0ef417a5692e/element'
20:30:59.122 [Forwarding findElement on session 12cdf6bde21c4299711a0ef417a5692e to remote] DEBUG org.asynchttpclient.netty.request.NettyRequestSender - Using open Channel [id: 0x597dc096, L:/127.0.0.1:57514 - R:localhost/127.0.0.1:65415] for POST '/session/12cdf6bde21c4299711a0ef417a5692e/element'
20:30:59.170 [AsyncHttpClient-1-7] DEBUG org.asynchttpclient.netty.handler.HttpHandler - 

Request DefaultHttpRequest(decodeResult: success, version: HTTP/1.1)
POST /session/12cdf6bde21c4299711a0ef417a5692e/element HTTP/1.1
User-Agent: selenium/4.1.2 (java windows)
Content-Length: 66
Content-Type: application/json; charset=utf-8
host: localhost:65415
accept: */*

Response DefaultHttpResponse(decodeResult: success, version: HTTP/1.1)
HTTP/1.1 200 OK
Content-Type: application/json; charset=utf-8
cache-control: no-cache
content-length: 88

20:30:59.170 [AsyncHttpClient-1-7] DEBUG org.asynchttpclient.netty.channel.ChannelManager - Adding key: http://localhost:65415 for channel [id: 0x597dc096, L:/127.0.0.1:57514 - R:localhost/127.0.0.1:65415]
20:30:59.178 [Forwarding sendKeysToElement on session 12cdf6bde21c4299711a0ef417a5692e to remote] DEBUG org.asynchttpclient.netty.request.NettyRequestSender - Using pooled Channel '[id: 0x597dc096, L:/127.0.0.1:57514 - R:localhost/127.0.0.1:65415]' for 'POST' to 'http://localhost:65415/session/12cdf6bde21c4299711a0ef417a5692e/element/0c6a4bf3-5623-490f-8655-f1b994723f0c/value'
20:30:59.178 [Forwarding sendKeysToElement on session 12cdf6bde21c4299711a0ef417a5692e to remote] DEBUG org.asynchttpclient.netty.request.NettyRequestSender - Using open Channel [id: 0x597dc096, L:/127.0.0.1:57514 - R:localhost/127.0.0.1:65415] for POST '/session/12cdf6bde21c4299711a0ef417a5692e/element/0c6a4bf3-5623-490f-8655-f1b994723f0c/value'
20:30:59.698 [AsyncHttpClient-1-7] DEBUG org.asynchttpclient.netty.handler.HttpHandler - 

Request DefaultHttpRequest(decodeResult: success, version: HTTP/1.1)
POST /session/12cdf6bde21c4299711a0ef417a5692e/element/0c6a4bf3-5623-490f-8655-f1b994723f0c/value HTTP/1.1
User-Agent: selenium/4.1.2 (java windows)
Content-Length: 191
Content-Type: application/json; charset=utf-8
host: localhost:65415
accept: */*

Response DefaultHttpResponse(decodeResult: success, version: HTTP/1.1)
HTTP/1.1 200 OK
Content-Type: application/json; charset=utf-8
cache-control: no-cache
content-length: 14

20:30:59.698 [AsyncHttpClient-1-7] DEBUG org.asynchttpclient.netty.channel.ChannelManager - Adding key: http://localhost:65415 for channel [id: 0x597dc096, L:/127.0.0.1:57514 - R:localhost/127.0.0.1:65415]
20:30:59.706 [Forwarding findElement on session 12cdf6bde21c4299711a0ef417a5692e to remote] DEBUG org.asynchttpclient.netty.request.NettyRequestSender - Using pooled Channel '[id: 0x597dc096, L:/127.0.0.1:57514 - R:localhost/127.0.0.1:65415]' for 'POST' to 'http://localhost:65415/session/12cdf6bde21c4299711a0ef417a5692e/element'
20:30:59.706 [Forwarding findElement on session 12cdf6bde21c4299711a0ef417a5692e to remote] DEBUG org.asynchttpclient.netty.request.NettyRequestSender - Using open Channel [id: 0x597dc096, L:/127.0.0.1:57514 - R:localhost/127.0.0.1:65415] for POST '/session/12cdf6bde21c4299711a0ef417a5692e/element'
20:30:59.730 [AsyncHttpClient-1-7] DEBUG org.asynchttpclient.netty.handler.HttpHandler - 

Request DefaultHttpRequest(decodeResult: success, version: HTTP/1.1)
POST /session/12cdf6bde21c4299711a0ef417a5692e/element HTTP/1.1
User-Agent: selenium/4.1.2 (java windows)
Content-Length: 68
Content-Type: application/json; charset=utf-8
host: localhost:65415
accept: */*

Response DefaultHttpResponse(decodeResult: success, version: HTTP/1.1)
HTTP/1.1 200 OK
Content-Type: application/json; charset=utf-8
cache-control: no-cache
content-length: 88

20:30:59.730 [AsyncHttpClient-1-7] DEBUG org.asynchttpclient.netty.channel.ChannelManager - Adding key: http://localhost:65415 for channel [id: 0x597dc096, L:/127.0.0.1:57514 - R:localhost/127.0.0.1:65415]
20:30:59.738 [Forwarding sendKeysToElement on session 12cdf6bde21c4299711a0ef417a5692e to remote] DEBUG org.asynchttpclient.netty.request.NettyRequestSender - Using pooled Channel '[id: 0x597dc096, L:/127.0.0.1:57514 - R:localhost/127.0.0.1:65415]' for 'POST' to 'http://localhost:65415/session/12cdf6bde21c4299711a0ef417a5692e/element/3645976c-52c2-4194-b4ee-1d90659dfc8a/value'
20:30:59.738 [Forwarding sendKeysToElement on session 12cdf6bde21c4299711a0ef417a5692e to remote] DEBUG org.asynchttpclient.netty.request.NettyRequestSender - Using open Channel [id: 0x597dc096, L:/127.0.0.1:57514 - R:localhost/127.0.0.1:65415] for POST '/session/12cdf6bde21c4299711a0ef417a5692e/element/3645976c-52c2-4194-b4ee-1d90659dfc8a/value'
20:30:59.890 [AsyncHttpClient-1-1] DEBUG org.asynchttpclient.netty.channel.DefaultChannelPool - Entry count for : http://localhost:57515 : 1
20:31:00.182 [AsyncHttpClient-1-7] DEBUG org.asynchttpclient.netty.handler.HttpHandler - 

Request DefaultHttpRequest(decodeResult: success, version: HTTP/1.1)
POST /session/12cdf6bde21c4299711a0ef417a5692e/element/3645976c-52c2-4194-b4ee-1d90659dfc8a/value HTTP/1.1
User-Agent: selenium/4.1.2 (java windows)
Content-Length: 171
Content-Type: application/json; charset=utf-8
host: localhost:65415
accept: */*

Response DefaultHttpResponse(decodeResult: success, version: HTTP/1.1)
HTTP/1.1 200 OK
Content-Type: application/json; charset=utf-8
cache-control: no-cache
content-length: 14

20:31:00.182 [AsyncHttpClient-1-7] DEBUG org.asynchttpclient.netty.channel.ChannelManager - Adding key: http://localhost:65415 for channel [id: 0x597dc096, L:/127.0.0.1:57514 - R:localhost/127.0.0.1:65415]
20:31:00.198 [Forwarding screenshot on session 12cdf6bde21c4299711a0ef417a5692e to remote] DEBUG org.asynchttpclient.netty.request.NettyRequestSender - Using pooled Channel '[id: 0x597dc096, L:/127.0.0.1:57514 - R:localhost/127.0.0.1:65415]' for 'GET' to 'http://localhost:65415/session/12cdf6bde21c4299711a0ef417a5692e/screenshot'
20:31:00.198 [Forwarding screenshot on session 12cdf6bde21c4299711a0ef417a5692e to remote] DEBUG org.asynchttpclient.netty.request.NettyRequestSender - Using open Channel [id: 0x597dc096, L:/127.0.0.1:57514 - R:localhost/127.0.0.1:65415] for GET '/session/12cdf6bde21c4299711a0ef417a5692e/screenshot'
20:31:00.602 [AsyncHttpClient-1-7] DEBUG org.asynchttpclient.netty.handler.HttpHandler - 

Request DefaultFullHttpRequest(decodeResult: success, version: HTTP/1.1, content: EmptyByteBufBE)
GET /session/12cdf6bde21c4299711a0ef417a5692e/screenshot HTTP/1.1
User-Agent: selenium/4.1.2 (java windows)
Cache-Control: no-cache
Content-Type: application/json; charset=utf-8
host: localhost:65415
accept: */*

Response DefaultHttpResponse(decodeResult: success, version: HTTP/1.1)
HTTP/1.1 200 OK
Content-Type: application/json; charset=utf-8
cache-control: no-cache
content-length: 405208

20:31:00.610 [AsyncHttpClient-1-7] DEBUG org.asynchttpclient.netty.channel.ChannelManager - Adding key: http://localhost:65415 for channel [id: 0x597dc096, L:/127.0.0.1:57514 - R:localhost/127.0.0.1:65415]
20:31:00.642 [main] DEBUG net.serenitybdd.core.photography.Darkroom - Send negative for processing for target\site\serenity\9dbf1ec1cfe650bb497b4ead095cf115952943e6ca452d24892ce4092e098503.png
20:31:00.642 [main] DEBUG net.thucydides.core.steps.StepInterceptor - STEP DONE: inputDataPasien
  &amp#27;[32mThen &amp#27;[0m&amp#27;[32mI input &amp#27;[0m&amp#27;[32m&amp#27;[1m"Bagas"&amp#27;[0m&amp#27;[32m &amp#27;[0m&amp#27;[32m&amp#27;[1m"1234479680"&amp#27;[0m&amp#27;[32m &amp#27;[0m&amp#27;[32m&amp#27;[1m"20"&amp#27;[0m&amp#27;[32m &amp#27;[0m&amp#27;[32m&amp#27;[1m"01294657612"&amp#27;[0m&amp#27;[32m &amp#27;[0m&amp#27;[32m&amp#27;[1m"perumahan"&amp#27;[0m&amp#27;[32m patient&amp#27;[0m &amp#27;[90m# starter.stepdefinitios.PatientDataSteps.iInput(java.lang.String,java.lang.String,java.lang.String,java.lang.String,java.lang.String)&amp#27;[0m
20:31:00.650 [Darkroom Processing Line] DEBUG net.serenitybdd.core.photography.DarkroomProcessingLine - Processing screenshot image in /var/screenshots/screenshot-10177019310808055124
20:31:00.650 [Darkroom Processing Line] DEBUG net.serenitybdd.core.photography.DarkroomProcessingLine - Saving screenshot to target\site\serenity\9dbf1ec1cfe650bb497b4ead095cf115952943e6ca452d24892ce4092e098503.png
20:31:00.690 [main] DEBUG net.thucydides.core.steps.StepInterceptor - STARTING STEP: PatientDataSteps.iClickButtonJenisKelamin - clickLaki
20:31:00.698 [Forwarding findElement on session 12cdf6bde21c4299711a0ef417a5692e to remote] DEBUG org.asynchttpclient.netty.request.NettyRequestSender - Using pooled Channel '[id: 0x597dc096, L:/127.0.0.1:57514 - R:localhost/127.0.0.1:65415]' for 'POST' to 'http://localhost:65415/session/12cdf6bde21c4299711a0ef417a5692e/element'
20:31:00.698 [Forwarding findElement on session 12cdf6bde21c4299711a0ef417a5692e to remote] DEBUG org.asynchttpclient.netty.request.NettyRequestSender - Using open Channel [id: 0x597dc096, L:/127.0.0.1:57514 - R:localhost/127.0.0.1:65415] for POST '/session/12cdf6bde21c4299711a0ef417a5692e/element'
20:31:00.738 [AsyncHttpClient-1-7] DEBUG org.asynchttpclient.netty.handler.HttpHandler - 

Request DefaultHttpRequest(decodeResult: success, version: HTTP/1.1)
POST /session/12cdf6bde21c4299711a0ef417a5692e/element HTTP/1.1
User-Agent: selenium/4.1.2 (java windows)
Content-Length: 179
Content-Type: application/json; charset=utf-8
host: localhost:65415
accept: */*

Response DefaultHttpResponse(decodeResult: success, version: HTTP/1.1)
HTTP/1.1 200 OK
Content-Type: application/json; charset=utf-8
cache-control: no-cache
content-length: 88

20:31:00.738 [AsyncHttpClient-1-7] DEBUG org.asynchttpclient.netty.channel.ChannelManager - Adding key: http://localhost:65415 for channel [id: 0x597dc096, L:/127.0.0.1:57514 - R:localhost/127.0.0.1:65415]
20:31:00.738 [Forwarding getElementTagName on session 12cdf6bde21c4299711a0ef417a5692e to remote] DEBUG org.asynchttpclient.netty.request.NettyRequestSender - Using pooled Channel '[id: 0x597dc096, L:/127.0.0.1:57514 - R:localhost/127.0.0.1:65415]' for 'GET' to 'http://localhost:65415/session/12cdf6bde21c4299711a0ef417a5692e/element/e27a5912-0106-4bb2-b0cf-0bcd7a21b765/name'
20:31:00.738 [Forwarding getElementTagName on session 12cdf6bde21c4299711a0ef417a5692e to remote] DEBUG org.asynchttpclient.netty.request.NettyRequestSender - Using open Channel [id: 0x597dc096, L:/127.0.0.1:57514 - R:localhost/127.0.0.1:65415] for GET '/session/12cdf6bde21c4299711a0ef417a5692e/element/e27a5912-0106-4bb2-b0cf-0bcd7a21b765/name'
20:31:00.778 [AsyncHttpClient-1-7] DEBUG org.asynchttpclient.netty.handler.HttpHandler - 

Request DefaultFullHttpRequest(decodeResult: success, version: HTTP/1.1, content: EmptyByteBufBE)
GET /session/12cdf6bde21c4299711a0ef417a5692e/element/e27a5912-0106-4bb2-b0cf-0bcd7a21b765/name HTTP/1.1
User-Agent: selenium/4.1.2 (java windows)
Cache-Control: no-cache
Content-Type: application/json; charset=utf-8
host: localhost:65415
accept: */*

Response DefaultHttpResponse(decodeResult: success, version: HTTP/1.1)
HTTP/1.1 200 OK
Content-Type: application/json; charset=utf-8
cache-control: no-cache
content-length: 16

20:31:00.778 [AsyncHttpClient-1-7] DEBUG org.asynchttpclient.netty.channel.ChannelManager - Adding key: http://localhost:65415 for channel [id: 0x597dc096, L:/127.0.0.1:57514 - R:localhost/127.0.0.1:65415]
20:31:00.786 [Forwarding getElementTagName on session 12cdf6bde21c4299711a0ef417a5692e to remote] DEBUG org.asynchttpclient.netty.request.NettyRequestSender - Using pooled Channel '[id: 0x597dc096, L:/127.0.0.1:57514 - R:localhost/127.0.0.1:65415]' for 'GET' to 'http://localhost:65415/session/12cdf6bde21c4299711a0ef417a5692e/element/e27a5912-0106-4bb2-b0cf-0bcd7a21b765/name'
20:31:00.786 [Forwarding getElementTagName on session 12cdf6bde21c4299711a0ef417a5692e to remote] DEBUG org.asynchttpclient.netty.request.NettyRequestSender - Using open Channel [id: 0x597dc096, L:/127.0.0.1:57514 - R:localhost/127.0.0.1:65415] for GET '/session/12cdf6bde21c4299711a0ef417a5692e/element/e27a5912-0106-4bb2-b0cf-0bcd7a21b765/name'
20:31:00.790 [AsyncHttpClient-1-7] DEBUG org.asynchttpclient.netty.handler.HttpHandler - 

Request DefaultFullHttpRequest(decodeResult: success, version: HTTP/1.1, content: EmptyByteBufBE)
GET /session/12cdf6bde21c4299711a0ef417a5692e/element/e27a5912-0106-4bb2-b0cf-0bcd7a21b765/name HTTP/1.1
User-Agent: selenium/4.1.2 (java windows)
Cache-Control: no-cache
Content-Type: application/json; charset=utf-8
host: localhost:65415
accept: */*

Response DefaultHttpResponse(decodeResult: success, version: HTTP/1.1)
HTTP/1.1 200 OK
Content-Type: application/json; charset=utf-8
cache-control: no-cache
content-length: 16

20:31:00.790 [AsyncHttpClient-1-7] DEBUG org.asynchttpclient.netty.channel.ChannelManager - Adding key: http://localhost:65415 for channel [id: 0x597dc096, L:/127.0.0.1:57514 - R:localhost/127.0.0.1:65415]
20:31:00.798 [Forwarding findElement on session 12cdf6bde21c4299711a0ef417a5692e to remote] DEBUG org.asynchttpclient.netty.request.NettyRequestSender - Using pooled Channel '[id: 0x597dc096, L:/127.0.0.1:57514 - R:localhost/127.0.0.1:65415]' for 'POST' to 'http://localhost:65415/session/12cdf6bde21c4299711a0ef417a5692e/element'
20:31:00.798 [Forwarding findElement on session 12cdf6bde21c4299711a0ef417a5692e to remote] DEBUG org.asynchttpclient.netty.request.NettyRequestSender - Using open Channel [id: 0x597dc096, L:/127.0.0.1:57514 - R:localhost/127.0.0.1:65415] for POST '/session/12cdf6bde21c4299711a0ef417a5692e/element'
20:31:00.814 [AsyncHttpClient-1-7] DEBUG org.asynchttpclient.netty.handler.HttpHandler - 

Request DefaultHttpRequest(decodeResult: success, version: HTTP/1.1)
POST /session/12cdf6bde21c4299711a0ef417a5692e/element HTTP/1.1
User-Agent: selenium/4.1.2 (java windows)
Content-Length: 179
Content-Type: application/json; charset=utf-8
host: localhost:65415
accept: */*

Response DefaultHttpResponse(decodeResult: success, version: HTTP/1.1)
HTTP/1.1 200 OK
Content-Type: application/json; charset=utf-8
cache-control: no-cache
content-length: 88

20:31:00.814 [AsyncHttpClient-1-7] DEBUG org.asynchttpclient.netty.channel.ChannelManager - Adding key: http://localhost:65415 for channel [id: 0x597dc096, L:/127.0.0.1:57514 - R:localhost/127.0.0.1:65415]
20:31:00.814 [Forwarding clickElement on session 12cdf6bde21c4299711a0ef417a5692e to remote] DEBUG org.asynchttpclient.netty.request.NettyRequestSender - Using pooled Channel '[id: 0x597dc096, L:/127.0.0.1:57514 - R:localhost/127.0.0.1:65415]' for 'POST' to 'http://localhost:65415/session/12cdf6bde21c4299711a0ef417a5692e/element/e27a5912-0106-4bb2-b0cf-0bcd7a21b765/click'
20:31:00.814 [Forwarding clickElement on session 12cdf6bde21c4299711a0ef417a5692e to remote] DEBUG org.asynchttpclient.netty.request.NettyRequestSender - Using open Channel [id: 0x597dc096, L:/127.0.0.1:57514 - R:localhost/127.0.0.1:65415] for POST '/session/12cdf6bde21c4299711a0ef417a5692e/element/e27a5912-0106-4bb2-b0cf-0bcd7a21b765/click'
20:31:00.990 [AsyncHttpClient-1-7] DEBUG org.asynchttpclient.netty.handler.HttpHandler - 

Request DefaultHttpRequest(decodeResult: success, version: HTTP/1.1)
POST /session/12cdf6bde21c4299711a0ef417a5692e/element/e27a5912-0106-4bb2-b0cf-0bcd7a21b765/click HTTP/1.1
User-Agent: selenium/4.1.2 (java windows)
Content-Length: 50
Content-Type: application/json; charset=utf-8
host: localhost:65415
accept: */*

Response DefaultHttpResponse(decodeResult: success, version: HTTP/1.1)
HTTP/1.1 200 OK
Content-Type: application/json; charset=utf-8
cache-control: no-cache
content-length: 14

20:31:00.990 [AsyncHttpClient-1-7] DEBUG org.asynchttpclient.netty.channel.ChannelManager - Adding key: http://localhost:65415 for channel [id: 0x597dc096, L:/127.0.0.1:57514 - R:localhost/127.0.0.1:65415]
20:31:01.014 [Forwarding screenshot on session 12cdf6bde21c4299711a0ef417a5692e to remote] DEBUG org.asynchttpclient.netty.request.NettyRequestSender - Using pooled Channel '[id: 0x597dc096, L:/127.0.0.1:57514 - R:localhost/127.0.0.1:65415]' for 'GET' to 'http://localhost:65415/session/12cdf6bde21c4299711a0ef417a5692e/screenshot'
20:31:01.014 [Forwarding screenshot on session 12cdf6bde21c4299711a0ef417a5692e to remote] DEBUG org.asynchttpclient.netty.request.NettyRequestSender - Using open Channel [id: 0x597dc096, L:/127.0.0.1:57514 - R:localhost/127.0.0.1:65415] for GET '/session/12cdf6bde21c4299711a0ef417a5692e/screenshot'
20:31:01.014 [AsyncHttpClient-1-1] DEBUG org.asynchttpclient.netty.channel.DefaultChannelPool - Entry count for : http://localhost:57515 : 1
20:31:01.554 [AsyncHttpClient-1-7] DEBUG org.asynchttpclient.netty.handler.HttpHandler - 

Request DefaultFullHttpRequest(decodeResult: success, version: HTTP/1.1, content: EmptyByteBufBE)
GET /session/12cdf6bde21c4299711a0ef417a5692e/screenshot HTTP/1.1
User-Agent: selenium/4.1.2 (java windows)
Cache-Control: no-cache
Content-Type: application/json; charset=utf-8
host: localhost:65415
accept: */*

Response DefaultHttpResponse(decodeResult: success, version: HTTP/1.1)
HTTP/1.1 200 OK
Content-Type: application/json; charset=utf-8
cache-control: no-cache
content-length: 406832

20:31:01.554 [AsyncHttpClient-1-7] DEBUG org.asynchttpclient.netty.channel.ChannelManager - Adding key: http://localhost:65415 for channel [id: 0x597dc096, L:/127.0.0.1:57514 - R:localhost/127.0.0.1:65415]
20:31:01.594 [main] DEBUG net.serenitybdd.core.photography.Darkroom - Send negative for processing for target\site\serenity\f4f381b2d1348c3d924fdfe48bc7c2881b63d82df549aa414efb9002d3fb0b20.png
20:31:01.594 [main] DEBUG net.thucydides.core.steps.StepInterceptor - STEP DONE: clickLaki
  &amp#27;[32mAnd &amp#27;[0m&amp#27;[32mI click button jenis kelamin patient&amp#27;[0m                                 &amp#27;[90m# starter.stepdefinitios.PatientDataSteps.iClickButtonJenisKelamin()&amp#27;[0m
20:31:01.610 [Darkroom Processing Line] DEBUG net.serenitybdd.core.photography.DarkroomProcessingLine - Processing screenshot image in /var/screenshots/screenshot-13716086246842877809
20:31:01.610 [Darkroom Processing Line] DEBUG net.serenitybdd.core.photography.DarkroomProcessingLine - Saving screenshot to target\site\serenity\f4f381b2d1348c3d924fdfe48bc7c2881b63d82df549aa414efb9002d3fb0b20.png
20:31:01.666 [Forwarding screenshot on session 12cdf6bde21c4299711a0ef417a5692e to remote] DEBUG org.asynchttpclient.netty.request.NettyRequestSender - Using pooled Channel '[id: 0x597dc096, L:/127.0.0.1:57514 - R:localhost/127.0.0.1:65415]' for 'GET' to 'http://localhost:65415/session/12cdf6bde21c4299711a0ef417a5692e/screenshot'
20:31:01.666 [Forwarding screenshot on session 12cdf6bde21c4299711a0ef417a5692e to remote] DEBUG org.asynchttpclient.netty.request.NettyRequestSender - Using open Channel [id: 0x597dc096, L:/127.0.0.1:57514 - R:localhost/127.0.0.1:65415] for GET '/session/12cdf6bde21c4299711a0ef417a5692e/screenshot'
20:31:02.089 [AsyncHttpClient-1-1] DEBUG org.asynchttpclient.netty.channel.DefaultChannelPool - Entry count for : http://localhost:57515 : 1
20:31:02.217 [AsyncHttpClient-1-7] DEBUG org.asynchttpclient.netty.handler.HttpHandler - 

Request DefaultFullHttpRequest(decodeResult: success, version: HTTP/1.1, content: EmptyByteBufBE)
GET /session/12cdf6bde21c4299711a0ef417a5692e/screenshot HTTP/1.1
User-Agent: selenium/4.1.2 (java windows)
Cache-Control: no-cache
Content-Type: application/json; charset=utf-8
host: localhost:65415
accept: */*

Response DefaultHttpResponse(decodeResult: success, version: HTTP/1.1)
HTTP/1.1 200 OK
Content-Type: application/json; charset=utf-8
cache-control: no-cache
content-length: 406632

20:31:02.225 [AsyncHttpClient-1-7] DEBUG org.asynchttpclient.netty.channel.ChannelManager - Adding key: http://localhost:65415 for channel [id: 0x597dc096, L:/127.0.0.1:57514 - R:localhost/127.0.0.1:65415]
20:31:02.265 [main] DEBUG net.serenitybdd.core.photography.Darkroom - Send negative for processing for target\site\serenity\d152fe5ba3ee2f7c11fd96a5679cc565a288278d1bfe43dba1ff8cedbb2cca4b.png
20:31:02.265 [main] DEBUG net.thucydides.core.steps.StepInterceptor - STARTING STEP: PatientDataSteps.clickButtonSimpan - clickButtonSave
20:31:02.313 [Forwarding findElement on session 12cdf6bde21c4299711a0ef417a5692e to remote] DEBUG org.asynchttpclient.netty.request.NettyRequestSender - Using pooled Channel '[id: 0x597dc096, L:/127.0.0.1:57514 - R:localhost/127.0.0.1:65415]' for 'POST' to 'http://localhost:65415/session/12cdf6bde21c4299711a0ef417a5692e/element'
20:31:02.313 [Forwarding findElement on session 12cdf6bde21c4299711a0ef417a5692e to remote] DEBUG org.asynchttpclient.netty.request.NettyRequestSender - Using open Channel [id: 0x597dc096, L:/127.0.0.1:57514 - R:localhost/127.0.0.1:65415] for POST '/session/12cdf6bde21c4299711a0ef417a5692e/element'
20:31:02.345 [Darkroom Processing Line] DEBUG net.serenitybdd.core.photography.DarkroomProcessingLine - Processing screenshot image in /var/screenshots/screenshot-17006759866310651611
20:31:02.345 [Darkroom Processing Line] DEBUG net.serenitybdd.core.photography.DarkroomProcessingLine - Saving screenshot to target\site\serenity\d152fe5ba3ee2f7c11fd96a5679cc565a288278d1bfe43dba1ff8cedbb2cca4b.png
20:31:02.433 [AsyncHttpClient-1-7] DEBUG org.asynchttpclient.netty.handler.HttpHandler - 

Request DefaultHttpRequest(decodeResult: success, version: HTTP/1.1)
POST /session/12cdf6bde21c4299711a0ef417a5692e/element HTTP/1.1
User-Agent: selenium/4.1.2 (java windows)
Content-Length: 68
Content-Type: application/json; charset=utf-8
host: localhost:65415
accept: */*

Response DefaultHttpResponse(decodeResult: success, version: HTTP/1.1)
HTTP/1.1 200 OK
Content-Type: application/json; charset=utf-8
cache-control: no-cache
content-length: 88

20:31:02.433 [AsyncHttpClient-1-7] DEBUG org.asynchttpclient.netty.channel.ChannelManager - Adding key: http://localhost:65415 for channel [id: 0x597dc096, L:/127.0.0.1:57514 - R:localhost/127.0.0.1:65415]
20:31:02.433 [Forwarding getElementTagName on session 12cdf6bde21c4299711a0ef417a5692e to remote] DEBUG org.asynchttpclient.netty.request.NettyRequestSender - Using pooled Channel '[id: 0x597dc096, L:/127.0.0.1:57514 - R:localhost/127.0.0.1:65415]' for 'GET' to 'http://localhost:65415/session/12cdf6bde21c4299711a0ef417a5692e/element/ec23aa55-2117-4458-8e06-3f521fb66920/name'
20:31:02.433 [Forwarding getElementTagName on session 12cdf6bde21c4299711a0ef417a5692e to remote] DEBUG org.asynchttpclient.netty.request.NettyRequestSender - Using open Channel [id: 0x597dc096, L:/127.0.0.1:57514 - R:localhost/127.0.0.1:65415] for GET '/session/12cdf6bde21c4299711a0ef417a5692e/element/ec23aa55-2117-4458-8e06-3f521fb66920/name'
20:31:02.449 [AsyncHttpClient-1-7] DEBUG org.asynchttpclient.netty.handler.HttpHandler - 

Request DefaultFullHttpRequest(decodeResult: success, version: HTTP/1.1, content: EmptyByteBufBE)
GET /session/12cdf6bde21c4299711a0ef417a5692e/element/ec23aa55-2117-4458-8e06-3f521fb66920/name HTTP/1.1
User-Agent: selenium/4.1.2 (java windows)
Cache-Control: no-cache
Content-Type: application/json; charset=utf-8
host: localhost:65415
accept: */*

Response DefaultHttpResponse(decodeResult: success, version: HTTP/1.1)
HTTP/1.1 200 OK
Content-Type: application/json; charset=utf-8
cache-control: no-cache
content-length: 18

20:31:02.449 [AsyncHttpClient-1-7] DEBUG org.asynchttpclient.netty.channel.ChannelManager - Adding key: http://localhost:65415 for channel [id: 0x597dc096, L:/127.0.0.1:57514 - R:localhost/127.0.0.1:65415]
20:31:02.457 [Forwarding getElementTagName on session 12cdf6bde21c4299711a0ef417a5692e to remote] DEBUG org.asynchttpclient.netty.request.NettyRequestSender - Using pooled Channel '[id: 0x597dc096, L:/127.0.0.1:57514 - R:localhost/127.0.0.1:65415]' for 'GET' to 'http://localhost:65415/session/12cdf6bde21c4299711a0ef417a5692e/element/ec23aa55-2117-4458-8e06-3f521fb66920/name'
20:31:02.457 [Forwarding getElementTagName on session 12cdf6bde21c4299711a0ef417a5692e to remote] DEBUG org.asynchttpclient.netty.request.NettyRequestSender - Using open Channel [id: 0x597dc096, L:/127.0.0.1:57514 - R:localhost/127.0.0.1:65415] for GET '/session/12cdf6bde21c4299711a0ef417a5692e/element/ec23aa55-2117-4458-8e06-3f521fb66920/name'
20:31:02.481 [AsyncHttpClient-1-7] DEBUG org.asynchttpclient.netty.handler.HttpHandler - 

Request DefaultFullHttpRequest(decodeResult: success, version: HTTP/1.1, content: EmptyByteBufBE)
GET /session/12cdf6bde21c4299711a0ef417a5692e/element/ec23aa55-2117-4458-8e06-3f521fb66920/name HTTP/1.1
User-Agent: selenium/4.1.2 (java windows)
Cache-Control: no-cache
Content-Type: application/json; charset=utf-8
host: localhost:65415
accept: */*

Response DefaultHttpResponse(decodeResult: success, version: HTTP/1.1)
HTTP/1.1 200 OK
Content-Type: application/json; charset=utf-8
cache-control: no-cache
content-length: 18

20:31:02.481 [AsyncHttpClient-1-7] DEBUG org.asynchttpclient.netty.channel.ChannelManager - Adding key: http://localhost:65415 for channel [id: 0x597dc096, L:/127.0.0.1:57514 - R:localhost/127.0.0.1:65415]
20:31:02.489 [Forwarding isElementEnabled on session 12cdf6bde21c4299711a0ef417a5692e to remote] DEBUG org.asynchttpclient.netty.request.NettyRequestSender - Using pooled Channel '[id: 0x597dc096, L:/127.0.0.1:57514 - R:localhost/127.0.0.1:65415]' for 'GET' to 'http://localhost:65415/session/12cdf6bde21c4299711a0ef417a5692e/element/ec23aa55-2117-4458-8e06-3f521fb66920/enabled'
20:31:02.489 [Forwarding isElementEnabled on session 12cdf6bde21c4299711a0ef417a5692e to remote] DEBUG org.asynchttpclient.netty.request.NettyRequestSender - Using open Channel [id: 0x597dc096, L:/127.0.0.1:57514 - R:localhost/127.0.0.1:65415] for GET '/session/12cdf6bde21c4299711a0ef417a5692e/element/ec23aa55-2117-4458-8e06-3f521fb66920/enabled'
20:31:02.513 [AsyncHttpClient-1-7] DEBUG org.asynchttpclient.netty.handler.HttpHandler - 

Request DefaultFullHttpRequest(decodeResult: success, version: HTTP/1.1, content: EmptyByteBufBE)
GET /session/12cdf6bde21c4299711a0ef417a5692e/element/ec23aa55-2117-4458-8e06-3f521fb66920/enabled HTTP/1.1
User-Agent: selenium/4.1.2 (java windows)
Cache-Control: no-cache
Content-Type: application/json; charset=utf-8
host: localhost:65415
accept: */*

Response DefaultHttpResponse(decodeResult: success, version: HTTP/1.1)
HTTP/1.1 200 OK
Content-Type: application/json; charset=utf-8
cache-control: no-cache
content-length: 14

20:31:02.513 [AsyncHttpClient-1-7] DEBUG org.asynchttpclient.netty.channel.ChannelManager - Adding key: http://localhost:65415 for channel [id: 0x597dc096, L:/127.0.0.1:57514 - R:localhost/127.0.0.1:65415]
20:31:02.513 [Forwarding isElementEnabled on session 12cdf6bde21c4299711a0ef417a5692e to remote] DEBUG org.asynchttpclient.netty.request.NettyRequestSender - Using pooled Channel '[id: 0x597dc096, L:/127.0.0.1:57514 - R:localhost/127.0.0.1:65415]' for 'GET' to 'http://localhost:65415/session/12cdf6bde21c4299711a0ef417a5692e/element/ec23aa55-2117-4458-8e06-3f521fb66920/enabled'
20:31:02.521 [Forwarding isElementEnabled on session 12cdf6bde21c4299711a0ef417a5692e to remote] DEBUG org.asynchttpclient.netty.request.NettyRequestSender - Using open Channel [id: 0x597dc096, L:/127.0.0.1:57514 - R:localhost/127.0.0.1:65415] for GET '/session/12cdf6bde21c4299711a0ef417a5692e/element/ec23aa55-2117-4458-8e06-3f521fb66920/enabled'
20:31:02.537 [AsyncHttpClient-1-7] DEBUG org.asynchttpclient.netty.handler.HttpHandler - 

Request DefaultFullHttpRequest(decodeResult: success, version: HTTP/1.1, content: EmptyByteBufBE)
GET /session/12cdf6bde21c4299711a0ef417a5692e/element/ec23aa55-2117-4458-8e06-3f521fb66920/enabled HTTP/1.1
User-Agent: selenium/4.1.2 (java windows)
Cache-Control: no-cache
Content-Type: application/json; charset=utf-8
host: localhost:65415
accept: */*

Response DefaultHttpResponse(decodeResult: success, version: HTTP/1.1)
HTTP/1.1 200 OK
Content-Type: application/json; charset=utf-8
cache-control: no-cache
content-length: 14

20:31:02.537 [AsyncHttpClient-1-7] DEBUG org.asynchttpclient.netty.channel.ChannelManager - Adding key: http://localhost:65415 for channel [id: 0x597dc096, L:/127.0.0.1:57514 - R:localhost/127.0.0.1:65415]
20:31:02.545 [Forwarding findElement on session 12cdf6bde21c4299711a0ef417a5692e to remote] DEBUG org.asynchttpclient.netty.request.NettyRequestSender - Using pooled Channel '[id: 0x597dc096, L:/127.0.0.1:57514 - R:localhost/127.0.0.1:65415]' for 'POST' to 'http://localhost:65415/session/12cdf6bde21c4299711a0ef417a5692e/element'
20:31:02.545 [Forwarding findElement on session 12cdf6bde21c4299711a0ef417a5692e to remote] DEBUG org.asynchttpclient.netty.request.NettyRequestSender - Using open Channel [id: 0x597dc096, L:/127.0.0.1:57514 - R:localhost/127.0.0.1:65415] for POST '/session/12cdf6bde21c4299711a0ef417a5692e/element'
20:31:02.561 [AsyncHttpClient-1-7] DEBUG org.asynchttpclient.netty.handler.HttpHandler - 

Request DefaultHttpRequest(decodeResult: success, version: HTTP/1.1)
POST /session/12cdf6bde21c4299711a0ef417a5692e/element HTTP/1.1
User-Agent: selenium/4.1.2 (java windows)
Content-Length: 68
Content-Type: application/json; charset=utf-8
host: localhost:65415
accept: */*

Response DefaultHttpResponse(decodeResult: success, version: HTTP/1.1)
HTTP/1.1 200 OK
Content-Type: application/json; charset=utf-8
cache-control: no-cache
content-length: 88

20:31:02.561 [AsyncHttpClient-1-7] DEBUG org.asynchttpclient.netty.channel.ChannelManager - Adding key: http://localhost:65415 for channel [id: 0x597dc096, L:/127.0.0.1:57514 - R:localhost/127.0.0.1:65415]
20:31:02.569 [Forwarding clickElement on session 12cdf6bde21c4299711a0ef417a5692e to remote] DEBUG org.asynchttpclient.netty.request.NettyRequestSender - Using pooled Channel '[id: 0x597dc096, L:/127.0.0.1:57514 - R:localhost/127.0.0.1:65415]' for 'POST' to 'http://localhost:65415/session/12cdf6bde21c4299711a0ef417a5692e/element/ec23aa55-2117-4458-8e06-3f521fb66920/click'
20:31:02.569 [Forwarding clickElement on session 12cdf6bde21c4299711a0ef417a5692e to remote] DEBUG org.asynchttpclient.netty.request.NettyRequestSender - Using open Channel [id: 0x597dc096, L:/127.0.0.1:57514 - R:localhost/127.0.0.1:65415] for POST '/session/12cdf6bde21c4299711a0ef417a5692e/element/ec23aa55-2117-4458-8e06-3f521fb66920/click'
20:31:02.769 [AsyncHttpClient-1-7] DEBUG org.asynchttpclient.netty.handler.HttpHandler - 

Request DefaultHttpRequest(decodeResult: success, version: HTTP/1.1)
POST /session/12cdf6bde21c4299711a0ef417a5692e/element/ec23aa55-2117-4458-8e06-3f521fb66920/click HTTP/1.1
User-Agent: selenium/4.1.2 (java windows)
Content-Length: 50
Content-Type: application/json; charset=utf-8
host: localhost:65415
accept: */*

Response DefaultHttpResponse(decodeResult: success, version: HTTP/1.1)
HTTP/1.1 200 OK
Content-Type: application/json; charset=utf-8
cache-control: no-cache
content-length: 14

20:31:02.769 [AsyncHttpClient-1-7] DEBUG org.asynchttpclient.netty.channel.ChannelManager - Adding key: http://localhost:65415 for channel [id: 0x597dc096, L:/127.0.0.1:57514 - R:localhost/127.0.0.1:65415]
20:31:02.809 [Forwarding screenshot on session 12cdf6bde21c4299711a0ef417a5692e to remote] DEBUG org.asynchttpclient.netty.request.NettyRequestSender - Using pooled Channel '[id: 0x597dc096, L:/127.0.0.1:57514 - R:localhost/127.0.0.1:65415]' for 'GET' to 'http://localhost:65415/session/12cdf6bde21c4299711a0ef417a5692e/screenshot'
20:31:02.809 [Forwarding screenshot on session 12cdf6bde21c4299711a0ef417a5692e to remote] DEBUG org.asynchttpclient.netty.request.NettyRequestSender - Using open Channel [id: 0x597dc096, L:/127.0.0.1:57514 - R:localhost/127.0.0.1:65415] for GET '/session/12cdf6bde21c4299711a0ef417a5692e/screenshot'
20:31:03.190 [AsyncHttpClient-1-1] DEBUG org.asynchttpclient.netty.channel.DefaultChannelPool - Entry count for : http://localhost:57515 : 1
20:31:03.554 [AsyncHttpClient-1-7] DEBUG org.asynchttpclient.netty.handler.HttpHandler - 

Request DefaultFullHttpRequest(decodeResult: success, version: HTTP/1.1, content: EmptyByteBufBE)
GET /session/12cdf6bde21c4299711a0ef417a5692e/screenshot HTTP/1.1
User-Agent: selenium/4.1.2 (java windows)
Cache-Control: no-cache
Content-Type: application/json; charset=utf-8
host: localhost:65415
accept: */*

Response DefaultHttpResponse(decodeResult: success, version: HTTP/1.1)
HTTP/1.1 500 Internal Server Error
Content-Type: application/json; charset=utf-8
cache-control: no-cache
content-length: 854

20:31:03.554 [AsyncHttpClient-1-7] DEBUG org.asynchttpclient.netty.channel.ChannelManager - Adding key: http://localhost:65415 for channel [id: 0x597dc096, L:/127.0.0.1:57514 - R:localhost/127.0.0.1:65415]
20:31:03.562 [main] WARN net.thucydides.core.webdriver.WebDriverFacade - Failed to take screenshot (unexpected alert open: <unknown>
  (Session info: chrome=102.0.5005.115): 
Build info: version: '4.1.2', revision: '9a5a329c5a'
System info: host: 'MOOK-HON', ip: '192.168.100.6', os.name: 'Windows 10', os.arch: 'amd64', os.version: '10.0', java.version: '11.0.14'
Driver info: org.openqa.selenium.chrome.ChromeDriver
Command: [12cdf6bde21c4299711a0ef417a5692e, screenshot {}]
Capabilities {acceptInsecureCerts: false, browserName: chrome, browserVersion: 102.0.5005.115, chrome: {chromedriverVersion: 102.0.5005.61 (0e59bcc00cc4..., userDataDir: C:\Users\ASUS\AppData\Local...}, goog:chromeOptions: {debuggerAddress: localhost:57515}, javascriptEnabled: true, networkConnectionEnabled: false, pageLoadStrategy: normal, platform: WINDOWS, platformName: WINDOWS, proxy: Proxy(), se:cdp: ws://localhost:57515/devtoo..., se:cdpVersion: 102.0.5005.115, setWindowRect: true, strictFileInteractability: false, timeouts: {implicit: 0, pageLoad: 300000, script: 30000}, unhandledPromptBehavior: dismiss and notify, webauthn:extension:credBlob: true, webauthn:extension:largeBlob: true, webauthn:virtualAuthenticators: true}
Session ID: 12cdf6bde21c4299711a0ef417a5692e)
20:31:03.562 [main] DEBUG net.thucydides.core.steps.StepInterceptor - STEP DONE: clickButtonSave
  &amp#27;[32mAnd &amp#27;[0m&amp#27;[32mClick button simpan&amp#27;[0m                                                  &amp#27;[90m# starter.stepdefinitios.PatientDataSteps.clickButtonSimpan()&amp#27;[0m
20:31:03.586 [Forwarding screenshot on session 12cdf6bde21c4299711a0ef417a5692e to remote] DEBUG org.asynchttpclient.netty.request.NettyRequestSender - Using pooled Channel '[id: 0x597dc096, L:/127.0.0.1:57514 - R:localhost/127.0.0.1:65415]' for 'GET' to 'http://localhost:65415/session/12cdf6bde21c4299711a0ef417a5692e/screenshot'
20:31:03.594 [Forwarding screenshot on session 12cdf6bde21c4299711a0ef417a5692e to remote] DEBUG org.asynchttpclient.netty.request.NettyRequestSender - Using open Channel [id: 0x597dc096, L:/127.0.0.1:57514 - R:localhost/127.0.0.1:65415] for GET '/session/12cdf6bde21c4299711a0ef417a5692e/screenshot'
20:31:03.714 [AsyncHttpClient-1-7] DEBUG org.asynchttpclient.netty.handler.HttpHandler - 

Request DefaultFullHttpRequest(decodeResult: success, version: HTTP/1.1, content: EmptyByteBufBE)
GET /session/12cdf6bde21c4299711a0ef417a5692e/screenshot HTTP/1.1
User-Agent: selenium/4.1.2 (java windows)
Cache-Control: no-cache
Content-Type: application/json; charset=utf-8
host: localhost:65415
accept: */*

Response DefaultHttpResponse(decodeResult: success, version: HTTP/1.1)
HTTP/1.1 500 Internal Server Error
Content-Type: application/json; charset=utf-8
cache-control: no-cache
content-length: 893

20:31:03.714 [AsyncHttpClient-1-7] DEBUG org.asynchttpclient.netty.channel.ChannelManager - Adding key: http://localhost:65415 for channel [id: 0x597dc096, L:/127.0.0.1:57514 - R:localhost/127.0.0.1:65415]
20:31:03.730 [main] WARN net.thucydides.core.webdriver.WebDriverFacade - Failed to take screenshot (unexpected alert open: {Alert text : Data telah ditambah}
  (Session info: chrome=102.0.5005.115): Data telah ditambah
Build info: version: '4.1.2', revision: '9a5a329c5a'
System info: host: 'MOOK-HON', ip: '192.168.100.6', os.name: 'Windows 10', os.arch: 'amd64', os.version: '10.0', java.version: '11.0.14'
Driver info: org.openqa.selenium.chrome.ChromeDriver
Command: [12cdf6bde21c4299711a0ef417a5692e, screenshot {}]
Capabilities {acceptInsecureCerts: false, browserName: chrome, browserVersion: 102.0.5005.115, chrome: {chromedriverVersion: 102.0.5005.61 (0e59bcc00cc4..., userDataDir: C:\Users\ASUS\AppData\Local...}, goog:chromeOptions: {debuggerAddress: localhost:57515}, javascriptEnabled: true, networkConnectionEnabled: false, pageLoadStrategy: normal, platform: WINDOWS, platformName: WINDOWS, proxy: Proxy(), se:cdp: ws://localhost:57515/devtoo..., se:cdpVersion: 102.0.5005.115, setWindowRect: true, strictFileInteractability: false, timeouts: {implicit: 0, pageLoad: 300000, script: 30000}, unhandledPromptBehavior: dismiss and notify, webauthn:extension:credBlob: true, webauthn:extension:largeBlob: true, webauthn:virtualAuthenticators: true}
Session ID: 12cdf6bde21c4299711a0ef417a5692e)
20:31:03.746 [Forwarding screenshot on session 12cdf6bde21c4299711a0ef417a5692e to remote] DEBUG org.asynchttpclient.netty.request.NettyRequestSender - Using pooled Channel '[id: 0x597dc096, L:/127.0.0.1:57514 - R:localhost/127.0.0.1:65415]' for 'GET' to 'http://localhost:65415/session/12cdf6bde21c4299711a0ef417a5692e/screenshot'
20:31:03.746 [Forwarding screenshot on session 12cdf6bde21c4299711a0ef417a5692e to remote] DEBUG org.asynchttpclient.netty.request.NettyRequestSender - Using open Channel [id: 0x597dc096, L:/127.0.0.1:57514 - R:localhost/127.0.0.1:65415] for GET '/session/12cdf6bde21c4299711a0ef417a5692e/screenshot'
20:31:04.294 [AsyncHttpClient-1-1] DEBUG org.asynchttpclient.netty.channel.DefaultChannelPool - Entry count for : http://localhost:57515 : 1
20:31:05.162 [AsyncHttpClient-1-7] DEBUG org.asynchttpclient.netty.handler.HttpHandler - 

Request DefaultFullHttpRequest(decodeResult: success, version: HTTP/1.1, content: EmptyByteBufBE)
GET /session/12cdf6bde21c4299711a0ef417a5692e/screenshot HTTP/1.1
User-Agent: selenium/4.1.2 (java windows)
Cache-Control: no-cache
Content-Type: application/json; charset=utf-8
host: localhost:65415
accept: */*

Response DefaultHttpResponse(decodeResult: success, version: HTTP/1.1)
HTTP/1.1 200 OK
Content-Type: application/json; charset=utf-8
cache-control: no-cache
content-length: 397960

20:31:05.162 [AsyncHttpClient-1-7] DEBUG org.asynchttpclient.netty.channel.ChannelManager - Adding key: http://localhost:65415 for channel [id: 0x597dc096, L:/127.0.0.1:57514 - R:localhost/127.0.0.1:65415]
20:31:05.194 [main] DEBUG net.serenitybdd.core.photography.Darkroom - Send negative for processing for target\site\serenity\cbeceb493b3cc14d3791ff263ea0078986a8fbc23e395c454f06e0ce9a24f68d.png
20:31:05.202 [Darkroom Processing Line] DEBUG net.serenitybdd.core.photography.DarkroomProcessingLine - Processing screenshot image in /var/screenshots/screenshot-6689813002836819732
20:31:05.202 [Darkroom Processing Line] DEBUG net.serenitybdd.core.photography.DarkroomProcessingLine - Saving screenshot to target\site\serenity\cbeceb493b3cc14d3791ff263ea0078986a8fbc23e395c454f06e0ce9a24f68d.png
20:31:05.393 [AsyncHttpClient-1-1] DEBUG org.asynchttpclient.netty.channel.DefaultChannelPool - Entry count for : http://localhost:65415 : 1
20:31:05.393 [AsyncHttpClient-1-1] DEBUG org.asynchttpclient.netty.channel.DefaultChannelPool - Entry count for : http://localhost:57515 : 1
20:31:05.729 [Forwarding screenshot on session 12cdf6bde21c4299711a0ef417a5692e to remote] DEBUG org.asynchttpclient.netty.request.NettyRequestSender - Using pooled Channel '[id: 0x597dc096, L:/127.0.0.1:57514 - R:localhost/127.0.0.1:65415]' for 'GET' to 'http://localhost:65415/session/12cdf6bde21c4299711a0ef417a5692e/screenshot'
20:31:05.729 [Forwarding screenshot on session 12cdf6bde21c4299711a0ef417a5692e to remote] DEBUG org.asynchttpclient.netty.request.NettyRequestSender - Using open Channel [id: 0x597dc096, L:/127.0.0.1:57514 - R:localhost/127.0.0.1:65415] for GET '/session/12cdf6bde21c4299711a0ef417a5692e/screenshot'
20:31:06.513 [AsyncHttpClient-1-1] DEBUG org.asynchttpclient.netty.channel.DefaultChannelPool - Entry count for : http://localhost:57515 : 1
20:31:06.553 [AsyncHttpClient-1-7] DEBUG org.asynchttpclient.netty.handler.HttpHandler - 

Request DefaultFullHttpRequest(decodeResult: success, version: HTTP/1.1, content: EmptyByteBufBE)
GET /session/12cdf6bde21c4299711a0ef417a5692e/screenshot HTTP/1.1
User-Agent: selenium/4.1.2 (java windows)
Cache-Control: no-cache
Content-Type: application/json; charset=utf-8
host: localhost:65415
accept: */*

Response DefaultHttpResponse(decodeResult: success, version: HTTP/1.1)
HTTP/1.1 200 OK
Content-Type: application/json; charset=utf-8
cache-control: no-cache
content-length: 397960

20:31:06.553 [AsyncHttpClient-1-7] DEBUG org.asynchttpclient.netty.channel.ChannelManager - Adding key: http://localhost:65415 for channel [id: 0x597dc096, L:/127.0.0.1:57514 - R:localhost/127.0.0.1:65415]
20:31:06.609 [main] DEBUG net.serenitybdd.core.photography.Darkroom - Send negative for processing for target\site\serenity\cbeceb493b3cc14d3791ff263ea0078986a8fbc23e395c454f06e0ce9a24f68d.png
20:31:06.609 [main] DEBUG net.thucydides.core.steps.StepInterceptor - STARTING STEP: PatientDataSteps.validDataPasien - checkValidDataPasien
20:31:06.625 [Forwarding findElement on session 12cdf6bde21c4299711a0ef417a5692e to remote] DEBUG org.asynchttpclient.netty.request.NettyRequestSender - Using pooled Channel '[id: 0x597dc096, L:/127.0.0.1:57514 - R:localhost/127.0.0.1:65415]' for 'POST' to 'http://localhost:65415/session/12cdf6bde21c4299711a0ef417a5692e/element'
20:31:06.625 [Forwarding findElement on session 12cdf6bde21c4299711a0ef417a5692e to remote] DEBUG org.asynchttpclient.netty.request.NettyRequestSender - Using open Channel [id: 0x597dc096, L:/127.0.0.1:57514 - R:localhost/127.0.0.1:65415] for POST '/session/12cdf6bde21c4299711a0ef417a5692e/element'
20:31:06.799 [AsyncHttpClient-1-7] DEBUG org.asynchttpclient.netty.handler.HttpHandler - 

Request DefaultHttpRequest(decodeResult: success, version: HTTP/1.1)
POST /session/12cdf6bde21c4299711a0ef417a5692e/element HTTP/1.1
User-Agent: selenium/4.1.2 (java windows)
Content-Length: 95
Content-Type: application/json; charset=utf-8
host: localhost:65415
accept: */*

Response DefaultHttpResponse(decodeResult: success, version: HTTP/1.1)
HTTP/1.1 200 OK
Content-Type: application/json; charset=utf-8
cache-control: no-cache
content-length: 88

20:31:06.799 [AsyncHttpClient-1-7] DEBUG org.asynchttpclient.netty.channel.ChannelManager - Adding key: http://localhost:65415 for channel [id: 0x597dc096, L:/127.0.0.1:57514 - R:localhost/127.0.0.1:65415]
20:31:06.807 [Forwarding isElementEnabled on session 12cdf6bde21c4299711a0ef417a5692e to remote] DEBUG org.asynchttpclient.netty.request.NettyRequestSender - Using pooled Channel '[id: 0x597dc096, L:/127.0.0.1:57514 - R:localhost/127.0.0.1:65415]' for 'GET' to 'http://localhost:65415/session/12cdf6bde21c4299711a0ef417a5692e/element/2473416d-6ebb-4cc0-ac34-26908db1d93f/enabled'
20:31:06.815 [Forwarding isElementEnabled on session 12cdf6bde21c4299711a0ef417a5692e to remote] DEBUG org.asynchttpclient.netty.request.NettyRequestSender - Using open Channel [id: 0x597dc096, L:/127.0.0.1:57514 - R:localhost/127.0.0.1:65415] for GET '/session/12cdf6bde21c4299711a0ef417a5692e/element/2473416d-6ebb-4cc0-ac34-26908db1d93f/enabled'
20:31:06.855 [AsyncHttpClient-1-7] DEBUG org.asynchttpclient.netty.handler.HttpHandler - 

Request DefaultFullHttpRequest(decodeResult: success, version: HTTP/1.1, content: EmptyByteBufBE)
GET /session/12cdf6bde21c4299711a0ef417a5692e/element/2473416d-6ebb-4cc0-ac34-26908db1d93f/enabled HTTP/1.1
User-Agent: selenium/4.1.2 (java windows)
Cache-Control: no-cache
Content-Type: application/json; charset=utf-8
host: localhost:65415
accept: */*

Response DefaultHttpResponse(decodeResult: success, version: HTTP/1.1)
HTTP/1.1 200 OK
Content-Type: application/json; charset=utf-8
cache-control: no-cache
content-length: 14

20:31:06.855 [AsyncHttpClient-1-7] DEBUG org.asynchttpclient.netty.channel.ChannelManager - Adding key: http://localhost:65415 for channel [id: 0x597dc096, L:/127.0.0.1:57514 - R:localhost/127.0.0.1:65415]
20:31:06.879 [Forwarding screenshot on session 12cdf6bde21c4299711a0ef417a5692e to remote] DEBUG org.asynchttpclient.netty.request.NettyRequestSender - Using pooled Channel '[id: 0x597dc096, L:/127.0.0.1:57514 - R:localhost/127.0.0.1:65415]' for 'GET' to 'http://localhost:65415/session/12cdf6bde21c4299711a0ef417a5692e/screenshot'
20:31:06.879 [Forwarding screenshot on session 12cdf6bde21c4299711a0ef417a5692e to remote] DEBUG org.asynchttpclient.netty.request.NettyRequestSender - Using open Channel [id: 0x597dc096, L:/127.0.0.1:57514 - R:localhost/127.0.0.1:65415] for GET '/session/12cdf6bde21c4299711a0ef417a5692e/screenshot'
20:31:07.514 [AsyncHttpClient-1-7] DEBUG org.asynchttpclient.netty.handler.HttpHandler - 

Request DefaultFullHttpRequest(decodeResult: success, version: HTTP/1.1, content: EmptyByteBufBE)
GET /session/12cdf6bde21c4299711a0ef417a5692e/screenshot HTTP/1.1
User-Agent: selenium/4.1.2 (java windows)
Cache-Control: no-cache
Content-Type: application/json; charset=utf-8
host: localhost:65415
accept: */*

Response DefaultHttpResponse(decodeResult: success, version: HTTP/1.1)
HTTP/1.1 200 OK
Content-Type: application/json; charset=utf-8
cache-control: no-cache
content-length: 397960

20:31:07.514 [AsyncHttpClient-1-7] DEBUG org.asynchttpclient.netty.channel.ChannelManager - Adding key: http://localhost:65415 for channel [id: 0x597dc096, L:/127.0.0.1:57514 - R:localhost/127.0.0.1:65415]
20:31:07.554 [main] DEBUG net.serenitybdd.core.photography.Darkroom - Send negative for processing for target\site\serenity\cbeceb493b3cc14d3791ff263ea0078986a8fbc23e395c454f06e0ce9a24f68d.png
20:31:07.554 [main] DEBUG net.thucydides.core.steps.StepInterceptor - STEP DONE: checkValidDataPasien
  &amp#27;[32mAnd &amp#27;[0m&amp#27;[32mValid data pasien&amp#27;[0m                                                    &amp#27;[90m# starter.stepdefinitios.PatientDataSteps.validDataPasien()&amp#27;[0m
20:31:07.602 [AsyncHttpClient-1-1] DEBUG org.asynchttpclient.netty.channel.DefaultChannelPool - Entry count for : http://localhost:65415 : 1
20:31:07.602 [AsyncHttpClient-1-1] DEBUG org.asynchttpclient.netty.channel.DefaultChannelPool - Entry count for : http://localhost:57515 : 1
20:31:07.610 [AsyncHttpClient-1-9] DEBUG org.asynchttpclient.netty.handler.WebSocketHandler - Channel Closed: [id: 0xbace55cf, L:/127.0.0.1:57527 ! R:localhost/127.0.0.1:57515] with attribute NettyResponseFuture{currentRetry=5,
	isDone=1,
	isCancelled=0,
	asyncHandler=org.asynchttpclient.ws.WebSocketUpgradeHandler@40a2b454,
	nettyRequest=org.asynchttpclient.netty.request.NettyRequest@2006c967,
	future=java.util.concurrent.CompletableFuture@1d13381d[Completed normally],
	uri=ws://localhost:57515/devtools/browser/bc906fd1-4584-4761-baa6-3e8db4e8bfdb,
	keepAlive=true,
	redirectCount=0,
	timeoutsHolder=null,
	inAuth=0,
	touch=1655991051190}
20:31:07.610 [AsyncHttpClient-1-9] DEBUG org.asynchttpclient.netty.channel.ChannelManager - Closing Channel [id: 0xbace55cf, L:/127.0.0.1:57527 ! R:localhost/127.0.0.1:57515] 
20:31:07.618 [Driver Command Executor] DEBUG org.asynchttpclient.netty.request.NettyRequestSender - Using pooled Channel '[id: 0x597dc096, L:/127.0.0.1:57514 - R:localhost/127.0.0.1:65415]' for 'DELETE' to 'http://localhost:65415/session/12cdf6bde21c4299711a0ef417a5692e'
20:31:07.618 [Driver Command Executor] DEBUG org.asynchttpclient.netty.request.NettyRequestSender - Using open Channel [id: 0x597dc096, L:/127.0.0.1:57514 - R:localhost/127.0.0.1:65415] for DELETE '/session/12cdf6bde21c4299711a0ef417a5692e'
20:31:08.694 [AsyncHttpClient-1-1] DEBUG org.asynchttpclient.netty.channel.DefaultChannelPool - Entry count for : http://localhost:57515 : 1
20:31:09.534 [AsyncHttpClient-1-8] DEBUG org.asynchttpclient.netty.handler.HttpHandler - Unexpected I/O exception on channel [id: 0xbea68f53, L:/127.0.0.1:57526 - R:localhost/127.0.0.1:57515]
java.io.IOException: An existing connection was forcibly closed by the remote host
	at java.base/sun.nio.ch.SocketDispatcher.read0(Native Method)
	at java.base/sun.nio.ch.SocketDispatcher.read(SocketDispatcher.java:43)
	at java.base/sun.nio.ch.IOUtil.readIntoNativeBuffer(IOUtil.java:276)
	at java.base/sun.nio.ch.IOUtil.read(IOUtil.java:233)
	at java.base/sun.nio.ch.IOUtil.read(IOUtil.java:223)
	at java.base/sun.nio.ch.SocketChannelImpl.read(SocketChannelImpl.java:358)
	at io.netty.buffer.PooledByteBuf.setBytes(PooledByteBuf.java:258)
	at io.netty.buffer.AbstractByteBuf.writeBytes(AbstractByteBuf.java:1132)
	at io.netty.channel.socket.nio.NioSocketChannel.doReadBytes(NioSocketChannel.java:350)
	at io.netty.channel.nio.AbstractNioByteChannel$NioByteUnsafe.read(AbstractNioByteChannel.java:151)
	at io.netty.channel.nio.NioEventLoop.processSelectedKey(NioEventLoop.java:722)
	at io.netty.channel.nio.NioEventLoop.processSelectedKeysOptimized(NioEventLoop.java:658)
	at io.netty.channel.nio.NioEventLoop.processSelectedKeys(NioEventLoop.java:584)
	at io.netty.channel.nio.NioEventLoop.run(NioEventLoop.java:496)
	at io.netty.util.concurrent.SingleThreadEventExecutor$4.run(SingleThreadEventExecutor.java:986)
	at io.netty.util.internal.ThreadExecutorMap$2.run(ThreadExecutorMap.java:74)
	at io.netty.util.concurrent.FastThreadLocalRunnable.run(FastThreadLocalRunnable.java:30)
	at java.base/java.lang.Thread.run(Thread.java:834)
20:31:09.534 [AsyncHttpClient-1-8] DEBUG org.asynchttpclient.netty.channel.ChannelManager - Closing Channel [id: 0xbea68f53, L:/127.0.0.1:57526 - R:localhost/127.0.0.1:57515] 
20:31:09.534 [AsyncHttpClient-1-8] DEBUG org.asynchttpclient.netty.handler.HttpHandler - Channel Closed: [id: 0xbea68f53, L:/127.0.0.1:57526 ! R:localhost/127.0.0.1:57515] with attribute DISCARD
20:31:09.630 [AsyncHttpClient-1-7] DEBUG org.asynchttpclient.netty.handler.HttpHandler - 

Request DefaultFullHttpRequest(decodeResult: success, version: HTTP/1.1, content: EmptyByteBufBE)
DELETE /session/12cdf6bde21c4299711a0ef417a5692e HTTP/1.1
User-Agent: selenium/4.1.2 (java windows)
Content-Type: application/json; charset=utf-8
host: localhost:65415
accept: */*

Response DefaultHttpResponse(decodeResult: success, version: HTTP/1.1)
HTTP/1.1 200 OK
Content-Type: application/json; charset=utf-8
cache-control: no-cache
content-length: 14

20:31:09.630 [AsyncHttpClient-1-7] DEBUG org.asynchttpclient.netty.channel.ChannelManager - Adding key: http://localhost:65415 for channel [id: 0x597dc096, L:/127.0.0.1:57514 - R:localhost/127.0.0.1:65415]
20:31:09.790 [AsyncHttpClient-1-1] DEBUG org.asynchttpclient.netty.channel.DefaultChannelPool - Entry count for : http://localhost:65415 : 1
20:31:09.790 [AsyncHttpClient-1-1] DEBUG org.asynchttpclient.netty.channel.DefaultChannelPool - Entry count for : http://localhost:57515 : 1
20:31:09.790 [AsyncHttpClient-1-1] DEBUG org.asynchttpclient.netty.channel.DefaultChannelPool - Adding Candidate expired Channel [id: 0xbea68f53, L:/127.0.0.1:57526 ! R:localhost/127.0.0.1:57515] isIdleTimeoutExpired=false isRemotelyClosed=true isTtlExpired=false
20:31:09.790 [AsyncHttpClient-1-1] DEBUG org.asynchttpclient.netty.channel.DefaultChannelPool - Closing Idle Channel [id: 0xbea68f53, L:/127.0.0.1:57526 ! R:localhost/127.0.0.1:57515]
20:31:09.790 [AsyncHttpClient-1-1] DEBUG org.asynchttpclient.netty.channel.DefaultChannelPool - Closed 1 connections out of 2 in 0 ms
20:31:10.393 [AsyncHttpClient-1-7] DEBUG org.asynchttpclient.netty.handler.HttpHandler - Channel Closed: [id: 0x597dc096, L:/127.0.0.1:57514 ! R:localhost/127.0.0.1:65415] with attribute DISCARD
20:31:10.889 [AsyncHttpClient-1-1] DEBUG org.asynchttpclient.netty.channel.DefaultChannelPool - Entry count for : http://localhost:65415 : 1
20:31:10.889 [AsyncHttpClient-1-1] DEBUG org.asynchttpclient.netty.channel.DefaultChannelPool - Adding Candidate expired Channel [id: 0x597dc096, L:/127.0.0.1:57514 ! R:localhost/127.0.0.1:65415] isIdleTimeoutExpired=false isRemotelyClosed=true isTtlExpired=false
20:31:10.889 [AsyncHttpClient-1-1] DEBUG org.asynchttpclient.netty.channel.DefaultChannelPool - Closing Idle Channel [id: 0x597dc096, L:/127.0.0.1:57514 ! R:localhost/127.0.0.1:65415]
20:31:10.889 [AsyncHttpClient-1-1] DEBUG org.asynchttpclient.netty.channel.DefaultChannelPool - Closed 1 connections out of 1 in 0 ms
20:31:10.921 [main] INFO  - 
  _____   ___   ___   _____     ___     _     ___   ___   ___   ___  
 |_   _| | __| / __| |_   _|   | _ \   /_\   / __| / __| | __| |   \ 
   | |   | _|  \__ \   | |     |  _/  / _ \  \__ \ \__ \ | _|  | |) |
   |_|   |___| |___/   |_|     |_|   /_/ \_\ |___/ |___/ |___| |___/ 

As a admin i want to add data pasien
----------------------------------------------------------------------
]]></system-out>
    <system-err><![CDATA[Starting ChromeDriver 102.0.5005.61 (0e59bcc00cc4985ce39ad31c150065f159d95ad3-refs/branch-heads/5005@{#819}) on port 65415
Only local connections are allowed.
Please see https://chromedriver.chromium.org/security-considerations for suggestions on keeping ChromeDriver safe.
ChromeDriver was started successfully.
Jun 23, 2022 8:30:51 PM org.openqa.selenium.remote.ProtocolHandshake createSession
INFO: Detected dialect: W3C
Jun 23, 2022 8:30:51 PM org.openqa.selenium.devtools.CdpVersionFinder findNearestMatch
WARNING: Unable to find an exact match for CDP version 102, so returning the closest version found: a no-op implementation
Jun 23, 2022 8:30:51 PM org.openqa.selenium.devtools.CdpVersionFinder findNearestMatch
INFO: Unable to find CDP implementation matching 102.
Jun 23, 2022 8:30:51 PM org.openqa.selenium.chromium.ChromiumDriver lambda$new$3
WARNING: Unable to find version of CDP to use for . You may need to include a dependency on a specific version of the CDP using something similar to `org.seleniumhq.selenium:selenium-devtools-v86:4.1.2` where the version ("v86") matches the version of the chromium-based browser you're using and the version number of the artifact is the same as Selenium's.
[1655991063.531][WARNING]: unexpected alert open: {Alert text : Data telah ditambah}, cancelling screenshot
]]></system-err>
  </testcase>
  <testcase name="As a admin i want to add data pasien #2" classname="Add Data Pasien - Admin" time="27.809">
    <system-out><![CDATA[
@AddPatientData
Scenario Outline: As a admin i want to add data pasien                &amp#27;[90m# src/test/resources/features/AddDataPasien.feature:14&amp#27;[0m
20:31:10.977 [main] INFO io.cucumber.core.plugin.SerenityReporter - Running feature from file:///D:/Kel-1-capstone/TestingWeb/src/test/resources/features/AddDataPasien.feature
20:31:11.073 [main] DEBUG net.thucydides.core.steps.StepInterceptor - STARTING STEP: PatientDataSteps.openPageDataPasien - openDataPasien
20:31:11.073 [main] INFO net.serenitybdd.core.webdriver.driverproviders.ChromeDriverProvider - Using automatically driver download
20:31:11.449 [main] DEBUG io.github.bonigarcia.wdm.cache.ResolutionCache - Resolution chrome=102 in cache (valid until 21:04:30 23/06/2022 ICT)
20:31:11.505 [main] DEBUG io.github.bonigarcia.wdm.cache.ResolutionCache - Resolution chrome102=102.0.5005.61 in cache (valid until 20:04:30 24/06/2022 ICT)
20:31:11.521 [main] INFO io.github.bonigarcia.wdm.WebDriverManager - Using chromedriver 102.0.5005.61 (resolved driver for Chrome 102)
20:31:11.593 [main] DEBUG io.github.bonigarcia.wdm.WebDriverManager - Driver chromedriver 102.0.5005.61 found in cache
20:31:11.593 [main] INFO io.github.bonigarcia.wdm.WebDriverManager - Exporting webdriver.chrome.driver as C:\Users\ASUS\.cache\selenium\chromedriver\win32\102.0.5005.61\chromedriver.exe
20:31:11.913 [main] DEBUG net.serenitybdd.core.webdriver.driverproviders.ProvideNewDriver - Instantiating driver
20:31:11.913 [main] DEBUG net.serenitybdd.core.webdriver.driverproviders.ProvideNewDriver - Driver capabilities: Capabilities {acceptInsecureCerts: false, base.url: https://fanciful-trifle-360..., browserName: chrome, chorme.driver: src/test/resources/webdrive..., driver: chrome, goog:chromeOptions: {args: [], extensions: []}}
20:31:12.498 [AsyncHttpClient-1-2] DEBUG org.asynchttpclient.netty.channel.NettyConnectListener - Using new Channel '[id: 0x1ec0c1ac, L:/127.0.0.1:52198 - R:localhost/127.0.0.1:60748]' for 'POST' to '/session'
20:31:15.161 [AsyncHttpClient-1-2] DEBUG org.asynchttpclient.netty.handler.HttpHandler - 

Request DefaultHttpRequest(decodeResult: success, version: HTTP/1.1)
POST /session HTTP/1.1
User-Agent: selenium/4.1.2 (java windows)
Content-Length: 629
Content-Type: application/json; charset=utf-8
host: localhost:60748
accept: */*

Response DefaultHttpResponse(decodeResult: success, version: HTTP/1.1)
HTTP/1.1 200 OK
Content-Type: application/json; charset=utf-8
cache-control: no-cache
content-length: 790

20:31:15.161 [AsyncHttpClient-1-2] DEBUG org.asynchttpclient.netty.channel.ChannelManager - Adding key: http://localhost:60748 for channel [id: 0x1ec0c1ac, L:/127.0.0.1:52198 - R:localhost/127.0.0.1:60748]
20:31:15.201 [AsyncHttpClient-1-3] DEBUG org.asynchttpclient.netty.channel.NettyConnectListener - Using new Channel '[id: 0x0f864b4c, L:/127.0.0.1:52210 - R:localhost/127.0.0.1:52200]' for 'GET' to '/json/version'
20:31:15.209 [AsyncHttpClient-1-3] DEBUG org.asynchttpclient.netty.handler.HttpHandler - 

Request DefaultFullHttpRequest(decodeResult: success, version: HTTP/1.1, content: EmptyByteBufBE)
GET /json/version HTTP/1.1
User-Agent: selenium/4.1.2 (java windows)
host: localhost:52200
accept: */*

Response DefaultHttpResponse(decodeResult: success, version: HTTP/1.1)
HTTP/1.1 200 OK
Content-Type: application/json; charset=UTF-8
content-length: 428

20:31:15.209 [AsyncHttpClient-1-3] DEBUG org.asynchttpclient.netty.channel.ChannelManager - Adding key: http://localhost:52200 for channel [id: 0x0f864b4c, L:/127.0.0.1:52210 - R:localhost/127.0.0.1:52200]
20:31:15.217 [AsyncHttpClient-1-4] DEBUG org.asynchttpclient.netty.channel.NettyConnectListener - Using new Channel '[id: 0x49c2123a, L:/127.0.0.1:52211 - R:localhost/127.0.0.1:52200]' for 'GET' to '/devtools/browser/db6d2d9a-8188-4225-ab19-de0d79522948'
20:31:15.249 [AsyncHttpClient-1-4] DEBUG org.asynchttpclient.netty.handler.WebSocketHandler - 

Request DefaultFullHttpRequest(decodeResult: success, version: HTTP/1.1, content: EmptyByteBufBE)
GET /devtools/browser/db6d2d9a-8188-4225-ab19-de0d79522948 HTTP/1.1
upgrade: websocket
connection: upgrade
sec-websocket-key: q2vGoEap2r748bplqqxZ+Q==
sec-websocket-version: 13
origin: http://localhost:52200
host: localhost:52200
accept: */*
user-agent: AHC/2.1

Response DefaultHttpResponse(decodeResult: success, version: HTTP/1.1)
HTTP/1.1 101 WebSocket Protocol Handshake
Upgrade: WebSocket
Connection: Upgrade
Sec-WebSocket-Accept: tnnmDWZ3Lf+TudQQlblfXi7Uzq8=

20:31:15.265 [Forwarding get on session 85c12602898e3821ca27a246ff32a5e1 to remote] DEBUG org.asynchttpclient.netty.request.NettyRequestSender - Using pooled Channel '[id: 0x1ec0c1ac, L:/127.0.0.1:52198 - R:localhost/127.0.0.1:60748]' for 'POST' to 'http://localhost:60748/session/85c12602898e3821ca27a246ff32a5e1/url'
20:31:15.265 [Forwarding get on session 85c12602898e3821ca27a246ff32a5e1 to remote] DEBUG org.asynchttpclient.netty.request.NettyRequestSender - Using open Channel [id: 0x1ec0c1ac, L:/127.0.0.1:52198 - R:localhost/127.0.0.1:60748] for POST '/session/85c12602898e3821ca27a246ff32a5e1/url'
20:31:15.293 [AsyncHttpClient-1-1] DEBUG org.asynchttpclient.netty.channel.DefaultChannelPool - Entry count for : http://localhost:52200 : 1
20:31:16.391 [AsyncHttpClient-1-1] DEBUG org.asynchttpclient.netty.channel.DefaultChannelPool - Entry count for : http://localhost:52200 : 1
20:31:17.490 [AsyncHttpClient-1-1] DEBUG org.asynchttpclient.netty.channel.DefaultChannelPool - Entry count for : http://localhost:52200 : 1
20:31:18.437 [AsyncHttpClient-1-2] DEBUG org.asynchttpclient.netty.handler.HttpHandler - 

Request DefaultHttpRequest(decodeResult: success, version: HTTP/1.1)
POST /session/85c12602898e3821ca27a246ff32a5e1/url HTTP/1.1
User-Agent: selenium/4.1.2 (java windows)
Content-Length: 84
Content-Type: application/json; charset=utf-8
host: localhost:60748
accept: */*

Response DefaultHttpResponse(decodeResult: success, version: HTTP/1.1)
HTTP/1.1 200 OK
Content-Type: application/json; charset=utf-8
cache-control: no-cache
content-length: 14

20:31:18.437 [AsyncHttpClient-1-2] DEBUG org.asynchttpclient.netty.channel.ChannelManager - Adding key: http://localhost:60748 for channel [id: 0x1ec0c1ac, L:/127.0.0.1:52198 - R:localhost/127.0.0.1:60748]
20:31:18.445 [Forwarding setTimeout on session 85c12602898e3821ca27a246ff32a5e1 to remote] DEBUG org.asynchttpclient.netty.request.NettyRequestSender - Using pooled Channel '[id: 0x1ec0c1ac, L:/127.0.0.1:52198 - R:localhost/127.0.0.1:60748]' for 'POST' to 'http://localhost:60748/session/85c12602898e3821ca27a246ff32a5e1/timeouts'
20:31:18.445 [Forwarding setTimeout on session 85c12602898e3821ca27a246ff32a5e1 to remote] DEBUG org.asynchttpclient.netty.request.NettyRequestSender - Using open Channel [id: 0x1ec0c1ac, L:/127.0.0.1:52198 - R:localhost/127.0.0.1:60748] for POST '/session/85c12602898e3821ca27a246ff32a5e1/timeouts'
20:31:18.445 [AsyncHttpClient-1-2] DEBUG org.asynchttpclient.netty.handler.HttpHandler - 

Request DefaultHttpRequest(decodeResult: success, version: HTTP/1.1)
POST /session/85c12602898e3821ca27a246ff32a5e1/timeouts HTTP/1.1
User-Agent: selenium/4.1.2 (java windows)
Content-Length: 22
Content-Type: application/json; charset=utf-8
host: localhost:60748
accept: */*

Response DefaultHttpResponse(decodeResult: success, version: HTTP/1.1)
HTTP/1.1 200 OK
Content-Type: application/json; charset=utf-8
cache-control: no-cache
content-length: 14

20:31:18.445 [AsyncHttpClient-1-2] DEBUG org.asynchttpclient.netty.channel.ChannelManager - Adding key: http://localhost:60748 for channel [id: 0x1ec0c1ac, L:/127.0.0.1:52198 - R:localhost/127.0.0.1:60748]
20:31:18.461 [Forwarding getCurrentUrl on session 85c12602898e3821ca27a246ff32a5e1 to remote] DEBUG org.asynchttpclient.netty.request.NettyRequestSender - Using pooled Channel '[id: 0x1ec0c1ac, L:/127.0.0.1:52198 - R:localhost/127.0.0.1:60748]' for 'GET' to 'http://localhost:60748/session/85c12602898e3821ca27a246ff32a5e1/url'
20:31:18.461 [Forwarding getCurrentUrl on session 85c12602898e3821ca27a246ff32a5e1 to remote] DEBUG org.asynchttpclient.netty.request.NettyRequestSender - Using open Channel [id: 0x1ec0c1ac, L:/127.0.0.1:52198 - R:localhost/127.0.0.1:60748] for GET '/session/85c12602898e3821ca27a246ff32a5e1/url'
20:31:18.501 [AsyncHttpClient-1-2] DEBUG org.asynchttpclient.netty.handler.HttpHandler - 

Request DefaultFullHttpRequest(decodeResult: success, version: HTTP/1.1, content: EmptyByteBufBE)
GET /session/85c12602898e3821ca27a246ff32a5e1/url HTTP/1.1
User-Agent: selenium/4.1.2 (java windows)
Cache-Control: no-cache
Content-Type: application/json; charset=utf-8
host: localhost:60748
accept: */*

Response DefaultHttpResponse(decodeResult: success, version: HTTP/1.1)
HTTP/1.1 200 OK
Content-Type: application/json; charset=utf-8
cache-control: no-cache
content-length: 66

20:31:18.501 [AsyncHttpClient-1-2] DEBUG org.asynchttpclient.netty.channel.ChannelManager - Adding key: http://localhost:60748 for channel [id: 0x1ec0c1ac, L:/127.0.0.1:52198 - R:localhost/127.0.0.1:60748]
20:31:18.525 [Forwarding screenshot on session 85c12602898e3821ca27a246ff32a5e1 to remote] DEBUG org.asynchttpclient.netty.request.NettyRequestSender - Using pooled Channel '[id: 0x1ec0c1ac, L:/127.0.0.1:52198 - R:localhost/127.0.0.1:60748]' for 'GET' to 'http://localhost:60748/session/85c12602898e3821ca27a246ff32a5e1/screenshot'
20:31:18.525 [Forwarding screenshot on session 85c12602898e3821ca27a246ff32a5e1 to remote] DEBUG org.asynchttpclient.netty.request.NettyRequestSender - Using open Channel [id: 0x1ec0c1ac, L:/127.0.0.1:52198 - R:localhost/127.0.0.1:60748] for GET '/session/85c12602898e3821ca27a246ff32a5e1/screenshot'
20:31:18.597 [AsyncHttpClient-1-1] DEBUG org.asynchttpclient.netty.channel.DefaultChannelPool - Entry count for : http://localhost:52200 : 1
20:31:19.693 [AsyncHttpClient-1-1] DEBUG org.asynchttpclient.netty.channel.DefaultChannelPool - Entry count for : http://localhost:52200 : 1
20:31:19.821 [AsyncHttpClient-1-2] DEBUG org.asynchttpclient.netty.handler.HttpHandler - 

Request DefaultFullHttpRequest(decodeResult: success, version: HTTP/1.1, content: EmptyByteBufBE)
GET /session/85c12602898e3821ca27a246ff32a5e1/screenshot HTTP/1.1
User-Agent: selenium/4.1.2 (java windows)
Cache-Control: no-cache
Content-Type: application/json; charset=utf-8
host: localhost:60748
accept: */*

Response DefaultHttpResponse(decodeResult: success, version: HTTP/1.1)
HTTP/1.1 200 OK
Content-Type: application/json; charset=utf-8
cache-control: no-cache
content-length: 84984

20:31:19.821 [AsyncHttpClient-1-2] DEBUG org.asynchttpclient.netty.channel.ChannelManager - Adding key: http://localhost:60748 for channel [id: 0x1ec0c1ac, L:/127.0.0.1:52198 - R:localhost/127.0.0.1:60748]
20:31:19.829 [main] DEBUG net.serenitybdd.core.photography.Darkroom - Send negative for processing for target\site\serenity\621d8279bbd7fa067173be565db301adbd6d99378477fa820fedee382fcea732.png
20:31:19.829 [main] DEBUG net.thucydides.core.steps.StepInterceptor - STEP DONE: openDataPasien
  &amp#27;[32mGiven &amp#27;[0m&amp#27;[32mOpen page data pasien&amp#27;[0m                                         &amp#27;[90m# starter.stepdefinitios.PatientDataSteps.openPageDataPasien()&amp#27;[0m
20:31:19.837 [Darkroom Processing Line] DEBUG net.serenitybdd.core.photography.DarkroomProcessingLine - Processing screenshot image in /var/screenshots/screenshot-16275338061573652726
20:31:19.837 [Darkroom Processing Line] DEBUG net.serenitybdd.core.photography.DarkroomProcessingLine - Saving screenshot to target\site\serenity\621d8279bbd7fa067173be565db301adbd6d99378477fa820fedee382fcea732.png
20:31:19.909 [Forwarding screenshot on session 85c12602898e3821ca27a246ff32a5e1 to remote] DEBUG org.asynchttpclient.netty.request.NettyRequestSender - Using pooled Channel '[id: 0x1ec0c1ac, L:/127.0.0.1:52198 - R:localhost/127.0.0.1:60748]' for 'GET' to 'http://localhost:60748/session/85c12602898e3821ca27a246ff32a5e1/screenshot'
20:31:19.909 [Forwarding screenshot on session 85c12602898e3821ca27a246ff32a5e1 to remote] DEBUG org.asynchttpclient.netty.request.NettyRequestSender - Using open Channel [id: 0x1ec0c1ac, L:/127.0.0.1:52198 - R:localhost/127.0.0.1:60748] for GET '/session/85c12602898e3821ca27a246ff32a5e1/screenshot'
20:31:20.141 [AsyncHttpClient-1-2] DEBUG org.asynchttpclient.netty.handler.HttpHandler - 

Request DefaultFullHttpRequest(decodeResult: success, version: HTTP/1.1, content: EmptyByteBufBE)
GET /session/85c12602898e3821ca27a246ff32a5e1/screenshot HTTP/1.1
User-Agent: selenium/4.1.2 (java windows)
Cache-Control: no-cache
Content-Type: application/json; charset=utf-8
host: localhost:60748
accept: */*

Response DefaultHttpResponse(decodeResult: success, version: HTTP/1.1)
HTTP/1.1 200 OK
Content-Type: application/json; charset=utf-8
cache-control: no-cache
content-length: 86024

20:31:20.149 [AsyncHttpClient-1-2] DEBUG org.asynchttpclient.netty.channel.ChannelManager - Adding key: http://localhost:60748 for channel [id: 0x1ec0c1ac, L:/127.0.0.1:52198 - R:localhost/127.0.0.1:60748]
20:31:20.157 [main] DEBUG net.serenitybdd.core.photography.Darkroom - Send negative for processing for target\site\serenity\5c9f21a309e44bc96796d96d1af7c8ea986633cdcb04c0bf5e0c692824819384.png
20:31:20.157 [main] DEBUG net.thucydides.core.steps.StepInterceptor - STARTING STEP: PatientDataSteps.clickButtonTambahData - clickButtonTambah
20:31:20.157 [Darkroom Processing Line] DEBUG net.serenitybdd.core.photography.DarkroomProcessingLine - Processing screenshot image in /var/screenshots/screenshot-7519903959326701283
20:31:20.157 [Darkroom Processing Line] DEBUG net.serenitybdd.core.photography.DarkroomProcessingLine - Saving screenshot to target\site\serenity\5c9f21a309e44bc96796d96d1af7c8ea986633cdcb04c0bf5e0c692824819384.png
20:31:20.165 [Forwarding findElement on session 85c12602898e3821ca27a246ff32a5e1 to remote] DEBUG org.asynchttpclient.netty.request.NettyRequestSender - Using pooled Channel '[id: 0x1ec0c1ac, L:/127.0.0.1:52198 - R:localhost/127.0.0.1:60748]' for 'POST' to 'http://localhost:60748/session/85c12602898e3821ca27a246ff32a5e1/element'
20:31:20.165 [Forwarding findElement on session 85c12602898e3821ca27a246ff32a5e1 to remote] DEBUG org.asynchttpclient.netty.request.NettyRequestSender - Using open Channel [id: 0x1ec0c1ac, L:/127.0.0.1:52198 - R:localhost/127.0.0.1:60748] for POST '/session/85c12602898e3821ca27a246ff32a5e1/element'
20:31:20.213 [AsyncHttpClient-1-2] DEBUG org.asynchttpclient.netty.handler.HttpHandler - 

Request DefaultHttpRequest(decodeResult: success, version: HTTP/1.1)
POST /session/85c12602898e3821ca27a246ff32a5e1/element HTTP/1.1
User-Agent: selenium/4.1.2 (java windows)
Content-Length: 68
Content-Type: application/json; charset=utf-8
host: localhost:60748
accept: */*

Response DefaultHttpResponse(decodeResult: success, version: HTTP/1.1)
HTTP/1.1 200 OK
Content-Type: application/json; charset=utf-8
cache-control: no-cache
content-length: 88

20:31:20.213 [AsyncHttpClient-1-2] DEBUG org.asynchttpclient.netty.channel.ChannelManager - Adding key: http://localhost:60748 for channel [id: 0x1ec0c1ac, L:/127.0.0.1:52198 - R:localhost/127.0.0.1:60748]
20:31:20.221 [Forwarding getElementTagName on session 85c12602898e3821ca27a246ff32a5e1 to remote] DEBUG org.asynchttpclient.netty.request.NettyRequestSender - Using pooled Channel '[id: 0x1ec0c1ac, L:/127.0.0.1:52198 - R:localhost/127.0.0.1:60748]' for 'GET' to 'http://localhost:60748/session/85c12602898e3821ca27a246ff32a5e1/element/d70a1870-6ea0-46fc-aa3f-3e9dae09f2f9/name'
20:31:20.221 [Forwarding getElementTagName on session 85c12602898e3821ca27a246ff32a5e1 to remote] DEBUG org.asynchttpclient.netty.request.NettyRequestSender - Using open Channel [id: 0x1ec0c1ac, L:/127.0.0.1:52198 - R:localhost/127.0.0.1:60748] for GET '/session/85c12602898e3821ca27a246ff32a5e1/element/d70a1870-6ea0-46fc-aa3f-3e9dae09f2f9/name'
20:31:20.229 [AsyncHttpClient-1-2] DEBUG org.asynchttpclient.netty.handler.HttpHandler - 

Request DefaultFullHttpRequest(decodeResult: success, version: HTTP/1.1, content: EmptyByteBufBE)
GET /session/85c12602898e3821ca27a246ff32a5e1/element/d70a1870-6ea0-46fc-aa3f-3e9dae09f2f9/name HTTP/1.1
User-Agent: selenium/4.1.2 (java windows)
Cache-Control: no-cache
Content-Type: application/json; charset=utf-8
host: localhost:60748
accept: */*

Response DefaultHttpResponse(decodeResult: success, version: HTTP/1.1)
HTTP/1.1 200 OK
Content-Type: application/json; charset=utf-8
cache-control: no-cache
content-length: 18

20:31:20.229 [AsyncHttpClient-1-2] DEBUG org.asynchttpclient.netty.channel.ChannelManager - Adding key: http://localhost:60748 for channel [id: 0x1ec0c1ac, L:/127.0.0.1:52198 - R:localhost/127.0.0.1:60748]
20:31:20.237 [Forwarding getElementTagName on session 85c12602898e3821ca27a246ff32a5e1 to remote] DEBUG org.asynchttpclient.netty.request.NettyRequestSender - Using pooled Channel '[id: 0x1ec0c1ac, L:/127.0.0.1:52198 - R:localhost/127.0.0.1:60748]' for 'GET' to 'http://localhost:60748/session/85c12602898e3821ca27a246ff32a5e1/element/d70a1870-6ea0-46fc-aa3f-3e9dae09f2f9/name'
20:31:20.237 [Forwarding getElementTagName on session 85c12602898e3821ca27a246ff32a5e1 to remote] DEBUG org.asynchttpclient.netty.request.NettyRequestSender - Using open Channel [id: 0x1ec0c1ac, L:/127.0.0.1:52198 - R:localhost/127.0.0.1:60748] for GET '/session/85c12602898e3821ca27a246ff32a5e1/element/d70a1870-6ea0-46fc-aa3f-3e9dae09f2f9/name'
20:31:20.253 [AsyncHttpClient-1-2] DEBUG org.asynchttpclient.netty.handler.HttpHandler - 

Request DefaultFullHttpRequest(decodeResult: success, version: HTTP/1.1, content: EmptyByteBufBE)
GET /session/85c12602898e3821ca27a246ff32a5e1/element/d70a1870-6ea0-46fc-aa3f-3e9dae09f2f9/name HTTP/1.1
User-Agent: selenium/4.1.2 (java windows)
Cache-Control: no-cache
Content-Type: application/json; charset=utf-8
host: localhost:60748
accept: */*

Response DefaultHttpResponse(decodeResult: success, version: HTTP/1.1)
HTTP/1.1 200 OK
Content-Type: application/json; charset=utf-8
cache-control: no-cache
content-length: 18

20:31:20.253 [AsyncHttpClient-1-2] DEBUG org.asynchttpclient.netty.channel.ChannelManager - Adding key: http://localhost:60748 for channel [id: 0x1ec0c1ac, L:/127.0.0.1:52198 - R:localhost/127.0.0.1:60748]
20:31:20.261 [Forwarding isElementEnabled on session 85c12602898e3821ca27a246ff32a5e1 to remote] DEBUG org.asynchttpclient.netty.request.NettyRequestSender - Using pooled Channel '[id: 0x1ec0c1ac, L:/127.0.0.1:52198 - R:localhost/127.0.0.1:60748]' for 'GET' to 'http://localhost:60748/session/85c12602898e3821ca27a246ff32a5e1/element/d70a1870-6ea0-46fc-aa3f-3e9dae09f2f9/enabled'
20:31:20.261 [Forwarding isElementEnabled on session 85c12602898e3821ca27a246ff32a5e1 to remote] DEBUG org.asynchttpclient.netty.request.NettyRequestSender - Using open Channel [id: 0x1ec0c1ac, L:/127.0.0.1:52198 - R:localhost/127.0.0.1:60748] for GET '/session/85c12602898e3821ca27a246ff32a5e1/element/d70a1870-6ea0-46fc-aa3f-3e9dae09f2f9/enabled'
20:31:20.285 [AsyncHttpClient-1-2] DEBUG org.asynchttpclient.netty.handler.HttpHandler - 

Request DefaultFullHttpRequest(decodeResult: success, version: HTTP/1.1, content: EmptyByteBufBE)
GET /session/85c12602898e3821ca27a246ff32a5e1/element/d70a1870-6ea0-46fc-aa3f-3e9dae09f2f9/enabled HTTP/1.1
User-Agent: selenium/4.1.2 (java windows)
Cache-Control: no-cache
Content-Type: application/json; charset=utf-8
host: localhost:60748
accept: */*

Response DefaultHttpResponse(decodeResult: success, version: HTTP/1.1)
HTTP/1.1 200 OK
Content-Type: application/json; charset=utf-8
cache-control: no-cache
content-length: 14

20:31:20.285 [AsyncHttpClient-1-2] DEBUG org.asynchttpclient.netty.channel.ChannelManager - Adding key: http://localhost:60748 for channel [id: 0x1ec0c1ac, L:/127.0.0.1:52198 - R:localhost/127.0.0.1:60748]
20:31:20.285 [Forwarding isElementEnabled on session 85c12602898e3821ca27a246ff32a5e1 to remote] DEBUG org.asynchttpclient.netty.request.NettyRequestSender - Using pooled Channel '[id: 0x1ec0c1ac, L:/127.0.0.1:52198 - R:localhost/127.0.0.1:60748]' for 'GET' to 'http://localhost:60748/session/85c12602898e3821ca27a246ff32a5e1/element/d70a1870-6ea0-46fc-aa3f-3e9dae09f2f9/enabled'
20:31:20.285 [Forwarding isElementEnabled on session 85c12602898e3821ca27a246ff32a5e1 to remote] DEBUG org.asynchttpclient.netty.request.NettyRequestSender - Using open Channel [id: 0x1ec0c1ac, L:/127.0.0.1:52198 - R:localhost/127.0.0.1:60748] for GET '/session/85c12602898e3821ca27a246ff32a5e1/element/d70a1870-6ea0-46fc-aa3f-3e9dae09f2f9/enabled'
20:31:20.301 [AsyncHttpClient-1-2] DEBUG org.asynchttpclient.netty.handler.HttpHandler - 

Request DefaultFullHttpRequest(decodeResult: success, version: HTTP/1.1, content: EmptyByteBufBE)
GET /session/85c12602898e3821ca27a246ff32a5e1/element/d70a1870-6ea0-46fc-aa3f-3e9dae09f2f9/enabled HTTP/1.1
User-Agent: selenium/4.1.2 (java windows)
Cache-Control: no-cache
Content-Type: application/json; charset=utf-8
host: localhost:60748
accept: */*

Response DefaultHttpResponse(decodeResult: success, version: HTTP/1.1)
HTTP/1.1 200 OK
Content-Type: application/json; charset=utf-8
cache-control: no-cache
content-length: 14

20:31:20.301 [AsyncHttpClient-1-2] DEBUG org.asynchttpclient.netty.channel.ChannelManager - Adding key: http://localhost:60748 for channel [id: 0x1ec0c1ac, L:/127.0.0.1:52198 - R:localhost/127.0.0.1:60748]
20:31:20.309 [Forwarding findElement on session 85c12602898e3821ca27a246ff32a5e1 to remote] DEBUG org.asynchttpclient.netty.request.NettyRequestSender - Using pooled Channel '[id: 0x1ec0c1ac, L:/127.0.0.1:52198 - R:localhost/127.0.0.1:60748]' for 'POST' to 'http://localhost:60748/session/85c12602898e3821ca27a246ff32a5e1/element'
20:31:20.309 [Forwarding findElement on session 85c12602898e3821ca27a246ff32a5e1 to remote] DEBUG org.asynchttpclient.netty.request.NettyRequestSender - Using open Channel [id: 0x1ec0c1ac, L:/127.0.0.1:52198 - R:localhost/127.0.0.1:60748] for POST '/session/85c12602898e3821ca27a246ff32a5e1/element'
20:31:20.325 [AsyncHttpClient-1-2] DEBUG org.asynchttpclient.netty.handler.HttpHandler - 

Request DefaultHttpRequest(decodeResult: success, version: HTTP/1.1)
POST /session/85c12602898e3821ca27a246ff32a5e1/element HTTP/1.1
User-Agent: selenium/4.1.2 (java windows)
Content-Length: 68
Content-Type: application/json; charset=utf-8
host: localhost:60748
accept: */*

Response DefaultHttpResponse(decodeResult: success, version: HTTP/1.1)
HTTP/1.1 200 OK
Content-Type: application/json; charset=utf-8
cache-control: no-cache
content-length: 88

20:31:20.325 [AsyncHttpClient-1-2] DEBUG org.asynchttpclient.netty.channel.ChannelManager - Adding key: http://localhost:60748 for channel [id: 0x1ec0c1ac, L:/127.0.0.1:52198 - R:localhost/127.0.0.1:60748]
20:31:20.333 [Forwarding clickElement on session 85c12602898e3821ca27a246ff32a5e1 to remote] DEBUG org.asynchttpclient.netty.request.NettyRequestSender - Using pooled Channel '[id: 0x1ec0c1ac, L:/127.0.0.1:52198 - R:localhost/127.0.0.1:60748]' for 'POST' to 'http://localhost:60748/session/85c12602898e3821ca27a246ff32a5e1/element/d70a1870-6ea0-46fc-aa3f-3e9dae09f2f9/click'
20:31:20.333 [Forwarding clickElement on session 85c12602898e3821ca27a246ff32a5e1 to remote] DEBUG org.asynchttpclient.netty.request.NettyRequestSender - Using open Channel [id: 0x1ec0c1ac, L:/127.0.0.1:52198 - R:localhost/127.0.0.1:60748] for POST '/session/85c12602898e3821ca27a246ff32a5e1/element/d70a1870-6ea0-46fc-aa3f-3e9dae09f2f9/click'
20:31:20.691 [AsyncHttpClient-1-2] DEBUG org.asynchttpclient.netty.handler.HttpHandler - 

Request DefaultHttpRequest(decodeResult: success, version: HTTP/1.1)
POST /session/85c12602898e3821ca27a246ff32a5e1/element/d70a1870-6ea0-46fc-aa3f-3e9dae09f2f9/click HTTP/1.1
User-Agent: selenium/4.1.2 (java windows)
Content-Length: 50
Content-Type: application/json; charset=utf-8
host: localhost:60748
accept: */*

Response DefaultHttpResponse(decodeResult: success, version: HTTP/1.1)
HTTP/1.1 200 OK
Content-Type: application/json; charset=utf-8
cache-control: no-cache
content-length: 14

20:31:20.691 [AsyncHttpClient-1-2] DEBUG org.asynchttpclient.netty.channel.ChannelManager - Adding key: http://localhost:60748 for channel [id: 0x1ec0c1ac, L:/127.0.0.1:52198 - R:localhost/127.0.0.1:60748]
20:31:20.707 [Forwarding screenshot on session 85c12602898e3821ca27a246ff32a5e1 to remote] DEBUG org.asynchttpclient.netty.request.NettyRequestSender - Using pooled Channel '[id: 0x1ec0c1ac, L:/127.0.0.1:52198 - R:localhost/127.0.0.1:60748]' for 'GET' to 'http://localhost:60748/session/85c12602898e3821ca27a246ff32a5e1/screenshot'
20:31:20.707 [Forwarding screenshot on session 85c12602898e3821ca27a246ff32a5e1 to remote] DEBUG org.asynchttpclient.netty.request.NettyRequestSender - Using open Channel [id: 0x1ec0c1ac, L:/127.0.0.1:52198 - R:localhost/127.0.0.1:60748] for GET '/session/85c12602898e3821ca27a246ff32a5e1/screenshot'
20:31:20.795 [AsyncHttpClient-1-1] DEBUG org.asynchttpclient.netty.channel.DefaultChannelPool - Entry count for : http://localhost:52200 : 1
20:31:21.279 [AsyncHttpClient-1-2] DEBUG org.asynchttpclient.netty.handler.HttpHandler - 

Request DefaultFullHttpRequest(decodeResult: success, version: HTTP/1.1, content: EmptyByteBufBE)
GET /session/85c12602898e3821ca27a246ff32a5e1/screenshot HTTP/1.1
User-Agent: selenium/4.1.2 (java windows)
Cache-Control: no-cache
Content-Type: application/json; charset=utf-8
host: localhost:60748
accept: */*

Response DefaultHttpResponse(decodeResult: success, version: HTTP/1.1)
HTTP/1.1 200 OK
Content-Type: application/json; charset=utf-8
cache-control: no-cache
content-length: 47008

20:31:21.279 [AsyncHttpClient-1-2] DEBUG org.asynchttpclient.netty.channel.ChannelManager - Adding key: http://localhost:60748 for channel [id: 0x1ec0c1ac, L:/127.0.0.1:52198 - R:localhost/127.0.0.1:60748]
20:31:21.287 [main] DEBUG net.serenitybdd.core.photography.Darkroom - Send negative for processing for target\site\serenity\b4ac65ccfdb0cb5f41d02a8cf4f3a796fd55a4fbda4dbe1fe5e5262ef43ec60b.png
20:31:21.287 [main] DEBUG net.thucydides.core.steps.StepInterceptor - STEP DONE: clickButtonTambah
  &amp#27;[32mWhen &amp#27;[0m&amp#27;[32mClick button tambah data&amp#27;[0m                                       &amp#27;[90m# starter.stepdefinitios.PatientDataSteps.clickButtonTambahData()&amp#27;[0m
20:31:21.287 [Darkroom Processing Line] DEBUG net.serenitybdd.core.photography.DarkroomProcessingLine - Processing screenshot image in /var/screenshots/screenshot-10162236048014778835
20:31:21.287 [Darkroom Processing Line] DEBUG net.serenitybdd.core.photography.DarkroomProcessingLine - Saving screenshot to target\site\serenity\b4ac65ccfdb0cb5f41d02a8cf4f3a796fd55a4fbda4dbe1fe5e5262ef43ec60b.png
20:31:21.842 [Forwarding screenshot on session 85c12602898e3821ca27a246ff32a5e1 to remote] DEBUG org.asynchttpclient.netty.request.NettyRequestSender - Using pooled Channel '[id: 0x1ec0c1ac, L:/127.0.0.1:52198 - R:localhost/127.0.0.1:60748]' for 'GET' to 'http://localhost:60748/session/85c12602898e3821ca27a246ff32a5e1/screenshot'
20:31:21.842 [Forwarding screenshot on session 85c12602898e3821ca27a246ff32a5e1 to remote] DEBUG org.asynchttpclient.netty.request.NettyRequestSender - Using open Channel [id: 0x1ec0c1ac, L:/127.0.0.1:52198 - R:localhost/127.0.0.1:60748] for GET '/session/85c12602898e3821ca27a246ff32a5e1/screenshot'
20:31:21.892 [AsyncHttpClient-1-1] DEBUG org.asynchttpclient.netty.channel.DefaultChannelPool - Entry count for : http://localhost:52200 : 1
20:31:22.074 [AsyncHttpClient-1-2] DEBUG org.asynchttpclient.netty.handler.HttpHandler - 

Request DefaultFullHttpRequest(decodeResult: success, version: HTTP/1.1, content: EmptyByteBufBE)
GET /session/85c12602898e3821ca27a246ff32a5e1/screenshot HTTP/1.1
User-Agent: selenium/4.1.2 (java windows)
Cache-Control: no-cache
Content-Type: application/json; charset=utf-8
host: localhost:60748
accept: */*

Response DefaultHttpResponse(decodeResult: success, version: HTTP/1.1)
HTTP/1.1 200 OK
Content-Type: application/json; charset=utf-8
cache-control: no-cache
content-length: 50504

20:31:22.082 [AsyncHttpClient-1-2] DEBUG org.asynchttpclient.netty.channel.ChannelManager - Adding key: http://localhost:60748 for channel [id: 0x1ec0c1ac, L:/127.0.0.1:52198 - R:localhost/127.0.0.1:60748]
20:31:22.082 [main] DEBUG net.serenitybdd.core.photography.Darkroom - Send negative for processing for target\site\serenity\9b46d6d3c6d50f31c5127c07f12cc8a5aa88b032819cd58a358cc44d09e3495e.png
20:31:22.082 [main] DEBUG net.thucydides.core.steps.StepInterceptor - STARTING STEP: PatientDataSteps.iInput - inputDataPasien
20:31:22.090 [Darkroom Processing Line] DEBUG net.serenitybdd.core.photography.DarkroomProcessingLine - Processing screenshot image in /var/screenshots/screenshot-18281729476227258294
20:31:22.098 [Forwarding findElement on session 85c12602898e3821ca27a246ff32a5e1 to remote] DEBUG org.asynchttpclient.netty.request.NettyRequestSender - Using pooled Channel '[id: 0x1ec0c1ac, L:/127.0.0.1:52198 - R:localhost/127.0.0.1:60748]' for 'POST' to 'http://localhost:60748/session/85c12602898e3821ca27a246ff32a5e1/element'
20:31:22.098 [Forwarding findElement on session 85c12602898e3821ca27a246ff32a5e1 to remote] DEBUG org.asynchttpclient.netty.request.NettyRequestSender - Using open Channel [id: 0x1ec0c1ac, L:/127.0.0.1:52198 - R:localhost/127.0.0.1:60748] for POST '/session/85c12602898e3821ca27a246ff32a5e1/element'
20:31:22.106 [Darkroom Processing Line] DEBUG net.serenitybdd.core.photography.DarkroomProcessingLine - Saving screenshot to target\site\serenity\9b46d6d3c6d50f31c5127c07f12cc8a5aa88b032819cd58a358cc44d09e3495e.png
20:31:22.996 [AsyncHttpClient-1-1] DEBUG org.asynchttpclient.netty.channel.DefaultChannelPool - Entry count for : http://localhost:52200 : 1
20:31:23.052 [AsyncHttpClient-1-2] DEBUG org.asynchttpclient.netty.handler.HttpHandler - 

Request DefaultHttpRequest(decodeResult: success, version: HTTP/1.1)
POST /session/85c12602898e3821ca27a246ff32a5e1/element HTTP/1.1
User-Agent: selenium/4.1.2 (java windows)
Content-Length: 66
Content-Type: application/json; charset=utf-8
host: localhost:60748
accept: */*

Response DefaultHttpResponse(decodeResult: success, version: HTTP/1.1)
HTTP/1.1 200 OK
Content-Type: application/json; charset=utf-8
cache-control: no-cache
content-length: 88

20:31:23.052 [AsyncHttpClient-1-2] DEBUG org.asynchttpclient.netty.channel.ChannelManager - Adding key: http://localhost:60748 for channel [id: 0x1ec0c1ac, L:/127.0.0.1:52198 - R:localhost/127.0.0.1:60748]
20:31:23.052 [Forwarding sendKeysToElement on session 85c12602898e3821ca27a246ff32a5e1 to remote] DEBUG org.asynchttpclient.netty.request.NettyRequestSender - Using pooled Channel '[id: 0x1ec0c1ac, L:/127.0.0.1:52198 - R:localhost/127.0.0.1:60748]' for 'POST' to 'http://localhost:60748/session/85c12602898e3821ca27a246ff32a5e1/element/127fbb55-2700-4b4d-b068-97545a4fda8e/value'
20:31:23.052 [Forwarding sendKeysToElement on session 85c12602898e3821ca27a246ff32a5e1 to remote] DEBUG org.asynchttpclient.netty.request.NettyRequestSender - Using open Channel [id: 0x1ec0c1ac, L:/127.0.0.1:52198 - R:localhost/127.0.0.1:60748] for POST '/session/85c12602898e3821ca27a246ff32a5e1/element/127fbb55-2700-4b4d-b068-97545a4fda8e/value'
20:31:23.202 [AsyncHttpClient-1-2] DEBUG org.asynchttpclient.netty.handler.HttpHandler - 

Request DefaultHttpRequest(decodeResult: success, version: HTTP/1.1)
POST /session/85c12602898e3821ca27a246ff32a5e1/element/127fbb55-2700-4b4d-b068-97545a4fda8e/value HTTP/1.1
User-Agent: selenium/4.1.2 (java windows)
Content-Length: 82
Content-Type: application/json; charset=utf-8
host: localhost:60748
accept: */*

Response DefaultHttpResponse(decodeResult: success, version: HTTP/1.1)
HTTP/1.1 200 OK
Content-Type: application/json; charset=utf-8
cache-control: no-cache
content-length: 14

20:31:23.209 [AsyncHttpClient-1-2] DEBUG org.asynchttpclient.netty.channel.ChannelManager - Adding key: http://localhost:60748 for channel [id: 0x1ec0c1ac, L:/127.0.0.1:52198 - R:localhost/127.0.0.1:60748]
20:31:23.209 [Forwarding findElement on session 85c12602898e3821ca27a246ff32a5e1 to remote] DEBUG org.asynchttpclient.netty.request.NettyRequestSender - Using pooled Channel '[id: 0x1ec0c1ac, L:/127.0.0.1:52198 - R:localhost/127.0.0.1:60748]' for 'POST' to 'http://localhost:60748/session/85c12602898e3821ca27a246ff32a5e1/element'
20:31:23.209 [Forwarding findElement on session 85c12602898e3821ca27a246ff32a5e1 to remote] DEBUG org.asynchttpclient.netty.request.NettyRequestSender - Using open Channel [id: 0x1ec0c1ac, L:/127.0.0.1:52198 - R:localhost/127.0.0.1:60748] for POST '/session/85c12602898e3821ca27a246ff32a5e1/element'
20:31:23.256 [AsyncHttpClient-1-2] DEBUG org.asynchttpclient.netty.handler.HttpHandler - 

Request DefaultHttpRequest(decodeResult: success, version: HTTP/1.1)
POST /session/85c12602898e3821ca27a246ff32a5e1/element HTTP/1.1
User-Agent: selenium/4.1.2 (java windows)
Content-Length: 65
Content-Type: application/json; charset=utf-8
host: localhost:60748
accept: */*

Response DefaultHttpResponse(decodeResult: success, version: HTTP/1.1)
HTTP/1.1 200 OK
Content-Type: application/json; charset=utf-8
cache-control: no-cache
content-length: 88

20:31:23.256 [AsyncHttpClient-1-2] DEBUG org.asynchttpclient.netty.channel.ChannelManager - Adding key: http://localhost:60748 for channel [id: 0x1ec0c1ac, L:/127.0.0.1:52198 - R:localhost/127.0.0.1:60748]
20:31:23.256 [Forwarding sendKeysToElement on session 85c12602898e3821ca27a246ff32a5e1 to remote] DEBUG org.asynchttpclient.netty.request.NettyRequestSender - Using pooled Channel '[id: 0x1ec0c1ac, L:/127.0.0.1:52198 - R:localhost/127.0.0.1:60748]' for 'POST' to 'http://localhost:60748/session/85c12602898e3821ca27a246ff32a5e1/element/5a640d28-15d5-4b90-8131-98450bda8fb1/value'
20:31:23.256 [Forwarding sendKeysToElement on session 85c12602898e3821ca27a246ff32a5e1 to remote] DEBUG org.asynchttpclient.netty.request.NettyRequestSender - Using open Channel [id: 0x1ec0c1ac, L:/127.0.0.1:52198 - R:localhost/127.0.0.1:60748] for POST '/session/85c12602898e3821ca27a246ff32a5e1/element/5a640d28-15d5-4b90-8131-98450bda8fb1/value'
20:31:24.099 [AsyncHttpClient-1-1] DEBUG org.asynchttpclient.netty.channel.DefaultChannelPool - Entry count for : http://localhost:52200 : 1
20:31:24.494 [AsyncHttpClient-1-2] DEBUG org.asynchttpclient.netty.handler.HttpHandler - 

Request DefaultHttpRequest(decodeResult: success, version: HTTP/1.1)
POST /session/85c12602898e3821ca27a246ff32a5e1/element/5a640d28-15d5-4b90-8131-98450bda8fb1/value HTTP/1.1
User-Agent: selenium/4.1.2 (java windows)
Content-Length: 181
Content-Type: application/json; charset=utf-8
host: localhost:60748
accept: */*

Response DefaultHttpResponse(decodeResult: success, version: HTTP/1.1)
HTTP/1.1 200 OK
Content-Type: application/json; charset=utf-8
cache-control: no-cache
content-length: 14

20:31:24.494 [AsyncHttpClient-1-2] DEBUG org.asynchttpclient.netty.channel.ChannelManager - Adding key: http://localhost:60748 for channel [id: 0x1ec0c1ac, L:/127.0.0.1:52198 - R:localhost/127.0.0.1:60748]
20:31:24.494 [Forwarding findElement on session 85c12602898e3821ca27a246ff32a5e1 to remote] DEBUG org.asynchttpclient.netty.request.NettyRequestSender - Using pooled Channel '[id: 0x1ec0c1ac, L:/127.0.0.1:52198 - R:localhost/127.0.0.1:60748]' for 'POST' to 'http://localhost:60748/session/85c12602898e3821ca27a246ff32a5e1/element'
20:31:24.494 [Forwarding findElement on session 85c12602898e3821ca27a246ff32a5e1 to remote] DEBUG org.asynchttpclient.netty.request.NettyRequestSender - Using open Channel [id: 0x1ec0c1ac, L:/127.0.0.1:52198 - R:localhost/127.0.0.1:60748] for POST '/session/85c12602898e3821ca27a246ff32a5e1/element'
20:31:24.557 [AsyncHttpClient-1-2] DEBUG org.asynchttpclient.netty.handler.HttpHandler - 

Request DefaultHttpRequest(decodeResult: success, version: HTTP/1.1)
POST /session/85c12602898e3821ca27a246ff32a5e1/element HTTP/1.1
User-Agent: selenium/4.1.2 (java windows)
Content-Length: 66
Content-Type: application/json; charset=utf-8
host: localhost:60748
accept: */*

Response DefaultHttpResponse(decodeResult: success, version: HTTP/1.1)
HTTP/1.1 200 OK
Content-Type: application/json; charset=utf-8
cache-control: no-cache
content-length: 88

20:31:24.557 [AsyncHttpClient-1-2] DEBUG org.asynchttpclient.netty.channel.ChannelManager - Adding key: http://localhost:60748 for channel [id: 0x1ec0c1ac, L:/127.0.0.1:52198 - R:localhost/127.0.0.1:60748]
20:31:24.572 [Forwarding sendKeysToElement on session 85c12602898e3821ca27a246ff32a5e1 to remote] DEBUG org.asynchttpclient.netty.request.NettyRequestSender - Using pooled Channel '[id: 0x1ec0c1ac, L:/127.0.0.1:52198 - R:localhost/127.0.0.1:60748]' for 'POST' to 'http://localhost:60748/session/85c12602898e3821ca27a246ff32a5e1/element/5e352b62-49c8-45a1-ac25-634f9b243165/value'
20:31:24.572 [Forwarding sendKeysToElement on session 85c12602898e3821ca27a246ff32a5e1 to remote] DEBUG org.asynchttpclient.netty.request.NettyRequestSender - Using open Channel [id: 0x1ec0c1ac, L:/127.0.0.1:52198 - R:localhost/127.0.0.1:60748] for POST '/session/85c12602898e3821ca27a246ff32a5e1/element/5e352b62-49c8-45a1-ac25-634f9b243165/value'
20:31:24.832 [AsyncHttpClient-1-2] DEBUG org.asynchttpclient.netty.handler.HttpHandler - 

Request DefaultHttpRequest(decodeResult: success, version: HTTP/1.1)
POST /session/85c12602898e3821ca27a246ff32a5e1/element/5e352b62-49c8-45a1-ac25-634f9b243165/value HTTP/1.1
User-Agent: selenium/4.1.2 (java windows)
Content-Length: 101
Content-Type: application/json; charset=utf-8
host: localhost:60748
accept: */*

Response DefaultHttpResponse(decodeResult: success, version: HTTP/1.1)
HTTP/1.1 200 OK
Content-Type: application/json; charset=utf-8
cache-control: no-cache
content-length: 14

20:31:24.832 [AsyncHttpClient-1-2] DEBUG org.asynchttpclient.netty.channel.ChannelManager - Adding key: http://localhost:60748 for channel [id: 0x1ec0c1ac, L:/127.0.0.1:52198 - R:localhost/127.0.0.1:60748]
20:31:24.848 [Forwarding findElement on session 85c12602898e3821ca27a246ff32a5e1 to remote] DEBUG org.asynchttpclient.netty.request.NettyRequestSender - Using pooled Channel '[id: 0x1ec0c1ac, L:/127.0.0.1:52198 - R:localhost/127.0.0.1:60748]' for 'POST' to 'http://localhost:60748/session/85c12602898e3821ca27a246ff32a5e1/element'
20:31:24.848 [Forwarding findElement on session 85c12602898e3821ca27a246ff32a5e1 to remote] DEBUG org.asynchttpclient.netty.request.NettyRequestSender - Using open Channel [id: 0x1ec0c1ac, L:/127.0.0.1:52198 - R:localhost/127.0.0.1:60748] for POST '/session/85c12602898e3821ca27a246ff32a5e1/element'
20:31:24.895 [AsyncHttpClient-1-2] DEBUG org.asynchttpclient.netty.handler.HttpHandler - 

Request DefaultHttpRequest(decodeResult: success, version: HTTP/1.1)
POST /session/85c12602898e3821ca27a246ff32a5e1/element HTTP/1.1
User-Agent: selenium/4.1.2 (java windows)
Content-Length: 66
Content-Type: application/json; charset=utf-8
host: localhost:60748
accept: */*

Response DefaultHttpResponse(decodeResult: success, version: HTTP/1.1)
HTTP/1.1 200 OK
Content-Type: application/json; charset=utf-8
cache-control: no-cache
content-length: 88

20:31:24.895 [AsyncHttpClient-1-2] DEBUG org.asynchttpclient.netty.channel.ChannelManager - Adding key: http://localhost:60748 for channel [id: 0x1ec0c1ac, L:/127.0.0.1:52198 - R:localhost/127.0.0.1:60748]
20:31:24.895 [Forwarding sendKeysToElement on session 85c12602898e3821ca27a246ff32a5e1 to remote] DEBUG org.asynchttpclient.netty.request.NettyRequestSender - Using pooled Channel '[id: 0x1ec0c1ac, L:/127.0.0.1:52198 - R:localhost/127.0.0.1:60748]' for 'POST' to 'http://localhost:60748/session/85c12602898e3821ca27a246ff32a5e1/element/6a338219-d23b-495c-ae1c-6ef7888aec44/value'
20:31:24.895 [Forwarding sendKeysToElement on session 85c12602898e3821ca27a246ff32a5e1 to remote] DEBUG org.asynchttpclient.netty.request.NettyRequestSender - Using open Channel [id: 0x1ec0c1ac, L:/127.0.0.1:52198 - R:localhost/127.0.0.1:60748] for POST '/session/85c12602898e3821ca27a246ff32a5e1/element/6a338219-d23b-495c-ae1c-6ef7888aec44/value'
20:31:25.190 [AsyncHttpClient-1-1] DEBUG org.asynchttpclient.netty.channel.DefaultChannelPool - Entry count for : http://localhost:52200 : 1
20:31:25.585 [AsyncHttpClient-1-2] DEBUG org.asynchttpclient.netty.handler.HttpHandler - 

Request DefaultHttpRequest(decodeResult: success, version: HTTP/1.1)
POST /session/85c12602898e3821ca27a246ff32a5e1/element/6a338219-d23b-495c-ae1c-6ef7888aec44/value HTTP/1.1
User-Agent: selenium/4.1.2 (java windows)
Content-Length: 191
Content-Type: application/json; charset=utf-8
host: localhost:60748
accept: */*

Response DefaultHttpResponse(decodeResult: success, version: HTTP/1.1)
HTTP/1.1 200 OK
Content-Type: application/json; charset=utf-8
cache-control: no-cache
content-length: 14

20:31:25.585 [AsyncHttpClient-1-2] DEBUG org.asynchttpclient.netty.channel.ChannelManager - Adding key: http://localhost:60748 for channel [id: 0x1ec0c1ac, L:/127.0.0.1:52198 - R:localhost/127.0.0.1:60748]
20:31:25.585 [Forwarding findElement on session 85c12602898e3821ca27a246ff32a5e1 to remote] DEBUG org.asynchttpclient.netty.request.NettyRequestSender - Using pooled Channel '[id: 0x1ec0c1ac, L:/127.0.0.1:52198 - R:localhost/127.0.0.1:60748]' for 'POST' to 'http://localhost:60748/session/85c12602898e3821ca27a246ff32a5e1/element'
20:31:25.585 [Forwarding findElement on session 85c12602898e3821ca27a246ff32a5e1 to remote] DEBUG org.asynchttpclient.netty.request.NettyRequestSender - Using open Channel [id: 0x1ec0c1ac, L:/127.0.0.1:52198 - R:localhost/127.0.0.1:60748] for POST '/session/85c12602898e3821ca27a246ff32a5e1/element'
20:31:25.664 [AsyncHttpClient-1-2] DEBUG org.asynchttpclient.netty.handler.HttpHandler - 

Request DefaultHttpRequest(decodeResult: success, version: HTTP/1.1)
POST /session/85c12602898e3821ca27a246ff32a5e1/element HTTP/1.1
User-Agent: selenium/4.1.2 (java windows)
Content-Length: 68
Content-Type: application/json; charset=utf-8
host: localhost:60748
accept: */*

Response DefaultHttpResponse(decodeResult: success, version: HTTP/1.1)
HTTP/1.1 200 OK
Content-Type: application/json; charset=utf-8
cache-control: no-cache
content-length: 88

20:31:25.664 [AsyncHttpClient-1-2] DEBUG org.asynchttpclient.netty.channel.ChannelManager - Adding key: http://localhost:60748 for channel [id: 0x1ec0c1ac, L:/127.0.0.1:52198 - R:localhost/127.0.0.1:60748]
20:31:25.664 [Forwarding sendKeysToElement on session 85c12602898e3821ca27a246ff32a5e1 to remote] DEBUG org.asynchttpclient.netty.request.NettyRequestSender - Using pooled Channel '[id: 0x1ec0c1ac, L:/127.0.0.1:52198 - R:localhost/127.0.0.1:60748]' for 'POST' to 'http://localhost:60748/session/85c12602898e3821ca27a246ff32a5e1/element/881c6851-0de8-4f7e-994c-aa7d6bd4b6cf/value'
20:31:25.664 [Forwarding sendKeysToElement on session 85c12602898e3821ca27a246ff32a5e1 to remote] DEBUG org.asynchttpclient.netty.request.NettyRequestSender - Using open Channel [id: 0x1ec0c1ac, L:/127.0.0.1:52198 - R:localhost/127.0.0.1:60748] for POST '/session/85c12602898e3821ca27a246ff32a5e1/element/881c6851-0de8-4f7e-994c-aa7d6bd4b6cf/value'
20:31:26.289 [AsyncHttpClient-1-1] DEBUG org.asynchttpclient.netty.channel.DefaultChannelPool - Entry count for : http://localhost:52200 : 1
20:31:26.928 [AsyncHttpClient-1-2] DEBUG org.asynchttpclient.netty.handler.HttpHandler - 

Request DefaultHttpRequest(decodeResult: success, version: HTTP/1.1)
POST /session/85c12602898e3821ca27a246ff32a5e1/element/881c6851-0de8-4f7e-994c-aa7d6bd4b6cf/value HTTP/1.1
User-Agent: selenium/4.1.2 (java windows)
Content-Length: 171
Content-Type: application/json; charset=utf-8
host: localhost:60748
accept: */*

Response DefaultHttpResponse(decodeResult: success, version: HTTP/1.1)
HTTP/1.1 200 OK
Content-Type: application/json; charset=utf-8
cache-control: no-cache
content-length: 14

20:31:26.928 [AsyncHttpClient-1-2] DEBUG org.asynchttpclient.netty.channel.ChannelManager - Adding key: http://localhost:60748 for channel [id: 0x1ec0c1ac, L:/127.0.0.1:52198 - R:localhost/127.0.0.1:60748]
20:31:26.944 [Forwarding screenshot on session 85c12602898e3821ca27a246ff32a5e1 to remote] DEBUG org.asynchttpclient.netty.request.NettyRequestSender - Using pooled Channel '[id: 0x1ec0c1ac, L:/127.0.0.1:52198 - R:localhost/127.0.0.1:60748]' for 'GET' to 'http://localhost:60748/session/85c12602898e3821ca27a246ff32a5e1/screenshot'
20:31:26.944 [Forwarding screenshot on session 85c12602898e3821ca27a246ff32a5e1 to remote] DEBUG org.asynchttpclient.netty.request.NettyRequestSender - Using open Channel [id: 0x1ec0c1ac, L:/127.0.0.1:52198 - R:localhost/127.0.0.1:60748] for GET '/session/85c12602898e3821ca27a246ff32a5e1/screenshot'
20:31:27.396 [AsyncHttpClient-1-1] DEBUG org.asynchttpclient.netty.channel.DefaultChannelPool - Entry count for : http://localhost:52200 : 1
20:31:27.654 [AsyncHttpClient-1-2] DEBUG org.asynchttpclient.netty.handler.HttpHandler - 

Request DefaultFullHttpRequest(decodeResult: success, version: HTTP/1.1, content: EmptyByteBufBE)
GET /session/85c12602898e3821ca27a246ff32a5e1/screenshot HTTP/1.1
User-Agent: selenium/4.1.2 (java windows)
Cache-Control: no-cache
Content-Type: application/json; charset=utf-8
host: localhost:60748
accept: */*

Response DefaultHttpResponse(decodeResult: success, version: HTTP/1.1)
HTTP/1.1 200 OK
Content-Type: application/json; charset=utf-8
cache-control: no-cache
content-length: 344772

20:31:27.654 [AsyncHttpClient-1-2] DEBUG org.asynchttpclient.netty.channel.ChannelManager - Adding key: http://localhost:60748 for channel [id: 0x1ec0c1ac, L:/127.0.0.1:52198 - R:localhost/127.0.0.1:60748]
20:31:27.693 [main] DEBUG net.serenitybdd.core.photography.Darkroom - Send negative for processing for target\site\serenity\85e7a7f6bcb6f4831bae29ff629c5f9cdb43a198f0102c855bcf4a867830b489.png
20:31:27.693 [main] DEBUG net.thucydides.core.steps.StepInterceptor - STEP DONE: inputDataPasien
  &amp#27;[32mThen &amp#27;[0m&amp#27;[32mI input &amp#27;[0m&amp#27;[32m&amp#27;[1m""&amp#27;[0m&amp#27;[32m &amp#27;[0m&amp#27;[32m&amp#27;[1m"1234479680"&amp#27;[0m&amp#27;[32m &amp#27;[0m&amp#27;[32m&amp#27;[1m"20"&amp#27;[0m&amp#27;[32m &amp#27;[0m&amp#27;[32m&amp#27;[1m"01294657612"&amp#27;[0m&amp#27;[32m &amp#27;[0m&amp#27;[32m&amp#27;[1m"perumahan"&amp#27;[0m&amp#27;[32m patient&amp#27;[0m &amp#27;[90m# starter.stepdefinitios.PatientDataSteps.iInput(java.lang.String,java.lang.String,java.lang.String,java.lang.String,java.lang.String)&amp#27;[0m
20:31:27.693 [Darkroom Processing Line] DEBUG net.serenitybdd.core.photography.DarkroomProcessingLine - Processing screenshot image in /var/screenshots/screenshot-5291496971171792504
20:31:27.693 [Darkroom Processing Line] DEBUG net.serenitybdd.core.photography.DarkroomProcessingLine - Saving screenshot to target\site\serenity\85e7a7f6bcb6f4831bae29ff629c5f9cdb43a198f0102c855bcf4a867830b489.png
20:31:27.747 [Forwarding screenshot on session 85c12602898e3821ca27a246ff32a5e1 to remote] DEBUG org.asynchttpclient.netty.request.NettyRequestSender - Using pooled Channel '[id: 0x1ec0c1ac, L:/127.0.0.1:52198 - R:localhost/127.0.0.1:60748]' for 'GET' to 'http://localhost:60748/session/85c12602898e3821ca27a246ff32a5e1/screenshot'
20:31:27.747 [Forwarding screenshot on session 85c12602898e3821ca27a246ff32a5e1 to remote] DEBUG org.asynchttpclient.netty.request.NettyRequestSender - Using open Channel [id: 0x1ec0c1ac, L:/127.0.0.1:52198 - R:localhost/127.0.0.1:60748] for GET '/session/85c12602898e3821ca27a246ff32a5e1/screenshot'
20:31:28.131 [AsyncHttpClient-1-2] DEBUG org.asynchttpclient.netty.handler.HttpHandler - 

Request DefaultFullHttpRequest(decodeResult: success, version: HTTP/1.1, content: EmptyByteBufBE)
GET /session/85c12602898e3821ca27a246ff32a5e1/screenshot HTTP/1.1
User-Agent: selenium/4.1.2 (java windows)
Cache-Control: no-cache
Content-Type: application/json; charset=utf-8
host: localhost:60748
accept: */*

Response DefaultHttpResponse(decodeResult: success, version: HTTP/1.1)
HTTP/1.1 200 OK
Content-Type: application/json; charset=utf-8
cache-control: no-cache
content-length: 344740

20:31:28.131 [AsyncHttpClient-1-2] DEBUG org.asynchttpclient.netty.channel.ChannelManager - Adding key: http://localhost:60748 for channel [id: 0x1ec0c1ac, L:/127.0.0.1:52198 - R:localhost/127.0.0.1:60748]
20:31:28.162 [main] DEBUG net.serenitybdd.core.photography.Darkroom - Send negative for processing for target\site\serenity\e1c8fe3284713f700011e9ecfc47cf6a40ab1b4d3968283cbd6556dbb907608c.png
20:31:28.162 [main] DEBUG net.thucydides.core.steps.StepInterceptor - STARTING STEP: PatientDataSteps.iClickButtonJenisKelamin - clickLaki
20:31:28.162 [Forwarding findElement on session 85c12602898e3821ca27a246ff32a5e1 to remote] DEBUG org.asynchttpclient.netty.request.NettyRequestSender - Using pooled Channel '[id: 0x1ec0c1ac, L:/127.0.0.1:52198 - R:localhost/127.0.0.1:60748]' for 'POST' to 'http://localhost:60748/session/85c12602898e3821ca27a246ff32a5e1/element'
20:31:28.162 [Forwarding findElement on session 85c12602898e3821ca27a246ff32a5e1 to remote] DEBUG org.asynchttpclient.netty.request.NettyRequestSender - Using open Channel [id: 0x1ec0c1ac, L:/127.0.0.1:52198 - R:localhost/127.0.0.1:60748] for POST '/session/85c12602898e3821ca27a246ff32a5e1/element'
20:31:28.194 [Darkroom Processing Line] DEBUG net.serenitybdd.core.photography.DarkroomProcessingLine - Processing screenshot image in /var/screenshots/screenshot-8502464996887876174
20:31:28.194 [Darkroom Processing Line] DEBUG net.serenitybdd.core.photography.DarkroomProcessingLine - Saving screenshot to target\site\serenity\e1c8fe3284713f700011e9ecfc47cf6a40ab1b4d3968283cbd6556dbb907608c.png
20:31:28.365 [AsyncHttpClient-1-2] DEBUG org.asynchttpclient.netty.handler.HttpHandler - 

Request DefaultHttpRequest(decodeResult: success, version: HTTP/1.1)
POST /session/85c12602898e3821ca27a246ff32a5e1/element HTTP/1.1
User-Agent: selenium/4.1.2 (java windows)
Content-Length: 179
Content-Type: application/json; charset=utf-8
host: localhost:60748
accept: */*

Response DefaultHttpResponse(decodeResult: success, version: HTTP/1.1)
HTTP/1.1 200 OK
Content-Type: application/json; charset=utf-8
cache-control: no-cache
content-length: 88

20:31:28.365 [AsyncHttpClient-1-2] DEBUG org.asynchttpclient.netty.channel.ChannelManager - Adding key: http://localhost:60748 for channel [id: 0x1ec0c1ac, L:/127.0.0.1:52198 - R:localhost/127.0.0.1:60748]
20:31:28.366 [Forwarding getElementTagName on session 85c12602898e3821ca27a246ff32a5e1 to remote] DEBUG org.asynchttpclient.netty.request.NettyRequestSender - Using pooled Channel '[id: 0x1ec0c1ac, L:/127.0.0.1:52198 - R:localhost/127.0.0.1:60748]' for 'GET' to 'http://localhost:60748/session/85c12602898e3821ca27a246ff32a5e1/element/fe3ee5d0-30be-4d4b-b8a5-519d1a6edf77/name'
20:31:28.366 [Forwarding getElementTagName on session 85c12602898e3821ca27a246ff32a5e1 to remote] DEBUG org.asynchttpclient.netty.request.NettyRequestSender - Using open Channel [id: 0x1ec0c1ac, L:/127.0.0.1:52198 - R:localhost/127.0.0.1:60748] for GET '/session/85c12602898e3821ca27a246ff32a5e1/element/fe3ee5d0-30be-4d4b-b8a5-519d1a6edf77/name'
20:31:28.366 [AsyncHttpClient-1-2] DEBUG org.asynchttpclient.netty.handler.HttpHandler - 

Request DefaultFullHttpRequest(decodeResult: success, version: HTTP/1.1, content: EmptyByteBufBE)
GET /session/85c12602898e3821ca27a246ff32a5e1/element/fe3ee5d0-30be-4d4b-b8a5-519d1a6edf77/name HTTP/1.1
User-Agent: selenium/4.1.2 (java windows)
Cache-Control: no-cache
Content-Type: application/json; charset=utf-8
host: localhost:60748
accept: */*

Response DefaultHttpResponse(decodeResult: success, version: HTTP/1.1)
HTTP/1.1 200 OK
Content-Type: application/json; charset=utf-8
cache-control: no-cache
content-length: 16

20:31:28.366 [AsyncHttpClient-1-2] DEBUG org.asynchttpclient.netty.channel.ChannelManager - Adding key: http://localhost:60748 for channel [id: 0x1ec0c1ac, L:/127.0.0.1:52198 - R:localhost/127.0.0.1:60748]
20:31:28.382 [Forwarding getElementTagName on session 85c12602898e3821ca27a246ff32a5e1 to remote] DEBUG org.asynchttpclient.netty.request.NettyRequestSender - Using pooled Channel '[id: 0x1ec0c1ac, L:/127.0.0.1:52198 - R:localhost/127.0.0.1:60748]' for 'GET' to 'http://localhost:60748/session/85c12602898e3821ca27a246ff32a5e1/element/fe3ee5d0-30be-4d4b-b8a5-519d1a6edf77/name'
20:31:28.382 [Forwarding getElementTagName on session 85c12602898e3821ca27a246ff32a5e1 to remote] DEBUG org.asynchttpclient.netty.request.NettyRequestSender - Using open Channel [id: 0x1ec0c1ac, L:/127.0.0.1:52198 - R:localhost/127.0.0.1:60748] for GET '/session/85c12602898e3821ca27a246ff32a5e1/element/fe3ee5d0-30be-4d4b-b8a5-519d1a6edf77/name'
20:31:28.452 [AsyncHttpClient-1-2] DEBUG org.asynchttpclient.netty.handler.HttpHandler - 

Request DefaultFullHttpRequest(decodeResult: success, version: HTTP/1.1, content: EmptyByteBufBE)
GET /session/85c12602898e3821ca27a246ff32a5e1/element/fe3ee5d0-30be-4d4b-b8a5-519d1a6edf77/name HTTP/1.1
User-Agent: selenium/4.1.2 (java windows)
Cache-Control: no-cache
Content-Type: application/json; charset=utf-8
host: localhost:60748
accept: */*

Response DefaultHttpResponse(decodeResult: success, version: HTTP/1.1)
HTTP/1.1 200 OK
Content-Type: application/json; charset=utf-8
cache-control: no-cache
content-length: 16

20:31:28.452 [AsyncHttpClient-1-2] DEBUG org.asynchttpclient.netty.channel.ChannelManager - Adding key: http://localhost:60748 for channel [id: 0x1ec0c1ac, L:/127.0.0.1:52198 - R:localhost/127.0.0.1:60748]
20:31:28.452 [Forwarding findElement on session 85c12602898e3821ca27a246ff32a5e1 to remote] DEBUG org.asynchttpclient.netty.request.NettyRequestSender - Using pooled Channel '[id: 0x1ec0c1ac, L:/127.0.0.1:52198 - R:localhost/127.0.0.1:60748]' for 'POST' to 'http://localhost:60748/session/85c12602898e3821ca27a246ff32a5e1/element'
20:31:28.452 [Forwarding findElement on session 85c12602898e3821ca27a246ff32a5e1 to remote] DEBUG org.asynchttpclient.netty.request.NettyRequestSender - Using open Channel [id: 0x1ec0c1ac, L:/127.0.0.1:52198 - R:localhost/127.0.0.1:60748] for POST '/session/85c12602898e3821ca27a246ff32a5e1/element'
20:31:28.515 [AsyncHttpClient-1-1] DEBUG org.asynchttpclient.netty.channel.DefaultChannelPool - Entry count for : http://localhost:52200 : 1
20:31:28.591 [AsyncHttpClient-1-2] DEBUG org.asynchttpclient.netty.handler.HttpHandler - 

Request DefaultHttpRequest(decodeResult: success, version: HTTP/1.1)
POST /session/85c12602898e3821ca27a246ff32a5e1/element HTTP/1.1
User-Agent: selenium/4.1.2 (java windows)
Content-Length: 179
Content-Type: application/json; charset=utf-8
host: localhost:60748
accept: */*

Response DefaultHttpResponse(decodeResult: success, version: HTTP/1.1)
HTTP/1.1 200 OK
Content-Type: application/json; charset=utf-8
cache-control: no-cache
content-length: 88

20:31:28.591 [AsyncHttpClient-1-2] DEBUG org.asynchttpclient.netty.channel.ChannelManager - Adding key: http://localhost:60748 for channel [id: 0x1ec0c1ac, L:/127.0.0.1:52198 - R:localhost/127.0.0.1:60748]
20:31:28.591 [Forwarding clickElement on session 85c12602898e3821ca27a246ff32a5e1 to remote] DEBUG org.asynchttpclient.netty.request.NettyRequestSender - Using pooled Channel '[id: 0x1ec0c1ac, L:/127.0.0.1:52198 - R:localhost/127.0.0.1:60748]' for 'POST' to 'http://localhost:60748/session/85c12602898e3821ca27a246ff32a5e1/element/fe3ee5d0-30be-4d4b-b8a5-519d1a6edf77/click'
20:31:28.591 [Forwarding clickElement on session 85c12602898e3821ca27a246ff32a5e1 to remote] DEBUG org.asynchttpclient.netty.request.NettyRequestSender - Using open Channel [id: 0x1ec0c1ac, L:/127.0.0.1:52198 - R:localhost/127.0.0.1:60748] for POST '/session/85c12602898e3821ca27a246ff32a5e1/element/fe3ee5d0-30be-4d4b-b8a5-519d1a6edf77/click'
20:31:28.959 [AsyncHttpClient-1-2] DEBUG org.asynchttpclient.netty.handler.HttpHandler - 

Request DefaultHttpRequest(decodeResult: success, version: HTTP/1.1)
POST /session/85c12602898e3821ca27a246ff32a5e1/element/fe3ee5d0-30be-4d4b-b8a5-519d1a6edf77/click HTTP/1.1
User-Agent: selenium/4.1.2 (java windows)
Content-Length: 50
Content-Type: application/json; charset=utf-8
host: localhost:60748
accept: */*

Response DefaultHttpResponse(decodeResult: success, version: HTTP/1.1)
HTTP/1.1 200 OK
Content-Type: application/json; charset=utf-8
cache-control: no-cache
content-length: 14

20:31:28.959 [AsyncHttpClient-1-2] DEBUG org.asynchttpclient.netty.channel.ChannelManager - Adding key: http://localhost:60748 for channel [id: 0x1ec0c1ac, L:/127.0.0.1:52198 - R:localhost/127.0.0.1:60748]
20:31:28.975 [Forwarding screenshot on session 85c12602898e3821ca27a246ff32a5e1 to remote] DEBUG org.asynchttpclient.netty.request.NettyRequestSender - Using pooled Channel '[id: 0x1ec0c1ac, L:/127.0.0.1:52198 - R:localhost/127.0.0.1:60748]' for 'GET' to 'http://localhost:60748/session/85c12602898e3821ca27a246ff32a5e1/screenshot'
20:31:28.975 [Forwarding screenshot on session 85c12602898e3821ca27a246ff32a5e1 to remote] DEBUG org.asynchttpclient.netty.request.NettyRequestSender - Using open Channel [id: 0x1ec0c1ac, L:/127.0.0.1:52198 - R:localhost/127.0.0.1:60748] for GET '/session/85c12602898e3821ca27a246ff32a5e1/screenshot'
20:31:29.521 [AsyncHttpClient-1-2] DEBUG org.asynchttpclient.netty.handler.HttpHandler - 

Request DefaultFullHttpRequest(decodeResult: success, version: HTTP/1.1, content: EmptyByteBufBE)
GET /session/85c12602898e3821ca27a246ff32a5e1/screenshot HTTP/1.1
User-Agent: selenium/4.1.2 (java windows)
Cache-Control: no-cache
Content-Type: application/json; charset=utf-8
host: localhost:60748
accept: */*

Response DefaultHttpResponse(decodeResult: success, version: HTTP/1.1)
HTTP/1.1 200 OK
Content-Type: application/json; charset=utf-8
cache-control: no-cache
content-length: 406268

20:31:29.521 [AsyncHttpClient-1-2] DEBUG org.asynchttpclient.netty.channel.ChannelManager - Adding key: http://localhost:60748 for channel [id: 0x1ec0c1ac, L:/127.0.0.1:52198 - R:localhost/127.0.0.1:60748]
20:31:29.552 [main] DEBUG net.serenitybdd.core.photography.Darkroom - Send negative for processing for target\site\serenity\967e997b39651a2d579ab1334e3cd9ac127f203757a1437a5fe54d858c0079ce.png
20:31:29.552 [main] DEBUG net.thucydides.core.steps.StepInterceptor - STEP DONE: clickLaki
  &amp#27;[32mAnd &amp#27;[0m&amp#27;[32mI click button jenis kelamin patient&amp#27;[0m                            &amp#27;[90m# starter.stepdefinitios.PatientDataSteps.iClickButtonJenisKelamin()&amp#27;[0m
20:31:29.615 [Darkroom Processing Line] DEBUG net.serenitybdd.core.photography.DarkroomProcessingLine - Processing screenshot image in /var/screenshots/screenshot-5876439418921084951
20:31:29.615 [Darkroom Processing Line] DEBUG net.serenitybdd.core.photography.DarkroomProcessingLine - Saving screenshot to target\site\serenity\967e997b39651a2d579ab1334e3cd9ac127f203757a1437a5fe54d858c0079ce.png
20:31:29.615 [Forwarding screenshot on session 85c12602898e3821ca27a246ff32a5e1 to remote] DEBUG org.asynchttpclient.netty.request.NettyRequestSender - Using pooled Channel '[id: 0x1ec0c1ac, L:/127.0.0.1:52198 - R:localhost/127.0.0.1:60748]' for 'GET' to 'http://localhost:60748/session/85c12602898e3821ca27a246ff32a5e1/screenshot'
20:31:29.615 [Forwarding screenshot on session 85c12602898e3821ca27a246ff32a5e1 to remote] DEBUG org.asynchttpclient.netty.request.NettyRequestSender - Using open Channel [id: 0x1ec0c1ac, L:/127.0.0.1:52198 - R:localhost/127.0.0.1:60748] for GET '/session/85c12602898e3821ca27a246ff32a5e1/screenshot'
20:31:29.615 [AsyncHttpClient-1-1] DEBUG org.asynchttpclient.netty.channel.DefaultChannelPool - Entry count for : http://localhost:52200 : 1
20:31:30.192 [AsyncHttpClient-1-2] DEBUG org.asynchttpclient.netty.handler.HttpHandler - 

Request DefaultFullHttpRequest(decodeResult: success, version: HTTP/1.1, content: EmptyByteBufBE)
GET /session/85c12602898e3821ca27a246ff32a5e1/screenshot HTTP/1.1
User-Agent: selenium/4.1.2 (java windows)
Cache-Control: no-cache
Content-Type: application/json; charset=utf-8
host: localhost:60748
accept: */*

Response DefaultHttpResponse(decodeResult: success, version: HTTP/1.1)
HTTP/1.1 200 OK
Content-Type: application/json; charset=utf-8
cache-control: no-cache
content-length: 405776

20:31:30.192 [AsyncHttpClient-1-2] DEBUG org.asynchttpclient.netty.channel.ChannelManager - Adding key: http://localhost:60748 for channel [id: 0x1ec0c1ac, L:/127.0.0.1:52198 - R:localhost/127.0.0.1:60748]
20:31:30.223 [main] DEBUG net.serenitybdd.core.photography.Darkroom - Send negative for processing for target\site\serenity\b22a7940317e0e8bea3099f2b557de6dbc4e6cefcea6d82cb413e23cd693f3d8.png
20:31:30.223 [Darkroom Processing Line] DEBUG net.serenitybdd.core.photography.DarkroomProcessingLine - Processing screenshot image in /var/screenshots/screenshot-280560794835391531
20:31:30.223 [Darkroom Processing Line] DEBUG net.serenitybdd.core.photography.DarkroomProcessingLine - Saving screenshot to target\site\serenity\b22a7940317e0e8bea3099f2b557de6dbc4e6cefcea6d82cb413e23cd693f3d8.png
20:31:30.270 [main] DEBUG net.thucydides.core.steps.StepInterceptor - STARTING STEP: PatientDataSteps.clickButtonSimpan - clickButtonSave
20:31:30.286 [Forwarding findElement on session 85c12602898e3821ca27a246ff32a5e1 to remote] DEBUG org.asynchttpclient.netty.request.NettyRequestSender - Using pooled Channel '[id: 0x1ec0c1ac, L:/127.0.0.1:52198 - R:localhost/127.0.0.1:60748]' for 'POST' to 'http://localhost:60748/session/85c12602898e3821ca27a246ff32a5e1/element'
20:31:30.286 [Forwarding findElement on session 85c12602898e3821ca27a246ff32a5e1 to remote] DEBUG org.asynchttpclient.netty.request.NettyRequestSender - Using open Channel [id: 0x1ec0c1ac, L:/127.0.0.1:52198 - R:localhost/127.0.0.1:60748] for POST '/session/85c12602898e3821ca27a246ff32a5e1/element'
20:31:30.494 [AsyncHttpClient-1-2] DEBUG org.asynchttpclient.netty.handler.HttpHandler - 

Request DefaultHttpRequest(decodeResult: success, version: HTTP/1.1)
POST /session/85c12602898e3821ca27a246ff32a5e1/element HTTP/1.1
User-Agent: selenium/4.1.2 (java windows)
Content-Length: 68
Content-Type: application/json; charset=utf-8
host: localhost:60748
accept: */*

Response DefaultHttpResponse(decodeResult: success, version: HTTP/1.1)
HTTP/1.1 200 OK
Content-Type: application/json; charset=utf-8
cache-control: no-cache
content-length: 88

20:31:30.494 [AsyncHttpClient-1-2] DEBUG org.asynchttpclient.netty.channel.ChannelManager - Adding key: http://localhost:60748 for channel [id: 0x1ec0c1ac, L:/127.0.0.1:52198 - R:localhost/127.0.0.1:60748]
20:31:30.494 [Forwarding getElementTagName on session 85c12602898e3821ca27a246ff32a5e1 to remote] DEBUG org.asynchttpclient.netty.request.NettyRequestSender - Using pooled Channel '[id: 0x1ec0c1ac, L:/127.0.0.1:52198 - R:localhost/127.0.0.1:60748]' for 'GET' to 'http://localhost:60748/session/85c12602898e3821ca27a246ff32a5e1/element/b4a1749c-6cfb-4697-aa57-ea9600a5e64f/name'
20:31:30.494 [Forwarding getElementTagName on session 85c12602898e3821ca27a246ff32a5e1 to remote] DEBUG org.asynchttpclient.netty.request.NettyRequestSender - Using open Channel [id: 0x1ec0c1ac, L:/127.0.0.1:52198 - R:localhost/127.0.0.1:60748] for GET '/session/85c12602898e3821ca27a246ff32a5e1/element/b4a1749c-6cfb-4697-aa57-ea9600a5e64f/name'
20:31:30.541 [AsyncHttpClient-1-2] DEBUG org.asynchttpclient.netty.handler.HttpHandler - 

Request DefaultFullHttpRequest(decodeResult: success, version: HTTP/1.1, content: EmptyByteBufBE)
GET /session/85c12602898e3821ca27a246ff32a5e1/element/b4a1749c-6cfb-4697-aa57-ea9600a5e64f/name HTTP/1.1
User-Agent: selenium/4.1.2 (java windows)
Cache-Control: no-cache
Content-Type: application/json; charset=utf-8
host: localhost:60748
accept: */*

Response DefaultHttpResponse(decodeResult: success, version: HTTP/1.1)
HTTP/1.1 200 OK
Content-Type: application/json; charset=utf-8
cache-control: no-cache
content-length: 18

20:31:30.541 [AsyncHttpClient-1-2] DEBUG org.asynchttpclient.netty.channel.ChannelManager - Adding key: http://localhost:60748 for channel [id: 0x1ec0c1ac, L:/127.0.0.1:52198 - R:localhost/127.0.0.1:60748]
20:31:30.541 [Forwarding getElementTagName on session 85c12602898e3821ca27a246ff32a5e1 to remote] DEBUG org.asynchttpclient.netty.request.NettyRequestSender - Using pooled Channel '[id: 0x1ec0c1ac, L:/127.0.0.1:52198 - R:localhost/127.0.0.1:60748]' for 'GET' to 'http://localhost:60748/session/85c12602898e3821ca27a246ff32a5e1/element/b4a1749c-6cfb-4697-aa57-ea9600a5e64f/name'
20:31:30.541 [Forwarding getElementTagName on session 85c12602898e3821ca27a246ff32a5e1 to remote] DEBUG org.asynchttpclient.netty.request.NettyRequestSender - Using open Channel [id: 0x1ec0c1ac, L:/127.0.0.1:52198 - R:localhost/127.0.0.1:60748] for GET '/session/85c12602898e3821ca27a246ff32a5e1/element/b4a1749c-6cfb-4697-aa57-ea9600a5e64f/name'
20:31:30.556 [AsyncHttpClient-1-2] DEBUG org.asynchttpclient.netty.handler.HttpHandler - 

Request DefaultFullHttpRequest(decodeResult: success, version: HTTP/1.1, content: EmptyByteBufBE)
GET /session/85c12602898e3821ca27a246ff32a5e1/element/b4a1749c-6cfb-4697-aa57-ea9600a5e64f/name HTTP/1.1
User-Agent: selenium/4.1.2 (java windows)
Cache-Control: no-cache
Content-Type: application/json; charset=utf-8
host: localhost:60748
accept: */*

Response DefaultHttpResponse(decodeResult: success, version: HTTP/1.1)
HTTP/1.1 200 OK
Content-Type: application/json; charset=utf-8
cache-control: no-cache
content-length: 18

20:31:30.556 [AsyncHttpClient-1-2] DEBUG org.asynchttpclient.netty.channel.ChannelManager - Adding key: http://localhost:60748 for channel [id: 0x1ec0c1ac, L:/127.0.0.1:52198 - R:localhost/127.0.0.1:60748]
20:31:30.572 [Forwarding isElementEnabled on session 85c12602898e3821ca27a246ff32a5e1 to remote] DEBUG org.asynchttpclient.netty.request.NettyRequestSender - Using pooled Channel '[id: 0x1ec0c1ac, L:/127.0.0.1:52198 - R:localhost/127.0.0.1:60748]' for 'GET' to 'http://localhost:60748/session/85c12602898e3821ca27a246ff32a5e1/element/b4a1749c-6cfb-4697-aa57-ea9600a5e64f/enabled'
20:31:30.572 [Forwarding isElementEnabled on session 85c12602898e3821ca27a246ff32a5e1 to remote] DEBUG org.asynchttpclient.netty.request.NettyRequestSender - Using open Channel [id: 0x1ec0c1ac, L:/127.0.0.1:52198 - R:localhost/127.0.0.1:60748] for GET '/session/85c12602898e3821ca27a246ff32a5e1/element/b4a1749c-6cfb-4697-aa57-ea9600a5e64f/enabled'
20:31:30.619 [AsyncHttpClient-1-2] DEBUG org.asynchttpclient.netty.handler.HttpHandler - 

Request DefaultFullHttpRequest(decodeResult: success, version: HTTP/1.1, content: EmptyByteBufBE)
GET /session/85c12602898e3821ca27a246ff32a5e1/element/b4a1749c-6cfb-4697-aa57-ea9600a5e64f/enabled HTTP/1.1
User-Agent: selenium/4.1.2 (java windows)
Cache-Control: no-cache
Content-Type: application/json; charset=utf-8
host: localhost:60748
accept: */*

Response DefaultHttpResponse(decodeResult: success, version: HTTP/1.1)
HTTP/1.1 200 OK
Content-Type: application/json; charset=utf-8
cache-control: no-cache
content-length: 14

20:31:30.619 [AsyncHttpClient-1-2] DEBUG org.asynchttpclient.netty.channel.ChannelManager - Adding key: http://localhost:60748 for channel [id: 0x1ec0c1ac, L:/127.0.0.1:52198 - R:localhost/127.0.0.1:60748]
20:31:30.619 [Forwarding isElementEnabled on session 85c12602898e3821ca27a246ff32a5e1 to remote] DEBUG org.asynchttpclient.netty.request.NettyRequestSender - Using pooled Channel '[id: 0x1ec0c1ac, L:/127.0.0.1:52198 - R:localhost/127.0.0.1:60748]' for 'GET' to 'http://localhost:60748/session/85c12602898e3821ca27a246ff32a5e1/element/b4a1749c-6cfb-4697-aa57-ea9600a5e64f/enabled'
20:31:30.619 [Forwarding isElementEnabled on session 85c12602898e3821ca27a246ff32a5e1 to remote] DEBUG org.asynchttpclient.netty.request.NettyRequestSender - Using open Channel [id: 0x1ec0c1ac, L:/127.0.0.1:52198 - R:localhost/127.0.0.1:60748] for GET '/session/85c12602898e3821ca27a246ff32a5e1/element/b4a1749c-6cfb-4697-aa57-ea9600a5e64f/enabled'
20:31:30.650 [AsyncHttpClient-1-2] DEBUG org.asynchttpclient.netty.handler.HttpHandler - 

Request DefaultFullHttpRequest(decodeResult: success, version: HTTP/1.1, content: EmptyByteBufBE)
GET /session/85c12602898e3821ca27a246ff32a5e1/element/b4a1749c-6cfb-4697-aa57-ea9600a5e64f/enabled HTTP/1.1
User-Agent: selenium/4.1.2 (java windows)
Cache-Control: no-cache
Content-Type: application/json; charset=utf-8
host: localhost:60748
accept: */*

Response DefaultHttpResponse(decodeResult: success, version: HTTP/1.1)
HTTP/1.1 200 OK
Content-Type: application/json; charset=utf-8
cache-control: no-cache
content-length: 14

20:31:30.650 [AsyncHttpClient-1-2] DEBUG org.asynchttpclient.netty.channel.ChannelManager - Adding key: http://localhost:60748 for channel [id: 0x1ec0c1ac, L:/127.0.0.1:52198 - R:localhost/127.0.0.1:60748]
20:31:30.650 [Forwarding findElement on session 85c12602898e3821ca27a246ff32a5e1 to remote] DEBUG org.asynchttpclient.netty.request.NettyRequestSender - Using pooled Channel '[id: 0x1ec0c1ac, L:/127.0.0.1:52198 - R:localhost/127.0.0.1:60748]' for 'POST' to 'http://localhost:60748/session/85c12602898e3821ca27a246ff32a5e1/element'
20:31:30.650 [Forwarding findElement on session 85c12602898e3821ca27a246ff32a5e1 to remote] DEBUG org.asynchttpclient.netty.request.NettyRequestSender - Using open Channel [id: 0x1ec0c1ac, L:/127.0.0.1:52198 - R:localhost/127.0.0.1:60748] for POST '/session/85c12602898e3821ca27a246ff32a5e1/element'
20:31:30.681 [AsyncHttpClient-1-1] DEBUG org.asynchttpclient.netty.channel.DefaultChannelPool - Entry count for : http://localhost:52200 : 1
20:31:30.853 [AsyncHttpClient-1-2] DEBUG org.asynchttpclient.netty.handler.HttpHandler - 

Request DefaultHttpRequest(decodeResult: success, version: HTTP/1.1)
POST /session/85c12602898e3821ca27a246ff32a5e1/element HTTP/1.1
User-Agent: selenium/4.1.2 (java windows)
Content-Length: 68
Content-Type: application/json; charset=utf-8
host: localhost:60748
accept: */*

Response DefaultHttpResponse(decodeResult: success, version: HTTP/1.1)
HTTP/1.1 200 OK
Content-Type: application/json; charset=utf-8
cache-control: no-cache
content-length: 88

20:31:30.853 [AsyncHttpClient-1-2] DEBUG org.asynchttpclient.netty.channel.ChannelManager - Adding key: http://localhost:60748 for channel [id: 0x1ec0c1ac, L:/127.0.0.1:52198 - R:localhost/127.0.0.1:60748]
20:31:30.853 [Forwarding clickElement on session 85c12602898e3821ca27a246ff32a5e1 to remote] DEBUG org.asynchttpclient.netty.request.NettyRequestSender - Using pooled Channel '[id: 0x1ec0c1ac, L:/127.0.0.1:52198 - R:localhost/127.0.0.1:60748]' for 'POST' to 'http://localhost:60748/session/85c12602898e3821ca27a246ff32a5e1/element/b4a1749c-6cfb-4697-aa57-ea9600a5e64f/click'
20:31:30.853 [Forwarding clickElement on session 85c12602898e3821ca27a246ff32a5e1 to remote] DEBUG org.asynchttpclient.netty.request.NettyRequestSender - Using open Channel [id: 0x1ec0c1ac, L:/127.0.0.1:52198 - R:localhost/127.0.0.1:60748] for POST '/session/85c12602898e3821ca27a246ff32a5e1/element/b4a1749c-6cfb-4697-aa57-ea9600a5e64f/click'
20:31:30.999 [AsyncHttpClient-1-2] DEBUG org.asynchttpclient.netty.handler.HttpHandler - 

Request DefaultHttpRequest(decodeResult: success, version: HTTP/1.1)
POST /session/85c12602898e3821ca27a246ff32a5e1/element/b4a1749c-6cfb-4697-aa57-ea9600a5e64f/click HTTP/1.1
User-Agent: selenium/4.1.2 (java windows)
Content-Length: 50
Content-Type: application/json; charset=utf-8
host: localhost:60748
accept: */*

Response DefaultHttpResponse(decodeResult: success, version: HTTP/1.1)
HTTP/1.1 200 OK
Content-Type: application/json; charset=utf-8
cache-control: no-cache
content-length: 14

20:31:30.999 [AsyncHttpClient-1-2] DEBUG org.asynchttpclient.netty.channel.ChannelManager - Adding key: http://localhost:60748 for channel [id: 0x1ec0c1ac, L:/127.0.0.1:52198 - R:localhost/127.0.0.1:60748]
20:31:31.015 [Forwarding screenshot on session 85c12602898e3821ca27a246ff32a5e1 to remote] DEBUG org.asynchttpclient.netty.request.NettyRequestSender - Using pooled Channel '[id: 0x1ec0c1ac, L:/127.0.0.1:52198 - R:localhost/127.0.0.1:60748]' for 'GET' to 'http://localhost:60748/session/85c12602898e3821ca27a246ff32a5e1/screenshot'
20:31:31.015 [Forwarding screenshot on session 85c12602898e3821ca27a246ff32a5e1 to remote] DEBUG org.asynchttpclient.netty.request.NettyRequestSender - Using open Channel [id: 0x1ec0c1ac, L:/127.0.0.1:52198 - R:localhost/127.0.0.1:60748] for GET '/session/85c12602898e3821ca27a246ff32a5e1/screenshot'
20:31:31.836 [AsyncHttpClient-1-2] DEBUG org.asynchttpclient.netty.handler.HttpHandler - 

Request DefaultFullHttpRequest(decodeResult: success, version: HTTP/1.1, content: EmptyByteBufBE)
GET /session/85c12602898e3821ca27a246ff32a5e1/screenshot HTTP/1.1
User-Agent: selenium/4.1.2 (java windows)
Cache-Control: no-cache
Content-Type: application/json; charset=utf-8
host: localhost:60748
accept: */*

Response DefaultHttpResponse(decodeResult: success, version: HTTP/1.1)
HTTP/1.1 500 Internal Server Error
Content-Type: application/json; charset=utf-8
cache-control: no-cache
content-length: 854

20:31:31.836 [AsyncHttpClient-1-2] DEBUG org.asynchttpclient.netty.channel.ChannelManager - Adding key: http://localhost:60748 for channel [id: 0x1ec0c1ac, L:/127.0.0.1:52198 - R:localhost/127.0.0.1:60748]
20:31:31.852 [main] WARN net.thucydides.core.webdriver.WebDriverFacade - Failed to take screenshot (unexpected alert open: <unknown>
  (Session info: chrome=102.0.5005.115): 
Build info: version: '4.1.2', revision: '9a5a329c5a'
System info: host: 'MOOK-HON', ip: '192.168.100.6', os.name: 'Windows 10', os.arch: 'amd64', os.version: '10.0', java.version: '11.0.14'
Driver info: org.openqa.selenium.chrome.ChromeDriver
Command: [85c12602898e3821ca27a246ff32a5e1, screenshot {}]
Capabilities {acceptInsecureCerts: false, browserName: chrome, browserVersion: 102.0.5005.115, chrome: {chromedriverVersion: 102.0.5005.61 (0e59bcc00cc4..., userDataDir: C:\Users\ASUS\AppData\Local...}, goog:chromeOptions: {debuggerAddress: localhost:52200}, javascriptEnabled: true, networkConnectionEnabled: false, pageLoadStrategy: normal, platform: WINDOWS, platformName: WINDOWS, proxy: Proxy(), se:cdp: ws://localhost:52200/devtoo..., se:cdpVersion: 102.0.5005.115, setWindowRect: true, strictFileInteractability: false, timeouts: {implicit: 0, pageLoad: 300000, script: 30000}, unhandledPromptBehavior: dismiss and notify, webauthn:extension:credBlob: true, webauthn:extension:largeBlob: true, webauthn:virtualAuthenticators: true}
Session ID: 85c12602898e3821ca27a246ff32a5e1)
20:31:31.852 [main] DEBUG net.thucydides.core.steps.StepInterceptor - STEP DONE: clickButtonSave
  &amp#27;[32mAnd &amp#27;[0m&amp#27;[32mClick button simpan&amp#27;[0m                                             &amp#27;[90m# starter.stepdefinitios.PatientDataSteps.clickButtonSimpan()&amp#27;[0m
20:31:31.860 [AsyncHttpClient-1-1] DEBUG org.asynchttpclient.netty.channel.DefaultChannelPool - Entry count for : http://localhost:52200 : 1
20:31:31.860 [AsyncHttpClient-1-1] DEBUG org.asynchttpclient.netty.channel.DefaultChannelPool - Entry count for : http://localhost:60748 : 1
20:31:31.876 [Forwarding screenshot on session 85c12602898e3821ca27a246ff32a5e1 to remote] DEBUG org.asynchttpclient.netty.request.NettyRequestSender - Using pooled Channel '[id: 0x1ec0c1ac, L:/127.0.0.1:52198 - R:localhost/127.0.0.1:60748]' for 'GET' to 'http://localhost:60748/session/85c12602898e3821ca27a246ff32a5e1/screenshot'
20:31:31.876 [Forwarding screenshot on session 85c12602898e3821ca27a246ff32a5e1 to remote] DEBUG org.asynchttpclient.netty.request.NettyRequestSender - Using open Channel [id: 0x1ec0c1ac, L:/127.0.0.1:52198 - R:localhost/127.0.0.1:60748] for GET '/session/85c12602898e3821ca27a246ff32a5e1/screenshot'
20:31:31.988 [AsyncHttpClient-1-2] DEBUG org.asynchttpclient.netty.handler.HttpHandler - 

Request DefaultFullHttpRequest(decodeResult: success, version: HTTP/1.1, content: EmptyByteBufBE)
GET /session/85c12602898e3821ca27a246ff32a5e1/screenshot HTTP/1.1
User-Agent: selenium/4.1.2 (java windows)
Cache-Control: no-cache
Content-Type: application/json; charset=utf-8
host: localhost:60748
accept: */*

Response DefaultHttpResponse(decodeResult: success, version: HTTP/1.1)
HTTP/1.1 500 Internal Server Error
Content-Type: application/json; charset=utf-8
cache-control: no-cache
content-length: 893

20:31:31.988 [AsyncHttpClient-1-2] DEBUG org.asynchttpclient.netty.channel.ChannelManager - Adding key: http://localhost:60748 for channel [id: 0x1ec0c1ac, L:/127.0.0.1:52198 - R:localhost/127.0.0.1:60748]
20:31:31.996 [main] WARN net.thucydides.core.webdriver.WebDriverFacade - Failed to take screenshot (unexpected alert open: {Alert text : Data telah ditambah}
  (Session info: chrome=102.0.5005.115): Data telah ditambah
Build info: version: '4.1.2', revision: '9a5a329c5a'
System info: host: 'MOOK-HON', ip: '192.168.100.6', os.name: 'Windows 10', os.arch: 'amd64', os.version: '10.0', java.version: '11.0.14'
Driver info: org.openqa.selenium.chrome.ChromeDriver
Command: [85c12602898e3821ca27a246ff32a5e1, screenshot {}]
Capabilities {acceptInsecureCerts: false, browserName: chrome, browserVersion: 102.0.5005.115, chrome: {chromedriverVersion: 102.0.5005.61 (0e59bcc00cc4..., userDataDir: C:\Users\ASUS\AppData\Local...}, goog:chromeOptions: {debuggerAddress: localhost:52200}, javascriptEnabled: true, networkConnectionEnabled: false, pageLoadStrategy: normal, platform: WINDOWS, platformName: WINDOWS, proxy: Proxy(), se:cdp: ws://localhost:52200/devtoo..., se:cdpVersion: 102.0.5005.115, setWindowRect: true, strictFileInteractability: false, timeouts: {implicit: 0, pageLoad: 300000, script: 30000}, unhandledPromptBehavior: dismiss and notify, webauthn:extension:credBlob: true, webauthn:extension:largeBlob: true, webauthn:virtualAuthenticators: true}
Session ID: 85c12602898e3821ca27a246ff32a5e1)
20:31:32.020 [Forwarding screenshot on session 85c12602898e3821ca27a246ff32a5e1 to remote] DEBUG org.asynchttpclient.netty.request.NettyRequestSender - Using pooled Channel '[id: 0x1ec0c1ac, L:/127.0.0.1:52198 - R:localhost/127.0.0.1:60748]' for 'GET' to 'http://localhost:60748/session/85c12602898e3821ca27a246ff32a5e1/screenshot'
20:31:32.020 [Forwarding screenshot on session 85c12602898e3821ca27a246ff32a5e1 to remote] DEBUG org.asynchttpclient.netty.request.NettyRequestSender - Using open Channel [id: 0x1ec0c1ac, L:/127.0.0.1:52198 - R:localhost/127.0.0.1:60748] for GET '/session/85c12602898e3821ca27a246ff32a5e1/screenshot'
20:31:32.900 [AsyncHttpClient-1-1] DEBUG org.asynchttpclient.netty.channel.DefaultChannelPool - Entry count for : http://localhost:52200 : 1
20:31:33.624 [AsyncHttpClient-1-2] DEBUG org.asynchttpclient.netty.handler.HttpHandler - 

Request DefaultFullHttpRequest(decodeResult: success, version: HTTP/1.1, content: EmptyByteBufBE)
GET /session/85c12602898e3821ca27a246ff32a5e1/screenshot HTTP/1.1
User-Agent: selenium/4.1.2 (java windows)
Cache-Control: no-cache
Content-Type: application/json; charset=utf-8
host: localhost:60748
accept: */*

Response DefaultHttpResponse(decodeResult: success, version: HTTP/1.1)
HTTP/1.1 200 OK
Content-Type: application/json; charset=utf-8
cache-control: no-cache
content-length: 397960

20:31:33.624 [AsyncHttpClient-1-2] DEBUG org.asynchttpclient.netty.channel.ChannelManager - Adding key: http://localhost:60748 for channel [id: 0x1ec0c1ac, L:/127.0.0.1:52198 - R:localhost/127.0.0.1:60748]
20:31:33.655 [main] DEBUG net.serenitybdd.core.photography.Darkroom - Send negative for processing for target\site\serenity\cbeceb493b3cc14d3791ff263ea0078986a8fbc23e395c454f06e0ce9a24f68d.png
20:31:33.999 [AsyncHttpClient-1-1] DEBUG org.asynchttpclient.netty.channel.DefaultChannelPool - Entry count for : http://localhost:52200 : 1
20:31:33.999 [AsyncHttpClient-1-1] DEBUG org.asynchttpclient.netty.channel.DefaultChannelPool - Entry count for : http://localhost:60748 : 1
20:31:34.186 [Forwarding screenshot on session 85c12602898e3821ca27a246ff32a5e1 to remote] DEBUG org.asynchttpclient.netty.request.NettyRequestSender - Using pooled Channel '[id: 0x1ec0c1ac, L:/127.0.0.1:52198 - R:localhost/127.0.0.1:60748]' for 'GET' to 'http://localhost:60748/session/85c12602898e3821ca27a246ff32a5e1/screenshot'
20:31:34.186 [Forwarding screenshot on session 85c12602898e3821ca27a246ff32a5e1 to remote] DEBUG org.asynchttpclient.netty.request.NettyRequestSender - Using open Channel [id: 0x1ec0c1ac, L:/127.0.0.1:52198 - R:localhost/127.0.0.1:60748] for GET '/session/85c12602898e3821ca27a246ff32a5e1/screenshot'
20:31:34.592 [AsyncHttpClient-1-2] DEBUG org.asynchttpclient.netty.handler.HttpHandler - 

Request DefaultFullHttpRequest(decodeResult: success, version: HTTP/1.1, content: EmptyByteBufBE)
GET /session/85c12602898e3821ca27a246ff32a5e1/screenshot HTTP/1.1
User-Agent: selenium/4.1.2 (java windows)
Cache-Control: no-cache
Content-Type: application/json; charset=utf-8
host: localhost:60748
accept: */*

Response DefaultHttpResponse(decodeResult: success, version: HTTP/1.1)
HTTP/1.1 200 OK
Content-Type: application/json; charset=utf-8
cache-control: no-cache
content-length: 397960

20:31:34.592 [AsyncHttpClient-1-2] DEBUG org.asynchttpclient.netty.channel.ChannelManager - Adding key: http://localhost:60748 for channel [id: 0x1ec0c1ac, L:/127.0.0.1:52198 - R:localhost/127.0.0.1:60748]
20:31:34.623 [main] DEBUG net.serenitybdd.core.photography.Darkroom - Send negative for processing for target\site\serenity\cbeceb493b3cc14d3791ff263ea0078986a8fbc23e395c454f06e0ce9a24f68d.png
20:31:34.623 [main] DEBUG net.thucydides.core.steps.StepInterceptor - STARTING STEP: PatientDataSteps.validDataPasien - checkValidDataPasien
20:31:34.638 [Forwarding findElement on session 85c12602898e3821ca27a246ff32a5e1 to remote] DEBUG org.asynchttpclient.netty.request.NettyRequestSender - Using pooled Channel '[id: 0x1ec0c1ac, L:/127.0.0.1:52198 - R:localhost/127.0.0.1:60748]' for 'POST' to 'http://localhost:60748/session/85c12602898e3821ca27a246ff32a5e1/element'
20:31:34.638 [Forwarding findElement on session 85c12602898e3821ca27a246ff32a5e1 to remote] DEBUG org.asynchttpclient.netty.request.NettyRequestSender - Using open Channel [id: 0x1ec0c1ac, L:/127.0.0.1:52198 - R:localhost/127.0.0.1:60748] for POST '/session/85c12602898e3821ca27a246ff32a5e1/element'
20:31:34.797 [AsyncHttpClient-1-2] DEBUG org.asynchttpclient.netty.handler.HttpHandler - 

Request DefaultHttpRequest(decodeResult: success, version: HTTP/1.1)
POST /session/85c12602898e3821ca27a246ff32a5e1/element HTTP/1.1
User-Agent: selenium/4.1.2 (java windows)
Content-Length: 95
Content-Type: application/json; charset=utf-8
host: localhost:60748
accept: */*

Response DefaultHttpResponse(decodeResult: success, version: HTTP/1.1)
HTTP/1.1 200 OK
Content-Type: application/json; charset=utf-8
cache-control: no-cache
content-length: 88

20:31:34.797 [AsyncHttpClient-1-2] DEBUG org.asynchttpclient.netty.channel.ChannelManager - Adding key: http://localhost:60748 for channel [id: 0x1ec0c1ac, L:/127.0.0.1:52198 - R:localhost/127.0.0.1:60748]
20:31:34.799 [Forwarding isElementEnabled on session 85c12602898e3821ca27a246ff32a5e1 to remote] DEBUG org.asynchttpclient.netty.request.NettyRequestSender - Using pooled Channel '[id: 0x1ec0c1ac, L:/127.0.0.1:52198 - R:localhost/127.0.0.1:60748]' for 'GET' to 'http://localhost:60748/session/85c12602898e3821ca27a246ff32a5e1/element/ca447c54-4984-4e1b-a31f-c432ceb95e96/enabled'
20:31:34.799 [Forwarding isElementEnabled on session 85c12602898e3821ca27a246ff32a5e1 to remote] DEBUG org.asynchttpclient.netty.request.NettyRequestSender - Using open Channel [id: 0x1ec0c1ac, L:/127.0.0.1:52198 - R:localhost/127.0.0.1:60748] for GET '/session/85c12602898e3821ca27a246ff32a5e1/element/ca447c54-4984-4e1b-a31f-c432ceb95e96/enabled'
20:31:34.814 [AsyncHttpClient-1-2] DEBUG org.asynchttpclient.netty.handler.HttpHandler - 

Request DefaultFullHttpRequest(decodeResult: success, version: HTTP/1.1, content: EmptyByteBufBE)
GET /session/85c12602898e3821ca27a246ff32a5e1/element/ca447c54-4984-4e1b-a31f-c432ceb95e96/enabled HTTP/1.1
User-Agent: selenium/4.1.2 (java windows)
Cache-Control: no-cache
Content-Type: application/json; charset=utf-8
host: localhost:60748
accept: */*

Response DefaultHttpResponse(decodeResult: success, version: HTTP/1.1)
HTTP/1.1 200 OK
Content-Type: application/json; charset=utf-8
cache-control: no-cache
content-length: 14

20:31:34.814 [AsyncHttpClient-1-2] DEBUG org.asynchttpclient.netty.channel.ChannelManager - Adding key: http://localhost:60748 for channel [id: 0x1ec0c1ac, L:/127.0.0.1:52198 - R:localhost/127.0.0.1:60748]
20:31:34.829 [Forwarding screenshot on session 85c12602898e3821ca27a246ff32a5e1 to remote] DEBUG org.asynchttpclient.netty.request.NettyRequestSender - Using pooled Channel '[id: 0x1ec0c1ac, L:/127.0.0.1:52198 - R:localhost/127.0.0.1:60748]' for 'GET' to 'http://localhost:60748/session/85c12602898e3821ca27a246ff32a5e1/screenshot'
20:31:34.829 [Forwarding screenshot on session 85c12602898e3821ca27a246ff32a5e1 to remote] DEBUG org.asynchttpclient.netty.request.NettyRequestSender - Using open Channel [id: 0x1ec0c1ac, L:/127.0.0.1:52198 - R:localhost/127.0.0.1:60748] for GET '/session/85c12602898e3821ca27a246ff32a5e1/screenshot'
20:31:35.084 [AsyncHttpClient-1-1] DEBUG org.asynchttpclient.netty.channel.DefaultChannelPool - Entry count for : http://localhost:52200 : 1
20:31:35.225 [AsyncHttpClient-1-2] DEBUG org.asynchttpclient.netty.handler.HttpHandler - 

Request DefaultFullHttpRequest(decodeResult: success, version: HTTP/1.1, content: EmptyByteBufBE)
GET /session/85c12602898e3821ca27a246ff32a5e1/screenshot HTTP/1.1
User-Agent: selenium/4.1.2 (java windows)
Cache-Control: no-cache
Content-Type: application/json; charset=utf-8
host: localhost:60748
accept: */*

Response DefaultHttpResponse(decodeResult: success, version: HTTP/1.1)
HTTP/1.1 200 OK
Content-Type: application/json; charset=utf-8
cache-control: no-cache
content-length: 397960

20:31:35.225 [AsyncHttpClient-1-2] DEBUG org.asynchttpclient.netty.channel.ChannelManager - Adding key: http://localhost:60748 for channel [id: 0x1ec0c1ac, L:/127.0.0.1:52198 - R:localhost/127.0.0.1:60748]
20:31:35.256 [main] DEBUG net.serenitybdd.core.photography.Darkroom - Send negative for processing for target\site\serenity\cbeceb493b3cc14d3791ff263ea0078986a8fbc23e395c454f06e0ce9a24f68d.png
20:31:35.271 [main] DEBUG net.thucydides.core.steps.StepInterceptor - STEP DONE: checkValidDataPasien
  &amp#27;[32mAnd &amp#27;[0m&amp#27;[32mValid data pasien&amp#27;[0m                                               &amp#27;[90m# starter.stepdefinitios.PatientDataSteps.validDataPasien()&amp#27;[0m
20:31:35.303 [AsyncHttpClient-1-4] DEBUG org.asynchttpclient.netty.handler.WebSocketHandler - Channel Closed: [id: 0x49c2123a, L:/127.0.0.1:52211 ! R:localhost/127.0.0.1:52200] with attribute NettyResponseFuture{currentRetry=5,
	isDone=1,
	isCancelled=0,
	asyncHandler=org.asynchttpclient.ws.WebSocketUpgradeHandler@70b0bda3,
	nettyRequest=org.asynchttpclient.netty.request.NettyRequest@219951a3,
	future=java.util.concurrent.CompletableFuture@197aedc9[Completed normally],
	uri=ws://localhost:52200/devtools/browser/db6d2d9a-8188-4225-ab19-de0d79522948,
	keepAlive=true,
	redirectCount=0,
	timeoutsHolder=null,
	inAuth=0,
	touch=1655991075249}
20:31:35.303 [AsyncHttpClient-1-4] DEBUG org.asynchttpclient.netty.channel.ChannelManager - Closing Channel [id: 0x49c2123a, L:/127.0.0.1:52211 ! R:localhost/127.0.0.1:52200] 
20:31:35.303 [Driver Command Executor] DEBUG org.asynchttpclient.netty.request.NettyRequestSender - Using pooled Channel '[id: 0x1ec0c1ac, L:/127.0.0.1:52198 - R:localhost/127.0.0.1:60748]' for 'DELETE' to 'http://localhost:60748/session/85c12602898e3821ca27a246ff32a5e1'
20:31:35.303 [Driver Command Executor] DEBUG org.asynchttpclient.netty.request.NettyRequestSender - Using open Channel [id: 0x1ec0c1ac, L:/127.0.0.1:52198 - R:localhost/127.0.0.1:60748] for DELETE '/session/85c12602898e3821ca27a246ff32a5e1'
20:31:35.940 [AsyncHttpClient-1-3] DEBUG org.asynchttpclient.netty.handler.HttpHandler - Unexpected I/O exception on channel [id: 0x0f864b4c, L:/127.0.0.1:52210 - R:localhost/127.0.0.1:52200]
java.io.IOException: An existing connection was forcibly closed by the remote host
	at java.base/sun.nio.ch.SocketDispatcher.read0(Native Method)
	at java.base/sun.nio.ch.SocketDispatcher.read(SocketDispatcher.java:43)
	at java.base/sun.nio.ch.IOUtil.readIntoNativeBuffer(IOUtil.java:276)
	at java.base/sun.nio.ch.IOUtil.read(IOUtil.java:233)
	at java.base/sun.nio.ch.IOUtil.read(IOUtil.java:223)
	at java.base/sun.nio.ch.SocketChannelImpl.read(SocketChannelImpl.java:358)
	at io.netty.buffer.PooledByteBuf.setBytes(PooledByteBuf.java:258)
	at io.netty.buffer.AbstractByteBuf.writeBytes(AbstractByteBuf.java:1132)
	at io.netty.channel.socket.nio.NioSocketChannel.doReadBytes(NioSocketChannel.java:350)
	at io.netty.channel.nio.AbstractNioByteChannel$NioByteUnsafe.read(AbstractNioByteChannel.java:151)
	at io.netty.channel.nio.NioEventLoop.processSelectedKey(NioEventLoop.java:722)
	at io.netty.channel.nio.NioEventLoop.processSelectedKeysOptimized(NioEventLoop.java:658)
	at io.netty.channel.nio.NioEventLoop.processSelectedKeys(NioEventLoop.java:584)
	at io.netty.channel.nio.NioEventLoop.run(NioEventLoop.java:496)
	at io.netty.util.concurrent.SingleThreadEventExecutor$4.run(SingleThreadEventExecutor.java:986)
	at io.netty.util.internal.ThreadExecutorMap$2.run(ThreadExecutorMap.java:74)
	at io.netty.util.concurrent.FastThreadLocalRunnable.run(FastThreadLocalRunnable.java:30)
	at java.base/java.lang.Thread.run(Thread.java:834)
20:31:35.940 [AsyncHttpClient-1-3] DEBUG org.asynchttpclient.netty.channel.ChannelManager - Closing Channel [id: 0x0f864b4c, L:/127.0.0.1:52210 - R:localhost/127.0.0.1:52200] 
20:31:35.940 [AsyncHttpClient-1-3] DEBUG org.asynchttpclient.netty.handler.HttpHandler - Channel Closed: [id: 0x0f864b4c, L:/127.0.0.1:52210 ! R:localhost/127.0.0.1:52200] with attribute DISCARD
20:31:35.971 [AsyncHttpClient-1-2] DEBUG org.asynchttpclient.netty.handler.HttpHandler - 

Request DefaultFullHttpRequest(decodeResult: success, version: HTTP/1.1, content: EmptyByteBufBE)
DELETE /session/85c12602898e3821ca27a246ff32a5e1 HTTP/1.1
User-Agent: selenium/4.1.2 (java windows)
Content-Type: application/json; charset=utf-8
host: localhost:60748
accept: */*

Response DefaultHttpResponse(decodeResult: success, version: HTTP/1.1)
HTTP/1.1 200 OK
Content-Type: application/json; charset=utf-8
cache-control: no-cache
content-length: 14

20:31:35.971 [AsyncHttpClient-1-2] DEBUG org.asynchttpclient.netty.channel.ChannelManager - Adding key: http://localhost:60748 for channel [id: 0x1ec0c1ac, L:/127.0.0.1:52198 - R:localhost/127.0.0.1:60748]
20:31:36.191 [AsyncHttpClient-1-1] DEBUG org.asynchttpclient.netty.channel.DefaultChannelPool - Entry count for : http://localhost:52200 : 1
20:31:36.191 [AsyncHttpClient-1-1] DEBUG org.asynchttpclient.netty.channel.DefaultChannelPool - Entry count for : http://localhost:60748 : 1
20:31:36.191 [AsyncHttpClient-1-1] DEBUG org.asynchttpclient.netty.channel.DefaultChannelPool - Adding Candidate expired Channel [id: 0x0f864b4c, L:/127.0.0.1:52210 ! R:localhost/127.0.0.1:52200] isIdleTimeoutExpired=false isRemotelyClosed=true isTtlExpired=false
20:31:36.191 [AsyncHttpClient-1-1] DEBUG org.asynchttpclient.netty.channel.DefaultChannelPool - Closing Idle Channel [id: 0x0f864b4c, L:/127.0.0.1:52210 ! R:localhost/127.0.0.1:52200]
20:31:36.191 [AsyncHttpClient-1-1] DEBUG org.asynchttpclient.netty.channel.DefaultChannelPool - Closed 1 connections out of 2 in 0 ms
20:31:37.290 [AsyncHttpClient-1-1] DEBUG org.asynchttpclient.netty.channel.DefaultChannelPool - Entry count for : http://localhost:60748 : 1
20:31:38.390 [AsyncHttpClient-1-1] DEBUG org.asynchttpclient.netty.channel.DefaultChannelPool - Entry count for : http://localhost:60748 : 1
20:31:38.684 [AsyncHttpClient-1-2] DEBUG org.asynchttpclient.netty.handler.HttpHandler - Unexpected I/O exception on channel [id: 0x1ec0c1ac, L:/127.0.0.1:52198 - R:localhost/127.0.0.1:60748]
java.io.IOException: An existing connection was forcibly closed by the remote host
	at java.base/sun.nio.ch.SocketDispatcher.read0(Native Method)
	at java.base/sun.nio.ch.SocketDispatcher.read(SocketDispatcher.java:43)
	at java.base/sun.nio.ch.IOUtil.readIntoNativeBuffer(IOUtil.java:276)
	at java.base/sun.nio.ch.IOUtil.read(IOUtil.java:233)
	at java.base/sun.nio.ch.IOUtil.read(IOUtil.java:223)
	at java.base/sun.nio.ch.SocketChannelImpl.read(SocketChannelImpl.java:358)
	at io.netty.buffer.PooledByteBuf.setBytes(PooledByteBuf.java:258)
	at io.netty.buffer.AbstractByteBuf.writeBytes(AbstractByteBuf.java:1132)
	at io.netty.channel.socket.nio.NioSocketChannel.doReadBytes(NioSocketChannel.java:350)
	at io.netty.channel.nio.AbstractNioByteChannel$NioByteUnsafe.read(AbstractNioByteChannel.java:151)
	at io.netty.channel.nio.NioEventLoop.processSelectedKey(NioEventLoop.java:722)
	at io.netty.channel.nio.NioEventLoop.processSelectedKeysOptimized(NioEventLoop.java:658)
	at io.netty.channel.nio.NioEventLoop.processSelectedKeys(NioEventLoop.java:584)
	at io.netty.channel.nio.NioEventLoop.run(NioEventLoop.java:496)
	at io.netty.util.concurrent.SingleThreadEventExecutor$4.run(SingleThreadEventExecutor.java:986)
	at io.netty.util.internal.ThreadExecutorMap$2.run(ThreadExecutorMap.java:74)
	at io.netty.util.concurrent.FastThreadLocalRunnable.run(FastThreadLocalRunnable.java:30)
	at java.base/java.lang.Thread.run(Thread.java:834)
20:31:38.684 [AsyncHttpClient-1-2] DEBUG org.asynchttpclient.netty.channel.ChannelManager - Closing Channel [id: 0x1ec0c1ac, L:/127.0.0.1:52198 - R:localhost/127.0.0.1:60748] 
20:31:38.699 [AsyncHttpClient-1-2] DEBUG org.asynchttpclient.netty.handler.HttpHandler - Channel Closed: [id: 0x1ec0c1ac, L:/127.0.0.1:52198 ! R:localhost/127.0.0.1:60748] with attribute DISCARD
20:31:38.746 [main] INFO  - 
  _____   ___   ___   _____     ___     _     ___   ___   ___   ___  
 |_   _| | __| / __| |_   _|   | _ \   /_\   / __| / __| | __| |   \ 
   | |   | _|  \__ \   | |     |  _/  / _ \  \__ \ \__ \ | _|  | |) |
   |_|   |___| |___/   |_|     |_|   /_/ \_\ |___/ |___/ |___| |___/ 

As a admin i want to add data pasien
----------------------------------------------------------------------
]]></system-out>
    <system-err><![CDATA[Starting ChromeDriver 102.0.5005.61 (0e59bcc00cc4985ce39ad31c150065f159d95ad3-refs/branch-heads/5005@{#819}) on port 60748
Only local connections are allowed.
Please see https://chromedriver.chromium.org/security-considerations for suggestions on keeping ChromeDriver safe.
ChromeDriver was started successfully.
Jun 23, 2022 8:31:15 PM org.openqa.selenium.remote.ProtocolHandshake createSession
INFO: Detected dialect: W3C
Jun 23, 2022 8:31:15 PM org.openqa.selenium.devtools.CdpVersionFinder findNearestMatch
WARNING: Unable to find an exact match for CDP version 102, so returning the closest version found: a no-op implementation
Jun 23, 2022 8:31:15 PM org.openqa.selenium.devtools.CdpVersionFinder findNearestMatch
INFO: Unable to find CDP implementation matching 102.
Jun 23, 2022 8:31:15 PM org.openqa.selenium.chromium.ChromiumDriver lambda$new$3
WARNING: Unable to find version of CDP to use for . You may need to include a dependency on a specific version of the CDP using something similar to `org.seleniumhq.selenium:selenium-devtools-v86:4.1.2` where the version ("v86") matches the version of the chromium-based browser you're using and the version number of the artifact is the same as Selenium's.
[1655991091.758][WARNING]: unexpected alert open: {Alert text : Data telah ditambah}, cancelling screenshot
Jun 23, 2022 8:31:38 PM org.openqa.selenium.os.OsProcess destroy
SEVERE: Unable to kill process Process[pid=11064, exitValue=1]
]]></system-err>
  </testcase>
  <testcase name="As a admin i want to add data pasien #3" classname="Add Data Pasien - Admin" time="22.944">
    <system-out><![CDATA[
@AddPatientData
Scenario Outline: As a admin i want to add data pasien           &amp#27;[90m# src/test/resources/features/AddDataPasien.feature:15&amp#27;[0m
20:31:38.762 [main] INFO io.cucumber.core.plugin.SerenityReporter - Running feature from file:///D:/Kel-1-capstone/TestingWeb/src/test/resources/features/AddDataPasien.feature
20:31:38.840 [main] DEBUG net.thucydides.core.steps.StepInterceptor - STARTING STEP: PatientDataSteps.openPageDataPasien - openDataPasien
20:31:38.840 [main] INFO net.serenitybdd.core.webdriver.driverproviders.ChromeDriverProvider - Using automatically driver download
20:31:39.398 [main] DEBUG io.github.bonigarcia.wdm.cache.ResolutionCache - Resolution chrome=102 in cache (valid until 21:04:30 23/06/2022 ICT)
20:31:39.414 [main] DEBUG io.github.bonigarcia.wdm.cache.ResolutionCache - Resolution chrome102=102.0.5005.61 in cache (valid until 20:04:30 24/06/2022 ICT)
20:31:39.422 [main] INFO io.github.bonigarcia.wdm.WebDriverManager - Using chromedriver 102.0.5005.61 (resolved driver for Chrome 102)
20:31:39.490 [main] DEBUG io.github.bonigarcia.wdm.WebDriverManager - Driver chromedriver 102.0.5005.61 found in cache
20:31:39.493 [main] INFO io.github.bonigarcia.wdm.WebDriverManager - Exporting webdriver.chrome.driver as C:\Users\ASUS\.cache\selenium\chromedriver\win32\102.0.5005.61\chromedriver.exe
20:31:39.519 [AsyncHttpClient-1-1] DEBUG org.asynchttpclient.netty.channel.DefaultChannelPool - Entry count for : http://localhost:60748 : 1
20:31:39.519 [AsyncHttpClient-1-1] DEBUG org.asynchttpclient.netty.channel.DefaultChannelPool - Adding Candidate expired Channel [id: 0x1ec0c1ac, L:/127.0.0.1:52198 ! R:localhost/127.0.0.1:60748] isIdleTimeoutExpired=false isRemotelyClosed=true isTtlExpired=false
20:31:39.519 [AsyncHttpClient-1-1] DEBUG org.asynchttpclient.netty.channel.DefaultChannelPool - Closing Idle Channel [id: 0x1ec0c1ac, L:/127.0.0.1:52198 ! R:localhost/127.0.0.1:60748]
20:31:39.519 [AsyncHttpClient-1-1] DEBUG org.asynchttpclient.netty.channel.DefaultChannelPool - Closed 1 connections out of 1 in 0 ms
20:31:39.905 [main] DEBUG net.serenitybdd.core.webdriver.driverproviders.ProvideNewDriver - Instantiating driver
20:31:39.905 [main] DEBUG net.serenitybdd.core.webdriver.driverproviders.ProvideNewDriver - Driver capabilities: Capabilities {acceptInsecureCerts: false, base.url: https://fanciful-trifle-360..., browserName: chrome, chorme.driver: src/test/resources/webdrive..., driver: chrome, goog:chromeOptions: {args: [], extensions: []}}
20:31:40.492 [AsyncHttpClient-1-5] DEBUG org.asynchttpclient.netty.channel.NettyConnectListener - Using new Channel '[id: 0x46abcb5a, L:/127.0.0.1:60637 - R:localhost/127.0.0.1:64521]' for 'POST' to '/session'
20:31:43.234 [AsyncHttpClient-1-5] DEBUG org.asynchttpclient.netty.handler.HttpHandler - 

Request DefaultHttpRequest(decodeResult: success, version: HTTP/1.1)
POST /session HTTP/1.1
User-Agent: selenium/4.1.2 (java windows)
Content-Length: 629
Content-Type: application/json; charset=utf-8
host: localhost:64521
accept: */*

Response DefaultHttpResponse(decodeResult: success, version: HTTP/1.1)
HTTP/1.1 200 OK
Content-Type: application/json; charset=utf-8
cache-control: no-cache
content-length: 789

20:31:43.234 [AsyncHttpClient-1-5] DEBUG org.asynchttpclient.netty.channel.ChannelManager - Adding key: http://localhost:64521 for channel [id: 0x46abcb5a, L:/127.0.0.1:60637 - R:localhost/127.0.0.1:64521]
20:31:43.265 [AsyncHttpClient-1-6] DEBUG org.asynchttpclient.netty.channel.NettyConnectListener - Using new Channel '[id: 0xd4c7e798, L:/127.0.0.1:60647 - R:localhost/127.0.0.1:60640]' for 'GET' to '/json/version'
20:31:43.281 [AsyncHttpClient-1-6] DEBUG org.asynchttpclient.netty.handler.HttpHandler - 

Request DefaultFullHttpRequest(decodeResult: success, version: HTTP/1.1, content: EmptyByteBufBE)
GET /json/version HTTP/1.1
User-Agent: selenium/4.1.2 (java windows)
host: localhost:60640
accept: */*

Response DefaultHttpResponse(decodeResult: success, version: HTTP/1.1)
HTTP/1.1 200 OK
Content-Type: application/json; charset=UTF-8
content-length: 428

20:31:43.281 [AsyncHttpClient-1-6] DEBUG org.asynchttpclient.netty.channel.ChannelManager - Adding key: http://localhost:60640 for channel [id: 0xd4c7e798, L:/127.0.0.1:60647 - R:localhost/127.0.0.1:60640]
20:31:43.316 [AsyncHttpClient-1-7] DEBUG org.asynchttpclient.netty.channel.NettyConnectListener - Using new Channel '[id: 0x2b9b6cac, L:/127.0.0.1:60649 - R:localhost/127.0.0.1:60640]' for 'GET' to '/devtools/browser/7c4fe688-0d47-4581-8c1f-e1c09a8365ec'
20:31:43.324 [AsyncHttpClient-1-7] DEBUG org.asynchttpclient.netty.handler.WebSocketHandler - 

Request DefaultFullHttpRequest(decodeResult: success, version: HTTP/1.1, content: EmptyByteBufBE)
GET /devtools/browser/7c4fe688-0d47-4581-8c1f-e1c09a8365ec HTTP/1.1
upgrade: websocket
connection: upgrade
sec-websocket-key: IwVfmLNYUHhDRa7ek4v/UQ==
sec-websocket-version: 13
origin: http://localhost:60640
host: localhost:60640
accept: */*
user-agent: AHC/2.1

Response DefaultHttpResponse(decodeResult: success, version: HTTP/1.1)
HTTP/1.1 101 WebSocket Protocol Handshake
Upgrade: WebSocket
Connection: Upgrade
Sec-WebSocket-Accept: FC/DIbK2cFqFg30z/2d70MuIzAU=

20:31:43.340 [Forwarding get on session bd64bf0cc59a875275c7925621fe67ee to remote] DEBUG org.asynchttpclient.netty.request.NettyRequestSender - Using pooled Channel '[id: 0x46abcb5a, L:/127.0.0.1:60637 - R:localhost/127.0.0.1:64521]' for 'POST' to 'http://localhost:64521/session/bd64bf0cc59a875275c7925621fe67ee/url'
20:31:43.340 [Forwarding get on session bd64bf0cc59a875275c7925621fe67ee to remote] DEBUG org.asynchttpclient.netty.request.NettyRequestSender - Using open Channel [id: 0x46abcb5a, L:/127.0.0.1:60637 - R:localhost/127.0.0.1:64521] for POST '/session/bd64bf0cc59a875275c7925621fe67ee/url'
20:31:44.008 [AsyncHttpClient-1-1] DEBUG org.asynchttpclient.netty.channel.DefaultChannelPool - Entry count for : http://localhost:60640 : 1
20:31:45.088 [AsyncHttpClient-1-1] DEBUG org.asynchttpclient.netty.channel.DefaultChannelPool - Entry count for : http://localhost:60640 : 1
20:31:46.087 [AsyncHttpClient-1-5] DEBUG org.asynchttpclient.netty.handler.HttpHandler - 

Request DefaultHttpRequest(decodeResult: success, version: HTTP/1.1)
POST /session/bd64bf0cc59a875275c7925621fe67ee/url HTTP/1.1
User-Agent: selenium/4.1.2 (java windows)
Content-Length: 84
Content-Type: application/json; charset=utf-8
host: localhost:64521
accept: */*

Response DefaultHttpResponse(decodeResult: success, version: HTTP/1.1)
HTTP/1.1 200 OK
Content-Type: application/json; charset=utf-8
cache-control: no-cache
content-length: 14

20:31:46.087 [AsyncHttpClient-1-5] DEBUG org.asynchttpclient.netty.channel.ChannelManager - Adding key: http://localhost:64521 for channel [id: 0x46abcb5a, L:/127.0.0.1:60637 - R:localhost/127.0.0.1:64521]
20:31:46.087 [Forwarding setTimeout on session bd64bf0cc59a875275c7925621fe67ee to remote] DEBUG org.asynchttpclient.netty.request.NettyRequestSender - Using pooled Channel '[id: 0x46abcb5a, L:/127.0.0.1:60637 - R:localhost/127.0.0.1:64521]' for 'POST' to 'http://localhost:64521/session/bd64bf0cc59a875275c7925621fe67ee/timeouts'
20:31:46.087 [Forwarding setTimeout on session bd64bf0cc59a875275c7925621fe67ee to remote] DEBUG org.asynchttpclient.netty.request.NettyRequestSender - Using open Channel [id: 0x46abcb5a, L:/127.0.0.1:60637 - R:localhost/127.0.0.1:64521] for POST '/session/bd64bf0cc59a875275c7925621fe67ee/timeouts'
20:31:46.087 [AsyncHttpClient-1-5] DEBUG org.asynchttpclient.netty.handler.HttpHandler - 

Request DefaultHttpRequest(decodeResult: success, version: HTTP/1.1)
POST /session/bd64bf0cc59a875275c7925621fe67ee/timeouts HTTP/1.1
User-Agent: selenium/4.1.2 (java windows)
Content-Length: 22
Content-Type: application/json; charset=utf-8
host: localhost:64521
accept: */*

Response DefaultHttpResponse(decodeResult: success, version: HTTP/1.1)
HTTP/1.1 200 OK
Content-Type: application/json; charset=utf-8
cache-control: no-cache
content-length: 14

20:31:46.087 [AsyncHttpClient-1-5] DEBUG org.asynchttpclient.netty.channel.ChannelManager - Adding key: http://localhost:64521 for channel [id: 0x46abcb5a, L:/127.0.0.1:60637 - R:localhost/127.0.0.1:64521]
20:31:46.102 [Forwarding getCurrentUrl on session bd64bf0cc59a875275c7925621fe67ee to remote] DEBUG org.asynchttpclient.netty.request.NettyRequestSender - Using pooled Channel '[id: 0x46abcb5a, L:/127.0.0.1:60637 - R:localhost/127.0.0.1:64521]' for 'GET' to 'http://localhost:64521/session/bd64bf0cc59a875275c7925621fe67ee/url'
20:31:46.102 [Forwarding getCurrentUrl on session bd64bf0cc59a875275c7925621fe67ee to remote] DEBUG org.asynchttpclient.netty.request.NettyRequestSender - Using open Channel [id: 0x46abcb5a, L:/127.0.0.1:60637 - R:localhost/127.0.0.1:64521] for GET '/session/bd64bf0cc59a875275c7925621fe67ee/url'
20:31:46.118 [AsyncHttpClient-1-5] DEBUG org.asynchttpclient.netty.handler.HttpHandler - 

Request DefaultFullHttpRequest(decodeResult: success, version: HTTP/1.1, content: EmptyByteBufBE)
GET /session/bd64bf0cc59a875275c7925621fe67ee/url HTTP/1.1
User-Agent: selenium/4.1.2 (java windows)
Cache-Control: no-cache
Content-Type: application/json; charset=utf-8
host: localhost:64521
accept: */*

Response DefaultHttpResponse(decodeResult: success, version: HTTP/1.1)
HTTP/1.1 200 OK
Content-Type: application/json; charset=utf-8
cache-control: no-cache
content-length: 66

20:31:46.118 [AsyncHttpClient-1-5] DEBUG org.asynchttpclient.netty.channel.ChannelManager - Adding key: http://localhost:64521 for channel [id: 0x46abcb5a, L:/127.0.0.1:60637 - R:localhost/127.0.0.1:64521]
20:31:46.134 [Forwarding screenshot on session bd64bf0cc59a875275c7925621fe67ee to remote] DEBUG org.asynchttpclient.netty.request.NettyRequestSender - Using pooled Channel '[id: 0x46abcb5a, L:/127.0.0.1:60637 - R:localhost/127.0.0.1:64521]' for 'GET' to 'http://localhost:64521/session/bd64bf0cc59a875275c7925621fe67ee/screenshot'
20:31:46.134 [Forwarding screenshot on session bd64bf0cc59a875275c7925621fe67ee to remote] DEBUG org.asynchttpclient.netty.request.NettyRequestSender - Using open Channel [id: 0x46abcb5a, L:/127.0.0.1:60637 - R:localhost/127.0.0.1:64521] for GET '/session/bd64bf0cc59a875275c7925621fe67ee/screenshot'
20:31:46.196 [AsyncHttpClient-1-1] DEBUG org.asynchttpclient.netty.channel.DefaultChannelPool - Entry count for : http://localhost:60640 : 1
20:31:47.118 [AsyncHttpClient-1-5] DEBUG org.asynchttpclient.netty.handler.HttpHandler - 

Request DefaultFullHttpRequest(decodeResult: success, version: HTTP/1.1, content: EmptyByteBufBE)
GET /session/bd64bf0cc59a875275c7925621fe67ee/screenshot HTTP/1.1
User-Agent: selenium/4.1.2 (java windows)
Cache-Control: no-cache
Content-Type: application/json; charset=utf-8
host: localhost:64521
accept: */*

Response DefaultHttpResponse(decodeResult: success, version: HTTP/1.1)
HTTP/1.1 200 OK
Content-Type: application/json; charset=utf-8
cache-control: no-cache
content-length: 86016

20:31:47.134 [AsyncHttpClient-1-5] DEBUG org.asynchttpclient.netty.channel.ChannelManager - Adding key: http://localhost:64521 for channel [id: 0x46abcb5a, L:/127.0.0.1:60637 - R:localhost/127.0.0.1:64521]
20:31:47.134 [main] DEBUG net.serenitybdd.core.photography.Darkroom - Send negative for processing for target\site\serenity\63a8b96f8d8a2353d1098282bddf8724ea51ae4189c07bb318bc22275bd0f5fa.png
20:31:47.134 [main] DEBUG net.thucydides.core.steps.StepInterceptor - STEP DONE: openDataPasien
  &amp#27;[32mGiven &amp#27;[0m&amp#27;[32mOpen page data pasien&amp#27;[0m                                    &amp#27;[90m# starter.stepdefinitios.PatientDataSteps.openPageDataPasien()&amp#27;[0m
20:31:47.188 [Forwarding screenshot on session bd64bf0cc59a875275c7925621fe67ee to remote] DEBUG org.asynchttpclient.netty.request.NettyRequestSender - Using pooled Channel '[id: 0x46abcb5a, L:/127.0.0.1:60637 - R:localhost/127.0.0.1:64521]' for 'GET' to 'http://localhost:64521/session/bd64bf0cc59a875275c7925621fe67ee/screenshot'
20:31:47.189 [Forwarding screenshot on session bd64bf0cc59a875275c7925621fe67ee to remote] DEBUG org.asynchttpclient.netty.request.NettyRequestSender - Using open Channel [id: 0x46abcb5a, L:/127.0.0.1:60637 - R:localhost/127.0.0.1:64521] for GET '/session/bd64bf0cc59a875275c7925621fe67ee/screenshot'
20:31:47.297 [AsyncHttpClient-1-1] DEBUG org.asynchttpclient.netty.channel.DefaultChannelPool - Entry count for : http://localhost:60640 : 1
20:31:47.439 [AsyncHttpClient-1-5] DEBUG org.asynchttpclient.netty.handler.HttpHandler - 

Request DefaultFullHttpRequest(decodeResult: success, version: HTTP/1.1, content: EmptyByteBufBE)
GET /session/bd64bf0cc59a875275c7925621fe67ee/screenshot HTTP/1.1
User-Agent: selenium/4.1.2 (java windows)
Cache-Control: no-cache
Content-Type: application/json; charset=utf-8
host: localhost:64521
accept: */*

Response DefaultHttpResponse(decodeResult: success, version: HTTP/1.1)
HTTP/1.1 200 OK
Content-Type: application/json; charset=utf-8
cache-control: no-cache
content-length: 86016

20:31:47.455 [AsyncHttpClient-1-5] DEBUG org.asynchttpclient.netty.channel.ChannelManager - Adding key: http://localhost:64521 for channel [id: 0x46abcb5a, L:/127.0.0.1:60637 - R:localhost/127.0.0.1:64521]
20:31:47.455 [main] DEBUG net.serenitybdd.core.photography.Darkroom - Send negative for processing for target\site\serenity\63a8b96f8d8a2353d1098282bddf8724ea51ae4189c07bb318bc22275bd0f5fa.png
20:31:47.455 [main] DEBUG net.thucydides.core.steps.StepInterceptor - STARTING STEP: PatientDataSteps.clickButtonTambahData - clickButtonTambah
20:31:47.470 [Forwarding findElement on session bd64bf0cc59a875275c7925621fe67ee to remote] DEBUG org.asynchttpclient.netty.request.NettyRequestSender - Using pooled Channel '[id: 0x46abcb5a, L:/127.0.0.1:60637 - R:localhost/127.0.0.1:64521]' for 'POST' to 'http://localhost:64521/session/bd64bf0cc59a875275c7925621fe67ee/element'
20:31:47.470 [Forwarding findElement on session bd64bf0cc59a875275c7925621fe67ee to remote] DEBUG org.asynchttpclient.netty.request.NettyRequestSender - Using open Channel [id: 0x46abcb5a, L:/127.0.0.1:60637 - R:localhost/127.0.0.1:64521] for POST '/session/bd64bf0cc59a875275c7925621fe67ee/element'
20:31:47.525 [AsyncHttpClient-1-5] DEBUG org.asynchttpclient.netty.handler.HttpHandler - 

Request DefaultHttpRequest(decodeResult: success, version: HTTP/1.1)
POST /session/bd64bf0cc59a875275c7925621fe67ee/element HTTP/1.1
User-Agent: selenium/4.1.2 (java windows)
Content-Length: 68
Content-Type: application/json; charset=utf-8
host: localhost:64521
accept: */*

Response DefaultHttpResponse(decodeResult: success, version: HTTP/1.1)
HTTP/1.1 200 OK
Content-Type: application/json; charset=utf-8
cache-control: no-cache
content-length: 88

20:31:47.525 [AsyncHttpClient-1-5] DEBUG org.asynchttpclient.netty.channel.ChannelManager - Adding key: http://localhost:64521 for channel [id: 0x46abcb5a, L:/127.0.0.1:60637 - R:localhost/127.0.0.1:64521]
20:31:47.525 [Forwarding getElementTagName on session bd64bf0cc59a875275c7925621fe67ee to remote] DEBUG org.asynchttpclient.netty.request.NettyRequestSender - Using pooled Channel '[id: 0x46abcb5a, L:/127.0.0.1:60637 - R:localhost/127.0.0.1:64521]' for 'GET' to 'http://localhost:64521/session/bd64bf0cc59a875275c7925621fe67ee/element/40a7d8a1-7541-4b32-ad3e-e5970898ee06/name'
20:31:47.525 [Forwarding getElementTagName on session bd64bf0cc59a875275c7925621fe67ee to remote] DEBUG org.asynchttpclient.netty.request.NettyRequestSender - Using open Channel [id: 0x46abcb5a, L:/127.0.0.1:60637 - R:localhost/127.0.0.1:64521] for GET '/session/bd64bf0cc59a875275c7925621fe67ee/element/40a7d8a1-7541-4b32-ad3e-e5970898ee06/name'
20:31:47.556 [AsyncHttpClient-1-5] DEBUG org.asynchttpclient.netty.handler.HttpHandler - 

Request DefaultFullHttpRequest(decodeResult: success, version: HTTP/1.1, content: EmptyByteBufBE)
GET /session/bd64bf0cc59a875275c7925621fe67ee/element/40a7d8a1-7541-4b32-ad3e-e5970898ee06/name HTTP/1.1
User-Agent: selenium/4.1.2 (java windows)
Cache-Control: no-cache
Content-Type: application/json; charset=utf-8
host: localhost:64521
accept: */*

Response DefaultHttpResponse(decodeResult: success, version: HTTP/1.1)
HTTP/1.1 200 OK
Content-Type: application/json; charset=utf-8
cache-control: no-cache
content-length: 18

20:31:47.556 [AsyncHttpClient-1-5] DEBUG org.asynchttpclient.netty.channel.ChannelManager - Adding key: http://localhost:64521 for channel [id: 0x46abcb5a, L:/127.0.0.1:60637 - R:localhost/127.0.0.1:64521]
20:31:47.556 [Forwarding getElementTagName on session bd64bf0cc59a875275c7925621fe67ee to remote] DEBUG org.asynchttpclient.netty.request.NettyRequestSender - Using pooled Channel '[id: 0x46abcb5a, L:/127.0.0.1:60637 - R:localhost/127.0.0.1:64521]' for 'GET' to 'http://localhost:64521/session/bd64bf0cc59a875275c7925621fe67ee/element/40a7d8a1-7541-4b32-ad3e-e5970898ee06/name'
20:31:47.556 [Forwarding getElementTagName on session bd64bf0cc59a875275c7925621fe67ee to remote] DEBUG org.asynchttpclient.netty.request.NettyRequestSender - Using open Channel [id: 0x46abcb5a, L:/127.0.0.1:60637 - R:localhost/127.0.0.1:64521] for GET '/session/bd64bf0cc59a875275c7925621fe67ee/element/40a7d8a1-7541-4b32-ad3e-e5970898ee06/name'
20:31:47.556 [AsyncHttpClient-1-5] DEBUG org.asynchttpclient.netty.handler.HttpHandler - 

Request DefaultFullHttpRequest(decodeResult: success, version: HTTP/1.1, content: EmptyByteBufBE)
GET /session/bd64bf0cc59a875275c7925621fe67ee/element/40a7d8a1-7541-4b32-ad3e-e5970898ee06/name HTTP/1.1
User-Agent: selenium/4.1.2 (java windows)
Cache-Control: no-cache
Content-Type: application/json; charset=utf-8
host: localhost:64521
accept: */*

Response DefaultHttpResponse(decodeResult: success, version: HTTP/1.1)
HTTP/1.1 200 OK
Content-Type: application/json; charset=utf-8
cache-control: no-cache
content-length: 18

20:31:47.556 [AsyncHttpClient-1-5] DEBUG org.asynchttpclient.netty.channel.ChannelManager - Adding key: http://localhost:64521 for channel [id: 0x46abcb5a, L:/127.0.0.1:60637 - R:localhost/127.0.0.1:64521]
20:31:47.572 [Forwarding isElementEnabled on session bd64bf0cc59a875275c7925621fe67ee to remote] DEBUG org.asynchttpclient.netty.request.NettyRequestSender - Using pooled Channel '[id: 0x46abcb5a, L:/127.0.0.1:60637 - R:localhost/127.0.0.1:64521]' for 'GET' to 'http://localhost:64521/session/bd64bf0cc59a875275c7925621fe67ee/element/40a7d8a1-7541-4b32-ad3e-e5970898ee06/enabled'
20:31:47.572 [Forwarding isElementEnabled on session bd64bf0cc59a875275c7925621fe67ee to remote] DEBUG org.asynchttpclient.netty.request.NettyRequestSender - Using open Channel [id: 0x46abcb5a, L:/127.0.0.1:60637 - R:localhost/127.0.0.1:64521] for GET '/session/bd64bf0cc59a875275c7925621fe67ee/element/40a7d8a1-7541-4b32-ad3e-e5970898ee06/enabled'
20:31:47.587 [AsyncHttpClient-1-5] DEBUG org.asynchttpclient.netty.handler.HttpHandler - 

Request DefaultFullHttpRequest(decodeResult: success, version: HTTP/1.1, content: EmptyByteBufBE)
GET /session/bd64bf0cc59a875275c7925621fe67ee/element/40a7d8a1-7541-4b32-ad3e-e5970898ee06/enabled HTTP/1.1
User-Agent: selenium/4.1.2 (java windows)
Cache-Control: no-cache
Content-Type: application/json; charset=utf-8
host: localhost:64521
accept: */*

Response DefaultHttpResponse(decodeResult: success, version: HTTP/1.1)
HTTP/1.1 200 OK
Content-Type: application/json; charset=utf-8
cache-control: no-cache
content-length: 14

20:31:47.587 [AsyncHttpClient-1-5] DEBUG org.asynchttpclient.netty.channel.ChannelManager - Adding key: http://localhost:64521 for channel [id: 0x46abcb5a, L:/127.0.0.1:60637 - R:localhost/127.0.0.1:64521]
20:31:47.603 [Forwarding isElementEnabled on session bd64bf0cc59a875275c7925621fe67ee to remote] DEBUG org.asynchttpclient.netty.request.NettyRequestSender - Using pooled Channel '[id: 0x46abcb5a, L:/127.0.0.1:60637 - R:localhost/127.0.0.1:64521]' for 'GET' to 'http://localhost:64521/session/bd64bf0cc59a875275c7925621fe67ee/element/40a7d8a1-7541-4b32-ad3e-e5970898ee06/enabled'
20:31:47.603 [Forwarding isElementEnabled on session bd64bf0cc59a875275c7925621fe67ee to remote] DEBUG org.asynchttpclient.netty.request.NettyRequestSender - Using open Channel [id: 0x46abcb5a, L:/127.0.0.1:60637 - R:localhost/127.0.0.1:64521] for GET '/session/bd64bf0cc59a875275c7925621fe67ee/element/40a7d8a1-7541-4b32-ad3e-e5970898ee06/enabled'
20:31:47.619 [AsyncHttpClient-1-5] DEBUG org.asynchttpclient.netty.handler.HttpHandler - 

Request DefaultFullHttpRequest(decodeResult: success, version: HTTP/1.1, content: EmptyByteBufBE)
GET /session/bd64bf0cc59a875275c7925621fe67ee/element/40a7d8a1-7541-4b32-ad3e-e5970898ee06/enabled HTTP/1.1
User-Agent: selenium/4.1.2 (java windows)
Cache-Control: no-cache
Content-Type: application/json; charset=utf-8
host: localhost:64521
accept: */*

Response DefaultHttpResponse(decodeResult: success, version: HTTP/1.1)
HTTP/1.1 200 OK
Content-Type: application/json; charset=utf-8
cache-control: no-cache
content-length: 14

20:31:47.619 [AsyncHttpClient-1-5] DEBUG org.asynchttpclient.netty.channel.ChannelManager - Adding key: http://localhost:64521 for channel [id: 0x46abcb5a, L:/127.0.0.1:60637 - R:localhost/127.0.0.1:64521]
20:31:47.619 [Forwarding findElement on session bd64bf0cc59a875275c7925621fe67ee to remote] DEBUG org.asynchttpclient.netty.request.NettyRequestSender - Using pooled Channel '[id: 0x46abcb5a, L:/127.0.0.1:60637 - R:localhost/127.0.0.1:64521]' for 'POST' to 'http://localhost:64521/session/bd64bf0cc59a875275c7925621fe67ee/element'
20:31:47.619 [Forwarding findElement on session bd64bf0cc59a875275c7925621fe67ee to remote] DEBUG org.asynchttpclient.netty.request.NettyRequestSender - Using open Channel [id: 0x46abcb5a, L:/127.0.0.1:60637 - R:localhost/127.0.0.1:64521] for POST '/session/bd64bf0cc59a875275c7925621fe67ee/element'
20:31:47.634 [AsyncHttpClient-1-5] DEBUG org.asynchttpclient.netty.handler.HttpHandler - 

Request DefaultHttpRequest(decodeResult: success, version: HTTP/1.1)
POST /session/bd64bf0cc59a875275c7925621fe67ee/element HTTP/1.1
User-Agent: selenium/4.1.2 (java windows)
Content-Length: 68
Content-Type: application/json; charset=utf-8
host: localhost:64521
accept: */*

Response DefaultHttpResponse(decodeResult: success, version: HTTP/1.1)
HTTP/1.1 200 OK
Content-Type: application/json; charset=utf-8
cache-control: no-cache
content-length: 88

20:31:47.634 [AsyncHttpClient-1-5] DEBUG org.asynchttpclient.netty.channel.ChannelManager - Adding key: http://localhost:64521 for channel [id: 0x46abcb5a, L:/127.0.0.1:60637 - R:localhost/127.0.0.1:64521]
20:31:47.650 [Forwarding clickElement on session bd64bf0cc59a875275c7925621fe67ee to remote] DEBUG org.asynchttpclient.netty.request.NettyRequestSender - Using pooled Channel '[id: 0x46abcb5a, L:/127.0.0.1:60637 - R:localhost/127.0.0.1:64521]' for 'POST' to 'http://localhost:64521/session/bd64bf0cc59a875275c7925621fe67ee/element/40a7d8a1-7541-4b32-ad3e-e5970898ee06/click'
20:31:47.650 [Forwarding clickElement on session bd64bf0cc59a875275c7925621fe67ee to remote] DEBUG org.asynchttpclient.netty.request.NettyRequestSender - Using open Channel [id: 0x46abcb5a, L:/127.0.0.1:60637 - R:localhost/127.0.0.1:64521] for POST '/session/bd64bf0cc59a875275c7925621fe67ee/element/40a7d8a1-7541-4b32-ad3e-e5970898ee06/click'
20:31:48.191 [AsyncHttpClient-1-5] DEBUG org.asynchttpclient.netty.handler.HttpHandler - 

Request DefaultHttpRequest(decodeResult: success, version: HTTP/1.1)
POST /session/bd64bf0cc59a875275c7925621fe67ee/element/40a7d8a1-7541-4b32-ad3e-e5970898ee06/click HTTP/1.1
User-Agent: selenium/4.1.2 (java windows)
Content-Length: 50
Content-Type: application/json; charset=utf-8
host: localhost:64521
accept: */*

Response DefaultHttpResponse(decodeResult: success, version: HTTP/1.1)
HTTP/1.1 200 OK
Content-Type: application/json; charset=utf-8
cache-control: no-cache
content-length: 14

20:31:48.191 [AsyncHttpClient-1-5] DEBUG org.asynchttpclient.netty.channel.ChannelManager - Adding key: http://localhost:64521 for channel [id: 0x46abcb5a, L:/127.0.0.1:60637 - R:localhost/127.0.0.1:64521]
20:31:48.207 [Forwarding screenshot on session bd64bf0cc59a875275c7925621fe67ee to remote] DEBUG org.asynchttpclient.netty.request.NettyRequestSender - Using pooled Channel '[id: 0x46abcb5a, L:/127.0.0.1:60637 - R:localhost/127.0.0.1:64521]' for 'GET' to 'http://localhost:64521/session/bd64bf0cc59a875275c7925621fe67ee/screenshot'
20:31:48.207 [Forwarding screenshot on session bd64bf0cc59a875275c7925621fe67ee to remote] DEBUG org.asynchttpclient.netty.request.NettyRequestSender - Using open Channel [id: 0x46abcb5a, L:/127.0.0.1:60637 - R:localhost/127.0.0.1:64521] for GET '/session/bd64bf0cc59a875275c7925621fe67ee/screenshot'
20:31:48.402 [AsyncHttpClient-1-1] DEBUG org.asynchttpclient.netty.channel.DefaultChannelPool - Entry count for : http://localhost:60640 : 1
20:31:48.726 [AsyncHttpClient-1-5] DEBUG org.asynchttpclient.netty.handler.HttpHandler - 

Request DefaultFullHttpRequest(decodeResult: success, version: HTTP/1.1, content: EmptyByteBufBE)
GET /session/bd64bf0cc59a875275c7925621fe67ee/screenshot HTTP/1.1
User-Agent: selenium/4.1.2 (java windows)
Cache-Control: no-cache
Content-Type: application/json; charset=utf-8
host: localhost:64521
accept: */*

Response DefaultHttpResponse(decodeResult: success, version: HTTP/1.1)
HTTP/1.1 200 OK
Content-Type: application/json; charset=utf-8
cache-control: no-cache
content-length: 50504

20:31:48.734 [AsyncHttpClient-1-5] DEBUG org.asynchttpclient.netty.channel.ChannelManager - Adding key: http://localhost:64521 for channel [id: 0x46abcb5a, L:/127.0.0.1:60637 - R:localhost/127.0.0.1:64521]
20:31:48.738 [main] DEBUG net.serenitybdd.core.photography.Darkroom - Send negative for processing for target\site\serenity\9b46d6d3c6d50f31c5127c07f12cc8a5aa88b032819cd58a358cc44d09e3495e.png
20:31:48.738 [main] DEBUG net.thucydides.core.steps.StepInterceptor - STEP DONE: clickButtonTambah
  &amp#27;[32mWhen &amp#27;[0m&amp#27;[32mClick button tambah data&amp#27;[0m                                  &amp#27;[90m# starter.stepdefinitios.PatientDataSteps.clickButtonTambahData()&amp#27;[0m
20:31:49.290 [Forwarding screenshot on session bd64bf0cc59a875275c7925621fe67ee to remote] DEBUG org.asynchttpclient.netty.request.NettyRequestSender - Using pooled Channel '[id: 0x46abcb5a, L:/127.0.0.1:60637 - R:localhost/127.0.0.1:64521]' for 'GET' to 'http://localhost:64521/session/bd64bf0cc59a875275c7925621fe67ee/screenshot'
20:31:49.290 [Forwarding screenshot on session bd64bf0cc59a875275c7925621fe67ee to remote] DEBUG org.asynchttpclient.netty.request.NettyRequestSender - Using open Channel [id: 0x46abcb5a, L:/127.0.0.1:60637 - R:localhost/127.0.0.1:64521] for GET '/session/bd64bf0cc59a875275c7925621fe67ee/screenshot'
20:31:49.504 [AsyncHttpClient-1-1] DEBUG org.asynchttpclient.netty.channel.DefaultChannelPool - Entry count for : http://localhost:60640 : 1
20:31:49.660 [AsyncHttpClient-1-5] DEBUG org.asynchttpclient.netty.handler.HttpHandler - 

Request DefaultFullHttpRequest(decodeResult: success, version: HTTP/1.1, content: EmptyByteBufBE)
GET /session/bd64bf0cc59a875275c7925621fe67ee/screenshot HTTP/1.1
User-Agent: selenium/4.1.2 (java windows)
Cache-Control: no-cache
Content-Type: application/json; charset=utf-8
host: localhost:64521
accept: */*

Response DefaultHttpResponse(decodeResult: success, version: HTTP/1.1)
HTTP/1.1 200 OK
Content-Type: application/json; charset=utf-8
cache-control: no-cache
content-length: 397960

20:31:49.676 [AsyncHttpClient-1-5] DEBUG org.asynchttpclient.netty.channel.ChannelManager - Adding key: http://localhost:64521 for channel [id: 0x46abcb5a, L:/127.0.0.1:60637 - R:localhost/127.0.0.1:64521]
20:31:49.707 [main] DEBUG net.serenitybdd.core.photography.Darkroom - Send negative for processing for target\site\serenity\cbeceb493b3cc14d3791ff263ea0078986a8fbc23e395c454f06e0ce9a24f68d.png
20:31:49.707 [main] DEBUG net.thucydides.core.steps.StepInterceptor - STARTING STEP: PatientDataSteps.iInput - inputDataPasien
20:31:49.707 [Forwarding findElement on session bd64bf0cc59a875275c7925621fe67ee to remote] DEBUG org.asynchttpclient.netty.request.NettyRequestSender - Using pooled Channel '[id: 0x46abcb5a, L:/127.0.0.1:60637 - R:localhost/127.0.0.1:64521]' for 'POST' to 'http://localhost:64521/session/bd64bf0cc59a875275c7925621fe67ee/element'
20:31:49.707 [Forwarding findElement on session bd64bf0cc59a875275c7925621fe67ee to remote] DEBUG org.asynchttpclient.netty.request.NettyRequestSender - Using open Channel [id: 0x46abcb5a, L:/127.0.0.1:60637 - R:localhost/127.0.0.1:64521] for POST '/session/bd64bf0cc59a875275c7925621fe67ee/element'
20:31:49.738 [AsyncHttpClient-1-5] DEBUG org.asynchttpclient.netty.handler.HttpHandler - 

Request DefaultHttpRequest(decodeResult: success, version: HTTP/1.1)
POST /session/bd64bf0cc59a875275c7925621fe67ee/element HTTP/1.1
User-Agent: selenium/4.1.2 (java windows)
Content-Length: 66
Content-Type: application/json; charset=utf-8
host: localhost:64521
accept: */*

Response DefaultHttpResponse(decodeResult: success, version: HTTP/1.1)
HTTP/1.1 200 OK
Content-Type: application/json; charset=utf-8
cache-control: no-cache
content-length: 88

20:31:49.738 [AsyncHttpClient-1-5] DEBUG org.asynchttpclient.netty.channel.ChannelManager - Adding key: http://localhost:64521 for channel [id: 0x46abcb5a, L:/127.0.0.1:60637 - R:localhost/127.0.0.1:64521]
20:31:49.738 [Forwarding sendKeysToElement on session bd64bf0cc59a875275c7925621fe67ee to remote] DEBUG org.asynchttpclient.netty.request.NettyRequestSender - Using pooled Channel '[id: 0x46abcb5a, L:/127.0.0.1:60637 - R:localhost/127.0.0.1:64521]' for 'POST' to 'http://localhost:64521/session/bd64bf0cc59a875275c7925621fe67ee/element/4333f8ba-59e8-4718-a57a-8c18eda88a24/value'
20:31:49.738 [Forwarding sendKeysToElement on session bd64bf0cc59a875275c7925621fe67ee to remote] DEBUG org.asynchttpclient.netty.request.NettyRequestSender - Using open Channel [id: 0x46abcb5a, L:/127.0.0.1:60637 - R:localhost/127.0.0.1:64521] for POST '/session/bd64bf0cc59a875275c7925621fe67ee/element/4333f8ba-59e8-4718-a57a-8c18eda88a24/value'
20:31:50.226 [AsyncHttpClient-1-5] DEBUG org.asynchttpclient.netty.handler.HttpHandler - 

Request DefaultHttpRequest(decodeResult: success, version: HTTP/1.1)
POST /session/bd64bf0cc59a875275c7925621fe67ee/element/4333f8ba-59e8-4718-a57a-8c18eda88a24/value HTTP/1.1
User-Agent: selenium/4.1.2 (java windows)
Content-Length: 131
Content-Type: application/json; charset=utf-8
host: localhost:64521
accept: */*

Response DefaultHttpResponse(decodeResult: success, version: HTTP/1.1)
HTTP/1.1 200 OK
Content-Type: application/json; charset=utf-8
cache-control: no-cache
content-length: 14

20:31:50.226 [AsyncHttpClient-1-5] DEBUG org.asynchttpclient.netty.channel.ChannelManager - Adding key: http://localhost:64521 for channel [id: 0x46abcb5a, L:/127.0.0.1:60637 - R:localhost/127.0.0.1:64521]
20:31:50.234 [Forwarding findElement on session bd64bf0cc59a875275c7925621fe67ee to remote] DEBUG org.asynchttpclient.netty.request.NettyRequestSender - Using pooled Channel '[id: 0x46abcb5a, L:/127.0.0.1:60637 - R:localhost/127.0.0.1:64521]' for 'POST' to 'http://localhost:64521/session/bd64bf0cc59a875275c7925621fe67ee/element'
20:31:50.234 [Forwarding findElement on session bd64bf0cc59a875275c7925621fe67ee to remote] DEBUG org.asynchttpclient.netty.request.NettyRequestSender - Using open Channel [id: 0x46abcb5a, L:/127.0.0.1:60637 - R:localhost/127.0.0.1:64521] for POST '/session/bd64bf0cc59a875275c7925621fe67ee/element'
20:31:50.255 [AsyncHttpClient-1-5] DEBUG org.asynchttpclient.netty.handler.HttpHandler - 

Request DefaultHttpRequest(decodeResult: success, version: HTTP/1.1)
POST /session/bd64bf0cc59a875275c7925621fe67ee/element HTTP/1.1
User-Agent: selenium/4.1.2 (java windows)
Content-Length: 65
Content-Type: application/json; charset=utf-8
host: localhost:64521
accept: */*

Response DefaultHttpResponse(decodeResult: success, version: HTTP/1.1)
HTTP/1.1 200 OK
Content-Type: application/json; charset=utf-8
cache-control: no-cache
content-length: 88

20:31:50.255 [AsyncHttpClient-1-5] DEBUG org.asynchttpclient.netty.channel.ChannelManager - Adding key: http://localhost:64521 for channel [id: 0x46abcb5a, L:/127.0.0.1:60637 - R:localhost/127.0.0.1:64521]
20:31:50.255 [Forwarding sendKeysToElement on session bd64bf0cc59a875275c7925621fe67ee to remote] DEBUG org.asynchttpclient.netty.request.NettyRequestSender - Using pooled Channel '[id: 0x46abcb5a, L:/127.0.0.1:60637 - R:localhost/127.0.0.1:64521]' for 'POST' to 'http://localhost:64521/session/bd64bf0cc59a875275c7925621fe67ee/element/561702f1-564c-4f95-aa4e-896fa239077c/value'
20:31:50.255 [Forwarding sendKeysToElement on session bd64bf0cc59a875275c7925621fe67ee to remote] DEBUG org.asynchttpclient.netty.request.NettyRequestSender - Using open Channel [id: 0x46abcb5a, L:/127.0.0.1:60637 - R:localhost/127.0.0.1:64521] for POST '/session/bd64bf0cc59a875275c7925621fe67ee/element/561702f1-564c-4f95-aa4e-896fa239077c/value'
20:31:50.374 [AsyncHttpClient-1-5] DEBUG org.asynchttpclient.netty.handler.HttpHandler - 

Request DefaultHttpRequest(decodeResult: success, version: HTTP/1.1)
POST /session/bd64bf0cc59a875275c7925621fe67ee/element/561702f1-564c-4f95-aa4e-896fa239077c/value HTTP/1.1
User-Agent: selenium/4.1.2 (java windows)
Content-Length: 82
Content-Type: application/json; charset=utf-8
host: localhost:64521
accept: */*

Response DefaultHttpResponse(decodeResult: success, version: HTTP/1.1)
HTTP/1.1 200 OK
Content-Type: application/json; charset=utf-8
cache-control: no-cache
content-length: 14

20:31:50.374 [AsyncHttpClient-1-5] DEBUG org.asynchttpclient.netty.channel.ChannelManager - Adding key: http://localhost:64521 for channel [id: 0x46abcb5a, L:/127.0.0.1:60637 - R:localhost/127.0.0.1:64521]
20:31:50.374 [Forwarding findElement on session bd64bf0cc59a875275c7925621fe67ee to remote] DEBUG org.asynchttpclient.netty.request.NettyRequestSender - Using pooled Channel '[id: 0x46abcb5a, L:/127.0.0.1:60637 - R:localhost/127.0.0.1:64521]' for 'POST' to 'http://localhost:64521/session/bd64bf0cc59a875275c7925621fe67ee/element'
20:31:50.374 [Forwarding findElement on session bd64bf0cc59a875275c7925621fe67ee to remote] DEBUG org.asynchttpclient.netty.request.NettyRequestSender - Using open Channel [id: 0x46abcb5a, L:/127.0.0.1:60637 - R:localhost/127.0.0.1:64521] for POST '/session/bd64bf0cc59a875275c7925621fe67ee/element'
20:31:50.405 [AsyncHttpClient-1-5] DEBUG org.asynchttpclient.netty.handler.HttpHandler - 

Request DefaultHttpRequest(decodeResult: success, version: HTTP/1.1)
POST /session/bd64bf0cc59a875275c7925621fe67ee/element HTTP/1.1
User-Agent: selenium/4.1.2 (java windows)
Content-Length: 66
Content-Type: application/json; charset=utf-8
host: localhost:64521
accept: */*

Response DefaultHttpResponse(decodeResult: success, version: HTTP/1.1)
HTTP/1.1 200 OK
Content-Type: application/json; charset=utf-8
cache-control: no-cache
content-length: 88

20:31:50.405 [AsyncHttpClient-1-5] DEBUG org.asynchttpclient.netty.channel.ChannelManager - Adding key: http://localhost:64521 for channel [id: 0x46abcb5a, L:/127.0.0.1:60637 - R:localhost/127.0.0.1:64521]
20:31:50.405 [Forwarding sendKeysToElement on session bd64bf0cc59a875275c7925621fe67ee to remote] DEBUG org.asynchttpclient.netty.request.NettyRequestSender - Using pooled Channel '[id: 0x46abcb5a, L:/127.0.0.1:60637 - R:localhost/127.0.0.1:64521]' for 'POST' to 'http://localhost:64521/session/bd64bf0cc59a875275c7925621fe67ee/element/783bfe89-f536-4315-88b7-bc6d9c601acb/value'
20:31:50.405 [Forwarding sendKeysToElement on session bd64bf0cc59a875275c7925621fe67ee to remote] DEBUG org.asynchttpclient.netty.request.NettyRequestSender - Using open Channel [id: 0x46abcb5a, L:/127.0.0.1:60637 - R:localhost/127.0.0.1:64521] for POST '/session/bd64bf0cc59a875275c7925621fe67ee/element/783bfe89-f536-4315-88b7-bc6d9c601acb/value'
20:31:50.587 [AsyncHttpClient-1-1] DEBUG org.asynchttpclient.netty.channel.DefaultChannelPool - Entry count for : http://localhost:60640 : 1
20:31:50.727 [AsyncHttpClient-1-5] DEBUG org.asynchttpclient.netty.handler.HttpHandler - 

Request DefaultHttpRequest(decodeResult: success, version: HTTP/1.1)
POST /session/bd64bf0cc59a875275c7925621fe67ee/element/783bfe89-f536-4315-88b7-bc6d9c601acb/value HTTP/1.1
User-Agent: selenium/4.1.2 (java windows)
Content-Length: 101
Content-Type: application/json; charset=utf-8
host: localhost:64521
accept: */*

Response DefaultHttpResponse(decodeResult: success, version: HTTP/1.1)
HTTP/1.1 200 OK
Content-Type: application/json; charset=utf-8
cache-control: no-cache
content-length: 14

20:31:50.727 [AsyncHttpClient-1-5] DEBUG org.asynchttpclient.netty.channel.ChannelManager - Adding key: http://localhost:64521 for channel [id: 0x46abcb5a, L:/127.0.0.1:60637 - R:localhost/127.0.0.1:64521]
20:31:50.735 [Forwarding findElement on session bd64bf0cc59a875275c7925621fe67ee to remote] DEBUG org.asynchttpclient.netty.request.NettyRequestSender - Using pooled Channel '[id: 0x46abcb5a, L:/127.0.0.1:60637 - R:localhost/127.0.0.1:64521]' for 'POST' to 'http://localhost:64521/session/bd64bf0cc59a875275c7925621fe67ee/element'
20:31:50.735 [Forwarding findElement on session bd64bf0cc59a875275c7925621fe67ee to remote] DEBUG org.asynchttpclient.netty.request.NettyRequestSender - Using open Channel [id: 0x46abcb5a, L:/127.0.0.1:60637 - R:localhost/127.0.0.1:64521] for POST '/session/bd64bf0cc59a875275c7925621fe67ee/element'
20:31:50.909 [AsyncHttpClient-1-5] DEBUG org.asynchttpclient.netty.handler.HttpHandler - 

Request DefaultHttpRequest(decodeResult: success, version: HTTP/1.1)
POST /session/bd64bf0cc59a875275c7925621fe67ee/element HTTP/1.1
User-Agent: selenium/4.1.2 (java windows)
Content-Length: 66
Content-Type: application/json; charset=utf-8
host: localhost:64521
accept: */*

Response DefaultHttpResponse(decodeResult: success, version: HTTP/1.1)
HTTP/1.1 200 OK
Content-Type: application/json; charset=utf-8
cache-control: no-cache
content-length: 88

20:31:50.909 [AsyncHttpClient-1-5] DEBUG org.asynchttpclient.netty.channel.ChannelManager - Adding key: http://localhost:64521 for channel [id: 0x46abcb5a, L:/127.0.0.1:60637 - R:localhost/127.0.0.1:64521]
20:31:50.909 [Forwarding sendKeysToElement on session bd64bf0cc59a875275c7925621fe67ee to remote] DEBUG org.asynchttpclient.netty.request.NettyRequestSender - Using pooled Channel '[id: 0x46abcb5a, L:/127.0.0.1:60637 - R:localhost/127.0.0.1:64521]' for 'POST' to 'http://localhost:64521/session/bd64bf0cc59a875275c7925621fe67ee/element/6227fbb3-2b1b-4679-9ba4-237de54af3bd/value'
20:31:50.909 [Forwarding sendKeysToElement on session bd64bf0cc59a875275c7925621fe67ee to remote] DEBUG org.asynchttpclient.netty.request.NettyRequestSender - Using open Channel [id: 0x46abcb5a, L:/127.0.0.1:60637 - R:localhost/127.0.0.1:64521] for POST '/session/bd64bf0cc59a875275c7925621fe67ee/element/6227fbb3-2b1b-4679-9ba4-237de54af3bd/value'
20:31:51.694 [AsyncHttpClient-1-1] DEBUG org.asynchttpclient.netty.channel.DefaultChannelPool - Entry count for : http://localhost:60640 : 1
20:31:51.958 [AsyncHttpClient-1-5] DEBUG org.asynchttpclient.netty.handler.HttpHandler - 

Request DefaultHttpRequest(decodeResult: success, version: HTTP/1.1)
POST /session/bd64bf0cc59a875275c7925621fe67ee/element/6227fbb3-2b1b-4679-9ba4-237de54af3bd/value HTTP/1.1
User-Agent: selenium/4.1.2 (java windows)
Content-Length: 191
Content-Type: application/json; charset=utf-8
host: localhost:64521
accept: */*

Response DefaultHttpResponse(decodeResult: success, version: HTTP/1.1)
HTTP/1.1 200 OK
Content-Type: application/json; charset=utf-8
cache-control: no-cache
content-length: 14

20:31:51.958 [AsyncHttpClient-1-5] DEBUG org.asynchttpclient.netty.channel.ChannelManager - Adding key: http://localhost:64521 for channel [id: 0x46abcb5a, L:/127.0.0.1:60637 - R:localhost/127.0.0.1:64521]
20:31:51.966 [Forwarding findElement on session bd64bf0cc59a875275c7925621fe67ee to remote] DEBUG org.asynchttpclient.netty.request.NettyRequestSender - Using pooled Channel '[id: 0x46abcb5a, L:/127.0.0.1:60637 - R:localhost/127.0.0.1:64521]' for 'POST' to 'http://localhost:64521/session/bd64bf0cc59a875275c7925621fe67ee/element'
20:31:51.966 [Forwarding findElement on session bd64bf0cc59a875275c7925621fe67ee to remote] DEBUG org.asynchttpclient.netty.request.NettyRequestSender - Using open Channel [id: 0x46abcb5a, L:/127.0.0.1:60637 - R:localhost/127.0.0.1:64521] for POST '/session/bd64bf0cc59a875275c7925621fe67ee/element'
20:31:52.030 [AsyncHttpClient-1-5] DEBUG org.asynchttpclient.netty.handler.HttpHandler - 

Request DefaultHttpRequest(decodeResult: success, version: HTTP/1.1)
POST /session/bd64bf0cc59a875275c7925621fe67ee/element HTTP/1.1
User-Agent: selenium/4.1.2 (java windows)
Content-Length: 68
Content-Type: application/json; charset=utf-8
host: localhost:64521
accept: */*

Response DefaultHttpResponse(decodeResult: success, version: HTTP/1.1)
HTTP/1.1 200 OK
Content-Type: application/json; charset=utf-8
cache-control: no-cache
content-length: 88

20:31:52.030 [AsyncHttpClient-1-5] DEBUG org.asynchttpclient.netty.channel.ChannelManager - Adding key: http://localhost:64521 for channel [id: 0x46abcb5a, L:/127.0.0.1:60637 - R:localhost/127.0.0.1:64521]
20:31:52.038 [Forwarding sendKeysToElement on session bd64bf0cc59a875275c7925621fe67ee to remote] DEBUG org.asynchttpclient.netty.request.NettyRequestSender - Using pooled Channel '[id: 0x46abcb5a, L:/127.0.0.1:60637 - R:localhost/127.0.0.1:64521]' for 'POST' to 'http://localhost:64521/session/bd64bf0cc59a875275c7925621fe67ee/element/2fc02484-1f20-4b45-8356-6d6e590bc792/value'
20:31:52.038 [Forwarding sendKeysToElement on session bd64bf0cc59a875275c7925621fe67ee to remote] DEBUG org.asynchttpclient.netty.request.NettyRequestSender - Using open Channel [id: 0x46abcb5a, L:/127.0.0.1:60637 - R:localhost/127.0.0.1:64521] for POST '/session/bd64bf0cc59a875275c7925621fe67ee/element/2fc02484-1f20-4b45-8356-6d6e590bc792/value'
20:31:52.711 [AsyncHttpClient-1-5] DEBUG org.asynchttpclient.netty.handler.HttpHandler - 

Request DefaultHttpRequest(decodeResult: success, version: HTTP/1.1)
POST /session/bd64bf0cc59a875275c7925621fe67ee/element/2fc02484-1f20-4b45-8356-6d6e590bc792/value HTTP/1.1
User-Agent: selenium/4.1.2 (java windows)
Content-Length: 171
Content-Type: application/json; charset=utf-8
host: localhost:64521
accept: */*

Response DefaultHttpResponse(decodeResult: success, version: HTTP/1.1)
HTTP/1.1 200 OK
Content-Type: application/json; charset=utf-8
cache-control: no-cache
content-length: 14

20:31:52.711 [AsyncHttpClient-1-5] DEBUG org.asynchttpclient.netty.channel.ChannelManager - Adding key: http://localhost:64521 for channel [id: 0x46abcb5a, L:/127.0.0.1:60637 - R:localhost/127.0.0.1:64521]
20:31:52.727 [Forwarding screenshot on session bd64bf0cc59a875275c7925621fe67ee to remote] DEBUG org.asynchttpclient.netty.request.NettyRequestSender - Using pooled Channel '[id: 0x46abcb5a, L:/127.0.0.1:60637 - R:localhost/127.0.0.1:64521]' for 'GET' to 'http://localhost:64521/session/bd64bf0cc59a875275c7925621fe67ee/screenshot'
20:31:52.727 [Forwarding screenshot on session bd64bf0cc59a875275c7925621fe67ee to remote] DEBUG org.asynchttpclient.netty.request.NettyRequestSender - Using open Channel [id: 0x46abcb5a, L:/127.0.0.1:60637 - R:localhost/127.0.0.1:64521] for GET '/session/bd64bf0cc59a875275c7925621fe67ee/screenshot'
20:31:52.791 [AsyncHttpClient-1-1] DEBUG org.asynchttpclient.netty.channel.DefaultChannelPool - Entry count for : http://localhost:60640 : 1
20:31:53.086 [AsyncHttpClient-1-5] DEBUG org.asynchttpclient.netty.handler.HttpHandler - 

Request DefaultFullHttpRequest(decodeResult: success, version: HTTP/1.1, content: EmptyByteBufBE)
GET /session/bd64bf0cc59a875275c7925621fe67ee/screenshot HTTP/1.1
User-Agent: selenium/4.1.2 (java windows)
Cache-Control: no-cache
Content-Type: application/json; charset=utf-8
host: localhost:64521
accept: */*

Response DefaultHttpResponse(decodeResult: success, version: HTTP/1.1)
HTTP/1.1 200 OK
Content-Type: application/json; charset=utf-8
cache-control: no-cache
content-length: 403508

20:31:53.086 [AsyncHttpClient-1-5] DEBUG org.asynchttpclient.netty.channel.ChannelManager - Adding key: http://localhost:64521 for channel [id: 0x46abcb5a, L:/127.0.0.1:60637 - R:localhost/127.0.0.1:64521]
20:31:53.118 [main] DEBUG net.serenitybdd.core.photography.Darkroom - Send negative for processing for target\site\serenity\31878f919acfa99bda5f12e1706f40eda04f8ece31c0339385e6bf8692aac088.png
20:31:53.118 [main] DEBUG net.thucydides.core.steps.StepInterceptor - STEP DONE: inputDataPasien
  &amp#27;[32mThen &amp#27;[0m&amp#27;[32mI input &amp#27;[0m&amp#27;[32m&amp#27;[1m"Bagas"&amp#27;[0m&amp#27;[32m &amp#27;[0m&amp#27;[32m&amp#27;[1m""&amp#27;[0m&amp#27;[32m &amp#27;[0m&amp#27;[32m&amp#27;[1m"20"&amp#27;[0m&amp#27;[32m &amp#27;[0m&amp#27;[32m&amp#27;[1m"01294657612"&amp#27;[0m&amp#27;[32m &amp#27;[0m&amp#27;[32m&amp#27;[1m"perumahan"&amp#27;[0m&amp#27;[32m patient&amp#27;[0m &amp#27;[90m# starter.stepdefinitios.PatientDataSteps.iInput(java.lang.String,java.lang.String,java.lang.String,java.lang.String,java.lang.String)&amp#27;[0m
20:31:53.126 [Darkroom Processing Line] DEBUG net.serenitybdd.core.photography.DarkroomProcessingLine - Processing screenshot image in /var/screenshots/screenshot-68342700633035205
20:31:53.126 [Darkroom Processing Line] DEBUG net.serenitybdd.core.photography.DarkroomProcessingLine - Saving screenshot to target\site\serenity\31878f919acfa99bda5f12e1706f40eda04f8ece31c0339385e6bf8692aac088.png
20:31:53.174 [Forwarding screenshot on session bd64bf0cc59a875275c7925621fe67ee to remote] DEBUG org.asynchttpclient.netty.request.NettyRequestSender - Using pooled Channel '[id: 0x46abcb5a, L:/127.0.0.1:60637 - R:localhost/127.0.0.1:64521]' for 'GET' to 'http://localhost:64521/session/bd64bf0cc59a875275c7925621fe67ee/screenshot'
20:31:53.174 [Forwarding screenshot on session bd64bf0cc59a875275c7925621fe67ee to remote] DEBUG org.asynchttpclient.netty.request.NettyRequestSender - Using open Channel [id: 0x46abcb5a, L:/127.0.0.1:60637 - R:localhost/127.0.0.1:64521] for GET '/session/bd64bf0cc59a875275c7925621fe67ee/screenshot'
20:31:53.601 [AsyncHttpClient-1-5] DEBUG org.asynchttpclient.netty.handler.HttpHandler - 

Request DefaultFullHttpRequest(decodeResult: success, version: HTTP/1.1, content: EmptyByteBufBE)
GET /session/bd64bf0cc59a875275c7925621fe67ee/screenshot HTTP/1.1
User-Agent: selenium/4.1.2 (java windows)
Cache-Control: no-cache
Content-Type: application/json; charset=utf-8
host: localhost:64521
accept: */*

Response DefaultHttpResponse(decodeResult: success, version: HTTP/1.1)
HTTP/1.1 200 OK
Content-Type: application/json; charset=utf-8
cache-control: no-cache
content-length: 403508

20:31:53.601 [AsyncHttpClient-1-5] DEBUG org.asynchttpclient.netty.channel.ChannelManager - Adding key: http://localhost:64521 for channel [id: 0x46abcb5a, L:/127.0.0.1:60637 - R:localhost/127.0.0.1:64521]
20:31:53.633 [main] DEBUG net.serenitybdd.core.photography.Darkroom - Send negative for processing for target\site\serenity\31878f919acfa99bda5f12e1706f40eda04f8ece31c0339385e6bf8692aac088.png
20:31:53.649 [main] DEBUG net.thucydides.core.steps.StepInterceptor - STARTING STEP: PatientDataSteps.iClickButtonJenisKelamin - clickLaki
20:31:53.665 [Forwarding findElement on session bd64bf0cc59a875275c7925621fe67ee to remote] DEBUG org.asynchttpclient.netty.request.NettyRequestSender - Using pooled Channel '[id: 0x46abcb5a, L:/127.0.0.1:60637 - R:localhost/127.0.0.1:64521]' for 'POST' to 'http://localhost:64521/session/bd64bf0cc59a875275c7925621fe67ee/element'
20:31:53.665 [Forwarding findElement on session bd64bf0cc59a875275c7925621fe67ee to remote] DEBUG org.asynchttpclient.netty.request.NettyRequestSender - Using open Channel [id: 0x46abcb5a, L:/127.0.0.1:60637 - R:localhost/127.0.0.1:64521] for POST '/session/bd64bf0cc59a875275c7925621fe67ee/element'
20:31:53.729 [AsyncHttpClient-1-5] DEBUG org.asynchttpclient.netty.handler.HttpHandler - 

Request DefaultHttpRequest(decodeResult: success, version: HTTP/1.1)
POST /session/bd64bf0cc59a875275c7925621fe67ee/element HTTP/1.1
User-Agent: selenium/4.1.2 (java windows)
Content-Length: 179
Content-Type: application/json; charset=utf-8
host: localhost:64521
accept: */*

Response DefaultHttpResponse(decodeResult: success, version: HTTP/1.1)
HTTP/1.1 200 OK
Content-Type: application/json; charset=utf-8
cache-control: no-cache
content-length: 88

20:31:53.729 [AsyncHttpClient-1-5] DEBUG org.asynchttpclient.netty.channel.ChannelManager - Adding key: http://localhost:64521 for channel [id: 0x46abcb5a, L:/127.0.0.1:60637 - R:localhost/127.0.0.1:64521]
20:31:53.729 [Forwarding getElementTagName on session bd64bf0cc59a875275c7925621fe67ee to remote] DEBUG org.asynchttpclient.netty.request.NettyRequestSender - Using pooled Channel '[id: 0x46abcb5a, L:/127.0.0.1:60637 - R:localhost/127.0.0.1:64521]' for 'GET' to 'http://localhost:64521/session/bd64bf0cc59a875275c7925621fe67ee/element/b5d24bd6-0181-435d-80f3-d05de5b38582/name'
20:31:53.729 [Forwarding getElementTagName on session bd64bf0cc59a875275c7925621fe67ee to remote] DEBUG org.asynchttpclient.netty.request.NettyRequestSender - Using open Channel [id: 0x46abcb5a, L:/127.0.0.1:60637 - R:localhost/127.0.0.1:64521] for GET '/session/bd64bf0cc59a875275c7925621fe67ee/element/b5d24bd6-0181-435d-80f3-d05de5b38582/name'
20:31:53.793 [AsyncHttpClient-1-5] DEBUG org.asynchttpclient.netty.handler.HttpHandler - 

Request DefaultFullHttpRequest(decodeResult: success, version: HTTP/1.1, content: EmptyByteBufBE)
GET /session/bd64bf0cc59a875275c7925621fe67ee/element/b5d24bd6-0181-435d-80f3-d05de5b38582/name HTTP/1.1
User-Agent: selenium/4.1.2 (java windows)
Cache-Control: no-cache
Content-Type: application/json; charset=utf-8
host: localhost:64521
accept: */*

Response DefaultHttpResponse(decodeResult: success, version: HTTP/1.1)
HTTP/1.1 200 OK
Content-Type: application/json; charset=utf-8
cache-control: no-cache
content-length: 16

20:31:53.793 [AsyncHttpClient-1-5] DEBUG org.asynchttpclient.netty.channel.ChannelManager - Adding key: http://localhost:64521 for channel [id: 0x46abcb5a, L:/127.0.0.1:60637 - R:localhost/127.0.0.1:64521]
20:31:53.801 [Forwarding getElementTagName on session bd64bf0cc59a875275c7925621fe67ee to remote] DEBUG org.asynchttpclient.netty.request.NettyRequestSender - Using pooled Channel '[id: 0x46abcb5a, L:/127.0.0.1:60637 - R:localhost/127.0.0.1:64521]' for 'GET' to 'http://localhost:64521/session/bd64bf0cc59a875275c7925621fe67ee/element/b5d24bd6-0181-435d-80f3-d05de5b38582/name'
20:31:53.801 [Forwarding getElementTagName on session bd64bf0cc59a875275c7925621fe67ee to remote] DEBUG org.asynchttpclient.netty.request.NettyRequestSender - Using open Channel [id: 0x46abcb5a, L:/127.0.0.1:60637 - R:localhost/127.0.0.1:64521] for GET '/session/bd64bf0cc59a875275c7925621fe67ee/element/b5d24bd6-0181-435d-80f3-d05de5b38582/name'
20:31:53.825 [AsyncHttpClient-1-5] DEBUG org.asynchttpclient.netty.handler.HttpHandler - 

Request DefaultFullHttpRequest(decodeResult: success, version: HTTP/1.1, content: EmptyByteBufBE)
GET /session/bd64bf0cc59a875275c7925621fe67ee/element/b5d24bd6-0181-435d-80f3-d05de5b38582/name HTTP/1.1
User-Agent: selenium/4.1.2 (java windows)
Cache-Control: no-cache
Content-Type: application/json; charset=utf-8
host: localhost:64521
accept: */*

Response DefaultHttpResponse(decodeResult: success, version: HTTP/1.1)
HTTP/1.1 200 OK
Content-Type: application/json; charset=utf-8
cache-control: no-cache
content-length: 16

20:31:53.825 [AsyncHttpClient-1-5] DEBUG org.asynchttpclient.netty.channel.ChannelManager - Adding key: http://localhost:64521 for channel [id: 0x46abcb5a, L:/127.0.0.1:60637 - R:localhost/127.0.0.1:64521]
20:31:53.833 [Forwarding findElement on session bd64bf0cc59a875275c7925621fe67ee to remote] DEBUG org.asynchttpclient.netty.request.NettyRequestSender - Using pooled Channel '[id: 0x46abcb5a, L:/127.0.0.1:60637 - R:localhost/127.0.0.1:64521]' for 'POST' to 'http://localhost:64521/session/bd64bf0cc59a875275c7925621fe67ee/element'
20:31:53.833 [Forwarding findElement on session bd64bf0cc59a875275c7925621fe67ee to remote] DEBUG org.asynchttpclient.netty.request.NettyRequestSender - Using open Channel [id: 0x46abcb5a, L:/127.0.0.1:60637 - R:localhost/127.0.0.1:64521] for POST '/session/bd64bf0cc59a875275c7925621fe67ee/element'
20:31:53.857 [AsyncHttpClient-1-5] DEBUG org.asynchttpclient.netty.handler.HttpHandler - 

Request DefaultHttpRequest(decodeResult: success, version: HTTP/1.1)
POST /session/bd64bf0cc59a875275c7925621fe67ee/element HTTP/1.1
User-Agent: selenium/4.1.2 (java windows)
Content-Length: 179
Content-Type: application/json; charset=utf-8
host: localhost:64521
accept: */*

Response DefaultHttpResponse(decodeResult: success, version: HTTP/1.1)
HTTP/1.1 200 OK
Content-Type: application/json; charset=utf-8
cache-control: no-cache
content-length: 88

20:31:53.857 [AsyncHttpClient-1-5] DEBUG org.asynchttpclient.netty.channel.ChannelManager - Adding key: http://localhost:64521 for channel [id: 0x46abcb5a, L:/127.0.0.1:60637 - R:localhost/127.0.0.1:64521]
20:31:53.865 [Forwarding clickElement on session bd64bf0cc59a875275c7925621fe67ee to remote] DEBUG org.asynchttpclient.netty.request.NettyRequestSender - Using pooled Channel '[id: 0x46abcb5a, L:/127.0.0.1:60637 - R:localhost/127.0.0.1:64521]' for 'POST' to 'http://localhost:64521/session/bd64bf0cc59a875275c7925621fe67ee/element/b5d24bd6-0181-435d-80f3-d05de5b38582/click'
20:31:53.865 [Forwarding clickElement on session bd64bf0cc59a875275c7925621fe67ee to remote] DEBUG org.asynchttpclient.netty.request.NettyRequestSender - Using open Channel [id: 0x46abcb5a, L:/127.0.0.1:60637 - R:localhost/127.0.0.1:64521] for POST '/session/bd64bf0cc59a875275c7925621fe67ee/element/b5d24bd6-0181-435d-80f3-d05de5b38582/click'
20:31:53.897 [AsyncHttpClient-1-1] DEBUG org.asynchttpclient.netty.channel.DefaultChannelPool - Entry count for : http://localhost:60640 : 1
20:31:54.073 [AsyncHttpClient-1-5] DEBUG org.asynchttpclient.netty.handler.HttpHandler - 

Request DefaultHttpRequest(decodeResult: success, version: HTTP/1.1)
POST /session/bd64bf0cc59a875275c7925621fe67ee/element/b5d24bd6-0181-435d-80f3-d05de5b38582/click HTTP/1.1
User-Agent: selenium/4.1.2 (java windows)
Content-Length: 50
Content-Type: application/json; charset=utf-8
host: localhost:64521
accept: */*

Response DefaultHttpResponse(decodeResult: success, version: HTTP/1.1)
HTTP/1.1 200 OK
Content-Type: application/json; charset=utf-8
cache-control: no-cache
content-length: 14

20:31:54.073 [AsyncHttpClient-1-5] DEBUG org.asynchttpclient.netty.channel.ChannelManager - Adding key: http://localhost:64521 for channel [id: 0x46abcb5a, L:/127.0.0.1:60637 - R:localhost/127.0.0.1:64521]
20:31:54.097 [Forwarding screenshot on session bd64bf0cc59a875275c7925621fe67ee to remote] DEBUG org.asynchttpclient.netty.request.NettyRequestSender - Using pooled Channel '[id: 0x46abcb5a, L:/127.0.0.1:60637 - R:localhost/127.0.0.1:64521]' for 'GET' to 'http://localhost:64521/session/bd64bf0cc59a875275c7925621fe67ee/screenshot'
20:31:54.097 [Forwarding screenshot on session bd64bf0cc59a875275c7925621fe67ee to remote] DEBUG org.asynchttpclient.netty.request.NettyRequestSender - Using open Channel [id: 0x46abcb5a, L:/127.0.0.1:60637 - R:localhost/127.0.0.1:64521] for GET '/session/bd64bf0cc59a875275c7925621fe67ee/screenshot'
20:31:54.550 [AsyncHttpClient-1-5] DEBUG org.asynchttpclient.netty.handler.HttpHandler - 

Request DefaultFullHttpRequest(decodeResult: success, version: HTTP/1.1, content: EmptyByteBufBE)
GET /session/bd64bf0cc59a875275c7925621fe67ee/screenshot HTTP/1.1
User-Agent: selenium/4.1.2 (java windows)
Cache-Control: no-cache
Content-Type: application/json; charset=utf-8
host: localhost:64521
accept: */*

Response DefaultHttpResponse(decodeResult: success, version: HTTP/1.1)
HTTP/1.1 200 OK
Content-Type: application/json; charset=utf-8
cache-control: no-cache
content-length: 405148

20:31:54.550 [AsyncHttpClient-1-5] DEBUG org.asynchttpclient.netty.channel.ChannelManager - Adding key: http://localhost:64521 for channel [id: 0x46abcb5a, L:/127.0.0.1:60637 - R:localhost/127.0.0.1:64521]
20:31:54.582 [main] DEBUG net.serenitybdd.core.photography.Darkroom - Send negative for processing for target\site\serenity\0c8e74a138585d101e7869f0008bdba05fd928efe9f1aef9e818191c2b65f7bf.png
20:31:54.582 [main] DEBUG net.thucydides.core.steps.StepInterceptor - STEP DONE: clickLaki
  &amp#27;[32mAnd &amp#27;[0m&amp#27;[32mI click button jenis kelamin patient&amp#27;[0m                       &amp#27;[90m# starter.stepdefinitios.PatientDataSteps.iClickButtonJenisKelamin()&amp#27;[0m
20:31:54.582 [Darkroom Processing Line] DEBUG net.serenitybdd.core.photography.DarkroomProcessingLine - Processing screenshot image in /var/screenshots/screenshot-107143866653330783
20:31:54.582 [Darkroom Processing Line] DEBUG net.serenitybdd.core.photography.DarkroomProcessingLine - Saving screenshot to target\site\serenity\0c8e74a138585d101e7869f0008bdba05fd928efe9f1aef9e818191c2b65f7bf.png
20:31:54.630 [main] DEBUG net.thucydides.core.steps.StepInterceptor - STARTING STEP: PatientDataSteps.clickButtonSimpan - clickButtonSave
20:31:54.638 [Forwarding findElement on session bd64bf0cc59a875275c7925621fe67ee to remote] DEBUG org.asynchttpclient.netty.request.NettyRequestSender - Using pooled Channel '[id: 0x46abcb5a, L:/127.0.0.1:60637 - R:localhost/127.0.0.1:64521]' for 'POST' to 'http://localhost:64521/session/bd64bf0cc59a875275c7925621fe67ee/element'
20:31:54.638 [Forwarding findElement on session bd64bf0cc59a875275c7925621fe67ee to remote] DEBUG org.asynchttpclient.netty.request.NettyRequestSender - Using open Channel [id: 0x46abcb5a, L:/127.0.0.1:60637 - R:localhost/127.0.0.1:64521] for POST '/session/bd64bf0cc59a875275c7925621fe67ee/element'
20:31:54.662 [AsyncHttpClient-1-5] DEBUG org.asynchttpclient.netty.handler.HttpHandler - 

Request DefaultHttpRequest(decodeResult: success, version: HTTP/1.1)
POST /session/bd64bf0cc59a875275c7925621fe67ee/element HTTP/1.1
User-Agent: selenium/4.1.2 (java windows)
Content-Length: 68
Content-Type: application/json; charset=utf-8
host: localhost:64521
accept: */*

Response DefaultHttpResponse(decodeResult: success, version: HTTP/1.1)
HTTP/1.1 200 OK
Content-Type: application/json; charset=utf-8
cache-control: no-cache
content-length: 88

20:31:54.662 [AsyncHttpClient-1-5] DEBUG org.asynchttpclient.netty.channel.ChannelManager - Adding key: http://localhost:64521 for channel [id: 0x46abcb5a, L:/127.0.0.1:60637 - R:localhost/127.0.0.1:64521]
20:31:54.662 [Forwarding getElementTagName on session bd64bf0cc59a875275c7925621fe67ee to remote] DEBUG org.asynchttpclient.netty.request.NettyRequestSender - Using pooled Channel '[id: 0x46abcb5a, L:/127.0.0.1:60637 - R:localhost/127.0.0.1:64521]' for 'GET' to 'http://localhost:64521/session/bd64bf0cc59a875275c7925621fe67ee/element/6c1c6a1c-3afd-438b-a9a9-77afc7f28236/name'
20:31:54.662 [Forwarding getElementTagName on session bd64bf0cc59a875275c7925621fe67ee to remote] DEBUG org.asynchttpclient.netty.request.NettyRequestSender - Using open Channel [id: 0x46abcb5a, L:/127.0.0.1:60637 - R:localhost/127.0.0.1:64521] for GET '/session/bd64bf0cc59a875275c7925621fe67ee/element/6c1c6a1c-3afd-438b-a9a9-77afc7f28236/name'
20:31:54.670 [AsyncHttpClient-1-5] DEBUG org.asynchttpclient.netty.handler.HttpHandler - 

Request DefaultFullHttpRequest(decodeResult: success, version: HTTP/1.1, content: EmptyByteBufBE)
GET /session/bd64bf0cc59a875275c7925621fe67ee/element/6c1c6a1c-3afd-438b-a9a9-77afc7f28236/name HTTP/1.1
User-Agent: selenium/4.1.2 (java windows)
Cache-Control: no-cache
Content-Type: application/json; charset=utf-8
host: localhost:64521
accept: */*

Response DefaultHttpResponse(decodeResult: success, version: HTTP/1.1)
HTTP/1.1 200 OK
Content-Type: application/json; charset=utf-8
cache-control: no-cache
content-length: 18

20:31:54.670 [AsyncHttpClient-1-5] DEBUG org.asynchttpclient.netty.channel.ChannelManager - Adding key: http://localhost:64521 for channel [id: 0x46abcb5a, L:/127.0.0.1:60637 - R:localhost/127.0.0.1:64521]
20:31:54.686 [Forwarding getElementTagName on session bd64bf0cc59a875275c7925621fe67ee to remote] DEBUG org.asynchttpclient.netty.request.NettyRequestSender - Using pooled Channel '[id: 0x46abcb5a, L:/127.0.0.1:60637 - R:localhost/127.0.0.1:64521]' for 'GET' to 'http://localhost:64521/session/bd64bf0cc59a875275c7925621fe67ee/element/6c1c6a1c-3afd-438b-a9a9-77afc7f28236/name'
20:31:54.686 [Forwarding getElementTagName on session bd64bf0cc59a875275c7925621fe67ee to remote] DEBUG org.asynchttpclient.netty.request.NettyRequestSender - Using open Channel [id: 0x46abcb5a, L:/127.0.0.1:60637 - R:localhost/127.0.0.1:64521] for GET '/session/bd64bf0cc59a875275c7925621fe67ee/element/6c1c6a1c-3afd-438b-a9a9-77afc7f28236/name'
20:31:54.734 [AsyncHttpClient-1-5] DEBUG org.asynchttpclient.netty.handler.HttpHandler - 

Request DefaultFullHttpRequest(decodeResult: success, version: HTTP/1.1, content: EmptyByteBufBE)
GET /session/bd64bf0cc59a875275c7925621fe67ee/element/6c1c6a1c-3afd-438b-a9a9-77afc7f28236/name HTTP/1.1
User-Agent: selenium/4.1.2 (java windows)
Cache-Control: no-cache
Content-Type: application/json; charset=utf-8
host: localhost:64521
accept: */*

Response DefaultHttpResponse(decodeResult: success, version: HTTP/1.1)
HTTP/1.1 200 OK
Content-Type: application/json; charset=utf-8
cache-control: no-cache
content-length: 18

20:31:54.734 [AsyncHttpClient-1-5] DEBUG org.asynchttpclient.netty.channel.ChannelManager - Adding key: http://localhost:64521 for channel [id: 0x46abcb5a, L:/127.0.0.1:60637 - R:localhost/127.0.0.1:64521]
20:31:54.734 [Forwarding isElementEnabled on session bd64bf0cc59a875275c7925621fe67ee to remote] DEBUG org.asynchttpclient.netty.request.NettyRequestSender - Using pooled Channel '[id: 0x46abcb5a, L:/127.0.0.1:60637 - R:localhost/127.0.0.1:64521]' for 'GET' to 'http://localhost:64521/session/bd64bf0cc59a875275c7925621fe67ee/element/6c1c6a1c-3afd-438b-a9a9-77afc7f28236/enabled'
20:31:54.734 [Forwarding isElementEnabled on session bd64bf0cc59a875275c7925621fe67ee to remote] DEBUG org.asynchttpclient.netty.request.NettyRequestSender - Using open Channel [id: 0x46abcb5a, L:/127.0.0.1:60637 - R:localhost/127.0.0.1:64521] for GET '/session/bd64bf0cc59a875275c7925621fe67ee/element/6c1c6a1c-3afd-438b-a9a9-77afc7f28236/enabled'
20:31:54.758 [AsyncHttpClient-1-5] DEBUG org.asynchttpclient.netty.handler.HttpHandler - 

Request DefaultFullHttpRequest(decodeResult: success, version: HTTP/1.1, content: EmptyByteBufBE)
GET /session/bd64bf0cc59a875275c7925621fe67ee/element/6c1c6a1c-3afd-438b-a9a9-77afc7f28236/enabled HTTP/1.1
User-Agent: selenium/4.1.2 (java windows)
Cache-Control: no-cache
Content-Type: application/json; charset=utf-8
host: localhost:64521
accept: */*

Response DefaultHttpResponse(decodeResult: success, version: HTTP/1.1)
HTTP/1.1 200 OK
Content-Type: application/json; charset=utf-8
cache-control: no-cache
content-length: 14

20:31:54.758 [AsyncHttpClient-1-5] DEBUG org.asynchttpclient.netty.channel.ChannelManager - Adding key: http://localhost:64521 for channel [id: 0x46abcb5a, L:/127.0.0.1:60637 - R:localhost/127.0.0.1:64521]
20:31:54.758 [Forwarding isElementEnabled on session bd64bf0cc59a875275c7925621fe67ee to remote] DEBUG org.asynchttpclient.netty.request.NettyRequestSender - Using pooled Channel '[id: 0x46abcb5a, L:/127.0.0.1:60637 - R:localhost/127.0.0.1:64521]' for 'GET' to 'http://localhost:64521/session/bd64bf0cc59a875275c7925621fe67ee/element/6c1c6a1c-3afd-438b-a9a9-77afc7f28236/enabled'
20:31:54.758 [Forwarding isElementEnabled on session bd64bf0cc59a875275c7925621fe67ee to remote] DEBUG org.asynchttpclient.netty.request.NettyRequestSender - Using open Channel [id: 0x46abcb5a, L:/127.0.0.1:60637 - R:localhost/127.0.0.1:64521] for GET '/session/bd64bf0cc59a875275c7925621fe67ee/element/6c1c6a1c-3afd-438b-a9a9-77afc7f28236/enabled'
20:31:54.774 [AsyncHttpClient-1-5] DEBUG org.asynchttpclient.netty.handler.HttpHandler - 

Request DefaultFullHttpRequest(decodeResult: success, version: HTTP/1.1, content: EmptyByteBufBE)
GET /session/bd64bf0cc59a875275c7925621fe67ee/element/6c1c6a1c-3afd-438b-a9a9-77afc7f28236/enabled HTTP/1.1
User-Agent: selenium/4.1.2 (java windows)
Cache-Control: no-cache
Content-Type: application/json; charset=utf-8
host: localhost:64521
accept: */*

Response DefaultHttpResponse(decodeResult: success, version: HTTP/1.1)
HTTP/1.1 200 OK
Content-Type: application/json; charset=utf-8
cache-control: no-cache
content-length: 14

20:31:54.774 [AsyncHttpClient-1-5] DEBUG org.asynchttpclient.netty.channel.ChannelManager - Adding key: http://localhost:64521 for channel [id: 0x46abcb5a, L:/127.0.0.1:60637 - R:localhost/127.0.0.1:64521]
20:31:54.782 [Forwarding findElement on session bd64bf0cc59a875275c7925621fe67ee to remote] DEBUG org.asynchttpclient.netty.request.NettyRequestSender - Using pooled Channel '[id: 0x46abcb5a, L:/127.0.0.1:60637 - R:localhost/127.0.0.1:64521]' for 'POST' to 'http://localhost:64521/session/bd64bf0cc59a875275c7925621fe67ee/element'
20:31:54.782 [Forwarding findElement on session bd64bf0cc59a875275c7925621fe67ee to remote] DEBUG org.asynchttpclient.netty.request.NettyRequestSender - Using open Channel [id: 0x46abcb5a, L:/127.0.0.1:60637 - R:localhost/127.0.0.1:64521] for POST '/session/bd64bf0cc59a875275c7925621fe67ee/element'
20:31:54.798 [AsyncHttpClient-1-5] DEBUG org.asynchttpclient.netty.handler.HttpHandler - 

Request DefaultHttpRequest(decodeResult: success, version: HTTP/1.1)
POST /session/bd64bf0cc59a875275c7925621fe67ee/element HTTP/1.1
User-Agent: selenium/4.1.2 (java windows)
Content-Length: 68
Content-Type: application/json; charset=utf-8
host: localhost:64521
accept: */*

Response DefaultHttpResponse(decodeResult: success, version: HTTP/1.1)
HTTP/1.1 200 OK
Content-Type: application/json; charset=utf-8
cache-control: no-cache
content-length: 88

20:31:54.798 [AsyncHttpClient-1-5] DEBUG org.asynchttpclient.netty.channel.ChannelManager - Adding key: http://localhost:64521 for channel [id: 0x46abcb5a, L:/127.0.0.1:60637 - R:localhost/127.0.0.1:64521]
20:31:54.798 [Forwarding clickElement on session bd64bf0cc59a875275c7925621fe67ee to remote] DEBUG org.asynchttpclient.netty.request.NettyRequestSender - Using pooled Channel '[id: 0x46abcb5a, L:/127.0.0.1:60637 - R:localhost/127.0.0.1:64521]' for 'POST' to 'http://localhost:64521/session/bd64bf0cc59a875275c7925621fe67ee/element/6c1c6a1c-3afd-438b-a9a9-77afc7f28236/click'
20:31:54.798 [Forwarding clickElement on session bd64bf0cc59a875275c7925621fe67ee to remote] DEBUG org.asynchttpclient.netty.request.NettyRequestSender - Using open Channel [id: 0x46abcb5a, L:/127.0.0.1:60637 - R:localhost/127.0.0.1:64521] for POST '/session/bd64bf0cc59a875275c7925621fe67ee/element/6c1c6a1c-3afd-438b-a9a9-77afc7f28236/click'
20:31:54.942 [AsyncHttpClient-1-5] DEBUG org.asynchttpclient.netty.handler.HttpHandler - 

Request DefaultHttpRequest(decodeResult: success, version: HTTP/1.1)
POST /session/bd64bf0cc59a875275c7925621fe67ee/element/6c1c6a1c-3afd-438b-a9a9-77afc7f28236/click HTTP/1.1
User-Agent: selenium/4.1.2 (java windows)
Content-Length: 50
Content-Type: application/json; charset=utf-8
host: localhost:64521
accept: */*

Response DefaultHttpResponse(decodeResult: success, version: HTTP/1.1)
HTTP/1.1 200 OK
Content-Type: application/json; charset=utf-8
cache-control: no-cache
content-length: 14

20:31:54.942 [AsyncHttpClient-1-5] DEBUG org.asynchttpclient.netty.channel.ChannelManager - Adding key: http://localhost:64521 for channel [id: 0x46abcb5a, L:/127.0.0.1:60637 - R:localhost/127.0.0.1:64521]
20:31:54.958 [Forwarding screenshot on session bd64bf0cc59a875275c7925621fe67ee to remote] DEBUG org.asynchttpclient.netty.request.NettyRequestSender - Using pooled Channel '[id: 0x46abcb5a, L:/127.0.0.1:60637 - R:localhost/127.0.0.1:64521]' for 'GET' to 'http://localhost:64521/session/bd64bf0cc59a875275c7925621fe67ee/screenshot'
20:31:54.958 [Forwarding screenshot on session bd64bf0cc59a875275c7925621fe67ee to remote] DEBUG org.asynchttpclient.netty.request.NettyRequestSender - Using open Channel [id: 0x46abcb5a, L:/127.0.0.1:60637 - R:localhost/127.0.0.1:64521] for GET '/session/bd64bf0cc59a875275c7925621fe67ee/screenshot'
20:31:55.014 [AsyncHttpClient-1-1] DEBUG org.asynchttpclient.netty.channel.DefaultChannelPool - Entry count for : http://localhost:60640 : 1
20:31:55.630 [AsyncHttpClient-1-5] DEBUG org.asynchttpclient.netty.handler.HttpHandler - 

Request DefaultFullHttpRequest(decodeResult: success, version: HTTP/1.1, content: EmptyByteBufBE)
GET /session/bd64bf0cc59a875275c7925621fe67ee/screenshot HTTP/1.1
User-Agent: selenium/4.1.2 (java windows)
Cache-Control: no-cache
Content-Type: application/json; charset=utf-8
host: localhost:64521
accept: */*

Response DefaultHttpResponse(decodeResult: success, version: HTTP/1.1)
HTTP/1.1 500 Internal Server Error
Content-Type: application/json; charset=utf-8
cache-control: no-cache
content-length: 854

20:31:55.630 [AsyncHttpClient-1-5] DEBUG org.asynchttpclient.netty.channel.ChannelManager - Adding key: http://localhost:64521 for channel [id: 0x46abcb5a, L:/127.0.0.1:60637 - R:localhost/127.0.0.1:64521]
20:31:55.630 [main] WARN net.thucydides.core.webdriver.WebDriverFacade - Failed to take screenshot (unexpected alert open: <unknown>
  (Session info: chrome=102.0.5005.115): 
Build info: version: '4.1.2', revision: '9a5a329c5a'
System info: host: 'MOOK-HON', ip: '192.168.100.6', os.name: 'Windows 10', os.arch: 'amd64', os.version: '10.0', java.version: '11.0.14'
Driver info: org.openqa.selenium.chrome.ChromeDriver
Command: [bd64bf0cc59a875275c7925621fe67ee, screenshot {}]
Capabilities {acceptInsecureCerts: false, browserName: chrome, browserVersion: 102.0.5005.115, chrome: {chromedriverVersion: 102.0.5005.61 (0e59bcc00cc4..., userDataDir: C:\Users\ASUS\AppData\Local...}, goog:chromeOptions: {debuggerAddress: localhost:60640}, javascriptEnabled: true, networkConnectionEnabled: false, pageLoadStrategy: normal, platform: WINDOWS, platformName: WINDOWS, proxy: Proxy(), se:cdp: ws://localhost:60640/devtoo..., se:cdpVersion: 102.0.5005.115, setWindowRect: true, strictFileInteractability: false, timeouts: {implicit: 0, pageLoad: 300000, script: 30000}, unhandledPromptBehavior: dismiss and notify, webauthn:extension:credBlob: true, webauthn:extension:largeBlob: true, webauthn:virtualAuthenticators: true}
Session ID: bd64bf0cc59a875275c7925621fe67ee)
20:31:55.630 [main] DEBUG net.thucydides.core.steps.StepInterceptor - STEP DONE: clickButtonSave
  &amp#27;[32mAnd &amp#27;[0m&amp#27;[32mClick button simpan&amp#27;[0m                                        &amp#27;[90m# starter.stepdefinitios.PatientDataSteps.clickButtonSimpan()&amp#27;[0m
20:31:55.646 [Forwarding screenshot on session bd64bf0cc59a875275c7925621fe67ee to remote] DEBUG org.asynchttpclient.netty.request.NettyRequestSender - Using pooled Channel '[id: 0x46abcb5a, L:/127.0.0.1:60637 - R:localhost/127.0.0.1:64521]' for 'GET' to 'http://localhost:64521/session/bd64bf0cc59a875275c7925621fe67ee/screenshot'
20:31:55.646 [Forwarding screenshot on session bd64bf0cc59a875275c7925621fe67ee to remote] DEBUG org.asynchttpclient.netty.request.NettyRequestSender - Using open Channel [id: 0x46abcb5a, L:/127.0.0.1:60637 - R:localhost/127.0.0.1:64521] for GET '/session/bd64bf0cc59a875275c7925621fe67ee/screenshot'
20:31:55.718 [AsyncHttpClient-1-5] DEBUG org.asynchttpclient.netty.handler.HttpHandler - 

Request DefaultFullHttpRequest(decodeResult: success, version: HTTP/1.1, content: EmptyByteBufBE)
GET /session/bd64bf0cc59a875275c7925621fe67ee/screenshot HTTP/1.1
User-Agent: selenium/4.1.2 (java windows)
Cache-Control: no-cache
Content-Type: application/json; charset=utf-8
host: localhost:64521
accept: */*

Response DefaultHttpResponse(decodeResult: success, version: HTTP/1.1)
HTTP/1.1 500 Internal Server Error
Content-Type: application/json; charset=utf-8
cache-control: no-cache
content-length: 893

20:31:55.718 [AsyncHttpClient-1-5] DEBUG org.asynchttpclient.netty.channel.ChannelManager - Adding key: http://localhost:64521 for channel [id: 0x46abcb5a, L:/127.0.0.1:60637 - R:localhost/127.0.0.1:64521]
20:31:55.718 [main] WARN net.thucydides.core.webdriver.WebDriverFacade - Failed to take screenshot (unexpected alert open: {Alert text : Data telah ditambah}
  (Session info: chrome=102.0.5005.115): Data telah ditambah
Build info: version: '4.1.2', revision: '9a5a329c5a'
System info: host: 'MOOK-HON', ip: '192.168.100.6', os.name: 'Windows 10', os.arch: 'amd64', os.version: '10.0', java.version: '11.0.14'
Driver info: org.openqa.selenium.chrome.ChromeDriver
Command: [bd64bf0cc59a875275c7925621fe67ee, screenshot {}]
Capabilities {acceptInsecureCerts: false, browserName: chrome, browserVersion: 102.0.5005.115, chrome: {chromedriverVersion: 102.0.5005.61 (0e59bcc00cc4..., userDataDir: C:\Users\ASUS\AppData\Local...}, goog:chromeOptions: {debuggerAddress: localhost:60640}, javascriptEnabled: true, networkConnectionEnabled: false, pageLoadStrategy: normal, platform: WINDOWS, platformName: WINDOWS, proxy: Proxy(), se:cdp: ws://localhost:60640/devtoo..., se:cdpVersion: 102.0.5005.115, setWindowRect: true, strictFileInteractability: false, timeouts: {implicit: 0, pageLoad: 300000, script: 30000}, unhandledPromptBehavior: dismiss and notify, webauthn:extension:credBlob: true, webauthn:extension:largeBlob: true, webauthn:virtualAuthenticators: true}
Session ID: bd64bf0cc59a875275c7925621fe67ee)
20:31:55.734 [Forwarding screenshot on session bd64bf0cc59a875275c7925621fe67ee to remote] DEBUG org.asynchttpclient.netty.request.NettyRequestSender - Using pooled Channel '[id: 0x46abcb5a, L:/127.0.0.1:60637 - R:localhost/127.0.0.1:64521]' for 'GET' to 'http://localhost:64521/session/bd64bf0cc59a875275c7925621fe67ee/screenshot'
20:31:55.734 [Forwarding screenshot on session bd64bf0cc59a875275c7925621fe67ee to remote] DEBUG org.asynchttpclient.netty.request.NettyRequestSender - Using open Channel [id: 0x46abcb5a, L:/127.0.0.1:60637 - R:localhost/127.0.0.1:64521] for GET '/session/bd64bf0cc59a875275c7925621fe67ee/screenshot'
20:31:56.094 [AsyncHttpClient-1-1] DEBUG org.asynchttpclient.netty.channel.DefaultChannelPool - Entry count for : http://localhost:60640 : 1
20:31:57.196 [AsyncHttpClient-1-1] DEBUG org.asynchttpclient.netty.channel.DefaultChannelPool - Entry count for : http://localhost:60640 : 1
20:31:57.492 [AsyncHttpClient-1-5] DEBUG org.asynchttpclient.netty.handler.HttpHandler - 

Request DefaultFullHttpRequest(decodeResult: success, version: HTTP/1.1, content: EmptyByteBufBE)
GET /session/bd64bf0cc59a875275c7925621fe67ee/screenshot HTTP/1.1
User-Agent: selenium/4.1.2 (java windows)
Cache-Control: no-cache
Content-Type: application/json; charset=utf-8
host: localhost:64521
accept: */*

Response DefaultHttpResponse(decodeResult: success, version: HTTP/1.1)
HTTP/1.1 200 OK
Content-Type: application/json; charset=utf-8
cache-control: no-cache
content-length: 397960

20:31:57.492 [AsyncHttpClient-1-5] DEBUG org.asynchttpclient.netty.channel.ChannelManager - Adding key: http://localhost:64521 for channel [id: 0x46abcb5a, L:/127.0.0.1:60637 - R:localhost/127.0.0.1:64521]
20:31:57.524 [main] DEBUG net.serenitybdd.core.photography.Darkroom - Send negative for processing for target\site\serenity\cbeceb493b3cc14d3791ff263ea0078986a8fbc23e395c454f06e0ce9a24f68d.png
20:31:58.053 [Forwarding screenshot on session bd64bf0cc59a875275c7925621fe67ee to remote] DEBUG org.asynchttpclient.netty.request.NettyRequestSender - Using pooled Channel '[id: 0x46abcb5a, L:/127.0.0.1:60637 - R:localhost/127.0.0.1:64521]' for 'GET' to 'http://localhost:64521/session/bd64bf0cc59a875275c7925621fe67ee/screenshot'
20:31:58.053 [Forwarding screenshot on session bd64bf0cc59a875275c7925621fe67ee to remote] DEBUG org.asynchttpclient.netty.request.NettyRequestSender - Using open Channel [id: 0x46abcb5a, L:/127.0.0.1:60637 - R:localhost/127.0.0.1:64521] for GET '/session/bd64bf0cc59a875275c7925621fe67ee/screenshot'
20:31:58.301 [AsyncHttpClient-1-1] DEBUG org.asynchttpclient.netty.channel.DefaultChannelPool - Entry count for : http://localhost:60640 : 1
20:31:58.521 [AsyncHttpClient-1-5] DEBUG org.asynchttpclient.netty.handler.HttpHandler - 

Request DefaultFullHttpRequest(decodeResult: success, version: HTTP/1.1, content: EmptyByteBufBE)
GET /session/bd64bf0cc59a875275c7925621fe67ee/screenshot HTTP/1.1
User-Agent: selenium/4.1.2 (java windows)
Cache-Control: no-cache
Content-Type: application/json; charset=utf-8
host: localhost:64521
accept: */*

Response DefaultHttpResponse(decodeResult: success, version: HTTP/1.1)
HTTP/1.1 200 OK
Content-Type: application/json; charset=utf-8
cache-control: no-cache
content-length: 397960

20:31:58.537 [AsyncHttpClient-1-5] DEBUG org.asynchttpclient.netty.channel.ChannelManager - Adding key: http://localhost:64521 for channel [id: 0x46abcb5a, L:/127.0.0.1:60637 - R:localhost/127.0.0.1:64521]
20:31:58.577 [main] DEBUG net.serenitybdd.core.photography.Darkroom - Send negative for processing for target\site\serenity\cbeceb493b3cc14d3791ff263ea0078986a8fbc23e395c454f06e0ce9a24f68d.png
20:31:58.577 [main] DEBUG net.thucydides.core.steps.StepInterceptor - STARTING STEP: PatientDataSteps.validDataPasien - checkValidDataPasien
20:31:58.585 [Forwarding findElement on session bd64bf0cc59a875275c7925621fe67ee to remote] DEBUG org.asynchttpclient.netty.request.NettyRequestSender - Using pooled Channel '[id: 0x46abcb5a, L:/127.0.0.1:60637 - R:localhost/127.0.0.1:64521]' for 'POST' to 'http://localhost:64521/session/bd64bf0cc59a875275c7925621fe67ee/element'
20:31:58.585 [Forwarding findElement on session bd64bf0cc59a875275c7925621fe67ee to remote] DEBUG org.asynchttpclient.netty.request.NettyRequestSender - Using open Channel [id: 0x46abcb5a, L:/127.0.0.1:60637 - R:localhost/127.0.0.1:64521] for POST '/session/bd64bf0cc59a875275c7925621fe67ee/element'
20:31:58.761 [AsyncHttpClient-1-5] DEBUG org.asynchttpclient.netty.handler.HttpHandler - 

Request DefaultHttpRequest(decodeResult: success, version: HTTP/1.1)
POST /session/bd64bf0cc59a875275c7925621fe67ee/element HTTP/1.1
User-Agent: selenium/4.1.2 (java windows)
Content-Length: 95
Content-Type: application/json; charset=utf-8
host: localhost:64521
accept: */*

Response DefaultHttpResponse(decodeResult: success, version: HTTP/1.1)
HTTP/1.1 200 OK
Content-Type: application/json; charset=utf-8
cache-control: no-cache
content-length: 88

20:31:58.761 [AsyncHttpClient-1-5] DEBUG org.asynchttpclient.netty.channel.ChannelManager - Adding key: http://localhost:64521 for channel [id: 0x46abcb5a, L:/127.0.0.1:60637 - R:localhost/127.0.0.1:64521]
20:31:58.761 [Forwarding isElementEnabled on session bd64bf0cc59a875275c7925621fe67ee to remote] DEBUG org.asynchttpclient.netty.request.NettyRequestSender - Using pooled Channel '[id: 0x46abcb5a, L:/127.0.0.1:60637 - R:localhost/127.0.0.1:64521]' for 'GET' to 'http://localhost:64521/session/bd64bf0cc59a875275c7925621fe67ee/element/f917bf81-c2eb-40bf-ab9d-aff96dd0e9b5/enabled'
20:31:58.761 [Forwarding isElementEnabled on session bd64bf0cc59a875275c7925621fe67ee to remote] DEBUG org.asynchttpclient.netty.request.NettyRequestSender - Using open Channel [id: 0x46abcb5a, L:/127.0.0.1:60637 - R:localhost/127.0.0.1:64521] for GET '/session/bd64bf0cc59a875275c7925621fe67ee/element/f917bf81-c2eb-40bf-ab9d-aff96dd0e9b5/enabled'
20:31:58.801 [AsyncHttpClient-1-5] DEBUG org.asynchttpclient.netty.handler.HttpHandler - 

Request DefaultFullHttpRequest(decodeResult: success, version: HTTP/1.1, content: EmptyByteBufBE)
GET /session/bd64bf0cc59a875275c7925621fe67ee/element/f917bf81-c2eb-40bf-ab9d-aff96dd0e9b5/enabled HTTP/1.1
User-Agent: selenium/4.1.2 (java windows)
Cache-Control: no-cache
Content-Type: application/json; charset=utf-8
host: localhost:64521
accept: */*

Response DefaultHttpResponse(decodeResult: success, version: HTTP/1.1)
HTTP/1.1 200 OK
Content-Type: application/json; charset=utf-8
cache-control: no-cache
content-length: 14

20:31:58.801 [AsyncHttpClient-1-5] DEBUG org.asynchttpclient.netty.channel.ChannelManager - Adding key: http://localhost:64521 for channel [id: 0x46abcb5a, L:/127.0.0.1:60637 - R:localhost/127.0.0.1:64521]
20:31:58.809 [Forwarding screenshot on session bd64bf0cc59a875275c7925621fe67ee to remote] DEBUG org.asynchttpclient.netty.request.NettyRequestSender - Using pooled Channel '[id: 0x46abcb5a, L:/127.0.0.1:60637 - R:localhost/127.0.0.1:64521]' for 'GET' to 'http://localhost:64521/session/bd64bf0cc59a875275c7925621fe67ee/screenshot'
20:31:58.809 [Forwarding screenshot on session bd64bf0cc59a875275c7925621fe67ee to remote] DEBUG org.asynchttpclient.netty.request.NettyRequestSender - Using open Channel [id: 0x46abcb5a, L:/127.0.0.1:60637 - R:localhost/127.0.0.1:64521] for GET '/session/bd64bf0cc59a875275c7925621fe67ee/screenshot'
20:31:59.257 [AsyncHttpClient-1-5] DEBUG org.asynchttpclient.netty.handler.HttpHandler - 

Request DefaultFullHttpRequest(decodeResult: success, version: HTTP/1.1, content: EmptyByteBufBE)
GET /session/bd64bf0cc59a875275c7925621fe67ee/screenshot HTTP/1.1
User-Agent: selenium/4.1.2 (java windows)
Cache-Control: no-cache
Content-Type: application/json; charset=utf-8
host: localhost:64521
accept: */*

Response DefaultHttpResponse(decodeResult: success, version: HTTP/1.1)
HTTP/1.1 200 OK
Content-Type: application/json; charset=utf-8
cache-control: no-cache
content-length: 397960

20:31:59.257 [AsyncHttpClient-1-5] DEBUG org.asynchttpclient.netty.channel.ChannelManager - Adding key: http://localhost:64521 for channel [id: 0x46abcb5a, L:/127.0.0.1:60637 - R:localhost/127.0.0.1:64521]
20:31:59.297 [main] DEBUG net.serenitybdd.core.photography.Darkroom - Send negative for processing for target\site\serenity\cbeceb493b3cc14d3791ff263ea0078986a8fbc23e395c454f06e0ce9a24f68d.png
20:31:59.297 [main] DEBUG net.thucydides.core.steps.StepInterceptor - STEP DONE: checkValidDataPasien
  &amp#27;[32mAnd &amp#27;[0m&amp#27;[32mValid data pasien&amp#27;[0m                                          &amp#27;[90m# starter.stepdefinitios.PatientDataSteps.validDataPasien()&amp#27;[0m
20:31:59.377 [Forwarding screenshot on session bd64bf0cc59a875275c7925621fe67ee to remote] DEBUG org.asynchttpclient.netty.request.NettyRequestSender - Using pooled Channel '[id: 0x46abcb5a, L:/127.0.0.1:60637 - R:localhost/127.0.0.1:64521]' for 'GET' to 'http://localhost:64521/session/bd64bf0cc59a875275c7925621fe67ee/screenshot'
20:31:59.377 [Forwarding screenshot on session bd64bf0cc59a875275c7925621fe67ee to remote] DEBUG org.asynchttpclient.netty.request.NettyRequestSender - Using open Channel [id: 0x46abcb5a, L:/127.0.0.1:60637 - R:localhost/127.0.0.1:64521] for GET '/session/bd64bf0cc59a875275c7925621fe67ee/screenshot'
20:31:59.449 [AsyncHttpClient-1-1] DEBUG org.asynchttpclient.netty.channel.DefaultChannelPool - Entry count for : http://localhost:60640 : 1
20:31:59.885 [AsyncHttpClient-1-5] DEBUG org.asynchttpclient.netty.handler.HttpHandler - 

Request DefaultFullHttpRequest(decodeResult: success, version: HTTP/1.1, content: EmptyByteBufBE)
GET /session/bd64bf0cc59a875275c7925621fe67ee/screenshot HTTP/1.1
User-Agent: selenium/4.1.2 (java windows)
Cache-Control: no-cache
Content-Type: application/json; charset=utf-8
host: localhost:64521
accept: */*

Response DefaultHttpResponse(decodeResult: success, version: HTTP/1.1)
HTTP/1.1 200 OK
Content-Type: application/json; charset=utf-8
cache-control: no-cache
content-length: 397960

20:31:59.893 [AsyncHttpClient-1-5] DEBUG org.asynchttpclient.netty.channel.ChannelManager - Adding key: http://localhost:64521 for channel [id: 0x46abcb5a, L:/127.0.0.1:60637 - R:localhost/127.0.0.1:64521]
20:31:59.933 [main] DEBUG net.serenitybdd.core.photography.Darkroom - Send negative for processing for target\site\serenity\cbeceb493b3cc14d3791ff263ea0078986a8fbc23e395c454f06e0ce9a24f68d.png
20:31:59.981 [AsyncHttpClient-1-7] DEBUG org.asynchttpclient.netty.handler.WebSocketHandler - Channel Closed: [id: 0x2b9b6cac, L:/127.0.0.1:60649 ! R:localhost/127.0.0.1:60640] with attribute NettyResponseFuture{currentRetry=5,
	isDone=1,
	isCancelled=0,
	asyncHandler=org.asynchttpclient.ws.WebSocketUpgradeHandler@7eb76929,
	nettyRequest=org.asynchttpclient.netty.request.NettyRequest@6db4ef6f,
	future=java.util.concurrent.CompletableFuture@63da7968[Completed normally],
	uri=ws://localhost:60640/devtools/browser/7c4fe688-0d47-4581-8c1f-e1c09a8365ec,
	keepAlive=true,
	redirectCount=0,
	timeoutsHolder=null,
	inAuth=0,
	touch=1655991103324}
20:31:59.981 [AsyncHttpClient-1-7] DEBUG org.asynchttpclient.netty.channel.ChannelManager - Closing Channel [id: 0x2b9b6cac, L:/127.0.0.1:60649 ! R:localhost/127.0.0.1:60640] 
20:32:00.005 [Driver Command Executor] DEBUG org.asynchttpclient.netty.request.NettyRequestSender - Using pooled Channel '[id: 0x46abcb5a, L:/127.0.0.1:60637 - R:localhost/127.0.0.1:64521]' for 'DELETE' to 'http://localhost:64521/session/bd64bf0cc59a875275c7925621fe67ee'
20:32:00.005 [Driver Command Executor] DEBUG org.asynchttpclient.netty.request.NettyRequestSender - Using open Channel [id: 0x46abcb5a, L:/127.0.0.1:60637 - R:localhost/127.0.0.1:64521] for DELETE '/session/bd64bf0cc59a875275c7925621fe67ee'
20:32:00.484 [AsyncHttpClient-1-6] DEBUG org.asynchttpclient.netty.handler.HttpHandler - Unexpected I/O exception on channel [id: 0xd4c7e798, L:/127.0.0.1:60647 - R:localhost/127.0.0.1:60640]
java.io.IOException: An existing connection was forcibly closed by the remote host
	at java.base/sun.nio.ch.SocketDispatcher.read0(Native Method)
	at java.base/sun.nio.ch.SocketDispatcher.read(SocketDispatcher.java:43)
	at java.base/sun.nio.ch.IOUtil.readIntoNativeBuffer(IOUtil.java:276)
	at java.base/sun.nio.ch.IOUtil.read(IOUtil.java:233)
	at java.base/sun.nio.ch.IOUtil.read(IOUtil.java:223)
	at java.base/sun.nio.ch.SocketChannelImpl.read(SocketChannelImpl.java:358)
	at io.netty.buffer.PooledByteBuf.setBytes(PooledByteBuf.java:258)
	at io.netty.buffer.AbstractByteBuf.writeBytes(AbstractByteBuf.java:1132)
	at io.netty.channel.socket.nio.NioSocketChannel.doReadBytes(NioSocketChannel.java:350)
	at io.netty.channel.nio.AbstractNioByteChannel$NioByteUnsafe.read(AbstractNioByteChannel.java:151)
	at io.netty.channel.nio.NioEventLoop.processSelectedKey(NioEventLoop.java:722)
	at io.netty.channel.nio.NioEventLoop.processSelectedKeysOptimized(NioEventLoop.java:658)
	at io.netty.channel.nio.NioEventLoop.processSelectedKeys(NioEventLoop.java:584)
	at io.netty.channel.nio.NioEventLoop.run(NioEventLoop.java:496)
	at io.netty.util.concurrent.SingleThreadEventExecutor$4.run(SingleThreadEventExecutor.java:986)
	at io.netty.util.internal.ThreadExecutorMap$2.run(ThreadExecutorMap.java:74)
	at io.netty.util.concurrent.FastThreadLocalRunnable.run(FastThreadLocalRunnable.java:30)
	at java.base/java.lang.Thread.run(Thread.java:834)
20:32:00.485 [AsyncHttpClient-1-6] DEBUG org.asynchttpclient.netty.channel.ChannelManager - Closing Channel [id: 0xd4c7e798, L:/127.0.0.1:60647 - R:localhost/127.0.0.1:60640] 
20:32:00.485 [AsyncHttpClient-1-6] DEBUG org.asynchttpclient.netty.handler.HttpHandler - Channel Closed: [id: 0xd4c7e798, L:/127.0.0.1:60647 ! R:localhost/127.0.0.1:60640] with attribute DISCARD
20:32:00.489 [AsyncHttpClient-1-1] DEBUG org.asynchttpclient.netty.channel.DefaultChannelPool - Entry count for : http://localhost:60640 : 1
20:32:00.489 [AsyncHttpClient-1-1] DEBUG org.asynchttpclient.netty.channel.DefaultChannelPool - Adding Candidate expired Channel [id: 0xd4c7e798, L:/127.0.0.1:60647 ! R:localhost/127.0.0.1:60640] isIdleTimeoutExpired=false isRemotelyClosed=true isTtlExpired=false
20:32:00.489 [AsyncHttpClient-1-1] DEBUG org.asynchttpclient.netty.channel.DefaultChannelPool - Closing Idle Channel [id: 0xd4c7e798, L:/127.0.0.1:60647 ! R:localhost/127.0.0.1:60640]
20:32:00.489 [AsyncHttpClient-1-1] DEBUG org.asynchttpclient.netty.channel.DefaultChannelPool - Closed 1 connections out of 1 in 0 ms
20:32:00.609 [AsyncHttpClient-1-5] DEBUG org.asynchttpclient.netty.handler.HttpHandler - 

Request DefaultFullHttpRequest(decodeResult: success, version: HTTP/1.1, content: EmptyByteBufBE)
DELETE /session/bd64bf0cc59a875275c7925621fe67ee HTTP/1.1
User-Agent: selenium/4.1.2 (java windows)
Content-Type: application/json; charset=utf-8
host: localhost:64521
accept: */*

Response DefaultHttpResponse(decodeResult: success, version: HTTP/1.1)
HTTP/1.1 200 OK
Content-Type: application/json; charset=utf-8
cache-control: no-cache
content-length: 14

20:32:00.609 [AsyncHttpClient-1-5] DEBUG org.asynchttpclient.netty.channel.ChannelManager - Adding key: http://localhost:64521 for channel [id: 0x46abcb5a, L:/127.0.0.1:60637 - R:localhost/127.0.0.1:64521]
20:32:01.602 [AsyncHttpClient-1-1] DEBUG org.asynchttpclient.netty.channel.DefaultChannelPool - Entry count for : http://localhost:64521 : 1
20:32:01.618 [AsyncHttpClient-1-5] DEBUG org.asynchttpclient.netty.handler.HttpHandler - Unexpected I/O exception on channel [id: 0x46abcb5a, L:/127.0.0.1:60637 - R:localhost/127.0.0.1:64521]
java.io.IOException: An existing connection was forcibly closed by the remote host
	at java.base/sun.nio.ch.SocketDispatcher.read0(Native Method)
	at java.base/sun.nio.ch.SocketDispatcher.read(SocketDispatcher.java:43)
	at java.base/sun.nio.ch.IOUtil.readIntoNativeBuffer(IOUtil.java:276)
	at java.base/sun.nio.ch.IOUtil.read(IOUtil.java:233)
	at java.base/sun.nio.ch.IOUtil.read(IOUtil.java:223)
	at java.base/sun.nio.ch.SocketChannelImpl.read(SocketChannelImpl.java:358)
	at io.netty.buffer.PooledByteBuf.setBytes(PooledByteBuf.java:258)
	at io.netty.buffer.AbstractByteBuf.writeBytes(AbstractByteBuf.java:1132)
	at io.netty.channel.socket.nio.NioSocketChannel.doReadBytes(NioSocketChannel.java:350)
	at io.netty.channel.nio.AbstractNioByteChannel$NioByteUnsafe.read(AbstractNioByteChannel.java:151)
	at io.netty.channel.nio.NioEventLoop.processSelectedKey(NioEventLoop.java:722)
	at io.netty.channel.nio.NioEventLoop.processSelectedKeysOptimized(NioEventLoop.java:658)
	at io.netty.channel.nio.NioEventLoop.processSelectedKeys(NioEventLoop.java:584)
	at io.netty.channel.nio.NioEventLoop.run(NioEventLoop.java:496)
	at io.netty.util.concurrent.SingleThreadEventExecutor$4.run(SingleThreadEventExecutor.java:986)
	at io.netty.util.internal.ThreadExecutorMap$2.run(ThreadExecutorMap.java:74)
	at io.netty.util.concurrent.FastThreadLocalRunnable.run(FastThreadLocalRunnable.java:30)
	at java.base/java.lang.Thread.run(Thread.java:834)
20:32:01.618 [AsyncHttpClient-1-5] DEBUG org.asynchttpclient.netty.channel.ChannelManager - Closing Channel [id: 0x46abcb5a, L:/127.0.0.1:60637 - R:localhost/127.0.0.1:64521] 
20:32:01.618 [AsyncHttpClient-1-5] DEBUG org.asynchttpclient.netty.handler.HttpHandler - Channel Closed: [id: 0x46abcb5a, L:/127.0.0.1:60637 ! R:localhost/127.0.0.1:64521] with attribute DISCARD
]]></system-out>
    <system-err><![CDATA[Starting ChromeDriver 102.0.5005.61 (0e59bcc00cc4985ce39ad31c150065f159d95ad3-refs/branch-heads/5005@{#819}) on port 64521
Only local connections are allowed.
Please see https://chromedriver.chromium.org/security-considerations for suggestions on keeping ChromeDriver safe.
ChromeDriver was started successfully.
Jun 23, 2022 8:31:43 PM org.openqa.selenium.remote.ProtocolHandshake createSession
INFO: Detected dialect: W3C
Jun 23, 2022 8:31:43 PM org.openqa.selenium.devtools.CdpVersionFinder findNearestMatch
WARNING: Unable to find an exact match for CDP version 102, so returning the closest version found: a no-op implementation
Jun 23, 2022 8:31:43 PM org.openqa.selenium.devtools.CdpVersionFinder findNearestMatch
INFO: Unable to find CDP implementation matching 102.
Jun 23, 2022 8:31:43 PM org.openqa.selenium.chromium.ChromiumDriver lambda$new$3
WARNING: Unable to find version of CDP to use for . You may need to include a dependency on a specific version of the CDP using something similar to `org.seleniumhq.selenium:selenium-devtools-v86:4.1.2` where the version ("v86") matches the version of the chromium-based browser you're using and the version number of the artifact is the same as Selenium's.
[1655991115.523][WARNING]: unexpected alert open: {Alert text : Data telah ditambah}, cancelling screenshot
]]></system-err>
  </testcase>
  <testcase name="As a admin i want to add data pasien #4" classname="Add Data Pasien - Admin" time="25.865">
    <system-out><![CDATA[
@AddPatientData
Scenario Outline: As a admin i want to add data pasien                   &amp#27;[90m# src/test/resources/features/AddDataPasien.feature:16&amp#27;[0m
20:32:01.722 [main] INFO io.cucumber.core.plugin.SerenityReporter - Running feature from file:///D:/Kel-1-capstone/TestingWeb/src/test/resources/features/AddDataPasien.feature
20:32:01.834 [main] DEBUG net.thucydides.core.steps.StepInterceptor - STARTING STEP: PatientDataSteps.openPageDataPasien - openDataPasien
20:32:01.842 [main] INFO net.serenitybdd.core.webdriver.driverproviders.ChromeDriverProvider - Using automatically driver download
20:32:02.370 [main] DEBUG io.github.bonigarcia.wdm.cache.ResolutionCache - Resolution chrome=102 in cache (valid until 21:04:30 23/06/2022 ICT)
20:32:02.410 [main] DEBUG io.github.bonigarcia.wdm.cache.ResolutionCache - Resolution chrome102=102.0.5005.61 in cache (valid until 20:04:30 24/06/2022 ICT)
20:32:02.442 [main] INFO io.github.bonigarcia.wdm.WebDriverManager - Using chromedriver 102.0.5005.61 (resolved driver for Chrome 102)
20:32:02.578 [main] DEBUG io.github.bonigarcia.wdm.WebDriverManager - Driver chromedriver 102.0.5005.61 found in cache
20:32:02.586 [main] INFO io.github.bonigarcia.wdm.WebDriverManager - Exporting webdriver.chrome.driver as C:\Users\ASUS\.cache\selenium\chromedriver\win32\102.0.5005.61\chromedriver.exe
20:32:02.738 [AsyncHttpClient-1-1] DEBUG org.asynchttpclient.netty.channel.DefaultChannelPool - Entry count for : http://localhost:64521 : 1
20:32:02.738 [AsyncHttpClient-1-1] DEBUG org.asynchttpclient.netty.channel.DefaultChannelPool - Adding Candidate expired Channel [id: 0x46abcb5a, L:/127.0.0.1:60637 ! R:localhost/127.0.0.1:64521] isIdleTimeoutExpired=false isRemotelyClosed=true isTtlExpired=false
20:32:02.738 [AsyncHttpClient-1-1] DEBUG org.asynchttpclient.netty.channel.DefaultChannelPool - Closing Idle Channel [id: 0x46abcb5a, L:/127.0.0.1:60637 ! R:localhost/127.0.0.1:64521]
20:32:02.738 [AsyncHttpClient-1-1] DEBUG org.asynchttpclient.netty.channel.DefaultChannelPool - Closed 1 connections out of 1 in 0 ms
20:32:03.166 [main] DEBUG net.serenitybdd.core.webdriver.driverproviders.ProvideNewDriver - Instantiating driver
20:32:03.166 [main] DEBUG net.serenitybdd.core.webdriver.driverproviders.ProvideNewDriver - Driver capabilities: Capabilities {acceptInsecureCerts: false, base.url: https://fanciful-trifle-360..., browserName: chrome, chorme.driver: src/test/resources/webdrive..., driver: chrome, goog:chromeOptions: {args: [], extensions: []}}
20:32:03.867 [AsyncHttpClient-1-8] DEBUG org.asynchttpclient.netty.channel.NettyConnectListener - Using new Channel '[id: 0xfafd64fd, L:/127.0.0.1:49488 - R:localhost/127.0.0.1:62507]' for 'POST' to '/session'
20:32:06.217 [AsyncHttpClient-1-8] DEBUG org.asynchttpclient.netty.handler.HttpHandler - 

Request DefaultHttpRequest(decodeResult: success, version: HTTP/1.1)
POST /session HTTP/1.1
User-Agent: selenium/4.1.2 (java windows)
Content-Length: 629
Content-Type: application/json; charset=utf-8
host: localhost:62507
accept: */*

Response DefaultHttpResponse(decodeResult: success, version: HTTP/1.1)
HTTP/1.1 200 OK
Content-Type: application/json; charset=utf-8
cache-control: no-cache
content-length: 789

20:32:06.217 [AsyncHttpClient-1-8] DEBUG org.asynchttpclient.netty.channel.ChannelManager - Adding key: http://localhost:62507 for channel [id: 0xfafd64fd, L:/127.0.0.1:49488 - R:localhost/127.0.0.1:62507]
20:32:06.257 [AsyncHttpClient-1-9] DEBUG org.asynchttpclient.netty.channel.NettyConnectListener - Using new Channel '[id: 0x3b318e9c, L:/127.0.0.1:49500 - R:localhost/127.0.0.1:49489]' for 'GET' to '/json/version'
20:32:06.257 [AsyncHttpClient-1-9] DEBUG org.asynchttpclient.netty.handler.HttpHandler - 

Request DefaultFullHttpRequest(decodeResult: success, version: HTTP/1.1, content: EmptyByteBufBE)
GET /json/version HTTP/1.1
User-Agent: selenium/4.1.2 (java windows)
host: localhost:49489
accept: */*

Response DefaultHttpResponse(decodeResult: success, version: HTTP/1.1)
HTTP/1.1 200 OK
Content-Type: application/json; charset=UTF-8
content-length: 428

20:32:06.257 [AsyncHttpClient-1-9] DEBUG org.asynchttpclient.netty.channel.ChannelManager - Adding key: http://localhost:49489 for channel [id: 0x3b318e9c, L:/127.0.0.1:49500 - R:localhost/127.0.0.1:49489]
20:32:06.305 [AsyncHttpClient-1-2] DEBUG org.asynchttpclient.netty.channel.NettyConnectListener - Using new Channel '[id: 0x50080a02, L:/127.0.0.1:49501 - R:localhost/127.0.0.1:49489]' for 'GET' to '/devtools/browser/fff58120-a102-481d-9c52-510498cbf95e'
20:32:06.305 [AsyncHttpClient-1-2] DEBUG org.asynchttpclient.netty.handler.WebSocketHandler - 

Request DefaultFullHttpRequest(decodeResult: success, version: HTTP/1.1, content: EmptyByteBufBE)
GET /devtools/browser/fff58120-a102-481d-9c52-510498cbf95e HTTP/1.1
upgrade: websocket
connection: upgrade
sec-websocket-key: WfWrzUFYO1VZuURKpnenNQ==
sec-websocket-version: 13
origin: http://localhost:49489
host: localhost:49489
accept: */*
user-agent: AHC/2.1

Response DefaultHttpResponse(decodeResult: success, version: HTTP/1.1)
HTTP/1.1 101 WebSocket Protocol Handshake
Upgrade: WebSocket
Connection: Upgrade
Sec-WebSocket-Accept: jSVoXEmtVRBfa2XSMisHhum8Hxs=

20:32:06.329 [Forwarding get on session 1dcc86fdd5c5d59b7137cf60ea06e4b8 to remote] DEBUG org.asynchttpclient.netty.request.NettyRequestSender - Using pooled Channel '[id: 0xfafd64fd, L:/127.0.0.1:49488 - R:localhost/127.0.0.1:62507]' for 'POST' to 'http://localhost:62507/session/1dcc86fdd5c5d59b7137cf60ea06e4b8/url'
20:32:06.329 [Forwarding get on session 1dcc86fdd5c5d59b7137cf60ea06e4b8 to remote] DEBUG org.asynchttpclient.netty.request.NettyRequestSender - Using open Channel [id: 0xfafd64fd, L:/127.0.0.1:49488 - R:localhost/127.0.0.1:62507] for POST '/session/1dcc86fdd5c5d59b7137cf60ea06e4b8/url'
20:32:07.137 [AsyncHttpClient-1-1] DEBUG org.asynchttpclient.netty.channel.DefaultChannelPool - Entry count for : http://localhost:49489 : 1
20:32:08.251 [AsyncHttpClient-1-1] DEBUG org.asynchttpclient.netty.channel.DefaultChannelPool - Entry count for : http://localhost:49489 : 1
20:32:08.761 [AsyncHttpClient-1-8] DEBUG org.asynchttpclient.netty.handler.HttpHandler - 

Request DefaultHttpRequest(decodeResult: success, version: HTTP/1.1)
POST /session/1dcc86fdd5c5d59b7137cf60ea06e4b8/url HTTP/1.1
User-Agent: selenium/4.1.2 (java windows)
Content-Length: 84
Content-Type: application/json; charset=utf-8
host: localhost:62507
accept: */*

Response DefaultHttpResponse(decodeResult: success, version: HTTP/1.1)
HTTP/1.1 200 OK
Content-Type: application/json; charset=utf-8
cache-control: no-cache
content-length: 14

20:32:08.761 [AsyncHttpClient-1-8] DEBUG org.asynchttpclient.netty.channel.ChannelManager - Adding key: http://localhost:62507 for channel [id: 0xfafd64fd, L:/127.0.0.1:49488 - R:localhost/127.0.0.1:62507]
20:32:08.777 [Forwarding setTimeout on session 1dcc86fdd5c5d59b7137cf60ea06e4b8 to remote] DEBUG org.asynchttpclient.netty.request.NettyRequestSender - Using pooled Channel '[id: 0xfafd64fd, L:/127.0.0.1:49488 - R:localhost/127.0.0.1:62507]' for 'POST' to 'http://localhost:62507/session/1dcc86fdd5c5d59b7137cf60ea06e4b8/timeouts'
20:32:08.777 [Forwarding setTimeout on session 1dcc86fdd5c5d59b7137cf60ea06e4b8 to remote] DEBUG org.asynchttpclient.netty.request.NettyRequestSender - Using open Channel [id: 0xfafd64fd, L:/127.0.0.1:49488 - R:localhost/127.0.0.1:62507] for POST '/session/1dcc86fdd5c5d59b7137cf60ea06e4b8/timeouts'
20:32:08.785 [AsyncHttpClient-1-8] DEBUG org.asynchttpclient.netty.handler.HttpHandler - 

Request DefaultHttpRequest(decodeResult: success, version: HTTP/1.1)
POST /session/1dcc86fdd5c5d59b7137cf60ea06e4b8/timeouts HTTP/1.1
User-Agent: selenium/4.1.2 (java windows)
Content-Length: 22
Content-Type: application/json; charset=utf-8
host: localhost:62507
accept: */*

Response DefaultHttpResponse(decodeResult: success, version: HTTP/1.1)
HTTP/1.1 200 OK
Content-Type: application/json; charset=utf-8
cache-control: no-cache
content-length: 14

20:32:08.785 [AsyncHttpClient-1-8] DEBUG org.asynchttpclient.netty.channel.ChannelManager - Adding key: http://localhost:62507 for channel [id: 0xfafd64fd, L:/127.0.0.1:49488 - R:localhost/127.0.0.1:62507]
20:32:08.793 [Forwarding getCurrentUrl on session 1dcc86fdd5c5d59b7137cf60ea06e4b8 to remote] DEBUG org.asynchttpclient.netty.request.NettyRequestSender - Using pooled Channel '[id: 0xfafd64fd, L:/127.0.0.1:49488 - R:localhost/127.0.0.1:62507]' for 'GET' to 'http://localhost:62507/session/1dcc86fdd5c5d59b7137cf60ea06e4b8/url'
20:32:08.793 [Forwarding getCurrentUrl on session 1dcc86fdd5c5d59b7137cf60ea06e4b8 to remote] DEBUG org.asynchttpclient.netty.request.NettyRequestSender - Using open Channel [id: 0xfafd64fd, L:/127.0.0.1:49488 - R:localhost/127.0.0.1:62507] for GET '/session/1dcc86fdd5c5d59b7137cf60ea06e4b8/url'
20:32:08.821 [AsyncHttpClient-1-8] DEBUG org.asynchttpclient.netty.handler.HttpHandler - 

Request DefaultFullHttpRequest(decodeResult: success, version: HTTP/1.1, content: EmptyByteBufBE)
GET /session/1dcc86fdd5c5d59b7137cf60ea06e4b8/url HTTP/1.1
User-Agent: selenium/4.1.2 (java windows)
Cache-Control: no-cache
Content-Type: application/json; charset=utf-8
host: localhost:62507
accept: */*

Response DefaultHttpResponse(decodeResult: success, version: HTTP/1.1)
HTTP/1.1 200 OK
Content-Type: application/json; charset=utf-8
cache-control: no-cache
content-length: 66

20:32:08.821 [AsyncHttpClient-1-8] DEBUG org.asynchttpclient.netty.channel.ChannelManager - Adding key: http://localhost:62507 for channel [id: 0xfafd64fd, L:/127.0.0.1:49488 - R:localhost/127.0.0.1:62507]
20:32:08.837 [Forwarding screenshot on session 1dcc86fdd5c5d59b7137cf60ea06e4b8 to remote] DEBUG org.asynchttpclient.netty.request.NettyRequestSender - Using pooled Channel '[id: 0xfafd64fd, L:/127.0.0.1:49488 - R:localhost/127.0.0.1:62507]' for 'GET' to 'http://localhost:62507/session/1dcc86fdd5c5d59b7137cf60ea06e4b8/screenshot'
20:32:08.837 [Forwarding screenshot on session 1dcc86fdd5c5d59b7137cf60ea06e4b8 to remote] DEBUG org.asynchttpclient.netty.request.NettyRequestSender - Using open Channel [id: 0xfafd64fd, L:/127.0.0.1:49488 - R:localhost/127.0.0.1:62507] for GET '/session/1dcc86fdd5c5d59b7137cf60ea06e4b8/screenshot'
20:32:09.285 [AsyncHttpClient-1-1] DEBUG org.asynchttpclient.netty.channel.DefaultChannelPool - Entry count for : http://localhost:49489 : 1
20:32:09.794 [AsyncHttpClient-1-8] DEBUG org.asynchttpclient.netty.handler.HttpHandler - 

Request DefaultFullHttpRequest(decodeResult: success, version: HTTP/1.1, content: EmptyByteBufBE)
GET /session/1dcc86fdd5c5d59b7137cf60ea06e4b8/screenshot HTTP/1.1
User-Agent: selenium/4.1.2 (java windows)
Cache-Control: no-cache
Content-Type: application/json; charset=utf-8
host: localhost:62507
accept: */*

Response DefaultHttpResponse(decodeResult: success, version: HTTP/1.1)
HTTP/1.1 200 OK
Content-Type: application/json; charset=utf-8
cache-control: no-cache
content-length: 82152

20:32:09.802 [AsyncHttpClient-1-8] DEBUG org.asynchttpclient.netty.channel.ChannelManager - Adding key: http://localhost:62507 for channel [id: 0xfafd64fd, L:/127.0.0.1:49488 - R:localhost/127.0.0.1:62507]
20:32:09.810 [main] DEBUG net.serenitybdd.core.photography.Darkroom - Send negative for processing for target\site\serenity\6c6e4b6f5460fe11a0fb7845f6267d41bb4cd3617453f1663fde15440053a3ea.png
20:32:09.810 [main] DEBUG net.thucydides.core.steps.StepInterceptor - STEP DONE: openDataPasien
  &amp#27;[32mGiven &amp#27;[0m&amp#27;[32mOpen page data pasien&amp#27;[0m                                            &amp#27;[90m# starter.stepdefinitios.PatientDataSteps.openPageDataPasien()&amp#27;[0m
20:32:09.862 [main] DEBUG net.thucydides.core.steps.StepInterceptor - STARTING STEP: PatientDataSteps.clickButtonTambahData - clickButtonTambah
20:32:09.862 [Forwarding findElement on session 1dcc86fdd5c5d59b7137cf60ea06e4b8 to remote] DEBUG org.asynchttpclient.netty.request.NettyRequestSender - Using pooled Channel '[id: 0xfafd64fd, L:/127.0.0.1:49488 - R:localhost/127.0.0.1:62507]' for 'POST' to 'http://localhost:62507/session/1dcc86fdd5c5d59b7137cf60ea06e4b8/element'
20:32:09.862 [Forwarding findElement on session 1dcc86fdd5c5d59b7137cf60ea06e4b8 to remote] DEBUG org.asynchttpclient.netty.request.NettyRequestSender - Using open Channel [id: 0xfafd64fd, L:/127.0.0.1:49488 - R:localhost/127.0.0.1:62507] for POST '/session/1dcc86fdd5c5d59b7137cf60ea06e4b8/element'
20:32:09.913 [AsyncHttpClient-1-8] DEBUG org.asynchttpclient.netty.handler.HttpHandler - 

Request DefaultHttpRequest(decodeResult: success, version: HTTP/1.1)
POST /session/1dcc86fdd5c5d59b7137cf60ea06e4b8/element HTTP/1.1
User-Agent: selenium/4.1.2 (java windows)
Content-Length: 68
Content-Type: application/json; charset=utf-8
host: localhost:62507
accept: */*

Response DefaultHttpResponse(decodeResult: success, version: HTTP/1.1)
HTTP/1.1 200 OK
Content-Type: application/json; charset=utf-8
cache-control: no-cache
content-length: 88

20:32:09.913 [AsyncHttpClient-1-8] DEBUG org.asynchttpclient.netty.channel.ChannelManager - Adding key: http://localhost:62507 for channel [id: 0xfafd64fd, L:/127.0.0.1:49488 - R:localhost/127.0.0.1:62507]
20:32:09.913 [Forwarding getElementTagName on session 1dcc86fdd5c5d59b7137cf60ea06e4b8 to remote] DEBUG org.asynchttpclient.netty.request.NettyRequestSender - Using pooled Channel '[id: 0xfafd64fd, L:/127.0.0.1:49488 - R:localhost/127.0.0.1:62507]' for 'GET' to 'http://localhost:62507/session/1dcc86fdd5c5d59b7137cf60ea06e4b8/element/0de9a757-ccf4-4d93-946c-6dc1f2e8b98e/name'
20:32:09.921 [Forwarding getElementTagName on session 1dcc86fdd5c5d59b7137cf60ea06e4b8 to remote] DEBUG org.asynchttpclient.netty.request.NettyRequestSender - Using open Channel [id: 0xfafd64fd, L:/127.0.0.1:49488 - R:localhost/127.0.0.1:62507] for GET '/session/1dcc86fdd5c5d59b7137cf60ea06e4b8/element/0de9a757-ccf4-4d93-946c-6dc1f2e8b98e/name'
20:32:09.929 [AsyncHttpClient-1-8] DEBUG org.asynchttpclient.netty.handler.HttpHandler - 

Request DefaultFullHttpRequest(decodeResult: success, version: HTTP/1.1, content: EmptyByteBufBE)
GET /session/1dcc86fdd5c5d59b7137cf60ea06e4b8/element/0de9a757-ccf4-4d93-946c-6dc1f2e8b98e/name HTTP/1.1
User-Agent: selenium/4.1.2 (java windows)
Cache-Control: no-cache
Content-Type: application/json; charset=utf-8
host: localhost:62507
accept: */*

Response DefaultHttpResponse(decodeResult: success, version: HTTP/1.1)
HTTP/1.1 200 OK
Content-Type: application/json; charset=utf-8
cache-control: no-cache
content-length: 18

20:32:09.929 [AsyncHttpClient-1-8] DEBUG org.asynchttpclient.netty.channel.ChannelManager - Adding key: http://localhost:62507 for channel [id: 0xfafd64fd, L:/127.0.0.1:49488 - R:localhost/127.0.0.1:62507]
20:32:09.937 [Forwarding getElementTagName on session 1dcc86fdd5c5d59b7137cf60ea06e4b8 to remote] DEBUG org.asynchttpclient.netty.request.NettyRequestSender - Using pooled Channel '[id: 0xfafd64fd, L:/127.0.0.1:49488 - R:localhost/127.0.0.1:62507]' for 'GET' to 'http://localhost:62507/session/1dcc86fdd5c5d59b7137cf60ea06e4b8/element/0de9a757-ccf4-4d93-946c-6dc1f2e8b98e/name'
20:32:09.937 [Forwarding getElementTagName on session 1dcc86fdd5c5d59b7137cf60ea06e4b8 to remote] DEBUG org.asynchttpclient.netty.request.NettyRequestSender - Using open Channel [id: 0xfafd64fd, L:/127.0.0.1:49488 - R:localhost/127.0.0.1:62507] for GET '/session/1dcc86fdd5c5d59b7137cf60ea06e4b8/element/0de9a757-ccf4-4d93-946c-6dc1f2e8b98e/name'
20:32:09.945 [AsyncHttpClient-1-8] DEBUG org.asynchttpclient.netty.handler.HttpHandler - 

Request DefaultFullHttpRequest(decodeResult: success, version: HTTP/1.1, content: EmptyByteBufBE)
GET /session/1dcc86fdd5c5d59b7137cf60ea06e4b8/element/0de9a757-ccf4-4d93-946c-6dc1f2e8b98e/name HTTP/1.1
User-Agent: selenium/4.1.2 (java windows)
Cache-Control: no-cache
Content-Type: application/json; charset=utf-8
host: localhost:62507
accept: */*

Response DefaultHttpResponse(decodeResult: success, version: HTTP/1.1)
HTTP/1.1 200 OK
Content-Type: application/json; charset=utf-8
cache-control: no-cache
content-length: 18

20:32:09.945 [AsyncHttpClient-1-8] DEBUG org.asynchttpclient.netty.channel.ChannelManager - Adding key: http://localhost:62507 for channel [id: 0xfafd64fd, L:/127.0.0.1:49488 - R:localhost/127.0.0.1:62507]
20:32:09.955 [Forwarding isElementEnabled on session 1dcc86fdd5c5d59b7137cf60ea06e4b8 to remote] DEBUG org.asynchttpclient.netty.request.NettyRequestSender - Using pooled Channel '[id: 0xfafd64fd, L:/127.0.0.1:49488 - R:localhost/127.0.0.1:62507]' for 'GET' to 'http://localhost:62507/session/1dcc86fdd5c5d59b7137cf60ea06e4b8/element/0de9a757-ccf4-4d93-946c-6dc1f2e8b98e/enabled'
20:32:09.955 [Forwarding isElementEnabled on session 1dcc86fdd5c5d59b7137cf60ea06e4b8 to remote] DEBUG org.asynchttpclient.netty.request.NettyRequestSender - Using open Channel [id: 0xfafd64fd, L:/127.0.0.1:49488 - R:localhost/127.0.0.1:62507] for GET '/session/1dcc86fdd5c5d59b7137cf60ea06e4b8/element/0de9a757-ccf4-4d93-946c-6dc1f2e8b98e/enabled'
20:32:09.987 [AsyncHttpClient-1-8] DEBUG org.asynchttpclient.netty.handler.HttpHandler - 

Request DefaultFullHttpRequest(decodeResult: success, version: HTTP/1.1, content: EmptyByteBufBE)
GET /session/1dcc86fdd5c5d59b7137cf60ea06e4b8/element/0de9a757-ccf4-4d93-946c-6dc1f2e8b98e/enabled HTTP/1.1
User-Agent: selenium/4.1.2 (java windows)
Cache-Control: no-cache
Content-Type: application/json; charset=utf-8
host: localhost:62507
accept: */*

Response DefaultHttpResponse(decodeResult: success, version: HTTP/1.1)
HTTP/1.1 200 OK
Content-Type: application/json; charset=utf-8
cache-control: no-cache
content-length: 14

20:32:09.987 [AsyncHttpClient-1-8] DEBUG org.asynchttpclient.netty.channel.ChannelManager - Adding key: http://localhost:62507 for channel [id: 0xfafd64fd, L:/127.0.0.1:49488 - R:localhost/127.0.0.1:62507]
20:32:09.995 [Forwarding isElementEnabled on session 1dcc86fdd5c5d59b7137cf60ea06e4b8 to remote] DEBUG org.asynchttpclient.netty.request.NettyRequestSender - Using pooled Channel '[id: 0xfafd64fd, L:/127.0.0.1:49488 - R:localhost/127.0.0.1:62507]' for 'GET' to 'http://localhost:62507/session/1dcc86fdd5c5d59b7137cf60ea06e4b8/element/0de9a757-ccf4-4d93-946c-6dc1f2e8b98e/enabled'
20:32:09.995 [Forwarding isElementEnabled on session 1dcc86fdd5c5d59b7137cf60ea06e4b8 to remote] DEBUG org.asynchttpclient.netty.request.NettyRequestSender - Using open Channel [id: 0xfafd64fd, L:/127.0.0.1:49488 - R:localhost/127.0.0.1:62507] for GET '/session/1dcc86fdd5c5d59b7137cf60ea06e4b8/element/0de9a757-ccf4-4d93-946c-6dc1f2e8b98e/enabled'
20:32:10.011 [AsyncHttpClient-1-8] DEBUG org.asynchttpclient.netty.handler.HttpHandler - 

Request DefaultFullHttpRequest(decodeResult: success, version: HTTP/1.1, content: EmptyByteBufBE)
GET /session/1dcc86fdd5c5d59b7137cf60ea06e4b8/element/0de9a757-ccf4-4d93-946c-6dc1f2e8b98e/enabled HTTP/1.1
User-Agent: selenium/4.1.2 (java windows)
Cache-Control: no-cache
Content-Type: application/json; charset=utf-8
host: localhost:62507
accept: */*

Response DefaultHttpResponse(decodeResult: success, version: HTTP/1.1)
HTTP/1.1 200 OK
Content-Type: application/json; charset=utf-8
cache-control: no-cache
content-length: 14

20:32:10.011 [AsyncHttpClient-1-8] DEBUG org.asynchttpclient.netty.channel.ChannelManager - Adding key: http://localhost:62507 for channel [id: 0xfafd64fd, L:/127.0.0.1:49488 - R:localhost/127.0.0.1:62507]
20:32:10.011 [Forwarding findElement on session 1dcc86fdd5c5d59b7137cf60ea06e4b8 to remote] DEBUG org.asynchttpclient.netty.request.NettyRequestSender - Using pooled Channel '[id: 0xfafd64fd, L:/127.0.0.1:49488 - R:localhost/127.0.0.1:62507]' for 'POST' to 'http://localhost:62507/session/1dcc86fdd5c5d59b7137cf60ea06e4b8/element'
20:32:10.011 [Forwarding findElement on session 1dcc86fdd5c5d59b7137cf60ea06e4b8 to remote] DEBUG org.asynchttpclient.netty.request.NettyRequestSender - Using open Channel [id: 0xfafd64fd, L:/127.0.0.1:49488 - R:localhost/127.0.0.1:62507] for POST '/session/1dcc86fdd5c5d59b7137cf60ea06e4b8/element'
20:32:10.038 [AsyncHttpClient-1-8] DEBUG org.asynchttpclient.netty.handler.HttpHandler - 

Request DefaultHttpRequest(decodeResult: success, version: HTTP/1.1)
POST /session/1dcc86fdd5c5d59b7137cf60ea06e4b8/element HTTP/1.1
User-Agent: selenium/4.1.2 (java windows)
Content-Length: 68
Content-Type: application/json; charset=utf-8
host: localhost:62507
accept: */*

Response DefaultHttpResponse(decodeResult: success, version: HTTP/1.1)
HTTP/1.1 200 OK
Content-Type: application/json; charset=utf-8
cache-control: no-cache
content-length: 88

20:32:10.038 [AsyncHttpClient-1-8] DEBUG org.asynchttpclient.netty.channel.ChannelManager - Adding key: http://localhost:62507 for channel [id: 0xfafd64fd, L:/127.0.0.1:49488 - R:localhost/127.0.0.1:62507]
20:32:10.038 [Forwarding clickElement on session 1dcc86fdd5c5d59b7137cf60ea06e4b8 to remote] DEBUG org.asynchttpclient.netty.request.NettyRequestSender - Using pooled Channel '[id: 0xfafd64fd, L:/127.0.0.1:49488 - R:localhost/127.0.0.1:62507]' for 'POST' to 'http://localhost:62507/session/1dcc86fdd5c5d59b7137cf60ea06e4b8/element/0de9a757-ccf4-4d93-946c-6dc1f2e8b98e/click'
20:32:10.038 [Forwarding clickElement on session 1dcc86fdd5c5d59b7137cf60ea06e4b8 to remote] DEBUG org.asynchttpclient.netty.request.NettyRequestSender - Using open Channel [id: 0xfafd64fd, L:/127.0.0.1:49488 - R:localhost/127.0.0.1:62507] for POST '/session/1dcc86fdd5c5d59b7137cf60ea06e4b8/element/0de9a757-ccf4-4d93-946c-6dc1f2e8b98e/click'
20:32:10.386 [AsyncHttpClient-1-1] DEBUG org.asynchttpclient.netty.channel.DefaultChannelPool - Entry count for : http://localhost:49489 : 1
20:32:10.594 [AsyncHttpClient-1-8] DEBUG org.asynchttpclient.netty.handler.HttpHandler - 

Request DefaultHttpRequest(decodeResult: success, version: HTTP/1.1)
POST /session/1dcc86fdd5c5d59b7137cf60ea06e4b8/element/0de9a757-ccf4-4d93-946c-6dc1f2e8b98e/click HTTP/1.1
User-Agent: selenium/4.1.2 (java windows)
Content-Length: 50
Content-Type: application/json; charset=utf-8
host: localhost:62507
accept: */*

Response DefaultHttpResponse(decodeResult: success, version: HTTP/1.1)
HTTP/1.1 200 OK
Content-Type: application/json; charset=utf-8
cache-control: no-cache
content-length: 14

20:32:10.594 [AsyncHttpClient-1-8] DEBUG org.asynchttpclient.netty.channel.ChannelManager - Adding key: http://localhost:62507 for channel [id: 0xfafd64fd, L:/127.0.0.1:49488 - R:localhost/127.0.0.1:62507]
20:32:10.621 [Forwarding screenshot on session 1dcc86fdd5c5d59b7137cf60ea06e4b8 to remote] DEBUG org.asynchttpclient.netty.request.NettyRequestSender - Using pooled Channel '[id: 0xfafd64fd, L:/127.0.0.1:49488 - R:localhost/127.0.0.1:62507]' for 'GET' to 'http://localhost:62507/session/1dcc86fdd5c5d59b7137cf60ea06e4b8/screenshot'
20:32:10.621 [Forwarding screenshot on session 1dcc86fdd5c5d59b7137cf60ea06e4b8 to remote] DEBUG org.asynchttpclient.netty.request.NettyRequestSender - Using open Channel [id: 0xfafd64fd, L:/127.0.0.1:49488 - R:localhost/127.0.0.1:62507] for GET '/session/1dcc86fdd5c5d59b7137cf60ea06e4b8/screenshot'
20:32:11.490 [AsyncHttpClient-1-1] DEBUG org.asynchttpclient.netty.channel.DefaultChannelPool - Entry count for : http://localhost:49489 : 1
20:32:11.536 [AsyncHttpClient-1-8] DEBUG org.asynchttpclient.netty.handler.HttpHandler - 

Request DefaultFullHttpRequest(decodeResult: success, version: HTTP/1.1, content: EmptyByteBufBE)
GET /session/1dcc86fdd5c5d59b7137cf60ea06e4b8/screenshot HTTP/1.1
User-Agent: selenium/4.1.2 (java windows)
Cache-Control: no-cache
Content-Type: application/json; charset=utf-8
host: localhost:62507
accept: */*

Response DefaultHttpResponse(decodeResult: success, version: HTTP/1.1)
HTTP/1.1 200 OK
Content-Type: application/json; charset=utf-8
cache-control: no-cache
content-length: 397960

20:32:11.538 [AsyncHttpClient-1-8] DEBUG org.asynchttpclient.netty.channel.ChannelManager - Adding key: http://localhost:62507 for channel [id: 0xfafd64fd, L:/127.0.0.1:49488 - R:localhost/127.0.0.1:62507]
20:32:11.569 [main] DEBUG net.serenitybdd.core.photography.Darkroom - Send negative for processing for target\site\serenity\cbeceb493b3cc14d3791ff263ea0078986a8fbc23e395c454f06e0ce9a24f68d.png
20:32:11.569 [main] DEBUG net.thucydides.core.steps.StepInterceptor - STEP DONE: clickButtonTambah
  &amp#27;[32mWhen &amp#27;[0m&amp#27;[32mClick button tambah data&amp#27;[0m                                          &amp#27;[90m# starter.stepdefinitios.PatientDataSteps.clickButtonTambahData()&amp#27;[0m
20:32:11.624 [Forwarding screenshot on session 1dcc86fdd5c5d59b7137cf60ea06e4b8 to remote] DEBUG org.asynchttpclient.netty.request.NettyRequestSender - Using pooled Channel '[id: 0xfafd64fd, L:/127.0.0.1:49488 - R:localhost/127.0.0.1:62507]' for 'GET' to 'http://localhost:62507/session/1dcc86fdd5c5d59b7137cf60ea06e4b8/screenshot'
20:32:11.624 [Forwarding screenshot on session 1dcc86fdd5c5d59b7137cf60ea06e4b8 to remote] DEBUG org.asynchttpclient.netty.request.NettyRequestSender - Using open Channel [id: 0xfafd64fd, L:/127.0.0.1:49488 - R:localhost/127.0.0.1:62507] for GET '/session/1dcc86fdd5c5d59b7137cf60ea06e4b8/screenshot'
20:32:12.034 [AsyncHttpClient-1-8] DEBUG org.asynchttpclient.netty.handler.HttpHandler - 

Request DefaultFullHttpRequest(decodeResult: success, version: HTTP/1.1, content: EmptyByteBufBE)
GET /session/1dcc86fdd5c5d59b7137cf60ea06e4b8/screenshot HTTP/1.1
User-Agent: selenium/4.1.2 (java windows)
Cache-Control: no-cache
Content-Type: application/json; charset=utf-8
host: localhost:62507
accept: */*

Response DefaultHttpResponse(decodeResult: success, version: HTTP/1.1)
HTTP/1.1 200 OK
Content-Type: application/json; charset=utf-8
cache-control: no-cache
content-length: 397960

20:32:12.042 [AsyncHttpClient-1-8] DEBUG org.asynchttpclient.netty.channel.ChannelManager - Adding key: http://localhost:62507 for channel [id: 0xfafd64fd, L:/127.0.0.1:49488 - R:localhost/127.0.0.1:62507]
20:32:12.074 [main] DEBUG net.serenitybdd.core.photography.Darkroom - Send negative for processing for target\site\serenity\cbeceb493b3cc14d3791ff263ea0078986a8fbc23e395c454f06e0ce9a24f68d.png
20:32:12.590 [AsyncHttpClient-1-1] DEBUG org.asynchttpclient.netty.channel.DefaultChannelPool - Entry count for : http://localhost:49489 : 1
20:32:12.590 [AsyncHttpClient-1-1] DEBUG org.asynchttpclient.netty.channel.DefaultChannelPool - Entry count for : http://localhost:62507 : 1
20:32:12.606 [Forwarding screenshot on session 1dcc86fdd5c5d59b7137cf60ea06e4b8 to remote] DEBUG org.asynchttpclient.netty.request.NettyRequestSender - Using pooled Channel '[id: 0xfafd64fd, L:/127.0.0.1:49488 - R:localhost/127.0.0.1:62507]' for 'GET' to 'http://localhost:62507/session/1dcc86fdd5c5d59b7137cf60ea06e4b8/screenshot'
20:32:12.606 [Forwarding screenshot on session 1dcc86fdd5c5d59b7137cf60ea06e4b8 to remote] DEBUG org.asynchttpclient.netty.request.NettyRequestSender - Using open Channel [id: 0xfafd64fd, L:/127.0.0.1:49488 - R:localhost/127.0.0.1:62507] for GET '/session/1dcc86fdd5c5d59b7137cf60ea06e4b8/screenshot'
20:32:13.018 [AsyncHttpClient-1-8] DEBUG org.asynchttpclient.netty.handler.HttpHandler - 

Request DefaultFullHttpRequest(decodeResult: success, version: HTTP/1.1, content: EmptyByteBufBE)
GET /session/1dcc86fdd5c5d59b7137cf60ea06e4b8/screenshot HTTP/1.1
User-Agent: selenium/4.1.2 (java windows)
Cache-Control: no-cache
Content-Type: application/json; charset=utf-8
host: localhost:62507
accept: */*

Response DefaultHttpResponse(decodeResult: success, version: HTTP/1.1)
HTTP/1.1 200 OK
Content-Type: application/json; charset=utf-8
cache-control: no-cache
content-length: 397960

20:32:13.026 [AsyncHttpClient-1-8] DEBUG org.asynchttpclient.netty.channel.ChannelManager - Adding key: http://localhost:62507 for channel [id: 0xfafd64fd, L:/127.0.0.1:49488 - R:localhost/127.0.0.1:62507]
20:32:13.058 [main] DEBUG net.serenitybdd.core.photography.Darkroom - Send negative for processing for target\site\serenity\cbeceb493b3cc14d3791ff263ea0078986a8fbc23e395c454f06e0ce9a24f68d.png
20:32:13.058 [main] DEBUG net.thucydides.core.steps.StepInterceptor - STARTING STEP: PatientDataSteps.iInput - inputDataPasien
20:32:13.058 [Forwarding findElement on session 1dcc86fdd5c5d59b7137cf60ea06e4b8 to remote] DEBUG org.asynchttpclient.netty.request.NettyRequestSender - Using pooled Channel '[id: 0xfafd64fd, L:/127.0.0.1:49488 - R:localhost/127.0.0.1:62507]' for 'POST' to 'http://localhost:62507/session/1dcc86fdd5c5d59b7137cf60ea06e4b8/element'
20:32:13.058 [Forwarding findElement on session 1dcc86fdd5c5d59b7137cf60ea06e4b8 to remote] DEBUG org.asynchttpclient.netty.request.NettyRequestSender - Using open Channel [id: 0xfafd64fd, L:/127.0.0.1:49488 - R:localhost/127.0.0.1:62507] for POST '/session/1dcc86fdd5c5d59b7137cf60ea06e4b8/element'
20:32:13.098 [AsyncHttpClient-1-8] DEBUG org.asynchttpclient.netty.handler.HttpHandler - 

Request DefaultHttpRequest(decodeResult: success, version: HTTP/1.1)
POST /session/1dcc86fdd5c5d59b7137cf60ea06e4b8/element HTTP/1.1
User-Agent: selenium/4.1.2 (java windows)
Content-Length: 66
Content-Type: application/json; charset=utf-8
host: localhost:62507
accept: */*

Response DefaultHttpResponse(decodeResult: success, version: HTTP/1.1)
HTTP/1.1 200 OK
Content-Type: application/json; charset=utf-8
cache-control: no-cache
content-length: 88

20:32:13.098 [AsyncHttpClient-1-8] DEBUG org.asynchttpclient.netty.channel.ChannelManager - Adding key: http://localhost:62507 for channel [id: 0xfafd64fd, L:/127.0.0.1:49488 - R:localhost/127.0.0.1:62507]
20:32:13.106 [Forwarding sendKeysToElement on session 1dcc86fdd5c5d59b7137cf60ea06e4b8 to remote] DEBUG org.asynchttpclient.netty.request.NettyRequestSender - Using pooled Channel '[id: 0xfafd64fd, L:/127.0.0.1:49488 - R:localhost/127.0.0.1:62507]' for 'POST' to 'http://localhost:62507/session/1dcc86fdd5c5d59b7137cf60ea06e4b8/element/17bc350b-0915-4fe8-8612-cc5b0c3a9547/value'
20:32:13.106 [Forwarding sendKeysToElement on session 1dcc86fdd5c5d59b7137cf60ea06e4b8 to remote] DEBUG org.asynchttpclient.netty.request.NettyRequestSender - Using open Channel [id: 0xfafd64fd, L:/127.0.0.1:49488 - R:localhost/127.0.0.1:62507] for POST '/session/1dcc86fdd5c5d59b7137cf60ea06e4b8/element/17bc350b-0915-4fe8-8612-cc5b0c3a9547/value'
20:32:13.706 [AsyncHttpClient-1-1] DEBUG org.asynchttpclient.netty.channel.DefaultChannelPool - Entry count for : http://localhost:49489 : 1
20:32:13.802 [AsyncHttpClient-1-8] DEBUG org.asynchttpclient.netty.handler.HttpHandler - 

Request DefaultHttpRequest(decodeResult: success, version: HTTP/1.1)
POST /session/1dcc86fdd5c5d59b7137cf60ea06e4b8/element/17bc350b-0915-4fe8-8612-cc5b0c3a9547/value HTTP/1.1
User-Agent: selenium/4.1.2 (java windows)
Content-Length: 131
Content-Type: application/json; charset=utf-8
host: localhost:62507
accept: */*

Response DefaultHttpResponse(decodeResult: success, version: HTTP/1.1)
HTTP/1.1 200 OK
Content-Type: application/json; charset=utf-8
cache-control: no-cache
content-length: 14

20:32:13.802 [AsyncHttpClient-1-8] DEBUG org.asynchttpclient.netty.channel.ChannelManager - Adding key: http://localhost:62507 for channel [id: 0xfafd64fd, L:/127.0.0.1:49488 - R:localhost/127.0.0.1:62507]
20:32:13.810 [Forwarding findElement on session 1dcc86fdd5c5d59b7137cf60ea06e4b8 to remote] DEBUG org.asynchttpclient.netty.request.NettyRequestSender - Using pooled Channel '[id: 0xfafd64fd, L:/127.0.0.1:49488 - R:localhost/127.0.0.1:62507]' for 'POST' to 'http://localhost:62507/session/1dcc86fdd5c5d59b7137cf60ea06e4b8/element'
20:32:13.810 [Forwarding findElement on session 1dcc86fdd5c5d59b7137cf60ea06e4b8 to remote] DEBUG org.asynchttpclient.netty.request.NettyRequestSender - Using open Channel [id: 0xfafd64fd, L:/127.0.0.1:49488 - R:localhost/127.0.0.1:62507] for POST '/session/1dcc86fdd5c5d59b7137cf60ea06e4b8/element'
20:32:13.842 [AsyncHttpClient-1-8] DEBUG org.asynchttpclient.netty.handler.HttpHandler - 

Request DefaultHttpRequest(decodeResult: success, version: HTTP/1.1)
POST /session/1dcc86fdd5c5d59b7137cf60ea06e4b8/element HTTP/1.1
User-Agent: selenium/4.1.2 (java windows)
Content-Length: 65
Content-Type: application/json; charset=utf-8
host: localhost:62507
accept: */*

Response DefaultHttpResponse(decodeResult: success, version: HTTP/1.1)
HTTP/1.1 200 OK
Content-Type: application/json; charset=utf-8
cache-control: no-cache
content-length: 88

20:32:13.842 [AsyncHttpClient-1-8] DEBUG org.asynchttpclient.netty.channel.ChannelManager - Adding key: http://localhost:62507 for channel [id: 0xfafd64fd, L:/127.0.0.1:49488 - R:localhost/127.0.0.1:62507]
20:32:13.842 [Forwarding sendKeysToElement on session 1dcc86fdd5c5d59b7137cf60ea06e4b8 to remote] DEBUG org.asynchttpclient.netty.request.NettyRequestSender - Using pooled Channel '[id: 0xfafd64fd, L:/127.0.0.1:49488 - R:localhost/127.0.0.1:62507]' for 'POST' to 'http://localhost:62507/session/1dcc86fdd5c5d59b7137cf60ea06e4b8/element/7463f1a5-5a03-4ae8-bdf7-197fbabceb2f/value'
20:32:13.842 [Forwarding sendKeysToElement on session 1dcc86fdd5c5d59b7137cf60ea06e4b8 to remote] DEBUG org.asynchttpclient.netty.request.NettyRequestSender - Using open Channel [id: 0xfafd64fd, L:/127.0.0.1:49488 - R:localhost/127.0.0.1:62507] for POST '/session/1dcc86fdd5c5d59b7137cf60ea06e4b8/element/7463f1a5-5a03-4ae8-bdf7-197fbabceb2f/value'
20:32:14.461 [AsyncHttpClient-1-8] DEBUG org.asynchttpclient.netty.handler.HttpHandler - 

Request DefaultHttpRequest(decodeResult: success, version: HTTP/1.1)
POST /session/1dcc86fdd5c5d59b7137cf60ea06e4b8/element/7463f1a5-5a03-4ae8-bdf7-197fbabceb2f/value HTTP/1.1
User-Agent: selenium/4.1.2 (java windows)
Content-Length: 181
Content-Type: application/json; charset=utf-8
host: localhost:62507
accept: */*

Response DefaultHttpResponse(decodeResult: success, version: HTTP/1.1)
HTTP/1.1 200 OK
Content-Type: application/json; charset=utf-8
cache-control: no-cache
content-length: 14

20:32:14.461 [AsyncHttpClient-1-8] DEBUG org.asynchttpclient.netty.channel.ChannelManager - Adding key: http://localhost:62507 for channel [id: 0xfafd64fd, L:/127.0.0.1:49488 - R:localhost/127.0.0.1:62507]
20:32:14.469 [Forwarding findElement on session 1dcc86fdd5c5d59b7137cf60ea06e4b8 to remote] DEBUG org.asynchttpclient.netty.request.NettyRequestSender - Using pooled Channel '[id: 0xfafd64fd, L:/127.0.0.1:49488 - R:localhost/127.0.0.1:62507]' for 'POST' to 'http://localhost:62507/session/1dcc86fdd5c5d59b7137cf60ea06e4b8/element'
20:32:14.469 [Forwarding findElement on session 1dcc86fdd5c5d59b7137cf60ea06e4b8 to remote] DEBUG org.asynchttpclient.netty.request.NettyRequestSender - Using open Channel [id: 0xfafd64fd, L:/127.0.0.1:49488 - R:localhost/127.0.0.1:62507] for POST '/session/1dcc86fdd5c5d59b7137cf60ea06e4b8/element'
20:32:14.501 [AsyncHttpClient-1-8] DEBUG org.asynchttpclient.netty.handler.HttpHandler - 

Request DefaultHttpRequest(decodeResult: success, version: HTTP/1.1)
POST /session/1dcc86fdd5c5d59b7137cf60ea06e4b8/element HTTP/1.1
User-Agent: selenium/4.1.2 (java windows)
Content-Length: 66
Content-Type: application/json; charset=utf-8
host: localhost:62507
accept: */*

Response DefaultHttpResponse(decodeResult: success, version: HTTP/1.1)
HTTP/1.1 200 OK
Content-Type: application/json; charset=utf-8
cache-control: no-cache
content-length: 88

20:32:14.501 [AsyncHttpClient-1-8] DEBUG org.asynchttpclient.netty.channel.ChannelManager - Adding key: http://localhost:62507 for channel [id: 0xfafd64fd, L:/127.0.0.1:49488 - R:localhost/127.0.0.1:62507]
20:32:14.501 [Forwarding sendKeysToElement on session 1dcc86fdd5c5d59b7137cf60ea06e4b8 to remote] DEBUG org.asynchttpclient.netty.request.NettyRequestSender - Using pooled Channel '[id: 0xfafd64fd, L:/127.0.0.1:49488 - R:localhost/127.0.0.1:62507]' for 'POST' to 'http://localhost:62507/session/1dcc86fdd5c5d59b7137cf60ea06e4b8/element/8c5e1e08-3cd9-4c08-97ef-6b53bd650072/value'
20:32:14.501 [Forwarding sendKeysToElement on session 1dcc86fdd5c5d59b7137cf60ea06e4b8 to remote] DEBUG org.asynchttpclient.netty.request.NettyRequestSender - Using open Channel [id: 0xfafd64fd, L:/127.0.0.1:49488 - R:localhost/127.0.0.1:62507] for POST '/session/1dcc86fdd5c5d59b7137cf60ea06e4b8/element/8c5e1e08-3cd9-4c08-97ef-6b53bd650072/value'
20:32:14.613 [AsyncHttpClient-1-8] DEBUG org.asynchttpclient.netty.handler.HttpHandler - 

Request DefaultHttpRequest(decodeResult: success, version: HTTP/1.1)
POST /session/1dcc86fdd5c5d59b7137cf60ea06e4b8/element/8c5e1e08-3cd9-4c08-97ef-6b53bd650072/value HTTP/1.1
User-Agent: selenium/4.1.2 (java windows)
Content-Length: 82
Content-Type: application/json; charset=utf-8
host: localhost:62507
accept: */*

Response DefaultHttpResponse(decodeResult: success, version: HTTP/1.1)
HTTP/1.1 200 OK
Content-Type: application/json; charset=utf-8
cache-control: no-cache
content-length: 14

20:32:14.613 [AsyncHttpClient-1-8] DEBUG org.asynchttpclient.netty.channel.ChannelManager - Adding key: http://localhost:62507 for channel [id: 0xfafd64fd, L:/127.0.0.1:49488 - R:localhost/127.0.0.1:62507]
20:32:14.621 [Forwarding findElement on session 1dcc86fdd5c5d59b7137cf60ea06e4b8 to remote] DEBUG org.asynchttpclient.netty.request.NettyRequestSender - Using pooled Channel '[id: 0xfafd64fd, L:/127.0.0.1:49488 - R:localhost/127.0.0.1:62507]' for 'POST' to 'http://localhost:62507/session/1dcc86fdd5c5d59b7137cf60ea06e4b8/element'
20:32:14.621 [Forwarding findElement on session 1dcc86fdd5c5d59b7137cf60ea06e4b8 to remote] DEBUG org.asynchttpclient.netty.request.NettyRequestSender - Using open Channel [id: 0xfafd64fd, L:/127.0.0.1:49488 - R:localhost/127.0.0.1:62507] for POST '/session/1dcc86fdd5c5d59b7137cf60ea06e4b8/element'
20:32:14.669 [AsyncHttpClient-1-8] DEBUG org.asynchttpclient.netty.handler.HttpHandler - 

Request DefaultHttpRequest(decodeResult: success, version: HTTP/1.1)
POST /session/1dcc86fdd5c5d59b7137cf60ea06e4b8/element HTTP/1.1
User-Agent: selenium/4.1.2 (java windows)
Content-Length: 66
Content-Type: application/json; charset=utf-8
host: localhost:62507
accept: */*

Response DefaultHttpResponse(decodeResult: success, version: HTTP/1.1)
HTTP/1.1 200 OK
Content-Type: application/json; charset=utf-8
cache-control: no-cache
content-length: 88

20:32:14.669 [AsyncHttpClient-1-8] DEBUG org.asynchttpclient.netty.channel.ChannelManager - Adding key: http://localhost:62507 for channel [id: 0xfafd64fd, L:/127.0.0.1:49488 - R:localhost/127.0.0.1:62507]
20:32:14.677 [Forwarding sendKeysToElement on session 1dcc86fdd5c5d59b7137cf60ea06e4b8 to remote] DEBUG org.asynchttpclient.netty.request.NettyRequestSender - Using pooled Channel '[id: 0xfafd64fd, L:/127.0.0.1:49488 - R:localhost/127.0.0.1:62507]' for 'POST' to 'http://localhost:62507/session/1dcc86fdd5c5d59b7137cf60ea06e4b8/element/c914e403-befe-4b7b-b4dd-6e8f51770665/value'
20:32:14.677 [Forwarding sendKeysToElement on session 1dcc86fdd5c5d59b7137cf60ea06e4b8 to remote] DEBUG org.asynchttpclient.netty.request.NettyRequestSender - Using open Channel [id: 0xfafd64fd, L:/127.0.0.1:49488 - R:localhost/127.0.0.1:62507] for POST '/session/1dcc86fdd5c5d59b7137cf60ea06e4b8/element/c914e403-befe-4b7b-b4dd-6e8f51770665/value'
20:32:14.797 [AsyncHttpClient-1-1] DEBUG org.asynchttpclient.netty.channel.DefaultChannelPool - Entry count for : http://localhost:49489 : 1
20:32:15.182 [AsyncHttpClient-1-8] DEBUG org.asynchttpclient.netty.handler.HttpHandler - 

Request DefaultHttpRequest(decodeResult: success, version: HTTP/1.1)
POST /session/1dcc86fdd5c5d59b7137cf60ea06e4b8/element/c914e403-befe-4b7b-b4dd-6e8f51770665/value HTTP/1.1
User-Agent: selenium/4.1.2 (java windows)
Content-Length: 191
Content-Type: application/json; charset=utf-8
host: localhost:62507
accept: */*

Response DefaultHttpResponse(decodeResult: success, version: HTTP/1.1)
HTTP/1.1 200 OK
Content-Type: application/json; charset=utf-8
cache-control: no-cache
content-length: 14

20:32:15.182 [AsyncHttpClient-1-8] DEBUG org.asynchttpclient.netty.channel.ChannelManager - Adding key: http://localhost:62507 for channel [id: 0xfafd64fd, L:/127.0.0.1:49488 - R:localhost/127.0.0.1:62507]
20:32:15.189 [Forwarding findElement on session 1dcc86fdd5c5d59b7137cf60ea06e4b8 to remote] DEBUG org.asynchttpclient.netty.request.NettyRequestSender - Using pooled Channel '[id: 0xfafd64fd, L:/127.0.0.1:49488 - R:localhost/127.0.0.1:62507]' for 'POST' to 'http://localhost:62507/session/1dcc86fdd5c5d59b7137cf60ea06e4b8/element'
20:32:15.189 [Forwarding findElement on session 1dcc86fdd5c5d59b7137cf60ea06e4b8 to remote] DEBUG org.asynchttpclient.netty.request.NettyRequestSender - Using open Channel [id: 0xfafd64fd, L:/127.0.0.1:49488 - R:localhost/127.0.0.1:62507] for POST '/session/1dcc86fdd5c5d59b7137cf60ea06e4b8/element'
20:32:15.213 [AsyncHttpClient-1-8] DEBUG org.asynchttpclient.netty.handler.HttpHandler - 

Request DefaultHttpRequest(decodeResult: success, version: HTTP/1.1)
POST /session/1dcc86fdd5c5d59b7137cf60ea06e4b8/element HTTP/1.1
User-Agent: selenium/4.1.2 (java windows)
Content-Length: 68
Content-Type: application/json; charset=utf-8
host: localhost:62507
accept: */*

Response DefaultHttpResponse(decodeResult: success, version: HTTP/1.1)
HTTP/1.1 200 OK
Content-Type: application/json; charset=utf-8
cache-control: no-cache
content-length: 88

20:32:15.213 [AsyncHttpClient-1-8] DEBUG org.asynchttpclient.netty.channel.ChannelManager - Adding key: http://localhost:62507 for channel [id: 0xfafd64fd, L:/127.0.0.1:49488 - R:localhost/127.0.0.1:62507]
20:32:15.213 [Forwarding sendKeysToElement on session 1dcc86fdd5c5d59b7137cf60ea06e4b8 to remote] DEBUG org.asynchttpclient.netty.request.NettyRequestSender - Using pooled Channel '[id: 0xfafd64fd, L:/127.0.0.1:49488 - R:localhost/127.0.0.1:62507]' for 'POST' to 'http://localhost:62507/session/1dcc86fdd5c5d59b7137cf60ea06e4b8/element/9b643a0f-a2d7-461e-8938-ff00bd334b0e/value'
20:32:15.213 [Forwarding sendKeysToElement on session 1dcc86fdd5c5d59b7137cf60ea06e4b8 to remote] DEBUG org.asynchttpclient.netty.request.NettyRequestSender - Using open Channel [id: 0xfafd64fd, L:/127.0.0.1:49488 - R:localhost/127.0.0.1:62507] for POST '/session/1dcc86fdd5c5d59b7137cf60ea06e4b8/element/9b643a0f-a2d7-461e-8938-ff00bd334b0e/value'
20:32:15.732 [AsyncHttpClient-1-8] DEBUG org.asynchttpclient.netty.handler.HttpHandler - 

Request DefaultHttpRequest(decodeResult: success, version: HTTP/1.1)
POST /session/1dcc86fdd5c5d59b7137cf60ea06e4b8/element/9b643a0f-a2d7-461e-8938-ff00bd334b0e/value HTTP/1.1
User-Agent: selenium/4.1.2 (java windows)
Content-Length: 171
Content-Type: application/json; charset=utf-8
host: localhost:62507
accept: */*

Response DefaultHttpResponse(decodeResult: success, version: HTTP/1.1)
HTTP/1.1 200 OK
Content-Type: application/json; charset=utf-8
cache-control: no-cache
content-length: 14

20:32:15.732 [AsyncHttpClient-1-8] DEBUG org.asynchttpclient.netty.channel.ChannelManager - Adding key: http://localhost:62507 for channel [id: 0xfafd64fd, L:/127.0.0.1:49488 - R:localhost/127.0.0.1:62507]
20:32:15.748 [Forwarding screenshot on session 1dcc86fdd5c5d59b7137cf60ea06e4b8 to remote] DEBUG org.asynchttpclient.netty.request.NettyRequestSender - Using pooled Channel '[id: 0xfafd64fd, L:/127.0.0.1:49488 - R:localhost/127.0.0.1:62507]' for 'GET' to 'http://localhost:62507/session/1dcc86fdd5c5d59b7137cf60ea06e4b8/screenshot'
20:32:15.748 [Forwarding screenshot on session 1dcc86fdd5c5d59b7137cf60ea06e4b8 to remote] DEBUG org.asynchttpclient.netty.request.NettyRequestSender - Using open Channel [id: 0xfafd64fd, L:/127.0.0.1:49488 - R:localhost/127.0.0.1:62507] for GET '/session/1dcc86fdd5c5d59b7137cf60ea06e4b8/screenshot'
20:32:15.891 [AsyncHttpClient-1-1] DEBUG org.asynchttpclient.netty.channel.DefaultChannelPool - Entry count for : http://localhost:49489 : 1
20:32:16.235 [AsyncHttpClient-1-8] DEBUG org.asynchttpclient.netty.handler.HttpHandler - 

Request DefaultFullHttpRequest(decodeResult: success, version: HTTP/1.1, content: EmptyByteBufBE)
GET /session/1dcc86fdd5c5d59b7137cf60ea06e4b8/screenshot HTTP/1.1
User-Agent: selenium/4.1.2 (java windows)
Cache-Control: no-cache
Content-Type: application/json; charset=utf-8
host: localhost:62507
accept: */*

Response DefaultHttpResponse(decodeResult: success, version: HTTP/1.1)
HTTP/1.1 200 OK
Content-Type: application/json; charset=utf-8
cache-control: no-cache
content-length: 405124

20:32:16.243 [AsyncHttpClient-1-8] DEBUG org.asynchttpclient.netty.channel.ChannelManager - Adding key: http://localhost:62507 for channel [id: 0xfafd64fd, L:/127.0.0.1:49488 - R:localhost/127.0.0.1:62507]
20:32:16.283 [main] DEBUG net.serenitybdd.core.photography.Darkroom - Send negative for processing for target\site\serenity\2488809b06ea196d5c69707a7d4f8dccd2593f9c275a9ff06684828d14e35f9a.png
20:32:16.283 [main] DEBUG net.thucydides.core.steps.StepInterceptor - STEP DONE: inputDataPasien
  &amp#27;[32mThen &amp#27;[0m&amp#27;[32mI input &amp#27;[0m&amp#27;[32m&amp#27;[1m"Bagas"&amp#27;[0m&amp#27;[32m &amp#27;[0m&amp#27;[32m&amp#27;[1m"1234479680"&amp#27;[0m&amp#27;[32m &amp#27;[0m&amp#27;[32m&amp#27;[1m""&amp#27;[0m&amp#27;[32m &amp#27;[0m&amp#27;[32m&amp#27;[1m"01294657612"&amp#27;[0m&amp#27;[32m &amp#27;[0m&amp#27;[32m&amp#27;[1m"perumahan"&amp#27;[0m&amp#27;[32m patient&amp#27;[0m &amp#27;[90m# starter.stepdefinitios.PatientDataSteps.iInput(java.lang.String,java.lang.String,java.lang.String,java.lang.String,java.lang.String)&amp#27;[0m
20:32:16.283 [Darkroom Processing Line] DEBUG net.serenitybdd.core.photography.DarkroomProcessingLine - Processing screenshot image in /var/screenshots/screenshot-8110084173381072601
20:32:16.283 [Darkroom Processing Line] DEBUG net.serenitybdd.core.photography.DarkroomProcessingLine - Saving screenshot to target\site\serenity\2488809b06ea196d5c69707a7d4f8dccd2593f9c275a9ff06684828d14e35f9a.png
20:32:16.395 [Forwarding screenshot on session 1dcc86fdd5c5d59b7137cf60ea06e4b8 to remote] DEBUG org.asynchttpclient.netty.request.NettyRequestSender - Using pooled Channel '[id: 0xfafd64fd, L:/127.0.0.1:49488 - R:localhost/127.0.0.1:62507]' for 'GET' to 'http://localhost:62507/session/1dcc86fdd5c5d59b7137cf60ea06e4b8/screenshot'
20:32:16.395 [Forwarding screenshot on session 1dcc86fdd5c5d59b7137cf60ea06e4b8 to remote] DEBUG org.asynchttpclient.netty.request.NettyRequestSender - Using open Channel [id: 0xfafd64fd, L:/127.0.0.1:49488 - R:localhost/127.0.0.1:62507] for GET '/session/1dcc86fdd5c5d59b7137cf60ea06e4b8/screenshot'
20:32:16.914 [AsyncHttpClient-1-8] DEBUG org.asynchttpclient.netty.handler.HttpHandler - 

Request DefaultFullHttpRequest(decodeResult: success, version: HTTP/1.1, content: EmptyByteBufBE)
GET /session/1dcc86fdd5c5d59b7137cf60ea06e4b8/screenshot HTTP/1.1
User-Agent: selenium/4.1.2 (java windows)
Cache-Control: no-cache
Content-Type: application/json; charset=utf-8
host: localhost:62507
accept: */*

Response DefaultHttpResponse(decodeResult: success, version: HTTP/1.1)
HTTP/1.1 200 OK
Content-Type: application/json; charset=utf-8
cache-control: no-cache
content-length: 405100

20:32:16.922 [AsyncHttpClient-1-8] DEBUG org.asynchttpclient.netty.channel.ChannelManager - Adding key: http://localhost:62507 for channel [id: 0xfafd64fd, L:/127.0.0.1:49488 - R:localhost/127.0.0.1:62507]
20:32:16.962 [main] DEBUG net.serenitybdd.core.photography.Darkroom - Send negative for processing for target\site\serenity\7bbf42a311000eabd257c105acdf3df2b886f14b42088b9c780be2ee7ddf1357.png
20:32:16.962 [main] DEBUG net.thucydides.core.steps.StepInterceptor - STARTING STEP: PatientDataSteps.iClickButtonJenisKelamin - clickLaki
20:32:16.962 [Darkroom Processing Line] DEBUG net.serenitybdd.core.photography.DarkroomProcessingLine - Processing screenshot image in /var/screenshots/screenshot-11100170389232279107
20:32:16.962 [Darkroom Processing Line] DEBUG net.serenitybdd.core.photography.DarkroomProcessingLine - Saving screenshot to target\site\serenity\7bbf42a311000eabd257c105acdf3df2b886f14b42088b9c780be2ee7ddf1357.png
20:32:16.978 [Forwarding findElement on session 1dcc86fdd5c5d59b7137cf60ea06e4b8 to remote] DEBUG org.asynchttpclient.netty.request.NettyRequestSender - Using pooled Channel '[id: 0xfafd64fd, L:/127.0.0.1:49488 - R:localhost/127.0.0.1:62507]' for 'POST' to 'http://localhost:62507/session/1dcc86fdd5c5d59b7137cf60ea06e4b8/element'
20:32:16.978 [Forwarding findElement on session 1dcc86fdd5c5d59b7137cf60ea06e4b8 to remote] DEBUG org.asynchttpclient.netty.request.NettyRequestSender - Using open Channel [id: 0xfafd64fd, L:/127.0.0.1:49488 - R:localhost/127.0.0.1:62507] for POST '/session/1dcc86fdd5c5d59b7137cf60ea06e4b8/element'
20:32:16.994 [AsyncHttpClient-1-1] DEBUG org.asynchttpclient.netty.channel.DefaultChannelPool - Entry count for : http://localhost:49489 : 1
20:32:17.026 [AsyncHttpClient-1-8] DEBUG org.asynchttpclient.netty.handler.HttpHandler - 

Request DefaultHttpRequest(decodeResult: success, version: HTTP/1.1)
POST /session/1dcc86fdd5c5d59b7137cf60ea06e4b8/element HTTP/1.1
User-Agent: selenium/4.1.2 (java windows)
Content-Length: 179
Content-Type: application/json; charset=utf-8
host: localhost:62507
accept: */*

Response DefaultHttpResponse(decodeResult: success, version: HTTP/1.1)
HTTP/1.1 200 OK
Content-Type: application/json; charset=utf-8
cache-control: no-cache
content-length: 88

20:32:17.026 [AsyncHttpClient-1-8] DEBUG org.asynchttpclient.netty.channel.ChannelManager - Adding key: http://localhost:62507 for channel [id: 0xfafd64fd, L:/127.0.0.1:49488 - R:localhost/127.0.0.1:62507]
20:32:17.034 [Forwarding getElementTagName on session 1dcc86fdd5c5d59b7137cf60ea06e4b8 to remote] DEBUG org.asynchttpclient.netty.request.NettyRequestSender - Using pooled Channel '[id: 0xfafd64fd, L:/127.0.0.1:49488 - R:localhost/127.0.0.1:62507]' for 'GET' to 'http://localhost:62507/session/1dcc86fdd5c5d59b7137cf60ea06e4b8/element/c516172d-fc3b-4369-9c02-4d3d66b3ed58/name'
20:32:17.034 [Forwarding getElementTagName on session 1dcc86fdd5c5d59b7137cf60ea06e4b8 to remote] DEBUG org.asynchttpclient.netty.request.NettyRequestSender - Using open Channel [id: 0xfafd64fd, L:/127.0.0.1:49488 - R:localhost/127.0.0.1:62507] for GET '/session/1dcc86fdd5c5d59b7137cf60ea06e4b8/element/c516172d-fc3b-4369-9c02-4d3d66b3ed58/name'
20:32:17.074 [AsyncHttpClient-1-8] DEBUG org.asynchttpclient.netty.handler.HttpHandler - 

Request DefaultFullHttpRequest(decodeResult: success, version: HTTP/1.1, content: EmptyByteBufBE)
GET /session/1dcc86fdd5c5d59b7137cf60ea06e4b8/element/c516172d-fc3b-4369-9c02-4d3d66b3ed58/name HTTP/1.1
User-Agent: selenium/4.1.2 (java windows)
Cache-Control: no-cache
Content-Type: application/json; charset=utf-8
host: localhost:62507
accept: */*

Response DefaultHttpResponse(decodeResult: success, version: HTTP/1.1)
HTTP/1.1 200 OK
Content-Type: application/json; charset=utf-8
cache-control: no-cache
content-length: 16

20:32:17.074 [AsyncHttpClient-1-8] DEBUG org.asynchttpclient.netty.channel.ChannelManager - Adding key: http://localhost:62507 for channel [id: 0xfafd64fd, L:/127.0.0.1:49488 - R:localhost/127.0.0.1:62507]
20:32:17.082 [Forwarding getElementTagName on session 1dcc86fdd5c5d59b7137cf60ea06e4b8 to remote] DEBUG org.asynchttpclient.netty.request.NettyRequestSender - Using pooled Channel '[id: 0xfafd64fd, L:/127.0.0.1:49488 - R:localhost/127.0.0.1:62507]' for 'GET' to 'http://localhost:62507/session/1dcc86fdd5c5d59b7137cf60ea06e4b8/element/c516172d-fc3b-4369-9c02-4d3d66b3ed58/name'
20:32:17.082 [Forwarding getElementTagName on session 1dcc86fdd5c5d59b7137cf60ea06e4b8 to remote] DEBUG org.asynchttpclient.netty.request.NettyRequestSender - Using open Channel [id: 0xfafd64fd, L:/127.0.0.1:49488 - R:localhost/127.0.0.1:62507] for GET '/session/1dcc86fdd5c5d59b7137cf60ea06e4b8/element/c516172d-fc3b-4369-9c02-4d3d66b3ed58/name'
20:32:17.098 [AsyncHttpClient-1-8] DEBUG org.asynchttpclient.netty.handler.HttpHandler - 

Request DefaultFullHttpRequest(decodeResult: success, version: HTTP/1.1, content: EmptyByteBufBE)
GET /session/1dcc86fdd5c5d59b7137cf60ea06e4b8/element/c516172d-fc3b-4369-9c02-4d3d66b3ed58/name HTTP/1.1
User-Agent: selenium/4.1.2 (java windows)
Cache-Control: no-cache
Content-Type: application/json; charset=utf-8
host: localhost:62507
accept: */*

Response DefaultHttpResponse(decodeResult: success, version: HTTP/1.1)
HTTP/1.1 200 OK
Content-Type: application/json; charset=utf-8
cache-control: no-cache
content-length: 16

20:32:17.098 [AsyncHttpClient-1-8] DEBUG org.asynchttpclient.netty.channel.ChannelManager - Adding key: http://localhost:62507 for channel [id: 0xfafd64fd, L:/127.0.0.1:49488 - R:localhost/127.0.0.1:62507]
20:32:17.138 [Forwarding findElement on session 1dcc86fdd5c5d59b7137cf60ea06e4b8 to remote] DEBUG org.asynchttpclient.netty.request.NettyRequestSender - Using pooled Channel '[id: 0xfafd64fd, L:/127.0.0.1:49488 - R:localhost/127.0.0.1:62507]' for 'POST' to 'http://localhost:62507/session/1dcc86fdd5c5d59b7137cf60ea06e4b8/element'
20:32:17.138 [Forwarding findElement on session 1dcc86fdd5c5d59b7137cf60ea06e4b8 to remote] DEBUG org.asynchttpclient.netty.request.NettyRequestSender - Using open Channel [id: 0xfafd64fd, L:/127.0.0.1:49488 - R:localhost/127.0.0.1:62507] for POST '/session/1dcc86fdd5c5d59b7137cf60ea06e4b8/element'
20:32:17.162 [AsyncHttpClient-1-8] DEBUG org.asynchttpclient.netty.handler.HttpHandler - 

Request DefaultHttpRequest(decodeResult: success, version: HTTP/1.1)
POST /session/1dcc86fdd5c5d59b7137cf60ea06e4b8/element HTTP/1.1
User-Agent: selenium/4.1.2 (java windows)
Content-Length: 179
Content-Type: application/json; charset=utf-8
host: localhost:62507
accept: */*

Response DefaultHttpResponse(decodeResult: success, version: HTTP/1.1)
HTTP/1.1 200 OK
Content-Type: application/json; charset=utf-8
cache-control: no-cache
content-length: 88

20:32:17.162 [AsyncHttpClient-1-8] DEBUG org.asynchttpclient.netty.channel.ChannelManager - Adding key: http://localhost:62507 for channel [id: 0xfafd64fd, L:/127.0.0.1:49488 - R:localhost/127.0.0.1:62507]
20:32:17.194 [Forwarding clickElement on session 1dcc86fdd5c5d59b7137cf60ea06e4b8 to remote] DEBUG org.asynchttpclient.netty.request.NettyRequestSender - Using pooled Channel '[id: 0xfafd64fd, L:/127.0.0.1:49488 - R:localhost/127.0.0.1:62507]' for 'POST' to 'http://localhost:62507/session/1dcc86fdd5c5d59b7137cf60ea06e4b8/element/c516172d-fc3b-4369-9c02-4d3d66b3ed58/click'
20:32:17.194 [Forwarding clickElement on session 1dcc86fdd5c5d59b7137cf60ea06e4b8 to remote] DEBUG org.asynchttpclient.netty.request.NettyRequestSender - Using open Channel [id: 0xfafd64fd, L:/127.0.0.1:49488 - R:localhost/127.0.0.1:62507] for POST '/session/1dcc86fdd5c5d59b7137cf60ea06e4b8/element/c516172d-fc3b-4369-9c02-4d3d66b3ed58/click'
20:32:17.431 [AsyncHttpClient-1-8] DEBUG org.asynchttpclient.netty.handler.HttpHandler - 

Request DefaultHttpRequest(decodeResult: success, version: HTTP/1.1)
POST /session/1dcc86fdd5c5d59b7137cf60ea06e4b8/element/c516172d-fc3b-4369-9c02-4d3d66b3ed58/click HTTP/1.1
User-Agent: selenium/4.1.2 (java windows)
Content-Length: 50
Content-Type: application/json; charset=utf-8
host: localhost:62507
accept: */*

Response DefaultHttpResponse(decodeResult: success, version: HTTP/1.1)
HTTP/1.1 200 OK
Content-Type: application/json; charset=utf-8
cache-control: no-cache
content-length: 14

20:32:17.431 [AsyncHttpClient-1-8] DEBUG org.asynchttpclient.netty.channel.ChannelManager - Adding key: http://localhost:62507 for channel [id: 0xfafd64fd, L:/127.0.0.1:49488 - R:localhost/127.0.0.1:62507]
20:32:17.503 [Forwarding screenshot on session 1dcc86fdd5c5d59b7137cf60ea06e4b8 to remote] DEBUG org.asynchttpclient.netty.request.NettyRequestSender - Using pooled Channel '[id: 0xfafd64fd, L:/127.0.0.1:49488 - R:localhost/127.0.0.1:62507]' for 'GET' to 'http://localhost:62507/session/1dcc86fdd5c5d59b7137cf60ea06e4b8/screenshot'
20:32:17.503 [Forwarding screenshot on session 1dcc86fdd5c5d59b7137cf60ea06e4b8 to remote] DEBUG org.asynchttpclient.netty.request.NettyRequestSender - Using open Channel [id: 0xfafd64fd, L:/127.0.0.1:49488 - R:localhost/127.0.0.1:62507] for GET '/session/1dcc86fdd5c5d59b7137cf60ea06e4b8/screenshot'
20:32:18.095 [AsyncHttpClient-1-1] DEBUG org.asynchttpclient.netty.channel.DefaultChannelPool - Entry count for : http://localhost:49489 : 1
20:32:18.344 [AsyncHttpClient-1-8] DEBUG org.asynchttpclient.netty.handler.HttpHandler - 

Request DefaultFullHttpRequest(decodeResult: success, version: HTTP/1.1, content: EmptyByteBufBE)
GET /session/1dcc86fdd5c5d59b7137cf60ea06e4b8/screenshot HTTP/1.1
User-Agent: selenium/4.1.2 (java windows)
Cache-Control: no-cache
Content-Type: application/json; charset=utf-8
host: localhost:62507
accept: */*

Response DefaultHttpResponse(decodeResult: success, version: HTTP/1.1)
HTTP/1.1 200 OK
Content-Type: application/json; charset=utf-8
cache-control: no-cache
content-length: 407096

20:32:18.352 [AsyncHttpClient-1-8] DEBUG org.asynchttpclient.netty.channel.ChannelManager - Adding key: http://localhost:62507 for channel [id: 0xfafd64fd, L:/127.0.0.1:49488 - R:localhost/127.0.0.1:62507]
20:32:18.407 [main] DEBUG net.serenitybdd.core.photography.Darkroom - Send negative for processing for target\site\serenity\476e6715424d4b7b07d0897a2441d5b8b7b119463df2349e7e224fd00deec6a2.png
20:32:18.417 [main] DEBUG net.thucydides.core.steps.StepInterceptor - STEP DONE: clickLaki
  &amp#27;[32mAnd &amp#27;[0m&amp#27;[32mI click button jenis kelamin patient&amp#27;[0m                               &amp#27;[90m# starter.stepdefinitios.PatientDataSteps.iClickButtonJenisKelamin()&amp#27;[0m
20:32:18.417 [Darkroom Processing Line] DEBUG net.serenitybdd.core.photography.DarkroomProcessingLine - Processing screenshot image in /var/screenshots/screenshot-897269439696013534
20:32:18.417 [Darkroom Processing Line] DEBUG net.serenitybdd.core.photography.DarkroomProcessingLine - Saving screenshot to target\site\serenity\476e6715424d4b7b07d0897a2441d5b8b7b119463df2349e7e224fd00deec6a2.png
20:32:18.480 [Forwarding screenshot on session 1dcc86fdd5c5d59b7137cf60ea06e4b8 to remote] DEBUG org.asynchttpclient.netty.request.NettyRequestSender - Using pooled Channel '[id: 0xfafd64fd, L:/127.0.0.1:49488 - R:localhost/127.0.0.1:62507]' for 'GET' to 'http://localhost:62507/session/1dcc86fdd5c5d59b7137cf60ea06e4b8/screenshot'
20:32:18.480 [Forwarding screenshot on session 1dcc86fdd5c5d59b7137cf60ea06e4b8 to remote] DEBUG org.asynchttpclient.netty.request.NettyRequestSender - Using open Channel [id: 0xfafd64fd, L:/127.0.0.1:49488 - R:localhost/127.0.0.1:62507] for GET '/session/1dcc86fdd5c5d59b7137cf60ea06e4b8/screenshot'
20:32:19.202 [AsyncHttpClient-1-1] DEBUG org.asynchttpclient.netty.channel.DefaultChannelPool - Entry count for : http://localhost:49489 : 1
20:32:19.225 [AsyncHttpClient-1-8] DEBUG org.asynchttpclient.netty.handler.HttpHandler - 

Request DefaultFullHttpRequest(decodeResult: success, version: HTTP/1.1, content: EmptyByteBufBE)
GET /session/1dcc86fdd5c5d59b7137cf60ea06e4b8/screenshot HTTP/1.1
User-Agent: selenium/4.1.2 (java windows)
Cache-Control: no-cache
Content-Type: application/json; charset=utf-8
host: localhost:62507
accept: */*

Response DefaultHttpResponse(decodeResult: success, version: HTTP/1.1)
HTTP/1.1 200 OK
Content-Type: application/json; charset=utf-8
cache-control: no-cache
content-length: 406544

20:32:19.233 [AsyncHttpClient-1-8] DEBUG org.asynchttpclient.netty.channel.ChannelManager - Adding key: http://localhost:62507 for channel [id: 0xfafd64fd, L:/127.0.0.1:49488 - R:localhost/127.0.0.1:62507]
20:32:19.312 [main] DEBUG net.serenitybdd.core.photography.Darkroom - Send negative for processing for target\site\serenity\c20d49e3569f68048b6445e5688ead9455a5a0c4c8110d4e2063fee9657d57a1.png
20:32:19.371 [Forwarding screenshot on session 1dcc86fdd5c5d59b7137cf60ea06e4b8 to remote] DEBUG org.asynchttpclient.netty.request.NettyRequestSender - Using pooled Channel '[id: 0xfafd64fd, L:/127.0.0.1:49488 - R:localhost/127.0.0.1:62507]' for 'GET' to 'http://localhost:62507/session/1dcc86fdd5c5d59b7137cf60ea06e4b8/screenshot'
20:32:19.371 [Forwarding screenshot on session 1dcc86fdd5c5d59b7137cf60ea06e4b8 to remote] DEBUG org.asynchttpclient.netty.request.NettyRequestSender - Using open Channel [id: 0xfafd64fd, L:/127.0.0.1:49488 - R:localhost/127.0.0.1:62507] for GET '/session/1dcc86fdd5c5d59b7137cf60ea06e4b8/screenshot'
20:32:19.517 [Darkroom Processing Line] DEBUG net.serenitybdd.core.photography.DarkroomProcessingLine - Processing screenshot image in /var/screenshots/screenshot-3644479639482588297
20:32:19.517 [Darkroom Processing Line] DEBUG net.serenitybdd.core.photography.DarkroomProcessingLine - Saving screenshot to target\site\serenity\c20d49e3569f68048b6445e5688ead9455a5a0c4c8110d4e2063fee9657d57a1.png
20:32:19.894 [AsyncHttpClient-1-8] DEBUG org.asynchttpclient.netty.handler.HttpHandler - 

Request DefaultFullHttpRequest(decodeResult: success, version: HTTP/1.1, content: EmptyByteBufBE)
GET /session/1dcc86fdd5c5d59b7137cf60ea06e4b8/screenshot HTTP/1.1
User-Agent: selenium/4.1.2 (java windows)
Cache-Control: no-cache
Content-Type: application/json; charset=utf-8
host: localhost:62507
accept: */*

Response DefaultHttpResponse(decodeResult: success, version: HTTP/1.1)
HTTP/1.1 200 OK
Content-Type: application/json; charset=utf-8
cache-control: no-cache
content-length: 406544

20:32:19.894 [AsyncHttpClient-1-8] DEBUG org.asynchttpclient.netty.channel.ChannelManager - Adding key: http://localhost:62507 for channel [id: 0xfafd64fd, L:/127.0.0.1:49488 - R:localhost/127.0.0.1:62507]
20:32:19.938 [main] DEBUG net.serenitybdd.core.photography.Darkroom - Send negative for processing for target\site\serenity\c20d49e3569f68048b6445e5688ead9455a5a0c4c8110d4e2063fee9657d57a1.png
20:32:19.946 [main] DEBUG net.thucydides.core.steps.StepInterceptor - STARTING STEP: PatientDataSteps.clickButtonSimpan - clickButtonSave
20:32:19.962 [Forwarding findElement on session 1dcc86fdd5c5d59b7137cf60ea06e4b8 to remote] DEBUG org.asynchttpclient.netty.request.NettyRequestSender - Using pooled Channel '[id: 0xfafd64fd, L:/127.0.0.1:49488 - R:localhost/127.0.0.1:62507]' for 'POST' to 'http://localhost:62507/session/1dcc86fdd5c5d59b7137cf60ea06e4b8/element'
20:32:19.962 [Forwarding findElement on session 1dcc86fdd5c5d59b7137cf60ea06e4b8 to remote] DEBUG org.asynchttpclient.netty.request.NettyRequestSender - Using open Channel [id: 0xfafd64fd, L:/127.0.0.1:49488 - R:localhost/127.0.0.1:62507] for POST '/session/1dcc86fdd5c5d59b7137cf60ea06e4b8/element'
20:32:20.028 [AsyncHttpClient-1-8] DEBUG org.asynchttpclient.netty.handler.HttpHandler - 

Request DefaultHttpRequest(decodeResult: success, version: HTTP/1.1)
POST /session/1dcc86fdd5c5d59b7137cf60ea06e4b8/element HTTP/1.1
User-Agent: selenium/4.1.2 (java windows)
Content-Length: 68
Content-Type: application/json; charset=utf-8
host: localhost:62507
accept: */*

Response DefaultHttpResponse(decodeResult: success, version: HTTP/1.1)
HTTP/1.1 200 OK
Content-Type: application/json; charset=utf-8
cache-control: no-cache
content-length: 88

20:32:20.028 [AsyncHttpClient-1-8] DEBUG org.asynchttpclient.netty.channel.ChannelManager - Adding key: http://localhost:62507 for channel [id: 0xfafd64fd, L:/127.0.0.1:49488 - R:localhost/127.0.0.1:62507]
20:32:20.036 [Forwarding getElementTagName on session 1dcc86fdd5c5d59b7137cf60ea06e4b8 to remote] DEBUG org.asynchttpclient.netty.request.NettyRequestSender - Using pooled Channel '[id: 0xfafd64fd, L:/127.0.0.1:49488 - R:localhost/127.0.0.1:62507]' for 'GET' to 'http://localhost:62507/session/1dcc86fdd5c5d59b7137cf60ea06e4b8/element/232301cc-a493-4c7e-845d-e8f98c16c3d6/name'
20:32:20.036 [Forwarding getElementTagName on session 1dcc86fdd5c5d59b7137cf60ea06e4b8 to remote] DEBUG org.asynchttpclient.netty.request.NettyRequestSender - Using open Channel [id: 0xfafd64fd, L:/127.0.0.1:49488 - R:localhost/127.0.0.1:62507] for GET '/session/1dcc86fdd5c5d59b7137cf60ea06e4b8/element/232301cc-a493-4c7e-845d-e8f98c16c3d6/name'
20:32:20.060 [AsyncHttpClient-1-8] DEBUG org.asynchttpclient.netty.handler.HttpHandler - 

Request DefaultFullHttpRequest(decodeResult: success, version: HTTP/1.1, content: EmptyByteBufBE)
GET /session/1dcc86fdd5c5d59b7137cf60ea06e4b8/element/232301cc-a493-4c7e-845d-e8f98c16c3d6/name HTTP/1.1
User-Agent: selenium/4.1.2 (java windows)
Cache-Control: no-cache
Content-Type: application/json; charset=utf-8
host: localhost:62507
accept: */*

Response DefaultHttpResponse(decodeResult: success, version: HTTP/1.1)
HTTP/1.1 200 OK
Content-Type: application/json; charset=utf-8
cache-control: no-cache
content-length: 18

20:32:20.060 [AsyncHttpClient-1-8] DEBUG org.asynchttpclient.netty.channel.ChannelManager - Adding key: http://localhost:62507 for channel [id: 0xfafd64fd, L:/127.0.0.1:49488 - R:localhost/127.0.0.1:62507]
20:32:20.070 [Forwarding getElementTagName on session 1dcc86fdd5c5d59b7137cf60ea06e4b8 to remote] DEBUG org.asynchttpclient.netty.request.NettyRequestSender - Using pooled Channel '[id: 0xfafd64fd, L:/127.0.0.1:49488 - R:localhost/127.0.0.1:62507]' for 'GET' to 'http://localhost:62507/session/1dcc86fdd5c5d59b7137cf60ea06e4b8/element/232301cc-a493-4c7e-845d-e8f98c16c3d6/name'
20:32:20.070 [Forwarding getElementTagName on session 1dcc86fdd5c5d59b7137cf60ea06e4b8 to remote] DEBUG org.asynchttpclient.netty.request.NettyRequestSender - Using open Channel [id: 0xfafd64fd, L:/127.0.0.1:49488 - R:localhost/127.0.0.1:62507] for GET '/session/1dcc86fdd5c5d59b7137cf60ea06e4b8/element/232301cc-a493-4c7e-845d-e8f98c16c3d6/name'
20:32:20.157 [AsyncHttpClient-1-8] DEBUG org.asynchttpclient.netty.handler.HttpHandler - 

Request DefaultFullHttpRequest(decodeResult: success, version: HTTP/1.1, content: EmptyByteBufBE)
GET /session/1dcc86fdd5c5d59b7137cf60ea06e4b8/element/232301cc-a493-4c7e-845d-e8f98c16c3d6/name HTTP/1.1
User-Agent: selenium/4.1.2 (java windows)
Cache-Control: no-cache
Content-Type: application/json; charset=utf-8
host: localhost:62507
accept: */*

Response DefaultHttpResponse(decodeResult: success, version: HTTP/1.1)
HTTP/1.1 200 OK
Content-Type: application/json; charset=utf-8
cache-control: no-cache
content-length: 18

20:32:20.157 [AsyncHttpClient-1-8] DEBUG org.asynchttpclient.netty.channel.ChannelManager - Adding key: http://localhost:62507 for channel [id: 0xfafd64fd, L:/127.0.0.1:49488 - R:localhost/127.0.0.1:62507]
20:32:20.157 [Forwarding isElementEnabled on session 1dcc86fdd5c5d59b7137cf60ea06e4b8 to remote] DEBUG org.asynchttpclient.netty.request.NettyRequestSender - Using pooled Channel '[id: 0xfafd64fd, L:/127.0.0.1:49488 - R:localhost/127.0.0.1:62507]' for 'GET' to 'http://localhost:62507/session/1dcc86fdd5c5d59b7137cf60ea06e4b8/element/232301cc-a493-4c7e-845d-e8f98c16c3d6/enabled'
20:32:20.165 [Forwarding isElementEnabled on session 1dcc86fdd5c5d59b7137cf60ea06e4b8 to remote] DEBUG org.asynchttpclient.netty.request.NettyRequestSender - Using open Channel [id: 0xfafd64fd, L:/127.0.0.1:49488 - R:localhost/127.0.0.1:62507] for GET '/session/1dcc86fdd5c5d59b7137cf60ea06e4b8/element/232301cc-a493-4c7e-845d-e8f98c16c3d6/enabled'
20:32:20.237 [AsyncHttpClient-1-8] DEBUG org.asynchttpclient.netty.handler.HttpHandler - 

Request DefaultFullHttpRequest(decodeResult: success, version: HTTP/1.1, content: EmptyByteBufBE)
GET /session/1dcc86fdd5c5d59b7137cf60ea06e4b8/element/232301cc-a493-4c7e-845d-e8f98c16c3d6/enabled HTTP/1.1
User-Agent: selenium/4.1.2 (java windows)
Cache-Control: no-cache
Content-Type: application/json; charset=utf-8
host: localhost:62507
accept: */*

Response DefaultHttpResponse(decodeResult: success, version: HTTP/1.1)
HTTP/1.1 200 OK
Content-Type: application/json; charset=utf-8
cache-control: no-cache
content-length: 14

20:32:20.237 [AsyncHttpClient-1-8] DEBUG org.asynchttpclient.netty.channel.ChannelManager - Adding key: http://localhost:62507 for channel [id: 0xfafd64fd, L:/127.0.0.1:49488 - R:localhost/127.0.0.1:62507]
20:32:20.245 [Forwarding isElementEnabled on session 1dcc86fdd5c5d59b7137cf60ea06e4b8 to remote] DEBUG org.asynchttpclient.netty.request.NettyRequestSender - Using pooled Channel '[id: 0xfafd64fd, L:/127.0.0.1:49488 - R:localhost/127.0.0.1:62507]' for 'GET' to 'http://localhost:62507/session/1dcc86fdd5c5d59b7137cf60ea06e4b8/element/232301cc-a493-4c7e-845d-e8f98c16c3d6/enabled'
20:32:20.245 [Forwarding isElementEnabled on session 1dcc86fdd5c5d59b7137cf60ea06e4b8 to remote] DEBUG org.asynchttpclient.netty.request.NettyRequestSender - Using open Channel [id: 0xfafd64fd, L:/127.0.0.1:49488 - R:localhost/127.0.0.1:62507] for GET '/session/1dcc86fdd5c5d59b7137cf60ea06e4b8/element/232301cc-a493-4c7e-845d-e8f98c16c3d6/enabled'
20:32:20.285 [AsyncHttpClient-1-8] DEBUG org.asynchttpclient.netty.handler.HttpHandler - 

Request DefaultFullHttpRequest(decodeResult: success, version: HTTP/1.1, content: EmptyByteBufBE)
GET /session/1dcc86fdd5c5d59b7137cf60ea06e4b8/element/232301cc-a493-4c7e-845d-e8f98c16c3d6/enabled HTTP/1.1
User-Agent: selenium/4.1.2 (java windows)
Cache-Control: no-cache
Content-Type: application/json; charset=utf-8
host: localhost:62507
accept: */*

Response DefaultHttpResponse(decodeResult: success, version: HTTP/1.1)
HTTP/1.1 200 OK
Content-Type: application/json; charset=utf-8
cache-control: no-cache
content-length: 14

20:32:20.285 [AsyncHttpClient-1-8] DEBUG org.asynchttpclient.netty.channel.ChannelManager - Adding key: http://localhost:62507 for channel [id: 0xfafd64fd, L:/127.0.0.1:49488 - R:localhost/127.0.0.1:62507]
20:32:20.293 [Forwarding findElement on session 1dcc86fdd5c5d59b7137cf60ea06e4b8 to remote] DEBUG org.asynchttpclient.netty.request.NettyRequestSender - Using pooled Channel '[id: 0xfafd64fd, L:/127.0.0.1:49488 - R:localhost/127.0.0.1:62507]' for 'POST' to 'http://localhost:62507/session/1dcc86fdd5c5d59b7137cf60ea06e4b8/element'
20:32:20.293 [Forwarding findElement on session 1dcc86fdd5c5d59b7137cf60ea06e4b8 to remote] DEBUG org.asynchttpclient.netty.request.NettyRequestSender - Using open Channel [id: 0xfafd64fd, L:/127.0.0.1:49488 - R:localhost/127.0.0.1:62507] for POST '/session/1dcc86fdd5c5d59b7137cf60ea06e4b8/element'
20:32:20.293 [AsyncHttpClient-1-1] DEBUG org.asynchttpclient.netty.channel.DefaultChannelPool - Entry count for : http://localhost:49489 : 1
20:32:20.329 [AsyncHttpClient-1-8] DEBUG org.asynchttpclient.netty.handler.HttpHandler - 

Request DefaultHttpRequest(decodeResult: success, version: HTTP/1.1)
POST /session/1dcc86fdd5c5d59b7137cf60ea06e4b8/element HTTP/1.1
User-Agent: selenium/4.1.2 (java windows)
Content-Length: 68
Content-Type: application/json; charset=utf-8
host: localhost:62507
accept: */*

Response DefaultHttpResponse(decodeResult: success, version: HTTP/1.1)
HTTP/1.1 200 OK
Content-Type: application/json; charset=utf-8
cache-control: no-cache
content-length: 88

20:32:20.329 [AsyncHttpClient-1-8] DEBUG org.asynchttpclient.netty.channel.ChannelManager - Adding key: http://localhost:62507 for channel [id: 0xfafd64fd, L:/127.0.0.1:49488 - R:localhost/127.0.0.1:62507]
20:32:20.337 [Forwarding clickElement on session 1dcc86fdd5c5d59b7137cf60ea06e4b8 to remote] DEBUG org.asynchttpclient.netty.request.NettyRequestSender - Using pooled Channel '[id: 0xfafd64fd, L:/127.0.0.1:49488 - R:localhost/127.0.0.1:62507]' for 'POST' to 'http://localhost:62507/session/1dcc86fdd5c5d59b7137cf60ea06e4b8/element/232301cc-a493-4c7e-845d-e8f98c16c3d6/click'
20:32:20.337 [Forwarding clickElement on session 1dcc86fdd5c5d59b7137cf60ea06e4b8 to remote] DEBUG org.asynchttpclient.netty.request.NettyRequestSender - Using open Channel [id: 0xfafd64fd, L:/127.0.0.1:49488 - R:localhost/127.0.0.1:62507] for POST '/session/1dcc86fdd5c5d59b7137cf60ea06e4b8/element/232301cc-a493-4c7e-845d-e8f98c16c3d6/click'
20:32:20.492 [AsyncHttpClient-1-8] DEBUG org.asynchttpclient.netty.handler.HttpHandler - 

Request DefaultHttpRequest(decodeResult: success, version: HTTP/1.1)
POST /session/1dcc86fdd5c5d59b7137cf60ea06e4b8/element/232301cc-a493-4c7e-845d-e8f98c16c3d6/click HTTP/1.1
User-Agent: selenium/4.1.2 (java windows)
Content-Length: 50
Content-Type: application/json; charset=utf-8
host: localhost:62507
accept: */*

Response DefaultHttpResponse(decodeResult: success, version: HTTP/1.1)
HTTP/1.1 200 OK
Content-Type: application/json; charset=utf-8
cache-control: no-cache
content-length: 14

20:32:20.500 [AsyncHttpClient-1-8] DEBUG org.asynchttpclient.netty.channel.ChannelManager - Adding key: http://localhost:62507 for channel [id: 0xfafd64fd, L:/127.0.0.1:49488 - R:localhost/127.0.0.1:62507]
20:32:20.548 [Forwarding screenshot on session 1dcc86fdd5c5d59b7137cf60ea06e4b8 to remote] DEBUG org.asynchttpclient.netty.request.NettyRequestSender - Using pooled Channel '[id: 0xfafd64fd, L:/127.0.0.1:49488 - R:localhost/127.0.0.1:62507]' for 'GET' to 'http://localhost:62507/session/1dcc86fdd5c5d59b7137cf60ea06e4b8/screenshot'
20:32:20.548 [Forwarding screenshot on session 1dcc86fdd5c5d59b7137cf60ea06e4b8 to remote] DEBUG org.asynchttpclient.netty.request.NettyRequestSender - Using open Channel [id: 0xfafd64fd, L:/127.0.0.1:49488 - R:localhost/127.0.0.1:62507] for GET '/session/1dcc86fdd5c5d59b7137cf60ea06e4b8/screenshot'
20:32:21.386 [AsyncHttpClient-1-1] DEBUG org.asynchttpclient.netty.channel.DefaultChannelPool - Entry count for : http://localhost:49489 : 1
20:32:21.410 [AsyncHttpClient-1-8] DEBUG org.asynchttpclient.netty.handler.HttpHandler - 

Request DefaultFullHttpRequest(decodeResult: success, version: HTTP/1.1, content: EmptyByteBufBE)
GET /session/1dcc86fdd5c5d59b7137cf60ea06e4b8/screenshot HTTP/1.1
User-Agent: selenium/4.1.2 (java windows)
Cache-Control: no-cache
Content-Type: application/json; charset=utf-8
host: localhost:62507
accept: */*

Response DefaultHttpResponse(decodeResult: success, version: HTTP/1.1)
HTTP/1.1 500 Internal Server Error
Content-Type: application/json; charset=utf-8
cache-control: no-cache
content-length: 854

20:32:21.410 [AsyncHttpClient-1-8] DEBUG org.asynchttpclient.netty.channel.ChannelManager - Adding key: http://localhost:62507 for channel [id: 0xfafd64fd, L:/127.0.0.1:49488 - R:localhost/127.0.0.1:62507]
20:32:21.442 [main] WARN net.thucydides.core.webdriver.WebDriverFacade - Failed to take screenshot (unexpected alert open: <unknown>
  (Session info: chrome=102.0.5005.115): 
Build info: version: '4.1.2', revision: '9a5a329c5a'
System info: host: 'MOOK-HON', ip: '192.168.100.6', os.name: 'Windows 10', os.arch: 'amd64', os.version: '10.0', java.version: '11.0.14'
Driver info: org.openqa.selenium.chrome.ChromeDriver
Command: [1dcc86fdd5c5d59b7137cf60ea06e4b8, screenshot {}]
Capabilities {acceptInsecureCerts: false, browserName: chrome, browserVersion: 102.0.5005.115, chrome: {chromedriverVersion: 102.0.5005.61 (0e59bcc00cc4..., userDataDir: C:\Users\ASUS\AppData\Local...}, goog:chromeOptions: {debuggerAddress: localhost:49489}, javascriptEnabled: true, networkConnectionEnabled: false, pageLoadStrategy: normal, platform: WINDOWS, platformName: WINDOWS, proxy: Proxy(), se:cdp: ws://localhost:49489/devtoo..., se:cdpVersion: 102.0.5005.115, setWindowRect: true, strictFileInteractability: false, timeouts: {implicit: 0, pageLoad: 300000, script: 30000}, unhandledPromptBehavior: dismiss and notify, webauthn:extension:credBlob: true, webauthn:extension:largeBlob: true, webauthn:virtualAuthenticators: true}
Session ID: 1dcc86fdd5c5d59b7137cf60ea06e4b8)
20:32:21.442 [main] DEBUG net.thucydides.core.steps.StepInterceptor - STEP DONE: clickButtonSave
  &amp#27;[32mAnd &amp#27;[0m&amp#27;[32mClick button simpan&amp#27;[0m                                                &amp#27;[90m# starter.stepdefinitios.PatientDataSteps.clickButtonSimpan()&amp#27;[0m
20:32:21.466 [Forwarding screenshot on session 1dcc86fdd5c5d59b7137cf60ea06e4b8 to remote] DEBUG org.asynchttpclient.netty.request.NettyRequestSender - Using pooled Channel '[id: 0xfafd64fd, L:/127.0.0.1:49488 - R:localhost/127.0.0.1:62507]' for 'GET' to 'http://localhost:62507/session/1dcc86fdd5c5d59b7137cf60ea06e4b8/screenshot'
20:32:21.466 [Forwarding screenshot on session 1dcc86fdd5c5d59b7137cf60ea06e4b8 to remote] DEBUG org.asynchttpclient.netty.request.NettyRequestSender - Using open Channel [id: 0xfafd64fd, L:/127.0.0.1:49488 - R:localhost/127.0.0.1:62507] for GET '/session/1dcc86fdd5c5d59b7137cf60ea06e4b8/screenshot'
20:32:21.682 [AsyncHttpClient-1-8] DEBUG org.asynchttpclient.netty.handler.HttpHandler - 

Request DefaultFullHttpRequest(decodeResult: success, version: HTTP/1.1, content: EmptyByteBufBE)
GET /session/1dcc86fdd5c5d59b7137cf60ea06e4b8/screenshot HTTP/1.1
User-Agent: selenium/4.1.2 (java windows)
Cache-Control: no-cache
Content-Type: application/json; charset=utf-8
host: localhost:62507
accept: */*

Response DefaultHttpResponse(decodeResult: success, version: HTTP/1.1)
HTTP/1.1 500 Internal Server Error
Content-Type: application/json; charset=utf-8
cache-control: no-cache
content-length: 893

20:32:21.682 [AsyncHttpClient-1-8] DEBUG org.asynchttpclient.netty.channel.ChannelManager - Adding key: http://localhost:62507 for channel [id: 0xfafd64fd, L:/127.0.0.1:49488 - R:localhost/127.0.0.1:62507]
20:32:21.690 [main] WARN net.thucydides.core.webdriver.WebDriverFacade - Failed to take screenshot (unexpected alert open: {Alert text : Data telah ditambah}
  (Session info: chrome=102.0.5005.115): Data telah ditambah
Build info: version: '4.1.2', revision: '9a5a329c5a'
System info: host: 'MOOK-HON', ip: '192.168.100.6', os.name: 'Windows 10', os.arch: 'amd64', os.version: '10.0', java.version: '11.0.14'
Driver info: org.openqa.selenium.chrome.ChromeDriver
Command: [1dcc86fdd5c5d59b7137cf60ea06e4b8, screenshot {}]
Capabilities {acceptInsecureCerts: false, browserName: chrome, browserVersion: 102.0.5005.115, chrome: {chromedriverVersion: 102.0.5005.61 (0e59bcc00cc4..., userDataDir: C:\Users\ASUS\AppData\Local...}, goog:chromeOptions: {debuggerAddress: localhost:49489}, javascriptEnabled: true, networkConnectionEnabled: false, pageLoadStrategy: normal, platform: WINDOWS, platformName: WINDOWS, proxy: Proxy(), se:cdp: ws://localhost:49489/devtoo..., se:cdpVersion: 102.0.5005.115, setWindowRect: true, strictFileInteractability: false, timeouts: {implicit: 0, pageLoad: 300000, script: 30000}, unhandledPromptBehavior: dismiss and notify, webauthn:extension:credBlob: true, webauthn:extension:largeBlob: true, webauthn:virtualAuthenticators: true}
Session ID: 1dcc86fdd5c5d59b7137cf60ea06e4b8)
20:32:21.706 [Forwarding screenshot on session 1dcc86fdd5c5d59b7137cf60ea06e4b8 to remote] DEBUG org.asynchttpclient.netty.request.NettyRequestSender - Using pooled Channel '[id: 0xfafd64fd, L:/127.0.0.1:49488 - R:localhost/127.0.0.1:62507]' for 'GET' to 'http://localhost:62507/session/1dcc86fdd5c5d59b7137cf60ea06e4b8/screenshot'
20:32:21.706 [Forwarding screenshot on session 1dcc86fdd5c5d59b7137cf60ea06e4b8 to remote] DEBUG org.asynchttpclient.netty.request.NettyRequestSender - Using open Channel [id: 0xfafd64fd, L:/127.0.0.1:49488 - R:localhost/127.0.0.1:62507] for GET '/session/1dcc86fdd5c5d59b7137cf60ea06e4b8/screenshot'
20:32:22.491 [AsyncHttpClient-1-1] DEBUG org.asynchttpclient.netty.channel.DefaultChannelPool - Entry count for : http://localhost:49489 : 1
20:32:23.411 [AsyncHttpClient-1-8] DEBUG org.asynchttpclient.netty.handler.HttpHandler - 

Request DefaultFullHttpRequest(decodeResult: success, version: HTTP/1.1, content: EmptyByteBufBE)
GET /session/1dcc86fdd5c5d59b7137cf60ea06e4b8/screenshot HTTP/1.1
User-Agent: selenium/4.1.2 (java windows)
Cache-Control: no-cache
Content-Type: application/json; charset=utf-8
host: localhost:62507
accept: */*

Response DefaultHttpResponse(decodeResult: success, version: HTTP/1.1)
HTTP/1.1 200 OK
Content-Type: application/json; charset=utf-8
cache-control: no-cache
content-length: 397960

20:32:23.419 [AsyncHttpClient-1-8] DEBUG org.asynchttpclient.netty.channel.ChannelManager - Adding key: http://localhost:62507 for channel [id: 0xfafd64fd, L:/127.0.0.1:49488 - R:localhost/127.0.0.1:62507]
20:32:23.470 [main] DEBUG net.serenitybdd.core.photography.Darkroom - Send negative for processing for target\site\serenity\cbeceb493b3cc14d3791ff263ea0078986a8fbc23e395c454f06e0ce9a24f68d.png
20:32:23.592 [AsyncHttpClient-1-1] DEBUG org.asynchttpclient.netty.channel.DefaultChannelPool - Entry count for : http://localhost:49489 : 1
20:32:23.592 [AsyncHttpClient-1-1] DEBUG org.asynchttpclient.netty.channel.DefaultChannelPool - Entry count for : http://localhost:62507 : 1
20:32:24.015 [Forwarding screenshot on session 1dcc86fdd5c5d59b7137cf60ea06e4b8 to remote] DEBUG org.asynchttpclient.netty.request.NettyRequestSender - Using pooled Channel '[id: 0xfafd64fd, L:/127.0.0.1:49488 - R:localhost/127.0.0.1:62507]' for 'GET' to 'http://localhost:62507/session/1dcc86fdd5c5d59b7137cf60ea06e4b8/screenshot'
20:32:24.015 [Forwarding screenshot on session 1dcc86fdd5c5d59b7137cf60ea06e4b8 to remote] DEBUG org.asynchttpclient.netty.request.NettyRequestSender - Using open Channel [id: 0xfafd64fd, L:/127.0.0.1:49488 - R:localhost/127.0.0.1:62507] for GET '/session/1dcc86fdd5c5d59b7137cf60ea06e4b8/screenshot'
20:32:24.634 [AsyncHttpClient-1-8] DEBUG org.asynchttpclient.netty.handler.HttpHandler - 

Request DefaultFullHttpRequest(decodeResult: success, version: HTTP/1.1, content: EmptyByteBufBE)
GET /session/1dcc86fdd5c5d59b7137cf60ea06e4b8/screenshot HTTP/1.1
User-Agent: selenium/4.1.2 (java windows)
Cache-Control: no-cache
Content-Type: application/json; charset=utf-8
host: localhost:62507
accept: */*

Response DefaultHttpResponse(decodeResult: success, version: HTTP/1.1)
HTTP/1.1 200 OK
Content-Type: application/json; charset=utf-8
cache-control: no-cache
content-length: 397960

20:32:24.640 [AsyncHttpClient-1-8] DEBUG org.asynchttpclient.netty.channel.ChannelManager - Adding key: http://localhost:62507 for channel [id: 0xfafd64fd, L:/127.0.0.1:49488 - R:localhost/127.0.0.1:62507]
20:32:24.696 [main] DEBUG net.serenitybdd.core.photography.Darkroom - Send negative for processing for target\site\serenity\cbeceb493b3cc14d3791ff263ea0078986a8fbc23e395c454f06e0ce9a24f68d.png
20:32:24.696 [main] DEBUG net.thucydides.core.steps.StepInterceptor - STARTING STEP: PatientDataSteps.validDataPasien - checkValidDataPasien
20:32:24.728 [AsyncHttpClient-1-1] DEBUG org.asynchttpclient.netty.channel.DefaultChannelPool - Entry count for : http://localhost:49489 : 1
20:32:24.728 [AsyncHttpClient-1-1] DEBUG org.asynchttpclient.netty.channel.DefaultChannelPool - Entry count for : http://localhost:62507 : 1
20:32:24.728 [Forwarding findElement on session 1dcc86fdd5c5d59b7137cf60ea06e4b8 to remote] DEBUG org.asynchttpclient.netty.request.NettyRequestSender - Using pooled Channel '[id: 0xfafd64fd, L:/127.0.0.1:49488 - R:localhost/127.0.0.1:62507]' for 'POST' to 'http://localhost:62507/session/1dcc86fdd5c5d59b7137cf60ea06e4b8/element'
20:32:24.739 [Forwarding findElement on session 1dcc86fdd5c5d59b7137cf60ea06e4b8 to remote] DEBUG org.asynchttpclient.netty.request.NettyRequestSender - Using open Channel [id: 0xfafd64fd, L:/127.0.0.1:49488 - R:localhost/127.0.0.1:62507] for POST '/session/1dcc86fdd5c5d59b7137cf60ea06e4b8/element'
20:32:24.954 [AsyncHttpClient-1-8] DEBUG org.asynchttpclient.netty.handler.HttpHandler - 

Request DefaultHttpRequest(decodeResult: success, version: HTTP/1.1)
POST /session/1dcc86fdd5c5d59b7137cf60ea06e4b8/element HTTP/1.1
User-Agent: selenium/4.1.2 (java windows)
Content-Length: 95
Content-Type: application/json; charset=utf-8
host: localhost:62507
accept: */*

Response DefaultHttpResponse(decodeResult: success, version: HTTP/1.1)
HTTP/1.1 200 OK
Content-Type: application/json; charset=utf-8
cache-control: no-cache
content-length: 88

20:32:24.954 [AsyncHttpClient-1-8] DEBUG org.asynchttpclient.netty.channel.ChannelManager - Adding key: http://localhost:62507 for channel [id: 0xfafd64fd, L:/127.0.0.1:49488 - R:localhost/127.0.0.1:62507]
20:32:24.962 [Forwarding isElementEnabled on session 1dcc86fdd5c5d59b7137cf60ea06e4b8 to remote] DEBUG org.asynchttpclient.netty.request.NettyRequestSender - Using pooled Channel '[id: 0xfafd64fd, L:/127.0.0.1:49488 - R:localhost/127.0.0.1:62507]' for 'GET' to 'http://localhost:62507/session/1dcc86fdd5c5d59b7137cf60ea06e4b8/element/97f57c49-c2b1-40b1-a859-31c8a383379f/enabled'
20:32:24.962 [Forwarding isElementEnabled on session 1dcc86fdd5c5d59b7137cf60ea06e4b8 to remote] DEBUG org.asynchttpclient.netty.request.NettyRequestSender - Using open Channel [id: 0xfafd64fd, L:/127.0.0.1:49488 - R:localhost/127.0.0.1:62507] for GET '/session/1dcc86fdd5c5d59b7137cf60ea06e4b8/element/97f57c49-c2b1-40b1-a859-31c8a383379f/enabled'
20:32:25.013 [AsyncHttpClient-1-8] DEBUG org.asynchttpclient.netty.handler.HttpHandler - 

Request DefaultFullHttpRequest(decodeResult: success, version: HTTP/1.1, content: EmptyByteBufBE)
GET /session/1dcc86fdd5c5d59b7137cf60ea06e4b8/element/97f57c49-c2b1-40b1-a859-31c8a383379f/enabled HTTP/1.1
User-Agent: selenium/4.1.2 (java windows)
Cache-Control: no-cache
Content-Type: application/json; charset=utf-8
host: localhost:62507
accept: */*

Response DefaultHttpResponse(decodeResult: success, version: HTTP/1.1)
HTTP/1.1 200 OK
Content-Type: application/json; charset=utf-8
cache-control: no-cache
content-length: 14

20:32:25.018 [AsyncHttpClient-1-8] DEBUG org.asynchttpclient.netty.channel.ChannelManager - Adding key: http://localhost:62507 for channel [id: 0xfafd64fd, L:/127.0.0.1:49488 - R:localhost/127.0.0.1:62507]
20:32:25.038 [Forwarding screenshot on session 1dcc86fdd5c5d59b7137cf60ea06e4b8 to remote] DEBUG org.asynchttpclient.netty.request.NettyRequestSender - Using pooled Channel '[id: 0xfafd64fd, L:/127.0.0.1:49488 - R:localhost/127.0.0.1:62507]' for 'GET' to 'http://localhost:62507/session/1dcc86fdd5c5d59b7137cf60ea06e4b8/screenshot'
20:32:25.038 [Forwarding screenshot on session 1dcc86fdd5c5d59b7137cf60ea06e4b8 to remote] DEBUG org.asynchttpclient.netty.request.NettyRequestSender - Using open Channel [id: 0xfafd64fd, L:/127.0.0.1:49488 - R:localhost/127.0.0.1:62507] for GET '/session/1dcc86fdd5c5d59b7137cf60ea06e4b8/screenshot'
20:32:25.637 [AsyncHttpClient-1-8] DEBUG org.asynchttpclient.netty.handler.HttpHandler - 

Request DefaultFullHttpRequest(decodeResult: success, version: HTTP/1.1, content: EmptyByteBufBE)
GET /session/1dcc86fdd5c5d59b7137cf60ea06e4b8/screenshot HTTP/1.1
User-Agent: selenium/4.1.2 (java windows)
Cache-Control: no-cache
Content-Type: application/json; charset=utf-8
host: localhost:62507
accept: */*

Response DefaultHttpResponse(decodeResult: success, version: HTTP/1.1)
HTTP/1.1 200 OK
Content-Type: application/json; charset=utf-8
cache-control: no-cache
content-length: 397960

20:32:25.637 [AsyncHttpClient-1-8] DEBUG org.asynchttpclient.netty.channel.ChannelManager - Adding key: http://localhost:62507 for channel [id: 0xfafd64fd, L:/127.0.0.1:49488 - R:localhost/127.0.0.1:62507]
20:32:25.669 [main] DEBUG net.serenitybdd.core.photography.Darkroom - Send negative for processing for target\site\serenity\cbeceb493b3cc14d3791ff263ea0078986a8fbc23e395c454f06e0ce9a24f68d.png
20:32:25.669 [main] DEBUG net.thucydides.core.steps.StepInterceptor - STEP DONE: checkValidDataPasien
  &amp#27;[32mAnd &amp#27;[0m&amp#27;[32mValid data pasien&amp#27;[0m                                                  &amp#27;[90m# starter.stepdefinitios.PatientDataSteps.validDataPasien()&amp#27;[0m
20:32:25.744 [AsyncHttpClient-1-2] DEBUG org.asynchttpclient.netty.handler.WebSocketHandler - Channel Closed: [id: 0x50080a02, L:/127.0.0.1:49501 ! R:localhost/127.0.0.1:49489] with attribute NettyResponseFuture{currentRetry=5,
	isDone=1,
	isCancelled=0,
	asyncHandler=org.asynchttpclient.ws.WebSocketUpgradeHandler@494491be,
	nettyRequest=org.asynchttpclient.netty.request.NettyRequest@612d3259,
	future=java.util.concurrent.CompletableFuture@449f32ef[Completed normally],
	uri=ws://localhost:49489/devtools/browser/fff58120-a102-481d-9c52-510498cbf95e,
	keepAlive=true,
	redirectCount=0,
	timeoutsHolder=null,
	inAuth=0,
	touch=1655991126305}
20:32:25.744 [AsyncHttpClient-1-2] DEBUG org.asynchttpclient.netty.channel.ChannelManager - Closing Channel [id: 0x50080a02, L:/127.0.0.1:49501 ! R:localhost/127.0.0.1:49489] 
20:32:25.768 [Driver Command Executor] DEBUG org.asynchttpclient.netty.request.NettyRequestSender - Using pooled Channel '[id: 0xfafd64fd, L:/127.0.0.1:49488 - R:localhost/127.0.0.1:62507]' for 'DELETE' to 'http://localhost:62507/session/1dcc86fdd5c5d59b7137cf60ea06e4b8'
20:32:25.856 [Driver Command Executor] DEBUG org.asynchttpclient.netty.request.NettyRequestSender - Using open Channel [id: 0xfafd64fd, L:/127.0.0.1:49488 - R:localhost/127.0.0.1:62507] for DELETE '/session/1dcc86fdd5c5d59b7137cf60ea06e4b8'
20:32:25.856 [AsyncHttpClient-1-1] DEBUG org.asynchttpclient.netty.channel.DefaultChannelPool - Entry count for : http://localhost:49489 : 1
20:32:26.412 [AsyncHttpClient-1-9] DEBUG org.asynchttpclient.netty.handler.HttpHandler - Unexpected I/O exception on channel [id: 0x3b318e9c, L:/127.0.0.1:49500 - R:localhost/127.0.0.1:49489]
java.io.IOException: An existing connection was forcibly closed by the remote host
	at java.base/sun.nio.ch.SocketDispatcher.read0(Native Method)
	at java.base/sun.nio.ch.SocketDispatcher.read(SocketDispatcher.java:43)
	at java.base/sun.nio.ch.IOUtil.readIntoNativeBuffer(IOUtil.java:276)
	at java.base/sun.nio.ch.IOUtil.read(IOUtil.java:233)
	at java.base/sun.nio.ch.IOUtil.read(IOUtil.java:223)
	at java.base/sun.nio.ch.SocketChannelImpl.read(SocketChannelImpl.java:358)
	at io.netty.buffer.PooledByteBuf.setBytes(PooledByteBuf.java:258)
	at io.netty.buffer.AbstractByteBuf.writeBytes(AbstractByteBuf.java:1132)
	at io.netty.channel.socket.nio.NioSocketChannel.doReadBytes(NioSocketChannel.java:350)
	at io.netty.channel.nio.AbstractNioByteChannel$NioByteUnsafe.read(AbstractNioByteChannel.java:151)
	at io.netty.channel.nio.NioEventLoop.processSelectedKey(NioEventLoop.java:722)
	at io.netty.channel.nio.NioEventLoop.processSelectedKeysOptimized(NioEventLoop.java:658)
	at io.netty.channel.nio.NioEventLoop.processSelectedKeys(NioEventLoop.java:584)
	at io.netty.channel.nio.NioEventLoop.run(NioEventLoop.java:496)
	at io.netty.util.concurrent.SingleThreadEventExecutor$4.run(SingleThreadEventExecutor.java:986)
	at io.netty.util.internal.ThreadExecutorMap$2.run(ThreadExecutorMap.java:74)
	at io.netty.util.concurrent.FastThreadLocalRunnable.run(FastThreadLocalRunnable.java:30)
	at java.base/java.lang.Thread.run(Thread.java:834)
20:32:26.412 [AsyncHttpClient-1-9] DEBUG org.asynchttpclient.netty.channel.ChannelManager - Closing Channel [id: 0x3b318e9c, L:/127.0.0.1:49500 - R:localhost/127.0.0.1:49489] 
20:32:26.412 [AsyncHttpClient-1-9] DEBUG org.asynchttpclient.netty.handler.HttpHandler - Channel Closed: [id: 0x3b318e9c, L:/127.0.0.1:49500 ! R:localhost/127.0.0.1:49489] with attribute DISCARD
20:32:26.489 [AsyncHttpClient-1-8] DEBUG org.asynchttpclient.netty.handler.HttpHandler - 

Request DefaultFullHttpRequest(decodeResult: success, version: HTTP/1.1, content: EmptyByteBufBE)
DELETE /session/1dcc86fdd5c5d59b7137cf60ea06e4b8 HTTP/1.1
User-Agent: selenium/4.1.2 (java windows)
Content-Type: application/json; charset=utf-8
host: localhost:62507
accept: */*

Response DefaultHttpResponse(decodeResult: success, version: HTTP/1.1)
HTTP/1.1 200 OK
Content-Type: application/json; charset=utf-8
cache-control: no-cache
content-length: 14

20:32:26.489 [AsyncHttpClient-1-8] DEBUG org.asynchttpclient.netty.channel.ChannelManager - Adding key: http://localhost:62507 for channel [id: 0xfafd64fd, L:/127.0.0.1:49488 - R:localhost/127.0.0.1:62507]
20:32:26.899 [AsyncHttpClient-1-1] DEBUG org.asynchttpclient.netty.channel.DefaultChannelPool - Entry count for : http://localhost:49489 : 1
20:32:26.899 [AsyncHttpClient-1-1] DEBUG org.asynchttpclient.netty.channel.DefaultChannelPool - Entry count for : http://localhost:62507 : 1
20:32:26.899 [AsyncHttpClient-1-1] DEBUG org.asynchttpclient.netty.channel.DefaultChannelPool - Adding Candidate expired Channel [id: 0x3b318e9c, L:/127.0.0.1:49500 ! R:localhost/127.0.0.1:49489] isIdleTimeoutExpired=false isRemotelyClosed=true isTtlExpired=false
20:32:26.899 [AsyncHttpClient-1-1] DEBUG org.asynchttpclient.netty.channel.DefaultChannelPool - Closing Idle Channel [id: 0x3b318e9c, L:/127.0.0.1:49500 ! R:localhost/127.0.0.1:49489]
20:32:26.899 [AsyncHttpClient-1-1] DEBUG org.asynchttpclient.netty.channel.DefaultChannelPool - Closed 1 connections out of 2 in 0 ms
20:32:27.491 [AsyncHttpClient-1-8] DEBUG org.asynchttpclient.netty.handler.HttpHandler - Unexpected I/O exception on channel [id: 0xfafd64fd, L:/127.0.0.1:49488 - R:localhost/127.0.0.1:62507]
java.io.IOException: An existing connection was forcibly closed by the remote host
	at java.base/sun.nio.ch.SocketDispatcher.read0(Native Method)
	at java.base/sun.nio.ch.SocketDispatcher.read(SocketDispatcher.java:43)
	at java.base/sun.nio.ch.IOUtil.readIntoNativeBuffer(IOUtil.java:276)
	at java.base/sun.nio.ch.IOUtil.read(IOUtil.java:233)
	at java.base/sun.nio.ch.IOUtil.read(IOUtil.java:223)
	at java.base/sun.nio.ch.SocketChannelImpl.read(SocketChannelImpl.java:358)
	at io.netty.buffer.PooledByteBuf.setBytes(PooledByteBuf.java:258)
	at io.netty.buffer.AbstractByteBuf.writeBytes(AbstractByteBuf.java:1132)
	at io.netty.channel.socket.nio.NioSocketChannel.doReadBytes(NioSocketChannel.java:350)
	at io.netty.channel.nio.AbstractNioByteChannel$NioByteUnsafe.read(AbstractNioByteChannel.java:151)
	at io.netty.channel.nio.NioEventLoop.processSelectedKey(NioEventLoop.java:722)
	at io.netty.channel.nio.NioEventLoop.processSelectedKeysOptimized(NioEventLoop.java:658)
	at io.netty.channel.nio.NioEventLoop.processSelectedKeys(NioEventLoop.java:584)
	at io.netty.channel.nio.NioEventLoop.run(NioEventLoop.java:496)
	at io.netty.util.concurrent.SingleThreadEventExecutor$4.run(SingleThreadEventExecutor.java:986)
	at io.netty.util.internal.ThreadExecutorMap$2.run(ThreadExecutorMap.java:74)
	at io.netty.util.concurrent.FastThreadLocalRunnable.run(FastThreadLocalRunnable.java:30)
	at java.base/java.lang.Thread.run(Thread.java:834)
20:32:27.491 [AsyncHttpClient-1-8] DEBUG org.asynchttpclient.netty.channel.ChannelManager - Closing Channel [id: 0xfafd64fd, L:/127.0.0.1:49488 - R:localhost/127.0.0.1:62507] 
20:32:27.491 [AsyncHttpClient-1-8] DEBUG org.asynchttpclient.netty.handler.HttpHandler - Channel Closed: [id: 0xfafd64fd, L:/127.0.0.1:49488 ! R:localhost/127.0.0.1:62507] with attribute DISCARD
]]></system-out>
    <system-err><![CDATA[Starting ChromeDriver 102.0.5005.61 (0e59bcc00cc4985ce39ad31c150065f159d95ad3-refs/branch-heads/5005@{#819}) on port 62507
Only local connections are allowed.
Please see https://chromedriver.chromium.org/security-considerations for suggestions on keeping ChromeDriver safe.
ChromeDriver was started successfully.
Jun 23, 2022 8:32:06 PM org.openqa.selenium.remote.ProtocolHandshake createSession
INFO: Detected dialect: W3C
Jun 23, 2022 8:32:06 PM org.openqa.selenium.devtools.CdpVersionFinder findNearestMatch
WARNING: Unable to find an exact match for CDP version 102, so returning the closest version found: a no-op implementation
Jun 23, 2022 8:32:06 PM org.openqa.selenium.devtools.CdpVersionFinder findNearestMatch
INFO: Unable to find CDP implementation matching 102.
Jun 23, 2022 8:32:06 PM org.openqa.selenium.chromium.ChromiumDriver lambda$new$3
WARNING: Unable to find version of CDP to use for . You may need to include a dependency on a specific version of the CDP using something similar to `org.seleniumhq.selenium:selenium-devtools-v86:4.1.2` where the version ("v86") matches the version of the chromium-based browser you're using and the version number of the artifact is the same as Selenium's.
[1655991141.407][WARNING]: unexpected alert open: {Alert text : Data telah ditambah}, cancelling screenshot
]]></system-err>
  </testcase>
  <testcase name="As a admin i want to add data pasien #5" classname="Add Data Pasien - Admin" time="24.656">
    <system-out><![CDATA[
@AddPatientData
Scenario Outline: As a admin i want to add data pasien          &amp#27;[90m# src/test/resources/features/AddDataPasien.feature:17&amp#27;[0m
20:32:27.587 [main] INFO io.cucumber.core.plugin.SerenityReporter - Running feature from file:///D:/Kel-1-capstone/TestingWeb/src/test/resources/features/AddDataPasien.feature
20:32:27.659 [main] DEBUG net.thucydides.core.steps.StepInterceptor - STARTING STEP: PatientDataSteps.openPageDataPasien - openDataPasien
20:32:27.659 [main] INFO net.serenitybdd.core.webdriver.driverproviders.ChromeDriverProvider - Using automatically driver download
20:32:27.984 [AsyncHttpClient-1-1] DEBUG org.asynchttpclient.netty.channel.DefaultChannelPool - Entry count for : http://localhost:62507 : 1
20:32:27.984 [AsyncHttpClient-1-1] DEBUG org.asynchttpclient.netty.channel.DefaultChannelPool - Adding Candidate expired Channel [id: 0xfafd64fd, L:/127.0.0.1:49488 ! R:localhost/127.0.0.1:62507] isIdleTimeoutExpired=false isRemotelyClosed=true isTtlExpired=false
20:32:27.984 [AsyncHttpClient-1-1] DEBUG org.asynchttpclient.netty.channel.DefaultChannelPool - Closing Idle Channel [id: 0xfafd64fd, L:/127.0.0.1:49488 ! R:localhost/127.0.0.1:62507]
20:32:27.984 [AsyncHttpClient-1-1] DEBUG org.asynchttpclient.netty.channel.DefaultChannelPool - Closed 1 connections out of 1 in 0 ms
20:32:28.056 [main] DEBUG io.github.bonigarcia.wdm.cache.ResolutionCache - Resolution chrome=102 in cache (valid until 21:04:30 23/06/2022 ICT)
20:32:28.100 [main] DEBUG io.github.bonigarcia.wdm.cache.ResolutionCache - Resolution chrome102=102.0.5005.61 in cache (valid until 20:04:30 24/06/2022 ICT)
20:32:28.113 [main] INFO io.github.bonigarcia.wdm.WebDriverManager - Using chromedriver 102.0.5005.61 (resolved driver for Chrome 102)
20:32:28.169 [main] DEBUG io.github.bonigarcia.wdm.WebDriverManager - Driver chromedriver 102.0.5005.61 found in cache
20:32:28.169 [main] INFO io.github.bonigarcia.wdm.WebDriverManager - Exporting webdriver.chrome.driver as C:\Users\ASUS\.cache\selenium\chromedriver\win32\102.0.5005.61\chromedriver.exe
20:32:28.449 [main] DEBUG net.serenitybdd.core.webdriver.driverproviders.ProvideNewDriver - Instantiating driver
20:32:28.449 [main] DEBUG net.serenitybdd.core.webdriver.driverproviders.ProvideNewDriver - Driver capabilities: Capabilities {acceptInsecureCerts: false, base.url: https://fanciful-trifle-360..., browserName: chrome, chorme.driver: src/test/resources/webdrive..., driver: chrome, goog:chromeOptions: {args: [], extensions: []}}
20:32:29.021 [AsyncHttpClient-1-3] DEBUG org.asynchttpclient.netty.channel.NettyConnectListener - Using new Channel '[id: 0xc15ebe5a, L:/127.0.0.1:55792 - R:localhost/127.0.0.1:60712]' for 'POST' to '/session'
20:32:31.098 [AsyncHttpClient-1-3] DEBUG org.asynchttpclient.netty.handler.HttpHandler - 

Request DefaultHttpRequest(decodeResult: success, version: HTTP/1.1)
POST /session HTTP/1.1
User-Agent: selenium/4.1.2 (java windows)
Content-Length: 629
Content-Type: application/json; charset=utf-8
host: localhost:60712
accept: */*

Response DefaultHttpResponse(decodeResult: success, version: HTTP/1.1)
HTTP/1.1 200 OK
Content-Type: application/json; charset=utf-8
cache-control: no-cache
content-length: 790

20:32:31.098 [AsyncHttpClient-1-3] DEBUG org.asynchttpclient.netty.channel.ChannelManager - Adding key: http://localhost:60712 for channel [id: 0xc15ebe5a, L:/127.0.0.1:55792 - R:localhost/127.0.0.1:60712]
20:32:31.147 [AsyncHttpClient-1-4] DEBUG org.asynchttpclient.netty.channel.NettyConnectListener - Using new Channel '[id: 0x6c4d8f0d, L:/127.0.0.1:55803 - R:localhost/127.0.0.1:55793]' for 'GET' to '/json/version'
20:32:31.147 [AsyncHttpClient-1-4] DEBUG org.asynchttpclient.netty.handler.HttpHandler - 

Request DefaultFullHttpRequest(decodeResult: success, version: HTTP/1.1, content: EmptyByteBufBE)
GET /json/version HTTP/1.1
User-Agent: selenium/4.1.2 (java windows)
host: localhost:55793
accept: */*

Response DefaultHttpResponse(decodeResult: success, version: HTTP/1.1)
HTTP/1.1 200 OK
Content-Type: application/json; charset=UTF-8
content-length: 428

20:32:31.147 [AsyncHttpClient-1-4] DEBUG org.asynchttpclient.netty.channel.ChannelManager - Adding key: http://localhost:55793 for channel [id: 0x6c4d8f0d, L:/127.0.0.1:55803 - R:localhost/127.0.0.1:55793]
20:32:31.155 [AsyncHttpClient-1-5] DEBUG org.asynchttpclient.netty.channel.NettyConnectListener - Using new Channel '[id: 0x5f5ebd3c, L:/127.0.0.1:55804 - R:localhost/127.0.0.1:55793]' for 'GET' to '/devtools/browser/d34fa425-b012-4c81-bc47-f99449474487'
20:32:31.155 [AsyncHttpClient-1-5] DEBUG org.asynchttpclient.netty.handler.WebSocketHandler - 

Request DefaultFullHttpRequest(decodeResult: success, version: HTTP/1.1, content: EmptyByteBufBE)
GET /devtools/browser/d34fa425-b012-4c81-bc47-f99449474487 HTTP/1.1
upgrade: websocket
connection: upgrade
sec-websocket-key: rsYpOQGbBbwBO06o/K2+qw==
sec-websocket-version: 13
origin: http://localhost:55793
host: localhost:55793
accept: */*
user-agent: AHC/2.1

Response DefaultHttpResponse(decodeResult: success, version: HTTP/1.1)
HTTP/1.1 101 WebSocket Protocol Handshake
Upgrade: WebSocket
Connection: Upgrade
Sec-WebSocket-Accept: TT7jDg3Pxev/KblXu3XGTVV3lIw=

20:32:31.178 [Forwarding get on session 37e15d9e0502cb0b8ba5d0af8630c677 to remote] DEBUG org.asynchttpclient.netty.request.NettyRequestSender - Using pooled Channel '[id: 0xc15ebe5a, L:/127.0.0.1:55792 - R:localhost/127.0.0.1:60712]' for 'POST' to 'http://localhost:60712/session/37e15d9e0502cb0b8ba5d0af8630c677/url'
20:32:31.178 [Forwarding get on session 37e15d9e0502cb0b8ba5d0af8630c677 to remote] DEBUG org.asynchttpclient.netty.request.NettyRequestSender - Using open Channel [id: 0xc15ebe5a, L:/127.0.0.1:55792 - R:localhost/127.0.0.1:60712] for POST '/session/37e15d9e0502cb0b8ba5d0af8630c677/url'
20:32:31.301 [AsyncHttpClient-1-1] DEBUG org.asynchttpclient.netty.channel.DefaultChannelPool - Entry count for : http://localhost:55793 : 1
20:32:32.389 [AsyncHttpClient-1-1] DEBUG org.asynchttpclient.netty.channel.DefaultChannelPool - Entry count for : http://localhost:55793 : 1
20:32:33.576 [AsyncHttpClient-1-1] DEBUG org.asynchttpclient.netty.channel.DefaultChannelPool - Entry count for : http://localhost:55793 : 1
20:32:33.888 [AsyncHttpClient-1-3] DEBUG org.asynchttpclient.netty.handler.HttpHandler - 

Request DefaultHttpRequest(decodeResult: success, version: HTTP/1.1)
POST /session/37e15d9e0502cb0b8ba5d0af8630c677/url HTTP/1.1
User-Agent: selenium/4.1.2 (java windows)
Content-Length: 84
Content-Type: application/json; charset=utf-8
host: localhost:60712
accept: */*

Response DefaultHttpResponse(decodeResult: success, version: HTTP/1.1)
HTTP/1.1 200 OK
Content-Type: application/json; charset=utf-8
cache-control: no-cache
content-length: 14

20:32:33.888 [AsyncHttpClient-1-3] DEBUG org.asynchttpclient.netty.channel.ChannelManager - Adding key: http://localhost:60712 for channel [id: 0xc15ebe5a, L:/127.0.0.1:55792 - R:localhost/127.0.0.1:60712]
20:32:33.888 [Forwarding setTimeout on session 37e15d9e0502cb0b8ba5d0af8630c677 to remote] DEBUG org.asynchttpclient.netty.request.NettyRequestSender - Using pooled Channel '[id: 0xc15ebe5a, L:/127.0.0.1:55792 - R:localhost/127.0.0.1:60712]' for 'POST' to 'http://localhost:60712/session/37e15d9e0502cb0b8ba5d0af8630c677/timeouts'
20:32:33.888 [Forwarding setTimeout on session 37e15d9e0502cb0b8ba5d0af8630c677 to remote] DEBUG org.asynchttpclient.netty.request.NettyRequestSender - Using open Channel [id: 0xc15ebe5a, L:/127.0.0.1:55792 - R:localhost/127.0.0.1:60712] for POST '/session/37e15d9e0502cb0b8ba5d0af8630c677/timeouts'
20:32:33.960 [AsyncHttpClient-1-3] DEBUG org.asynchttpclient.netty.handler.HttpHandler - 

Request DefaultHttpRequest(decodeResult: success, version: HTTP/1.1)
POST /session/37e15d9e0502cb0b8ba5d0af8630c677/timeouts HTTP/1.1
User-Agent: selenium/4.1.2 (java windows)
Content-Length: 22
Content-Type: application/json; charset=utf-8
host: localhost:60712
accept: */*

Response DefaultHttpResponse(decodeResult: success, version: HTTP/1.1)
HTTP/1.1 200 OK
Content-Type: application/json; charset=utf-8
cache-control: no-cache
content-length: 14

20:32:33.960 [AsyncHttpClient-1-3] DEBUG org.asynchttpclient.netty.channel.ChannelManager - Adding key: http://localhost:60712 for channel [id: 0xc15ebe5a, L:/127.0.0.1:55792 - R:localhost/127.0.0.1:60712]
20:32:33.960 [Forwarding getCurrentUrl on session 37e15d9e0502cb0b8ba5d0af8630c677 to remote] DEBUG org.asynchttpclient.netty.request.NettyRequestSender - Using pooled Channel '[id: 0xc15ebe5a, L:/127.0.0.1:55792 - R:localhost/127.0.0.1:60712]' for 'GET' to 'http://localhost:60712/session/37e15d9e0502cb0b8ba5d0af8630c677/url'
20:32:33.960 [Forwarding getCurrentUrl on session 37e15d9e0502cb0b8ba5d0af8630c677 to remote] DEBUG org.asynchttpclient.netty.request.NettyRequestSender - Using open Channel [id: 0xc15ebe5a, L:/127.0.0.1:55792 - R:localhost/127.0.0.1:60712] for GET '/session/37e15d9e0502cb0b8ba5d0af8630c677/url'
20:32:34.352 [AsyncHttpClient-1-3] DEBUG org.asynchttpclient.netty.handler.HttpHandler - 

Request DefaultFullHttpRequest(decodeResult: success, version: HTTP/1.1, content: EmptyByteBufBE)
GET /session/37e15d9e0502cb0b8ba5d0af8630c677/url HTTP/1.1
User-Agent: selenium/4.1.2 (java windows)
Cache-Control: no-cache
Content-Type: application/json; charset=utf-8
host: localhost:60712
accept: */*

Response DefaultHttpResponse(decodeResult: success, version: HTTP/1.1)
HTTP/1.1 200 OK
Content-Type: application/json; charset=utf-8
cache-control: no-cache
content-length: 66

20:32:34.352 [AsyncHttpClient-1-3] DEBUG org.asynchttpclient.netty.channel.ChannelManager - Adding key: http://localhost:60712 for channel [id: 0xc15ebe5a, L:/127.0.0.1:55792 - R:localhost/127.0.0.1:60712]
20:32:34.376 [Forwarding screenshot on session 37e15d9e0502cb0b8ba5d0af8630c677 to remote] DEBUG org.asynchttpclient.netty.request.NettyRequestSender - Using pooled Channel '[id: 0xc15ebe5a, L:/127.0.0.1:55792 - R:localhost/127.0.0.1:60712]' for 'GET' to 'http://localhost:60712/session/37e15d9e0502cb0b8ba5d0af8630c677/screenshot'
20:32:34.376 [Forwarding screenshot on session 37e15d9e0502cb0b8ba5d0af8630c677 to remote] DEBUG org.asynchttpclient.netty.request.NettyRequestSender - Using open Channel [id: 0xc15ebe5a, L:/127.0.0.1:55792 - R:localhost/127.0.0.1:60712] for GET '/session/37e15d9e0502cb0b8ba5d0af8630c677/screenshot'
20:32:34.640 [AsyncHttpClient-1-1] DEBUG org.asynchttpclient.netty.channel.DefaultChannelPool - Entry count for : http://localhost:55793 : 1
20:32:34.760 [AsyncHttpClient-1-3] DEBUG org.asynchttpclient.netty.handler.HttpHandler - 

Request DefaultFullHttpRequest(decodeResult: success, version: HTTP/1.1, content: EmptyByteBufBE)
GET /session/37e15d9e0502cb0b8ba5d0af8630c677/screenshot HTTP/1.1
User-Agent: selenium/4.1.2 (java windows)
Cache-Control: no-cache
Content-Type: application/json; charset=utf-8
host: localhost:60712
accept: */*

Response DefaultHttpResponse(decodeResult: success, version: HTTP/1.1)
HTTP/1.1 200 OK
Content-Type: application/json; charset=utf-8
cache-control: no-cache
content-length: 86016

20:32:34.768 [AsyncHttpClient-1-3] DEBUG org.asynchttpclient.netty.channel.ChannelManager - Adding key: http://localhost:60712 for channel [id: 0xc15ebe5a, L:/127.0.0.1:55792 - R:localhost/127.0.0.1:60712]
20:32:34.776 [main] DEBUG net.serenitybdd.core.photography.Darkroom - Send negative for processing for target\site\serenity\63a8b96f8d8a2353d1098282bddf8724ea51ae4189c07bb318bc22275bd0f5fa.png
20:32:34.776 [main] DEBUG net.thucydides.core.steps.StepInterceptor - STEP DONE: openDataPasien
  &amp#27;[32mGiven &amp#27;[0m&amp#27;[32mOpen page data pasien&amp#27;[0m                                   &amp#27;[90m# starter.stepdefinitios.PatientDataSteps.openPageDataPasien()&amp#27;[0m
20:32:34.811 [main] DEBUG net.thucydides.core.steps.StepInterceptor - STARTING STEP: PatientDataSteps.clickButtonTambahData - clickButtonTambah
20:32:34.827 [Forwarding findElement on session 37e15d9e0502cb0b8ba5d0af8630c677 to remote] DEBUG org.asynchttpclient.netty.request.NettyRequestSender - Using pooled Channel '[id: 0xc15ebe5a, L:/127.0.0.1:55792 - R:localhost/127.0.0.1:60712]' for 'POST' to 'http://localhost:60712/session/37e15d9e0502cb0b8ba5d0af8630c677/element'
20:32:34.827 [Forwarding findElement on session 37e15d9e0502cb0b8ba5d0af8630c677 to remote] DEBUG org.asynchttpclient.netty.request.NettyRequestSender - Using open Channel [id: 0xc15ebe5a, L:/127.0.0.1:55792 - R:localhost/127.0.0.1:60712] for POST '/session/37e15d9e0502cb0b8ba5d0af8630c677/element'
20:32:34.859 [AsyncHttpClient-1-3] DEBUG org.asynchttpclient.netty.handler.HttpHandler - 

Request DefaultHttpRequest(decodeResult: success, version: HTTP/1.1)
POST /session/37e15d9e0502cb0b8ba5d0af8630c677/element HTTP/1.1
User-Agent: selenium/4.1.2 (java windows)
Content-Length: 68
Content-Type: application/json; charset=utf-8
host: localhost:60712
accept: */*

Response DefaultHttpResponse(decodeResult: success, version: HTTP/1.1)
HTTP/1.1 200 OK
Content-Type: application/json; charset=utf-8
cache-control: no-cache
content-length: 88

20:32:34.859 [AsyncHttpClient-1-3] DEBUG org.asynchttpclient.netty.channel.ChannelManager - Adding key: http://localhost:60712 for channel [id: 0xc15ebe5a, L:/127.0.0.1:55792 - R:localhost/127.0.0.1:60712]
20:32:34.859 [Forwarding getElementTagName on session 37e15d9e0502cb0b8ba5d0af8630c677 to remote] DEBUG org.asynchttpclient.netty.request.NettyRequestSender - Using pooled Channel '[id: 0xc15ebe5a, L:/127.0.0.1:55792 - R:localhost/127.0.0.1:60712]' for 'GET' to 'http://localhost:60712/session/37e15d9e0502cb0b8ba5d0af8630c677/element/3a9d3b3e-f02d-4196-9d66-dcd8a3dacbc7/name'
20:32:34.859 [Forwarding getElementTagName on session 37e15d9e0502cb0b8ba5d0af8630c677 to remote] DEBUG org.asynchttpclient.netty.request.NettyRequestSender - Using open Channel [id: 0xc15ebe5a, L:/127.0.0.1:55792 - R:localhost/127.0.0.1:60712] for GET '/session/37e15d9e0502cb0b8ba5d0af8630c677/element/3a9d3b3e-f02d-4196-9d66-dcd8a3dacbc7/name'
20:32:34.875 [AsyncHttpClient-1-3] DEBUG org.asynchttpclient.netty.handler.HttpHandler - 

Request DefaultFullHttpRequest(decodeResult: success, version: HTTP/1.1, content: EmptyByteBufBE)
GET /session/37e15d9e0502cb0b8ba5d0af8630c677/element/3a9d3b3e-f02d-4196-9d66-dcd8a3dacbc7/name HTTP/1.1
User-Agent: selenium/4.1.2 (java windows)
Cache-Control: no-cache
Content-Type: application/json; charset=utf-8
host: localhost:60712
accept: */*

Response DefaultHttpResponse(decodeResult: success, version: HTTP/1.1)
HTTP/1.1 200 OK
Content-Type: application/json; charset=utf-8
cache-control: no-cache
content-length: 18

20:32:34.875 [AsyncHttpClient-1-3] DEBUG org.asynchttpclient.netty.channel.ChannelManager - Adding key: http://localhost:60712 for channel [id: 0xc15ebe5a, L:/127.0.0.1:55792 - R:localhost/127.0.0.1:60712]
20:32:34.875 [Forwarding getElementTagName on session 37e15d9e0502cb0b8ba5d0af8630c677 to remote] DEBUG org.asynchttpclient.netty.request.NettyRequestSender - Using pooled Channel '[id: 0xc15ebe5a, L:/127.0.0.1:55792 - R:localhost/127.0.0.1:60712]' for 'GET' to 'http://localhost:60712/session/37e15d9e0502cb0b8ba5d0af8630c677/element/3a9d3b3e-f02d-4196-9d66-dcd8a3dacbc7/name'
20:32:34.875 [Forwarding getElementTagName on session 37e15d9e0502cb0b8ba5d0af8630c677 to remote] DEBUG org.asynchttpclient.netty.request.NettyRequestSender - Using open Channel [id: 0xc15ebe5a, L:/127.0.0.1:55792 - R:localhost/127.0.0.1:60712] for GET '/session/37e15d9e0502cb0b8ba5d0af8630c677/element/3a9d3b3e-f02d-4196-9d66-dcd8a3dacbc7/name'
20:32:34.889 [AsyncHttpClient-1-3] DEBUG org.asynchttpclient.netty.handler.HttpHandler - 

Request DefaultFullHttpRequest(decodeResult: success, version: HTTP/1.1, content: EmptyByteBufBE)
GET /session/37e15d9e0502cb0b8ba5d0af8630c677/element/3a9d3b3e-f02d-4196-9d66-dcd8a3dacbc7/name HTTP/1.1
User-Agent: selenium/4.1.2 (java windows)
Cache-Control: no-cache
Content-Type: application/json; charset=utf-8
host: localhost:60712
accept: */*

Response DefaultHttpResponse(decodeResult: success, version: HTTP/1.1)
HTTP/1.1 200 OK
Content-Type: application/json; charset=utf-8
cache-control: no-cache
content-length: 18

20:32:34.889 [AsyncHttpClient-1-3] DEBUG org.asynchttpclient.netty.channel.ChannelManager - Adding key: http://localhost:60712 for channel [id: 0xc15ebe5a, L:/127.0.0.1:55792 - R:localhost/127.0.0.1:60712]
20:32:34.890 [Forwarding isElementEnabled on session 37e15d9e0502cb0b8ba5d0af8630c677 to remote] DEBUG org.asynchttpclient.netty.request.NettyRequestSender - Using pooled Channel '[id: 0xc15ebe5a, L:/127.0.0.1:55792 - R:localhost/127.0.0.1:60712]' for 'GET' to 'http://localhost:60712/session/37e15d9e0502cb0b8ba5d0af8630c677/element/3a9d3b3e-f02d-4196-9d66-dcd8a3dacbc7/enabled'
20:32:34.890 [Forwarding isElementEnabled on session 37e15d9e0502cb0b8ba5d0af8630c677 to remote] DEBUG org.asynchttpclient.netty.request.NettyRequestSender - Using open Channel [id: 0xc15ebe5a, L:/127.0.0.1:55792 - R:localhost/127.0.0.1:60712] for GET '/session/37e15d9e0502cb0b8ba5d0af8630c677/element/3a9d3b3e-f02d-4196-9d66-dcd8a3dacbc7/enabled'
20:32:34.914 [AsyncHttpClient-1-3] DEBUG org.asynchttpclient.netty.handler.HttpHandler - 

Request DefaultFullHttpRequest(decodeResult: success, version: HTTP/1.1, content: EmptyByteBufBE)
GET /session/37e15d9e0502cb0b8ba5d0af8630c677/element/3a9d3b3e-f02d-4196-9d66-dcd8a3dacbc7/enabled HTTP/1.1
User-Agent: selenium/4.1.2 (java windows)
Cache-Control: no-cache
Content-Type: application/json; charset=utf-8
host: localhost:60712
accept: */*

Response DefaultHttpResponse(decodeResult: success, version: HTTP/1.1)
HTTP/1.1 200 OK
Content-Type: application/json; charset=utf-8
cache-control: no-cache
content-length: 14

20:32:34.914 [AsyncHttpClient-1-3] DEBUG org.asynchttpclient.netty.channel.ChannelManager - Adding key: http://localhost:60712 for channel [id: 0xc15ebe5a, L:/127.0.0.1:55792 - R:localhost/127.0.0.1:60712]
20:32:34.914 [Forwarding isElementEnabled on session 37e15d9e0502cb0b8ba5d0af8630c677 to remote] DEBUG org.asynchttpclient.netty.request.NettyRequestSender - Using pooled Channel '[id: 0xc15ebe5a, L:/127.0.0.1:55792 - R:localhost/127.0.0.1:60712]' for 'GET' to 'http://localhost:60712/session/37e15d9e0502cb0b8ba5d0af8630c677/element/3a9d3b3e-f02d-4196-9d66-dcd8a3dacbc7/enabled'
20:32:34.914 [Forwarding isElementEnabled on session 37e15d9e0502cb0b8ba5d0af8630c677 to remote] DEBUG org.asynchttpclient.netty.request.NettyRequestSender - Using open Channel [id: 0xc15ebe5a, L:/127.0.0.1:55792 - R:localhost/127.0.0.1:60712] for GET '/session/37e15d9e0502cb0b8ba5d0af8630c677/element/3a9d3b3e-f02d-4196-9d66-dcd8a3dacbc7/enabled'
20:32:34.930 [AsyncHttpClient-1-3] DEBUG org.asynchttpclient.netty.handler.HttpHandler - 

Request DefaultFullHttpRequest(decodeResult: success, version: HTTP/1.1, content: EmptyByteBufBE)
GET /session/37e15d9e0502cb0b8ba5d0af8630c677/element/3a9d3b3e-f02d-4196-9d66-dcd8a3dacbc7/enabled HTTP/1.1
User-Agent: selenium/4.1.2 (java windows)
Cache-Control: no-cache
Content-Type: application/json; charset=utf-8
host: localhost:60712
accept: */*

Response DefaultHttpResponse(decodeResult: success, version: HTTP/1.1)
HTTP/1.1 200 OK
Content-Type: application/json; charset=utf-8
cache-control: no-cache
content-length: 14

20:32:34.930 [AsyncHttpClient-1-3] DEBUG org.asynchttpclient.netty.channel.ChannelManager - Adding key: http://localhost:60712 for channel [id: 0xc15ebe5a, L:/127.0.0.1:55792 - R:localhost/127.0.0.1:60712]
20:32:34.938 [Forwarding findElement on session 37e15d9e0502cb0b8ba5d0af8630c677 to remote] DEBUG org.asynchttpclient.netty.request.NettyRequestSender - Using pooled Channel '[id: 0xc15ebe5a, L:/127.0.0.1:55792 - R:localhost/127.0.0.1:60712]' for 'POST' to 'http://localhost:60712/session/37e15d9e0502cb0b8ba5d0af8630c677/element'
20:32:34.938 [Forwarding findElement on session 37e15d9e0502cb0b8ba5d0af8630c677 to remote] DEBUG org.asynchttpclient.netty.request.NettyRequestSender - Using open Channel [id: 0xc15ebe5a, L:/127.0.0.1:55792 - R:localhost/127.0.0.1:60712] for POST '/session/37e15d9e0502cb0b8ba5d0af8630c677/element'
20:32:34.954 [AsyncHttpClient-1-3] DEBUG org.asynchttpclient.netty.handler.HttpHandler - 

Request DefaultHttpRequest(decodeResult: success, version: HTTP/1.1)
POST /session/37e15d9e0502cb0b8ba5d0af8630c677/element HTTP/1.1
User-Agent: selenium/4.1.2 (java windows)
Content-Length: 68
Content-Type: application/json; charset=utf-8
host: localhost:60712
accept: */*

Response DefaultHttpResponse(decodeResult: success, version: HTTP/1.1)
HTTP/1.1 200 OK
Content-Type: application/json; charset=utf-8
cache-control: no-cache
content-length: 88

20:32:34.954 [AsyncHttpClient-1-3] DEBUG org.asynchttpclient.netty.channel.ChannelManager - Adding key: http://localhost:60712 for channel [id: 0xc15ebe5a, L:/127.0.0.1:55792 - R:localhost/127.0.0.1:60712]
20:32:34.954 [Forwarding clickElement on session 37e15d9e0502cb0b8ba5d0af8630c677 to remote] DEBUG org.asynchttpclient.netty.request.NettyRequestSender - Using pooled Channel '[id: 0xc15ebe5a, L:/127.0.0.1:55792 - R:localhost/127.0.0.1:60712]' for 'POST' to 'http://localhost:60712/session/37e15d9e0502cb0b8ba5d0af8630c677/element/3a9d3b3e-f02d-4196-9d66-dcd8a3dacbc7/click'
20:32:34.954 [Forwarding clickElement on session 37e15d9e0502cb0b8ba5d0af8630c677 to remote] DEBUG org.asynchttpclient.netty.request.NettyRequestSender - Using open Channel [id: 0xc15ebe5a, L:/127.0.0.1:55792 - R:localhost/127.0.0.1:60712] for POST '/session/37e15d9e0502cb0b8ba5d0af8630c677/element/3a9d3b3e-f02d-4196-9d66-dcd8a3dacbc7/click'
20:32:35.738 [AsyncHttpClient-1-3] DEBUG org.asynchttpclient.netty.handler.HttpHandler - 

Request DefaultHttpRequest(decodeResult: success, version: HTTP/1.1)
POST /session/37e15d9e0502cb0b8ba5d0af8630c677/element/3a9d3b3e-f02d-4196-9d66-dcd8a3dacbc7/click HTTP/1.1
User-Agent: selenium/4.1.2 (java windows)
Content-Length: 50
Content-Type: application/json; charset=utf-8
host: localhost:60712
accept: */*

Response DefaultHttpResponse(decodeResult: success, version: HTTP/1.1)
HTTP/1.1 200 OK
Content-Type: application/json; charset=utf-8
cache-control: no-cache
content-length: 14

20:32:35.738 [AsyncHttpClient-1-3] DEBUG org.asynchttpclient.netty.channel.ChannelManager - Adding key: http://localhost:60712 for channel [id: 0xc15ebe5a, L:/127.0.0.1:55792 - R:localhost/127.0.0.1:60712]
20:32:35.738 [AsyncHttpClient-1-1] DEBUG org.asynchttpclient.netty.channel.DefaultChannelPool - Entry count for : http://localhost:55793 : 1
20:32:35.738 [AsyncHttpClient-1-1] DEBUG org.asynchttpclient.netty.channel.DefaultChannelPool - Entry count for : http://localhost:60712 : 1
20:32:35.754 [Forwarding screenshot on session 37e15d9e0502cb0b8ba5d0af8630c677 to remote] DEBUG org.asynchttpclient.netty.request.NettyRequestSender - Using pooled Channel '[id: 0xc15ebe5a, L:/127.0.0.1:55792 - R:localhost/127.0.0.1:60712]' for 'GET' to 'http://localhost:60712/session/37e15d9e0502cb0b8ba5d0af8630c677/screenshot'
20:32:35.754 [Forwarding screenshot on session 37e15d9e0502cb0b8ba5d0af8630c677 to remote] DEBUG org.asynchttpclient.netty.request.NettyRequestSender - Using open Channel [id: 0xc15ebe5a, L:/127.0.0.1:55792 - R:localhost/127.0.0.1:60712] for GET '/session/37e15d9e0502cb0b8ba5d0af8630c677/screenshot'
20:32:36.269 [AsyncHttpClient-1-3] DEBUG org.asynchttpclient.netty.handler.HttpHandler - 

Request DefaultFullHttpRequest(decodeResult: success, version: HTTP/1.1, content: EmptyByteBufBE)
GET /session/37e15d9e0502cb0b8ba5d0af8630c677/screenshot HTTP/1.1
User-Agent: selenium/4.1.2 (java windows)
Cache-Control: no-cache
Content-Type: application/json; charset=utf-8
host: localhost:60712
accept: */*

Response DefaultHttpResponse(decodeResult: success, version: HTTP/1.1)
HTTP/1.1 200 OK
Content-Type: application/json; charset=utf-8
cache-control: no-cache
content-length: 91604

20:32:36.277 [AsyncHttpClient-1-3] DEBUG org.asynchttpclient.netty.channel.ChannelManager - Adding key: http://localhost:60712 for channel [id: 0xc15ebe5a, L:/127.0.0.1:55792 - R:localhost/127.0.0.1:60712]
20:32:36.285 [main] DEBUG net.serenitybdd.core.photography.Darkroom - Send negative for processing for target\site\serenity\d5ec61c31b785627c9c0866a407b514b0f60670f0f7fff6fec2f22d6d607030a.png
20:32:36.285 [main] DEBUG net.thucydides.core.steps.StepInterceptor - STEP DONE: clickButtonTambah
  &amp#27;[32mWhen &amp#27;[0m&amp#27;[32mClick button tambah data&amp#27;[0m                                 &amp#27;[90m# starter.stepdefinitios.PatientDataSteps.clickButtonTambahData()&amp#27;[0m
20:32:36.293 [Darkroom Processing Line] DEBUG net.serenitybdd.core.photography.DarkroomProcessingLine - Processing screenshot image in /var/screenshots/screenshot-10803072853799461301
20:32:36.293 [Darkroom Processing Line] DEBUG net.serenitybdd.core.photography.DarkroomProcessingLine - Saving screenshot to target\site\serenity\d5ec61c31b785627c9c0866a407b514b0f60670f0f7fff6fec2f22d6d607030a.png
20:32:36.349 [Forwarding screenshot on session 37e15d9e0502cb0b8ba5d0af8630c677 to remote] DEBUG org.asynchttpclient.netty.request.NettyRequestSender - Using pooled Channel '[id: 0xc15ebe5a, L:/127.0.0.1:55792 - R:localhost/127.0.0.1:60712]' for 'GET' to 'http://localhost:60712/session/37e15d9e0502cb0b8ba5d0af8630c677/screenshot'
20:32:36.349 [Forwarding screenshot on session 37e15d9e0502cb0b8ba5d0af8630c677 to remote] DEBUG org.asynchttpclient.netty.request.NettyRequestSender - Using open Channel [id: 0xc15ebe5a, L:/127.0.0.1:55792 - R:localhost/127.0.0.1:60712] for GET '/session/37e15d9e0502cb0b8ba5d0af8630c677/screenshot'
20:32:36.789 [AsyncHttpClient-1-1] DEBUG org.asynchttpclient.netty.channel.DefaultChannelPool - Entry count for : http://localhost:55793 : 1
20:32:36.981 [AsyncHttpClient-1-3] DEBUG org.asynchttpclient.netty.handler.HttpHandler - 

Request DefaultFullHttpRequest(decodeResult: success, version: HTTP/1.1, content: EmptyByteBufBE)
GET /session/37e15d9e0502cb0b8ba5d0af8630c677/screenshot HTTP/1.1
User-Agent: selenium/4.1.2 (java windows)
Cache-Control: no-cache
Content-Type: application/json; charset=utf-8
host: localhost:60712
accept: */*

Response DefaultHttpResponse(decodeResult: success, version: HTTP/1.1)
HTTP/1.1 200 OK
Content-Type: application/json; charset=utf-8
cache-control: no-cache
content-length: 397960

20:32:36.981 [AsyncHttpClient-1-3] DEBUG org.asynchttpclient.netty.channel.ChannelManager - Adding key: http://localhost:60712 for channel [id: 0xc15ebe5a, L:/127.0.0.1:55792 - R:localhost/127.0.0.1:60712]
20:32:37.021 [main] DEBUG net.serenitybdd.core.photography.Darkroom - Send negative for processing for target\site\serenity\cbeceb493b3cc14d3791ff263ea0078986a8fbc23e395c454f06e0ce9a24f68d.png
20:32:37.560 [Forwarding screenshot on session 37e15d9e0502cb0b8ba5d0af8630c677 to remote] DEBUG org.asynchttpclient.netty.request.NettyRequestSender - Using pooled Channel '[id: 0xc15ebe5a, L:/127.0.0.1:55792 - R:localhost/127.0.0.1:60712]' for 'GET' to 'http://localhost:60712/session/37e15d9e0502cb0b8ba5d0af8630c677/screenshot'
20:32:37.560 [Forwarding screenshot on session 37e15d9e0502cb0b8ba5d0af8630c677 to remote] DEBUG org.asynchttpclient.netty.request.NettyRequestSender - Using open Channel [id: 0xc15ebe5a, L:/127.0.0.1:55792 - R:localhost/127.0.0.1:60712] for GET '/session/37e15d9e0502cb0b8ba5d0af8630c677/screenshot'
20:32:37.890 [AsyncHttpClient-1-1] DEBUG org.asynchttpclient.netty.channel.DefaultChannelPool - Entry count for : http://localhost:55793 : 1
20:32:37.994 [AsyncHttpClient-1-3] DEBUG org.asynchttpclient.netty.handler.HttpHandler - 

Request DefaultFullHttpRequest(decodeResult: success, version: HTTP/1.1, content: EmptyByteBufBE)
GET /session/37e15d9e0502cb0b8ba5d0af8630c677/screenshot HTTP/1.1
User-Agent: selenium/4.1.2 (java windows)
Cache-Control: no-cache
Content-Type: application/json; charset=utf-8
host: localhost:60712
accept: */*

Response DefaultHttpResponse(decodeResult: success, version: HTTP/1.1)
HTTP/1.1 200 OK
Content-Type: application/json; charset=utf-8
cache-control: no-cache
content-length: 397960

20:32:38.002 [AsyncHttpClient-1-3] DEBUG org.asynchttpclient.netty.channel.ChannelManager - Adding key: http://localhost:60712 for channel [id: 0xc15ebe5a, L:/127.0.0.1:55792 - R:localhost/127.0.0.1:60712]
20:32:38.034 [main] DEBUG net.serenitybdd.core.photography.Darkroom - Send negative for processing for target\site\serenity\cbeceb493b3cc14d3791ff263ea0078986a8fbc23e395c454f06e0ce9a24f68d.png
20:32:38.034 [main] DEBUG net.thucydides.core.steps.StepInterceptor - STARTING STEP: PatientDataSteps.iInput - inputDataPasien
20:32:38.034 [Forwarding findElement on session 37e15d9e0502cb0b8ba5d0af8630c677 to remote] DEBUG org.asynchttpclient.netty.request.NettyRequestSender - Using pooled Channel '[id: 0xc15ebe5a, L:/127.0.0.1:55792 - R:localhost/127.0.0.1:60712]' for 'POST' to 'http://localhost:60712/session/37e15d9e0502cb0b8ba5d0af8630c677/element'
20:32:38.034 [Forwarding findElement on session 37e15d9e0502cb0b8ba5d0af8630c677 to remote] DEBUG org.asynchttpclient.netty.request.NettyRequestSender - Using open Channel [id: 0xc15ebe5a, L:/127.0.0.1:55792 - R:localhost/127.0.0.1:60712] for POST '/session/37e15d9e0502cb0b8ba5d0af8630c677/element'
20:32:38.270 [AsyncHttpClient-1-3] DEBUG org.asynchttpclient.netty.handler.HttpHandler - 

Request DefaultHttpRequest(decodeResult: success, version: HTTP/1.1)
POST /session/37e15d9e0502cb0b8ba5d0af8630c677/element HTTP/1.1
User-Agent: selenium/4.1.2 (java windows)
Content-Length: 66
Content-Type: application/json; charset=utf-8
host: localhost:60712
accept: */*

Response DefaultHttpResponse(decodeResult: success, version: HTTP/1.1)
HTTP/1.1 200 OK
Content-Type: application/json; charset=utf-8
cache-control: no-cache
content-length: 88

20:32:38.270 [AsyncHttpClient-1-3] DEBUG org.asynchttpclient.netty.channel.ChannelManager - Adding key: http://localhost:60712 for channel [id: 0xc15ebe5a, L:/127.0.0.1:55792 - R:localhost/127.0.0.1:60712]
20:32:38.270 [Forwarding sendKeysToElement on session 37e15d9e0502cb0b8ba5d0af8630c677 to remote] DEBUG org.asynchttpclient.netty.request.NettyRequestSender - Using pooled Channel '[id: 0xc15ebe5a, L:/127.0.0.1:55792 - R:localhost/127.0.0.1:60712]' for 'POST' to 'http://localhost:60712/session/37e15d9e0502cb0b8ba5d0af8630c677/element/4bb41fe2-539c-43b4-b9e9-aa2e0721ede1/value'
20:32:38.270 [Forwarding sendKeysToElement on session 37e15d9e0502cb0b8ba5d0af8630c677 to remote] DEBUG org.asynchttpclient.netty.request.NettyRequestSender - Using open Channel [id: 0xc15ebe5a, L:/127.0.0.1:55792 - R:localhost/127.0.0.1:60712] for POST '/session/37e15d9e0502cb0b8ba5d0af8630c677/element/4bb41fe2-539c-43b4-b9e9-aa2e0721ede1/value'
20:32:38.808 [AsyncHttpClient-1-3] DEBUG org.asynchttpclient.netty.handler.HttpHandler - 

Request DefaultHttpRequest(decodeResult: success, version: HTTP/1.1)
POST /session/37e15d9e0502cb0b8ba5d0af8630c677/element/4bb41fe2-539c-43b4-b9e9-aa2e0721ede1/value HTTP/1.1
User-Agent: selenium/4.1.2 (java windows)
Content-Length: 131
Content-Type: application/json; charset=utf-8
host: localhost:60712
accept: */*

Response DefaultHttpResponse(decodeResult: success, version: HTTP/1.1)
HTTP/1.1 200 OK
Content-Type: application/json; charset=utf-8
cache-control: no-cache
content-length: 14

20:32:38.808 [AsyncHttpClient-1-3] DEBUG org.asynchttpclient.netty.channel.ChannelManager - Adding key: http://localhost:60712 for channel [id: 0xc15ebe5a, L:/127.0.0.1:55792 - R:localhost/127.0.0.1:60712]
20:32:38.816 [Forwarding findElement on session 37e15d9e0502cb0b8ba5d0af8630c677 to remote] DEBUG org.asynchttpclient.netty.request.NettyRequestSender - Using pooled Channel '[id: 0xc15ebe5a, L:/127.0.0.1:55792 - R:localhost/127.0.0.1:60712]' for 'POST' to 'http://localhost:60712/session/37e15d9e0502cb0b8ba5d0af8630c677/element'
20:32:38.816 [Forwarding findElement on session 37e15d9e0502cb0b8ba5d0af8630c677 to remote] DEBUG org.asynchttpclient.netty.request.NettyRequestSender - Using open Channel [id: 0xc15ebe5a, L:/127.0.0.1:55792 - R:localhost/127.0.0.1:60712] for POST '/session/37e15d9e0502cb0b8ba5d0af8630c677/element'
20:32:38.912 [AsyncHttpClient-1-3] DEBUG org.asynchttpclient.netty.handler.HttpHandler - 

Request DefaultHttpRequest(decodeResult: success, version: HTTP/1.1)
POST /session/37e15d9e0502cb0b8ba5d0af8630c677/element HTTP/1.1
User-Agent: selenium/4.1.2 (java windows)
Content-Length: 65
Content-Type: application/json; charset=utf-8
host: localhost:60712
accept: */*

Response DefaultHttpResponse(decodeResult: success, version: HTTP/1.1)
HTTP/1.1 200 OK
Content-Type: application/json; charset=utf-8
cache-control: no-cache
content-length: 88

20:32:38.912 [AsyncHttpClient-1-3] DEBUG org.asynchttpclient.netty.channel.ChannelManager - Adding key: http://localhost:60712 for channel [id: 0xc15ebe5a, L:/127.0.0.1:55792 - R:localhost/127.0.0.1:60712]
20:32:38.920 [Forwarding sendKeysToElement on session 37e15d9e0502cb0b8ba5d0af8630c677 to remote] DEBUG org.asynchttpclient.netty.request.NettyRequestSender - Using pooled Channel '[id: 0xc15ebe5a, L:/127.0.0.1:55792 - R:localhost/127.0.0.1:60712]' for 'POST' to 'http://localhost:60712/session/37e15d9e0502cb0b8ba5d0af8630c677/element/0af7f923-0a97-4b02-a7b5-b0cd0cb5c9dd/value'
20:32:38.920 [Forwarding sendKeysToElement on session 37e15d9e0502cb0b8ba5d0af8630c677 to remote] DEBUG org.asynchttpclient.netty.request.NettyRequestSender - Using open Channel [id: 0xc15ebe5a, L:/127.0.0.1:55792 - R:localhost/127.0.0.1:60712] for POST '/session/37e15d9e0502cb0b8ba5d0af8630c677/element/0af7f923-0a97-4b02-a7b5-b0cd0cb5c9dd/value'
20:32:38.992 [AsyncHttpClient-1-1] DEBUG org.asynchttpclient.netty.channel.DefaultChannelPool - Entry count for : http://localhost:55793 : 1
20:32:39.913 [AsyncHttpClient-1-3] DEBUG org.asynchttpclient.netty.handler.HttpHandler - 

Request DefaultHttpRequest(decodeResult: success, version: HTTP/1.1)
POST /session/37e15d9e0502cb0b8ba5d0af8630c677/element/0af7f923-0a97-4b02-a7b5-b0cd0cb5c9dd/value HTTP/1.1
User-Agent: selenium/4.1.2 (java windows)
Content-Length: 181
Content-Type: application/json; charset=utf-8
host: localhost:60712
accept: */*

Response DefaultHttpResponse(decodeResult: success, version: HTTP/1.1)
HTTP/1.1 200 OK
Content-Type: application/json; charset=utf-8
cache-control: no-cache
content-length: 14

20:32:39.913 [AsyncHttpClient-1-3] DEBUG org.asynchttpclient.netty.channel.ChannelManager - Adding key: http://localhost:60712 for channel [id: 0xc15ebe5a, L:/127.0.0.1:55792 - R:localhost/127.0.0.1:60712]
20:32:39.921 [Forwarding findElement on session 37e15d9e0502cb0b8ba5d0af8630c677 to remote] DEBUG org.asynchttpclient.netty.request.NettyRequestSender - Using pooled Channel '[id: 0xc15ebe5a, L:/127.0.0.1:55792 - R:localhost/127.0.0.1:60712]' for 'POST' to 'http://localhost:60712/session/37e15d9e0502cb0b8ba5d0af8630c677/element'
20:32:39.921 [Forwarding findElement on session 37e15d9e0502cb0b8ba5d0af8630c677 to remote] DEBUG org.asynchttpclient.netty.request.NettyRequestSender - Using open Channel [id: 0xc15ebe5a, L:/127.0.0.1:55792 - R:localhost/127.0.0.1:60712] for POST '/session/37e15d9e0502cb0b8ba5d0af8630c677/element'
20:32:40.105 [AsyncHttpClient-1-1] DEBUG org.asynchttpclient.netty.channel.DefaultChannelPool - Entry count for : http://localhost:55793 : 1
20:32:40.121 [AsyncHttpClient-1-3] DEBUG org.asynchttpclient.netty.handler.HttpHandler - 

Request DefaultHttpRequest(decodeResult: success, version: HTTP/1.1)
POST /session/37e15d9e0502cb0b8ba5d0af8630c677/element HTTP/1.1
User-Agent: selenium/4.1.2 (java windows)
Content-Length: 66
Content-Type: application/json; charset=utf-8
host: localhost:60712
accept: */*

Response DefaultHttpResponse(decodeResult: success, version: HTTP/1.1)
HTTP/1.1 200 OK
Content-Type: application/json; charset=utf-8
cache-control: no-cache
content-length: 88

20:32:40.121 [AsyncHttpClient-1-3] DEBUG org.asynchttpclient.netty.channel.ChannelManager - Adding key: http://localhost:60712 for channel [id: 0xc15ebe5a, L:/127.0.0.1:55792 - R:localhost/127.0.0.1:60712]
20:32:40.129 [Forwarding sendKeysToElement on session 37e15d9e0502cb0b8ba5d0af8630c677 to remote] DEBUG org.asynchttpclient.netty.request.NettyRequestSender - Using pooled Channel '[id: 0xc15ebe5a, L:/127.0.0.1:55792 - R:localhost/127.0.0.1:60712]' for 'POST' to 'http://localhost:60712/session/37e15d9e0502cb0b8ba5d0af8630c677/element/23cf8e07-bac6-4f81-812a-24418bac5441/value'
20:32:40.129 [Forwarding sendKeysToElement on session 37e15d9e0502cb0b8ba5d0af8630c677 to remote] DEBUG org.asynchttpclient.netty.request.NettyRequestSender - Using open Channel [id: 0xc15ebe5a, L:/127.0.0.1:55792 - R:localhost/127.0.0.1:60712] for POST '/session/37e15d9e0502cb0b8ba5d0af8630c677/element/23cf8e07-bac6-4f81-812a-24418bac5441/value'
20:32:40.913 [AsyncHttpClient-1-3] DEBUG org.asynchttpclient.netty.handler.HttpHandler - 

Request DefaultHttpRequest(decodeResult: success, version: HTTP/1.1)
POST /session/37e15d9e0502cb0b8ba5d0af8630c677/element/23cf8e07-bac6-4f81-812a-24418bac5441/value HTTP/1.1
User-Agent: selenium/4.1.2 (java windows)
Content-Length: 101
Content-Type: application/json; charset=utf-8
host: localhost:60712
accept: */*

Response DefaultHttpResponse(decodeResult: success, version: HTTP/1.1)
HTTP/1.1 200 OK
Content-Type: application/json; charset=utf-8
cache-control: no-cache
content-length: 14

20:32:40.913 [AsyncHttpClient-1-3] DEBUG org.asynchttpclient.netty.channel.ChannelManager - Adding key: http://localhost:60712 for channel [id: 0xc15ebe5a, L:/127.0.0.1:55792 - R:localhost/127.0.0.1:60712]
20:32:40.921 [Forwarding findElement on session 37e15d9e0502cb0b8ba5d0af8630c677 to remote] DEBUG org.asynchttpclient.netty.request.NettyRequestSender - Using pooled Channel '[id: 0xc15ebe5a, L:/127.0.0.1:55792 - R:localhost/127.0.0.1:60712]' for 'POST' to 'http://localhost:60712/session/37e15d9e0502cb0b8ba5d0af8630c677/element'
20:32:40.921 [Forwarding findElement on session 37e15d9e0502cb0b8ba5d0af8630c677 to remote] DEBUG org.asynchttpclient.netty.request.NettyRequestSender - Using open Channel [id: 0xc15ebe5a, L:/127.0.0.1:55792 - R:localhost/127.0.0.1:60712] for POST '/session/37e15d9e0502cb0b8ba5d0af8630c677/element'
20:32:40.953 [AsyncHttpClient-1-3] DEBUG org.asynchttpclient.netty.handler.HttpHandler - 

Request DefaultHttpRequest(decodeResult: success, version: HTTP/1.1)
POST /session/37e15d9e0502cb0b8ba5d0af8630c677/element HTTP/1.1
User-Agent: selenium/4.1.2 (java windows)
Content-Length: 66
Content-Type: application/json; charset=utf-8
host: localhost:60712
accept: */*

Response DefaultHttpResponse(decodeResult: success, version: HTTP/1.1)
HTTP/1.1 200 OK
Content-Type: application/json; charset=utf-8
cache-control: no-cache
content-length: 88

20:32:40.953 [AsyncHttpClient-1-3] DEBUG org.asynchttpclient.netty.channel.ChannelManager - Adding key: http://localhost:60712 for channel [id: 0xc15ebe5a, L:/127.0.0.1:55792 - R:localhost/127.0.0.1:60712]
20:32:40.961 [Forwarding sendKeysToElement on session 37e15d9e0502cb0b8ba5d0af8630c677 to remote] DEBUG org.asynchttpclient.netty.request.NettyRequestSender - Using pooled Channel '[id: 0xc15ebe5a, L:/127.0.0.1:55792 - R:localhost/127.0.0.1:60712]' for 'POST' to 'http://localhost:60712/session/37e15d9e0502cb0b8ba5d0af8630c677/element/48d473fd-7bb6-464d-8149-6ed2dfcda212/value'
20:32:40.961 [Forwarding sendKeysToElement on session 37e15d9e0502cb0b8ba5d0af8630c677 to remote] DEBUG org.asynchttpclient.netty.request.NettyRequestSender - Using open Channel [id: 0xc15ebe5a, L:/127.0.0.1:55792 - R:localhost/127.0.0.1:60712] for POST '/session/37e15d9e0502cb0b8ba5d0af8630c677/element/48d473fd-7bb6-464d-8149-6ed2dfcda212/value'
20:32:41.089 [AsyncHttpClient-1-3] DEBUG org.asynchttpclient.netty.handler.HttpHandler - 

Request DefaultHttpRequest(decodeResult: success, version: HTTP/1.1)
POST /session/37e15d9e0502cb0b8ba5d0af8630c677/element/48d473fd-7bb6-464d-8149-6ed2dfcda212/value HTTP/1.1
User-Agent: selenium/4.1.2 (java windows)
Content-Length: 82
Content-Type: application/json; charset=utf-8
host: localhost:60712
accept: */*

Response DefaultHttpResponse(decodeResult: success, version: HTTP/1.1)
HTTP/1.1 200 OK
Content-Type: application/json; charset=utf-8
cache-control: no-cache
content-length: 14

20:32:41.089 [AsyncHttpClient-1-3] DEBUG org.asynchttpclient.netty.channel.ChannelManager - Adding key: http://localhost:60712 for channel [id: 0xc15ebe5a, L:/127.0.0.1:55792 - R:localhost/127.0.0.1:60712]
20:32:41.097 [Forwarding findElement on session 37e15d9e0502cb0b8ba5d0af8630c677 to remote] DEBUG org.asynchttpclient.netty.request.NettyRequestSender - Using pooled Channel '[id: 0xc15ebe5a, L:/127.0.0.1:55792 - R:localhost/127.0.0.1:60712]' for 'POST' to 'http://localhost:60712/session/37e15d9e0502cb0b8ba5d0af8630c677/element'
20:32:41.097 [Forwarding findElement on session 37e15d9e0502cb0b8ba5d0af8630c677 to remote] DEBUG org.asynchttpclient.netty.request.NettyRequestSender - Using open Channel [id: 0xc15ebe5a, L:/127.0.0.1:55792 - R:localhost/127.0.0.1:60712] for POST '/session/37e15d9e0502cb0b8ba5d0af8630c677/element'
20:32:41.153 [AsyncHttpClient-1-3] DEBUG org.asynchttpclient.netty.handler.HttpHandler - 

Request DefaultHttpRequest(decodeResult: success, version: HTTP/1.1)
POST /session/37e15d9e0502cb0b8ba5d0af8630c677/element HTTP/1.1
User-Agent: selenium/4.1.2 (java windows)
Content-Length: 68
Content-Type: application/json; charset=utf-8
host: localhost:60712
accept: */*

Response DefaultHttpResponse(decodeResult: success, version: HTTP/1.1)
HTTP/1.1 200 OK
Content-Type: application/json; charset=utf-8
cache-control: no-cache
content-length: 88

20:32:41.153 [AsyncHttpClient-1-3] DEBUG org.asynchttpclient.netty.channel.ChannelManager - Adding key: http://localhost:60712 for channel [id: 0xc15ebe5a, L:/127.0.0.1:55792 - R:localhost/127.0.0.1:60712]
20:32:41.153 [Forwarding sendKeysToElement on session 37e15d9e0502cb0b8ba5d0af8630c677 to remote] DEBUG org.asynchttpclient.netty.request.NettyRequestSender - Using pooled Channel '[id: 0xc15ebe5a, L:/127.0.0.1:55792 - R:localhost/127.0.0.1:60712]' for 'POST' to 'http://localhost:60712/session/37e15d9e0502cb0b8ba5d0af8630c677/element/4289dfaf-98bd-44da-b755-2dbd5fa679ab/value'
20:32:41.153 [Forwarding sendKeysToElement on session 37e15d9e0502cb0b8ba5d0af8630c677 to remote] DEBUG org.asynchttpclient.netty.request.NettyRequestSender - Using open Channel [id: 0xc15ebe5a, L:/127.0.0.1:55792 - R:localhost/127.0.0.1:60712] for POST '/session/37e15d9e0502cb0b8ba5d0af8630c677/element/4289dfaf-98bd-44da-b755-2dbd5fa679ab/value'
20:32:41.193 [AsyncHttpClient-1-1] DEBUG org.asynchttpclient.netty.channel.DefaultChannelPool - Entry count for : http://localhost:55793 : 1
20:32:42.289 [AsyncHttpClient-1-1] DEBUG org.asynchttpclient.netty.channel.DefaultChannelPool - Entry count for : http://localhost:55793 : 1
20:32:42.465 [AsyncHttpClient-1-3] DEBUG org.asynchttpclient.netty.handler.HttpHandler - 

Request DefaultHttpRequest(decodeResult: success, version: HTTP/1.1)
POST /session/37e15d9e0502cb0b8ba5d0af8630c677/element/4289dfaf-98bd-44da-b755-2dbd5fa679ab/value HTTP/1.1
User-Agent: selenium/4.1.2 (java windows)
Content-Length: 171
Content-Type: application/json; charset=utf-8
host: localhost:60712
accept: */*

Response DefaultHttpResponse(decodeResult: success, version: HTTP/1.1)
HTTP/1.1 200 OK
Content-Type: application/json; charset=utf-8
cache-control: no-cache
content-length: 14

20:32:42.465 [AsyncHttpClient-1-3] DEBUG org.asynchttpclient.netty.channel.ChannelManager - Adding key: http://localhost:60712 for channel [id: 0xc15ebe5a, L:/127.0.0.1:55792 - R:localhost/127.0.0.1:60712]
20:32:42.481 [Forwarding screenshot on session 37e15d9e0502cb0b8ba5d0af8630c677 to remote] DEBUG org.asynchttpclient.netty.request.NettyRequestSender - Using pooled Channel '[id: 0xc15ebe5a, L:/127.0.0.1:55792 - R:localhost/127.0.0.1:60712]' for 'GET' to 'http://localhost:60712/session/37e15d9e0502cb0b8ba5d0af8630c677/screenshot'
20:32:42.481 [Forwarding screenshot on session 37e15d9e0502cb0b8ba5d0af8630c677 to remote] DEBUG org.asynchttpclient.netty.request.NettyRequestSender - Using open Channel [id: 0xc15ebe5a, L:/127.0.0.1:55792 - R:localhost/127.0.0.1:60712] for GET '/session/37e15d9e0502cb0b8ba5d0af8630c677/screenshot'
20:32:43.339 [AsyncHttpClient-1-3] DEBUG org.asynchttpclient.netty.handler.HttpHandler - 

Request DefaultFullHttpRequest(decodeResult: success, version: HTTP/1.1, content: EmptyByteBufBE)
GET /session/37e15d9e0502cb0b8ba5d0af8630c677/screenshot HTTP/1.1
User-Agent: selenium/4.1.2 (java windows)
Cache-Control: no-cache
Content-Type: application/json; charset=utf-8
host: localhost:60712
accept: */*

Response DefaultHttpResponse(decodeResult: success, version: HTTP/1.1)
HTTP/1.1 200 OK
Content-Type: application/json; charset=utf-8
cache-control: no-cache
content-length: 403644

20:32:43.347 [AsyncHttpClient-1-3] DEBUG org.asynchttpclient.netty.channel.ChannelManager - Adding key: http://localhost:60712 for channel [id: 0xc15ebe5a, L:/127.0.0.1:55792 - R:localhost/127.0.0.1:60712]
20:32:43.379 [main] DEBUG net.serenitybdd.core.photography.Darkroom - Send negative for processing for target\site\serenity\a6f090db11c1395a088e75b3a16612692893240c6e32b3c7ff77c36989d1aa3d.png
20:32:43.379 [main] DEBUG net.thucydides.core.steps.StepInterceptor - STEP DONE: inputDataPasien
  &amp#27;[32mThen &amp#27;[0m&amp#27;[32mI input &amp#27;[0m&amp#27;[32m&amp#27;[1m"Bagas"&amp#27;[0m&amp#27;[32m &amp#27;[0m&amp#27;[32m&amp#27;[1m"1234479680"&amp#27;[0m&amp#27;[32m &amp#27;[0m&amp#27;[32m&amp#27;[1m"20"&amp#27;[0m&amp#27;[32m &amp#27;[0m&amp#27;[32m&amp#27;[1m""&amp#27;[0m&amp#27;[32m &amp#27;[0m&amp#27;[32m&amp#27;[1m"perumahan"&amp#27;[0m&amp#27;[32m patient&amp#27;[0m &amp#27;[90m# starter.stepdefinitios.PatientDataSteps.iInput(java.lang.String,java.lang.String,java.lang.String,java.lang.String,java.lang.String)&amp#27;[0m
20:32:43.379 [Darkroom Processing Line] DEBUG net.serenitybdd.core.photography.DarkroomProcessingLine - Processing screenshot image in /var/screenshots/screenshot-1297644276386116095
20:32:43.379 [Darkroom Processing Line] DEBUG net.serenitybdd.core.photography.DarkroomProcessingLine - Saving screenshot to target\site\serenity\a6f090db11c1395a088e75b3a16612692893240c6e32b3c7ff77c36989d1aa3d.png
20:32:43.419 [AsyncHttpClient-1-1] DEBUG org.asynchttpclient.netty.channel.DefaultChannelPool - Entry count for : http://localhost:55793 : 1
20:32:43.419 [AsyncHttpClient-1-1] DEBUG org.asynchttpclient.netty.channel.DefaultChannelPool - Entry count for : http://localhost:60712 : 1
20:32:43.443 [Forwarding screenshot on session 37e15d9e0502cb0b8ba5d0af8630c677 to remote] DEBUG org.asynchttpclient.netty.request.NettyRequestSender - Using pooled Channel '[id: 0xc15ebe5a, L:/127.0.0.1:55792 - R:localhost/127.0.0.1:60712]' for 'GET' to 'http://localhost:60712/session/37e15d9e0502cb0b8ba5d0af8630c677/screenshot'
20:32:43.443 [Forwarding screenshot on session 37e15d9e0502cb0b8ba5d0af8630c677 to remote] DEBUG org.asynchttpclient.netty.request.NettyRequestSender - Using open Channel [id: 0xc15ebe5a, L:/127.0.0.1:55792 - R:localhost/127.0.0.1:60712] for GET '/session/37e15d9e0502cb0b8ba5d0af8630c677/screenshot'
20:32:44.137 [AsyncHttpClient-1-3] DEBUG org.asynchttpclient.netty.handler.HttpHandler - 

Request DefaultFullHttpRequest(decodeResult: success, version: HTTP/1.1, content: EmptyByteBufBE)
GET /session/37e15d9e0502cb0b8ba5d0af8630c677/screenshot HTTP/1.1
User-Agent: selenium/4.1.2 (java windows)
Cache-Control: no-cache
Content-Type: application/json; charset=utf-8
host: localhost:60712
accept: */*

Response DefaultHttpResponse(decodeResult: success, version: HTTP/1.1)
HTTP/1.1 200 OK
Content-Type: application/json; charset=utf-8
cache-control: no-cache
content-length: 403644

20:32:44.137 [AsyncHttpClient-1-3] DEBUG org.asynchttpclient.netty.channel.ChannelManager - Adding key: http://localhost:60712 for channel [id: 0xc15ebe5a, L:/127.0.0.1:55792 - R:localhost/127.0.0.1:60712]
20:32:44.185 [main] DEBUG net.serenitybdd.core.photography.Darkroom - Send negative for processing for target\site\serenity\a6f090db11c1395a088e75b3a16612692893240c6e32b3c7ff77c36989d1aa3d.png
20:32:44.225 [main] DEBUG net.thucydides.core.steps.StepInterceptor - STARTING STEP: PatientDataSteps.iClickButtonJenisKelamin - clickLaki
20:32:44.241 [Forwarding findElement on session 37e15d9e0502cb0b8ba5d0af8630c677 to remote] DEBUG org.asynchttpclient.netty.request.NettyRequestSender - Using pooled Channel '[id: 0xc15ebe5a, L:/127.0.0.1:55792 - R:localhost/127.0.0.1:60712]' for 'POST' to 'http://localhost:60712/session/37e15d9e0502cb0b8ba5d0af8630c677/element'
20:32:44.241 [Forwarding findElement on session 37e15d9e0502cb0b8ba5d0af8630c677 to remote] DEBUG org.asynchttpclient.netty.request.NettyRequestSender - Using open Channel [id: 0xc15ebe5a, L:/127.0.0.1:55792 - R:localhost/127.0.0.1:60712] for POST '/session/37e15d9e0502cb0b8ba5d0af8630c677/element'
20:32:44.345 [AsyncHttpClient-1-3] DEBUG org.asynchttpclient.netty.handler.HttpHandler - 

Request DefaultHttpRequest(decodeResult: success, version: HTTP/1.1)
POST /session/37e15d9e0502cb0b8ba5d0af8630c677/element HTTP/1.1
User-Agent: selenium/4.1.2 (java windows)
Content-Length: 179
Content-Type: application/json; charset=utf-8
host: localhost:60712
accept: */*

Response DefaultHttpResponse(decodeResult: success, version: HTTP/1.1)
HTTP/1.1 200 OK
Content-Type: application/json; charset=utf-8
cache-control: no-cache
content-length: 88

20:32:44.345 [AsyncHttpClient-1-3] DEBUG org.asynchttpclient.netty.channel.ChannelManager - Adding key: http://localhost:60712 for channel [id: 0xc15ebe5a, L:/127.0.0.1:55792 - R:localhost/127.0.0.1:60712]
20:32:44.353 [Forwarding getElementTagName on session 37e15d9e0502cb0b8ba5d0af8630c677 to remote] DEBUG org.asynchttpclient.netty.request.NettyRequestSender - Using pooled Channel '[id: 0xc15ebe5a, L:/127.0.0.1:55792 - R:localhost/127.0.0.1:60712]' for 'GET' to 'http://localhost:60712/session/37e15d9e0502cb0b8ba5d0af8630c677/element/de8ce808-6f9f-4eae-960f-2c1c14c0fb76/name'
20:32:44.353 [Forwarding getElementTagName on session 37e15d9e0502cb0b8ba5d0af8630c677 to remote] DEBUG org.asynchttpclient.netty.request.NettyRequestSender - Using open Channel [id: 0xc15ebe5a, L:/127.0.0.1:55792 - R:localhost/127.0.0.1:60712] for GET '/session/37e15d9e0502cb0b8ba5d0af8630c677/element/de8ce808-6f9f-4eae-960f-2c1c14c0fb76/name'
20:32:44.390 [AsyncHttpClient-1-3] DEBUG org.asynchttpclient.netty.handler.HttpHandler - 

Request DefaultFullHttpRequest(decodeResult: success, version: HTTP/1.1, content: EmptyByteBufBE)
GET /session/37e15d9e0502cb0b8ba5d0af8630c677/element/de8ce808-6f9f-4eae-960f-2c1c14c0fb76/name HTTP/1.1
User-Agent: selenium/4.1.2 (java windows)
Cache-Control: no-cache
Content-Type: application/json; charset=utf-8
host: localhost:60712
accept: */*

Response DefaultHttpResponse(decodeResult: success, version: HTTP/1.1)
HTTP/1.1 200 OK
Content-Type: application/json; charset=utf-8
cache-control: no-cache
content-length: 16

20:32:44.390 [AsyncHttpClient-1-3] DEBUG org.asynchttpclient.netty.channel.ChannelManager - Adding key: http://localhost:60712 for channel [id: 0xc15ebe5a, L:/127.0.0.1:55792 - R:localhost/127.0.0.1:60712]
20:32:44.390 [Forwarding getElementTagName on session 37e15d9e0502cb0b8ba5d0af8630c677 to remote] DEBUG org.asynchttpclient.netty.request.NettyRequestSender - Using pooled Channel '[id: 0xc15ebe5a, L:/127.0.0.1:55792 - R:localhost/127.0.0.1:60712]' for 'GET' to 'http://localhost:60712/session/37e15d9e0502cb0b8ba5d0af8630c677/element/de8ce808-6f9f-4eae-960f-2c1c14c0fb76/name'
20:32:44.390 [Forwarding getElementTagName on session 37e15d9e0502cb0b8ba5d0af8630c677 to remote] DEBUG org.asynchttpclient.netty.request.NettyRequestSender - Using open Channel [id: 0xc15ebe5a, L:/127.0.0.1:55792 - R:localhost/127.0.0.1:60712] for GET '/session/37e15d9e0502cb0b8ba5d0af8630c677/element/de8ce808-6f9f-4eae-960f-2c1c14c0fb76/name'
20:32:44.406 [AsyncHttpClient-1-3] DEBUG org.asynchttpclient.netty.handler.HttpHandler - 

Request DefaultFullHttpRequest(decodeResult: success, version: HTTP/1.1, content: EmptyByteBufBE)
GET /session/37e15d9e0502cb0b8ba5d0af8630c677/element/de8ce808-6f9f-4eae-960f-2c1c14c0fb76/name HTTP/1.1
User-Agent: selenium/4.1.2 (java windows)
Cache-Control: no-cache
Content-Type: application/json; charset=utf-8
host: localhost:60712
accept: */*

Response DefaultHttpResponse(decodeResult: success, version: HTTP/1.1)
HTTP/1.1 200 OK
Content-Type: application/json; charset=utf-8
cache-control: no-cache
content-length: 16

20:32:44.406 [AsyncHttpClient-1-3] DEBUG org.asynchttpclient.netty.channel.ChannelManager - Adding key: http://localhost:60712 for channel [id: 0xc15ebe5a, L:/127.0.0.1:55792 - R:localhost/127.0.0.1:60712]
20:32:44.414 [Forwarding findElement on session 37e15d9e0502cb0b8ba5d0af8630c677 to remote] DEBUG org.asynchttpclient.netty.request.NettyRequestSender - Using pooled Channel '[id: 0xc15ebe5a, L:/127.0.0.1:55792 - R:localhost/127.0.0.1:60712]' for 'POST' to 'http://localhost:60712/session/37e15d9e0502cb0b8ba5d0af8630c677/element'
20:32:44.414 [Forwarding findElement on session 37e15d9e0502cb0b8ba5d0af8630c677 to remote] DEBUG org.asynchttpclient.netty.request.NettyRequestSender - Using open Channel [id: 0xc15ebe5a, L:/127.0.0.1:55792 - R:localhost/127.0.0.1:60712] for POST '/session/37e15d9e0502cb0b8ba5d0af8630c677/element'
20:32:44.438 [AsyncHttpClient-1-3] DEBUG org.asynchttpclient.netty.handler.HttpHandler - 

Request DefaultHttpRequest(decodeResult: success, version: HTTP/1.1)
POST /session/37e15d9e0502cb0b8ba5d0af8630c677/element HTTP/1.1
User-Agent: selenium/4.1.2 (java windows)
Content-Length: 179
Content-Type: application/json; charset=utf-8
host: localhost:60712
accept: */*

Response DefaultHttpResponse(decodeResult: success, version: HTTP/1.1)
HTTP/1.1 200 OK
Content-Type: application/json; charset=utf-8
cache-control: no-cache
content-length: 88

20:32:44.438 [AsyncHttpClient-1-3] DEBUG org.asynchttpclient.netty.channel.ChannelManager - Adding key: http://localhost:60712 for channel [id: 0xc15ebe5a, L:/127.0.0.1:55792 - R:localhost/127.0.0.1:60712]
20:32:44.438 [Forwarding clickElement on session 37e15d9e0502cb0b8ba5d0af8630c677 to remote] DEBUG org.asynchttpclient.netty.request.NettyRequestSender - Using pooled Channel '[id: 0xc15ebe5a, L:/127.0.0.1:55792 - R:localhost/127.0.0.1:60712]' for 'POST' to 'http://localhost:60712/session/37e15d9e0502cb0b8ba5d0af8630c677/element/de8ce808-6f9f-4eae-960f-2c1c14c0fb76/click'
20:32:44.438 [Forwarding clickElement on session 37e15d9e0502cb0b8ba5d0af8630c677 to remote] DEBUG org.asynchttpclient.netty.request.NettyRequestSender - Using open Channel [id: 0xc15ebe5a, L:/127.0.0.1:55792 - R:localhost/127.0.0.1:60712] for POST '/session/37e15d9e0502cb0b8ba5d0af8630c677/element/de8ce808-6f9f-4eae-960f-2c1c14c0fb76/click'
20:32:44.494 [AsyncHttpClient-1-1] DEBUG org.asynchttpclient.netty.channel.DefaultChannelPool - Entry count for : http://localhost:55793 : 1
20:32:44.638 [AsyncHttpClient-1-3] DEBUG org.asynchttpclient.netty.handler.HttpHandler - 

Request DefaultHttpRequest(decodeResult: success, version: HTTP/1.1)
POST /session/37e15d9e0502cb0b8ba5d0af8630c677/element/de8ce808-6f9f-4eae-960f-2c1c14c0fb76/click HTTP/1.1
User-Agent: selenium/4.1.2 (java windows)
Content-Length: 50
Content-Type: application/json; charset=utf-8
host: localhost:60712
accept: */*

Response DefaultHttpResponse(decodeResult: success, version: HTTP/1.1)
HTTP/1.1 200 OK
Content-Type: application/json; charset=utf-8
cache-control: no-cache
content-length: 14

20:32:44.638 [AsyncHttpClient-1-3] DEBUG org.asynchttpclient.netty.channel.ChannelManager - Adding key: http://localhost:60712 for channel [id: 0xc15ebe5a, L:/127.0.0.1:55792 - R:localhost/127.0.0.1:60712]
20:32:44.670 [Forwarding screenshot on session 37e15d9e0502cb0b8ba5d0af8630c677 to remote] DEBUG org.asynchttpclient.netty.request.NettyRequestSender - Using pooled Channel '[id: 0xc15ebe5a, L:/127.0.0.1:55792 - R:localhost/127.0.0.1:60712]' for 'GET' to 'http://localhost:60712/session/37e15d9e0502cb0b8ba5d0af8630c677/screenshot'
20:32:44.670 [Forwarding screenshot on session 37e15d9e0502cb0b8ba5d0af8630c677 to remote] DEBUG org.asynchttpclient.netty.request.NettyRequestSender - Using open Channel [id: 0xc15ebe5a, L:/127.0.0.1:55792 - R:localhost/127.0.0.1:60712] for GET '/session/37e15d9e0502cb0b8ba5d0af8630c677/screenshot'
20:32:45.354 [AsyncHttpClient-1-3] DEBUG org.asynchttpclient.netty.handler.HttpHandler - 

Request DefaultFullHttpRequest(decodeResult: success, version: HTTP/1.1, content: EmptyByteBufBE)
GET /session/37e15d9e0502cb0b8ba5d0af8630c677/screenshot HTTP/1.1
User-Agent: selenium/4.1.2 (java windows)
Cache-Control: no-cache
Content-Type: application/json; charset=utf-8
host: localhost:60712
accept: */*

Response DefaultHttpResponse(decodeResult: success, version: HTTP/1.1)
HTTP/1.1 200 OK
Content-Type: application/json; charset=utf-8
cache-control: no-cache
content-length: 405244

20:32:45.362 [AsyncHttpClient-1-3] DEBUG org.asynchttpclient.netty.channel.ChannelManager - Adding key: http://localhost:60712 for channel [id: 0xc15ebe5a, L:/127.0.0.1:55792 - R:localhost/127.0.0.1:60712]
20:32:45.394 [main] DEBUG net.serenitybdd.core.photography.Darkroom - Send negative for processing for target\site\serenity\4c2551fee328bf0bde70c3272c0c2439bbc17800545e7d2e742743665e5cd1e0.png
20:32:45.402 [main] DEBUG net.thucydides.core.steps.StepInterceptor - STEP DONE: clickLaki
  &amp#27;[32mAnd &amp#27;[0m&amp#27;[32mI click button jenis kelamin patient&amp#27;[0m                      &amp#27;[90m# starter.stepdefinitios.PatientDataSteps.iClickButtonJenisKelamin()&amp#27;[0m
20:32:45.402 [Darkroom Processing Line] DEBUG net.serenitybdd.core.photography.DarkroomProcessingLine - Processing screenshot image in /var/screenshots/screenshot-13402901617720509054
20:32:45.402 [Darkroom Processing Line] DEBUG net.serenitybdd.core.photography.DarkroomProcessingLine - Saving screenshot to target\site\serenity\4c2551fee328bf0bde70c3272c0c2439bbc17800545e7d2e742743665e5cd1e0.png
20:32:45.466 [Forwarding screenshot on session 37e15d9e0502cb0b8ba5d0af8630c677 to remote] DEBUG org.asynchttpclient.netty.request.NettyRequestSender - Using pooled Channel '[id: 0xc15ebe5a, L:/127.0.0.1:55792 - R:localhost/127.0.0.1:60712]' for 'GET' to 'http://localhost:60712/session/37e15d9e0502cb0b8ba5d0af8630c677/screenshot'
20:32:45.466 [Forwarding screenshot on session 37e15d9e0502cb0b8ba5d0af8630c677 to remote] DEBUG org.asynchttpclient.netty.request.NettyRequestSender - Using open Channel [id: 0xc15ebe5a, L:/127.0.0.1:55792 - R:localhost/127.0.0.1:60712] for GET '/session/37e15d9e0502cb0b8ba5d0af8630c677/screenshot'
20:32:45.594 [AsyncHttpClient-1-1] DEBUG org.asynchttpclient.netty.channel.DefaultChannelPool - Entry count for : http://localhost:55793 : 1
20:32:45.934 [AsyncHttpClient-1-3] DEBUG org.asynchttpclient.netty.handler.HttpHandler - 

Request DefaultFullHttpRequest(decodeResult: success, version: HTTP/1.1, content: EmptyByteBufBE)
GET /session/37e15d9e0502cb0b8ba5d0af8630c677/screenshot HTTP/1.1
User-Agent: selenium/4.1.2 (java windows)
Cache-Control: no-cache
Content-Type: application/json; charset=utf-8
host: localhost:60712
accept: */*

Response DefaultHttpResponse(decodeResult: success, version: HTTP/1.1)
HTTP/1.1 200 OK
Content-Type: application/json; charset=utf-8
cache-control: no-cache
content-length: 405084

20:32:45.942 [AsyncHttpClient-1-3] DEBUG org.asynchttpclient.netty.channel.ChannelManager - Adding key: http://localhost:60712 for channel [id: 0xc15ebe5a, L:/127.0.0.1:55792 - R:localhost/127.0.0.1:60712]
20:32:45.974 [main] DEBUG net.serenitybdd.core.photography.Darkroom - Send negative for processing for target\site\serenity\e6fb4c21c761fbdb0561cafd13d54423eeb4e1a6f2ae45953bd1ee111fa36964.png
20:32:45.982 [Darkroom Processing Line] DEBUG net.serenitybdd.core.photography.DarkroomProcessingLine - Processing screenshot image in /var/screenshots/screenshot-16793901996986661832
20:32:45.982 [Darkroom Processing Line] DEBUG net.serenitybdd.core.photography.DarkroomProcessingLine - Saving screenshot to target\site\serenity\e6fb4c21c761fbdb0561cafd13d54423eeb4e1a6f2ae45953bd1ee111fa36964.png
20:32:45.998 [main] DEBUG net.thucydides.core.steps.StepInterceptor - STARTING STEP: PatientDataSteps.clickButtonSimpan - clickButtonSave
20:32:46.006 [Forwarding findElement on session 37e15d9e0502cb0b8ba5d0af8630c677 to remote] DEBUG org.asynchttpclient.netty.request.NettyRequestSender - Using pooled Channel '[id: 0xc15ebe5a, L:/127.0.0.1:55792 - R:localhost/127.0.0.1:60712]' for 'POST' to 'http://localhost:60712/session/37e15d9e0502cb0b8ba5d0af8630c677/element'
20:32:46.006 [Forwarding findElement on session 37e15d9e0502cb0b8ba5d0af8630c677 to remote] DEBUG org.asynchttpclient.netty.request.NettyRequestSender - Using open Channel [id: 0xc15ebe5a, L:/127.0.0.1:55792 - R:localhost/127.0.0.1:60712] for POST '/session/37e15d9e0502cb0b8ba5d0af8630c677/element'
20:32:46.030 [AsyncHttpClient-1-3] DEBUG org.asynchttpclient.netty.handler.HttpHandler - 

Request DefaultHttpRequest(decodeResult: success, version: HTTP/1.1)
POST /session/37e15d9e0502cb0b8ba5d0af8630c677/element HTTP/1.1
User-Agent: selenium/4.1.2 (java windows)
Content-Length: 68
Content-Type: application/json; charset=utf-8
host: localhost:60712
accept: */*

Response DefaultHttpResponse(decodeResult: success, version: HTTP/1.1)
HTTP/1.1 200 OK
Content-Type: application/json; charset=utf-8
cache-control: no-cache
content-length: 88

20:32:46.030 [AsyncHttpClient-1-3] DEBUG org.asynchttpclient.netty.channel.ChannelManager - Adding key: http://localhost:60712 for channel [id: 0xc15ebe5a, L:/127.0.0.1:55792 - R:localhost/127.0.0.1:60712]
20:32:46.038 [Forwarding getElementTagName on session 37e15d9e0502cb0b8ba5d0af8630c677 to remote] DEBUG org.asynchttpclient.netty.request.NettyRequestSender - Using pooled Channel '[id: 0xc15ebe5a, L:/127.0.0.1:55792 - R:localhost/127.0.0.1:60712]' for 'GET' to 'http://localhost:60712/session/37e15d9e0502cb0b8ba5d0af8630c677/element/7787f48c-f1fd-43b1-9291-3f0b67c51b97/name'
20:32:46.038 [Forwarding getElementTagName on session 37e15d9e0502cb0b8ba5d0af8630c677 to remote] DEBUG org.asynchttpclient.netty.request.NettyRequestSender - Using open Channel [id: 0xc15ebe5a, L:/127.0.0.1:55792 - R:localhost/127.0.0.1:60712] for GET '/session/37e15d9e0502cb0b8ba5d0af8630c677/element/7787f48c-f1fd-43b1-9291-3f0b67c51b97/name'
20:32:46.046 [AsyncHttpClient-1-3] DEBUG org.asynchttpclient.netty.handler.HttpHandler - 

Request DefaultFullHttpRequest(decodeResult: success, version: HTTP/1.1, content: EmptyByteBufBE)
GET /session/37e15d9e0502cb0b8ba5d0af8630c677/element/7787f48c-f1fd-43b1-9291-3f0b67c51b97/name HTTP/1.1
User-Agent: selenium/4.1.2 (java windows)
Cache-Control: no-cache
Content-Type: application/json; charset=utf-8
host: localhost:60712
accept: */*

Response DefaultHttpResponse(decodeResult: success, version: HTTP/1.1)
HTTP/1.1 200 OK
Content-Type: application/json; charset=utf-8
cache-control: no-cache
content-length: 18

20:32:46.046 [AsyncHttpClient-1-3] DEBUG org.asynchttpclient.netty.channel.ChannelManager - Adding key: http://localhost:60712 for channel [id: 0xc15ebe5a, L:/127.0.0.1:55792 - R:localhost/127.0.0.1:60712]
20:32:46.054 [Forwarding getElementTagName on session 37e15d9e0502cb0b8ba5d0af8630c677 to remote] DEBUG org.asynchttpclient.netty.request.NettyRequestSender - Using pooled Channel '[id: 0xc15ebe5a, L:/127.0.0.1:55792 - R:localhost/127.0.0.1:60712]' for 'GET' to 'http://localhost:60712/session/37e15d9e0502cb0b8ba5d0af8630c677/element/7787f48c-f1fd-43b1-9291-3f0b67c51b97/name'
20:32:46.054 [Forwarding getElementTagName on session 37e15d9e0502cb0b8ba5d0af8630c677 to remote] DEBUG org.asynchttpclient.netty.request.NettyRequestSender - Using open Channel [id: 0xc15ebe5a, L:/127.0.0.1:55792 - R:localhost/127.0.0.1:60712] for GET '/session/37e15d9e0502cb0b8ba5d0af8630c677/element/7787f48c-f1fd-43b1-9291-3f0b67c51b97/name'
20:32:46.062 [AsyncHttpClient-1-3] DEBUG org.asynchttpclient.netty.handler.HttpHandler - 

Request DefaultFullHttpRequest(decodeResult: success, version: HTTP/1.1, content: EmptyByteBufBE)
GET /session/37e15d9e0502cb0b8ba5d0af8630c677/element/7787f48c-f1fd-43b1-9291-3f0b67c51b97/name HTTP/1.1
User-Agent: selenium/4.1.2 (java windows)
Cache-Control: no-cache
Content-Type: application/json; charset=utf-8
host: localhost:60712
accept: */*

Response DefaultHttpResponse(decodeResult: success, version: HTTP/1.1)
HTTP/1.1 200 OK
Content-Type: application/json; charset=utf-8
cache-control: no-cache
content-length: 18

20:32:46.062 [AsyncHttpClient-1-3] DEBUG org.asynchttpclient.netty.channel.ChannelManager - Adding key: http://localhost:60712 for channel [id: 0xc15ebe5a, L:/127.0.0.1:55792 - R:localhost/127.0.0.1:60712]
20:32:46.070 [Forwarding isElementEnabled on session 37e15d9e0502cb0b8ba5d0af8630c677 to remote] DEBUG org.asynchttpclient.netty.request.NettyRequestSender - Using pooled Channel '[id: 0xc15ebe5a, L:/127.0.0.1:55792 - R:localhost/127.0.0.1:60712]' for 'GET' to 'http://localhost:60712/session/37e15d9e0502cb0b8ba5d0af8630c677/element/7787f48c-f1fd-43b1-9291-3f0b67c51b97/enabled'
20:32:46.070 [Forwarding isElementEnabled on session 37e15d9e0502cb0b8ba5d0af8630c677 to remote] DEBUG org.asynchttpclient.netty.request.NettyRequestSender - Using open Channel [id: 0xc15ebe5a, L:/127.0.0.1:55792 - R:localhost/127.0.0.1:60712] for GET '/session/37e15d9e0502cb0b8ba5d0af8630c677/element/7787f48c-f1fd-43b1-9291-3f0b67c51b97/enabled'
20:32:46.126 [AsyncHttpClient-1-3] DEBUG org.asynchttpclient.netty.handler.HttpHandler - 

Request DefaultFullHttpRequest(decodeResult: success, version: HTTP/1.1, content: EmptyByteBufBE)
GET /session/37e15d9e0502cb0b8ba5d0af8630c677/element/7787f48c-f1fd-43b1-9291-3f0b67c51b97/enabled HTTP/1.1
User-Agent: selenium/4.1.2 (java windows)
Cache-Control: no-cache
Content-Type: application/json; charset=utf-8
host: localhost:60712
accept: */*

Response DefaultHttpResponse(decodeResult: success, version: HTTP/1.1)
HTTP/1.1 200 OK
Content-Type: application/json; charset=utf-8
cache-control: no-cache
content-length: 14

20:32:46.126 [AsyncHttpClient-1-3] DEBUG org.asynchttpclient.netty.channel.ChannelManager - Adding key: http://localhost:60712 for channel [id: 0xc15ebe5a, L:/127.0.0.1:55792 - R:localhost/127.0.0.1:60712]
20:32:46.142 [Forwarding isElementEnabled on session 37e15d9e0502cb0b8ba5d0af8630c677 to remote] DEBUG org.asynchttpclient.netty.request.NettyRequestSender - Using pooled Channel '[id: 0xc15ebe5a, L:/127.0.0.1:55792 - R:localhost/127.0.0.1:60712]' for 'GET' to 'http://localhost:60712/session/37e15d9e0502cb0b8ba5d0af8630c677/element/7787f48c-f1fd-43b1-9291-3f0b67c51b97/enabled'
20:32:46.142 [Forwarding isElementEnabled on session 37e15d9e0502cb0b8ba5d0af8630c677 to remote] DEBUG org.asynchttpclient.netty.request.NettyRequestSender - Using open Channel [id: 0xc15ebe5a, L:/127.0.0.1:55792 - R:localhost/127.0.0.1:60712] for GET '/session/37e15d9e0502cb0b8ba5d0af8630c677/element/7787f48c-f1fd-43b1-9291-3f0b67c51b97/enabled'
20:32:46.174 [AsyncHttpClient-1-3] DEBUG org.asynchttpclient.netty.handler.HttpHandler - 

Request DefaultFullHttpRequest(decodeResult: success, version: HTTP/1.1, content: EmptyByteBufBE)
GET /session/37e15d9e0502cb0b8ba5d0af8630c677/element/7787f48c-f1fd-43b1-9291-3f0b67c51b97/enabled HTTP/1.1
User-Agent: selenium/4.1.2 (java windows)
Cache-Control: no-cache
Content-Type: application/json; charset=utf-8
host: localhost:60712
accept: */*

Response DefaultHttpResponse(decodeResult: success, version: HTTP/1.1)
HTTP/1.1 200 OK
Content-Type: application/json; charset=utf-8
cache-control: no-cache
content-length: 14

20:32:46.174 [AsyncHttpClient-1-3] DEBUG org.asynchttpclient.netty.channel.ChannelManager - Adding key: http://localhost:60712 for channel [id: 0xc15ebe5a, L:/127.0.0.1:55792 - R:localhost/127.0.0.1:60712]
20:32:46.183 [Forwarding findElement on session 37e15d9e0502cb0b8ba5d0af8630c677 to remote] DEBUG org.asynchttpclient.netty.request.NettyRequestSender - Using pooled Channel '[id: 0xc15ebe5a, L:/127.0.0.1:55792 - R:localhost/127.0.0.1:60712]' for 'POST' to 'http://localhost:60712/session/37e15d9e0502cb0b8ba5d0af8630c677/element'
20:32:46.183 [Forwarding findElement on session 37e15d9e0502cb0b8ba5d0af8630c677 to remote] DEBUG org.asynchttpclient.netty.request.NettyRequestSender - Using open Channel [id: 0xc15ebe5a, L:/127.0.0.1:55792 - R:localhost/127.0.0.1:60712] for POST '/session/37e15d9e0502cb0b8ba5d0af8630c677/element'
20:32:46.198 [AsyncHttpClient-1-3] DEBUG org.asynchttpclient.netty.handler.HttpHandler - 

Request DefaultHttpRequest(decodeResult: success, version: HTTP/1.1)
POST /session/37e15d9e0502cb0b8ba5d0af8630c677/element HTTP/1.1
User-Agent: selenium/4.1.2 (java windows)
Content-Length: 68
Content-Type: application/json; charset=utf-8
host: localhost:60712
accept: */*

Response DefaultHttpResponse(decodeResult: success, version: HTTP/1.1)
HTTP/1.1 200 OK
Content-Type: application/json; charset=utf-8
cache-control: no-cache
content-length: 88

20:32:46.198 [AsyncHttpClient-1-3] DEBUG org.asynchttpclient.netty.channel.ChannelManager - Adding key: http://localhost:60712 for channel [id: 0xc15ebe5a, L:/127.0.0.1:55792 - R:localhost/127.0.0.1:60712]
20:32:46.198 [Forwarding clickElement on session 37e15d9e0502cb0b8ba5d0af8630c677 to remote] DEBUG org.asynchttpclient.netty.request.NettyRequestSender - Using pooled Channel '[id: 0xc15ebe5a, L:/127.0.0.1:55792 - R:localhost/127.0.0.1:60712]' for 'POST' to 'http://localhost:60712/session/37e15d9e0502cb0b8ba5d0af8630c677/element/7787f48c-f1fd-43b1-9291-3f0b67c51b97/click'
20:32:46.198 [Forwarding clickElement on session 37e15d9e0502cb0b8ba5d0af8630c677 to remote] DEBUG org.asynchttpclient.netty.request.NettyRequestSender - Using open Channel [id: 0xc15ebe5a, L:/127.0.0.1:55792 - R:localhost/127.0.0.1:60712] for POST '/session/37e15d9e0502cb0b8ba5d0af8630c677/element/7787f48c-f1fd-43b1-9291-3f0b67c51b97/click'
20:32:46.342 [AsyncHttpClient-1-3] DEBUG org.asynchttpclient.netty.handler.HttpHandler - 

Request DefaultHttpRequest(decodeResult: success, version: HTTP/1.1)
POST /session/37e15d9e0502cb0b8ba5d0af8630c677/element/7787f48c-f1fd-43b1-9291-3f0b67c51b97/click HTTP/1.1
User-Agent: selenium/4.1.2 (java windows)
Content-Length: 50
Content-Type: application/json; charset=utf-8
host: localhost:60712
accept: */*

Response DefaultHttpResponse(decodeResult: success, version: HTTP/1.1)
HTTP/1.1 200 OK
Content-Type: application/json; charset=utf-8
cache-control: no-cache
content-length: 14

20:32:46.350 [AsyncHttpClient-1-3] DEBUG org.asynchttpclient.netty.channel.ChannelManager - Adding key: http://localhost:60712 for channel [id: 0xc15ebe5a, L:/127.0.0.1:55792 - R:localhost/127.0.0.1:60712]
20:32:46.374 [Forwarding screenshot on session 37e15d9e0502cb0b8ba5d0af8630c677 to remote] DEBUG org.asynchttpclient.netty.request.NettyRequestSender - Using pooled Channel '[id: 0xc15ebe5a, L:/127.0.0.1:55792 - R:localhost/127.0.0.1:60712]' for 'GET' to 'http://localhost:60712/session/37e15d9e0502cb0b8ba5d0af8630c677/screenshot'
20:32:46.374 [Forwarding screenshot on session 37e15d9e0502cb0b8ba5d0af8630c677 to remote] DEBUG org.asynchttpclient.netty.request.NettyRequestSender - Using open Channel [id: 0xc15ebe5a, L:/127.0.0.1:55792 - R:localhost/127.0.0.1:60712] for GET '/session/37e15d9e0502cb0b8ba5d0af8630c677/screenshot'
20:32:46.694 [AsyncHttpClient-1-1] DEBUG org.asynchttpclient.netty.channel.DefaultChannelPool - Entry count for : http://localhost:55793 : 1
20:32:47.398 [AsyncHttpClient-1-3] DEBUG org.asynchttpclient.netty.handler.HttpHandler - 

Request DefaultFullHttpRequest(decodeResult: success, version: HTTP/1.1, content: EmptyByteBufBE)
GET /session/37e15d9e0502cb0b8ba5d0af8630c677/screenshot HTTP/1.1
User-Agent: selenium/4.1.2 (java windows)
Cache-Control: no-cache
Content-Type: application/json; charset=utf-8
host: localhost:60712
accept: */*

Response DefaultHttpResponse(decodeResult: success, version: HTTP/1.1)
HTTP/1.1 200 OK
Content-Type: application/json; charset=utf-8
cache-control: no-cache
content-length: 404772

20:32:47.406 [AsyncHttpClient-1-3] DEBUG org.asynchttpclient.netty.channel.ChannelManager - Adding key: http://localhost:60712 for channel [id: 0xc15ebe5a, L:/127.0.0.1:55792 - R:localhost/127.0.0.1:60712]
20:32:47.438 [main] DEBUG net.serenitybdd.core.photography.Darkroom - Send negative for processing for target\site\serenity\d4abbb37d25dae3eefc506f7ab98cf21673d3dec3a8bf3cbe5b93714bb4e2f60.png
20:32:47.438 [main] DEBUG net.thucydides.core.steps.StepInterceptor - STEP DONE: clickButtonSave
  &amp#27;[32mAnd &amp#27;[0m&amp#27;[32mClick button simpan&amp#27;[0m                                       &amp#27;[90m# starter.stepdefinitios.PatientDataSteps.clickButtonSimpan()&amp#27;[0m
20:32:47.454 [Darkroom Processing Line] DEBUG net.serenitybdd.core.photography.DarkroomProcessingLine - Processing screenshot image in /var/screenshots/screenshot-11407731055554198620
20:32:47.454 [Darkroom Processing Line] DEBUG net.serenitybdd.core.photography.DarkroomProcessingLine - Saving screenshot to target\site\serenity\d4abbb37d25dae3eefc506f7ab98cf21673d3dec3a8bf3cbe5b93714bb4e2f60.png
20:32:47.798 [AsyncHttpClient-1-1] DEBUG org.asynchttpclient.netty.channel.DefaultChannelPool - Entry count for : http://localhost:55793 : 1
20:32:47.798 [AsyncHttpClient-1-1] DEBUG org.asynchttpclient.netty.channel.DefaultChannelPool - Entry count for : http://localhost:60712 : 1
20:32:48.022 [Forwarding screenshot on session 37e15d9e0502cb0b8ba5d0af8630c677 to remote] DEBUG org.asynchttpclient.netty.request.NettyRequestSender - Using pooled Channel '[id: 0xc15ebe5a, L:/127.0.0.1:55792 - R:localhost/127.0.0.1:60712]' for 'GET' to 'http://localhost:60712/session/37e15d9e0502cb0b8ba5d0af8630c677/screenshot'
20:32:48.022 [Forwarding screenshot on session 37e15d9e0502cb0b8ba5d0af8630c677 to remote] DEBUG org.asynchttpclient.netty.request.NettyRequestSender - Using open Channel [id: 0xc15ebe5a, L:/127.0.0.1:55792 - R:localhost/127.0.0.1:60712] for GET '/session/37e15d9e0502cb0b8ba5d0af8630c677/screenshot'
20:32:48.054 [AsyncHttpClient-1-3] DEBUG org.asynchttpclient.netty.handler.HttpHandler - 

Request DefaultFullHttpRequest(decodeResult: success, version: HTTP/1.1, content: EmptyByteBufBE)
GET /session/37e15d9e0502cb0b8ba5d0af8630c677/screenshot HTTP/1.1
User-Agent: selenium/4.1.2 (java windows)
Cache-Control: no-cache
Content-Type: application/json; charset=utf-8
host: localhost:60712
accept: */*

Response DefaultHttpResponse(decodeResult: success, version: HTTP/1.1)
HTTP/1.1 500 Internal Server Error
Content-Type: application/json; charset=utf-8
cache-control: no-cache
content-length: 893

20:32:48.054 [AsyncHttpClient-1-3] DEBUG org.asynchttpclient.netty.channel.ChannelManager - Adding key: http://localhost:60712 for channel [id: 0xc15ebe5a, L:/127.0.0.1:55792 - R:localhost/127.0.0.1:60712]
20:32:48.062 [main] WARN net.thucydides.core.webdriver.WebDriverFacade - Failed to take screenshot (unexpected alert open: {Alert text : Data telah ditambah}
  (Session info: chrome=102.0.5005.115): Data telah ditambah
Build info: version: '4.1.2', revision: '9a5a329c5a'
System info: host: 'MOOK-HON', ip: '192.168.100.6', os.name: 'Windows 10', os.arch: 'amd64', os.version: '10.0', java.version: '11.0.14'
Driver info: org.openqa.selenium.chrome.ChromeDriver
Command: [37e15d9e0502cb0b8ba5d0af8630c677, screenshot {}]
Capabilities {acceptInsecureCerts: false, browserName: chrome, browserVersion: 102.0.5005.115, chrome: {chromedriverVersion: 102.0.5005.61 (0e59bcc00cc4..., userDataDir: C:\Users\ASUS\AppData\Local...}, goog:chromeOptions: {debuggerAddress: localhost:55793}, javascriptEnabled: true, networkConnectionEnabled: false, pageLoadStrategy: normal, platform: WINDOWS, platformName: WINDOWS, proxy: Proxy(), se:cdp: ws://localhost:55793/devtoo..., se:cdpVersion: 102.0.5005.115, setWindowRect: true, strictFileInteractability: false, timeouts: {implicit: 0, pageLoad: 300000, script: 30000}, unhandledPromptBehavior: dismiss and notify, webauthn:extension:credBlob: true, webauthn:extension:largeBlob: true, webauthn:virtualAuthenticators: true}
Session ID: 37e15d9e0502cb0b8ba5d0af8630c677)
20:32:48.062 [main] DEBUG net.thucydides.core.steps.StepInterceptor - STARTING STEP: PatientDataSteps.validDataPasien - checkValidDataPasien
20:32:48.094 [Forwarding findElement on session 37e15d9e0502cb0b8ba5d0af8630c677 to remote] DEBUG org.asynchttpclient.netty.request.NettyRequestSender - Using pooled Channel '[id: 0xc15ebe5a, L:/127.0.0.1:55792 - R:localhost/127.0.0.1:60712]' for 'POST' to 'http://localhost:60712/session/37e15d9e0502cb0b8ba5d0af8630c677/element'
20:32:48.094 [Forwarding findElement on session 37e15d9e0502cb0b8ba5d0af8630c677 to remote] DEBUG org.asynchttpclient.netty.request.NettyRequestSender - Using open Channel [id: 0xc15ebe5a, L:/127.0.0.1:55792 - R:localhost/127.0.0.1:60712] for POST '/session/37e15d9e0502cb0b8ba5d0af8630c677/element'
20:32:48.902 [AsyncHttpClient-1-1] DEBUG org.asynchttpclient.netty.channel.DefaultChannelPool - Entry count for : http://localhost:55793 : 1
20:32:49.592 [AsyncHttpClient-1-3] DEBUG org.asynchttpclient.netty.handler.HttpHandler - 

Request DefaultHttpRequest(decodeResult: success, version: HTTP/1.1)
POST /session/37e15d9e0502cb0b8ba5d0af8630c677/element HTTP/1.1
User-Agent: selenium/4.1.2 (java windows)
Content-Length: 95
Content-Type: application/json; charset=utf-8
host: localhost:60712
accept: */*

Response DefaultHttpResponse(decodeResult: success, version: HTTP/1.1)
HTTP/1.1 200 OK
Content-Type: application/json; charset=utf-8
cache-control: no-cache
content-length: 88

20:32:49.592 [AsyncHttpClient-1-3] DEBUG org.asynchttpclient.netty.channel.ChannelManager - Adding key: http://localhost:60712 for channel [id: 0xc15ebe5a, L:/127.0.0.1:55792 - R:localhost/127.0.0.1:60712]
20:32:49.592 [Forwarding isElementEnabled on session 37e15d9e0502cb0b8ba5d0af8630c677 to remote] DEBUG org.asynchttpclient.netty.request.NettyRequestSender - Using pooled Channel '[id: 0xc15ebe5a, L:/127.0.0.1:55792 - R:localhost/127.0.0.1:60712]' for 'GET' to 'http://localhost:60712/session/37e15d9e0502cb0b8ba5d0af8630c677/element/b5349936-dfc7-40f3-9c5e-cea23ceac33a/enabled'
20:32:49.592 [Forwarding isElementEnabled on session 37e15d9e0502cb0b8ba5d0af8630c677 to remote] DEBUG org.asynchttpclient.netty.request.NettyRequestSender - Using open Channel [id: 0xc15ebe5a, L:/127.0.0.1:55792 - R:localhost/127.0.0.1:60712] for GET '/session/37e15d9e0502cb0b8ba5d0af8630c677/element/b5349936-dfc7-40f3-9c5e-cea23ceac33a/enabled'
20:32:49.632 [AsyncHttpClient-1-3] DEBUG org.asynchttpclient.netty.handler.HttpHandler - 

Request DefaultFullHttpRequest(decodeResult: success, version: HTTP/1.1, content: EmptyByteBufBE)
GET /session/37e15d9e0502cb0b8ba5d0af8630c677/element/b5349936-dfc7-40f3-9c5e-cea23ceac33a/enabled HTTP/1.1
User-Agent: selenium/4.1.2 (java windows)
Cache-Control: no-cache
Content-Type: application/json; charset=utf-8
host: localhost:60712
accept: */*

Response DefaultHttpResponse(decodeResult: success, version: HTTP/1.1)
HTTP/1.1 200 OK
Content-Type: application/json; charset=utf-8
cache-control: no-cache
content-length: 14

20:32:49.632 [AsyncHttpClient-1-3] DEBUG org.asynchttpclient.netty.channel.ChannelManager - Adding key: http://localhost:60712 for channel [id: 0xc15ebe5a, L:/127.0.0.1:55792 - R:localhost/127.0.0.1:60712]
20:32:49.648 [Forwarding screenshot on session 37e15d9e0502cb0b8ba5d0af8630c677 to remote] DEBUG org.asynchttpclient.netty.request.NettyRequestSender - Using pooled Channel '[id: 0xc15ebe5a, L:/127.0.0.1:55792 - R:localhost/127.0.0.1:60712]' for 'GET' to 'http://localhost:60712/session/37e15d9e0502cb0b8ba5d0af8630c677/screenshot'
20:32:49.648 [Forwarding screenshot on session 37e15d9e0502cb0b8ba5d0af8630c677 to remote] DEBUG org.asynchttpclient.netty.request.NettyRequestSender - Using open Channel [id: 0xc15ebe5a, L:/127.0.0.1:55792 - R:localhost/127.0.0.1:60712] for GET '/session/37e15d9e0502cb0b8ba5d0af8630c677/screenshot'
20:32:49.993 [AsyncHttpClient-1-1] DEBUG org.asynchttpclient.netty.channel.DefaultChannelPool - Entry count for : http://localhost:55793 : 1
20:32:50.177 [AsyncHttpClient-1-3] DEBUG org.asynchttpclient.netty.handler.HttpHandler - 

Request DefaultFullHttpRequest(decodeResult: success, version: HTTP/1.1, content: EmptyByteBufBE)
GET /session/37e15d9e0502cb0b8ba5d0af8630c677/screenshot HTTP/1.1
User-Agent: selenium/4.1.2 (java windows)
Cache-Control: no-cache
Content-Type: application/json; charset=utf-8
host: localhost:60712
accept: */*

Response DefaultHttpResponse(decodeResult: success, version: HTTP/1.1)
HTTP/1.1 200 OK
Content-Type: application/json; charset=utf-8
cache-control: no-cache
content-length: 397960

20:32:50.177 [AsyncHttpClient-1-3] DEBUG org.asynchttpclient.netty.channel.ChannelManager - Adding key: http://localhost:60712 for channel [id: 0xc15ebe5a, L:/127.0.0.1:55792 - R:localhost/127.0.0.1:60712]
20:32:50.217 [main] DEBUG net.serenitybdd.core.photography.Darkroom - Send negative for processing for target\site\serenity\cbeceb493b3cc14d3791ff263ea0078986a8fbc23e395c454f06e0ce9a24f68d.png
20:32:50.217 [main] DEBUG net.thucydides.core.steps.StepInterceptor - STEP DONE: checkValidDataPasien
  &amp#27;[32mAnd &amp#27;[0m&amp#27;[32mValid data pasien&amp#27;[0m                                         &amp#27;[90m# starter.stepdefinitios.PatientDataSteps.validDataPasien()&amp#27;[0m
20:32:50.249 [AsyncHttpClient-1-5] DEBUG org.asynchttpclient.netty.handler.WebSocketHandler - Channel Closed: [id: 0x5f5ebd3c, L:/127.0.0.1:55804 ! R:localhost/127.0.0.1:55793] with attribute NettyResponseFuture{currentRetry=5,
	isDone=1,
	isCancelled=0,
	asyncHandler=org.asynchttpclient.ws.WebSocketUpgradeHandler@7355cd0c,
	nettyRequest=org.asynchttpclient.netty.request.NettyRequest@3b10bed9,
	future=java.util.concurrent.CompletableFuture@429c2ee7[Completed normally],
	uri=ws://localhost:55793/devtools/browser/d34fa425-b012-4c81-bc47-f99449474487,
	keepAlive=true,
	redirectCount=0,
	timeoutsHolder=null,
	inAuth=0,
	touch=1655991151163}
20:32:50.249 [AsyncHttpClient-1-5] DEBUG org.asynchttpclient.netty.channel.ChannelManager - Closing Channel [id: 0x5f5ebd3c, L:/127.0.0.1:55804 ! R:localhost/127.0.0.1:55793] 
20:32:50.249 [Driver Command Executor] DEBUG org.asynchttpclient.netty.request.NettyRequestSender - Using pooled Channel '[id: 0xc15ebe5a, L:/127.0.0.1:55792 - R:localhost/127.0.0.1:60712]' for 'DELETE' to 'http://localhost:60712/session/37e15d9e0502cb0b8ba5d0af8630c677'
20:32:50.249 [Driver Command Executor] DEBUG org.asynchttpclient.netty.request.NettyRequestSender - Using open Channel [id: 0xc15ebe5a, L:/127.0.0.1:55792 - R:localhost/127.0.0.1:60712] for DELETE '/session/37e15d9e0502cb0b8ba5d0af8630c677'
20:32:51.094 [AsyncHttpClient-1-1] DEBUG org.asynchttpclient.netty.channel.DefaultChannelPool - Entry count for : http://localhost:55793 : 1
20:32:51.102 [AsyncHttpClient-1-4] DEBUG org.asynchttpclient.netty.handler.HttpHandler - Unexpected I/O exception on channel [id: 0x6c4d8f0d, L:/127.0.0.1:55803 - R:localhost/127.0.0.1:55793]
java.io.IOException: An existing connection was forcibly closed by the remote host
	at java.base/sun.nio.ch.SocketDispatcher.read0(Native Method)
	at java.base/sun.nio.ch.SocketDispatcher.read(SocketDispatcher.java:43)
	at java.base/sun.nio.ch.IOUtil.readIntoNativeBuffer(IOUtil.java:276)
	at java.base/sun.nio.ch.IOUtil.read(IOUtil.java:233)
	at java.base/sun.nio.ch.IOUtil.read(IOUtil.java:223)
	at java.base/sun.nio.ch.SocketChannelImpl.read(SocketChannelImpl.java:358)
	at io.netty.buffer.PooledByteBuf.setBytes(PooledByteBuf.java:258)
	at io.netty.buffer.AbstractByteBuf.writeBytes(AbstractByteBuf.java:1132)
	at io.netty.channel.socket.nio.NioSocketChannel.doReadBytes(NioSocketChannel.java:350)
	at io.netty.channel.nio.AbstractNioByteChannel$NioByteUnsafe.read(AbstractNioByteChannel.java:151)
	at io.netty.channel.nio.NioEventLoop.processSelectedKey(NioEventLoop.java:722)
	at io.netty.channel.nio.NioEventLoop.processSelectedKeysOptimized(NioEventLoop.java:658)
	at io.netty.channel.nio.NioEventLoop.processSelectedKeys(NioEventLoop.java:584)
	at io.netty.channel.nio.NioEventLoop.run(NioEventLoop.java:496)
	at io.netty.util.concurrent.SingleThreadEventExecutor$4.run(SingleThreadEventExecutor.java:986)
	at io.netty.util.internal.ThreadExecutorMap$2.run(ThreadExecutorMap.java:74)
	at io.netty.util.concurrent.FastThreadLocalRunnable.run(FastThreadLocalRunnable.java:30)
	at java.base/java.lang.Thread.run(Thread.java:834)
20:32:51.102 [AsyncHttpClient-1-4] DEBUG org.asynchttpclient.netty.channel.ChannelManager - Closing Channel [id: 0x6c4d8f0d, L:/127.0.0.1:55803 - R:localhost/127.0.0.1:55793] 
20:32:51.102 [AsyncHttpClient-1-4] DEBUG org.asynchttpclient.netty.handler.HttpHandler - Channel Closed: [id: 0x6c4d8f0d, L:/127.0.0.1:55803 ! R:localhost/127.0.0.1:55793] with attribute DISCARD
20:32:51.142 [AsyncHttpClient-1-3] DEBUG org.asynchttpclient.netty.handler.HttpHandler - 

Request DefaultFullHttpRequest(decodeResult: success, version: HTTP/1.1, content: EmptyByteBufBE)
DELETE /session/37e15d9e0502cb0b8ba5d0af8630c677 HTTP/1.1
User-Agent: selenium/4.1.2 (java windows)
Content-Type: application/json; charset=utf-8
host: localhost:60712
accept: */*

Response DefaultHttpResponse(decodeResult: success, version: HTTP/1.1)
HTTP/1.1 200 OK
Content-Type: application/json; charset=utf-8
cache-control: no-cache
content-length: 14

20:32:51.142 [AsyncHttpClient-1-3] DEBUG org.asynchttpclient.netty.channel.ChannelManager - Adding key: http://localhost:60712 for channel [id: 0xc15ebe5a, L:/127.0.0.1:55792 - R:localhost/127.0.0.1:60712]
20:32:52.172 [AsyncHttpClient-1-3] DEBUG org.asynchttpclient.netty.handler.HttpHandler - Unexpected I/O exception on channel [id: 0xc15ebe5a, L:/127.0.0.1:55792 - R:localhost/127.0.0.1:60712]
java.io.IOException: An existing connection was forcibly closed by the remote host
	at java.base/sun.nio.ch.SocketDispatcher.read0(Native Method)
	at java.base/sun.nio.ch.SocketDispatcher.read(SocketDispatcher.java:43)
	at java.base/sun.nio.ch.IOUtil.readIntoNativeBuffer(IOUtil.java:276)
	at java.base/sun.nio.ch.IOUtil.read(IOUtil.java:233)
	at java.base/sun.nio.ch.IOUtil.read(IOUtil.java:223)
	at java.base/sun.nio.ch.SocketChannelImpl.read(SocketChannelImpl.java:358)
	at io.netty.buffer.PooledByteBuf.setBytes(PooledByteBuf.java:258)
	at io.netty.buffer.AbstractByteBuf.writeBytes(AbstractByteBuf.java:1132)
	at io.netty.channel.socket.nio.NioSocketChannel.doReadBytes(NioSocketChannel.java:350)
	at io.netty.channel.nio.AbstractNioByteChannel$NioByteUnsafe.read(AbstractNioByteChannel.java:151)
	at io.netty.channel.nio.NioEventLoop.processSelectedKey(NioEventLoop.java:722)
	at io.netty.channel.nio.NioEventLoop.processSelectedKeysOptimized(NioEventLoop.java:658)
	at io.netty.channel.nio.NioEventLoop.processSelectedKeys(NioEventLoop.java:584)
	at io.netty.channel.nio.NioEventLoop.run(NioEventLoop.java:496)
	at io.netty.util.concurrent.SingleThreadEventExecutor$4.run(SingleThreadEventExecutor.java:986)
	at io.netty.util.internal.ThreadExecutorMap$2.run(ThreadExecutorMap.java:74)
	at io.netty.util.concurrent.FastThreadLocalRunnable.run(FastThreadLocalRunnable.java:30)
	at java.base/java.lang.Thread.run(Thread.java:834)
20:32:52.172 [AsyncHttpClient-1-3] DEBUG org.asynchttpclient.netty.channel.ChannelManager - Closing Channel [id: 0xc15ebe5a, L:/127.0.0.1:55792 - R:localhost/127.0.0.1:60712] 
20:32:52.172 [AsyncHttpClient-1-3] DEBUG org.asynchttpclient.netty.handler.HttpHandler - Channel Closed: [id: 0xc15ebe5a, L:/127.0.0.1:55792 ! R:localhost/127.0.0.1:60712] with attribute DISCARD
20:32:52.203 [AsyncHttpClient-1-1] DEBUG org.asynchttpclient.netty.channel.DefaultChannelPool - Entry count for : http://localhost:55793 : 1
20:32:52.203 [AsyncHttpClient-1-1] DEBUG org.asynchttpclient.netty.channel.DefaultChannelPool - Entry count for : http://localhost:60712 : 1
20:32:52.203 [AsyncHttpClient-1-1] DEBUG org.asynchttpclient.netty.channel.DefaultChannelPool - Adding Candidate expired Channel [id: 0x6c4d8f0d, L:/127.0.0.1:55803 ! R:localhost/127.0.0.1:55793] isIdleTimeoutExpired=false isRemotelyClosed=true isTtlExpired=false
20:32:52.203 [AsyncHttpClient-1-1] DEBUG org.asynchttpclient.netty.channel.DefaultChannelPool - Closing Idle Channel [id: 0x6c4d8f0d, L:/127.0.0.1:55803 ! R:localhost/127.0.0.1:55793]
20:32:52.203 [AsyncHttpClient-1-1] DEBUG org.asynchttpclient.netty.channel.DefaultChannelPool - Adding Candidate expired Channel [id: 0xc15ebe5a, L:/127.0.0.1:55792 ! R:localhost/127.0.0.1:60712] isIdleTimeoutExpired=false isRemotelyClosed=true isTtlExpired=false
20:32:52.203 [AsyncHttpClient-1-1] DEBUG org.asynchttpclient.netty.channel.DefaultChannelPool - Closing Idle Channel [id: 0xc15ebe5a, L:/127.0.0.1:55792 ! R:localhost/127.0.0.1:60712]
20:32:52.203 [AsyncHttpClient-1-1] DEBUG org.asynchttpclient.netty.channel.DefaultChannelPool - Closed 2 connections out of 2 in 0 ms
]]></system-out>
    <system-err><![CDATA[Starting ChromeDriver 102.0.5005.61 (0e59bcc00cc4985ce39ad31c150065f159d95ad3-refs/branch-heads/5005@{#819}) on port 60712
Only local connections are allowed.
Please see https://chromedriver.chromium.org/security-considerations for suggestions on keeping ChromeDriver safe.
ChromeDriver was started successfully.
Jun 23, 2022 8:32:31 PM org.openqa.selenium.remote.ProtocolHandshake createSession
INFO: Detected dialect: W3C
Jun 23, 2022 8:32:31 PM org.openqa.selenium.devtools.CdpVersionFinder findNearestMatch
WARNING: Unable to find an exact match for CDP version 102, so returning the closest version found: a no-op implementation
Jun 23, 2022 8:32:31 PM org.openqa.selenium.devtools.CdpVersionFinder findNearestMatch
INFO: Unable to find CDP implementation matching 102.
Jun 23, 2022 8:32:31 PM org.openqa.selenium.chromium.ChromiumDriver lambda$new$3
WARNING: Unable to find version of CDP to use for . You may need to include a dependency on a specific version of the CDP using something similar to `org.seleniumhq.selenium:selenium-devtools-v86:4.1.2` where the version ("v86") matches the version of the chromium-based browser you're using and the version number of the artifact is the same as Selenium's.
]]></system-err>
  </testcase>
  <testcase name="As a admin i want to add data pasien #6" classname="Add Data Pasien - Admin" time="24.851">
    <system-out><![CDATA[
@AddPatientData
Scenario Outline: As a admin i want to add data pasien            &amp#27;[90m# src/test/resources/features/AddDataPasien.feature:18&amp#27;[0m
20:32:52.235 [main] INFO io.cucumber.core.plugin.SerenityReporter - Running feature from file:///D:/Kel-1-capstone/TestingWeb/src/test/resources/features/AddDataPasien.feature
20:32:52.297 [main] DEBUG net.thucydides.core.steps.StepInterceptor - STARTING STEP: PatientDataSteps.openPageDataPasien - openDataPasien
20:32:52.297 [main] INFO net.serenitybdd.core.webdriver.driverproviders.ChromeDriverProvider - Using automatically driver download
20:32:52.631 [main] DEBUG io.github.bonigarcia.wdm.cache.ResolutionCache - Resolution chrome=102 in cache (valid until 21:04:30 23/06/2022 ICT)
20:32:52.662 [main] DEBUG io.github.bonigarcia.wdm.cache.ResolutionCache - Resolution chrome102=102.0.5005.61 in cache (valid until 20:04:30 24/06/2022 ICT)
20:32:52.678 [main] INFO io.github.bonigarcia.wdm.WebDriverManager - Using chromedriver 102.0.5005.61 (resolved driver for Chrome 102)
20:32:52.741 [main] DEBUG io.github.bonigarcia.wdm.WebDriverManager - Driver chromedriver 102.0.5005.61 found in cache
20:32:52.749 [main] INFO io.github.bonigarcia.wdm.WebDriverManager - Exporting webdriver.chrome.driver as C:\Users\ASUS\.cache\selenium\chromedriver\win32\102.0.5005.61\chromedriver.exe
20:32:53.025 [main] DEBUG net.serenitybdd.core.webdriver.driverproviders.ProvideNewDriver - Instantiating driver
20:32:53.025 [main] DEBUG net.serenitybdd.core.webdriver.driverproviders.ProvideNewDriver - Driver capabilities: Capabilities {acceptInsecureCerts: false, base.url: https://fanciful-trifle-360..., browserName: chrome, chorme.driver: src/test/resources/webdrive..., driver: chrome, goog:chromeOptions: {args: [], extensions: []}}
20:32:53.606 [AsyncHttpClient-1-6] DEBUG org.asynchttpclient.netty.channel.NettyConnectListener - Using new Channel '[id: 0x99df5132, L:/127.0.0.1:55851 - R:localhost/127.0.0.1:60499]' for 'POST' to '/session'
20:32:55.944 [AsyncHttpClient-1-6] DEBUG org.asynchttpclient.netty.handler.HttpHandler - 

Request DefaultHttpRequest(decodeResult: success, version: HTTP/1.1)
POST /session HTTP/1.1
User-Agent: selenium/4.1.2 (java windows)
Content-Length: 629
Content-Type: application/json; charset=utf-8
host: localhost:60499
accept: */*

Response DefaultHttpResponse(decodeResult: success, version: HTTP/1.1)
HTTP/1.1 200 OK
Content-Type: application/json; charset=utf-8
cache-control: no-cache
content-length: 788

20:32:55.944 [AsyncHttpClient-1-6] DEBUG org.asynchttpclient.netty.channel.ChannelManager - Adding key: http://localhost:60499 for channel [id: 0x99df5132, L:/127.0.0.1:55851 - R:localhost/127.0.0.1:60499]
20:32:55.968 [AsyncHttpClient-1-7] DEBUG org.asynchttpclient.netty.channel.NettyConnectListener - Using new Channel '[id: 0x7fce577b, L:/127.0.0.1:55863 - R:localhost/127.0.0.1:55852]' for 'GET' to '/json/version'
20:32:55.976 [AsyncHttpClient-1-7] DEBUG org.asynchttpclient.netty.handler.HttpHandler - 

Request DefaultFullHttpRequest(decodeResult: success, version: HTTP/1.1, content: EmptyByteBufBE)
GET /json/version HTTP/1.1
User-Agent: selenium/4.1.2 (java windows)
host: localhost:55852
accept: */*

Response DefaultHttpResponse(decodeResult: success, version: HTTP/1.1)
HTTP/1.1 200 OK
Content-Type: application/json; charset=UTF-8
content-length: 428

20:32:55.976 [AsyncHttpClient-1-7] DEBUG org.asynchttpclient.netty.channel.ChannelManager - Adding key: http://localhost:55852 for channel [id: 0x7fce577b, L:/127.0.0.1:55863 - R:localhost/127.0.0.1:55852]
20:32:55.976 [AsyncHttpClient-1-8] DEBUG org.asynchttpclient.netty.channel.NettyConnectListener - Using new Channel '[id: 0xb9dc9a84, L:/127.0.0.1:55864 - R:localhost/127.0.0.1:55852]' for 'GET' to '/devtools/browser/3bd7c0b0-8189-4d31-abab-02fe864b8b3a'
20:32:55.988 [AsyncHttpClient-1-8] DEBUG org.asynchttpclient.netty.handler.WebSocketHandler - 

Request DefaultFullHttpRequest(decodeResult: success, version: HTTP/1.1, content: EmptyByteBufBE)
GET /devtools/browser/3bd7c0b0-8189-4d31-abab-02fe864b8b3a HTTP/1.1
upgrade: websocket
connection: upgrade
sec-websocket-key: eJTbvgFYj89e67Uazhin8Q==
sec-websocket-version: 13
origin: http://localhost:55852
host: localhost:55852
accept: */*
user-agent: AHC/2.1

Response DefaultHttpResponse(decodeResult: success, version: HTTP/1.1)
HTTP/1.1 101 WebSocket Protocol Handshake
Upgrade: WebSocket
Connection: Upgrade
Sec-WebSocket-Accept: oq6G8NljzM8fJHRAQ5QkdnUL8tY=

20:32:55.998 [Forwarding get on session ac8c6edaa08f9c32561fdb7aacb9ab06 to remote] DEBUG org.asynchttpclient.netty.request.NettyRequestSender - Using pooled Channel '[id: 0x99df5132, L:/127.0.0.1:55851 - R:localhost/127.0.0.1:60499]' for 'POST' to 'http://localhost:60499/session/ac8c6edaa08f9c32561fdb7aacb9ab06/url'
20:32:55.998 [Forwarding get on session ac8c6edaa08f9c32561fdb7aacb9ab06 to remote] DEBUG org.asynchttpclient.netty.request.NettyRequestSender - Using open Channel [id: 0x99df5132, L:/127.0.0.1:55851 - R:localhost/127.0.0.1:60499] for POST '/session/ac8c6edaa08f9c32561fdb7aacb9ab06/url'
20:32:56.593 [AsyncHttpClient-1-1] DEBUG org.asynchttpclient.netty.channel.DefaultChannelPool - Entry count for : http://localhost:55852 : 1
20:32:57.688 [AsyncHttpClient-1-6] DEBUG org.asynchttpclient.netty.handler.HttpHandler - 

Request DefaultHttpRequest(decodeResult: success, version: HTTP/1.1)
POST /session/ac8c6edaa08f9c32561fdb7aacb9ab06/url HTTP/1.1
User-Agent: selenium/4.1.2 (java windows)
Content-Length: 84
Content-Type: application/json; charset=utf-8
host: localhost:60499
accept: */*

Response DefaultHttpResponse(decodeResult: success, version: HTTP/1.1)
HTTP/1.1 200 OK
Content-Type: application/json; charset=utf-8
cache-control: no-cache
content-length: 14

20:32:57.688 [AsyncHttpClient-1-6] DEBUG org.asynchttpclient.netty.channel.ChannelManager - Adding key: http://localhost:60499 for channel [id: 0x99df5132, L:/127.0.0.1:55851 - R:localhost/127.0.0.1:60499]
20:32:57.688 [AsyncHttpClient-1-1] DEBUG org.asynchttpclient.netty.channel.DefaultChannelPool - Entry count for : http://localhost:55852 : 1
20:32:57.688 [AsyncHttpClient-1-1] DEBUG org.asynchttpclient.netty.channel.DefaultChannelPool - Entry count for : http://localhost:60499 : 1
20:32:57.688 [Forwarding setTimeout on session ac8c6edaa08f9c32561fdb7aacb9ab06 to remote] DEBUG org.asynchttpclient.netty.request.NettyRequestSender - Using pooled Channel '[id: 0x99df5132, L:/127.0.0.1:55851 - R:localhost/127.0.0.1:60499]' for 'POST' to 'http://localhost:60499/session/ac8c6edaa08f9c32561fdb7aacb9ab06/timeouts'
20:32:57.688 [Forwarding setTimeout on session ac8c6edaa08f9c32561fdb7aacb9ab06 to remote] DEBUG org.asynchttpclient.netty.request.NettyRequestSender - Using open Channel [id: 0x99df5132, L:/127.0.0.1:55851 - R:localhost/127.0.0.1:60499] for POST '/session/ac8c6edaa08f9c32561fdb7aacb9ab06/timeouts'
20:32:57.720 [AsyncHttpClient-1-6] DEBUG org.asynchttpclient.netty.handler.HttpHandler - 

Request DefaultHttpRequest(decodeResult: success, version: HTTP/1.1)
POST /session/ac8c6edaa08f9c32561fdb7aacb9ab06/timeouts HTTP/1.1
User-Agent: selenium/4.1.2 (java windows)
Content-Length: 22
Content-Type: application/json; charset=utf-8
host: localhost:60499
accept: */*

Response DefaultHttpResponse(decodeResult: success, version: HTTP/1.1)
HTTP/1.1 200 OK
Content-Type: application/json; charset=utf-8
cache-control: no-cache
content-length: 14

20:32:57.720 [AsyncHttpClient-1-6] DEBUG org.asynchttpclient.netty.channel.ChannelManager - Adding key: http://localhost:60499 for channel [id: 0x99df5132, L:/127.0.0.1:55851 - R:localhost/127.0.0.1:60499]
20:32:57.728 [Forwarding getCurrentUrl on session ac8c6edaa08f9c32561fdb7aacb9ab06 to remote] DEBUG org.asynchttpclient.netty.request.NettyRequestSender - Using pooled Channel '[id: 0x99df5132, L:/127.0.0.1:55851 - R:localhost/127.0.0.1:60499]' for 'GET' to 'http://localhost:60499/session/ac8c6edaa08f9c32561fdb7aacb9ab06/url'
20:32:57.728 [Forwarding getCurrentUrl on session ac8c6edaa08f9c32561fdb7aacb9ab06 to remote] DEBUG org.asynchttpclient.netty.request.NettyRequestSender - Using open Channel [id: 0x99df5132, L:/127.0.0.1:55851 - R:localhost/127.0.0.1:60499] for GET '/session/ac8c6edaa08f9c32561fdb7aacb9ab06/url'
20:32:57.816 [AsyncHttpClient-1-6] DEBUG org.asynchttpclient.netty.handler.HttpHandler - 

Request DefaultFullHttpRequest(decodeResult: success, version: HTTP/1.1, content: EmptyByteBufBE)
GET /session/ac8c6edaa08f9c32561fdb7aacb9ab06/url HTTP/1.1
User-Agent: selenium/4.1.2 (java windows)
Cache-Control: no-cache
Content-Type: application/json; charset=utf-8
host: localhost:60499
accept: */*

Response DefaultHttpResponse(decodeResult: success, version: HTTP/1.1)
HTTP/1.1 200 OK
Content-Type: application/json; charset=utf-8
cache-control: no-cache
content-length: 66

20:32:57.816 [AsyncHttpClient-1-6] DEBUG org.asynchttpclient.netty.channel.ChannelManager - Adding key: http://localhost:60499 for channel [id: 0x99df5132, L:/127.0.0.1:55851 - R:localhost/127.0.0.1:60499]
20:32:57.848 [Forwarding screenshot on session ac8c6edaa08f9c32561fdb7aacb9ab06 to remote] DEBUG org.asynchttpclient.netty.request.NettyRequestSender - Using pooled Channel '[id: 0x99df5132, L:/127.0.0.1:55851 - R:localhost/127.0.0.1:60499]' for 'GET' to 'http://localhost:60499/session/ac8c6edaa08f9c32561fdb7aacb9ab06/screenshot'
20:32:57.848 [Forwarding screenshot on session ac8c6edaa08f9c32561fdb7aacb9ab06 to remote] DEBUG org.asynchttpclient.netty.request.NettyRequestSender - Using open Channel [id: 0x99df5132, L:/127.0.0.1:55851 - R:localhost/127.0.0.1:60499] for GET '/session/ac8c6edaa08f9c32561fdb7aacb9ab06/screenshot'
20:32:58.818 [AsyncHttpClient-1-1] DEBUG org.asynchttpclient.netty.channel.DefaultChannelPool - Entry count for : http://localhost:55852 : 1
20:32:58.962 [AsyncHttpClient-1-6] DEBUG org.asynchttpclient.netty.handler.HttpHandler - 

Request DefaultFullHttpRequest(decodeResult: success, version: HTTP/1.1, content: EmptyByteBufBE)
GET /session/ac8c6edaa08f9c32561fdb7aacb9ab06/screenshot HTTP/1.1
User-Agent: selenium/4.1.2 (java windows)
Cache-Control: no-cache
Content-Type: application/json; charset=utf-8
host: localhost:60499
accept: */*

Response DefaultHttpResponse(decodeResult: success, version: HTTP/1.1)
HTTP/1.1 200 OK
Content-Type: application/json; charset=utf-8
cache-control: no-cache
content-length: 82152

20:32:58.962 [AsyncHttpClient-1-6] DEBUG org.asynchttpclient.netty.channel.ChannelManager - Adding key: http://localhost:60499 for channel [id: 0x99df5132, L:/127.0.0.1:55851 - R:localhost/127.0.0.1:60499]
20:32:58.970 [main] DEBUG net.serenitybdd.core.photography.Darkroom - Send negative for processing for target\site\serenity\6c6e4b6f5460fe11a0fb7845f6267d41bb4cd3617453f1663fde15440053a3ea.png
20:32:58.970 [main] DEBUG net.thucydides.core.steps.StepInterceptor - STEP DONE: openDataPasien
  &amp#27;[32mGiven &amp#27;[0m&amp#27;[32mOpen page data pasien&amp#27;[0m                                     &amp#27;[90m# starter.stepdefinitios.PatientDataSteps.openPageDataPasien()&amp#27;[0m
20:32:59.032 [Forwarding screenshot on session ac8c6edaa08f9c32561fdb7aacb9ab06 to remote] DEBUG org.asynchttpclient.netty.request.NettyRequestSender - Using pooled Channel '[id: 0x99df5132, L:/127.0.0.1:55851 - R:localhost/127.0.0.1:60499]' for 'GET' to 'http://localhost:60499/session/ac8c6edaa08f9c32561fdb7aacb9ab06/screenshot'
20:32:59.032 [Forwarding screenshot on session ac8c6edaa08f9c32561fdb7aacb9ab06 to remote] DEBUG org.asynchttpclient.netty.request.NettyRequestSender - Using open Channel [id: 0x99df5132, L:/127.0.0.1:55851 - R:localhost/127.0.0.1:60499] for GET '/session/ac8c6edaa08f9c32561fdb7aacb9ab06/screenshot'
20:32:59.208 [AsyncHttpClient-1-6] DEBUG org.asynchttpclient.netty.handler.HttpHandler - 

Request DefaultFullHttpRequest(decodeResult: success, version: HTTP/1.1, content: EmptyByteBufBE)
GET /session/ac8c6edaa08f9c32561fdb7aacb9ab06/screenshot HTTP/1.1
User-Agent: selenium/4.1.2 (java windows)
Cache-Control: no-cache
Content-Type: application/json; charset=utf-8
host: localhost:60499
accept: */*

Response DefaultHttpResponse(decodeResult: success, version: HTTP/1.1)
HTTP/1.1 200 OK
Content-Type: application/json; charset=utf-8
cache-control: no-cache
content-length: 86016

20:32:59.208 [AsyncHttpClient-1-6] DEBUG org.asynchttpclient.netty.channel.ChannelManager - Adding key: http://localhost:60499 for channel [id: 0x99df5132, L:/127.0.0.1:55851 - R:localhost/127.0.0.1:60499]
20:32:59.224 [main] DEBUG net.serenitybdd.core.photography.Darkroom - Send negative for processing for target\site\serenity\63a8b96f8d8a2353d1098282bddf8724ea51ae4189c07bb318bc22275bd0f5fa.png
20:32:59.224 [main] DEBUG net.thucydides.core.steps.StepInterceptor - STARTING STEP: PatientDataSteps.clickButtonTambahData - clickButtonTambah
20:32:59.232 [Forwarding findElement on session ac8c6edaa08f9c32561fdb7aacb9ab06 to remote] DEBUG org.asynchttpclient.netty.request.NettyRequestSender - Using pooled Channel '[id: 0x99df5132, L:/127.0.0.1:55851 - R:localhost/127.0.0.1:60499]' for 'POST' to 'http://localhost:60499/session/ac8c6edaa08f9c32561fdb7aacb9ab06/element'
20:32:59.232 [Forwarding findElement on session ac8c6edaa08f9c32561fdb7aacb9ab06 to remote] DEBUG org.asynchttpclient.netty.request.NettyRequestSender - Using open Channel [id: 0x99df5132, L:/127.0.0.1:55851 - R:localhost/127.0.0.1:60499] for POST '/session/ac8c6edaa08f9c32561fdb7aacb9ab06/element'
20:32:59.264 [AsyncHttpClient-1-6] DEBUG org.asynchttpclient.netty.handler.HttpHandler - 

Request DefaultHttpRequest(decodeResult: success, version: HTTP/1.1)
POST /session/ac8c6edaa08f9c32561fdb7aacb9ab06/element HTTP/1.1
User-Agent: selenium/4.1.2 (java windows)
Content-Length: 68
Content-Type: application/json; charset=utf-8
host: localhost:60499
accept: */*

Response DefaultHttpResponse(decodeResult: success, version: HTTP/1.1)
HTTP/1.1 200 OK
Content-Type: application/json; charset=utf-8
cache-control: no-cache
content-length: 88

20:32:59.264 [AsyncHttpClient-1-6] DEBUG org.asynchttpclient.netty.channel.ChannelManager - Adding key: http://localhost:60499 for channel [id: 0x99df5132, L:/127.0.0.1:55851 - R:localhost/127.0.0.1:60499]
20:32:59.264 [Forwarding getElementTagName on session ac8c6edaa08f9c32561fdb7aacb9ab06 to remote] DEBUG org.asynchttpclient.netty.request.NettyRequestSender - Using pooled Channel '[id: 0x99df5132, L:/127.0.0.1:55851 - R:localhost/127.0.0.1:60499]' for 'GET' to 'http://localhost:60499/session/ac8c6edaa08f9c32561fdb7aacb9ab06/element/fc3341ec-0755-41f0-9214-75e1cc6a5e75/name'
20:32:59.264 [Forwarding getElementTagName on session ac8c6edaa08f9c32561fdb7aacb9ab06 to remote] DEBUG org.asynchttpclient.netty.request.NettyRequestSender - Using open Channel [id: 0x99df5132, L:/127.0.0.1:55851 - R:localhost/127.0.0.1:60499] for GET '/session/ac8c6edaa08f9c32561fdb7aacb9ab06/element/fc3341ec-0755-41f0-9214-75e1cc6a5e75/name'
20:32:59.272 [AsyncHttpClient-1-6] DEBUG org.asynchttpclient.netty.handler.HttpHandler - 

Request DefaultFullHttpRequest(decodeResult: success, version: HTTP/1.1, content: EmptyByteBufBE)
GET /session/ac8c6edaa08f9c32561fdb7aacb9ab06/element/fc3341ec-0755-41f0-9214-75e1cc6a5e75/name HTTP/1.1
User-Agent: selenium/4.1.2 (java windows)
Cache-Control: no-cache
Content-Type: application/json; charset=utf-8
host: localhost:60499
accept: */*

Response DefaultHttpResponse(decodeResult: success, version: HTTP/1.1)
HTTP/1.1 200 OK
Content-Type: application/json; charset=utf-8
cache-control: no-cache
content-length: 18

20:32:59.272 [AsyncHttpClient-1-6] DEBUG org.asynchttpclient.netty.channel.ChannelManager - Adding key: http://localhost:60499 for channel [id: 0x99df5132, L:/127.0.0.1:55851 - R:localhost/127.0.0.1:60499]
20:32:59.280 [Forwarding getElementTagName on session ac8c6edaa08f9c32561fdb7aacb9ab06 to remote] DEBUG org.asynchttpclient.netty.request.NettyRequestSender - Using pooled Channel '[id: 0x99df5132, L:/127.0.0.1:55851 - R:localhost/127.0.0.1:60499]' for 'GET' to 'http://localhost:60499/session/ac8c6edaa08f9c32561fdb7aacb9ab06/element/fc3341ec-0755-41f0-9214-75e1cc6a5e75/name'
20:32:59.280 [Forwarding getElementTagName on session ac8c6edaa08f9c32561fdb7aacb9ab06 to remote] DEBUG org.asynchttpclient.netty.request.NettyRequestSender - Using open Channel [id: 0x99df5132, L:/127.0.0.1:55851 - R:localhost/127.0.0.1:60499] for GET '/session/ac8c6edaa08f9c32561fdb7aacb9ab06/element/fc3341ec-0755-41f0-9214-75e1cc6a5e75/name'
20:32:59.289 [AsyncHttpClient-1-6] DEBUG org.asynchttpclient.netty.handler.HttpHandler - 

Request DefaultFullHttpRequest(decodeResult: success, version: HTTP/1.1, content: EmptyByteBufBE)
GET /session/ac8c6edaa08f9c32561fdb7aacb9ab06/element/fc3341ec-0755-41f0-9214-75e1cc6a5e75/name HTTP/1.1
User-Agent: selenium/4.1.2 (java windows)
Cache-Control: no-cache
Content-Type: application/json; charset=utf-8
host: localhost:60499
accept: */*

Response DefaultHttpResponse(decodeResult: success, version: HTTP/1.1)
HTTP/1.1 200 OK
Content-Type: application/json; charset=utf-8
cache-control: no-cache
content-length: 18

20:32:59.289 [AsyncHttpClient-1-6] DEBUG org.asynchttpclient.netty.channel.ChannelManager - Adding key: http://localhost:60499 for channel [id: 0x99df5132, L:/127.0.0.1:55851 - R:localhost/127.0.0.1:60499]
20:32:59.289 [Forwarding isElementEnabled on session ac8c6edaa08f9c32561fdb7aacb9ab06 to remote] DEBUG org.asynchttpclient.netty.request.NettyRequestSender - Using pooled Channel '[id: 0x99df5132, L:/127.0.0.1:55851 - R:localhost/127.0.0.1:60499]' for 'GET' to 'http://localhost:60499/session/ac8c6edaa08f9c32561fdb7aacb9ab06/element/fc3341ec-0755-41f0-9214-75e1cc6a5e75/enabled'
20:32:59.289 [Forwarding isElementEnabled on session ac8c6edaa08f9c32561fdb7aacb9ab06 to remote] DEBUG org.asynchttpclient.netty.request.NettyRequestSender - Using open Channel [id: 0x99df5132, L:/127.0.0.1:55851 - R:localhost/127.0.0.1:60499] for GET '/session/ac8c6edaa08f9c32561fdb7aacb9ab06/element/fc3341ec-0755-41f0-9214-75e1cc6a5e75/enabled'
20:32:59.305 [AsyncHttpClient-1-6] DEBUG org.asynchttpclient.netty.handler.HttpHandler - 

Request DefaultFullHttpRequest(decodeResult: success, version: HTTP/1.1, content: EmptyByteBufBE)
GET /session/ac8c6edaa08f9c32561fdb7aacb9ab06/element/fc3341ec-0755-41f0-9214-75e1cc6a5e75/enabled HTTP/1.1
User-Agent: selenium/4.1.2 (java windows)
Cache-Control: no-cache
Content-Type: application/json; charset=utf-8
host: localhost:60499
accept: */*

Response DefaultHttpResponse(decodeResult: success, version: HTTP/1.1)
HTTP/1.1 200 OK
Content-Type: application/json; charset=utf-8
cache-control: no-cache
content-length: 14

20:32:59.305 [AsyncHttpClient-1-6] DEBUG org.asynchttpclient.netty.channel.ChannelManager - Adding key: http://localhost:60499 for channel [id: 0x99df5132, L:/127.0.0.1:55851 - R:localhost/127.0.0.1:60499]
20:32:59.313 [Forwarding isElementEnabled on session ac8c6edaa08f9c32561fdb7aacb9ab06 to remote] DEBUG org.asynchttpclient.netty.request.NettyRequestSender - Using pooled Channel '[id: 0x99df5132, L:/127.0.0.1:55851 - R:localhost/127.0.0.1:60499]' for 'GET' to 'http://localhost:60499/session/ac8c6edaa08f9c32561fdb7aacb9ab06/element/fc3341ec-0755-41f0-9214-75e1cc6a5e75/enabled'
20:32:59.313 [Forwarding isElementEnabled on session ac8c6edaa08f9c32561fdb7aacb9ab06 to remote] DEBUG org.asynchttpclient.netty.request.NettyRequestSender - Using open Channel [id: 0x99df5132, L:/127.0.0.1:55851 - R:localhost/127.0.0.1:60499] for GET '/session/ac8c6edaa08f9c32561fdb7aacb9ab06/element/fc3341ec-0755-41f0-9214-75e1cc6a5e75/enabled'
20:32:59.321 [AsyncHttpClient-1-6] DEBUG org.asynchttpclient.netty.handler.HttpHandler - 

Request DefaultFullHttpRequest(decodeResult: success, version: HTTP/1.1, content: EmptyByteBufBE)
GET /session/ac8c6edaa08f9c32561fdb7aacb9ab06/element/fc3341ec-0755-41f0-9214-75e1cc6a5e75/enabled HTTP/1.1
User-Agent: selenium/4.1.2 (java windows)
Cache-Control: no-cache
Content-Type: application/json; charset=utf-8
host: localhost:60499
accept: */*

Response DefaultHttpResponse(decodeResult: success, version: HTTP/1.1)
HTTP/1.1 200 OK
Content-Type: application/json; charset=utf-8
cache-control: no-cache
content-length: 14

20:32:59.321 [AsyncHttpClient-1-6] DEBUG org.asynchttpclient.netty.channel.ChannelManager - Adding key: http://localhost:60499 for channel [id: 0x99df5132, L:/127.0.0.1:55851 - R:localhost/127.0.0.1:60499]
20:32:59.329 [Forwarding findElement on session ac8c6edaa08f9c32561fdb7aacb9ab06 to remote] DEBUG org.asynchttpclient.netty.request.NettyRequestSender - Using pooled Channel '[id: 0x99df5132, L:/127.0.0.1:55851 - R:localhost/127.0.0.1:60499]' for 'POST' to 'http://localhost:60499/session/ac8c6edaa08f9c32561fdb7aacb9ab06/element'
20:32:59.329 [Forwarding findElement on session ac8c6edaa08f9c32561fdb7aacb9ab06 to remote] DEBUG org.asynchttpclient.netty.request.NettyRequestSender - Using open Channel [id: 0x99df5132, L:/127.0.0.1:55851 - R:localhost/127.0.0.1:60499] for POST '/session/ac8c6edaa08f9c32561fdb7aacb9ab06/element'
20:32:59.345 [AsyncHttpClient-1-6] DEBUG org.asynchttpclient.netty.handler.HttpHandler - 

Request DefaultHttpRequest(decodeResult: success, version: HTTP/1.1)
POST /session/ac8c6edaa08f9c32561fdb7aacb9ab06/element HTTP/1.1
User-Agent: selenium/4.1.2 (java windows)
Content-Length: 68
Content-Type: application/json; charset=utf-8
host: localhost:60499
accept: */*

Response DefaultHttpResponse(decodeResult: success, version: HTTP/1.1)
HTTP/1.1 200 OK
Content-Type: application/json; charset=utf-8
cache-control: no-cache
content-length: 88

20:32:59.345 [AsyncHttpClient-1-6] DEBUG org.asynchttpclient.netty.channel.ChannelManager - Adding key: http://localhost:60499 for channel [id: 0x99df5132, L:/127.0.0.1:55851 - R:localhost/127.0.0.1:60499]
20:32:59.353 [Forwarding clickElement on session ac8c6edaa08f9c32561fdb7aacb9ab06 to remote] DEBUG org.asynchttpclient.netty.request.NettyRequestSender - Using pooled Channel '[id: 0x99df5132, L:/127.0.0.1:55851 - R:localhost/127.0.0.1:60499]' for 'POST' to 'http://localhost:60499/session/ac8c6edaa08f9c32561fdb7aacb9ab06/element/fc3341ec-0755-41f0-9214-75e1cc6a5e75/click'
20:32:59.353 [Forwarding clickElement on session ac8c6edaa08f9c32561fdb7aacb9ab06 to remote] DEBUG org.asynchttpclient.netty.request.NettyRequestSender - Using open Channel [id: 0x99df5132, L:/127.0.0.1:55851 - R:localhost/127.0.0.1:60499] for POST '/session/ac8c6edaa08f9c32561fdb7aacb9ab06/element/fc3341ec-0755-41f0-9214-75e1cc6a5e75/click'
20:32:59.726 [AsyncHttpClient-1-6] DEBUG org.asynchttpclient.netty.handler.HttpHandler - 

Request DefaultHttpRequest(decodeResult: success, version: HTTP/1.1)
POST /session/ac8c6edaa08f9c32561fdb7aacb9ab06/element/fc3341ec-0755-41f0-9214-75e1cc6a5e75/click HTTP/1.1
User-Agent: selenium/4.1.2 (java windows)
Content-Length: 50
Content-Type: application/json; charset=utf-8
host: localhost:60499
accept: */*

Response DefaultHttpResponse(decodeResult: success, version: HTTP/1.1)
HTTP/1.1 200 OK
Content-Type: application/json; charset=utf-8
cache-control: no-cache
content-length: 14

20:32:59.726 [AsyncHttpClient-1-6] DEBUG org.asynchttpclient.netty.channel.ChannelManager - Adding key: http://localhost:60499 for channel [id: 0x99df5132, L:/127.0.0.1:55851 - R:localhost/127.0.0.1:60499]
20:32:59.758 [Forwarding screenshot on session ac8c6edaa08f9c32561fdb7aacb9ab06 to remote] DEBUG org.asynchttpclient.netty.request.NettyRequestSender - Using pooled Channel '[id: 0x99df5132, L:/127.0.0.1:55851 - R:localhost/127.0.0.1:60499]' for 'GET' to 'http://localhost:60499/session/ac8c6edaa08f9c32561fdb7aacb9ab06/screenshot'
20:32:59.758 [Forwarding screenshot on session ac8c6edaa08f9c32561fdb7aacb9ab06 to remote] DEBUG org.asynchttpclient.netty.request.NettyRequestSender - Using open Channel [id: 0x99df5132, L:/127.0.0.1:55851 - R:localhost/127.0.0.1:60499] for GET '/session/ac8c6edaa08f9c32561fdb7aacb9ab06/screenshot'
20:32:59.894 [AsyncHttpClient-1-1] DEBUG org.asynchttpclient.netty.channel.DefaultChannelPool - Entry count for : http://localhost:55852 : 1
20:33:00.502 [AsyncHttpClient-1-6] DEBUG org.asynchttpclient.netty.handler.HttpHandler - 

Request DefaultFullHttpRequest(decodeResult: success, version: HTTP/1.1, content: EmptyByteBufBE)
GET /session/ac8c6edaa08f9c32561fdb7aacb9ab06/screenshot HTTP/1.1
User-Agent: selenium/4.1.2 (java windows)
Cache-Control: no-cache
Content-Type: application/json; charset=utf-8
host: localhost:60499
accept: */*

Response DefaultHttpResponse(decodeResult: success, version: HTTP/1.1)
HTTP/1.1 200 OK
Content-Type: application/json; charset=utf-8
cache-control: no-cache
content-length: 50504

20:33:00.502 [AsyncHttpClient-1-6] DEBUG org.asynchttpclient.netty.channel.ChannelManager - Adding key: http://localhost:60499 for channel [id: 0x99df5132, L:/127.0.0.1:55851 - R:localhost/127.0.0.1:60499]
20:33:00.510 [main] DEBUG net.serenitybdd.core.photography.Darkroom - Send negative for processing for target\site\serenity\9b46d6d3c6d50f31c5127c07f12cc8a5aa88b032819cd58a358cc44d09e3495e.png
20:33:00.510 [main] DEBUG net.thucydides.core.steps.StepInterceptor - STEP DONE: clickButtonTambah
  &amp#27;[32mWhen &amp#27;[0m&amp#27;[32mClick button tambah data&amp#27;[0m                                   &amp#27;[90m# starter.stepdefinitios.PatientDataSteps.clickButtonTambahData()&amp#27;[0m
20:33:00.998 [AsyncHttpClient-1-1] DEBUG org.asynchttpclient.netty.channel.DefaultChannelPool - Entry count for : http://localhost:55852 : 1
20:33:00.998 [AsyncHttpClient-1-1] DEBUG org.asynchttpclient.netty.channel.DefaultChannelPool - Entry count for : http://localhost:60499 : 1
20:33:01.086 [Forwarding screenshot on session ac8c6edaa08f9c32561fdb7aacb9ab06 to remote] DEBUG org.asynchttpclient.netty.request.NettyRequestSender - Using pooled Channel '[id: 0x99df5132, L:/127.0.0.1:55851 - R:localhost/127.0.0.1:60499]' for 'GET' to 'http://localhost:60499/session/ac8c6edaa08f9c32561fdb7aacb9ab06/screenshot'
20:33:01.086 [Forwarding screenshot on session ac8c6edaa08f9c32561fdb7aacb9ab06 to remote] DEBUG org.asynchttpclient.netty.request.NettyRequestSender - Using open Channel [id: 0x99df5132, L:/127.0.0.1:55851 - R:localhost/127.0.0.1:60499] for GET '/session/ac8c6edaa08f9c32561fdb7aacb9ab06/screenshot'
20:33:01.822 [AsyncHttpClient-1-6] DEBUG org.asynchttpclient.netty.handler.HttpHandler - 

Request DefaultFullHttpRequest(decodeResult: success, version: HTTP/1.1, content: EmptyByteBufBE)
GET /session/ac8c6edaa08f9c32561fdb7aacb9ab06/screenshot HTTP/1.1
User-Agent: selenium/4.1.2 (java windows)
Cache-Control: no-cache
Content-Type: application/json; charset=utf-8
host: localhost:60499
accept: */*

Response DefaultHttpResponse(decodeResult: success, version: HTTP/1.1)
HTTP/1.1 200 OK
Content-Type: application/json; charset=utf-8
cache-control: no-cache
content-length: 277144

20:33:01.822 [AsyncHttpClient-1-6] DEBUG org.asynchttpclient.netty.channel.ChannelManager - Adding key: http://localhost:60499 for channel [id: 0x99df5132, L:/127.0.0.1:55851 - R:localhost/127.0.0.1:60499]
20:33:01.862 [main] DEBUG net.serenitybdd.core.photography.Darkroom - Send negative for processing for target\site\serenity\d1c8f4ec32c2c0ea3b95b065a48ccde38934c1fc980c1c0bc0a8b7d12a6b94b0.png
20:33:01.862 [main] DEBUG net.thucydides.core.steps.StepInterceptor - STARTING STEP: PatientDataSteps.iInput - inputDataPasien
20:33:01.862 [Darkroom Processing Line] DEBUG net.serenitybdd.core.photography.DarkroomProcessingLine - Processing screenshot image in /var/screenshots/screenshot-1237114183129742264
20:33:01.862 [Darkroom Processing Line] DEBUG net.serenitybdd.core.photography.DarkroomProcessingLine - Saving screenshot to target\site\serenity\d1c8f4ec32c2c0ea3b95b065a48ccde38934c1fc980c1c0bc0a8b7d12a6b94b0.png
20:33:01.862 [Forwarding findElement on session ac8c6edaa08f9c32561fdb7aacb9ab06 to remote] DEBUG org.asynchttpclient.netty.request.NettyRequestSender - Using pooled Channel '[id: 0x99df5132, L:/127.0.0.1:55851 - R:localhost/127.0.0.1:60499]' for 'POST' to 'http://localhost:60499/session/ac8c6edaa08f9c32561fdb7aacb9ab06/element'
20:33:01.870 [Forwarding findElement on session ac8c6edaa08f9c32561fdb7aacb9ab06 to remote] DEBUG org.asynchttpclient.netty.request.NettyRequestSender - Using open Channel [id: 0x99df5132, L:/127.0.0.1:55851 - R:localhost/127.0.0.1:60499] for POST '/session/ac8c6edaa08f9c32561fdb7aacb9ab06/element'
20:33:02.070 [AsyncHttpClient-1-6] DEBUG org.asynchttpclient.netty.handler.HttpHandler - 

Request DefaultHttpRequest(decodeResult: success, version: HTTP/1.1)
POST /session/ac8c6edaa08f9c32561fdb7aacb9ab06/element HTTP/1.1
User-Agent: selenium/4.1.2 (java windows)
Content-Length: 66
Content-Type: application/json; charset=utf-8
host: localhost:60499
accept: */*

Response DefaultHttpResponse(decodeResult: success, version: HTTP/1.1)
HTTP/1.1 200 OK
Content-Type: application/json; charset=utf-8
cache-control: no-cache
content-length: 88

20:33:02.070 [AsyncHttpClient-1-6] DEBUG org.asynchttpclient.netty.channel.ChannelManager - Adding key: http://localhost:60499 for channel [id: 0x99df5132, L:/127.0.0.1:55851 - R:localhost/127.0.0.1:60499]
20:33:02.078 [Forwarding sendKeysToElement on session ac8c6edaa08f9c32561fdb7aacb9ab06 to remote] DEBUG org.asynchttpclient.netty.request.NettyRequestSender - Using pooled Channel '[id: 0x99df5132, L:/127.0.0.1:55851 - R:localhost/127.0.0.1:60499]' for 'POST' to 'http://localhost:60499/session/ac8c6edaa08f9c32561fdb7aacb9ab06/element/460afc9b-634f-4b52-9396-0a6519d4afbc/value'
20:33:02.078 [Forwarding sendKeysToElement on session ac8c6edaa08f9c32561fdb7aacb9ab06 to remote] DEBUG org.asynchttpclient.netty.request.NettyRequestSender - Using open Channel [id: 0x99df5132, L:/127.0.0.1:55851 - R:localhost/127.0.0.1:60499] for POST '/session/ac8c6edaa08f9c32561fdb7aacb9ab06/element/460afc9b-634f-4b52-9396-0a6519d4afbc/value'
20:33:02.094 [AsyncHttpClient-1-1] DEBUG org.asynchttpclient.netty.channel.DefaultChannelPool - Entry count for : http://localhost:55852 : 1
20:33:02.935 [AsyncHttpClient-1-6] DEBUG org.asynchttpclient.netty.handler.HttpHandler - 

Request DefaultHttpRequest(decodeResult: success, version: HTTP/1.1)
POST /session/ac8c6edaa08f9c32561fdb7aacb9ab06/element/460afc9b-634f-4b52-9396-0a6519d4afbc/value HTTP/1.1
User-Agent: selenium/4.1.2 (java windows)
Content-Length: 131
Content-Type: application/json; charset=utf-8
host: localhost:60499
accept: */*

Response DefaultHttpResponse(decodeResult: success, version: HTTP/1.1)
HTTP/1.1 200 OK
Content-Type: application/json; charset=utf-8
cache-control: no-cache
content-length: 14

20:33:02.935 [AsyncHttpClient-1-6] DEBUG org.asynchttpclient.netty.channel.ChannelManager - Adding key: http://localhost:60499 for channel [id: 0x99df5132, L:/127.0.0.1:55851 - R:localhost/127.0.0.1:60499]
20:33:02.943 [Forwarding findElement on session ac8c6edaa08f9c32561fdb7aacb9ab06 to remote] DEBUG org.asynchttpclient.netty.request.NettyRequestSender - Using pooled Channel '[id: 0x99df5132, L:/127.0.0.1:55851 - R:localhost/127.0.0.1:60499]' for 'POST' to 'http://localhost:60499/session/ac8c6edaa08f9c32561fdb7aacb9ab06/element'
20:33:02.943 [Forwarding findElement on session ac8c6edaa08f9c32561fdb7aacb9ab06 to remote] DEBUG org.asynchttpclient.netty.request.NettyRequestSender - Using open Channel [id: 0x99df5132, L:/127.0.0.1:55851 - R:localhost/127.0.0.1:60499] for POST '/session/ac8c6edaa08f9c32561fdb7aacb9ab06/element'
20:33:02.975 [AsyncHttpClient-1-6] DEBUG org.asynchttpclient.netty.handler.HttpHandler - 

Request DefaultHttpRequest(decodeResult: success, version: HTTP/1.1)
POST /session/ac8c6edaa08f9c32561fdb7aacb9ab06/element HTTP/1.1
User-Agent: selenium/4.1.2 (java windows)
Content-Length: 65
Content-Type: application/json; charset=utf-8
host: localhost:60499
accept: */*

Response DefaultHttpResponse(decodeResult: success, version: HTTP/1.1)
HTTP/1.1 200 OK
Content-Type: application/json; charset=utf-8
cache-control: no-cache
content-length: 88

20:33:02.983 [AsyncHttpClient-1-6] DEBUG org.asynchttpclient.netty.channel.ChannelManager - Adding key: http://localhost:60499 for channel [id: 0x99df5132, L:/127.0.0.1:55851 - R:localhost/127.0.0.1:60499]
20:33:02.983 [Forwarding sendKeysToElement on session ac8c6edaa08f9c32561fdb7aacb9ab06 to remote] DEBUG org.asynchttpclient.netty.request.NettyRequestSender - Using pooled Channel '[id: 0x99df5132, L:/127.0.0.1:55851 - R:localhost/127.0.0.1:60499]' for 'POST' to 'http://localhost:60499/session/ac8c6edaa08f9c32561fdb7aacb9ab06/element/7bc9d39e-ca8e-4311-8357-4b9861064838/value'
20:33:02.983 [Forwarding sendKeysToElement on session ac8c6edaa08f9c32561fdb7aacb9ab06 to remote] DEBUG org.asynchttpclient.netty.request.NettyRequestSender - Using open Channel [id: 0x99df5132, L:/127.0.0.1:55851 - R:localhost/127.0.0.1:60499] for POST '/session/ac8c6edaa08f9c32561fdb7aacb9ab06/element/7bc9d39e-ca8e-4311-8357-4b9861064838/value'
20:33:03.194 [AsyncHttpClient-1-1] DEBUG org.asynchttpclient.netty.channel.DefaultChannelPool - Entry count for : http://localhost:55852 : 1
20:33:04.234 [AsyncHttpClient-1-6] DEBUG org.asynchttpclient.netty.handler.HttpHandler - 

Request DefaultHttpRequest(decodeResult: success, version: HTTP/1.1)
POST /session/ac8c6edaa08f9c32561fdb7aacb9ab06/element/7bc9d39e-ca8e-4311-8357-4b9861064838/value HTTP/1.1
User-Agent: selenium/4.1.2 (java windows)
Content-Length: 181
Content-Type: application/json; charset=utf-8
host: localhost:60499
accept: */*

Response DefaultHttpResponse(decodeResult: success, version: HTTP/1.1)
HTTP/1.1 200 OK
Content-Type: application/json; charset=utf-8
cache-control: no-cache
content-length: 14

20:33:04.234 [AsyncHttpClient-1-6] DEBUG org.asynchttpclient.netty.channel.ChannelManager - Adding key: http://localhost:60499 for channel [id: 0x99df5132, L:/127.0.0.1:55851 - R:localhost/127.0.0.1:60499]
20:33:04.242 [Forwarding findElement on session ac8c6edaa08f9c32561fdb7aacb9ab06 to remote] DEBUG org.asynchttpclient.netty.request.NettyRequestSender - Using pooled Channel '[id: 0x99df5132, L:/127.0.0.1:55851 - R:localhost/127.0.0.1:60499]' for 'POST' to 'http://localhost:60499/session/ac8c6edaa08f9c32561fdb7aacb9ab06/element'
20:33:04.242 [Forwarding findElement on session ac8c6edaa08f9c32561fdb7aacb9ab06 to remote] DEBUG org.asynchttpclient.netty.request.NettyRequestSender - Using open Channel [id: 0x99df5132, L:/127.0.0.1:55851 - R:localhost/127.0.0.1:60499] for POST '/session/ac8c6edaa08f9c32561fdb7aacb9ab06/element'
20:33:04.274 [AsyncHttpClient-1-6] DEBUG org.asynchttpclient.netty.handler.HttpHandler - 

Request DefaultHttpRequest(decodeResult: success, version: HTTP/1.1)
POST /session/ac8c6edaa08f9c32561fdb7aacb9ab06/element HTTP/1.1
User-Agent: selenium/4.1.2 (java windows)
Content-Length: 66
Content-Type: application/json; charset=utf-8
host: localhost:60499
accept: */*

Response DefaultHttpResponse(decodeResult: success, version: HTTP/1.1)
HTTP/1.1 200 OK
Content-Type: application/json; charset=utf-8
cache-control: no-cache
content-length: 88

20:33:04.274 [AsyncHttpClient-1-6] DEBUG org.asynchttpclient.netty.channel.ChannelManager - Adding key: http://localhost:60499 for channel [id: 0x99df5132, L:/127.0.0.1:55851 - R:localhost/127.0.0.1:60499]
20:33:04.274 [Forwarding sendKeysToElement on session ac8c6edaa08f9c32561fdb7aacb9ab06 to remote] DEBUG org.asynchttpclient.netty.request.NettyRequestSender - Using pooled Channel '[id: 0x99df5132, L:/127.0.0.1:55851 - R:localhost/127.0.0.1:60499]' for 'POST' to 'http://localhost:60499/session/ac8c6edaa08f9c32561fdb7aacb9ab06/element/910ff4f3-5304-495a-8b91-0f1812511588/value'
20:33:04.274 [Forwarding sendKeysToElement on session ac8c6edaa08f9c32561fdb7aacb9ab06 to remote] DEBUG org.asynchttpclient.netty.request.NettyRequestSender - Using open Channel [id: 0x99df5132, L:/127.0.0.1:55851 - R:localhost/127.0.0.1:60499] for POST '/session/ac8c6edaa08f9c32561fdb7aacb9ab06/element/910ff4f3-5304-495a-8b91-0f1812511588/value'
20:33:04.289 [AsyncHttpClient-1-1] DEBUG org.asynchttpclient.netty.channel.DefaultChannelPool - Entry count for : http://localhost:55852 : 1
20:33:04.546 [AsyncHttpClient-1-6] DEBUG org.asynchttpclient.netty.handler.HttpHandler - 

Request DefaultHttpRequest(decodeResult: success, version: HTTP/1.1)
POST /session/ac8c6edaa08f9c32561fdb7aacb9ab06/element/910ff4f3-5304-495a-8b91-0f1812511588/value HTTP/1.1
User-Agent: selenium/4.1.2 (java windows)
Content-Length: 101
Content-Type: application/json; charset=utf-8
host: localhost:60499
accept: */*

Response DefaultHttpResponse(decodeResult: success, version: HTTP/1.1)
HTTP/1.1 200 OK
Content-Type: application/json; charset=utf-8
cache-control: no-cache
content-length: 14

20:33:04.554 [AsyncHttpClient-1-6] DEBUG org.asynchttpclient.netty.channel.ChannelManager - Adding key: http://localhost:60499 for channel [id: 0x99df5132, L:/127.0.0.1:55851 - R:localhost/127.0.0.1:60499]
20:33:04.562 [Forwarding findElement on session ac8c6edaa08f9c32561fdb7aacb9ab06 to remote] DEBUG org.asynchttpclient.netty.request.NettyRequestSender - Using pooled Channel '[id: 0x99df5132, L:/127.0.0.1:55851 - R:localhost/127.0.0.1:60499]' for 'POST' to 'http://localhost:60499/session/ac8c6edaa08f9c32561fdb7aacb9ab06/element'
20:33:04.562 [Forwarding findElement on session ac8c6edaa08f9c32561fdb7aacb9ab06 to remote] DEBUG org.asynchttpclient.netty.request.NettyRequestSender - Using open Channel [id: 0x99df5132, L:/127.0.0.1:55851 - R:localhost/127.0.0.1:60499] for POST '/session/ac8c6edaa08f9c32561fdb7aacb9ab06/element'
20:33:04.626 [AsyncHttpClient-1-6] DEBUG org.asynchttpclient.netty.handler.HttpHandler - 

Request DefaultHttpRequest(decodeResult: success, version: HTTP/1.1)
POST /session/ac8c6edaa08f9c32561fdb7aacb9ab06/element HTTP/1.1
User-Agent: selenium/4.1.2 (java windows)
Content-Length: 66
Content-Type: application/json; charset=utf-8
host: localhost:60499
accept: */*

Response DefaultHttpResponse(decodeResult: success, version: HTTP/1.1)
HTTP/1.1 200 OK
Content-Type: application/json; charset=utf-8
cache-control: no-cache
content-length: 88

20:33:04.626 [AsyncHttpClient-1-6] DEBUG org.asynchttpclient.netty.channel.ChannelManager - Adding key: http://localhost:60499 for channel [id: 0x99df5132, L:/127.0.0.1:55851 - R:localhost/127.0.0.1:60499]
20:33:04.626 [Forwarding sendKeysToElement on session ac8c6edaa08f9c32561fdb7aacb9ab06 to remote] DEBUG org.asynchttpclient.netty.request.NettyRequestSender - Using pooled Channel '[id: 0x99df5132, L:/127.0.0.1:55851 - R:localhost/127.0.0.1:60499]' for 'POST' to 'http://localhost:60499/session/ac8c6edaa08f9c32561fdb7aacb9ab06/element/8d85dc1c-6d86-46c1-b7aa-210b46f1c3fc/value'
20:33:04.626 [Forwarding sendKeysToElement on session ac8c6edaa08f9c32561fdb7aacb9ab06 to remote] DEBUG org.asynchttpclient.netty.request.NettyRequestSender - Using open Channel [id: 0x99df5132, L:/127.0.0.1:55851 - R:localhost/127.0.0.1:60499] for POST '/session/ac8c6edaa08f9c32561fdb7aacb9ab06/element/8d85dc1c-6d86-46c1-b7aa-210b46f1c3fc/value'
20:33:05.347 [AsyncHttpClient-1-6] DEBUG org.asynchttpclient.netty.handler.HttpHandler - 

Request DefaultHttpRequest(decodeResult: success, version: HTTP/1.1)
POST /session/ac8c6edaa08f9c32561fdb7aacb9ab06/element/8d85dc1c-6d86-46c1-b7aa-210b46f1c3fc/value HTTP/1.1
User-Agent: selenium/4.1.2 (java windows)
Content-Length: 191
Content-Type: application/json; charset=utf-8
host: localhost:60499
accept: */*

Response DefaultHttpResponse(decodeResult: success, version: HTTP/1.1)
HTTP/1.1 200 OK
Content-Type: application/json; charset=utf-8
cache-control: no-cache
content-length: 14

20:33:05.347 [AsyncHttpClient-1-6] DEBUG org.asynchttpclient.netty.channel.ChannelManager - Adding key: http://localhost:60499 for channel [id: 0x99df5132, L:/127.0.0.1:55851 - R:localhost/127.0.0.1:60499]
20:33:05.355 [Forwarding findElement on session ac8c6edaa08f9c32561fdb7aacb9ab06 to remote] DEBUG org.asynchttpclient.netty.request.NettyRequestSender - Using pooled Channel '[id: 0x99df5132, L:/127.0.0.1:55851 - R:localhost/127.0.0.1:60499]' for 'POST' to 'http://localhost:60499/session/ac8c6edaa08f9c32561fdb7aacb9ab06/element'
20:33:05.355 [Forwarding findElement on session ac8c6edaa08f9c32561fdb7aacb9ab06 to remote] DEBUG org.asynchttpclient.netty.request.NettyRequestSender - Using open Channel [id: 0x99df5132, L:/127.0.0.1:55851 - R:localhost/127.0.0.1:60499] for POST '/session/ac8c6edaa08f9c32561fdb7aacb9ab06/element'
20:33:05.390 [AsyncHttpClient-1-1] DEBUG org.asynchttpclient.netty.channel.DefaultChannelPool - Entry count for : http://localhost:55852 : 1
20:33:05.398 [AsyncHttpClient-1-6] DEBUG org.asynchttpclient.netty.handler.HttpHandler - 

Request DefaultHttpRequest(decodeResult: success, version: HTTP/1.1)
POST /session/ac8c6edaa08f9c32561fdb7aacb9ab06/element HTTP/1.1
User-Agent: selenium/4.1.2 (java windows)
Content-Length: 68
Content-Type: application/json; charset=utf-8
host: localhost:60499
accept: */*

Response DefaultHttpResponse(decodeResult: success, version: HTTP/1.1)
HTTP/1.1 200 OK
Content-Type: application/json; charset=utf-8
cache-control: no-cache
content-length: 88

20:33:05.398 [AsyncHttpClient-1-6] DEBUG org.asynchttpclient.netty.channel.ChannelManager - Adding key: http://localhost:60499 for channel [id: 0x99df5132, L:/127.0.0.1:55851 - R:localhost/127.0.0.1:60499]
20:33:05.406 [Forwarding sendKeysToElement on session ac8c6edaa08f9c32561fdb7aacb9ab06 to remote] DEBUG org.asynchttpclient.netty.request.NettyRequestSender - Using pooled Channel '[id: 0x99df5132, L:/127.0.0.1:55851 - R:localhost/127.0.0.1:60499]' for 'POST' to 'http://localhost:60499/session/ac8c6edaa08f9c32561fdb7aacb9ab06/element/b43b3f3b-3ec3-465f-b3ef-d17a51b81ce9/value'
20:33:05.406 [Forwarding sendKeysToElement on session ac8c6edaa08f9c32561fdb7aacb9ab06 to remote] DEBUG org.asynchttpclient.netty.request.NettyRequestSender - Using open Channel [id: 0x99df5132, L:/127.0.0.1:55851 - R:localhost/127.0.0.1:60499] for POST '/session/ac8c6edaa08f9c32561fdb7aacb9ab06/element/b43b3f3b-3ec3-465f-b3ef-d17a51b81ce9/value'
20:33:05.534 [AsyncHttpClient-1-6] DEBUG org.asynchttpclient.netty.handler.HttpHandler - 

Request DefaultHttpRequest(decodeResult: success, version: HTTP/1.1)
POST /session/ac8c6edaa08f9c32561fdb7aacb9ab06/element/b43b3f3b-3ec3-465f-b3ef-d17a51b81ce9/value HTTP/1.1
User-Agent: selenium/4.1.2 (java windows)
Content-Length: 82
Content-Type: application/json; charset=utf-8
host: localhost:60499
accept: */*

Response DefaultHttpResponse(decodeResult: success, version: HTTP/1.1)
HTTP/1.1 200 OK
Content-Type: application/json; charset=utf-8
cache-control: no-cache
content-length: 14

20:33:05.534 [AsyncHttpClient-1-6] DEBUG org.asynchttpclient.netty.channel.ChannelManager - Adding key: http://localhost:60499 for channel [id: 0x99df5132, L:/127.0.0.1:55851 - R:localhost/127.0.0.1:60499]
20:33:05.550 [Forwarding screenshot on session ac8c6edaa08f9c32561fdb7aacb9ab06 to remote] DEBUG org.asynchttpclient.netty.request.NettyRequestSender - Using pooled Channel '[id: 0x99df5132, L:/127.0.0.1:55851 - R:localhost/127.0.0.1:60499]' for 'GET' to 'http://localhost:60499/session/ac8c6edaa08f9c32561fdb7aacb9ab06/screenshot'
20:33:05.550 [Forwarding screenshot on session ac8c6edaa08f9c32561fdb7aacb9ab06 to remote] DEBUG org.asynchttpclient.netty.request.NettyRequestSender - Using open Channel [id: 0x99df5132, L:/127.0.0.1:55851 - R:localhost/127.0.0.1:60499] for GET '/session/ac8c6edaa08f9c32561fdb7aacb9ab06/screenshot'
20:33:05.933 [AsyncHttpClient-1-6] DEBUG org.asynchttpclient.netty.handler.HttpHandler - 

Request DefaultFullHttpRequest(decodeResult: success, version: HTTP/1.1, content: EmptyByteBufBE)
GET /session/ac8c6edaa08f9c32561fdb7aacb9ab06/screenshot HTTP/1.1
User-Agent: selenium/4.1.2 (java windows)
Cache-Control: no-cache
Content-Type: application/json; charset=utf-8
host: localhost:60499
accept: */*

Response DefaultHttpResponse(decodeResult: success, version: HTTP/1.1)
HTTP/1.1 200 OK
Content-Type: application/json; charset=utf-8
cache-control: no-cache
content-length: 403488

20:33:05.933 [AsyncHttpClient-1-6] DEBUG org.asynchttpclient.netty.channel.ChannelManager - Adding key: http://localhost:60499 for channel [id: 0x99df5132, L:/127.0.0.1:55851 - R:localhost/127.0.0.1:60499]
20:33:05.964 [main] DEBUG net.serenitybdd.core.photography.Darkroom - Send negative for processing for target\site\serenity\f95f886d4ac9196334342adfadb791624d15c35e85a5bdf54aea94191cf8dba3.png
20:33:05.964 [main] DEBUG net.thucydides.core.steps.StepInterceptor - STEP DONE: inputDataPasien
  &amp#27;[32mThen &amp#27;[0m&amp#27;[32mI input &amp#27;[0m&amp#27;[32m&amp#27;[1m"Bagas"&amp#27;[0m&amp#27;[32m &amp#27;[0m&amp#27;[32m&amp#27;[1m"1234479680"&amp#27;[0m&amp#27;[32m &amp#27;[0m&amp#27;[32m&amp#27;[1m"20"&amp#27;[0m&amp#27;[32m &amp#27;[0m&amp#27;[32m&amp#27;[1m"01294657612"&amp#27;[0m&amp#27;[32m &amp#27;[0m&amp#27;[32m&amp#27;[1m""&amp#27;[0m&amp#27;[32m patient&amp#27;[0m &amp#27;[90m# starter.stepdefinitios.PatientDataSteps.iInput(java.lang.String,java.lang.String,java.lang.String,java.lang.String,java.lang.String)&amp#27;[0m
20:33:05.964 [Darkroom Processing Line] DEBUG net.serenitybdd.core.photography.DarkroomProcessingLine - Processing screenshot image in /var/screenshots/screenshot-6266199344925910078
20:33:05.964 [Darkroom Processing Line] DEBUG net.serenitybdd.core.photography.DarkroomProcessingLine - Saving screenshot to target\site\serenity\f95f886d4ac9196334342adfadb791624d15c35e85a5bdf54aea94191cf8dba3.png
20:33:06.021 [main] DEBUG net.thucydides.core.steps.StepInterceptor - STARTING STEP: PatientDataSteps.iClickButtonJenisKelamin - clickLaki
20:33:06.021 [Forwarding findElement on session ac8c6edaa08f9c32561fdb7aacb9ab06 to remote] DEBUG org.asynchttpclient.netty.request.NettyRequestSender - Using pooled Channel '[id: 0x99df5132, L:/127.0.0.1:55851 - R:localhost/127.0.0.1:60499]' for 'POST' to 'http://localhost:60499/session/ac8c6edaa08f9c32561fdb7aacb9ab06/element'
20:33:06.021 [Forwarding findElement on session ac8c6edaa08f9c32561fdb7aacb9ab06 to remote] DEBUG org.asynchttpclient.netty.request.NettyRequestSender - Using open Channel [id: 0x99df5132, L:/127.0.0.1:55851 - R:localhost/127.0.0.1:60499] for POST '/session/ac8c6edaa08f9c32561fdb7aacb9ab06/element'
20:33:06.060 [AsyncHttpClient-1-6] DEBUG org.asynchttpclient.netty.handler.HttpHandler - 

Request DefaultHttpRequest(decodeResult: success, version: HTTP/1.1)
POST /session/ac8c6edaa08f9c32561fdb7aacb9ab06/element HTTP/1.1
User-Agent: selenium/4.1.2 (java windows)
Content-Length: 179
Content-Type: application/json; charset=utf-8
host: localhost:60499
accept: */*

Response DefaultHttpResponse(decodeResult: success, version: HTTP/1.1)
HTTP/1.1 200 OK
Content-Type: application/json; charset=utf-8
cache-control: no-cache
content-length: 88

20:33:06.060 [AsyncHttpClient-1-6] DEBUG org.asynchttpclient.netty.channel.ChannelManager - Adding key: http://localhost:60499 for channel [id: 0x99df5132, L:/127.0.0.1:55851 - R:localhost/127.0.0.1:60499]
20:33:06.068 [Forwarding getElementTagName on session ac8c6edaa08f9c32561fdb7aacb9ab06 to remote] DEBUG org.asynchttpclient.netty.request.NettyRequestSender - Using pooled Channel '[id: 0x99df5132, L:/127.0.0.1:55851 - R:localhost/127.0.0.1:60499]' for 'GET' to 'http://localhost:60499/session/ac8c6edaa08f9c32561fdb7aacb9ab06/element/cdbe83e9-2183-4916-a124-b27aea9d8ce2/name'
20:33:06.068 [Forwarding getElementTagName on session ac8c6edaa08f9c32561fdb7aacb9ab06 to remote] DEBUG org.asynchttpclient.netty.request.NettyRequestSender - Using open Channel [id: 0x99df5132, L:/127.0.0.1:55851 - R:localhost/127.0.0.1:60499] for GET '/session/ac8c6edaa08f9c32561fdb7aacb9ab06/element/cdbe83e9-2183-4916-a124-b27aea9d8ce2/name'
20:33:06.076 [AsyncHttpClient-1-6] DEBUG org.asynchttpclient.netty.handler.HttpHandler - 

Request DefaultFullHttpRequest(decodeResult: success, version: HTTP/1.1, content: EmptyByteBufBE)
GET /session/ac8c6edaa08f9c32561fdb7aacb9ab06/element/cdbe83e9-2183-4916-a124-b27aea9d8ce2/name HTTP/1.1
User-Agent: selenium/4.1.2 (java windows)
Cache-Control: no-cache
Content-Type: application/json; charset=utf-8
host: localhost:60499
accept: */*

Response DefaultHttpResponse(decodeResult: success, version: HTTP/1.1)
HTTP/1.1 200 OK
Content-Type: application/json; charset=utf-8
cache-control: no-cache
content-length: 16

20:33:06.076 [AsyncHttpClient-1-6] DEBUG org.asynchttpclient.netty.channel.ChannelManager - Adding key: http://localhost:60499 for channel [id: 0x99df5132, L:/127.0.0.1:55851 - R:localhost/127.0.0.1:60499]
20:33:06.102 [Forwarding getElementTagName on session ac8c6edaa08f9c32561fdb7aacb9ab06 to remote] DEBUG org.asynchttpclient.netty.request.NettyRequestSender - Using pooled Channel '[id: 0x99df5132, L:/127.0.0.1:55851 - R:localhost/127.0.0.1:60499]' for 'GET' to 'http://localhost:60499/session/ac8c6edaa08f9c32561fdb7aacb9ab06/element/cdbe83e9-2183-4916-a124-b27aea9d8ce2/name'
20:33:06.102 [Forwarding getElementTagName on session ac8c6edaa08f9c32561fdb7aacb9ab06 to remote] DEBUG org.asynchttpclient.netty.request.NettyRequestSender - Using open Channel [id: 0x99df5132, L:/127.0.0.1:55851 - R:localhost/127.0.0.1:60499] for GET '/session/ac8c6edaa08f9c32561fdb7aacb9ab06/element/cdbe83e9-2183-4916-a124-b27aea9d8ce2/name'
20:33:06.149 [AsyncHttpClient-1-6] DEBUG org.asynchttpclient.netty.handler.HttpHandler - 

Request DefaultFullHttpRequest(decodeResult: success, version: HTTP/1.1, content: EmptyByteBufBE)
GET /session/ac8c6edaa08f9c32561fdb7aacb9ab06/element/cdbe83e9-2183-4916-a124-b27aea9d8ce2/name HTTP/1.1
User-Agent: selenium/4.1.2 (java windows)
Cache-Control: no-cache
Content-Type: application/json; charset=utf-8
host: localhost:60499
accept: */*

Response DefaultHttpResponse(decodeResult: success, version: HTTP/1.1)
HTTP/1.1 200 OK
Content-Type: application/json; charset=utf-8
cache-control: no-cache
content-length: 16

20:33:06.149 [AsyncHttpClient-1-6] DEBUG org.asynchttpclient.netty.channel.ChannelManager - Adding key: http://localhost:60499 for channel [id: 0x99df5132, L:/127.0.0.1:55851 - R:localhost/127.0.0.1:60499]
20:33:06.157 [Forwarding findElement on session ac8c6edaa08f9c32561fdb7aacb9ab06 to remote] DEBUG org.asynchttpclient.netty.request.NettyRequestSender - Using pooled Channel '[id: 0x99df5132, L:/127.0.0.1:55851 - R:localhost/127.0.0.1:60499]' for 'POST' to 'http://localhost:60499/session/ac8c6edaa08f9c32561fdb7aacb9ab06/element'
20:33:06.157 [Forwarding findElement on session ac8c6edaa08f9c32561fdb7aacb9ab06 to remote] DEBUG org.asynchttpclient.netty.request.NettyRequestSender - Using open Channel [id: 0x99df5132, L:/127.0.0.1:55851 - R:localhost/127.0.0.1:60499] for POST '/session/ac8c6edaa08f9c32561fdb7aacb9ab06/element'
20:33:06.176 [AsyncHttpClient-1-6] DEBUG org.asynchttpclient.netty.handler.HttpHandler - 

Request DefaultHttpRequest(decodeResult: success, version: HTTP/1.1)
POST /session/ac8c6edaa08f9c32561fdb7aacb9ab06/element HTTP/1.1
User-Agent: selenium/4.1.2 (java windows)
Content-Length: 179
Content-Type: application/json; charset=utf-8
host: localhost:60499
accept: */*

Response DefaultHttpResponse(decodeResult: success, version: HTTP/1.1)
HTTP/1.1 200 OK
Content-Type: application/json; charset=utf-8
cache-control: no-cache
content-length: 88

20:33:06.176 [AsyncHttpClient-1-6] DEBUG org.asynchttpclient.netty.channel.ChannelManager - Adding key: http://localhost:60499 for channel [id: 0x99df5132, L:/127.0.0.1:55851 - R:localhost/127.0.0.1:60499]
20:33:06.176 [Forwarding clickElement on session ac8c6edaa08f9c32561fdb7aacb9ab06 to remote] DEBUG org.asynchttpclient.netty.request.NettyRequestSender - Using pooled Channel '[id: 0x99df5132, L:/127.0.0.1:55851 - R:localhost/127.0.0.1:60499]' for 'POST' to 'http://localhost:60499/session/ac8c6edaa08f9c32561fdb7aacb9ab06/element/cdbe83e9-2183-4916-a124-b27aea9d8ce2/click'
20:33:06.176 [Forwarding clickElement on session ac8c6edaa08f9c32561fdb7aacb9ab06 to remote] DEBUG org.asynchttpclient.netty.request.NettyRequestSender - Using open Channel [id: 0x99df5132, L:/127.0.0.1:55851 - R:localhost/127.0.0.1:60499] for POST '/session/ac8c6edaa08f9c32561fdb7aacb9ab06/element/cdbe83e9-2183-4916-a124-b27aea9d8ce2/click'
20:33:06.426 [AsyncHttpClient-1-6] DEBUG org.asynchttpclient.netty.handler.HttpHandler - 

Request DefaultHttpRequest(decodeResult: success, version: HTTP/1.1)
POST /session/ac8c6edaa08f9c32561fdb7aacb9ab06/element/cdbe83e9-2183-4916-a124-b27aea9d8ce2/click HTTP/1.1
User-Agent: selenium/4.1.2 (java windows)
Content-Length: 50
Content-Type: application/json; charset=utf-8
host: localhost:60499
accept: */*

Response DefaultHttpResponse(decodeResult: success, version: HTTP/1.1)
HTTP/1.1 200 OK
Content-Type: application/json; charset=utf-8
cache-control: no-cache
content-length: 14

20:33:06.426 [AsyncHttpClient-1-6] DEBUG org.asynchttpclient.netty.channel.ChannelManager - Adding key: http://localhost:60499 for channel [id: 0x99df5132, L:/127.0.0.1:55851 - R:localhost/127.0.0.1:60499]
20:33:06.453 [Forwarding screenshot on session ac8c6edaa08f9c32561fdb7aacb9ab06 to remote] DEBUG org.asynchttpclient.netty.request.NettyRequestSender - Using pooled Channel '[id: 0x99df5132, L:/127.0.0.1:55851 - R:localhost/127.0.0.1:60499]' for 'GET' to 'http://localhost:60499/session/ac8c6edaa08f9c32561fdb7aacb9ab06/screenshot'
20:33:06.453 [Forwarding screenshot on session ac8c6edaa08f9c32561fdb7aacb9ab06 to remote] DEBUG org.asynchttpclient.netty.request.NettyRequestSender - Using open Channel [id: 0x99df5132, L:/127.0.0.1:55851 - R:localhost/127.0.0.1:60499] for GET '/session/ac8c6edaa08f9c32561fdb7aacb9ab06/screenshot'
20:33:06.501 [AsyncHttpClient-1-1] DEBUG org.asynchttpclient.netty.channel.DefaultChannelPool - Entry count for : http://localhost:55852 : 1
20:33:06.965 [AsyncHttpClient-1-6] DEBUG org.asynchttpclient.netty.handler.HttpHandler - 

Request DefaultFullHttpRequest(decodeResult: success, version: HTTP/1.1, content: EmptyByteBufBE)
GET /session/ac8c6edaa08f9c32561fdb7aacb9ab06/screenshot HTTP/1.1
User-Agent: selenium/4.1.2 (java windows)
Cache-Control: no-cache
Content-Type: application/json; charset=utf-8
host: localhost:60499
accept: */*

Response DefaultHttpResponse(decodeResult: success, version: HTTP/1.1)
HTTP/1.1 200 OK
Content-Type: application/json; charset=utf-8
cache-control: no-cache
content-length: 405124

20:33:06.973 [AsyncHttpClient-1-6] DEBUG org.asynchttpclient.netty.channel.ChannelManager - Adding key: http://localhost:60499 for channel [id: 0x99df5132, L:/127.0.0.1:55851 - R:localhost/127.0.0.1:60499]
20:33:07.005 [main] DEBUG net.serenitybdd.core.photography.Darkroom - Send negative for processing for target\site\serenity\697eaa8dff053ef5ddabe7feedfd5030ee856bc56d717c9254dd020f7ef7cddb.png
20:33:07.005 [main] DEBUG net.thucydides.core.steps.StepInterceptor - STEP DONE: clickLaki
  &amp#27;[32mAnd &amp#27;[0m&amp#27;[32mI click button jenis kelamin patient&amp#27;[0m                        &amp#27;[90m# starter.stepdefinitios.PatientDataSteps.iClickButtonJenisKelamin()&amp#27;[0m
20:33:07.013 [Darkroom Processing Line] DEBUG net.serenitybdd.core.photography.DarkroomProcessingLine - Processing screenshot image in /var/screenshots/screenshot-15152655499763326186
20:33:07.013 [Darkroom Processing Line] DEBUG net.serenitybdd.core.photography.DarkroomProcessingLine - Saving screenshot to target\site\serenity\697eaa8dff053ef5ddabe7feedfd5030ee856bc56d717c9254dd020f7ef7cddb.png
20:33:07.053 [main] DEBUG net.thucydides.core.steps.StepInterceptor - STARTING STEP: PatientDataSteps.clickButtonSimpan - clickButtonSave
20:33:07.061 [Forwarding findElement on session ac8c6edaa08f9c32561fdb7aacb9ab06 to remote] DEBUG org.asynchttpclient.netty.request.NettyRequestSender - Using pooled Channel '[id: 0x99df5132, L:/127.0.0.1:55851 - R:localhost/127.0.0.1:60499]' for 'POST' to 'http://localhost:60499/session/ac8c6edaa08f9c32561fdb7aacb9ab06/element'
20:33:07.061 [Forwarding findElement on session ac8c6edaa08f9c32561fdb7aacb9ab06 to remote] DEBUG org.asynchttpclient.netty.request.NettyRequestSender - Using open Channel [id: 0x99df5132, L:/127.0.0.1:55851 - R:localhost/127.0.0.1:60499] for POST '/session/ac8c6edaa08f9c32561fdb7aacb9ab06/element'
20:33:07.093 [AsyncHttpClient-1-6] DEBUG org.asynchttpclient.netty.handler.HttpHandler - 

Request DefaultHttpRequest(decodeResult: success, version: HTTP/1.1)
POST /session/ac8c6edaa08f9c32561fdb7aacb9ab06/element HTTP/1.1
User-Agent: selenium/4.1.2 (java windows)
Content-Length: 68
Content-Type: application/json; charset=utf-8
host: localhost:60499
accept: */*

Response DefaultHttpResponse(decodeResult: success, version: HTTP/1.1)
HTTP/1.1 200 OK
Content-Type: application/json; charset=utf-8
cache-control: no-cache
content-length: 88

20:33:07.093 [AsyncHttpClient-1-6] DEBUG org.asynchttpclient.netty.channel.ChannelManager - Adding key: http://localhost:60499 for channel [id: 0x99df5132, L:/127.0.0.1:55851 - R:localhost/127.0.0.1:60499]
20:33:07.093 [Forwarding getElementTagName on session ac8c6edaa08f9c32561fdb7aacb9ab06 to remote] DEBUG org.asynchttpclient.netty.request.NettyRequestSender - Using pooled Channel '[id: 0x99df5132, L:/127.0.0.1:55851 - R:localhost/127.0.0.1:60499]' for 'GET' to 'http://localhost:60499/session/ac8c6edaa08f9c32561fdb7aacb9ab06/element/e9b35d98-4c33-4ed3-977b-e33f7189c57a/name'
20:33:07.093 [Forwarding getElementTagName on session ac8c6edaa08f9c32561fdb7aacb9ab06 to remote] DEBUG org.asynchttpclient.netty.request.NettyRequestSender - Using open Channel [id: 0x99df5132, L:/127.0.0.1:55851 - R:localhost/127.0.0.1:60499] for GET '/session/ac8c6edaa08f9c32561fdb7aacb9ab06/element/e9b35d98-4c33-4ed3-977b-e33f7189c57a/name'
20:33:07.109 [AsyncHttpClient-1-6] DEBUG org.asynchttpclient.netty.handler.HttpHandler - 

Request DefaultFullHttpRequest(decodeResult: success, version: HTTP/1.1, content: EmptyByteBufBE)
GET /session/ac8c6edaa08f9c32561fdb7aacb9ab06/element/e9b35d98-4c33-4ed3-977b-e33f7189c57a/name HTTP/1.1
User-Agent: selenium/4.1.2 (java windows)
Cache-Control: no-cache
Content-Type: application/json; charset=utf-8
host: localhost:60499
accept: */*

Response DefaultHttpResponse(decodeResult: success, version: HTTP/1.1)
HTTP/1.1 200 OK
Content-Type: application/json; charset=utf-8
cache-control: no-cache
content-length: 18

20:33:07.109 [AsyncHttpClient-1-6] DEBUG org.asynchttpclient.netty.channel.ChannelManager - Adding key: http://localhost:60499 for channel [id: 0x99df5132, L:/127.0.0.1:55851 - R:localhost/127.0.0.1:60499]
20:33:07.141 [Forwarding getElementTagName on session ac8c6edaa08f9c32561fdb7aacb9ab06 to remote] DEBUG org.asynchttpclient.netty.request.NettyRequestSender - Using pooled Channel '[id: 0x99df5132, L:/127.0.0.1:55851 - R:localhost/127.0.0.1:60499]' for 'GET' to 'http://localhost:60499/session/ac8c6edaa08f9c32561fdb7aacb9ab06/element/e9b35d98-4c33-4ed3-977b-e33f7189c57a/name'
20:33:07.141 [Forwarding getElementTagName on session ac8c6edaa08f9c32561fdb7aacb9ab06 to remote] DEBUG org.asynchttpclient.netty.request.NettyRequestSender - Using open Channel [id: 0x99df5132, L:/127.0.0.1:55851 - R:localhost/127.0.0.1:60499] for GET '/session/ac8c6edaa08f9c32561fdb7aacb9ab06/element/e9b35d98-4c33-4ed3-977b-e33f7189c57a/name'
20:33:07.149 [AsyncHttpClient-1-6] DEBUG org.asynchttpclient.netty.handler.HttpHandler - 

Request DefaultFullHttpRequest(decodeResult: success, version: HTTP/1.1, content: EmptyByteBufBE)
GET /session/ac8c6edaa08f9c32561fdb7aacb9ab06/element/e9b35d98-4c33-4ed3-977b-e33f7189c57a/name HTTP/1.1
User-Agent: selenium/4.1.2 (java windows)
Cache-Control: no-cache
Content-Type: application/json; charset=utf-8
host: localhost:60499
accept: */*

Response DefaultHttpResponse(decodeResult: success, version: HTTP/1.1)
HTTP/1.1 200 OK
Content-Type: application/json; charset=utf-8
cache-control: no-cache
content-length: 18

20:33:07.149 [AsyncHttpClient-1-6] DEBUG org.asynchttpclient.netty.channel.ChannelManager - Adding key: http://localhost:60499 for channel [id: 0x99df5132, L:/127.0.0.1:55851 - R:localhost/127.0.0.1:60499]
20:33:07.157 [Forwarding isElementEnabled on session ac8c6edaa08f9c32561fdb7aacb9ab06 to remote] DEBUG org.asynchttpclient.netty.request.NettyRequestSender - Using pooled Channel '[id: 0x99df5132, L:/127.0.0.1:55851 - R:localhost/127.0.0.1:60499]' for 'GET' to 'http://localhost:60499/session/ac8c6edaa08f9c32561fdb7aacb9ab06/element/e9b35d98-4c33-4ed3-977b-e33f7189c57a/enabled'
20:33:07.157 [Forwarding isElementEnabled on session ac8c6edaa08f9c32561fdb7aacb9ab06 to remote] DEBUG org.asynchttpclient.netty.request.NettyRequestSender - Using open Channel [id: 0x99df5132, L:/127.0.0.1:55851 - R:localhost/127.0.0.1:60499] for GET '/session/ac8c6edaa08f9c32561fdb7aacb9ab06/element/e9b35d98-4c33-4ed3-977b-e33f7189c57a/enabled'
20:33:07.184 [AsyncHttpClient-1-6] DEBUG org.asynchttpclient.netty.handler.HttpHandler - 

Request DefaultFullHttpRequest(decodeResult: success, version: HTTP/1.1, content: EmptyByteBufBE)
GET /session/ac8c6edaa08f9c32561fdb7aacb9ab06/element/e9b35d98-4c33-4ed3-977b-e33f7189c57a/enabled HTTP/1.1
User-Agent: selenium/4.1.2 (java windows)
Cache-Control: no-cache
Content-Type: application/json; charset=utf-8
host: localhost:60499
accept: */*

Response DefaultHttpResponse(decodeResult: success, version: HTTP/1.1)
HTTP/1.1 200 OK
Content-Type: application/json; charset=utf-8
cache-control: no-cache
content-length: 14

20:33:07.184 [AsyncHttpClient-1-6] DEBUG org.asynchttpclient.netty.channel.ChannelManager - Adding key: http://localhost:60499 for channel [id: 0x99df5132, L:/127.0.0.1:55851 - R:localhost/127.0.0.1:60499]
20:33:07.184 [Forwarding isElementEnabled on session ac8c6edaa08f9c32561fdb7aacb9ab06 to remote] DEBUG org.asynchttpclient.netty.request.NettyRequestSender - Using pooled Channel '[id: 0x99df5132, L:/127.0.0.1:55851 - R:localhost/127.0.0.1:60499]' for 'GET' to 'http://localhost:60499/session/ac8c6edaa08f9c32561fdb7aacb9ab06/element/e9b35d98-4c33-4ed3-977b-e33f7189c57a/enabled'
20:33:07.184 [Forwarding isElementEnabled on session ac8c6edaa08f9c32561fdb7aacb9ab06 to remote] DEBUG org.asynchttpclient.netty.request.NettyRequestSender - Using open Channel [id: 0x99df5132, L:/127.0.0.1:55851 - R:localhost/127.0.0.1:60499] for GET '/session/ac8c6edaa08f9c32561fdb7aacb9ab06/element/e9b35d98-4c33-4ed3-977b-e33f7189c57a/enabled'
20:33:07.184 [AsyncHttpClient-1-6] DEBUG org.asynchttpclient.netty.handler.HttpHandler - 

Request DefaultFullHttpRequest(decodeResult: success, version: HTTP/1.1, content: EmptyByteBufBE)
GET /session/ac8c6edaa08f9c32561fdb7aacb9ab06/element/e9b35d98-4c33-4ed3-977b-e33f7189c57a/enabled HTTP/1.1
User-Agent: selenium/4.1.2 (java windows)
Cache-Control: no-cache
Content-Type: application/json; charset=utf-8
host: localhost:60499
accept: */*

Response DefaultHttpResponse(decodeResult: success, version: HTTP/1.1)
HTTP/1.1 200 OK
Content-Type: application/json; charset=utf-8
cache-control: no-cache
content-length: 14

20:33:07.184 [AsyncHttpClient-1-6] DEBUG org.asynchttpclient.netty.channel.ChannelManager - Adding key: http://localhost:60499 for channel [id: 0x99df5132, L:/127.0.0.1:55851 - R:localhost/127.0.0.1:60499]
20:33:07.200 [Forwarding findElement on session ac8c6edaa08f9c32561fdb7aacb9ab06 to remote] DEBUG org.asynchttpclient.netty.request.NettyRequestSender - Using pooled Channel '[id: 0x99df5132, L:/127.0.0.1:55851 - R:localhost/127.0.0.1:60499]' for 'POST' to 'http://localhost:60499/session/ac8c6edaa08f9c32561fdb7aacb9ab06/element'
20:33:07.200 [Forwarding findElement on session ac8c6edaa08f9c32561fdb7aacb9ab06 to remote] DEBUG org.asynchttpclient.netty.request.NettyRequestSender - Using open Channel [id: 0x99df5132, L:/127.0.0.1:55851 - R:localhost/127.0.0.1:60499] for POST '/session/ac8c6edaa08f9c32561fdb7aacb9ab06/element'
20:33:07.213 [AsyncHttpClient-1-6] DEBUG org.asynchttpclient.netty.handler.HttpHandler - 

Request DefaultHttpRequest(decodeResult: success, version: HTTP/1.1)
POST /session/ac8c6edaa08f9c32561fdb7aacb9ab06/element HTTP/1.1
User-Agent: selenium/4.1.2 (java windows)
Content-Length: 68
Content-Type: application/json; charset=utf-8
host: localhost:60499
accept: */*

Response DefaultHttpResponse(decodeResult: success, version: HTTP/1.1)
HTTP/1.1 200 OK
Content-Type: application/json; charset=utf-8
cache-control: no-cache
content-length: 88

20:33:07.213 [AsyncHttpClient-1-6] DEBUG org.asynchttpclient.netty.channel.ChannelManager - Adding key: http://localhost:60499 for channel [id: 0x99df5132, L:/127.0.0.1:55851 - R:localhost/127.0.0.1:60499]
20:33:07.213 [Forwarding clickElement on session ac8c6edaa08f9c32561fdb7aacb9ab06 to remote] DEBUG org.asynchttpclient.netty.request.NettyRequestSender - Using pooled Channel '[id: 0x99df5132, L:/127.0.0.1:55851 - R:localhost/127.0.0.1:60499]' for 'POST' to 'http://localhost:60499/session/ac8c6edaa08f9c32561fdb7aacb9ab06/element/e9b35d98-4c33-4ed3-977b-e33f7189c57a/click'
20:33:07.213 [Forwarding clickElement on session ac8c6edaa08f9c32561fdb7aacb9ab06 to remote] DEBUG org.asynchttpclient.netty.request.NettyRequestSender - Using open Channel [id: 0x99df5132, L:/127.0.0.1:55851 - R:localhost/127.0.0.1:60499] for POST '/session/ac8c6edaa08f9c32561fdb7aacb9ab06/element/e9b35d98-4c33-4ed3-977b-e33f7189c57a/click'
20:33:07.305 [AsyncHttpClient-1-6] DEBUG org.asynchttpclient.netty.handler.HttpHandler - 

Request DefaultHttpRequest(decodeResult: success, version: HTTP/1.1)
POST /session/ac8c6edaa08f9c32561fdb7aacb9ab06/element/e9b35d98-4c33-4ed3-977b-e33f7189c57a/click HTTP/1.1
User-Agent: selenium/4.1.2 (java windows)
Content-Length: 50
Content-Type: application/json; charset=utf-8
host: localhost:60499
accept: */*

Response DefaultHttpResponse(decodeResult: success, version: HTTP/1.1)
HTTP/1.1 200 OK
Content-Type: application/json; charset=utf-8
cache-control: no-cache
content-length: 14

20:33:07.305 [AsyncHttpClient-1-6] DEBUG org.asynchttpclient.netty.channel.ChannelManager - Adding key: http://localhost:60499 for channel [id: 0x99df5132, L:/127.0.0.1:55851 - R:localhost/127.0.0.1:60499]
20:33:07.321 [Forwarding screenshot on session ac8c6edaa08f9c32561fdb7aacb9ab06 to remote] DEBUG org.asynchttpclient.netty.request.NettyRequestSender - Using pooled Channel '[id: 0x99df5132, L:/127.0.0.1:55851 - R:localhost/127.0.0.1:60499]' for 'GET' to 'http://localhost:60499/session/ac8c6edaa08f9c32561fdb7aacb9ab06/screenshot'
20:33:07.321 [Forwarding screenshot on session ac8c6edaa08f9c32561fdb7aacb9ab06 to remote] DEBUG org.asynchttpclient.netty.request.NettyRequestSender - Using open Channel [id: 0x99df5132, L:/127.0.0.1:55851 - R:localhost/127.0.0.1:60499] for GET '/session/ac8c6edaa08f9c32561fdb7aacb9ab06/screenshot'
20:33:07.599 [AsyncHttpClient-1-1] DEBUG org.asynchttpclient.netty.channel.DefaultChannelPool - Entry count for : http://localhost:55852 : 1
20:33:07.893 [AsyncHttpClient-1-6] DEBUG org.asynchttpclient.netty.handler.HttpHandler - 

Request DefaultFullHttpRequest(decodeResult: success, version: HTTP/1.1, content: EmptyByteBufBE)
GET /session/ac8c6edaa08f9c32561fdb7aacb9ab06/screenshot HTTP/1.1
User-Agent: selenium/4.1.2 (java windows)
Cache-Control: no-cache
Content-Type: application/json; charset=utf-8
host: localhost:60499
accept: */*

Response DefaultHttpResponse(decodeResult: success, version: HTTP/1.1)
HTTP/1.1 500 Internal Server Error
Content-Type: application/json; charset=utf-8
cache-control: no-cache
content-length: 854

20:33:07.893 [AsyncHttpClient-1-6] DEBUG org.asynchttpclient.netty.channel.ChannelManager - Adding key: http://localhost:60499 for channel [id: 0x99df5132, L:/127.0.0.1:55851 - R:localhost/127.0.0.1:60499]
20:33:07.901 [main] WARN net.thucydides.core.webdriver.WebDriverFacade - Failed to take screenshot (unexpected alert open: <unknown>
  (Session info: chrome=102.0.5005.115): 
Build info: version: '4.1.2', revision: '9a5a329c5a'
System info: host: 'MOOK-HON', ip: '192.168.100.6', os.name: 'Windows 10', os.arch: 'amd64', os.version: '10.0', java.version: '11.0.14'
Driver info: org.openqa.selenium.chrome.ChromeDriver
Command: [ac8c6edaa08f9c32561fdb7aacb9ab06, screenshot {}]
Capabilities {acceptInsecureCerts: false, browserName: chrome, browserVersion: 102.0.5005.115, chrome: {chromedriverVersion: 102.0.5005.61 (0e59bcc00cc4..., userDataDir: C:\Users\ASUS\AppData\Local...}, goog:chromeOptions: {debuggerAddress: localhost:55852}, javascriptEnabled: true, networkConnectionEnabled: false, pageLoadStrategy: normal, platform: WINDOWS, platformName: WINDOWS, proxy: Proxy(), se:cdp: ws://localhost:55852/devtoo..., se:cdpVersion: 102.0.5005.115, setWindowRect: true, strictFileInteractability: false, timeouts: {implicit: 0, pageLoad: 300000, script: 30000}, unhandledPromptBehavior: dismiss and notify, webauthn:extension:credBlob: true, webauthn:extension:largeBlob: true, webauthn:virtualAuthenticators: true}
Session ID: ac8c6edaa08f9c32561fdb7aacb9ab06)
20:33:07.901 [main] DEBUG net.thucydides.core.steps.StepInterceptor - STEP DONE: clickButtonSave
  &amp#27;[32mAnd &amp#27;[0m&amp#27;[32mClick button simpan&amp#27;[0m                                         &amp#27;[90m# starter.stepdefinitios.PatientDataSteps.clickButtonSimpan()&amp#27;[0m
20:33:07.917 [Forwarding screenshot on session ac8c6edaa08f9c32561fdb7aacb9ab06 to remote] DEBUG org.asynchttpclient.netty.request.NettyRequestSender - Using pooled Channel '[id: 0x99df5132, L:/127.0.0.1:55851 - R:localhost/127.0.0.1:60499]' for 'GET' to 'http://localhost:60499/session/ac8c6edaa08f9c32561fdb7aacb9ab06/screenshot'
20:33:07.917 [Forwarding screenshot on session ac8c6edaa08f9c32561fdb7aacb9ab06 to remote] DEBUG org.asynchttpclient.netty.request.NettyRequestSender - Using open Channel [id: 0x99df5132, L:/127.0.0.1:55851 - R:localhost/127.0.0.1:60499] for GET '/session/ac8c6edaa08f9c32561fdb7aacb9ab06/screenshot'
20:33:08.055 [AsyncHttpClient-1-6] DEBUG org.asynchttpclient.netty.handler.HttpHandler - 

Request DefaultFullHttpRequest(decodeResult: success, version: HTTP/1.1, content: EmptyByteBufBE)
GET /session/ac8c6edaa08f9c32561fdb7aacb9ab06/screenshot HTTP/1.1
User-Agent: selenium/4.1.2 (java windows)
Cache-Control: no-cache
Content-Type: application/json; charset=utf-8
host: localhost:60499
accept: */*

Response DefaultHttpResponse(decodeResult: success, version: HTTP/1.1)
HTTP/1.1 500 Internal Server Error
Content-Type: application/json; charset=utf-8
cache-control: no-cache
content-length: 893

20:33:08.055 [AsyncHttpClient-1-6] DEBUG org.asynchttpclient.netty.channel.ChannelManager - Adding key: http://localhost:60499 for channel [id: 0x99df5132, L:/127.0.0.1:55851 - R:localhost/127.0.0.1:60499]
20:33:08.055 [main] WARN net.thucydides.core.webdriver.WebDriverFacade - Failed to take screenshot (unexpected alert open: {Alert text : Data telah ditambah}
  (Session info: chrome=102.0.5005.115): Data telah ditambah
Build info: version: '4.1.2', revision: '9a5a329c5a'
System info: host: 'MOOK-HON', ip: '192.168.100.6', os.name: 'Windows 10', os.arch: 'amd64', os.version: '10.0', java.version: '11.0.14'
Driver info: org.openqa.selenium.chrome.ChromeDriver
Command: [ac8c6edaa08f9c32561fdb7aacb9ab06, screenshot {}]
Capabilities {acceptInsecureCerts: false, browserName: chrome, browserVersion: 102.0.5005.115, chrome: {chromedriverVersion: 102.0.5005.61 (0e59bcc00cc4..., userDataDir: C:\Users\ASUS\AppData\Local...}, goog:chromeOptions: {debuggerAddress: localhost:55852}, javascriptEnabled: true, networkConnectionEnabled: false, pageLoadStrategy: normal, platform: WINDOWS, platformName: WINDOWS, proxy: Proxy(), se:cdp: ws://localhost:55852/devtoo..., se:cdpVersion: 102.0.5005.115, setWindowRect: true, strictFileInteractability: false, timeouts: {implicit: 0, pageLoad: 300000, script: 30000}, unhandledPromptBehavior: dismiss and notify, webauthn:extension:credBlob: true, webauthn:extension:largeBlob: true, webauthn:virtualAuthenticators: true}
Session ID: ac8c6edaa08f9c32561fdb7aacb9ab06)
20:33:08.087 [Forwarding screenshot on session ac8c6edaa08f9c32561fdb7aacb9ab06 to remote] DEBUG org.asynchttpclient.netty.request.NettyRequestSender - Using pooled Channel '[id: 0x99df5132, L:/127.0.0.1:55851 - R:localhost/127.0.0.1:60499]' for 'GET' to 'http://localhost:60499/session/ac8c6edaa08f9c32561fdb7aacb9ab06/screenshot'
20:33:08.095 [Forwarding screenshot on session ac8c6edaa08f9c32561fdb7aacb9ab06 to remote] DEBUG org.asynchttpclient.netty.request.NettyRequestSender - Using open Channel [id: 0x99df5132, L:/127.0.0.1:55851 - R:localhost/127.0.0.1:60499] for GET '/session/ac8c6edaa08f9c32561fdb7aacb9ab06/screenshot'
20:33:08.687 [AsyncHttpClient-1-1] DEBUG org.asynchttpclient.netty.channel.DefaultChannelPool - Entry count for : http://localhost:55852 : 1
20:33:09.829 [AsyncHttpClient-1-1] DEBUG org.asynchttpclient.netty.channel.DefaultChannelPool - Entry count for : http://localhost:55852 : 1
20:33:10.089 [AsyncHttpClient-1-6] DEBUG org.asynchttpclient.netty.handler.HttpHandler - 

Request DefaultFullHttpRequest(decodeResult: success, version: HTTP/1.1, content: EmptyByteBufBE)
GET /session/ac8c6edaa08f9c32561fdb7aacb9ab06/screenshot HTTP/1.1
User-Agent: selenium/4.1.2 (java windows)
Cache-Control: no-cache
Content-Type: application/json; charset=utf-8
host: localhost:60499
accept: */*

Response DefaultHttpResponse(decodeResult: success, version: HTTP/1.1)
HTTP/1.1 200 OK
Content-Type: application/json; charset=utf-8
cache-control: no-cache
content-length: 397960

20:33:10.097 [AsyncHttpClient-1-6] DEBUG org.asynchttpclient.netty.channel.ChannelManager - Adding key: http://localhost:60499 for channel [id: 0x99df5132, L:/127.0.0.1:55851 - R:localhost/127.0.0.1:60499]
20:33:10.145 [main] DEBUG net.serenitybdd.core.photography.Darkroom - Send negative for processing for target\site\serenity\cbeceb493b3cc14d3791ff263ea0078986a8fbc23e395c454f06e0ce9a24f68d.png
20:33:10.679 [Forwarding screenshot on session ac8c6edaa08f9c32561fdb7aacb9ab06 to remote] DEBUG org.asynchttpclient.netty.request.NettyRequestSender - Using pooled Channel '[id: 0x99df5132, L:/127.0.0.1:55851 - R:localhost/127.0.0.1:60499]' for 'GET' to 'http://localhost:60499/session/ac8c6edaa08f9c32561fdb7aacb9ab06/screenshot'
20:33:10.679 [Forwarding screenshot on session ac8c6edaa08f9c32561fdb7aacb9ab06 to remote] DEBUG org.asynchttpclient.netty.request.NettyRequestSender - Using open Channel [id: 0x99df5132, L:/127.0.0.1:55851 - R:localhost/127.0.0.1:60499] for GET '/session/ac8c6edaa08f9c32561fdb7aacb9ab06/screenshot'
20:33:10.909 [AsyncHttpClient-1-1] DEBUG org.asynchttpclient.netty.channel.DefaultChannelPool - Entry count for : http://localhost:55852 : 1
20:33:11.726 [AsyncHttpClient-1-6] DEBUG org.asynchttpclient.netty.handler.HttpHandler - 

Request DefaultFullHttpRequest(decodeResult: success, version: HTTP/1.1, content: EmptyByteBufBE)
GET /session/ac8c6edaa08f9c32561fdb7aacb9ab06/screenshot HTTP/1.1
User-Agent: selenium/4.1.2 (java windows)
Cache-Control: no-cache
Content-Type: application/json; charset=utf-8
host: localhost:60499
accept: */*

Response DefaultHttpResponse(decodeResult: success, version: HTTP/1.1)
HTTP/1.1 200 OK
Content-Type: application/json; charset=utf-8
cache-control: no-cache
content-length: 397960

20:33:11.726 [AsyncHttpClient-1-6] DEBUG org.asynchttpclient.netty.channel.ChannelManager - Adding key: http://localhost:60499 for channel [id: 0x99df5132, L:/127.0.0.1:55851 - R:localhost/127.0.0.1:60499]
20:33:11.766 [main] DEBUG net.serenitybdd.core.photography.Darkroom - Send negative for processing for target\site\serenity\cbeceb493b3cc14d3791ff263ea0078986a8fbc23e395c454f06e0ce9a24f68d.png
20:33:11.774 [main] DEBUG net.thucydides.core.steps.StepInterceptor - STARTING STEP: PatientDataSteps.validDataPasien - checkValidDataPasien
20:33:11.790 [Forwarding findElement on session ac8c6edaa08f9c32561fdb7aacb9ab06 to remote] DEBUG org.asynchttpclient.netty.request.NettyRequestSender - Using pooled Channel '[id: 0x99df5132, L:/127.0.0.1:55851 - R:localhost/127.0.0.1:60499]' for 'POST' to 'http://localhost:60499/session/ac8c6edaa08f9c32561fdb7aacb9ab06/element'
20:33:11.790 [Forwarding findElement on session ac8c6edaa08f9c32561fdb7aacb9ab06 to remote] DEBUG org.asynchttpclient.netty.request.NettyRequestSender - Using open Channel [id: 0x99df5132, L:/127.0.0.1:55851 - R:localhost/127.0.0.1:60499] for POST '/session/ac8c6edaa08f9c32561fdb7aacb9ab06/element'
20:33:11.974 [AsyncHttpClient-1-6] DEBUG org.asynchttpclient.netty.handler.HttpHandler - 

Request DefaultHttpRequest(decodeResult: success, version: HTTP/1.1)
POST /session/ac8c6edaa08f9c32561fdb7aacb9ab06/element HTTP/1.1
User-Agent: selenium/4.1.2 (java windows)
Content-Length: 95
Content-Type: application/json; charset=utf-8
host: localhost:60499
accept: */*

Response DefaultHttpResponse(decodeResult: success, version: HTTP/1.1)
HTTP/1.1 200 OK
Content-Type: application/json; charset=utf-8
cache-control: no-cache
content-length: 88

20:33:11.974 [AsyncHttpClient-1-6] DEBUG org.asynchttpclient.netty.channel.ChannelManager - Adding key: http://localhost:60499 for channel [id: 0x99df5132, L:/127.0.0.1:55851 - R:localhost/127.0.0.1:60499]
20:33:11.974 [Forwarding isElementEnabled on session ac8c6edaa08f9c32561fdb7aacb9ab06 to remote] DEBUG org.asynchttpclient.netty.request.NettyRequestSender - Using pooled Channel '[id: 0x99df5132, L:/127.0.0.1:55851 - R:localhost/127.0.0.1:60499]' for 'GET' to 'http://localhost:60499/session/ac8c6edaa08f9c32561fdb7aacb9ab06/element/484a0272-f0ea-4c43-a30e-c8561689749c/enabled'
20:33:11.974 [Forwarding isElementEnabled on session ac8c6edaa08f9c32561fdb7aacb9ab06 to remote] DEBUG org.asynchttpclient.netty.request.NettyRequestSender - Using open Channel [id: 0x99df5132, L:/127.0.0.1:55851 - R:localhost/127.0.0.1:60499] for GET '/session/ac8c6edaa08f9c32561fdb7aacb9ab06/element/484a0272-f0ea-4c43-a30e-c8561689749c/enabled'
20:33:11.990 [AsyncHttpClient-1-1] DEBUG org.asynchttpclient.netty.channel.DefaultChannelPool - Entry count for : http://localhost:55852 : 1
20:33:12.012 [AsyncHttpClient-1-6] DEBUG org.asynchttpclient.netty.handler.HttpHandler - 

Request DefaultFullHttpRequest(decodeResult: success, version: HTTP/1.1, content: EmptyByteBufBE)
GET /session/ac8c6edaa08f9c32561fdb7aacb9ab06/element/484a0272-f0ea-4c43-a30e-c8561689749c/enabled HTTP/1.1
User-Agent: selenium/4.1.2 (java windows)
Cache-Control: no-cache
Content-Type: application/json; charset=utf-8
host: localhost:60499
accept: */*

Response DefaultHttpResponse(decodeResult: success, version: HTTP/1.1)
HTTP/1.1 200 OK
Content-Type: application/json; charset=utf-8
cache-control: no-cache
content-length: 14

20:33:12.012 [AsyncHttpClient-1-6] DEBUG org.asynchttpclient.netty.channel.ChannelManager - Adding key: http://localhost:60499 for channel [id: 0x99df5132, L:/127.0.0.1:55851 - R:localhost/127.0.0.1:60499]
20:33:12.023 [Forwarding screenshot on session ac8c6edaa08f9c32561fdb7aacb9ab06 to remote] DEBUG org.asynchttpclient.netty.request.NettyRequestSender - Using pooled Channel '[id: 0x99df5132, L:/127.0.0.1:55851 - R:localhost/127.0.0.1:60499]' for 'GET' to 'http://localhost:60499/session/ac8c6edaa08f9c32561fdb7aacb9ab06/screenshot'
20:33:12.023 [Forwarding screenshot on session ac8c6edaa08f9c32561fdb7aacb9ab06 to remote] DEBUG org.asynchttpclient.netty.request.NettyRequestSender - Using open Channel [id: 0x99df5132, L:/127.0.0.1:55851 - R:localhost/127.0.0.1:60499] for GET '/session/ac8c6edaa08f9c32561fdb7aacb9ab06/screenshot'
20:33:12.579 [AsyncHttpClient-1-6] DEBUG org.asynchttpclient.netty.handler.HttpHandler - 

Request DefaultFullHttpRequest(decodeResult: success, version: HTTP/1.1, content: EmptyByteBufBE)
GET /session/ac8c6edaa08f9c32561fdb7aacb9ab06/screenshot HTTP/1.1
User-Agent: selenium/4.1.2 (java windows)
Cache-Control: no-cache
Content-Type: application/json; charset=utf-8
host: localhost:60499
accept: */*

Response DefaultHttpResponse(decodeResult: success, version: HTTP/1.1)
HTTP/1.1 200 OK
Content-Type: application/json; charset=utf-8
cache-control: no-cache
content-length: 397960

20:33:12.579 [AsyncHttpClient-1-6] DEBUG org.asynchttpclient.netty.channel.ChannelManager - Adding key: http://localhost:60499 for channel [id: 0x99df5132, L:/127.0.0.1:55851 - R:localhost/127.0.0.1:60499]
20:33:12.619 [main] DEBUG net.serenitybdd.core.photography.Darkroom - Send negative for processing for target\site\serenity\cbeceb493b3cc14d3791ff263ea0078986a8fbc23e395c454f06e0ce9a24f68d.png
20:33:12.627 [main] DEBUG net.thucydides.core.steps.StepInterceptor - STEP DONE: checkValidDataPasien
  &amp#27;[32mAnd &amp#27;[0m&amp#27;[32mValid data pasien&amp#27;[0m                                           &amp#27;[90m# starter.stepdefinitios.PatientDataSteps.validDataPasien()&amp#27;[0m
20:33:12.667 [AsyncHttpClient-1-8] DEBUG org.asynchttpclient.netty.handler.WebSocketHandler - Channel Closed: [id: 0xb9dc9a84, L:/127.0.0.1:55864 ! R:localhost/127.0.0.1:55852] with attribute NettyResponseFuture{currentRetry=5,
	isDone=1,
	isCancelled=0,
	asyncHandler=org.asynchttpclient.ws.WebSocketUpgradeHandler@72cd14ed,
	nettyRequest=org.asynchttpclient.netty.request.NettyRequest@20324572,
	future=java.util.concurrent.CompletableFuture@23b8838a[Completed normally],
	uri=ws://localhost:55852/devtools/browser/3bd7c0b0-8189-4d31-abab-02fe864b8b3a,
	keepAlive=true,
	redirectCount=0,
	timeoutsHolder=null,
	inAuth=0,
	touch=1655991175989}
20:33:12.667 [AsyncHttpClient-1-8] DEBUG org.asynchttpclient.netty.channel.ChannelManager - Closing Channel [id: 0xb9dc9a84, L:/127.0.0.1:55864 ! R:localhost/127.0.0.1:55852] 
20:33:12.675 [Driver Command Executor] DEBUG org.asynchttpclient.netty.request.NettyRequestSender - Using pooled Channel '[id: 0x99df5132, L:/127.0.0.1:55851 - R:localhost/127.0.0.1:60499]' for 'DELETE' to 'http://localhost:60499/session/ac8c6edaa08f9c32561fdb7aacb9ab06'
20:33:12.675 [Driver Command Executor] DEBUG org.asynchttpclient.netty.request.NettyRequestSender - Using open Channel [id: 0x99df5132, L:/127.0.0.1:55851 - R:localhost/127.0.0.1:60499] for DELETE '/session/ac8c6edaa08f9c32561fdb7aacb9ab06'
20:33:13.096 [AsyncHttpClient-1-1] DEBUG org.asynchttpclient.netty.channel.DefaultChannelPool - Entry count for : http://localhost:55852 : 1
20:33:14.208 [AsyncHttpClient-1-1] DEBUG org.asynchttpclient.netty.channel.DefaultChannelPool - Entry count for : http://localhost:55852 : 1
20:33:15.320 [AsyncHttpClient-1-1] DEBUG org.asynchttpclient.netty.channel.DefaultChannelPool - Entry count for : http://localhost:55852 : 1
20:33:16.073 [AsyncHttpClient-1-7] DEBUG org.asynchttpclient.netty.handler.HttpHandler - Unexpected I/O exception on channel [id: 0x7fce577b, L:/127.0.0.1:55863 - R:localhost/127.0.0.1:55852]
java.io.IOException: An existing connection was forcibly closed by the remote host
	at java.base/sun.nio.ch.SocketDispatcher.read0(Native Method)
	at java.base/sun.nio.ch.SocketDispatcher.read(SocketDispatcher.java:43)
	at java.base/sun.nio.ch.IOUtil.readIntoNativeBuffer(IOUtil.java:276)
	at java.base/sun.nio.ch.IOUtil.read(IOUtil.java:233)
	at java.base/sun.nio.ch.IOUtil.read(IOUtil.java:223)
	at java.base/sun.nio.ch.SocketChannelImpl.read(SocketChannelImpl.java:358)
	at io.netty.buffer.PooledByteBuf.setBytes(PooledByteBuf.java:258)
	at io.netty.buffer.AbstractByteBuf.writeBytes(AbstractByteBuf.java:1132)
	at io.netty.channel.socket.nio.NioSocketChannel.doReadBytes(NioSocketChannel.java:350)
	at io.netty.channel.nio.AbstractNioByteChannel$NioByteUnsafe.read(AbstractNioByteChannel.java:151)
	at io.netty.channel.nio.NioEventLoop.processSelectedKey(NioEventLoop.java:722)
	at io.netty.channel.nio.NioEventLoop.processSelectedKeysOptimized(NioEventLoop.java:658)
	at io.netty.channel.nio.NioEventLoop.processSelectedKeys(NioEventLoop.java:584)
	at io.netty.channel.nio.NioEventLoop.run(NioEventLoop.java:496)
	at io.netty.util.concurrent.SingleThreadEventExecutor$4.run(SingleThreadEventExecutor.java:986)
	at io.netty.util.internal.ThreadExecutorMap$2.run(ThreadExecutorMap.java:74)
	at io.netty.util.concurrent.FastThreadLocalRunnable.run(FastThreadLocalRunnable.java:30)
	at java.base/java.lang.Thread.run(Thread.java:834)
20:33:16.073 [AsyncHttpClient-1-7] DEBUG org.asynchttpclient.netty.channel.ChannelManager - Closing Channel [id: 0x7fce577b, L:/127.0.0.1:55863 - R:localhost/127.0.0.1:55852] 
20:33:16.073 [AsyncHttpClient-1-7] DEBUG org.asynchttpclient.netty.handler.HttpHandler - Channel Closed: [id: 0x7fce577b, L:/127.0.0.1:55863 ! R:localhost/127.0.0.1:55852] with attribute DISCARD
20:33:16.168 [AsyncHttpClient-1-6] DEBUG org.asynchttpclient.netty.handler.HttpHandler - 

Request DefaultFullHttpRequest(decodeResult: success, version: HTTP/1.1, content: EmptyByteBufBE)
DELETE /session/ac8c6edaa08f9c32561fdb7aacb9ab06 HTTP/1.1
User-Agent: selenium/4.1.2 (java windows)
Content-Type: application/json; charset=utf-8
host: localhost:60499
accept: */*

Response DefaultHttpResponse(decodeResult: success, version: HTTP/1.1)
HTTP/1.1 200 OK
Content-Type: application/json; charset=utf-8
cache-control: no-cache
content-length: 14

20:33:16.168 [AsyncHttpClient-1-6] DEBUG org.asynchttpclient.netty.channel.ChannelManager - Adding key: http://localhost:60499 for channel [id: 0x99df5132, L:/127.0.0.1:55851 - R:localhost/127.0.0.1:60499]
20:33:16.390 [AsyncHttpClient-1-1] DEBUG org.asynchttpclient.netty.channel.DefaultChannelPool - Entry count for : http://localhost:55852 : 1
20:33:16.390 [AsyncHttpClient-1-1] DEBUG org.asynchttpclient.netty.channel.DefaultChannelPool - Entry count for : http://localhost:60499 : 1
20:33:16.390 [AsyncHttpClient-1-1] DEBUG org.asynchttpclient.netty.channel.DefaultChannelPool - Adding Candidate expired Channel [id: 0x7fce577b, L:/127.0.0.1:55863 ! R:localhost/127.0.0.1:55852] isIdleTimeoutExpired=false isRemotelyClosed=true isTtlExpired=false
20:33:16.390 [AsyncHttpClient-1-1] DEBUG org.asynchttpclient.netty.channel.DefaultChannelPool - Closing Idle Channel [id: 0x7fce577b, L:/127.0.0.1:55863 ! R:localhost/127.0.0.1:55852]
20:33:16.390 [AsyncHttpClient-1-1] DEBUG org.asynchttpclient.netty.channel.DefaultChannelPool - Closed 1 connections out of 2 in 0 ms
20:33:16.537 [AsyncHttpClient-1-6] DEBUG org.asynchttpclient.netty.handler.HttpHandler - Channel Closed: [id: 0x99df5132, L:/127.0.0.1:55851 ! R:localhost/127.0.0.1:60499] with attribute DISCARD
]]></system-out>
    <system-err><![CDATA[Starting ChromeDriver 102.0.5005.61 (0e59bcc00cc4985ce39ad31c150065f159d95ad3-refs/branch-heads/5005@{#819}) on port 60499
Only local connections are allowed.
Please see https://chromedriver.chromium.org/security-considerations for suggestions on keeping ChromeDriver safe.
ChromeDriver was started successfully.
Jun 23, 2022 8:32:55 PM org.openqa.selenium.remote.ProtocolHandshake createSession
INFO: Detected dialect: W3C
Jun 23, 2022 8:32:55 PM org.openqa.selenium.devtools.CdpVersionFinder findNearestMatch
WARNING: Unable to find an exact match for CDP version 102, so returning the closest version found: a no-op implementation
Jun 23, 2022 8:32:55 PM org.openqa.selenium.devtools.CdpVersionFinder findNearestMatch
INFO: Unable to find CDP implementation matching 102.
Jun 23, 2022 8:32:55 PM org.openqa.selenium.chromium.ChromiumDriver lambda$new$3
WARNING: Unable to find version of CDP to use for . You may need to include a dependency on a specific version of the CDP using something similar to `org.seleniumhq.selenium:selenium-devtools-v86:4.1.2` where the version ("v86") matches the version of the chromium-based browser you're using and the version number of the artifact is the same as Selenium's.
[1655991187.892][WARNING]: unexpected alert open: {Alert text : Data telah ditambah}, cancelling screenshot
]]></system-err>
  </testcase>
  <testcase name="As a admin i want to add data pasien but not gander" classname="Add Data Pasien - Admin" time="32.026">
    <system-out><![CDATA[
@AddPatientData
Scenario Outline: As a admin i want to add data pasien but not gander      &amp#27;[90m# src/test/resources/features/AddDataPasien.feature:28&amp#27;[0m
20:33:17.094 [main] INFO io.cucumber.core.plugin.SerenityReporter - Running feature from file:///D:/Kel-1-capstone/TestingWeb/src/test/resources/features/AddDataPasien.feature
20:33:17.126 [main] INFO  - 
  _____   ___   ___   _____     ___   _____     _     ___   _____   ___   ___  
 |_   _| | __| / __| |_   _|   / __| |_   _|   /_\   | _ \ |_   _| | __| |   \ 
   | |   | _|  \__ \   | |     \__ \   | |    / _ \  |   /   | |   | _|  | |) |
   |_|   |___| |___/   |_|     |___/   |_|   /_/ \_\ |_|_\   |_|   |___| |___/ 

As a admin i want to add data pasien but not gander(add-data-pasien---admin;as-a-admin-i-want-to-add-data-pasien-but-not-gander)
--------------------------------------------------------------------------------
20:33:17.246 [main] DEBUG net.thucydides.core.steps.StepInterceptor - STARTING STEP: PatientDataSteps.openPageDataPasien - openDataPasien
20:33:17.246 [main] INFO net.serenitybdd.core.webdriver.driverproviders.ChromeDriverProvider - Using automatically driver download
20:33:17.486 [AsyncHttpClient-1-1] DEBUG org.asynchttpclient.netty.channel.DefaultChannelPool - Entry count for : http://localhost:60499 : 1
20:33:17.486 [AsyncHttpClient-1-1] DEBUG org.asynchttpclient.netty.channel.DefaultChannelPool - Adding Candidate expired Channel [id: 0x99df5132, L:/127.0.0.1:55851 ! R:localhost/127.0.0.1:60499] isIdleTimeoutExpired=false isRemotelyClosed=true isTtlExpired=false
20:33:17.486 [AsyncHttpClient-1-1] DEBUG org.asynchttpclient.netty.channel.DefaultChannelPool - Closing Idle Channel [id: 0x99df5132, L:/127.0.0.1:55851 ! R:localhost/127.0.0.1:60499]
20:33:17.486 [AsyncHttpClient-1-1] DEBUG org.asynchttpclient.netty.channel.DefaultChannelPool - Closed 1 connections out of 1 in 0 ms
20:33:17.598 [main] DEBUG io.github.bonigarcia.wdm.cache.ResolutionCache - Resolution chrome=102 in cache (valid until 21:04:30 23/06/2022 ICT)
20:33:17.646 [main] DEBUG io.github.bonigarcia.wdm.cache.ResolutionCache - Resolution chrome102=102.0.5005.61 in cache (valid until 20:04:30 24/06/2022 ICT)
20:33:17.654 [main] INFO io.github.bonigarcia.wdm.WebDriverManager - Using chromedriver 102.0.5005.61 (resolved driver for Chrome 102)
20:33:17.726 [main] DEBUG io.github.bonigarcia.wdm.WebDriverManager - Driver chromedriver 102.0.5005.61 found in cache
20:33:17.726 [main] INFO io.github.bonigarcia.wdm.WebDriverManager - Exporting webdriver.chrome.driver as C:\Users\ASUS\.cache\selenium\chromedriver\win32\102.0.5005.61\chromedriver.exe
20:33:18.014 [main] DEBUG net.serenitybdd.core.webdriver.driverproviders.ProvideNewDriver - Instantiating driver
20:33:18.014 [main] DEBUG net.serenitybdd.core.webdriver.driverproviders.ProvideNewDriver - Driver capabilities: Capabilities {acceptInsecureCerts: false, base.url: https://fanciful-trifle-360..., browserName: chrome, chorme.driver: src/test/resources/webdrive..., driver: chrome, goog:chromeOptions: {args: [], extensions: []}}
20:33:18.577 [AsyncHttpClient-1-9] DEBUG org.asynchttpclient.netty.channel.NettyConnectListener - Using new Channel '[id: 0xc9370254, L:/127.0.0.1:57073 - R:localhost/127.0.0.1:54154]' for 'POST' to '/session'
20:33:21.174 [AsyncHttpClient-1-9] DEBUG org.asynchttpclient.netty.handler.HttpHandler - 

Request DefaultHttpRequest(decodeResult: success, version: HTTP/1.1)
POST /session HTTP/1.1
User-Agent: selenium/4.1.2 (java windows)
Content-Length: 629
Content-Type: application/json; charset=utf-8
host: localhost:54154
accept: */*

Response DefaultHttpResponse(decodeResult: success, version: HTTP/1.1)
HTTP/1.1 200 OK
Content-Type: application/json; charset=utf-8
cache-control: no-cache
content-length: 789

20:33:21.174 [AsyncHttpClient-1-9] DEBUG org.asynchttpclient.netty.channel.ChannelManager - Adding key: http://localhost:54154 for channel [id: 0xc9370254, L:/127.0.0.1:57073 - R:localhost/127.0.0.1:54154]
20:33:21.198 [AsyncHttpClient-1-2] DEBUG org.asynchttpclient.netty.channel.NettyConnectListener - Using new Channel '[id: 0xd21b0e17, L:/127.0.0.1:57086 - R:localhost/127.0.0.1:57075]' for 'GET' to '/json/version'
20:33:21.206 [AsyncHttpClient-1-2] DEBUG org.asynchttpclient.netty.handler.HttpHandler - 

Request DefaultFullHttpRequest(decodeResult: success, version: HTTP/1.1, content: EmptyByteBufBE)
GET /json/version HTTP/1.1
User-Agent: selenium/4.1.2 (java windows)
host: localhost:57075
accept: */*

Response DefaultHttpResponse(decodeResult: success, version: HTTP/1.1)
HTTP/1.1 200 OK
Content-Type: application/json; charset=UTF-8
content-length: 428

20:33:21.206 [AsyncHttpClient-1-2] DEBUG org.asynchttpclient.netty.channel.ChannelManager - Adding key: http://localhost:57075 for channel [id: 0xd21b0e17, L:/127.0.0.1:57086 - R:localhost/127.0.0.1:57075]
20:33:21.206 [AsyncHttpClient-1-3] DEBUG org.asynchttpclient.netty.channel.NettyConnectListener - Using new Channel '[id: 0x6c896ed4, L:/127.0.0.1:57087 - R:localhost/127.0.0.1:57075]' for 'GET' to '/devtools/browser/49447b97-719a-4347-807c-b8afd20cb6f9'
20:33:21.214 [AsyncHttpClient-1-3] DEBUG org.asynchttpclient.netty.handler.WebSocketHandler - 

Request DefaultFullHttpRequest(decodeResult: success, version: HTTP/1.1, content: EmptyByteBufBE)
GET /devtools/browser/49447b97-719a-4347-807c-b8afd20cb6f9 HTTP/1.1
upgrade: websocket
connection: upgrade
sec-websocket-key: 0fy2HKuPMO4ex+Vtb8VIvw==
sec-websocket-version: 13
origin: http://localhost:57075
host: localhost:57075
accept: */*
user-agent: AHC/2.1

Response DefaultHttpResponse(decodeResult: success, version: HTTP/1.1)
HTTP/1.1 101 WebSocket Protocol Handshake
Upgrade: WebSocket
Connection: Upgrade
Sec-WebSocket-Accept: 2nc4fSDkXkIvVhEJQVSHM69JZLk=

20:33:21.222 [Forwarding get on session 167e6f8dc6c91f1e597ff3faaad09038 to remote] DEBUG org.asynchttpclient.netty.request.NettyRequestSender - Using pooled Channel '[id: 0xc9370254, L:/127.0.0.1:57073 - R:localhost/127.0.0.1:54154]' for 'POST' to 'http://localhost:54154/session/167e6f8dc6c91f1e597ff3faaad09038/url'
20:33:21.222 [Forwarding get on session 167e6f8dc6c91f1e597ff3faaad09038 to remote] DEBUG org.asynchttpclient.netty.request.NettyRequestSender - Using open Channel [id: 0xc9370254, L:/127.0.0.1:57073 - R:localhost/127.0.0.1:54154] for POST '/session/167e6f8dc6c91f1e597ff3faaad09038/url'
20:33:21.915 [AsyncHttpClient-1-1] DEBUG org.asynchttpclient.netty.channel.DefaultChannelPool - Entry count for : http://localhost:57075 : 1
20:33:22.987 [AsyncHttpClient-1-1] DEBUG org.asynchttpclient.netty.channel.DefaultChannelPool - Entry count for : http://localhost:57075 : 1
20:33:23.243 [AsyncHttpClient-1-9] DEBUG org.asynchttpclient.netty.handler.HttpHandler - 

Request DefaultHttpRequest(decodeResult: success, version: HTTP/1.1)
POST /session/167e6f8dc6c91f1e597ff3faaad09038/url HTTP/1.1
User-Agent: selenium/4.1.2 (java windows)
Content-Length: 84
Content-Type: application/json; charset=utf-8
host: localhost:54154
accept: */*

Response DefaultHttpResponse(decodeResult: success, version: HTTP/1.1)
HTTP/1.1 200 OK
Content-Type: application/json; charset=utf-8
cache-control: no-cache
content-length: 14

20:33:23.243 [AsyncHttpClient-1-9] DEBUG org.asynchttpclient.netty.channel.ChannelManager - Adding key: http://localhost:54154 for channel [id: 0xc9370254, L:/127.0.0.1:57073 - R:localhost/127.0.0.1:54154]
20:33:23.243 [Forwarding setTimeout on session 167e6f8dc6c91f1e597ff3faaad09038 to remote] DEBUG org.asynchttpclient.netty.request.NettyRequestSender - Using pooled Channel '[id: 0xc9370254, L:/127.0.0.1:57073 - R:localhost/127.0.0.1:54154]' for 'POST' to 'http://localhost:54154/session/167e6f8dc6c91f1e597ff3faaad09038/timeouts'
20:33:23.243 [Forwarding setTimeout on session 167e6f8dc6c91f1e597ff3faaad09038 to remote] DEBUG org.asynchttpclient.netty.request.NettyRequestSender - Using open Channel [id: 0xc9370254, L:/127.0.0.1:57073 - R:localhost/127.0.0.1:54154] for POST '/session/167e6f8dc6c91f1e597ff3faaad09038/timeouts'
20:33:23.275 [AsyncHttpClient-1-9] DEBUG org.asynchttpclient.netty.handler.HttpHandler - 

Request DefaultHttpRequest(decodeResult: success, version: HTTP/1.1)
POST /session/167e6f8dc6c91f1e597ff3faaad09038/timeouts HTTP/1.1
User-Agent: selenium/4.1.2 (java windows)
Content-Length: 22
Content-Type: application/json; charset=utf-8
host: localhost:54154
accept: */*

Response DefaultHttpResponse(decodeResult: success, version: HTTP/1.1)
HTTP/1.1 200 OK
Content-Type: application/json; charset=utf-8
cache-control: no-cache
content-length: 14

20:33:23.275 [AsyncHttpClient-1-9] DEBUG org.asynchttpclient.netty.channel.ChannelManager - Adding key: http://localhost:54154 for channel [id: 0xc9370254, L:/127.0.0.1:57073 - R:localhost/127.0.0.1:54154]
20:33:23.283 [Forwarding getCurrentUrl on session 167e6f8dc6c91f1e597ff3faaad09038 to remote] DEBUG org.asynchttpclient.netty.request.NettyRequestSender - Using pooled Channel '[id: 0xc9370254, L:/127.0.0.1:57073 - R:localhost/127.0.0.1:54154]' for 'GET' to 'http://localhost:54154/session/167e6f8dc6c91f1e597ff3faaad09038/url'
20:33:23.283 [Forwarding getCurrentUrl on session 167e6f8dc6c91f1e597ff3faaad09038 to remote] DEBUG org.asynchttpclient.netty.request.NettyRequestSender - Using open Channel [id: 0xc9370254, L:/127.0.0.1:57073 - R:localhost/127.0.0.1:54154] for GET '/session/167e6f8dc6c91f1e597ff3faaad09038/url'
20:33:23.291 [AsyncHttpClient-1-9] DEBUG org.asynchttpclient.netty.handler.HttpHandler - 

Request DefaultFullHttpRequest(decodeResult: success, version: HTTP/1.1, content: EmptyByteBufBE)
GET /session/167e6f8dc6c91f1e597ff3faaad09038/url HTTP/1.1
User-Agent: selenium/4.1.2 (java windows)
Cache-Control: no-cache
Content-Type: application/json; charset=utf-8
host: localhost:54154
accept: */*

Response DefaultHttpResponse(decodeResult: success, version: HTTP/1.1)
HTTP/1.1 200 OK
Content-Type: application/json; charset=utf-8
cache-control: no-cache
content-length: 66

20:33:23.291 [AsyncHttpClient-1-9] DEBUG org.asynchttpclient.netty.channel.ChannelManager - Adding key: http://localhost:54154 for channel [id: 0xc9370254, L:/127.0.0.1:57073 - R:localhost/127.0.0.1:54154]
20:33:23.315 [Forwarding screenshot on session 167e6f8dc6c91f1e597ff3faaad09038 to remote] DEBUG org.asynchttpclient.netty.request.NettyRequestSender - Using pooled Channel '[id: 0xc9370254, L:/127.0.0.1:57073 - R:localhost/127.0.0.1:54154]' for 'GET' to 'http://localhost:54154/session/167e6f8dc6c91f1e597ff3faaad09038/screenshot'
20:33:23.315 [Forwarding screenshot on session 167e6f8dc6c91f1e597ff3faaad09038 to remote] DEBUG org.asynchttpclient.netty.request.NettyRequestSender - Using open Channel [id: 0xc9370254, L:/127.0.0.1:57073 - R:localhost/127.0.0.1:54154] for GET '/session/167e6f8dc6c91f1e597ff3faaad09038/screenshot'
20:33:24.114 [AsyncHttpClient-1-1] DEBUG org.asynchttpclient.netty.channel.DefaultChannelPool - Entry count for : http://localhost:57075 : 1
20:33:24.337 [AsyncHttpClient-1-9] DEBUG org.asynchttpclient.netty.handler.HttpHandler - 

Request DefaultFullHttpRequest(decodeResult: success, version: HTTP/1.1, content: EmptyByteBufBE)
GET /session/167e6f8dc6c91f1e597ff3faaad09038/screenshot HTTP/1.1
User-Agent: selenium/4.1.2 (java windows)
Cache-Control: no-cache
Content-Type: application/json; charset=utf-8
host: localhost:54154
accept: */*

Response DefaultHttpResponse(decodeResult: success, version: HTTP/1.1)
HTTP/1.1 200 OK
Content-Type: application/json; charset=utf-8
cache-control: no-cache
content-length: 86016

20:33:24.337 [AsyncHttpClient-1-9] DEBUG org.asynchttpclient.netty.channel.ChannelManager - Adding key: http://localhost:54154 for channel [id: 0xc9370254, L:/127.0.0.1:57073 - R:localhost/127.0.0.1:54154]
20:33:24.345 [main] DEBUG net.serenitybdd.core.photography.Darkroom - Send negative for processing for target\site\serenity\63a8b96f8d8a2353d1098282bddf8724ea51ae4189c07bb318bc22275bd0f5fa.png
20:33:24.345 [main] DEBUG net.thucydides.core.steps.StepInterceptor - STEP DONE: openDataPasien
  &amp#27;[32mGiven &amp#27;[0m&amp#27;[32mOpen page data pasien&amp#27;[0m                                              &amp#27;[90m# starter.stepdefinitios.PatientDataSteps.openPageDataPasien()&amp#27;[0m
20:33:24.393 [main] DEBUG net.thucydides.core.steps.StepInterceptor - STARTING STEP: PatientDataSteps.clickButtonTambahData - clickButtonTambah
20:33:24.401 [Forwarding findElement on session 167e6f8dc6c91f1e597ff3faaad09038 to remote] DEBUG org.asynchttpclient.netty.request.NettyRequestSender - Using pooled Channel '[id: 0xc9370254, L:/127.0.0.1:57073 - R:localhost/127.0.0.1:54154]' for 'POST' to 'http://localhost:54154/session/167e6f8dc6c91f1e597ff3faaad09038/element'
20:33:24.401 [Forwarding findElement on session 167e6f8dc6c91f1e597ff3faaad09038 to remote] DEBUG org.asynchttpclient.netty.request.NettyRequestSender - Using open Channel [id: 0xc9370254, L:/127.0.0.1:57073 - R:localhost/127.0.0.1:54154] for POST '/session/167e6f8dc6c91f1e597ff3faaad09038/element'
20:33:24.433 [AsyncHttpClient-1-9] DEBUG org.asynchttpclient.netty.handler.HttpHandler - 

Request DefaultHttpRequest(decodeResult: success, version: HTTP/1.1)
POST /session/167e6f8dc6c91f1e597ff3faaad09038/element HTTP/1.1
User-Agent: selenium/4.1.2 (java windows)
Content-Length: 68
Content-Type: application/json; charset=utf-8
host: localhost:54154
accept: */*

Response DefaultHttpResponse(decodeResult: success, version: HTTP/1.1)
HTTP/1.1 200 OK
Content-Type: application/json; charset=utf-8
cache-control: no-cache
content-length: 88

20:33:24.433 [AsyncHttpClient-1-9] DEBUG org.asynchttpclient.netty.channel.ChannelManager - Adding key: http://localhost:54154 for channel [id: 0xc9370254, L:/127.0.0.1:57073 - R:localhost/127.0.0.1:54154]
20:33:24.433 [Forwarding getElementTagName on session 167e6f8dc6c91f1e597ff3faaad09038 to remote] DEBUG org.asynchttpclient.netty.request.NettyRequestSender - Using pooled Channel '[id: 0xc9370254, L:/127.0.0.1:57073 - R:localhost/127.0.0.1:54154]' for 'GET' to 'http://localhost:54154/session/167e6f8dc6c91f1e597ff3faaad09038/element/e2243d29-426b-4f7e-af01-10889f4e9fde/name'
20:33:24.433 [Forwarding getElementTagName on session 167e6f8dc6c91f1e597ff3faaad09038 to remote] DEBUG org.asynchttpclient.netty.request.NettyRequestSender - Using open Channel [id: 0xc9370254, L:/127.0.0.1:57073 - R:localhost/127.0.0.1:54154] for GET '/session/167e6f8dc6c91f1e597ff3faaad09038/element/e2243d29-426b-4f7e-af01-10889f4e9fde/name'
20:33:24.449 [AsyncHttpClient-1-9] DEBUG org.asynchttpclient.netty.handler.HttpHandler - 

Request DefaultFullHttpRequest(decodeResult: success, version: HTTP/1.1, content: EmptyByteBufBE)
GET /session/167e6f8dc6c91f1e597ff3faaad09038/element/e2243d29-426b-4f7e-af01-10889f4e9fde/name HTTP/1.1
User-Agent: selenium/4.1.2 (java windows)
Cache-Control: no-cache
Content-Type: application/json; charset=utf-8
host: localhost:54154
accept: */*

Response DefaultHttpResponse(decodeResult: success, version: HTTP/1.1)
HTTP/1.1 200 OK
Content-Type: application/json; charset=utf-8
cache-control: no-cache
content-length: 18

20:33:24.449 [AsyncHttpClient-1-9] DEBUG org.asynchttpclient.netty.channel.ChannelManager - Adding key: http://localhost:54154 for channel [id: 0xc9370254, L:/127.0.0.1:57073 - R:localhost/127.0.0.1:54154]
20:33:24.449 [Forwarding getElementTagName on session 167e6f8dc6c91f1e597ff3faaad09038 to remote] DEBUG org.asynchttpclient.netty.request.NettyRequestSender - Using pooled Channel '[id: 0xc9370254, L:/127.0.0.1:57073 - R:localhost/127.0.0.1:54154]' for 'GET' to 'http://localhost:54154/session/167e6f8dc6c91f1e597ff3faaad09038/element/e2243d29-426b-4f7e-af01-10889f4e9fde/name'
20:33:24.449 [Forwarding getElementTagName on session 167e6f8dc6c91f1e597ff3faaad09038 to remote] DEBUG org.asynchttpclient.netty.request.NettyRequestSender - Using open Channel [id: 0xc9370254, L:/127.0.0.1:57073 - R:localhost/127.0.0.1:54154] for GET '/session/167e6f8dc6c91f1e597ff3faaad09038/element/e2243d29-426b-4f7e-af01-10889f4e9fde/name'
20:33:24.465 [AsyncHttpClient-1-9] DEBUG org.asynchttpclient.netty.handler.HttpHandler - 

Request DefaultFullHttpRequest(decodeResult: success, version: HTTP/1.1, content: EmptyByteBufBE)
GET /session/167e6f8dc6c91f1e597ff3faaad09038/element/e2243d29-426b-4f7e-af01-10889f4e9fde/name HTTP/1.1
User-Agent: selenium/4.1.2 (java windows)
Cache-Control: no-cache
Content-Type: application/json; charset=utf-8
host: localhost:54154
accept: */*

Response DefaultHttpResponse(decodeResult: success, version: HTTP/1.1)
HTTP/1.1 200 OK
Content-Type: application/json; charset=utf-8
cache-control: no-cache
content-length: 18

20:33:24.465 [AsyncHttpClient-1-9] DEBUG org.asynchttpclient.netty.channel.ChannelManager - Adding key: http://localhost:54154 for channel [id: 0xc9370254, L:/127.0.0.1:57073 - R:localhost/127.0.0.1:54154]
20:33:24.473 [Forwarding isElementEnabled on session 167e6f8dc6c91f1e597ff3faaad09038 to remote] DEBUG org.asynchttpclient.netty.request.NettyRequestSender - Using pooled Channel '[id: 0xc9370254, L:/127.0.0.1:57073 - R:localhost/127.0.0.1:54154]' for 'GET' to 'http://localhost:54154/session/167e6f8dc6c91f1e597ff3faaad09038/element/e2243d29-426b-4f7e-af01-10889f4e9fde/enabled'
20:33:24.473 [Forwarding isElementEnabled on session 167e6f8dc6c91f1e597ff3faaad09038 to remote] DEBUG org.asynchttpclient.netty.request.NettyRequestSender - Using open Channel [id: 0xc9370254, L:/127.0.0.1:57073 - R:localhost/127.0.0.1:54154] for GET '/session/167e6f8dc6c91f1e597ff3faaad09038/element/e2243d29-426b-4f7e-af01-10889f4e9fde/enabled'
20:33:24.489 [AsyncHttpClient-1-9] DEBUG org.asynchttpclient.netty.handler.HttpHandler - 

Request DefaultFullHttpRequest(decodeResult: success, version: HTTP/1.1, content: EmptyByteBufBE)
GET /session/167e6f8dc6c91f1e597ff3faaad09038/element/e2243d29-426b-4f7e-af01-10889f4e9fde/enabled HTTP/1.1
User-Agent: selenium/4.1.2 (java windows)
Cache-Control: no-cache
Content-Type: application/json; charset=utf-8
host: localhost:54154
accept: */*

Response DefaultHttpResponse(decodeResult: success, version: HTTP/1.1)
HTTP/1.1 200 OK
Content-Type: application/json; charset=utf-8
cache-control: no-cache
content-length: 14

20:33:24.489 [AsyncHttpClient-1-9] DEBUG org.asynchttpclient.netty.channel.ChannelManager - Adding key: http://localhost:54154 for channel [id: 0xc9370254, L:/127.0.0.1:57073 - R:localhost/127.0.0.1:54154]
20:33:24.497 [Forwarding isElementEnabled on session 167e6f8dc6c91f1e597ff3faaad09038 to remote] DEBUG org.asynchttpclient.netty.request.NettyRequestSender - Using pooled Channel '[id: 0xc9370254, L:/127.0.0.1:57073 - R:localhost/127.0.0.1:54154]' for 'GET' to 'http://localhost:54154/session/167e6f8dc6c91f1e597ff3faaad09038/element/e2243d29-426b-4f7e-af01-10889f4e9fde/enabled'
20:33:24.497 [Forwarding isElementEnabled on session 167e6f8dc6c91f1e597ff3faaad09038 to remote] DEBUG org.asynchttpclient.netty.request.NettyRequestSender - Using open Channel [id: 0xc9370254, L:/127.0.0.1:57073 - R:localhost/127.0.0.1:54154] for GET '/session/167e6f8dc6c91f1e597ff3faaad09038/element/e2243d29-426b-4f7e-af01-10889f4e9fde/enabled'
20:33:24.505 [AsyncHttpClient-1-9] DEBUG org.asynchttpclient.netty.handler.HttpHandler - 

Request DefaultFullHttpRequest(decodeResult: success, version: HTTP/1.1, content: EmptyByteBufBE)
GET /session/167e6f8dc6c91f1e597ff3faaad09038/element/e2243d29-426b-4f7e-af01-10889f4e9fde/enabled HTTP/1.1
User-Agent: selenium/4.1.2 (java windows)
Cache-Control: no-cache
Content-Type: application/json; charset=utf-8
host: localhost:54154
accept: */*

Response DefaultHttpResponse(decodeResult: success, version: HTTP/1.1)
HTTP/1.1 200 OK
Content-Type: application/json; charset=utf-8
cache-control: no-cache
content-length: 14

20:33:24.505 [AsyncHttpClient-1-9] DEBUG org.asynchttpclient.netty.channel.ChannelManager - Adding key: http://localhost:54154 for channel [id: 0xc9370254, L:/127.0.0.1:57073 - R:localhost/127.0.0.1:54154]
20:33:24.513 [Forwarding findElement on session 167e6f8dc6c91f1e597ff3faaad09038 to remote] DEBUG org.asynchttpclient.netty.request.NettyRequestSender - Using pooled Channel '[id: 0xc9370254, L:/127.0.0.1:57073 - R:localhost/127.0.0.1:54154]' for 'POST' to 'http://localhost:54154/session/167e6f8dc6c91f1e597ff3faaad09038/element'
20:33:24.513 [Forwarding findElement on session 167e6f8dc6c91f1e597ff3faaad09038 to remote] DEBUG org.asynchttpclient.netty.request.NettyRequestSender - Using open Channel [id: 0xc9370254, L:/127.0.0.1:57073 - R:localhost/127.0.0.1:54154] for POST '/session/167e6f8dc6c91f1e597ff3faaad09038/element'
20:33:24.529 [AsyncHttpClient-1-9] DEBUG org.asynchttpclient.netty.handler.HttpHandler - 

Request DefaultHttpRequest(decodeResult: success, version: HTTP/1.1)
POST /session/167e6f8dc6c91f1e597ff3faaad09038/element HTTP/1.1
User-Agent: selenium/4.1.2 (java windows)
Content-Length: 68
Content-Type: application/json; charset=utf-8
host: localhost:54154
accept: */*

Response DefaultHttpResponse(decodeResult: success, version: HTTP/1.1)
HTTP/1.1 200 OK
Content-Type: application/json; charset=utf-8
cache-control: no-cache
content-length: 88

20:33:24.529 [AsyncHttpClient-1-9] DEBUG org.asynchttpclient.netty.channel.ChannelManager - Adding key: http://localhost:54154 for channel [id: 0xc9370254, L:/127.0.0.1:57073 - R:localhost/127.0.0.1:54154]
20:33:24.529 [Forwarding clickElement on session 167e6f8dc6c91f1e597ff3faaad09038 to remote] DEBUG org.asynchttpclient.netty.request.NettyRequestSender - Using pooled Channel '[id: 0xc9370254, L:/127.0.0.1:57073 - R:localhost/127.0.0.1:54154]' for 'POST' to 'http://localhost:54154/session/167e6f8dc6c91f1e597ff3faaad09038/element/e2243d29-426b-4f7e-af01-10889f4e9fde/click'
20:33:24.529 [Forwarding clickElement on session 167e6f8dc6c91f1e597ff3faaad09038 to remote] DEBUG org.asynchttpclient.netty.request.NettyRequestSender - Using open Channel [id: 0xc9370254, L:/127.0.0.1:57073 - R:localhost/127.0.0.1:54154] for POST '/session/167e6f8dc6c91f1e597ff3faaad09038/element/e2243d29-426b-4f7e-af01-10889f4e9fde/click'
20:33:24.913 [AsyncHttpClient-1-9] DEBUG org.asynchttpclient.netty.handler.HttpHandler - 

Request DefaultHttpRequest(decodeResult: success, version: HTTP/1.1)
POST /session/167e6f8dc6c91f1e597ff3faaad09038/element/e2243d29-426b-4f7e-af01-10889f4e9fde/click HTTP/1.1
User-Agent: selenium/4.1.2 (java windows)
Content-Length: 50
Content-Type: application/json; charset=utf-8
host: localhost:54154
accept: */*

Response DefaultHttpResponse(decodeResult: success, version: HTTP/1.1)
HTTP/1.1 200 OK
Content-Type: application/json; charset=utf-8
cache-control: no-cache
content-length: 14

20:33:24.913 [AsyncHttpClient-1-9] DEBUG org.asynchttpclient.netty.channel.ChannelManager - Adding key: http://localhost:54154 for channel [id: 0xc9370254, L:/127.0.0.1:57073 - R:localhost/127.0.0.1:54154]
20:33:24.945 [Forwarding screenshot on session 167e6f8dc6c91f1e597ff3faaad09038 to remote] DEBUG org.asynchttpclient.netty.request.NettyRequestSender - Using pooled Channel '[id: 0xc9370254, L:/127.0.0.1:57073 - R:localhost/127.0.0.1:54154]' for 'GET' to 'http://localhost:54154/session/167e6f8dc6c91f1e597ff3faaad09038/screenshot'
20:33:24.945 [Forwarding screenshot on session 167e6f8dc6c91f1e597ff3faaad09038 to remote] DEBUG org.asynchttpclient.netty.request.NettyRequestSender - Using open Channel [id: 0xc9370254, L:/127.0.0.1:57073 - R:localhost/127.0.0.1:54154] for GET '/session/167e6f8dc6c91f1e597ff3faaad09038/screenshot'
20:33:25.194 [AsyncHttpClient-1-1] DEBUG org.asynchttpclient.netty.channel.DefaultChannelPool - Entry count for : http://localhost:57075 : 1
20:33:25.493 [AsyncHttpClient-1-9] DEBUG org.asynchttpclient.netty.handler.HttpHandler - 

Request DefaultFullHttpRequest(decodeResult: success, version: HTTP/1.1, content: EmptyByteBufBE)
GET /session/167e6f8dc6c91f1e597ff3faaad09038/screenshot HTTP/1.1
User-Agent: selenium/4.1.2 (java windows)
Cache-Control: no-cache
Content-Type: application/json; charset=utf-8
host: localhost:54154
accept: */*

Response DefaultHttpResponse(decodeResult: success, version: HTTP/1.1)
HTTP/1.1 200 OK
Content-Type: application/json; charset=utf-8
cache-control: no-cache
content-length: 50504

20:33:25.493 [AsyncHttpClient-1-9] DEBUG org.asynchttpclient.netty.channel.ChannelManager - Adding key: http://localhost:54154 for channel [id: 0xc9370254, L:/127.0.0.1:57073 - R:localhost/127.0.0.1:54154]
20:33:25.501 [main] DEBUG net.serenitybdd.core.photography.Darkroom - Send negative for processing for target\site\serenity\9b46d6d3c6d50f31c5127c07f12cc8a5aa88b032819cd58a358cc44d09e3495e.png
20:33:25.501 [main] DEBUG net.thucydides.core.steps.StepInterceptor - STEP DONE: clickButtonTambah
  &amp#27;[32mWhen &amp#27;[0m&amp#27;[32mClick button tambah data&amp#27;[0m                                            &amp#27;[90m# starter.stepdefinitios.PatientDataSteps.clickButtonTambahData()&amp#27;[0m
20:33:26.070 [Forwarding screenshot on session 167e6f8dc6c91f1e597ff3faaad09038 to remote] DEBUG org.asynchttpclient.netty.request.NettyRequestSender - Using pooled Channel '[id: 0xc9370254, L:/127.0.0.1:57073 - R:localhost/127.0.0.1:54154]' for 'GET' to 'http://localhost:54154/session/167e6f8dc6c91f1e597ff3faaad09038/screenshot'
20:33:26.070 [Forwarding screenshot on session 167e6f8dc6c91f1e597ff3faaad09038 to remote] DEBUG org.asynchttpclient.netty.request.NettyRequestSender - Using open Channel [id: 0xc9370254, L:/127.0.0.1:57073 - R:localhost/127.0.0.1:54154] for GET '/session/167e6f8dc6c91f1e597ff3faaad09038/screenshot'
20:33:26.290 [AsyncHttpClient-1-1] DEBUG org.asynchttpclient.netty.channel.DefaultChannelPool - Entry count for : http://localhost:57075 : 1
20:33:26.330 [AsyncHttpClient-1-9] DEBUG org.asynchttpclient.netty.handler.HttpHandler - 

Request DefaultFullHttpRequest(decodeResult: success, version: HTTP/1.1, content: EmptyByteBufBE)
GET /session/167e6f8dc6c91f1e597ff3faaad09038/screenshot HTTP/1.1
User-Agent: selenium/4.1.2 (java windows)
Cache-Control: no-cache
Content-Type: application/json; charset=utf-8
host: localhost:54154
accept: */*

Response DefaultHttpResponse(decodeResult: success, version: HTTP/1.1)
HTTP/1.1 200 OK
Content-Type: application/json; charset=utf-8
cache-control: no-cache
content-length: 50504

20:33:26.330 [AsyncHttpClient-1-9] DEBUG org.asynchttpclient.netty.channel.ChannelManager - Adding key: http://localhost:54154 for channel [id: 0xc9370254, L:/127.0.0.1:57073 - R:localhost/127.0.0.1:54154]
20:33:26.338 [main] DEBUG net.serenitybdd.core.photography.Darkroom - Send negative for processing for target\site\serenity\9b46d6d3c6d50f31c5127c07f12cc8a5aa88b032819cd58a358cc44d09e3495e.png
20:33:26.338 [main] DEBUG net.thucydides.core.steps.StepInterceptor - STARTING STEP: PatientDataSteps.iInput - inputDataPasien
20:33:26.346 [Forwarding findElement on session 167e6f8dc6c91f1e597ff3faaad09038 to remote] DEBUG org.asynchttpclient.netty.request.NettyRequestSender - Using pooled Channel '[id: 0xc9370254, L:/127.0.0.1:57073 - R:localhost/127.0.0.1:54154]' for 'POST' to 'http://localhost:54154/session/167e6f8dc6c91f1e597ff3faaad09038/element'
20:33:26.346 [Forwarding findElement on session 167e6f8dc6c91f1e597ff3faaad09038 to remote] DEBUG org.asynchttpclient.netty.request.NettyRequestSender - Using open Channel [id: 0xc9370254, L:/127.0.0.1:57073 - R:localhost/127.0.0.1:54154] for POST '/session/167e6f8dc6c91f1e597ff3faaad09038/element'
20:33:26.466 [AsyncHttpClient-1-9] DEBUG org.asynchttpclient.netty.handler.HttpHandler - 

Request DefaultHttpRequest(decodeResult: success, version: HTTP/1.1)
POST /session/167e6f8dc6c91f1e597ff3faaad09038/element HTTP/1.1
User-Agent: selenium/4.1.2 (java windows)
Content-Length: 66
Content-Type: application/json; charset=utf-8
host: localhost:54154
accept: */*

Response DefaultHttpResponse(decodeResult: success, version: HTTP/1.1)
HTTP/1.1 200 OK
Content-Type: application/json; charset=utf-8
cache-control: no-cache
content-length: 88

20:33:26.466 [AsyncHttpClient-1-9] DEBUG org.asynchttpclient.netty.channel.ChannelManager - Adding key: http://localhost:54154 for channel [id: 0xc9370254, L:/127.0.0.1:57073 - R:localhost/127.0.0.1:54154]
20:33:26.474 [Forwarding sendKeysToElement on session 167e6f8dc6c91f1e597ff3faaad09038 to remote] DEBUG org.asynchttpclient.netty.request.NettyRequestSender - Using pooled Channel '[id: 0xc9370254, L:/127.0.0.1:57073 - R:localhost/127.0.0.1:54154]' for 'POST' to 'http://localhost:54154/session/167e6f8dc6c91f1e597ff3faaad09038/element/df253bf0-349d-497f-9356-fe89a9908c52/value'
20:33:26.474 [Forwarding sendKeysToElement on session 167e6f8dc6c91f1e597ff3faaad09038 to remote] DEBUG org.asynchttpclient.netty.request.NettyRequestSender - Using open Channel [id: 0xc9370254, L:/127.0.0.1:57073 - R:localhost/127.0.0.1:54154] for POST '/session/167e6f8dc6c91f1e597ff3faaad09038/element/df253bf0-349d-497f-9356-fe89a9908c52/value'
20:33:27.089 [AsyncHttpClient-1-9] DEBUG org.asynchttpclient.netty.handler.HttpHandler - 

Request DefaultHttpRequest(decodeResult: success, version: HTTP/1.1)
POST /session/167e6f8dc6c91f1e597ff3faaad09038/element/df253bf0-349d-497f-9356-fe89a9908c52/value HTTP/1.1
User-Agent: selenium/4.1.2 (java windows)
Content-Length: 131
Content-Type: application/json; charset=utf-8
host: localhost:54154
accept: */*

Response DefaultHttpResponse(decodeResult: success, version: HTTP/1.1)
HTTP/1.1 200 OK
Content-Type: application/json; charset=utf-8
cache-control: no-cache
content-length: 14

20:33:27.089 [AsyncHttpClient-1-9] DEBUG org.asynchttpclient.netty.channel.ChannelManager - Adding key: http://localhost:54154 for channel [id: 0xc9370254, L:/127.0.0.1:57073 - R:localhost/127.0.0.1:54154]
20:33:27.093 [Forwarding findElement on session 167e6f8dc6c91f1e597ff3faaad09038 to remote] DEBUG org.asynchttpclient.netty.request.NettyRequestSender - Using pooled Channel '[id: 0xc9370254, L:/127.0.0.1:57073 - R:localhost/127.0.0.1:54154]' for 'POST' to 'http://localhost:54154/session/167e6f8dc6c91f1e597ff3faaad09038/element'
20:33:27.093 [Forwarding findElement on session 167e6f8dc6c91f1e597ff3faaad09038 to remote] DEBUG org.asynchttpclient.netty.request.NettyRequestSender - Using open Channel [id: 0xc9370254, L:/127.0.0.1:57073 - R:localhost/127.0.0.1:54154] for POST '/session/167e6f8dc6c91f1e597ff3faaad09038/element'
20:33:27.141 [AsyncHttpClient-1-9] DEBUG org.asynchttpclient.netty.handler.HttpHandler - 

Request DefaultHttpRequest(decodeResult: success, version: HTTP/1.1)
POST /session/167e6f8dc6c91f1e597ff3faaad09038/element HTTP/1.1
User-Agent: selenium/4.1.2 (java windows)
Content-Length: 65
Content-Type: application/json; charset=utf-8
host: localhost:54154
accept: */*

Response DefaultHttpResponse(decodeResult: success, version: HTTP/1.1)
HTTP/1.1 200 OK
Content-Type: application/json; charset=utf-8
cache-control: no-cache
content-length: 88

20:33:27.149 [AsyncHttpClient-1-9] DEBUG org.asynchttpclient.netty.channel.ChannelManager - Adding key: http://localhost:54154 for channel [id: 0xc9370254, L:/127.0.0.1:57073 - R:localhost/127.0.0.1:54154]
20:33:27.157 [Forwarding sendKeysToElement on session 167e6f8dc6c91f1e597ff3faaad09038 to remote] DEBUG org.asynchttpclient.netty.request.NettyRequestSender - Using pooled Channel '[id: 0xc9370254, L:/127.0.0.1:57073 - R:localhost/127.0.0.1:54154]' for 'POST' to 'http://localhost:54154/session/167e6f8dc6c91f1e597ff3faaad09038/element/c51d855c-35d2-413b-b465-ba94e855eb6e/value'
20:33:27.157 [Forwarding sendKeysToElement on session 167e6f8dc6c91f1e597ff3faaad09038 to remote] DEBUG org.asynchttpclient.netty.request.NettyRequestSender - Using open Channel [id: 0xc9370254, L:/127.0.0.1:57073 - R:localhost/127.0.0.1:54154] for POST '/session/167e6f8dc6c91f1e597ff3faaad09038/element/c51d855c-35d2-413b-b465-ba94e855eb6e/value'
20:33:27.397 [AsyncHttpClient-1-1] DEBUG org.asynchttpclient.netty.channel.DefaultChannelPool - Entry count for : http://localhost:57075 : 1
20:33:28.013 [AsyncHttpClient-1-9] DEBUG org.asynchttpclient.netty.handler.HttpHandler - 

Request DefaultHttpRequest(decodeResult: success, version: HTTP/1.1)
POST /session/167e6f8dc6c91f1e597ff3faaad09038/element/c51d855c-35d2-413b-b465-ba94e855eb6e/value HTTP/1.1
User-Agent: selenium/4.1.2 (java windows)
Content-Length: 181
Content-Type: application/json; charset=utf-8
host: localhost:54154
accept: */*

Response DefaultHttpResponse(decodeResult: success, version: HTTP/1.1)
HTTP/1.1 200 OK
Content-Type: application/json; charset=utf-8
cache-control: no-cache
content-length: 14

20:33:28.013 [AsyncHttpClient-1-9] DEBUG org.asynchttpclient.netty.channel.ChannelManager - Adding key: http://localhost:54154 for channel [id: 0xc9370254, L:/127.0.0.1:57073 - R:localhost/127.0.0.1:54154]
20:33:28.021 [Forwarding findElement on session 167e6f8dc6c91f1e597ff3faaad09038 to remote] DEBUG org.asynchttpclient.netty.request.NettyRequestSender - Using pooled Channel '[id: 0xc9370254, L:/127.0.0.1:57073 - R:localhost/127.0.0.1:54154]' for 'POST' to 'http://localhost:54154/session/167e6f8dc6c91f1e597ff3faaad09038/element'
20:33:28.021 [Forwarding findElement on session 167e6f8dc6c91f1e597ff3faaad09038 to remote] DEBUG org.asynchttpclient.netty.request.NettyRequestSender - Using open Channel [id: 0xc9370254, L:/127.0.0.1:57073 - R:localhost/127.0.0.1:54154] for POST '/session/167e6f8dc6c91f1e597ff3faaad09038/element'
20:33:28.069 [AsyncHttpClient-1-9] DEBUG org.asynchttpclient.netty.handler.HttpHandler - 

Request DefaultHttpRequest(decodeResult: success, version: HTTP/1.1)
POST /session/167e6f8dc6c91f1e597ff3faaad09038/element HTTP/1.1
User-Agent: selenium/4.1.2 (java windows)
Content-Length: 66
Content-Type: application/json; charset=utf-8
host: localhost:54154
accept: */*

Response DefaultHttpResponse(decodeResult: success, version: HTTP/1.1)
HTTP/1.1 200 OK
Content-Type: application/json; charset=utf-8
cache-control: no-cache
content-length: 88

20:33:28.069 [AsyncHttpClient-1-9] DEBUG org.asynchttpclient.netty.channel.ChannelManager - Adding key: http://localhost:54154 for channel [id: 0xc9370254, L:/127.0.0.1:57073 - R:localhost/127.0.0.1:54154]
20:33:28.077 [Forwarding sendKeysToElement on session 167e6f8dc6c91f1e597ff3faaad09038 to remote] DEBUG org.asynchttpclient.netty.request.NettyRequestSender - Using pooled Channel '[id: 0xc9370254, L:/127.0.0.1:57073 - R:localhost/127.0.0.1:54154]' for 'POST' to 'http://localhost:54154/session/167e6f8dc6c91f1e597ff3faaad09038/element/3ea231e1-b406-4617-a445-8c7d4a820426/value'
20:33:28.077 [Forwarding sendKeysToElement on session 167e6f8dc6c91f1e597ff3faaad09038 to remote] DEBUG org.asynchttpclient.netty.request.NettyRequestSender - Using open Channel [id: 0xc9370254, L:/127.0.0.1:57073 - R:localhost/127.0.0.1:54154] for POST '/session/167e6f8dc6c91f1e597ff3faaad09038/element/3ea231e1-b406-4617-a445-8c7d4a820426/value'
20:33:28.437 [AsyncHttpClient-1-9] DEBUG org.asynchttpclient.netty.handler.HttpHandler - 

Request DefaultHttpRequest(decodeResult: success, version: HTTP/1.1)
POST /session/167e6f8dc6c91f1e597ff3faaad09038/element/3ea231e1-b406-4617-a445-8c7d4a820426/value HTTP/1.1
User-Agent: selenium/4.1.2 (java windows)
Content-Length: 101
Content-Type: application/json; charset=utf-8
host: localhost:54154
accept: */*

Response DefaultHttpResponse(decodeResult: success, version: HTTP/1.1)
HTTP/1.1 200 OK
Content-Type: application/json; charset=utf-8
cache-control: no-cache
content-length: 14

20:33:28.437 [AsyncHttpClient-1-9] DEBUG org.asynchttpclient.netty.channel.ChannelManager - Adding key: http://localhost:54154 for channel [id: 0xc9370254, L:/127.0.0.1:57073 - R:localhost/127.0.0.1:54154]
20:33:28.445 [Forwarding findElement on session 167e6f8dc6c91f1e597ff3faaad09038 to remote] DEBUG org.asynchttpclient.netty.request.NettyRequestSender - Using pooled Channel '[id: 0xc9370254, L:/127.0.0.1:57073 - R:localhost/127.0.0.1:54154]' for 'POST' to 'http://localhost:54154/session/167e6f8dc6c91f1e597ff3faaad09038/element'
20:33:28.445 [Forwarding findElement on session 167e6f8dc6c91f1e597ff3faaad09038 to remote] DEBUG org.asynchttpclient.netty.request.NettyRequestSender - Using open Channel [id: 0xc9370254, L:/127.0.0.1:57073 - R:localhost/127.0.0.1:54154] for POST '/session/167e6f8dc6c91f1e597ff3faaad09038/element'
20:33:28.485 [AsyncHttpClient-1-1] DEBUG org.asynchttpclient.netty.channel.DefaultChannelPool - Entry count for : http://localhost:57075 : 1
20:33:28.493 [AsyncHttpClient-1-9] DEBUG org.asynchttpclient.netty.handler.HttpHandler - 

Request DefaultHttpRequest(decodeResult: success, version: HTTP/1.1)
POST /session/167e6f8dc6c91f1e597ff3faaad09038/element HTTP/1.1
User-Agent: selenium/4.1.2 (java windows)
Content-Length: 66
Content-Type: application/json; charset=utf-8
host: localhost:54154
accept: */*

Response DefaultHttpResponse(decodeResult: success, version: HTTP/1.1)
HTTP/1.1 200 OK
Content-Type: application/json; charset=utf-8
cache-control: no-cache
content-length: 88

20:33:28.493 [AsyncHttpClient-1-9] DEBUG org.asynchttpclient.netty.channel.ChannelManager - Adding key: http://localhost:54154 for channel [id: 0xc9370254, L:/127.0.0.1:57073 - R:localhost/127.0.0.1:54154]
20:33:28.501 [Forwarding sendKeysToElement on session 167e6f8dc6c91f1e597ff3faaad09038 to remote] DEBUG org.asynchttpclient.netty.request.NettyRequestSender - Using pooled Channel '[id: 0xc9370254, L:/127.0.0.1:57073 - R:localhost/127.0.0.1:54154]' for 'POST' to 'http://localhost:54154/session/167e6f8dc6c91f1e597ff3faaad09038/element/49400943-928c-497c-b754-3b63261c06d1/value'
20:33:28.501 [Forwarding sendKeysToElement on session 167e6f8dc6c91f1e597ff3faaad09038 to remote] DEBUG org.asynchttpclient.netty.request.NettyRequestSender - Using open Channel [id: 0xc9370254, L:/127.0.0.1:57073 - R:localhost/127.0.0.1:54154] for POST '/session/167e6f8dc6c91f1e597ff3faaad09038/element/49400943-928c-497c-b754-3b63261c06d1/value'
20:33:29.211 [AsyncHttpClient-1-9] DEBUG org.asynchttpclient.netty.handler.HttpHandler - 

Request DefaultHttpRequest(decodeResult: success, version: HTTP/1.1)
POST /session/167e6f8dc6c91f1e597ff3faaad09038/element/49400943-928c-497c-b754-3b63261c06d1/value HTTP/1.1
User-Agent: selenium/4.1.2 (java windows)
Content-Length: 191
Content-Type: application/json; charset=utf-8
host: localhost:54154
accept: */*

Response DefaultHttpResponse(decodeResult: success, version: HTTP/1.1)
HTTP/1.1 200 OK
Content-Type: application/json; charset=utf-8
cache-control: no-cache
content-length: 14

20:33:29.211 [AsyncHttpClient-1-9] DEBUG org.asynchttpclient.netty.channel.ChannelManager - Adding key: http://localhost:54154 for channel [id: 0xc9370254, L:/127.0.0.1:57073 - R:localhost/127.0.0.1:54154]
20:33:29.219 [Forwarding findElement on session 167e6f8dc6c91f1e597ff3faaad09038 to remote] DEBUG org.asynchttpclient.netty.request.NettyRequestSender - Using pooled Channel '[id: 0xc9370254, L:/127.0.0.1:57073 - R:localhost/127.0.0.1:54154]' for 'POST' to 'http://localhost:54154/session/167e6f8dc6c91f1e597ff3faaad09038/element'
20:33:29.219 [Forwarding findElement on session 167e6f8dc6c91f1e597ff3faaad09038 to remote] DEBUG org.asynchttpclient.netty.request.NettyRequestSender - Using open Channel [id: 0xc9370254, L:/127.0.0.1:57073 - R:localhost/127.0.0.1:54154] for POST '/session/167e6f8dc6c91f1e597ff3faaad09038/element'
20:33:29.275 [AsyncHttpClient-1-9] DEBUG org.asynchttpclient.netty.handler.HttpHandler - 

Request DefaultHttpRequest(decodeResult: success, version: HTTP/1.1)
POST /session/167e6f8dc6c91f1e597ff3faaad09038/element HTTP/1.1
User-Agent: selenium/4.1.2 (java windows)
Content-Length: 68
Content-Type: application/json; charset=utf-8
host: localhost:54154
accept: */*

Response DefaultHttpResponse(decodeResult: success, version: HTTP/1.1)
HTTP/1.1 200 OK
Content-Type: application/json; charset=utf-8
cache-control: no-cache
content-length: 88

20:33:29.275 [AsyncHttpClient-1-9] DEBUG org.asynchttpclient.netty.channel.ChannelManager - Adding key: http://localhost:54154 for channel [id: 0xc9370254, L:/127.0.0.1:57073 - R:localhost/127.0.0.1:54154]
20:33:29.283 [Forwarding sendKeysToElement on session 167e6f8dc6c91f1e597ff3faaad09038 to remote] DEBUG org.asynchttpclient.netty.request.NettyRequestSender - Using pooled Channel '[id: 0xc9370254, L:/127.0.0.1:57073 - R:localhost/127.0.0.1:54154]' for 'POST' to 'http://localhost:54154/session/167e6f8dc6c91f1e597ff3faaad09038/element/e2bab596-bb12-4e3b-be41-242d706a771e/value'
20:33:29.283 [Forwarding sendKeysToElement on session 167e6f8dc6c91f1e597ff3faaad09038 to remote] DEBUG org.asynchttpclient.netty.request.NettyRequestSender - Using open Channel [id: 0xc9370254, L:/127.0.0.1:57073 - R:localhost/127.0.0.1:54154] for POST '/session/167e6f8dc6c91f1e597ff3faaad09038/element/e2bab596-bb12-4e3b-be41-242d706a771e/value'
20:33:29.587 [AsyncHttpClient-1-1] DEBUG org.asynchttpclient.netty.channel.DefaultChannelPool - Entry count for : http://localhost:57075 : 1
20:33:30.443 [AsyncHttpClient-1-9] DEBUG org.asynchttpclient.netty.handler.HttpHandler - 

Request DefaultHttpRequest(decodeResult: success, version: HTTP/1.1)
POST /session/167e6f8dc6c91f1e597ff3faaad09038/element/e2bab596-bb12-4e3b-be41-242d706a771e/value HTTP/1.1
User-Agent: selenium/4.1.2 (java windows)
Content-Length: 171
Content-Type: application/json; charset=utf-8
host: localhost:54154
accept: */*

Response DefaultHttpResponse(decodeResult: success, version: HTTP/1.1)
HTTP/1.1 200 OK
Content-Type: application/json; charset=utf-8
cache-control: no-cache
content-length: 14

20:33:30.443 [AsyncHttpClient-1-9] DEBUG org.asynchttpclient.netty.channel.ChannelManager - Adding key: http://localhost:54154 for channel [id: 0xc9370254, L:/127.0.0.1:57073 - R:localhost/127.0.0.1:54154]
20:33:30.467 [Forwarding screenshot on session 167e6f8dc6c91f1e597ff3faaad09038 to remote] DEBUG org.asynchttpclient.netty.request.NettyRequestSender - Using pooled Channel '[id: 0xc9370254, L:/127.0.0.1:57073 - R:localhost/127.0.0.1:54154]' for 'GET' to 'http://localhost:54154/session/167e6f8dc6c91f1e597ff3faaad09038/screenshot'
20:33:30.467 [Forwarding screenshot on session 167e6f8dc6c91f1e597ff3faaad09038 to remote] DEBUG org.asynchttpclient.netty.request.NettyRequestSender - Using open Channel [id: 0xc9370254, L:/127.0.0.1:57073 - R:localhost/127.0.0.1:54154] for GET '/session/167e6f8dc6c91f1e597ff3faaad09038/screenshot'
20:33:30.691 [AsyncHttpClient-1-1] DEBUG org.asynchttpclient.netty.channel.DefaultChannelPool - Entry count for : http://localhost:57075 : 1
20:33:31.555 [AsyncHttpClient-1-9] DEBUG org.asynchttpclient.netty.handler.HttpHandler - 

Request DefaultFullHttpRequest(decodeResult: success, version: HTTP/1.1, content: EmptyByteBufBE)
GET /session/167e6f8dc6c91f1e597ff3faaad09038/screenshot HTTP/1.1
User-Agent: selenium/4.1.2 (java windows)
Cache-Control: no-cache
Content-Type: application/json; charset=utf-8
host: localhost:54154
accept: */*

Response DefaultHttpResponse(decodeResult: success, version: HTTP/1.1)
HTTP/1.1 200 OK
Content-Type: application/json; charset=utf-8
cache-control: no-cache
content-length: 351920

20:33:31.563 [AsyncHttpClient-1-9] DEBUG org.asynchttpclient.netty.channel.ChannelManager - Adding key: http://localhost:54154 for channel [id: 0xc9370254, L:/127.0.0.1:57073 - R:localhost/127.0.0.1:54154]
20:33:31.603 [main] DEBUG net.serenitybdd.core.photography.Darkroom - Send negative for processing for target\site\serenity\436649440d467ceab766596bdff36aff990fd4b6a9bc1865b6e86bb480d01899.png
20:33:31.603 [main] DEBUG net.thucydides.core.steps.StepInterceptor - STEP DONE: inputDataPasien
  &amp#27;[32mThen &amp#27;[0m&amp#27;[32mI input &amp#27;[0m&amp#27;[32m&amp#27;[1m"Bagas"&amp#27;[0m&amp#27;[32m &amp#27;[0m&amp#27;[32m&amp#27;[1m"1234479680"&amp#27;[0m&amp#27;[32m &amp#27;[0m&amp#27;[32m&amp#27;[1m"20"&amp#27;[0m&amp#27;[32m &amp#27;[0m&amp#27;[32m&amp#27;[1m"01294657612"&amp#27;[0m&amp#27;[32m &amp#27;[0m&amp#27;[32m&amp#27;[1m"perumahan"&amp#27;[0m&amp#27;[32m patient&amp#27;[0m &amp#27;[90m# starter.stepdefinitios.PatientDataSteps.iInput(java.lang.String,java.lang.String,java.lang.String,java.lang.String,java.lang.String)&amp#27;[0m
20:33:31.603 [Darkroom Processing Line] DEBUG net.serenitybdd.core.photography.DarkroomProcessingLine - Processing screenshot image in /var/screenshots/screenshot-18284458404937007328
20:33:31.603 [Darkroom Processing Line] DEBUG net.serenitybdd.core.photography.DarkroomProcessingLine - Saving screenshot to target\site\serenity\436649440d467ceab766596bdff36aff990fd4b6a9bc1865b6e86bb480d01899.png
20:33:31.691 [Forwarding screenshot on session 167e6f8dc6c91f1e597ff3faaad09038 to remote] DEBUG org.asynchttpclient.netty.request.NettyRequestSender - Using pooled Channel '[id: 0xc9370254, L:/127.0.0.1:57073 - R:localhost/127.0.0.1:54154]' for 'GET' to 'http://localhost:54154/session/167e6f8dc6c91f1e597ff3faaad09038/screenshot'
20:33:31.691 [Forwarding screenshot on session 167e6f8dc6c91f1e597ff3faaad09038 to remote] DEBUG org.asynchttpclient.netty.request.NettyRequestSender - Using open Channel [id: 0xc9370254, L:/127.0.0.1:57073 - R:localhost/127.0.0.1:54154] for GET '/session/167e6f8dc6c91f1e597ff3faaad09038/screenshot'
20:33:31.803 [AsyncHttpClient-1-1] DEBUG org.asynchttpclient.netty.channel.DefaultChannelPool - Entry count for : http://localhost:57075 : 1
20:33:32.910 [AsyncHttpClient-1-1] DEBUG org.asynchttpclient.netty.channel.DefaultChannelPool - Entry count for : http://localhost:57075 : 1
20:33:33.046 [AsyncHttpClient-1-9] DEBUG org.asynchttpclient.netty.handler.HttpHandler - 

Request DefaultFullHttpRequest(decodeResult: success, version: HTTP/1.1, content: EmptyByteBufBE)
GET /session/167e6f8dc6c91f1e597ff3faaad09038/screenshot HTTP/1.1
User-Agent: selenium/4.1.2 (java windows)
Cache-Control: no-cache
Content-Type: application/json; charset=utf-8
host: localhost:54154
accept: */*

Response DefaultHttpResponse(decodeResult: success, version: HTTP/1.1)
HTTP/1.1 200 OK
Content-Type: application/json; charset=utf-8
cache-control: no-cache
content-length: 374180

20:33:33.054 [AsyncHttpClient-1-9] DEBUG org.asynchttpclient.netty.channel.ChannelManager - Adding key: http://localhost:54154 for channel [id: 0xc9370254, L:/127.0.0.1:57073 - R:localhost/127.0.0.1:54154]
20:33:33.094 [main] DEBUG net.serenitybdd.core.photography.Darkroom - Send negative for processing for target\site\serenity\adceff8e999acf87820c42f5026bc2768c26640c21e587960b05e006465dc1a7.png
20:33:33.102 [Darkroom Processing Line] DEBUG net.serenitybdd.core.photography.DarkroomProcessingLine - Processing screenshot image in /var/screenshots/screenshot-10641177948927482703
20:33:33.102 [Darkroom Processing Line] DEBUG net.serenitybdd.core.photography.DarkroomProcessingLine - Saving screenshot to target\site\serenity\adceff8e999acf87820c42f5026bc2768c26640c21e587960b05e006465dc1a7.png
20:33:33.150 [Forwarding screenshot on session 167e6f8dc6c91f1e597ff3faaad09038 to remote] DEBUG org.asynchttpclient.netty.request.NettyRequestSender - Using pooled Channel '[id: 0xc9370254, L:/127.0.0.1:57073 - R:localhost/127.0.0.1:54154]' for 'GET' to 'http://localhost:54154/session/167e6f8dc6c91f1e597ff3faaad09038/screenshot'
20:33:33.150 [Forwarding screenshot on session 167e6f8dc6c91f1e597ff3faaad09038 to remote] DEBUG org.asynchttpclient.netty.request.NettyRequestSender - Using open Channel [id: 0xc9370254, L:/127.0.0.1:57073 - R:localhost/127.0.0.1:54154] for GET '/session/167e6f8dc6c91f1e597ff3faaad09038/screenshot'
20:33:33.804 [AsyncHttpClient-1-9] DEBUG org.asynchttpclient.netty.handler.HttpHandler - 

Request DefaultFullHttpRequest(decodeResult: success, version: HTTP/1.1, content: EmptyByteBufBE)
GET /session/167e6f8dc6c91f1e597ff3faaad09038/screenshot HTTP/1.1
User-Agent: selenium/4.1.2 (java windows)
Cache-Control: no-cache
Content-Type: application/json; charset=utf-8
host: localhost:54154
accept: */*

Response DefaultHttpResponse(decodeResult: success, version: HTTP/1.1)
HTTP/1.1 200 OK
Content-Type: application/json; charset=utf-8
cache-control: no-cache
content-length: 405188

20:33:33.812 [AsyncHttpClient-1-9] DEBUG org.asynchttpclient.netty.channel.ChannelManager - Adding key: http://localhost:54154 for channel [id: 0xc9370254, L:/127.0.0.1:57073 - R:localhost/127.0.0.1:54154]
20:33:33.852 [main] DEBUG net.serenitybdd.core.photography.Darkroom - Send negative for processing for target\site\serenity\72d07d3382d99508d78842c800b4ef84f7a298dd390c0da7fc6e770517a10d08.png
20:33:33.852 [main] DEBUG net.thucydides.core.steps.StepInterceptor - STARTING STEP: PatientDataSteps.clickButtonSimpan - clickButtonSave
20:33:33.852 [Darkroom Processing Line] DEBUG net.serenitybdd.core.photography.DarkroomProcessingLine - Processing screenshot image in /var/screenshots/screenshot-10767660294024392786
20:33:33.852 [Darkroom Processing Line] DEBUG net.serenitybdd.core.photography.DarkroomProcessingLine - Saving screenshot to target\site\serenity\72d07d3382d99508d78842c800b4ef84f7a298dd390c0da7fc6e770517a10d08.png
20:33:33.876 [Forwarding findElement on session 167e6f8dc6c91f1e597ff3faaad09038 to remote] DEBUG org.asynchttpclient.netty.request.NettyRequestSender - Using pooled Channel '[id: 0xc9370254, L:/127.0.0.1:57073 - R:localhost/127.0.0.1:54154]' for 'POST' to 'http://localhost:54154/session/167e6f8dc6c91f1e597ff3faaad09038/element'
20:33:33.876 [Forwarding findElement on session 167e6f8dc6c91f1e597ff3faaad09038 to remote] DEBUG org.asynchttpclient.netty.request.NettyRequestSender - Using open Channel [id: 0xc9370254, L:/127.0.0.1:57073 - R:localhost/127.0.0.1:54154] for POST '/session/167e6f8dc6c91f1e597ff3faaad09038/element'
20:33:34.052 [AsyncHttpClient-1-1] DEBUG org.asynchttpclient.netty.channel.DefaultChannelPool - Entry count for : http://localhost:57075 : 1
20:33:34.084 [AsyncHttpClient-1-9] DEBUG org.asynchttpclient.netty.handler.HttpHandler - 

Request DefaultHttpRequest(decodeResult: success, version: HTTP/1.1)
POST /session/167e6f8dc6c91f1e597ff3faaad09038/element HTTP/1.1
User-Agent: selenium/4.1.2 (java windows)
Content-Length: 68
Content-Type: application/json; charset=utf-8
host: localhost:54154
accept: */*

Response DefaultHttpResponse(decodeResult: success, version: HTTP/1.1)
HTTP/1.1 200 OK
Content-Type: application/json; charset=utf-8
cache-control: no-cache
content-length: 88

20:33:34.084 [AsyncHttpClient-1-9] DEBUG org.asynchttpclient.netty.channel.ChannelManager - Adding key: http://localhost:54154 for channel [id: 0xc9370254, L:/127.0.0.1:57073 - R:localhost/127.0.0.1:54154]
20:33:34.092 [Forwarding getElementTagName on session 167e6f8dc6c91f1e597ff3faaad09038 to remote] DEBUG org.asynchttpclient.netty.request.NettyRequestSender - Using pooled Channel '[id: 0xc9370254, L:/127.0.0.1:57073 - R:localhost/127.0.0.1:54154]' for 'GET' to 'http://localhost:54154/session/167e6f8dc6c91f1e597ff3faaad09038/element/e943437e-47ef-43dd-882c-122a315dadce/name'
20:33:34.092 [Forwarding getElementTagName on session 167e6f8dc6c91f1e597ff3faaad09038 to remote] DEBUG org.asynchttpclient.netty.request.NettyRequestSender - Using open Channel [id: 0xc9370254, L:/127.0.0.1:57073 - R:localhost/127.0.0.1:54154] for GET '/session/167e6f8dc6c91f1e597ff3faaad09038/element/e943437e-47ef-43dd-882c-122a315dadce/name'
20:33:34.108 [AsyncHttpClient-1-9] DEBUG org.asynchttpclient.netty.handler.HttpHandler - 

Request DefaultFullHttpRequest(decodeResult: success, version: HTTP/1.1, content: EmptyByteBufBE)
GET /session/167e6f8dc6c91f1e597ff3faaad09038/element/e943437e-47ef-43dd-882c-122a315dadce/name HTTP/1.1
User-Agent: selenium/4.1.2 (java windows)
Cache-Control: no-cache
Content-Type: application/json; charset=utf-8
host: localhost:54154
accept: */*

Response DefaultHttpResponse(decodeResult: success, version: HTTP/1.1)
HTTP/1.1 200 OK
Content-Type: application/json; charset=utf-8
cache-control: no-cache
content-length: 18

20:33:34.108 [AsyncHttpClient-1-9] DEBUG org.asynchttpclient.netty.channel.ChannelManager - Adding key: http://localhost:54154 for channel [id: 0xc9370254, L:/127.0.0.1:57073 - R:localhost/127.0.0.1:54154]
20:33:34.108 [Forwarding getElementTagName on session 167e6f8dc6c91f1e597ff3faaad09038 to remote] DEBUG org.asynchttpclient.netty.request.NettyRequestSender - Using pooled Channel '[id: 0xc9370254, L:/127.0.0.1:57073 - R:localhost/127.0.0.1:54154]' for 'GET' to 'http://localhost:54154/session/167e6f8dc6c91f1e597ff3faaad09038/element/e943437e-47ef-43dd-882c-122a315dadce/name'
20:33:34.108 [Forwarding getElementTagName on session 167e6f8dc6c91f1e597ff3faaad09038 to remote] DEBUG org.asynchttpclient.netty.request.NettyRequestSender - Using open Channel [id: 0xc9370254, L:/127.0.0.1:57073 - R:localhost/127.0.0.1:54154] for GET '/session/167e6f8dc6c91f1e597ff3faaad09038/element/e943437e-47ef-43dd-882c-122a315dadce/name'
20:33:34.124 [AsyncHttpClient-1-9] DEBUG org.asynchttpclient.netty.handler.HttpHandler - 

Request DefaultFullHttpRequest(decodeResult: success, version: HTTP/1.1, content: EmptyByteBufBE)
GET /session/167e6f8dc6c91f1e597ff3faaad09038/element/e943437e-47ef-43dd-882c-122a315dadce/name HTTP/1.1
User-Agent: selenium/4.1.2 (java windows)
Cache-Control: no-cache
Content-Type: application/json; charset=utf-8
host: localhost:54154
accept: */*

Response DefaultHttpResponse(decodeResult: success, version: HTTP/1.1)
HTTP/1.1 200 OK
Content-Type: application/json; charset=utf-8
cache-control: no-cache
content-length: 18

20:33:34.124 [AsyncHttpClient-1-9] DEBUG org.asynchttpclient.netty.channel.ChannelManager - Adding key: http://localhost:54154 for channel [id: 0xc9370254, L:/127.0.0.1:57073 - R:localhost/127.0.0.1:54154]
20:33:34.124 [Forwarding isElementEnabled on session 167e6f8dc6c91f1e597ff3faaad09038 to remote] DEBUG org.asynchttpclient.netty.request.NettyRequestSender - Using pooled Channel '[id: 0xc9370254, L:/127.0.0.1:57073 - R:localhost/127.0.0.1:54154]' for 'GET' to 'http://localhost:54154/session/167e6f8dc6c91f1e597ff3faaad09038/element/e943437e-47ef-43dd-882c-122a315dadce/enabled'
20:33:34.124 [Forwarding isElementEnabled on session 167e6f8dc6c91f1e597ff3faaad09038 to remote] DEBUG org.asynchttpclient.netty.request.NettyRequestSender - Using open Channel [id: 0xc9370254, L:/127.0.0.1:57073 - R:localhost/127.0.0.1:54154] for GET '/session/167e6f8dc6c91f1e597ff3faaad09038/element/e943437e-47ef-43dd-882c-122a315dadce/enabled'
20:33:34.156 [AsyncHttpClient-1-9] DEBUG org.asynchttpclient.netty.handler.HttpHandler - 

Request DefaultFullHttpRequest(decodeResult: success, version: HTTP/1.1, content: EmptyByteBufBE)
GET /session/167e6f8dc6c91f1e597ff3faaad09038/element/e943437e-47ef-43dd-882c-122a315dadce/enabled HTTP/1.1
User-Agent: selenium/4.1.2 (java windows)
Cache-Control: no-cache
Content-Type: application/json; charset=utf-8
host: localhost:54154
accept: */*

Response DefaultHttpResponse(decodeResult: success, version: HTTP/1.1)
HTTP/1.1 200 OK
Content-Type: application/json; charset=utf-8
cache-control: no-cache
content-length: 14

20:33:34.156 [AsyncHttpClient-1-9] DEBUG org.asynchttpclient.netty.channel.ChannelManager - Adding key: http://localhost:54154 for channel [id: 0xc9370254, L:/127.0.0.1:57073 - R:localhost/127.0.0.1:54154]
20:33:34.164 [Forwarding isElementEnabled on session 167e6f8dc6c91f1e597ff3faaad09038 to remote] DEBUG org.asynchttpclient.netty.request.NettyRequestSender - Using pooled Channel '[id: 0xc9370254, L:/127.0.0.1:57073 - R:localhost/127.0.0.1:54154]' for 'GET' to 'http://localhost:54154/session/167e6f8dc6c91f1e597ff3faaad09038/element/e943437e-47ef-43dd-882c-122a315dadce/enabled'
20:33:34.164 [Forwarding isElementEnabled on session 167e6f8dc6c91f1e597ff3faaad09038 to remote] DEBUG org.asynchttpclient.netty.request.NettyRequestSender - Using open Channel [id: 0xc9370254, L:/127.0.0.1:57073 - R:localhost/127.0.0.1:54154] for GET '/session/167e6f8dc6c91f1e597ff3faaad09038/element/e943437e-47ef-43dd-882c-122a315dadce/enabled'
20:33:34.190 [AsyncHttpClient-1-9] DEBUG org.asynchttpclient.netty.handler.HttpHandler - 

Request DefaultFullHttpRequest(decodeResult: success, version: HTTP/1.1, content: EmptyByteBufBE)
GET /session/167e6f8dc6c91f1e597ff3faaad09038/element/e943437e-47ef-43dd-882c-122a315dadce/enabled HTTP/1.1
User-Agent: selenium/4.1.2 (java windows)
Cache-Control: no-cache
Content-Type: application/json; charset=utf-8
host: localhost:54154
accept: */*

Response DefaultHttpResponse(decodeResult: success, version: HTTP/1.1)
HTTP/1.1 200 OK
Content-Type: application/json; charset=utf-8
cache-control: no-cache
content-length: 14

20:33:34.190 [AsyncHttpClient-1-9] DEBUG org.asynchttpclient.netty.channel.ChannelManager - Adding key: http://localhost:54154 for channel [id: 0xc9370254, L:/127.0.0.1:57073 - R:localhost/127.0.0.1:54154]
20:33:34.198 [Forwarding findElement on session 167e6f8dc6c91f1e597ff3faaad09038 to remote] DEBUG org.asynchttpclient.netty.request.NettyRequestSender - Using pooled Channel '[id: 0xc9370254, L:/127.0.0.1:57073 - R:localhost/127.0.0.1:54154]' for 'POST' to 'http://localhost:54154/session/167e6f8dc6c91f1e597ff3faaad09038/element'
20:33:34.198 [Forwarding findElement on session 167e6f8dc6c91f1e597ff3faaad09038 to remote] DEBUG org.asynchttpclient.netty.request.NettyRequestSender - Using open Channel [id: 0xc9370254, L:/127.0.0.1:57073 - R:localhost/127.0.0.1:54154] for POST '/session/167e6f8dc6c91f1e597ff3faaad09038/element'
20:33:34.214 [AsyncHttpClient-1-9] DEBUG org.asynchttpclient.netty.handler.HttpHandler - 

Request DefaultHttpRequest(decodeResult: success, version: HTTP/1.1)
POST /session/167e6f8dc6c91f1e597ff3faaad09038/element HTTP/1.1
User-Agent: selenium/4.1.2 (java windows)
Content-Length: 68
Content-Type: application/json; charset=utf-8
host: localhost:54154
accept: */*

Response DefaultHttpResponse(decodeResult: success, version: HTTP/1.1)
HTTP/1.1 200 OK
Content-Type: application/json; charset=utf-8
cache-control: no-cache
content-length: 88

20:33:34.214 [AsyncHttpClient-1-9] DEBUG org.asynchttpclient.netty.channel.ChannelManager - Adding key: http://localhost:54154 for channel [id: 0xc9370254, L:/127.0.0.1:57073 - R:localhost/127.0.0.1:54154]
20:33:34.222 [Forwarding clickElement on session 167e6f8dc6c91f1e597ff3faaad09038 to remote] DEBUG org.asynchttpclient.netty.request.NettyRequestSender - Using pooled Channel '[id: 0xc9370254, L:/127.0.0.1:57073 - R:localhost/127.0.0.1:54154]' for 'POST' to 'http://localhost:54154/session/167e6f8dc6c91f1e597ff3faaad09038/element/e943437e-47ef-43dd-882c-122a315dadce/click'
20:33:34.222 [Forwarding clickElement on session 167e6f8dc6c91f1e597ff3faaad09038 to remote] DEBUG org.asynchttpclient.netty.request.NettyRequestSender - Using open Channel [id: 0xc9370254, L:/127.0.0.1:57073 - R:localhost/127.0.0.1:54154] for POST '/session/167e6f8dc6c91f1e597ff3faaad09038/element/e943437e-47ef-43dd-882c-122a315dadce/click'
20:33:34.470 [AsyncHttpClient-1-9] DEBUG org.asynchttpclient.netty.handler.HttpHandler - 

Request DefaultHttpRequest(decodeResult: success, version: HTTP/1.1)
POST /session/167e6f8dc6c91f1e597ff3faaad09038/element/e943437e-47ef-43dd-882c-122a315dadce/click HTTP/1.1
User-Agent: selenium/4.1.2 (java windows)
Content-Length: 50
Content-Type: application/json; charset=utf-8
host: localhost:54154
accept: */*

Response DefaultHttpResponse(decodeResult: success, version: HTTP/1.1)
HTTP/1.1 200 OK
Content-Type: application/json; charset=utf-8
cache-control: no-cache
content-length: 14

20:33:34.470 [AsyncHttpClient-1-9] DEBUG org.asynchttpclient.netty.channel.ChannelManager - Adding key: http://localhost:54154 for channel [id: 0xc9370254, L:/127.0.0.1:57073 - R:localhost/127.0.0.1:54154]
20:33:34.510 [Forwarding screenshot on session 167e6f8dc6c91f1e597ff3faaad09038 to remote] DEBUG org.asynchttpclient.netty.request.NettyRequestSender - Using pooled Channel '[id: 0xc9370254, L:/127.0.0.1:57073 - R:localhost/127.0.0.1:54154]' for 'GET' to 'http://localhost:54154/session/167e6f8dc6c91f1e597ff3faaad09038/screenshot'
20:33:34.510 [Forwarding screenshot on session 167e6f8dc6c91f1e597ff3faaad09038 to remote] DEBUG org.asynchttpclient.netty.request.NettyRequestSender - Using open Channel [id: 0xc9370254, L:/127.0.0.1:57073 - R:localhost/127.0.0.1:54154] for GET '/session/167e6f8dc6c91f1e597ff3faaad09038/screenshot'
20:33:35.118 [AsyncHttpClient-1-1] DEBUG org.asynchttpclient.netty.channel.DefaultChannelPool - Entry count for : http://localhost:57075 : 1
20:33:35.310 [AsyncHttpClient-1-9] DEBUG org.asynchttpclient.netty.handler.HttpHandler - 

Request DefaultFullHttpRequest(decodeResult: success, version: HTTP/1.1, content: EmptyByteBufBE)
GET /session/167e6f8dc6c91f1e597ff3faaad09038/screenshot HTTP/1.1
User-Agent: selenium/4.1.2 (java windows)
Cache-Control: no-cache
Content-Type: application/json; charset=utf-8
host: localhost:54154
accept: */*

Response DefaultHttpResponse(decodeResult: success, version: HTTP/1.1)
HTTP/1.1 500 Internal Server Error
Content-Type: application/json; charset=utf-8
cache-control: no-cache
content-length: 854

20:33:35.310 [AsyncHttpClient-1-9] DEBUG org.asynchttpclient.netty.channel.ChannelManager - Adding key: http://localhost:54154 for channel [id: 0xc9370254, L:/127.0.0.1:57073 - R:localhost/127.0.0.1:54154]
20:33:35.318 [main] WARN net.thucydides.core.webdriver.WebDriverFacade - Failed to take screenshot (unexpected alert open: <unknown>
  (Session info: chrome=102.0.5005.115): 
Build info: version: '4.1.2', revision: '9a5a329c5a'
System info: host: 'MOOK-HON', ip: '192.168.100.6', os.name: 'Windows 10', os.arch: 'amd64', os.version: '10.0', java.version: '11.0.14'
Driver info: org.openqa.selenium.chrome.ChromeDriver
Command: [167e6f8dc6c91f1e597ff3faaad09038, screenshot {}]
Capabilities {acceptInsecureCerts: false, browserName: chrome, browserVersion: 102.0.5005.115, chrome: {chromedriverVersion: 102.0.5005.61 (0e59bcc00cc4..., userDataDir: C:\Users\ASUS\AppData\Local...}, goog:chromeOptions: {debuggerAddress: localhost:57075}, javascriptEnabled: true, networkConnectionEnabled: false, pageLoadStrategy: normal, platform: WINDOWS, platformName: WINDOWS, proxy: Proxy(), se:cdp: ws://localhost:57075/devtoo..., se:cdpVersion: 102.0.5005.115, setWindowRect: true, strictFileInteractability: false, timeouts: {implicit: 0, pageLoad: 300000, script: 30000}, unhandledPromptBehavior: dismiss and notify, webauthn:extension:credBlob: true, webauthn:extension:largeBlob: true, webauthn:virtualAuthenticators: true}
Session ID: 167e6f8dc6c91f1e597ff3faaad09038)
20:33:35.318 [main] DEBUG net.thucydides.core.steps.StepInterceptor - STEP DONE: clickButtonSave
  &amp#27;[32mAnd &amp#27;[0m&amp#27;[32mClick button simpan&amp#27;[0m                                                  &amp#27;[90m# starter.stepdefinitios.PatientDataSteps.clickButtonSimpan()&amp#27;[0m
20:33:35.350 [Forwarding screenshot on session 167e6f8dc6c91f1e597ff3faaad09038 to remote] DEBUG org.asynchttpclient.netty.request.NettyRequestSender - Using pooled Channel '[id: 0xc9370254, L:/127.0.0.1:57073 - R:localhost/127.0.0.1:54154]' for 'GET' to 'http://localhost:54154/session/167e6f8dc6c91f1e597ff3faaad09038/screenshot'
20:33:35.350 [Forwarding screenshot on session 167e6f8dc6c91f1e597ff3faaad09038 to remote] DEBUG org.asynchttpclient.netty.request.NettyRequestSender - Using open Channel [id: 0xc9370254, L:/127.0.0.1:57073 - R:localhost/127.0.0.1:54154] for GET '/session/167e6f8dc6c91f1e597ff3faaad09038/screenshot'
20:33:35.638 [AsyncHttpClient-1-9] DEBUG org.asynchttpclient.netty.handler.HttpHandler - 

Request DefaultFullHttpRequest(decodeResult: success, version: HTTP/1.1, content: EmptyByteBufBE)
GET /session/167e6f8dc6c91f1e597ff3faaad09038/screenshot HTTP/1.1
User-Agent: selenium/4.1.2 (java windows)
Cache-Control: no-cache
Content-Type: application/json; charset=utf-8
host: localhost:54154
accept: */*

Response DefaultHttpResponse(decodeResult: success, version: HTTP/1.1)
HTTP/1.1 500 Internal Server Error
Content-Type: application/json; charset=utf-8
cache-control: no-cache
content-length: 893

20:33:35.638 [AsyncHttpClient-1-9] DEBUG org.asynchttpclient.netty.channel.ChannelManager - Adding key: http://localhost:54154 for channel [id: 0xc9370254, L:/127.0.0.1:57073 - R:localhost/127.0.0.1:54154]
20:33:35.638 [main] WARN net.thucydides.core.webdriver.WebDriverFacade - Failed to take screenshot (unexpected alert open: {Alert text : Data telah ditambah}
  (Session info: chrome=102.0.5005.115): Data telah ditambah
Build info: version: '4.1.2', revision: '9a5a329c5a'
System info: host: 'MOOK-HON', ip: '192.168.100.6', os.name: 'Windows 10', os.arch: 'amd64', os.version: '10.0', java.version: '11.0.14'
Driver info: org.openqa.selenium.chrome.ChromeDriver
Command: [167e6f8dc6c91f1e597ff3faaad09038, screenshot {}]
Capabilities {acceptInsecureCerts: false, browserName: chrome, browserVersion: 102.0.5005.115, chrome: {chromedriverVersion: 102.0.5005.61 (0e59bcc00cc4..., userDataDir: C:\Users\ASUS\AppData\Local...}, goog:chromeOptions: {debuggerAddress: localhost:57075}, javascriptEnabled: true, networkConnectionEnabled: false, pageLoadStrategy: normal, platform: WINDOWS, platformName: WINDOWS, proxy: Proxy(), se:cdp: ws://localhost:57075/devtoo..., se:cdpVersion: 102.0.5005.115, setWindowRect: true, strictFileInteractability: false, timeouts: {implicit: 0, pageLoad: 300000, script: 30000}, unhandledPromptBehavior: dismiss and notify, webauthn:extension:credBlob: true, webauthn:extension:largeBlob: true, webauthn:virtualAuthenticators: true}
Session ID: 167e6f8dc6c91f1e597ff3faaad09038)
20:33:35.662 [Forwarding screenshot on session 167e6f8dc6c91f1e597ff3faaad09038 to remote] DEBUG org.asynchttpclient.netty.request.NettyRequestSender - Using pooled Channel '[id: 0xc9370254, L:/127.0.0.1:57073 - R:localhost/127.0.0.1:54154]' for 'GET' to 'http://localhost:54154/session/167e6f8dc6c91f1e597ff3faaad09038/screenshot'
20:33:35.662 [Forwarding screenshot on session 167e6f8dc6c91f1e597ff3faaad09038 to remote] DEBUG org.asynchttpclient.netty.request.NettyRequestSender - Using open Channel [id: 0xc9370254, L:/127.0.0.1:57073 - R:localhost/127.0.0.1:54154] for GET '/session/167e6f8dc6c91f1e597ff3faaad09038/screenshot'
20:33:36.310 [AsyncHttpClient-1-1] DEBUG org.asynchttpclient.netty.channel.DefaultChannelPool - Entry count for : http://localhost:57075 : 1
20:33:37.406 [AsyncHttpClient-1-1] DEBUG org.asynchttpclient.netty.channel.DefaultChannelPool - Entry count for : http://localhost:57075 : 1
20:33:38.509 [AsyncHttpClient-1-1] DEBUG org.asynchttpclient.netty.channel.DefaultChannelPool - Entry count for : http://localhost:57075 : 1
20:33:39.595 [AsyncHttpClient-1-1] DEBUG org.asynchttpclient.netty.channel.DefaultChannelPool - Entry count for : http://localhost:57075 : 1
20:33:40.755 [AsyncHttpClient-1-1] DEBUG org.asynchttpclient.netty.channel.DefaultChannelPool - Entry count for : http://localhost:57075 : 1
20:33:41.803 [AsyncHttpClient-1-1] DEBUG org.asynchttpclient.netty.channel.DefaultChannelPool - Entry count for : http://localhost:57075 : 1
20:33:42.889 [AsyncHttpClient-1-1] DEBUG org.asynchttpclient.netty.channel.DefaultChannelPool - Entry count for : http://localhost:57075 : 1
20:33:43.993 [AsyncHttpClient-1-1] DEBUG org.asynchttpclient.netty.channel.DefaultChannelPool - Entry count for : http://localhost:57075 : 1
20:33:44.081 [AsyncHttpClient-1-9] DEBUG org.asynchttpclient.netty.handler.HttpHandler - 

Request DefaultFullHttpRequest(decodeResult: success, version: HTTP/1.1, content: EmptyByteBufBE)
GET /session/167e6f8dc6c91f1e597ff3faaad09038/screenshot HTTP/1.1
User-Agent: selenium/4.1.2 (java windows)
Cache-Control: no-cache
Content-Type: application/json; charset=utf-8
host: localhost:54154
accept: */*

Response DefaultHttpResponse(decodeResult: success, version: HTTP/1.1)
HTTP/1.1 200 OK
Content-Type: application/json; charset=utf-8
cache-control: no-cache
content-length: 397960

20:33:44.081 [AsyncHttpClient-1-9] DEBUG org.asynchttpclient.netty.channel.ChannelManager - Adding key: http://localhost:54154 for channel [id: 0xc9370254, L:/127.0.0.1:57073 - R:localhost/127.0.0.1:54154]
20:33:44.121 [main] DEBUG net.serenitybdd.core.photography.Darkroom - Send negative for processing for target\site\serenity\cbeceb493b3cc14d3791ff263ea0078986a8fbc23e395c454f06e0ce9a24f68d.png
20:33:44.801 [Forwarding screenshot on session 167e6f8dc6c91f1e597ff3faaad09038 to remote] DEBUG org.asynchttpclient.netty.request.NettyRequestSender - Using pooled Channel '[id: 0xc9370254, L:/127.0.0.1:57073 - R:localhost/127.0.0.1:54154]' for 'GET' to 'http://localhost:54154/session/167e6f8dc6c91f1e597ff3faaad09038/screenshot'
20:33:44.801 [Forwarding screenshot on session 167e6f8dc6c91f1e597ff3faaad09038 to remote] DEBUG org.asynchttpclient.netty.request.NettyRequestSender - Using open Channel [id: 0xc9370254, L:/127.0.0.1:57073 - R:localhost/127.0.0.1:54154] for GET '/session/167e6f8dc6c91f1e597ff3faaad09038/screenshot'
20:33:45.105 [AsyncHttpClient-1-1] DEBUG org.asynchttpclient.netty.channel.DefaultChannelPool - Entry count for : http://localhost:57075 : 1
20:33:45.481 [AsyncHttpClient-1-9] DEBUG org.asynchttpclient.netty.handler.HttpHandler - 

Request DefaultFullHttpRequest(decodeResult: success, version: HTTP/1.1, content: EmptyByteBufBE)
GET /session/167e6f8dc6c91f1e597ff3faaad09038/screenshot HTTP/1.1
User-Agent: selenium/4.1.2 (java windows)
Cache-Control: no-cache
Content-Type: application/json; charset=utf-8
host: localhost:54154
accept: */*

Response DefaultHttpResponse(decodeResult: success, version: HTTP/1.1)
HTTP/1.1 200 OK
Content-Type: application/json; charset=utf-8
cache-control: no-cache
content-length: 397960

20:33:45.489 [AsyncHttpClient-1-9] DEBUG org.asynchttpclient.netty.channel.ChannelManager - Adding key: http://localhost:54154 for channel [id: 0xc9370254, L:/127.0.0.1:57073 - R:localhost/127.0.0.1:54154]
20:33:45.537 [main] DEBUG net.serenitybdd.core.photography.Darkroom - Send negative for processing for target\site\serenity\cbeceb493b3cc14d3791ff263ea0078986a8fbc23e395c454f06e0ce9a24f68d.png
20:33:45.537 [main] DEBUG net.thucydides.core.steps.StepInterceptor - STARTING STEP: PatientDataSteps.validDataPasien - checkValidDataPasien
20:33:45.569 [Forwarding findElement on session 167e6f8dc6c91f1e597ff3faaad09038 to remote] DEBUG org.asynchttpclient.netty.request.NettyRequestSender - Using pooled Channel '[id: 0xc9370254, L:/127.0.0.1:57073 - R:localhost/127.0.0.1:54154]' for 'POST' to 'http://localhost:54154/session/167e6f8dc6c91f1e597ff3faaad09038/element'
20:33:45.569 [Forwarding findElement on session 167e6f8dc6c91f1e597ff3faaad09038 to remote] DEBUG org.asynchttpclient.netty.request.NettyRequestSender - Using open Channel [id: 0xc9370254, L:/127.0.0.1:57073 - R:localhost/127.0.0.1:54154] for POST '/session/167e6f8dc6c91f1e597ff3faaad09038/element'
20:33:45.785 [AsyncHttpClient-1-9] DEBUG org.asynchttpclient.netty.handler.HttpHandler - 

Request DefaultHttpRequest(decodeResult: success, version: HTTP/1.1)
POST /session/167e6f8dc6c91f1e597ff3faaad09038/element HTTP/1.1
User-Agent: selenium/4.1.2 (java windows)
Content-Length: 95
Content-Type: application/json; charset=utf-8
host: localhost:54154
accept: */*

Response DefaultHttpResponse(decodeResult: success, version: HTTP/1.1)
HTTP/1.1 200 OK
Content-Type: application/json; charset=utf-8
cache-control: no-cache
content-length: 88

20:33:45.785 [AsyncHttpClient-1-9] DEBUG org.asynchttpclient.netty.channel.ChannelManager - Adding key: http://localhost:54154 for channel [id: 0xc9370254, L:/127.0.0.1:57073 - R:localhost/127.0.0.1:54154]
20:33:45.785 [Forwarding isElementEnabled on session 167e6f8dc6c91f1e597ff3faaad09038 to remote] DEBUG org.asynchttpclient.netty.request.NettyRequestSender - Using pooled Channel '[id: 0xc9370254, L:/127.0.0.1:57073 - R:localhost/127.0.0.1:54154]' for 'GET' to 'http://localhost:54154/session/167e6f8dc6c91f1e597ff3faaad09038/element/07f918b9-c706-46c9-a553-589030263704/enabled'
20:33:45.785 [Forwarding isElementEnabled on session 167e6f8dc6c91f1e597ff3faaad09038 to remote] DEBUG org.asynchttpclient.netty.request.NettyRequestSender - Using open Channel [id: 0xc9370254, L:/127.0.0.1:57073 - R:localhost/127.0.0.1:54154] for GET '/session/167e6f8dc6c91f1e597ff3faaad09038/element/07f918b9-c706-46c9-a553-589030263704/enabled'
20:33:45.817 [AsyncHttpClient-1-9] DEBUG org.asynchttpclient.netty.handler.HttpHandler - 

Request DefaultFullHttpRequest(decodeResult: success, version: HTTP/1.1, content: EmptyByteBufBE)
GET /session/167e6f8dc6c91f1e597ff3faaad09038/element/07f918b9-c706-46c9-a553-589030263704/enabled HTTP/1.1
User-Agent: selenium/4.1.2 (java windows)
Cache-Control: no-cache
Content-Type: application/json; charset=utf-8
host: localhost:54154
accept: */*

Response DefaultHttpResponse(decodeResult: success, version: HTTP/1.1)
HTTP/1.1 200 OK
Content-Type: application/json; charset=utf-8
cache-control: no-cache
content-length: 14

20:33:45.817 [AsyncHttpClient-1-9] DEBUG org.asynchttpclient.netty.channel.ChannelManager - Adding key: http://localhost:54154 for channel [id: 0xc9370254, L:/127.0.0.1:57073 - R:localhost/127.0.0.1:54154]
20:33:45.833 [Forwarding screenshot on session 167e6f8dc6c91f1e597ff3faaad09038 to remote] DEBUG org.asynchttpclient.netty.request.NettyRequestSender - Using pooled Channel '[id: 0xc9370254, L:/127.0.0.1:57073 - R:localhost/127.0.0.1:54154]' for 'GET' to 'http://localhost:54154/session/167e6f8dc6c91f1e597ff3faaad09038/screenshot'
20:33:45.833 [Forwarding screenshot on session 167e6f8dc6c91f1e597ff3faaad09038 to remote] DEBUG org.asynchttpclient.netty.request.NettyRequestSender - Using open Channel [id: 0xc9370254, L:/127.0.0.1:57073 - R:localhost/127.0.0.1:54154] for GET '/session/167e6f8dc6c91f1e597ff3faaad09038/screenshot'
20:33:46.210 [AsyncHttpClient-1-1] DEBUG org.asynchttpclient.netty.channel.DefaultChannelPool - Entry count for : http://localhost:57075 : 1
20:33:46.418 [AsyncHttpClient-1-9] DEBUG org.asynchttpclient.netty.handler.HttpHandler - 

Request DefaultFullHttpRequest(decodeResult: success, version: HTTP/1.1, content: EmptyByteBufBE)
GET /session/167e6f8dc6c91f1e597ff3faaad09038/screenshot HTTP/1.1
User-Agent: selenium/4.1.2 (java windows)
Cache-Control: no-cache
Content-Type: application/json; charset=utf-8
host: localhost:54154
accept: */*

Response DefaultHttpResponse(decodeResult: success, version: HTTP/1.1)
HTTP/1.1 200 OK
Content-Type: application/json; charset=utf-8
cache-control: no-cache
content-length: 397960

20:33:46.418 [AsyncHttpClient-1-9] DEBUG org.asynchttpclient.netty.channel.ChannelManager - Adding key: http://localhost:54154 for channel [id: 0xc9370254, L:/127.0.0.1:57073 - R:localhost/127.0.0.1:54154]
20:33:46.474 [main] DEBUG net.serenitybdd.core.photography.Darkroom - Send negative for processing for target\site\serenity\cbeceb493b3cc14d3791ff263ea0078986a8fbc23e395c454f06e0ce9a24f68d.png
20:33:46.474 [main] DEBUG net.thucydides.core.steps.StepInterceptor - STEP DONE: checkValidDataPasien
  &amp#27;[32mAnd &amp#27;[0m&amp#27;[32mValid data pasien&amp#27;[0m                                                    &amp#27;[90m# starter.stepdefinitios.PatientDataSteps.validDataPasien()&amp#27;[0m
20:33:46.530 [Forwarding screenshot on session 167e6f8dc6c91f1e597ff3faaad09038 to remote] DEBUG org.asynchttpclient.netty.request.NettyRequestSender - Using pooled Channel '[id: 0xc9370254, L:/127.0.0.1:57073 - R:localhost/127.0.0.1:54154]' for 'GET' to 'http://localhost:54154/session/167e6f8dc6c91f1e597ff3faaad09038/screenshot'
20:33:46.538 [Forwarding screenshot on session 167e6f8dc6c91f1e597ff3faaad09038 to remote] DEBUG org.asynchttpclient.netty.request.NettyRequestSender - Using open Channel [id: 0xc9370254, L:/127.0.0.1:57073 - R:localhost/127.0.0.1:54154] for GET '/session/167e6f8dc6c91f1e597ff3faaad09038/screenshot'
20:33:47.114 [AsyncHttpClient-1-9] DEBUG org.asynchttpclient.netty.handler.HttpHandler - 

Request DefaultFullHttpRequest(decodeResult: success, version: HTTP/1.1, content: EmptyByteBufBE)
GET /session/167e6f8dc6c91f1e597ff3faaad09038/screenshot HTTP/1.1
User-Agent: selenium/4.1.2 (java windows)
Cache-Control: no-cache
Content-Type: application/json; charset=utf-8
host: localhost:54154
accept: */*

Response DefaultHttpResponse(decodeResult: success, version: HTTP/1.1)
HTTP/1.1 200 OK
Content-Type: application/json; charset=utf-8
cache-control: no-cache
content-length: 397960

20:33:47.122 [AsyncHttpClient-1-9] DEBUG org.asynchttpclient.netty.channel.ChannelManager - Adding key: http://localhost:54154 for channel [id: 0xc9370254, L:/127.0.0.1:57073 - R:localhost/127.0.0.1:54154]
20:33:47.154 [main] DEBUG net.serenitybdd.core.photography.Darkroom - Send negative for processing for target\site\serenity\cbeceb493b3cc14d3791ff263ea0078986a8fbc23e395c454f06e0ce9a24f68d.png
20:33:47.178 [AsyncHttpClient-1-3] DEBUG org.asynchttpclient.netty.handler.WebSocketHandler - Channel Closed: [id: 0x6c896ed4, L:/127.0.0.1:57087 ! R:localhost/127.0.0.1:57075] with attribute NettyResponseFuture{currentRetry=5,
	isDone=1,
	isCancelled=0,
	asyncHandler=org.asynchttpclient.ws.WebSocketUpgradeHandler@3ed63096,
	nettyRequest=org.asynchttpclient.netty.request.NettyRequest@737a4a69,
	future=java.util.concurrent.CompletableFuture@3fa4f500[Completed normally],
	uri=ws://localhost:57075/devtools/browser/49447b97-719a-4347-807c-b8afd20cb6f9,
	keepAlive=true,
	redirectCount=0,
	timeoutsHolder=null,
	inAuth=0,
	touch=1655991201214}
20:33:47.178 [Driver Command Executor] DEBUG org.asynchttpclient.netty.request.NettyRequestSender - Using pooled Channel '[id: 0xc9370254, L:/127.0.0.1:57073 - R:localhost/127.0.0.1:54154]' for 'DELETE' to 'http://localhost:54154/session/167e6f8dc6c91f1e597ff3faaad09038'
20:33:47.178 [Driver Command Executor] DEBUG org.asynchttpclient.netty.request.NettyRequestSender - Using open Channel [id: 0xc9370254, L:/127.0.0.1:57073 - R:localhost/127.0.0.1:54154] for DELETE '/session/167e6f8dc6c91f1e597ff3faaad09038'
20:33:47.178 [AsyncHttpClient-1-3] DEBUG org.asynchttpclient.netty.channel.ChannelManager - Closing Channel [id: 0x6c896ed4, L:/127.0.0.1:57087 ! R:localhost/127.0.0.1:57075] 
20:33:47.290 [AsyncHttpClient-1-1] DEBUG org.asynchttpclient.netty.channel.DefaultChannelPool - Entry count for : http://localhost:57075 : 1
20:33:48.111 [AsyncHttpClient-1-2] DEBUG org.asynchttpclient.netty.handler.HttpHandler - Unexpected I/O exception on channel [id: 0xd21b0e17, L:/127.0.0.1:57086 - R:localhost/127.0.0.1:57075]
java.io.IOException: An existing connection was forcibly closed by the remote host
	at java.base/sun.nio.ch.SocketDispatcher.read0(Native Method)
	at java.base/sun.nio.ch.SocketDispatcher.read(SocketDispatcher.java:43)
	at java.base/sun.nio.ch.IOUtil.readIntoNativeBuffer(IOUtil.java:276)
	at java.base/sun.nio.ch.IOUtil.read(IOUtil.java:233)
	at java.base/sun.nio.ch.IOUtil.read(IOUtil.java:223)
	at java.base/sun.nio.ch.SocketChannelImpl.read(SocketChannelImpl.java:358)
	at io.netty.buffer.PooledByteBuf.setBytes(PooledByteBuf.java:258)
	at io.netty.buffer.AbstractByteBuf.writeBytes(AbstractByteBuf.java:1132)
	at io.netty.channel.socket.nio.NioSocketChannel.doReadBytes(NioSocketChannel.java:350)
	at io.netty.channel.nio.AbstractNioByteChannel$NioByteUnsafe.read(AbstractNioByteChannel.java:151)
	at io.netty.channel.nio.NioEventLoop.processSelectedKey(NioEventLoop.java:722)
	at io.netty.channel.nio.NioEventLoop.processSelectedKeysOptimized(NioEventLoop.java:658)
	at io.netty.channel.nio.NioEventLoop.processSelectedKeys(NioEventLoop.java:584)
	at io.netty.channel.nio.NioEventLoop.run(NioEventLoop.java:496)
	at io.netty.util.concurrent.SingleThreadEventExecutor$4.run(SingleThreadEventExecutor.java:986)
	at io.netty.util.internal.ThreadExecutorMap$2.run(ThreadExecutorMap.java:74)
	at io.netty.util.concurrent.FastThreadLocalRunnable.run(FastThreadLocalRunnable.java:30)
	at java.base/java.lang.Thread.run(Thread.java:834)
20:33:48.111 [AsyncHttpClient-1-2] DEBUG org.asynchttpclient.netty.channel.ChannelManager - Closing Channel [id: 0xd21b0e17, L:/127.0.0.1:57086 - R:localhost/127.0.0.1:57075] 
20:33:48.111 [AsyncHttpClient-1-2] DEBUG org.asynchttpclient.netty.handler.HttpHandler - Channel Closed: [id: 0xd21b0e17, L:/127.0.0.1:57086 ! R:localhost/127.0.0.1:57075] with attribute DISCARD
20:33:48.247 [AsyncHttpClient-1-9] DEBUG org.asynchttpclient.netty.handler.HttpHandler - 

Request DefaultFullHttpRequest(decodeResult: success, version: HTTP/1.1, content: EmptyByteBufBE)
DELETE /session/167e6f8dc6c91f1e597ff3faaad09038 HTTP/1.1
User-Agent: selenium/4.1.2 (java windows)
Content-Type: application/json; charset=utf-8
host: localhost:54154
accept: */*

Response DefaultHttpResponse(decodeResult: success, version: HTTP/1.1)
HTTP/1.1 200 OK
Content-Type: application/json; charset=utf-8
cache-control: no-cache
content-length: 14

20:33:48.247 [AsyncHttpClient-1-9] DEBUG org.asynchttpclient.netty.channel.ChannelManager - Adding key: http://localhost:54154 for channel [id: 0xc9370254, L:/127.0.0.1:57073 - R:localhost/127.0.0.1:54154]
20:33:48.399 [AsyncHttpClient-1-1] DEBUG org.asynchttpclient.netty.channel.DefaultChannelPool - Entry count for : http://localhost:57075 : 1
20:33:48.399 [AsyncHttpClient-1-1] DEBUG org.asynchttpclient.netty.channel.DefaultChannelPool - Entry count for : http://localhost:54154 : 1
20:33:48.399 [AsyncHttpClient-1-1] DEBUG org.asynchttpclient.netty.channel.DefaultChannelPool - Adding Candidate expired Channel [id: 0xd21b0e17, L:/127.0.0.1:57086 ! R:localhost/127.0.0.1:57075] isIdleTimeoutExpired=false isRemotelyClosed=true isTtlExpired=false
20:33:48.399 [AsyncHttpClient-1-1] DEBUG org.asynchttpclient.netty.channel.DefaultChannelPool - Closing Idle Channel [id: 0xd21b0e17, L:/127.0.0.1:57086 ! R:localhost/127.0.0.1:57075]
20:33:48.399 [AsyncHttpClient-1-1] DEBUG org.asynchttpclient.netty.channel.DefaultChannelPool - Closed 1 connections out of 2 in 0 ms
20:33:48.575 [AsyncHttpClient-1-9] DEBUG org.asynchttpclient.netty.handler.HttpHandler - Channel Closed: [id: 0xc9370254, L:/127.0.0.1:57073 ! R:localhost/127.0.0.1:54154] with attribute DISCARD
20:33:49.096 [main] INFO  - 
  _____   ___   ___   _____     ___     _     ___   ___   ___   ___  
 |_   _| | __| / __| |_   _|   | _ \   /_\   / __| / __| | __| |   \ 
   | |   | _|  \__ \   | |     |  _/  / _ \  \__ \ \__ \ | _|  | |) |
   |_|   |___| |___/   |_|     |_|   /_/ \_\ |___/ |___/ |___| |___/ 

As a admin i want to add data pasien but not gander
----------------------------------------------------------------------
]]></system-out>
    <system-err><![CDATA[Starting ChromeDriver 102.0.5005.61 (0e59bcc00cc4985ce39ad31c150065f159d95ad3-refs/branch-heads/5005@{#819}) on port 54154
Only local connections are allowed.
Please see https://chromedriver.chromium.org/security-considerations for suggestions on keeping ChromeDriver safe.
ChromeDriver was started successfully.
Jun 23, 2022 8:33:21 PM org.openqa.selenium.remote.ProtocolHandshake createSession
INFO: Detected dialect: W3C
Jun 23, 2022 8:33:21 PM org.openqa.selenium.devtools.CdpVersionFinder findNearestMatch
WARNING: Unable to find an exact match for CDP version 102, so returning the closest version found: a no-op implementation
Jun 23, 2022 8:33:21 PM org.openqa.selenium.devtools.CdpVersionFinder findNearestMatch
INFO: Unable to find CDP implementation matching 102.
Jun 23, 2022 8:33:21 PM org.openqa.selenium.chromium.ChromiumDriver lambda$new$3
WARNING: Unable to find version of CDP to use for . You may need to include a dependency on a specific version of the CDP using something similar to `org.seleniumhq.selenium:selenium-devtools-v86:4.1.2` where the version ("v86") matches the version of the chromium-based browser you're using and the version number of the artifact is the same as Selenium's.
[1655991215.308][WARNING]: unexpected alert open: {Alert text : Data telah ditambah}, cancelling screenshot
]]></system-err>
  </testcase>
  <testcase name="As a admin i want to delete data dokter" classname="Delete Data Dokter - Admin" time="11.014">
    <system-out><![CDATA[20:33:49.096 [main] INFO io.cucumber.core.plugin.SerenityReporter - Running feature from file:///D:/Kel-1-capstone/TestingWeb/src/test/resources/features/DeleteDataDokter.feature
20:33:49.111 [main] DEBUG net.thucydides.core.steps.StepEventBus - Test suite started for story net.thucydides.core.model.Story@f29440ba
20:33:49.111 [main] INFO  - Test Suite Started: Delete Data Dokter - Admin

@DeleteDokterData
Scenario: As a admin i want to delete data dokter &amp#27;[90m# src/test/resources/features/DeleteDataDokter.feature:4&amp#27;[0m
20:33:49.127 [main] INFO io.cucumber.core.plugin.SerenityReporter - Running feature from file:///D:/Kel-1-capstone/TestingWeb/src/test/resources/features/DeleteDataDokter.feature
20:33:49.143 [main] INFO  - 
  _____   ___   ___   _____     ___   _____     _     ___   _____   ___   ___  
 |_   _| | __| / __| |_   _|   / __| |_   _|   /_\   | _ \ |_   _| | __| |   \ 
   | |   | _|  \__ \   | |     \__ \   | |    / _ \  |   /   | |   | _|  | |) |
   |_|   |___| |___/   |_|     |___/   |_|   /_/ \_\ |_|_\   |_|   |___| |___/ 

As a admin i want to delete data dokter(delete-data-dokter---admin;as-a-admin-i-want-to-delete-data-dokter)
--------------------------------------------------------------------------------
20:33:49.234 [main] DEBUG net.thucydides.core.steps.StepInterceptor - STARTING STEP: DokterDataSteps.openPageDataDokter - openDataDokter
20:33:49.234 [main] INFO net.serenitybdd.core.webdriver.driverproviders.ChromeDriverProvider - Using automatically driver download
20:33:49.502 [AsyncHttpClient-1-1] DEBUG org.asynchttpclient.netty.channel.DefaultChannelPool - Entry count for : http://localhost:54154 : 1
20:33:49.502 [AsyncHttpClient-1-1] DEBUG org.asynchttpclient.netty.channel.DefaultChannelPool - Adding Candidate expired Channel [id: 0xc9370254, L:/127.0.0.1:57073 ! R:localhost/127.0.0.1:54154] isIdleTimeoutExpired=false isRemotelyClosed=true isTtlExpired=false
20:33:49.502 [AsyncHttpClient-1-1] DEBUG org.asynchttpclient.netty.channel.DefaultChannelPool - Closing Idle Channel [id: 0xc9370254, L:/127.0.0.1:57073 ! R:localhost/127.0.0.1:54154]
20:33:49.502 [AsyncHttpClient-1-1] DEBUG org.asynchttpclient.netty.channel.DefaultChannelPool - Closed 1 connections out of 1 in 0 ms
20:33:49.526 [main] DEBUG io.github.bonigarcia.wdm.cache.ResolutionCache - Resolution chrome=102 in cache (valid until 21:04:30 23/06/2022 ICT)
20:33:49.566 [main] DEBUG io.github.bonigarcia.wdm.cache.ResolutionCache - Resolution chrome102=102.0.5005.61 in cache (valid until 20:04:30 24/06/2022 ICT)
20:33:49.582 [main] INFO io.github.bonigarcia.wdm.WebDriverManager - Using chromedriver 102.0.5005.61 (resolved driver for Chrome 102)
20:33:49.638 [main] DEBUG io.github.bonigarcia.wdm.WebDriverManager - Driver chromedriver 102.0.5005.61 found in cache
20:33:49.638 [main] INFO io.github.bonigarcia.wdm.WebDriverManager - Exporting webdriver.chrome.driver as C:\Users\ASUS\.cache\selenium\chromedriver\win32\102.0.5005.61\chromedriver.exe
20:33:49.872 [main] DEBUG net.serenitybdd.core.webdriver.driverproviders.ProvideNewDriver - Instantiating driver
20:33:49.872 [main] DEBUG net.serenitybdd.core.webdriver.driverproviders.ProvideNewDriver - Driver capabilities: Capabilities {acceptInsecureCerts: false, base.url: https://fanciful-trifle-360..., browserName: chrome, chorme.driver: src/test/resources/webdrive..., driver: chrome, goog:chromeOptions: {args: [], extensions: []}}
20:33:50.437 [AsyncHttpClient-1-4] DEBUG org.asynchttpclient.netty.channel.NettyConnectListener - Using new Channel '[id: 0xe1a59aca, L:/127.0.0.1:61560 - R:localhost/127.0.0.1:54288]' for 'POST' to '/session'
20:33:54.306 [AsyncHttpClient-1-4] DEBUG org.asynchttpclient.netty.handler.HttpHandler - 

Request DefaultHttpRequest(decodeResult: success, version: HTTP/1.1)
POST /session HTTP/1.1
User-Agent: selenium/4.1.2 (java windows)
Content-Length: 629
Content-Type: application/json; charset=utf-8
host: localhost:54288
accept: */*

Response DefaultHttpResponse(decodeResult: success, version: HTTP/1.1)
HTTP/1.1 200 OK
Content-Type: application/json; charset=utf-8
cache-control: no-cache
content-length: 790

20:33:54.306 [AsyncHttpClient-1-4] DEBUG org.asynchttpclient.netty.channel.ChannelManager - Adding key: http://localhost:54288 for channel [id: 0xe1a59aca, L:/127.0.0.1:61560 - R:localhost/127.0.0.1:54288]
20:33:54.338 [AsyncHttpClient-1-5] DEBUG org.asynchttpclient.netty.channel.NettyConnectListener - Using new Channel '[id: 0xa5c0851c, L:/127.0.0.1:61577 - R:localhost/127.0.0.1:61563]' for 'GET' to '/json/version'
20:33:54.346 [AsyncHttpClient-1-5] DEBUG org.asynchttpclient.netty.handler.HttpHandler - 

Request DefaultFullHttpRequest(decodeResult: success, version: HTTP/1.1, content: EmptyByteBufBE)
GET /json/version HTTP/1.1
User-Agent: selenium/4.1.2 (java windows)
host: localhost:61563
accept: */*

Response DefaultHttpResponse(decodeResult: success, version: HTTP/1.1)
HTTP/1.1 200 OK
Content-Type: application/json; charset=UTF-8
content-length: 428

20:33:54.346 [AsyncHttpClient-1-5] DEBUG org.asynchttpclient.netty.channel.ChannelManager - Adding key: http://localhost:61563 for channel [id: 0xa5c0851c, L:/127.0.0.1:61577 - R:localhost/127.0.0.1:61563]
20:33:54.354 [AsyncHttpClient-1-6] DEBUG org.asynchttpclient.netty.channel.NettyConnectListener - Using new Channel '[id: 0x3804df89, L:/127.0.0.1:61578 - R:localhost/127.0.0.1:61563]' for 'GET' to '/devtools/browser/82b5892c-c68c-4a21-a915-e3df566b93e6'
20:33:54.362 [AsyncHttpClient-1-6] DEBUG org.asynchttpclient.netty.handler.WebSocketHandler - 

Request DefaultFullHttpRequest(decodeResult: success, version: HTTP/1.1, content: EmptyByteBufBE)
GET /devtools/browser/82b5892c-c68c-4a21-a915-e3df566b93e6 HTTP/1.1
upgrade: websocket
connection: upgrade
sec-websocket-key: idyzfiJ9/5J5iVUpNMjZDA==
sec-websocket-version: 13
origin: http://localhost:61563
host: localhost:61563
accept: */*
user-agent: AHC/2.1

Response DefaultHttpResponse(decodeResult: success, version: HTTP/1.1)
HTTP/1.1 101 WebSocket Protocol Handshake
Upgrade: WebSocket
Connection: Upgrade
Sec-WebSocket-Accept: ZX0zyKwEKAnOeuyHT4sFAtSeC8s=

20:33:54.386 [Forwarding get on session a7f017f2a8be028e3d7cde724d92eba4 to remote] DEBUG org.asynchttpclient.netty.request.NettyRequestSender - Using pooled Channel '[id: 0xe1a59aca, L:/127.0.0.1:61560 - R:localhost/127.0.0.1:54288]' for 'POST' to 'http://localhost:54288/session/a7f017f2a8be028e3d7cde724d92eba4/url'
20:33:54.386 [Forwarding get on session a7f017f2a8be028e3d7cde724d92eba4 to remote] DEBUG org.asynchttpclient.netty.request.NettyRequestSender - Using open Channel [id: 0xe1a59aca, L:/127.0.0.1:61560 - R:localhost/127.0.0.1:54288] for POST '/session/a7f017f2a8be028e3d7cde724d92eba4/url'
20:33:55.050 [AsyncHttpClient-1-1] DEBUG org.asynchttpclient.netty.channel.DefaultChannelPool - Entry count for : http://localhost:61563 : 1
20:33:56.014 [AsyncHttpClient-1-4] DEBUG org.asynchttpclient.netty.handler.HttpHandler - 

Request DefaultHttpRequest(decodeResult: success, version: HTTP/1.1)
POST /session/a7f017f2a8be028e3d7cde724d92eba4/url HTTP/1.1
User-Agent: selenium/4.1.2 (java windows)
Content-Length: 84
Content-Type: application/json; charset=utf-8
host: localhost:54288
accept: */*

Response DefaultHttpResponse(decodeResult: success, version: HTTP/1.1)
HTTP/1.1 200 OK
Content-Type: application/json; charset=utf-8
cache-control: no-cache
content-length: 14

20:33:56.014 [AsyncHttpClient-1-4] DEBUG org.asynchttpclient.netty.channel.ChannelManager - Adding key: http://localhost:54288 for channel [id: 0xe1a59aca, L:/127.0.0.1:61560 - R:localhost/127.0.0.1:54288]
20:33:56.014 [Forwarding setTimeout on session a7f017f2a8be028e3d7cde724d92eba4 to remote] DEBUG org.asynchttpclient.netty.request.NettyRequestSender - Using pooled Channel '[id: 0xe1a59aca, L:/127.0.0.1:61560 - R:localhost/127.0.0.1:54288]' for 'POST' to 'http://localhost:54288/session/a7f017f2a8be028e3d7cde724d92eba4/timeouts'
20:33:56.014 [Forwarding setTimeout on session a7f017f2a8be028e3d7cde724d92eba4 to remote] DEBUG org.asynchttpclient.netty.request.NettyRequestSender - Using open Channel [id: 0xe1a59aca, L:/127.0.0.1:61560 - R:localhost/127.0.0.1:54288] for POST '/session/a7f017f2a8be028e3d7cde724d92eba4/timeouts'
20:33:56.014 [AsyncHttpClient-1-4] DEBUG org.asynchttpclient.netty.handler.HttpHandler - 

Request DefaultHttpRequest(decodeResult: success, version: HTTP/1.1)
POST /session/a7f017f2a8be028e3d7cde724d92eba4/timeouts HTTP/1.1
User-Agent: selenium/4.1.2 (java windows)
Content-Length: 22
Content-Type: application/json; charset=utf-8
host: localhost:54288
accept: */*

Response DefaultHttpResponse(decodeResult: success, version: HTTP/1.1)
HTTP/1.1 200 OK
Content-Type: application/json; charset=utf-8
cache-control: no-cache
content-length: 14

20:33:56.014 [AsyncHttpClient-1-4] DEBUG org.asynchttpclient.netty.channel.ChannelManager - Adding key: http://localhost:54288 for channel [id: 0xe1a59aca, L:/127.0.0.1:61560 - R:localhost/127.0.0.1:54288]
20:33:56.022 [Forwarding getCurrentUrl on session a7f017f2a8be028e3d7cde724d92eba4 to remote] DEBUG org.asynchttpclient.netty.request.NettyRequestSender - Using pooled Channel '[id: 0xe1a59aca, L:/127.0.0.1:61560 - R:localhost/127.0.0.1:54288]' for 'GET' to 'http://localhost:54288/session/a7f017f2a8be028e3d7cde724d92eba4/url'
20:33:56.022 [Forwarding getCurrentUrl on session a7f017f2a8be028e3d7cde724d92eba4 to remote] DEBUG org.asynchttpclient.netty.request.NettyRequestSender - Using open Channel [id: 0xe1a59aca, L:/127.0.0.1:61560 - R:localhost/127.0.0.1:54288] for GET '/session/a7f017f2a8be028e3d7cde724d92eba4/url'
20:33:56.053 [AsyncHttpClient-1-4] DEBUG org.asynchttpclient.netty.handler.HttpHandler - 

Request DefaultFullHttpRequest(decodeResult: success, version: HTTP/1.1, content: EmptyByteBufBE)
GET /session/a7f017f2a8be028e3d7cde724d92eba4/url HTTP/1.1
User-Agent: selenium/4.1.2 (java windows)
Cache-Control: no-cache
Content-Type: application/json; charset=utf-8
host: localhost:54288
accept: */*

Response DefaultHttpResponse(decodeResult: success, version: HTTP/1.1)
HTTP/1.1 200 OK
Content-Type: application/json; charset=utf-8
cache-control: no-cache
content-length: 66

20:33:56.053 [AsyncHttpClient-1-4] DEBUG org.asynchttpclient.netty.channel.ChannelManager - Adding key: http://localhost:54288 for channel [id: 0xe1a59aca, L:/127.0.0.1:61560 - R:localhost/127.0.0.1:54288]
20:33:56.071 [main] DEBUG net.serenitybdd.core.photography.Darkroom - Opening darkroom
20:33:56.071 [Forwarding screenshot on session a7f017f2a8be028e3d7cde724d92eba4 to remote] DEBUG org.asynchttpclient.netty.request.NettyRequestSender - Using pooled Channel '[id: 0xe1a59aca, L:/127.0.0.1:61560 - R:localhost/127.0.0.1:54288]' for 'GET' to 'http://localhost:54288/session/a7f017f2a8be028e3d7cde724d92eba4/screenshot'
20:33:56.071 [Forwarding screenshot on session a7f017f2a8be028e3d7cde724d92eba4 to remote] DEBUG org.asynchttpclient.netty.request.NettyRequestSender - Using open Channel [id: 0xe1a59aca, L:/127.0.0.1:61560 - R:localhost/127.0.0.1:54288] for GET '/session/a7f017f2a8be028e3d7cde724d92eba4/screenshot'
20:33:56.117 [AsyncHttpClient-1-1] DEBUG org.asynchttpclient.netty.channel.DefaultChannelPool - Entry count for : http://localhost:61563 : 1
20:33:56.117 [Darkroom Processing Line] DEBUG net.serenitybdd.core.photography.DarkroomProcessingLine - Darkroom processing line starting up
20:33:57.198 [AsyncHttpClient-1-1] DEBUG org.asynchttpclient.netty.channel.DefaultChannelPool - Entry count for : http://localhost:61563 : 1
20:33:57.276 [AsyncHttpClient-1-4] DEBUG org.asynchttpclient.netty.handler.HttpHandler - 

Request DefaultFullHttpRequest(decodeResult: success, version: HTTP/1.1, content: EmptyByteBufBE)
GET /session/a7f017f2a8be028e3d7cde724d92eba4/screenshot HTTP/1.1
User-Agent: selenium/4.1.2 (java windows)
Cache-Control: no-cache
Content-Type: application/json; charset=utf-8
host: localhost:54288
accept: */*

Response DefaultHttpResponse(decodeResult: success, version: HTTP/1.1)
HTTP/1.1 200 OK
Content-Type: application/json; charset=utf-8
cache-control: no-cache
content-length: 93040

20:33:57.276 [AsyncHttpClient-1-4] DEBUG org.asynchttpclient.netty.channel.ChannelManager - Adding key: http://localhost:54288 for channel [id: 0xe1a59aca, L:/127.0.0.1:61560 - R:localhost/127.0.0.1:54288]
20:33:57.276 [main] DEBUG net.serenitybdd.core.photography.Darkroom - Send negative for processing for target\site\serenity\ee66319f8cb5850ca609fa5af5fccf9e8848aa4d878c3d081ff200c30ff79dfd.png
20:33:57.276 [main] DEBUG net.thucydides.core.steps.StepInterceptor - STEP DONE: openDataDokter
  &amp#27;[32mGiven &amp#27;[0m&amp#27;[32mOpen page data dokter&amp#27;[0m                     &amp#27;[90m# starter.stepdefinitios.DokterDataSteps.openPageDataDokter()&amp#27;[0m
20:33:57.333 [main] DEBUG net.thucydides.core.steps.StepInterceptor - STARTING STEP: DokterDataSteps.clickDeleteDokterData - clickButtonSampah
20:33:57.342 [Forwarding findElement on session a7f017f2a8be028e3d7cde724d92eba4 to remote] DEBUG org.asynchttpclient.netty.request.NettyRequestSender - Using pooled Channel '[id: 0xe1a59aca, L:/127.0.0.1:61560 - R:localhost/127.0.0.1:54288]' for 'POST' to 'http://localhost:54288/session/a7f017f2a8be028e3d7cde724d92eba4/element'
20:33:57.342 [Forwarding findElement on session a7f017f2a8be028e3d7cde724d92eba4 to remote] DEBUG org.asynchttpclient.netty.request.NettyRequestSender - Using open Channel [id: 0xe1a59aca, L:/127.0.0.1:61560 - R:localhost/127.0.0.1:54288] for POST '/session/a7f017f2a8be028e3d7cde724d92eba4/element'
20:33:57.369 [AsyncHttpClient-1-4] DEBUG org.asynchttpclient.netty.handler.HttpHandler - 

Request DefaultHttpRequest(decodeResult: success, version: HTTP/1.1)
POST /session/a7f017f2a8be028e3d7cde724d92eba4/element HTTP/1.1
User-Agent: selenium/4.1.2 (java windows)
Content-Length: 92
Content-Type: application/json; charset=utf-8
host: localhost:54288
accept: */*

Response DefaultHttpResponse(decodeResult: success, version: HTTP/1.1)
HTTP/1.1 200 OK
Content-Type: application/json; charset=utf-8
cache-control: no-cache
content-length: 88

20:33:57.369 [AsyncHttpClient-1-4] DEBUG org.asynchttpclient.netty.channel.ChannelManager - Adding key: http://localhost:54288 for channel [id: 0xe1a59aca, L:/127.0.0.1:61560 - R:localhost/127.0.0.1:54288]
20:33:57.369 [Forwarding getElementTagName on session a7f017f2a8be028e3d7cde724d92eba4 to remote] DEBUG org.asynchttpclient.netty.request.NettyRequestSender - Using pooled Channel '[id: 0xe1a59aca, L:/127.0.0.1:61560 - R:localhost/127.0.0.1:54288]' for 'GET' to 'http://localhost:54288/session/a7f017f2a8be028e3d7cde724d92eba4/element/60ed3e46-a888-4920-88e5-ce70145b832a/name'
20:33:57.369 [Forwarding getElementTagName on session a7f017f2a8be028e3d7cde724d92eba4 to remote] DEBUG org.asynchttpclient.netty.request.NettyRequestSender - Using open Channel [id: 0xe1a59aca, L:/127.0.0.1:61560 - R:localhost/127.0.0.1:54288] for GET '/session/a7f017f2a8be028e3d7cde724d92eba4/element/60ed3e46-a888-4920-88e5-ce70145b832a/name'
20:33:57.385 [AsyncHttpClient-1-4] DEBUG org.asynchttpclient.netty.handler.HttpHandler - 

Request DefaultFullHttpRequest(decodeResult: success, version: HTTP/1.1, content: EmptyByteBufBE)
GET /session/a7f017f2a8be028e3d7cde724d92eba4/element/60ed3e46-a888-4920-88e5-ce70145b832a/name HTTP/1.1
User-Agent: selenium/4.1.2 (java windows)
Cache-Control: no-cache
Content-Type: application/json; charset=utf-8
host: localhost:54288
accept: */*

Response DefaultHttpResponse(decodeResult: success, version: HTTP/1.1)
HTTP/1.1 200 OK
Content-Type: application/json; charset=utf-8
cache-control: no-cache
content-length: 15

20:33:57.387 [AsyncHttpClient-1-4] DEBUG org.asynchttpclient.netty.channel.ChannelManager - Adding key: http://localhost:54288 for channel [id: 0xe1a59aca, L:/127.0.0.1:61560 - R:localhost/127.0.0.1:54288]
20:33:57.389 [Forwarding getElementTagName on session a7f017f2a8be028e3d7cde724d92eba4 to remote] DEBUG org.asynchttpclient.netty.request.NettyRequestSender - Using pooled Channel '[id: 0xe1a59aca, L:/127.0.0.1:61560 - R:localhost/127.0.0.1:54288]' for 'GET' to 'http://localhost:54288/session/a7f017f2a8be028e3d7cde724d92eba4/element/60ed3e46-a888-4920-88e5-ce70145b832a/name'
20:33:57.389 [Forwarding getElementTagName on session a7f017f2a8be028e3d7cde724d92eba4 to remote] DEBUG org.asynchttpclient.netty.request.NettyRequestSender - Using open Channel [id: 0xe1a59aca, L:/127.0.0.1:61560 - R:localhost/127.0.0.1:54288] for GET '/session/a7f017f2a8be028e3d7cde724d92eba4/element/60ed3e46-a888-4920-88e5-ce70145b832a/name'
20:33:57.390 [AsyncHttpClient-1-4] DEBUG org.asynchttpclient.netty.handler.HttpHandler - 

Request DefaultFullHttpRequest(decodeResult: success, version: HTTP/1.1, content: EmptyByteBufBE)
GET /session/a7f017f2a8be028e3d7cde724d92eba4/element/60ed3e46-a888-4920-88e5-ce70145b832a/name HTTP/1.1
User-Agent: selenium/4.1.2 (java windows)
Cache-Control: no-cache
Content-Type: application/json; charset=utf-8
host: localhost:54288
accept: */*

Response DefaultHttpResponse(decodeResult: success, version: HTTP/1.1)
HTTP/1.1 200 OK
Content-Type: application/json; charset=utf-8
cache-control: no-cache
content-length: 15

20:33:57.398 [AsyncHttpClient-1-4] DEBUG org.asynchttpclient.netty.channel.ChannelManager - Adding key: http://localhost:54288 for channel [id: 0xe1a59aca, L:/127.0.0.1:61560 - R:localhost/127.0.0.1:54288]
20:33:57.398 [Forwarding findElement on session a7f017f2a8be028e3d7cde724d92eba4 to remote] DEBUG org.asynchttpclient.netty.request.NettyRequestSender - Using pooled Channel '[id: 0xe1a59aca, L:/127.0.0.1:61560 - R:localhost/127.0.0.1:54288]' for 'POST' to 'http://localhost:54288/session/a7f017f2a8be028e3d7cde724d92eba4/element'
20:33:57.398 [Forwarding findElement on session a7f017f2a8be028e3d7cde724d92eba4 to remote] DEBUG org.asynchttpclient.netty.request.NettyRequestSender - Using open Channel [id: 0xe1a59aca, L:/127.0.0.1:61560 - R:localhost/127.0.0.1:54288] for POST '/session/a7f017f2a8be028e3d7cde724d92eba4/element'
20:33:57.414 [AsyncHttpClient-1-4] DEBUG org.asynchttpclient.netty.handler.HttpHandler - 

Request DefaultHttpRequest(decodeResult: success, version: HTTP/1.1)
POST /session/a7f017f2a8be028e3d7cde724d92eba4/element HTTP/1.1
User-Agent: selenium/4.1.2 (java windows)
Content-Length: 92
Content-Type: application/json; charset=utf-8
host: localhost:54288
accept: */*

Response DefaultHttpResponse(decodeResult: success, version: HTTP/1.1)
HTTP/1.1 200 OK
Content-Type: application/json; charset=utf-8
cache-control: no-cache
content-length: 88

20:33:57.414 [AsyncHttpClient-1-4] DEBUG org.asynchttpclient.netty.channel.ChannelManager - Adding key: http://localhost:54288 for channel [id: 0xe1a59aca, L:/127.0.0.1:61560 - R:localhost/127.0.0.1:54288]
20:33:57.422 [Forwarding clickElement on session a7f017f2a8be028e3d7cde724d92eba4 to remote] DEBUG org.asynchttpclient.netty.request.NettyRequestSender - Using pooled Channel '[id: 0xe1a59aca, L:/127.0.0.1:61560 - R:localhost/127.0.0.1:54288]' for 'POST' to 'http://localhost:54288/session/a7f017f2a8be028e3d7cde724d92eba4/element/60ed3e46-a888-4920-88e5-ce70145b832a/click'
20:33:57.422 [Forwarding clickElement on session a7f017f2a8be028e3d7cde724d92eba4 to remote] DEBUG org.asynchttpclient.netty.request.NettyRequestSender - Using open Channel [id: 0xe1a59aca, L:/127.0.0.1:61560 - R:localhost/127.0.0.1:54288] for POST '/session/a7f017f2a8be028e3d7cde724d92eba4/element/60ed3e46-a888-4920-88e5-ce70145b832a/click'
20:33:57.518 [AsyncHttpClient-1-4] DEBUG org.asynchttpclient.netty.handler.HttpHandler - 

Request DefaultHttpRequest(decodeResult: success, version: HTTP/1.1)
POST /session/a7f017f2a8be028e3d7cde724d92eba4/element/60ed3e46-a888-4920-88e5-ce70145b832a/click HTTP/1.1
User-Agent: selenium/4.1.2 (java windows)
Content-Length: 50
Content-Type: application/json; charset=utf-8
host: localhost:54288
accept: */*

Response DefaultHttpResponse(decodeResult: success, version: HTTP/1.1)
HTTP/1.1 200 OK
Content-Type: application/json; charset=utf-8
cache-control: no-cache
content-length: 14

20:33:57.518 [AsyncHttpClient-1-4] DEBUG org.asynchttpclient.netty.channel.ChannelManager - Adding key: http://localhost:54288 for channel [id: 0xe1a59aca, L:/127.0.0.1:61560 - R:localhost/127.0.0.1:54288]
20:33:57.542 [Forwarding screenshot on session a7f017f2a8be028e3d7cde724d92eba4 to remote] DEBUG org.asynchttpclient.netty.request.NettyRequestSender - Using pooled Channel '[id: 0xe1a59aca, L:/127.0.0.1:61560 - R:localhost/127.0.0.1:54288]' for 'GET' to 'http://localhost:54288/session/a7f017f2a8be028e3d7cde724d92eba4/screenshot'
20:33:57.542 [Forwarding screenshot on session a7f017f2a8be028e3d7cde724d92eba4 to remote] DEBUG org.asynchttpclient.netty.request.NettyRequestSender - Using open Channel [id: 0xe1a59aca, L:/127.0.0.1:61560 - R:localhost/127.0.0.1:54288] for GET '/session/a7f017f2a8be028e3d7cde724d92eba4/screenshot'
20:33:57.566 [AsyncHttpClient-1-4] DEBUG org.asynchttpclient.netty.handler.HttpHandler - 

Request DefaultFullHttpRequest(decodeResult: success, version: HTTP/1.1, content: EmptyByteBufBE)
GET /session/a7f017f2a8be028e3d7cde724d92eba4/screenshot HTTP/1.1
User-Agent: selenium/4.1.2 (java windows)
Cache-Control: no-cache
Content-Type: application/json; charset=utf-8
host: localhost:54288
accept: */*

Response DefaultHttpResponse(decodeResult: success, version: HTTP/1.1)
HTTP/1.1 500 Internal Server Error
Content-Type: application/json; charset=utf-8
cache-control: no-cache
content-length: 919

20:33:57.566 [AsyncHttpClient-1-4] DEBUG org.asynchttpclient.netty.channel.ChannelManager - Adding key: http://localhost:54288 for channel [id: 0xe1a59aca, L:/127.0.0.1:61560 - R:localhost/127.0.0.1:54288]
20:33:57.566 [main] WARN net.thucydides.core.webdriver.WebDriverFacade - Failed to take screenshot (unexpected alert open: {Alert text : Anda yakin untuk menghapus data?}
  (Session info: chrome=102.0.5005.115): Anda yakin untuk menghapus data?
Build info: version: '4.1.2', revision: '9a5a329c5a'
System info: host: 'MOOK-HON', ip: '192.168.100.6', os.name: 'Windows 10', os.arch: 'amd64', os.version: '10.0', java.version: '11.0.14'
Driver info: org.openqa.selenium.chrome.ChromeDriver
Command: [a7f017f2a8be028e3d7cde724d92eba4, screenshot {}]
Capabilities {acceptInsecureCerts: false, browserName: chrome, browserVersion: 102.0.5005.115, chrome: {chromedriverVersion: 102.0.5005.61 (0e59bcc00cc4..., userDataDir: C:\Users\ASUS\AppData\Local...}, goog:chromeOptions: {debuggerAddress: localhost:61563}, javascriptEnabled: true, networkConnectionEnabled: false, pageLoadStrategy: normal, platform: WINDOWS, platformName: WINDOWS, proxy: Proxy(), se:cdp: ws://localhost:61563/devtoo..., se:cdpVersion: 102.0.5005.115, setWindowRect: true, strictFileInteractability: false, timeouts: {implicit: 0, pageLoad: 300000, script: 30000}, unhandledPromptBehavior: dismiss and notify, webauthn:extension:credBlob: true, webauthn:extension:largeBlob: true, webauthn:virtualAuthenticators: true}
Session ID: a7f017f2a8be028e3d7cde724d92eba4)
20:33:57.566 [main] DEBUG net.thucydides.core.steps.StepInterceptor - STEP DONE: clickButtonSampah
  &amp#27;[32mWhen &amp#27;[0m&amp#27;[32mClick Delete dokter data&amp#27;[0m                   &amp#27;[90m# starter.stepdefinitios.DokterDataSteps.clickDeleteDokterData()&amp#27;[0m
20:33:57.582 [Forwarding screenshot on session a7f017f2a8be028e3d7cde724d92eba4 to remote] DEBUG org.asynchttpclient.netty.request.NettyRequestSender - Using pooled Channel '[id: 0xe1a59aca, L:/127.0.0.1:61560 - R:localhost/127.0.0.1:54288]' for 'GET' to 'http://localhost:54288/session/a7f017f2a8be028e3d7cde724d92eba4/screenshot'
20:33:57.582 [Forwarding screenshot on session a7f017f2a8be028e3d7cde724d92eba4 to remote] DEBUG org.asynchttpclient.netty.request.NettyRequestSender - Using open Channel [id: 0xe1a59aca, L:/127.0.0.1:61560 - R:localhost/127.0.0.1:54288] for GET '/session/a7f017f2a8be028e3d7cde724d92eba4/screenshot'
20:33:57.908 [AsyncHttpClient-1-4] DEBUG org.asynchttpclient.netty.handler.HttpHandler - 

Request DefaultFullHttpRequest(decodeResult: success, version: HTTP/1.1, content: EmptyByteBufBE)
GET /session/a7f017f2a8be028e3d7cde724d92eba4/screenshot HTTP/1.1
User-Agent: selenium/4.1.2 (java windows)
Cache-Control: no-cache
Content-Type: application/json; charset=utf-8
host: localhost:54288
accept: */*

Response DefaultHttpResponse(decodeResult: success, version: HTTP/1.1)
HTTP/1.1 200 OK
Content-Type: application/json; charset=utf-8
cache-control: no-cache
content-length: 93192

20:33:57.908 [AsyncHttpClient-1-4] DEBUG org.asynchttpclient.netty.channel.ChannelManager - Adding key: http://localhost:54288 for channel [id: 0xe1a59aca, L:/127.0.0.1:61560 - R:localhost/127.0.0.1:54288]
20:33:57.916 [main] DEBUG net.serenitybdd.core.photography.Darkroom - Send negative for processing for target\site\serenity\20404971cc4c36afcdc39d8b8fcbc7c9870d0cd11463ecdd1f800c94af5dec79.png
20:33:57.916 [Darkroom Processing Line] DEBUG net.serenitybdd.core.photography.DarkroomProcessingLine - Processing screenshot image in /var/screenshots/screenshot-12700171122184478682
20:33:57.916 [Darkroom Processing Line] DEBUG net.serenitybdd.core.photography.DarkroomProcessingLine - Saving screenshot to target\site\serenity\20404971cc4c36afcdc39d8b8fcbc7c9870d0cd11463ecdd1f800c94af5dec79.png
20:33:58.293 [AsyncHttpClient-1-1] DEBUG org.asynchttpclient.netty.channel.DefaultChannelPool - Entry count for : http://localhost:54288 : 1
20:33:58.293 [AsyncHttpClient-1-1] DEBUG org.asynchttpclient.netty.channel.DefaultChannelPool - Entry count for : http://localhost:61563 : 1
20:33:58.443 [Forwarding screenshot on session a7f017f2a8be028e3d7cde724d92eba4 to remote] DEBUG org.asynchttpclient.netty.request.NettyRequestSender - Using pooled Channel '[id: 0xe1a59aca, L:/127.0.0.1:61560 - R:localhost/127.0.0.1:54288]' for 'GET' to 'http://localhost:54288/session/a7f017f2a8be028e3d7cde724d92eba4/screenshot'
20:33:58.443 [Forwarding screenshot on session a7f017f2a8be028e3d7cde724d92eba4 to remote] DEBUG org.asynchttpclient.netty.request.NettyRequestSender - Using open Channel [id: 0xe1a59aca, L:/127.0.0.1:61560 - R:localhost/127.0.0.1:54288] for GET '/session/a7f017f2a8be028e3d7cde724d92eba4/screenshot'
20:33:58.624 [AsyncHttpClient-1-4] DEBUG org.asynchttpclient.netty.handler.HttpHandler - 

Request DefaultFullHttpRequest(decodeResult: success, version: HTTP/1.1, content: EmptyByteBufBE)
GET /session/a7f017f2a8be028e3d7cde724d92eba4/screenshot HTTP/1.1
User-Agent: selenium/4.1.2 (java windows)
Cache-Control: no-cache
Content-Type: application/json; charset=utf-8
host: localhost:54288
accept: */*

Response DefaultHttpResponse(decodeResult: success, version: HTTP/1.1)
HTTP/1.1 200 OK
Content-Type: application/json; charset=utf-8
cache-control: no-cache
content-length: 93196

20:33:58.624 [AsyncHttpClient-1-4] DEBUG org.asynchttpclient.netty.channel.ChannelManager - Adding key: http://localhost:54288 for channel [id: 0xe1a59aca, L:/127.0.0.1:61560 - R:localhost/127.0.0.1:54288]
20:33:58.640 [main] DEBUG net.serenitybdd.core.photography.Darkroom - Send negative for processing for target\site\serenity\3b3efaa57fe4d51f7d335b4367274d240025107e757fad766e23b091a31063d8.png
20:33:58.640 [main] DEBUG net.thucydides.core.steps.StepInterceptor - STARTING STEP: DokterDataSteps.validDataDeleteDokter - validPagePasien
20:33:58.640 [Darkroom Processing Line] DEBUG net.serenitybdd.core.photography.DarkroomProcessingLine - Processing screenshot image in /var/screenshots/screenshot-16370354421979532290
20:33:58.640 [Darkroom Processing Line] DEBUG net.serenitybdd.core.photography.DarkroomProcessingLine - Saving screenshot to target\site\serenity\3b3efaa57fe4d51f7d335b4367274d240025107e757fad766e23b091a31063d8.png
20:33:58.648 [Forwarding findElement on session a7f017f2a8be028e3d7cde724d92eba4 to remote] DEBUG org.asynchttpclient.netty.request.NettyRequestSender - Using pooled Channel '[id: 0xe1a59aca, L:/127.0.0.1:61560 - R:localhost/127.0.0.1:54288]' for 'POST' to 'http://localhost:54288/session/a7f017f2a8be028e3d7cde724d92eba4/element'
20:33:58.648 [Forwarding findElement on session a7f017f2a8be028e3d7cde724d92eba4 to remote] DEBUG org.asynchttpclient.netty.request.NettyRequestSender - Using open Channel [id: 0xe1a59aca, L:/127.0.0.1:61560 - R:localhost/127.0.0.1:54288] for POST '/session/a7f017f2a8be028e3d7cde724d92eba4/element'
20:33:58.672 [AsyncHttpClient-1-4] DEBUG org.asynchttpclient.netty.handler.HttpHandler - 

Request DefaultHttpRequest(decodeResult: success, version: HTTP/1.1)
POST /session/a7f017f2a8be028e3d7cde724d92eba4/element HTTP/1.1
User-Agent: selenium/4.1.2 (java windows)
Content-Length: 126
Content-Type: application/json; charset=utf-8
host: localhost:54288
accept: */*

Response DefaultHttpResponse(decodeResult: success, version: HTTP/1.1)
HTTP/1.1 200 OK
Content-Type: application/json; charset=utf-8
cache-control: no-cache
content-length: 88

20:33:58.672 [AsyncHttpClient-1-4] DEBUG org.asynchttpclient.netty.channel.ChannelManager - Adding key: http://localhost:54288 for channel [id: 0xe1a59aca, L:/127.0.0.1:61560 - R:localhost/127.0.0.1:54288]
20:33:58.680 [Forwarding isElementEnabled on session a7f017f2a8be028e3d7cde724d92eba4 to remote] DEBUG org.asynchttpclient.netty.request.NettyRequestSender - Using pooled Channel '[id: 0xe1a59aca, L:/127.0.0.1:61560 - R:localhost/127.0.0.1:54288]' for 'GET' to 'http://localhost:54288/session/a7f017f2a8be028e3d7cde724d92eba4/element/051c1a9b-5576-4211-adac-4dde6bb4af3b/enabled'
20:33:58.680 [Forwarding isElementEnabled on session a7f017f2a8be028e3d7cde724d92eba4 to remote] DEBUG org.asynchttpclient.netty.request.NettyRequestSender - Using open Channel [id: 0xe1a59aca, L:/127.0.0.1:61560 - R:localhost/127.0.0.1:54288] for GET '/session/a7f017f2a8be028e3d7cde724d92eba4/element/051c1a9b-5576-4211-adac-4dde6bb4af3b/enabled'
20:33:58.720 [AsyncHttpClient-1-4] DEBUG org.asynchttpclient.netty.handler.HttpHandler - 

Request DefaultFullHttpRequest(decodeResult: success, version: HTTP/1.1, content: EmptyByteBufBE)
GET /session/a7f017f2a8be028e3d7cde724d92eba4/element/051c1a9b-5576-4211-adac-4dde6bb4af3b/enabled HTTP/1.1
User-Agent: selenium/4.1.2 (java windows)
Cache-Control: no-cache
Content-Type: application/json; charset=utf-8
host: localhost:54288
accept: */*

Response DefaultHttpResponse(decodeResult: success, version: HTTP/1.1)
HTTP/1.1 200 OK
Content-Type: application/json; charset=utf-8
cache-control: no-cache
content-length: 14

20:33:58.720 [AsyncHttpClient-1-4] DEBUG org.asynchttpclient.netty.channel.ChannelManager - Adding key: http://localhost:54288 for channel [id: 0xe1a59aca, L:/127.0.0.1:61560 - R:localhost/127.0.0.1:54288]
20:33:58.728 [Forwarding screenshot on session a7f017f2a8be028e3d7cde724d92eba4 to remote] DEBUG org.asynchttpclient.netty.request.NettyRequestSender - Using pooled Channel '[id: 0xe1a59aca, L:/127.0.0.1:61560 - R:localhost/127.0.0.1:54288]' for 'GET' to 'http://localhost:54288/session/a7f017f2a8be028e3d7cde724d92eba4/screenshot'
20:33:58.728 [Forwarding screenshot on session a7f017f2a8be028e3d7cde724d92eba4 to remote] DEBUG org.asynchttpclient.netty.request.NettyRequestSender - Using open Channel [id: 0xe1a59aca, L:/127.0.0.1:61560 - R:localhost/127.0.0.1:54288] for GET '/session/a7f017f2a8be028e3d7cde724d92eba4/screenshot'
20:33:58.945 [AsyncHttpClient-1-4] DEBUG org.asynchttpclient.netty.handler.HttpHandler - 

Request DefaultFullHttpRequest(decodeResult: success, version: HTTP/1.1, content: EmptyByteBufBE)
GET /session/a7f017f2a8be028e3d7cde724d92eba4/screenshot HTTP/1.1
User-Agent: selenium/4.1.2 (java windows)
Cache-Control: no-cache
Content-Type: application/json; charset=utf-8
host: localhost:54288
accept: */*

Response DefaultHttpResponse(decodeResult: success, version: HTTP/1.1)
HTTP/1.1 200 OK
Content-Type: application/json; charset=utf-8
cache-control: no-cache
content-length: 93196

20:33:58.945 [AsyncHttpClient-1-4] DEBUG org.asynchttpclient.netty.channel.ChannelManager - Adding key: http://localhost:54288 for channel [id: 0xe1a59aca, L:/127.0.0.1:61560 - R:localhost/127.0.0.1:54288]
20:33:58.953 [main] DEBUG net.serenitybdd.core.photography.Darkroom - Send negative for processing for target\site\serenity\3b3efaa57fe4d51f7d335b4367274d240025107e757fad766e23b091a31063d8.png
20:33:58.953 [main] DEBUG net.thucydides.core.steps.StepInterceptor - STEP DONE: validPagePasien
  &amp#27;[32mThen &amp#27;[0m&amp#27;[32mValid data delete dokter&amp#27;[0m                   &amp#27;[90m# starter.stepdefinitios.DokterDataSteps.validDataDeleteDokter()&amp#27;[0m
20:33:58.969 [main] INFO  - 
  _____   ___   ___   _____     ___     _     ___   ___   ___   ___  
 |_   _| | __| / __| |_   _|   | _ \   /_\   / __| / __| | __| |   \ 
   | |   | _|  \__ \   | |     |  _/  / _ \  \__ \ \__ \ | _|  | |) |
   |_|   |___| |___/   |_|     |_|   /_/ \_\ |___/ |___/ |___| |___/ 

As a admin i want to delete data dokter
----------------------------------------------------------------------
20:33:58.969 [AsyncHttpClient-1-6] DEBUG org.asynchttpclient.netty.handler.WebSocketHandler - Channel Closed: [id: 0x3804df89, L:/127.0.0.1:61578 ! R:localhost/127.0.0.1:61563] with attribute NettyResponseFuture{currentRetry=5,
	isDone=1,
	isCancelled=0,
	asyncHandler=org.asynchttpclient.ws.WebSocketUpgradeHandler@58ab4060,
	nettyRequest=org.asynchttpclient.netty.request.NettyRequest@722c1d4d,
	future=java.util.concurrent.CompletableFuture@647af1b5[Completed normally],
	uri=ws://localhost:61563/devtools/browser/82b5892c-c68c-4a21-a915-e3df566b93e6,
	keepAlive=true,
	redirectCount=0,
	timeoutsHolder=null,
	inAuth=0,
	touch=1655991234362}
20:33:58.969 [AsyncHttpClient-1-6] DEBUG org.asynchttpclient.netty.channel.ChannelManager - Closing Channel [id: 0x3804df89, L:/127.0.0.1:61578 ! R:localhost/127.0.0.1:61563] 
20:33:58.969 [Driver Command Executor] DEBUG org.asynchttpclient.netty.request.NettyRequestSender - Using pooled Channel '[id: 0xe1a59aca, L:/127.0.0.1:61560 - R:localhost/127.0.0.1:54288]' for 'DELETE' to 'http://localhost:54288/session/a7f017f2a8be028e3d7cde724d92eba4'
20:33:58.977 [Driver Command Executor] DEBUG org.asynchttpclient.netty.request.NettyRequestSender - Using open Channel [id: 0xe1a59aca, L:/127.0.0.1:61560 - R:localhost/127.0.0.1:54288] for DELETE '/session/a7f017f2a8be028e3d7cde724d92eba4'
20:33:59.249 [AsyncHttpClient-1-5] DEBUG org.asynchttpclient.netty.handler.HttpHandler - Unexpected I/O exception on channel [id: 0xa5c0851c, L:/127.0.0.1:61577 - R:localhost/127.0.0.1:61563]
java.io.IOException: An existing connection was forcibly closed by the remote host
	at java.base/sun.nio.ch.SocketDispatcher.read0(Native Method)
	at java.base/sun.nio.ch.SocketDispatcher.read(SocketDispatcher.java:43)
	at java.base/sun.nio.ch.IOUtil.readIntoNativeBuffer(IOUtil.java:276)
	at java.base/sun.nio.ch.IOUtil.read(IOUtil.java:233)
	at java.base/sun.nio.ch.IOUtil.read(IOUtil.java:223)
	at java.base/sun.nio.ch.SocketChannelImpl.read(SocketChannelImpl.java:358)
	at io.netty.buffer.PooledByteBuf.setBytes(PooledByteBuf.java:258)
	at io.netty.buffer.AbstractByteBuf.writeBytes(AbstractByteBuf.java:1132)
	at io.netty.channel.socket.nio.NioSocketChannel.doReadBytes(NioSocketChannel.java:350)
	at io.netty.channel.nio.AbstractNioByteChannel$NioByteUnsafe.read(AbstractNioByteChannel.java:151)
	at io.netty.channel.nio.NioEventLoop.processSelectedKey(NioEventLoop.java:722)
	at io.netty.channel.nio.NioEventLoop.processSelectedKeysOptimized(NioEventLoop.java:658)
	at io.netty.channel.nio.NioEventLoop.processSelectedKeys(NioEventLoop.java:584)
	at io.netty.channel.nio.NioEventLoop.run(NioEventLoop.java:496)
	at io.netty.util.concurrent.SingleThreadEventExecutor$4.run(SingleThreadEventExecutor.java:986)
	at io.netty.util.internal.ThreadExecutorMap$2.run(ThreadExecutorMap.java:74)
	at io.netty.util.concurrent.FastThreadLocalRunnable.run(FastThreadLocalRunnable.java:30)
	at java.base/java.lang.Thread.run(Thread.java:834)
20:33:59.249 [AsyncHttpClient-1-5] DEBUG org.asynchttpclient.netty.channel.ChannelManager - Closing Channel [id: 0xa5c0851c, L:/127.0.0.1:61577 - R:localhost/127.0.0.1:61563] 
20:33:59.249 [AsyncHttpClient-1-5] DEBUG org.asynchttpclient.netty.handler.HttpHandler - Channel Closed: [id: 0xa5c0851c, L:/127.0.0.1:61577 ! R:localhost/127.0.0.1:61563] with attribute DISCARD
20:33:59.281 [AsyncHttpClient-1-4] DEBUG org.asynchttpclient.netty.handler.HttpHandler - 

Request DefaultFullHttpRequest(decodeResult: success, version: HTTP/1.1, content: EmptyByteBufBE)
DELETE /session/a7f017f2a8be028e3d7cde724d92eba4 HTTP/1.1
User-Agent: selenium/4.1.2 (java windows)
Content-Type: application/json; charset=utf-8
host: localhost:54288
accept: */*

Response DefaultHttpResponse(decodeResult: success, version: HTTP/1.1)
HTTP/1.1 200 OK
Content-Type: application/json; charset=utf-8
cache-control: no-cache
content-length: 14

20:33:59.281 [AsyncHttpClient-1-4] DEBUG org.asynchttpclient.netty.channel.ChannelManager - Adding key: http://localhost:54288 for channel [id: 0xe1a59aca, L:/127.0.0.1:61560 - R:localhost/127.0.0.1:54288]
20:33:59.389 [AsyncHttpClient-1-1] DEBUG org.asynchttpclient.netty.channel.DefaultChannelPool - Entry count for : http://localhost:54288 : 1
20:33:59.389 [AsyncHttpClient-1-1] DEBUG org.asynchttpclient.netty.channel.DefaultChannelPool - Entry count for : http://localhost:61563 : 1
20:33:59.389 [AsyncHttpClient-1-1] DEBUG org.asynchttpclient.netty.channel.DefaultChannelPool - Adding Candidate expired Channel [id: 0xa5c0851c, L:/127.0.0.1:61577 ! R:localhost/127.0.0.1:61563] isIdleTimeoutExpired=false isRemotelyClosed=true isTtlExpired=false
20:33:59.389 [AsyncHttpClient-1-1] DEBUG org.asynchttpclient.netty.channel.DefaultChannelPool - Closing Idle Channel [id: 0xa5c0851c, L:/127.0.0.1:61577 ! R:localhost/127.0.0.1:61563]
20:33:59.389 [AsyncHttpClient-1-1] DEBUG org.asynchttpclient.netty.channel.DefaultChannelPool - Closed 1 connections out of 2 in 0 ms
20:33:59.597 [AsyncHttpClient-1-4] DEBUG org.asynchttpclient.netty.handler.HttpHandler - Channel Closed: [id: 0xe1a59aca, L:/127.0.0.1:61560 ! R:localhost/127.0.0.1:54288] with attribute DISCARD
]]></system-out>
    <system-err><![CDATA[Starting ChromeDriver 102.0.5005.61 (0e59bcc00cc4985ce39ad31c150065f159d95ad3-refs/branch-heads/5005@{#819}) on port 54288
Only local connections are allowed.
Please see https://chromedriver.chromium.org/security-considerations for suggestions on keeping ChromeDriver safe.
ChromeDriver was started successfully.
Jun 23, 2022 8:33:54 PM org.openqa.selenium.remote.ProtocolHandshake createSession
INFO: Detected dialect: W3C
Jun 23, 2022 8:33:54 PM org.openqa.selenium.devtools.CdpVersionFinder findNearestMatch
WARNING: Unable to find an exact match for CDP version 102, so returning the closest version found: a no-op implementation
Jun 23, 2022 8:33:54 PM org.openqa.selenium.devtools.CdpVersionFinder findNearestMatch
INFO: Unable to find CDP implementation matching 102.
Jun 23, 2022 8:33:54 PM org.openqa.selenium.chromium.ChromiumDriver lambda$new$3
WARNING: Unable to find version of CDP to use for . You may need to include a dependency on a specific version of the CDP using something similar to `org.seleniumhq.selenium:selenium-devtools-v86:4.1.2` where the version ("v86") matches the version of the chromium-based browser you're using and the version number of the artifact is the same as Selenium's.
]]></system-err>
  </testcase>
  <testcase name="As a admin i want to delete data pasien" classname="Delete Data Pasien - Admin" time="14.037">
    <system-out><![CDATA[20:34:00.125 [main] INFO io.cucumber.core.plugin.SerenityReporter - Running feature from file:///D:/Kel-1-capstone/TestingWeb/src/test/resources/features/DeleteDataPasien.feature
20:34:00.141 [main] DEBUG net.thucydides.core.steps.StepEventBus - Test suite started for story net.thucydides.core.model.Story@2eef629a
20:34:00.141 [main] INFO  - Test Suite Started: Delete Data Pasien - Admin

@DeletePatientData
Scenario: As a admin i want to delete data pasien &amp#27;[90m# src/test/resources/features/DeleteDataPasien.feature:4&amp#27;[0m
20:34:00.165 [main] INFO io.cucumber.core.plugin.SerenityReporter - Running feature from file:///D:/Kel-1-capstone/TestingWeb/src/test/resources/features/DeleteDataPasien.feature
20:34:00.173 [main] INFO  - 
  _____   ___   ___   _____     ___   _____     _     ___   _____   ___   ___  
 |_   _| | __| / __| |_   _|   / __| |_   _|   /_\   | _ \ |_   _| | __| |   \ 
   | |   | _|  \__ \   | |     \__ \   | |    / _ \  |   /   | |   | _|  | |) |
   |_|   |___| |___/   |_|     |___/   |_|   /_/ \_\ |_|_\   |_|   |___| |___/ 

As a admin i want to delete data pasien(delete-data-pasien---admin;as-a-admin-i-want-to-delete-data-pasien)
--------------------------------------------------------------------------------
20:34:00.261 [main] DEBUG net.thucydides.core.steps.StepInterceptor - STARTING STEP: PatientDataSteps.openPageDataPasien - openDataPasien
20:34:00.269 [main] INFO net.serenitybdd.core.webdriver.driverproviders.ChromeDriverProvider - Using automatically driver download
20:34:00.493 [AsyncHttpClient-1-1] DEBUG org.asynchttpclient.netty.channel.DefaultChannelPool - Entry count for : http://localhost:54288 : 1
20:34:00.493 [AsyncHttpClient-1-1] DEBUG org.asynchttpclient.netty.channel.DefaultChannelPool - Adding Candidate expired Channel [id: 0xe1a59aca, L:/127.0.0.1:61560 ! R:localhost/127.0.0.1:54288] isIdleTimeoutExpired=false isRemotelyClosed=true isTtlExpired=false
20:34:00.493 [AsyncHttpClient-1-1] DEBUG org.asynchttpclient.netty.channel.DefaultChannelPool - Closing Idle Channel [id: 0xe1a59aca, L:/127.0.0.1:61560 ! R:localhost/127.0.0.1:54288]
20:34:00.493 [AsyncHttpClient-1-1] DEBUG org.asynchttpclient.netty.channel.DefaultChannelPool - Closed 1 connections out of 1 in 0 ms
20:34:00.669 [main] DEBUG io.github.bonigarcia.wdm.cache.ResolutionCache - Resolution chrome=102 in cache (valid until 21:04:30 23/06/2022 ICT)
20:34:00.690 [main] DEBUG io.github.bonigarcia.wdm.cache.ResolutionCache - Resolution chrome102=102.0.5005.61 in cache (valid until 20:04:30 24/06/2022 ICT)
20:34:00.703 [main] INFO io.github.bonigarcia.wdm.WebDriverManager - Using chromedriver 102.0.5005.61 (resolved driver for Chrome 102)
20:34:00.753 [main] DEBUG io.github.bonigarcia.wdm.WebDriverManager - Driver chromedriver 102.0.5005.61 found in cache
20:34:00.755 [main] INFO io.github.bonigarcia.wdm.WebDriverManager - Exporting webdriver.chrome.driver as C:\Users\ASUS\.cache\selenium\chromedriver\win32\102.0.5005.61\chromedriver.exe
20:34:01.010 [main] DEBUG net.serenitybdd.core.webdriver.driverproviders.ProvideNewDriver - Instantiating driver
20:34:01.010 [main] DEBUG net.serenitybdd.core.webdriver.driverproviders.ProvideNewDriver - Driver capabilities: Capabilities {acceptInsecureCerts: false, base.url: https://fanciful-trifle-360..., browserName: chrome, chorme.driver: src/test/resources/webdrive..., driver: chrome, goog:chromeOptions: {args: [], extensions: []}}
20:34:01.594 [AsyncHttpClient-1-7] DEBUG org.asynchttpclient.netty.channel.NettyConnectListener - Using new Channel '[id: 0x091c1a58, L:/127.0.0.1:61595 - R:localhost/127.0.0.1:61712]' for 'POST' to '/session'
20:34:04.305 [AsyncHttpClient-1-7] DEBUG org.asynchttpclient.netty.handler.HttpHandler - 

Request DefaultHttpRequest(decodeResult: success, version: HTTP/1.1)
POST /session HTTP/1.1
User-Agent: selenium/4.1.2 (java windows)
Content-Length: 629
Content-Type: application/json; charset=utf-8
host: localhost:61712
accept: */*

Response DefaultHttpResponse(decodeResult: success, version: HTTP/1.1)
HTTP/1.1 200 OK
Content-Type: application/json; charset=utf-8
cache-control: no-cache
content-length: 788

20:34:04.305 [AsyncHttpClient-1-7] DEBUG org.asynchttpclient.netty.channel.ChannelManager - Adding key: http://localhost:61712 for channel [id: 0x091c1a58, L:/127.0.0.1:61595 - R:localhost/127.0.0.1:61712]
20:34:04.377 [AsyncHttpClient-1-8] DEBUG org.asynchttpclient.netty.channel.NettyConnectListener - Using new Channel '[id: 0xd0b68749, L:/127.0.0.1:61608 - R:localhost/127.0.0.1:61597]' for 'GET' to '/json/version'
20:34:04.377 [AsyncHttpClient-1-8] DEBUG org.asynchttpclient.netty.handler.HttpHandler - 

Request DefaultFullHttpRequest(decodeResult: success, version: HTTP/1.1, content: EmptyByteBufBE)
GET /json/version HTTP/1.1
User-Agent: selenium/4.1.2 (java windows)
host: localhost:61597
accept: */*

Response DefaultHttpResponse(decodeResult: success, version: HTTP/1.1)
HTTP/1.1 200 OK
Content-Type: application/json; charset=UTF-8
content-length: 428

20:34:04.377 [AsyncHttpClient-1-8] DEBUG org.asynchttpclient.netty.channel.ChannelManager - Adding key: http://localhost:61597 for channel [id: 0xd0b68749, L:/127.0.0.1:61608 - R:localhost/127.0.0.1:61597]
20:34:04.393 [AsyncHttpClient-1-9] DEBUG org.asynchttpclient.netty.channel.NettyConnectListener - Using new Channel '[id: 0x34266c9e, L:/127.0.0.1:61609 - R:localhost/127.0.0.1:61597]' for 'GET' to '/devtools/browser/efa89cc4-2c2a-4403-b590-b8d8f7f78a1f'
20:34:04.393 [AsyncHttpClient-1-9] DEBUG org.asynchttpclient.netty.handler.WebSocketHandler - 

Request DefaultFullHttpRequest(decodeResult: success, version: HTTP/1.1, content: EmptyByteBufBE)
GET /devtools/browser/efa89cc4-2c2a-4403-b590-b8d8f7f78a1f HTTP/1.1
upgrade: websocket
connection: upgrade
sec-websocket-key: eCnJgTmajsz8LBIEcS6ksQ==
sec-websocket-version: 13
origin: http://localhost:61597
host: localhost:61597
accept: */*
user-agent: AHC/2.1

Response DefaultHttpResponse(decodeResult: success, version: HTTP/1.1)
HTTP/1.1 101 WebSocket Protocol Handshake
Upgrade: WebSocket
Connection: Upgrade
Sec-WebSocket-Accept: lZcW0MTR67Gx5zMjH9wVWrCWzY0=

20:34:04.433 [Forwarding get on session 46076df38a3a726b144dccf64b37ce20 to remote] DEBUG org.asynchttpclient.netty.request.NettyRequestSender - Using pooled Channel '[id: 0x091c1a58, L:/127.0.0.1:61595 - R:localhost/127.0.0.1:61712]' for 'POST' to 'http://localhost:61712/session/46076df38a3a726b144dccf64b37ce20/url'
20:34:04.433 [Forwarding get on session 46076df38a3a726b144dccf64b37ce20 to remote] DEBUG org.asynchttpclient.netty.request.NettyRequestSender - Using open Channel [id: 0x091c1a58, L:/127.0.0.1:61595 - R:localhost/127.0.0.1:61712] for POST '/session/46076df38a3a726b144dccf64b37ce20/url'
20:34:04.901 [AsyncHttpClient-1-1] DEBUG org.asynchttpclient.netty.channel.DefaultChannelPool - Entry count for : http://localhost:61597 : 1
20:34:06.021 [AsyncHttpClient-1-1] DEBUG org.asynchttpclient.netty.channel.DefaultChannelPool - Entry count for : http://localhost:61597 : 1
20:34:06.950 [AsyncHttpClient-1-7] DEBUG org.asynchttpclient.netty.handler.HttpHandler - 

Request DefaultHttpRequest(decodeResult: success, version: HTTP/1.1)
POST /session/46076df38a3a726b144dccf64b37ce20/url HTTP/1.1
User-Agent: selenium/4.1.2 (java windows)
Content-Length: 84
Content-Type: application/json; charset=utf-8
host: localhost:61712
accept: */*

Response DefaultHttpResponse(decodeResult: success, version: HTTP/1.1)
HTTP/1.1 200 OK
Content-Type: application/json; charset=utf-8
cache-control: no-cache
content-length: 14

20:34:06.950 [AsyncHttpClient-1-7] DEBUG org.asynchttpclient.netty.channel.ChannelManager - Adding key: http://localhost:61712 for channel [id: 0x091c1a58, L:/127.0.0.1:61595 - R:localhost/127.0.0.1:61712]
20:34:06.950 [Forwarding setTimeout on session 46076df38a3a726b144dccf64b37ce20 to remote] DEBUG org.asynchttpclient.netty.request.NettyRequestSender - Using pooled Channel '[id: 0x091c1a58, L:/127.0.0.1:61595 - R:localhost/127.0.0.1:61712]' for 'POST' to 'http://localhost:61712/session/46076df38a3a726b144dccf64b37ce20/timeouts'
20:34:06.950 [Forwarding setTimeout on session 46076df38a3a726b144dccf64b37ce20 to remote] DEBUG org.asynchttpclient.netty.request.NettyRequestSender - Using open Channel [id: 0x091c1a58, L:/127.0.0.1:61595 - R:localhost/127.0.0.1:61712] for POST '/session/46076df38a3a726b144dccf64b37ce20/timeouts'
20:34:06.958 [AsyncHttpClient-1-7] DEBUG org.asynchttpclient.netty.handler.HttpHandler - 

Request DefaultHttpRequest(decodeResult: success, version: HTTP/1.1)
POST /session/46076df38a3a726b144dccf64b37ce20/timeouts HTTP/1.1
User-Agent: selenium/4.1.2 (java windows)
Content-Length: 22
Content-Type: application/json; charset=utf-8
host: localhost:61712
accept: */*

Response DefaultHttpResponse(decodeResult: success, version: HTTP/1.1)
HTTP/1.1 200 OK
Content-Type: application/json; charset=utf-8
cache-control: no-cache
content-length: 14

20:34:06.958 [AsyncHttpClient-1-7] DEBUG org.asynchttpclient.netty.channel.ChannelManager - Adding key: http://localhost:61712 for channel [id: 0x091c1a58, L:/127.0.0.1:61595 - R:localhost/127.0.0.1:61712]
20:34:06.974 [Forwarding getCurrentUrl on session 46076df38a3a726b144dccf64b37ce20 to remote] DEBUG org.asynchttpclient.netty.request.NettyRequestSender - Using pooled Channel '[id: 0x091c1a58, L:/127.0.0.1:61595 - R:localhost/127.0.0.1:61712]' for 'GET' to 'http://localhost:61712/session/46076df38a3a726b144dccf64b37ce20/url'
20:34:06.974 [Forwarding getCurrentUrl on session 46076df38a3a726b144dccf64b37ce20 to remote] DEBUG org.asynchttpclient.netty.request.NettyRequestSender - Using open Channel [id: 0x091c1a58, L:/127.0.0.1:61595 - R:localhost/127.0.0.1:61712] for GET '/session/46076df38a3a726b144dccf64b37ce20/url'
20:34:07.021 [AsyncHttpClient-1-7] DEBUG org.asynchttpclient.netty.handler.HttpHandler - 

Request DefaultFullHttpRequest(decodeResult: success, version: HTTP/1.1, content: EmptyByteBufBE)
GET /session/46076df38a3a726b144dccf64b37ce20/url HTTP/1.1
User-Agent: selenium/4.1.2 (java windows)
Cache-Control: no-cache
Content-Type: application/json; charset=utf-8
host: localhost:61712
accept: */*

Response DefaultHttpResponse(decodeResult: success, version: HTTP/1.1)
HTTP/1.1 200 OK
Content-Type: application/json; charset=utf-8
cache-control: no-cache
content-length: 66

20:34:07.021 [AsyncHttpClient-1-7] DEBUG org.asynchttpclient.netty.channel.ChannelManager - Adding key: http://localhost:61712 for channel [id: 0x091c1a58, L:/127.0.0.1:61595 - R:localhost/127.0.0.1:61712]
20:34:07.052 [main] DEBUG net.serenitybdd.core.photography.Darkroom - Opening darkroom
20:34:07.052 [Darkroom Processing Line] DEBUG net.serenitybdd.core.photography.DarkroomProcessingLine - Darkroom processing line starting up
20:34:07.052 [Forwarding screenshot on session 46076df38a3a726b144dccf64b37ce20 to remote] DEBUG org.asynchttpclient.netty.request.NettyRequestSender - Using pooled Channel '[id: 0x091c1a58, L:/127.0.0.1:61595 - R:localhost/127.0.0.1:61712]' for 'GET' to 'http://localhost:61712/session/46076df38a3a726b144dccf64b37ce20/screenshot'
20:34:07.052 [Forwarding screenshot on session 46076df38a3a726b144dccf64b37ce20 to remote] DEBUG org.asynchttpclient.netty.request.NettyRequestSender - Using open Channel [id: 0x091c1a58, L:/127.0.0.1:61595 - R:localhost/127.0.0.1:61712] for GET '/session/46076df38a3a726b144dccf64b37ce20/screenshot'
20:34:07.116 [AsyncHttpClient-1-1] DEBUG org.asynchttpclient.netty.channel.DefaultChannelPool - Entry count for : http://localhost:61597 : 1
20:34:08.207 [AsyncHttpClient-1-1] DEBUG org.asynchttpclient.netty.channel.DefaultChannelPool - Entry count for : http://localhost:61597 : 1
20:34:09.137 [AsyncHttpClient-1-7] DEBUG org.asynchttpclient.netty.handler.HttpHandler - 

Request DefaultFullHttpRequest(decodeResult: success, version: HTTP/1.1, content: EmptyByteBufBE)
GET /session/46076df38a3a726b144dccf64b37ce20/screenshot HTTP/1.1
User-Agent: selenium/4.1.2 (java windows)
Cache-Control: no-cache
Content-Type: application/json; charset=utf-8
host: localhost:61712
accept: */*

Response DefaultHttpResponse(decodeResult: success, version: HTTP/1.1)
HTTP/1.1 200 OK
Content-Type: application/json; charset=utf-8
cache-control: no-cache
content-length: 86016

20:34:09.137 [AsyncHttpClient-1-7] DEBUG org.asynchttpclient.netty.channel.ChannelManager - Adding key: http://localhost:61712 for channel [id: 0x091c1a58, L:/127.0.0.1:61595 - R:localhost/127.0.0.1:61712]
20:34:09.168 [main] DEBUG net.serenitybdd.core.photography.Darkroom - Send negative for processing for target\site\serenity\63a8b96f8d8a2353d1098282bddf8724ea51ae4189c07bb318bc22275bd0f5fa.png
20:34:09.168 [main] DEBUG net.thucydides.core.steps.StepInterceptor - STEP DONE: openDataPasien
  &amp#27;[32mGiven &amp#27;[0m&amp#27;[32mOpen page data pasien&amp#27;[0m                     &amp#27;[90m# starter.stepdefinitios.PatientDataSteps.openPageDataPasien()&amp#27;[0m
20:34:09.246 [Forwarding screenshot on session 46076df38a3a726b144dccf64b37ce20 to remote] DEBUG org.asynchttpclient.netty.request.NettyRequestSender - Using pooled Channel '[id: 0x091c1a58, L:/127.0.0.1:61595 - R:localhost/127.0.0.1:61712]' for 'GET' to 'http://localhost:61712/session/46076df38a3a726b144dccf64b37ce20/screenshot'
20:34:09.246 [Forwarding screenshot on session 46076df38a3a726b144dccf64b37ce20 to remote] DEBUG org.asynchttpclient.netty.request.NettyRequestSender - Using open Channel [id: 0x091c1a58, L:/127.0.0.1:61595 - R:localhost/127.0.0.1:61712] for GET '/session/46076df38a3a726b144dccf64b37ce20/screenshot'
20:34:09.294 [AsyncHttpClient-1-1] DEBUG org.asynchttpclient.netty.channel.DefaultChannelPool - Entry count for : http://localhost:61597 : 1
20:34:09.595 [AsyncHttpClient-1-7] DEBUG org.asynchttpclient.netty.handler.HttpHandler - 

Request DefaultFullHttpRequest(decodeResult: success, version: HTTP/1.1, content: EmptyByteBufBE)
GET /session/46076df38a3a726b144dccf64b37ce20/screenshot HTTP/1.1
User-Agent: selenium/4.1.2 (java windows)
Cache-Control: no-cache
Content-Type: application/json; charset=utf-8
host: localhost:61712
accept: */*

Response DefaultHttpResponse(decodeResult: success, version: HTTP/1.1)
HTTP/1.1 200 OK
Content-Type: application/json; charset=utf-8
cache-control: no-cache
content-length: 86016

20:34:09.595 [AsyncHttpClient-1-7] DEBUG org.asynchttpclient.netty.channel.ChannelManager - Adding key: http://localhost:61712 for channel [id: 0x091c1a58, L:/127.0.0.1:61595 - R:localhost/127.0.0.1:61712]
20:34:09.611 [main] DEBUG net.serenitybdd.core.photography.Darkroom - Send negative for processing for target\site\serenity\63a8b96f8d8a2353d1098282bddf8724ea51ae4189c07bb318bc22275bd0f5fa.png
20:34:09.627 [main] DEBUG net.thucydides.core.steps.StepInterceptor - STARTING STEP: PatientDataSteps.clickDeletePatientData - clickButtonSampah
20:34:09.627 [Forwarding findElement on session 46076df38a3a726b144dccf64b37ce20 to remote] DEBUG org.asynchttpclient.netty.request.NettyRequestSender - Using pooled Channel '[id: 0x091c1a58, L:/127.0.0.1:61595 - R:localhost/127.0.0.1:61712]' for 'POST' to 'http://localhost:61712/session/46076df38a3a726b144dccf64b37ce20/element'
20:34:09.627 [Forwarding findElement on session 46076df38a3a726b144dccf64b37ce20 to remote] DEBUG org.asynchttpclient.netty.request.NettyRequestSender - Using open Channel [id: 0x091c1a58, L:/127.0.0.1:61595 - R:localhost/127.0.0.1:61712] for POST '/session/46076df38a3a726b144dccf64b37ce20/element'
20:34:09.713 [AsyncHttpClient-1-7] DEBUG org.asynchttpclient.netty.handler.HttpHandler - 

Request DefaultHttpRequest(decodeResult: success, version: HTTP/1.1)
POST /session/46076df38a3a726b144dccf64b37ce20/element HTTP/1.1
User-Agent: selenium/4.1.2 (java windows)
Content-Length: 92
Content-Type: application/json; charset=utf-8
host: localhost:61712
accept: */*

Response DefaultHttpResponse(decodeResult: success, version: HTTP/1.1)
HTTP/1.1 200 OK
Content-Type: application/json; charset=utf-8
cache-control: no-cache
content-length: 88

20:34:09.713 [AsyncHttpClient-1-7] DEBUG org.asynchttpclient.netty.channel.ChannelManager - Adding key: http://localhost:61712 for channel [id: 0x091c1a58, L:/127.0.0.1:61595 - R:localhost/127.0.0.1:61712]
20:34:09.713 [Forwarding getElementTagName on session 46076df38a3a726b144dccf64b37ce20 to remote] DEBUG org.asynchttpclient.netty.request.NettyRequestSender - Using pooled Channel '[id: 0x091c1a58, L:/127.0.0.1:61595 - R:localhost/127.0.0.1:61712]' for 'GET' to 'http://localhost:61712/session/46076df38a3a726b144dccf64b37ce20/element/be523eee-80ff-4d8b-9231-94877b350d57/name'
20:34:09.713 [Forwarding getElementTagName on session 46076df38a3a726b144dccf64b37ce20 to remote] DEBUG org.asynchttpclient.netty.request.NettyRequestSender - Using open Channel [id: 0x091c1a58, L:/127.0.0.1:61595 - R:localhost/127.0.0.1:61712] for GET '/session/46076df38a3a726b144dccf64b37ce20/element/be523eee-80ff-4d8b-9231-94877b350d57/name'
20:34:09.745 [AsyncHttpClient-1-7] DEBUG org.asynchttpclient.netty.handler.HttpHandler - 

Request DefaultFullHttpRequest(decodeResult: success, version: HTTP/1.1, content: EmptyByteBufBE)
GET /session/46076df38a3a726b144dccf64b37ce20/element/be523eee-80ff-4d8b-9231-94877b350d57/name HTTP/1.1
User-Agent: selenium/4.1.2 (java windows)
Cache-Control: no-cache
Content-Type: application/json; charset=utf-8
host: localhost:61712
accept: */*

Response DefaultHttpResponse(decodeResult: success, version: HTTP/1.1)
HTTP/1.1 200 OK
Content-Type: application/json; charset=utf-8
cache-control: no-cache
content-length: 15

20:34:09.745 [AsyncHttpClient-1-7] DEBUG org.asynchttpclient.netty.channel.ChannelManager - Adding key: http://localhost:61712 for channel [id: 0x091c1a58, L:/127.0.0.1:61595 - R:localhost/127.0.0.1:61712]
20:34:09.745 [Forwarding getElementTagName on session 46076df38a3a726b144dccf64b37ce20 to remote] DEBUG org.asynchttpclient.netty.request.NettyRequestSender - Using pooled Channel '[id: 0x091c1a58, L:/127.0.0.1:61595 - R:localhost/127.0.0.1:61712]' for 'GET' to 'http://localhost:61712/session/46076df38a3a726b144dccf64b37ce20/element/be523eee-80ff-4d8b-9231-94877b350d57/name'
20:34:09.745 [Forwarding getElementTagName on session 46076df38a3a726b144dccf64b37ce20 to remote] DEBUG org.asynchttpclient.netty.request.NettyRequestSender - Using open Channel [id: 0x091c1a58, L:/127.0.0.1:61595 - R:localhost/127.0.0.1:61712] for GET '/session/46076df38a3a726b144dccf64b37ce20/element/be523eee-80ff-4d8b-9231-94877b350d57/name'
20:34:09.776 [AsyncHttpClient-1-7] DEBUG org.asynchttpclient.netty.handler.HttpHandler - 

Request DefaultFullHttpRequest(decodeResult: success, version: HTTP/1.1, content: EmptyByteBufBE)
GET /session/46076df38a3a726b144dccf64b37ce20/element/be523eee-80ff-4d8b-9231-94877b350d57/name HTTP/1.1
User-Agent: selenium/4.1.2 (java windows)
Cache-Control: no-cache
Content-Type: application/json; charset=utf-8
host: localhost:61712
accept: */*

Response DefaultHttpResponse(decodeResult: success, version: HTTP/1.1)
HTTP/1.1 200 OK
Content-Type: application/json; charset=utf-8
cache-control: no-cache
content-length: 15

20:34:09.776 [AsyncHttpClient-1-7] DEBUG org.asynchttpclient.netty.channel.ChannelManager - Adding key: http://localhost:61712 for channel [id: 0x091c1a58, L:/127.0.0.1:61595 - R:localhost/127.0.0.1:61712]
20:34:09.776 [Forwarding findElement on session 46076df38a3a726b144dccf64b37ce20 to remote] DEBUG org.asynchttpclient.netty.request.NettyRequestSender - Using pooled Channel '[id: 0x091c1a58, L:/127.0.0.1:61595 - R:localhost/127.0.0.1:61712]' for 'POST' to 'http://localhost:61712/session/46076df38a3a726b144dccf64b37ce20/element'
20:34:09.776 [Forwarding findElement on session 46076df38a3a726b144dccf64b37ce20 to remote] DEBUG org.asynchttpclient.netty.request.NettyRequestSender - Using open Channel [id: 0x091c1a58, L:/127.0.0.1:61595 - R:localhost/127.0.0.1:61712] for POST '/session/46076df38a3a726b144dccf64b37ce20/element'
20:34:09.843 [AsyncHttpClient-1-7] DEBUG org.asynchttpclient.netty.handler.HttpHandler - 

Request DefaultHttpRequest(decodeResult: success, version: HTTP/1.1)
POST /session/46076df38a3a726b144dccf64b37ce20/element HTTP/1.1
User-Agent: selenium/4.1.2 (java windows)
Content-Length: 92
Content-Type: application/json; charset=utf-8
host: localhost:61712
accept: */*

Response DefaultHttpResponse(decodeResult: success, version: HTTP/1.1)
HTTP/1.1 200 OK
Content-Type: application/json; charset=utf-8
cache-control: no-cache
content-length: 88

20:34:09.843 [AsyncHttpClient-1-7] DEBUG org.asynchttpclient.netty.channel.ChannelManager - Adding key: http://localhost:61712 for channel [id: 0x091c1a58, L:/127.0.0.1:61595 - R:localhost/127.0.0.1:61712]
20:34:09.843 [Forwarding clickElement on session 46076df38a3a726b144dccf64b37ce20 to remote] DEBUG org.asynchttpclient.netty.request.NettyRequestSender - Using pooled Channel '[id: 0x091c1a58, L:/127.0.0.1:61595 - R:localhost/127.0.0.1:61712]' for 'POST' to 'http://localhost:61712/session/46076df38a3a726b144dccf64b37ce20/element/be523eee-80ff-4d8b-9231-94877b350d57/click'
20:34:09.843 [Forwarding clickElement on session 46076df38a3a726b144dccf64b37ce20 to remote] DEBUG org.asynchttpclient.netty.request.NettyRequestSender - Using open Channel [id: 0x091c1a58, L:/127.0.0.1:61595 - R:localhost/127.0.0.1:61712] for POST '/session/46076df38a3a726b144dccf64b37ce20/element/be523eee-80ff-4d8b-9231-94877b350d57/click'
20:34:10.055 [AsyncHttpClient-1-7] DEBUG org.asynchttpclient.netty.handler.HttpHandler - 

Request DefaultHttpRequest(decodeResult: success, version: HTTP/1.1)
POST /session/46076df38a3a726b144dccf64b37ce20/element/be523eee-80ff-4d8b-9231-94877b350d57/click HTTP/1.1
User-Agent: selenium/4.1.2 (java windows)
Content-Length: 50
Content-Type: application/json; charset=utf-8
host: localhost:61712
accept: */*

Response DefaultHttpResponse(decodeResult: success, version: HTTP/1.1)
HTTP/1.1 200 OK
Content-Type: application/json; charset=utf-8
cache-control: no-cache
content-length: 14

20:34:10.055 [AsyncHttpClient-1-7] DEBUG org.asynchttpclient.netty.channel.ChannelManager - Adding key: http://localhost:61712 for channel [id: 0x091c1a58, L:/127.0.0.1:61595 - R:localhost/127.0.0.1:61712]
20:34:10.088 [Forwarding screenshot on session 46076df38a3a726b144dccf64b37ce20 to remote] DEBUG org.asynchttpclient.netty.request.NettyRequestSender - Using pooled Channel '[id: 0x091c1a58, L:/127.0.0.1:61595 - R:localhost/127.0.0.1:61712]' for 'GET' to 'http://localhost:61712/session/46076df38a3a726b144dccf64b37ce20/screenshot'
20:34:10.088 [Forwarding screenshot on session 46076df38a3a726b144dccf64b37ce20 to remote] DEBUG org.asynchttpclient.netty.request.NettyRequestSender - Using open Channel [id: 0x091c1a58, L:/127.0.0.1:61595 - R:localhost/127.0.0.1:61712] for GET '/session/46076df38a3a726b144dccf64b37ce20/screenshot'
20:34:10.138 [AsyncHttpClient-1-7] DEBUG org.asynchttpclient.netty.handler.HttpHandler - 

Request DefaultFullHttpRequest(decodeResult: success, version: HTTP/1.1, content: EmptyByteBufBE)
GET /session/46076df38a3a726b144dccf64b37ce20/screenshot HTTP/1.1
User-Agent: selenium/4.1.2 (java windows)
Cache-Control: no-cache
Content-Type: application/json; charset=utf-8
host: localhost:61712
accept: */*

Response DefaultHttpResponse(decodeResult: success, version: HTTP/1.1)
HTTP/1.1 500 Internal Server Error
Content-Type: application/json; charset=utf-8
cache-control: no-cache
content-length: 919

20:34:10.138 [AsyncHttpClient-1-7] DEBUG org.asynchttpclient.netty.channel.ChannelManager - Adding key: http://localhost:61712 for channel [id: 0x091c1a58, L:/127.0.0.1:61595 - R:localhost/127.0.0.1:61712]
20:34:10.155 [main] WARN net.thucydides.core.webdriver.WebDriverFacade - Failed to take screenshot (unexpected alert open: {Alert text : Anda yakin untuk menghapus data?}
  (Session info: chrome=102.0.5005.115): Anda yakin untuk menghapus data?
Build info: version: '4.1.2', revision: '9a5a329c5a'
System info: host: 'MOOK-HON', ip: '192.168.100.6', os.name: 'Windows 10', os.arch: 'amd64', os.version: '10.0', java.version: '11.0.14'
Driver info: org.openqa.selenium.chrome.ChromeDriver
Command: [46076df38a3a726b144dccf64b37ce20, screenshot {}]
Capabilities {acceptInsecureCerts: false, browserName: chrome, browserVersion: 102.0.5005.115, chrome: {chromedriverVersion: 102.0.5005.61 (0e59bcc00cc4..., userDataDir: C:\Users\ASUS\AppData\Local...}, goog:chromeOptions: {debuggerAddress: localhost:61597}, javascriptEnabled: true, networkConnectionEnabled: false, pageLoadStrategy: normal, platform: WINDOWS, platformName: WINDOWS, proxy: Proxy(), se:cdp: ws://localhost:61597/devtoo..., se:cdpVersion: 102.0.5005.115, setWindowRect: true, strictFileInteractability: false, timeouts: {implicit: 0, pageLoad: 300000, script: 30000}, unhandledPromptBehavior: dismiss and notify, webauthn:extension:credBlob: true, webauthn:extension:largeBlob: true, webauthn:virtualAuthenticators: true}
Session ID: 46076df38a3a726b144dccf64b37ce20)
20:34:10.155 [main] DEBUG net.thucydides.core.steps.StepInterceptor - STEP DONE: clickButtonSampah
  &amp#27;[32mWhen &amp#27;[0m&amp#27;[32mClick Delete Patient data&amp#27;[0m                  &amp#27;[90m# starter.stepdefinitios.PatientDataSteps.clickDeletePatientData()&amp#27;[0m
20:34:10.190 [Forwarding screenshot on session 46076df38a3a726b144dccf64b37ce20 to remote] DEBUG org.asynchttpclient.netty.request.NettyRequestSender - Using pooled Channel '[id: 0x091c1a58, L:/127.0.0.1:61595 - R:localhost/127.0.0.1:61712]' for 'GET' to 'http://localhost:61712/session/46076df38a3a726b144dccf64b37ce20/screenshot'
20:34:10.190 [Forwarding screenshot on session 46076df38a3a726b144dccf64b37ce20 to remote] DEBUG org.asynchttpclient.netty.request.NettyRequestSender - Using open Channel [id: 0x091c1a58, L:/127.0.0.1:61595 - R:localhost/127.0.0.1:61712] for GET '/session/46076df38a3a726b144dccf64b37ce20/screenshot'
20:34:10.396 [AsyncHttpClient-1-1] DEBUG org.asynchttpclient.netty.channel.DefaultChannelPool - Entry count for : http://localhost:61597 : 1
20:34:10.733 [AsyncHttpClient-1-7] DEBUG org.asynchttpclient.netty.handler.HttpHandler - 

Request DefaultFullHttpRequest(decodeResult: success, version: HTTP/1.1, content: EmptyByteBufBE)
GET /session/46076df38a3a726b144dccf64b37ce20/screenshot HTTP/1.1
User-Agent: selenium/4.1.2 (java windows)
Cache-Control: no-cache
Content-Type: application/json; charset=utf-8
host: localhost:61712
accept: */*

Response DefaultHttpResponse(decodeResult: success, version: HTTP/1.1)
HTTP/1.1 200 OK
Content-Type: application/json; charset=utf-8
cache-control: no-cache
content-length: 86084

20:34:10.733 [AsyncHttpClient-1-7] DEBUG org.asynchttpclient.netty.channel.ChannelManager - Adding key: http://localhost:61712 for channel [id: 0x091c1a58, L:/127.0.0.1:61595 - R:localhost/127.0.0.1:61712]
20:34:10.749 [main] DEBUG net.serenitybdd.core.photography.Darkroom - Send negative for processing for target\site\serenity\ae34ac1e022eeac4103bb4e8fbb9375bc4a83ce9609a78144dba28b9b5402cf7.png
20:34:10.749 [Darkroom Processing Line] DEBUG net.serenitybdd.core.photography.DarkroomProcessingLine - Processing screenshot image in /var/screenshots/screenshot-13903441972838045134
20:34:10.749 [Darkroom Processing Line] DEBUG net.serenitybdd.core.photography.DarkroomProcessingLine - Saving screenshot to target\site\serenity\ae34ac1e022eeac4103bb4e8fbb9375bc4a83ce9609a78144dba28b9b5402cf7.png
20:34:11.309 [Forwarding screenshot on session 46076df38a3a726b144dccf64b37ce20 to remote] DEBUG org.asynchttpclient.netty.request.NettyRequestSender - Using pooled Channel '[id: 0x091c1a58, L:/127.0.0.1:61595 - R:localhost/127.0.0.1:61712]' for 'GET' to 'http://localhost:61712/session/46076df38a3a726b144dccf64b37ce20/screenshot'
20:34:11.309 [Forwarding screenshot on session 46076df38a3a726b144dccf64b37ce20 to remote] DEBUG org.asynchttpclient.netty.request.NettyRequestSender - Using open Channel [id: 0x091c1a58, L:/127.0.0.1:61595 - R:localhost/127.0.0.1:61712] for GET '/session/46076df38a3a726b144dccf64b37ce20/screenshot'
20:34:11.493 [AsyncHttpClient-1-1] DEBUG org.asynchttpclient.netty.channel.DefaultChannelPool - Entry count for : http://localhost:61597 : 1
20:34:11.730 [AsyncHttpClient-1-7] DEBUG org.asynchttpclient.netty.handler.HttpHandler - 

Request DefaultFullHttpRequest(decodeResult: success, version: HTTP/1.1, content: EmptyByteBufBE)
GET /session/46076df38a3a726b144dccf64b37ce20/screenshot HTTP/1.1
User-Agent: selenium/4.1.2 (java windows)
Cache-Control: no-cache
Content-Type: application/json; charset=utf-8
host: localhost:61712
accept: */*

Response DefaultHttpResponse(decodeResult: success, version: HTTP/1.1)
HTTP/1.1 200 OK
Content-Type: application/json; charset=utf-8
cache-control: no-cache
content-length: 86084

20:34:11.730 [AsyncHttpClient-1-7] DEBUG org.asynchttpclient.netty.channel.ChannelManager - Adding key: http://localhost:61712 for channel [id: 0x091c1a58, L:/127.0.0.1:61595 - R:localhost/127.0.0.1:61712]
20:34:11.746 [main] DEBUG net.serenitybdd.core.photography.Darkroom - Send negative for processing for target\site\serenity\ae34ac1e022eeac4103bb4e8fbb9375bc4a83ce9609a78144dba28b9b5402cf7.png
20:34:11.746 [main] DEBUG net.thucydides.core.steps.StepInterceptor - STARTING STEP: PatientDataSteps.validDataDeletePasien - validPagePasien
20:34:11.746 [Forwarding findElement on session 46076df38a3a726b144dccf64b37ce20 to remote] DEBUG org.asynchttpclient.netty.request.NettyRequestSender - Using pooled Channel '[id: 0x091c1a58, L:/127.0.0.1:61595 - R:localhost/127.0.0.1:61712]' for 'POST' to 'http://localhost:61712/session/46076df38a3a726b144dccf64b37ce20/element'
20:34:11.746 [Forwarding findElement on session 46076df38a3a726b144dccf64b37ce20 to remote] DEBUG org.asynchttpclient.netty.request.NettyRequestSender - Using open Channel [id: 0x091c1a58, L:/127.0.0.1:61595 - R:localhost/127.0.0.1:61712] for POST '/session/46076df38a3a726b144dccf64b37ce20/element'
20:34:11.824 [AsyncHttpClient-1-7] DEBUG org.asynchttpclient.netty.handler.HttpHandler - 

Request DefaultHttpRequest(decodeResult: success, version: HTTP/1.1)
POST /session/46076df38a3a726b144dccf64b37ce20/element HTTP/1.1
User-Agent: selenium/4.1.2 (java windows)
Content-Length: 126
Content-Type: application/json; charset=utf-8
host: localhost:61712
accept: */*

Response DefaultHttpResponse(decodeResult: success, version: HTTP/1.1)
HTTP/1.1 200 OK
Content-Type: application/json; charset=utf-8
cache-control: no-cache
content-length: 88

20:34:11.824 [AsyncHttpClient-1-7] DEBUG org.asynchttpclient.netty.channel.ChannelManager - Adding key: http://localhost:61712 for channel [id: 0x091c1a58, L:/127.0.0.1:61595 - R:localhost/127.0.0.1:61712]
20:34:11.824 [Forwarding isElementEnabled on session 46076df38a3a726b144dccf64b37ce20 to remote] DEBUG org.asynchttpclient.netty.request.NettyRequestSender - Using pooled Channel '[id: 0x091c1a58, L:/127.0.0.1:61595 - R:localhost/127.0.0.1:61712]' for 'GET' to 'http://localhost:61712/session/46076df38a3a726b144dccf64b37ce20/element/2d20d080-dc69-446a-93f2-59eb92b0a6de/enabled'
20:34:11.824 [Forwarding isElementEnabled on session 46076df38a3a726b144dccf64b37ce20 to remote] DEBUG org.asynchttpclient.netty.request.NettyRequestSender - Using open Channel [id: 0x091c1a58, L:/127.0.0.1:61595 - R:localhost/127.0.0.1:61712] for GET '/session/46076df38a3a726b144dccf64b37ce20/element/2d20d080-dc69-446a-93f2-59eb92b0a6de/enabled'
20:34:11.855 [AsyncHttpClient-1-7] DEBUG org.asynchttpclient.netty.handler.HttpHandler - 

Request DefaultFullHttpRequest(decodeResult: success, version: HTTP/1.1, content: EmptyByteBufBE)
GET /session/46076df38a3a726b144dccf64b37ce20/element/2d20d080-dc69-446a-93f2-59eb92b0a6de/enabled HTTP/1.1
User-Agent: selenium/4.1.2 (java windows)
Cache-Control: no-cache
Content-Type: application/json; charset=utf-8
host: localhost:61712
accept: */*

Response DefaultHttpResponse(decodeResult: success, version: HTTP/1.1)
HTTP/1.1 200 OK
Content-Type: application/json; charset=utf-8
cache-control: no-cache
content-length: 14

20:34:11.855 [AsyncHttpClient-1-7] DEBUG org.asynchttpclient.netty.channel.ChannelManager - Adding key: http://localhost:61712 for channel [id: 0x091c1a58, L:/127.0.0.1:61595 - R:localhost/127.0.0.1:61712]
20:34:11.891 [Forwarding screenshot on session 46076df38a3a726b144dccf64b37ce20 to remote] DEBUG org.asynchttpclient.netty.request.NettyRequestSender - Using pooled Channel '[id: 0x091c1a58, L:/127.0.0.1:61595 - R:localhost/127.0.0.1:61712]' for 'GET' to 'http://localhost:61712/session/46076df38a3a726b144dccf64b37ce20/screenshot'
20:34:11.891 [Forwarding screenshot on session 46076df38a3a726b144dccf64b37ce20 to remote] DEBUG org.asynchttpclient.netty.request.NettyRequestSender - Using open Channel [id: 0x091c1a58, L:/127.0.0.1:61595 - R:localhost/127.0.0.1:61712] for GET '/session/46076df38a3a726b144dccf64b37ce20/screenshot'
20:34:12.234 [AsyncHttpClient-1-7] DEBUG org.asynchttpclient.netty.handler.HttpHandler - 

Request DefaultFullHttpRequest(decodeResult: success, version: HTTP/1.1, content: EmptyByteBufBE)
GET /session/46076df38a3a726b144dccf64b37ce20/screenshot HTTP/1.1
User-Agent: selenium/4.1.2 (java windows)
Cache-Control: no-cache
Content-Type: application/json; charset=utf-8
host: localhost:61712
accept: */*

Response DefaultHttpResponse(decodeResult: success, version: HTTP/1.1)
HTTP/1.1 200 OK
Content-Type: application/json; charset=utf-8
cache-control: no-cache
content-length: 86084

20:34:12.234 [AsyncHttpClient-1-7] DEBUG org.asynchttpclient.netty.channel.ChannelManager - Adding key: http://localhost:61712 for channel [id: 0x091c1a58, L:/127.0.0.1:61595 - R:localhost/127.0.0.1:61712]
20:34:12.247 [main] DEBUG net.serenitybdd.core.photography.Darkroom - Send negative for processing for target\site\serenity\ae34ac1e022eeac4103bb4e8fbb9375bc4a83ce9609a78144dba28b9b5402cf7.png
20:34:12.249 [main] DEBUG net.thucydides.core.steps.StepInterceptor - STEP DONE: validPagePasien
  &amp#27;[32mThen &amp#27;[0m&amp#27;[32mValid data delete pasien&amp#27;[0m                   &amp#27;[90m# starter.stepdefinitios.PatientDataSteps.validDataDeletePasien()&amp#27;[0m
20:34:12.268 [main] INFO  - 
  _____   ___   ___   _____     ___     _     ___   ___   ___   ___  
 |_   _| | __| / __| |_   _|   | _ \   /_\   / __| / __| | __| |   \ 
   | |   | _|  \__ \   | |     |  _/  / _ \  \__ \ \__ \ | _|  | |) |
   |_|   |___| |___/   |_|     |_|   /_/ \_\ |___/ |___/ |___| |___/ 

As a admin i want to delete data pasien
----------------------------------------------------------------------
20:34:12.268 [AsyncHttpClient-1-9] DEBUG org.asynchttpclient.netty.handler.WebSocketHandler - Channel Closed: [id: 0x34266c9e, L:/127.0.0.1:61609 ! R:localhost/127.0.0.1:61597] with attribute NettyResponseFuture{currentRetry=5,
	isDone=1,
	isCancelled=0,
	asyncHandler=org.asynchttpclient.ws.WebSocketUpgradeHandler@1f77d4c,
	nettyRequest=org.asynchttpclient.netty.request.NettyRequest@69650b0e,
	future=java.util.concurrent.CompletableFuture@4c9a4512[Completed normally],
	uri=ws://localhost:61597/devtools/browser/efa89cc4-2c2a-4403-b590-b8d8f7f78a1f,
	keepAlive=true,
	redirectCount=0,
	timeoutsHolder=null,
	inAuth=0,
	touch=1655991244393}
20:34:12.268 [AsyncHttpClient-1-9] DEBUG org.asynchttpclient.netty.channel.ChannelManager - Closing Channel [id: 0x34266c9e, L:/127.0.0.1:61609 ! R:localhost/127.0.0.1:61597] 
20:34:12.283 [Driver Command Executor] DEBUG org.asynchttpclient.netty.request.NettyRequestSender - Using pooled Channel '[id: 0x091c1a58, L:/127.0.0.1:61595 - R:localhost/127.0.0.1:61712]' for 'DELETE' to 'http://localhost:61712/session/46076df38a3a726b144dccf64b37ce20'
20:34:12.283 [Driver Command Executor] DEBUG org.asynchttpclient.netty.request.NettyRequestSender - Using open Channel [id: 0x091c1a58, L:/127.0.0.1:61595 - R:localhost/127.0.0.1:61712] for DELETE '/session/46076df38a3a726b144dccf64b37ce20'
20:34:12.593 [AsyncHttpClient-1-1] DEBUG org.asynchttpclient.netty.channel.DefaultChannelPool - Entry count for : http://localhost:61597 : 1
20:34:12.805 [AsyncHttpClient-1-8] DEBUG org.asynchttpclient.netty.handler.HttpHandler - Unexpected I/O exception on channel [id: 0xd0b68749, L:/127.0.0.1:61608 - R:localhost/127.0.0.1:61597]
java.io.IOException: An existing connection was forcibly closed by the remote host
	at java.base/sun.nio.ch.SocketDispatcher.read0(Native Method)
	at java.base/sun.nio.ch.SocketDispatcher.read(SocketDispatcher.java:43)
	at java.base/sun.nio.ch.IOUtil.readIntoNativeBuffer(IOUtil.java:276)
	at java.base/sun.nio.ch.IOUtil.read(IOUtil.java:233)
	at java.base/sun.nio.ch.IOUtil.read(IOUtil.java:223)
	at java.base/sun.nio.ch.SocketChannelImpl.read(SocketChannelImpl.java:358)
	at io.netty.buffer.PooledByteBuf.setBytes(PooledByteBuf.java:258)
	at io.netty.buffer.AbstractByteBuf.writeBytes(AbstractByteBuf.java:1132)
	at io.netty.channel.socket.nio.NioSocketChannel.doReadBytes(NioSocketChannel.java:350)
	at io.netty.channel.nio.AbstractNioByteChannel$NioByteUnsafe.read(AbstractNioByteChannel.java:151)
	at io.netty.channel.nio.NioEventLoop.processSelectedKey(NioEventLoop.java:722)
	at io.netty.channel.nio.NioEventLoop.processSelectedKeysOptimized(NioEventLoop.java:658)
	at io.netty.channel.nio.NioEventLoop.processSelectedKeys(NioEventLoop.java:584)
	at io.netty.channel.nio.NioEventLoop.run(NioEventLoop.java:496)
	at io.netty.util.concurrent.SingleThreadEventExecutor$4.run(SingleThreadEventExecutor.java:986)
	at io.netty.util.internal.ThreadExecutorMap$2.run(ThreadExecutorMap.java:74)
	at io.netty.util.concurrent.FastThreadLocalRunnable.run(FastThreadLocalRunnable.java:30)
	at java.base/java.lang.Thread.run(Thread.java:834)
20:34:12.805 [AsyncHttpClient-1-8] DEBUG org.asynchttpclient.netty.channel.ChannelManager - Closing Channel [id: 0xd0b68749, L:/127.0.0.1:61608 - R:localhost/127.0.0.1:61597] 
20:34:12.805 [AsyncHttpClient-1-8] DEBUG org.asynchttpclient.netty.handler.HttpHandler - Channel Closed: [id: 0xd0b68749, L:/127.0.0.1:61608 ! R:localhost/127.0.0.1:61597] with attribute DISCARD
20:34:12.883 [AsyncHttpClient-1-7] DEBUG org.asynchttpclient.netty.handler.HttpHandler - 

Request DefaultFullHttpRequest(decodeResult: success, version: HTTP/1.1, content: EmptyByteBufBE)
DELETE /session/46076df38a3a726b144dccf64b37ce20 HTTP/1.1
User-Agent: selenium/4.1.2 (java windows)
Content-Type: application/json; charset=utf-8
host: localhost:61712
accept: */*

Response DefaultHttpResponse(decodeResult: success, version: HTTP/1.1)
HTTP/1.1 200 OK
Content-Type: application/json; charset=utf-8
cache-control: no-cache
content-length: 14

20:34:12.883 [AsyncHttpClient-1-7] DEBUG org.asynchttpclient.netty.channel.ChannelManager - Adding key: http://localhost:61712 for channel [id: 0x091c1a58, L:/127.0.0.1:61595 - R:localhost/127.0.0.1:61712]
20:34:13.646 [AsyncHttpClient-1-7] DEBUG org.asynchttpclient.netty.handler.HttpHandler - Channel Closed: [id: 0x091c1a58, L:/127.0.0.1:61595 ! R:localhost/127.0.0.1:61712] with attribute DISCARD
20:34:13.686 [AsyncHttpClient-1-1] DEBUG org.asynchttpclient.netty.channel.DefaultChannelPool - Entry count for : http://localhost:61597 : 1
20:34:13.686 [AsyncHttpClient-1-1] DEBUG org.asynchttpclient.netty.channel.DefaultChannelPool - Entry count for : http://localhost:61712 : 1
20:34:13.686 [AsyncHttpClient-1-1] DEBUG org.asynchttpclient.netty.channel.DefaultChannelPool - Adding Candidate expired Channel [id: 0xd0b68749, L:/127.0.0.1:61608 ! R:localhost/127.0.0.1:61597] isIdleTimeoutExpired=false isRemotelyClosed=true isTtlExpired=false
20:34:13.686 [AsyncHttpClient-1-1] DEBUG org.asynchttpclient.netty.channel.DefaultChannelPool - Closing Idle Channel [id: 0xd0b68749, L:/127.0.0.1:61608 ! R:localhost/127.0.0.1:61597]
20:34:13.686 [AsyncHttpClient-1-1] DEBUG org.asynchttpclient.netty.channel.DefaultChannelPool - Adding Candidate expired Channel [id: 0x091c1a58, L:/127.0.0.1:61595 ! R:localhost/127.0.0.1:61712] isIdleTimeoutExpired=false isRemotelyClosed=true isTtlExpired=false
20:34:13.686 [AsyncHttpClient-1-1] DEBUG org.asynchttpclient.netty.channel.DefaultChannelPool - Closing Idle Channel [id: 0x091c1a58, L:/127.0.0.1:61595 ! R:localhost/127.0.0.1:61712]
20:34:13.686 [AsyncHttpClient-1-1] DEBUG org.asynchttpclient.netty.channel.DefaultChannelPool - Closed 2 connections out of 2 in 0 ms
]]></system-out>
    <system-err><![CDATA[Starting ChromeDriver 102.0.5005.61 (0e59bcc00cc4985ce39ad31c150065f159d95ad3-refs/branch-heads/5005@{#819}) on port 61712
Only local connections are allowed.
Please see https://chromedriver.chromium.org/security-considerations for suggestions on keeping ChromeDriver safe.
ChromeDriver was started successfully.
Jun 23, 2022 8:34:04 PM org.openqa.selenium.remote.ProtocolHandshake createSession
INFO: Detected dialect: W3C
Jun 23, 2022 8:34:04 PM org.openqa.selenium.devtools.CdpVersionFinder findNearestMatch
WARNING: Unable to find an exact match for CDP version 102, so returning the closest version found: a no-op implementation
Jun 23, 2022 8:34:04 PM org.openqa.selenium.devtools.CdpVersionFinder findNearestMatch
INFO: Unable to find CDP implementation matching 102.
Jun 23, 2022 8:34:04 PM org.openqa.selenium.chromium.ChromiumDriver lambda$new$3
WARNING: Unable to find version of CDP to use for . You may need to include a dependency on a specific version of the CDP using something similar to `org.seleniumhq.selenium:selenium-devtools-v86:4.1.2` where the version ("v86") matches the version of the chromium-based browser you're using and the version number of the artifact is the same as Selenium's.
]]></system-err>
  </testcase>
  <testcase name="As a admin i want to detail data dokter" classname="Detail Data Dokter - Admin" time="24.616">
    <system-out><![CDATA[20:34:14.178 [main] INFO io.cucumber.core.plugin.SerenityReporter - Running feature from file:///D:/Kel-1-capstone/TestingWeb/src/test/resources/features/DetailDataDokter.feature
20:34:14.202 [main] DEBUG net.thucydides.core.steps.StepEventBus - Test suite started for story net.thucydides.core.model.Story@4f1566fa
20:34:14.202 [main] INFO  - Test Suite Started: Detail Data Dokter - Admin

@DetailDokterData
Scenario: As a admin i want to detail data dokter &amp#27;[90m# src/test/resources/features/DetailDataDokter.feature:4&amp#27;[0m
20:34:14.234 [main] INFO io.cucumber.core.plugin.SerenityReporter - Running feature from file:///D:/Kel-1-capstone/TestingWeb/src/test/resources/features/DetailDataDokter.feature
20:34:14.250 [main] INFO  - 
  _____   ___   ___   _____     ___   _____     _     ___   _____   ___   ___  
 |_   _| | __| / __| |_   _|   / __| |_   _|   /_\   | _ \ |_   _| | __| |   \ 
   | |   | _|  \__ \   | |     \__ \   | |    / _ \  |   /   | |   | _|  | |) |
   |_|   |___| |___/   |_|     |___/   |_|   /_/ \_\ |_|_\   |_|   |___| |___/ 

As a admin i want to detail data dokter(detail-data-dokter---admin;as-a-admin-i-want-to-detail-data-dokter)
--------------------------------------------------------------------------------
20:34:14.435 [main] DEBUG net.thucydides.core.steps.StepInterceptor - STARTING STEP: DokterDataSteps.openPageDataDokter - openDataDokter
20:34:14.435 [main] INFO net.serenitybdd.core.webdriver.driverproviders.ChromeDriverProvider - Using automatically driver download
20:34:15.350 [main] DEBUG io.github.bonigarcia.wdm.cache.ResolutionCache - Resolution chrome=102 in cache (valid until 21:04:30 23/06/2022 ICT)
20:34:15.382 [main] DEBUG io.github.bonigarcia.wdm.cache.ResolutionCache - Resolution chrome102=102.0.5005.61 in cache (valid until 20:04:30 24/06/2022 ICT)
20:34:15.398 [main] INFO io.github.bonigarcia.wdm.WebDriverManager - Using chromedriver 102.0.5005.61 (resolved driver for Chrome 102)
20:34:15.510 [main] DEBUG io.github.bonigarcia.wdm.WebDriverManager - Driver chromedriver 102.0.5005.61 found in cache
20:34:15.510 [main] INFO io.github.bonigarcia.wdm.WebDriverManager - Exporting webdriver.chrome.driver as C:\Users\ASUS\.cache\selenium\chromedriver\win32\102.0.5005.61\chromedriver.exe
20:34:16.194 [main] DEBUG net.serenitybdd.core.webdriver.driverproviders.ProvideNewDriver - Instantiating driver
20:34:16.194 [main] DEBUG net.serenitybdd.core.webdriver.driverproviders.ProvideNewDriver - Driver capabilities: Capabilities {acceptInsecureCerts: false, base.url: https://fanciful-trifle-360..., browserName: chrome, chorme.driver: src/test/resources/webdrive..., driver: chrome, goog:chromeOptions: {args: [], extensions: []}}
20:34:16.857 [AsyncHttpClient-1-2] DEBUG org.asynchttpclient.netty.channel.NettyConnectListener - Using new Channel '[id: 0x423288c7, L:/127.0.0.1:61636 - R:localhost/127.0.0.1:57321]' for 'POST' to '/session'
20:34:22.323 [AsyncHttpClient-1-2] DEBUG org.asynchttpclient.netty.handler.HttpHandler - 

Request DefaultHttpRequest(decodeResult: success, version: HTTP/1.1)
POST /session HTTP/1.1
User-Agent: selenium/4.1.2 (java windows)
Content-Length: 629
Content-Type: application/json; charset=utf-8
host: localhost:57321
accept: */*

Response DefaultHttpResponse(decodeResult: success, version: HTTP/1.1)
HTTP/1.1 200 OK
Content-Type: application/json; charset=utf-8
cache-control: no-cache
content-length: 788

20:34:22.323 [AsyncHttpClient-1-2] DEBUG org.asynchttpclient.netty.channel.ChannelManager - Adding key: http://localhost:57321 for channel [id: 0x423288c7, L:/127.0.0.1:61636 - R:localhost/127.0.0.1:57321]
20:34:22.363 [AsyncHttpClient-1-3] DEBUG org.asynchttpclient.netty.channel.NettyConnectListener - Using new Channel '[id: 0x723051af, L:/127.0.0.1:61654 - R:localhost/127.0.0.1:61638]' for 'GET' to '/json/version'
20:34:22.379 [AsyncHttpClient-1-3] DEBUG org.asynchttpclient.netty.handler.HttpHandler - 

Request DefaultFullHttpRequest(decodeResult: success, version: HTTP/1.1, content: EmptyByteBufBE)
GET /json/version HTTP/1.1
User-Agent: selenium/4.1.2 (java windows)
host: localhost:61638
accept: */*

Response DefaultHttpResponse(decodeResult: success, version: HTTP/1.1)
HTTP/1.1 200 OK
Content-Type: application/json; charset=UTF-8
content-length: 428

20:34:22.379 [AsyncHttpClient-1-3] DEBUG org.asynchttpclient.netty.channel.ChannelManager - Adding key: http://localhost:61638 for channel [id: 0x723051af, L:/127.0.0.1:61654 - R:localhost/127.0.0.1:61638]
20:34:22.387 [AsyncHttpClient-1-4] DEBUG org.asynchttpclient.netty.channel.NettyConnectListener - Using new Channel '[id: 0x82d743bb, L:/127.0.0.1:61655 - R:localhost/127.0.0.1:61638]' for 'GET' to '/devtools/browser/3185fd3d-30db-4ff0-82ab-d9f81830114f'
20:34:22.435 [AsyncHttpClient-1-4] DEBUG org.asynchttpclient.netty.handler.WebSocketHandler - 

Request DefaultFullHttpRequest(decodeResult: success, version: HTTP/1.1, content: EmptyByteBufBE)
GET /devtools/browser/3185fd3d-30db-4ff0-82ab-d9f81830114f HTTP/1.1
upgrade: websocket
connection: upgrade
sec-websocket-key: upFZo9WxcAYh2ojt/MK7vA==
sec-websocket-version: 13
origin: http://localhost:61638
host: localhost:61638
accept: */*
user-agent: AHC/2.1

Response DefaultHttpResponse(decodeResult: success, version: HTTP/1.1)
HTTP/1.1 101 WebSocket Protocol Handshake
Upgrade: WebSocket
Connection: Upgrade
Sec-WebSocket-Accept: aFTk7korvQleLWXxAKQLs7/pVrY=

20:34:22.451 [Forwarding get on session 70b0f738788f7c2241dbb14248335e58 to remote] DEBUG org.asynchttpclient.netty.request.NettyRequestSender - Using pooled Channel '[id: 0x423288c7, L:/127.0.0.1:61636 - R:localhost/127.0.0.1:57321]' for 'POST' to 'http://localhost:57321/session/70b0f738788f7c2241dbb14248335e58/url'
20:34:22.451 [Forwarding get on session 70b0f738788f7c2241dbb14248335e58 to remote] DEBUG org.asynchttpclient.netty.request.NettyRequestSender - Using open Channel [id: 0x423288c7, L:/127.0.0.1:61636 - R:localhost/127.0.0.1:57321] for POST '/session/70b0f738788f7c2241dbb14248335e58/url'
20:34:22.593 [AsyncHttpClient-1-1] DEBUG org.asynchttpclient.netty.channel.DefaultChannelPool - Entry count for : http://localhost:61638 : 1
20:34:23.694 [AsyncHttpClient-1-1] DEBUG org.asynchttpclient.netty.channel.DefaultChannelPool - Entry count for : http://localhost:61638 : 1
20:34:24.489 [AsyncHttpClient-1-2] DEBUG org.asynchttpclient.netty.handler.HttpHandler - 

Request DefaultHttpRequest(decodeResult: success, version: HTTP/1.1)
POST /session/70b0f738788f7c2241dbb14248335e58/url HTTP/1.1
User-Agent: selenium/4.1.2 (java windows)
Content-Length: 84
Content-Type: application/json; charset=utf-8
host: localhost:57321
accept: */*

Response DefaultHttpResponse(decodeResult: success, version: HTTP/1.1)
HTTP/1.1 200 OK
Content-Type: application/json; charset=utf-8
cache-control: no-cache
content-length: 14

20:34:24.489 [AsyncHttpClient-1-2] DEBUG org.asynchttpclient.netty.channel.ChannelManager - Adding key: http://localhost:57321 for channel [id: 0x423288c7, L:/127.0.0.1:61636 - R:localhost/127.0.0.1:57321]
20:34:24.497 [Forwarding setTimeout on session 70b0f738788f7c2241dbb14248335e58 to remote] DEBUG org.asynchttpclient.netty.request.NettyRequestSender - Using pooled Channel '[id: 0x423288c7, L:/127.0.0.1:61636 - R:localhost/127.0.0.1:57321]' for 'POST' to 'http://localhost:57321/session/70b0f738788f7c2241dbb14248335e58/timeouts'
20:34:24.497 [Forwarding setTimeout on session 70b0f738788f7c2241dbb14248335e58 to remote] DEBUG org.asynchttpclient.netty.request.NettyRequestSender - Using open Channel [id: 0x423288c7, L:/127.0.0.1:61636 - R:localhost/127.0.0.1:57321] for POST '/session/70b0f738788f7c2241dbb14248335e58/timeouts'
20:34:24.513 [AsyncHttpClient-1-2] DEBUG org.asynchttpclient.netty.handler.HttpHandler - 

Request DefaultHttpRequest(decodeResult: success, version: HTTP/1.1)
POST /session/70b0f738788f7c2241dbb14248335e58/timeouts HTTP/1.1
User-Agent: selenium/4.1.2 (java windows)
Content-Length: 22
Content-Type: application/json; charset=utf-8
host: localhost:57321
accept: */*

Response DefaultHttpResponse(decodeResult: success, version: HTTP/1.1)
HTTP/1.1 200 OK
Content-Type: application/json; charset=utf-8
cache-control: no-cache
content-length: 14

20:34:24.513 [AsyncHttpClient-1-2] DEBUG org.asynchttpclient.netty.channel.ChannelManager - Adding key: http://localhost:57321 for channel [id: 0x423288c7, L:/127.0.0.1:61636 - R:localhost/127.0.0.1:57321]
20:34:24.553 [Forwarding getCurrentUrl on session 70b0f738788f7c2241dbb14248335e58 to remote] DEBUG org.asynchttpclient.netty.request.NettyRequestSender - Using pooled Channel '[id: 0x423288c7, L:/127.0.0.1:61636 - R:localhost/127.0.0.1:57321]' for 'GET' to 'http://localhost:57321/session/70b0f738788f7c2241dbb14248335e58/url'
20:34:24.553 [Forwarding getCurrentUrl on session 70b0f738788f7c2241dbb14248335e58 to remote] DEBUG org.asynchttpclient.netty.request.NettyRequestSender - Using open Channel [id: 0x423288c7, L:/127.0.0.1:61636 - R:localhost/127.0.0.1:57321] for GET '/session/70b0f738788f7c2241dbb14248335e58/url'
20:34:24.804 [AsyncHttpClient-1-1] DEBUG org.asynchttpclient.netty.channel.DefaultChannelPool - Entry count for : http://localhost:61638 : 1
20:34:24.892 [AsyncHttpClient-1-2] DEBUG org.asynchttpclient.netty.handler.HttpHandler - 

Request DefaultFullHttpRequest(decodeResult: success, version: HTTP/1.1, content: EmptyByteBufBE)
GET /session/70b0f738788f7c2241dbb14248335e58/url HTTP/1.1
User-Agent: selenium/4.1.2 (java windows)
Cache-Control: no-cache
Content-Type: application/json; charset=utf-8
host: localhost:57321
accept: */*

Response DefaultHttpResponse(decodeResult: success, version: HTTP/1.1)
HTTP/1.1 200 OK
Content-Type: application/json; charset=utf-8
cache-control: no-cache
content-length: 66

20:34:24.892 [AsyncHttpClient-1-2] DEBUG org.asynchttpclient.netty.channel.ChannelManager - Adding key: http://localhost:57321 for channel [id: 0x423288c7, L:/127.0.0.1:61636 - R:localhost/127.0.0.1:57321]
20:34:24.932 [main] DEBUG net.serenitybdd.core.photography.Darkroom - Opening darkroom
20:34:24.932 [Forwarding screenshot on session 70b0f738788f7c2241dbb14248335e58 to remote] DEBUG org.asynchttpclient.netty.request.NettyRequestSender - Using pooled Channel '[id: 0x423288c7, L:/127.0.0.1:61636 - R:localhost/127.0.0.1:57321]' for 'GET' to 'http://localhost:57321/session/70b0f738788f7c2241dbb14248335e58/screenshot'
20:34:24.932 [Forwarding screenshot on session 70b0f738788f7c2241dbb14248335e58 to remote] DEBUG org.asynchttpclient.netty.request.NettyRequestSender - Using open Channel [id: 0x423288c7, L:/127.0.0.1:61636 - R:localhost/127.0.0.1:57321] for GET '/session/70b0f738788f7c2241dbb14248335e58/screenshot'
20:34:25.020 [Darkroom Processing Line] DEBUG net.serenitybdd.core.photography.DarkroomProcessingLine - Darkroom processing line starting up
20:34:25.908 [AsyncHttpClient-1-1] DEBUG org.asynchttpclient.netty.channel.DefaultChannelPool - Entry count for : http://localhost:61638 : 1
20:34:27.132 [AsyncHttpClient-1-1] DEBUG org.asynchttpclient.netty.channel.DefaultChannelPool - Entry count for : http://localhost:61638 : 1
20:34:27.740 [AsyncHttpClient-1-2] DEBUG org.asynchttpclient.netty.handler.HttpHandler - 

Request DefaultFullHttpRequest(decodeResult: success, version: HTTP/1.1, content: EmptyByteBufBE)
GET /session/70b0f738788f7c2241dbb14248335e58/screenshot HTTP/1.1
User-Agent: selenium/4.1.2 (java windows)
Cache-Control: no-cache
Content-Type: application/json; charset=utf-8
host: localhost:57321
accept: */*

Response DefaultHttpResponse(decodeResult: success, version: HTTP/1.1)
HTTP/1.1 200 OK
Content-Type: application/json; charset=utf-8
cache-control: no-cache
content-length: 93040

20:34:27.748 [AsyncHttpClient-1-2] DEBUG org.asynchttpclient.netty.channel.ChannelManager - Adding key: http://localhost:57321 for channel [id: 0x423288c7, L:/127.0.0.1:61636 - R:localhost/127.0.0.1:57321]
20:34:27.756 [main] DEBUG net.serenitybdd.core.photography.Darkroom - Send negative for processing for target\site\serenity\ee66319f8cb5850ca609fa5af5fccf9e8848aa4d878c3d081ff200c30ff79dfd.png
20:34:27.756 [main] DEBUG net.thucydides.core.steps.StepInterceptor - STEP DONE: openDataDokter
  &amp#27;[32mGiven &amp#27;[0m&amp#27;[32mOpen page data dokter&amp#27;[0m                     &amp#27;[90m# starter.stepdefinitios.DokterDataSteps.openPageDataDokter()&amp#27;[0m
20:34:27.828 [Forwarding screenshot on session 70b0f738788f7c2241dbb14248335e58 to remote] DEBUG org.asynchttpclient.netty.request.NettyRequestSender - Using pooled Channel '[id: 0x423288c7, L:/127.0.0.1:61636 - R:localhost/127.0.0.1:57321]' for 'GET' to 'http://localhost:57321/session/70b0f738788f7c2241dbb14248335e58/screenshot'
20:34:27.828 [Forwarding screenshot on session 70b0f738788f7c2241dbb14248335e58 to remote] DEBUG org.asynchttpclient.netty.request.NettyRequestSender - Using open Channel [id: 0x423288c7, L:/127.0.0.1:61636 - R:localhost/127.0.0.1:57321] for GET '/session/70b0f738788f7c2241dbb14248335e58/screenshot'
20:34:28.191 [AsyncHttpClient-1-1] DEBUG org.asynchttpclient.netty.channel.DefaultChannelPool - Entry count for : http://localhost:61638 : 1
20:34:28.215 [AsyncHttpClient-1-2] DEBUG org.asynchttpclient.netty.handler.HttpHandler - 

Request DefaultFullHttpRequest(decodeResult: success, version: HTTP/1.1, content: EmptyByteBufBE)
GET /session/70b0f738788f7c2241dbb14248335e58/screenshot HTTP/1.1
User-Agent: selenium/4.1.2 (java windows)
Cache-Control: no-cache
Content-Type: application/json; charset=utf-8
host: localhost:57321
accept: */*

Response DefaultHttpResponse(decodeResult: success, version: HTTP/1.1)
HTTP/1.1 200 OK
Content-Type: application/json; charset=utf-8
cache-control: no-cache
content-length: 93040

20:34:28.215 [AsyncHttpClient-1-2] DEBUG org.asynchttpclient.netty.channel.ChannelManager - Adding key: http://localhost:57321 for channel [id: 0x423288c7, L:/127.0.0.1:61636 - R:localhost/127.0.0.1:57321]
20:34:28.231 [main] DEBUG net.serenitybdd.core.photography.Darkroom - Send negative for processing for target\site\serenity\ee66319f8cb5850ca609fa5af5fccf9e8848aa4d878c3d081ff200c30ff79dfd.png
20:34:28.287 [main] DEBUG net.thucydides.core.steps.StepInterceptor - STARTING STEP: DokterDataSteps.clickDetailDokterData - clickButtonDetail
20:34:28.295 [Forwarding findElement on session 70b0f738788f7c2241dbb14248335e58 to remote] DEBUG org.asynchttpclient.netty.request.NettyRequestSender - Using pooled Channel '[id: 0x423288c7, L:/127.0.0.1:61636 - R:localhost/127.0.0.1:57321]' for 'POST' to 'http://localhost:57321/session/70b0f738788f7c2241dbb14248335e58/element'
20:34:28.295 [Forwarding findElement on session 70b0f738788f7c2241dbb14248335e58 to remote] DEBUG org.asynchttpclient.netty.request.NettyRequestSender - Using open Channel [id: 0x423288c7, L:/127.0.0.1:61636 - R:localhost/127.0.0.1:57321] for POST '/session/70b0f738788f7c2241dbb14248335e58/element'
20:34:28.359 [AsyncHttpClient-1-2] DEBUG org.asynchttpclient.netty.handler.HttpHandler - 

Request DefaultHttpRequest(decodeResult: success, version: HTTP/1.1)
POST /session/70b0f738788f7c2241dbb14248335e58/element HTTP/1.1
User-Agent: selenium/4.1.2 (java windows)
Content-Length: 92
Content-Type: application/json; charset=utf-8
host: localhost:57321
accept: */*

Response DefaultHttpResponse(decodeResult: success, version: HTTP/1.1)
HTTP/1.1 200 OK
Content-Type: application/json; charset=utf-8
cache-control: no-cache
content-length: 88

20:34:28.359 [AsyncHttpClient-1-2] DEBUG org.asynchttpclient.netty.channel.ChannelManager - Adding key: http://localhost:57321 for channel [id: 0x423288c7, L:/127.0.0.1:61636 - R:localhost/127.0.0.1:57321]
20:34:28.367 [Forwarding getElementTagName on session 70b0f738788f7c2241dbb14248335e58 to remote] DEBUG org.asynchttpclient.netty.request.NettyRequestSender - Using pooled Channel '[id: 0x423288c7, L:/127.0.0.1:61636 - R:localhost/127.0.0.1:57321]' for 'GET' to 'http://localhost:57321/session/70b0f738788f7c2241dbb14248335e58/element/82d4f682-4f12-4fcb-9f0c-89c3f3984671/name'
20:34:28.367 [Forwarding getElementTagName on session 70b0f738788f7c2241dbb14248335e58 to remote] DEBUG org.asynchttpclient.netty.request.NettyRequestSender - Using open Channel [id: 0x423288c7, L:/127.0.0.1:61636 - R:localhost/127.0.0.1:57321] for GET '/session/70b0f738788f7c2241dbb14248335e58/element/82d4f682-4f12-4fcb-9f0c-89c3f3984671/name'
20:34:28.391 [AsyncHttpClient-1-2] DEBUG org.asynchttpclient.netty.handler.HttpHandler - 

Request DefaultFullHttpRequest(decodeResult: success, version: HTTP/1.1, content: EmptyByteBufBE)
GET /session/70b0f738788f7c2241dbb14248335e58/element/82d4f682-4f12-4fcb-9f0c-89c3f3984671/name HTTP/1.1
User-Agent: selenium/4.1.2 (java windows)
Cache-Control: no-cache
Content-Type: application/json; charset=utf-8
host: localhost:57321
accept: */*

Response DefaultHttpResponse(decodeResult: success, version: HTTP/1.1)
HTTP/1.1 200 OK
Content-Type: application/json; charset=utf-8
cache-control: no-cache
content-length: 15

20:34:28.391 [AsyncHttpClient-1-2] DEBUG org.asynchttpclient.netty.channel.ChannelManager - Adding key: http://localhost:57321 for channel [id: 0x423288c7, L:/127.0.0.1:61636 - R:localhost/127.0.0.1:57321]
20:34:28.391 [Forwarding getElementTagName on session 70b0f738788f7c2241dbb14248335e58 to remote] DEBUG org.asynchttpclient.netty.request.NettyRequestSender - Using pooled Channel '[id: 0x423288c7, L:/127.0.0.1:61636 - R:localhost/127.0.0.1:57321]' for 'GET' to 'http://localhost:57321/session/70b0f738788f7c2241dbb14248335e58/element/82d4f682-4f12-4fcb-9f0c-89c3f3984671/name'
20:34:28.391 [Forwarding getElementTagName on session 70b0f738788f7c2241dbb14248335e58 to remote] DEBUG org.asynchttpclient.netty.request.NettyRequestSender - Using open Channel [id: 0x423288c7, L:/127.0.0.1:61636 - R:localhost/127.0.0.1:57321] for GET '/session/70b0f738788f7c2241dbb14248335e58/element/82d4f682-4f12-4fcb-9f0c-89c3f3984671/name'
20:34:28.415 [AsyncHttpClient-1-2] DEBUG org.asynchttpclient.netty.handler.HttpHandler - 

Request DefaultFullHttpRequest(decodeResult: success, version: HTTP/1.1, content: EmptyByteBufBE)
GET /session/70b0f738788f7c2241dbb14248335e58/element/82d4f682-4f12-4fcb-9f0c-89c3f3984671/name HTTP/1.1
User-Agent: selenium/4.1.2 (java windows)
Cache-Control: no-cache
Content-Type: application/json; charset=utf-8
host: localhost:57321
accept: */*

Response DefaultHttpResponse(decodeResult: success, version: HTTP/1.1)
HTTP/1.1 200 OK
Content-Type: application/json; charset=utf-8
cache-control: no-cache
content-length: 15

20:34:28.415 [AsyncHttpClient-1-2] DEBUG org.asynchttpclient.netty.channel.ChannelManager - Adding key: http://localhost:57321 for channel [id: 0x423288c7, L:/127.0.0.1:61636 - R:localhost/127.0.0.1:57321]
20:34:28.423 [Forwarding findElement on session 70b0f738788f7c2241dbb14248335e58 to remote] DEBUG org.asynchttpclient.netty.request.NettyRequestSender - Using pooled Channel '[id: 0x423288c7, L:/127.0.0.1:61636 - R:localhost/127.0.0.1:57321]' for 'POST' to 'http://localhost:57321/session/70b0f738788f7c2241dbb14248335e58/element'
20:34:28.423 [Forwarding findElement on session 70b0f738788f7c2241dbb14248335e58 to remote] DEBUG org.asynchttpclient.netty.request.NettyRequestSender - Using open Channel [id: 0x423288c7, L:/127.0.0.1:61636 - R:localhost/127.0.0.1:57321] for POST '/session/70b0f738788f7c2241dbb14248335e58/element'
20:34:28.463 [AsyncHttpClient-1-2] DEBUG org.asynchttpclient.netty.handler.HttpHandler - 

Request DefaultHttpRequest(decodeResult: success, version: HTTP/1.1)
POST /session/70b0f738788f7c2241dbb14248335e58/element HTTP/1.1
User-Agent: selenium/4.1.2 (java windows)
Content-Length: 92
Content-Type: application/json; charset=utf-8
host: localhost:57321
accept: */*

Response DefaultHttpResponse(decodeResult: success, version: HTTP/1.1)
HTTP/1.1 200 OK
Content-Type: application/json; charset=utf-8
cache-control: no-cache
content-length: 88

20:34:28.463 [AsyncHttpClient-1-2] DEBUG org.asynchttpclient.netty.channel.ChannelManager - Adding key: http://localhost:57321 for channel [id: 0x423288c7, L:/127.0.0.1:61636 - R:localhost/127.0.0.1:57321]
20:34:28.471 [Forwarding clickElement on session 70b0f738788f7c2241dbb14248335e58 to remote] DEBUG org.asynchttpclient.netty.request.NettyRequestSender - Using pooled Channel '[id: 0x423288c7, L:/127.0.0.1:61636 - R:localhost/127.0.0.1:57321]' for 'POST' to 'http://localhost:57321/session/70b0f738788f7c2241dbb14248335e58/element/82d4f682-4f12-4fcb-9f0c-89c3f3984671/click'
20:34:28.471 [Forwarding clickElement on session 70b0f738788f7c2241dbb14248335e58 to remote] DEBUG org.asynchttpclient.netty.request.NettyRequestSender - Using open Channel [id: 0x423288c7, L:/127.0.0.1:61636 - R:localhost/127.0.0.1:57321] for POST '/session/70b0f738788f7c2241dbb14248335e58/element/82d4f682-4f12-4fcb-9f0c-89c3f3984671/click'
20:34:29.070 [AsyncHttpClient-1-2] DEBUG org.asynchttpclient.netty.handler.HttpHandler - 

Request DefaultHttpRequest(decodeResult: success, version: HTTP/1.1)
POST /session/70b0f738788f7c2241dbb14248335e58/element/82d4f682-4f12-4fcb-9f0c-89c3f3984671/click HTTP/1.1
User-Agent: selenium/4.1.2 (java windows)
Content-Length: 50
Content-Type: application/json; charset=utf-8
host: localhost:57321
accept: */*

Response DefaultHttpResponse(decodeResult: success, version: HTTP/1.1)
HTTP/1.1 200 OK
Content-Type: application/json; charset=utf-8
cache-control: no-cache
content-length: 14

20:34:29.070 [AsyncHttpClient-1-2] DEBUG org.asynchttpclient.netty.channel.ChannelManager - Adding key: http://localhost:57321 for channel [id: 0x423288c7, L:/127.0.0.1:61636 - R:localhost/127.0.0.1:57321]
20:34:29.110 [Forwarding screenshot on session 70b0f738788f7c2241dbb14248335e58 to remote] DEBUG org.asynchttpclient.netty.request.NettyRequestSender - Using pooled Channel '[id: 0x423288c7, L:/127.0.0.1:61636 - R:localhost/127.0.0.1:57321]' for 'GET' to 'http://localhost:57321/session/70b0f738788f7c2241dbb14248335e58/screenshot'
20:34:29.110 [Forwarding screenshot on session 70b0f738788f7c2241dbb14248335e58 to remote] DEBUG org.asynchttpclient.netty.request.NettyRequestSender - Using open Channel [id: 0x423288c7, L:/127.0.0.1:61636 - R:localhost/127.0.0.1:57321] for GET '/session/70b0f738788f7c2241dbb14248335e58/screenshot'
20:34:29.382 [AsyncHttpClient-1-1] DEBUG org.asynchttpclient.netty.channel.DefaultChannelPool - Entry count for : http://localhost:61638 : 1
20:34:30.310 [AsyncHttpClient-1-2] DEBUG org.asynchttpclient.netty.handler.HttpHandler - 

Request DefaultFullHttpRequest(decodeResult: success, version: HTTP/1.1, content: EmptyByteBufBE)
GET /session/70b0f738788f7c2241dbb14248335e58/screenshot HTTP/1.1
User-Agent: selenium/4.1.2 (java windows)
Cache-Control: no-cache
Content-Type: application/json; charset=utf-8
host: localhost:57321
accept: */*

Response DefaultHttpResponse(decodeResult: success, version: HTTP/1.1)
HTTP/1.1 200 OK
Content-Type: application/json; charset=utf-8
cache-control: no-cache
content-length: 40828

20:34:30.310 [AsyncHttpClient-1-2] DEBUG org.asynchttpclient.netty.channel.ChannelManager - Adding key: http://localhost:57321 for channel [id: 0x423288c7, L:/127.0.0.1:61636 - R:localhost/127.0.0.1:57321]
20:34:30.318 [main] DEBUG net.serenitybdd.core.photography.Darkroom - Send negative for processing for target\site\serenity\04fe93dabd805f499a2ff8d2720756d210eba9f8e17d5e29783da80e035a7781.png
20:34:30.318 [main] DEBUG net.thucydides.core.steps.StepInterceptor - STEP DONE: clickButtonDetail
  &amp#27;[32mWhen &amp#27;[0m&amp#27;[32mClick Detail dokter data&amp#27;[0m                   &amp#27;[90m# starter.stepdefinitios.DokterDataSteps.clickDetailDokterData()&amp#27;[0m
20:34:30.318 [Darkroom Processing Line] DEBUG net.serenitybdd.core.photography.DarkroomProcessingLine - Processing screenshot image in /var/screenshots/screenshot-16185090048374307650
20:34:30.318 [Darkroom Processing Line] DEBUG net.serenitybdd.core.photography.DarkroomProcessingLine - Saving screenshot to target\site\serenity\04fe93dabd805f499a2ff8d2720756d210eba9f8e17d5e29783da80e035a7781.png
20:34:30.382 [Forwarding screenshot on session 70b0f738788f7c2241dbb14248335e58 to remote] DEBUG org.asynchttpclient.netty.request.NettyRequestSender - Using pooled Channel '[id: 0x423288c7, L:/127.0.0.1:61636 - R:localhost/127.0.0.1:57321]' for 'GET' to 'http://localhost:57321/session/70b0f738788f7c2241dbb14248335e58/screenshot'
20:34:30.382 [Forwarding screenshot on session 70b0f738788f7c2241dbb14248335e58 to remote] DEBUG org.asynchttpclient.netty.request.NettyRequestSender - Using open Channel [id: 0x423288c7, L:/127.0.0.1:61636 - R:localhost/127.0.0.1:57321] for GET '/session/70b0f738788f7c2241dbb14248335e58/screenshot'
20:34:30.494 [AsyncHttpClient-1-1] DEBUG org.asynchttpclient.netty.channel.DefaultChannelPool - Entry count for : http://localhost:61638 : 1
20:34:31.030 [AsyncHttpClient-1-2] DEBUG org.asynchttpclient.netty.handler.HttpHandler - 

Request DefaultFullHttpRequest(decodeResult: success, version: HTTP/1.1, content: EmptyByteBufBE)
GET /session/70b0f738788f7c2241dbb14248335e58/screenshot HTTP/1.1
User-Agent: selenium/4.1.2 (java windows)
Cache-Control: no-cache
Content-Type: application/json; charset=utf-8
host: localhost:57321
accept: */*

Response DefaultHttpResponse(decodeResult: success, version: HTTP/1.1)
HTTP/1.1 200 OK
Content-Type: application/json; charset=utf-8
cache-control: no-cache
content-length: 224444

20:34:31.030 [AsyncHttpClient-1-2] DEBUG org.asynchttpclient.netty.channel.ChannelManager - Adding key: http://localhost:57321 for channel [id: 0x423288c7, L:/127.0.0.1:61636 - R:localhost/127.0.0.1:57321]
20:34:31.062 [main] DEBUG net.serenitybdd.core.photography.Darkroom - Send negative for processing for target\site\serenity\429e5420774d44a41d395f2da61f43288dda5f4ad88dbcdea449443b016c0537.png
20:34:31.062 [Darkroom Processing Line] DEBUG net.serenitybdd.core.photography.DarkroomProcessingLine - Processing screenshot image in /var/screenshots/screenshot-3724999716269457857
20:34:31.062 [Darkroom Processing Line] DEBUG net.serenitybdd.core.photography.DarkroomProcessingLine - Saving screenshot to target\site\serenity\429e5420774d44a41d395f2da61f43288dda5f4ad88dbcdea449443b016c0537.png
20:34:31.593 [AsyncHttpClient-1-1] DEBUG org.asynchttpclient.netty.channel.DefaultChannelPool - Entry count for : http://localhost:57321 : 1
20:34:31.593 [AsyncHttpClient-1-1] DEBUG org.asynchttpclient.netty.channel.DefaultChannelPool - Entry count for : http://localhost:61638 : 1
20:34:31.617 [Forwarding screenshot on session 70b0f738788f7c2241dbb14248335e58 to remote] DEBUG org.asynchttpclient.netty.request.NettyRequestSender - Using pooled Channel '[id: 0x423288c7, L:/127.0.0.1:61636 - R:localhost/127.0.0.1:57321]' for 'GET' to 'http://localhost:57321/session/70b0f738788f7c2241dbb14248335e58/screenshot'
20:34:31.617 [Forwarding screenshot on session 70b0f738788f7c2241dbb14248335e58 to remote] DEBUG org.asynchttpclient.netty.request.NettyRequestSender - Using open Channel [id: 0x423288c7, L:/127.0.0.1:61636 - R:localhost/127.0.0.1:57321] for GET '/session/70b0f738788f7c2241dbb14248335e58/screenshot'
20:34:32.394 [AsyncHttpClient-1-2] DEBUG org.asynchttpclient.netty.handler.HttpHandler - 

Request DefaultFullHttpRequest(decodeResult: success, version: HTTP/1.1, content: EmptyByteBufBE)
GET /session/70b0f738788f7c2241dbb14248335e58/screenshot HTTP/1.1
User-Agent: selenium/4.1.2 (java windows)
Cache-Control: no-cache
Content-Type: application/json; charset=utf-8
host: localhost:57321
accept: */*

Response DefaultHttpResponse(decodeResult: success, version: HTTP/1.1)
HTTP/1.1 200 OK
Content-Type: application/json; charset=utf-8
cache-control: no-cache
content-length: 354632

20:34:32.402 [AsyncHttpClient-1-2] DEBUG org.asynchttpclient.netty.channel.ChannelManager - Adding key: http://localhost:57321 for channel [id: 0x423288c7, L:/127.0.0.1:61636 - R:localhost/127.0.0.1:57321]
20:34:32.485 [main] DEBUG net.serenitybdd.core.photography.Darkroom - Send negative for processing for target\site\serenity\c38e676509f925990e0ed7be9f73ee76517811873c3dd9ebd6049b6df69758e5.png
20:34:32.485 [main] DEBUG net.thucydides.core.steps.StepInterceptor - STARTING STEP: DokterDataSteps.validDataDetailDokter - checkValidDataPasien
20:34:32.501 [Forwarding findElement on session 70b0f738788f7c2241dbb14248335e58 to remote] DEBUG org.asynchttpclient.netty.request.NettyRequestSender - Using pooled Channel '[id: 0x423288c7, L:/127.0.0.1:61636 - R:localhost/127.0.0.1:57321]' for 'POST' to 'http://localhost:57321/session/70b0f738788f7c2241dbb14248335e58/element'
20:34:32.501 [Forwarding findElement on session 70b0f738788f7c2241dbb14248335e58 to remote] DEBUG org.asynchttpclient.netty.request.NettyRequestSender - Using open Channel [id: 0x423288c7, L:/127.0.0.1:61636 - R:localhost/127.0.0.1:57321] for POST '/session/70b0f738788f7c2241dbb14248335e58/element'
20:34:32.509 [Darkroom Processing Line] DEBUG net.serenitybdd.core.photography.DarkroomProcessingLine - Processing screenshot image in /var/screenshots/screenshot-2601373636724929960
20:34:32.509 [Darkroom Processing Line] DEBUG net.serenitybdd.core.photography.DarkroomProcessingLine - Saving screenshot to target\site\serenity\c38e676509f925990e0ed7be9f73ee76517811873c3dd9ebd6049b6df69758e5.png
20:34:32.605 [AsyncHttpClient-1-2] DEBUG org.asynchttpclient.netty.handler.HttpHandler - 

Request DefaultHttpRequest(decodeResult: success, version: HTTP/1.1)
POST /session/70b0f738788f7c2241dbb14248335e58/element HTTP/1.1
User-Agent: selenium/4.1.2 (java windows)
Content-Length: 95
Content-Type: application/json; charset=utf-8
host: localhost:57321
accept: */*

Response DefaultHttpResponse(decodeResult: success, version: HTTP/1.1)
HTTP/1.1 200 OK
Content-Type: application/json; charset=utf-8
cache-control: no-cache
content-length: 88

20:34:32.605 [AsyncHttpClient-1-2] DEBUG org.asynchttpclient.netty.channel.ChannelManager - Adding key: http://localhost:57321 for channel [id: 0x423288c7, L:/127.0.0.1:61636 - R:localhost/127.0.0.1:57321]
20:34:32.605 [Forwarding isElementEnabled on session 70b0f738788f7c2241dbb14248335e58 to remote] DEBUG org.asynchttpclient.netty.request.NettyRequestSender - Using pooled Channel '[id: 0x423288c7, L:/127.0.0.1:61636 - R:localhost/127.0.0.1:57321]' for 'GET' to 'http://localhost:57321/session/70b0f738788f7c2241dbb14248335e58/element/02ea3db2-1dba-45f3-8681-4bc71d88a955/enabled'
20:34:32.605 [Forwarding isElementEnabled on session 70b0f738788f7c2241dbb14248335e58 to remote] DEBUG org.asynchttpclient.netty.request.NettyRequestSender - Using open Channel [id: 0x423288c7, L:/127.0.0.1:61636 - R:localhost/127.0.0.1:57321] for GET '/session/70b0f738788f7c2241dbb14248335e58/element/02ea3db2-1dba-45f3-8681-4bc71d88a955/enabled'
20:34:32.757 [AsyncHttpClient-1-1] DEBUG org.asynchttpclient.netty.channel.DefaultChannelPool - Entry count for : http://localhost:61638 : 1
20:34:32.997 [AsyncHttpClient-1-2] DEBUG org.asynchttpclient.netty.handler.HttpHandler - 

Request DefaultFullHttpRequest(decodeResult: success, version: HTTP/1.1, content: EmptyByteBufBE)
GET /session/70b0f738788f7c2241dbb14248335e58/element/02ea3db2-1dba-45f3-8681-4bc71d88a955/enabled HTTP/1.1
User-Agent: selenium/4.1.2 (java windows)
Cache-Control: no-cache
Content-Type: application/json; charset=utf-8
host: localhost:57321
accept: */*

Response DefaultHttpResponse(decodeResult: success, version: HTTP/1.1)
HTTP/1.1 200 OK
Content-Type: application/json; charset=utf-8
cache-control: no-cache
content-length: 14

20:34:32.997 [AsyncHttpClient-1-2] DEBUG org.asynchttpclient.netty.channel.ChannelManager - Adding key: http://localhost:57321 for channel [id: 0x423288c7, L:/127.0.0.1:61636 - R:localhost/127.0.0.1:57321]
20:34:33.021 [Forwarding screenshot on session 70b0f738788f7c2241dbb14248335e58 to remote] DEBUG org.asynchttpclient.netty.request.NettyRequestSender - Using pooled Channel '[id: 0x423288c7, L:/127.0.0.1:61636 - R:localhost/127.0.0.1:57321]' for 'GET' to 'http://localhost:57321/session/70b0f738788f7c2241dbb14248335e58/screenshot'
20:34:33.021 [Forwarding screenshot on session 70b0f738788f7c2241dbb14248335e58 to remote] DEBUG org.asynchttpclient.netty.request.NettyRequestSender - Using open Channel [id: 0x423288c7, L:/127.0.0.1:61636 - R:localhost/127.0.0.1:57321] for GET '/session/70b0f738788f7c2241dbb14248335e58/screenshot'
20:34:33.789 [AsyncHttpClient-1-1] DEBUG org.asynchttpclient.netty.channel.DefaultChannelPool - Entry count for : http://localhost:61638 : 1
20:34:34.226 [AsyncHttpClient-1-2] DEBUG org.asynchttpclient.netty.handler.HttpHandler - 

Request DefaultFullHttpRequest(decodeResult: success, version: HTTP/1.1, content: EmptyByteBufBE)
GET /session/70b0f738788f7c2241dbb14248335e58/screenshot HTTP/1.1
User-Agent: selenium/4.1.2 (java windows)
Cache-Control: no-cache
Content-Type: application/json; charset=utf-8
host: localhost:57321
accept: */*

Response DefaultHttpResponse(decodeResult: success, version: HTTP/1.1)
HTTP/1.1 200 OK
Content-Type: application/json; charset=utf-8
cache-control: no-cache
content-length: 354632

20:34:34.234 [AsyncHttpClient-1-2] DEBUG org.asynchttpclient.netty.channel.ChannelManager - Adding key: http://localhost:57321 for channel [id: 0x423288c7, L:/127.0.0.1:61636 - R:localhost/127.0.0.1:57321]
20:34:34.346 [main] DEBUG net.serenitybdd.core.photography.Darkroom - Send negative for processing for target\site\serenity\c38e676509f925990e0ed7be9f73ee76517811873c3dd9ebd6049b6df69758e5.png
20:34:34.346 [main] DEBUG net.thucydides.core.steps.StepInterceptor - STEP DONE: checkValidDataPasien
  &amp#27;[32mThen &amp#27;[0m&amp#27;[32mValid data detail dokter&amp#27;[0m                   &amp#27;[90m# starter.stepdefinitios.DokterDataSteps.validDataDetailDokter()&amp#27;[0m
20:34:34.442 [main] INFO  - 
  _____   ___   ___   _____     ___     _     ___   ___   ___   ___  
 |_   _| | __| / __| |_   _|   | _ \   /_\   / __| / __| | __| |   \ 
   | |   | _|  \__ \   | |     |  _/  / _ \  \__ \ \__ \ | _|  | |) |
   |_|   |___| |___/   |_|     |_|   /_/ \_\ |___/ |___/ |___| |___/ 

As a admin i want to detail data dokter
----------------------------------------------------------------------
20:34:34.522 [AsyncHttpClient-1-4] DEBUG org.asynchttpclient.netty.handler.WebSocketHandler - Channel Closed: [id: 0x82d743bb, L:/127.0.0.1:61655 ! R:localhost/127.0.0.1:61638] with attribute NettyResponseFuture{currentRetry=5,
	isDone=1,
	isCancelled=0,
	asyncHandler=org.asynchttpclient.ws.WebSocketUpgradeHandler@3a68d992,
	nettyRequest=org.asynchttpclient.netty.request.NettyRequest@6b673058,
	future=java.util.concurrent.CompletableFuture@37c07e8d[Completed normally],
	uri=ws://localhost:61638/devtools/browser/3185fd3d-30db-4ff0-82ab-d9f81830114f,
	keepAlive=true,
	redirectCount=0,
	timeoutsHolder=null,
	inAuth=0,
	touch=1655991262435}
20:34:34.602 [AsyncHttpClient-1-4] DEBUG org.asynchttpclient.netty.channel.ChannelManager - Closing Channel [id: 0x82d743bb, L:/127.0.0.1:61655 ! R:localhost/127.0.0.1:61638] 
20:34:34.610 [Driver Command Executor] DEBUG org.asynchttpclient.netty.request.NettyRequestSender - Using pooled Channel '[id: 0x423288c7, L:/127.0.0.1:61636 - R:localhost/127.0.0.1:57321]' for 'DELETE' to 'http://localhost:57321/session/70b0f738788f7c2241dbb14248335e58'
20:34:34.610 [Driver Command Executor] DEBUG org.asynchttpclient.netty.request.NettyRequestSender - Using open Channel [id: 0x423288c7, L:/127.0.0.1:61636 - R:localhost/127.0.0.1:57321] for DELETE '/session/70b0f738788f7c2241dbb14248335e58'
20:34:34.898 [AsyncHttpClient-1-1] DEBUG org.asynchttpclient.netty.channel.DefaultChannelPool - Entry count for : http://localhost:61638 : 1
20:34:35.994 [AsyncHttpClient-1-1] DEBUG org.asynchttpclient.netty.channel.DefaultChannelPool - Entry count for : http://localhost:61638 : 1
20:34:36.942 [AsyncHttpClient-1-3] DEBUG org.asynchttpclient.netty.handler.HttpHandler - Unexpected I/O exception on channel [id: 0x723051af, L:/127.0.0.1:61654 - R:localhost/127.0.0.1:61638]
java.io.IOException: An existing connection was forcibly closed by the remote host
	at java.base/sun.nio.ch.SocketDispatcher.read0(Native Method)
	at java.base/sun.nio.ch.SocketDispatcher.read(SocketDispatcher.java:43)
	at java.base/sun.nio.ch.IOUtil.readIntoNativeBuffer(IOUtil.java:276)
	at java.base/sun.nio.ch.IOUtil.read(IOUtil.java:233)
	at java.base/sun.nio.ch.IOUtil.read(IOUtil.java:223)
	at java.base/sun.nio.ch.SocketChannelImpl.read(SocketChannelImpl.java:358)
	at io.netty.buffer.PooledByteBuf.setBytes(PooledByteBuf.java:258)
	at io.netty.buffer.AbstractByteBuf.writeBytes(AbstractByteBuf.java:1132)
	at io.netty.channel.socket.nio.NioSocketChannel.doReadBytes(NioSocketChannel.java:350)
	at io.netty.channel.nio.AbstractNioByteChannel$NioByteUnsafe.read(AbstractNioByteChannel.java:151)
	at io.netty.channel.nio.NioEventLoop.processSelectedKey(NioEventLoop.java:722)
	at io.netty.channel.nio.NioEventLoop.processSelectedKeysOptimized(NioEventLoop.java:658)
	at io.netty.channel.nio.NioEventLoop.processSelectedKeys(NioEventLoop.java:584)
	at io.netty.channel.nio.NioEventLoop.run(NioEventLoop.java:496)
	at io.netty.util.concurrent.SingleThreadEventExecutor$4.run(SingleThreadEventExecutor.java:986)
	at io.netty.util.internal.ThreadExecutorMap$2.run(ThreadExecutorMap.java:74)
	at io.netty.util.concurrent.FastThreadLocalRunnable.run(FastThreadLocalRunnable.java:30)
	at java.base/java.lang.Thread.run(Thread.java:834)
20:34:36.942 [AsyncHttpClient-1-3] DEBUG org.asynchttpclient.netty.channel.ChannelManager - Closing Channel [id: 0x723051af, L:/127.0.0.1:61654 - R:localhost/127.0.0.1:61638] 
20:34:36.942 [AsyncHttpClient-1-3] DEBUG org.asynchttpclient.netty.handler.HttpHandler - Channel Closed: [id: 0x723051af, L:/127.0.0.1:61654 ! R:localhost/127.0.0.1:61638] with attribute DISCARD
20:34:37.089 [AsyncHttpClient-1-1] DEBUG org.asynchttpclient.netty.channel.DefaultChannelPool - Entry count for : http://localhost:61638 : 1
20:34:37.089 [AsyncHttpClient-1-1] DEBUG org.asynchttpclient.netty.channel.DefaultChannelPool - Adding Candidate expired Channel [id: 0x723051af, L:/127.0.0.1:61654 ! R:localhost/127.0.0.1:61638] isIdleTimeoutExpired=false isRemotelyClosed=true isTtlExpired=false
20:34:37.089 [AsyncHttpClient-1-1] DEBUG org.asynchttpclient.netty.channel.DefaultChannelPool - Closing Idle Channel [id: 0x723051af, L:/127.0.0.1:61654 ! R:localhost/127.0.0.1:61638]
20:34:37.089 [AsyncHttpClient-1-1] DEBUG org.asynchttpclient.netty.channel.DefaultChannelPool - Closed 1 connections out of 1 in 0 ms
20:34:37.510 [AsyncHttpClient-1-2] DEBUG org.asynchttpclient.netty.handler.HttpHandler - 

Request DefaultFullHttpRequest(decodeResult: success, version: HTTP/1.1, content: EmptyByteBufBE)
DELETE /session/70b0f738788f7c2241dbb14248335e58 HTTP/1.1
User-Agent: selenium/4.1.2 (java windows)
Content-Type: application/json; charset=utf-8
host: localhost:57321
accept: */*

Response DefaultHttpResponse(decodeResult: success, version: HTTP/1.1)
HTTP/1.1 200 OK
Content-Type: application/json; charset=utf-8
cache-control: no-cache
content-length: 14

20:34:37.510 [AsyncHttpClient-1-2] DEBUG org.asynchttpclient.netty.channel.ChannelManager - Adding key: http://localhost:57321 for channel [id: 0x423288c7, L:/127.0.0.1:61636 - R:localhost/127.0.0.1:57321]
20:34:38.190 [AsyncHttpClient-1-1] DEBUG org.asynchttpclient.netty.channel.DefaultChannelPool - Entry count for : http://localhost:57321 : 1
20:34:38.714 [AsyncHttpClient-1-2] DEBUG org.asynchttpclient.netty.handler.HttpHandler - Unexpected I/O exception on channel [id: 0x423288c7, L:/127.0.0.1:61636 - R:localhost/127.0.0.1:57321]
java.io.IOException: An existing connection was forcibly closed by the remote host
	at java.base/sun.nio.ch.SocketDispatcher.read0(Native Method)
	at java.base/sun.nio.ch.SocketDispatcher.read(SocketDispatcher.java:43)
	at java.base/sun.nio.ch.IOUtil.readIntoNativeBuffer(IOUtil.java:276)
	at java.base/sun.nio.ch.IOUtil.read(IOUtil.java:233)
	at java.base/sun.nio.ch.IOUtil.read(IOUtil.java:223)
	at java.base/sun.nio.ch.SocketChannelImpl.read(SocketChannelImpl.java:358)
	at io.netty.buffer.PooledByteBuf.setBytes(PooledByteBuf.java:258)
	at io.netty.buffer.AbstractByteBuf.writeBytes(AbstractByteBuf.java:1132)
	at io.netty.channel.socket.nio.NioSocketChannel.doReadBytes(NioSocketChannel.java:350)
	at io.netty.channel.nio.AbstractNioByteChannel$NioByteUnsafe.read(AbstractNioByteChannel.java:151)
	at io.netty.channel.nio.NioEventLoop.processSelectedKey(NioEventLoop.java:722)
	at io.netty.channel.nio.NioEventLoop.processSelectedKeysOptimized(NioEventLoop.java:658)
	at io.netty.channel.nio.NioEventLoop.processSelectedKeys(NioEventLoop.java:584)
	at io.netty.channel.nio.NioEventLoop.run(NioEventLoop.java:496)
	at io.netty.util.concurrent.SingleThreadEventExecutor$4.run(SingleThreadEventExecutor.java:986)
	at io.netty.util.internal.ThreadExecutorMap$2.run(ThreadExecutorMap.java:74)
	at io.netty.util.concurrent.FastThreadLocalRunnable.run(FastThreadLocalRunnable.java:30)
	at java.base/java.lang.Thread.run(Thread.java:834)
20:34:38.714 [AsyncHttpClient-1-2] DEBUG org.asynchttpclient.netty.channel.ChannelManager - Closing Channel [id: 0x423288c7, L:/127.0.0.1:61636 - R:localhost/127.0.0.1:57321] 
20:34:38.714 [AsyncHttpClient-1-2] DEBUG org.asynchttpclient.netty.handler.HttpHandler - Channel Closed: [id: 0x423288c7, L:/127.0.0.1:61636 ! R:localhost/127.0.0.1:57321] with attribute DISCARD
]]></system-out>
    <system-err><![CDATA[Starting ChromeDriver 102.0.5005.61 (0e59bcc00cc4985ce39ad31c150065f159d95ad3-refs/branch-heads/5005@{#819}) on port 57321
Only local connections are allowed.
Please see https://chromedriver.chromium.org/security-considerations for suggestions on keeping ChromeDriver safe.
ChromeDriver was started successfully.
Jun 23, 2022 8:34:22 PM org.openqa.selenium.remote.ProtocolHandshake createSession
INFO: Detected dialect: W3C
Jun 23, 2022 8:34:22 PM org.openqa.selenium.devtools.CdpVersionFinder findNearestMatch
WARNING: Unable to find an exact match for CDP version 102, so returning the closest version found: a no-op implementation
Jun 23, 2022 8:34:22 PM org.openqa.selenium.devtools.CdpVersionFinder findNearestMatch
INFO: Unable to find CDP implementation matching 102.
Jun 23, 2022 8:34:22 PM org.openqa.selenium.chromium.ChromiumDriver lambda$new$3
WARNING: Unable to find version of CDP to use for . You may need to include a dependency on a specific version of the CDP using something similar to `org.seleniumhq.selenium:selenium-devtools-v86:4.1.2` where the version ("v86") matches the version of the chromium-based browser you're using and the version number of the artifact is the same as Selenium's.
]]></system-err>
  </testcase>
  <testcase name="As a admin i want to detail data pasien" classname="Detail Data Pasien - Admin" time="19.339">
    <system-out><![CDATA[20:34:38.818 [main] INFO io.cucumber.core.plugin.SerenityReporter - Running feature from file:///D:/Kel-1-capstone/TestingWeb/src/test/resources/features/DetailDataPasien.feature
20:34:38.866 [main] DEBUG net.thucydides.core.steps.StepEventBus - Test suite started for story net.thucydides.core.model.Story@8b7088da
20:34:38.866 [main] INFO  - Test Suite Started: Detail Data Pasien - Admin

@DetailPatientData
Scenario: As a admin i want to detail data pasien &amp#27;[90m# src/test/resources/features/DetailDataPasien.feature:4&amp#27;[0m
20:34:38.922 [main] INFO io.cucumber.core.plugin.SerenityReporter - Running feature from file:///D:/Kel-1-capstone/TestingWeb/src/test/resources/features/DetailDataPasien.feature
20:34:38.930 [main] INFO  - 
  _____   ___   ___   _____     ___   _____     _     ___   _____   ___   ___  
 |_   _| | __| / __| |_   _|   / __| |_   _|   /_\   | _ \ |_   _| | __| |   \ 
   | |   | _|  \__ \   | |     \__ \   | |    / _ \  |   /   | |   | _|  | |) |
   |_|   |___| |___/   |_|     |___/   |_|   /_/ \_\ |_|_\   |_|   |___| |___/ 

As a admin i want to detail data pasien(detail-data-pasien---admin;as-a-admin-i-want-to-detail-data-pasien)
--------------------------------------------------------------------------------
20:34:39.146 [main] DEBUG net.thucydides.core.steps.StepInterceptor - STARTING STEP: PatientDataSteps.openPageDataPasien - openDataPasien
20:34:39.154 [main] INFO net.serenitybdd.core.webdriver.driverproviders.ChromeDriverProvider - Using automatically driver download
20:34:39.322 [AsyncHttpClient-1-1] DEBUG org.asynchttpclient.netty.channel.DefaultChannelPool - Entry count for : http://localhost:57321 : 1
20:34:39.322 [AsyncHttpClient-1-1] DEBUG org.asynchttpclient.netty.channel.DefaultChannelPool - Adding Candidate expired Channel [id: 0x423288c7, L:/127.0.0.1:61636 ! R:localhost/127.0.0.1:57321] isIdleTimeoutExpired=false isRemotelyClosed=true isTtlExpired=false
20:34:39.322 [AsyncHttpClient-1-1] DEBUG org.asynchttpclient.netty.channel.DefaultChannelPool - Closing Idle Channel [id: 0x423288c7, L:/127.0.0.1:61636 ! R:localhost/127.0.0.1:57321]
20:34:39.322 [AsyncHttpClient-1-1] DEBUG org.asynchttpclient.netty.channel.DefaultChannelPool - Closed 1 connections out of 1 in 0 ms
20:34:40.082 [main] DEBUG io.github.bonigarcia.wdm.cache.ResolutionCache - Resolution chrome=102 in cache (valid until 21:04:30 23/06/2022 ICT)
20:34:40.146 [main] DEBUG io.github.bonigarcia.wdm.cache.ResolutionCache - Resolution chrome102=102.0.5005.61 in cache (valid until 20:04:30 24/06/2022 ICT)
20:34:40.154 [main] INFO io.github.bonigarcia.wdm.WebDriverManager - Using chromedriver 102.0.5005.61 (resolved driver for Chrome 102)
20:34:40.370 [main] DEBUG io.github.bonigarcia.wdm.WebDriverManager - Driver chromedriver 102.0.5005.61 found in cache
20:34:40.378 [main] INFO io.github.bonigarcia.wdm.WebDriverManager - Exporting webdriver.chrome.driver as C:\Users\ASUS\.cache\selenium\chromedriver\win32\102.0.5005.61\chromedriver.exe
20:34:41.161 [main] DEBUG net.serenitybdd.core.webdriver.driverproviders.ProvideNewDriver - Instantiating driver
20:34:41.161 [main] DEBUG net.serenitybdd.core.webdriver.driverproviders.ProvideNewDriver - Driver capabilities: Capabilities {acceptInsecureCerts: false, base.url: https://fanciful-trifle-360..., browserName: chrome, chorme.driver: src/test/resources/webdrive..., driver: chrome, goog:chromeOptions: {args: [], extensions: []}}
20:34:41.777 [AsyncHttpClient-1-5] DEBUG org.asynchttpclient.netty.channel.NettyConnectListener - Using new Channel '[id: 0xd4cf02f0, L:/127.0.0.1:61701 - R:localhost/127.0.0.1:58231]' for 'POST' to '/session'
20:34:45.559 [AsyncHttpClient-1-5] DEBUG org.asynchttpclient.netty.handler.HttpHandler - 

Request DefaultHttpRequest(decodeResult: success, version: HTTP/1.1)
POST /session HTTP/1.1
User-Agent: selenium/4.1.2 (java windows)
Content-Length: 629
Content-Type: application/json; charset=utf-8
host: localhost:58231
accept: */*

Response DefaultHttpResponse(decodeResult: success, version: HTTP/1.1)
HTTP/1.1 200 OK
Content-Type: application/json; charset=utf-8
cache-control: no-cache
content-length: 787

20:34:45.559 [AsyncHttpClient-1-5] DEBUG org.asynchttpclient.netty.channel.ChannelManager - Adding key: http://localhost:58231 for channel [id: 0xd4cf02f0, L:/127.0.0.1:61701 - R:localhost/127.0.0.1:58231]
20:34:45.599 [AsyncHttpClient-1-6] DEBUG org.asynchttpclient.netty.channel.NettyConnectListener - Using new Channel '[id: 0xdfdaf9dc, L:/127.0.0.1:61721 - R:localhost/127.0.0.1:61708]' for 'GET' to '/json/version'
20:34:45.599 [AsyncHttpClient-1-6] DEBUG org.asynchttpclient.netty.handler.HttpHandler - 

Request DefaultFullHttpRequest(decodeResult: success, version: HTTP/1.1, content: EmptyByteBufBE)
GET /json/version HTTP/1.1
User-Agent: selenium/4.1.2 (java windows)
host: localhost:61708
accept: */*

Response DefaultHttpResponse(decodeResult: success, version: HTTP/1.1)
HTTP/1.1 200 OK
Content-Type: application/json; charset=UTF-8
content-length: 428

20:34:45.599 [AsyncHttpClient-1-6] DEBUG org.asynchttpclient.netty.channel.ChannelManager - Adding key: http://localhost:61708 for channel [id: 0xdfdaf9dc, L:/127.0.0.1:61721 - R:localhost/127.0.0.1:61708]
20:34:45.615 [AsyncHttpClient-1-7] DEBUG org.asynchttpclient.netty.channel.NettyConnectListener - Using new Channel '[id: 0x3974565b, L:/127.0.0.1:61722 - R:localhost/127.0.0.1:61708]' for 'GET' to '/devtools/browser/574aca3c-aab1-4c30-8950-9e17f15cfe0a'
20:34:45.623 [AsyncHttpClient-1-7] DEBUG org.asynchttpclient.netty.handler.WebSocketHandler - 

Request DefaultFullHttpRequest(decodeResult: success, version: HTTP/1.1, content: EmptyByteBufBE)
GET /devtools/browser/574aca3c-aab1-4c30-8950-9e17f15cfe0a HTTP/1.1
upgrade: websocket
connection: upgrade
sec-websocket-key: ksHmesoXKeFGVOQJAbrXXA==
sec-websocket-version: 13
origin: http://localhost:61708
host: localhost:61708
accept: */*
user-agent: AHC/2.1

Response DefaultHttpResponse(decodeResult: success, version: HTTP/1.1)
HTTP/1.1 101 WebSocket Protocol Handshake
Upgrade: WebSocket
Connection: Upgrade
Sec-WebSocket-Accept: UR9E4ua7XJAhIsDrcXBWaWmA0oQ=

20:34:45.671 [Forwarding get on session 9f829d29e6a070d0b3c7e57de423b684 to remote] DEBUG org.asynchttpclient.netty.request.NettyRequestSender - Using pooled Channel '[id: 0xd4cf02f0, L:/127.0.0.1:61701 - R:localhost/127.0.0.1:58231]' for 'POST' to 'http://localhost:58231/session/9f829d29e6a070d0b3c7e57de423b684/url'
20:34:45.671 [Forwarding get on session 9f829d29e6a070d0b3c7e57de423b684 to remote] DEBUG org.asynchttpclient.netty.request.NettyRequestSender - Using open Channel [id: 0xd4cf02f0, L:/127.0.0.1:61701 - R:localhost/127.0.0.1:58231] for POST '/session/9f829d29e6a070d0b3c7e57de423b684/url'
20:34:45.903 [AsyncHttpClient-1-1] DEBUG org.asynchttpclient.netty.channel.DefaultChannelPool - Entry count for : http://localhost:61708 : 1
20:34:46.996 [AsyncHttpClient-1-1] DEBUG org.asynchttpclient.netty.channel.DefaultChannelPool - Entry count for : http://localhost:61708 : 1
20:34:48.106 [AsyncHttpClient-1-1] DEBUG org.asynchttpclient.netty.channel.DefaultChannelPool - Entry count for : http://localhost:61708 : 1
20:34:49.061 [AsyncHttpClient-1-5] DEBUG org.asynchttpclient.netty.handler.HttpHandler - 

Request DefaultHttpRequest(decodeResult: success, version: HTTP/1.1)
POST /session/9f829d29e6a070d0b3c7e57de423b684/url HTTP/1.1
User-Agent: selenium/4.1.2 (java windows)
Content-Length: 84
Content-Type: application/json; charset=utf-8
host: localhost:58231
accept: */*

Response DefaultHttpResponse(decodeResult: success, version: HTTP/1.1)
HTTP/1.1 200 OK
Content-Type: application/json; charset=utf-8
cache-control: no-cache
content-length: 14

20:34:49.061 [AsyncHttpClient-1-5] DEBUG org.asynchttpclient.netty.channel.ChannelManager - Adding key: http://localhost:58231 for channel [id: 0xd4cf02f0, L:/127.0.0.1:61701 - R:localhost/127.0.0.1:58231]
20:34:49.069 [Forwarding setTimeout on session 9f829d29e6a070d0b3c7e57de423b684 to remote] DEBUG org.asynchttpclient.netty.request.NettyRequestSender - Using pooled Channel '[id: 0xd4cf02f0, L:/127.0.0.1:61701 - R:localhost/127.0.0.1:58231]' for 'POST' to 'http://localhost:58231/session/9f829d29e6a070d0b3c7e57de423b684/timeouts'
20:34:49.069 [Forwarding setTimeout on session 9f829d29e6a070d0b3c7e57de423b684 to remote] DEBUG org.asynchttpclient.netty.request.NettyRequestSender - Using open Channel [id: 0xd4cf02f0, L:/127.0.0.1:61701 - R:localhost/127.0.0.1:58231] for POST '/session/9f829d29e6a070d0b3c7e57de423b684/timeouts'
20:34:49.103 [AsyncHttpClient-1-5] DEBUG org.asynchttpclient.netty.handler.HttpHandler - 

Request DefaultHttpRequest(decodeResult: success, version: HTTP/1.1)
POST /session/9f829d29e6a070d0b3c7e57de423b684/timeouts HTTP/1.1
User-Agent: selenium/4.1.2 (java windows)
Content-Length: 22
Content-Type: application/json; charset=utf-8
host: localhost:58231
accept: */*

Response DefaultHttpResponse(decodeResult: success, version: HTTP/1.1)
HTTP/1.1 200 OK
Content-Type: application/json; charset=utf-8
cache-control: no-cache
content-length: 14

20:34:49.103 [AsyncHttpClient-1-5] DEBUG org.asynchttpclient.netty.channel.ChannelManager - Adding key: http://localhost:58231 for channel [id: 0xd4cf02f0, L:/127.0.0.1:61701 - R:localhost/127.0.0.1:58231]
20:34:49.118 [Forwarding getCurrentUrl on session 9f829d29e6a070d0b3c7e57de423b684 to remote] DEBUG org.asynchttpclient.netty.request.NettyRequestSender - Using pooled Channel '[id: 0xd4cf02f0, L:/127.0.0.1:61701 - R:localhost/127.0.0.1:58231]' for 'GET' to 'http://localhost:58231/session/9f829d29e6a070d0b3c7e57de423b684/url'
20:34:49.118 [Forwarding getCurrentUrl on session 9f829d29e6a070d0b3c7e57de423b684 to remote] DEBUG org.asynchttpclient.netty.request.NettyRequestSender - Using open Channel [id: 0xd4cf02f0, L:/127.0.0.1:61701 - R:localhost/127.0.0.1:58231] for GET '/session/9f829d29e6a070d0b3c7e57de423b684/url'
20:34:49.196 [AsyncHttpClient-1-1] DEBUG org.asynchttpclient.netty.channel.DefaultChannelPool - Entry count for : http://localhost:61708 : 1
20:34:49.212 [AsyncHttpClient-1-5] DEBUG org.asynchttpclient.netty.handler.HttpHandler - 

Request DefaultFullHttpRequest(decodeResult: success, version: HTTP/1.1, content: EmptyByteBufBE)
GET /session/9f829d29e6a070d0b3c7e57de423b684/url HTTP/1.1
User-Agent: selenium/4.1.2 (java windows)
Cache-Control: no-cache
Content-Type: application/json; charset=utf-8
host: localhost:58231
accept: */*

Response DefaultHttpResponse(decodeResult: success, version: HTTP/1.1)
HTTP/1.1 200 OK
Content-Type: application/json; charset=utf-8
cache-control: no-cache
content-length: 66

20:34:49.212 [AsyncHttpClient-1-5] DEBUG org.asynchttpclient.netty.channel.ChannelManager - Adding key: http://localhost:58231 for channel [id: 0xd4cf02f0, L:/127.0.0.1:61701 - R:localhost/127.0.0.1:58231]
20:34:49.243 [main] DEBUG net.serenitybdd.core.photography.Darkroom - Opening darkroom
20:34:49.243 [Forwarding screenshot on session 9f829d29e6a070d0b3c7e57de423b684 to remote] DEBUG org.asynchttpclient.netty.request.NettyRequestSender - Using pooled Channel '[id: 0xd4cf02f0, L:/127.0.0.1:61701 - R:localhost/127.0.0.1:58231]' for 'GET' to 'http://localhost:58231/session/9f829d29e6a070d0b3c7e57de423b684/screenshot'
20:34:49.243 [Forwarding screenshot on session 9f829d29e6a070d0b3c7e57de423b684 to remote] DEBUG org.asynchttpclient.netty.request.NettyRequestSender - Using open Channel [id: 0xd4cf02f0, L:/127.0.0.1:61701 - R:localhost/127.0.0.1:58231] for GET '/session/9f829d29e6a070d0b3c7e57de423b684/screenshot'
20:34:49.243 [Darkroom Processing Line] DEBUG net.serenitybdd.core.photography.DarkroomProcessingLine - Darkroom processing line starting up
20:34:50.286 [AsyncHttpClient-1-1] DEBUG org.asynchttpclient.netty.channel.DefaultChannelPool - Entry count for : http://localhost:61708 : 1
20:34:50.768 [AsyncHttpClient-1-5] DEBUG org.asynchttpclient.netty.handler.HttpHandler - 

Request DefaultFullHttpRequest(decodeResult: success, version: HTTP/1.1, content: EmptyByteBufBE)
GET /session/9f829d29e6a070d0b3c7e57de423b684/screenshot HTTP/1.1
User-Agent: selenium/4.1.2 (java windows)
Cache-Control: no-cache
Content-Type: application/json; charset=utf-8
host: localhost:58231
accept: */*

Response DefaultHttpResponse(decodeResult: success, version: HTTP/1.1)
HTTP/1.1 200 OK
Content-Type: application/json; charset=utf-8
cache-control: no-cache
content-length: 86016

20:34:50.768 [AsyncHttpClient-1-5] DEBUG org.asynchttpclient.netty.channel.ChannelManager - Adding key: http://localhost:58231 for channel [id: 0xd4cf02f0, L:/127.0.0.1:61701 - R:localhost/127.0.0.1:58231]
20:34:50.784 [main] DEBUG net.serenitybdd.core.photography.Darkroom - Send negative for processing for target\site\serenity\63a8b96f8d8a2353d1098282bddf8724ea51ae4189c07bb318bc22275bd0f5fa.png
20:34:50.786 [main] DEBUG net.thucydides.core.steps.StepInterceptor - STEP DONE: openDataPasien
  &amp#27;[32mGiven &amp#27;[0m&amp#27;[32mOpen page data pasien&amp#27;[0m                     &amp#27;[90m# starter.stepdefinitios.PatientDataSteps.openPageDataPasien()&amp#27;[0m
20:34:50.851 [Forwarding screenshot on session 9f829d29e6a070d0b3c7e57de423b684 to remote] DEBUG org.asynchttpclient.netty.request.NettyRequestSender - Using pooled Channel '[id: 0xd4cf02f0, L:/127.0.0.1:61701 - R:localhost/127.0.0.1:58231]' for 'GET' to 'http://localhost:58231/session/9f829d29e6a070d0b3c7e57de423b684/screenshot'
20:34:50.851 [Forwarding screenshot on session 9f829d29e6a070d0b3c7e57de423b684 to remote] DEBUG org.asynchttpclient.netty.request.NettyRequestSender - Using open Channel [id: 0xd4cf02f0, L:/127.0.0.1:61701 - R:localhost/127.0.0.1:58231] for GET '/session/9f829d29e6a070d0b3c7e57de423b684/screenshot'
20:34:51.211 [AsyncHttpClient-1-5] DEBUG org.asynchttpclient.netty.handler.HttpHandler - 

Request DefaultFullHttpRequest(decodeResult: success, version: HTTP/1.1, content: EmptyByteBufBE)
GET /session/9f829d29e6a070d0b3c7e57de423b684/screenshot HTTP/1.1
User-Agent: selenium/4.1.2 (java windows)
Cache-Control: no-cache
Content-Type: application/json; charset=utf-8
host: localhost:58231
accept: */*

Response DefaultHttpResponse(decodeResult: success, version: HTTP/1.1)
HTTP/1.1 200 OK
Content-Type: application/json; charset=utf-8
cache-control: no-cache
content-length: 86016

20:34:51.211 [AsyncHttpClient-1-5] DEBUG org.asynchttpclient.netty.channel.ChannelManager - Adding key: http://localhost:58231 for channel [id: 0xd4cf02f0, L:/127.0.0.1:61701 - R:localhost/127.0.0.1:58231]
20:34:51.227 [main] DEBUG net.serenitybdd.core.photography.Darkroom - Send negative for processing for target\site\serenity\63a8b96f8d8a2353d1098282bddf8724ea51ae4189c07bb318bc22275bd0f5fa.png
20:34:51.235 [main] DEBUG net.thucydides.core.steps.StepInterceptor - STARTING STEP: PatientDataSteps.clickDetailPatientData - clickButtonDetail
20:34:51.243 [Forwarding findElement on session 9f829d29e6a070d0b3c7e57de423b684 to remote] DEBUG org.asynchttpclient.netty.request.NettyRequestSender - Using pooled Channel '[id: 0xd4cf02f0, L:/127.0.0.1:61701 - R:localhost/127.0.0.1:58231]' for 'POST' to 'http://localhost:58231/session/9f829d29e6a070d0b3c7e57de423b684/element'
20:34:51.251 [Forwarding findElement on session 9f829d29e6a070d0b3c7e57de423b684 to remote] DEBUG org.asynchttpclient.netty.request.NettyRequestSender - Using open Channel [id: 0xd4cf02f0, L:/127.0.0.1:61701 - R:localhost/127.0.0.1:58231] for POST '/session/9f829d29e6a070d0b3c7e57de423b684/element'
20:34:51.306 [AsyncHttpClient-1-5] DEBUG org.asynchttpclient.netty.handler.HttpHandler - 

Request DefaultHttpRequest(decodeResult: success, version: HTTP/1.1)
POST /session/9f829d29e6a070d0b3c7e57de423b684/element HTTP/1.1
User-Agent: selenium/4.1.2 (java windows)
Content-Length: 92
Content-Type: application/json; charset=utf-8
host: localhost:58231
accept: */*

Response DefaultHttpResponse(decodeResult: success, version: HTTP/1.1)
HTTP/1.1 200 OK
Content-Type: application/json; charset=utf-8
cache-control: no-cache
content-length: 88

20:34:51.306 [AsyncHttpClient-1-5] DEBUG org.asynchttpclient.netty.channel.ChannelManager - Adding key: http://localhost:58231 for channel [id: 0xd4cf02f0, L:/127.0.0.1:61701 - R:localhost/127.0.0.1:58231]
20:34:51.306 [Forwarding getElementTagName on session 9f829d29e6a070d0b3c7e57de423b684 to remote] DEBUG org.asynchttpclient.netty.request.NettyRequestSender - Using pooled Channel '[id: 0xd4cf02f0, L:/127.0.0.1:61701 - R:localhost/127.0.0.1:58231]' for 'GET' to 'http://localhost:58231/session/9f829d29e6a070d0b3c7e57de423b684/element/11d8b92a-d3a1-4511-801e-e71865227b34/name'
20:34:51.306 [Forwarding getElementTagName on session 9f829d29e6a070d0b3c7e57de423b684 to remote] DEBUG org.asynchttpclient.netty.request.NettyRequestSender - Using open Channel [id: 0xd4cf02f0, L:/127.0.0.1:61701 - R:localhost/127.0.0.1:58231] for GET '/session/9f829d29e6a070d0b3c7e57de423b684/element/11d8b92a-d3a1-4511-801e-e71865227b34/name'
20:34:51.321 [AsyncHttpClient-1-5] DEBUG org.asynchttpclient.netty.handler.HttpHandler - 

Request DefaultFullHttpRequest(decodeResult: success, version: HTTP/1.1, content: EmptyByteBufBE)
GET /session/9f829d29e6a070d0b3c7e57de423b684/element/11d8b92a-d3a1-4511-801e-e71865227b34/name HTTP/1.1
User-Agent: selenium/4.1.2 (java windows)
Cache-Control: no-cache
Content-Type: application/json; charset=utf-8
host: localhost:58231
accept: */*

Response DefaultHttpResponse(decodeResult: success, version: HTTP/1.1)
HTTP/1.1 200 OK
Content-Type: application/json; charset=utf-8
cache-control: no-cache
content-length: 15

20:34:51.321 [AsyncHttpClient-1-5] DEBUG org.asynchttpclient.netty.channel.ChannelManager - Adding key: http://localhost:58231 for channel [id: 0xd4cf02f0, L:/127.0.0.1:61701 - R:localhost/127.0.0.1:58231]
20:34:51.321 [Forwarding getElementTagName on session 9f829d29e6a070d0b3c7e57de423b684 to remote] DEBUG org.asynchttpclient.netty.request.NettyRequestSender - Using pooled Channel '[id: 0xd4cf02f0, L:/127.0.0.1:61701 - R:localhost/127.0.0.1:58231]' for 'GET' to 'http://localhost:58231/session/9f829d29e6a070d0b3c7e57de423b684/element/11d8b92a-d3a1-4511-801e-e71865227b34/name'
20:34:51.321 [Forwarding getElementTagName on session 9f829d29e6a070d0b3c7e57de423b684 to remote] DEBUG org.asynchttpclient.netty.request.NettyRequestSender - Using open Channel [id: 0xd4cf02f0, L:/127.0.0.1:61701 - R:localhost/127.0.0.1:58231] for GET '/session/9f829d29e6a070d0b3c7e57de423b684/element/11d8b92a-d3a1-4511-801e-e71865227b34/name'
20:34:51.353 [AsyncHttpClient-1-5] DEBUG org.asynchttpclient.netty.handler.HttpHandler - 

Request DefaultFullHttpRequest(decodeResult: success, version: HTTP/1.1, content: EmptyByteBufBE)
GET /session/9f829d29e6a070d0b3c7e57de423b684/element/11d8b92a-d3a1-4511-801e-e71865227b34/name HTTP/1.1
User-Agent: selenium/4.1.2 (java windows)
Cache-Control: no-cache
Content-Type: application/json; charset=utf-8
host: localhost:58231
accept: */*

Response DefaultHttpResponse(decodeResult: success, version: HTTP/1.1)
HTTP/1.1 200 OK
Content-Type: application/json; charset=utf-8
cache-control: no-cache
content-length: 15

20:34:51.353 [AsyncHttpClient-1-5] DEBUG org.asynchttpclient.netty.channel.ChannelManager - Adding key: http://localhost:58231 for channel [id: 0xd4cf02f0, L:/127.0.0.1:61701 - R:localhost/127.0.0.1:58231]
20:34:51.368 [Forwarding findElement on session 9f829d29e6a070d0b3c7e57de423b684 to remote] DEBUG org.asynchttpclient.netty.request.NettyRequestSender - Using pooled Channel '[id: 0xd4cf02f0, L:/127.0.0.1:61701 - R:localhost/127.0.0.1:58231]' for 'POST' to 'http://localhost:58231/session/9f829d29e6a070d0b3c7e57de423b684/element'
20:34:51.368 [Forwarding findElement on session 9f829d29e6a070d0b3c7e57de423b684 to remote] DEBUG org.asynchttpclient.netty.request.NettyRequestSender - Using open Channel [id: 0xd4cf02f0, L:/127.0.0.1:61701 - R:localhost/127.0.0.1:58231] for POST '/session/9f829d29e6a070d0b3c7e57de423b684/element'
20:34:51.384 [AsyncHttpClient-1-1] DEBUG org.asynchttpclient.netty.channel.DefaultChannelPool - Entry count for : http://localhost:61708 : 1
20:34:51.399 [AsyncHttpClient-1-5] DEBUG org.asynchttpclient.netty.handler.HttpHandler - 

Request DefaultHttpRequest(decodeResult: success, version: HTTP/1.1)
POST /session/9f829d29e6a070d0b3c7e57de423b684/element HTTP/1.1
User-Agent: selenium/4.1.2 (java windows)
Content-Length: 92
Content-Type: application/json; charset=utf-8
host: localhost:58231
accept: */*

Response DefaultHttpResponse(decodeResult: success, version: HTTP/1.1)
HTTP/1.1 200 OK
Content-Type: application/json; charset=utf-8
cache-control: no-cache
content-length: 88

20:34:51.399 [AsyncHttpClient-1-5] DEBUG org.asynchttpclient.netty.channel.ChannelManager - Adding key: http://localhost:58231 for channel [id: 0xd4cf02f0, L:/127.0.0.1:61701 - R:localhost/127.0.0.1:58231]
20:34:51.415 [Forwarding clickElement on session 9f829d29e6a070d0b3c7e57de423b684 to remote] DEBUG org.asynchttpclient.netty.request.NettyRequestSender - Using pooled Channel '[id: 0xd4cf02f0, L:/127.0.0.1:61701 - R:localhost/127.0.0.1:58231]' for 'POST' to 'http://localhost:58231/session/9f829d29e6a070d0b3c7e57de423b684/element/11d8b92a-d3a1-4511-801e-e71865227b34/click'
20:34:51.415 [Forwarding clickElement on session 9f829d29e6a070d0b3c7e57de423b684 to remote] DEBUG org.asynchttpclient.netty.request.NettyRequestSender - Using open Channel [id: 0xd4cf02f0, L:/127.0.0.1:61701 - R:localhost/127.0.0.1:58231] for POST '/session/9f829d29e6a070d0b3c7e57de423b684/element/11d8b92a-d3a1-4511-801e-e71865227b34/click'
20:34:52.070 [AsyncHttpClient-1-5] DEBUG org.asynchttpclient.netty.handler.HttpHandler - 

Request DefaultHttpRequest(decodeResult: success, version: HTTP/1.1)
POST /session/9f829d29e6a070d0b3c7e57de423b684/element/11d8b92a-d3a1-4511-801e-e71865227b34/click HTTP/1.1
User-Agent: selenium/4.1.2 (java windows)
Content-Length: 50
Content-Type: application/json; charset=utf-8
host: localhost:58231
accept: */*

Response DefaultHttpResponse(decodeResult: success, version: HTTP/1.1)
HTTP/1.1 200 OK
Content-Type: application/json; charset=utf-8
cache-control: no-cache
content-length: 14

20:34:52.070 [AsyncHttpClient-1-5] DEBUG org.asynchttpclient.netty.channel.ChannelManager - Adding key: http://localhost:58231 for channel [id: 0xd4cf02f0, L:/127.0.0.1:61701 - R:localhost/127.0.0.1:58231]
20:34:52.118 [Forwarding screenshot on session 9f829d29e6a070d0b3c7e57de423b684 to remote] DEBUG org.asynchttpclient.netty.request.NettyRequestSender - Using pooled Channel '[id: 0xd4cf02f0, L:/127.0.0.1:61701 - R:localhost/127.0.0.1:58231]' for 'GET' to 'http://localhost:58231/session/9f829d29e6a070d0b3c7e57de423b684/screenshot'
20:34:52.118 [Forwarding screenshot on session 9f829d29e6a070d0b3c7e57de423b684 to remote] DEBUG org.asynchttpclient.netty.request.NettyRequestSender - Using open Channel [id: 0xd4cf02f0, L:/127.0.0.1:61701 - R:localhost/127.0.0.1:58231] for GET '/session/9f829d29e6a070d0b3c7e57de423b684/screenshot'
20:34:52.516 [AsyncHttpClient-1-1] DEBUG org.asynchttpclient.netty.channel.DefaultChannelPool - Entry count for : http://localhost:61708 : 1
20:34:53.584 [AsyncHttpClient-1-1] DEBUG org.asynchttpclient.netty.channel.DefaultChannelPool - Entry count for : http://localhost:61708 : 1
20:34:53.599 [AsyncHttpClient-1-5] DEBUG org.asynchttpclient.netty.handler.HttpHandler - 

Request DefaultFullHttpRequest(decodeResult: success, version: HTTP/1.1, content: EmptyByteBufBE)
GET /session/9f829d29e6a070d0b3c7e57de423b684/screenshot HTTP/1.1
User-Agent: selenium/4.1.2 (java windows)
Cache-Control: no-cache
Content-Type: application/json; charset=utf-8
host: localhost:58231
accept: */*

Response DefaultHttpResponse(decodeResult: success, version: HTTP/1.1)
HTTP/1.1 200 OK
Content-Type: application/json; charset=utf-8
cache-control: no-cache
content-length: 399720

20:34:53.615 [AsyncHttpClient-1-5] DEBUG org.asynchttpclient.netty.channel.ChannelManager - Adding key: http://localhost:58231 for channel [id: 0xd4cf02f0, L:/127.0.0.1:61701 - R:localhost/127.0.0.1:58231]
20:34:53.678 [main] DEBUG net.serenitybdd.core.photography.Darkroom - Send negative for processing for target\site\serenity\8908fbca127d9f7918c63d70ffa4c306c3d96d2c60f0a165fedee177746a7bf4.png
20:34:53.678 [Darkroom Processing Line] DEBUG net.serenitybdd.core.photography.DarkroomProcessingLine - Processing screenshot image in /var/screenshots/screenshot-6881235717498412425
20:34:53.678 [Darkroom Processing Line] DEBUG net.serenitybdd.core.photography.DarkroomProcessingLine - Saving screenshot to target\site\serenity\8908fbca127d9f7918c63d70ffa4c306c3d96d2c60f0a165fedee177746a7bf4.png
20:34:53.678 [main] DEBUG net.thucydides.core.steps.StepInterceptor - STEP DONE: clickButtonDetail
  &amp#27;[32mWhen &amp#27;[0m&amp#27;[32mClick Detail Patient data&amp#27;[0m                  &amp#27;[90m# starter.stepdefinitios.PatientDataSteps.clickDetailPatientData()&amp#27;[0m
20:34:54.260 [Forwarding screenshot on session 9f829d29e6a070d0b3c7e57de423b684 to remote] DEBUG org.asynchttpclient.netty.request.NettyRequestSender - Using pooled Channel '[id: 0xd4cf02f0, L:/127.0.0.1:61701 - R:localhost/127.0.0.1:58231]' for 'GET' to 'http://localhost:58231/session/9f829d29e6a070d0b3c7e57de423b684/screenshot'
20:34:54.260 [Forwarding screenshot on session 9f829d29e6a070d0b3c7e57de423b684 to remote] DEBUG org.asynchttpclient.netty.request.NettyRequestSender - Using open Channel [id: 0xd4cf02f0, L:/127.0.0.1:61701 - R:localhost/127.0.0.1:58231] for GET '/session/9f829d29e6a070d0b3c7e57de423b684/screenshot'
20:34:54.703 [AsyncHttpClient-1-1] DEBUG org.asynchttpclient.netty.channel.DefaultChannelPool - Entry count for : http://localhost:61708 : 1
20:34:54.997 [AsyncHttpClient-1-5] DEBUG org.asynchttpclient.netty.handler.HttpHandler - 

Request DefaultFullHttpRequest(decodeResult: success, version: HTTP/1.1, content: EmptyByteBufBE)
GET /session/9f829d29e6a070d0b3c7e57de423b684/screenshot HTTP/1.1
User-Agent: selenium/4.1.2 (java windows)
Cache-Control: no-cache
Content-Type: application/json; charset=utf-8
host: localhost:58231
accept: */*

Response DefaultHttpResponse(decodeResult: success, version: HTTP/1.1)
HTTP/1.1 200 OK
Content-Type: application/json; charset=utf-8
cache-control: no-cache
content-length: 399360

20:34:54.997 [AsyncHttpClient-1-5] DEBUG org.asynchttpclient.netty.channel.ChannelManager - Adding key: http://localhost:58231 for channel [id: 0xd4cf02f0, L:/127.0.0.1:61701 - R:localhost/127.0.0.1:58231]
20:34:55.059 [main] DEBUG net.serenitybdd.core.photography.Darkroom - Send negative for processing for target\site\serenity\fd5840d2e9bc7384aa9b78b90167c29486b2a3e1eecad5c212135128c67d9745.png
20:34:55.075 [main] DEBUG net.thucydides.core.steps.StepInterceptor - STARTING STEP: PatientDataSteps.validData - checkValidDataPasien
20:34:55.075 [Darkroom Processing Line] DEBUG net.serenitybdd.core.photography.DarkroomProcessingLine - Processing screenshot image in /var/screenshots/screenshot-4233131802520011312
20:34:55.075 [Darkroom Processing Line] DEBUG net.serenitybdd.core.photography.DarkroomProcessingLine - Saving screenshot to target\site\serenity\fd5840d2e9bc7384aa9b78b90167c29486b2a3e1eecad5c212135128c67d9745.png
20:34:55.075 [Forwarding findElement on session 9f829d29e6a070d0b3c7e57de423b684 to remote] DEBUG org.asynchttpclient.netty.request.NettyRequestSender - Using pooled Channel '[id: 0xd4cf02f0, L:/127.0.0.1:61701 - R:localhost/127.0.0.1:58231]' for 'POST' to 'http://localhost:58231/session/9f829d29e6a070d0b3c7e57de423b684/element'
20:34:55.075 [Forwarding findElement on session 9f829d29e6a070d0b3c7e57de423b684 to remote] DEBUG org.asynchttpclient.netty.request.NettyRequestSender - Using open Channel [id: 0xd4cf02f0, L:/127.0.0.1:61701 - R:localhost/127.0.0.1:58231] for POST '/session/9f829d29e6a070d0b3c7e57de423b684/element'
20:34:55.138 [AsyncHttpClient-1-5] DEBUG org.asynchttpclient.netty.handler.HttpHandler - 

Request DefaultHttpRequest(decodeResult: success, version: HTTP/1.1)
POST /session/9f829d29e6a070d0b3c7e57de423b684/element HTTP/1.1
User-Agent: selenium/4.1.2 (java windows)
Content-Length: 95
Content-Type: application/json; charset=utf-8
host: localhost:58231
accept: */*

Response DefaultHttpResponse(decodeResult: success, version: HTTP/1.1)
HTTP/1.1 200 OK
Content-Type: application/json; charset=utf-8
cache-control: no-cache
content-length: 88

20:34:55.138 [AsyncHttpClient-1-5] DEBUG org.asynchttpclient.netty.channel.ChannelManager - Adding key: http://localhost:58231 for channel [id: 0xd4cf02f0, L:/127.0.0.1:61701 - R:localhost/127.0.0.1:58231]
20:34:55.138 [Forwarding isElementEnabled on session 9f829d29e6a070d0b3c7e57de423b684 to remote] DEBUG org.asynchttpclient.netty.request.NettyRequestSender - Using pooled Channel '[id: 0xd4cf02f0, L:/127.0.0.1:61701 - R:localhost/127.0.0.1:58231]' for 'GET' to 'http://localhost:58231/session/9f829d29e6a070d0b3c7e57de423b684/element/454cd7ef-a294-4c43-8982-e75a2cf703e1/enabled'
20:34:55.138 [Forwarding isElementEnabled on session 9f829d29e6a070d0b3c7e57de423b684 to remote] DEBUG org.asynchttpclient.netty.request.NettyRequestSender - Using open Channel [id: 0xd4cf02f0, L:/127.0.0.1:61701 - R:localhost/127.0.0.1:58231] for GET '/session/9f829d29e6a070d0b3c7e57de423b684/element/454cd7ef-a294-4c43-8982-e75a2cf703e1/enabled'
20:34:55.169 [AsyncHttpClient-1-5] DEBUG org.asynchttpclient.netty.handler.HttpHandler - 

Request DefaultFullHttpRequest(decodeResult: success, version: HTTP/1.1, content: EmptyByteBufBE)
GET /session/9f829d29e6a070d0b3c7e57de423b684/element/454cd7ef-a294-4c43-8982-e75a2cf703e1/enabled HTTP/1.1
User-Agent: selenium/4.1.2 (java windows)
Cache-Control: no-cache
Content-Type: application/json; charset=utf-8
host: localhost:58231
accept: */*

Response DefaultHttpResponse(decodeResult: success, version: HTTP/1.1)
HTTP/1.1 200 OK
Content-Type: application/json; charset=utf-8
cache-control: no-cache
content-length: 14

20:34:55.169 [AsyncHttpClient-1-5] DEBUG org.asynchttpclient.netty.channel.ChannelManager - Adding key: http://localhost:58231 for channel [id: 0xd4cf02f0, L:/127.0.0.1:61701 - R:localhost/127.0.0.1:58231]
20:34:55.200 [Forwarding screenshot on session 9f829d29e6a070d0b3c7e57de423b684 to remote] DEBUG org.asynchttpclient.netty.request.NettyRequestSender - Using pooled Channel '[id: 0xd4cf02f0, L:/127.0.0.1:61701 - R:localhost/127.0.0.1:58231]' for 'GET' to 'http://localhost:58231/session/9f829d29e6a070d0b3c7e57de423b684/screenshot'
20:34:55.200 [Forwarding screenshot on session 9f829d29e6a070d0b3c7e57de423b684 to remote] DEBUG org.asynchttpclient.netty.request.NettyRequestSender - Using open Channel [id: 0xd4cf02f0, L:/127.0.0.1:61701 - R:localhost/127.0.0.1:58231] for GET '/session/9f829d29e6a070d0b3c7e57de423b684/screenshot'
20:34:55.789 [AsyncHttpClient-1-1] DEBUG org.asynchttpclient.netty.channel.DefaultChannelPool - Entry count for : http://localhost:61708 : 1
20:34:56.091 [AsyncHttpClient-1-5] DEBUG org.asynchttpclient.netty.handler.HttpHandler - 

Request DefaultFullHttpRequest(decodeResult: success, version: HTTP/1.1, content: EmptyByteBufBE)
GET /session/9f829d29e6a070d0b3c7e57de423b684/screenshot HTTP/1.1
User-Agent: selenium/4.1.2 (java windows)
Cache-Control: no-cache
Content-Type: application/json; charset=utf-8
host: localhost:58231
accept: */*

Response DefaultHttpResponse(decodeResult: success, version: HTTP/1.1)
HTTP/1.1 200 OK
Content-Type: application/json; charset=utf-8
cache-control: no-cache
content-length: 399360

20:34:56.094 [AsyncHttpClient-1-5] DEBUG org.asynchttpclient.netty.channel.ChannelManager - Adding key: http://localhost:58231 for channel [id: 0xd4cf02f0, L:/127.0.0.1:61701 - R:localhost/127.0.0.1:58231]
20:34:56.158 [main] DEBUG net.serenitybdd.core.photography.Darkroom - Send negative for processing for target\site\serenity\fd5840d2e9bc7384aa9b78b90167c29486b2a3e1eecad5c212135128c67d9745.png
20:34:56.158 [main] DEBUG net.thucydides.core.steps.StepInterceptor - STEP DONE: checkValidDataPasien
  &amp#27;[32mThen &amp#27;[0m&amp#27;[32mValid data detail pasien&amp#27;[0m                   &amp#27;[90m# starter.stepdefinitios.PatientDataSteps.validData()&amp#27;[0m
20:34:56.198 [main] INFO  - 
  _____   ___   ___   _____     ___     _     ___   ___   ___   ___  
 |_   _| | __| / __| |_   _|   | _ \   /_\   / __| / __| | __| |   \ 
   | |   | _|  \__ \   | |     |  _/  / _ \  \__ \ \__ \ | _|  | |) |
   |_|   |___| |___/   |_|     |_|   /_/ \_\ |___/ |___/ |___| |___/ 

As a admin i want to detail data pasien
----------------------------------------------------------------------
20:34:56.198 [AsyncHttpClient-1-7] DEBUG org.asynchttpclient.netty.handler.WebSocketHandler - Channel Closed: [id: 0x3974565b, L:/127.0.0.1:61722 ! R:localhost/127.0.0.1:61708] with attribute NettyResponseFuture{currentRetry=5,
	isDone=1,
	isCancelled=0,
	asyncHandler=org.asynchttpclient.ws.WebSocketUpgradeHandler@447e417a,
	nettyRequest=org.asynchttpclient.netty.request.NettyRequest@7fe4ca3,
	future=java.util.concurrent.CompletableFuture@6a5178b6[Completed normally],
	uri=ws://localhost:61708/devtools/browser/574aca3c-aab1-4c30-8950-9e17f15cfe0a,
	keepAlive=true,
	redirectCount=0,
	timeoutsHolder=null,
	inAuth=0,
	touch=1655991285623}
20:34:56.198 [AsyncHttpClient-1-7] DEBUG org.asynchttpclient.netty.channel.ChannelManager - Closing Channel [id: 0x3974565b, L:/127.0.0.1:61722 ! R:localhost/127.0.0.1:61708] 
20:34:56.246 [Driver Command Executor] DEBUG org.asynchttpclient.netty.request.NettyRequestSender - Using pooled Channel '[id: 0xd4cf02f0, L:/127.0.0.1:61701 - R:localhost/127.0.0.1:58231]' for 'DELETE' to 'http://localhost:58231/session/9f829d29e6a070d0b3c7e57de423b684'
20:34:56.246 [Driver Command Executor] DEBUG org.asynchttpclient.netty.request.NettyRequestSender - Using open Channel [id: 0xd4cf02f0, L:/127.0.0.1:61701 - R:localhost/127.0.0.1:58231] for DELETE '/session/9f829d29e6a070d0b3c7e57de423b684'
20:34:56.854 [AsyncHttpClient-1-6] DEBUG org.asynchttpclient.netty.handler.HttpHandler - Unexpected I/O exception on channel [id: 0xdfdaf9dc, L:/127.0.0.1:61721 - R:localhost/127.0.0.1:61708]
java.io.IOException: An existing connection was forcibly closed by the remote host
	at java.base/sun.nio.ch.SocketDispatcher.read0(Native Method)
	at java.base/sun.nio.ch.SocketDispatcher.read(SocketDispatcher.java:43)
	at java.base/sun.nio.ch.IOUtil.readIntoNativeBuffer(IOUtil.java:276)
	at java.base/sun.nio.ch.IOUtil.read(IOUtil.java:233)
	at java.base/sun.nio.ch.IOUtil.read(IOUtil.java:223)
	at java.base/sun.nio.ch.SocketChannelImpl.read(SocketChannelImpl.java:358)
	at io.netty.buffer.PooledByteBuf.setBytes(PooledByteBuf.java:258)
	at io.netty.buffer.AbstractByteBuf.writeBytes(AbstractByteBuf.java:1132)
	at io.netty.channel.socket.nio.NioSocketChannel.doReadBytes(NioSocketChannel.java:350)
	at io.netty.channel.nio.AbstractNioByteChannel$NioByteUnsafe.read(AbstractNioByteChannel.java:151)
	at io.netty.channel.nio.NioEventLoop.processSelectedKey(NioEventLoop.java:722)
	at io.netty.channel.nio.NioEventLoop.processSelectedKeysOptimized(NioEventLoop.java:658)
	at io.netty.channel.nio.NioEventLoop.processSelectedKeys(NioEventLoop.java:584)
	at io.netty.channel.nio.NioEventLoop.run(NioEventLoop.java:496)
	at io.netty.util.concurrent.SingleThreadEventExecutor$4.run(SingleThreadEventExecutor.java:986)
	at io.netty.util.internal.ThreadExecutorMap$2.run(ThreadExecutorMap.java:74)
	at io.netty.util.concurrent.FastThreadLocalRunnable.run(FastThreadLocalRunnable.java:30)
	at java.base/java.lang.Thread.run(Thread.java:834)
20:34:56.854 [AsyncHttpClient-1-6] DEBUG org.asynchttpclient.netty.channel.ChannelManager - Closing Channel [id: 0xdfdaf9dc, L:/127.0.0.1:61721 - R:localhost/127.0.0.1:61708] 
20:34:56.854 [AsyncHttpClient-1-6] DEBUG org.asynchttpclient.netty.handler.HttpHandler - Channel Closed: [id: 0xdfdaf9dc, L:/127.0.0.1:61721 ! R:localhost/127.0.0.1:61708] with attribute DISCARD
20:34:56.894 [AsyncHttpClient-1-1] DEBUG org.asynchttpclient.netty.channel.DefaultChannelPool - Entry count for : http://localhost:61708 : 1
20:34:56.894 [AsyncHttpClient-1-1] DEBUG org.asynchttpclient.netty.channel.DefaultChannelPool - Adding Candidate expired Channel [id: 0xdfdaf9dc, L:/127.0.0.1:61721 ! R:localhost/127.0.0.1:61708] isIdleTimeoutExpired=false isRemotelyClosed=true isTtlExpired=false
20:34:56.894 [AsyncHttpClient-1-1] DEBUG org.asynchttpclient.netty.channel.DefaultChannelPool - Closing Idle Channel [id: 0xdfdaf9dc, L:/127.0.0.1:61721 ! R:localhost/127.0.0.1:61708]
20:34:56.894 [AsyncHttpClient-1-1] DEBUG org.asynchttpclient.netty.channel.DefaultChannelPool - Closed 1 connections out of 1 in 0 ms
20:34:56.987 [AsyncHttpClient-1-5] DEBUG org.asynchttpclient.netty.handler.HttpHandler - 

Request DefaultFullHttpRequest(decodeResult: success, version: HTTP/1.1, content: EmptyByteBufBE)
DELETE /session/9f829d29e6a070d0b3c7e57de423b684 HTTP/1.1
User-Agent: selenium/4.1.2 (java windows)
Content-Type: application/json; charset=utf-8
host: localhost:58231
accept: */*

Response DefaultHttpResponse(decodeResult: success, version: HTTP/1.1)
HTTP/1.1 200 OK
Content-Type: application/json; charset=utf-8
cache-control: no-cache
content-length: 14

20:34:56.988 [AsyncHttpClient-1-5] DEBUG org.asynchttpclient.netty.channel.ChannelManager - Adding key: http://localhost:58231 for channel [id: 0xd4cf02f0, L:/127.0.0.1:61701 - R:localhost/127.0.0.1:58231]
20:34:57.683 [AsyncHttpClient-1-5] DEBUG org.asynchttpclient.netty.handler.HttpHandler - Channel Closed: [id: 0xd4cf02f0, L:/127.0.0.1:61701 ! R:localhost/127.0.0.1:58231] with attribute DISCARD
20:34:57.999 [AsyncHttpClient-1-1] DEBUG org.asynchttpclient.netty.channel.DefaultChannelPool - Entry count for : http://localhost:58231 : 1
20:34:57.999 [AsyncHttpClient-1-1] DEBUG org.asynchttpclient.netty.channel.DefaultChannelPool - Adding Candidate expired Channel [id: 0xd4cf02f0, L:/127.0.0.1:61701 ! R:localhost/127.0.0.1:58231] isIdleTimeoutExpired=false isRemotelyClosed=true isTtlExpired=false
20:34:57.999 [AsyncHttpClient-1-1] DEBUG org.asynchttpclient.netty.channel.DefaultChannelPool - Closing Idle Channel [id: 0xd4cf02f0, L:/127.0.0.1:61701 ! R:localhost/127.0.0.1:58231]
20:34:57.999 [AsyncHttpClient-1-1] DEBUG org.asynchttpclient.netty.channel.DefaultChannelPool - Closed 1 connections out of 1 in 0 ms
]]></system-out>
    <system-err><![CDATA[Starting ChromeDriver 102.0.5005.61 (0e59bcc00cc4985ce39ad31c150065f159d95ad3-refs/branch-heads/5005@{#819}) on port 58231
Only local connections are allowed.
Please see https://chromedriver.chromium.org/security-considerations for suggestions on keeping ChromeDriver safe.
ChromeDriver was started successfully.
Jun 23, 2022 8:34:45 PM org.openqa.selenium.remote.ProtocolHandshake createSession
INFO: Detected dialect: W3C
Jun 23, 2022 8:34:45 PM org.openqa.selenium.devtools.CdpVersionFinder findNearestMatch
WARNING: Unable to find an exact match for CDP version 102, so returning the closest version found: a no-op implementation
Jun 23, 2022 8:34:45 PM org.openqa.selenium.devtools.CdpVersionFinder findNearestMatch
INFO: Unable to find CDP implementation matching 102.
Jun 23, 2022 8:34:45 PM org.openqa.selenium.chromium.ChromiumDriver lambda$new$3
WARNING: Unable to find version of CDP to use for . You may need to include a dependency on a specific version of the CDP using something similar to `org.seleniumhq.selenium:selenium-devtools-v86:4.1.2` where the version ("v86") matches the version of the chromium-based browser you're using and the version number of the artifact is the same as Selenium's.
]]></system-err>
  </testcase>
  <testcase name="As a admin i want to edit data dokter #1" classname="Edit Data Dokter - Admin" time="58.463">
    <system-out><![CDATA[20:34:58.205 [main] INFO io.cucumber.core.plugin.SerenityReporter - Running feature from file:///D:/Kel-1-capstone/TestingWeb/src/test/resources/features/EditDataDokter.feature
20:34:58.221 [main] DEBUG net.thucydides.core.steps.StepEventBus - Test suite started for story net.thucydides.core.model.Story@44a0505a
20:34:58.221 [main] INFO  - Test Suite Started: Edit Data Dokter - Admin

@EditDokterData
Scenario Outline: As a admin i want to edit data dokter                            &amp#27;[90m# src/test/resources/features/EditDataDokter.feature:14&amp#27;[0m
20:34:58.252 [main] INFO io.cucumber.core.plugin.SerenityReporter - Running feature from file:///D:/Kel-1-capstone/TestingWeb/src/test/resources/features/EditDataDokter.feature
20:34:58.267 [main] INFO  - 
  _____   ___   ___   _____     ___   _____     _     ___   _____   ___   ___  
 |_   _| | __| / __| |_   _|   / __| |_   _|   /_\   | _ \ |_   _| | __| |   \ 
   | |   | _|  \__ \   | |     \__ \   | |    / _ \  |   /   | |   | _|  | |) |
   |_|   |___| |___/   |_|     |___/   |_|   /_/ \_\ |_|_\   |_|   |___| |___/ 

As a admin i want to edit data dokter(edit-data-dokter---admin;as-a-admin-i-want-to-edit-data-dokter)
--------------------------------------------------------------------------------
20:34:58.439 [main] DEBUG net.thucydides.core.steps.StepInterceptor - STARTING STEP: DokterDataSteps.openPageDataDokter - openDataDokter
20:34:58.439 [main] INFO net.serenitybdd.core.webdriver.driverproviders.ChromeDriverProvider - Using automatically driver download
20:34:59.090 [main] DEBUG io.github.bonigarcia.wdm.cache.ResolutionCache - Resolution chrome=102 in cache (valid until 21:04:30 23/06/2022 ICT)
20:34:59.121 [main] DEBUG io.github.bonigarcia.wdm.cache.ResolutionCache - Resolution chrome102=102.0.5005.61 in cache (valid until 20:04:30 24/06/2022 ICT)
20:34:59.137 [main] INFO io.github.bonigarcia.wdm.WebDriverManager - Using chromedriver 102.0.5005.61 (resolved driver for Chrome 102)
20:34:59.230 [main] DEBUG io.github.bonigarcia.wdm.WebDriverManager - Driver chromedriver 102.0.5005.61 found in cache
20:34:59.230 [main] INFO io.github.bonigarcia.wdm.WebDriverManager - Exporting webdriver.chrome.driver as C:\Users\ASUS\.cache\selenium\chromedriver\win32\102.0.5005.61\chromedriver.exe
20:34:59.822 [main] DEBUG net.serenitybdd.core.webdriver.driverproviders.ProvideNewDriver - Instantiating driver
20:34:59.822 [main] DEBUG net.serenitybdd.core.webdriver.driverproviders.ProvideNewDriver - Driver capabilities: Capabilities {acceptInsecureCerts: false, base.url: https://fanciful-trifle-360..., browserName: chrome, chorme.driver: src/test/resources/webdrive..., driver: chrome, goog:chromeOptions: {args: [], extensions: []}}
20:35:00.486 [AsyncHttpClient-1-8] DEBUG org.asynchttpclient.netty.channel.NettyConnectListener - Using new Channel '[id: 0x7645f41c, L:/127.0.0.1:61753 - R:localhost/127.0.0.1:51801]' for 'POST' to '/session'
20:35:05.018 [AsyncHttpClient-1-8] DEBUG org.asynchttpclient.netty.handler.HttpHandler - 

Request DefaultHttpRequest(decodeResult: success, version: HTTP/1.1)
POST /session HTTP/1.1
User-Agent: selenium/4.1.2 (java windows)
Content-Length: 629
Content-Type: application/json; charset=utf-8
host: localhost:51801
accept: */*

Response DefaultHttpResponse(decodeResult: success, version: HTTP/1.1)
HTTP/1.1 200 OK
Content-Type: application/json; charset=utf-8
cache-control: no-cache
content-length: 789

20:35:05.018 [AsyncHttpClient-1-8] DEBUG org.asynchttpclient.netty.channel.ChannelManager - Adding key: http://localhost:51801 for channel [id: 0x7645f41c, L:/127.0.0.1:61753 - R:localhost/127.0.0.1:51801]
20:35:05.058 [AsyncHttpClient-1-9] DEBUG org.asynchttpclient.netty.channel.NettyConnectListener - Using new Channel '[id: 0x2f22da48, L:/127.0.0.1:61769 - R:localhost/127.0.0.1:61755]' for 'GET' to '/json/version'
20:35:05.066 [AsyncHttpClient-1-9] DEBUG org.asynchttpclient.netty.handler.HttpHandler - 

Request DefaultFullHttpRequest(decodeResult: success, version: HTTP/1.1, content: EmptyByteBufBE)
GET /json/version HTTP/1.1
User-Agent: selenium/4.1.2 (java windows)
host: localhost:61755
accept: */*

Response DefaultHttpResponse(decodeResult: success, version: HTTP/1.1)
HTTP/1.1 200 OK
Content-Type: application/json; charset=UTF-8
content-length: 428

20:35:05.066 [AsyncHttpClient-1-9] DEBUG org.asynchttpclient.netty.channel.ChannelManager - Adding key: http://localhost:61755 for channel [id: 0x2f22da48, L:/127.0.0.1:61769 - R:localhost/127.0.0.1:61755]
20:35:05.082 [AsyncHttpClient-1-2] DEBUG org.asynchttpclient.netty.channel.NettyConnectListener - Using new Channel '[id: 0x03f02ba2, L:/127.0.0.1:61772 - R:localhost/127.0.0.1:61755]' for 'GET' to '/devtools/browser/91e1bd90-7f88-4ee4-930f-05ffe121ea3a'
20:35:05.090 [AsyncHttpClient-1-2] DEBUG org.asynchttpclient.netty.handler.WebSocketHandler - 

Request DefaultFullHttpRequest(decodeResult: success, version: HTTP/1.1, content: EmptyByteBufBE)
GET /devtools/browser/91e1bd90-7f88-4ee4-930f-05ffe121ea3a HTTP/1.1
upgrade: websocket
connection: upgrade
sec-websocket-key: BXEVLZEhZkB4+8laAJzqqQ==
sec-websocket-version: 13
origin: http://localhost:61755
host: localhost:61755
accept: */*
user-agent: AHC/2.1

Response DefaultHttpResponse(decodeResult: success, version: HTTP/1.1)
HTTP/1.1 101 WebSocket Protocol Handshake
Upgrade: WebSocket
Connection: Upgrade
Sec-WebSocket-Accept: oc5wnDLJQtb5cCKj0gPjgqeJ/8c=

20:35:05.122 [Forwarding get on session 7bfade00a98137d88e2f0d37526533be to remote] DEBUG org.asynchttpclient.netty.request.NettyRequestSender - Using pooled Channel '[id: 0x7645f41c, L:/127.0.0.1:61753 - R:localhost/127.0.0.1:51801]' for 'POST' to 'http://localhost:51801/session/7bfade00a98137d88e2f0d37526533be/url'
20:35:05.122 [Forwarding get on session 7bfade00a98137d88e2f0d37526533be to remote] DEBUG org.asynchttpclient.netty.request.NettyRequestSender - Using open Channel [id: 0x7645f41c, L:/127.0.0.1:61753 - R:localhost/127.0.0.1:51801] for POST '/session/7bfade00a98137d88e2f0d37526533be/url'
20:35:05.698 [AsyncHttpClient-1-1] DEBUG org.asynchttpclient.netty.channel.DefaultChannelPool - Entry count for : http://localhost:61755 : 1
20:35:06.790 [AsyncHttpClient-1-1] DEBUG org.asynchttpclient.netty.channel.DefaultChannelPool - Entry count for : http://localhost:61755 : 1
20:35:07.912 [AsyncHttpClient-1-1] DEBUG org.asynchttpclient.netty.channel.DefaultChannelPool - Entry count for : http://localhost:61755 : 1
20:35:07.948 [AsyncHttpClient-1-8] DEBUG org.asynchttpclient.netty.handler.HttpHandler - 

Request DefaultHttpRequest(decodeResult: success, version: HTTP/1.1)
POST /session/7bfade00a98137d88e2f0d37526533be/url HTTP/1.1
User-Agent: selenium/4.1.2 (java windows)
Content-Length: 84
Content-Type: application/json; charset=utf-8
host: localhost:51801
accept: */*

Response DefaultHttpResponse(decodeResult: success, version: HTTP/1.1)
HTTP/1.1 200 OK
Content-Type: application/json; charset=utf-8
cache-control: no-cache
content-length: 14

20:35:07.948 [AsyncHttpClient-1-8] DEBUG org.asynchttpclient.netty.channel.ChannelManager - Adding key: http://localhost:51801 for channel [id: 0x7645f41c, L:/127.0.0.1:61753 - R:localhost/127.0.0.1:51801]
20:35:07.948 [Forwarding setTimeout on session 7bfade00a98137d88e2f0d37526533be to remote] DEBUG org.asynchttpclient.netty.request.NettyRequestSender - Using pooled Channel '[id: 0x7645f41c, L:/127.0.0.1:61753 - R:localhost/127.0.0.1:51801]' for 'POST' to 'http://localhost:51801/session/7bfade00a98137d88e2f0d37526533be/timeouts'
20:35:07.948 [Forwarding setTimeout on session 7bfade00a98137d88e2f0d37526533be to remote] DEBUG org.asynchttpclient.netty.request.NettyRequestSender - Using open Channel [id: 0x7645f41c, L:/127.0.0.1:61753 - R:localhost/127.0.0.1:51801] for POST '/session/7bfade00a98137d88e2f0d37526533be/timeouts'
20:35:07.980 [AsyncHttpClient-1-8] DEBUG org.asynchttpclient.netty.handler.HttpHandler - 

Request DefaultHttpRequest(decodeResult: success, version: HTTP/1.1)
POST /session/7bfade00a98137d88e2f0d37526533be/timeouts HTTP/1.1
User-Agent: selenium/4.1.2 (java windows)
Content-Length: 22
Content-Type: application/json; charset=utf-8
host: localhost:51801
accept: */*

Response DefaultHttpResponse(decodeResult: success, version: HTTP/1.1)
HTTP/1.1 200 OK
Content-Type: application/json; charset=utf-8
cache-control: no-cache
content-length: 14

20:35:07.980 [AsyncHttpClient-1-8] DEBUG org.asynchttpclient.netty.channel.ChannelManager - Adding key: http://localhost:51801 for channel [id: 0x7645f41c, L:/127.0.0.1:61753 - R:localhost/127.0.0.1:51801]
20:35:07.996 [Forwarding getCurrentUrl on session 7bfade00a98137d88e2f0d37526533be to remote] DEBUG org.asynchttpclient.netty.request.NettyRequestSender - Using pooled Channel '[id: 0x7645f41c, L:/127.0.0.1:61753 - R:localhost/127.0.0.1:51801]' for 'GET' to 'http://localhost:51801/session/7bfade00a98137d88e2f0d37526533be/url'
20:35:07.996 [Forwarding getCurrentUrl on session 7bfade00a98137d88e2f0d37526533be to remote] DEBUG org.asynchttpclient.netty.request.NettyRequestSender - Using open Channel [id: 0x7645f41c, L:/127.0.0.1:61753 - R:localhost/127.0.0.1:51801] for GET '/session/7bfade00a98137d88e2f0d37526533be/url'
20:35:08.148 [AsyncHttpClient-1-8] DEBUG org.asynchttpclient.netty.handler.HttpHandler - 

Request DefaultFullHttpRequest(decodeResult: success, version: HTTP/1.1, content: EmptyByteBufBE)
GET /session/7bfade00a98137d88e2f0d37526533be/url HTTP/1.1
User-Agent: selenium/4.1.2 (java windows)
Cache-Control: no-cache
Content-Type: application/json; charset=utf-8
host: localhost:51801
accept: */*

Response DefaultHttpResponse(decodeResult: success, version: HTTP/1.1)
HTTP/1.1 200 OK
Content-Type: application/json; charset=utf-8
cache-control: no-cache
content-length: 66

20:35:08.148 [AsyncHttpClient-1-8] DEBUG org.asynchttpclient.netty.channel.ChannelManager - Adding key: http://localhost:51801 for channel [id: 0x7645f41c, L:/127.0.0.1:61753 - R:localhost/127.0.0.1:51801]
20:35:08.179 [main] DEBUG net.serenitybdd.core.photography.Darkroom - Opening darkroom
20:35:08.179 [Forwarding screenshot on session 7bfade00a98137d88e2f0d37526533be to remote] DEBUG org.asynchttpclient.netty.request.NettyRequestSender - Using pooled Channel '[id: 0x7645f41c, L:/127.0.0.1:61753 - R:localhost/127.0.0.1:51801]' for 'GET' to 'http://localhost:51801/session/7bfade00a98137d88e2f0d37526533be/screenshot'
20:35:08.179 [Forwarding screenshot on session 7bfade00a98137d88e2f0d37526533be to remote] DEBUG org.asynchttpclient.netty.request.NettyRequestSender - Using open Channel [id: 0x7645f41c, L:/127.0.0.1:61753 - R:localhost/127.0.0.1:51801] for GET '/session/7bfade00a98137d88e2f0d37526533be/screenshot'
20:35:08.249 [Darkroom Processing Line] DEBUG net.serenitybdd.core.photography.DarkroomProcessingLine - Darkroom processing line starting up
20:35:09.030 [AsyncHttpClient-1-1] DEBUG org.asynchttpclient.netty.channel.DefaultChannelPool - Entry count for : http://localhost:61755 : 1
20:35:10.090 [AsyncHttpClient-1-1] DEBUG org.asynchttpclient.netty.channel.DefaultChannelPool - Entry count for : http://localhost:61755 : 1
20:35:10.250 [AsyncHttpClient-1-8] DEBUG org.asynchttpclient.netty.handler.HttpHandler - 

Request DefaultFullHttpRequest(decodeResult: success, version: HTTP/1.1, content: EmptyByteBufBE)
GET /session/7bfade00a98137d88e2f0d37526533be/screenshot HTTP/1.1
User-Agent: selenium/4.1.2 (java windows)
Cache-Control: no-cache
Content-Type: application/json; charset=utf-8
host: localhost:51801
accept: */*

Response DefaultHttpResponse(decodeResult: success, version: HTTP/1.1)
HTTP/1.1 200 OK
Content-Type: application/json; charset=utf-8
cache-control: no-cache
content-length: 93040

20:35:10.250 [AsyncHttpClient-1-8] DEBUG org.asynchttpclient.netty.channel.ChannelManager - Adding key: http://localhost:51801 for channel [id: 0x7645f41c, L:/127.0.0.1:61753 - R:localhost/127.0.0.1:51801]
20:35:10.266 [main] DEBUG net.serenitybdd.core.photography.Darkroom - Send negative for processing for target\site\serenity\ee66319f8cb5850ca609fa5af5fccf9e8848aa4d878c3d081ff200c30ff79dfd.png
20:35:10.266 [main] DEBUG net.thucydides.core.steps.StepInterceptor - STEP DONE: openDataDokter
  &amp#27;[32mGiven &amp#27;[0m&amp#27;[32mOpen page data dokter&amp#27;[0m                                                      &amp#27;[90m# starter.stepdefinitios.DokterDataSteps.openPageDataDokter()&amp#27;[0m
20:35:10.322 [Forwarding screenshot on session 7bfade00a98137d88e2f0d37526533be to remote] DEBUG org.asynchttpclient.netty.request.NettyRequestSender - Using pooled Channel '[id: 0x7645f41c, L:/127.0.0.1:61753 - R:localhost/127.0.0.1:51801]' for 'GET' to 'http://localhost:51801/session/7bfade00a98137d88e2f0d37526533be/screenshot'
20:35:10.322 [Forwarding screenshot on session 7bfade00a98137d88e2f0d37526533be to remote] DEBUG org.asynchttpclient.netty.request.NettyRequestSender - Using open Channel [id: 0x7645f41c, L:/127.0.0.1:61753 - R:localhost/127.0.0.1:51801] for GET '/session/7bfade00a98137d88e2f0d37526533be/screenshot'
20:35:10.838 [AsyncHttpClient-1-8] DEBUG org.asynchttpclient.netty.handler.HttpHandler - 

Request DefaultFullHttpRequest(decodeResult: success, version: HTTP/1.1, content: EmptyByteBufBE)
GET /session/7bfade00a98137d88e2f0d37526533be/screenshot HTTP/1.1
User-Agent: selenium/4.1.2 (java windows)
Cache-Control: no-cache
Content-Type: application/json; charset=utf-8
host: localhost:51801
accept: */*

Response DefaultHttpResponse(decodeResult: success, version: HTTP/1.1)
HTTP/1.1 200 OK
Content-Type: application/json; charset=utf-8
cache-control: no-cache
content-length: 93040

20:35:10.838 [AsyncHttpClient-1-8] DEBUG org.asynchttpclient.netty.channel.ChannelManager - Adding key: http://localhost:51801 for channel [id: 0x7645f41c, L:/127.0.0.1:61753 - R:localhost/127.0.0.1:51801]
20:35:10.862 [main] DEBUG net.serenitybdd.core.photography.Darkroom - Send negative for processing for target\site\serenity\ee66319f8cb5850ca609fa5af5fccf9e8848aa4d878c3d081ff200c30ff79dfd.png
20:35:10.899 [main] DEBUG net.thucydides.core.steps.StepInterceptor - STARTING STEP: DokterDataSteps.clickDetailDokterData - clickButtonDetail
20:35:10.923 [Forwarding findElement on session 7bfade00a98137d88e2f0d37526533be to remote] DEBUG org.asynchttpclient.netty.request.NettyRequestSender - Using pooled Channel '[id: 0x7645f41c, L:/127.0.0.1:61753 - R:localhost/127.0.0.1:51801]' for 'POST' to 'http://localhost:51801/session/7bfade00a98137d88e2f0d37526533be/element'
20:35:10.923 [Forwarding findElement on session 7bfade00a98137d88e2f0d37526533be to remote] DEBUG org.asynchttpclient.netty.request.NettyRequestSender - Using open Channel [id: 0x7645f41c, L:/127.0.0.1:61753 - R:localhost/127.0.0.1:51801] for POST '/session/7bfade00a98137d88e2f0d37526533be/element'
20:35:10.979 [AsyncHttpClient-1-8] DEBUG org.asynchttpclient.netty.handler.HttpHandler - 

Request DefaultHttpRequest(decodeResult: success, version: HTTP/1.1)
POST /session/7bfade00a98137d88e2f0d37526533be/element HTTP/1.1
User-Agent: selenium/4.1.2 (java windows)
Content-Length: 92
Content-Type: application/json; charset=utf-8
host: localhost:51801
accept: */*

Response DefaultHttpResponse(decodeResult: success, version: HTTP/1.1)
HTTP/1.1 200 OK
Content-Type: application/json; charset=utf-8
cache-control: no-cache
content-length: 88

20:35:10.987 [AsyncHttpClient-1-8] DEBUG org.asynchttpclient.netty.channel.ChannelManager - Adding key: http://localhost:51801 for channel [id: 0x7645f41c, L:/127.0.0.1:61753 - R:localhost/127.0.0.1:51801]
20:35:10.987 [Forwarding getElementTagName on session 7bfade00a98137d88e2f0d37526533be to remote] DEBUG org.asynchttpclient.netty.request.NettyRequestSender - Using pooled Channel '[id: 0x7645f41c, L:/127.0.0.1:61753 - R:localhost/127.0.0.1:51801]' for 'GET' to 'http://localhost:51801/session/7bfade00a98137d88e2f0d37526533be/element/34ba80d5-cbed-431f-8480-dd608c0dfde0/name'
20:35:10.987 [Forwarding getElementTagName on session 7bfade00a98137d88e2f0d37526533be to remote] DEBUG org.asynchttpclient.netty.request.NettyRequestSender - Using open Channel [id: 0x7645f41c, L:/127.0.0.1:61753 - R:localhost/127.0.0.1:51801] for GET '/session/7bfade00a98137d88e2f0d37526533be/element/34ba80d5-cbed-431f-8480-dd608c0dfde0/name'
20:35:11.003 [AsyncHttpClient-1-8] DEBUG org.asynchttpclient.netty.handler.HttpHandler - 

Request DefaultFullHttpRequest(decodeResult: success, version: HTTP/1.1, content: EmptyByteBufBE)
GET /session/7bfade00a98137d88e2f0d37526533be/element/34ba80d5-cbed-431f-8480-dd608c0dfde0/name HTTP/1.1
User-Agent: selenium/4.1.2 (java windows)
Cache-Control: no-cache
Content-Type: application/json; charset=utf-8
host: localhost:51801
accept: */*

Response DefaultHttpResponse(decodeResult: success, version: HTTP/1.1)
HTTP/1.1 200 OK
Content-Type: application/json; charset=utf-8
cache-control: no-cache
content-length: 15

20:35:11.003 [AsyncHttpClient-1-8] DEBUG org.asynchttpclient.netty.channel.ChannelManager - Adding key: http://localhost:51801 for channel [id: 0x7645f41c, L:/127.0.0.1:61753 - R:localhost/127.0.0.1:51801]
20:35:11.011 [Forwarding getElementTagName on session 7bfade00a98137d88e2f0d37526533be to remote] DEBUG org.asynchttpclient.netty.request.NettyRequestSender - Using pooled Channel '[id: 0x7645f41c, L:/127.0.0.1:61753 - R:localhost/127.0.0.1:51801]' for 'GET' to 'http://localhost:51801/session/7bfade00a98137d88e2f0d37526533be/element/34ba80d5-cbed-431f-8480-dd608c0dfde0/name'
20:35:11.011 [Forwarding getElementTagName on session 7bfade00a98137d88e2f0d37526533be to remote] DEBUG org.asynchttpclient.netty.request.NettyRequestSender - Using open Channel [id: 0x7645f41c, L:/127.0.0.1:61753 - R:localhost/127.0.0.1:51801] for GET '/session/7bfade00a98137d88e2f0d37526533be/element/34ba80d5-cbed-431f-8480-dd608c0dfde0/name'
20:35:11.027 [AsyncHttpClient-1-8] DEBUG org.asynchttpclient.netty.handler.HttpHandler - 

Request DefaultFullHttpRequest(decodeResult: success, version: HTTP/1.1, content: EmptyByteBufBE)
GET /session/7bfade00a98137d88e2f0d37526533be/element/34ba80d5-cbed-431f-8480-dd608c0dfde0/name HTTP/1.1
User-Agent: selenium/4.1.2 (java windows)
Cache-Control: no-cache
Content-Type: application/json; charset=utf-8
host: localhost:51801
accept: */*

Response DefaultHttpResponse(decodeResult: success, version: HTTP/1.1)
HTTP/1.1 200 OK
Content-Type: application/json; charset=utf-8
cache-control: no-cache
content-length: 15

20:35:11.027 [AsyncHttpClient-1-8] DEBUG org.asynchttpclient.netty.channel.ChannelManager - Adding key: http://localhost:51801 for channel [id: 0x7645f41c, L:/127.0.0.1:61753 - R:localhost/127.0.0.1:51801]
20:35:11.035 [Forwarding findElement on session 7bfade00a98137d88e2f0d37526533be to remote] DEBUG org.asynchttpclient.netty.request.NettyRequestSender - Using pooled Channel '[id: 0x7645f41c, L:/127.0.0.1:61753 - R:localhost/127.0.0.1:51801]' for 'POST' to 'http://localhost:51801/session/7bfade00a98137d88e2f0d37526533be/element'
20:35:11.035 [Forwarding findElement on session 7bfade00a98137d88e2f0d37526533be to remote] DEBUG org.asynchttpclient.netty.request.NettyRequestSender - Using open Channel [id: 0x7645f41c, L:/127.0.0.1:61753 - R:localhost/127.0.0.1:51801] for POST '/session/7bfade00a98137d88e2f0d37526533be/element'
20:35:11.067 [AsyncHttpClient-1-8] DEBUG org.asynchttpclient.netty.handler.HttpHandler - 

Request DefaultHttpRequest(decodeResult: success, version: HTTP/1.1)
POST /session/7bfade00a98137d88e2f0d37526533be/element HTTP/1.1
User-Agent: selenium/4.1.2 (java windows)
Content-Length: 92
Content-Type: application/json; charset=utf-8
host: localhost:51801
accept: */*

Response DefaultHttpResponse(decodeResult: success, version: HTTP/1.1)
HTTP/1.1 200 OK
Content-Type: application/json; charset=utf-8
cache-control: no-cache
content-length: 88

20:35:11.075 [AsyncHttpClient-1-8] DEBUG org.asynchttpclient.netty.channel.ChannelManager - Adding key: http://localhost:51801 for channel [id: 0x7645f41c, L:/127.0.0.1:61753 - R:localhost/127.0.0.1:51801]
20:35:11.075 [Forwarding clickElement on session 7bfade00a98137d88e2f0d37526533be to remote] DEBUG org.asynchttpclient.netty.request.NettyRequestSender - Using pooled Channel '[id: 0x7645f41c, L:/127.0.0.1:61753 - R:localhost/127.0.0.1:51801]' for 'POST' to 'http://localhost:51801/session/7bfade00a98137d88e2f0d37526533be/element/34ba80d5-cbed-431f-8480-dd608c0dfde0/click'
20:35:11.075 [Forwarding clickElement on session 7bfade00a98137d88e2f0d37526533be to remote] DEBUG org.asynchttpclient.netty.request.NettyRequestSender - Using open Channel [id: 0x7645f41c, L:/127.0.0.1:61753 - R:localhost/127.0.0.1:51801] for POST '/session/7bfade00a98137d88e2f0d37526533be/element/34ba80d5-cbed-431f-8480-dd608c0dfde0/click'
20:35:11.187 [AsyncHttpClient-1-1] DEBUG org.asynchttpclient.netty.channel.DefaultChannelPool - Entry count for : http://localhost:61755 : 1
20:35:12.038 [AsyncHttpClient-1-8] DEBUG org.asynchttpclient.netty.handler.HttpHandler - 

Request DefaultHttpRequest(decodeResult: success, version: HTTP/1.1)
POST /session/7bfade00a98137d88e2f0d37526533be/element/34ba80d5-cbed-431f-8480-dd608c0dfde0/click HTTP/1.1
User-Agent: selenium/4.1.2 (java windows)
Content-Length: 50
Content-Type: application/json; charset=utf-8
host: localhost:51801
accept: */*

Response DefaultHttpResponse(decodeResult: success, version: HTTP/1.1)
HTTP/1.1 200 OK
Content-Type: application/json; charset=utf-8
cache-control: no-cache
content-length: 14

20:35:12.038 [AsyncHttpClient-1-8] DEBUG org.asynchttpclient.netty.channel.ChannelManager - Adding key: http://localhost:51801 for channel [id: 0x7645f41c, L:/127.0.0.1:61753 - R:localhost/127.0.0.1:51801]
20:35:12.094 [Forwarding screenshot on session 7bfade00a98137d88e2f0d37526533be to remote] DEBUG org.asynchttpclient.netty.request.NettyRequestSender - Using pooled Channel '[id: 0x7645f41c, L:/127.0.0.1:61753 - R:localhost/127.0.0.1:51801]' for 'GET' to 'http://localhost:51801/session/7bfade00a98137d88e2f0d37526533be/screenshot'
20:35:12.094 [Forwarding screenshot on session 7bfade00a98137d88e2f0d37526533be to remote] DEBUG org.asynchttpclient.netty.request.NettyRequestSender - Using open Channel [id: 0x7645f41c, L:/127.0.0.1:61753 - R:localhost/127.0.0.1:51801] for GET '/session/7bfade00a98137d88e2f0d37526533be/screenshot'
20:35:12.350 [AsyncHttpClient-1-1] DEBUG org.asynchttpclient.netty.channel.DefaultChannelPool - Entry count for : http://localhost:61755 : 1
20:35:13.402 [AsyncHttpClient-1-1] DEBUG org.asynchttpclient.netty.channel.DefaultChannelPool - Entry count for : http://localhost:61755 : 1
20:35:13.770 [AsyncHttpClient-1-8] DEBUG org.asynchttpclient.netty.handler.HttpHandler - 

Request DefaultFullHttpRequest(decodeResult: success, version: HTTP/1.1, content: EmptyByteBufBE)
GET /session/7bfade00a98137d88e2f0d37526533be/screenshot HTTP/1.1
User-Agent: selenium/4.1.2 (java windows)
Cache-Control: no-cache
Content-Type: application/json; charset=utf-8
host: localhost:51801
accept: */*

Response DefaultHttpResponse(decodeResult: success, version: HTTP/1.1)
HTTP/1.1 200 OK
Content-Type: application/json; charset=utf-8
cache-control: no-cache
content-length: 354632

20:35:13.778 [AsyncHttpClient-1-8] DEBUG org.asynchttpclient.netty.channel.ChannelManager - Adding key: http://localhost:51801 for channel [id: 0x7645f41c, L:/127.0.0.1:61753 - R:localhost/127.0.0.1:51801]
20:35:13.858 [main] DEBUG net.serenitybdd.core.photography.Darkroom - Send negative for processing for target\site\serenity\c38e676509f925990e0ed7be9f73ee76517811873c3dd9ebd6049b6df69758e5.png
20:35:13.866 [main] DEBUG net.thucydides.core.steps.StepInterceptor - STEP DONE: clickButtonDetail
  &amp#27;[32mAnd &amp#27;[0m&amp#27;[32mClick Detail dokter data&amp#27;[0m                                                     &amp#27;[90m# starter.stepdefinitios.DokterDataSteps.clickDetailDokterData()&amp#27;[0m
20:35:13.938 [Forwarding screenshot on session 7bfade00a98137d88e2f0d37526533be to remote] DEBUG org.asynchttpclient.netty.request.NettyRequestSender - Using pooled Channel '[id: 0x7645f41c, L:/127.0.0.1:61753 - R:localhost/127.0.0.1:51801]' for 'GET' to 'http://localhost:51801/session/7bfade00a98137d88e2f0d37526533be/screenshot'
20:35:13.938 [Forwarding screenshot on session 7bfade00a98137d88e2f0d37526533be to remote] DEBUG org.asynchttpclient.netty.request.NettyRequestSender - Using open Channel [id: 0x7645f41c, L:/127.0.0.1:61753 - R:localhost/127.0.0.1:51801] for GET '/session/7bfade00a98137d88e2f0d37526533be/screenshot'
20:35:14.490 [AsyncHttpClient-1-1] DEBUG org.asynchttpclient.netty.channel.DefaultChannelPool - Entry count for : http://localhost:61755 : 1
20:35:15.075 [AsyncHttpClient-1-8] DEBUG org.asynchttpclient.netty.handler.HttpHandler - 

Request DefaultFullHttpRequest(decodeResult: success, version: HTTP/1.1, content: EmptyByteBufBE)
GET /session/7bfade00a98137d88e2f0d37526533be/screenshot HTTP/1.1
User-Agent: selenium/4.1.2 (java windows)
Cache-Control: no-cache
Content-Type: application/json; charset=utf-8
host: localhost:51801
accept: */*

Response DefaultHttpResponse(decodeResult: success, version: HTTP/1.1)
HTTP/1.1 200 OK
Content-Type: application/json; charset=utf-8
cache-control: no-cache
content-length: 354632

20:35:15.075 [AsyncHttpClient-1-8] DEBUG org.asynchttpclient.netty.channel.ChannelManager - Adding key: http://localhost:51801 for channel [id: 0x7645f41c, L:/127.0.0.1:61753 - R:localhost/127.0.0.1:51801]
20:35:15.147 [main] DEBUG net.serenitybdd.core.photography.Darkroom - Send negative for processing for target\site\serenity\c38e676509f925990e0ed7be9f73ee76517811873c3dd9ebd6049b6df69758e5.png
20:35:15.590 [AsyncHttpClient-1-1] DEBUG org.asynchttpclient.netty.channel.DefaultChannelPool - Entry count for : http://localhost:51801 : 1
20:35:15.590 [AsyncHttpClient-1-1] DEBUG org.asynchttpclient.netty.channel.DefaultChannelPool - Entry count for : http://localhost:61755 : 1
20:35:15.766 [Forwarding screenshot on session 7bfade00a98137d88e2f0d37526533be to remote] DEBUG org.asynchttpclient.netty.request.NettyRequestSender - Using pooled Channel '[id: 0x7645f41c, L:/127.0.0.1:61753 - R:localhost/127.0.0.1:51801]' for 'GET' to 'http://localhost:51801/session/7bfade00a98137d88e2f0d37526533be/screenshot'
20:35:15.766 [Forwarding screenshot on session 7bfade00a98137d88e2f0d37526533be to remote] DEBUG org.asynchttpclient.netty.request.NettyRequestSender - Using open Channel [id: 0x7645f41c, L:/127.0.0.1:61753 - R:localhost/127.0.0.1:51801] for GET '/session/7bfade00a98137d88e2f0d37526533be/screenshot'
20:35:16.697 [AsyncHttpClient-1-1] DEBUG org.asynchttpclient.netty.channel.DefaultChannelPool - Entry count for : http://localhost:61755 : 1
20:35:16.869 [AsyncHttpClient-1-8] DEBUG org.asynchttpclient.netty.handler.HttpHandler - 

Request DefaultFullHttpRequest(decodeResult: success, version: HTTP/1.1, content: EmptyByteBufBE)
GET /session/7bfade00a98137d88e2f0d37526533be/screenshot HTTP/1.1
User-Agent: selenium/4.1.2 (java windows)
Cache-Control: no-cache
Content-Type: application/json; charset=utf-8
host: localhost:51801
accept: */*

Response DefaultHttpResponse(decodeResult: success, version: HTTP/1.1)
HTTP/1.1 200 OK
Content-Type: application/json; charset=utf-8
cache-control: no-cache
content-length: 354632

20:35:16.877 [AsyncHttpClient-1-8] DEBUG org.asynchttpclient.netty.channel.ChannelManager - Adding key: http://localhost:51801 for channel [id: 0x7645f41c, L:/127.0.0.1:61753 - R:localhost/127.0.0.1:51801]
20:35:16.933 [main] DEBUG net.serenitybdd.core.photography.Darkroom - Send negative for processing for target\site\serenity\c38e676509f925990e0ed7be9f73ee76517811873c3dd9ebd6049b6df69758e5.png
20:35:16.933 [main] DEBUG net.thucydides.core.steps.StepInterceptor - STARTING STEP: DokterDataSteps.validDataDetailDokter - checkValidDataPasien
20:35:16.949 [Forwarding findElement on session 7bfade00a98137d88e2f0d37526533be to remote] DEBUG org.asynchttpclient.netty.request.NettyRequestSender - Using pooled Channel '[id: 0x7645f41c, L:/127.0.0.1:61753 - R:localhost/127.0.0.1:51801]' for 'POST' to 'http://localhost:51801/session/7bfade00a98137d88e2f0d37526533be/element'
20:35:16.949 [Forwarding findElement on session 7bfade00a98137d88e2f0d37526533be to remote] DEBUG org.asynchttpclient.netty.request.NettyRequestSender - Using open Channel [id: 0x7645f41c, L:/127.0.0.1:61753 - R:localhost/127.0.0.1:51801] for POST '/session/7bfade00a98137d88e2f0d37526533be/element'
20:35:17.021 [AsyncHttpClient-1-8] DEBUG org.asynchttpclient.netty.handler.HttpHandler - 

Request DefaultHttpRequest(decodeResult: success, version: HTTP/1.1)
POST /session/7bfade00a98137d88e2f0d37526533be/element HTTP/1.1
User-Agent: selenium/4.1.2 (java windows)
Content-Length: 95
Content-Type: application/json; charset=utf-8
host: localhost:51801
accept: */*

Response DefaultHttpResponse(decodeResult: success, version: HTTP/1.1)
HTTP/1.1 200 OK
Content-Type: application/json; charset=utf-8
cache-control: no-cache
content-length: 88

20:35:17.021 [AsyncHttpClient-1-8] DEBUG org.asynchttpclient.netty.channel.ChannelManager - Adding key: http://localhost:51801 for channel [id: 0x7645f41c, L:/127.0.0.1:61753 - R:localhost/127.0.0.1:51801]
20:35:17.021 [Forwarding isElementEnabled on session 7bfade00a98137d88e2f0d37526533be to remote] DEBUG org.asynchttpclient.netty.request.NettyRequestSender - Using pooled Channel '[id: 0x7645f41c, L:/127.0.0.1:61753 - R:localhost/127.0.0.1:51801]' for 'GET' to 'http://localhost:51801/session/7bfade00a98137d88e2f0d37526533be/element/9352341b-f6de-451b-b58c-84cb99dbc844/enabled'
20:35:17.029 [Forwarding isElementEnabled on session 7bfade00a98137d88e2f0d37526533be to remote] DEBUG org.asynchttpclient.netty.request.NettyRequestSender - Using open Channel [id: 0x7645f41c, L:/127.0.0.1:61753 - R:localhost/127.0.0.1:51801] for GET '/session/7bfade00a98137d88e2f0d37526533be/element/9352341b-f6de-451b-b58c-84cb99dbc844/enabled'
20:35:17.469 [AsyncHttpClient-1-8] DEBUG org.asynchttpclient.netty.handler.HttpHandler - 

Request DefaultFullHttpRequest(decodeResult: success, version: HTTP/1.1, content: EmptyByteBufBE)
GET /session/7bfade00a98137d88e2f0d37526533be/element/9352341b-f6de-451b-b58c-84cb99dbc844/enabled HTTP/1.1
User-Agent: selenium/4.1.2 (java windows)
Cache-Control: no-cache
Content-Type: application/json; charset=utf-8
host: localhost:51801
accept: */*

Response DefaultHttpResponse(decodeResult: success, version: HTTP/1.1)
HTTP/1.1 200 OK
Content-Type: application/json; charset=utf-8
cache-control: no-cache
content-length: 14

20:35:17.469 [AsyncHttpClient-1-8] DEBUG org.asynchttpclient.netty.channel.ChannelManager - Adding key: http://localhost:51801 for channel [id: 0x7645f41c, L:/127.0.0.1:61753 - R:localhost/127.0.0.1:51801]
20:35:17.493 [Forwarding screenshot on session 7bfade00a98137d88e2f0d37526533be to remote] DEBUG org.asynchttpclient.netty.request.NettyRequestSender - Using pooled Channel '[id: 0x7645f41c, L:/127.0.0.1:61753 - R:localhost/127.0.0.1:51801]' for 'GET' to 'http://localhost:51801/session/7bfade00a98137d88e2f0d37526533be/screenshot'
20:35:17.493 [Forwarding screenshot on session 7bfade00a98137d88e2f0d37526533be to remote] DEBUG org.asynchttpclient.netty.request.NettyRequestSender - Using open Channel [id: 0x7645f41c, L:/127.0.0.1:61753 - R:localhost/127.0.0.1:51801] for GET '/session/7bfade00a98137d88e2f0d37526533be/screenshot'
20:35:17.803 [AsyncHttpClient-1-1] DEBUG org.asynchttpclient.netty.channel.DefaultChannelPool - Entry count for : http://localhost:61755 : 1
20:35:18.928 [AsyncHttpClient-1-1] DEBUG org.asynchttpclient.netty.channel.DefaultChannelPool - Entry count for : http://localhost:61755 : 1
20:35:19.543 [AsyncHttpClient-1-8] DEBUG org.asynchttpclient.netty.handler.HttpHandler - 

Request DefaultFullHttpRequest(decodeResult: success, version: HTTP/1.1, content: EmptyByteBufBE)
GET /session/7bfade00a98137d88e2f0d37526533be/screenshot HTTP/1.1
User-Agent: selenium/4.1.2 (java windows)
Cache-Control: no-cache
Content-Type: application/json; charset=utf-8
host: localhost:51801
accept: */*

Response DefaultHttpResponse(decodeResult: success, version: HTTP/1.1)
HTTP/1.1 200 OK
Content-Type: application/json; charset=utf-8
cache-control: no-cache
content-length: 354632

20:35:19.551 [AsyncHttpClient-1-8] DEBUG org.asynchttpclient.netty.channel.ChannelManager - Adding key: http://localhost:51801 for channel [id: 0x7645f41c, L:/127.0.0.1:61753 - R:localhost/127.0.0.1:51801]
20:35:19.790 [main] DEBUG net.serenitybdd.core.photography.Darkroom - Send negative for processing for target\site\serenity\c38e676509f925990e0ed7be9f73ee76517811873c3dd9ebd6049b6df69758e5.png
20:35:19.803 [main] DEBUG net.thucydides.core.steps.StepInterceptor - STEP DONE: checkValidDataPasien
  &amp#27;[32mWhen &amp#27;[0m&amp#27;[32mValid data detail dokter&amp#27;[0m                                                    &amp#27;[90m# starter.stepdefinitios.DokterDataSteps.validDataDetailDokter()&amp#27;[0m
20:35:20.044 [Forwarding screenshot on session 7bfade00a98137d88e2f0d37526533be to remote] DEBUG org.asynchttpclient.netty.request.NettyRequestSender - Using pooled Channel '[id: 0x7645f41c, L:/127.0.0.1:61753 - R:localhost/127.0.0.1:51801]' for 'GET' to 'http://localhost:51801/session/7bfade00a98137d88e2f0d37526533be/screenshot'
20:35:20.044 [Forwarding screenshot on session 7bfade00a98137d88e2f0d37526533be to remote] DEBUG org.asynchttpclient.netty.request.NettyRequestSender - Using open Channel [id: 0x7645f41c, L:/127.0.0.1:61753 - R:localhost/127.0.0.1:51801] for GET '/session/7bfade00a98137d88e2f0d37526533be/screenshot'
20:35:20.044 [AsyncHttpClient-1-1] DEBUG org.asynchttpclient.netty.channel.DefaultChannelPool - Entry count for : http://localhost:61755 : 1
20:35:21.112 [AsyncHttpClient-1-1] DEBUG org.asynchttpclient.netty.channel.DefaultChannelPool - Entry count for : http://localhost:61755 : 1
20:35:22.232 [AsyncHttpClient-1-1] DEBUG org.asynchttpclient.netty.channel.DefaultChannelPool - Entry count for : http://localhost:61755 : 1
20:35:22.268 [AsyncHttpClient-1-8] DEBUG org.asynchttpclient.netty.handler.HttpHandler - 

Request DefaultFullHttpRequest(decodeResult: success, version: HTTP/1.1, content: EmptyByteBufBE)
GET /session/7bfade00a98137d88e2f0d37526533be/screenshot HTTP/1.1
User-Agent: selenium/4.1.2 (java windows)
Cache-Control: no-cache
Content-Type: application/json; charset=utf-8
host: localhost:51801
accept: */*

Response DefaultHttpResponse(decodeResult: success, version: HTTP/1.1)
HTTP/1.1 200 OK
Content-Type: application/json; charset=utf-8
cache-control: no-cache
content-length: 354632

20:35:22.275 [AsyncHttpClient-1-8] DEBUG org.asynchttpclient.netty.channel.ChannelManager - Adding key: http://localhost:51801 for channel [id: 0x7645f41c, L:/127.0.0.1:61753 - R:localhost/127.0.0.1:51801]
20:35:22.419 [main] DEBUG net.serenitybdd.core.photography.Darkroom - Send negative for processing for target\site\serenity\c38e676509f925990e0ed7be9f73ee76517811873c3dd9ebd6049b6df69758e5.png
20:35:22.772 [Forwarding screenshot on session 7bfade00a98137d88e2f0d37526533be to remote] DEBUG org.asynchttpclient.netty.request.NettyRequestSender - Using pooled Channel '[id: 0x7645f41c, L:/127.0.0.1:61753 - R:localhost/127.0.0.1:51801]' for 'GET' to 'http://localhost:51801/session/7bfade00a98137d88e2f0d37526533be/screenshot'
20:35:22.772 [Forwarding screenshot on session 7bfade00a98137d88e2f0d37526533be to remote] DEBUG org.asynchttpclient.netty.request.NettyRequestSender - Using open Channel [id: 0x7645f41c, L:/127.0.0.1:61753 - R:localhost/127.0.0.1:51801] for GET '/session/7bfade00a98137d88e2f0d37526533be/screenshot'
20:35:23.297 [AsyncHttpClient-1-1] DEBUG org.asynchttpclient.netty.channel.DefaultChannelPool - Entry count for : http://localhost:61755 : 1
20:35:24.461 [AsyncHttpClient-1-1] DEBUG org.asynchttpclient.netty.channel.DefaultChannelPool - Entry count for : http://localhost:61755 : 1
20:35:25.402 [AsyncHttpClient-1-8] DEBUG org.asynchttpclient.netty.handler.HttpHandler - 

Request DefaultFullHttpRequest(decodeResult: success, version: HTTP/1.1, content: EmptyByteBufBE)
GET /session/7bfade00a98137d88e2f0d37526533be/screenshot HTTP/1.1
User-Agent: selenium/4.1.2 (java windows)
Cache-Control: no-cache
Content-Type: application/json; charset=utf-8
host: localhost:51801
accept: */*

Response DefaultHttpResponse(decodeResult: success, version: HTTP/1.1)
HTTP/1.1 200 OK
Content-Type: application/json; charset=utf-8
cache-control: no-cache
content-length: 354632

20:35:25.402 [AsyncHttpClient-1-8] DEBUG org.asynchttpclient.netty.channel.ChannelManager - Adding key: http://localhost:51801 for channel [id: 0x7645f41c, L:/127.0.0.1:61753 - R:localhost/127.0.0.1:51801]
20:35:25.558 [AsyncHttpClient-1-1] DEBUG org.asynchttpclient.netty.channel.DefaultChannelPool - Entry count for : http://localhost:51801 : 1
20:35:25.574 [AsyncHttpClient-1-1] DEBUG org.asynchttpclient.netty.channel.DefaultChannelPool - Entry count for : http://localhost:61755 : 1
20:35:25.732 [main] DEBUG net.serenitybdd.core.photography.Darkroom - Send negative for processing for target\site\serenity\c38e676509f925990e0ed7be9f73ee76517811873c3dd9ebd6049b6df69758e5.png
20:35:25.740 [main] DEBUG net.thucydides.core.steps.StepInterceptor - STARTING STEP: PatientDataSteps.clickButtonEditProfil - clickButtonEditDataPasien
20:35:25.831 [Forwarding findElement on session 7bfade00a98137d88e2f0d37526533be to remote] DEBUG org.asynchttpclient.netty.request.NettyRequestSender - Using pooled Channel '[id: 0x7645f41c, L:/127.0.0.1:61753 - R:localhost/127.0.0.1:51801]' for 'POST' to 'http://localhost:51801/session/7bfade00a98137d88e2f0d37526533be/element'
20:35:25.832 [Forwarding findElement on session 7bfade00a98137d88e2f0d37526533be to remote] DEBUG org.asynchttpclient.netty.request.NettyRequestSender - Using open Channel [id: 0x7645f41c, L:/127.0.0.1:61753 - R:localhost/127.0.0.1:51801] for POST '/session/7bfade00a98137d88e2f0d37526533be/element'
20:35:26.399 [AsyncHttpClient-1-8] DEBUG org.asynchttpclient.netty.handler.HttpHandler - 

Request DefaultHttpRequest(decodeResult: success, version: HTTP/1.1)
POST /session/7bfade00a98137d88e2f0d37526533be/element HTTP/1.1
User-Agent: selenium/4.1.2 (java windows)
Content-Length: 116
Content-Type: application/json; charset=utf-8
host: localhost:51801
accept: */*

Response DefaultHttpResponse(decodeResult: success, version: HTTP/1.1)
HTTP/1.1 200 OK
Content-Type: application/json; charset=utf-8
cache-control: no-cache
content-length: 88

20:35:26.399 [AsyncHttpClient-1-8] DEBUG org.asynchttpclient.netty.channel.ChannelManager - Adding key: http://localhost:51801 for channel [id: 0x7645f41c, L:/127.0.0.1:61753 - R:localhost/127.0.0.1:51801]
20:35:26.407 [Forwarding getElementTagName on session 7bfade00a98137d88e2f0d37526533be to remote] DEBUG org.asynchttpclient.netty.request.NettyRequestSender - Using pooled Channel '[id: 0x7645f41c, L:/127.0.0.1:61753 - R:localhost/127.0.0.1:51801]' for 'GET' to 'http://localhost:51801/session/7bfade00a98137d88e2f0d37526533be/element/6d2fa9ef-6a4b-41b3-af13-180ad29d4c79/name'
20:35:26.407 [Forwarding getElementTagName on session 7bfade00a98137d88e2f0d37526533be to remote] DEBUG org.asynchttpclient.netty.request.NettyRequestSender - Using open Channel [id: 0x7645f41c, L:/127.0.0.1:61753 - R:localhost/127.0.0.1:51801] for GET '/session/7bfade00a98137d88e2f0d37526533be/element/6d2fa9ef-6a4b-41b3-af13-180ad29d4c79/name'
20:35:26.596 [AsyncHttpClient-1-1] DEBUG org.asynchttpclient.netty.channel.DefaultChannelPool - Entry count for : http://localhost:61755 : 1
20:35:26.740 [AsyncHttpClient-1-8] DEBUG org.asynchttpclient.netty.handler.HttpHandler - 

Request DefaultFullHttpRequest(decodeResult: success, version: HTTP/1.1, content: EmptyByteBufBE)
GET /session/7bfade00a98137d88e2f0d37526533be/element/6d2fa9ef-6a4b-41b3-af13-180ad29d4c79/name HTTP/1.1
User-Agent: selenium/4.1.2 (java windows)
Cache-Control: no-cache
Content-Type: application/json; charset=utf-8
host: localhost:51801
accept: */*

Response DefaultHttpResponse(decodeResult: success, version: HTTP/1.1)
HTTP/1.1 200 OK
Content-Type: application/json; charset=utf-8
cache-control: no-cache
content-length: 18

20:35:26.748 [AsyncHttpClient-1-8] DEBUG org.asynchttpclient.netty.channel.ChannelManager - Adding key: http://localhost:51801 for channel [id: 0x7645f41c, L:/127.0.0.1:61753 - R:localhost/127.0.0.1:51801]
20:35:26.757 [Forwarding getElementTagName on session 7bfade00a98137d88e2f0d37526533be to remote] DEBUG org.asynchttpclient.netty.request.NettyRequestSender - Using pooled Channel '[id: 0x7645f41c, L:/127.0.0.1:61753 - R:localhost/127.0.0.1:51801]' for 'GET' to 'http://localhost:51801/session/7bfade00a98137d88e2f0d37526533be/element/6d2fa9ef-6a4b-41b3-af13-180ad29d4c79/name'
20:35:26.757 [Forwarding getElementTagName on session 7bfade00a98137d88e2f0d37526533be to remote] DEBUG org.asynchttpclient.netty.request.NettyRequestSender - Using open Channel [id: 0x7645f41c, L:/127.0.0.1:61753 - R:localhost/127.0.0.1:51801] for GET '/session/7bfade00a98137d88e2f0d37526533be/element/6d2fa9ef-6a4b-41b3-af13-180ad29d4c79/name'
20:35:27.111 [AsyncHttpClient-1-8] DEBUG org.asynchttpclient.netty.handler.HttpHandler - 

Request DefaultFullHttpRequest(decodeResult: success, version: HTTP/1.1, content: EmptyByteBufBE)
GET /session/7bfade00a98137d88e2f0d37526533be/element/6d2fa9ef-6a4b-41b3-af13-180ad29d4c79/name HTTP/1.1
User-Agent: selenium/4.1.2 (java windows)
Cache-Control: no-cache
Content-Type: application/json; charset=utf-8
host: localhost:51801
accept: */*

Response DefaultHttpResponse(decodeResult: success, version: HTTP/1.1)
HTTP/1.1 200 OK
Content-Type: application/json; charset=utf-8
cache-control: no-cache
content-length: 18

20:35:27.119 [AsyncHttpClient-1-8] DEBUG org.asynchttpclient.netty.channel.ChannelManager - Adding key: http://localhost:51801 for channel [id: 0x7645f41c, L:/127.0.0.1:61753 - R:localhost/127.0.0.1:51801]
20:35:27.127 [Forwarding isElementEnabled on session 7bfade00a98137d88e2f0d37526533be to remote] DEBUG org.asynchttpclient.netty.request.NettyRequestSender - Using pooled Channel '[id: 0x7645f41c, L:/127.0.0.1:61753 - R:localhost/127.0.0.1:51801]' for 'GET' to 'http://localhost:51801/session/7bfade00a98137d88e2f0d37526533be/element/6d2fa9ef-6a4b-41b3-af13-180ad29d4c79/enabled'
20:35:27.127 [Forwarding isElementEnabled on session 7bfade00a98137d88e2f0d37526533be to remote] DEBUG org.asynchttpclient.netty.request.NettyRequestSender - Using open Channel [id: 0x7645f41c, L:/127.0.0.1:61753 - R:localhost/127.0.0.1:51801] for GET '/session/7bfade00a98137d88e2f0d37526533be/element/6d2fa9ef-6a4b-41b3-af13-180ad29d4c79/enabled'
20:35:27.319 [AsyncHttpClient-1-8] DEBUG org.asynchttpclient.netty.handler.HttpHandler - 

Request DefaultFullHttpRequest(decodeResult: success, version: HTTP/1.1, content: EmptyByteBufBE)
GET /session/7bfade00a98137d88e2f0d37526533be/element/6d2fa9ef-6a4b-41b3-af13-180ad29d4c79/enabled HTTP/1.1
User-Agent: selenium/4.1.2 (java windows)
Cache-Control: no-cache
Content-Type: application/json; charset=utf-8
host: localhost:51801
accept: */*

Response DefaultHttpResponse(decodeResult: success, version: HTTP/1.1)
HTTP/1.1 200 OK
Content-Type: application/json; charset=utf-8
cache-control: no-cache
content-length: 14

20:35:27.319 [AsyncHttpClient-1-8] DEBUG org.asynchttpclient.netty.channel.ChannelManager - Adding key: http://localhost:51801 for channel [id: 0x7645f41c, L:/127.0.0.1:61753 - R:localhost/127.0.0.1:51801]
20:35:27.331 [Forwarding isElementEnabled on session 7bfade00a98137d88e2f0d37526533be to remote] DEBUG org.asynchttpclient.netty.request.NettyRequestSender - Using pooled Channel '[id: 0x7645f41c, L:/127.0.0.1:61753 - R:localhost/127.0.0.1:51801]' for 'GET' to 'http://localhost:51801/session/7bfade00a98137d88e2f0d37526533be/element/6d2fa9ef-6a4b-41b3-af13-180ad29d4c79/enabled'
20:35:27.331 [Forwarding isElementEnabled on session 7bfade00a98137d88e2f0d37526533be to remote] DEBUG org.asynchttpclient.netty.request.NettyRequestSender - Using open Channel [id: 0x7645f41c, L:/127.0.0.1:61753 - R:localhost/127.0.0.1:51801] for GET '/session/7bfade00a98137d88e2f0d37526533be/element/6d2fa9ef-6a4b-41b3-af13-180ad29d4c79/enabled'
20:35:27.593 [AsyncHttpClient-1-8] DEBUG org.asynchttpclient.netty.handler.HttpHandler - 

Request DefaultFullHttpRequest(decodeResult: success, version: HTTP/1.1, content: EmptyByteBufBE)
GET /session/7bfade00a98137d88e2f0d37526533be/element/6d2fa9ef-6a4b-41b3-af13-180ad29d4c79/enabled HTTP/1.1
User-Agent: selenium/4.1.2 (java windows)
Cache-Control: no-cache
Content-Type: application/json; charset=utf-8
host: localhost:51801
accept: */*

Response DefaultHttpResponse(decodeResult: success, version: HTTP/1.1)
HTTP/1.1 200 OK
Content-Type: application/json; charset=utf-8
cache-control: no-cache
content-length: 14

20:35:27.593 [AsyncHttpClient-1-8] DEBUG org.asynchttpclient.netty.channel.ChannelManager - Adding key: http://localhost:51801 for channel [id: 0x7645f41c, L:/127.0.0.1:61753 - R:localhost/127.0.0.1:51801]
20:35:27.601 [Forwarding findElement on session 7bfade00a98137d88e2f0d37526533be to remote] DEBUG org.asynchttpclient.netty.request.NettyRequestSender - Using pooled Channel '[id: 0x7645f41c, L:/127.0.0.1:61753 - R:localhost/127.0.0.1:51801]' for 'POST' to 'http://localhost:51801/session/7bfade00a98137d88e2f0d37526533be/element'
20:35:27.601 [Forwarding findElement on session 7bfade00a98137d88e2f0d37526533be to remote] DEBUG org.asynchttpclient.netty.request.NettyRequestSender - Using open Channel [id: 0x7645f41c, L:/127.0.0.1:61753 - R:localhost/127.0.0.1:51801] for POST '/session/7bfade00a98137d88e2f0d37526533be/element'
20:35:27.721 [AsyncHttpClient-1-1] DEBUG org.asynchttpclient.netty.channel.DefaultChannelPool - Entry count for : http://localhost:61755 : 1
20:35:27.953 [AsyncHttpClient-1-8] DEBUG org.asynchttpclient.netty.handler.HttpHandler - 

Request DefaultHttpRequest(decodeResult: success, version: HTTP/1.1)
POST /session/7bfade00a98137d88e2f0d37526533be/element HTTP/1.1
User-Agent: selenium/4.1.2 (java windows)
Content-Length: 116
Content-Type: application/json; charset=utf-8
host: localhost:51801
accept: */*

Response DefaultHttpResponse(decodeResult: success, version: HTTP/1.1)
HTTP/1.1 200 OK
Content-Type: application/json; charset=utf-8
cache-control: no-cache
content-length: 88

20:35:27.953 [AsyncHttpClient-1-8] DEBUG org.asynchttpclient.netty.channel.ChannelManager - Adding key: http://localhost:51801 for channel [id: 0x7645f41c, L:/127.0.0.1:61753 - R:localhost/127.0.0.1:51801]
20:35:27.961 [Forwarding clickElement on session 7bfade00a98137d88e2f0d37526533be to remote] DEBUG org.asynchttpclient.netty.request.NettyRequestSender - Using pooled Channel '[id: 0x7645f41c, L:/127.0.0.1:61753 - R:localhost/127.0.0.1:51801]' for 'POST' to 'http://localhost:51801/session/7bfade00a98137d88e2f0d37526533be/element/6d2fa9ef-6a4b-41b3-af13-180ad29d4c79/click'
20:35:27.961 [Forwarding clickElement on session 7bfade00a98137d88e2f0d37526533be to remote] DEBUG org.asynchttpclient.netty.request.NettyRequestSender - Using open Channel [id: 0x7645f41c, L:/127.0.0.1:61753 - R:localhost/127.0.0.1:51801] for POST '/session/7bfade00a98137d88e2f0d37526533be/element/6d2fa9ef-6a4b-41b3-af13-180ad29d4c79/click'
20:35:28.791 [AsyncHttpClient-1-1] DEBUG org.asynchttpclient.netty.channel.DefaultChannelPool - Entry count for : http://localhost:61755 : 1
20:35:28.954 [AsyncHttpClient-1-8] DEBUG org.asynchttpclient.netty.handler.HttpHandler - 

Request DefaultHttpRequest(decodeResult: success, version: HTTP/1.1)
POST /session/7bfade00a98137d88e2f0d37526533be/element/6d2fa9ef-6a4b-41b3-af13-180ad29d4c79/click HTTP/1.1
User-Agent: selenium/4.1.2 (java windows)
Content-Length: 50
Content-Type: application/json; charset=utf-8
host: localhost:51801
accept: */*

Response DefaultHttpResponse(decodeResult: success, version: HTTP/1.1)
HTTP/1.1 200 OK
Content-Type: application/json; charset=utf-8
cache-control: no-cache
content-length: 14

20:35:28.954 [AsyncHttpClient-1-8] DEBUG org.asynchttpclient.netty.channel.ChannelManager - Adding key: http://localhost:51801 for channel [id: 0x7645f41c, L:/127.0.0.1:61753 - R:localhost/127.0.0.1:51801]
20:35:28.991 [Forwarding screenshot on session 7bfade00a98137d88e2f0d37526533be to remote] DEBUG org.asynchttpclient.netty.request.NettyRequestSender - Using pooled Channel '[id: 0x7645f41c, L:/127.0.0.1:61753 - R:localhost/127.0.0.1:51801]' for 'GET' to 'http://localhost:51801/session/7bfade00a98137d88e2f0d37526533be/screenshot'
20:35:28.991 [Forwarding screenshot on session 7bfade00a98137d88e2f0d37526533be to remote] DEBUG org.asynchttpclient.netty.request.NettyRequestSender - Using open Channel [id: 0x7645f41c, L:/127.0.0.1:61753 - R:localhost/127.0.0.1:51801] for GET '/session/7bfade00a98137d88e2f0d37526533be/screenshot'
20:35:29.884 [AsyncHttpClient-1-1] DEBUG org.asynchttpclient.netty.channel.DefaultChannelPool - Entry count for : http://localhost:61755 : 1
20:35:30.161 [AsyncHttpClient-1-8] DEBUG org.asynchttpclient.netty.handler.HttpHandler - 

Request DefaultFullHttpRequest(decodeResult: success, version: HTTP/1.1, content: EmptyByteBufBE)
GET /session/7bfade00a98137d88e2f0d37526533be/screenshot HTTP/1.1
User-Agent: selenium/4.1.2 (java windows)
Cache-Control: no-cache
Content-Type: application/json; charset=utf-8
host: localhost:51801
accept: */*

Response DefaultHttpResponse(decodeResult: success, version: HTTP/1.1)
HTTP/1.1 200 OK
Content-Type: application/json; charset=utf-8
cache-control: no-cache
content-length: 356540

20:35:30.170 [AsyncHttpClient-1-8] DEBUG org.asynchttpclient.netty.channel.ChannelManager - Adding key: http://localhost:51801 for channel [id: 0x7645f41c, L:/127.0.0.1:61753 - R:localhost/127.0.0.1:51801]
20:35:30.250 [main] DEBUG net.serenitybdd.core.photography.Darkroom - Send negative for processing for target\site\serenity\6bcdf5f5eebcae8cfa3aa909bec22004a237d2da78416efe95c288315d8d1b63.png
20:35:30.250 [main] DEBUG net.thucydides.core.steps.StepInterceptor - STEP DONE: clickButtonEditDataPasien
  &amp#27;[32mAnd &amp#27;[0m&amp#27;[32mClick button edit profil&amp#27;[0m                                                     &amp#27;[90m# starter.stepdefinitios.PatientDataSteps.clickButtonEditProfil()&amp#27;[0m
20:35:30.250 [Darkroom Processing Line] DEBUG net.serenitybdd.core.photography.DarkroomProcessingLine - Processing screenshot image in /var/screenshots/screenshot-10330401171055691692
20:35:30.250 [Darkroom Processing Line] DEBUG net.serenitybdd.core.photography.DarkroomProcessingLine - Saving screenshot to target\site\serenity\6bcdf5f5eebcae8cfa3aa909bec22004a237d2da78416efe95c288315d8d1b63.png
20:35:30.306 [Forwarding screenshot on session 7bfade00a98137d88e2f0d37526533be to remote] DEBUG org.asynchttpclient.netty.request.NettyRequestSender - Using pooled Channel '[id: 0x7645f41c, L:/127.0.0.1:61753 - R:localhost/127.0.0.1:51801]' for 'GET' to 'http://localhost:51801/session/7bfade00a98137d88e2f0d37526533be/screenshot'
20:35:30.306 [Forwarding screenshot on session 7bfade00a98137d88e2f0d37526533be to remote] DEBUG org.asynchttpclient.netty.request.NettyRequestSender - Using open Channel [id: 0x7645f41c, L:/127.0.0.1:61753 - R:localhost/127.0.0.1:51801] for GET '/session/7bfade00a98137d88e2f0d37526533be/screenshot'
20:35:30.987 [AsyncHttpClient-1-1] DEBUG org.asynchttpclient.netty.channel.DefaultChannelPool - Entry count for : http://localhost:61755 : 1
20:35:31.365 [AsyncHttpClient-1-8] DEBUG org.asynchttpclient.netty.handler.HttpHandler - 

Request DefaultFullHttpRequest(decodeResult: success, version: HTTP/1.1, content: EmptyByteBufBE)
GET /session/7bfade00a98137d88e2f0d37526533be/screenshot HTTP/1.1
User-Agent: selenium/4.1.2 (java windows)
Cache-Control: no-cache
Content-Type: application/json; charset=utf-8
host: localhost:51801
accept: */*

Response DefaultHttpResponse(decodeResult: success, version: HTTP/1.1)
HTTP/1.1 200 OK
Content-Type: application/json; charset=utf-8
cache-control: no-cache
content-length: 356540

20:35:31.367 [AsyncHttpClient-1-8] DEBUG org.asynchttpclient.netty.channel.ChannelManager - Adding key: http://localhost:51801 for channel [id: 0x7645f41c, L:/127.0.0.1:61753 - R:localhost/127.0.0.1:51801]
20:35:31.455 [main] DEBUG net.serenitybdd.core.photography.Darkroom - Send negative for processing for target\site\serenity\6bcdf5f5eebcae8cfa3aa909bec22004a237d2da78416efe95c288315d8d1b63.png
20:35:32.037 [Forwarding screenshot on session 7bfade00a98137d88e2f0d37526533be to remote] DEBUG org.asynchttpclient.netty.request.NettyRequestSender - Using pooled Channel '[id: 0x7645f41c, L:/127.0.0.1:61753 - R:localhost/127.0.0.1:51801]' for 'GET' to 'http://localhost:51801/session/7bfade00a98137d88e2f0d37526533be/screenshot'
20:35:32.037 [Forwarding screenshot on session 7bfade00a98137d88e2f0d37526533be to remote] DEBUG org.asynchttpclient.netty.request.NettyRequestSender - Using open Channel [id: 0x7645f41c, L:/127.0.0.1:61753 - R:localhost/127.0.0.1:51801] for GET '/session/7bfade00a98137d88e2f0d37526533be/screenshot'
20:35:32.096 [AsyncHttpClient-1-1] DEBUG org.asynchttpclient.netty.channel.DefaultChannelPool - Entry count for : http://localhost:61755 : 1
20:35:33.067 [AsyncHttpClient-1-8] DEBUG org.asynchttpclient.netty.handler.HttpHandler - 

Request DefaultFullHttpRequest(decodeResult: success, version: HTTP/1.1, content: EmptyByteBufBE)
GET /session/7bfade00a98137d88e2f0d37526533be/screenshot HTTP/1.1
User-Agent: selenium/4.1.2 (java windows)
Cache-Control: no-cache
Content-Type: application/json; charset=utf-8
host: localhost:51801
accept: */*

Response DefaultHttpResponse(decodeResult: success, version: HTTP/1.1)
HTTP/1.1 200 OK
Content-Type: application/json; charset=utf-8
cache-control: no-cache
content-length: 356540

20:35:33.075 [AsyncHttpClient-1-8] DEBUG org.asynchttpclient.netty.channel.ChannelManager - Adding key: http://localhost:51801 for channel [id: 0x7645f41c, L:/127.0.0.1:61753 - R:localhost/127.0.0.1:51801]
20:35:33.155 [main] DEBUG net.serenitybdd.core.photography.Darkroom - Send negative for processing for target\site\serenity\6bcdf5f5eebcae8cfa3aa909bec22004a237d2da78416efe95c288315d8d1b63.png
20:35:33.155 [main] DEBUG net.thucydides.core.steps.StepInterceptor - STARTING STEP: DokterDataSteps.iInputEditDokter - inputDataDokterEdit
20:35:33.171 [Forwarding findElement on session 7bfade00a98137d88e2f0d37526533be to remote] DEBUG org.asynchttpclient.netty.request.NettyRequestSender - Using pooled Channel '[id: 0x7645f41c, L:/127.0.0.1:61753 - R:localhost/127.0.0.1:51801]' for 'POST' to 'http://localhost:51801/session/7bfade00a98137d88e2f0d37526533be/element'
20:35:33.171 [Forwarding findElement on session 7bfade00a98137d88e2f0d37526533be to remote] DEBUG org.asynchttpclient.netty.request.NettyRequestSender - Using open Channel [id: 0x7645f41c, L:/127.0.0.1:61753 - R:localhost/127.0.0.1:51801] for POST '/session/7bfade00a98137d88e2f0d37526533be/element'
20:35:33.203 [AsyncHttpClient-1-1] DEBUG org.asynchttpclient.netty.channel.DefaultChannelPool - Entry count for : http://localhost:61755 : 1
20:35:33.315 [AsyncHttpClient-1-8] DEBUG org.asynchttpclient.netty.handler.HttpHandler - 

Request DefaultHttpRequest(decodeResult: success, version: HTTP/1.1)
POST /session/7bfade00a98137d88e2f0d37526533be/element HTTP/1.1
User-Agent: selenium/4.1.2 (java windows)
Content-Length: 66
Content-Type: application/json; charset=utf-8
host: localhost:51801
accept: */*

Response DefaultHttpResponse(decodeResult: success, version: HTTP/1.1)
HTTP/1.1 200 OK
Content-Type: application/json; charset=utf-8
cache-control: no-cache
content-length: 88

20:35:33.315 [AsyncHttpClient-1-8] DEBUG org.asynchttpclient.netty.channel.ChannelManager - Adding key: http://localhost:51801 for channel [id: 0x7645f41c, L:/127.0.0.1:61753 - R:localhost/127.0.0.1:51801]
20:35:33.323 [Forwarding sendKeysToElement on session 7bfade00a98137d88e2f0d37526533be to remote] DEBUG org.asynchttpclient.netty.request.NettyRequestSender - Using pooled Channel '[id: 0x7645f41c, L:/127.0.0.1:61753 - R:localhost/127.0.0.1:51801]' for 'POST' to 'http://localhost:51801/session/7bfade00a98137d88e2f0d37526533be/element/62429dd4-0da0-4e92-aedb-5ba334fa728a/value'
20:35:33.323 [Forwarding sendKeysToElement on session 7bfade00a98137d88e2f0d37526533be to remote] DEBUG org.asynchttpclient.netty.request.NettyRequestSender - Using open Channel [id: 0x7645f41c, L:/127.0.0.1:61753 - R:localhost/127.0.0.1:51801] for POST '/session/7bfade00a98137d88e2f0d37526533be/element/62429dd4-0da0-4e92-aedb-5ba334fa728a/value'
20:35:34.324 [AsyncHttpClient-1-1] DEBUG org.asynchttpclient.netty.channel.DefaultChannelPool - Entry count for : http://localhost:61755 : 1
20:35:34.868 [AsyncHttpClient-1-8] DEBUG org.asynchttpclient.netty.handler.HttpHandler - 

Request DefaultHttpRequest(decodeResult: success, version: HTTP/1.1)
POST /session/7bfade00a98137d88e2f0d37526533be/element/62429dd4-0da0-4e92-aedb-5ba334fa728a/value HTTP/1.1
User-Agent: selenium/4.1.2 (java windows)
Content-Length: 169
Content-Type: application/json; charset=utf-8
host: localhost:51801
accept: */*

Response DefaultHttpResponse(decodeResult: success, version: HTTP/1.1)
HTTP/1.1 200 OK
Content-Type: application/json; charset=utf-8
cache-control: no-cache
content-length: 14

20:35:34.868 [AsyncHttpClient-1-8] DEBUG org.asynchttpclient.netty.channel.ChannelManager - Adding key: http://localhost:51801 for channel [id: 0x7645f41c, L:/127.0.0.1:61753 - R:localhost/127.0.0.1:51801]
20:35:34.885 [Forwarding findElement on session 7bfade00a98137d88e2f0d37526533be to remote] DEBUG org.asynchttpclient.netty.request.NettyRequestSender - Using pooled Channel '[id: 0x7645f41c, L:/127.0.0.1:61753 - R:localhost/127.0.0.1:51801]' for 'POST' to 'http://localhost:51801/session/7bfade00a98137d88e2f0d37526533be/element'
20:35:34.885 [Forwarding findElement on session 7bfade00a98137d88e2f0d37526533be to remote] DEBUG org.asynchttpclient.netty.request.NettyRequestSender - Using open Channel [id: 0x7645f41c, L:/127.0.0.1:61753 - R:localhost/127.0.0.1:51801] for POST '/session/7bfade00a98137d88e2f0d37526533be/element'
20:35:34.915 [AsyncHttpClient-1-8] DEBUG org.asynchttpclient.netty.handler.HttpHandler - 

Request DefaultHttpRequest(decodeResult: success, version: HTTP/1.1)
POST /session/7bfade00a98137d88e2f0d37526533be/element HTTP/1.1
User-Agent: selenium/4.1.2 (java windows)
Content-Length: 66
Content-Type: application/json; charset=utf-8
host: localhost:51801
accept: */*

Response DefaultHttpResponse(decodeResult: success, version: HTTP/1.1)
HTTP/1.1 200 OK
Content-Type: application/json; charset=utf-8
cache-control: no-cache
content-length: 88

20:35:34.915 [AsyncHttpClient-1-8] DEBUG org.asynchttpclient.netty.channel.ChannelManager - Adding key: http://localhost:51801 for channel [id: 0x7645f41c, L:/127.0.0.1:61753 - R:localhost/127.0.0.1:51801]
20:35:34.931 [Forwarding sendKeysToElement on session 7bfade00a98137d88e2f0d37526533be to remote] DEBUG org.asynchttpclient.netty.request.NettyRequestSender - Using pooled Channel '[id: 0x7645f41c, L:/127.0.0.1:61753 - R:localhost/127.0.0.1:51801]' for 'POST' to 'http://localhost:51801/session/7bfade00a98137d88e2f0d37526533be/element/62429dd4-0da0-4e92-aedb-5ba334fa728a/value'
20:35:34.931 [Forwarding sendKeysToElement on session 7bfade00a98137d88e2f0d37526533be to remote] DEBUG org.asynchttpclient.netty.request.NettyRequestSender - Using open Channel [id: 0x7645f41c, L:/127.0.0.1:61753 - R:localhost/127.0.0.1:51801] for POST '/session/7bfade00a98137d88e2f0d37526533be/element/62429dd4-0da0-4e92-aedb-5ba334fa728a/value'
20:35:35.389 [AsyncHttpClient-1-1] DEBUG org.asynchttpclient.netty.channel.DefaultChannelPool - Entry count for : http://localhost:61755 : 1
20:35:35.558 [AsyncHttpClient-1-8] DEBUG org.asynchttpclient.netty.handler.HttpHandler - 

Request DefaultHttpRequest(decodeResult: success, version: HTTP/1.1)
POST /session/7bfade00a98137d88e2f0d37526533be/element/62429dd4-0da0-4e92-aedb-5ba334fa728a/value HTTP/1.1
User-Agent: selenium/4.1.2 (java windows)
Content-Length: 131
Content-Type: application/json; charset=utf-8
host: localhost:51801
accept: */*

Response DefaultHttpResponse(decodeResult: success, version: HTTP/1.1)
HTTP/1.1 200 OK
Content-Type: application/json; charset=utf-8
cache-control: no-cache
content-length: 14

20:35:35.558 [AsyncHttpClient-1-8] DEBUG org.asynchttpclient.netty.channel.ChannelManager - Adding key: http://localhost:51801 for channel [id: 0x7645f41c, L:/127.0.0.1:61753 - R:localhost/127.0.0.1:51801]
20:35:35.558 [Forwarding findElement on session 7bfade00a98137d88e2f0d37526533be to remote] DEBUG org.asynchttpclient.netty.request.NettyRequestSender - Using pooled Channel '[id: 0x7645f41c, L:/127.0.0.1:61753 - R:localhost/127.0.0.1:51801]' for 'POST' to 'http://localhost:51801/session/7bfade00a98137d88e2f0d37526533be/element'
20:35:35.558 [Forwarding findElement on session 7bfade00a98137d88e2f0d37526533be to remote] DEBUG org.asynchttpclient.netty.request.NettyRequestSender - Using open Channel [id: 0x7645f41c, L:/127.0.0.1:61753 - R:localhost/127.0.0.1:51801] for POST '/session/7bfade00a98137d88e2f0d37526533be/element'
20:35:35.699 [AsyncHttpClient-1-8] DEBUG org.asynchttpclient.netty.handler.HttpHandler - 

Request DefaultHttpRequest(decodeResult: success, version: HTTP/1.1)
POST /session/7bfade00a98137d88e2f0d37526533be/element HTTP/1.1
User-Agent: selenium/4.1.2 (java windows)
Content-Length: 65
Content-Type: application/json; charset=utf-8
host: localhost:51801
accept: */*

Response DefaultHttpResponse(decodeResult: success, version: HTTP/1.1)
HTTP/1.1 200 OK
Content-Type: application/json; charset=utf-8
cache-control: no-cache
content-length: 88

20:35:35.699 [AsyncHttpClient-1-8] DEBUG org.asynchttpclient.netty.channel.ChannelManager - Adding key: http://localhost:51801 for channel [id: 0x7645f41c, L:/127.0.0.1:61753 - R:localhost/127.0.0.1:51801]
20:35:35.715 [Forwarding sendKeysToElement on session 7bfade00a98137d88e2f0d37526533be to remote] DEBUG org.asynchttpclient.netty.request.NettyRequestSender - Using pooled Channel '[id: 0x7645f41c, L:/127.0.0.1:61753 - R:localhost/127.0.0.1:51801]' for 'POST' to 'http://localhost:51801/session/7bfade00a98137d88e2f0d37526533be/element/fda5fc07-a633-42d3-a0b5-0a6ee419ae4e/value'
20:35:35.715 [Forwarding sendKeysToElement on session 7bfade00a98137d88e2f0d37526533be to remote] DEBUG org.asynchttpclient.netty.request.NettyRequestSender - Using open Channel [id: 0x7645f41c, L:/127.0.0.1:61753 - R:localhost/127.0.0.1:51801] for POST '/session/7bfade00a98137d88e2f0d37526533be/element/fda5fc07-a633-42d3-a0b5-0a6ee419ae4e/value'
20:35:36.483 [AsyncHttpClient-1-1] DEBUG org.asynchttpclient.netty.channel.DefaultChannelPool - Entry count for : http://localhost:61755 : 1
20:35:37.200 [AsyncHttpClient-1-8] DEBUG org.asynchttpclient.netty.handler.HttpHandler - 

Request DefaultHttpRequest(decodeResult: success, version: HTTP/1.1)
POST /session/7bfade00a98137d88e2f0d37526533be/element/fda5fc07-a633-42d3-a0b5-0a6ee419ae4e/value HTTP/1.1
User-Agent: selenium/4.1.2 (java windows)
Content-Length: 169
Content-Type: application/json; charset=utf-8
host: localhost:51801
accept: */*

Response DefaultHttpResponse(decodeResult: success, version: HTTP/1.1)
HTTP/1.1 200 OK
Content-Type: application/json; charset=utf-8
cache-control: no-cache
content-length: 14

20:35:37.200 [AsyncHttpClient-1-8] DEBUG org.asynchttpclient.netty.channel.ChannelManager - Adding key: http://localhost:51801 for channel [id: 0x7645f41c, L:/127.0.0.1:61753 - R:localhost/127.0.0.1:51801]
20:35:37.237 [Forwarding findElement on session 7bfade00a98137d88e2f0d37526533be to remote] DEBUG org.asynchttpclient.netty.request.NettyRequestSender - Using pooled Channel '[id: 0x7645f41c, L:/127.0.0.1:61753 - R:localhost/127.0.0.1:51801]' for 'POST' to 'http://localhost:51801/session/7bfade00a98137d88e2f0d37526533be/element'
20:35:37.237 [Forwarding findElement on session 7bfade00a98137d88e2f0d37526533be to remote] DEBUG org.asynchttpclient.netty.request.NettyRequestSender - Using open Channel [id: 0x7645f41c, L:/127.0.0.1:61753 - R:localhost/127.0.0.1:51801] for POST '/session/7bfade00a98137d88e2f0d37526533be/element'
20:35:37.402 [AsyncHttpClient-1-8] DEBUG org.asynchttpclient.netty.handler.HttpHandler - 

Request DefaultHttpRequest(decodeResult: success, version: HTTP/1.1)
POST /session/7bfade00a98137d88e2f0d37526533be/element HTTP/1.1
User-Agent: selenium/4.1.2 (java windows)
Content-Length: 65
Content-Type: application/json; charset=utf-8
host: localhost:51801
accept: */*

Response DefaultHttpResponse(decodeResult: success, version: HTTP/1.1)
HTTP/1.1 200 OK
Content-Type: application/json; charset=utf-8
cache-control: no-cache
content-length: 88

20:35:37.402 [AsyncHttpClient-1-8] DEBUG org.asynchttpclient.netty.channel.ChannelManager - Adding key: http://localhost:51801 for channel [id: 0x7645f41c, L:/127.0.0.1:61753 - R:localhost/127.0.0.1:51801]
20:35:37.413 [Forwarding sendKeysToElement on session 7bfade00a98137d88e2f0d37526533be to remote] DEBUG org.asynchttpclient.netty.request.NettyRequestSender - Using pooled Channel '[id: 0x7645f41c, L:/127.0.0.1:61753 - R:localhost/127.0.0.1:51801]' for 'POST' to 'http://localhost:51801/session/7bfade00a98137d88e2f0d37526533be/element/fda5fc07-a633-42d3-a0b5-0a6ee419ae4e/value'
20:35:37.413 [Forwarding sendKeysToElement on session 7bfade00a98137d88e2f0d37526533be to remote] DEBUG org.asynchttpclient.netty.request.NettyRequestSender - Using open Channel [id: 0x7645f41c, L:/127.0.0.1:61753 - R:localhost/127.0.0.1:51801] for POST '/session/7bfade00a98137d88e2f0d37526533be/element/fda5fc07-a633-42d3-a0b5-0a6ee419ae4e/value'
20:35:37.597 [AsyncHttpClient-1-1] DEBUG org.asynchttpclient.netty.channel.DefaultChannelPool - Entry count for : http://localhost:61755 : 1
20:35:38.019 [AsyncHttpClient-1-8] DEBUG org.asynchttpclient.netty.handler.HttpHandler - 

Request DefaultHttpRequest(decodeResult: success, version: HTTP/1.1)
POST /session/7bfade00a98137d88e2f0d37526533be/element/fda5fc07-a633-42d3-a0b5-0a6ee419ae4e/value HTTP/1.1
User-Agent: selenium/4.1.2 (java windows)
Content-Length: 131
Content-Type: application/json; charset=utf-8
host: localhost:51801
accept: */*

Response DefaultHttpResponse(decodeResult: success, version: HTTP/1.1)
HTTP/1.1 200 OK
Content-Type: application/json; charset=utf-8
cache-control: no-cache
content-length: 14

20:35:38.019 [AsyncHttpClient-1-8] DEBUG org.asynchttpclient.netty.channel.ChannelManager - Adding key: http://localhost:51801 for channel [id: 0x7645f41c, L:/127.0.0.1:61753 - R:localhost/127.0.0.1:51801]
20:35:38.027 [Forwarding findElement on session 7bfade00a98137d88e2f0d37526533be to remote] DEBUG org.asynchttpclient.netty.request.NettyRequestSender - Using pooled Channel '[id: 0x7645f41c, L:/127.0.0.1:61753 - R:localhost/127.0.0.1:51801]' for 'POST' to 'http://localhost:51801/session/7bfade00a98137d88e2f0d37526533be/element'
20:35:38.027 [Forwarding findElement on session 7bfade00a98137d88e2f0d37526533be to remote] DEBUG org.asynchttpclient.netty.request.NettyRequestSender - Using open Channel [id: 0x7645f41c, L:/127.0.0.1:61753 - R:localhost/127.0.0.1:51801] for POST '/session/7bfade00a98137d88e2f0d37526533be/element'
20:35:38.100 [AsyncHttpClient-1-8] DEBUG org.asynchttpclient.netty.handler.HttpHandler - 

Request DefaultHttpRequest(decodeResult: success, version: HTTP/1.1)
POST /session/7bfade00a98137d88e2f0d37526533be/element HTTP/1.1
User-Agent: selenium/4.1.2 (java windows)
Content-Length: 71
Content-Type: application/json; charset=utf-8
host: localhost:51801
accept: */*

Response DefaultHttpResponse(decodeResult: success, version: HTTP/1.1)
HTTP/1.1 200 OK
Content-Type: application/json; charset=utf-8
cache-control: no-cache
content-length: 88

20:35:38.100 [AsyncHttpClient-1-8] DEBUG org.asynchttpclient.netty.channel.ChannelManager - Adding key: http://localhost:51801 for channel [id: 0x7645f41c, L:/127.0.0.1:61753 - R:localhost/127.0.0.1:51801]
20:35:38.109 [Forwarding sendKeysToElement on session 7bfade00a98137d88e2f0d37526533be to remote] DEBUG org.asynchttpclient.netty.request.NettyRequestSender - Using pooled Channel '[id: 0x7645f41c, L:/127.0.0.1:61753 - R:localhost/127.0.0.1:51801]' for 'POST' to 'http://localhost:51801/session/7bfade00a98137d88e2f0d37526533be/element/ec52f356-5247-49a6-9451-7256faf39eb6/value'
20:35:38.109 [Forwarding sendKeysToElement on session 7bfade00a98137d88e2f0d37526533be to remote] DEBUG org.asynchttpclient.netty.request.NettyRequestSender - Using open Channel [id: 0x7645f41c, L:/127.0.0.1:61753 - R:localhost/127.0.0.1:51801] for POST '/session/7bfade00a98137d88e2f0d37526533be/element/ec52f356-5247-49a6-9451-7256faf39eb6/value'
20:35:38.737 [AsyncHttpClient-1-1] DEBUG org.asynchttpclient.netty.channel.DefaultChannelPool - Entry count for : http://localhost:61755 : 1
20:35:39.556 [AsyncHttpClient-1-8] DEBUG org.asynchttpclient.netty.handler.HttpHandler - 

Request DefaultHttpRequest(decodeResult: success, version: HTTP/1.1)
POST /session/7bfade00a98137d88e2f0d37526533be/element/ec52f356-5247-49a6-9451-7256faf39eb6/value HTTP/1.1
User-Agent: selenium/4.1.2 (java windows)
Content-Length: 229
Content-Type: application/json; charset=utf-8
host: localhost:51801
accept: */*

Response DefaultHttpResponse(decodeResult: success, version: HTTP/1.1)
HTTP/1.1 200 OK
Content-Type: application/json; charset=utf-8
cache-control: no-cache
content-length: 14

20:35:39.556 [AsyncHttpClient-1-8] DEBUG org.asynchttpclient.netty.channel.ChannelManager - Adding key: http://localhost:51801 for channel [id: 0x7645f41c, L:/127.0.0.1:61753 - R:localhost/127.0.0.1:51801]
20:35:39.580 [Forwarding findElement on session 7bfade00a98137d88e2f0d37526533be to remote] DEBUG org.asynchttpclient.netty.request.NettyRequestSender - Using pooled Channel '[id: 0x7645f41c, L:/127.0.0.1:61753 - R:localhost/127.0.0.1:51801]' for 'POST' to 'http://localhost:51801/session/7bfade00a98137d88e2f0d37526533be/element'
20:35:39.580 [Forwarding findElement on session 7bfade00a98137d88e2f0d37526533be to remote] DEBUG org.asynchttpclient.netty.request.NettyRequestSender - Using open Channel [id: 0x7645f41c, L:/127.0.0.1:61753 - R:localhost/127.0.0.1:51801] for POST '/session/7bfade00a98137d88e2f0d37526533be/element'
20:35:39.614 [AsyncHttpClient-1-8] DEBUG org.asynchttpclient.netty.handler.HttpHandler - 

Request DefaultHttpRequest(decodeResult: success, version: HTTP/1.1)
POST /session/7bfade00a98137d88e2f0d37526533be/element HTTP/1.1
User-Agent: selenium/4.1.2 (java windows)
Content-Length: 71
Content-Type: application/json; charset=utf-8
host: localhost:51801
accept: */*

Response DefaultHttpResponse(decodeResult: success, version: HTTP/1.1)
HTTP/1.1 200 OK
Content-Type: application/json; charset=utf-8
cache-control: no-cache
content-length: 88

20:35:39.614 [AsyncHttpClient-1-8] DEBUG org.asynchttpclient.netty.channel.ChannelManager - Adding key: http://localhost:51801 for channel [id: 0x7645f41c, L:/127.0.0.1:61753 - R:localhost/127.0.0.1:51801]
20:35:39.614 [Forwarding sendKeysToElement on session 7bfade00a98137d88e2f0d37526533be to remote] DEBUG org.asynchttpclient.netty.request.NettyRequestSender - Using pooled Channel '[id: 0x7645f41c, L:/127.0.0.1:61753 - R:localhost/127.0.0.1:51801]' for 'POST' to 'http://localhost:51801/session/7bfade00a98137d88e2f0d37526533be/element/ec52f356-5247-49a6-9451-7256faf39eb6/value'
20:35:39.614 [Forwarding sendKeysToElement on session 7bfade00a98137d88e2f0d37526533be to remote] DEBUG org.asynchttpclient.netty.request.NettyRequestSender - Using open Channel [id: 0x7645f41c, L:/127.0.0.1:61753 - R:localhost/127.0.0.1:51801] for POST '/session/7bfade00a98137d88e2f0d37526533be/element/ec52f356-5247-49a6-9451-7256faf39eb6/value'
20:35:39.798 [AsyncHttpClient-1-1] DEBUG org.asynchttpclient.netty.channel.DefaultChannelPool - Entry count for : http://localhost:61755 : 1
20:35:40.948 [AsyncHttpClient-1-1] DEBUG org.asynchttpclient.netty.channel.DefaultChannelPool - Entry count for : http://localhost:61755 : 1
20:35:41.358 [AsyncHttpClient-1-8] DEBUG org.asynchttpclient.netty.handler.HttpHandler - 

Request DefaultHttpRequest(decodeResult: success, version: HTTP/1.1)
POST /session/7bfade00a98137d88e2f0d37526533be/element/ec52f356-5247-49a6-9451-7256faf39eb6/value HTTP/1.1
User-Agent: selenium/4.1.2 (java windows)
Content-Length: 191
Content-Type: application/json; charset=utf-8
host: localhost:51801
accept: */*

Response DefaultHttpResponse(decodeResult: success, version: HTTP/1.1)
HTTP/1.1 200 OK
Content-Type: application/json; charset=utf-8
cache-control: no-cache
content-length: 14

20:35:41.358 [AsyncHttpClient-1-8] DEBUG org.asynchttpclient.netty.channel.ChannelManager - Adding key: http://localhost:51801 for channel [id: 0x7645f41c, L:/127.0.0.1:61753 - R:localhost/127.0.0.1:51801]
20:35:41.374 [Forwarding findElement on session 7bfade00a98137d88e2f0d37526533be to remote] DEBUG org.asynchttpclient.netty.request.NettyRequestSender - Using pooled Channel '[id: 0x7645f41c, L:/127.0.0.1:61753 - R:localhost/127.0.0.1:51801]' for 'POST' to 'http://localhost:51801/session/7bfade00a98137d88e2f0d37526533be/element'
20:35:41.374 [Forwarding findElement on session 7bfade00a98137d88e2f0d37526533be to remote] DEBUG org.asynchttpclient.netty.request.NettyRequestSender - Using open Channel [id: 0x7645f41c, L:/127.0.0.1:61753 - R:localhost/127.0.0.1:51801] for POST '/session/7bfade00a98137d88e2f0d37526533be/element'
20:35:41.704 [AsyncHttpClient-1-8] DEBUG org.asynchttpclient.netty.handler.HttpHandler - 

Request DefaultHttpRequest(decodeResult: success, version: HTTP/1.1)
POST /session/7bfade00a98137d88e2f0d37526533be/element HTTP/1.1
User-Agent: selenium/4.1.2 (java windows)
Content-Length: 166
Content-Type: application/json; charset=utf-8
host: localhost:51801
accept: */*

Response DefaultHttpResponse(decodeResult: success, version: HTTP/1.1)
HTTP/1.1 200 OK
Content-Type: application/json; charset=utf-8
cache-control: no-cache
content-length: 88

20:35:41.704 [AsyncHttpClient-1-8] DEBUG org.asynchttpclient.netty.channel.ChannelManager - Adding key: http://localhost:51801 for channel [id: 0x7645f41c, L:/127.0.0.1:61753 - R:localhost/127.0.0.1:51801]
20:35:41.712 [Forwarding sendKeysToElement on session 7bfade00a98137d88e2f0d37526533be to remote] DEBUG org.asynchttpclient.netty.request.NettyRequestSender - Using pooled Channel '[id: 0x7645f41c, L:/127.0.0.1:61753 - R:localhost/127.0.0.1:51801]' for 'POST' to 'http://localhost:51801/session/7bfade00a98137d88e2f0d37526533be/element/5d00f8b5-e92c-43e4-8cf6-c5f1070d8da1/value'
20:35:41.712 [Forwarding sendKeysToElement on session 7bfade00a98137d88e2f0d37526533be to remote] DEBUG org.asynchttpclient.netty.request.NettyRequestSender - Using open Channel [id: 0x7645f41c, L:/127.0.0.1:61753 - R:localhost/127.0.0.1:51801] for POST '/session/7bfade00a98137d88e2f0d37526533be/element/5d00f8b5-e92c-43e4-8cf6-c5f1070d8da1/value'
20:35:42.063 [AsyncHttpClient-1-1] DEBUG org.asynchttpclient.netty.channel.DefaultChannelPool - Entry count for : http://localhost:61755 : 1
20:35:43.100 [AsyncHttpClient-1-1] DEBUG org.asynchttpclient.netty.channel.DefaultChannelPool - Entry count for : http://localhost:61755 : 1
20:35:44.185 [AsyncHttpClient-1-1] DEBUG org.asynchttpclient.netty.channel.DefaultChannelPool - Entry count for : http://localhost:61755 : 1
20:35:44.286 [AsyncHttpClient-1-8] DEBUG org.asynchttpclient.netty.handler.HttpHandler - 

Request DefaultHttpRequest(decodeResult: success, version: HTTP/1.1)
POST /session/7bfade00a98137d88e2f0d37526533be/element/5d00f8b5-e92c-43e4-8cf6-c5f1070d8da1/value HTTP/1.1
User-Agent: selenium/4.1.2 (java windows)
Content-Length: 219
Content-Type: application/json; charset=utf-8
host: localhost:51801
accept: */*

Response DefaultHttpResponse(decodeResult: success, version: HTTP/1.1)
HTTP/1.1 200 OK
Content-Type: application/json; charset=utf-8
cache-control: no-cache
content-length: 14

20:35:44.286 [AsyncHttpClient-1-8] DEBUG org.asynchttpclient.netty.channel.ChannelManager - Adding key: http://localhost:51801 for channel [id: 0x7645f41c, L:/127.0.0.1:61753 - R:localhost/127.0.0.1:51801]
20:35:44.305 [Forwarding findElement on session 7bfade00a98137d88e2f0d37526533be to remote] DEBUG org.asynchttpclient.netty.request.NettyRequestSender - Using pooled Channel '[id: 0x7645f41c, L:/127.0.0.1:61753 - R:localhost/127.0.0.1:51801]' for 'POST' to 'http://localhost:51801/session/7bfade00a98137d88e2f0d37526533be/element'
20:35:44.305 [Forwarding findElement on session 7bfade00a98137d88e2f0d37526533be to remote] DEBUG org.asynchttpclient.netty.request.NettyRequestSender - Using open Channel [id: 0x7645f41c, L:/127.0.0.1:61753 - R:localhost/127.0.0.1:51801] for POST '/session/7bfade00a98137d88e2f0d37526533be/element'
20:35:44.414 [AsyncHttpClient-1-8] DEBUG org.asynchttpclient.netty.handler.HttpHandler - 

Request DefaultHttpRequest(decodeResult: success, version: HTTP/1.1)
POST /session/7bfade00a98137d88e2f0d37526533be/element HTTP/1.1
User-Agent: selenium/4.1.2 (java windows)
Content-Length: 166
Content-Type: application/json; charset=utf-8
host: localhost:51801
accept: */*

Response DefaultHttpResponse(decodeResult: success, version: HTTP/1.1)
HTTP/1.1 200 OK
Content-Type: application/json; charset=utf-8
cache-control: no-cache
content-length: 88

20:35:44.414 [AsyncHttpClient-1-8] DEBUG org.asynchttpclient.netty.channel.ChannelManager - Adding key: http://localhost:51801 for channel [id: 0x7645f41c, L:/127.0.0.1:61753 - R:localhost/127.0.0.1:51801]
20:35:44.419 [Forwarding sendKeysToElement on session 7bfade00a98137d88e2f0d37526533be to remote] DEBUG org.asynchttpclient.netty.request.NettyRequestSender - Using pooled Channel '[id: 0x7645f41c, L:/127.0.0.1:61753 - R:localhost/127.0.0.1:51801]' for 'POST' to 'http://localhost:51801/session/7bfade00a98137d88e2f0d37526533be/element/5d00f8b5-e92c-43e4-8cf6-c5f1070d8da1/value'
20:35:44.419 [Forwarding sendKeysToElement on session 7bfade00a98137d88e2f0d37526533be to remote] DEBUG org.asynchttpclient.netty.request.NettyRequestSender - Using open Channel [id: 0x7645f41c, L:/127.0.0.1:61753 - R:localhost/127.0.0.1:51801] for POST '/session/7bfade00a98137d88e2f0d37526533be/element/5d00f8b5-e92c-43e4-8cf6-c5f1070d8da1/value'
20:35:45.298 [AsyncHttpClient-1-1] DEBUG org.asynchttpclient.netty.channel.DefaultChannelPool - Entry count for : http://localhost:61755 : 1
20:35:45.681 [AsyncHttpClient-1-8] DEBUG org.asynchttpclient.netty.handler.HttpHandler - 

Request DefaultHttpRequest(decodeResult: success, version: HTTP/1.1)
POST /session/7bfade00a98137d88e2f0d37526533be/element/5d00f8b5-e92c-43e4-8cf6-c5f1070d8da1/value HTTP/1.1
User-Agent: selenium/4.1.2 (java windows)
Content-Length: 181
Content-Type: application/json; charset=utf-8
host: localhost:51801
accept: */*

Response DefaultHttpResponse(decodeResult: success, version: HTTP/1.1)
HTTP/1.1 200 OK
Content-Type: application/json; charset=utf-8
cache-control: no-cache
content-length: 14

20:35:45.681 [AsyncHttpClient-1-8] DEBUG org.asynchttpclient.netty.channel.ChannelManager - Adding key: http://localhost:51801 for channel [id: 0x7645f41c, L:/127.0.0.1:61753 - R:localhost/127.0.0.1:51801]
20:35:45.681 [Forwarding findElement on session 7bfade00a98137d88e2f0d37526533be to remote] DEBUG org.asynchttpclient.netty.request.NettyRequestSender - Using pooled Channel '[id: 0x7645f41c, L:/127.0.0.1:61753 - R:localhost/127.0.0.1:51801]' for 'POST' to 'http://localhost:51801/session/7bfade00a98137d88e2f0d37526533be/element'
20:35:45.681 [Forwarding findElement on session 7bfade00a98137d88e2f0d37526533be to remote] DEBUG org.asynchttpclient.netty.request.NettyRequestSender - Using open Channel [id: 0x7645f41c, L:/127.0.0.1:61753 - R:localhost/127.0.0.1:51801] for POST '/session/7bfade00a98137d88e2f0d37526533be/element'
20:35:45.857 [AsyncHttpClient-1-8] DEBUG org.asynchttpclient.netty.handler.HttpHandler - 

Request DefaultHttpRequest(decodeResult: success, version: HTTP/1.1)
POST /session/7bfade00a98137d88e2f0d37526533be/element HTTP/1.1
User-Agent: selenium/4.1.2 (java windows)
Content-Length: 70
Content-Type: application/json; charset=utf-8
host: localhost:51801
accept: */*

Response DefaultHttpResponse(decodeResult: success, version: HTTP/1.1)
HTTP/1.1 200 OK
Content-Type: application/json; charset=utf-8
cache-control: no-cache
content-length: 88

20:35:45.857 [AsyncHttpClient-1-8] DEBUG org.asynchttpclient.netty.channel.ChannelManager - Adding key: http://localhost:51801 for channel [id: 0x7645f41c, L:/127.0.0.1:61753 - R:localhost/127.0.0.1:51801]
20:35:45.857 [Forwarding sendKeysToElement on session 7bfade00a98137d88e2f0d37526533be to remote] DEBUG org.asynchttpclient.netty.request.NettyRequestSender - Using pooled Channel '[id: 0x7645f41c, L:/127.0.0.1:61753 - R:localhost/127.0.0.1:51801]' for 'POST' to 'http://localhost:51801/session/7bfade00a98137d88e2f0d37526533be/element/c82e4b9e-21d5-45c7-ab30-5e29ecc51c7e/value'
20:35:45.857 [Forwarding sendKeysToElement on session 7bfade00a98137d88e2f0d37526533be to remote] DEBUG org.asynchttpclient.netty.request.NettyRequestSender - Using open Channel [id: 0x7645f41c, L:/127.0.0.1:61753 - R:localhost/127.0.0.1:51801] for POST '/session/7bfade00a98137d88e2f0d37526533be/element/c82e4b9e-21d5-45c7-ab30-5e29ecc51c7e/value'
20:35:46.440 [AsyncHttpClient-1-1] DEBUG org.asynchttpclient.netty.channel.DefaultChannelPool - Entry count for : http://localhost:61755 : 1
20:35:46.970 [AsyncHttpClient-1-8] DEBUG org.asynchttpclient.netty.handler.HttpHandler - 

Request DefaultHttpRequest(decodeResult: success, version: HTTP/1.1)
POST /session/7bfade00a98137d88e2f0d37526533be/element/c82e4b9e-21d5-45c7-ab30-5e29ecc51c7e/value HTTP/1.1
User-Agent: selenium/4.1.2 (java windows)
Content-Length: 219
Content-Type: application/json; charset=utf-8
host: localhost:51801
accept: */*

Response DefaultHttpResponse(decodeResult: success, version: HTTP/1.1)
HTTP/1.1 200 OK
Content-Type: application/json; charset=utf-8
cache-control: no-cache
content-length: 14

20:35:46.970 [AsyncHttpClient-1-8] DEBUG org.asynchttpclient.netty.channel.ChannelManager - Adding key: http://localhost:51801 for channel [id: 0x7645f41c, L:/127.0.0.1:61753 - R:localhost/127.0.0.1:51801]
20:35:46.977 [Forwarding findElement on session 7bfade00a98137d88e2f0d37526533be to remote] DEBUG org.asynchttpclient.netty.request.NettyRequestSender - Using pooled Channel '[id: 0x7645f41c, L:/127.0.0.1:61753 - R:localhost/127.0.0.1:51801]' for 'POST' to 'http://localhost:51801/session/7bfade00a98137d88e2f0d37526533be/element'
20:35:46.977 [Forwarding findElement on session 7bfade00a98137d88e2f0d37526533be to remote] DEBUG org.asynchttpclient.netty.request.NettyRequestSender - Using open Channel [id: 0x7645f41c, L:/127.0.0.1:61753 - R:localhost/127.0.0.1:51801] for POST '/session/7bfade00a98137d88e2f0d37526533be/element'
20:35:47.039 [AsyncHttpClient-1-8] DEBUG org.asynchttpclient.netty.handler.HttpHandler - 

Request DefaultHttpRequest(decodeResult: success, version: HTTP/1.1)
POST /session/7bfade00a98137d88e2f0d37526533be/element HTTP/1.1
User-Agent: selenium/4.1.2 (java windows)
Content-Length: 70
Content-Type: application/json; charset=utf-8
host: localhost:51801
accept: */*

Response DefaultHttpResponse(decodeResult: success, version: HTTP/1.1)
HTTP/1.1 200 OK
Content-Type: application/json; charset=utf-8
cache-control: no-cache
content-length: 88

20:35:47.039 [AsyncHttpClient-1-8] DEBUG org.asynchttpclient.netty.channel.ChannelManager - Adding key: http://localhost:51801 for channel [id: 0x7645f41c, L:/127.0.0.1:61753 - R:localhost/127.0.0.1:51801]
20:35:47.039 [Forwarding sendKeysToElement on session 7bfade00a98137d88e2f0d37526533be to remote] DEBUG org.asynchttpclient.netty.request.NettyRequestSender - Using pooled Channel '[id: 0x7645f41c, L:/127.0.0.1:61753 - R:localhost/127.0.0.1:51801]' for 'POST' to 'http://localhost:51801/session/7bfade00a98137d88e2f0d37526533be/element/c82e4b9e-21d5-45c7-ab30-5e29ecc51c7e/value'
20:35:47.039 [Forwarding sendKeysToElement on session 7bfade00a98137d88e2f0d37526533be to remote] DEBUG org.asynchttpclient.netty.request.NettyRequestSender - Using open Channel [id: 0x7645f41c, L:/127.0.0.1:61753 - R:localhost/127.0.0.1:51801] for POST '/session/7bfade00a98137d88e2f0d37526533be/element/c82e4b9e-21d5-45c7-ab30-5e29ecc51c7e/value'
20:35:47.542 [AsyncHttpClient-1-1] DEBUG org.asynchttpclient.netty.channel.DefaultChannelPool - Entry count for : http://localhost:61755 : 1
20:35:47.826 [AsyncHttpClient-1-8] DEBUG org.asynchttpclient.netty.handler.HttpHandler - 

Request DefaultHttpRequest(decodeResult: success, version: HTTP/1.1)
POST /session/7bfade00a98137d88e2f0d37526533be/element/c82e4b9e-21d5-45c7-ab30-5e29ecc51c7e/value HTTP/1.1
User-Agent: selenium/4.1.2 (java windows)
Content-Length: 181
Content-Type: application/json; charset=utf-8
host: localhost:51801
accept: */*

Response DefaultHttpResponse(decodeResult: success, version: HTTP/1.1)
HTTP/1.1 200 OK
Content-Type: application/json; charset=utf-8
cache-control: no-cache
content-length: 14

20:35:47.826 [AsyncHttpClient-1-8] DEBUG org.asynchttpclient.netty.channel.ChannelManager - Adding key: http://localhost:51801 for channel [id: 0x7645f41c, L:/127.0.0.1:61753 - R:localhost/127.0.0.1:51801]
20:35:47.841 [Forwarding screenshot on session 7bfade00a98137d88e2f0d37526533be to remote] DEBUG org.asynchttpclient.netty.request.NettyRequestSender - Using pooled Channel '[id: 0x7645f41c, L:/127.0.0.1:61753 - R:localhost/127.0.0.1:51801]' for 'GET' to 'http://localhost:51801/session/7bfade00a98137d88e2f0d37526533be/screenshot'
20:35:47.841 [Forwarding screenshot on session 7bfade00a98137d88e2f0d37526533be to remote] DEBUG org.asynchttpclient.netty.request.NettyRequestSender - Using open Channel [id: 0x7645f41c, L:/127.0.0.1:61753 - R:localhost/127.0.0.1:51801] for GET '/session/7bfade00a98137d88e2f0d37526533be/screenshot'
20:35:48.416 [AsyncHttpClient-1-8] DEBUG org.asynchttpclient.netty.handler.HttpHandler - 

Request DefaultFullHttpRequest(decodeResult: success, version: HTTP/1.1, content: EmptyByteBufBE)
GET /session/7bfade00a98137d88e2f0d37526533be/screenshot HTTP/1.1
User-Agent: selenium/4.1.2 (java windows)
Cache-Control: no-cache
Content-Type: application/json; charset=utf-8
host: localhost:51801
accept: */*

Response DefaultHttpResponse(decodeResult: success, version: HTTP/1.1)
HTTP/1.1 200 OK
Content-Type: application/json; charset=utf-8
cache-control: no-cache
content-length: 357236

20:35:48.418 [AsyncHttpClient-1-8] DEBUG org.asynchttpclient.netty.channel.ChannelManager - Adding key: http://localhost:51801 for channel [id: 0x7645f41c, L:/127.0.0.1:61753 - R:localhost/127.0.0.1:51801]
20:35:48.444 [main] DEBUG net.serenitybdd.core.photography.Darkroom - Send negative for processing for target\site\serenity\a9ed23678121ffba5234cbe9ab369e9aaf22e20a0a94ff6b40f6dba768debf7a.png
20:35:48.444 [main] DEBUG net.thucydides.core.steps.StepInterceptor - STEP DONE: inputDataDokterEdit
  &amp#27;[32mThen &amp#27;[0m&amp#27;[32mI input edit &amp#27;[0m&amp#27;[32m&amp#27;[1m"21122"&amp#27;[0m&amp#27;[32m &amp#27;[0m&amp#27;[32m&amp#27;[1m"bagas"&amp#27;[0m&amp#27;[32m &amp#27;[0m&amp#27;[32m&amp#27;[1m"00942534590"&amp#27;[0m&amp#27;[32m &amp#27;[0m&amp#27;[32m&amp#27;[1m"*Y*(^21333"&amp#27;[0m&amp#27;[32m &amp#27;[0m&amp#27;[32m&amp#27;[1m"*Y*(^21333"&amp#27;[0m&amp#27;[32m dokter&amp#27;[0m &amp#27;[90m# starter.stepdefinitios.DokterDataSteps.iInputEditDokter(java.lang.String,java.lang.String,java.lang.String,java.lang.String,java.lang.String)&amp#27;[0m
20:35:48.446 [Darkroom Processing Line] DEBUG net.serenitybdd.core.photography.DarkroomProcessingLine - Processing screenshot image in /var/screenshots/screenshot-18219338240377590936
20:35:48.446 [Darkroom Processing Line] DEBUG net.serenitybdd.core.photography.DarkroomProcessingLine - Saving screenshot to target\site\serenity\a9ed23678121ffba5234cbe9ab369e9aaf22e20a0a94ff6b40f6dba768debf7a.png
20:35:48.507 [Forwarding screenshot on session 7bfade00a98137d88e2f0d37526533be to remote] DEBUG org.asynchttpclient.netty.request.NettyRequestSender - Using pooled Channel '[id: 0x7645f41c, L:/127.0.0.1:61753 - R:localhost/127.0.0.1:51801]' for 'GET' to 'http://localhost:51801/session/7bfade00a98137d88e2f0d37526533be/screenshot'
20:35:48.507 [Forwarding screenshot on session 7bfade00a98137d88e2f0d37526533be to remote] DEBUG org.asynchttpclient.netty.request.NettyRequestSender - Using open Channel [id: 0x7645f41c, L:/127.0.0.1:61753 - R:localhost/127.0.0.1:51801] for GET '/session/7bfade00a98137d88e2f0d37526533be/screenshot'
20:35:48.639 [AsyncHttpClient-1-1] DEBUG org.asynchttpclient.netty.channel.DefaultChannelPool - Entry count for : http://localhost:61755 : 1
20:35:49.220 [AsyncHttpClient-1-8] DEBUG org.asynchttpclient.netty.handler.HttpHandler - 

Request DefaultFullHttpRequest(decodeResult: success, version: HTTP/1.1, content: EmptyByteBufBE)
GET /session/7bfade00a98137d88e2f0d37526533be/screenshot HTTP/1.1
User-Agent: selenium/4.1.2 (java windows)
Cache-Control: no-cache
Content-Type: application/json; charset=utf-8
host: localhost:51801
accept: */*

Response DefaultHttpResponse(decodeResult: success, version: HTTP/1.1)
HTTP/1.1 200 OK
Content-Type: application/json; charset=utf-8
cache-control: no-cache
content-length: 357200

20:35:49.235 [AsyncHttpClient-1-8] DEBUG org.asynchttpclient.netty.channel.ChannelManager - Adding key: http://localhost:51801 for channel [id: 0x7645f41c, L:/127.0.0.1:61753 - R:localhost/127.0.0.1:51801]
20:35:49.251 [main] DEBUG net.serenitybdd.core.photography.Darkroom - Send negative for processing for target\site\serenity\488c87405e841ae89638c4d31d093d05aa47425ab3eaddafcf1da05535565b93.png
20:35:49.251 [Darkroom Processing Line] DEBUG net.serenitybdd.core.photography.DarkroomProcessingLine - Processing screenshot image in /var/screenshots/screenshot-3005600519327411053
20:35:49.251 [Darkroom Processing Line] DEBUG net.serenitybdd.core.photography.DarkroomProcessingLine - Saving screenshot to target\site\serenity\488c87405e841ae89638c4d31d093d05aa47425ab3eaddafcf1da05535565b93.png
20:35:49.282 [main] DEBUG net.thucydides.core.steps.StepInterceptor - STARTING STEP: PatientDataSteps.clickButtonSimpan - clickButtonSave
20:35:49.298 [Forwarding findElement on session 7bfade00a98137d88e2f0d37526533be to remote] DEBUG org.asynchttpclient.netty.request.NettyRequestSender - Using pooled Channel '[id: 0x7645f41c, L:/127.0.0.1:61753 - R:localhost/127.0.0.1:51801]' for 'POST' to 'http://localhost:51801/session/7bfade00a98137d88e2f0d37526533be/element'
20:35:49.298 [Forwarding findElement on session 7bfade00a98137d88e2f0d37526533be to remote] DEBUG org.asynchttpclient.netty.request.NettyRequestSender - Using open Channel [id: 0x7645f41c, L:/127.0.0.1:61753 - R:localhost/127.0.0.1:51801] for POST '/session/7bfade00a98137d88e2f0d37526533be/element'
20:35:49.329 [AsyncHttpClient-1-8] DEBUG org.asynchttpclient.netty.handler.HttpHandler - 

Request DefaultHttpRequest(decodeResult: success, version: HTTP/1.1)
POST /session/7bfade00a98137d88e2f0d37526533be/element HTTP/1.1
User-Agent: selenium/4.1.2 (java windows)
Content-Length: 68
Content-Type: application/json; charset=utf-8
host: localhost:51801
accept: */*

Response DefaultHttpResponse(decodeResult: success, version: HTTP/1.1)
HTTP/1.1 200 OK
Content-Type: application/json; charset=utf-8
cache-control: no-cache
content-length: 88

20:35:49.329 [AsyncHttpClient-1-8] DEBUG org.asynchttpclient.netty.channel.ChannelManager - Adding key: http://localhost:51801 for channel [id: 0x7645f41c, L:/127.0.0.1:61753 - R:localhost/127.0.0.1:51801]
20:35:49.329 [Forwarding getElementTagName on session 7bfade00a98137d88e2f0d37526533be to remote] DEBUG org.asynchttpclient.netty.request.NettyRequestSender - Using pooled Channel '[id: 0x7645f41c, L:/127.0.0.1:61753 - R:localhost/127.0.0.1:51801]' for 'GET' to 'http://localhost:51801/session/7bfade00a98137d88e2f0d37526533be/element/4ca80891-0191-489f-b2b0-5b496fd45773/name'
20:35:49.329 [Forwarding getElementTagName on session 7bfade00a98137d88e2f0d37526533be to remote] DEBUG org.asynchttpclient.netty.request.NettyRequestSender - Using open Channel [id: 0x7645f41c, L:/127.0.0.1:61753 - R:localhost/127.0.0.1:51801] for GET '/session/7bfade00a98137d88e2f0d37526533be/element/4ca80891-0191-489f-b2b0-5b496fd45773/name'
20:35:49.345 [AsyncHttpClient-1-8] DEBUG org.asynchttpclient.netty.handler.HttpHandler - 

Request DefaultFullHttpRequest(decodeResult: success, version: HTTP/1.1, content: EmptyByteBufBE)
GET /session/7bfade00a98137d88e2f0d37526533be/element/4ca80891-0191-489f-b2b0-5b496fd45773/name HTTP/1.1
User-Agent: selenium/4.1.2 (java windows)
Cache-Control: no-cache
Content-Type: application/json; charset=utf-8
host: localhost:51801
accept: */*

Response DefaultHttpResponse(decodeResult: success, version: HTTP/1.1)
HTTP/1.1 200 OK
Content-Type: application/json; charset=utf-8
cache-control: no-cache
content-length: 18

20:35:49.345 [AsyncHttpClient-1-8] DEBUG org.asynchttpclient.netty.channel.ChannelManager - Adding key: http://localhost:51801 for channel [id: 0x7645f41c, L:/127.0.0.1:61753 - R:localhost/127.0.0.1:51801]
20:35:49.345 [Forwarding getElementTagName on session 7bfade00a98137d88e2f0d37526533be to remote] DEBUG org.asynchttpclient.netty.request.NettyRequestSender - Using pooled Channel '[id: 0x7645f41c, L:/127.0.0.1:61753 - R:localhost/127.0.0.1:51801]' for 'GET' to 'http://localhost:51801/session/7bfade00a98137d88e2f0d37526533be/element/4ca80891-0191-489f-b2b0-5b496fd45773/name'
20:35:49.345 [Forwarding getElementTagName on session 7bfade00a98137d88e2f0d37526533be to remote] DEBUG org.asynchttpclient.netty.request.NettyRequestSender - Using open Channel [id: 0x7645f41c, L:/127.0.0.1:61753 - R:localhost/127.0.0.1:51801] for GET '/session/7bfade00a98137d88e2f0d37526533be/element/4ca80891-0191-489f-b2b0-5b496fd45773/name'
20:35:49.345 [AsyncHttpClient-1-8] DEBUG org.asynchttpclient.netty.handler.HttpHandler - 

Request DefaultFullHttpRequest(decodeResult: success, version: HTTP/1.1, content: EmptyByteBufBE)
GET /session/7bfade00a98137d88e2f0d37526533be/element/4ca80891-0191-489f-b2b0-5b496fd45773/name HTTP/1.1
User-Agent: selenium/4.1.2 (java windows)
Cache-Control: no-cache
Content-Type: application/json; charset=utf-8
host: localhost:51801
accept: */*

Response DefaultHttpResponse(decodeResult: success, version: HTTP/1.1)
HTTP/1.1 200 OK
Content-Type: application/json; charset=utf-8
cache-control: no-cache
content-length: 18

20:35:49.345 [AsyncHttpClient-1-8] DEBUG org.asynchttpclient.netty.channel.ChannelManager - Adding key: http://localhost:51801 for channel [id: 0x7645f41c, L:/127.0.0.1:61753 - R:localhost/127.0.0.1:51801]
20:35:49.360 [Forwarding isElementEnabled on session 7bfade00a98137d88e2f0d37526533be to remote] DEBUG org.asynchttpclient.netty.request.NettyRequestSender - Using pooled Channel '[id: 0x7645f41c, L:/127.0.0.1:61753 - R:localhost/127.0.0.1:51801]' for 'GET' to 'http://localhost:51801/session/7bfade00a98137d88e2f0d37526533be/element/4ca80891-0191-489f-b2b0-5b496fd45773/enabled'
20:35:49.360 [Forwarding isElementEnabled on session 7bfade00a98137d88e2f0d37526533be to remote] DEBUG org.asynchttpclient.netty.request.NettyRequestSender - Using open Channel [id: 0x7645f41c, L:/127.0.0.1:61753 - R:localhost/127.0.0.1:51801] for GET '/session/7bfade00a98137d88e2f0d37526533be/element/4ca80891-0191-489f-b2b0-5b496fd45773/enabled'
20:35:49.428 [AsyncHttpClient-1-8] DEBUG org.asynchttpclient.netty.handler.HttpHandler - 

Request DefaultFullHttpRequest(decodeResult: success, version: HTTP/1.1, content: EmptyByteBufBE)
GET /session/7bfade00a98137d88e2f0d37526533be/element/4ca80891-0191-489f-b2b0-5b496fd45773/enabled HTTP/1.1
User-Agent: selenium/4.1.2 (java windows)
Cache-Control: no-cache
Content-Type: application/json; charset=utf-8
host: localhost:51801
accept: */*

Response DefaultHttpResponse(decodeResult: success, version: HTTP/1.1)
HTTP/1.1 200 OK
Content-Type: application/json; charset=utf-8
cache-control: no-cache
content-length: 14

20:35:49.428 [AsyncHttpClient-1-8] DEBUG org.asynchttpclient.netty.channel.ChannelManager - Adding key: http://localhost:51801 for channel [id: 0x7645f41c, L:/127.0.0.1:61753 - R:localhost/127.0.0.1:51801]
20:35:49.431 [Forwarding isElementEnabled on session 7bfade00a98137d88e2f0d37526533be to remote] DEBUG org.asynchttpclient.netty.request.NettyRequestSender - Using pooled Channel '[id: 0x7645f41c, L:/127.0.0.1:61753 - R:localhost/127.0.0.1:51801]' for 'GET' to 'http://localhost:51801/session/7bfade00a98137d88e2f0d37526533be/element/4ca80891-0191-489f-b2b0-5b496fd45773/enabled'
20:35:49.431 [Forwarding isElementEnabled on session 7bfade00a98137d88e2f0d37526533be to remote] DEBUG org.asynchttpclient.netty.request.NettyRequestSender - Using open Channel [id: 0x7645f41c, L:/127.0.0.1:61753 - R:localhost/127.0.0.1:51801] for GET '/session/7bfade00a98137d88e2f0d37526533be/element/4ca80891-0191-489f-b2b0-5b496fd45773/enabled'
20:35:49.488 [AsyncHttpClient-1-8] DEBUG org.asynchttpclient.netty.handler.HttpHandler - 

Request DefaultFullHttpRequest(decodeResult: success, version: HTTP/1.1, content: EmptyByteBufBE)
GET /session/7bfade00a98137d88e2f0d37526533be/element/4ca80891-0191-489f-b2b0-5b496fd45773/enabled HTTP/1.1
User-Agent: selenium/4.1.2 (java windows)
Cache-Control: no-cache
Content-Type: application/json; charset=utf-8
host: localhost:51801
accept: */*

Response DefaultHttpResponse(decodeResult: success, version: HTTP/1.1)
HTTP/1.1 200 OK
Content-Type: application/json; charset=utf-8
cache-control: no-cache
content-length: 14

20:35:49.488 [AsyncHttpClient-1-8] DEBUG org.asynchttpclient.netty.channel.ChannelManager - Adding key: http://localhost:51801 for channel [id: 0x7645f41c, L:/127.0.0.1:61753 - R:localhost/127.0.0.1:51801]
20:35:49.488 [Forwarding findElement on session 7bfade00a98137d88e2f0d37526533be to remote] DEBUG org.asynchttpclient.netty.request.NettyRequestSender - Using pooled Channel '[id: 0x7645f41c, L:/127.0.0.1:61753 - R:localhost/127.0.0.1:51801]' for 'POST' to 'http://localhost:51801/session/7bfade00a98137d88e2f0d37526533be/element'
20:35:49.488 [Forwarding findElement on session 7bfade00a98137d88e2f0d37526533be to remote] DEBUG org.asynchttpclient.netty.request.NettyRequestSender - Using open Channel [id: 0x7645f41c, L:/127.0.0.1:61753 - R:localhost/127.0.0.1:51801] for POST '/session/7bfade00a98137d88e2f0d37526533be/element'
20:35:49.504 [AsyncHttpClient-1-8] DEBUG org.asynchttpclient.netty.handler.HttpHandler - 

Request DefaultHttpRequest(decodeResult: success, version: HTTP/1.1)
POST /session/7bfade00a98137d88e2f0d37526533be/element HTTP/1.1
User-Agent: selenium/4.1.2 (java windows)
Content-Length: 68
Content-Type: application/json; charset=utf-8
host: localhost:51801
accept: */*

Response DefaultHttpResponse(decodeResult: success, version: HTTP/1.1)
HTTP/1.1 200 OK
Content-Type: application/json; charset=utf-8
cache-control: no-cache
content-length: 88

20:35:49.504 [AsyncHttpClient-1-8] DEBUG org.asynchttpclient.netty.channel.ChannelManager - Adding key: http://localhost:51801 for channel [id: 0x7645f41c, L:/127.0.0.1:61753 - R:localhost/127.0.0.1:51801]
20:35:49.519 [Forwarding clickElement on session 7bfade00a98137d88e2f0d37526533be to remote] DEBUG org.asynchttpclient.netty.request.NettyRequestSender - Using pooled Channel '[id: 0x7645f41c, L:/127.0.0.1:61753 - R:localhost/127.0.0.1:51801]' for 'POST' to 'http://localhost:51801/session/7bfade00a98137d88e2f0d37526533be/element/4ca80891-0191-489f-b2b0-5b496fd45773/click'
20:35:49.519 [Forwarding clickElement on session 7bfade00a98137d88e2f0d37526533be to remote] DEBUG org.asynchttpclient.netty.request.NettyRequestSender - Using open Channel [id: 0x7645f41c, L:/127.0.0.1:61753 - R:localhost/127.0.0.1:51801] for POST '/session/7bfade00a98137d88e2f0d37526533be/element/4ca80891-0191-489f-b2b0-5b496fd45773/click'
20:35:49.690 [AsyncHttpClient-1-8] DEBUG org.asynchttpclient.netty.handler.HttpHandler - 

Request DefaultHttpRequest(decodeResult: success, version: HTTP/1.1)
POST /session/7bfade00a98137d88e2f0d37526533be/element/4ca80891-0191-489f-b2b0-5b496fd45773/click HTTP/1.1
User-Agent: selenium/4.1.2 (java windows)
Content-Length: 50
Content-Type: application/json; charset=utf-8
host: localhost:51801
accept: */*

Response DefaultHttpResponse(decodeResult: success, version: HTTP/1.1)
HTTP/1.1 200 OK
Content-Type: application/json; charset=utf-8
cache-control: no-cache
content-length: 14

20:35:49.690 [AsyncHttpClient-1-8] DEBUG org.asynchttpclient.netty.channel.ChannelManager - Adding key: http://localhost:51801 for channel [id: 0x7645f41c, L:/127.0.0.1:61753 - R:localhost/127.0.0.1:51801]
20:35:49.702 [AsyncHttpClient-1-1] DEBUG org.asynchttpclient.netty.channel.DefaultChannelPool - Entry count for : http://localhost:51801 : 1
20:35:49.703 [AsyncHttpClient-1-1] DEBUG org.asynchttpclient.netty.channel.DefaultChannelPool - Entry count for : http://localhost:61755 : 1
20:35:49.710 [Forwarding screenshot on session 7bfade00a98137d88e2f0d37526533be to remote] DEBUG org.asynchttpclient.netty.request.NettyRequestSender - Using pooled Channel '[id: 0x7645f41c, L:/127.0.0.1:61753 - R:localhost/127.0.0.1:51801]' for 'GET' to 'http://localhost:51801/session/7bfade00a98137d88e2f0d37526533be/screenshot'
20:35:49.710 [Forwarding screenshot on session 7bfade00a98137d88e2f0d37526533be to remote] DEBUG org.asynchttpclient.netty.request.NettyRequestSender - Using open Channel [id: 0x7645f41c, L:/127.0.0.1:61753 - R:localhost/127.0.0.1:51801] for GET '/session/7bfade00a98137d88e2f0d37526533be/screenshot'
20:35:50.437 [AsyncHttpClient-1-8] DEBUG org.asynchttpclient.netty.handler.HttpHandler - 

Request DefaultFullHttpRequest(decodeResult: success, version: HTTP/1.1, content: EmptyByteBufBE)
GET /session/7bfade00a98137d88e2f0d37526533be/screenshot HTTP/1.1
User-Agent: selenium/4.1.2 (java windows)
Cache-Control: no-cache
Content-Type: application/json; charset=utf-8
host: localhost:51801
accept: */*

Response DefaultHttpResponse(decodeResult: success, version: HTTP/1.1)
HTTP/1.1 500 Internal Server Error
Content-Type: application/json; charset=utf-8
cache-control: no-cache
content-length: 854

20:35:50.437 [AsyncHttpClient-1-8] DEBUG org.asynchttpclient.netty.channel.ChannelManager - Adding key: http://localhost:51801 for channel [id: 0x7645f41c, L:/127.0.0.1:61753 - R:localhost/127.0.0.1:51801]
20:35:50.439 [main] WARN net.thucydides.core.webdriver.WebDriverFacade - Failed to take screenshot (unexpected alert open: <unknown>
  (Session info: chrome=102.0.5005.115): 
Build info: version: '4.1.2', revision: '9a5a329c5a'
System info: host: 'MOOK-HON', ip: '192.168.100.6', os.name: 'Windows 10', os.arch: 'amd64', os.version: '10.0', java.version: '11.0.14'
Driver info: org.openqa.selenium.chrome.ChromeDriver
Command: [7bfade00a98137d88e2f0d37526533be, screenshot {}]
Capabilities {acceptInsecureCerts: false, browserName: chrome, browserVersion: 102.0.5005.115, chrome: {chromedriverVersion: 102.0.5005.61 (0e59bcc00cc4..., userDataDir: C:\Users\ASUS\AppData\Local...}, goog:chromeOptions: {debuggerAddress: localhost:61755}, javascriptEnabled: true, networkConnectionEnabled: false, pageLoadStrategy: normal, platform: WINDOWS, platformName: WINDOWS, proxy: Proxy(), se:cdp: ws://localhost:61755/devtoo..., se:cdpVersion: 102.0.5005.115, setWindowRect: true, strictFileInteractability: false, timeouts: {implicit: 0, pageLoad: 300000, script: 30000}, unhandledPromptBehavior: dismiss and notify, webauthn:extension:credBlob: true, webauthn:extension:largeBlob: true, webauthn:virtualAuthenticators: true}
Session ID: 7bfade00a98137d88e2f0d37526533be)
20:35:50.439 [main] DEBUG net.thucydides.core.steps.StepInterceptor - STEP DONE: clickButtonSave
  &amp#27;[32mAnd &amp#27;[0m&amp#27;[32mClick button simpan&amp#27;[0m                                                          &amp#27;[90m# starter.stepdefinitios.PatientDataSteps.clickButtonSimpan()&amp#27;[0m
20:35:50.455 [Forwarding screenshot on session 7bfade00a98137d88e2f0d37526533be to remote] DEBUG org.asynchttpclient.netty.request.NettyRequestSender - Using pooled Channel '[id: 0x7645f41c, L:/127.0.0.1:61753 - R:localhost/127.0.0.1:51801]' for 'GET' to 'http://localhost:51801/session/7bfade00a98137d88e2f0d37526533be/screenshot'
20:35:50.455 [Forwarding screenshot on session 7bfade00a98137d88e2f0d37526533be to remote] DEBUG org.asynchttpclient.netty.request.NettyRequestSender - Using open Channel [id: 0x7645f41c, L:/127.0.0.1:61753 - R:localhost/127.0.0.1:51801] for GET '/session/7bfade00a98137d88e2f0d37526533be/screenshot'
20:35:50.512 [AsyncHttpClient-1-8] DEBUG org.asynchttpclient.netty.handler.HttpHandler - 

Request DefaultFullHttpRequest(decodeResult: success, version: HTTP/1.1, content: EmptyByteBufBE)
GET /session/7bfade00a98137d88e2f0d37526533be/screenshot HTTP/1.1
User-Agent: selenium/4.1.2 (java windows)
Cache-Control: no-cache
Content-Type: application/json; charset=utf-8
host: localhost:51801
accept: */*

Response DefaultHttpResponse(decodeResult: success, version: HTTP/1.1)
HTTP/1.1 500 Internal Server Error
Content-Type: application/json; charset=utf-8
cache-control: no-cache
content-length: 889

20:35:50.513 [AsyncHttpClient-1-8] DEBUG org.asynchttpclient.netty.channel.ChannelManager - Adding key: http://localhost:51801 for channel [id: 0x7645f41c, L:/127.0.0.1:61753 - R:localhost/127.0.0.1:51801]
20:35:50.516 [main] WARN net.thucydides.core.webdriver.WebDriverFacade - Failed to take screenshot (unexpected alert open: {Alert text : data telah diubah}
  (Session info: chrome=102.0.5005.115): data telah diubah
Build info: version: '4.1.2', revision: '9a5a329c5a'
System info: host: 'MOOK-HON', ip: '192.168.100.6', os.name: 'Windows 10', os.arch: 'amd64', os.version: '10.0', java.version: '11.0.14'
Driver info: org.openqa.selenium.chrome.ChromeDriver
Command: [7bfade00a98137d88e2f0d37526533be, screenshot {}]
Capabilities {acceptInsecureCerts: false, browserName: chrome, browserVersion: 102.0.5005.115, chrome: {chromedriverVersion: 102.0.5005.61 (0e59bcc00cc4..., userDataDir: C:\Users\ASUS\AppData\Local...}, goog:chromeOptions: {debuggerAddress: localhost:61755}, javascriptEnabled: true, networkConnectionEnabled: false, pageLoadStrategy: normal, platform: WINDOWS, platformName: WINDOWS, proxy: Proxy(), se:cdp: ws://localhost:61755/devtoo..., se:cdpVersion: 102.0.5005.115, setWindowRect: true, strictFileInteractability: false, timeouts: {implicit: 0, pageLoad: 300000, script: 30000}, unhandledPromptBehavior: dismiss and notify, webauthn:extension:credBlob: true, webauthn:extension:largeBlob: true, webauthn:virtualAuthenticators: true}
Session ID: 7bfade00a98137d88e2f0d37526533be)
20:35:50.539 [Forwarding screenshot on session 7bfade00a98137d88e2f0d37526533be to remote] DEBUG org.asynchttpclient.netty.request.NettyRequestSender - Using pooled Channel '[id: 0x7645f41c, L:/127.0.0.1:61753 - R:localhost/127.0.0.1:51801]' for 'GET' to 'http://localhost:51801/session/7bfade00a98137d88e2f0d37526533be/screenshot'
20:35:50.539 [Forwarding screenshot on session 7bfade00a98137d88e2f0d37526533be to remote] DEBUG org.asynchttpclient.netty.request.NettyRequestSender - Using open Channel [id: 0x7645f41c, L:/127.0.0.1:61753 - R:localhost/127.0.0.1:51801] for GET '/session/7bfade00a98137d88e2f0d37526533be/screenshot'
20:35:50.803 [AsyncHttpClient-1-1] DEBUG org.asynchttpclient.netty.channel.DefaultChannelPool - Entry count for : http://localhost:61755 : 1
20:35:51.279 [AsyncHttpClient-1-8] DEBUG org.asynchttpclient.netty.handler.HttpHandler - 

Request DefaultFullHttpRequest(decodeResult: success, version: HTTP/1.1, content: EmptyByteBufBE)
GET /session/7bfade00a98137d88e2f0d37526533be/screenshot HTTP/1.1
User-Agent: selenium/4.1.2 (java windows)
Cache-Control: no-cache
Content-Type: application/json; charset=utf-8
host: localhost:51801
accept: */*

Response DefaultHttpResponse(decodeResult: success, version: HTTP/1.1)
HTTP/1.1 200 OK
Content-Type: application/json; charset=utf-8
cache-control: no-cache
content-length: 355552

20:35:51.281 [AsyncHttpClient-1-8] DEBUG org.asynchttpclient.netty.channel.ChannelManager - Adding key: http://localhost:51801 for channel [id: 0x7645f41c, L:/127.0.0.1:61753 - R:localhost/127.0.0.1:51801]
20:35:51.292 [main] DEBUG net.serenitybdd.core.photography.Darkroom - Send negative for processing for target\site\serenity\392f66b2b11e00fc2a7b38f9f144f09b982d37962a86291199075eda46ee945c.png
20:35:51.323 [Darkroom Processing Line] DEBUG net.serenitybdd.core.photography.DarkroomProcessingLine - Processing screenshot image in /var/screenshots/screenshot-5370986343420294661
20:35:51.323 [Darkroom Processing Line] DEBUG net.serenitybdd.core.photography.DarkroomProcessingLine - Saving screenshot to target\site\serenity\392f66b2b11e00fc2a7b38f9f144f09b982d37962a86291199075eda46ee945c.png
20:35:51.836 [Forwarding screenshot on session 7bfade00a98137d88e2f0d37526533be to remote] DEBUG org.asynchttpclient.netty.request.NettyRequestSender - Using pooled Channel '[id: 0x7645f41c, L:/127.0.0.1:61753 - R:localhost/127.0.0.1:51801]' for 'GET' to 'http://localhost:51801/session/7bfade00a98137d88e2f0d37526533be/screenshot'
20:35:51.836 [Forwarding screenshot on session 7bfade00a98137d88e2f0d37526533be to remote] DEBUG org.asynchttpclient.netty.request.NettyRequestSender - Using open Channel [id: 0x7645f41c, L:/127.0.0.1:61753 - R:localhost/127.0.0.1:51801] for GET '/session/7bfade00a98137d88e2f0d37526533be/screenshot'
20:35:51.890 [AsyncHttpClient-1-1] DEBUG org.asynchttpclient.netty.channel.DefaultChannelPool - Entry count for : http://localhost:61755 : 1
20:35:52.205 [AsyncHttpClient-1-8] DEBUG org.asynchttpclient.netty.handler.HttpHandler - 

Request DefaultFullHttpRequest(decodeResult: success, version: HTTP/1.1, content: EmptyByteBufBE)
GET /session/7bfade00a98137d88e2f0d37526533be/screenshot HTTP/1.1
User-Agent: selenium/4.1.2 (java windows)
Cache-Control: no-cache
Content-Type: application/json; charset=utf-8
host: localhost:51801
accept: */*

Response DefaultHttpResponse(decodeResult: success, version: HTTP/1.1)
HTTP/1.1 200 OK
Content-Type: application/json; charset=utf-8
cache-control: no-cache
content-length: 355552

20:35:52.205 [AsyncHttpClient-1-8] DEBUG org.asynchttpclient.netty.channel.ChannelManager - Adding key: http://localhost:51801 for channel [id: 0x7645f41c, L:/127.0.0.1:61753 - R:localhost/127.0.0.1:51801]
20:35:52.221 [main] DEBUG net.serenitybdd.core.photography.Darkroom - Send negative for processing for target\site\serenity\392f66b2b11e00fc2a7b38f9f144f09b982d37962a86291199075eda46ee945c.png
20:35:52.221 [main] DEBUG net.thucydides.core.steps.StepInterceptor - STARTING STEP: PatientDataSteps.validEditData - clickButtonBack
20:35:52.237 [Forwarding findElement on session 7bfade00a98137d88e2f0d37526533be to remote] DEBUG org.asynchttpclient.netty.request.NettyRequestSender - Using pooled Channel '[id: 0x7645f41c, L:/127.0.0.1:61753 - R:localhost/127.0.0.1:51801]' for 'POST' to 'http://localhost:51801/session/7bfade00a98137d88e2f0d37526533be/element'
20:35:52.237 [Forwarding findElement on session 7bfade00a98137d88e2f0d37526533be to remote] DEBUG org.asynchttpclient.netty.request.NettyRequestSender - Using open Channel [id: 0x7645f41c, L:/127.0.0.1:61753 - R:localhost/127.0.0.1:51801] for POST '/session/7bfade00a98137d88e2f0d37526533be/element'
20:35:52.453 [AsyncHttpClient-1-8] DEBUG org.asynchttpclient.netty.handler.HttpHandler - 

Request DefaultHttpRequest(decodeResult: success, version: HTTP/1.1)
POST /session/7bfade00a98137d88e2f0d37526533be/element HTTP/1.1
User-Agent: selenium/4.1.2 (java windows)
Content-Length: 137
Content-Type: application/json; charset=utf-8
host: localhost:51801
accept: */*

Response DefaultHttpResponse(decodeResult: success, version: HTTP/1.1)
HTTP/1.1 200 OK
Content-Type: application/json; charset=utf-8
cache-control: no-cache
content-length: 88

20:35:52.453 [AsyncHttpClient-1-8] DEBUG org.asynchttpclient.netty.channel.ChannelManager - Adding key: http://localhost:51801 for channel [id: 0x7645f41c, L:/127.0.0.1:61753 - R:localhost/127.0.0.1:51801]
20:35:52.469 [Forwarding getElementTagName on session 7bfade00a98137d88e2f0d37526533be to remote] DEBUG org.asynchttpclient.netty.request.NettyRequestSender - Using pooled Channel '[id: 0x7645f41c, L:/127.0.0.1:61753 - R:localhost/127.0.0.1:51801]' for 'GET' to 'http://localhost:51801/session/7bfade00a98137d88e2f0d37526533be/element/d4645fd9-b9e0-4fe6-af53-e3c8c7ccbd3b/name'
20:35:52.469 [Forwarding getElementTagName on session 7bfade00a98137d88e2f0d37526533be to remote] DEBUG org.asynchttpclient.netty.request.NettyRequestSender - Using open Channel [id: 0x7645f41c, L:/127.0.0.1:61753 - R:localhost/127.0.0.1:51801] for GET '/session/7bfade00a98137d88e2f0d37526533be/element/d4645fd9-b9e0-4fe6-af53-e3c8c7ccbd3b/name'
20:35:52.572 [AsyncHttpClient-1-8] DEBUG org.asynchttpclient.netty.handler.HttpHandler - 

Request DefaultFullHttpRequest(decodeResult: success, version: HTTP/1.1, content: EmptyByteBufBE)
GET /session/7bfade00a98137d88e2f0d37526533be/element/d4645fd9-b9e0-4fe6-af53-e3c8c7ccbd3b/name HTTP/1.1
User-Agent: selenium/4.1.2 (java windows)
Cache-Control: no-cache
Content-Type: application/json; charset=utf-8
host: localhost:51801
accept: */*

Response DefaultHttpResponse(decodeResult: success, version: HTTP/1.1)
HTTP/1.1 200 OK
Content-Type: application/json; charset=utf-8
cache-control: no-cache
content-length: 18

20:35:52.572 [AsyncHttpClient-1-8] DEBUG org.asynchttpclient.netty.channel.ChannelManager - Adding key: http://localhost:51801 for channel [id: 0x7645f41c, L:/127.0.0.1:61753 - R:localhost/127.0.0.1:51801]
20:35:52.575 [Forwarding getElementTagName on session 7bfade00a98137d88e2f0d37526533be to remote] DEBUG org.asynchttpclient.netty.request.NettyRequestSender - Using pooled Channel '[id: 0x7645f41c, L:/127.0.0.1:61753 - R:localhost/127.0.0.1:51801]' for 'GET' to 'http://localhost:51801/session/7bfade00a98137d88e2f0d37526533be/element/d4645fd9-b9e0-4fe6-af53-e3c8c7ccbd3b/name'
20:35:52.575 [Forwarding getElementTagName on session 7bfade00a98137d88e2f0d37526533be to remote] DEBUG org.asynchttpclient.netty.request.NettyRequestSender - Using open Channel [id: 0x7645f41c, L:/127.0.0.1:61753 - R:localhost/127.0.0.1:51801] for GET '/session/7bfade00a98137d88e2f0d37526533be/element/d4645fd9-b9e0-4fe6-af53-e3c8c7ccbd3b/name'
20:35:52.591 [AsyncHttpClient-1-8] DEBUG org.asynchttpclient.netty.handler.HttpHandler - 

Request DefaultFullHttpRequest(decodeResult: success, version: HTTP/1.1, content: EmptyByteBufBE)
GET /session/7bfade00a98137d88e2f0d37526533be/element/d4645fd9-b9e0-4fe6-af53-e3c8c7ccbd3b/name HTTP/1.1
User-Agent: selenium/4.1.2 (java windows)
Cache-Control: no-cache
Content-Type: application/json; charset=utf-8
host: localhost:51801
accept: */*

Response DefaultHttpResponse(decodeResult: success, version: HTTP/1.1)
HTTP/1.1 200 OK
Content-Type: application/json; charset=utf-8
cache-control: no-cache
content-length: 18

20:35:52.591 [AsyncHttpClient-1-8] DEBUG org.asynchttpclient.netty.channel.ChannelManager - Adding key: http://localhost:51801 for channel [id: 0x7645f41c, L:/127.0.0.1:61753 - R:localhost/127.0.0.1:51801]
20:35:52.591 [Forwarding isElementEnabled on session 7bfade00a98137d88e2f0d37526533be to remote] DEBUG org.asynchttpclient.netty.request.NettyRequestSender - Using pooled Channel '[id: 0x7645f41c, L:/127.0.0.1:61753 - R:localhost/127.0.0.1:51801]' for 'GET' to 'http://localhost:51801/session/7bfade00a98137d88e2f0d37526533be/element/d4645fd9-b9e0-4fe6-af53-e3c8c7ccbd3b/enabled'
20:35:52.591 [Forwarding isElementEnabled on session 7bfade00a98137d88e2f0d37526533be to remote] DEBUG org.asynchttpclient.netty.request.NettyRequestSender - Using open Channel [id: 0x7645f41c, L:/127.0.0.1:61753 - R:localhost/127.0.0.1:51801] for GET '/session/7bfade00a98137d88e2f0d37526533be/element/d4645fd9-b9e0-4fe6-af53-e3c8c7ccbd3b/enabled'
20:35:52.622 [AsyncHttpClient-1-8] DEBUG org.asynchttpclient.netty.handler.HttpHandler - 

Request DefaultFullHttpRequest(decodeResult: success, version: HTTP/1.1, content: EmptyByteBufBE)
GET /session/7bfade00a98137d88e2f0d37526533be/element/d4645fd9-b9e0-4fe6-af53-e3c8c7ccbd3b/enabled HTTP/1.1
User-Agent: selenium/4.1.2 (java windows)
Cache-Control: no-cache
Content-Type: application/json; charset=utf-8
host: localhost:51801
accept: */*

Response DefaultHttpResponse(decodeResult: success, version: HTTP/1.1)
HTTP/1.1 200 OK
Content-Type: application/json; charset=utf-8
cache-control: no-cache
content-length: 14

20:35:52.622 [AsyncHttpClient-1-8] DEBUG org.asynchttpclient.netty.channel.ChannelManager - Adding key: http://localhost:51801 for channel [id: 0x7645f41c, L:/127.0.0.1:61753 - R:localhost/127.0.0.1:51801]
20:35:52.638 [Forwarding isElementEnabled on session 7bfade00a98137d88e2f0d37526533be to remote] DEBUG org.asynchttpclient.netty.request.NettyRequestSender - Using pooled Channel '[id: 0x7645f41c, L:/127.0.0.1:61753 - R:localhost/127.0.0.1:51801]' for 'GET' to 'http://localhost:51801/session/7bfade00a98137d88e2f0d37526533be/element/d4645fd9-b9e0-4fe6-af53-e3c8c7ccbd3b/enabled'
20:35:52.638 [Forwarding isElementEnabled on session 7bfade00a98137d88e2f0d37526533be to remote] DEBUG org.asynchttpclient.netty.request.NettyRequestSender - Using open Channel [id: 0x7645f41c, L:/127.0.0.1:61753 - R:localhost/127.0.0.1:51801] for GET '/session/7bfade00a98137d88e2f0d37526533be/element/d4645fd9-b9e0-4fe6-af53-e3c8c7ccbd3b/enabled'
20:35:52.689 [AsyncHttpClient-1-8] DEBUG org.asynchttpclient.netty.handler.HttpHandler - 

Request DefaultFullHttpRequest(decodeResult: success, version: HTTP/1.1, content: EmptyByteBufBE)
GET /session/7bfade00a98137d88e2f0d37526533be/element/d4645fd9-b9e0-4fe6-af53-e3c8c7ccbd3b/enabled HTTP/1.1
User-Agent: selenium/4.1.2 (java windows)
Cache-Control: no-cache
Content-Type: application/json; charset=utf-8
host: localhost:51801
accept: */*

Response DefaultHttpResponse(decodeResult: success, version: HTTP/1.1)
HTTP/1.1 200 OK
Content-Type: application/json; charset=utf-8
cache-control: no-cache
content-length: 14

20:35:52.689 [AsyncHttpClient-1-8] DEBUG org.asynchttpclient.netty.channel.ChannelManager - Adding key: http://localhost:51801 for channel [id: 0x7645f41c, L:/127.0.0.1:61753 - R:localhost/127.0.0.1:51801]
20:35:52.693 [Forwarding findElement on session 7bfade00a98137d88e2f0d37526533be to remote] DEBUG org.asynchttpclient.netty.request.NettyRequestSender - Using pooled Channel '[id: 0x7645f41c, L:/127.0.0.1:61753 - R:localhost/127.0.0.1:51801]' for 'POST' to 'http://localhost:51801/session/7bfade00a98137d88e2f0d37526533be/element'
20:35:52.693 [Forwarding findElement on session 7bfade00a98137d88e2f0d37526533be to remote] DEBUG org.asynchttpclient.netty.request.NettyRequestSender - Using open Channel [id: 0x7645f41c, L:/127.0.0.1:61753 - R:localhost/127.0.0.1:51801] for POST '/session/7bfade00a98137d88e2f0d37526533be/element'
20:35:52.709 [AsyncHttpClient-1-8] DEBUG org.asynchttpclient.netty.handler.HttpHandler - 

Request DefaultHttpRequest(decodeResult: success, version: HTTP/1.1)
POST /session/7bfade00a98137d88e2f0d37526533be/element HTTP/1.1
User-Agent: selenium/4.1.2 (java windows)
Content-Length: 137
Content-Type: application/json; charset=utf-8
host: localhost:51801
accept: */*

Response DefaultHttpResponse(decodeResult: success, version: HTTP/1.1)
HTTP/1.1 200 OK
Content-Type: application/json; charset=utf-8
cache-control: no-cache
content-length: 88

20:35:52.709 [AsyncHttpClient-1-8] DEBUG org.asynchttpclient.netty.channel.ChannelManager - Adding key: http://localhost:51801 for channel [id: 0x7645f41c, L:/127.0.0.1:61753 - R:localhost/127.0.0.1:51801]
20:35:52.709 [Forwarding clickElement on session 7bfade00a98137d88e2f0d37526533be to remote] DEBUG org.asynchttpclient.netty.request.NettyRequestSender - Using pooled Channel '[id: 0x7645f41c, L:/127.0.0.1:61753 - R:localhost/127.0.0.1:51801]' for 'POST' to 'http://localhost:51801/session/7bfade00a98137d88e2f0d37526533be/element/d4645fd9-b9e0-4fe6-af53-e3c8c7ccbd3b/click'
20:35:52.709 [Forwarding clickElement on session 7bfade00a98137d88e2f0d37526533be to remote] DEBUG org.asynchttpclient.netty.request.NettyRequestSender - Using open Channel [id: 0x7645f41c, L:/127.0.0.1:61753 - R:localhost/127.0.0.1:51801] for POST '/session/7bfade00a98137d88e2f0d37526533be/element/d4645fd9-b9e0-4fe6-af53-e3c8c7ccbd3b/click'
20:35:52.999 [AsyncHttpClient-1-1] DEBUG org.asynchttpclient.netty.channel.DefaultChannelPool - Entry count for : http://localhost:61755 : 1
20:35:52.999 [AsyncHttpClient-1-8] DEBUG org.asynchttpclient.netty.handler.HttpHandler - 

Request DefaultHttpRequest(decodeResult: success, version: HTTP/1.1)
POST /session/7bfade00a98137d88e2f0d37526533be/element/d4645fd9-b9e0-4fe6-af53-e3c8c7ccbd3b/click HTTP/1.1
User-Agent: selenium/4.1.2 (java windows)
Content-Length: 50
Content-Type: application/json; charset=utf-8
host: localhost:51801
accept: */*

Response DefaultHttpResponse(decodeResult: success, version: HTTP/1.1)
HTTP/1.1 200 OK
Content-Type: application/json; charset=utf-8
cache-control: no-cache
content-length: 14

20:35:53.000 [AsyncHttpClient-1-8] DEBUG org.asynchttpclient.netty.channel.ChannelManager - Adding key: http://localhost:51801 for channel [id: 0x7645f41c, L:/127.0.0.1:61753 - R:localhost/127.0.0.1:51801]
20:35:53.015 [Forwarding screenshot on session 7bfade00a98137d88e2f0d37526533be to remote] DEBUG org.asynchttpclient.netty.request.NettyRequestSender - Using pooled Channel '[id: 0x7645f41c, L:/127.0.0.1:61753 - R:localhost/127.0.0.1:51801]' for 'GET' to 'http://localhost:51801/session/7bfade00a98137d88e2f0d37526533be/screenshot'
20:35:53.016 [Forwarding screenshot on session 7bfade00a98137d88e2f0d37526533be to remote] DEBUG org.asynchttpclient.netty.request.NettyRequestSender - Using open Channel [id: 0x7645f41c, L:/127.0.0.1:61753 - R:localhost/127.0.0.1:51801] for GET '/session/7bfade00a98137d88e2f0d37526533be/screenshot'
20:35:53.511 [AsyncHttpClient-1-8] DEBUG org.asynchttpclient.netty.handler.HttpHandler - 

Request DefaultFullHttpRequest(decodeResult: success, version: HTTP/1.1, content: EmptyByteBufBE)
GET /session/7bfade00a98137d88e2f0d37526533be/screenshot HTTP/1.1
User-Agent: selenium/4.1.2 (java windows)
Cache-Control: no-cache
Content-Type: application/json; charset=utf-8
host: localhost:51801
accept: */*

Response DefaultHttpResponse(decodeResult: success, version: HTTP/1.1)
HTTP/1.1 200 OK
Content-Type: application/json; charset=utf-8
cache-control: no-cache
content-length: 349440

20:35:53.513 [AsyncHttpClient-1-8] DEBUG org.asynchttpclient.netty.channel.ChannelManager - Adding key: http://localhost:51801 for channel [id: 0x7645f41c, L:/127.0.0.1:61753 - R:localhost/127.0.0.1:51801]
20:35:53.526 [main] DEBUG net.serenitybdd.core.photography.Darkroom - Send negative for processing for target\site\serenity\e83d1bba976c4822ceb229ed9b1b37013111144d739bdb5c5f61db4d0f2b214f.png
20:35:53.526 [main] DEBUG net.thucydides.core.steps.StepInterceptor - STEP DONE: clickButtonBack
20:35:53.542 [Darkroom Processing Line] DEBUG net.serenitybdd.core.photography.DarkroomProcessingLine - Processing screenshot image in /var/screenshots/screenshot-5077883601893970145
20:35:53.542 [Darkroom Processing Line] DEBUG net.serenitybdd.core.photography.DarkroomProcessingLine - Saving screenshot to target\site\serenity\e83d1bba976c4822ceb229ed9b1b37013111144d739bdb5c5f61db4d0f2b214f.png
20:35:53.557 [main] DEBUG net.thucydides.core.steps.StepInterceptor - STARTING STEP: PatientDataSteps.validEditData - checkValidDataPasien
20:35:53.573 [Forwarding findElement on session 7bfade00a98137d88e2f0d37526533be to remote] DEBUG org.asynchttpclient.netty.request.NettyRequestSender - Using pooled Channel '[id: 0x7645f41c, L:/127.0.0.1:61753 - R:localhost/127.0.0.1:51801]' for 'POST' to 'http://localhost:51801/session/7bfade00a98137d88e2f0d37526533be/element'
20:35:53.573 [Forwarding findElement on session 7bfade00a98137d88e2f0d37526533be to remote] DEBUG org.asynchttpclient.netty.request.NettyRequestSender - Using open Channel [id: 0x7645f41c, L:/127.0.0.1:61753 - R:localhost/127.0.0.1:51801] for POST '/session/7bfade00a98137d88e2f0d37526533be/element'
20:35:53.610 [AsyncHttpClient-1-8] DEBUG org.asynchttpclient.netty.handler.HttpHandler - 

Request DefaultHttpRequest(decodeResult: success, version: HTTP/1.1)
POST /session/7bfade00a98137d88e2f0d37526533be/element HTTP/1.1
User-Agent: selenium/4.1.2 (java windows)
Content-Length: 95
Content-Type: application/json; charset=utf-8
host: localhost:51801
accept: */*

Response DefaultHttpResponse(decodeResult: success, version: HTTP/1.1)
HTTP/1.1 200 OK
Content-Type: application/json; charset=utf-8
cache-control: no-cache
content-length: 88

20:35:53.611 [AsyncHttpClient-1-8] DEBUG org.asynchttpclient.netty.channel.ChannelManager - Adding key: http://localhost:51801 for channel [id: 0x7645f41c, L:/127.0.0.1:61753 - R:localhost/127.0.0.1:51801]
20:35:53.612 [Forwarding isElementEnabled on session 7bfade00a98137d88e2f0d37526533be to remote] DEBUG org.asynchttpclient.netty.request.NettyRequestSender - Using pooled Channel '[id: 0x7645f41c, L:/127.0.0.1:61753 - R:localhost/127.0.0.1:51801]' for 'GET' to 'http://localhost:51801/session/7bfade00a98137d88e2f0d37526533be/element/ab3bf0e0-966f-4fdf-8451-d99e11c14318/enabled'
20:35:53.612 [Forwarding isElementEnabled on session 7bfade00a98137d88e2f0d37526533be to remote] DEBUG org.asynchttpclient.netty.request.NettyRequestSender - Using open Channel [id: 0x7645f41c, L:/127.0.0.1:61753 - R:localhost/127.0.0.1:51801] for GET '/session/7bfade00a98137d88e2f0d37526533be/element/ab3bf0e0-966f-4fdf-8451-d99e11c14318/enabled'
20:35:53.625 [AsyncHttpClient-1-8] DEBUG org.asynchttpclient.netty.handler.HttpHandler - 

Request DefaultFullHttpRequest(decodeResult: success, version: HTTP/1.1, content: EmptyByteBufBE)
GET /session/7bfade00a98137d88e2f0d37526533be/element/ab3bf0e0-966f-4fdf-8451-d99e11c14318/enabled HTTP/1.1
User-Agent: selenium/4.1.2 (java windows)
Cache-Control: no-cache
Content-Type: application/json; charset=utf-8
host: localhost:51801
accept: */*

Response DefaultHttpResponse(decodeResult: success, version: HTTP/1.1)
HTTP/1.1 200 OK
Content-Type: application/json; charset=utf-8
cache-control: no-cache
content-length: 14

20:35:53.625 [AsyncHttpClient-1-8] DEBUG org.asynchttpclient.netty.channel.ChannelManager - Adding key: http://localhost:51801 for channel [id: 0x7645f41c, L:/127.0.0.1:61753 - R:localhost/127.0.0.1:51801]
20:35:53.640 [Forwarding screenshot on session 7bfade00a98137d88e2f0d37526533be to remote] DEBUG org.asynchttpclient.netty.request.NettyRequestSender - Using pooled Channel '[id: 0x7645f41c, L:/127.0.0.1:61753 - R:localhost/127.0.0.1:51801]' for 'GET' to 'http://localhost:51801/session/7bfade00a98137d88e2f0d37526533be/screenshot'
20:35:53.640 [Forwarding screenshot on session 7bfade00a98137d88e2f0d37526533be to remote] DEBUG org.asynchttpclient.netty.request.NettyRequestSender - Using open Channel [id: 0x7645f41c, L:/127.0.0.1:61753 - R:localhost/127.0.0.1:51801] for GET '/session/7bfade00a98137d88e2f0d37526533be/screenshot'
20:35:54.006 [AsyncHttpClient-1-8] DEBUG org.asynchttpclient.netty.handler.HttpHandler - 

Request DefaultFullHttpRequest(decodeResult: success, version: HTTP/1.1, content: EmptyByteBufBE)
GET /session/7bfade00a98137d88e2f0d37526533be/screenshot HTTP/1.1
User-Agent: selenium/4.1.2 (java windows)
Cache-Control: no-cache
Content-Type: application/json; charset=utf-8
host: localhost:51801
accept: */*

Response DefaultHttpResponse(decodeResult: success, version: HTTP/1.1)
HTTP/1.1 200 OK
Content-Type: application/json; charset=utf-8
cache-control: no-cache
content-length: 354348

20:35:54.008 [AsyncHttpClient-1-8] DEBUG org.asynchttpclient.netty.channel.ChannelManager - Adding key: http://localhost:51801 for channel [id: 0x7645f41c, L:/127.0.0.1:61753 - R:localhost/127.0.0.1:51801]
20:35:54.024 [main] DEBUG net.serenitybdd.core.photography.Darkroom - Send negative for processing for target\site\serenity\3614ded854e7e5462bb729056ddcec871d0310443e0570d7c996a01a58d949b6.png
20:35:54.024 [main] DEBUG net.thucydides.core.steps.StepInterceptor - STEP DONE: checkValidDataPasien
  &amp#27;[32mAnd &amp#27;[0m&amp#27;[32mValid edit data&amp#27;[0m                                                              &amp#27;[90m# starter.stepdefinitios.PatientDataSteps.validEditData()&amp#27;[0m
20:35:54.039 [Darkroom Processing Line] DEBUG net.serenitybdd.core.photography.DarkroomProcessingLine - Processing screenshot image in /var/screenshots/screenshot-16993690205980690733
20:35:54.039 [Darkroom Processing Line] DEBUG net.serenitybdd.core.photography.DarkroomProcessingLine - Saving screenshot to target\site\serenity\3614ded854e7e5462bb729056ddcec871d0310443e0570d7c996a01a58d949b6.png
20:35:54.055 [AsyncHttpClient-1-2] DEBUG org.asynchttpclient.netty.handler.WebSocketHandler - Channel Closed: [id: 0x03f02ba2, L:/127.0.0.1:61772 ! R:localhost/127.0.0.1:61755] with attribute NettyResponseFuture{currentRetry=5,
	isDone=1,
	isCancelled=0,
	asyncHandler=org.asynchttpclient.ws.WebSocketUpgradeHandler@6adfa30c,
	nettyRequest=org.asynchttpclient.netty.request.NettyRequest@a762916,
	future=java.util.concurrent.CompletableFuture@4f5f4197[Completed normally],
	uri=ws://localhost:61755/devtools/browser/91e1bd90-7f88-4ee4-930f-05ffe121ea3a,
	keepAlive=true,
	redirectCount=0,
	timeoutsHolder=null,
	inAuth=0,
	touch=1655991305090}
20:35:54.055 [AsyncHttpClient-1-2] DEBUG org.asynchttpclient.netty.channel.ChannelManager - Closing Channel [id: 0x03f02ba2, L:/127.0.0.1:61772 ! R:localhost/127.0.0.1:61755] 
20:35:54.080 [Driver Command Executor] DEBUG org.asynchttpclient.netty.request.NettyRequestSender - Using pooled Channel '[id: 0x7645f41c, L:/127.0.0.1:61753 - R:localhost/127.0.0.1:51801]' for 'DELETE' to 'http://localhost:51801/session/7bfade00a98137d88e2f0d37526533be'
20:35:54.080 [Driver Command Executor] DEBUG org.asynchttpclient.netty.request.NettyRequestSender - Using open Channel [id: 0x7645f41c, L:/127.0.0.1:61753 - R:localhost/127.0.0.1:51801] for DELETE '/session/7bfade00a98137d88e2f0d37526533be'
20:35:54.103 [AsyncHttpClient-1-1] DEBUG org.asynchttpclient.netty.channel.DefaultChannelPool - Entry count for : http://localhost:61755 : 1
20:35:55.199 [AsyncHttpClient-1-1] DEBUG org.asynchttpclient.netty.channel.DefaultChannelPool - Entry count for : http://localhost:61755 : 1
20:35:55.514 [AsyncHttpClient-1-9] DEBUG org.asynchttpclient.netty.handler.HttpHandler - Unexpected I/O exception on channel [id: 0x2f22da48, L:/127.0.0.1:61769 - R:localhost/127.0.0.1:61755]
java.io.IOException: An existing connection was forcibly closed by the remote host
	at java.base/sun.nio.ch.SocketDispatcher.read0(Native Method)
	at java.base/sun.nio.ch.SocketDispatcher.read(SocketDispatcher.java:43)
	at java.base/sun.nio.ch.IOUtil.readIntoNativeBuffer(IOUtil.java:276)
	at java.base/sun.nio.ch.IOUtil.read(IOUtil.java:233)
	at java.base/sun.nio.ch.IOUtil.read(IOUtil.java:223)
	at java.base/sun.nio.ch.SocketChannelImpl.read(SocketChannelImpl.java:358)
	at io.netty.buffer.PooledByteBuf.setBytes(PooledByteBuf.java:258)
	at io.netty.buffer.AbstractByteBuf.writeBytes(AbstractByteBuf.java:1132)
	at io.netty.channel.socket.nio.NioSocketChannel.doReadBytes(NioSocketChannel.java:350)
	at io.netty.channel.nio.AbstractNioByteChannel$NioByteUnsafe.read(AbstractNioByteChannel.java:151)
	at io.netty.channel.nio.NioEventLoop.processSelectedKey(NioEventLoop.java:722)
	at io.netty.channel.nio.NioEventLoop.processSelectedKeysOptimized(NioEventLoop.java:658)
	at io.netty.channel.nio.NioEventLoop.processSelectedKeys(NioEventLoop.java:584)
	at io.netty.channel.nio.NioEventLoop.run(NioEventLoop.java:496)
	at io.netty.util.concurrent.SingleThreadEventExecutor$4.run(SingleThreadEventExecutor.java:986)
	at io.netty.util.internal.ThreadExecutorMap$2.run(ThreadExecutorMap.java:74)
	at io.netty.util.concurrent.FastThreadLocalRunnable.run(FastThreadLocalRunnable.java:30)
	at java.base/java.lang.Thread.run(Thread.java:834)
20:35:55.530 [AsyncHttpClient-1-9] DEBUG org.asynchttpclient.netty.channel.ChannelManager - Closing Channel [id: 0x2f22da48, L:/127.0.0.1:61769 - R:localhost/127.0.0.1:61755] 
20:35:55.530 [AsyncHttpClient-1-9] DEBUG org.asynchttpclient.netty.handler.HttpHandler - Channel Closed: [id: 0x2f22da48, L:/127.0.0.1:61769 ! R:localhost/127.0.0.1:61755] with attribute DISCARD
20:35:55.657 [AsyncHttpClient-1-8] DEBUG org.asynchttpclient.netty.handler.HttpHandler - 

Request DefaultFullHttpRequest(decodeResult: success, version: HTTP/1.1, content: EmptyByteBufBE)
DELETE /session/7bfade00a98137d88e2f0d37526533be HTTP/1.1
User-Agent: selenium/4.1.2 (java windows)
Content-Type: application/json; charset=utf-8
host: localhost:51801
accept: */*

Response DefaultHttpResponse(decodeResult: success, version: HTTP/1.1)
HTTP/1.1 200 OK
Content-Type: application/json; charset=utf-8
cache-control: no-cache
content-length: 14

20:35:55.657 [AsyncHttpClient-1-8] DEBUG org.asynchttpclient.netty.channel.ChannelManager - Adding key: http://localhost:51801 for channel [id: 0x7645f41c, L:/127.0.0.1:61753 - R:localhost/127.0.0.1:51801]
20:35:56.157 [AsyncHttpClient-1-8] DEBUG org.asynchttpclient.netty.handler.HttpHandler - Channel Closed: [id: 0x7645f41c, L:/127.0.0.1:61753 ! R:localhost/127.0.0.1:51801] with attribute DISCARD
20:35:56.307 [AsyncHttpClient-1-1] DEBUG org.asynchttpclient.netty.channel.DefaultChannelPool - Entry count for : http://localhost:51801 : 1
20:35:56.307 [AsyncHttpClient-1-1] DEBUG org.asynchttpclient.netty.channel.DefaultChannelPool - Entry count for : http://localhost:61755 : 1
20:35:56.307 [AsyncHttpClient-1-1] DEBUG org.asynchttpclient.netty.channel.DefaultChannelPool - Adding Candidate expired Channel [id: 0x7645f41c, L:/127.0.0.1:61753 ! R:localhost/127.0.0.1:51801] isIdleTimeoutExpired=false isRemotelyClosed=true isTtlExpired=false
20:35:56.307 [AsyncHttpClient-1-1] DEBUG org.asynchttpclient.netty.channel.DefaultChannelPool - Closing Idle Channel [id: 0x7645f41c, L:/127.0.0.1:61753 ! R:localhost/127.0.0.1:51801]
20:35:56.307 [AsyncHttpClient-1-1] DEBUG org.asynchttpclient.netty.channel.DefaultChannelPool - Adding Candidate expired Channel [id: 0x2f22da48, L:/127.0.0.1:61769 ! R:localhost/127.0.0.1:61755] isIdleTimeoutExpired=false isRemotelyClosed=true isTtlExpired=false
20:35:56.307 [AsyncHttpClient-1-1] DEBUG org.asynchttpclient.netty.channel.DefaultChannelPool - Closing Idle Channel [id: 0x2f22da48, L:/127.0.0.1:61769 ! R:localhost/127.0.0.1:61755]
20:35:56.307 [AsyncHttpClient-1-1] DEBUG org.asynchttpclient.netty.channel.DefaultChannelPool - Closed 2 connections out of 2 in 0 ms
20:35:56.684 [main] INFO  - 
  _____   ___   ___   _____     ___     _     ___   ___   ___   ___  
 |_   _| | __| / __| |_   _|   | _ \   /_\   / __| / __| | __| |   \ 
   | |   | _|  \__ \   | |     |  _/  / _ \  \__ \ \__ \ | _|  | |) |
   |_|   |___| |___/   |_|     |_|   /_/ \_\ |___/ |___/ |___| |___/ 

As a admin i want to edit data dokter
----------------------------------------------------------------------
]]></system-out>
    <system-err><![CDATA[Starting ChromeDriver 102.0.5005.61 (0e59bcc00cc4985ce39ad31c150065f159d95ad3-refs/branch-heads/5005@{#819}) on port 51801
Only local connections are allowed.
Please see https://chromedriver.chromium.org/security-considerations for suggestions on keeping ChromeDriver safe.
ChromeDriver was started successfully.
Jun 23, 2022 8:35:05 PM org.openqa.selenium.remote.ProtocolHandshake createSession
INFO: Detected dialect: W3C
Jun 23, 2022 8:35:05 PM org.openqa.selenium.devtools.CdpVersionFinder findNearestMatch
WARNING: Unable to find an exact match for CDP version 102, so returning the closest version found: a no-op implementation
Jun 23, 2022 8:35:05 PM org.openqa.selenium.devtools.CdpVersionFinder findNearestMatch
INFO: Unable to find CDP implementation matching 102.
Jun 23, 2022 8:35:05 PM org.openqa.selenium.chromium.ChromiumDriver lambda$new$3
WARNING: Unable to find version of CDP to use for . You may need to include a dependency on a specific version of the CDP using something similar to `org.seleniumhq.selenium:selenium-devtools-v86:4.1.2` where the version ("v86") matches the version of the chromium-based browser you're using and the version number of the artifact is the same as Selenium's.
[1655991350.426][WARNING]: unexpected alert open: {Alert text : data telah diubah}, cancelling screenshot
]]></system-err>
  </testcase>
  <testcase name="As a admin i want to edit data dokter #2" classname="Edit Data Dokter - Admin" time="33.831">
    <system-out><![CDATA[
@EditDokterData
Scenario Outline: As a admin i want to edit data dokter                            &amp#27;[90m# src/test/resources/features/EditDataDokter.feature:15&amp#27;[0m
20:35:56.715 [main] INFO io.cucumber.core.plugin.SerenityReporter - Running feature from file:///D:/Kel-1-capstone/TestingWeb/src/test/resources/features/EditDataDokter.feature
20:35:56.793 [main] DEBUG net.thucydides.core.steps.StepInterceptor - STARTING STEP: DokterDataSteps.openPageDataDokter - openDataDokter
20:35:56.809 [main] INFO net.serenitybdd.core.webdriver.driverproviders.ChromeDriverProvider - Using automatically driver download
20:35:57.262 [main] DEBUG io.github.bonigarcia.wdm.cache.ResolutionCache - Resolution chrome=102 in cache (valid until 21:04:30 23/06/2022 ICT)
20:35:57.339 [main] DEBUG io.github.bonigarcia.wdm.cache.ResolutionCache - Resolution chrome102=102.0.5005.61 in cache (valid until 20:04:30 24/06/2022 ICT)
20:35:57.368 [main] INFO io.github.bonigarcia.wdm.WebDriverManager - Using chromedriver 102.0.5005.61 (resolved driver for Chrome 102)
20:35:57.441 [main] DEBUG io.github.bonigarcia.wdm.WebDriverManager - Driver chromedriver 102.0.5005.61 found in cache
20:35:57.441 [main] INFO io.github.bonigarcia.wdm.WebDriverManager - Exporting webdriver.chrome.driver as C:\Users\ASUS\.cache\selenium\chromedriver\win32\102.0.5005.61\chromedriver.exe
20:35:57.811 [main] DEBUG net.serenitybdd.core.webdriver.driverproviders.ProvideNewDriver - Instantiating driver
20:35:57.811 [main] DEBUG net.serenitybdd.core.webdriver.driverproviders.ProvideNewDriver - Driver capabilities: Capabilities {acceptInsecureCerts: false, base.url: https://fanciful-trifle-360..., browserName: chrome, chorme.driver: src/test/resources/webdrive..., driver: chrome, goog:chromeOptions: {args: [], extensions: []}}
20:35:58.402 [AsyncHttpClient-1-3] DEBUG org.asynchttpclient.netty.channel.NettyConnectListener - Using new Channel '[id: 0xadd87ca6, L:/127.0.0.1:61852 - R:localhost/127.0.0.1:63555]' for 'POST' to '/session'
20:36:01.703 [AsyncHttpClient-1-3] DEBUG org.asynchttpclient.netty.handler.HttpHandler - 

Request DefaultHttpRequest(decodeResult: success, version: HTTP/1.1)
POST /session HTTP/1.1
User-Agent: selenium/4.1.2 (java windows)
Content-Length: 629
Content-Type: application/json; charset=utf-8
host: localhost:63555
accept: */*

Response DefaultHttpResponse(decodeResult: success, version: HTTP/1.1)
HTTP/1.1 200 OK
Content-Type: application/json; charset=utf-8
cache-control: no-cache
content-length: 789

20:36:01.703 [AsyncHttpClient-1-3] DEBUG org.asynchttpclient.netty.channel.ChannelManager - Adding key: http://localhost:63555 for channel [id: 0xadd87ca6, L:/127.0.0.1:61852 - R:localhost/127.0.0.1:63555]
20:36:01.746 [AsyncHttpClient-1-4] DEBUG org.asynchttpclient.netty.channel.NettyConnectListener - Using new Channel '[id: 0xc6a64eee, L:/127.0.0.1:61866 - R:localhost/127.0.0.1:61855]' for 'GET' to '/json/version'
20:36:01.751 [AsyncHttpClient-1-4] DEBUG org.asynchttpclient.netty.handler.HttpHandler - 

Request DefaultFullHttpRequest(decodeResult: success, version: HTTP/1.1, content: EmptyByteBufBE)
GET /json/version HTTP/1.1
User-Agent: selenium/4.1.2 (java windows)
host: localhost:61855
accept: */*

Response DefaultHttpResponse(decodeResult: success, version: HTTP/1.1)
HTTP/1.1 200 OK
Content-Type: application/json; charset=UTF-8
content-length: 428

20:36:01.751 [AsyncHttpClient-1-4] DEBUG org.asynchttpclient.netty.channel.ChannelManager - Adding key: http://localhost:61855 for channel [id: 0xc6a64eee, L:/127.0.0.1:61866 - R:localhost/127.0.0.1:61855]
20:36:01.758 [AsyncHttpClient-1-5] DEBUG org.asynchttpclient.netty.channel.NettyConnectListener - Using new Channel '[id: 0x29cd5759, L:/127.0.0.1:61867 - R:localhost/127.0.0.1:61855]' for 'GET' to '/devtools/browser/93f88395-52c8-440b-b3d0-596e192cb520'
20:36:01.769 [AsyncHttpClient-1-5] DEBUG org.asynchttpclient.netty.handler.WebSocketHandler - 

Request DefaultFullHttpRequest(decodeResult: success, version: HTTP/1.1, content: EmptyByteBufBE)
GET /devtools/browser/93f88395-52c8-440b-b3d0-596e192cb520 HTTP/1.1
upgrade: websocket
connection: upgrade
sec-websocket-key: ZZZQ/2ZikeQiFUPyOvMXuA==
sec-websocket-version: 13
origin: http://localhost:61855
host: localhost:61855
accept: */*
user-agent: AHC/2.1

Response DefaultHttpResponse(decodeResult: success, version: HTTP/1.1)
HTTP/1.1 101 WebSocket Protocol Handshake
Upgrade: WebSocket
Connection: Upgrade
Sec-WebSocket-Accept: cdsUqOPjmmCco7NsYQML+c7w6Ks=

20:36:01.784 [Forwarding get on session acd7498d470727c726765582eefc9b66 to remote] DEBUG org.asynchttpclient.netty.request.NettyRequestSender - Using pooled Channel '[id: 0xadd87ca6, L:/127.0.0.1:61852 - R:localhost/127.0.0.1:63555]' for 'POST' to 'http://localhost:63555/session/acd7498d470727c726765582eefc9b66/url'
20:36:01.784 [Forwarding get on session acd7498d470727c726765582eefc9b66 to remote] DEBUG org.asynchttpclient.netty.request.NettyRequestSender - Using open Channel [id: 0xadd87ca6, L:/127.0.0.1:61852 - R:localhost/127.0.0.1:63555] for POST '/session/acd7498d470727c726765582eefc9b66/url'
20:36:01.793 [AsyncHttpClient-1-1] DEBUG org.asynchttpclient.netty.channel.DefaultChannelPool - Entry count for : http://localhost:61855 : 1
20:36:02.901 [AsyncHttpClient-1-1] DEBUG org.asynchttpclient.netty.channel.DefaultChannelPool - Entry count for : http://localhost:61855 : 1
20:36:04.062 [AsyncHttpClient-1-1] DEBUG org.asynchttpclient.netty.channel.DefaultChannelPool - Entry count for : http://localhost:61855 : 1
20:36:04.813 [AsyncHttpClient-1-3] DEBUG org.asynchttpclient.netty.handler.HttpHandler - 

Request DefaultHttpRequest(decodeResult: success, version: HTTP/1.1)
POST /session/acd7498d470727c726765582eefc9b66/url HTTP/1.1
User-Agent: selenium/4.1.2 (java windows)
Content-Length: 84
Content-Type: application/json; charset=utf-8
host: localhost:63555
accept: */*

Response DefaultHttpResponse(decodeResult: success, version: HTTP/1.1)
HTTP/1.1 200 OK
Content-Type: application/json; charset=utf-8
cache-control: no-cache
content-length: 14

20:36:04.814 [AsyncHttpClient-1-3] DEBUG org.asynchttpclient.netty.channel.ChannelManager - Adding key: http://localhost:63555 for channel [id: 0xadd87ca6, L:/127.0.0.1:61852 - R:localhost/127.0.0.1:63555]
20:36:04.817 [Forwarding setTimeout on session acd7498d470727c726765582eefc9b66 to remote] DEBUG org.asynchttpclient.netty.request.NettyRequestSender - Using pooled Channel '[id: 0xadd87ca6, L:/127.0.0.1:61852 - R:localhost/127.0.0.1:63555]' for 'POST' to 'http://localhost:63555/session/acd7498d470727c726765582eefc9b66/timeouts'
20:36:04.817 [Forwarding setTimeout on session acd7498d470727c726765582eefc9b66 to remote] DEBUG org.asynchttpclient.netty.request.NettyRequestSender - Using open Channel [id: 0xadd87ca6, L:/127.0.0.1:61852 - R:localhost/127.0.0.1:63555] for POST '/session/acd7498d470727c726765582eefc9b66/timeouts'
20:36:04.843 [AsyncHttpClient-1-3] DEBUG org.asynchttpclient.netty.handler.HttpHandler - 

Request DefaultHttpRequest(decodeResult: success, version: HTTP/1.1)
POST /session/acd7498d470727c726765582eefc9b66/timeouts HTTP/1.1
User-Agent: selenium/4.1.2 (java windows)
Content-Length: 22
Content-Type: application/json; charset=utf-8
host: localhost:63555
accept: */*

Response DefaultHttpResponse(decodeResult: success, version: HTTP/1.1)
HTTP/1.1 200 OK
Content-Type: application/json; charset=utf-8
cache-control: no-cache
content-length: 14

20:36:04.843 [AsyncHttpClient-1-3] DEBUG org.asynchttpclient.netty.channel.ChannelManager - Adding key: http://localhost:63555 for channel [id: 0xadd87ca6, L:/127.0.0.1:61852 - R:localhost/127.0.0.1:63555]
20:36:04.850 [Forwarding getCurrentUrl on session acd7498d470727c726765582eefc9b66 to remote] DEBUG org.asynchttpclient.netty.request.NettyRequestSender - Using pooled Channel '[id: 0xadd87ca6, L:/127.0.0.1:61852 - R:localhost/127.0.0.1:63555]' for 'GET' to 'http://localhost:63555/session/acd7498d470727c726765582eefc9b66/url'
20:36:04.850 [Forwarding getCurrentUrl on session acd7498d470727c726765582eefc9b66 to remote] DEBUG org.asynchttpclient.netty.request.NettyRequestSender - Using open Channel [id: 0xadd87ca6, L:/127.0.0.1:61852 - R:localhost/127.0.0.1:63555] for GET '/session/acd7498d470727c726765582eefc9b66/url'
20:36:04.935 [AsyncHttpClient-1-3] DEBUG org.asynchttpclient.netty.handler.HttpHandler - 

Request DefaultFullHttpRequest(decodeResult: success, version: HTTP/1.1, content: EmptyByteBufBE)
GET /session/acd7498d470727c726765582eefc9b66/url HTTP/1.1
User-Agent: selenium/4.1.2 (java windows)
Cache-Control: no-cache
Content-Type: application/json; charset=utf-8
host: localhost:63555
accept: */*

Response DefaultHttpResponse(decodeResult: success, version: HTTP/1.1)
HTTP/1.1 200 OK
Content-Type: application/json; charset=utf-8
cache-control: no-cache
content-length: 66

20:36:04.935 [AsyncHttpClient-1-3] DEBUG org.asynchttpclient.netty.channel.ChannelManager - Adding key: http://localhost:63555 for channel [id: 0xadd87ca6, L:/127.0.0.1:61852 - R:localhost/127.0.0.1:63555]
20:36:04.951 [Forwarding screenshot on session acd7498d470727c726765582eefc9b66 to remote] DEBUG org.asynchttpclient.netty.request.NettyRequestSender - Using pooled Channel '[id: 0xadd87ca6, L:/127.0.0.1:61852 - R:localhost/127.0.0.1:63555]' for 'GET' to 'http://localhost:63555/session/acd7498d470727c726765582eefc9b66/screenshot'
20:36:04.951 [Forwarding screenshot on session acd7498d470727c726765582eefc9b66 to remote] DEBUG org.asynchttpclient.netty.request.NettyRequestSender - Using open Channel [id: 0xadd87ca6, L:/127.0.0.1:61852 - R:localhost/127.0.0.1:63555] for GET '/session/acd7498d470727c726765582eefc9b66/screenshot'
20:36:05.145 [AsyncHttpClient-1-1] DEBUG org.asynchttpclient.netty.channel.DefaultChannelPool - Entry count for : http://localhost:61855 : 1
20:36:05.440 [AsyncHttpClient-1-3] DEBUG org.asynchttpclient.netty.handler.HttpHandler - 

Request DefaultFullHttpRequest(decodeResult: success, version: HTTP/1.1, content: EmptyByteBufBE)
GET /session/acd7498d470727c726765582eefc9b66/screenshot HTTP/1.1
User-Agent: selenium/4.1.2 (java windows)
Cache-Control: no-cache
Content-Type: application/json; charset=utf-8
host: localhost:63555
accept: */*

Response DefaultHttpResponse(decodeResult: success, version: HTTP/1.1)
HTTP/1.1 200 OK
Content-Type: application/json; charset=utf-8
cache-control: no-cache
content-length: 71412

20:36:05.441 [AsyncHttpClient-1-3] DEBUG org.asynchttpclient.netty.channel.ChannelManager - Adding key: http://localhost:63555 for channel [id: 0xadd87ca6, L:/127.0.0.1:61852 - R:localhost/127.0.0.1:63555]
20:36:05.451 [main] DEBUG net.serenitybdd.core.photography.Darkroom - Send negative for processing for target\site\serenity\641553ea0c7ee1350e9d99c43bd8b22ab0037bbbf11d544d65f62061eb96ca5a.png
20:36:05.453 [main] DEBUG net.thucydides.core.steps.StepInterceptor - STEP DONE: openDataDokter
  &amp#27;[32mGiven &amp#27;[0m&amp#27;[32mOpen page data dokter&amp#27;[0m                                                      &amp#27;[90m# starter.stepdefinitios.DokterDataSteps.openPageDataDokter()&amp#27;[0m
20:36:05.515 [Forwarding screenshot on session acd7498d470727c726765582eefc9b66 to remote] DEBUG org.asynchttpclient.netty.request.NettyRequestSender - Using pooled Channel '[id: 0xadd87ca6, L:/127.0.0.1:61852 - R:localhost/127.0.0.1:63555]' for 'GET' to 'http://localhost:63555/session/acd7498d470727c726765582eefc9b66/screenshot'
20:36:05.515 [Forwarding screenshot on session acd7498d470727c726765582eefc9b66 to remote] DEBUG org.asynchttpclient.netty.request.NettyRequestSender - Using open Channel [id: 0xadd87ca6, L:/127.0.0.1:61852 - R:localhost/127.0.0.1:63555] for GET '/session/acd7498d470727c726765582eefc9b66/screenshot'
20:36:05.811 [AsyncHttpClient-1-3] DEBUG org.asynchttpclient.netty.handler.HttpHandler - 

Request DefaultFullHttpRequest(decodeResult: success, version: HTTP/1.1, content: EmptyByteBufBE)
GET /session/acd7498d470727c726765582eefc9b66/screenshot HTTP/1.1
User-Agent: selenium/4.1.2 (java windows)
Cache-Control: no-cache
Content-Type: application/json; charset=utf-8
host: localhost:63555
accept: */*

Response DefaultHttpResponse(decodeResult: success, version: HTTP/1.1)
HTTP/1.1 200 OK
Content-Type: application/json; charset=utf-8
cache-control: no-cache
content-length: 93016

20:36:05.812 [AsyncHttpClient-1-3] DEBUG org.asynchttpclient.netty.channel.ChannelManager - Adding key: http://localhost:63555 for channel [id: 0xadd87ca6, L:/127.0.0.1:61852 - R:localhost/127.0.0.1:63555]
20:36:05.822 [main] DEBUG net.serenitybdd.core.photography.Darkroom - Send negative for processing for target\site\serenity\1ffc687ce7595c2c5d042a4de6661d2e6af83ff03a6df547293bd5b43ba5065e.png
20:36:05.828 [main] DEBUG net.thucydides.core.steps.StepInterceptor - STARTING STEP: DokterDataSteps.clickDetailDokterData - clickButtonDetail
20:36:05.831 [Darkroom Processing Line] DEBUG net.serenitybdd.core.photography.DarkroomProcessingLine - Processing screenshot image in /var/screenshots/screenshot-9737902488430577396
20:36:05.832 [Darkroom Processing Line] DEBUG net.serenitybdd.core.photography.DarkroomProcessingLine - Saving screenshot to target\site\serenity\1ffc687ce7595c2c5d042a4de6661d2e6af83ff03a6df547293bd5b43ba5065e.png
20:36:05.837 [Forwarding findElement on session acd7498d470727c726765582eefc9b66 to remote] DEBUG org.asynchttpclient.netty.request.NettyRequestSender - Using pooled Channel '[id: 0xadd87ca6, L:/127.0.0.1:61852 - R:localhost/127.0.0.1:63555]' for 'POST' to 'http://localhost:63555/session/acd7498d470727c726765582eefc9b66/element'
20:36:05.837 [Forwarding findElement on session acd7498d470727c726765582eefc9b66 to remote] DEBUG org.asynchttpclient.netty.request.NettyRequestSender - Using open Channel [id: 0xadd87ca6, L:/127.0.0.1:61852 - R:localhost/127.0.0.1:63555] for POST '/session/acd7498d470727c726765582eefc9b66/element'
20:36:05.917 [AsyncHttpClient-1-3] DEBUG org.asynchttpclient.netty.handler.HttpHandler - 

Request DefaultHttpRequest(decodeResult: success, version: HTTP/1.1)
POST /session/acd7498d470727c726765582eefc9b66/element HTTP/1.1
User-Agent: selenium/4.1.2 (java windows)
Content-Length: 92
Content-Type: application/json; charset=utf-8
host: localhost:63555
accept: */*

Response DefaultHttpResponse(decodeResult: success, version: HTTP/1.1)
HTTP/1.1 200 OK
Content-Type: application/json; charset=utf-8
cache-control: no-cache
content-length: 88

20:36:05.917 [AsyncHttpClient-1-3] DEBUG org.asynchttpclient.netty.channel.ChannelManager - Adding key: http://localhost:63555 for channel [id: 0xadd87ca6, L:/127.0.0.1:61852 - R:localhost/127.0.0.1:63555]
20:36:05.920 [Forwarding getElementTagName on session acd7498d470727c726765582eefc9b66 to remote] DEBUG org.asynchttpclient.netty.request.NettyRequestSender - Using pooled Channel '[id: 0xadd87ca6, L:/127.0.0.1:61852 - R:localhost/127.0.0.1:63555]' for 'GET' to 'http://localhost:63555/session/acd7498d470727c726765582eefc9b66/element/b6c0788b-3fbc-41fc-905a-d483ba282851/name'
20:36:05.920 [Forwarding getElementTagName on session acd7498d470727c726765582eefc9b66 to remote] DEBUG org.asynchttpclient.netty.request.NettyRequestSender - Using open Channel [id: 0xadd87ca6, L:/127.0.0.1:61852 - R:localhost/127.0.0.1:63555] for GET '/session/acd7498d470727c726765582eefc9b66/element/b6c0788b-3fbc-41fc-905a-d483ba282851/name'
20:36:05.964 [AsyncHttpClient-1-3] DEBUG org.asynchttpclient.netty.handler.HttpHandler - 

Request DefaultFullHttpRequest(decodeResult: success, version: HTTP/1.1, content: EmptyByteBufBE)
GET /session/acd7498d470727c726765582eefc9b66/element/b6c0788b-3fbc-41fc-905a-d483ba282851/name HTTP/1.1
User-Agent: selenium/4.1.2 (java windows)
Cache-Control: no-cache
Content-Type: application/json; charset=utf-8
host: localhost:63555
accept: */*

Response DefaultHttpResponse(decodeResult: success, version: HTTP/1.1)
HTTP/1.1 200 OK
Content-Type: application/json; charset=utf-8
cache-control: no-cache
content-length: 15

20:36:05.964 [AsyncHttpClient-1-3] DEBUG org.asynchttpclient.netty.channel.ChannelManager - Adding key: http://localhost:63555 for channel [id: 0xadd87ca6, L:/127.0.0.1:61852 - R:localhost/127.0.0.1:63555]
20:36:05.966 [Forwarding getElementTagName on session acd7498d470727c726765582eefc9b66 to remote] DEBUG org.asynchttpclient.netty.request.NettyRequestSender - Using pooled Channel '[id: 0xadd87ca6, L:/127.0.0.1:61852 - R:localhost/127.0.0.1:63555]' for 'GET' to 'http://localhost:63555/session/acd7498d470727c726765582eefc9b66/element/b6c0788b-3fbc-41fc-905a-d483ba282851/name'
20:36:05.966 [Forwarding getElementTagName on session acd7498d470727c726765582eefc9b66 to remote] DEBUG org.asynchttpclient.netty.request.NettyRequestSender - Using open Channel [id: 0xadd87ca6, L:/127.0.0.1:61852 - R:localhost/127.0.0.1:63555] for GET '/session/acd7498d470727c726765582eefc9b66/element/b6c0788b-3fbc-41fc-905a-d483ba282851/name'
20:36:06.037 [AsyncHttpClient-1-3] DEBUG org.asynchttpclient.netty.handler.HttpHandler - 

Request DefaultFullHttpRequest(decodeResult: success, version: HTTP/1.1, content: EmptyByteBufBE)
GET /session/acd7498d470727c726765582eefc9b66/element/b6c0788b-3fbc-41fc-905a-d483ba282851/name HTTP/1.1
User-Agent: selenium/4.1.2 (java windows)
Cache-Control: no-cache
Content-Type: application/json; charset=utf-8
host: localhost:63555
accept: */*

Response DefaultHttpResponse(decodeResult: success, version: HTTP/1.1)
HTTP/1.1 200 OK
Content-Type: application/json; charset=utf-8
cache-control: no-cache
content-length: 15

20:36:06.037 [AsyncHttpClient-1-3] DEBUG org.asynchttpclient.netty.channel.ChannelManager - Adding key: http://localhost:63555 for channel [id: 0xadd87ca6, L:/127.0.0.1:61852 - R:localhost/127.0.0.1:63555]
20:36:06.043 [Forwarding findElement on session acd7498d470727c726765582eefc9b66 to remote] DEBUG org.asynchttpclient.netty.request.NettyRequestSender - Using pooled Channel '[id: 0xadd87ca6, L:/127.0.0.1:61852 - R:localhost/127.0.0.1:63555]' for 'POST' to 'http://localhost:63555/session/acd7498d470727c726765582eefc9b66/element'
20:36:06.043 [Forwarding findElement on session acd7498d470727c726765582eefc9b66 to remote] DEBUG org.asynchttpclient.netty.request.NettyRequestSender - Using open Channel [id: 0xadd87ca6, L:/127.0.0.1:61852 - R:localhost/127.0.0.1:63555] for POST '/session/acd7498d470727c726765582eefc9b66/element'
20:36:06.087 [AsyncHttpClient-1-3] DEBUG org.asynchttpclient.netty.handler.HttpHandler - 

Request DefaultHttpRequest(decodeResult: success, version: HTTP/1.1)
POST /session/acd7498d470727c726765582eefc9b66/element HTTP/1.1
User-Agent: selenium/4.1.2 (java windows)
Content-Length: 92
Content-Type: application/json; charset=utf-8
host: localhost:63555
accept: */*

Response DefaultHttpResponse(decodeResult: success, version: HTTP/1.1)
HTTP/1.1 200 OK
Content-Type: application/json; charset=utf-8
cache-control: no-cache
content-length: 88

20:36:06.088 [AsyncHttpClient-1-3] DEBUG org.asynchttpclient.netty.channel.ChannelManager - Adding key: http://localhost:63555 for channel [id: 0xadd87ca6, L:/127.0.0.1:61852 - R:localhost/127.0.0.1:63555]
20:36:06.091 [Forwarding clickElement on session acd7498d470727c726765582eefc9b66 to remote] DEBUG org.asynchttpclient.netty.request.NettyRequestSender - Using pooled Channel '[id: 0xadd87ca6, L:/127.0.0.1:61852 - R:localhost/127.0.0.1:63555]' for 'POST' to 'http://localhost:63555/session/acd7498d470727c726765582eefc9b66/element/b6c0788b-3fbc-41fc-905a-d483ba282851/click'
20:36:06.091 [Forwarding clickElement on session acd7498d470727c726765582eefc9b66 to remote] DEBUG org.asynchttpclient.netty.request.NettyRequestSender - Using open Channel [id: 0xadd87ca6, L:/127.0.0.1:61852 - R:localhost/127.0.0.1:63555] for POST '/session/acd7498d470727c726765582eefc9b66/element/b6c0788b-3fbc-41fc-905a-d483ba282851/click'
20:36:06.193 [AsyncHttpClient-1-1] DEBUG org.asynchttpclient.netty.channel.DefaultChannelPool - Entry count for : http://localhost:61855 : 1
20:36:06.549 [AsyncHttpClient-1-3] DEBUG org.asynchttpclient.netty.handler.HttpHandler - 

Request DefaultHttpRequest(decodeResult: success, version: HTTP/1.1)
POST /session/acd7498d470727c726765582eefc9b66/element/b6c0788b-3fbc-41fc-905a-d483ba282851/click HTTP/1.1
User-Agent: selenium/4.1.2 (java windows)
Content-Length: 50
Content-Type: application/json; charset=utf-8
host: localhost:63555
accept: */*

Response DefaultHttpResponse(decodeResult: success, version: HTTP/1.1)
HTTP/1.1 200 OK
Content-Type: application/json; charset=utf-8
cache-control: no-cache
content-length: 14

20:36:06.549 [AsyncHttpClient-1-3] DEBUG org.asynchttpclient.netty.channel.ChannelManager - Adding key: http://localhost:63555 for channel [id: 0xadd87ca6, L:/127.0.0.1:61852 - R:localhost/127.0.0.1:63555]
20:36:06.576 [Forwarding screenshot on session acd7498d470727c726765582eefc9b66 to remote] DEBUG org.asynchttpclient.netty.request.NettyRequestSender - Using pooled Channel '[id: 0xadd87ca6, L:/127.0.0.1:61852 - R:localhost/127.0.0.1:63555]' for 'GET' to 'http://localhost:63555/session/acd7498d470727c726765582eefc9b66/screenshot'
20:36:06.577 [Forwarding screenshot on session acd7498d470727c726765582eefc9b66 to remote] DEBUG org.asynchttpclient.netty.request.NettyRequestSender - Using open Channel [id: 0xadd87ca6, L:/127.0.0.1:61852 - R:localhost/127.0.0.1:63555] for GET '/session/acd7498d470727c726765582eefc9b66/screenshot'
20:36:07.161 [AsyncHttpClient-1-3] DEBUG org.asynchttpclient.netty.handler.HttpHandler - 

Request DefaultFullHttpRequest(decodeResult: success, version: HTTP/1.1, content: EmptyByteBufBE)
GET /session/acd7498d470727c726765582eefc9b66/screenshot HTTP/1.1
User-Agent: selenium/4.1.2 (java windows)
Cache-Control: no-cache
Content-Type: application/json; charset=utf-8
host: localhost:63555
accept: */*

Response DefaultHttpResponse(decodeResult: success, version: HTTP/1.1)
HTTP/1.1 200 OK
Content-Type: application/json; charset=utf-8
cache-control: no-cache
content-length: 39600

20:36:07.161 [AsyncHttpClient-1-3] DEBUG org.asynchttpclient.netty.channel.ChannelManager - Adding key: http://localhost:63555 for channel [id: 0xadd87ca6, L:/127.0.0.1:61852 - R:localhost/127.0.0.1:63555]
20:36:07.165 [main] DEBUG net.serenitybdd.core.photography.Darkroom - Send negative for processing for target\site\serenity\b54c10433f91db8893cee4352dd24476349ce8479e4683fd2f5863f4098f1700.png
20:36:07.166 [main] DEBUG net.thucydides.core.steps.StepInterceptor - STEP DONE: clickButtonDetail
  &amp#27;[32mAnd &amp#27;[0m&amp#27;[32mClick Detail dokter data&amp#27;[0m                                                     &amp#27;[90m# starter.stepdefinitios.DokterDataSteps.clickDetailDokterData()&amp#27;[0m
20:36:07.167 [Darkroom Processing Line] DEBUG net.serenitybdd.core.photography.DarkroomProcessingLine - Processing screenshot image in /var/screenshots/screenshot-1643058470773111415
20:36:07.167 [Darkroom Processing Line] DEBUG net.serenitybdd.core.photography.DarkroomProcessingLine - Saving screenshot to target\site\serenity\b54c10433f91db8893cee4352dd24476349ce8479e4683fd2f5863f4098f1700.png
20:36:07.292 [AsyncHttpClient-1-1] DEBUG org.asynchttpclient.netty.channel.DefaultChannelPool - Entry count for : http://localhost:63555 : 1
20:36:07.293 [AsyncHttpClient-1-1] DEBUG org.asynchttpclient.netty.channel.DefaultChannelPool - Entry count for : http://localhost:61855 : 1
20:36:07.728 [Forwarding screenshot on session acd7498d470727c726765582eefc9b66 to remote] DEBUG org.asynchttpclient.netty.request.NettyRequestSender - Using pooled Channel '[id: 0xadd87ca6, L:/127.0.0.1:61852 - R:localhost/127.0.0.1:63555]' for 'GET' to 'http://localhost:63555/session/acd7498d470727c726765582eefc9b66/screenshot'
20:36:07.728 [Forwarding screenshot on session acd7498d470727c726765582eefc9b66 to remote] DEBUG org.asynchttpclient.netty.request.NettyRequestSender - Using open Channel [id: 0xadd87ca6, L:/127.0.0.1:61852 - R:localhost/127.0.0.1:63555] for GET '/session/acd7498d470727c726765582eefc9b66/screenshot'
20:36:08.067 [AsyncHttpClient-1-3] DEBUG org.asynchttpclient.netty.handler.HttpHandler - 

Request DefaultFullHttpRequest(decodeResult: success, version: HTTP/1.1, content: EmptyByteBufBE)
GET /session/acd7498d470727c726765582eefc9b66/screenshot HTTP/1.1
User-Agent: selenium/4.1.2 (java windows)
Cache-Control: no-cache
Content-Type: application/json; charset=utf-8
host: localhost:63555
accept: */*

Response DefaultHttpResponse(decodeResult: success, version: HTTP/1.1)
HTTP/1.1 200 OK
Content-Type: application/json; charset=utf-8
cache-control: no-cache
content-length: 353296

20:36:08.067 [AsyncHttpClient-1-3] DEBUG org.asynchttpclient.netty.channel.ChannelManager - Adding key: http://localhost:63555 for channel [id: 0xadd87ca6, L:/127.0.0.1:61852 - R:localhost/127.0.0.1:63555]
20:36:08.083 [main] DEBUG net.serenitybdd.core.photography.Darkroom - Send negative for processing for target\site\serenity\1e98b75541796aab9f777c8836582f0ffe773086abf9f7a23e169c26389136a7.png
20:36:08.083 [main] DEBUG net.thucydides.core.steps.StepInterceptor - STARTING STEP: DokterDataSteps.validDataDetailDokter - checkValidDataPasien
20:36:08.083 [Darkroom Processing Line] DEBUG net.serenitybdd.core.photography.DarkroomProcessingLine - Processing screenshot image in /var/screenshots/screenshot-11050881291669612932
20:36:08.083 [Darkroom Processing Line] DEBUG net.serenitybdd.core.photography.DarkroomProcessingLine - Saving screenshot to target\site\serenity\1e98b75541796aab9f777c8836582f0ffe773086abf9f7a23e169c26389136a7.png
20:36:08.099 [Forwarding findElement on session acd7498d470727c726765582eefc9b66 to remote] DEBUG org.asynchttpclient.netty.request.NettyRequestSender - Using pooled Channel '[id: 0xadd87ca6, L:/127.0.0.1:61852 - R:localhost/127.0.0.1:63555]' for 'POST' to 'http://localhost:63555/session/acd7498d470727c726765582eefc9b66/element'
20:36:08.099 [Forwarding findElement on session acd7498d470727c726765582eefc9b66 to remote] DEBUG org.asynchttpclient.netty.request.NettyRequestSender - Using open Channel [id: 0xadd87ca6, L:/127.0.0.1:61852 - R:localhost/127.0.0.1:63555] for POST '/session/acd7498d470727c726765582eefc9b66/element'
20:36:08.130 [AsyncHttpClient-1-3] DEBUG org.asynchttpclient.netty.handler.HttpHandler - 

Request DefaultHttpRequest(decodeResult: success, version: HTTP/1.1)
POST /session/acd7498d470727c726765582eefc9b66/element HTTP/1.1
User-Agent: selenium/4.1.2 (java windows)
Content-Length: 95
Content-Type: application/json; charset=utf-8
host: localhost:63555
accept: */*

Response DefaultHttpResponse(decodeResult: success, version: HTTP/1.1)
HTTP/1.1 200 OK
Content-Type: application/json; charset=utf-8
cache-control: no-cache
content-length: 88

20:36:08.130 [AsyncHttpClient-1-3] DEBUG org.asynchttpclient.netty.channel.ChannelManager - Adding key: http://localhost:63555 for channel [id: 0xadd87ca6, L:/127.0.0.1:61852 - R:localhost/127.0.0.1:63555]
20:36:08.130 [Forwarding isElementEnabled on session acd7498d470727c726765582eefc9b66 to remote] DEBUG org.asynchttpclient.netty.request.NettyRequestSender - Using pooled Channel '[id: 0xadd87ca6, L:/127.0.0.1:61852 - R:localhost/127.0.0.1:63555]' for 'GET' to 'http://localhost:63555/session/acd7498d470727c726765582eefc9b66/element/4ba70dc7-7669-4f09-80cd-ba664386eab8/enabled'
20:36:08.130 [Forwarding isElementEnabled on session acd7498d470727c726765582eefc9b66 to remote] DEBUG org.asynchttpclient.netty.request.NettyRequestSender - Using open Channel [id: 0xadd87ca6, L:/127.0.0.1:61852 - R:localhost/127.0.0.1:63555] for GET '/session/acd7498d470727c726765582eefc9b66/element/4ba70dc7-7669-4f09-80cd-ba664386eab8/enabled'
20:36:08.153 [AsyncHttpClient-1-3] DEBUG org.asynchttpclient.netty.handler.HttpHandler - 

Request DefaultFullHttpRequest(decodeResult: success, version: HTTP/1.1, content: EmptyByteBufBE)
GET /session/acd7498d470727c726765582eefc9b66/element/4ba70dc7-7669-4f09-80cd-ba664386eab8/enabled HTTP/1.1
User-Agent: selenium/4.1.2 (java windows)
Cache-Control: no-cache
Content-Type: application/json; charset=utf-8
host: localhost:63555
accept: */*

Response DefaultHttpResponse(decodeResult: success, version: HTTP/1.1)
HTTP/1.1 200 OK
Content-Type: application/json; charset=utf-8
cache-control: no-cache
content-length: 14

20:36:08.153 [AsyncHttpClient-1-3] DEBUG org.asynchttpclient.netty.channel.ChannelManager - Adding key: http://localhost:63555 for channel [id: 0xadd87ca6, L:/127.0.0.1:61852 - R:localhost/127.0.0.1:63555]
20:36:08.165 [Forwarding screenshot on session acd7498d470727c726765582eefc9b66 to remote] DEBUG org.asynchttpclient.netty.request.NettyRequestSender - Using pooled Channel '[id: 0xadd87ca6, L:/127.0.0.1:61852 - R:localhost/127.0.0.1:63555]' for 'GET' to 'http://localhost:63555/session/acd7498d470727c726765582eefc9b66/screenshot'
20:36:08.166 [Forwarding screenshot on session acd7498d470727c726765582eefc9b66 to remote] DEBUG org.asynchttpclient.netty.request.NettyRequestSender - Using open Channel [id: 0xadd87ca6, L:/127.0.0.1:61852 - R:localhost/127.0.0.1:63555] for GET '/session/acd7498d470727c726765582eefc9b66/screenshot'
20:36:08.390 [AsyncHttpClient-1-1] DEBUG org.asynchttpclient.netty.channel.DefaultChannelPool - Entry count for : http://localhost:61855 : 1
20:36:08.610 [AsyncHttpClient-1-3] DEBUG org.asynchttpclient.netty.handler.HttpHandler - 

Request DefaultFullHttpRequest(decodeResult: success, version: HTTP/1.1, content: EmptyByteBufBE)
GET /session/acd7498d470727c726765582eefc9b66/screenshot HTTP/1.1
User-Agent: selenium/4.1.2 (java windows)
Cache-Control: no-cache
Content-Type: application/json; charset=utf-8
host: localhost:63555
accept: */*

Response DefaultHttpResponse(decodeResult: success, version: HTTP/1.1)
HTTP/1.1 200 OK
Content-Type: application/json; charset=utf-8
cache-control: no-cache
content-length: 353296

20:36:08.612 [AsyncHttpClient-1-3] DEBUG org.asynchttpclient.netty.channel.ChannelManager - Adding key: http://localhost:63555 for channel [id: 0xadd87ca6, L:/127.0.0.1:61852 - R:localhost/127.0.0.1:63555]
20:36:08.640 [main] DEBUG net.serenitybdd.core.photography.Darkroom - Send negative for processing for target\site\serenity\1e98b75541796aab9f777c8836582f0ffe773086abf9f7a23e169c26389136a7.png
20:36:08.640 [main] DEBUG net.thucydides.core.steps.StepInterceptor - STEP DONE: checkValidDataPasien
  &amp#27;[32mWhen &amp#27;[0m&amp#27;[32mValid data detail dokter&amp#27;[0m                                                    &amp#27;[90m# starter.stepdefinitios.DokterDataSteps.validDataDetailDokter()&amp#27;[0m
20:36:08.748 [Forwarding screenshot on session acd7498d470727c726765582eefc9b66 to remote] DEBUG org.asynchttpclient.netty.request.NettyRequestSender - Using pooled Channel '[id: 0xadd87ca6, L:/127.0.0.1:61852 - R:localhost/127.0.0.1:63555]' for 'GET' to 'http://localhost:63555/session/acd7498d470727c726765582eefc9b66/screenshot'
20:36:08.748 [Forwarding screenshot on session acd7498d470727c726765582eefc9b66 to remote] DEBUG org.asynchttpclient.netty.request.NettyRequestSender - Using open Channel [id: 0xadd87ca6, L:/127.0.0.1:61852 - R:localhost/127.0.0.1:63555] for GET '/session/acd7498d470727c726765582eefc9b66/screenshot'
20:36:09.358 [AsyncHttpClient-1-3] DEBUG org.asynchttpclient.netty.handler.HttpHandler - 

Request DefaultFullHttpRequest(decodeResult: success, version: HTTP/1.1, content: EmptyByteBufBE)
GET /session/acd7498d470727c726765582eefc9b66/screenshot HTTP/1.1
User-Agent: selenium/4.1.2 (java windows)
Cache-Control: no-cache
Content-Type: application/json; charset=utf-8
host: localhost:63555
accept: */*

Response DefaultHttpResponse(decodeResult: success, version: HTTP/1.1)
HTTP/1.1 200 OK
Content-Type: application/json; charset=utf-8
cache-control: no-cache
content-length: 353296

20:36:09.360 [AsyncHttpClient-1-3] DEBUG org.asynchttpclient.netty.channel.ChannelManager - Adding key: http://localhost:63555 for channel [id: 0xadd87ca6, L:/127.0.0.1:61852 - R:localhost/127.0.0.1:63555]
20:36:09.394 [main] DEBUG net.serenitybdd.core.photography.Darkroom - Send negative for processing for target\site\serenity\1e98b75541796aab9f777c8836582f0ffe773086abf9f7a23e169c26389136a7.png
20:36:09.395 [main] DEBUG net.thucydides.core.steps.StepInterceptor - STARTING STEP: PatientDataSteps.clickButtonEditProfil - clickButtonEditDataPasien
20:36:09.403 [Forwarding findElement on session acd7498d470727c726765582eefc9b66 to remote] DEBUG org.asynchttpclient.netty.request.NettyRequestSender - Using pooled Channel '[id: 0xadd87ca6, L:/127.0.0.1:61852 - R:localhost/127.0.0.1:63555]' for 'POST' to 'http://localhost:63555/session/acd7498d470727c726765582eefc9b66/element'
20:36:09.403 [Forwarding findElement on session acd7498d470727c726765582eefc9b66 to remote] DEBUG org.asynchttpclient.netty.request.NettyRequestSender - Using open Channel [id: 0xadd87ca6, L:/127.0.0.1:61852 - R:localhost/127.0.0.1:63555] for POST '/session/acd7498d470727c726765582eefc9b66/element'
20:36:09.454 [AsyncHttpClient-1-3] DEBUG org.asynchttpclient.netty.handler.HttpHandler - 

Request DefaultHttpRequest(decodeResult: success, version: HTTP/1.1)
POST /session/acd7498d470727c726765582eefc9b66/element HTTP/1.1
User-Agent: selenium/4.1.2 (java windows)
Content-Length: 116
Content-Type: application/json; charset=utf-8
host: localhost:63555
accept: */*

Response DefaultHttpResponse(decodeResult: success, version: HTTP/1.1)
HTTP/1.1 200 OK
Content-Type: application/json; charset=utf-8
cache-control: no-cache
content-length: 88

20:36:09.454 [AsyncHttpClient-1-3] DEBUG org.asynchttpclient.netty.channel.ChannelManager - Adding key: http://localhost:63555 for channel [id: 0xadd87ca6, L:/127.0.0.1:61852 - R:localhost/127.0.0.1:63555]
20:36:09.457 [Forwarding getElementTagName on session acd7498d470727c726765582eefc9b66 to remote] DEBUG org.asynchttpclient.netty.request.NettyRequestSender - Using pooled Channel '[id: 0xadd87ca6, L:/127.0.0.1:61852 - R:localhost/127.0.0.1:63555]' for 'GET' to 'http://localhost:63555/session/acd7498d470727c726765582eefc9b66/element/4c4b0fe0-f518-4177-b09e-9495f561293b/name'
20:36:09.457 [Forwarding getElementTagName on session acd7498d470727c726765582eefc9b66 to remote] DEBUG org.asynchttpclient.netty.request.NettyRequestSender - Using open Channel [id: 0xadd87ca6, L:/127.0.0.1:61852 - R:localhost/127.0.0.1:63555] for GET '/session/acd7498d470727c726765582eefc9b66/element/4c4b0fe0-f518-4177-b09e-9495f561293b/name'
20:36:09.487 [AsyncHttpClient-1-3] DEBUG org.asynchttpclient.netty.handler.HttpHandler - 

Request DefaultFullHttpRequest(decodeResult: success, version: HTTP/1.1, content: EmptyByteBufBE)
GET /session/acd7498d470727c726765582eefc9b66/element/4c4b0fe0-f518-4177-b09e-9495f561293b/name HTTP/1.1
User-Agent: selenium/4.1.2 (java windows)
Cache-Control: no-cache
Content-Type: application/json; charset=utf-8
host: localhost:63555
accept: */*

Response DefaultHttpResponse(decodeResult: success, version: HTTP/1.1)
HTTP/1.1 200 OK
Content-Type: application/json; charset=utf-8
cache-control: no-cache
content-length: 18

20:36:09.487 [AsyncHttpClient-1-3] DEBUG org.asynchttpclient.netty.channel.ChannelManager - Adding key: http://localhost:63555 for channel [id: 0xadd87ca6, L:/127.0.0.1:61852 - R:localhost/127.0.0.1:63555]
20:36:09.492 [Forwarding getElementTagName on session acd7498d470727c726765582eefc9b66 to remote] DEBUG org.asynchttpclient.netty.request.NettyRequestSender - Using pooled Channel '[id: 0xadd87ca6, L:/127.0.0.1:61852 - R:localhost/127.0.0.1:63555]' for 'GET' to 'http://localhost:63555/session/acd7498d470727c726765582eefc9b66/element/4c4b0fe0-f518-4177-b09e-9495f561293b/name'
20:36:09.492 [Forwarding getElementTagName on session acd7498d470727c726765582eefc9b66 to remote] DEBUG org.asynchttpclient.netty.request.NettyRequestSender - Using open Channel [id: 0xadd87ca6, L:/127.0.0.1:61852 - R:localhost/127.0.0.1:63555] for GET '/session/acd7498d470727c726765582eefc9b66/element/4c4b0fe0-f518-4177-b09e-9495f561293b/name'
20:36:09.498 [AsyncHttpClient-1-1] DEBUG org.asynchttpclient.netty.channel.DefaultChannelPool - Entry count for : http://localhost:61855 : 1
20:36:09.502 [AsyncHttpClient-1-3] DEBUG org.asynchttpclient.netty.handler.HttpHandler - 

Request DefaultFullHttpRequest(decodeResult: success, version: HTTP/1.1, content: EmptyByteBufBE)
GET /session/acd7498d470727c726765582eefc9b66/element/4c4b0fe0-f518-4177-b09e-9495f561293b/name HTTP/1.1
User-Agent: selenium/4.1.2 (java windows)
Cache-Control: no-cache
Content-Type: application/json; charset=utf-8
host: localhost:63555
accept: */*

Response DefaultHttpResponse(decodeResult: success, version: HTTP/1.1)
HTTP/1.1 200 OK
Content-Type: application/json; charset=utf-8
cache-control: no-cache
content-length: 18

20:36:09.502 [AsyncHttpClient-1-3] DEBUG org.asynchttpclient.netty.channel.ChannelManager - Adding key: http://localhost:63555 for channel [id: 0xadd87ca6, L:/127.0.0.1:61852 - R:localhost/127.0.0.1:63555]
20:36:09.506 [Forwarding isElementEnabled on session acd7498d470727c726765582eefc9b66 to remote] DEBUG org.asynchttpclient.netty.request.NettyRequestSender - Using pooled Channel '[id: 0xadd87ca6, L:/127.0.0.1:61852 - R:localhost/127.0.0.1:63555]' for 'GET' to 'http://localhost:63555/session/acd7498d470727c726765582eefc9b66/element/4c4b0fe0-f518-4177-b09e-9495f561293b/enabled'
20:36:09.507 [Forwarding isElementEnabled on session acd7498d470727c726765582eefc9b66 to remote] DEBUG org.asynchttpclient.netty.request.NettyRequestSender - Using open Channel [id: 0xadd87ca6, L:/127.0.0.1:61852 - R:localhost/127.0.0.1:63555] for GET '/session/acd7498d470727c726765582eefc9b66/element/4c4b0fe0-f518-4177-b09e-9495f561293b/enabled'
20:36:09.565 [AsyncHttpClient-1-3] DEBUG org.asynchttpclient.netty.handler.HttpHandler - 

Request DefaultFullHttpRequest(decodeResult: success, version: HTTP/1.1, content: EmptyByteBufBE)
GET /session/acd7498d470727c726765582eefc9b66/element/4c4b0fe0-f518-4177-b09e-9495f561293b/enabled HTTP/1.1
User-Agent: selenium/4.1.2 (java windows)
Cache-Control: no-cache
Content-Type: application/json; charset=utf-8
host: localhost:63555
accept: */*

Response DefaultHttpResponse(decodeResult: success, version: HTTP/1.1)
HTTP/1.1 200 OK
Content-Type: application/json; charset=utf-8
cache-control: no-cache
content-length: 14

20:36:09.565 [AsyncHttpClient-1-3] DEBUG org.asynchttpclient.netty.channel.ChannelManager - Adding key: http://localhost:63555 for channel [id: 0xadd87ca6, L:/127.0.0.1:61852 - R:localhost/127.0.0.1:63555]
20:36:09.567 [Forwarding isElementEnabled on session acd7498d470727c726765582eefc9b66 to remote] DEBUG org.asynchttpclient.netty.request.NettyRequestSender - Using pooled Channel '[id: 0xadd87ca6, L:/127.0.0.1:61852 - R:localhost/127.0.0.1:63555]' for 'GET' to 'http://localhost:63555/session/acd7498d470727c726765582eefc9b66/element/4c4b0fe0-f518-4177-b09e-9495f561293b/enabled'
20:36:09.567 [Forwarding isElementEnabled on session acd7498d470727c726765582eefc9b66 to remote] DEBUG org.asynchttpclient.netty.request.NettyRequestSender - Using open Channel [id: 0xadd87ca6, L:/127.0.0.1:61852 - R:localhost/127.0.0.1:63555] for GET '/session/acd7498d470727c726765582eefc9b66/element/4c4b0fe0-f518-4177-b09e-9495f561293b/enabled'
20:36:09.581 [AsyncHttpClient-1-3] DEBUG org.asynchttpclient.netty.handler.HttpHandler - 

Request DefaultFullHttpRequest(decodeResult: success, version: HTTP/1.1, content: EmptyByteBufBE)
GET /session/acd7498d470727c726765582eefc9b66/element/4c4b0fe0-f518-4177-b09e-9495f561293b/enabled HTTP/1.1
User-Agent: selenium/4.1.2 (java windows)
Cache-Control: no-cache
Content-Type: application/json; charset=utf-8
host: localhost:63555
accept: */*

Response DefaultHttpResponse(decodeResult: success, version: HTTP/1.1)
HTTP/1.1 200 OK
Content-Type: application/json; charset=utf-8
cache-control: no-cache
content-length: 14

20:36:09.582 [AsyncHttpClient-1-3] DEBUG org.asynchttpclient.netty.channel.ChannelManager - Adding key: http://localhost:63555 for channel [id: 0xadd87ca6, L:/127.0.0.1:61852 - R:localhost/127.0.0.1:63555]
20:36:09.585 [Forwarding findElement on session acd7498d470727c726765582eefc9b66 to remote] DEBUG org.asynchttpclient.netty.request.NettyRequestSender - Using pooled Channel '[id: 0xadd87ca6, L:/127.0.0.1:61852 - R:localhost/127.0.0.1:63555]' for 'POST' to 'http://localhost:63555/session/acd7498d470727c726765582eefc9b66/element'
20:36:09.585 [Forwarding findElement on session acd7498d470727c726765582eefc9b66 to remote] DEBUG org.asynchttpclient.netty.request.NettyRequestSender - Using open Channel [id: 0xadd87ca6, L:/127.0.0.1:61852 - R:localhost/127.0.0.1:63555] for POST '/session/acd7498d470727c726765582eefc9b66/element'
20:36:09.605 [AsyncHttpClient-1-3] DEBUG org.asynchttpclient.netty.handler.HttpHandler - 

Request DefaultHttpRequest(decodeResult: success, version: HTTP/1.1)
POST /session/acd7498d470727c726765582eefc9b66/element HTTP/1.1
User-Agent: selenium/4.1.2 (java windows)
Content-Length: 116
Content-Type: application/json; charset=utf-8
host: localhost:63555
accept: */*

Response DefaultHttpResponse(decodeResult: success, version: HTTP/1.1)
HTTP/1.1 200 OK
Content-Type: application/json; charset=utf-8
cache-control: no-cache
content-length: 88

20:36:09.605 [AsyncHttpClient-1-3] DEBUG org.asynchttpclient.netty.channel.ChannelManager - Adding key: http://localhost:63555 for channel [id: 0xadd87ca6, L:/127.0.0.1:61852 - R:localhost/127.0.0.1:63555]
20:36:09.610 [Forwarding clickElement on session acd7498d470727c726765582eefc9b66 to remote] DEBUG org.asynchttpclient.netty.request.NettyRequestSender - Using pooled Channel '[id: 0xadd87ca6, L:/127.0.0.1:61852 - R:localhost/127.0.0.1:63555]' for 'POST' to 'http://localhost:63555/session/acd7498d470727c726765582eefc9b66/element/4c4b0fe0-f518-4177-b09e-9495f561293b/click'
20:36:09.610 [Forwarding clickElement on session acd7498d470727c726765582eefc9b66 to remote] DEBUG org.asynchttpclient.netty.request.NettyRequestSender - Using open Channel [id: 0xadd87ca6, L:/127.0.0.1:61852 - R:localhost/127.0.0.1:63555] for POST '/session/acd7498d470727c726765582eefc9b66/element/4c4b0fe0-f518-4177-b09e-9495f561293b/click'
20:36:09.947 [AsyncHttpClient-1-3] DEBUG org.asynchttpclient.netty.handler.HttpHandler - 

Request DefaultHttpRequest(decodeResult: success, version: HTTP/1.1)
POST /session/acd7498d470727c726765582eefc9b66/element/4c4b0fe0-f518-4177-b09e-9495f561293b/click HTTP/1.1
User-Agent: selenium/4.1.2 (java windows)
Content-Length: 50
Content-Type: application/json; charset=utf-8
host: localhost:63555
accept: */*

Response DefaultHttpResponse(decodeResult: success, version: HTTP/1.1)
HTTP/1.1 200 OK
Content-Type: application/json; charset=utf-8
cache-control: no-cache
content-length: 14

20:36:09.948 [AsyncHttpClient-1-3] DEBUG org.asynchttpclient.netty.channel.ChannelManager - Adding key: http://localhost:63555 for channel [id: 0xadd87ca6, L:/127.0.0.1:61852 - R:localhost/127.0.0.1:63555]
20:36:09.968 [Forwarding screenshot on session acd7498d470727c726765582eefc9b66 to remote] DEBUG org.asynchttpclient.netty.request.NettyRequestSender - Using pooled Channel '[id: 0xadd87ca6, L:/127.0.0.1:61852 - R:localhost/127.0.0.1:63555]' for 'GET' to 'http://localhost:63555/session/acd7498d470727c726765582eefc9b66/screenshot'
20:36:09.968 [Forwarding screenshot on session acd7498d470727c726765582eefc9b66 to remote] DEBUG org.asynchttpclient.netty.request.NettyRequestSender - Using open Channel [id: 0xadd87ca6, L:/127.0.0.1:61852 - R:localhost/127.0.0.1:63555] for GET '/session/acd7498d470727c726765582eefc9b66/screenshot'
20:36:10.399 [AsyncHttpClient-1-3] DEBUG org.asynchttpclient.netty.handler.HttpHandler - 

Request DefaultFullHttpRequest(decodeResult: success, version: HTTP/1.1, content: EmptyByteBufBE)
GET /session/acd7498d470727c726765582eefc9b66/screenshot HTTP/1.1
User-Agent: selenium/4.1.2 (java windows)
Cache-Control: no-cache
Content-Type: application/json; charset=utf-8
host: localhost:63555
accept: */*

Response DefaultHttpResponse(decodeResult: success, version: HTTP/1.1)
HTTP/1.1 200 OK
Content-Type: application/json; charset=utf-8
cache-control: no-cache
content-length: 354972

20:36:10.404 [AsyncHttpClient-1-3] DEBUG org.asynchttpclient.netty.channel.ChannelManager - Adding key: http://localhost:63555 for channel [id: 0xadd87ca6, L:/127.0.0.1:61852 - R:localhost/127.0.0.1:63555]
20:36:10.435 [main] DEBUG net.serenitybdd.core.photography.Darkroom - Send negative for processing for target\site\serenity\f80dac1e938c15ad3c20cc00fc1d4f4f43e972d28d2fa153bfd4cca65ab22c7d.png
20:36:10.436 [main] DEBUG net.thucydides.core.steps.StepInterceptor - STEP DONE: clickButtonEditDataPasien
  &amp#27;[32mAnd &amp#27;[0m&amp#27;[32mClick button edit profil&amp#27;[0m                                                     &amp#27;[90m# starter.stepdefinitios.PatientDataSteps.clickButtonEditProfil()&amp#27;[0m
20:36:10.440 [Darkroom Processing Line] DEBUG net.serenitybdd.core.photography.DarkroomProcessingLine - Processing screenshot image in /var/screenshots/screenshot-14664604642999425952
20:36:10.440 [Darkroom Processing Line] DEBUG net.serenitybdd.core.photography.DarkroomProcessingLine - Saving screenshot to target\site\serenity\f80dac1e938c15ad3c20cc00fc1d4f4f43e972d28d2fa153bfd4cca65ab22c7d.png
20:36:10.597 [AsyncHttpClient-1-1] DEBUG org.asynchttpclient.netty.channel.DefaultChannelPool - Entry count for : http://localhost:63555 : 1
20:36:10.597 [AsyncHttpClient-1-1] DEBUG org.asynchttpclient.netty.channel.DefaultChannelPool - Entry count for : http://localhost:61855 : 1
20:36:11.014 [Forwarding screenshot on session acd7498d470727c726765582eefc9b66 to remote] DEBUG org.asynchttpclient.netty.request.NettyRequestSender - Using pooled Channel '[id: 0xadd87ca6, L:/127.0.0.1:61852 - R:localhost/127.0.0.1:63555]' for 'GET' to 'http://localhost:63555/session/acd7498d470727c726765582eefc9b66/screenshot'
20:36:11.014 [Forwarding screenshot on session acd7498d470727c726765582eefc9b66 to remote] DEBUG org.asynchttpclient.netty.request.NettyRequestSender - Using open Channel [id: 0xadd87ca6, L:/127.0.0.1:61852 - R:localhost/127.0.0.1:63555] for GET '/session/acd7498d470727c726765582eefc9b66/screenshot'
20:36:11.419 [AsyncHttpClient-1-3] DEBUG org.asynchttpclient.netty.handler.HttpHandler - 

Request DefaultFullHttpRequest(decodeResult: success, version: HTTP/1.1, content: EmptyByteBufBE)
GET /session/acd7498d470727c726765582eefc9b66/screenshot HTTP/1.1
User-Agent: selenium/4.1.2 (java windows)
Cache-Control: no-cache
Content-Type: application/json; charset=utf-8
host: localhost:63555
accept: */*

Response DefaultHttpResponse(decodeResult: success, version: HTTP/1.1)
HTTP/1.1 200 OK
Content-Type: application/json; charset=utf-8
cache-control: no-cache
content-length: 354972

20:36:11.421 [AsyncHttpClient-1-3] DEBUG org.asynchttpclient.netty.channel.ChannelManager - Adding key: http://localhost:63555 for channel [id: 0xadd87ca6, L:/127.0.0.1:61852 - R:localhost/127.0.0.1:63555]
20:36:11.448 [main] DEBUG net.serenitybdd.core.photography.Darkroom - Send negative for processing for target\site\serenity\f80dac1e938c15ad3c20cc00fc1d4f4f43e972d28d2fa153bfd4cca65ab22c7d.png
20:36:11.448 [main] DEBUG net.thucydides.core.steps.StepInterceptor - STARTING STEP: DokterDataSteps.iInputEditDokter - inputDataDokterEdit
20:36:11.453 [Forwarding findElement on session acd7498d470727c726765582eefc9b66 to remote] DEBUG org.asynchttpclient.netty.request.NettyRequestSender - Using pooled Channel '[id: 0xadd87ca6, L:/127.0.0.1:61852 - R:localhost/127.0.0.1:63555]' for 'POST' to 'http://localhost:63555/session/acd7498d470727c726765582eefc9b66/element'
20:36:11.453 [Forwarding findElement on session acd7498d470727c726765582eefc9b66 to remote] DEBUG org.asynchttpclient.netty.request.NettyRequestSender - Using open Channel [id: 0xadd87ca6, L:/127.0.0.1:61852 - R:localhost/127.0.0.1:63555] for POST '/session/acd7498d470727c726765582eefc9b66/element'
20:36:11.483 [AsyncHttpClient-1-3] DEBUG org.asynchttpclient.netty.handler.HttpHandler - 

Request DefaultHttpRequest(decodeResult: success, version: HTTP/1.1)
POST /session/acd7498d470727c726765582eefc9b66/element HTTP/1.1
User-Agent: selenium/4.1.2 (java windows)
Content-Length: 66
Content-Type: application/json; charset=utf-8
host: localhost:63555
accept: */*

Response DefaultHttpResponse(decodeResult: success, version: HTTP/1.1)
HTTP/1.1 200 OK
Content-Type: application/json; charset=utf-8
cache-control: no-cache
content-length: 88

20:36:11.483 [AsyncHttpClient-1-3] DEBUG org.asynchttpclient.netty.channel.ChannelManager - Adding key: http://localhost:63555 for channel [id: 0xadd87ca6, L:/127.0.0.1:61852 - R:localhost/127.0.0.1:63555]
20:36:11.486 [Forwarding sendKeysToElement on session acd7498d470727c726765582eefc9b66 to remote] DEBUG org.asynchttpclient.netty.request.NettyRequestSender - Using pooled Channel '[id: 0xadd87ca6, L:/127.0.0.1:61852 - R:localhost/127.0.0.1:63555]' for 'POST' to 'http://localhost:63555/session/acd7498d470727c726765582eefc9b66/element/c68f2704-0a28-486e-9e1f-c357ddecd852/value'
20:36:11.486 [Forwarding sendKeysToElement on session acd7498d470727c726765582eefc9b66 to remote] DEBUG org.asynchttpclient.netty.request.NettyRequestSender - Using open Channel [id: 0xadd87ca6, L:/127.0.0.1:61852 - R:localhost/127.0.0.1:63555] for POST '/session/acd7498d470727c726765582eefc9b66/element/c68f2704-0a28-486e-9e1f-c357ddecd852/value'
20:36:11.701 [AsyncHttpClient-1-1] DEBUG org.asynchttpclient.netty.channel.DefaultChannelPool - Entry count for : http://localhost:61855 : 1
20:36:11.963 [AsyncHttpClient-1-3] DEBUG org.asynchttpclient.netty.handler.HttpHandler - 

Request DefaultHttpRequest(decodeResult: success, version: HTTP/1.1)
POST /session/acd7498d470727c726765582eefc9b66/element/c68f2704-0a28-486e-9e1f-c357ddecd852/value HTTP/1.1
User-Agent: selenium/4.1.2 (java windows)
Content-Length: 169
Content-Type: application/json; charset=utf-8
host: localhost:63555
accept: */*

Response DefaultHttpResponse(decodeResult: success, version: HTTP/1.1)
HTTP/1.1 200 OK
Content-Type: application/json; charset=utf-8
cache-control: no-cache
content-length: 14

20:36:11.963 [AsyncHttpClient-1-3] DEBUG org.asynchttpclient.netty.channel.ChannelManager - Adding key: http://localhost:63555 for channel [id: 0xadd87ca6, L:/127.0.0.1:61852 - R:localhost/127.0.0.1:63555]
20:36:11.969 [Forwarding findElement on session acd7498d470727c726765582eefc9b66 to remote] DEBUG org.asynchttpclient.netty.request.NettyRequestSender - Using pooled Channel '[id: 0xadd87ca6, L:/127.0.0.1:61852 - R:localhost/127.0.0.1:63555]' for 'POST' to 'http://localhost:63555/session/acd7498d470727c726765582eefc9b66/element'
20:36:11.969 [Forwarding findElement on session acd7498d470727c726765582eefc9b66 to remote] DEBUG org.asynchttpclient.netty.request.NettyRequestSender - Using open Channel [id: 0xadd87ca6, L:/127.0.0.1:61852 - R:localhost/127.0.0.1:63555] for POST '/session/acd7498d470727c726765582eefc9b66/element'
20:36:11.988 [AsyncHttpClient-1-3] DEBUG org.asynchttpclient.netty.handler.HttpHandler - 

Request DefaultHttpRequest(decodeResult: success, version: HTTP/1.1)
POST /session/acd7498d470727c726765582eefc9b66/element HTTP/1.1
User-Agent: selenium/4.1.2 (java windows)
Content-Length: 66
Content-Type: application/json; charset=utf-8
host: localhost:63555
accept: */*

Response DefaultHttpResponse(decodeResult: success, version: HTTP/1.1)
HTTP/1.1 200 OK
Content-Type: application/json; charset=utf-8
cache-control: no-cache
content-length: 88

20:36:11.988 [AsyncHttpClient-1-3] DEBUG org.asynchttpclient.netty.channel.ChannelManager - Adding key: http://localhost:63555 for channel [id: 0xadd87ca6, L:/127.0.0.1:61852 - R:localhost/127.0.0.1:63555]
20:36:11.991 [Forwarding sendKeysToElement on session acd7498d470727c726765582eefc9b66 to remote] DEBUG org.asynchttpclient.netty.request.NettyRequestSender - Using pooled Channel '[id: 0xadd87ca6, L:/127.0.0.1:61852 - R:localhost/127.0.0.1:63555]' for 'POST' to 'http://localhost:63555/session/acd7498d470727c726765582eefc9b66/element/c68f2704-0a28-486e-9e1f-c357ddecd852/value'
20:36:11.991 [Forwarding sendKeysToElement on session acd7498d470727c726765582eefc9b66 to remote] DEBUG org.asynchttpclient.netty.request.NettyRequestSender - Using open Channel [id: 0xadd87ca6, L:/127.0.0.1:61852 - R:localhost/127.0.0.1:63555] for POST '/session/acd7498d470727c726765582eefc9b66/element/c68f2704-0a28-486e-9e1f-c357ddecd852/value'
20:36:12.236 [AsyncHttpClient-1-3] DEBUG org.asynchttpclient.netty.handler.HttpHandler - 

Request DefaultHttpRequest(decodeResult: success, version: HTTP/1.1)
POST /session/acd7498d470727c726765582eefc9b66/element/c68f2704-0a28-486e-9e1f-c357ddecd852/value HTTP/1.1
User-Agent: selenium/4.1.2 (java windows)
Content-Length: 131
Content-Type: application/json; charset=utf-8
host: localhost:63555
accept: */*

Response DefaultHttpResponse(decodeResult: success, version: HTTP/1.1)
HTTP/1.1 200 OK
Content-Type: application/json; charset=utf-8
cache-control: no-cache
content-length: 14

20:36:12.237 [AsyncHttpClient-1-3] DEBUG org.asynchttpclient.netty.channel.ChannelManager - Adding key: http://localhost:63555 for channel [id: 0xadd87ca6, L:/127.0.0.1:61852 - R:localhost/127.0.0.1:63555]
20:36:12.244 [Forwarding findElement on session acd7498d470727c726765582eefc9b66 to remote] DEBUG org.asynchttpclient.netty.request.NettyRequestSender - Using pooled Channel '[id: 0xadd87ca6, L:/127.0.0.1:61852 - R:localhost/127.0.0.1:63555]' for 'POST' to 'http://localhost:63555/session/acd7498d470727c726765582eefc9b66/element'
20:36:12.245 [Forwarding findElement on session acd7498d470727c726765582eefc9b66 to remote] DEBUG org.asynchttpclient.netty.request.NettyRequestSender - Using open Channel [id: 0xadd87ca6, L:/127.0.0.1:61852 - R:localhost/127.0.0.1:63555] for POST '/session/acd7498d470727c726765582eefc9b66/element'
20:36:12.283 [AsyncHttpClient-1-3] DEBUG org.asynchttpclient.netty.handler.HttpHandler - 

Request DefaultHttpRequest(decodeResult: success, version: HTTP/1.1)
POST /session/acd7498d470727c726765582eefc9b66/element HTTP/1.1
User-Agent: selenium/4.1.2 (java windows)
Content-Length: 65
Content-Type: application/json; charset=utf-8
host: localhost:63555
accept: */*

Response DefaultHttpResponse(decodeResult: success, version: HTTP/1.1)
HTTP/1.1 200 OK
Content-Type: application/json; charset=utf-8
cache-control: no-cache
content-length: 88

20:36:12.283 [AsyncHttpClient-1-3] DEBUG org.asynchttpclient.netty.channel.ChannelManager - Adding key: http://localhost:63555 for channel [id: 0xadd87ca6, L:/127.0.0.1:61852 - R:localhost/127.0.0.1:63555]
20:36:12.287 [Forwarding sendKeysToElement on session acd7498d470727c726765582eefc9b66 to remote] DEBUG org.asynchttpclient.netty.request.NettyRequestSender - Using pooled Channel '[id: 0xadd87ca6, L:/127.0.0.1:61852 - R:localhost/127.0.0.1:63555]' for 'POST' to 'http://localhost:63555/session/acd7498d470727c726765582eefc9b66/element/673c3a7b-fe7e-43a2-9191-7fdaa4717796/value'
20:36:12.287 [Forwarding sendKeysToElement on session acd7498d470727c726765582eefc9b66 to remote] DEBUG org.asynchttpclient.netty.request.NettyRequestSender - Using open Channel [id: 0xadd87ca6, L:/127.0.0.1:61852 - R:localhost/127.0.0.1:63555] for POST '/session/acd7498d470727c726765582eefc9b66/element/673c3a7b-fe7e-43a2-9191-7fdaa4717796/value'
20:36:12.694 [AsyncHttpClient-1-3] DEBUG org.asynchttpclient.netty.handler.HttpHandler - 

Request DefaultHttpRequest(decodeResult: success, version: HTTP/1.1)
POST /session/acd7498d470727c726765582eefc9b66/element/673c3a7b-fe7e-43a2-9191-7fdaa4717796/value HTTP/1.1
User-Agent: selenium/4.1.2 (java windows)
Content-Length: 169
Content-Type: application/json; charset=utf-8
host: localhost:63555
accept: */*

Response DefaultHttpResponse(decodeResult: success, version: HTTP/1.1)
HTTP/1.1 200 OK
Content-Type: application/json; charset=utf-8
cache-control: no-cache
content-length: 14

20:36:12.694 [AsyncHttpClient-1-3] DEBUG org.asynchttpclient.netty.channel.ChannelManager - Adding key: http://localhost:63555 for channel [id: 0xadd87ca6, L:/127.0.0.1:61852 - R:localhost/127.0.0.1:63555]
20:36:12.701 [Forwarding findElement on session acd7498d470727c726765582eefc9b66 to remote] DEBUG org.asynchttpclient.netty.request.NettyRequestSender - Using pooled Channel '[id: 0xadd87ca6, L:/127.0.0.1:61852 - R:localhost/127.0.0.1:63555]' for 'POST' to 'http://localhost:63555/session/acd7498d470727c726765582eefc9b66/element'
20:36:12.701 [Forwarding findElement on session acd7498d470727c726765582eefc9b66 to remote] DEBUG org.asynchttpclient.netty.request.NettyRequestSender - Using open Channel [id: 0xadd87ca6, L:/127.0.0.1:61852 - R:localhost/127.0.0.1:63555] for POST '/session/acd7498d470727c726765582eefc9b66/element'
20:36:12.720 [AsyncHttpClient-1-3] DEBUG org.asynchttpclient.netty.handler.HttpHandler - 

Request DefaultHttpRequest(decodeResult: success, version: HTTP/1.1)
POST /session/acd7498d470727c726765582eefc9b66/element HTTP/1.1
User-Agent: selenium/4.1.2 (java windows)
Content-Length: 65
Content-Type: application/json; charset=utf-8
host: localhost:63555
accept: */*

Response DefaultHttpResponse(decodeResult: success, version: HTTP/1.1)
HTTP/1.1 200 OK
Content-Type: application/json; charset=utf-8
cache-control: no-cache
content-length: 88

20:36:12.720 [AsyncHttpClient-1-3] DEBUG org.asynchttpclient.netty.channel.ChannelManager - Adding key: http://localhost:63555 for channel [id: 0xadd87ca6, L:/127.0.0.1:61852 - R:localhost/127.0.0.1:63555]
20:36:12.723 [Forwarding sendKeysToElement on session acd7498d470727c726765582eefc9b66 to remote] DEBUG org.asynchttpclient.netty.request.NettyRequestSender - Using pooled Channel '[id: 0xadd87ca6, L:/127.0.0.1:61852 - R:localhost/127.0.0.1:63555]' for 'POST' to 'http://localhost:63555/session/acd7498d470727c726765582eefc9b66/element/673c3a7b-fe7e-43a2-9191-7fdaa4717796/value'
20:36:12.723 [Forwarding sendKeysToElement on session acd7498d470727c726765582eefc9b66 to remote] DEBUG org.asynchttpclient.netty.request.NettyRequestSender - Using open Channel [id: 0xadd87ca6, L:/127.0.0.1:61852 - R:localhost/127.0.0.1:63555] for POST '/session/acd7498d470727c726765582eefc9b66/element/673c3a7b-fe7e-43a2-9191-7fdaa4717796/value'
20:36:12.790 [AsyncHttpClient-1-1] DEBUG org.asynchttpclient.netty.channel.DefaultChannelPool - Entry count for : http://localhost:61855 : 1
20:36:12.960 [AsyncHttpClient-1-3] DEBUG org.asynchttpclient.netty.handler.HttpHandler - 

Request DefaultHttpRequest(decodeResult: success, version: HTTP/1.1)
POST /session/acd7498d470727c726765582eefc9b66/element/673c3a7b-fe7e-43a2-9191-7fdaa4717796/value HTTP/1.1
User-Agent: selenium/4.1.2 (java windows)
Content-Length: 131
Content-Type: application/json; charset=utf-8
host: localhost:63555
accept: */*

Response DefaultHttpResponse(decodeResult: success, version: HTTP/1.1)
HTTP/1.1 200 OK
Content-Type: application/json; charset=utf-8
cache-control: no-cache
content-length: 14

20:36:12.960 [AsyncHttpClient-1-3] DEBUG org.asynchttpclient.netty.channel.ChannelManager - Adding key: http://localhost:63555 for channel [id: 0xadd87ca6, L:/127.0.0.1:61852 - R:localhost/127.0.0.1:63555]
20:36:12.967 [Forwarding findElement on session acd7498d470727c726765582eefc9b66 to remote] DEBUG org.asynchttpclient.netty.request.NettyRequestSender - Using pooled Channel '[id: 0xadd87ca6, L:/127.0.0.1:61852 - R:localhost/127.0.0.1:63555]' for 'POST' to 'http://localhost:63555/session/acd7498d470727c726765582eefc9b66/element'
20:36:12.967 [Forwarding findElement on session acd7498d470727c726765582eefc9b66 to remote] DEBUG org.asynchttpclient.netty.request.NettyRequestSender - Using open Channel [id: 0xadd87ca6, L:/127.0.0.1:61852 - R:localhost/127.0.0.1:63555] for POST '/session/acd7498d470727c726765582eefc9b66/element'
20:36:13.005 [AsyncHttpClient-1-3] DEBUG org.asynchttpclient.netty.handler.HttpHandler - 

Request DefaultHttpRequest(decodeResult: success, version: HTTP/1.1)
POST /session/acd7498d470727c726765582eefc9b66/element HTTP/1.1
User-Agent: selenium/4.1.2 (java windows)
Content-Length: 71
Content-Type: application/json; charset=utf-8
host: localhost:63555
accept: */*

Response DefaultHttpResponse(decodeResult: success, version: HTTP/1.1)
HTTP/1.1 200 OK
Content-Type: application/json; charset=utf-8
cache-control: no-cache
content-length: 88

20:36:13.006 [AsyncHttpClient-1-3] DEBUG org.asynchttpclient.netty.channel.ChannelManager - Adding key: http://localhost:63555 for channel [id: 0xadd87ca6, L:/127.0.0.1:61852 - R:localhost/127.0.0.1:63555]
20:36:13.009 [Forwarding sendKeysToElement on session acd7498d470727c726765582eefc9b66 to remote] DEBUG org.asynchttpclient.netty.request.NettyRequestSender - Using pooled Channel '[id: 0xadd87ca6, L:/127.0.0.1:61852 - R:localhost/127.0.0.1:63555]' for 'POST' to 'http://localhost:63555/session/acd7498d470727c726765582eefc9b66/element/87439e03-981d-4a29-97f9-f044edbed27e/value'
20:36:13.009 [Forwarding sendKeysToElement on session acd7498d470727c726765582eefc9b66 to remote] DEBUG org.asynchttpclient.netty.request.NettyRequestSender - Using open Channel [id: 0xadd87ca6, L:/127.0.0.1:61852 - R:localhost/127.0.0.1:63555] for POST '/session/acd7498d470727c726765582eefc9b66/element/87439e03-981d-4a29-97f9-f044edbed27e/value'
20:36:13.520 [AsyncHttpClient-1-3] DEBUG org.asynchttpclient.netty.handler.HttpHandler - 

Request DefaultHttpRequest(decodeResult: success, version: HTTP/1.1)
POST /session/acd7498d470727c726765582eefc9b66/element/87439e03-981d-4a29-97f9-f044edbed27e/value HTTP/1.1
User-Agent: selenium/4.1.2 (java windows)
Content-Length: 229
Content-Type: application/json; charset=utf-8
host: localhost:63555
accept: */*

Response DefaultHttpResponse(decodeResult: success, version: HTTP/1.1)
HTTP/1.1 200 OK
Content-Type: application/json; charset=utf-8
cache-control: no-cache
content-length: 14

20:36:13.520 [AsyncHttpClient-1-3] DEBUG org.asynchttpclient.netty.channel.ChannelManager - Adding key: http://localhost:63555 for channel [id: 0xadd87ca6, L:/127.0.0.1:61852 - R:localhost/127.0.0.1:63555]
20:36:13.526 [Forwarding findElement on session acd7498d470727c726765582eefc9b66 to remote] DEBUG org.asynchttpclient.netty.request.NettyRequestSender - Using pooled Channel '[id: 0xadd87ca6, L:/127.0.0.1:61852 - R:localhost/127.0.0.1:63555]' for 'POST' to 'http://localhost:63555/session/acd7498d470727c726765582eefc9b66/element'
20:36:13.526 [Forwarding findElement on session acd7498d470727c726765582eefc9b66 to remote] DEBUG org.asynchttpclient.netty.request.NettyRequestSender - Using open Channel [id: 0xadd87ca6, L:/127.0.0.1:61852 - R:localhost/127.0.0.1:63555] for POST '/session/acd7498d470727c726765582eefc9b66/element'
20:36:13.545 [AsyncHttpClient-1-3] DEBUG org.asynchttpclient.netty.handler.HttpHandler - 

Request DefaultHttpRequest(decodeResult: success, version: HTTP/1.1)
POST /session/acd7498d470727c726765582eefc9b66/element HTTP/1.1
User-Agent: selenium/4.1.2 (java windows)
Content-Length: 71
Content-Type: application/json; charset=utf-8
host: localhost:63555
accept: */*

Response DefaultHttpResponse(decodeResult: success, version: HTTP/1.1)
HTTP/1.1 200 OK
Content-Type: application/json; charset=utf-8
cache-control: no-cache
content-length: 88

20:36:13.545 [AsyncHttpClient-1-3] DEBUG org.asynchttpclient.netty.channel.ChannelManager - Adding key: http://localhost:63555 for channel [id: 0xadd87ca6, L:/127.0.0.1:61852 - R:localhost/127.0.0.1:63555]
20:36:13.548 [Forwarding sendKeysToElement on session acd7498d470727c726765582eefc9b66 to remote] DEBUG org.asynchttpclient.netty.request.NettyRequestSender - Using pooled Channel '[id: 0xadd87ca6, L:/127.0.0.1:61852 - R:localhost/127.0.0.1:63555]' for 'POST' to 'http://localhost:63555/session/acd7498d470727c726765582eefc9b66/element/87439e03-981d-4a29-97f9-f044edbed27e/value'
20:36:13.548 [Forwarding sendKeysToElement on session acd7498d470727c726765582eefc9b66 to remote] DEBUG org.asynchttpclient.netty.request.NettyRequestSender - Using open Channel [id: 0xadd87ca6, L:/127.0.0.1:61852 - R:localhost/127.0.0.1:63555] for POST '/session/acd7498d470727c726765582eefc9b66/element/87439e03-981d-4a29-97f9-f044edbed27e/value'
20:36:13.892 [AsyncHttpClient-1-1] DEBUG org.asynchttpclient.netty.channel.DefaultChannelPool - Entry count for : http://localhost:61855 : 1
20:36:13.948 [AsyncHttpClient-1-3] DEBUG org.asynchttpclient.netty.handler.HttpHandler - 

Request DefaultHttpRequest(decodeResult: success, version: HTTP/1.1)
POST /session/acd7498d470727c726765582eefc9b66/element/87439e03-981d-4a29-97f9-f044edbed27e/value HTTP/1.1
User-Agent: selenium/4.1.2 (java windows)
Content-Length: 191
Content-Type: application/json; charset=utf-8
host: localhost:63555
accept: */*

Response DefaultHttpResponse(decodeResult: success, version: HTTP/1.1)
HTTP/1.1 200 OK
Content-Type: application/json; charset=utf-8
cache-control: no-cache
content-length: 14

20:36:13.948 [AsyncHttpClient-1-3] DEBUG org.asynchttpclient.netty.channel.ChannelManager - Adding key: http://localhost:63555 for channel [id: 0xadd87ca6, L:/127.0.0.1:61852 - R:localhost/127.0.0.1:63555]
20:36:13.954 [Forwarding findElement on session acd7498d470727c726765582eefc9b66 to remote] DEBUG org.asynchttpclient.netty.request.NettyRequestSender - Using pooled Channel '[id: 0xadd87ca6, L:/127.0.0.1:61852 - R:localhost/127.0.0.1:63555]' for 'POST' to 'http://localhost:63555/session/acd7498d470727c726765582eefc9b66/element'
20:36:13.954 [Forwarding findElement on session acd7498d470727c726765582eefc9b66 to remote] DEBUG org.asynchttpclient.netty.request.NettyRequestSender - Using open Channel [id: 0xadd87ca6, L:/127.0.0.1:61852 - R:localhost/127.0.0.1:63555] for POST '/session/acd7498d470727c726765582eefc9b66/element'
20:36:13.987 [AsyncHttpClient-1-3] DEBUG org.asynchttpclient.netty.handler.HttpHandler - 

Request DefaultHttpRequest(decodeResult: success, version: HTTP/1.1)
POST /session/acd7498d470727c726765582eefc9b66/element HTTP/1.1
User-Agent: selenium/4.1.2 (java windows)
Content-Length: 166
Content-Type: application/json; charset=utf-8
host: localhost:63555
accept: */*

Response DefaultHttpResponse(decodeResult: success, version: HTTP/1.1)
HTTP/1.1 200 OK
Content-Type: application/json; charset=utf-8
cache-control: no-cache
content-length: 88

20:36:13.987 [AsyncHttpClient-1-3] DEBUG org.asynchttpclient.netty.channel.ChannelManager - Adding key: http://localhost:63555 for channel [id: 0xadd87ca6, L:/127.0.0.1:61852 - R:localhost/127.0.0.1:63555]
20:36:13.991 [Forwarding sendKeysToElement on session acd7498d470727c726765582eefc9b66 to remote] DEBUG org.asynchttpclient.netty.request.NettyRequestSender - Using pooled Channel '[id: 0xadd87ca6, L:/127.0.0.1:61852 - R:localhost/127.0.0.1:63555]' for 'POST' to 'http://localhost:63555/session/acd7498d470727c726765582eefc9b66/element/b231decb-fcf6-4c4e-92d3-b77ef24ccc6d/value'
20:36:13.991 [Forwarding sendKeysToElement on session acd7498d470727c726765582eefc9b66 to remote] DEBUG org.asynchttpclient.netty.request.NettyRequestSender - Using open Channel [id: 0xadd87ca6, L:/127.0.0.1:61852 - R:localhost/127.0.0.1:63555] for POST '/session/acd7498d470727c726765582eefc9b66/element/b231decb-fcf6-4c4e-92d3-b77ef24ccc6d/value'
20:36:14.455 [AsyncHttpClient-1-3] DEBUG org.asynchttpclient.netty.handler.HttpHandler - 

Request DefaultHttpRequest(decodeResult: success, version: HTTP/1.1)
POST /session/acd7498d470727c726765582eefc9b66/element/b231decb-fcf6-4c4e-92d3-b77ef24ccc6d/value HTTP/1.1
User-Agent: selenium/4.1.2 (java windows)
Content-Length: 219
Content-Type: application/json; charset=utf-8
host: localhost:63555
accept: */*

Response DefaultHttpResponse(decodeResult: success, version: HTTP/1.1)
HTTP/1.1 200 OK
Content-Type: application/json; charset=utf-8
cache-control: no-cache
content-length: 14

20:36:14.455 [AsyncHttpClient-1-3] DEBUG org.asynchttpclient.netty.channel.ChannelManager - Adding key: http://localhost:63555 for channel [id: 0xadd87ca6, L:/127.0.0.1:61852 - R:localhost/127.0.0.1:63555]
20:36:14.463 [Forwarding findElement on session acd7498d470727c726765582eefc9b66 to remote] DEBUG org.asynchttpclient.netty.request.NettyRequestSender - Using pooled Channel '[id: 0xadd87ca6, L:/127.0.0.1:61852 - R:localhost/127.0.0.1:63555]' for 'POST' to 'http://localhost:63555/session/acd7498d470727c726765582eefc9b66/element'
20:36:14.463 [Forwarding findElement on session acd7498d470727c726765582eefc9b66 to remote] DEBUG org.asynchttpclient.netty.request.NettyRequestSender - Using open Channel [id: 0xadd87ca6, L:/127.0.0.1:61852 - R:localhost/127.0.0.1:63555] for POST '/session/acd7498d470727c726765582eefc9b66/element'
20:36:14.481 [AsyncHttpClient-1-3] DEBUG org.asynchttpclient.netty.handler.HttpHandler - 

Request DefaultHttpRequest(decodeResult: success, version: HTTP/1.1)
POST /session/acd7498d470727c726765582eefc9b66/element HTTP/1.1
User-Agent: selenium/4.1.2 (java windows)
Content-Length: 166
Content-Type: application/json; charset=utf-8
host: localhost:63555
accept: */*

Response DefaultHttpResponse(decodeResult: success, version: HTTP/1.1)
HTTP/1.1 200 OK
Content-Type: application/json; charset=utf-8
cache-control: no-cache
content-length: 88

20:36:14.482 [AsyncHttpClient-1-3] DEBUG org.asynchttpclient.netty.channel.ChannelManager - Adding key: http://localhost:63555 for channel [id: 0xadd87ca6, L:/127.0.0.1:61852 - R:localhost/127.0.0.1:63555]
20:36:14.485 [Forwarding sendKeysToElement on session acd7498d470727c726765582eefc9b66 to remote] DEBUG org.asynchttpclient.netty.request.NettyRequestSender - Using pooled Channel '[id: 0xadd87ca6, L:/127.0.0.1:61852 - R:localhost/127.0.0.1:63555]' for 'POST' to 'http://localhost:63555/session/acd7498d470727c726765582eefc9b66/element/b231decb-fcf6-4c4e-92d3-b77ef24ccc6d/value'
20:36:14.485 [Forwarding sendKeysToElement on session acd7498d470727c726765582eefc9b66 to remote] DEBUG org.asynchttpclient.netty.request.NettyRequestSender - Using open Channel [id: 0xadd87ca6, L:/127.0.0.1:61852 - R:localhost/127.0.0.1:63555] for POST '/session/acd7498d470727c726765582eefc9b66/element/b231decb-fcf6-4c4e-92d3-b77ef24ccc6d/value'
20:36:14.835 [AsyncHttpClient-1-3] DEBUG org.asynchttpclient.netty.handler.HttpHandler - 

Request DefaultHttpRequest(decodeResult: success, version: HTTP/1.1)
POST /session/acd7498d470727c726765582eefc9b66/element/b231decb-fcf6-4c4e-92d3-b77ef24ccc6d/value HTTP/1.1
User-Agent: selenium/4.1.2 (java windows)
Content-Length: 181
Content-Type: application/json; charset=utf-8
host: localhost:63555
accept: */*

Response DefaultHttpResponse(decodeResult: success, version: HTTP/1.1)
HTTP/1.1 200 OK
Content-Type: application/json; charset=utf-8
cache-control: no-cache
content-length: 14

20:36:14.835 [AsyncHttpClient-1-3] DEBUG org.asynchttpclient.netty.channel.ChannelManager - Adding key: http://localhost:63555 for channel [id: 0xadd87ca6, L:/127.0.0.1:61852 - R:localhost/127.0.0.1:63555]
20:36:14.840 [Forwarding findElement on session acd7498d470727c726765582eefc9b66 to remote] DEBUG org.asynchttpclient.netty.request.NettyRequestSender - Using pooled Channel '[id: 0xadd87ca6, L:/127.0.0.1:61852 - R:localhost/127.0.0.1:63555]' for 'POST' to 'http://localhost:63555/session/acd7498d470727c726765582eefc9b66/element'
20:36:14.840 [Forwarding findElement on session acd7498d470727c726765582eefc9b66 to remote] DEBUG org.asynchttpclient.netty.request.NettyRequestSender - Using open Channel [id: 0xadd87ca6, L:/127.0.0.1:61852 - R:localhost/127.0.0.1:63555] for POST '/session/acd7498d470727c726765582eefc9b66/element'
20:36:14.868 [AsyncHttpClient-1-3] DEBUG org.asynchttpclient.netty.handler.HttpHandler - 

Request DefaultHttpRequest(decodeResult: success, version: HTTP/1.1)
POST /session/acd7498d470727c726765582eefc9b66/element HTTP/1.1
User-Agent: selenium/4.1.2 (java windows)
Content-Length: 70
Content-Type: application/json; charset=utf-8
host: localhost:63555
accept: */*

Response DefaultHttpResponse(decodeResult: success, version: HTTP/1.1)
HTTP/1.1 200 OK
Content-Type: application/json; charset=utf-8
cache-control: no-cache
content-length: 88

20:36:14.868 [AsyncHttpClient-1-3] DEBUG org.asynchttpclient.netty.channel.ChannelManager - Adding key: http://localhost:63555 for channel [id: 0xadd87ca6, L:/127.0.0.1:61852 - R:localhost/127.0.0.1:63555]
20:36:14.871 [Forwarding sendKeysToElement on session acd7498d470727c726765582eefc9b66 to remote] DEBUG org.asynchttpclient.netty.request.NettyRequestSender - Using pooled Channel '[id: 0xadd87ca6, L:/127.0.0.1:61852 - R:localhost/127.0.0.1:63555]' for 'POST' to 'http://localhost:63555/session/acd7498d470727c726765582eefc9b66/element/0be4edfc-4b2a-4ec1-8913-7cb41e8c731b/value'
20:36:14.872 [Forwarding sendKeysToElement on session acd7498d470727c726765582eefc9b66 to remote] DEBUG org.asynchttpclient.netty.request.NettyRequestSender - Using open Channel [id: 0xadd87ca6, L:/127.0.0.1:61852 - R:localhost/127.0.0.1:63555] for POST '/session/acd7498d470727c726765582eefc9b66/element/0be4edfc-4b2a-4ec1-8913-7cb41e8c731b/value'
20:36:14.993 [AsyncHttpClient-1-1] DEBUG org.asynchttpclient.netty.channel.DefaultChannelPool - Entry count for : http://localhost:61855 : 1
20:36:15.463 [AsyncHttpClient-1-3] DEBUG org.asynchttpclient.netty.handler.HttpHandler - 

Request DefaultHttpRequest(decodeResult: success, version: HTTP/1.1)
POST /session/acd7498d470727c726765582eefc9b66/element/0be4edfc-4b2a-4ec1-8913-7cb41e8c731b/value HTTP/1.1
User-Agent: selenium/4.1.2 (java windows)
Content-Length: 219
Content-Type: application/json; charset=utf-8
host: localhost:63555
accept: */*

Response DefaultHttpResponse(decodeResult: success, version: HTTP/1.1)
HTTP/1.1 200 OK
Content-Type: application/json; charset=utf-8
cache-control: no-cache
content-length: 14

20:36:15.463 [AsyncHttpClient-1-3] DEBUG org.asynchttpclient.netty.channel.ChannelManager - Adding key: http://localhost:63555 for channel [id: 0xadd87ca6, L:/127.0.0.1:61852 - R:localhost/127.0.0.1:63555]
20:36:15.468 [Forwarding findElement on session acd7498d470727c726765582eefc9b66 to remote] DEBUG org.asynchttpclient.netty.request.NettyRequestSender - Using pooled Channel '[id: 0xadd87ca6, L:/127.0.0.1:61852 - R:localhost/127.0.0.1:63555]' for 'POST' to 'http://localhost:63555/session/acd7498d470727c726765582eefc9b66/element'
20:36:15.468 [Forwarding findElement on session acd7498d470727c726765582eefc9b66 to remote] DEBUG org.asynchttpclient.netty.request.NettyRequestSender - Using open Channel [id: 0xadd87ca6, L:/127.0.0.1:61852 - R:localhost/127.0.0.1:63555] for POST '/session/acd7498d470727c726765582eefc9b66/element'
20:36:15.488 [AsyncHttpClient-1-3] DEBUG org.asynchttpclient.netty.handler.HttpHandler - 

Request DefaultHttpRequest(decodeResult: success, version: HTTP/1.1)
POST /session/acd7498d470727c726765582eefc9b66/element HTTP/1.1
User-Agent: selenium/4.1.2 (java windows)
Content-Length: 70
Content-Type: application/json; charset=utf-8
host: localhost:63555
accept: */*

Response DefaultHttpResponse(decodeResult: success, version: HTTP/1.1)
HTTP/1.1 200 OK
Content-Type: application/json; charset=utf-8
cache-control: no-cache
content-length: 88

20:36:15.488 [AsyncHttpClient-1-3] DEBUG org.asynchttpclient.netty.channel.ChannelManager - Adding key: http://localhost:63555 for channel [id: 0xadd87ca6, L:/127.0.0.1:61852 - R:localhost/127.0.0.1:63555]
20:36:15.492 [Forwarding sendKeysToElement on session acd7498d470727c726765582eefc9b66 to remote] DEBUG org.asynchttpclient.netty.request.NettyRequestSender - Using pooled Channel '[id: 0xadd87ca6, L:/127.0.0.1:61852 - R:localhost/127.0.0.1:63555]' for 'POST' to 'http://localhost:63555/session/acd7498d470727c726765582eefc9b66/element/0be4edfc-4b2a-4ec1-8913-7cb41e8c731b/value'
20:36:15.492 [Forwarding sendKeysToElement on session acd7498d470727c726765582eefc9b66 to remote] DEBUG org.asynchttpclient.netty.request.NettyRequestSender - Using open Channel [id: 0xadd87ca6, L:/127.0.0.1:61852 - R:localhost/127.0.0.1:63555] for POST '/session/acd7498d470727c726765582eefc9b66/element/0be4edfc-4b2a-4ec1-8913-7cb41e8c731b/value'
20:36:15.937 [AsyncHttpClient-1-3] DEBUG org.asynchttpclient.netty.handler.HttpHandler - 

Request DefaultHttpRequest(decodeResult: success, version: HTTP/1.1)
POST /session/acd7498d470727c726765582eefc9b66/element/0be4edfc-4b2a-4ec1-8913-7cb41e8c731b/value HTTP/1.1
User-Agent: selenium/4.1.2 (java windows)
Content-Length: 181
Content-Type: application/json; charset=utf-8
host: localhost:63555
accept: */*

Response DefaultHttpResponse(decodeResult: success, version: HTTP/1.1)
HTTP/1.1 200 OK
Content-Type: application/json; charset=utf-8
cache-control: no-cache
content-length: 14

20:36:15.937 [AsyncHttpClient-1-3] DEBUG org.asynchttpclient.netty.channel.ChannelManager - Adding key: http://localhost:63555 for channel [id: 0xadd87ca6, L:/127.0.0.1:61852 - R:localhost/127.0.0.1:63555]
20:36:15.952 [Forwarding screenshot on session acd7498d470727c726765582eefc9b66 to remote] DEBUG org.asynchttpclient.netty.request.NettyRequestSender - Using pooled Channel '[id: 0xadd87ca6, L:/127.0.0.1:61852 - R:localhost/127.0.0.1:63555]' for 'GET' to 'http://localhost:63555/session/acd7498d470727c726765582eefc9b66/screenshot'
20:36:15.952 [Forwarding screenshot on session acd7498d470727c726765582eefc9b66 to remote] DEBUG org.asynchttpclient.netty.request.NettyRequestSender - Using open Channel [id: 0xadd87ca6, L:/127.0.0.1:61852 - R:localhost/127.0.0.1:63555] for GET '/session/acd7498d470727c726765582eefc9b66/screenshot'
20:36:16.103 [AsyncHttpClient-1-1] DEBUG org.asynchttpclient.netty.channel.DefaultChannelPool - Entry count for : http://localhost:61855 : 1
20:36:16.315 [AsyncHttpClient-1-3] DEBUG org.asynchttpclient.netty.handler.HttpHandler - 

Request DefaultFullHttpRequest(decodeResult: success, version: HTTP/1.1, content: EmptyByteBufBE)
GET /session/acd7498d470727c726765582eefc9b66/screenshot HTTP/1.1
User-Agent: selenium/4.1.2 (java windows)
Cache-Control: no-cache
Content-Type: application/json; charset=utf-8
host: localhost:63555
accept: */*

Response DefaultHttpResponse(decodeResult: success, version: HTTP/1.1)
HTTP/1.1 200 OK
Content-Type: application/json; charset=utf-8
cache-control: no-cache
content-length: 356904

20:36:16.318 [AsyncHttpClient-1-3] DEBUG org.asynchttpclient.netty.channel.ChannelManager - Adding key: http://localhost:63555 for channel [id: 0xadd87ca6, L:/127.0.0.1:61852 - R:localhost/127.0.0.1:63555]
20:36:16.350 [main] DEBUG net.serenitybdd.core.photography.Darkroom - Send negative for processing for target\site\serenity\f685455aa6303f5f3f50402372eae48eb1a6acc5a61dd900d03c2877b0db3065.png
20:36:16.351 [main] DEBUG net.thucydides.core.steps.StepInterceptor - STEP DONE: inputDataDokterEdit
  &amp#27;[32mThen &amp#27;[0m&amp#27;[32mI input edit &amp#27;[0m&amp#27;[32m&amp#27;[1m"21122"&amp#27;[0m&amp#27;[32m &amp#27;[0m&amp#27;[32m&amp#27;[1m"12344"&amp#27;[0m&amp#27;[32m &amp#27;[0m&amp#27;[32m&amp#27;[1m"Dokter Gigi"&amp#27;[0m&amp#27;[32m &amp#27;[0m&amp#27;[32m&amp#27;[1m"BagasBedah"&amp#27;[0m&amp#27;[32m &amp#27;[0m&amp#27;[32m&amp#27;[1m"BagasBedah"&amp#27;[0m&amp#27;[32m dokter&amp#27;[0m &amp#27;[90m# starter.stepdefinitios.DokterDataSteps.iInputEditDokter(java.lang.String,java.lang.String,java.lang.String,java.lang.String,java.lang.String)&amp#27;[0m
20:36:16.352 [Darkroom Processing Line] DEBUG net.serenitybdd.core.photography.DarkroomProcessingLine - Processing screenshot image in /var/screenshots/screenshot-3927969187091753598
20:36:16.352 [Darkroom Processing Line] DEBUG net.serenitybdd.core.photography.DarkroomProcessingLine - Saving screenshot to target\site\serenity\f685455aa6303f5f3f50402372eae48eb1a6acc5a61dd900d03c2877b0db3065.png
20:36:16.416 [Forwarding screenshot on session acd7498d470727c726765582eefc9b66 to remote] DEBUG org.asynchttpclient.netty.request.NettyRequestSender - Using pooled Channel '[id: 0xadd87ca6, L:/127.0.0.1:61852 - R:localhost/127.0.0.1:63555]' for 'GET' to 'http://localhost:63555/session/acd7498d470727c726765582eefc9b66/screenshot'
20:36:16.416 [Forwarding screenshot on session acd7498d470727c726765582eefc9b66 to remote] DEBUG org.asynchttpclient.netty.request.NettyRequestSender - Using open Channel [id: 0xadd87ca6, L:/127.0.0.1:61852 - R:localhost/127.0.0.1:63555] for GET '/session/acd7498d470727c726765582eefc9b66/screenshot'
20:36:16.817 [AsyncHttpClient-1-3] DEBUG org.asynchttpclient.netty.handler.HttpHandler - 

Request DefaultFullHttpRequest(decodeResult: success, version: HTTP/1.1, content: EmptyByteBufBE)
GET /session/acd7498d470727c726765582eefc9b66/screenshot HTTP/1.1
User-Agent: selenium/4.1.2 (java windows)
Cache-Control: no-cache
Content-Type: application/json; charset=utf-8
host: localhost:63555
accept: */*

Response DefaultHttpResponse(decodeResult: success, version: HTTP/1.1)
HTTP/1.1 200 OK
Content-Type: application/json; charset=utf-8
cache-control: no-cache
content-length: 356888

20:36:16.819 [AsyncHttpClient-1-3] DEBUG org.asynchttpclient.netty.channel.ChannelManager - Adding key: http://localhost:63555 for channel [id: 0xadd87ca6, L:/127.0.0.1:61852 - R:localhost/127.0.0.1:63555]
20:36:16.847 [main] DEBUG net.serenitybdd.core.photography.Darkroom - Send negative for processing for target\site\serenity\9f5bd0f2980fc2e5df61490058089a22d6e671b0f5005324f66a98efadc4a758.png
20:36:16.848 [main] DEBUG net.thucydides.core.steps.StepInterceptor - STARTING STEP: PatientDataSteps.clickButtonSimpan - clickButtonSave
20:36:16.855 [Forwarding findElement on session acd7498d470727c726765582eefc9b66 to remote] DEBUG org.asynchttpclient.netty.request.NettyRequestSender - Using pooled Channel '[id: 0xadd87ca6, L:/127.0.0.1:61852 - R:localhost/127.0.0.1:63555]' for 'POST' to 'http://localhost:63555/session/acd7498d470727c726765582eefc9b66/element'
20:36:16.855 [Forwarding findElement on session acd7498d470727c726765582eefc9b66 to remote] DEBUG org.asynchttpclient.netty.request.NettyRequestSender - Using open Channel [id: 0xadd87ca6, L:/127.0.0.1:61852 - R:localhost/127.0.0.1:63555] for POST '/session/acd7498d470727c726765582eefc9b66/element'
20:36:16.858 [Darkroom Processing Line] DEBUG net.serenitybdd.core.photography.DarkroomProcessingLine - Processing screenshot image in /var/screenshots/screenshot-18040215063332801387
20:36:16.859 [Darkroom Processing Line] DEBUG net.serenitybdd.core.photography.DarkroomProcessingLine - Saving screenshot to target\site\serenity\9f5bd0f2980fc2e5df61490058089a22d6e671b0f5005324f66a98efadc4a758.png
20:36:16.913 [AsyncHttpClient-1-3] DEBUG org.asynchttpclient.netty.handler.HttpHandler - 

Request DefaultHttpRequest(decodeResult: success, version: HTTP/1.1)
POST /session/acd7498d470727c726765582eefc9b66/element HTTP/1.1
User-Agent: selenium/4.1.2 (java windows)
Content-Length: 68
Content-Type: application/json; charset=utf-8
host: localhost:63555
accept: */*

Response DefaultHttpResponse(decodeResult: success, version: HTTP/1.1)
HTTP/1.1 200 OK
Content-Type: application/json; charset=utf-8
cache-control: no-cache
content-length: 88

20:36:16.913 [AsyncHttpClient-1-3] DEBUG org.asynchttpclient.netty.channel.ChannelManager - Adding key: http://localhost:63555 for channel [id: 0xadd87ca6, L:/127.0.0.1:61852 - R:localhost/127.0.0.1:63555]
20:36:16.916 [Forwarding getElementTagName on session acd7498d470727c726765582eefc9b66 to remote] DEBUG org.asynchttpclient.netty.request.NettyRequestSender - Using pooled Channel '[id: 0xadd87ca6, L:/127.0.0.1:61852 - R:localhost/127.0.0.1:63555]' for 'GET' to 'http://localhost:63555/session/acd7498d470727c726765582eefc9b66/element/e480ef57-5cec-4437-8166-27dcab0c55cd/name'
20:36:16.916 [Forwarding getElementTagName on session acd7498d470727c726765582eefc9b66 to remote] DEBUG org.asynchttpclient.netty.request.NettyRequestSender - Using open Channel [id: 0xadd87ca6, L:/127.0.0.1:61852 - R:localhost/127.0.0.1:63555] for GET '/session/acd7498d470727c726765582eefc9b66/element/e480ef57-5cec-4437-8166-27dcab0c55cd/name'
20:36:16.926 [AsyncHttpClient-1-3] DEBUG org.asynchttpclient.netty.handler.HttpHandler - 

Request DefaultFullHttpRequest(decodeResult: success, version: HTTP/1.1, content: EmptyByteBufBE)
GET /session/acd7498d470727c726765582eefc9b66/element/e480ef57-5cec-4437-8166-27dcab0c55cd/name HTTP/1.1
User-Agent: selenium/4.1.2 (java windows)
Cache-Control: no-cache
Content-Type: application/json; charset=utf-8
host: localhost:63555
accept: */*

Response DefaultHttpResponse(decodeResult: success, version: HTTP/1.1)
HTTP/1.1 200 OK
Content-Type: application/json; charset=utf-8
cache-control: no-cache
content-length: 18

20:36:16.926 [AsyncHttpClient-1-3] DEBUG org.asynchttpclient.netty.channel.ChannelManager - Adding key: http://localhost:63555 for channel [id: 0xadd87ca6, L:/127.0.0.1:61852 - R:localhost/127.0.0.1:63555]
20:36:16.929 [Forwarding getElementTagName on session acd7498d470727c726765582eefc9b66 to remote] DEBUG org.asynchttpclient.netty.request.NettyRequestSender - Using pooled Channel '[id: 0xadd87ca6, L:/127.0.0.1:61852 - R:localhost/127.0.0.1:63555]' for 'GET' to 'http://localhost:63555/session/acd7498d470727c726765582eefc9b66/element/e480ef57-5cec-4437-8166-27dcab0c55cd/name'
20:36:16.929 [Forwarding getElementTagName on session acd7498d470727c726765582eefc9b66 to remote] DEBUG org.asynchttpclient.netty.request.NettyRequestSender - Using open Channel [id: 0xadd87ca6, L:/127.0.0.1:61852 - R:localhost/127.0.0.1:63555] for GET '/session/acd7498d470727c726765582eefc9b66/element/e480ef57-5cec-4437-8166-27dcab0c55cd/name'
20:36:16.937 [AsyncHttpClient-1-3] DEBUG org.asynchttpclient.netty.handler.HttpHandler - 

Request DefaultFullHttpRequest(decodeResult: success, version: HTTP/1.1, content: EmptyByteBufBE)
GET /session/acd7498d470727c726765582eefc9b66/element/e480ef57-5cec-4437-8166-27dcab0c55cd/name HTTP/1.1
User-Agent: selenium/4.1.2 (java windows)
Cache-Control: no-cache
Content-Type: application/json; charset=utf-8
host: localhost:63555
accept: */*

Response DefaultHttpResponse(decodeResult: success, version: HTTP/1.1)
HTTP/1.1 200 OK
Content-Type: application/json; charset=utf-8
cache-control: no-cache
content-length: 18

20:36:16.938 [AsyncHttpClient-1-3] DEBUG org.asynchttpclient.netty.channel.ChannelManager - Adding key: http://localhost:63555 for channel [id: 0xadd87ca6, L:/127.0.0.1:61852 - R:localhost/127.0.0.1:63555]
20:36:16.943 [Forwarding isElementEnabled on session acd7498d470727c726765582eefc9b66 to remote] DEBUG org.asynchttpclient.netty.request.NettyRequestSender - Using pooled Channel '[id: 0xadd87ca6, L:/127.0.0.1:61852 - R:localhost/127.0.0.1:63555]' for 'GET' to 'http://localhost:63555/session/acd7498d470727c726765582eefc9b66/element/e480ef57-5cec-4437-8166-27dcab0c55cd/enabled'
20:36:16.943 [Forwarding isElementEnabled on session acd7498d470727c726765582eefc9b66 to remote] DEBUG org.asynchttpclient.netty.request.NettyRequestSender - Using open Channel [id: 0xadd87ca6, L:/127.0.0.1:61852 - R:localhost/127.0.0.1:63555] for GET '/session/acd7498d470727c726765582eefc9b66/element/e480ef57-5cec-4437-8166-27dcab0c55cd/enabled'
20:36:16.967 [AsyncHttpClient-1-3] DEBUG org.asynchttpclient.netty.handler.HttpHandler - 

Request DefaultFullHttpRequest(decodeResult: success, version: HTTP/1.1, content: EmptyByteBufBE)
GET /session/acd7498d470727c726765582eefc9b66/element/e480ef57-5cec-4437-8166-27dcab0c55cd/enabled HTTP/1.1
User-Agent: selenium/4.1.2 (java windows)
Cache-Control: no-cache
Content-Type: application/json; charset=utf-8
host: localhost:63555
accept: */*

Response DefaultHttpResponse(decodeResult: success, version: HTTP/1.1)
HTTP/1.1 200 OK
Content-Type: application/json; charset=utf-8
cache-control: no-cache
content-length: 14

20:36:16.967 [AsyncHttpClient-1-3] DEBUG org.asynchttpclient.netty.channel.ChannelManager - Adding key: http://localhost:63555 for channel [id: 0xadd87ca6, L:/127.0.0.1:61852 - R:localhost/127.0.0.1:63555]
20:36:16.994 [Forwarding isElementEnabled on session acd7498d470727c726765582eefc9b66 to remote] DEBUG org.asynchttpclient.netty.request.NettyRequestSender - Using pooled Channel '[id: 0xadd87ca6, L:/127.0.0.1:61852 - R:localhost/127.0.0.1:63555]' for 'GET' to 'http://localhost:63555/session/acd7498d470727c726765582eefc9b66/element/e480ef57-5cec-4437-8166-27dcab0c55cd/enabled'
20:36:16.994 [Forwarding isElementEnabled on session acd7498d470727c726765582eefc9b66 to remote] DEBUG org.asynchttpclient.netty.request.NettyRequestSender - Using open Channel [id: 0xadd87ca6, L:/127.0.0.1:61852 - R:localhost/127.0.0.1:63555] for GET '/session/acd7498d470727c726765582eefc9b66/element/e480ef57-5cec-4437-8166-27dcab0c55cd/enabled'
20:36:17.011 [AsyncHttpClient-1-3] DEBUG org.asynchttpclient.netty.handler.HttpHandler - 

Request DefaultFullHttpRequest(decodeResult: success, version: HTTP/1.1, content: EmptyByteBufBE)
GET /session/acd7498d470727c726765582eefc9b66/element/e480ef57-5cec-4437-8166-27dcab0c55cd/enabled HTTP/1.1
User-Agent: selenium/4.1.2 (java windows)
Cache-Control: no-cache
Content-Type: application/json; charset=utf-8
host: localhost:63555
accept: */*

Response DefaultHttpResponse(decodeResult: success, version: HTTP/1.1)
HTTP/1.1 200 OK
Content-Type: application/json; charset=utf-8
cache-control: no-cache
content-length: 14

20:36:17.011 [AsyncHttpClient-1-3] DEBUG org.asynchttpclient.netty.channel.ChannelManager - Adding key: http://localhost:63555 for channel [id: 0xadd87ca6, L:/127.0.0.1:61852 - R:localhost/127.0.0.1:63555]
20:36:17.015 [Forwarding findElement on session acd7498d470727c726765582eefc9b66 to remote] DEBUG org.asynchttpclient.netty.request.NettyRequestSender - Using pooled Channel '[id: 0xadd87ca6, L:/127.0.0.1:61852 - R:localhost/127.0.0.1:63555]' for 'POST' to 'http://localhost:63555/session/acd7498d470727c726765582eefc9b66/element'
20:36:17.015 [Forwarding findElement on session acd7498d470727c726765582eefc9b66 to remote] DEBUG org.asynchttpclient.netty.request.NettyRequestSender - Using open Channel [id: 0xadd87ca6, L:/127.0.0.1:61852 - R:localhost/127.0.0.1:63555] for POST '/session/acd7498d470727c726765582eefc9b66/element'
20:36:17.032 [AsyncHttpClient-1-3] DEBUG org.asynchttpclient.netty.handler.HttpHandler - 

Request DefaultHttpRequest(decodeResult: success, version: HTTP/1.1)
POST /session/acd7498d470727c726765582eefc9b66/element HTTP/1.1
User-Agent: selenium/4.1.2 (java windows)
Content-Length: 68
Content-Type: application/json; charset=utf-8
host: localhost:63555
accept: */*

Response DefaultHttpResponse(decodeResult: success, version: HTTP/1.1)
HTTP/1.1 200 OK
Content-Type: application/json; charset=utf-8
cache-control: no-cache
content-length: 88

20:36:17.032 [AsyncHttpClient-1-3] DEBUG org.asynchttpclient.netty.channel.ChannelManager - Adding key: http://localhost:63555 for channel [id: 0xadd87ca6, L:/127.0.0.1:61852 - R:localhost/127.0.0.1:63555]
20:36:17.034 [Forwarding clickElement on session acd7498d470727c726765582eefc9b66 to remote] DEBUG org.asynchttpclient.netty.request.NettyRequestSender - Using pooled Channel '[id: 0xadd87ca6, L:/127.0.0.1:61852 - R:localhost/127.0.0.1:63555]' for 'POST' to 'http://localhost:63555/session/acd7498d470727c726765582eefc9b66/element/e480ef57-5cec-4437-8166-27dcab0c55cd/click'
20:36:17.035 [Forwarding clickElement on session acd7498d470727c726765582eefc9b66 to remote] DEBUG org.asynchttpclient.netty.request.NettyRequestSender - Using open Channel [id: 0xadd87ca6, L:/127.0.0.1:61852 - R:localhost/127.0.0.1:63555] for POST '/session/acd7498d470727c726765582eefc9b66/element/e480ef57-5cec-4437-8166-27dcab0c55cd/click'
20:36:17.153 [AsyncHttpClient-1-3] DEBUG org.asynchttpclient.netty.handler.HttpHandler - 

Request DefaultHttpRequest(decodeResult: success, version: HTTP/1.1)
POST /session/acd7498d470727c726765582eefc9b66/element/e480ef57-5cec-4437-8166-27dcab0c55cd/click HTTP/1.1
User-Agent: selenium/4.1.2 (java windows)
Content-Length: 50
Content-Type: application/json; charset=utf-8
host: localhost:63555
accept: */*

Response DefaultHttpResponse(decodeResult: success, version: HTTP/1.1)
HTTP/1.1 200 OK
Content-Type: application/json; charset=utf-8
cache-control: no-cache
content-length: 14

20:36:17.153 [AsyncHttpClient-1-3] DEBUG org.asynchttpclient.netty.channel.ChannelManager - Adding key: http://localhost:63555 for channel [id: 0xadd87ca6, L:/127.0.0.1:61852 - R:localhost/127.0.0.1:63555]
20:36:17.170 [Forwarding screenshot on session acd7498d470727c726765582eefc9b66 to remote] DEBUG org.asynchttpclient.netty.request.NettyRequestSender - Using pooled Channel '[id: 0xadd87ca6, L:/127.0.0.1:61852 - R:localhost/127.0.0.1:63555]' for 'GET' to 'http://localhost:63555/session/acd7498d470727c726765582eefc9b66/screenshot'
20:36:17.170 [Forwarding screenshot on session acd7498d470727c726765582eefc9b66 to remote] DEBUG org.asynchttpclient.netty.request.NettyRequestSender - Using open Channel [id: 0xadd87ca6, L:/127.0.0.1:61852 - R:localhost/127.0.0.1:63555] for GET '/session/acd7498d470727c726765582eefc9b66/screenshot'
20:36:17.204 [AsyncHttpClient-1-1] DEBUG org.asynchttpclient.netty.channel.DefaultChannelPool - Entry count for : http://localhost:61855 : 1
20:36:17.759 [AsyncHttpClient-1-3] DEBUG org.asynchttpclient.netty.handler.HttpHandler - 

Request DefaultFullHttpRequest(decodeResult: success, version: HTTP/1.1, content: EmptyByteBufBE)
GET /session/acd7498d470727c726765582eefc9b66/screenshot HTTP/1.1
User-Agent: selenium/4.1.2 (java windows)
Cache-Control: no-cache
Content-Type: application/json; charset=utf-8
host: localhost:63555
accept: */*

Response DefaultHttpResponse(decodeResult: success, version: HTTP/1.1)
HTTP/1.1 500 Internal Server Error
Content-Type: application/json; charset=utf-8
cache-control: no-cache
content-length: 854

20:36:17.759 [AsyncHttpClient-1-3] DEBUG org.asynchttpclient.netty.channel.ChannelManager - Adding key: http://localhost:63555 for channel [id: 0xadd87ca6, L:/127.0.0.1:61852 - R:localhost/127.0.0.1:63555]
20:36:17.761 [main] WARN net.thucydides.core.webdriver.WebDriverFacade - Failed to take screenshot (unexpected alert open: <unknown>
  (Session info: chrome=102.0.5005.115): 
Build info: version: '4.1.2', revision: '9a5a329c5a'
System info: host: 'MOOK-HON', ip: '192.168.100.6', os.name: 'Windows 10', os.arch: 'amd64', os.version: '10.0', java.version: '11.0.14'
Driver info: org.openqa.selenium.chrome.ChromeDriver
Command: [acd7498d470727c726765582eefc9b66, screenshot {}]
Capabilities {acceptInsecureCerts: false, browserName: chrome, browserVersion: 102.0.5005.115, chrome: {chromedriverVersion: 102.0.5005.61 (0e59bcc00cc4..., userDataDir: C:\Users\ASUS\AppData\Local...}, goog:chromeOptions: {debuggerAddress: localhost:61855}, javascriptEnabled: true, networkConnectionEnabled: false, pageLoadStrategy: normal, platform: WINDOWS, platformName: WINDOWS, proxy: Proxy(), se:cdp: ws://localhost:61855/devtoo..., se:cdpVersion: 102.0.5005.115, setWindowRect: true, strictFileInteractability: false, timeouts: {implicit: 0, pageLoad: 300000, script: 30000}, unhandledPromptBehavior: dismiss and notify, webauthn:extension:credBlob: true, webauthn:extension:largeBlob: true, webauthn:virtualAuthenticators: true}
Session ID: acd7498d470727c726765582eefc9b66)
20:36:17.761 [main] DEBUG net.thucydides.core.steps.StepInterceptor - STEP DONE: clickButtonSave
  &amp#27;[32mAnd &amp#27;[0m&amp#27;[32mClick button simpan&amp#27;[0m                                                          &amp#27;[90m# starter.stepdefinitios.PatientDataSteps.clickButtonSimpan()&amp#27;[0m
20:36:17.778 [Forwarding screenshot on session acd7498d470727c726765582eefc9b66 to remote] DEBUG org.asynchttpclient.netty.request.NettyRequestSender - Using pooled Channel '[id: 0xadd87ca6, L:/127.0.0.1:61852 - R:localhost/127.0.0.1:63555]' for 'GET' to 'http://localhost:63555/session/acd7498d470727c726765582eefc9b66/screenshot'
20:36:17.778 [Forwarding screenshot on session acd7498d470727c726765582eefc9b66 to remote] DEBUG org.asynchttpclient.netty.request.NettyRequestSender - Using open Channel [id: 0xadd87ca6, L:/127.0.0.1:61852 - R:localhost/127.0.0.1:63555] for GET '/session/acd7498d470727c726765582eefc9b66/screenshot'
20:36:17.784 [AsyncHttpClient-1-3] DEBUG org.asynchttpclient.netty.handler.HttpHandler - 

Request DefaultFullHttpRequest(decodeResult: success, version: HTTP/1.1, content: EmptyByteBufBE)
GET /session/acd7498d470727c726765582eefc9b66/screenshot HTTP/1.1
User-Agent: selenium/4.1.2 (java windows)
Cache-Control: no-cache
Content-Type: application/json; charset=utf-8
host: localhost:63555
accept: */*

Response DefaultHttpResponse(decodeResult: success, version: HTTP/1.1)
HTTP/1.1 500 Internal Server Error
Content-Type: application/json; charset=utf-8
cache-control: no-cache
content-length: 889

20:36:17.784 [AsyncHttpClient-1-3] DEBUG org.asynchttpclient.netty.channel.ChannelManager - Adding key: http://localhost:63555 for channel [id: 0xadd87ca6, L:/127.0.0.1:61852 - R:localhost/127.0.0.1:63555]
20:36:17.786 [main] WARN net.thucydides.core.webdriver.WebDriverFacade - Failed to take screenshot (unexpected alert open: {Alert text : data telah diubah}
  (Session info: chrome=102.0.5005.115): data telah diubah
Build info: version: '4.1.2', revision: '9a5a329c5a'
System info: host: 'MOOK-HON', ip: '192.168.100.6', os.name: 'Windows 10', os.arch: 'amd64', os.version: '10.0', java.version: '11.0.14'
Driver info: org.openqa.selenium.chrome.ChromeDriver
Command: [acd7498d470727c726765582eefc9b66, screenshot {}]
Capabilities {acceptInsecureCerts: false, browserName: chrome, browserVersion: 102.0.5005.115, chrome: {chromedriverVersion: 102.0.5005.61 (0e59bcc00cc4..., userDataDir: C:\Users\ASUS\AppData\Local...}, goog:chromeOptions: {debuggerAddress: localhost:61855}, javascriptEnabled: true, networkConnectionEnabled: false, pageLoadStrategy: normal, platform: WINDOWS, platformName: WINDOWS, proxy: Proxy(), se:cdp: ws://localhost:61855/devtoo..., se:cdpVersion: 102.0.5005.115, setWindowRect: true, strictFileInteractability: false, timeouts: {implicit: 0, pageLoad: 300000, script: 30000}, unhandledPromptBehavior: dismiss and notify, webauthn:extension:credBlob: true, webauthn:extension:largeBlob: true, webauthn:virtualAuthenticators: true}
Session ID: acd7498d470727c726765582eefc9b66)
20:36:17.814 [Forwarding screenshot on session acd7498d470727c726765582eefc9b66 to remote] DEBUG org.asynchttpclient.netty.request.NettyRequestSender - Using pooled Channel '[id: 0xadd87ca6, L:/127.0.0.1:61852 - R:localhost/127.0.0.1:63555]' for 'GET' to 'http://localhost:63555/session/acd7498d470727c726765582eefc9b66/screenshot'
20:36:17.815 [Forwarding screenshot on session acd7498d470727c726765582eefc9b66 to remote] DEBUG org.asynchttpclient.netty.request.NettyRequestSender - Using open Channel [id: 0xadd87ca6, L:/127.0.0.1:61852 - R:localhost/127.0.0.1:63555] for GET '/session/acd7498d470727c726765582eefc9b66/screenshot'
20:36:18.291 [AsyncHttpClient-1-1] DEBUG org.asynchttpclient.netty.channel.DefaultChannelPool - Entry count for : http://localhost:61855 : 1
20:36:18.531 [AsyncHttpClient-1-3] DEBUG org.asynchttpclient.netty.handler.HttpHandler - 

Request DefaultFullHttpRequest(decodeResult: success, version: HTTP/1.1, content: EmptyByteBufBE)
GET /session/acd7498d470727c726765582eefc9b66/screenshot HTTP/1.1
User-Agent: selenium/4.1.2 (java windows)
Cache-Control: no-cache
Content-Type: application/json; charset=utf-8
host: localhost:63555
accept: */*

Response DefaultHttpResponse(decodeResult: success, version: HTTP/1.1)
HTTP/1.1 200 OK
Content-Type: application/json; charset=utf-8
cache-control: no-cache
content-length: 355208

20:36:18.534 [AsyncHttpClient-1-3] DEBUG org.asynchttpclient.netty.channel.ChannelManager - Adding key: http://localhost:63555 for channel [id: 0xadd87ca6, L:/127.0.0.1:61852 - R:localhost/127.0.0.1:63555]
20:36:18.561 [main] DEBUG net.serenitybdd.core.photography.Darkroom - Send negative for processing for target\site\serenity\fd6b56e5f342a2adf2a896aa4a6b129f442417005c893757c0d48475c071968d.png
20:36:18.562 [Darkroom Processing Line] DEBUG net.serenitybdd.core.photography.DarkroomProcessingLine - Processing screenshot image in /var/screenshots/screenshot-5999590817668500532
20:36:18.563 [Darkroom Processing Line] DEBUG net.serenitybdd.core.photography.DarkroomProcessingLine - Saving screenshot to target\site\serenity\fd6b56e5f342a2adf2a896aa4a6b129f442417005c893757c0d48475c071968d.png
20:36:19.084 [Forwarding screenshot on session acd7498d470727c726765582eefc9b66 to remote] DEBUG org.asynchttpclient.netty.request.NettyRequestSender - Using pooled Channel '[id: 0xadd87ca6, L:/127.0.0.1:61852 - R:localhost/127.0.0.1:63555]' for 'GET' to 'http://localhost:63555/session/acd7498d470727c726765582eefc9b66/screenshot'
20:36:19.084 [Forwarding screenshot on session acd7498d470727c726765582eefc9b66 to remote] DEBUG org.asynchttpclient.netty.request.NettyRequestSender - Using open Channel [id: 0xadd87ca6, L:/127.0.0.1:61852 - R:localhost/127.0.0.1:63555] for GET '/session/acd7498d470727c726765582eefc9b66/screenshot'
20:36:19.391 [AsyncHttpClient-1-1] DEBUG org.asynchttpclient.netty.channel.DefaultChannelPool - Entry count for : http://localhost:61855 : 1
20:36:19.477 [AsyncHttpClient-1-3] DEBUG org.asynchttpclient.netty.handler.HttpHandler - 

Request DefaultFullHttpRequest(decodeResult: success, version: HTTP/1.1, content: EmptyByteBufBE)
GET /session/acd7498d470727c726765582eefc9b66/screenshot HTTP/1.1
User-Agent: selenium/4.1.2 (java windows)
Cache-Control: no-cache
Content-Type: application/json; charset=utf-8
host: localhost:63555
accept: */*

Response DefaultHttpResponse(decodeResult: success, version: HTTP/1.1)
HTTP/1.1 200 OK
Content-Type: application/json; charset=utf-8
cache-control: no-cache
content-length: 355208

20:36:19.479 [AsyncHttpClient-1-3] DEBUG org.asynchttpclient.netty.channel.ChannelManager - Adding key: http://localhost:63555 for channel [id: 0xadd87ca6, L:/127.0.0.1:61852 - R:localhost/127.0.0.1:63555]
20:36:19.511 [main] DEBUG net.serenitybdd.core.photography.Darkroom - Send negative for processing for target\site\serenity\fd6b56e5f342a2adf2a896aa4a6b129f442417005c893757c0d48475c071968d.png
20:36:19.511 [main] DEBUG net.thucydides.core.steps.StepInterceptor - STARTING STEP: PatientDataSteps.validEditData - clickButtonBack
20:36:19.519 [Forwarding findElement on session acd7498d470727c726765582eefc9b66 to remote] DEBUG org.asynchttpclient.netty.request.NettyRequestSender - Using pooled Channel '[id: 0xadd87ca6, L:/127.0.0.1:61852 - R:localhost/127.0.0.1:63555]' for 'POST' to 'http://localhost:63555/session/acd7498d470727c726765582eefc9b66/element'
20:36:19.520 [Forwarding findElement on session acd7498d470727c726765582eefc9b66 to remote] DEBUG org.asynchttpclient.netty.request.NettyRequestSender - Using open Channel [id: 0xadd87ca6, L:/127.0.0.1:61852 - R:localhost/127.0.0.1:63555] for POST '/session/acd7498d470727c726765582eefc9b66/element'
20:36:19.574 [AsyncHttpClient-1-3] DEBUG org.asynchttpclient.netty.handler.HttpHandler - 

Request DefaultHttpRequest(decodeResult: success, version: HTTP/1.1)
POST /session/acd7498d470727c726765582eefc9b66/element HTTP/1.1
User-Agent: selenium/4.1.2 (java windows)
Content-Length: 137
Content-Type: application/json; charset=utf-8
host: localhost:63555
accept: */*

Response DefaultHttpResponse(decodeResult: success, version: HTTP/1.1)
HTTP/1.1 200 OK
Content-Type: application/json; charset=utf-8
cache-control: no-cache
content-length: 88

20:36:19.574 [AsyncHttpClient-1-3] DEBUG org.asynchttpclient.netty.channel.ChannelManager - Adding key: http://localhost:63555 for channel [id: 0xadd87ca6, L:/127.0.0.1:61852 - R:localhost/127.0.0.1:63555]
20:36:19.577 [Forwarding getElementTagName on session acd7498d470727c726765582eefc9b66 to remote] DEBUG org.asynchttpclient.netty.request.NettyRequestSender - Using pooled Channel '[id: 0xadd87ca6, L:/127.0.0.1:61852 - R:localhost/127.0.0.1:63555]' for 'GET' to 'http://localhost:63555/session/acd7498d470727c726765582eefc9b66/element/b0bb895b-07d9-41ee-92b6-f4d0ccd6b6ed/name'
20:36:19.577 [Forwarding getElementTagName on session acd7498d470727c726765582eefc9b66 to remote] DEBUG org.asynchttpclient.netty.request.NettyRequestSender - Using open Channel [id: 0xadd87ca6, L:/127.0.0.1:61852 - R:localhost/127.0.0.1:63555] for GET '/session/acd7498d470727c726765582eefc9b66/element/b0bb895b-07d9-41ee-92b6-f4d0ccd6b6ed/name'
20:36:19.591 [AsyncHttpClient-1-3] DEBUG org.asynchttpclient.netty.handler.HttpHandler - 

Request DefaultFullHttpRequest(decodeResult: success, version: HTTP/1.1, content: EmptyByteBufBE)
GET /session/acd7498d470727c726765582eefc9b66/element/b0bb895b-07d9-41ee-92b6-f4d0ccd6b6ed/name HTTP/1.1
User-Agent: selenium/4.1.2 (java windows)
Cache-Control: no-cache
Content-Type: application/json; charset=utf-8
host: localhost:63555
accept: */*

Response DefaultHttpResponse(decodeResult: success, version: HTTP/1.1)
HTTP/1.1 200 OK
Content-Type: application/json; charset=utf-8
cache-control: no-cache
content-length: 18

20:36:19.591 [AsyncHttpClient-1-3] DEBUG org.asynchttpclient.netty.channel.ChannelManager - Adding key: http://localhost:63555 for channel [id: 0xadd87ca6, L:/127.0.0.1:61852 - R:localhost/127.0.0.1:63555]
20:36:19.593 [Forwarding getElementTagName on session acd7498d470727c726765582eefc9b66 to remote] DEBUG org.asynchttpclient.netty.request.NettyRequestSender - Using pooled Channel '[id: 0xadd87ca6, L:/127.0.0.1:61852 - R:localhost/127.0.0.1:63555]' for 'GET' to 'http://localhost:63555/session/acd7498d470727c726765582eefc9b66/element/b0bb895b-07d9-41ee-92b6-f4d0ccd6b6ed/name'
20:36:19.593 [Forwarding getElementTagName on session acd7498d470727c726765582eefc9b66 to remote] DEBUG org.asynchttpclient.netty.request.NettyRequestSender - Using open Channel [id: 0xadd87ca6, L:/127.0.0.1:61852 - R:localhost/127.0.0.1:63555] for GET '/session/acd7498d470727c726765582eefc9b66/element/b0bb895b-07d9-41ee-92b6-f4d0ccd6b6ed/name'
20:36:19.601 [AsyncHttpClient-1-3] DEBUG org.asynchttpclient.netty.handler.HttpHandler - 

Request DefaultFullHttpRequest(decodeResult: success, version: HTTP/1.1, content: EmptyByteBufBE)
GET /session/acd7498d470727c726765582eefc9b66/element/b0bb895b-07d9-41ee-92b6-f4d0ccd6b6ed/name HTTP/1.1
User-Agent: selenium/4.1.2 (java windows)
Cache-Control: no-cache
Content-Type: application/json; charset=utf-8
host: localhost:63555
accept: */*

Response DefaultHttpResponse(decodeResult: success, version: HTTP/1.1)
HTTP/1.1 200 OK
Content-Type: application/json; charset=utf-8
cache-control: no-cache
content-length: 18

20:36:19.601 [AsyncHttpClient-1-3] DEBUG org.asynchttpclient.netty.channel.ChannelManager - Adding key: http://localhost:63555 for channel [id: 0xadd87ca6, L:/127.0.0.1:61852 - R:localhost/127.0.0.1:63555]
20:36:19.601 [Forwarding isElementEnabled on session acd7498d470727c726765582eefc9b66 to remote] DEBUG org.asynchttpclient.netty.request.NettyRequestSender - Using pooled Channel '[id: 0xadd87ca6, L:/127.0.0.1:61852 - R:localhost/127.0.0.1:63555]' for 'GET' to 'http://localhost:63555/session/acd7498d470727c726765582eefc9b66/element/b0bb895b-07d9-41ee-92b6-f4d0ccd6b6ed/enabled'
20:36:19.601 [Forwarding isElementEnabled on session acd7498d470727c726765582eefc9b66 to remote] DEBUG org.asynchttpclient.netty.request.NettyRequestSender - Using open Channel [id: 0xadd87ca6, L:/127.0.0.1:61852 - R:localhost/127.0.0.1:63555] for GET '/session/acd7498d470727c726765582eefc9b66/element/b0bb895b-07d9-41ee-92b6-f4d0ccd6b6ed/enabled'
20:36:19.628 [AsyncHttpClient-1-3] DEBUG org.asynchttpclient.netty.handler.HttpHandler - 

Request DefaultFullHttpRequest(decodeResult: success, version: HTTP/1.1, content: EmptyByteBufBE)
GET /session/acd7498d470727c726765582eefc9b66/element/b0bb895b-07d9-41ee-92b6-f4d0ccd6b6ed/enabled HTTP/1.1
User-Agent: selenium/4.1.2 (java windows)
Cache-Control: no-cache
Content-Type: application/json; charset=utf-8
host: localhost:63555
accept: */*

Response DefaultHttpResponse(decodeResult: success, version: HTTP/1.1)
HTTP/1.1 200 OK
Content-Type: application/json; charset=utf-8
cache-control: no-cache
content-length: 14

20:36:19.628 [AsyncHttpClient-1-3] DEBUG org.asynchttpclient.netty.channel.ChannelManager - Adding key: http://localhost:63555 for channel [id: 0xadd87ca6, L:/127.0.0.1:61852 - R:localhost/127.0.0.1:63555]
20:36:19.643 [Forwarding isElementEnabled on session acd7498d470727c726765582eefc9b66 to remote] DEBUG org.asynchttpclient.netty.request.NettyRequestSender - Using pooled Channel '[id: 0xadd87ca6, L:/127.0.0.1:61852 - R:localhost/127.0.0.1:63555]' for 'GET' to 'http://localhost:63555/session/acd7498d470727c726765582eefc9b66/element/b0bb895b-07d9-41ee-92b6-f4d0ccd6b6ed/enabled'
20:36:19.643 [Forwarding isElementEnabled on session acd7498d470727c726765582eefc9b66 to remote] DEBUG org.asynchttpclient.netty.request.NettyRequestSender - Using open Channel [id: 0xadd87ca6, L:/127.0.0.1:61852 - R:localhost/127.0.0.1:63555] for GET '/session/acd7498d470727c726765582eefc9b66/element/b0bb895b-07d9-41ee-92b6-f4d0ccd6b6ed/enabled'
20:36:19.675 [AsyncHttpClient-1-3] DEBUG org.asynchttpclient.netty.handler.HttpHandler - 

Request DefaultFullHttpRequest(decodeResult: success, version: HTTP/1.1, content: EmptyByteBufBE)
GET /session/acd7498d470727c726765582eefc9b66/element/b0bb895b-07d9-41ee-92b6-f4d0ccd6b6ed/enabled HTTP/1.1
User-Agent: selenium/4.1.2 (java windows)
Cache-Control: no-cache
Content-Type: application/json; charset=utf-8
host: localhost:63555
accept: */*

Response DefaultHttpResponse(decodeResult: success, version: HTTP/1.1)
HTTP/1.1 200 OK
Content-Type: application/json; charset=utf-8
cache-control: no-cache
content-length: 14

20:36:19.675 [AsyncHttpClient-1-3] DEBUG org.asynchttpclient.netty.channel.ChannelManager - Adding key: http://localhost:63555 for channel [id: 0xadd87ca6, L:/127.0.0.1:61852 - R:localhost/127.0.0.1:63555]
20:36:19.675 [Forwarding findElement on session acd7498d470727c726765582eefc9b66 to remote] DEBUG org.asynchttpclient.netty.request.NettyRequestSender - Using pooled Channel '[id: 0xadd87ca6, L:/127.0.0.1:61852 - R:localhost/127.0.0.1:63555]' for 'POST' to 'http://localhost:63555/session/acd7498d470727c726765582eefc9b66/element'
20:36:19.675 [Forwarding findElement on session acd7498d470727c726765582eefc9b66 to remote] DEBUG org.asynchttpclient.netty.request.NettyRequestSender - Using open Channel [id: 0xadd87ca6, L:/127.0.0.1:61852 - R:localhost/127.0.0.1:63555] for POST '/session/acd7498d470727c726765582eefc9b66/element'
20:36:19.713 [AsyncHttpClient-1-3] DEBUG org.asynchttpclient.netty.handler.HttpHandler - 

Request DefaultHttpRequest(decodeResult: success, version: HTTP/1.1)
POST /session/acd7498d470727c726765582eefc9b66/element HTTP/1.1
User-Agent: selenium/4.1.2 (java windows)
Content-Length: 137
Content-Type: application/json; charset=utf-8
host: localhost:63555
accept: */*

Response DefaultHttpResponse(decodeResult: success, version: HTTP/1.1)
HTTP/1.1 200 OK
Content-Type: application/json; charset=utf-8
cache-control: no-cache
content-length: 88

20:36:19.713 [AsyncHttpClient-1-3] DEBUG org.asynchttpclient.netty.channel.ChannelManager - Adding key: http://localhost:63555 for channel [id: 0xadd87ca6, L:/127.0.0.1:61852 - R:localhost/127.0.0.1:63555]
20:36:19.715 [Forwarding clickElement on session acd7498d470727c726765582eefc9b66 to remote] DEBUG org.asynchttpclient.netty.request.NettyRequestSender - Using pooled Channel '[id: 0xadd87ca6, L:/127.0.0.1:61852 - R:localhost/127.0.0.1:63555]' for 'POST' to 'http://localhost:63555/session/acd7498d470727c726765582eefc9b66/element/b0bb895b-07d9-41ee-92b6-f4d0ccd6b6ed/click'
20:36:19.715 [Forwarding clickElement on session acd7498d470727c726765582eefc9b66 to remote] DEBUG org.asynchttpclient.netty.request.NettyRequestSender - Using open Channel [id: 0xadd87ca6, L:/127.0.0.1:61852 - R:localhost/127.0.0.1:63555] for POST '/session/acd7498d470727c726765582eefc9b66/element/b0bb895b-07d9-41ee-92b6-f4d0ccd6b6ed/click'
20:36:20.067 [AsyncHttpClient-1-3] DEBUG org.asynchttpclient.netty.handler.HttpHandler - 

Request DefaultHttpRequest(decodeResult: success, version: HTTP/1.1)
POST /session/acd7498d470727c726765582eefc9b66/element/b0bb895b-07d9-41ee-92b6-f4d0ccd6b6ed/click HTTP/1.1
User-Agent: selenium/4.1.2 (java windows)
Content-Length: 50
Content-Type: application/json; charset=utf-8
host: localhost:63555
accept: */*

Response DefaultHttpResponse(decodeResult: success, version: HTTP/1.1)
HTTP/1.1 200 OK
Content-Type: application/json; charset=utf-8
cache-control: no-cache
content-length: 14

20:36:20.067 [AsyncHttpClient-1-3] DEBUG org.asynchttpclient.netty.channel.ChannelManager - Adding key: http://localhost:63555 for channel [id: 0xadd87ca6, L:/127.0.0.1:61852 - R:localhost/127.0.0.1:63555]
20:36:20.093 [Forwarding screenshot on session acd7498d470727c726765582eefc9b66 to remote] DEBUG org.asynchttpclient.netty.request.NettyRequestSender - Using pooled Channel '[id: 0xadd87ca6, L:/127.0.0.1:61852 - R:localhost/127.0.0.1:63555]' for 'GET' to 'http://localhost:63555/session/acd7498d470727c726765582eefc9b66/screenshot'
20:36:20.093 [Forwarding screenshot on session acd7498d470727c726765582eefc9b66 to remote] DEBUG org.asynchttpclient.netty.request.NettyRequestSender - Using open Channel [id: 0xadd87ca6, L:/127.0.0.1:61852 - R:localhost/127.0.0.1:63555] for GET '/session/acd7498d470727c726765582eefc9b66/screenshot'
20:36:20.494 [AsyncHttpClient-1-1] DEBUG org.asynchttpclient.netty.channel.DefaultChannelPool - Entry count for : http://localhost:61855 : 1
20:36:20.647 [AsyncHttpClient-1-3] DEBUG org.asynchttpclient.netty.handler.HttpHandler - 

Request DefaultFullHttpRequest(decodeResult: success, version: HTTP/1.1, content: EmptyByteBufBE)
GET /session/acd7498d470727c726765582eefc9b66/screenshot HTTP/1.1
User-Agent: selenium/4.1.2 (java windows)
Cache-Control: no-cache
Content-Type: application/json; charset=utf-8
host: localhost:63555
accept: */*

Response DefaultHttpResponse(decodeResult: success, version: HTTP/1.1)
HTTP/1.1 200 OK
Content-Type: application/json; charset=utf-8
cache-control: no-cache
content-length: 349208

20:36:20.649 [AsyncHttpClient-1-3] DEBUG org.asynchttpclient.netty.channel.ChannelManager - Adding key: http://localhost:63555 for channel [id: 0xadd87ca6, L:/127.0.0.1:61852 - R:localhost/127.0.0.1:63555]
20:36:20.680 [main] DEBUG net.serenitybdd.core.photography.Darkroom - Send negative for processing for target\site\serenity\94b6ae48c5c9bbfb21f7014180f2df81d320fc10d6ed7b4f2c2c296a6f3bc589.png
20:36:20.680 [main] DEBUG net.thucydides.core.steps.StepInterceptor - STEP DONE: clickButtonBack
20:36:20.686 [Darkroom Processing Line] DEBUG net.serenitybdd.core.photography.DarkroomProcessingLine - Processing screenshot image in /var/screenshots/screenshot-7693249204059717818
20:36:20.686 [Darkroom Processing Line] DEBUG net.serenitybdd.core.photography.DarkroomProcessingLine - Saving screenshot to target\site\serenity\94b6ae48c5c9bbfb21f7014180f2df81d320fc10d6ed7b4f2c2c296a6f3bc589.png
20:36:20.702 [main] DEBUG net.thucydides.core.steps.StepInterceptor - STARTING STEP: PatientDataSteps.validEditData - checkValidDataPasien
20:36:20.708 [Forwarding findElement on session acd7498d470727c726765582eefc9b66 to remote] DEBUG org.asynchttpclient.netty.request.NettyRequestSender - Using pooled Channel '[id: 0xadd87ca6, L:/127.0.0.1:61852 - R:localhost/127.0.0.1:63555]' for 'POST' to 'http://localhost:63555/session/acd7498d470727c726765582eefc9b66/element'
20:36:20.708 [Forwarding findElement on session acd7498d470727c726765582eefc9b66 to remote] DEBUG org.asynchttpclient.netty.request.NettyRequestSender - Using open Channel [id: 0xadd87ca6, L:/127.0.0.1:61852 - R:localhost/127.0.0.1:63555] for POST '/session/acd7498d470727c726765582eefc9b66/element'
20:36:20.735 [AsyncHttpClient-1-3] DEBUG org.asynchttpclient.netty.handler.HttpHandler - 

Request DefaultHttpRequest(decodeResult: success, version: HTTP/1.1)
POST /session/acd7498d470727c726765582eefc9b66/element HTTP/1.1
User-Agent: selenium/4.1.2 (java windows)
Content-Length: 95
Content-Type: application/json; charset=utf-8
host: localhost:63555
accept: */*

Response DefaultHttpResponse(decodeResult: success, version: HTTP/1.1)
HTTP/1.1 200 OK
Content-Type: application/json; charset=utf-8
cache-control: no-cache
content-length: 88

20:36:20.735 [AsyncHttpClient-1-3] DEBUG org.asynchttpclient.netty.channel.ChannelManager - Adding key: http://localhost:63555 for channel [id: 0xadd87ca6, L:/127.0.0.1:61852 - R:localhost/127.0.0.1:63555]
20:36:20.737 [Forwarding isElementEnabled on session acd7498d470727c726765582eefc9b66 to remote] DEBUG org.asynchttpclient.netty.request.NettyRequestSender - Using pooled Channel '[id: 0xadd87ca6, L:/127.0.0.1:61852 - R:localhost/127.0.0.1:63555]' for 'GET' to 'http://localhost:63555/session/acd7498d470727c726765582eefc9b66/element/0628c29e-6c67-431d-bd40-1a8f7c3be259/enabled'
20:36:20.737 [Forwarding isElementEnabled on session acd7498d470727c726765582eefc9b66 to remote] DEBUG org.asynchttpclient.netty.request.NettyRequestSender - Using open Channel [id: 0xadd87ca6, L:/127.0.0.1:61852 - R:localhost/127.0.0.1:63555] for GET '/session/acd7498d470727c726765582eefc9b66/element/0628c29e-6c67-431d-bd40-1a8f7c3be259/enabled'
20:36:20.758 [AsyncHttpClient-1-3] DEBUG org.asynchttpclient.netty.handler.HttpHandler - 

Request DefaultFullHttpRequest(decodeResult: success, version: HTTP/1.1, content: EmptyByteBufBE)
GET /session/acd7498d470727c726765582eefc9b66/element/0628c29e-6c67-431d-bd40-1a8f7c3be259/enabled HTTP/1.1
User-Agent: selenium/4.1.2 (java windows)
Cache-Control: no-cache
Content-Type: application/json; charset=utf-8
host: localhost:63555
accept: */*

Response DefaultHttpResponse(decodeResult: success, version: HTTP/1.1)
HTTP/1.1 200 OK
Content-Type: application/json; charset=utf-8
cache-control: no-cache
content-length: 14

20:36:20.758 [AsyncHttpClient-1-3] DEBUG org.asynchttpclient.netty.channel.ChannelManager - Adding key: http://localhost:63555 for channel [id: 0xadd87ca6, L:/127.0.0.1:61852 - R:localhost/127.0.0.1:63555]
20:36:20.769 [Forwarding screenshot on session acd7498d470727c726765582eefc9b66 to remote] DEBUG org.asynchttpclient.netty.request.NettyRequestSender - Using pooled Channel '[id: 0xadd87ca6, L:/127.0.0.1:61852 - R:localhost/127.0.0.1:63555]' for 'GET' to 'http://localhost:63555/session/acd7498d470727c726765582eefc9b66/screenshot'
20:36:20.769 [Forwarding screenshot on session acd7498d470727c726765582eefc9b66 to remote] DEBUG org.asynchttpclient.netty.request.NettyRequestSender - Using open Channel [id: 0xadd87ca6, L:/127.0.0.1:61852 - R:localhost/127.0.0.1:63555] for GET '/session/acd7498d470727c726765582eefc9b66/screenshot'
20:36:21.149 [AsyncHttpClient-1-3] DEBUG org.asynchttpclient.netty.handler.HttpHandler - 

Request DefaultFullHttpRequest(decodeResult: success, version: HTTP/1.1, content: EmptyByteBufBE)
GET /session/acd7498d470727c726765582eefc9b66/screenshot HTTP/1.1
User-Agent: selenium/4.1.2 (java windows)
Cache-Control: no-cache
Content-Type: application/json; charset=utf-8
host: localhost:63555
accept: */*

Response DefaultHttpResponse(decodeResult: success, version: HTTP/1.1)
HTTP/1.1 200 OK
Content-Type: application/json; charset=utf-8
cache-control: no-cache
content-length: 353908

20:36:21.151 [AsyncHttpClient-1-3] DEBUG org.asynchttpclient.netty.channel.ChannelManager - Adding key: http://localhost:63555 for channel [id: 0xadd87ca6, L:/127.0.0.1:61852 - R:localhost/127.0.0.1:63555]
20:36:21.181 [main] DEBUG net.serenitybdd.core.photography.Darkroom - Send negative for processing for target\site\serenity\a4c1972ce35933fe391faf9fa62d18952cadf2adb06b9c8a016db6f750606d6c.png
20:36:21.182 [main] DEBUG net.thucydides.core.steps.StepInterceptor - STEP DONE: checkValidDataPasien
  &amp#27;[32mAnd &amp#27;[0m&amp#27;[32mValid edit data&amp#27;[0m                                                              &amp#27;[90m# starter.stepdefinitios.PatientDataSteps.validEditData()&amp#27;[0m
20:36:21.184 [Darkroom Processing Line] DEBUG net.serenitybdd.core.photography.DarkroomProcessingLine - Processing screenshot image in /var/screenshots/screenshot-9495290022445278323
20:36:21.184 [Darkroom Processing Line] DEBUG net.serenitybdd.core.photography.DarkroomProcessingLine - Saving screenshot to target\site\serenity\a4c1972ce35933fe391faf9fa62d18952cadf2adb06b9c8a016db6f750606d6c.png
20:36:21.225 [AsyncHttpClient-1-5] DEBUG org.asynchttpclient.netty.handler.WebSocketHandler - Channel Closed: [id: 0x29cd5759, L:/127.0.0.1:61867 ! R:localhost/127.0.0.1:61855] with attribute NettyResponseFuture{currentRetry=5,
	isDone=1,
	isCancelled=0,
	asyncHandler=org.asynchttpclient.ws.WebSocketUpgradeHandler@41e277c1,
	nettyRequest=org.asynchttpclient.netty.request.NettyRequest@3465a29e,
	future=java.util.concurrent.CompletableFuture@632c96a0[Completed normally],
	uri=ws://localhost:61855/devtools/browser/93f88395-52c8-440b-b3d0-596e192cb520,
	keepAlive=true,
	redirectCount=0,
	timeoutsHolder=null,
	inAuth=0,
	touch=1655991361769}
20:36:21.226 [AsyncHttpClient-1-5] DEBUG org.asynchttpclient.netty.channel.ChannelManager - Closing Channel [id: 0x29cd5759, L:/127.0.0.1:61867 ! R:localhost/127.0.0.1:61855] 
20:36:21.228 [Driver Command Executor] DEBUG org.asynchttpclient.netty.request.NettyRequestSender - Using pooled Channel '[id: 0xadd87ca6, L:/127.0.0.1:61852 - R:localhost/127.0.0.1:63555]' for 'DELETE' to 'http://localhost:63555/session/acd7498d470727c726765582eefc9b66'
20:36:21.228 [Driver Command Executor] DEBUG org.asynchttpclient.netty.request.NettyRequestSender - Using open Channel [id: 0xadd87ca6, L:/127.0.0.1:61852 - R:localhost/127.0.0.1:63555] for DELETE '/session/acd7498d470727c726765582eefc9b66'
20:36:21.592 [AsyncHttpClient-1-1] DEBUG org.asynchttpclient.netty.channel.DefaultChannelPool - Entry count for : http://localhost:61855 : 1
20:36:22.692 [AsyncHttpClient-1-1] DEBUG org.asynchttpclient.netty.channel.DefaultChannelPool - Entry count for : http://localhost:61855 : 1
20:36:23.791 [AsyncHttpClient-1-1] DEBUG org.asynchttpclient.netty.channel.DefaultChannelPool - Entry count for : http://localhost:61855 : 1
20:36:24.901 [AsyncHttpClient-1-1] DEBUG org.asynchttpclient.netty.channel.DefaultChannelPool - Entry count for : http://localhost:61855 : 1
20:36:25.990 [AsyncHttpClient-1-1] DEBUG org.asynchttpclient.netty.channel.DefaultChannelPool - Entry count for : http://localhost:61855 : 1
20:36:27.090 [AsyncHttpClient-1-1] DEBUG org.asynchttpclient.netty.channel.DefaultChannelPool - Entry count for : http://localhost:61855 : 1
20:36:28.190 [AsyncHttpClient-1-1] DEBUG org.asynchttpclient.netty.channel.DefaultChannelPool - Entry count for : http://localhost:61855 : 1
20:36:29.177 [AsyncHttpClient-1-4] DEBUG org.asynchttpclient.netty.handler.HttpHandler - Unexpected I/O exception on channel [id: 0xc6a64eee, L:/127.0.0.1:61866 - R:localhost/127.0.0.1:61855]
java.io.IOException: An existing connection was forcibly closed by the remote host
	at java.base/sun.nio.ch.SocketDispatcher.read0(Native Method)
	at java.base/sun.nio.ch.SocketDispatcher.read(SocketDispatcher.java:43)
	at java.base/sun.nio.ch.IOUtil.readIntoNativeBuffer(IOUtil.java:276)
	at java.base/sun.nio.ch.IOUtil.read(IOUtil.java:233)
	at java.base/sun.nio.ch.IOUtil.read(IOUtil.java:223)
	at java.base/sun.nio.ch.SocketChannelImpl.read(SocketChannelImpl.java:358)
	at io.netty.buffer.PooledByteBuf.setBytes(PooledByteBuf.java:258)
	at io.netty.buffer.AbstractByteBuf.writeBytes(AbstractByteBuf.java:1132)
	at io.netty.channel.socket.nio.NioSocketChannel.doReadBytes(NioSocketChannel.java:350)
	at io.netty.channel.nio.AbstractNioByteChannel$NioByteUnsafe.read(AbstractNioByteChannel.java:151)
	at io.netty.channel.nio.NioEventLoop.processSelectedKey(NioEventLoop.java:722)
	at io.netty.channel.nio.NioEventLoop.processSelectedKeysOptimized(NioEventLoop.java:658)
	at io.netty.channel.nio.NioEventLoop.processSelectedKeys(NioEventLoop.java:584)
	at io.netty.channel.nio.NioEventLoop.run(NioEventLoop.java:496)
	at io.netty.util.concurrent.SingleThreadEventExecutor$4.run(SingleThreadEventExecutor.java:986)
	at io.netty.util.internal.ThreadExecutorMap$2.run(ThreadExecutorMap.java:74)
	at io.netty.util.concurrent.FastThreadLocalRunnable.run(FastThreadLocalRunnable.java:30)
	at java.base/java.lang.Thread.run(Thread.java:834)
20:36:29.177 [AsyncHttpClient-1-4] DEBUG org.asynchttpclient.netty.channel.ChannelManager - Closing Channel [id: 0xc6a64eee, L:/127.0.0.1:61866 - R:localhost/127.0.0.1:61855] 
20:36:29.178 [AsyncHttpClient-1-4] DEBUG org.asynchttpclient.netty.handler.HttpHandler - Channel Closed: [id: 0xc6a64eee, L:/127.0.0.1:61866 ! R:localhost/127.0.0.1:61855] with attribute DISCARD
20:36:29.301 [AsyncHttpClient-1-1] DEBUG org.asynchttpclient.netty.channel.DefaultChannelPool - Entry count for : http://localhost:61855 : 1
20:36:29.301 [AsyncHttpClient-1-1] DEBUG org.asynchttpclient.netty.channel.DefaultChannelPool - Adding Candidate expired Channel [id: 0xc6a64eee, L:/127.0.0.1:61866 ! R:localhost/127.0.0.1:61855] isIdleTimeoutExpired=false isRemotelyClosed=true isTtlExpired=false
20:36:29.301 [AsyncHttpClient-1-1] DEBUG org.asynchttpclient.netty.channel.DefaultChannelPool - Closing Idle Channel [id: 0xc6a64eee, L:/127.0.0.1:61866 ! R:localhost/127.0.0.1:61855]
20:36:29.301 [AsyncHttpClient-1-1] DEBUG org.asynchttpclient.netty.channel.DefaultChannelPool - Closed 1 connections out of 1 in 0 ms
20:36:29.431 [AsyncHttpClient-1-3] DEBUG org.asynchttpclient.netty.handler.HttpHandler - 

Request DefaultFullHttpRequest(decodeResult: success, version: HTTP/1.1, content: EmptyByteBufBE)
DELETE /session/acd7498d470727c726765582eefc9b66 HTTP/1.1
User-Agent: selenium/4.1.2 (java windows)
Content-Type: application/json; charset=utf-8
host: localhost:63555
accept: */*

Response DefaultHttpResponse(decodeResult: success, version: HTTP/1.1)
HTTP/1.1 200 OK
Content-Type: application/json; charset=utf-8
cache-control: no-cache
content-length: 14

20:36:29.431 [AsyncHttpClient-1-3] DEBUG org.asynchttpclient.netty.channel.ChannelManager - Adding key: http://localhost:63555 for channel [id: 0xadd87ca6, L:/127.0.0.1:61852 - R:localhost/127.0.0.1:63555]
20:36:30.394 [AsyncHttpClient-1-1] DEBUG org.asynchttpclient.netty.channel.DefaultChannelPool - Entry count for : http://localhost:63555 : 1
20:36:30.453 [AsyncHttpClient-1-3] DEBUG org.asynchttpclient.netty.handler.HttpHandler - Unexpected I/O exception on channel [id: 0xadd87ca6, L:/127.0.0.1:61852 - R:localhost/127.0.0.1:63555]
java.io.IOException: An existing connection was forcibly closed by the remote host
	at java.base/sun.nio.ch.SocketDispatcher.read0(Native Method)
	at java.base/sun.nio.ch.SocketDispatcher.read(SocketDispatcher.java:43)
	at java.base/sun.nio.ch.IOUtil.readIntoNativeBuffer(IOUtil.java:276)
	at java.base/sun.nio.ch.IOUtil.read(IOUtil.java:233)
	at java.base/sun.nio.ch.IOUtil.read(IOUtil.java:223)
	at java.base/sun.nio.ch.SocketChannelImpl.read(SocketChannelImpl.java:358)
	at io.netty.buffer.PooledByteBuf.setBytes(PooledByteBuf.java:258)
	at io.netty.buffer.AbstractByteBuf.writeBytes(AbstractByteBuf.java:1132)
	at io.netty.channel.socket.nio.NioSocketChannel.doReadBytes(NioSocketChannel.java:350)
	at io.netty.channel.nio.AbstractNioByteChannel$NioByteUnsafe.read(AbstractNioByteChannel.java:151)
	at io.netty.channel.nio.NioEventLoop.processSelectedKey(NioEventLoop.java:722)
	at io.netty.channel.nio.NioEventLoop.processSelectedKeysOptimized(NioEventLoop.java:658)
	at io.netty.channel.nio.NioEventLoop.processSelectedKeys(NioEventLoop.java:584)
	at io.netty.channel.nio.NioEventLoop.run(NioEventLoop.java:496)
	at io.netty.util.concurrent.SingleThreadEventExecutor$4.run(SingleThreadEventExecutor.java:986)
	at io.netty.util.internal.ThreadExecutorMap$2.run(ThreadExecutorMap.java:74)
	at io.netty.util.concurrent.FastThreadLocalRunnable.run(FastThreadLocalRunnable.java:30)
	at java.base/java.lang.Thread.run(Thread.java:834)
20:36:30.453 [AsyncHttpClient-1-3] DEBUG org.asynchttpclient.netty.channel.ChannelManager - Closing Channel [id: 0xadd87ca6, L:/127.0.0.1:61852 - R:localhost/127.0.0.1:63555] 
20:36:30.453 [AsyncHttpClient-1-3] DEBUG org.asynchttpclient.netty.handler.HttpHandler - Channel Closed: [id: 0xadd87ca6, L:/127.0.0.1:61852 ! R:localhost/127.0.0.1:63555] with attribute DISCARD
20:36:30.511 [main] INFO  - 
  _____   ___   ___   _____     ___     _     ___   ___   ___   ___  
 |_   _| | __| / __| |_   _|   | _ \   /_\   / __| / __| | __| |   \ 
   | |   | _|  \__ \   | |     |  _/  / _ \  \__ \ \__ \ | _|  | |) |
   |_|   |___| |___/   |_|     |_|   /_/ \_\ |___/ |___/ |___| |___/ 

As a admin i want to edit data dokter
----------------------------------------------------------------------
]]></system-out>
    <system-err><![CDATA[Starting ChromeDriver 102.0.5005.61 (0e59bcc00cc4985ce39ad31c150065f159d95ad3-refs/branch-heads/5005@{#819}) on port 63555
Only local connections are allowed.
Please see https://chromedriver.chromium.org/security-considerations for suggestions on keeping ChromeDriver safe.
ChromeDriver was started successfully.
Jun 23, 2022 8:36:01 PM org.openqa.selenium.remote.ProtocolHandshake createSession
INFO: Detected dialect: W3C
Jun 23, 2022 8:36:01 PM org.openqa.selenium.devtools.CdpVersionFinder findNearestMatch
WARNING: Unable to find an exact match for CDP version 102, so returning the closest version found: a no-op implementation
Jun 23, 2022 8:36:01 PM org.openqa.selenium.devtools.CdpVersionFinder findNearestMatch
INFO: Unable to find CDP implementation matching 102.
Jun 23, 2022 8:36:01 PM org.openqa.selenium.chromium.ChromiumDriver lambda$new$3
WARNING: Unable to find version of CDP to use for . You may need to include a dependency on a specific version of the CDP using something similar to `org.seleniumhq.selenium:selenium-devtools-v86:4.1.2` where the version ("v86") matches the version of the chromium-based browser you're using and the version number of the artifact is the same as Selenium's.
[1655991377.759][WARNING]: unexpected alert open: {Alert text : data telah diubah}, cancelling screenshot
]]></system-err>
  </testcase>
  <testcase name="As a admin i want to edit data dokter #3" classname="Edit Data Dokter - Admin" time="26.511">
    <system-out><![CDATA[
@EditDokterData
Scenario Outline: As a admin i want to edit data dokter                            &amp#27;[90m# src/test/resources/features/EditDataDokter.feature:16&amp#27;[0m
20:36:30.537 [main] INFO io.cucumber.core.plugin.SerenityReporter - Running feature from file:///D:/Kel-1-capstone/TestingWeb/src/test/resources/features/EditDataDokter.feature
20:36:30.636 [main] DEBUG net.thucydides.core.steps.StepInterceptor - STARTING STEP: DokterDataSteps.openPageDataDokter - openDataDokter
20:36:30.641 [main] INFO net.serenitybdd.core.webdriver.driverproviders.ChromeDriverProvider - Using automatically driver download
20:36:30.938 [main] DEBUG io.github.bonigarcia.wdm.cache.ResolutionCache - Resolution chrome=102 in cache (valid until 21:04:30 23/06/2022 ICT)
20:36:30.955 [main] DEBUG io.github.bonigarcia.wdm.cache.ResolutionCache - Resolution chrome102=102.0.5005.61 in cache (valid until 20:04:30 24/06/2022 ICT)
20:36:30.963 [main] INFO io.github.bonigarcia.wdm.WebDriverManager - Using chromedriver 102.0.5005.61 (resolved driver for Chrome 102)
20:36:31.037 [main] DEBUG io.github.bonigarcia.wdm.WebDriverManager - Driver chromedriver 102.0.5005.61 found in cache
20:36:31.041 [main] INFO io.github.bonigarcia.wdm.WebDriverManager - Exporting webdriver.chrome.driver as C:\Users\ASUS\.cache\selenium\chromedriver\win32\102.0.5005.61\chromedriver.exe
20:36:31.328 [main] DEBUG net.serenitybdd.core.webdriver.driverproviders.ProvideNewDriver - Instantiating driver
20:36:31.328 [main] DEBUG net.serenitybdd.core.webdriver.driverproviders.ProvideNewDriver - Driver capabilities: Capabilities {acceptInsecureCerts: false, base.url: https://fanciful-trifle-360..., browserName: chrome, chorme.driver: src/test/resources/webdrive..., driver: chrome, goog:chromeOptions: {args: [], extensions: []}}
20:36:31.496 [AsyncHttpClient-1-1] DEBUG org.asynchttpclient.netty.channel.DefaultChannelPool - Entry count for : http://localhost:63555 : 1
20:36:31.496 [AsyncHttpClient-1-1] DEBUG org.asynchttpclient.netty.channel.DefaultChannelPool - Adding Candidate expired Channel [id: 0xadd87ca6, L:/127.0.0.1:61852 ! R:localhost/127.0.0.1:63555] isIdleTimeoutExpired=false isRemotelyClosed=true isTtlExpired=false
20:36:31.497 [AsyncHttpClient-1-1] DEBUG org.asynchttpclient.netty.channel.DefaultChannelPool - Closing Idle Channel [id: 0xadd87ca6, L:/127.0.0.1:61852 ! R:localhost/127.0.0.1:63555]
20:36:31.497 [AsyncHttpClient-1-1] DEBUG org.asynchttpclient.netty.channel.DefaultChannelPool - Closed 1 connections out of 1 in 1 ms
20:36:31.892 [AsyncHttpClient-1-6] DEBUG org.asynchttpclient.netty.channel.NettyConnectListener - Using new Channel '[id: 0x4690552d, L:/127.0.0.1:61946 - R:localhost/127.0.0.1:53753]' for 'POST' to '/session'
20:36:33.747 [AsyncHttpClient-1-6] DEBUG org.asynchttpclient.netty.handler.HttpHandler - 

Request DefaultHttpRequest(decodeResult: success, version: HTTP/1.1)
POST /session HTTP/1.1
User-Agent: selenium/4.1.2 (java windows)
Content-Length: 629
Content-Type: application/json; charset=utf-8
host: localhost:53753
accept: */*

Response DefaultHttpResponse(decodeResult: success, version: HTTP/1.1)
HTTP/1.1 200 OK
Content-Type: application/json; charset=utf-8
cache-control: no-cache
content-length: 788

20:36:33.748 [AsyncHttpClient-1-6] DEBUG org.asynchttpclient.netty.channel.ChannelManager - Adding key: http://localhost:53753 for channel [id: 0x4690552d, L:/127.0.0.1:61946 - R:localhost/127.0.0.1:53753]
20:36:33.771 [AsyncHttpClient-1-7] DEBUG org.asynchttpclient.netty.channel.NettyConnectListener - Using new Channel '[id: 0xeb5badf6, L:/127.0.0.1:61956 - R:localhost/127.0.0.1:61947]' for 'GET' to '/json/version'
20:36:33.776 [AsyncHttpClient-1-7] DEBUG org.asynchttpclient.netty.handler.HttpHandler - 

Request DefaultFullHttpRequest(decodeResult: success, version: HTTP/1.1, content: EmptyByteBufBE)
GET /json/version HTTP/1.1
User-Agent: selenium/4.1.2 (java windows)
host: localhost:61947
accept: */*

Response DefaultHttpResponse(decodeResult: success, version: HTTP/1.1)
HTTP/1.1 200 OK
Content-Type: application/json; charset=UTF-8
content-length: 428

20:36:33.777 [AsyncHttpClient-1-7] DEBUG org.asynchttpclient.netty.channel.ChannelManager - Adding key: http://localhost:61947 for channel [id: 0xeb5badf6, L:/127.0.0.1:61956 - R:localhost/127.0.0.1:61947]
20:36:33.783 [AsyncHttpClient-1-8] DEBUG org.asynchttpclient.netty.channel.NettyConnectListener - Using new Channel '[id: 0xd8d367c5, L:/127.0.0.1:61957 - R:localhost/127.0.0.1:61947]' for 'GET' to '/devtools/browser/471ed38d-0096-4975-9cc4-fdda1f79ca2a'
20:36:33.784 [AsyncHttpClient-1-8] DEBUG org.asynchttpclient.netty.handler.WebSocketHandler - 

Request DefaultFullHttpRequest(decodeResult: success, version: HTTP/1.1, content: EmptyByteBufBE)
GET /devtools/browser/471ed38d-0096-4975-9cc4-fdda1f79ca2a HTTP/1.1
upgrade: websocket
connection: upgrade
sec-websocket-key: XmCQ7qNCLDCo+B/YB5gQvw==
sec-websocket-version: 13
origin: http://localhost:61947
host: localhost:61947
accept: */*
user-agent: AHC/2.1

Response DefaultHttpResponse(decodeResult: success, version: HTTP/1.1)
HTTP/1.1 101 WebSocket Protocol Handshake
Upgrade: WebSocket
Connection: Upgrade
Sec-WebSocket-Accept: 3xSbpf+afGokcVpVcuopXcw9hrU=

20:36:33.802 [Forwarding get on session 3e06f8a0013b626016fad3b96b76da10 to remote] DEBUG org.asynchttpclient.netty.request.NettyRequestSender - Using pooled Channel '[id: 0x4690552d, L:/127.0.0.1:61946 - R:localhost/127.0.0.1:53753]' for 'POST' to 'http://localhost:53753/session/3e06f8a0013b626016fad3b96b76da10/url'
20:36:33.802 [Forwarding get on session 3e06f8a0013b626016fad3b96b76da10 to remote] DEBUG org.asynchttpclient.netty.request.NettyRequestSender - Using open Channel [id: 0x4690552d, L:/127.0.0.1:61946 - R:localhost/127.0.0.1:53753] for POST '/session/3e06f8a0013b626016fad3b96b76da10/url'
20:36:34.793 [AsyncHttpClient-1-1] DEBUG org.asynchttpclient.netty.channel.DefaultChannelPool - Entry count for : http://localhost:61947 : 1
20:36:34.978 [AsyncHttpClient-1-6] DEBUG org.asynchttpclient.netty.handler.HttpHandler - 

Request DefaultHttpRequest(decodeResult: success, version: HTTP/1.1)
POST /session/3e06f8a0013b626016fad3b96b76da10/url HTTP/1.1
User-Agent: selenium/4.1.2 (java windows)
Content-Length: 84
Content-Type: application/json; charset=utf-8
host: localhost:53753
accept: */*

Response DefaultHttpResponse(decodeResult: success, version: HTTP/1.1)
HTTP/1.1 200 OK
Content-Type: application/json; charset=utf-8
cache-control: no-cache
content-length: 14

20:36:34.978 [AsyncHttpClient-1-6] DEBUG org.asynchttpclient.netty.channel.ChannelManager - Adding key: http://localhost:53753 for channel [id: 0x4690552d, L:/127.0.0.1:61946 - R:localhost/127.0.0.1:53753]
20:36:34.981 [Forwarding setTimeout on session 3e06f8a0013b626016fad3b96b76da10 to remote] DEBUG org.asynchttpclient.netty.request.NettyRequestSender - Using pooled Channel '[id: 0x4690552d, L:/127.0.0.1:61946 - R:localhost/127.0.0.1:53753]' for 'POST' to 'http://localhost:53753/session/3e06f8a0013b626016fad3b96b76da10/timeouts'
20:36:34.981 [Forwarding setTimeout on session 3e06f8a0013b626016fad3b96b76da10 to remote] DEBUG org.asynchttpclient.netty.request.NettyRequestSender - Using open Channel [id: 0x4690552d, L:/127.0.0.1:61946 - R:localhost/127.0.0.1:53753] for POST '/session/3e06f8a0013b626016fad3b96b76da10/timeouts'
20:36:34.983 [AsyncHttpClient-1-6] DEBUG org.asynchttpclient.netty.handler.HttpHandler - 

Request DefaultHttpRequest(decodeResult: success, version: HTTP/1.1)
POST /session/3e06f8a0013b626016fad3b96b76da10/timeouts HTTP/1.1
User-Agent: selenium/4.1.2 (java windows)
Content-Length: 22
Content-Type: application/json; charset=utf-8
host: localhost:53753
accept: */*

Response DefaultHttpResponse(decodeResult: success, version: HTTP/1.1)
HTTP/1.1 200 OK
Content-Type: application/json; charset=utf-8
cache-control: no-cache
content-length: 14

20:36:34.983 [AsyncHttpClient-1-6] DEBUG org.asynchttpclient.netty.channel.ChannelManager - Adding key: http://localhost:53753 for channel [id: 0x4690552d, L:/127.0.0.1:61946 - R:localhost/127.0.0.1:53753]
20:36:34.992 [Forwarding getCurrentUrl on session 3e06f8a0013b626016fad3b96b76da10 to remote] DEBUG org.asynchttpclient.netty.request.NettyRequestSender - Using pooled Channel '[id: 0x4690552d, L:/127.0.0.1:61946 - R:localhost/127.0.0.1:53753]' for 'GET' to 'http://localhost:53753/session/3e06f8a0013b626016fad3b96b76da10/url'
20:36:34.993 [Forwarding getCurrentUrl on session 3e06f8a0013b626016fad3b96b76da10 to remote] DEBUG org.asynchttpclient.netty.request.NettyRequestSender - Using open Channel [id: 0x4690552d, L:/127.0.0.1:61946 - R:localhost/127.0.0.1:53753] for GET '/session/3e06f8a0013b626016fad3b96b76da10/url'
20:36:35.004 [AsyncHttpClient-1-6] DEBUG org.asynchttpclient.netty.handler.HttpHandler - 

Request DefaultFullHttpRequest(decodeResult: success, version: HTTP/1.1, content: EmptyByteBufBE)
GET /session/3e06f8a0013b626016fad3b96b76da10/url HTTP/1.1
User-Agent: selenium/4.1.2 (java windows)
Cache-Control: no-cache
Content-Type: application/json; charset=utf-8
host: localhost:53753
accept: */*

Response DefaultHttpResponse(decodeResult: success, version: HTTP/1.1)
HTTP/1.1 200 OK
Content-Type: application/json; charset=utf-8
cache-control: no-cache
content-length: 66

20:36:35.005 [AsyncHttpClient-1-6] DEBUG org.asynchttpclient.netty.channel.ChannelManager - Adding key: http://localhost:53753 for channel [id: 0x4690552d, L:/127.0.0.1:61946 - R:localhost/127.0.0.1:53753]
20:36:35.021 [Forwarding screenshot on session 3e06f8a0013b626016fad3b96b76da10 to remote] DEBUG org.asynchttpclient.netty.request.NettyRequestSender - Using pooled Channel '[id: 0x4690552d, L:/127.0.0.1:61946 - R:localhost/127.0.0.1:53753]' for 'GET' to 'http://localhost:53753/session/3e06f8a0013b626016fad3b96b76da10/screenshot'
20:36:35.021 [Forwarding screenshot on session 3e06f8a0013b626016fad3b96b76da10 to remote] DEBUG org.asynchttpclient.netty.request.NettyRequestSender - Using open Channel [id: 0x4690552d, L:/127.0.0.1:61946 - R:localhost/127.0.0.1:53753] for GET '/session/3e06f8a0013b626016fad3b96b76da10/screenshot'
20:36:35.908 [AsyncHttpClient-1-1] DEBUG org.asynchttpclient.netty.channel.DefaultChannelPool - Entry count for : http://localhost:61947 : 1
20:36:36.198 [AsyncHttpClient-1-6] DEBUG org.asynchttpclient.netty.handler.HttpHandler - 

Request DefaultFullHttpRequest(decodeResult: success, version: HTTP/1.1, content: EmptyByteBufBE)
GET /session/3e06f8a0013b626016fad3b96b76da10/screenshot HTTP/1.1
User-Agent: selenium/4.1.2 (java windows)
Cache-Control: no-cache
Content-Type: application/json; charset=utf-8
host: localhost:53753
accept: */*

Response DefaultHttpResponse(decodeResult: success, version: HTTP/1.1)
HTTP/1.1 200 OK
Content-Type: application/json; charset=utf-8
cache-control: no-cache
content-length: 71412

20:36:36.198 [AsyncHttpClient-1-6] DEBUG org.asynchttpclient.netty.channel.ChannelManager - Adding key: http://localhost:53753 for channel [id: 0x4690552d, L:/127.0.0.1:61946 - R:localhost/127.0.0.1:53753]
20:36:36.204 [main] DEBUG net.serenitybdd.core.photography.Darkroom - Send negative for processing for target\site\serenity\641553ea0c7ee1350e9d99c43bd8b22ab0037bbbf11d544d65f62061eb96ca5a.png
20:36:36.205 [main] DEBUG net.thucydides.core.steps.StepInterceptor - STEP DONE: openDataDokter
  &amp#27;[32mGiven &amp#27;[0m&amp#27;[32mOpen page data dokter&amp#27;[0m                                                      &amp#27;[90m# starter.stepdefinitios.DokterDataSteps.openPageDataDokter()&amp#27;[0m
20:36:36.246 [main] DEBUG net.thucydides.core.steps.StepInterceptor - STARTING STEP: DokterDataSteps.clickDetailDokterData - clickButtonDetail
20:36:36.256 [Forwarding findElement on session 3e06f8a0013b626016fad3b96b76da10 to remote] DEBUG org.asynchttpclient.netty.request.NettyRequestSender - Using pooled Channel '[id: 0x4690552d, L:/127.0.0.1:61946 - R:localhost/127.0.0.1:53753]' for 'POST' to 'http://localhost:53753/session/3e06f8a0013b626016fad3b96b76da10/element'
20:36:36.256 [Forwarding findElement on session 3e06f8a0013b626016fad3b96b76da10 to remote] DEBUG org.asynchttpclient.netty.request.NettyRequestSender - Using open Channel [id: 0x4690552d, L:/127.0.0.1:61946 - R:localhost/127.0.0.1:53753] for POST '/session/3e06f8a0013b626016fad3b96b76da10/element'
20:36:36.294 [AsyncHttpClient-1-6] DEBUG org.asynchttpclient.netty.handler.HttpHandler - 

Request DefaultHttpRequest(decodeResult: success, version: HTTP/1.1)
POST /session/3e06f8a0013b626016fad3b96b76da10/element HTTP/1.1
User-Agent: selenium/4.1.2 (java windows)
Content-Length: 92
Content-Type: application/json; charset=utf-8
host: localhost:53753
accept: */*

Response DefaultHttpResponse(decodeResult: success, version: HTTP/1.1)
HTTP/1.1 200 OK
Content-Type: application/json; charset=utf-8
cache-control: no-cache
content-length: 88

20:36:36.295 [AsyncHttpClient-1-6] DEBUG org.asynchttpclient.netty.channel.ChannelManager - Adding key: http://localhost:53753 for channel [id: 0x4690552d, L:/127.0.0.1:61946 - R:localhost/127.0.0.1:53753]
20:36:36.297 [Forwarding getElementTagName on session 3e06f8a0013b626016fad3b96b76da10 to remote] DEBUG org.asynchttpclient.netty.request.NettyRequestSender - Using pooled Channel '[id: 0x4690552d, L:/127.0.0.1:61946 - R:localhost/127.0.0.1:53753]' for 'GET' to 'http://localhost:53753/session/3e06f8a0013b626016fad3b96b76da10/element/376ce5cd-7e56-4de8-b662-b78daaea5bdc/name'
20:36:36.298 [Forwarding getElementTagName on session 3e06f8a0013b626016fad3b96b76da10 to remote] DEBUG org.asynchttpclient.netty.request.NettyRequestSender - Using open Channel [id: 0x4690552d, L:/127.0.0.1:61946 - R:localhost/127.0.0.1:53753] for GET '/session/3e06f8a0013b626016fad3b96b76da10/element/376ce5cd-7e56-4de8-b662-b78daaea5bdc/name'
20:36:36.307 [AsyncHttpClient-1-6] DEBUG org.asynchttpclient.netty.handler.HttpHandler - 

Request DefaultFullHttpRequest(decodeResult: success, version: HTTP/1.1, content: EmptyByteBufBE)
GET /session/3e06f8a0013b626016fad3b96b76da10/element/376ce5cd-7e56-4de8-b662-b78daaea5bdc/name HTTP/1.1
User-Agent: selenium/4.1.2 (java windows)
Cache-Control: no-cache
Content-Type: application/json; charset=utf-8
host: localhost:53753
accept: */*

Response DefaultHttpResponse(decodeResult: success, version: HTTP/1.1)
HTTP/1.1 200 OK
Content-Type: application/json; charset=utf-8
cache-control: no-cache
content-length: 15

20:36:36.308 [AsyncHttpClient-1-6] DEBUG org.asynchttpclient.netty.channel.ChannelManager - Adding key: http://localhost:53753 for channel [id: 0x4690552d, L:/127.0.0.1:61946 - R:localhost/127.0.0.1:53753]
20:36:36.310 [Forwarding getElementTagName on session 3e06f8a0013b626016fad3b96b76da10 to remote] DEBUG org.asynchttpclient.netty.request.NettyRequestSender - Using pooled Channel '[id: 0x4690552d, L:/127.0.0.1:61946 - R:localhost/127.0.0.1:53753]' for 'GET' to 'http://localhost:53753/session/3e06f8a0013b626016fad3b96b76da10/element/376ce5cd-7e56-4de8-b662-b78daaea5bdc/name'
20:36:36.310 [Forwarding getElementTagName on session 3e06f8a0013b626016fad3b96b76da10 to remote] DEBUG org.asynchttpclient.netty.request.NettyRequestSender - Using open Channel [id: 0x4690552d, L:/127.0.0.1:61946 - R:localhost/127.0.0.1:53753] for GET '/session/3e06f8a0013b626016fad3b96b76da10/element/376ce5cd-7e56-4de8-b662-b78daaea5bdc/name'
20:36:36.317 [AsyncHttpClient-1-6] DEBUG org.asynchttpclient.netty.handler.HttpHandler - 

Request DefaultFullHttpRequest(decodeResult: success, version: HTTP/1.1, content: EmptyByteBufBE)
GET /session/3e06f8a0013b626016fad3b96b76da10/element/376ce5cd-7e56-4de8-b662-b78daaea5bdc/name HTTP/1.1
User-Agent: selenium/4.1.2 (java windows)
Cache-Control: no-cache
Content-Type: application/json; charset=utf-8
host: localhost:53753
accept: */*

Response DefaultHttpResponse(decodeResult: success, version: HTTP/1.1)
HTTP/1.1 200 OK
Content-Type: application/json; charset=utf-8
cache-control: no-cache
content-length: 15

20:36:36.318 [AsyncHttpClient-1-6] DEBUG org.asynchttpclient.netty.channel.ChannelManager - Adding key: http://localhost:53753 for channel [id: 0x4690552d, L:/127.0.0.1:61946 - R:localhost/127.0.0.1:53753]
20:36:36.321 [Forwarding findElement on session 3e06f8a0013b626016fad3b96b76da10 to remote] DEBUG org.asynchttpclient.netty.request.NettyRequestSender - Using pooled Channel '[id: 0x4690552d, L:/127.0.0.1:61946 - R:localhost/127.0.0.1:53753]' for 'POST' to 'http://localhost:53753/session/3e06f8a0013b626016fad3b96b76da10/element'
20:36:36.321 [Forwarding findElement on session 3e06f8a0013b626016fad3b96b76da10 to remote] DEBUG org.asynchttpclient.netty.request.NettyRequestSender - Using open Channel [id: 0x4690552d, L:/127.0.0.1:61946 - R:localhost/127.0.0.1:53753] for POST '/session/3e06f8a0013b626016fad3b96b76da10/element'
20:36:36.336 [AsyncHttpClient-1-6] DEBUG org.asynchttpclient.netty.handler.HttpHandler - 

Request DefaultHttpRequest(decodeResult: success, version: HTTP/1.1)
POST /session/3e06f8a0013b626016fad3b96b76da10/element HTTP/1.1
User-Agent: selenium/4.1.2 (java windows)
Content-Length: 92
Content-Type: application/json; charset=utf-8
host: localhost:53753
accept: */*

Response DefaultHttpResponse(decodeResult: success, version: HTTP/1.1)
HTTP/1.1 200 OK
Content-Type: application/json; charset=utf-8
cache-control: no-cache
content-length: 88

20:36:36.336 [AsyncHttpClient-1-6] DEBUG org.asynchttpclient.netty.channel.ChannelManager - Adding key: http://localhost:53753 for channel [id: 0x4690552d, L:/127.0.0.1:61946 - R:localhost/127.0.0.1:53753]
20:36:36.339 [Forwarding clickElement on session 3e06f8a0013b626016fad3b96b76da10 to remote] DEBUG org.asynchttpclient.netty.request.NettyRequestSender - Using pooled Channel '[id: 0x4690552d, L:/127.0.0.1:61946 - R:localhost/127.0.0.1:53753]' for 'POST' to 'http://localhost:53753/session/3e06f8a0013b626016fad3b96b76da10/element/376ce5cd-7e56-4de8-b662-b78daaea5bdc/click'
20:36:36.339 [Forwarding clickElement on session 3e06f8a0013b626016fad3b96b76da10 to remote] DEBUG org.asynchttpclient.netty.request.NettyRequestSender - Using open Channel [id: 0x4690552d, L:/127.0.0.1:61946 - R:localhost/127.0.0.1:53753] for POST '/session/3e06f8a0013b626016fad3b96b76da10/element/376ce5cd-7e56-4de8-b662-b78daaea5bdc/click'
20:36:36.583 [AsyncHttpClient-1-6] DEBUG org.asynchttpclient.netty.handler.HttpHandler - 

Request DefaultHttpRequest(decodeResult: success, version: HTTP/1.1)
POST /session/3e06f8a0013b626016fad3b96b76da10/element/376ce5cd-7e56-4de8-b662-b78daaea5bdc/click HTTP/1.1
User-Agent: selenium/4.1.2 (java windows)
Content-Length: 50
Content-Type: application/json; charset=utf-8
host: localhost:53753
accept: */*

Response DefaultHttpResponse(decodeResult: success, version: HTTP/1.1)
HTTP/1.1 200 OK
Content-Type: application/json; charset=utf-8
cache-control: no-cache
content-length: 14

20:36:36.583 [AsyncHttpClient-1-6] DEBUG org.asynchttpclient.netty.channel.ChannelManager - Adding key: http://localhost:53753 for channel [id: 0x4690552d, L:/127.0.0.1:61946 - R:localhost/127.0.0.1:53753]
20:36:36.603 [Forwarding screenshot on session 3e06f8a0013b626016fad3b96b76da10 to remote] DEBUG org.asynchttpclient.netty.request.NettyRequestSender - Using pooled Channel '[id: 0x4690552d, L:/127.0.0.1:61946 - R:localhost/127.0.0.1:53753]' for 'GET' to 'http://localhost:53753/session/3e06f8a0013b626016fad3b96b76da10/screenshot'
20:36:36.603 [Forwarding screenshot on session 3e06f8a0013b626016fad3b96b76da10 to remote] DEBUG org.asynchttpclient.netty.request.NettyRequestSender - Using open Channel [id: 0x4690552d, L:/127.0.0.1:61946 - R:localhost/127.0.0.1:53753] for GET '/session/3e06f8a0013b626016fad3b96b76da10/screenshot'
20:36:37.000 [AsyncHttpClient-1-1] DEBUG org.asynchttpclient.netty.channel.DefaultChannelPool - Entry count for : http://localhost:61947 : 1
20:36:37.173 [AsyncHttpClient-1-6] DEBUG org.asynchttpclient.netty.handler.HttpHandler - 

Request DefaultFullHttpRequest(decodeResult: success, version: HTTP/1.1, content: EmptyByteBufBE)
GET /session/3e06f8a0013b626016fad3b96b76da10/screenshot HTTP/1.1
User-Agent: selenium/4.1.2 (java windows)
Cache-Control: no-cache
Content-Type: application/json; charset=utf-8
host: localhost:53753
accept: */*

Response DefaultHttpResponse(decodeResult: success, version: HTTP/1.1)
HTTP/1.1 200 OK
Content-Type: application/json; charset=utf-8
cache-control: no-cache
content-length: 39028

20:36:37.174 [AsyncHttpClient-1-6] DEBUG org.asynchttpclient.netty.channel.ChannelManager - Adding key: http://localhost:53753 for channel [id: 0x4690552d, L:/127.0.0.1:61946 - R:localhost/127.0.0.1:53753]
20:36:37.178 [main] DEBUG net.serenitybdd.core.photography.Darkroom - Send negative for processing for target\site\serenity\96d5cad502688d619cb7004d759863ce11d99488c2699aaacf1b5d83d06688fb.png
20:36:37.179 [main] DEBUG net.thucydides.core.steps.StepInterceptor - STEP DONE: clickButtonDetail
  &amp#27;[32mAnd &amp#27;[0m&amp#27;[32mClick Detail dokter data&amp#27;[0m                                                     &amp#27;[90m# starter.stepdefinitios.DokterDataSteps.clickDetailDokterData()&amp#27;[0m
20:36:37.179 [Darkroom Processing Line] DEBUG net.serenitybdd.core.photography.DarkroomProcessingLine - Processing screenshot image in /var/screenshots/screenshot-11016873649443948923
20:36:37.179 [Darkroom Processing Line] DEBUG net.serenitybdd.core.photography.DarkroomProcessingLine - Saving screenshot to target\site\serenity\96d5cad502688d619cb7004d759863ce11d99488c2699aaacf1b5d83d06688fb.png
20:36:37.735 [Forwarding screenshot on session 3e06f8a0013b626016fad3b96b76da10 to remote] DEBUG org.asynchttpclient.netty.request.NettyRequestSender - Using pooled Channel '[id: 0x4690552d, L:/127.0.0.1:61946 - R:localhost/127.0.0.1:53753]' for 'GET' to 'http://localhost:53753/session/3e06f8a0013b626016fad3b96b76da10/screenshot'
20:36:37.735 [Forwarding screenshot on session 3e06f8a0013b626016fad3b96b76da10 to remote] DEBUG org.asynchttpclient.netty.request.NettyRequestSender - Using open Channel [id: 0x4690552d, L:/127.0.0.1:61946 - R:localhost/127.0.0.1:53753] for GET '/session/3e06f8a0013b626016fad3b96b76da10/screenshot'
20:36:38.016 [AsyncHttpClient-1-6] DEBUG org.asynchttpclient.netty.handler.HttpHandler - 

Request DefaultFullHttpRequest(decodeResult: success, version: HTTP/1.1, content: EmptyByteBufBE)
GET /session/3e06f8a0013b626016fad3b96b76da10/screenshot HTTP/1.1
User-Agent: selenium/4.1.2 (java windows)
Cache-Control: no-cache
Content-Type: application/json; charset=utf-8
host: localhost:53753
accept: */*

Response DefaultHttpResponse(decodeResult: success, version: HTTP/1.1)
HTTP/1.1 200 OK
Content-Type: application/json; charset=utf-8
cache-control: no-cache
content-length: 249200

20:36:38.018 [AsyncHttpClient-1-6] DEBUG org.asynchttpclient.netty.channel.ChannelManager - Adding key: http://localhost:53753 for channel [id: 0x4690552d, L:/127.0.0.1:61946 - R:localhost/127.0.0.1:53753]
20:36:38.041 [main] DEBUG net.serenitybdd.core.photography.Darkroom - Send negative for processing for target\site\serenity\92c025e82cffd0f9b02ab7a39a3aefd6bafb4e36a2209e2a013a74ace2b4a0c9.png
20:36:38.042 [main] DEBUG net.thucydides.core.steps.StepInterceptor - STARTING STEP: DokterDataSteps.validDataDetailDokter - checkValidDataPasien
20:36:38.042 [Darkroom Processing Line] DEBUG net.serenitybdd.core.photography.DarkroomProcessingLine - Processing screenshot image in /var/screenshots/screenshot-1129604909991438464
20:36:38.042 [Darkroom Processing Line] DEBUG net.serenitybdd.core.photography.DarkroomProcessingLine - Saving screenshot to target\site\serenity\92c025e82cffd0f9b02ab7a39a3aefd6bafb4e36a2209e2a013a74ace2b4a0c9.png
20:36:38.048 [Forwarding findElement on session 3e06f8a0013b626016fad3b96b76da10 to remote] DEBUG org.asynchttpclient.netty.request.NettyRequestSender - Using pooled Channel '[id: 0x4690552d, L:/127.0.0.1:61946 - R:localhost/127.0.0.1:53753]' for 'POST' to 'http://localhost:53753/session/3e06f8a0013b626016fad3b96b76da10/element'
20:36:38.048 [Forwarding findElement on session 3e06f8a0013b626016fad3b96b76da10 to remote] DEBUG org.asynchttpclient.netty.request.NettyRequestSender - Using open Channel [id: 0x4690552d, L:/127.0.0.1:61946 - R:localhost/127.0.0.1:53753] for POST '/session/3e06f8a0013b626016fad3b96b76da10/element'
20:36:38.085 [AsyncHttpClient-1-6] DEBUG org.asynchttpclient.netty.handler.HttpHandler - 

Request DefaultHttpRequest(decodeResult: success, version: HTTP/1.1)
POST /session/3e06f8a0013b626016fad3b96b76da10/element HTTP/1.1
User-Agent: selenium/4.1.2 (java windows)
Content-Length: 95
Content-Type: application/json; charset=utf-8
host: localhost:53753
accept: */*

Response DefaultHttpResponse(decodeResult: success, version: HTTP/1.1)
HTTP/1.1 200 OK
Content-Type: application/json; charset=utf-8
cache-control: no-cache
content-length: 88

20:36:38.085 [AsyncHttpClient-1-6] DEBUG org.asynchttpclient.netty.channel.ChannelManager - Adding key: http://localhost:53753 for channel [id: 0x4690552d, L:/127.0.0.1:61946 - R:localhost/127.0.0.1:53753]
20:36:38.087 [Forwarding isElementEnabled on session 3e06f8a0013b626016fad3b96b76da10 to remote] DEBUG org.asynchttpclient.netty.request.NettyRequestSender - Using pooled Channel '[id: 0x4690552d, L:/127.0.0.1:61946 - R:localhost/127.0.0.1:53753]' for 'GET' to 'http://localhost:53753/session/3e06f8a0013b626016fad3b96b76da10/element/a925065d-4b43-4e4e-aa9e-f49759b80144/enabled'
20:36:38.087 [Forwarding isElementEnabled on session 3e06f8a0013b626016fad3b96b76da10 to remote] DEBUG org.asynchttpclient.netty.request.NettyRequestSender - Using open Channel [id: 0x4690552d, L:/127.0.0.1:61946 - R:localhost/127.0.0.1:53753] for GET '/session/3e06f8a0013b626016fad3b96b76da10/element/a925065d-4b43-4e4e-aa9e-f49759b80144/enabled'
20:36:38.099 [AsyncHttpClient-1-1] DEBUG org.asynchttpclient.netty.channel.DefaultChannelPool - Entry count for : http://localhost:61947 : 1
20:36:38.113 [AsyncHttpClient-1-6] DEBUG org.asynchttpclient.netty.handler.HttpHandler - 

Request DefaultFullHttpRequest(decodeResult: success, version: HTTP/1.1, content: EmptyByteBufBE)
GET /session/3e06f8a0013b626016fad3b96b76da10/element/a925065d-4b43-4e4e-aa9e-f49759b80144/enabled HTTP/1.1
User-Agent: selenium/4.1.2 (java windows)
Cache-Control: no-cache
Content-Type: application/json; charset=utf-8
host: localhost:53753
accept: */*

Response DefaultHttpResponse(decodeResult: success, version: HTTP/1.1)
HTTP/1.1 200 OK
Content-Type: application/json; charset=utf-8
cache-control: no-cache
content-length: 14

20:36:38.113 [AsyncHttpClient-1-6] DEBUG org.asynchttpclient.netty.channel.ChannelManager - Adding key: http://localhost:53753 for channel [id: 0x4690552d, L:/127.0.0.1:61946 - R:localhost/127.0.0.1:53753]
20:36:38.130 [Forwarding screenshot on session 3e06f8a0013b626016fad3b96b76da10 to remote] DEBUG org.asynchttpclient.netty.request.NettyRequestSender - Using pooled Channel '[id: 0x4690552d, L:/127.0.0.1:61946 - R:localhost/127.0.0.1:53753]' for 'GET' to 'http://localhost:53753/session/3e06f8a0013b626016fad3b96b76da10/screenshot'
20:36:38.130 [Forwarding screenshot on session 3e06f8a0013b626016fad3b96b76da10 to remote] DEBUG org.asynchttpclient.netty.request.NettyRequestSender - Using open Channel [id: 0x4690552d, L:/127.0.0.1:61946 - R:localhost/127.0.0.1:53753] for GET '/session/3e06f8a0013b626016fad3b96b76da10/screenshot'
20:36:38.461 [AsyncHttpClient-1-6] DEBUG org.asynchttpclient.netty.handler.HttpHandler - 

Request DefaultFullHttpRequest(decodeResult: success, version: HTTP/1.1, content: EmptyByteBufBE)
GET /session/3e06f8a0013b626016fad3b96b76da10/screenshot HTTP/1.1
User-Agent: selenium/4.1.2 (java windows)
Cache-Control: no-cache
Content-Type: application/json; charset=utf-8
host: localhost:53753
accept: */*

Response DefaultHttpResponse(decodeResult: success, version: HTTP/1.1)
HTTP/1.1 200 OK
Content-Type: application/json; charset=utf-8
cache-control: no-cache
content-length: 249200

20:36:38.462 [AsyncHttpClient-1-6] DEBUG org.asynchttpclient.netty.channel.ChannelManager - Adding key: http://localhost:53753 for channel [id: 0x4690552d, L:/127.0.0.1:61946 - R:localhost/127.0.0.1:53753]
20:36:38.478 [main] DEBUG net.serenitybdd.core.photography.Darkroom - Send negative for processing for target\site\serenity\92c025e82cffd0f9b02ab7a39a3aefd6bafb4e36a2209e2a013a74ace2b4a0c9.png
20:36:38.478 [main] DEBUG net.thucydides.core.steps.StepInterceptor - STEP DONE: checkValidDataPasien
  &amp#27;[32mWhen &amp#27;[0m&amp#27;[32mValid data detail dokter&amp#27;[0m                                                    &amp#27;[90m# starter.stepdefinitios.DokterDataSteps.validDataDetailDokter()&amp#27;[0m
20:36:38.576 [Forwarding screenshot on session 3e06f8a0013b626016fad3b96b76da10 to remote] DEBUG org.asynchttpclient.netty.request.NettyRequestSender - Using pooled Channel '[id: 0x4690552d, L:/127.0.0.1:61946 - R:localhost/127.0.0.1:53753]' for 'GET' to 'http://localhost:53753/session/3e06f8a0013b626016fad3b96b76da10/screenshot'
20:36:38.576 [Forwarding screenshot on session 3e06f8a0013b626016fad3b96b76da10 to remote] DEBUG org.asynchttpclient.netty.request.NettyRequestSender - Using open Channel [id: 0x4690552d, L:/127.0.0.1:61946 - R:localhost/127.0.0.1:53753] for GET '/session/3e06f8a0013b626016fad3b96b76da10/screenshot'
20:36:38.958 [AsyncHttpClient-1-6] DEBUG org.asynchttpclient.netty.handler.HttpHandler - 

Request DefaultFullHttpRequest(decodeResult: success, version: HTTP/1.1, content: EmptyByteBufBE)
GET /session/3e06f8a0013b626016fad3b96b76da10/screenshot HTTP/1.1
User-Agent: selenium/4.1.2 (java windows)
Cache-Control: no-cache
Content-Type: application/json; charset=utf-8
host: localhost:53753
accept: */*

Response DefaultHttpResponse(decodeResult: success, version: HTTP/1.1)
HTTP/1.1 200 OK
Content-Type: application/json; charset=utf-8
cache-control: no-cache
content-length: 352840

20:36:38.959 [AsyncHttpClient-1-6] DEBUG org.asynchttpclient.netty.channel.ChannelManager - Adding key: http://localhost:53753 for channel [id: 0x4690552d, L:/127.0.0.1:61946 - R:localhost/127.0.0.1:53753]
20:36:38.984 [main] DEBUG net.serenitybdd.core.photography.Darkroom - Send negative for processing for target\site\serenity\a9345e04acd66c59dcc7bbfbc23dbe72c03013de2b63440731d9ce13c84e57a9.png
20:36:38.984 [main] DEBUG net.thucydides.core.steps.StepInterceptor - STARTING STEP: PatientDataSteps.clickButtonEditProfil - clickButtonEditDataPasien
20:36:38.985 [Darkroom Processing Line] DEBUG net.serenitybdd.core.photography.DarkroomProcessingLine - Processing screenshot image in /var/screenshots/screenshot-377653696138672633
20:36:38.985 [Darkroom Processing Line] DEBUG net.serenitybdd.core.photography.DarkroomProcessingLine - Saving screenshot to target\site\serenity\a9345e04acd66c59dcc7bbfbc23dbe72c03013de2b63440731d9ce13c84e57a9.png
20:36:38.993 [Forwarding findElement on session 3e06f8a0013b626016fad3b96b76da10 to remote] DEBUG org.asynchttpclient.netty.request.NettyRequestSender - Using pooled Channel '[id: 0x4690552d, L:/127.0.0.1:61946 - R:localhost/127.0.0.1:53753]' for 'POST' to 'http://localhost:53753/session/3e06f8a0013b626016fad3b96b76da10/element'
20:36:38.993 [Forwarding findElement on session 3e06f8a0013b626016fad3b96b76da10 to remote] DEBUG org.asynchttpclient.netty.request.NettyRequestSender - Using open Channel [id: 0x4690552d, L:/127.0.0.1:61946 - R:localhost/127.0.0.1:53753] for POST '/session/3e06f8a0013b626016fad3b96b76da10/element'
20:36:39.044 [AsyncHttpClient-1-6] DEBUG org.asynchttpclient.netty.handler.HttpHandler - 

Request DefaultHttpRequest(decodeResult: success, version: HTTP/1.1)
POST /session/3e06f8a0013b626016fad3b96b76da10/element HTTP/1.1
User-Agent: selenium/4.1.2 (java windows)
Content-Length: 116
Content-Type: application/json; charset=utf-8
host: localhost:53753
accept: */*

Response DefaultHttpResponse(decodeResult: success, version: HTTP/1.1)
HTTP/1.1 200 OK
Content-Type: application/json; charset=utf-8
cache-control: no-cache
content-length: 88

20:36:39.044 [AsyncHttpClient-1-6] DEBUG org.asynchttpclient.netty.channel.ChannelManager - Adding key: http://localhost:53753 for channel [id: 0x4690552d, L:/127.0.0.1:61946 - R:localhost/127.0.0.1:53753]
20:36:39.047 [Forwarding getElementTagName on session 3e06f8a0013b626016fad3b96b76da10 to remote] DEBUG org.asynchttpclient.netty.request.NettyRequestSender - Using pooled Channel '[id: 0x4690552d, L:/127.0.0.1:61946 - R:localhost/127.0.0.1:53753]' for 'GET' to 'http://localhost:53753/session/3e06f8a0013b626016fad3b96b76da10/element/48086cb0-34ed-4253-93c8-4393bd0da015/name'
20:36:39.047 [Forwarding getElementTagName on session 3e06f8a0013b626016fad3b96b76da10 to remote] DEBUG org.asynchttpclient.netty.request.NettyRequestSender - Using open Channel [id: 0x4690552d, L:/127.0.0.1:61946 - R:localhost/127.0.0.1:53753] for GET '/session/3e06f8a0013b626016fad3b96b76da10/element/48086cb0-34ed-4253-93c8-4393bd0da015/name'
20:36:39.084 [AsyncHttpClient-1-6] DEBUG org.asynchttpclient.netty.handler.HttpHandler - 

Request DefaultFullHttpRequest(decodeResult: success, version: HTTP/1.1, content: EmptyByteBufBE)
GET /session/3e06f8a0013b626016fad3b96b76da10/element/48086cb0-34ed-4253-93c8-4393bd0da015/name HTTP/1.1
User-Agent: selenium/4.1.2 (java windows)
Cache-Control: no-cache
Content-Type: application/json; charset=utf-8
host: localhost:53753
accept: */*

Response DefaultHttpResponse(decodeResult: success, version: HTTP/1.1)
HTTP/1.1 200 OK
Content-Type: application/json; charset=utf-8
cache-control: no-cache
content-length: 18

20:36:39.084 [AsyncHttpClient-1-6] DEBUG org.asynchttpclient.netty.channel.ChannelManager - Adding key: http://localhost:53753 for channel [id: 0x4690552d, L:/127.0.0.1:61946 - R:localhost/127.0.0.1:53753]
20:36:39.086 [Forwarding getElementTagName on session 3e06f8a0013b626016fad3b96b76da10 to remote] DEBUG org.asynchttpclient.netty.request.NettyRequestSender - Using pooled Channel '[id: 0x4690552d, L:/127.0.0.1:61946 - R:localhost/127.0.0.1:53753]' for 'GET' to 'http://localhost:53753/session/3e06f8a0013b626016fad3b96b76da10/element/48086cb0-34ed-4253-93c8-4393bd0da015/name'
20:36:39.086 [Forwarding getElementTagName on session 3e06f8a0013b626016fad3b96b76da10 to remote] DEBUG org.asynchttpclient.netty.request.NettyRequestSender - Using open Channel [id: 0x4690552d, L:/127.0.0.1:61946 - R:localhost/127.0.0.1:53753] for GET '/session/3e06f8a0013b626016fad3b96b76da10/element/48086cb0-34ed-4253-93c8-4393bd0da015/name'
20:36:39.185 [AsyncHttpClient-1-6] DEBUG org.asynchttpclient.netty.handler.HttpHandler - 

Request DefaultFullHttpRequest(decodeResult: success, version: HTTP/1.1, content: EmptyByteBufBE)
GET /session/3e06f8a0013b626016fad3b96b76da10/element/48086cb0-34ed-4253-93c8-4393bd0da015/name HTTP/1.1
User-Agent: selenium/4.1.2 (java windows)
Cache-Control: no-cache
Content-Type: application/json; charset=utf-8
host: localhost:53753
accept: */*

Response DefaultHttpResponse(decodeResult: success, version: HTTP/1.1)
HTTP/1.1 200 OK
Content-Type: application/json; charset=utf-8
cache-control: no-cache
content-length: 18

20:36:39.185 [AsyncHttpClient-1-6] DEBUG org.asynchttpclient.netty.channel.ChannelManager - Adding key: http://localhost:53753 for channel [id: 0x4690552d, L:/127.0.0.1:61946 - R:localhost/127.0.0.1:53753]
20:36:39.190 [Forwarding isElementEnabled on session 3e06f8a0013b626016fad3b96b76da10 to remote] DEBUG org.asynchttpclient.netty.request.NettyRequestSender - Using pooled Channel '[id: 0x4690552d, L:/127.0.0.1:61946 - R:localhost/127.0.0.1:53753]' for 'GET' to 'http://localhost:53753/session/3e06f8a0013b626016fad3b96b76da10/element/48086cb0-34ed-4253-93c8-4393bd0da015/enabled'
20:36:39.190 [Forwarding isElementEnabled on session 3e06f8a0013b626016fad3b96b76da10 to remote] DEBUG org.asynchttpclient.netty.request.NettyRequestSender - Using open Channel [id: 0x4690552d, L:/127.0.0.1:61946 - R:localhost/127.0.0.1:53753] for GET '/session/3e06f8a0013b626016fad3b96b76da10/element/48086cb0-34ed-4253-93c8-4393bd0da015/enabled'
20:36:39.195 [AsyncHttpClient-1-1] DEBUG org.asynchttpclient.netty.channel.DefaultChannelPool - Entry count for : http://localhost:61947 : 1
20:36:39.230 [AsyncHttpClient-1-6] DEBUG org.asynchttpclient.netty.handler.HttpHandler - 

Request DefaultFullHttpRequest(decodeResult: success, version: HTTP/1.1, content: EmptyByteBufBE)
GET /session/3e06f8a0013b626016fad3b96b76da10/element/48086cb0-34ed-4253-93c8-4393bd0da015/enabled HTTP/1.1
User-Agent: selenium/4.1.2 (java windows)
Cache-Control: no-cache
Content-Type: application/json; charset=utf-8
host: localhost:53753
accept: */*

Response DefaultHttpResponse(decodeResult: success, version: HTTP/1.1)
HTTP/1.1 200 OK
Content-Type: application/json; charset=utf-8
cache-control: no-cache
content-length: 14

20:36:39.230 [AsyncHttpClient-1-6] DEBUG org.asynchttpclient.netty.channel.ChannelManager - Adding key: http://localhost:53753 for channel [id: 0x4690552d, L:/127.0.0.1:61946 - R:localhost/127.0.0.1:53753]
20:36:39.233 [Forwarding isElementEnabled on session 3e06f8a0013b626016fad3b96b76da10 to remote] DEBUG org.asynchttpclient.netty.request.NettyRequestSender - Using pooled Channel '[id: 0x4690552d, L:/127.0.0.1:61946 - R:localhost/127.0.0.1:53753]' for 'GET' to 'http://localhost:53753/session/3e06f8a0013b626016fad3b96b76da10/element/48086cb0-34ed-4253-93c8-4393bd0da015/enabled'
20:36:39.233 [Forwarding isElementEnabled on session 3e06f8a0013b626016fad3b96b76da10 to remote] DEBUG org.asynchttpclient.netty.request.NettyRequestSender - Using open Channel [id: 0x4690552d, L:/127.0.0.1:61946 - R:localhost/127.0.0.1:53753] for GET '/session/3e06f8a0013b626016fad3b96b76da10/element/48086cb0-34ed-4253-93c8-4393bd0da015/enabled'
20:36:39.255 [AsyncHttpClient-1-6] DEBUG org.asynchttpclient.netty.handler.HttpHandler - 

Request DefaultFullHttpRequest(decodeResult: success, version: HTTP/1.1, content: EmptyByteBufBE)
GET /session/3e06f8a0013b626016fad3b96b76da10/element/48086cb0-34ed-4253-93c8-4393bd0da015/enabled HTTP/1.1
User-Agent: selenium/4.1.2 (java windows)
Cache-Control: no-cache
Content-Type: application/json; charset=utf-8
host: localhost:53753
accept: */*

Response DefaultHttpResponse(decodeResult: success, version: HTTP/1.1)
HTTP/1.1 200 OK
Content-Type: application/json; charset=utf-8
cache-control: no-cache
content-length: 14

20:36:39.255 [AsyncHttpClient-1-6] DEBUG org.asynchttpclient.netty.channel.ChannelManager - Adding key: http://localhost:53753 for channel [id: 0x4690552d, L:/127.0.0.1:61946 - R:localhost/127.0.0.1:53753]
20:36:39.259 [Forwarding findElement on session 3e06f8a0013b626016fad3b96b76da10 to remote] DEBUG org.asynchttpclient.netty.request.NettyRequestSender - Using pooled Channel '[id: 0x4690552d, L:/127.0.0.1:61946 - R:localhost/127.0.0.1:53753]' for 'POST' to 'http://localhost:53753/session/3e06f8a0013b626016fad3b96b76da10/element'
20:36:39.259 [Forwarding findElement on session 3e06f8a0013b626016fad3b96b76da10 to remote] DEBUG org.asynchttpclient.netty.request.NettyRequestSender - Using open Channel [id: 0x4690552d, L:/127.0.0.1:61946 - R:localhost/127.0.0.1:53753] for POST '/session/3e06f8a0013b626016fad3b96b76da10/element'
20:36:39.281 [AsyncHttpClient-1-6] DEBUG org.asynchttpclient.netty.handler.HttpHandler - 

Request DefaultHttpRequest(decodeResult: success, version: HTTP/1.1)
POST /session/3e06f8a0013b626016fad3b96b76da10/element HTTP/1.1
User-Agent: selenium/4.1.2 (java windows)
Content-Length: 116
Content-Type: application/json; charset=utf-8
host: localhost:53753
accept: */*

Response DefaultHttpResponse(decodeResult: success, version: HTTP/1.1)
HTTP/1.1 200 OK
Content-Type: application/json; charset=utf-8
cache-control: no-cache
content-length: 88

20:36:39.281 [AsyncHttpClient-1-6] DEBUG org.asynchttpclient.netty.channel.ChannelManager - Adding key: http://localhost:53753 for channel [id: 0x4690552d, L:/127.0.0.1:61946 - R:localhost/127.0.0.1:53753]
20:36:39.284 [Forwarding clickElement on session 3e06f8a0013b626016fad3b96b76da10 to remote] DEBUG org.asynchttpclient.netty.request.NettyRequestSender - Using pooled Channel '[id: 0x4690552d, L:/127.0.0.1:61946 - R:localhost/127.0.0.1:53753]' for 'POST' to 'http://localhost:53753/session/3e06f8a0013b626016fad3b96b76da10/element/48086cb0-34ed-4253-93c8-4393bd0da015/click'
20:36:39.284 [Forwarding clickElement on session 3e06f8a0013b626016fad3b96b76da10 to remote] DEBUG org.asynchttpclient.netty.request.NettyRequestSender - Using open Channel [id: 0x4690552d, L:/127.0.0.1:61946 - R:localhost/127.0.0.1:53753] for POST '/session/3e06f8a0013b626016fad3b96b76da10/element/48086cb0-34ed-4253-93c8-4393bd0da015/click'
20:36:39.514 [AsyncHttpClient-1-6] DEBUG org.asynchttpclient.netty.handler.HttpHandler - 

Request DefaultHttpRequest(decodeResult: success, version: HTTP/1.1)
POST /session/3e06f8a0013b626016fad3b96b76da10/element/48086cb0-34ed-4253-93c8-4393bd0da015/click HTTP/1.1
User-Agent: selenium/4.1.2 (java windows)
Content-Length: 50
Content-Type: application/json; charset=utf-8
host: localhost:53753
accept: */*

Response DefaultHttpResponse(decodeResult: success, version: HTTP/1.1)
HTTP/1.1 200 OK
Content-Type: application/json; charset=utf-8
cache-control: no-cache
content-length: 14

20:36:39.514 [AsyncHttpClient-1-6] DEBUG org.asynchttpclient.netty.channel.ChannelManager - Adding key: http://localhost:53753 for channel [id: 0x4690552d, L:/127.0.0.1:61946 - R:localhost/127.0.0.1:53753]
20:36:39.532 [Forwarding screenshot on session 3e06f8a0013b626016fad3b96b76da10 to remote] DEBUG org.asynchttpclient.netty.request.NettyRequestSender - Using pooled Channel '[id: 0x4690552d, L:/127.0.0.1:61946 - R:localhost/127.0.0.1:53753]' for 'GET' to 'http://localhost:53753/session/3e06f8a0013b626016fad3b96b76da10/screenshot'
20:36:39.532 [Forwarding screenshot on session 3e06f8a0013b626016fad3b96b76da10 to remote] DEBUG org.asynchttpclient.netty.request.NettyRequestSender - Using open Channel [id: 0x4690552d, L:/127.0.0.1:61946 - R:localhost/127.0.0.1:53753] for GET '/session/3e06f8a0013b626016fad3b96b76da10/screenshot'
20:36:39.876 [AsyncHttpClient-1-6] DEBUG org.asynchttpclient.netty.handler.HttpHandler - 

Request DefaultFullHttpRequest(decodeResult: success, version: HTTP/1.1, content: EmptyByteBufBE)
GET /session/3e06f8a0013b626016fad3b96b76da10/screenshot HTTP/1.1
User-Agent: selenium/4.1.2 (java windows)
Cache-Control: no-cache
Content-Type: application/json; charset=utf-8
host: localhost:53753
accept: */*

Response DefaultHttpResponse(decodeResult: success, version: HTTP/1.1)
HTTP/1.1 200 OK
Content-Type: application/json; charset=utf-8
cache-control: no-cache
content-length: 354628

20:36:39.880 [AsyncHttpClient-1-6] DEBUG org.asynchttpclient.netty.channel.ChannelManager - Adding key: http://localhost:53753 for channel [id: 0x4690552d, L:/127.0.0.1:61946 - R:localhost/127.0.0.1:53753]
20:36:39.907 [main] DEBUG net.serenitybdd.core.photography.Darkroom - Send negative for processing for target\site\serenity\fbd7f30bee6beb48c2b0178d70e8acf4ed0a10ee90cb661fab3d715d25d996d5.png
20:36:39.907 [main] DEBUG net.thucydides.core.steps.StepInterceptor - STEP DONE: clickButtonEditDataPasien
  &amp#27;[32mAnd &amp#27;[0m&amp#27;[32mClick button edit profil&amp#27;[0m                                                     &amp#27;[90m# starter.stepdefinitios.PatientDataSteps.clickButtonEditProfil()&amp#27;[0m
20:36:39.920 [Darkroom Processing Line] DEBUG net.serenitybdd.core.photography.DarkroomProcessingLine - Processing screenshot image in /var/screenshots/screenshot-6375878811003345105
20:36:39.920 [Darkroom Processing Line] DEBUG net.serenitybdd.core.photography.DarkroomProcessingLine - Saving screenshot to target\site\serenity\fbd7f30bee6beb48c2b0178d70e8acf4ed0a10ee90cb661fab3d715d25d996d5.png
20:36:40.299 [AsyncHttpClient-1-1] DEBUG org.asynchttpclient.netty.channel.DefaultChannelPool - Entry count for : http://localhost:53753 : 1
20:36:40.299 [AsyncHttpClient-1-1] DEBUG org.asynchttpclient.netty.channel.DefaultChannelPool - Entry count for : http://localhost:61947 : 1
20:36:40.454 [Forwarding screenshot on session 3e06f8a0013b626016fad3b96b76da10 to remote] DEBUG org.asynchttpclient.netty.request.NettyRequestSender - Using pooled Channel '[id: 0x4690552d, L:/127.0.0.1:61946 - R:localhost/127.0.0.1:53753]' for 'GET' to 'http://localhost:53753/session/3e06f8a0013b626016fad3b96b76da10/screenshot'
20:36:40.454 [Forwarding screenshot on session 3e06f8a0013b626016fad3b96b76da10 to remote] DEBUG org.asynchttpclient.netty.request.NettyRequestSender - Using open Channel [id: 0x4690552d, L:/127.0.0.1:61946 - R:localhost/127.0.0.1:53753] for GET '/session/3e06f8a0013b626016fad3b96b76da10/screenshot'
20:36:40.783 [AsyncHttpClient-1-6] DEBUG org.asynchttpclient.netty.handler.HttpHandler - 

Request DefaultFullHttpRequest(decodeResult: success, version: HTTP/1.1, content: EmptyByteBufBE)
GET /session/3e06f8a0013b626016fad3b96b76da10/screenshot HTTP/1.1
User-Agent: selenium/4.1.2 (java windows)
Cache-Control: no-cache
Content-Type: application/json; charset=utf-8
host: localhost:53753
accept: */*

Response DefaultHttpResponse(decodeResult: success, version: HTTP/1.1)
HTTP/1.1 200 OK
Content-Type: application/json; charset=utf-8
cache-control: no-cache
content-length: 354628

20:36:40.784 [AsyncHttpClient-1-6] DEBUG org.asynchttpclient.netty.channel.ChannelManager - Adding key: http://localhost:53753 for channel [id: 0x4690552d, L:/127.0.0.1:61946 - R:localhost/127.0.0.1:53753]
20:36:40.812 [main] DEBUG net.serenitybdd.core.photography.Darkroom - Send negative for processing for target\site\serenity\fbd7f30bee6beb48c2b0178d70e8acf4ed0a10ee90cb661fab3d715d25d996d5.png
20:36:40.813 [main] DEBUG net.thucydides.core.steps.StepInterceptor - STARTING STEP: DokterDataSteps.iInputEditDokter - inputDataDokterEdit
20:36:40.817 [Forwarding findElement on session 3e06f8a0013b626016fad3b96b76da10 to remote] DEBUG org.asynchttpclient.netty.request.NettyRequestSender - Using pooled Channel '[id: 0x4690552d, L:/127.0.0.1:61946 - R:localhost/127.0.0.1:53753]' for 'POST' to 'http://localhost:53753/session/3e06f8a0013b626016fad3b96b76da10/element'
20:36:40.817 [Forwarding findElement on session 3e06f8a0013b626016fad3b96b76da10 to remote] DEBUG org.asynchttpclient.netty.request.NettyRequestSender - Using open Channel [id: 0x4690552d, L:/127.0.0.1:61946 - R:localhost/127.0.0.1:53753] for POST '/session/3e06f8a0013b626016fad3b96b76da10/element'
20:36:40.860 [AsyncHttpClient-1-6] DEBUG org.asynchttpclient.netty.handler.HttpHandler - 

Request DefaultHttpRequest(decodeResult: success, version: HTTP/1.1)
POST /session/3e06f8a0013b626016fad3b96b76da10/element HTTP/1.1
User-Agent: selenium/4.1.2 (java windows)
Content-Length: 66
Content-Type: application/json; charset=utf-8
host: localhost:53753
accept: */*

Response DefaultHttpResponse(decodeResult: success, version: HTTP/1.1)
HTTP/1.1 200 OK
Content-Type: application/json; charset=utf-8
cache-control: no-cache
content-length: 88

20:36:40.860 [AsyncHttpClient-1-6] DEBUG org.asynchttpclient.netty.channel.ChannelManager - Adding key: http://localhost:53753 for channel [id: 0x4690552d, L:/127.0.0.1:61946 - R:localhost/127.0.0.1:53753]
20:36:40.863 [Forwarding sendKeysToElement on session 3e06f8a0013b626016fad3b96b76da10 to remote] DEBUG org.asynchttpclient.netty.request.NettyRequestSender - Using pooled Channel '[id: 0x4690552d, L:/127.0.0.1:61946 - R:localhost/127.0.0.1:53753]' for 'POST' to 'http://localhost:53753/session/3e06f8a0013b626016fad3b96b76da10/element/df3f10e4-98ca-4518-a306-a4257d2459d9/value'
20:36:40.863 [Forwarding sendKeysToElement on session 3e06f8a0013b626016fad3b96b76da10 to remote] DEBUG org.asynchttpclient.netty.request.NettyRequestSender - Using open Channel [id: 0x4690552d, L:/127.0.0.1:61946 - R:localhost/127.0.0.1:53753] for POST '/session/3e06f8a0013b626016fad3b96b76da10/element/df3f10e4-98ca-4518-a306-a4257d2459d9/value'
20:36:41.261 [AsyncHttpClient-1-6] DEBUG org.asynchttpclient.netty.handler.HttpHandler - 

Request DefaultHttpRequest(decodeResult: success, version: HTTP/1.1)
POST /session/3e06f8a0013b626016fad3b96b76da10/element/df3f10e4-98ca-4518-a306-a4257d2459d9/value HTTP/1.1
User-Agent: selenium/4.1.2 (java windows)
Content-Length: 169
Content-Type: application/json; charset=utf-8
host: localhost:53753
accept: */*

Response DefaultHttpResponse(decodeResult: success, version: HTTP/1.1)
HTTP/1.1 200 OK
Content-Type: application/json; charset=utf-8
cache-control: no-cache
content-length: 14

20:36:41.261 [AsyncHttpClient-1-6] DEBUG org.asynchttpclient.netty.channel.ChannelManager - Adding key: http://localhost:53753 for channel [id: 0x4690552d, L:/127.0.0.1:61946 - R:localhost/127.0.0.1:53753]
20:36:41.265 [Forwarding findElement on session 3e06f8a0013b626016fad3b96b76da10 to remote] DEBUG org.asynchttpclient.netty.request.NettyRequestSender - Using pooled Channel '[id: 0x4690552d, L:/127.0.0.1:61946 - R:localhost/127.0.0.1:53753]' for 'POST' to 'http://localhost:53753/session/3e06f8a0013b626016fad3b96b76da10/element'
20:36:41.266 [Forwarding findElement on session 3e06f8a0013b626016fad3b96b76da10 to remote] DEBUG org.asynchttpclient.netty.request.NettyRequestSender - Using open Channel [id: 0x4690552d, L:/127.0.0.1:61946 - R:localhost/127.0.0.1:53753] for POST '/session/3e06f8a0013b626016fad3b96b76da10/element'
20:36:41.281 [AsyncHttpClient-1-6] DEBUG org.asynchttpclient.netty.handler.HttpHandler - 

Request DefaultHttpRequest(decodeResult: success, version: HTTP/1.1)
POST /session/3e06f8a0013b626016fad3b96b76da10/element HTTP/1.1
User-Agent: selenium/4.1.2 (java windows)
Content-Length: 66
Content-Type: application/json; charset=utf-8
host: localhost:53753
accept: */*

Response DefaultHttpResponse(decodeResult: success, version: HTTP/1.1)
HTTP/1.1 200 OK
Content-Type: application/json; charset=utf-8
cache-control: no-cache
content-length: 88

20:36:41.281 [AsyncHttpClient-1-6] DEBUG org.asynchttpclient.netty.channel.ChannelManager - Adding key: http://localhost:53753 for channel [id: 0x4690552d, L:/127.0.0.1:61946 - R:localhost/127.0.0.1:53753]
20:36:41.284 [Forwarding sendKeysToElement on session 3e06f8a0013b626016fad3b96b76da10 to remote] DEBUG org.asynchttpclient.netty.request.NettyRequestSender - Using pooled Channel '[id: 0x4690552d, L:/127.0.0.1:61946 - R:localhost/127.0.0.1:53753]' for 'POST' to 'http://localhost:53753/session/3e06f8a0013b626016fad3b96b76da10/element/df3f10e4-98ca-4518-a306-a4257d2459d9/value'
20:36:41.284 [Forwarding sendKeysToElement on session 3e06f8a0013b626016fad3b96b76da10 to remote] DEBUG org.asynchttpclient.netty.request.NettyRequestSender - Using open Channel [id: 0x4690552d, L:/127.0.0.1:61946 - R:localhost/127.0.0.1:53753] for POST '/session/3e06f8a0013b626016fad3b96b76da10/element/df3f10e4-98ca-4518-a306-a4257d2459d9/value'
20:36:41.390 [AsyncHttpClient-1-1] DEBUG org.asynchttpclient.netty.channel.DefaultChannelPool - Entry count for : http://localhost:61947 : 1
20:36:41.491 [AsyncHttpClient-1-6] DEBUG org.asynchttpclient.netty.handler.HttpHandler - 

Request DefaultHttpRequest(decodeResult: success, version: HTTP/1.1)
POST /session/3e06f8a0013b626016fad3b96b76da10/element/df3f10e4-98ca-4518-a306-a4257d2459d9/value HTTP/1.1
User-Agent: selenium/4.1.2 (java windows)
Content-Length: 131
Content-Type: application/json; charset=utf-8
host: localhost:53753
accept: */*

Response DefaultHttpResponse(decodeResult: success, version: HTTP/1.1)
HTTP/1.1 200 OK
Content-Type: application/json; charset=utf-8
cache-control: no-cache
content-length: 14

20:36:41.491 [AsyncHttpClient-1-6] DEBUG org.asynchttpclient.netty.channel.ChannelManager - Adding key: http://localhost:53753 for channel [id: 0x4690552d, L:/127.0.0.1:61946 - R:localhost/127.0.0.1:53753]
20:36:41.496 [Forwarding findElement on session 3e06f8a0013b626016fad3b96b76da10 to remote] DEBUG org.asynchttpclient.netty.request.NettyRequestSender - Using pooled Channel '[id: 0x4690552d, L:/127.0.0.1:61946 - R:localhost/127.0.0.1:53753]' for 'POST' to 'http://localhost:53753/session/3e06f8a0013b626016fad3b96b76da10/element'
20:36:41.496 [Forwarding findElement on session 3e06f8a0013b626016fad3b96b76da10 to remote] DEBUG org.asynchttpclient.netty.request.NettyRequestSender - Using open Channel [id: 0x4690552d, L:/127.0.0.1:61946 - R:localhost/127.0.0.1:53753] for POST '/session/3e06f8a0013b626016fad3b96b76da10/element'
20:36:41.524 [AsyncHttpClient-1-6] DEBUG org.asynchttpclient.netty.handler.HttpHandler - 

Request DefaultHttpRequest(decodeResult: success, version: HTTP/1.1)
POST /session/3e06f8a0013b626016fad3b96b76da10/element HTTP/1.1
User-Agent: selenium/4.1.2 (java windows)
Content-Length: 65
Content-Type: application/json; charset=utf-8
host: localhost:53753
accept: */*

Response DefaultHttpResponse(decodeResult: success, version: HTTP/1.1)
HTTP/1.1 200 OK
Content-Type: application/json; charset=utf-8
cache-control: no-cache
content-length: 88

20:36:41.524 [AsyncHttpClient-1-6] DEBUG org.asynchttpclient.netty.channel.ChannelManager - Adding key: http://localhost:53753 for channel [id: 0x4690552d, L:/127.0.0.1:61946 - R:localhost/127.0.0.1:53753]
20:36:41.526 [Forwarding sendKeysToElement on session 3e06f8a0013b626016fad3b96b76da10 to remote] DEBUG org.asynchttpclient.netty.request.NettyRequestSender - Using pooled Channel '[id: 0x4690552d, L:/127.0.0.1:61946 - R:localhost/127.0.0.1:53753]' for 'POST' to 'http://localhost:53753/session/3e06f8a0013b626016fad3b96b76da10/element/82c7f5ac-658a-46c7-8fb8-d176cb542a9d/value'
20:36:41.526 [Forwarding sendKeysToElement on session 3e06f8a0013b626016fad3b96b76da10 to remote] DEBUG org.asynchttpclient.netty.request.NettyRequestSender - Using open Channel [id: 0x4690552d, L:/127.0.0.1:61946 - R:localhost/127.0.0.1:53753] for POST '/session/3e06f8a0013b626016fad3b96b76da10/element/82c7f5ac-658a-46c7-8fb8-d176cb542a9d/value'
20:36:41.788 [AsyncHttpClient-1-6] DEBUG org.asynchttpclient.netty.handler.HttpHandler - 

Request DefaultHttpRequest(decodeResult: success, version: HTTP/1.1)
POST /session/3e06f8a0013b626016fad3b96b76da10/element/82c7f5ac-658a-46c7-8fb8-d176cb542a9d/value HTTP/1.1
User-Agent: selenium/4.1.2 (java windows)
Content-Length: 169
Content-Type: application/json; charset=utf-8
host: localhost:53753
accept: */*

Response DefaultHttpResponse(decodeResult: success, version: HTTP/1.1)
HTTP/1.1 200 OK
Content-Type: application/json; charset=utf-8
cache-control: no-cache
content-length: 14

20:36:41.788 [AsyncHttpClient-1-6] DEBUG org.asynchttpclient.netty.channel.ChannelManager - Adding key: http://localhost:53753 for channel [id: 0x4690552d, L:/127.0.0.1:61946 - R:localhost/127.0.0.1:53753]
20:36:41.793 [Forwarding findElement on session 3e06f8a0013b626016fad3b96b76da10 to remote] DEBUG org.asynchttpclient.netty.request.NettyRequestSender - Using pooled Channel '[id: 0x4690552d, L:/127.0.0.1:61946 - R:localhost/127.0.0.1:53753]' for 'POST' to 'http://localhost:53753/session/3e06f8a0013b626016fad3b96b76da10/element'
20:36:41.793 [Forwarding findElement on session 3e06f8a0013b626016fad3b96b76da10 to remote] DEBUG org.asynchttpclient.netty.request.NettyRequestSender - Using open Channel [id: 0x4690552d, L:/127.0.0.1:61946 - R:localhost/127.0.0.1:53753] for POST '/session/3e06f8a0013b626016fad3b96b76da10/element'
20:36:41.807 [AsyncHttpClient-1-6] DEBUG org.asynchttpclient.netty.handler.HttpHandler - 

Request DefaultHttpRequest(decodeResult: success, version: HTTP/1.1)
POST /session/3e06f8a0013b626016fad3b96b76da10/element HTTP/1.1
User-Agent: selenium/4.1.2 (java windows)
Content-Length: 65
Content-Type: application/json; charset=utf-8
host: localhost:53753
accept: */*

Response DefaultHttpResponse(decodeResult: success, version: HTTP/1.1)
HTTP/1.1 200 OK
Content-Type: application/json; charset=utf-8
cache-control: no-cache
content-length: 88

20:36:41.807 [AsyncHttpClient-1-6] DEBUG org.asynchttpclient.netty.channel.ChannelManager - Adding key: http://localhost:53753 for channel [id: 0x4690552d, L:/127.0.0.1:61946 - R:localhost/127.0.0.1:53753]
20:36:41.810 [Forwarding sendKeysToElement on session 3e06f8a0013b626016fad3b96b76da10 to remote] DEBUG org.asynchttpclient.netty.request.NettyRequestSender - Using pooled Channel '[id: 0x4690552d, L:/127.0.0.1:61946 - R:localhost/127.0.0.1:53753]' for 'POST' to 'http://localhost:53753/session/3e06f8a0013b626016fad3b96b76da10/element/82c7f5ac-658a-46c7-8fb8-d176cb542a9d/value'
20:36:41.810 [Forwarding sendKeysToElement on session 3e06f8a0013b626016fad3b96b76da10 to remote] DEBUG org.asynchttpclient.netty.request.NettyRequestSender - Using open Channel [id: 0x4690552d, L:/127.0.0.1:61946 - R:localhost/127.0.0.1:53753] for POST '/session/3e06f8a0013b626016fad3b96b76da10/element/82c7f5ac-658a-46c7-8fb8-d176cb542a9d/value'
20:36:42.019 [AsyncHttpClient-1-6] DEBUG org.asynchttpclient.netty.handler.HttpHandler - 

Request DefaultHttpRequest(decodeResult: success, version: HTTP/1.1)
POST /session/3e06f8a0013b626016fad3b96b76da10/element/82c7f5ac-658a-46c7-8fb8-d176cb542a9d/value HTTP/1.1
User-Agent: selenium/4.1.2 (java windows)
Content-Length: 131
Content-Type: application/json; charset=utf-8
host: localhost:53753
accept: */*

Response DefaultHttpResponse(decodeResult: success, version: HTTP/1.1)
HTTP/1.1 200 OK
Content-Type: application/json; charset=utf-8
cache-control: no-cache
content-length: 14

20:36:42.019 [AsyncHttpClient-1-6] DEBUG org.asynchttpclient.netty.channel.ChannelManager - Adding key: http://localhost:53753 for channel [id: 0x4690552d, L:/127.0.0.1:61946 - R:localhost/127.0.0.1:53753]
20:36:42.025 [Forwarding findElement on session 3e06f8a0013b626016fad3b96b76da10 to remote] DEBUG org.asynchttpclient.netty.request.NettyRequestSender - Using pooled Channel '[id: 0x4690552d, L:/127.0.0.1:61946 - R:localhost/127.0.0.1:53753]' for 'POST' to 'http://localhost:53753/session/3e06f8a0013b626016fad3b96b76da10/element'
20:36:42.026 [Forwarding findElement on session 3e06f8a0013b626016fad3b96b76da10 to remote] DEBUG org.asynchttpclient.netty.request.NettyRequestSender - Using open Channel [id: 0x4690552d, L:/127.0.0.1:61946 - R:localhost/127.0.0.1:53753] for POST '/session/3e06f8a0013b626016fad3b96b76da10/element'
20:36:42.059 [AsyncHttpClient-1-6] DEBUG org.asynchttpclient.netty.handler.HttpHandler - 

Request DefaultHttpRequest(decodeResult: success, version: HTTP/1.1)
POST /session/3e06f8a0013b626016fad3b96b76da10/element HTTP/1.1
User-Agent: selenium/4.1.2 (java windows)
Content-Length: 71
Content-Type: application/json; charset=utf-8
host: localhost:53753
accept: */*

Response DefaultHttpResponse(decodeResult: success, version: HTTP/1.1)
HTTP/1.1 200 OK
Content-Type: application/json; charset=utf-8
cache-control: no-cache
content-length: 88

20:36:42.059 [AsyncHttpClient-1-6] DEBUG org.asynchttpclient.netty.channel.ChannelManager - Adding key: http://localhost:53753 for channel [id: 0x4690552d, L:/127.0.0.1:61946 - R:localhost/127.0.0.1:53753]
20:36:42.062 [Forwarding sendKeysToElement on session 3e06f8a0013b626016fad3b96b76da10 to remote] DEBUG org.asynchttpclient.netty.request.NettyRequestSender - Using pooled Channel '[id: 0x4690552d, L:/127.0.0.1:61946 - R:localhost/127.0.0.1:53753]' for 'POST' to 'http://localhost:53753/session/3e06f8a0013b626016fad3b96b76da10/element/eae02ef0-fe56-4868-bde3-4abd37bbb0ee/value'
20:36:42.062 [Forwarding sendKeysToElement on session 3e06f8a0013b626016fad3b96b76da10 to remote] DEBUG org.asynchttpclient.netty.request.NettyRequestSender - Using open Channel [id: 0x4690552d, L:/127.0.0.1:61946 - R:localhost/127.0.0.1:53753] for POST '/session/3e06f8a0013b626016fad3b96b76da10/element/eae02ef0-fe56-4868-bde3-4abd37bbb0ee/value'
20:36:42.490 [AsyncHttpClient-1-1] DEBUG org.asynchttpclient.netty.channel.DefaultChannelPool - Entry count for : http://localhost:61947 : 1
20:36:42.542 [AsyncHttpClient-1-6] DEBUG org.asynchttpclient.netty.handler.HttpHandler - 

Request DefaultHttpRequest(decodeResult: success, version: HTTP/1.1)
POST /session/3e06f8a0013b626016fad3b96b76da10/element/eae02ef0-fe56-4868-bde3-4abd37bbb0ee/value HTTP/1.1
User-Agent: selenium/4.1.2 (java windows)
Content-Length: 229
Content-Type: application/json; charset=utf-8
host: localhost:53753
accept: */*

Response DefaultHttpResponse(decodeResult: success, version: HTTP/1.1)
HTTP/1.1 200 OK
Content-Type: application/json; charset=utf-8
cache-control: no-cache
content-length: 14

20:36:42.542 [AsyncHttpClient-1-6] DEBUG org.asynchttpclient.netty.channel.ChannelManager - Adding key: http://localhost:53753 for channel [id: 0x4690552d, L:/127.0.0.1:61946 - R:localhost/127.0.0.1:53753]
20:36:42.547 [Forwarding findElement on session 3e06f8a0013b626016fad3b96b76da10 to remote] DEBUG org.asynchttpclient.netty.request.NettyRequestSender - Using pooled Channel '[id: 0x4690552d, L:/127.0.0.1:61946 - R:localhost/127.0.0.1:53753]' for 'POST' to 'http://localhost:53753/session/3e06f8a0013b626016fad3b96b76da10/element'
20:36:42.547 [Forwarding findElement on session 3e06f8a0013b626016fad3b96b76da10 to remote] DEBUG org.asynchttpclient.netty.request.NettyRequestSender - Using open Channel [id: 0x4690552d, L:/127.0.0.1:61946 - R:localhost/127.0.0.1:53753] for POST '/session/3e06f8a0013b626016fad3b96b76da10/element'
20:36:42.565 [AsyncHttpClient-1-6] DEBUG org.asynchttpclient.netty.handler.HttpHandler - 

Request DefaultHttpRequest(decodeResult: success, version: HTTP/1.1)
POST /session/3e06f8a0013b626016fad3b96b76da10/element HTTP/1.1
User-Agent: selenium/4.1.2 (java windows)
Content-Length: 71
Content-Type: application/json; charset=utf-8
host: localhost:53753
accept: */*

Response DefaultHttpResponse(decodeResult: success, version: HTTP/1.1)
HTTP/1.1 200 OK
Content-Type: application/json; charset=utf-8
cache-control: no-cache
content-length: 88

20:36:42.565 [AsyncHttpClient-1-6] DEBUG org.asynchttpclient.netty.channel.ChannelManager - Adding key: http://localhost:53753 for channel [id: 0x4690552d, L:/127.0.0.1:61946 - R:localhost/127.0.0.1:53753]
20:36:42.567 [Forwarding sendKeysToElement on session 3e06f8a0013b626016fad3b96b76da10 to remote] DEBUG org.asynchttpclient.netty.request.NettyRequestSender - Using pooled Channel '[id: 0x4690552d, L:/127.0.0.1:61946 - R:localhost/127.0.0.1:53753]' for 'POST' to 'http://localhost:53753/session/3e06f8a0013b626016fad3b96b76da10/element/eae02ef0-fe56-4868-bde3-4abd37bbb0ee/value'
20:36:42.567 [Forwarding sendKeysToElement on session 3e06f8a0013b626016fad3b96b76da10 to remote] DEBUG org.asynchttpclient.netty.request.NettyRequestSender - Using open Channel [id: 0x4690552d, L:/127.0.0.1:61946 - R:localhost/127.0.0.1:53753] for POST '/session/3e06f8a0013b626016fad3b96b76da10/element/eae02ef0-fe56-4868-bde3-4abd37bbb0ee/value'
20:36:42.962 [AsyncHttpClient-1-6] DEBUG org.asynchttpclient.netty.handler.HttpHandler - 

Request DefaultHttpRequest(decodeResult: success, version: HTTP/1.1)
POST /session/3e06f8a0013b626016fad3b96b76da10/element/eae02ef0-fe56-4868-bde3-4abd37bbb0ee/value HTTP/1.1
User-Agent: selenium/4.1.2 (java windows)
Content-Length: 191
Content-Type: application/json; charset=utf-8
host: localhost:53753
accept: */*

Response DefaultHttpResponse(decodeResult: success, version: HTTP/1.1)
HTTP/1.1 200 OK
Content-Type: application/json; charset=utf-8
cache-control: no-cache
content-length: 14

20:36:42.963 [AsyncHttpClient-1-6] DEBUG org.asynchttpclient.netty.channel.ChannelManager - Adding key: http://localhost:53753 for channel [id: 0x4690552d, L:/127.0.0.1:61946 - R:localhost/127.0.0.1:53753]
20:36:42.967 [Forwarding findElement on session 3e06f8a0013b626016fad3b96b76da10 to remote] DEBUG org.asynchttpclient.netty.request.NettyRequestSender - Using pooled Channel '[id: 0x4690552d, L:/127.0.0.1:61946 - R:localhost/127.0.0.1:53753]' for 'POST' to 'http://localhost:53753/session/3e06f8a0013b626016fad3b96b76da10/element'
20:36:42.967 [Forwarding findElement on session 3e06f8a0013b626016fad3b96b76da10 to remote] DEBUG org.asynchttpclient.netty.request.NettyRequestSender - Using open Channel [id: 0x4690552d, L:/127.0.0.1:61946 - R:localhost/127.0.0.1:53753] for POST '/session/3e06f8a0013b626016fad3b96b76da10/element'
20:36:42.998 [AsyncHttpClient-1-6] DEBUG org.asynchttpclient.netty.handler.HttpHandler - 

Request DefaultHttpRequest(decodeResult: success, version: HTTP/1.1)
POST /session/3e06f8a0013b626016fad3b96b76da10/element HTTP/1.1
User-Agent: selenium/4.1.2 (java windows)
Content-Length: 166
Content-Type: application/json; charset=utf-8
host: localhost:53753
accept: */*

Response DefaultHttpResponse(decodeResult: success, version: HTTP/1.1)
HTTP/1.1 200 OK
Content-Type: application/json; charset=utf-8
cache-control: no-cache
content-length: 88

20:36:42.998 [AsyncHttpClient-1-6] DEBUG org.asynchttpclient.netty.channel.ChannelManager - Adding key: http://localhost:53753 for channel [id: 0x4690552d, L:/127.0.0.1:61946 - R:localhost/127.0.0.1:53753]
20:36:43.002 [Forwarding sendKeysToElement on session 3e06f8a0013b626016fad3b96b76da10 to remote] DEBUG org.asynchttpclient.netty.request.NettyRequestSender - Using pooled Channel '[id: 0x4690552d, L:/127.0.0.1:61946 - R:localhost/127.0.0.1:53753]' for 'POST' to 'http://localhost:53753/session/3e06f8a0013b626016fad3b96b76da10/element/62e484fd-9034-4692-ac51-879d90b4cd8b/value'
20:36:43.002 [Forwarding sendKeysToElement on session 3e06f8a0013b626016fad3b96b76da10 to remote] DEBUG org.asynchttpclient.netty.request.NettyRequestSender - Using open Channel [id: 0x4690552d, L:/127.0.0.1:61946 - R:localhost/127.0.0.1:53753] for POST '/session/3e06f8a0013b626016fad3b96b76da10/element/62e484fd-9034-4692-ac51-879d90b4cd8b/value'
20:36:43.549 [AsyncHttpClient-1-6] DEBUG org.asynchttpclient.netty.handler.HttpHandler - 

Request DefaultHttpRequest(decodeResult: success, version: HTTP/1.1)
POST /session/3e06f8a0013b626016fad3b96b76da10/element/62e484fd-9034-4692-ac51-879d90b4cd8b/value HTTP/1.1
User-Agent: selenium/4.1.2 (java windows)
Content-Length: 219
Content-Type: application/json; charset=utf-8
host: localhost:53753
accept: */*

Response DefaultHttpResponse(decodeResult: success, version: HTTP/1.1)
HTTP/1.1 200 OK
Content-Type: application/json; charset=utf-8
cache-control: no-cache
content-length: 14

20:36:43.549 [AsyncHttpClient-1-6] DEBUG org.asynchttpclient.netty.channel.ChannelManager - Adding key: http://localhost:53753 for channel [id: 0x4690552d, L:/127.0.0.1:61946 - R:localhost/127.0.0.1:53753]
20:36:43.557 [Forwarding findElement on session 3e06f8a0013b626016fad3b96b76da10 to remote] DEBUG org.asynchttpclient.netty.request.NettyRequestSender - Using pooled Channel '[id: 0x4690552d, L:/127.0.0.1:61946 - R:localhost/127.0.0.1:53753]' for 'POST' to 'http://localhost:53753/session/3e06f8a0013b626016fad3b96b76da10/element'
20:36:43.557 [Forwarding findElement on session 3e06f8a0013b626016fad3b96b76da10 to remote] DEBUG org.asynchttpclient.netty.request.NettyRequestSender - Using open Channel [id: 0x4690552d, L:/127.0.0.1:61946 - R:localhost/127.0.0.1:53753] for POST '/session/3e06f8a0013b626016fad3b96b76da10/element'
20:36:43.589 [AsyncHttpClient-1-1] DEBUG org.asynchttpclient.netty.channel.DefaultChannelPool - Entry count for : http://localhost:61947 : 1
20:36:43.589 [AsyncHttpClient-1-6] DEBUG org.asynchttpclient.netty.handler.HttpHandler - 

Request DefaultHttpRequest(decodeResult: success, version: HTTP/1.1)
POST /session/3e06f8a0013b626016fad3b96b76da10/element HTTP/1.1
User-Agent: selenium/4.1.2 (java windows)
Content-Length: 166
Content-Type: application/json; charset=utf-8
host: localhost:53753
accept: */*

Response DefaultHttpResponse(decodeResult: success, version: HTTP/1.1)
HTTP/1.1 200 OK
Content-Type: application/json; charset=utf-8
cache-control: no-cache
content-length: 88

20:36:43.589 [AsyncHttpClient-1-6] DEBUG org.asynchttpclient.netty.channel.ChannelManager - Adding key: http://localhost:53753 for channel [id: 0x4690552d, L:/127.0.0.1:61946 - R:localhost/127.0.0.1:53753]
20:36:43.589 [Forwarding sendKeysToElement on session 3e06f8a0013b626016fad3b96b76da10 to remote] DEBUG org.asynchttpclient.netty.request.NettyRequestSender - Using pooled Channel '[id: 0x4690552d, L:/127.0.0.1:61946 - R:localhost/127.0.0.1:53753]' for 'POST' to 'http://localhost:53753/session/3e06f8a0013b626016fad3b96b76da10/element/62e484fd-9034-4692-ac51-879d90b4cd8b/value'
20:36:43.589 [Forwarding sendKeysToElement on session 3e06f8a0013b626016fad3b96b76da10 to remote] DEBUG org.asynchttpclient.netty.request.NettyRequestSender - Using open Channel [id: 0x4690552d, L:/127.0.0.1:61946 - R:localhost/127.0.0.1:53753] for POST '/session/3e06f8a0013b626016fad3b96b76da10/element/62e484fd-9034-4692-ac51-879d90b4cd8b/value'
20:36:43.920 [AsyncHttpClient-1-6] DEBUG org.asynchttpclient.netty.handler.HttpHandler - 

Request DefaultHttpRequest(decodeResult: success, version: HTTP/1.1)
POST /session/3e06f8a0013b626016fad3b96b76da10/element/62e484fd-9034-4692-ac51-879d90b4cd8b/value HTTP/1.1
User-Agent: selenium/4.1.2 (java windows)
Content-Length: 181
Content-Type: application/json; charset=utf-8
host: localhost:53753
accept: */*

Response DefaultHttpResponse(decodeResult: success, version: HTTP/1.1)
HTTP/1.1 200 OK
Content-Type: application/json; charset=utf-8
cache-control: no-cache
content-length: 14

20:36:43.920 [AsyncHttpClient-1-6] DEBUG org.asynchttpclient.netty.channel.ChannelManager - Adding key: http://localhost:53753 for channel [id: 0x4690552d, L:/127.0.0.1:61946 - R:localhost/127.0.0.1:53753]
20:36:43.926 [Forwarding findElement on session 3e06f8a0013b626016fad3b96b76da10 to remote] DEBUG org.asynchttpclient.netty.request.NettyRequestSender - Using pooled Channel '[id: 0x4690552d, L:/127.0.0.1:61946 - R:localhost/127.0.0.1:53753]' for 'POST' to 'http://localhost:53753/session/3e06f8a0013b626016fad3b96b76da10/element'
20:36:43.926 [Forwarding findElement on session 3e06f8a0013b626016fad3b96b76da10 to remote] DEBUG org.asynchttpclient.netty.request.NettyRequestSender - Using open Channel [id: 0x4690552d, L:/127.0.0.1:61946 - R:localhost/127.0.0.1:53753] for POST '/session/3e06f8a0013b626016fad3b96b76da10/element'
20:36:43.962 [AsyncHttpClient-1-6] DEBUG org.asynchttpclient.netty.handler.HttpHandler - 

Request DefaultHttpRequest(decodeResult: success, version: HTTP/1.1)
POST /session/3e06f8a0013b626016fad3b96b76da10/element HTTP/1.1
User-Agent: selenium/4.1.2 (java windows)
Content-Length: 70
Content-Type: application/json; charset=utf-8
host: localhost:53753
accept: */*

Response DefaultHttpResponse(decodeResult: success, version: HTTP/1.1)
HTTP/1.1 200 OK
Content-Type: application/json; charset=utf-8
cache-control: no-cache
content-length: 88

20:36:43.962 [AsyncHttpClient-1-6] DEBUG org.asynchttpclient.netty.channel.ChannelManager - Adding key: http://localhost:53753 for channel [id: 0x4690552d, L:/127.0.0.1:61946 - R:localhost/127.0.0.1:53753]
20:36:43.965 [Forwarding sendKeysToElement on session 3e06f8a0013b626016fad3b96b76da10 to remote] DEBUG org.asynchttpclient.netty.request.NettyRequestSender - Using pooled Channel '[id: 0x4690552d, L:/127.0.0.1:61946 - R:localhost/127.0.0.1:53753]' for 'POST' to 'http://localhost:53753/session/3e06f8a0013b626016fad3b96b76da10/element/844a766c-cd8c-4921-baab-bb0156b4b7c0/value'
20:36:43.965 [Forwarding sendKeysToElement on session 3e06f8a0013b626016fad3b96b76da10 to remote] DEBUG org.asynchttpclient.netty.request.NettyRequestSender - Using open Channel [id: 0x4690552d, L:/127.0.0.1:61946 - R:localhost/127.0.0.1:53753] for POST '/session/3e06f8a0013b626016fad3b96b76da10/element/844a766c-cd8c-4921-baab-bb0156b4b7c0/value'
20:36:44.417 [AsyncHttpClient-1-6] DEBUG org.asynchttpclient.netty.handler.HttpHandler - 

Request DefaultHttpRequest(decodeResult: success, version: HTTP/1.1)
POST /session/3e06f8a0013b626016fad3b96b76da10/element/844a766c-cd8c-4921-baab-bb0156b4b7c0/value HTTP/1.1
User-Agent: selenium/4.1.2 (java windows)
Content-Length: 219
Content-Type: application/json; charset=utf-8
host: localhost:53753
accept: */*

Response DefaultHttpResponse(decodeResult: success, version: HTTP/1.1)
HTTP/1.1 200 OK
Content-Type: application/json; charset=utf-8
cache-control: no-cache
content-length: 14

20:36:44.418 [AsyncHttpClient-1-6] DEBUG org.asynchttpclient.netty.channel.ChannelManager - Adding key: http://localhost:53753 for channel [id: 0x4690552d, L:/127.0.0.1:61946 - R:localhost/127.0.0.1:53753]
20:36:44.424 [Forwarding findElement on session 3e06f8a0013b626016fad3b96b76da10 to remote] DEBUG org.asynchttpclient.netty.request.NettyRequestSender - Using pooled Channel '[id: 0x4690552d, L:/127.0.0.1:61946 - R:localhost/127.0.0.1:53753]' for 'POST' to 'http://localhost:53753/session/3e06f8a0013b626016fad3b96b76da10/element'
20:36:44.424 [Forwarding findElement on session 3e06f8a0013b626016fad3b96b76da10 to remote] DEBUG org.asynchttpclient.netty.request.NettyRequestSender - Using open Channel [id: 0x4690552d, L:/127.0.0.1:61946 - R:localhost/127.0.0.1:53753] for POST '/session/3e06f8a0013b626016fad3b96b76da10/element'
20:36:44.476 [AsyncHttpClient-1-6] DEBUG org.asynchttpclient.netty.handler.HttpHandler - 

Request DefaultHttpRequest(decodeResult: success, version: HTTP/1.1)
POST /session/3e06f8a0013b626016fad3b96b76da10/element HTTP/1.1
User-Agent: selenium/4.1.2 (java windows)
Content-Length: 70
Content-Type: application/json; charset=utf-8
host: localhost:53753
accept: */*

Response DefaultHttpResponse(decodeResult: success, version: HTTP/1.1)
HTTP/1.1 200 OK
Content-Type: application/json; charset=utf-8
cache-control: no-cache
content-length: 88

20:36:44.476 [AsyncHttpClient-1-6] DEBUG org.asynchttpclient.netty.channel.ChannelManager - Adding key: http://localhost:53753 for channel [id: 0x4690552d, L:/127.0.0.1:61946 - R:localhost/127.0.0.1:53753]
20:36:44.479 [Forwarding sendKeysToElement on session 3e06f8a0013b626016fad3b96b76da10 to remote] DEBUG org.asynchttpclient.netty.request.NettyRequestSender - Using pooled Channel '[id: 0x4690552d, L:/127.0.0.1:61946 - R:localhost/127.0.0.1:53753]' for 'POST' to 'http://localhost:53753/session/3e06f8a0013b626016fad3b96b76da10/element/844a766c-cd8c-4921-baab-bb0156b4b7c0/value'
20:36:44.479 [Forwarding sendKeysToElement on session 3e06f8a0013b626016fad3b96b76da10 to remote] DEBUG org.asynchttpclient.netty.request.NettyRequestSender - Using open Channel [id: 0x4690552d, L:/127.0.0.1:61946 - R:localhost/127.0.0.1:53753] for POST '/session/3e06f8a0013b626016fad3b96b76da10/element/844a766c-cd8c-4921-baab-bb0156b4b7c0/value'
20:36:44.694 [AsyncHttpClient-1-1] DEBUG org.asynchttpclient.netty.channel.DefaultChannelPool - Entry count for : http://localhost:61947 : 1
20:36:44.901 [AsyncHttpClient-1-6] DEBUG org.asynchttpclient.netty.handler.HttpHandler - 

Request DefaultHttpRequest(decodeResult: success, version: HTTP/1.1)
POST /session/3e06f8a0013b626016fad3b96b76da10/element/844a766c-cd8c-4921-baab-bb0156b4b7c0/value HTTP/1.1
User-Agent: selenium/4.1.2 (java windows)
Content-Length: 181
Content-Type: application/json; charset=utf-8
host: localhost:53753
accept: */*

Response DefaultHttpResponse(decodeResult: success, version: HTTP/1.1)
HTTP/1.1 200 OK
Content-Type: application/json; charset=utf-8
cache-control: no-cache
content-length: 14

20:36:44.901 [AsyncHttpClient-1-6] DEBUG org.asynchttpclient.netty.channel.ChannelManager - Adding key: http://localhost:53753 for channel [id: 0x4690552d, L:/127.0.0.1:61946 - R:localhost/127.0.0.1:53753]
20:36:44.914 [Forwarding screenshot on session 3e06f8a0013b626016fad3b96b76da10 to remote] DEBUG org.asynchttpclient.netty.request.NettyRequestSender - Using pooled Channel '[id: 0x4690552d, L:/127.0.0.1:61946 - R:localhost/127.0.0.1:53753]' for 'GET' to 'http://localhost:53753/session/3e06f8a0013b626016fad3b96b76da10/screenshot'
20:36:44.914 [Forwarding screenshot on session 3e06f8a0013b626016fad3b96b76da10 to remote] DEBUG org.asynchttpclient.netty.request.NettyRequestSender - Using open Channel [id: 0x4690552d, L:/127.0.0.1:61946 - R:localhost/127.0.0.1:53753] for GET '/session/3e06f8a0013b626016fad3b96b76da10/screenshot'
20:36:45.290 [AsyncHttpClient-1-6] DEBUG org.asynchttpclient.netty.handler.HttpHandler - 

Request DefaultFullHttpRequest(decodeResult: success, version: HTTP/1.1, content: EmptyByteBufBE)
GET /session/3e06f8a0013b626016fad3b96b76da10/screenshot HTTP/1.1
User-Agent: selenium/4.1.2 (java windows)
Cache-Control: no-cache
Content-Type: application/json; charset=utf-8
host: localhost:53753
accept: */*

Response DefaultHttpResponse(decodeResult: success, version: HTTP/1.1)
HTTP/1.1 200 OK
Content-Type: application/json; charset=utf-8
cache-control: no-cache
content-length: 357988

20:36:45.292 [AsyncHttpClient-1-6] DEBUG org.asynchttpclient.netty.channel.ChannelManager - Adding key: http://localhost:53753 for channel [id: 0x4690552d, L:/127.0.0.1:61946 - R:localhost/127.0.0.1:53753]
20:36:45.319 [main] DEBUG net.serenitybdd.core.photography.Darkroom - Send negative for processing for target\site\serenity\41737842826039d58ac0cc2e385da0a5d94278b666b746193eeea5ff4f7cc44f.png
20:36:45.320 [main] DEBUG net.thucydides.core.steps.StepInterceptor - STEP DONE: inputDataDokterEdit
  &amp#27;[32mThen &amp#27;[0m&amp#27;[32mI input edit &amp#27;[0m&amp#27;[32m&amp#27;[1m"Bagas"&amp#27;[0m&amp#27;[32m &amp#27;[0m&amp#27;[32m&amp#27;[1m"bagas"&amp#27;[0m&amp#27;[32m &amp#27;[0m&amp#27;[32m&amp#27;[1m"Dokter Gigi"&amp#27;[0m&amp#27;[32m &amp#27;[0m&amp#27;[32m&amp#27;[1m"BagasBedah"&amp#27;[0m&amp#27;[32m &amp#27;[0m&amp#27;[32m&amp#27;[1m"BagasBedah"&amp#27;[0m&amp#27;[32m dokter&amp#27;[0m &amp#27;[90m# starter.stepdefinitios.DokterDataSteps.iInputEditDokter(java.lang.String,java.lang.String,java.lang.String,java.lang.String,java.lang.String)&amp#27;[0m
20:36:45.324 [Darkroom Processing Line] DEBUG net.serenitybdd.core.photography.DarkroomProcessingLine - Processing screenshot image in /var/screenshots/screenshot-15907115760116111270
20:36:45.324 [Darkroom Processing Line] DEBUG net.serenitybdd.core.photography.DarkroomProcessingLine - Saving screenshot to target\site\serenity\41737842826039d58ac0cc2e385da0a5d94278b666b746193eeea5ff4f7cc44f.png
20:36:45.390 [Forwarding screenshot on session 3e06f8a0013b626016fad3b96b76da10 to remote] DEBUG org.asynchttpclient.netty.request.NettyRequestSender - Using pooled Channel '[id: 0x4690552d, L:/127.0.0.1:61946 - R:localhost/127.0.0.1:53753]' for 'GET' to 'http://localhost:53753/session/3e06f8a0013b626016fad3b96b76da10/screenshot'
20:36:45.390 [Forwarding screenshot on session 3e06f8a0013b626016fad3b96b76da10 to remote] DEBUG org.asynchttpclient.netty.request.NettyRequestSender - Using open Channel [id: 0x4690552d, L:/127.0.0.1:61946 - R:localhost/127.0.0.1:53753] for GET '/session/3e06f8a0013b626016fad3b96b76da10/screenshot'
20:36:45.781 [AsyncHttpClient-1-6] DEBUG org.asynchttpclient.netty.handler.HttpHandler - 

Request DefaultFullHttpRequest(decodeResult: success, version: HTTP/1.1, content: EmptyByteBufBE)
GET /session/3e06f8a0013b626016fad3b96b76da10/screenshot HTTP/1.1
User-Agent: selenium/4.1.2 (java windows)
Cache-Control: no-cache
Content-Type: application/json; charset=utf-8
host: localhost:53753
accept: */*

Response DefaultHttpResponse(decodeResult: success, version: HTTP/1.1)
HTTP/1.1 200 OK
Content-Type: application/json; charset=utf-8
cache-control: no-cache
content-length: 357968

20:36:45.783 [AsyncHttpClient-1-6] DEBUG org.asynchttpclient.netty.channel.ChannelManager - Adding key: http://localhost:53753 for channel [id: 0x4690552d, L:/127.0.0.1:61946 - R:localhost/127.0.0.1:53753]
20:36:45.790 [AsyncHttpClient-1-1] DEBUG org.asynchttpclient.netty.channel.DefaultChannelPool - Entry count for : http://localhost:53753 : 1
20:36:45.790 [AsyncHttpClient-1-1] DEBUG org.asynchttpclient.netty.channel.DefaultChannelPool - Entry count for : http://localhost:61947 : 1
20:36:45.816 [main] DEBUG net.serenitybdd.core.photography.Darkroom - Send negative for processing for target\site\serenity\b2c701911e85b949a1f28dc01a41db8ef5f62f9da110e937241ced207ec8dbfc.png
20:36:45.817 [main] DEBUG net.thucydides.core.steps.StepInterceptor - STARTING STEP: PatientDataSteps.clickButtonSimpan - clickButtonSave
20:36:45.817 [Darkroom Processing Line] DEBUG net.serenitybdd.core.photography.DarkroomProcessingLine - Processing screenshot image in /var/screenshots/screenshot-17790862403955360796
20:36:45.818 [Darkroom Processing Line] DEBUG net.serenitybdd.core.photography.DarkroomProcessingLine - Saving screenshot to target\site\serenity\b2c701911e85b949a1f28dc01a41db8ef5f62f9da110e937241ced207ec8dbfc.png
20:36:45.829 [Forwarding findElement on session 3e06f8a0013b626016fad3b96b76da10 to remote] DEBUG org.asynchttpclient.netty.request.NettyRequestSender - Using pooled Channel '[id: 0x4690552d, L:/127.0.0.1:61946 - R:localhost/127.0.0.1:53753]' for 'POST' to 'http://localhost:53753/session/3e06f8a0013b626016fad3b96b76da10/element'
20:36:45.829 [Forwarding findElement on session 3e06f8a0013b626016fad3b96b76da10 to remote] DEBUG org.asynchttpclient.netty.request.NettyRequestSender - Using open Channel [id: 0x4690552d, L:/127.0.0.1:61946 - R:localhost/127.0.0.1:53753] for POST '/session/3e06f8a0013b626016fad3b96b76da10/element'
20:36:45.867 [AsyncHttpClient-1-6] DEBUG org.asynchttpclient.netty.handler.HttpHandler - 

Request DefaultHttpRequest(decodeResult: success, version: HTTP/1.1)
POST /session/3e06f8a0013b626016fad3b96b76da10/element HTTP/1.1
User-Agent: selenium/4.1.2 (java windows)
Content-Length: 68
Content-Type: application/json; charset=utf-8
host: localhost:53753
accept: */*

Response DefaultHttpResponse(decodeResult: success, version: HTTP/1.1)
HTTP/1.1 200 OK
Content-Type: application/json; charset=utf-8
cache-control: no-cache
content-length: 88

20:36:45.867 [AsyncHttpClient-1-6] DEBUG org.asynchttpclient.netty.channel.ChannelManager - Adding key: http://localhost:53753 for channel [id: 0x4690552d, L:/127.0.0.1:61946 - R:localhost/127.0.0.1:53753]
20:36:45.869 [Forwarding getElementTagName on session 3e06f8a0013b626016fad3b96b76da10 to remote] DEBUG org.asynchttpclient.netty.request.NettyRequestSender - Using pooled Channel '[id: 0x4690552d, L:/127.0.0.1:61946 - R:localhost/127.0.0.1:53753]' for 'GET' to 'http://localhost:53753/session/3e06f8a0013b626016fad3b96b76da10/element/54c392fe-e05b-44cb-b20a-4ec803a37be2/name'
20:36:45.869 [Forwarding getElementTagName on session 3e06f8a0013b626016fad3b96b76da10 to remote] DEBUG org.asynchttpclient.netty.request.NettyRequestSender - Using open Channel [id: 0x4690552d, L:/127.0.0.1:61946 - R:localhost/127.0.0.1:53753] for GET '/session/3e06f8a0013b626016fad3b96b76da10/element/54c392fe-e05b-44cb-b20a-4ec803a37be2/name'
20:36:45.883 [AsyncHttpClient-1-6] DEBUG org.asynchttpclient.netty.handler.HttpHandler - 

Request DefaultFullHttpRequest(decodeResult: success, version: HTTP/1.1, content: EmptyByteBufBE)
GET /session/3e06f8a0013b626016fad3b96b76da10/element/54c392fe-e05b-44cb-b20a-4ec803a37be2/name HTTP/1.1
User-Agent: selenium/4.1.2 (java windows)
Cache-Control: no-cache
Content-Type: application/json; charset=utf-8
host: localhost:53753
accept: */*

Response DefaultHttpResponse(decodeResult: success, version: HTTP/1.1)
HTTP/1.1 200 OK
Content-Type: application/json; charset=utf-8
cache-control: no-cache
content-length: 18

20:36:45.883 [AsyncHttpClient-1-6] DEBUG org.asynchttpclient.netty.channel.ChannelManager - Adding key: http://localhost:53753 for channel [id: 0x4690552d, L:/127.0.0.1:61946 - R:localhost/127.0.0.1:53753]
20:36:45.886 [Forwarding getElementTagName on session 3e06f8a0013b626016fad3b96b76da10 to remote] DEBUG org.asynchttpclient.netty.request.NettyRequestSender - Using pooled Channel '[id: 0x4690552d, L:/127.0.0.1:61946 - R:localhost/127.0.0.1:53753]' for 'GET' to 'http://localhost:53753/session/3e06f8a0013b626016fad3b96b76da10/element/54c392fe-e05b-44cb-b20a-4ec803a37be2/name'
20:36:45.886 [Forwarding getElementTagName on session 3e06f8a0013b626016fad3b96b76da10 to remote] DEBUG org.asynchttpclient.netty.request.NettyRequestSender - Using open Channel [id: 0x4690552d, L:/127.0.0.1:61946 - R:localhost/127.0.0.1:53753] for GET '/session/3e06f8a0013b626016fad3b96b76da10/element/54c392fe-e05b-44cb-b20a-4ec803a37be2/name'
20:36:45.898 [AsyncHttpClient-1-6] DEBUG org.asynchttpclient.netty.handler.HttpHandler - 

Request DefaultFullHttpRequest(decodeResult: success, version: HTTP/1.1, content: EmptyByteBufBE)
GET /session/3e06f8a0013b626016fad3b96b76da10/element/54c392fe-e05b-44cb-b20a-4ec803a37be2/name HTTP/1.1
User-Agent: selenium/4.1.2 (java windows)
Cache-Control: no-cache
Content-Type: application/json; charset=utf-8
host: localhost:53753
accept: */*

Response DefaultHttpResponse(decodeResult: success, version: HTTP/1.1)
HTTP/1.1 200 OK
Content-Type: application/json; charset=utf-8
cache-control: no-cache
content-length: 18

20:36:45.898 [AsyncHttpClient-1-6] DEBUG org.asynchttpclient.netty.channel.ChannelManager - Adding key: http://localhost:53753 for channel [id: 0x4690552d, L:/127.0.0.1:61946 - R:localhost/127.0.0.1:53753]
20:36:45.902 [Forwarding isElementEnabled on session 3e06f8a0013b626016fad3b96b76da10 to remote] DEBUG org.asynchttpclient.netty.request.NettyRequestSender - Using pooled Channel '[id: 0x4690552d, L:/127.0.0.1:61946 - R:localhost/127.0.0.1:53753]' for 'GET' to 'http://localhost:53753/session/3e06f8a0013b626016fad3b96b76da10/element/54c392fe-e05b-44cb-b20a-4ec803a37be2/enabled'
20:36:45.902 [Forwarding isElementEnabled on session 3e06f8a0013b626016fad3b96b76da10 to remote] DEBUG org.asynchttpclient.netty.request.NettyRequestSender - Using open Channel [id: 0x4690552d, L:/127.0.0.1:61946 - R:localhost/127.0.0.1:53753] for GET '/session/3e06f8a0013b626016fad3b96b76da10/element/54c392fe-e05b-44cb-b20a-4ec803a37be2/enabled'
20:36:45.933 [AsyncHttpClient-1-6] DEBUG org.asynchttpclient.netty.handler.HttpHandler - 

Request DefaultFullHttpRequest(decodeResult: success, version: HTTP/1.1, content: EmptyByteBufBE)
GET /session/3e06f8a0013b626016fad3b96b76da10/element/54c392fe-e05b-44cb-b20a-4ec803a37be2/enabled HTTP/1.1
User-Agent: selenium/4.1.2 (java windows)
Cache-Control: no-cache
Content-Type: application/json; charset=utf-8
host: localhost:53753
accept: */*

Response DefaultHttpResponse(decodeResult: success, version: HTTP/1.1)
HTTP/1.1 200 OK
Content-Type: application/json; charset=utf-8
cache-control: no-cache
content-length: 14

20:36:45.933 [AsyncHttpClient-1-6] DEBUG org.asynchttpclient.netty.channel.ChannelManager - Adding key: http://localhost:53753 for channel [id: 0x4690552d, L:/127.0.0.1:61946 - R:localhost/127.0.0.1:53753]
20:36:45.935 [Forwarding isElementEnabled on session 3e06f8a0013b626016fad3b96b76da10 to remote] DEBUG org.asynchttpclient.netty.request.NettyRequestSender - Using pooled Channel '[id: 0x4690552d, L:/127.0.0.1:61946 - R:localhost/127.0.0.1:53753]' for 'GET' to 'http://localhost:53753/session/3e06f8a0013b626016fad3b96b76da10/element/54c392fe-e05b-44cb-b20a-4ec803a37be2/enabled'
20:36:45.960 [Forwarding isElementEnabled on session 3e06f8a0013b626016fad3b96b76da10 to remote] DEBUG org.asynchttpclient.netty.request.NettyRequestSender - Using open Channel [id: 0x4690552d, L:/127.0.0.1:61946 - R:localhost/127.0.0.1:53753] for GET '/session/3e06f8a0013b626016fad3b96b76da10/element/54c392fe-e05b-44cb-b20a-4ec803a37be2/enabled'
20:36:46.010 [AsyncHttpClient-1-6] DEBUG org.asynchttpclient.netty.handler.HttpHandler - 

Request DefaultFullHttpRequest(decodeResult: success, version: HTTP/1.1, content: EmptyByteBufBE)
GET /session/3e06f8a0013b626016fad3b96b76da10/element/54c392fe-e05b-44cb-b20a-4ec803a37be2/enabled HTTP/1.1
User-Agent: selenium/4.1.2 (java windows)
Cache-Control: no-cache
Content-Type: application/json; charset=utf-8
host: localhost:53753
accept: */*

Response DefaultHttpResponse(decodeResult: success, version: HTTP/1.1)
HTTP/1.1 200 OK
Content-Type: application/json; charset=utf-8
cache-control: no-cache
content-length: 14

20:36:46.010 [AsyncHttpClient-1-6] DEBUG org.asynchttpclient.netty.channel.ChannelManager - Adding key: http://localhost:53753 for channel [id: 0x4690552d, L:/127.0.0.1:61946 - R:localhost/127.0.0.1:53753]
20:36:46.015 [Forwarding findElement on session 3e06f8a0013b626016fad3b96b76da10 to remote] DEBUG org.asynchttpclient.netty.request.NettyRequestSender - Using pooled Channel '[id: 0x4690552d, L:/127.0.0.1:61946 - R:localhost/127.0.0.1:53753]' for 'POST' to 'http://localhost:53753/session/3e06f8a0013b626016fad3b96b76da10/element'
20:36:46.015 [Forwarding findElement on session 3e06f8a0013b626016fad3b96b76da10 to remote] DEBUG org.asynchttpclient.netty.request.NettyRequestSender - Using open Channel [id: 0x4690552d, L:/127.0.0.1:61946 - R:localhost/127.0.0.1:53753] for POST '/session/3e06f8a0013b626016fad3b96b76da10/element'
20:36:46.033 [AsyncHttpClient-1-6] DEBUG org.asynchttpclient.netty.handler.HttpHandler - 

Request DefaultHttpRequest(decodeResult: success, version: HTTP/1.1)
POST /session/3e06f8a0013b626016fad3b96b76da10/element HTTP/1.1
User-Agent: selenium/4.1.2 (java windows)
Content-Length: 68
Content-Type: application/json; charset=utf-8
host: localhost:53753
accept: */*

Response DefaultHttpResponse(decodeResult: success, version: HTTP/1.1)
HTTP/1.1 200 OK
Content-Type: application/json; charset=utf-8
cache-control: no-cache
content-length: 88

20:36:46.033 [AsyncHttpClient-1-6] DEBUG org.asynchttpclient.netty.channel.ChannelManager - Adding key: http://localhost:53753 for channel [id: 0x4690552d, L:/127.0.0.1:61946 - R:localhost/127.0.0.1:53753]
20:36:46.035 [Forwarding clickElement on session 3e06f8a0013b626016fad3b96b76da10 to remote] DEBUG org.asynchttpclient.netty.request.NettyRequestSender - Using pooled Channel '[id: 0x4690552d, L:/127.0.0.1:61946 - R:localhost/127.0.0.1:53753]' for 'POST' to 'http://localhost:53753/session/3e06f8a0013b626016fad3b96b76da10/element/54c392fe-e05b-44cb-b20a-4ec803a37be2/click'
20:36:46.035 [Forwarding clickElement on session 3e06f8a0013b626016fad3b96b76da10 to remote] DEBUG org.asynchttpclient.netty.request.NettyRequestSender - Using open Channel [id: 0x4690552d, L:/127.0.0.1:61946 - R:localhost/127.0.0.1:53753] for POST '/session/3e06f8a0013b626016fad3b96b76da10/element/54c392fe-e05b-44cb-b20a-4ec803a37be2/click'
20:36:46.171 [AsyncHttpClient-1-6] DEBUG org.asynchttpclient.netty.handler.HttpHandler - 

Request DefaultHttpRequest(decodeResult: success, version: HTTP/1.1)
POST /session/3e06f8a0013b626016fad3b96b76da10/element/54c392fe-e05b-44cb-b20a-4ec803a37be2/click HTTP/1.1
User-Agent: selenium/4.1.2 (java windows)
Content-Length: 50
Content-Type: application/json; charset=utf-8
host: localhost:53753
accept: */*

Response DefaultHttpResponse(decodeResult: success, version: HTTP/1.1)
HTTP/1.1 200 OK
Content-Type: application/json; charset=utf-8
cache-control: no-cache
content-length: 14

20:36:46.171 [AsyncHttpClient-1-6] DEBUG org.asynchttpclient.netty.channel.ChannelManager - Adding key: http://localhost:53753 for channel [id: 0x4690552d, L:/127.0.0.1:61946 - R:localhost/127.0.0.1:53753]
20:36:46.197 [Forwarding screenshot on session 3e06f8a0013b626016fad3b96b76da10 to remote] DEBUG org.asynchttpclient.netty.request.NettyRequestSender - Using pooled Channel '[id: 0x4690552d, L:/127.0.0.1:61946 - R:localhost/127.0.0.1:53753]' for 'GET' to 'http://localhost:53753/session/3e06f8a0013b626016fad3b96b76da10/screenshot'
20:36:46.197 [Forwarding screenshot on session 3e06f8a0013b626016fad3b96b76da10 to remote] DEBUG org.asynchttpclient.netty.request.NettyRequestSender - Using open Channel [id: 0x4690552d, L:/127.0.0.1:61946 - R:localhost/127.0.0.1:53753] for GET '/session/3e06f8a0013b626016fad3b96b76da10/screenshot'
20:36:46.915 [AsyncHttpClient-1-1] DEBUG org.asynchttpclient.netty.channel.DefaultChannelPool - Entry count for : http://localhost:61947 : 1
20:36:46.984 [AsyncHttpClient-1-6] DEBUG org.asynchttpclient.netty.handler.HttpHandler - 

Request DefaultFullHttpRequest(decodeResult: success, version: HTTP/1.1, content: EmptyByteBufBE)
GET /session/3e06f8a0013b626016fad3b96b76da10/screenshot HTTP/1.1
User-Agent: selenium/4.1.2 (java windows)
Cache-Control: no-cache
Content-Type: application/json; charset=utf-8
host: localhost:53753
accept: */*

Response DefaultHttpResponse(decodeResult: success, version: HTTP/1.1)
HTTP/1.1 500 Internal Server Error
Content-Type: application/json; charset=utf-8
cache-control: no-cache
content-length: 854

20:36:46.984 [AsyncHttpClient-1-6] DEBUG org.asynchttpclient.netty.channel.ChannelManager - Adding key: http://localhost:53753 for channel [id: 0x4690552d, L:/127.0.0.1:61946 - R:localhost/127.0.0.1:53753]
20:36:46.987 [main] WARN net.thucydides.core.webdriver.WebDriverFacade - Failed to take screenshot (unexpected alert open: <unknown>
  (Session info: chrome=102.0.5005.115): 
Build info: version: '4.1.2', revision: '9a5a329c5a'
System info: host: 'MOOK-HON', ip: '192.168.100.6', os.name: 'Windows 10', os.arch: 'amd64', os.version: '10.0', java.version: '11.0.14'
Driver info: org.openqa.selenium.chrome.ChromeDriver
Command: [3e06f8a0013b626016fad3b96b76da10, screenshot {}]
Capabilities {acceptInsecureCerts: false, browserName: chrome, browserVersion: 102.0.5005.115, chrome: {chromedriverVersion: 102.0.5005.61 (0e59bcc00cc4..., userDataDir: C:\Users\ASUS\AppData\Local...}, goog:chromeOptions: {debuggerAddress: localhost:61947}, javascriptEnabled: true, networkConnectionEnabled: false, pageLoadStrategy: normal, platform: WINDOWS, platformName: WINDOWS, proxy: Proxy(), se:cdp: ws://localhost:61947/devtoo..., se:cdpVersion: 102.0.5005.115, setWindowRect: true, strictFileInteractability: false, timeouts: {implicit: 0, pageLoad: 300000, script: 30000}, unhandledPromptBehavior: dismiss and notify, webauthn:extension:credBlob: true, webauthn:extension:largeBlob: true, webauthn:virtualAuthenticators: true}
Session ID: 3e06f8a0013b626016fad3b96b76da10)
20:36:46.990 [main] DEBUG net.thucydides.core.steps.StepInterceptor - STEP DONE: clickButtonSave
  &amp#27;[32mAnd &amp#27;[0m&amp#27;[32mClick button simpan&amp#27;[0m                                                          &amp#27;[90m# starter.stepdefinitios.PatientDataSteps.clickButtonSimpan()&amp#27;[0m
20:36:47.015 [Forwarding screenshot on session 3e06f8a0013b626016fad3b96b76da10 to remote] DEBUG org.asynchttpclient.netty.request.NettyRequestSender - Using pooled Channel '[id: 0x4690552d, L:/127.0.0.1:61946 - R:localhost/127.0.0.1:53753]' for 'GET' to 'http://localhost:53753/session/3e06f8a0013b626016fad3b96b76da10/screenshot'
20:36:47.015 [Forwarding screenshot on session 3e06f8a0013b626016fad3b96b76da10 to remote] DEBUG org.asynchttpclient.netty.request.NettyRequestSender - Using open Channel [id: 0x4690552d, L:/127.0.0.1:61946 - R:localhost/127.0.0.1:53753] for GET '/session/3e06f8a0013b626016fad3b96b76da10/screenshot'
20:36:47.067 [AsyncHttpClient-1-6] DEBUG org.asynchttpclient.netty.handler.HttpHandler - 

Request DefaultFullHttpRequest(decodeResult: success, version: HTTP/1.1, content: EmptyByteBufBE)
GET /session/3e06f8a0013b626016fad3b96b76da10/screenshot HTTP/1.1
User-Agent: selenium/4.1.2 (java windows)
Cache-Control: no-cache
Content-Type: application/json; charset=utf-8
host: localhost:53753
accept: */*

Response DefaultHttpResponse(decodeResult: success, version: HTTP/1.1)
HTTP/1.1 500 Internal Server Error
Content-Type: application/json; charset=utf-8
cache-control: no-cache
content-length: 889

20:36:47.068 [AsyncHttpClient-1-6] DEBUG org.asynchttpclient.netty.channel.ChannelManager - Adding key: http://localhost:53753 for channel [id: 0x4690552d, L:/127.0.0.1:61946 - R:localhost/127.0.0.1:53753]
20:36:47.085 [main] WARN net.thucydides.core.webdriver.WebDriverFacade - Failed to take screenshot (unexpected alert open: {Alert text : data telah diubah}
  (Session info: chrome=102.0.5005.115): data telah diubah
Build info: version: '4.1.2', revision: '9a5a329c5a'
System info: host: 'MOOK-HON', ip: '192.168.100.6', os.name: 'Windows 10', os.arch: 'amd64', os.version: '10.0', java.version: '11.0.14'
Driver info: org.openqa.selenium.chrome.ChromeDriver
Command: [3e06f8a0013b626016fad3b96b76da10, screenshot {}]
Capabilities {acceptInsecureCerts: false, browserName: chrome, browserVersion: 102.0.5005.115, chrome: {chromedriverVersion: 102.0.5005.61 (0e59bcc00cc4..., userDataDir: C:\Users\ASUS\AppData\Local...}, goog:chromeOptions: {debuggerAddress: localhost:61947}, javascriptEnabled: true, networkConnectionEnabled: false, pageLoadStrategy: normal, platform: WINDOWS, platformName: WINDOWS, proxy: Proxy(), se:cdp: ws://localhost:61947/devtoo..., se:cdpVersion: 102.0.5005.115, setWindowRect: true, strictFileInteractability: false, timeouts: {implicit: 0, pageLoad: 300000, script: 30000}, unhandledPromptBehavior: dismiss and notify, webauthn:extension:credBlob: true, webauthn:extension:largeBlob: true, webauthn:virtualAuthenticators: true}
Session ID: 3e06f8a0013b626016fad3b96b76da10)
20:36:47.160 [Forwarding screenshot on session 3e06f8a0013b626016fad3b96b76da10 to remote] DEBUG org.asynchttpclient.netty.request.NettyRequestSender - Using pooled Channel '[id: 0x4690552d, L:/127.0.0.1:61946 - R:localhost/127.0.0.1:53753]' for 'GET' to 'http://localhost:53753/session/3e06f8a0013b626016fad3b96b76da10/screenshot'
20:36:47.161 [Forwarding screenshot on session 3e06f8a0013b626016fad3b96b76da10 to remote] DEBUG org.asynchttpclient.netty.request.NettyRequestSender - Using open Channel [id: 0x4690552d, L:/127.0.0.1:61946 - R:localhost/127.0.0.1:53753] for GET '/session/3e06f8a0013b626016fad3b96b76da10/screenshot'
20:36:47.958 [AsyncHttpClient-1-6] DEBUG org.asynchttpclient.netty.handler.HttpHandler - 

Request DefaultFullHttpRequest(decodeResult: success, version: HTTP/1.1, content: EmptyByteBufBE)
GET /session/3e06f8a0013b626016fad3b96b76da10/screenshot HTTP/1.1
User-Agent: selenium/4.1.2 (java windows)
Cache-Control: no-cache
Content-Type: application/json; charset=utf-8
host: localhost:53753
accept: */*

Response DefaultHttpResponse(decodeResult: success, version: HTTP/1.1)
HTTP/1.1 200 OK
Content-Type: application/json; charset=utf-8
cache-control: no-cache
content-length: 356288

20:36:47.960 [AsyncHttpClient-1-6] DEBUG org.asynchttpclient.netty.channel.ChannelManager - Adding key: http://localhost:53753 for channel [id: 0x4690552d, L:/127.0.0.1:61946 - R:localhost/127.0.0.1:53753]
20:36:47.989 [main] DEBUG net.serenitybdd.core.photography.Darkroom - Send negative for processing for target\site\serenity\07f07e05829c1f6dce8c6527ca432f510622d3a1c33274ab614e06dc4c45ca4d.png
20:36:47.997 [AsyncHttpClient-1-1] DEBUG org.asynchttpclient.netty.channel.DefaultChannelPool - Entry count for : http://localhost:53753 : 1
20:36:47.998 [AsyncHttpClient-1-1] DEBUG org.asynchttpclient.netty.channel.DefaultChannelPool - Entry count for : http://localhost:61947 : 1
20:36:48.003 [Darkroom Processing Line] DEBUG net.serenitybdd.core.photography.DarkroomProcessingLine - Processing screenshot image in /var/screenshots/screenshot-1960623799164313544
20:36:48.003 [Darkroom Processing Line] DEBUG net.serenitybdd.core.photography.DarkroomProcessingLine - Saving screenshot to target\site\serenity\07f07e05829c1f6dce8c6527ca432f510622d3a1c33274ab614e06dc4c45ca4d.png
20:36:48.514 [Forwarding screenshot on session 3e06f8a0013b626016fad3b96b76da10 to remote] DEBUG org.asynchttpclient.netty.request.NettyRequestSender - Using pooled Channel '[id: 0x4690552d, L:/127.0.0.1:61946 - R:localhost/127.0.0.1:53753]' for 'GET' to 'http://localhost:53753/session/3e06f8a0013b626016fad3b96b76da10/screenshot'
20:36:48.514 [Forwarding screenshot on session 3e06f8a0013b626016fad3b96b76da10 to remote] DEBUG org.asynchttpclient.netty.request.NettyRequestSender - Using open Channel [id: 0x4690552d, L:/127.0.0.1:61946 - R:localhost/127.0.0.1:53753] for GET '/session/3e06f8a0013b626016fad3b96b76da10/screenshot'
20:36:48.949 [AsyncHttpClient-1-6] DEBUG org.asynchttpclient.netty.handler.HttpHandler - 

Request DefaultFullHttpRequest(decodeResult: success, version: HTTP/1.1, content: EmptyByteBufBE)
GET /session/3e06f8a0013b626016fad3b96b76da10/screenshot HTTP/1.1
User-Agent: selenium/4.1.2 (java windows)
Cache-Control: no-cache
Content-Type: application/json; charset=utf-8
host: localhost:53753
accept: */*

Response DefaultHttpResponse(decodeResult: success, version: HTTP/1.1)
HTTP/1.1 200 OK
Content-Type: application/json; charset=utf-8
cache-control: no-cache
content-length: 356288

20:36:48.953 [AsyncHttpClient-1-6] DEBUG org.asynchttpclient.netty.channel.ChannelManager - Adding key: http://localhost:53753 for channel [id: 0x4690552d, L:/127.0.0.1:61946 - R:localhost/127.0.0.1:53753]
20:36:48.995 [main] DEBUG net.serenitybdd.core.photography.Darkroom - Send negative for processing for target\site\serenity\07f07e05829c1f6dce8c6527ca432f510622d3a1c33274ab614e06dc4c45ca4d.png
20:36:48.996 [main] DEBUG net.thucydides.core.steps.StepInterceptor - STARTING STEP: PatientDataSteps.validEditData - clickButtonBack
20:36:49.008 [Forwarding findElement on session 3e06f8a0013b626016fad3b96b76da10 to remote] DEBUG org.asynchttpclient.netty.request.NettyRequestSender - Using pooled Channel '[id: 0x4690552d, L:/127.0.0.1:61946 - R:localhost/127.0.0.1:53753]' for 'POST' to 'http://localhost:53753/session/3e06f8a0013b626016fad3b96b76da10/element'
20:36:49.008 [Forwarding findElement on session 3e06f8a0013b626016fad3b96b76da10 to remote] DEBUG org.asynchttpclient.netty.request.NettyRequestSender - Using open Channel [id: 0x4690552d, L:/127.0.0.1:61946 - R:localhost/127.0.0.1:53753] for POST '/session/3e06f8a0013b626016fad3b96b76da10/element'
20:36:49.100 [AsyncHttpClient-1-1] DEBUG org.asynchttpclient.netty.channel.DefaultChannelPool - Entry count for : http://localhost:61947 : 1
20:36:49.168 [AsyncHttpClient-1-6] DEBUG org.asynchttpclient.netty.handler.HttpHandler - 

Request DefaultHttpRequest(decodeResult: success, version: HTTP/1.1)
POST /session/3e06f8a0013b626016fad3b96b76da10/element HTTP/1.1
User-Agent: selenium/4.1.2 (java windows)
Content-Length: 137
Content-Type: application/json; charset=utf-8
host: localhost:53753
accept: */*

Response DefaultHttpResponse(decodeResult: success, version: HTTP/1.1)
HTTP/1.1 200 OK
Content-Type: application/json; charset=utf-8
cache-control: no-cache
content-length: 88

20:36:49.168 [AsyncHttpClient-1-6] DEBUG org.asynchttpclient.netty.channel.ChannelManager - Adding key: http://localhost:53753 for channel [id: 0x4690552d, L:/127.0.0.1:61946 - R:localhost/127.0.0.1:53753]
20:36:49.174 [Forwarding getElementTagName on session 3e06f8a0013b626016fad3b96b76da10 to remote] DEBUG org.asynchttpclient.netty.request.NettyRequestSender - Using pooled Channel '[id: 0x4690552d, L:/127.0.0.1:61946 - R:localhost/127.0.0.1:53753]' for 'GET' to 'http://localhost:53753/session/3e06f8a0013b626016fad3b96b76da10/element/bc8c1233-ca93-4632-bd8a-bc570a1ebbf3/name'
20:36:49.174 [Forwarding getElementTagName on session 3e06f8a0013b626016fad3b96b76da10 to remote] DEBUG org.asynchttpclient.netty.request.NettyRequestSender - Using open Channel [id: 0x4690552d, L:/127.0.0.1:61946 - R:localhost/127.0.0.1:53753] for GET '/session/3e06f8a0013b626016fad3b96b76da10/element/bc8c1233-ca93-4632-bd8a-bc570a1ebbf3/name'
20:36:49.251 [AsyncHttpClient-1-6] DEBUG org.asynchttpclient.netty.handler.HttpHandler - 

Request DefaultFullHttpRequest(decodeResult: success, version: HTTP/1.1, content: EmptyByteBufBE)
GET /session/3e06f8a0013b626016fad3b96b76da10/element/bc8c1233-ca93-4632-bd8a-bc570a1ebbf3/name HTTP/1.1
User-Agent: selenium/4.1.2 (java windows)
Cache-Control: no-cache
Content-Type: application/json; charset=utf-8
host: localhost:53753
accept: */*

Response DefaultHttpResponse(decodeResult: success, version: HTTP/1.1)
HTTP/1.1 200 OK
Content-Type: application/json; charset=utf-8
cache-control: no-cache
content-length: 18

20:36:49.252 [AsyncHttpClient-1-6] DEBUG org.asynchttpclient.netty.channel.ChannelManager - Adding key: http://localhost:53753 for channel [id: 0x4690552d, L:/127.0.0.1:61946 - R:localhost/127.0.0.1:53753]
20:36:49.257 [Forwarding getElementTagName on session 3e06f8a0013b626016fad3b96b76da10 to remote] DEBUG org.asynchttpclient.netty.request.NettyRequestSender - Using pooled Channel '[id: 0x4690552d, L:/127.0.0.1:61946 - R:localhost/127.0.0.1:53753]' for 'GET' to 'http://localhost:53753/session/3e06f8a0013b626016fad3b96b76da10/element/bc8c1233-ca93-4632-bd8a-bc570a1ebbf3/name'
20:36:49.257 [Forwarding getElementTagName on session 3e06f8a0013b626016fad3b96b76da10 to remote] DEBUG org.asynchttpclient.netty.request.NettyRequestSender - Using open Channel [id: 0x4690552d, L:/127.0.0.1:61946 - R:localhost/127.0.0.1:53753] for GET '/session/3e06f8a0013b626016fad3b96b76da10/element/bc8c1233-ca93-4632-bd8a-bc570a1ebbf3/name'
20:36:49.437 [AsyncHttpClient-1-6] DEBUG org.asynchttpclient.netty.handler.HttpHandler - 

Request DefaultFullHttpRequest(decodeResult: success, version: HTTP/1.1, content: EmptyByteBufBE)
GET /session/3e06f8a0013b626016fad3b96b76da10/element/bc8c1233-ca93-4632-bd8a-bc570a1ebbf3/name HTTP/1.1
User-Agent: selenium/4.1.2 (java windows)
Cache-Control: no-cache
Content-Type: application/json; charset=utf-8
host: localhost:53753
accept: */*

Response DefaultHttpResponse(decodeResult: success, version: HTTP/1.1)
HTTP/1.1 200 OK
Content-Type: application/json; charset=utf-8
cache-control: no-cache
content-length: 18

20:36:49.438 [AsyncHttpClient-1-6] DEBUG org.asynchttpclient.netty.channel.ChannelManager - Adding key: http://localhost:53753 for channel [id: 0x4690552d, L:/127.0.0.1:61946 - R:localhost/127.0.0.1:53753]
20:36:49.450 [Forwarding isElementEnabled on session 3e06f8a0013b626016fad3b96b76da10 to remote] DEBUG org.asynchttpclient.netty.request.NettyRequestSender - Using pooled Channel '[id: 0x4690552d, L:/127.0.0.1:61946 - R:localhost/127.0.0.1:53753]' for 'GET' to 'http://localhost:53753/session/3e06f8a0013b626016fad3b96b76da10/element/bc8c1233-ca93-4632-bd8a-bc570a1ebbf3/enabled'
20:36:49.450 [Forwarding isElementEnabled on session 3e06f8a0013b626016fad3b96b76da10 to remote] DEBUG org.asynchttpclient.netty.request.NettyRequestSender - Using open Channel [id: 0x4690552d, L:/127.0.0.1:61946 - R:localhost/127.0.0.1:53753] for GET '/session/3e06f8a0013b626016fad3b96b76da10/element/bc8c1233-ca93-4632-bd8a-bc570a1ebbf3/enabled'
20:36:49.620 [AsyncHttpClient-1-6] DEBUG org.asynchttpclient.netty.handler.HttpHandler - 

Request DefaultFullHttpRequest(decodeResult: success, version: HTTP/1.1, content: EmptyByteBufBE)
GET /session/3e06f8a0013b626016fad3b96b76da10/element/bc8c1233-ca93-4632-bd8a-bc570a1ebbf3/enabled HTTP/1.1
User-Agent: selenium/4.1.2 (java windows)
Cache-Control: no-cache
Content-Type: application/json; charset=utf-8
host: localhost:53753
accept: */*

Response DefaultHttpResponse(decodeResult: success, version: HTTP/1.1)
HTTP/1.1 200 OK
Content-Type: application/json; charset=utf-8
cache-control: no-cache
content-length: 14

20:36:49.620 [AsyncHttpClient-1-6] DEBUG org.asynchttpclient.netty.channel.ChannelManager - Adding key: http://localhost:53753 for channel [id: 0x4690552d, L:/127.0.0.1:61946 - R:localhost/127.0.0.1:53753]
20:36:49.624 [Forwarding isElementEnabled on session 3e06f8a0013b626016fad3b96b76da10 to remote] DEBUG org.asynchttpclient.netty.request.NettyRequestSender - Using pooled Channel '[id: 0x4690552d, L:/127.0.0.1:61946 - R:localhost/127.0.0.1:53753]' for 'GET' to 'http://localhost:53753/session/3e06f8a0013b626016fad3b96b76da10/element/bc8c1233-ca93-4632-bd8a-bc570a1ebbf3/enabled'
20:36:49.624 [Forwarding isElementEnabled on session 3e06f8a0013b626016fad3b96b76da10 to remote] DEBUG org.asynchttpclient.netty.request.NettyRequestSender - Using open Channel [id: 0x4690552d, L:/127.0.0.1:61946 - R:localhost/127.0.0.1:53753] for GET '/session/3e06f8a0013b626016fad3b96b76da10/element/bc8c1233-ca93-4632-bd8a-bc570a1ebbf3/enabled'
20:36:49.691 [AsyncHttpClient-1-6] DEBUG org.asynchttpclient.netty.handler.HttpHandler - 

Request DefaultFullHttpRequest(decodeResult: success, version: HTTP/1.1, content: EmptyByteBufBE)
GET /session/3e06f8a0013b626016fad3b96b76da10/element/bc8c1233-ca93-4632-bd8a-bc570a1ebbf3/enabled HTTP/1.1
User-Agent: selenium/4.1.2 (java windows)
Cache-Control: no-cache
Content-Type: application/json; charset=utf-8
host: localhost:53753
accept: */*

Response DefaultHttpResponse(decodeResult: success, version: HTTP/1.1)
HTTP/1.1 200 OK
Content-Type: application/json; charset=utf-8
cache-control: no-cache
content-length: 14

20:36:49.691 [AsyncHttpClient-1-6] DEBUG org.asynchttpclient.netty.channel.ChannelManager - Adding key: http://localhost:53753 for channel [id: 0x4690552d, L:/127.0.0.1:61946 - R:localhost/127.0.0.1:53753]
20:36:49.696 [Forwarding findElement on session 3e06f8a0013b626016fad3b96b76da10 to remote] DEBUG org.asynchttpclient.netty.request.NettyRequestSender - Using pooled Channel '[id: 0x4690552d, L:/127.0.0.1:61946 - R:localhost/127.0.0.1:53753]' for 'POST' to 'http://localhost:53753/session/3e06f8a0013b626016fad3b96b76da10/element'
20:36:49.696 [Forwarding findElement on session 3e06f8a0013b626016fad3b96b76da10 to remote] DEBUG org.asynchttpclient.netty.request.NettyRequestSender - Using open Channel [id: 0x4690552d, L:/127.0.0.1:61946 - R:localhost/127.0.0.1:53753] for POST '/session/3e06f8a0013b626016fad3b96b76da10/element'
20:36:49.727 [AsyncHttpClient-1-6] DEBUG org.asynchttpclient.netty.handler.HttpHandler - 

Request DefaultHttpRequest(decodeResult: success, version: HTTP/1.1)
POST /session/3e06f8a0013b626016fad3b96b76da10/element HTTP/1.1
User-Agent: selenium/4.1.2 (java windows)
Content-Length: 137
Content-Type: application/json; charset=utf-8
host: localhost:53753
accept: */*

Response DefaultHttpResponse(decodeResult: success, version: HTTP/1.1)
HTTP/1.1 200 OK
Content-Type: application/json; charset=utf-8
cache-control: no-cache
content-length: 88

20:36:49.728 [AsyncHttpClient-1-6] DEBUG org.asynchttpclient.netty.channel.ChannelManager - Adding key: http://localhost:53753 for channel [id: 0x4690552d, L:/127.0.0.1:61946 - R:localhost/127.0.0.1:53753]
20:36:49.731 [Forwarding clickElement on session 3e06f8a0013b626016fad3b96b76da10 to remote] DEBUG org.asynchttpclient.netty.request.NettyRequestSender - Using pooled Channel '[id: 0x4690552d, L:/127.0.0.1:61946 - R:localhost/127.0.0.1:53753]' for 'POST' to 'http://localhost:53753/session/3e06f8a0013b626016fad3b96b76da10/element/bc8c1233-ca93-4632-bd8a-bc570a1ebbf3/click'
20:36:49.731 [Forwarding clickElement on session 3e06f8a0013b626016fad3b96b76da10 to remote] DEBUG org.asynchttpclient.netty.request.NettyRequestSender - Using open Channel [id: 0x4690552d, L:/127.0.0.1:61946 - R:localhost/127.0.0.1:53753] for POST '/session/3e06f8a0013b626016fad3b96b76da10/element/bc8c1233-ca93-4632-bd8a-bc570a1ebbf3/click'
20:36:50.067 [AsyncHttpClient-1-6] DEBUG org.asynchttpclient.netty.handler.HttpHandler - 

Request DefaultHttpRequest(decodeResult: success, version: HTTP/1.1)
POST /session/3e06f8a0013b626016fad3b96b76da10/element/bc8c1233-ca93-4632-bd8a-bc570a1ebbf3/click HTTP/1.1
User-Agent: selenium/4.1.2 (java windows)
Content-Length: 50
Content-Type: application/json; charset=utf-8
host: localhost:53753
accept: */*

Response DefaultHttpResponse(decodeResult: success, version: HTTP/1.1)
HTTP/1.1 200 OK
Content-Type: application/json; charset=utf-8
cache-control: no-cache
content-length: 14

20:36:50.068 [AsyncHttpClient-1-6] DEBUG org.asynchttpclient.netty.channel.ChannelManager - Adding key: http://localhost:53753 for channel [id: 0x4690552d, L:/127.0.0.1:61946 - R:localhost/127.0.0.1:53753]
20:36:50.091 [Forwarding screenshot on session 3e06f8a0013b626016fad3b96b76da10 to remote] DEBUG org.asynchttpclient.netty.request.NettyRequestSender - Using pooled Channel '[id: 0x4690552d, L:/127.0.0.1:61946 - R:localhost/127.0.0.1:53753]' for 'GET' to 'http://localhost:53753/session/3e06f8a0013b626016fad3b96b76da10/screenshot'
20:36:50.091 [Forwarding screenshot on session 3e06f8a0013b626016fad3b96b76da10 to remote] DEBUG org.asynchttpclient.netty.request.NettyRequestSender - Using open Channel [id: 0x4690552d, L:/127.0.0.1:61946 - R:localhost/127.0.0.1:53753] for GET '/session/3e06f8a0013b626016fad3b96b76da10/screenshot'
20:36:50.226 [AsyncHttpClient-1-1] DEBUG org.asynchttpclient.netty.channel.DefaultChannelPool - Entry count for : http://localhost:61947 : 1
20:36:51.249 [AsyncHttpClient-1-6] DEBUG org.asynchttpclient.netty.handler.HttpHandler - 

Request DefaultFullHttpRequest(decodeResult: success, version: HTTP/1.1, content: EmptyByteBufBE)
GET /session/3e06f8a0013b626016fad3b96b76da10/screenshot HTTP/1.1
User-Agent: selenium/4.1.2 (java windows)
Cache-Control: no-cache
Content-Type: application/json; charset=utf-8
host: localhost:53753
accept: */*

Response DefaultHttpResponse(decodeResult: success, version: HTTP/1.1)
HTTP/1.1 200 OK
Content-Type: application/json; charset=utf-8
cache-control: no-cache
content-length: 354776

20:36:51.252 [AsyncHttpClient-1-6] DEBUG org.asynchttpclient.netty.channel.ChannelManager - Adding key: http://localhost:53753 for channel [id: 0x4690552d, L:/127.0.0.1:61946 - R:localhost/127.0.0.1:53753]
20:36:51.309 [main] DEBUG net.serenitybdd.core.photography.Darkroom - Send negative for processing for target\site\serenity\a86a9fd2b98d6809c7a310b2b807e1462b7f6d45a7688c9801fe65ac0b826d55.png
20:36:51.309 [main] DEBUG net.thucydides.core.steps.StepInterceptor - STEP DONE: clickButtonBack
20:36:51.314 [Darkroom Processing Line] DEBUG net.serenitybdd.core.photography.DarkroomProcessingLine - Processing screenshot image in /var/screenshots/screenshot-2938943622356563988
20:36:51.315 [Darkroom Processing Line] DEBUG net.serenitybdd.core.photography.DarkroomProcessingLine - Saving screenshot to target\site\serenity\a86a9fd2b98d6809c7a310b2b807e1462b7f6d45a7688c9801fe65ac0b826d55.png
20:36:51.340 [AsyncHttpClient-1-1] DEBUG org.asynchttpclient.netty.channel.DefaultChannelPool - Entry count for : http://localhost:53753 : 1
20:36:51.340 [AsyncHttpClient-1-1] DEBUG org.asynchttpclient.netty.channel.DefaultChannelPool - Entry count for : http://localhost:61947 : 1
20:36:51.353 [main] DEBUG net.thucydides.core.steps.StepInterceptor - STARTING STEP: PatientDataSteps.validEditData - checkValidDataPasien
20:36:51.363 [Forwarding findElement on session 3e06f8a0013b626016fad3b96b76da10 to remote] DEBUG org.asynchttpclient.netty.request.NettyRequestSender - Using pooled Channel '[id: 0x4690552d, L:/127.0.0.1:61946 - R:localhost/127.0.0.1:53753]' for 'POST' to 'http://localhost:53753/session/3e06f8a0013b626016fad3b96b76da10/element'
20:36:51.363 [Forwarding findElement on session 3e06f8a0013b626016fad3b96b76da10 to remote] DEBUG org.asynchttpclient.netty.request.NettyRequestSender - Using open Channel [id: 0x4690552d, L:/127.0.0.1:61946 - R:localhost/127.0.0.1:53753] for POST '/session/3e06f8a0013b626016fad3b96b76da10/element'
20:36:51.576 [AsyncHttpClient-1-6] DEBUG org.asynchttpclient.netty.handler.HttpHandler - 

Request DefaultHttpRequest(decodeResult: success, version: HTTP/1.1)
POST /session/3e06f8a0013b626016fad3b96b76da10/element HTTP/1.1
User-Agent: selenium/4.1.2 (java windows)
Content-Length: 95
Content-Type: application/json; charset=utf-8
host: localhost:53753
accept: */*

Response DefaultHttpResponse(decodeResult: success, version: HTTP/1.1)
HTTP/1.1 200 OK
Content-Type: application/json; charset=utf-8
cache-control: no-cache
content-length: 88

20:36:51.577 [AsyncHttpClient-1-6] DEBUG org.asynchttpclient.netty.channel.ChannelManager - Adding key: http://localhost:53753 for channel [id: 0x4690552d, L:/127.0.0.1:61946 - R:localhost/127.0.0.1:53753]
20:36:51.579 [Forwarding isElementEnabled on session 3e06f8a0013b626016fad3b96b76da10 to remote] DEBUG org.asynchttpclient.netty.request.NettyRequestSender - Using pooled Channel '[id: 0x4690552d, L:/127.0.0.1:61946 - R:localhost/127.0.0.1:53753]' for 'GET' to 'http://localhost:53753/session/3e06f8a0013b626016fad3b96b76da10/element/79e9eea3-ed46-4911-83c8-a66a87f4cb61/enabled'
20:36:51.579 [Forwarding isElementEnabled on session 3e06f8a0013b626016fad3b96b76da10 to remote] DEBUG org.asynchttpclient.netty.request.NettyRequestSender - Using open Channel [id: 0x4690552d, L:/127.0.0.1:61946 - R:localhost/127.0.0.1:53753] for GET '/session/3e06f8a0013b626016fad3b96b76da10/element/79e9eea3-ed46-4911-83c8-a66a87f4cb61/enabled'
20:36:51.756 [AsyncHttpClient-1-6] DEBUG org.asynchttpclient.netty.handler.HttpHandler - 

Request DefaultFullHttpRequest(decodeResult: success, version: HTTP/1.1, content: EmptyByteBufBE)
GET /session/3e06f8a0013b626016fad3b96b76da10/element/79e9eea3-ed46-4911-83c8-a66a87f4cb61/enabled HTTP/1.1
User-Agent: selenium/4.1.2 (java windows)
Cache-Control: no-cache
Content-Type: application/json; charset=utf-8
host: localhost:53753
accept: */*

Response DefaultHttpResponse(decodeResult: success, version: HTTP/1.1)
HTTP/1.1 200 OK
Content-Type: application/json; charset=utf-8
cache-control: no-cache
content-length: 14

20:36:51.756 [AsyncHttpClient-1-6] DEBUG org.asynchttpclient.netty.channel.ChannelManager - Adding key: http://localhost:53753 for channel [id: 0x4690552d, L:/127.0.0.1:61946 - R:localhost/127.0.0.1:53753]
20:36:51.769 [Forwarding screenshot on session 3e06f8a0013b626016fad3b96b76da10 to remote] DEBUG org.asynchttpclient.netty.request.NettyRequestSender - Using pooled Channel '[id: 0x4690552d, L:/127.0.0.1:61946 - R:localhost/127.0.0.1:53753]' for 'GET' to 'http://localhost:53753/session/3e06f8a0013b626016fad3b96b76da10/screenshot'
20:36:51.769 [Forwarding screenshot on session 3e06f8a0013b626016fad3b96b76da10 to remote] DEBUG org.asynchttpclient.netty.request.NettyRequestSender - Using open Channel [id: 0x4690552d, L:/127.0.0.1:61946 - R:localhost/127.0.0.1:53753] for GET '/session/3e06f8a0013b626016fad3b96b76da10/screenshot'
20:36:52.313 [AsyncHttpClient-1-6] DEBUG org.asynchttpclient.netty.handler.HttpHandler - 

Request DefaultFullHttpRequest(decodeResult: success, version: HTTP/1.1, content: EmptyByteBufBE)
GET /session/3e06f8a0013b626016fad3b96b76da10/screenshot HTTP/1.1
User-Agent: selenium/4.1.2 (java windows)
Cache-Control: no-cache
Content-Type: application/json; charset=utf-8
host: localhost:53753
accept: */*

Response DefaultHttpResponse(decodeResult: success, version: HTTP/1.1)
HTTP/1.1 200 OK
Content-Type: application/json; charset=utf-8
cache-control: no-cache
content-length: 354684

20:36:52.315 [AsyncHttpClient-1-6] DEBUG org.asynchttpclient.netty.channel.ChannelManager - Adding key: http://localhost:53753 for channel [id: 0x4690552d, L:/127.0.0.1:61946 - R:localhost/127.0.0.1:53753]
20:36:52.361 [main] DEBUG net.serenitybdd.core.photography.Darkroom - Send negative for processing for target\site\serenity\48ad4c986b24301531d60832b8cda85f617bc9330fcc21571779a3af3145650b.png
20:36:52.361 [main] DEBUG net.thucydides.core.steps.StepInterceptor - STEP DONE: checkValidDataPasien
  &amp#27;[32mAnd &amp#27;[0m&amp#27;[32mValid edit data&amp#27;[0m                                                              &amp#27;[90m# starter.stepdefinitios.PatientDataSteps.validEditData()&amp#27;[0m
20:36:52.385 [Darkroom Processing Line] DEBUG net.serenitybdd.core.photography.DarkroomProcessingLine - Processing screenshot image in /var/screenshots/screenshot-5054706076791229653
20:36:52.386 [Darkroom Processing Line] DEBUG net.serenitybdd.core.photography.DarkroomProcessingLine - Saving screenshot to target\site\serenity\48ad4c986b24301531d60832b8cda85f617bc9330fcc21571779a3af3145650b.png
20:36:52.416 [Forwarding screenshot on session 3e06f8a0013b626016fad3b96b76da10 to remote] DEBUG org.asynchttpclient.netty.request.NettyRequestSender - Using pooled Channel '[id: 0x4690552d, L:/127.0.0.1:61946 - R:localhost/127.0.0.1:53753]' for 'GET' to 'http://localhost:53753/session/3e06f8a0013b626016fad3b96b76da10/screenshot'
20:36:52.416 [Forwarding screenshot on session 3e06f8a0013b626016fad3b96b76da10 to remote] DEBUG org.asynchttpclient.netty.request.NettyRequestSender - Using open Channel [id: 0x4690552d, L:/127.0.0.1:61946 - R:localhost/127.0.0.1:53753] for GET '/session/3e06f8a0013b626016fad3b96b76da10/screenshot'
20:36:52.427 [AsyncHttpClient-1-1] DEBUG org.asynchttpclient.netty.channel.DefaultChannelPool - Entry count for : http://localhost:61947 : 1
20:36:53.259 [AsyncHttpClient-1-6] DEBUG org.asynchttpclient.netty.handler.HttpHandler - 

Request DefaultFullHttpRequest(decodeResult: success, version: HTTP/1.1, content: EmptyByteBufBE)
GET /session/3e06f8a0013b626016fad3b96b76da10/screenshot HTTP/1.1
User-Agent: selenium/4.1.2 (java windows)
Cache-Control: no-cache
Content-Type: application/json; charset=utf-8
host: localhost:53753
accept: */*

Response DefaultHttpResponse(decodeResult: success, version: HTTP/1.1)
HTTP/1.1 200 OK
Content-Type: application/json; charset=utf-8
cache-control: no-cache
content-length: 354684

20:36:53.260 [AsyncHttpClient-1-6] DEBUG org.asynchttpclient.netty.channel.ChannelManager - Adding key: http://localhost:53753 for channel [id: 0x4690552d, L:/127.0.0.1:61946 - R:localhost/127.0.0.1:53753]
20:36:53.293 [main] DEBUG net.serenitybdd.core.photography.Darkroom - Send negative for processing for target\site\serenity\48ad4c986b24301531d60832b8cda85f617bc9330fcc21571779a3af3145650b.png
20:36:53.343 [AsyncHttpClient-1-8] DEBUG org.asynchttpclient.netty.handler.WebSocketHandler - Channel Closed: [id: 0xd8d367c5, L:/127.0.0.1:61957 ! R:localhost/127.0.0.1:61947] with attribute NettyResponseFuture{currentRetry=5,
	isDone=1,
	isCancelled=0,
	asyncHandler=org.asynchttpclient.ws.WebSocketUpgradeHandler@42011104,
	nettyRequest=org.asynchttpclient.netty.request.NettyRequest@7f588bc1,
	future=java.util.concurrent.CompletableFuture@1806369b[Completed normally],
	uri=ws://localhost:61947/devtools/browser/471ed38d-0096-4975-9cc4-fdda1f79ca2a,
	keepAlive=true,
	redirectCount=0,
	timeoutsHolder=null,
	inAuth=0,
	touch=1655991393785}
20:36:53.344 [AsyncHttpClient-1-8] DEBUG org.asynchttpclient.netty.channel.ChannelManager - Closing Channel [id: 0xd8d367c5, L:/127.0.0.1:61957 ! R:localhost/127.0.0.1:61947] 
20:36:53.446 [Driver Command Executor] DEBUG org.asynchttpclient.netty.request.NettyRequestSender - Using pooled Channel '[id: 0x4690552d, L:/127.0.0.1:61946 - R:localhost/127.0.0.1:53753]' for 'DELETE' to 'http://localhost:53753/session/3e06f8a0013b626016fad3b96b76da10'
20:36:53.446 [Driver Command Executor] DEBUG org.asynchttpclient.netty.request.NettyRequestSender - Using open Channel [id: 0x4690552d, L:/127.0.0.1:61946 - R:localhost/127.0.0.1:53753] for DELETE '/session/3e06f8a0013b626016fad3b96b76da10'
20:36:53.499 [AsyncHttpClient-1-1] DEBUG org.asynchttpclient.netty.channel.DefaultChannelPool - Entry count for : http://localhost:61947 : 1
20:36:54.594 [AsyncHttpClient-1-1] DEBUG org.asynchttpclient.netty.channel.DefaultChannelPool - Entry count for : http://localhost:61947 : 1
20:36:55.700 [AsyncHttpClient-1-1] DEBUG org.asynchttpclient.netty.channel.DefaultChannelPool - Entry count for : http://localhost:61947 : 1
20:36:55.747 [AsyncHttpClient-1-7] DEBUG org.asynchttpclient.netty.handler.HttpHandler - Unexpected I/O exception on channel [id: 0xeb5badf6, L:/127.0.0.1:61956 - R:localhost/127.0.0.1:61947]
java.io.IOException: An existing connection was forcibly closed by the remote host
	at java.base/sun.nio.ch.SocketDispatcher.read0(Native Method)
	at java.base/sun.nio.ch.SocketDispatcher.read(SocketDispatcher.java:43)
	at java.base/sun.nio.ch.IOUtil.readIntoNativeBuffer(IOUtil.java:276)
	at java.base/sun.nio.ch.IOUtil.read(IOUtil.java:233)
	at java.base/sun.nio.ch.IOUtil.read(IOUtil.java:223)
	at java.base/sun.nio.ch.SocketChannelImpl.read(SocketChannelImpl.java:358)
	at io.netty.buffer.PooledByteBuf.setBytes(PooledByteBuf.java:258)
	at io.netty.buffer.AbstractByteBuf.writeBytes(AbstractByteBuf.java:1132)
	at io.netty.channel.socket.nio.NioSocketChannel.doReadBytes(NioSocketChannel.java:350)
	at io.netty.channel.nio.AbstractNioByteChannel$NioByteUnsafe.read(AbstractNioByteChannel.java:151)
	at io.netty.channel.nio.NioEventLoop.processSelectedKey(NioEventLoop.java:722)
	at io.netty.channel.nio.NioEventLoop.processSelectedKeysOptimized(NioEventLoop.java:658)
	at io.netty.channel.nio.NioEventLoop.processSelectedKeys(NioEventLoop.java:584)
	at io.netty.channel.nio.NioEventLoop.run(NioEventLoop.java:496)
	at io.netty.util.concurrent.SingleThreadEventExecutor$4.run(SingleThreadEventExecutor.java:986)
	at io.netty.util.internal.ThreadExecutorMap$2.run(ThreadExecutorMap.java:74)
	at io.netty.util.concurrent.FastThreadLocalRunnable.run(FastThreadLocalRunnable.java:30)
	at java.base/java.lang.Thread.run(Thread.java:834)
20:36:55.762 [AsyncHttpClient-1-7] DEBUG org.asynchttpclient.netty.channel.ChannelManager - Closing Channel [id: 0xeb5badf6, L:/127.0.0.1:61956 - R:localhost/127.0.0.1:61947] 
20:36:55.763 [AsyncHttpClient-1-7] DEBUG org.asynchttpclient.netty.handler.HttpHandler - Channel Closed: [id: 0xeb5badf6, L:/127.0.0.1:61956 ! R:localhost/127.0.0.1:61947] with attribute DISCARD
20:36:55.820 [AsyncHttpClient-1-6] DEBUG org.asynchttpclient.netty.handler.HttpHandler - 

Request DefaultFullHttpRequest(decodeResult: success, version: HTTP/1.1, content: EmptyByteBufBE)
DELETE /session/3e06f8a0013b626016fad3b96b76da10 HTTP/1.1
User-Agent: selenium/4.1.2 (java windows)
Content-Type: application/json; charset=utf-8
host: localhost:53753
accept: */*

Response DefaultHttpResponse(decodeResult: success, version: HTTP/1.1)
HTTP/1.1 200 OK
Content-Type: application/json; charset=utf-8
cache-control: no-cache
content-length: 14

20:36:55.820 [AsyncHttpClient-1-6] DEBUG org.asynchttpclient.netty.channel.ChannelManager - Adding key: http://localhost:53753 for channel [id: 0x4690552d, L:/127.0.0.1:61946 - R:localhost/127.0.0.1:53753]
20:36:56.813 [AsyncHttpClient-1-1] DEBUG org.asynchttpclient.netty.channel.DefaultChannelPool - Entry count for : http://localhost:53753 : 1
20:36:56.813 [AsyncHttpClient-1-1] DEBUG org.asynchttpclient.netty.channel.DefaultChannelPool - Entry count for : http://localhost:61947 : 1
20:36:56.813 [AsyncHttpClient-1-1] DEBUG org.asynchttpclient.netty.channel.DefaultChannelPool - Adding Candidate expired Channel [id: 0xeb5badf6, L:/127.0.0.1:61956 ! R:localhost/127.0.0.1:61947] isIdleTimeoutExpired=false isRemotelyClosed=true isTtlExpired=false
20:36:56.813 [AsyncHttpClient-1-1] DEBUG org.asynchttpclient.netty.channel.DefaultChannelPool - Closing Idle Channel [id: 0xeb5badf6, L:/127.0.0.1:61956 ! R:localhost/127.0.0.1:61947]
20:36:56.813 [AsyncHttpClient-1-1] DEBUG org.asynchttpclient.netty.channel.DefaultChannelPool - Closed 1 connections out of 2 in 0 ms
20:36:56.934 [AsyncHttpClient-1-6] DEBUG org.asynchttpclient.netty.handler.HttpHandler - Unexpected I/O exception on channel [id: 0x4690552d, L:/127.0.0.1:61946 - R:localhost/127.0.0.1:53753]
java.io.IOException: An existing connection was forcibly closed by the remote host
	at java.base/sun.nio.ch.SocketDispatcher.read0(Native Method)
	at java.base/sun.nio.ch.SocketDispatcher.read(SocketDispatcher.java:43)
	at java.base/sun.nio.ch.IOUtil.readIntoNativeBuffer(IOUtil.java:276)
	at java.base/sun.nio.ch.IOUtil.read(IOUtil.java:233)
	at java.base/sun.nio.ch.IOUtil.read(IOUtil.java:223)
	at java.base/sun.nio.ch.SocketChannelImpl.read(SocketChannelImpl.java:358)
	at io.netty.buffer.PooledByteBuf.setBytes(PooledByteBuf.java:258)
	at io.netty.buffer.AbstractByteBuf.writeBytes(AbstractByteBuf.java:1132)
	at io.netty.channel.socket.nio.NioSocketChannel.doReadBytes(NioSocketChannel.java:350)
	at io.netty.channel.nio.AbstractNioByteChannel$NioByteUnsafe.read(AbstractNioByteChannel.java:151)
	at io.netty.channel.nio.NioEventLoop.processSelectedKey(NioEventLoop.java:722)
	at io.netty.channel.nio.NioEventLoop.processSelectedKeysOptimized(NioEventLoop.java:658)
	at io.netty.channel.nio.NioEventLoop.processSelectedKeys(NioEventLoop.java:584)
	at io.netty.channel.nio.NioEventLoop.run(NioEventLoop.java:496)
	at io.netty.util.concurrent.SingleThreadEventExecutor$4.run(SingleThreadEventExecutor.java:986)
	at io.netty.util.internal.ThreadExecutorMap$2.run(ThreadExecutorMap.java:74)
	at io.netty.util.concurrent.FastThreadLocalRunnable.run(FastThreadLocalRunnable.java:30)
	at java.base/java.lang.Thread.run(Thread.java:834)
20:36:56.934 [AsyncHttpClient-1-6] DEBUG org.asynchttpclient.netty.channel.ChannelManager - Closing Channel [id: 0x4690552d, L:/127.0.0.1:61946 - R:localhost/127.0.0.1:53753] 
20:36:56.935 [AsyncHttpClient-1-6] DEBUG org.asynchttpclient.netty.handler.HttpHandler - Channel Closed: [id: 0x4690552d, L:/127.0.0.1:61946 ! R:localhost/127.0.0.1:53753] with attribute DISCARD
]]></system-out>
    <system-err><![CDATA[Starting ChromeDriver 102.0.5005.61 (0e59bcc00cc4985ce39ad31c150065f159d95ad3-refs/branch-heads/5005@{#819}) on port 53753
Only local connections are allowed.
Please see https://chromedriver.chromium.org/security-considerations for suggestions on keeping ChromeDriver safe.
ChromeDriver was started successfully.
Jun 23, 2022 8:36:33 PM org.openqa.selenium.remote.ProtocolHandshake createSession
INFO: Detected dialect: W3C
Jun 23, 2022 8:36:33 PM org.openqa.selenium.devtools.CdpVersionFinder findNearestMatch
WARNING: Unable to find an exact match for CDP version 102, so returning the closest version found: a no-op implementation
Jun 23, 2022 8:36:33 PM org.openqa.selenium.devtools.CdpVersionFinder findNearestMatch
INFO: Unable to find CDP implementation matching 102.
Jun 23, 2022 8:36:33 PM org.openqa.selenium.chromium.ChromiumDriver lambda$new$3
WARNING: Unable to find version of CDP to use for . You may need to include a dependency on a specific version of the CDP using something similar to `org.seleniumhq.selenium:selenium-devtools-v86:4.1.2` where the version ("v86") matches the version of the chromium-based browser you're using and the version number of the artifact is the same as Selenium's.
[1655991406.968][WARNING]: unexpected alert open: {Alert text : data telah diubah}, cancelling screenshot
]]></system-err>
  </testcase>
  <testcase name="As a admin i want to edit data dokter #4" classname="Edit Data Dokter - Admin" time="27.776">
    <system-out><![CDATA[
@EditDokterData
Scenario Outline: As a admin i want to edit data dokter                            &amp#27;[90m# src/test/resources/features/EditDataDokter.feature:17&amp#27;[0m
20:36:57.052 [main] INFO io.cucumber.core.plugin.SerenityReporter - Running feature from file:///D:/Kel-1-capstone/TestingWeb/src/test/resources/features/EditDataDokter.feature
20:36:57.132 [main] DEBUG net.thucydides.core.steps.StepInterceptor - STARTING STEP: DokterDataSteps.openPageDataDokter - openDataDokter
20:36:57.137 [main] INFO net.serenitybdd.core.webdriver.driverproviders.ChromeDriverProvider - Using automatically driver download
20:36:57.480 [main] DEBUG io.github.bonigarcia.wdm.cache.ResolutionCache - Resolution chrome=102 in cache (valid until 21:04:30 23/06/2022 ICT)
20:36:57.509 [main] DEBUG io.github.bonigarcia.wdm.cache.ResolutionCache - Resolution chrome102=102.0.5005.61 in cache (valid until 20:04:30 24/06/2022 ICT)
20:36:57.520 [main] INFO io.github.bonigarcia.wdm.WebDriverManager - Using chromedriver 102.0.5005.61 (resolved driver for Chrome 102)
20:36:57.572 [main] DEBUG io.github.bonigarcia.wdm.WebDriverManager - Driver chromedriver 102.0.5005.61 found in cache
20:36:57.574 [main] INFO io.github.bonigarcia.wdm.WebDriverManager - Exporting webdriver.chrome.driver as C:\Users\ASUS\.cache\selenium\chromedriver\win32\102.0.5005.61\chromedriver.exe
20:36:57.870 [main] DEBUG net.serenitybdd.core.webdriver.driverproviders.ProvideNewDriver - Instantiating driver
20:36:57.870 [main] DEBUG net.serenitybdd.core.webdriver.driverproviders.ProvideNewDriver - Driver capabilities: Capabilities {acceptInsecureCerts: false, base.url: https://fanciful-trifle-360..., browserName: chrome, chorme.driver: src/test/resources/webdrive..., driver: chrome, goog:chromeOptions: {args: [], extensions: []}}
20:36:57.893 [AsyncHttpClient-1-1] DEBUG org.asynchttpclient.netty.channel.DefaultChannelPool - Entry count for : http://localhost:53753 : 1
20:36:57.893 [AsyncHttpClient-1-1] DEBUG org.asynchttpclient.netty.channel.DefaultChannelPool - Adding Candidate expired Channel [id: 0x4690552d, L:/127.0.0.1:61946 ! R:localhost/127.0.0.1:53753] isIdleTimeoutExpired=false isRemotelyClosed=true isTtlExpired=false
20:36:57.894 [AsyncHttpClient-1-1] DEBUG org.asynchttpclient.netty.channel.DefaultChannelPool - Closing Idle Channel [id: 0x4690552d, L:/127.0.0.1:61946 ! R:localhost/127.0.0.1:53753]
20:36:57.894 [AsyncHttpClient-1-1] DEBUG org.asynchttpclient.netty.channel.DefaultChannelPool - Closed 1 connections out of 1 in 1 ms
20:36:58.459 [AsyncHttpClient-1-9] DEBUG org.asynchttpclient.netty.channel.NettyConnectListener - Using new Channel '[id: 0x1cda85f3, L:/127.0.0.1:61999 - R:localhost/127.0.0.1:65427]' for 'POST' to '/session'
20:37:00.982 [AsyncHttpClient-1-9] DEBUG org.asynchttpclient.netty.handler.HttpHandler - 

Request DefaultHttpRequest(decodeResult: success, version: HTTP/1.1)
POST /session HTTP/1.1
User-Agent: selenium/4.1.2 (java windows)
Content-Length: 629
Content-Type: application/json; charset=utf-8
host: localhost:65427
accept: */*

Response DefaultHttpResponse(decodeResult: success, version: HTTP/1.1)
HTTP/1.1 200 OK
Content-Type: application/json; charset=utf-8
cache-control: no-cache
content-length: 789

20:37:00.982 [AsyncHttpClient-1-9] DEBUG org.asynchttpclient.netty.channel.ChannelManager - Adding key: http://localhost:65427 for channel [id: 0x1cda85f3, L:/127.0.0.1:61999 - R:localhost/127.0.0.1:65427]
20:37:01.016 [AsyncHttpClient-1-2] DEBUG org.asynchttpclient.netty.channel.NettyConnectListener - Using new Channel '[id: 0x2e519ad2, L:/127.0.0.1:62014 - R:localhost/127.0.0.1:62000]' for 'GET' to '/json/version'
20:37:01.021 [AsyncHttpClient-1-2] DEBUG org.asynchttpclient.netty.handler.HttpHandler - 

Request DefaultFullHttpRequest(decodeResult: success, version: HTTP/1.1, content: EmptyByteBufBE)
GET /json/version HTTP/1.1
User-Agent: selenium/4.1.2 (java windows)
host: localhost:62000
accept: */*

Response DefaultHttpResponse(decodeResult: success, version: HTTP/1.1)
HTTP/1.1 200 OK
Content-Type: application/json; charset=UTF-8
content-length: 428

20:37:01.022 [AsyncHttpClient-1-2] DEBUG org.asynchttpclient.netty.channel.ChannelManager - Adding key: http://localhost:62000 for channel [id: 0x2e519ad2, L:/127.0.0.1:62014 - R:localhost/127.0.0.1:62000]
20:37:01.033 [AsyncHttpClient-1-3] DEBUG org.asynchttpclient.netty.channel.NettyConnectListener - Using new Channel '[id: 0x0c6990bc, L:/127.0.0.1:62015 - R:localhost/127.0.0.1:62000]' for 'GET' to '/devtools/browser/79504da2-ec6c-480a-b0ce-82a11c52f2ac'
20:37:01.037 [AsyncHttpClient-1-3] DEBUG org.asynchttpclient.netty.handler.WebSocketHandler - 

Request DefaultFullHttpRequest(decodeResult: success, version: HTTP/1.1, content: EmptyByteBufBE)
GET /devtools/browser/79504da2-ec6c-480a-b0ce-82a11c52f2ac HTTP/1.1
upgrade: websocket
connection: upgrade
sec-websocket-key: QN0kwHQFg+FeMBwMt64YMg==
sec-websocket-version: 13
origin: http://localhost:62000
host: localhost:62000
accept: */*
user-agent: AHC/2.1

Response DefaultHttpResponse(decodeResult: success, version: HTTP/1.1)
HTTP/1.1 101 WebSocket Protocol Handshake
Upgrade: WebSocket
Connection: Upgrade
Sec-WebSocket-Accept: belatQFyTOuf0zbCvsqvAJl1Reg=

20:37:01.143 [Forwarding get on session 160c2ffd9b11f437d6c154229b013dd8 to remote] DEBUG org.asynchttpclient.netty.request.NettyRequestSender - Using pooled Channel '[id: 0x1cda85f3, L:/127.0.0.1:61999 - R:localhost/127.0.0.1:65427]' for 'POST' to 'http://localhost:65427/session/160c2ffd9b11f437d6c154229b013dd8/url'
20:37:01.143 [Forwarding get on session 160c2ffd9b11f437d6c154229b013dd8 to remote] DEBUG org.asynchttpclient.netty.request.NettyRequestSender - Using open Channel [id: 0x1cda85f3, L:/127.0.0.1:61999 - R:localhost/127.0.0.1:65427] for POST '/session/160c2ffd9b11f437d6c154229b013dd8/url'
20:37:01.229 [AsyncHttpClient-1-1] DEBUG org.asynchttpclient.netty.channel.DefaultChannelPool - Entry count for : http://localhost:62000 : 1
20:37:02.294 [AsyncHttpClient-1-1] DEBUG org.asynchttpclient.netty.channel.DefaultChannelPool - Entry count for : http://localhost:62000 : 1
20:37:03.354 [AsyncHttpClient-1-9] DEBUG org.asynchttpclient.netty.handler.HttpHandler - 

Request DefaultHttpRequest(decodeResult: success, version: HTTP/1.1)
POST /session/160c2ffd9b11f437d6c154229b013dd8/url HTTP/1.1
User-Agent: selenium/4.1.2 (java windows)
Content-Length: 84
Content-Type: application/json; charset=utf-8
host: localhost:65427
accept: */*

Response DefaultHttpResponse(decodeResult: success, version: HTTP/1.1)
HTTP/1.1 200 OK
Content-Type: application/json; charset=utf-8
cache-control: no-cache
content-length: 14

20:37:03.355 [AsyncHttpClient-1-9] DEBUG org.asynchttpclient.netty.channel.ChannelManager - Adding key: http://localhost:65427 for channel [id: 0x1cda85f3, L:/127.0.0.1:61999 - R:localhost/127.0.0.1:65427]
20:37:03.357 [Forwarding setTimeout on session 160c2ffd9b11f437d6c154229b013dd8 to remote] DEBUG org.asynchttpclient.netty.request.NettyRequestSender - Using pooled Channel '[id: 0x1cda85f3, L:/127.0.0.1:61999 - R:localhost/127.0.0.1:65427]' for 'POST' to 'http://localhost:65427/session/160c2ffd9b11f437d6c154229b013dd8/timeouts'
20:37:03.357 [Forwarding setTimeout on session 160c2ffd9b11f437d6c154229b013dd8 to remote] DEBUG org.asynchttpclient.netty.request.NettyRequestSender - Using open Channel [id: 0x1cda85f3, L:/127.0.0.1:61999 - R:localhost/127.0.0.1:65427] for POST '/session/160c2ffd9b11f437d6c154229b013dd8/timeouts'
20:37:03.359 [AsyncHttpClient-1-9] DEBUG org.asynchttpclient.netty.handler.HttpHandler - 

Request DefaultHttpRequest(decodeResult: success, version: HTTP/1.1)
POST /session/160c2ffd9b11f437d6c154229b013dd8/timeouts HTTP/1.1
User-Agent: selenium/4.1.2 (java windows)
Content-Length: 22
Content-Type: application/json; charset=utf-8
host: localhost:65427
accept: */*

Response DefaultHttpResponse(decodeResult: success, version: HTTP/1.1)
HTTP/1.1 200 OK
Content-Type: application/json; charset=utf-8
cache-control: no-cache
content-length: 14

20:37:03.359 [AsyncHttpClient-1-9] DEBUG org.asynchttpclient.netty.channel.ChannelManager - Adding key: http://localhost:65427 for channel [id: 0x1cda85f3, L:/127.0.0.1:61999 - R:localhost/127.0.0.1:65427]
20:37:03.368 [Forwarding getCurrentUrl on session 160c2ffd9b11f437d6c154229b013dd8 to remote] DEBUG org.asynchttpclient.netty.request.NettyRequestSender - Using pooled Channel '[id: 0x1cda85f3, L:/127.0.0.1:61999 - R:localhost/127.0.0.1:65427]' for 'GET' to 'http://localhost:65427/session/160c2ffd9b11f437d6c154229b013dd8/url'
20:37:03.369 [Forwarding getCurrentUrl on session 160c2ffd9b11f437d6c154229b013dd8 to remote] DEBUG org.asynchttpclient.netty.request.NettyRequestSender - Using open Channel [id: 0x1cda85f3, L:/127.0.0.1:61999 - R:localhost/127.0.0.1:65427] for GET '/session/160c2ffd9b11f437d6c154229b013dd8/url'
20:37:03.381 [AsyncHttpClient-1-9] DEBUG org.asynchttpclient.netty.handler.HttpHandler - 

Request DefaultFullHttpRequest(decodeResult: success, version: HTTP/1.1, content: EmptyByteBufBE)
GET /session/160c2ffd9b11f437d6c154229b013dd8/url HTTP/1.1
User-Agent: selenium/4.1.2 (java windows)
Cache-Control: no-cache
Content-Type: application/json; charset=utf-8
host: localhost:65427
accept: */*

Response DefaultHttpResponse(decodeResult: success, version: HTTP/1.1)
HTTP/1.1 200 OK
Content-Type: application/json; charset=utf-8
cache-control: no-cache
content-length: 66

20:37:03.381 [AsyncHttpClient-1-9] DEBUG org.asynchttpclient.netty.channel.ChannelManager - Adding key: http://localhost:65427 for channel [id: 0x1cda85f3, L:/127.0.0.1:61999 - R:localhost/127.0.0.1:65427]
20:37:03.395 [Forwarding screenshot on session 160c2ffd9b11f437d6c154229b013dd8 to remote] DEBUG org.asynchttpclient.netty.request.NettyRequestSender - Using pooled Channel '[id: 0x1cda85f3, L:/127.0.0.1:61999 - R:localhost/127.0.0.1:65427]' for 'GET' to 'http://localhost:65427/session/160c2ffd9b11f437d6c154229b013dd8/screenshot'
20:37:03.395 [Forwarding screenshot on session 160c2ffd9b11f437d6c154229b013dd8 to remote] DEBUG org.asynchttpclient.netty.request.NettyRequestSender - Using open Channel [id: 0x1cda85f3, L:/127.0.0.1:61999 - R:localhost/127.0.0.1:65427] for GET '/session/160c2ffd9b11f437d6c154229b013dd8/screenshot'
20:37:03.397 [AsyncHttpClient-1-1] DEBUG org.asynchttpclient.netty.channel.DefaultChannelPool - Entry count for : http://localhost:62000 : 1
20:37:04.115 [AsyncHttpClient-1-9] DEBUG org.asynchttpclient.netty.handler.HttpHandler - 

Request DefaultFullHttpRequest(decodeResult: success, version: HTTP/1.1, content: EmptyByteBufBE)
GET /session/160c2ffd9b11f437d6c154229b013dd8/screenshot HTTP/1.1
User-Agent: selenium/4.1.2 (java windows)
Cache-Control: no-cache
Content-Type: application/json; charset=utf-8
host: localhost:65427
accept: */*

Response DefaultHttpResponse(decodeResult: success, version: HTTP/1.1)
HTTP/1.1 200 OK
Content-Type: application/json; charset=utf-8
cache-control: no-cache
content-length: 71412

20:37:04.116 [AsyncHttpClient-1-9] DEBUG org.asynchttpclient.netty.channel.ChannelManager - Adding key: http://localhost:65427 for channel [id: 0x1cda85f3, L:/127.0.0.1:61999 - R:localhost/127.0.0.1:65427]
20:37:04.124 [main] DEBUG net.serenitybdd.core.photography.Darkroom - Send negative for processing for target\site\serenity\641553ea0c7ee1350e9d99c43bd8b22ab0037bbbf11d544d65f62061eb96ca5a.png
20:37:04.124 [main] DEBUG net.thucydides.core.steps.StepInterceptor - STEP DONE: openDataDokter
  &amp#27;[32mGiven &amp#27;[0m&amp#27;[32mOpen page data dokter&amp#27;[0m                                                      &amp#27;[90m# starter.stepdefinitios.DokterDataSteps.openPageDataDokter()&amp#27;[0m
20:37:04.178 [Forwarding screenshot on session 160c2ffd9b11f437d6c154229b013dd8 to remote] DEBUG org.asynchttpclient.netty.request.NettyRequestSender - Using pooled Channel '[id: 0x1cda85f3, L:/127.0.0.1:61999 - R:localhost/127.0.0.1:65427]' for 'GET' to 'http://localhost:65427/session/160c2ffd9b11f437d6c154229b013dd8/screenshot'
20:37:04.178 [Forwarding screenshot on session 160c2ffd9b11f437d6c154229b013dd8 to remote] DEBUG org.asynchttpclient.netty.request.NettyRequestSender - Using open Channel [id: 0x1cda85f3, L:/127.0.0.1:61999 - R:localhost/127.0.0.1:65427] for GET '/session/160c2ffd9b11f437d6c154229b013dd8/screenshot'
20:37:04.452 [AsyncHttpClient-1-9] DEBUG org.asynchttpclient.netty.handler.HttpHandler - 

Request DefaultFullHttpRequest(decodeResult: success, version: HTTP/1.1, content: EmptyByteBufBE)
GET /session/160c2ffd9b11f437d6c154229b013dd8/screenshot HTTP/1.1
User-Agent: selenium/4.1.2 (java windows)
Cache-Control: no-cache
Content-Type: application/json; charset=utf-8
host: localhost:65427
accept: */*

Response DefaultHttpResponse(decodeResult: success, version: HTTP/1.1)
HTTP/1.1 200 OK
Content-Type: application/json; charset=utf-8
cache-control: no-cache
content-length: 91728

20:37:04.453 [AsyncHttpClient-1-9] DEBUG org.asynchttpclient.netty.channel.ChannelManager - Adding key: http://localhost:65427 for channel [id: 0x1cda85f3, L:/127.0.0.1:61999 - R:localhost/127.0.0.1:65427]
20:37:04.463 [main] DEBUG net.serenitybdd.core.photography.Darkroom - Send negative for processing for target\site\serenity\0ff02c5be53abaa9ae8a64b94d7c0681ada2738123660f3617718c8448826fde.png
20:37:04.464 [main] DEBUG net.thucydides.core.steps.StepInterceptor - STARTING STEP: DokterDataSteps.clickDetailDokterData - clickButtonDetail
20:37:04.464 [Darkroom Processing Line] DEBUG net.serenitybdd.core.photography.DarkroomProcessingLine - Processing screenshot image in /var/screenshots/screenshot-1220817261914200216
20:37:04.465 [Darkroom Processing Line] DEBUG net.serenitybdd.core.photography.DarkroomProcessingLine - Saving screenshot to target\site\serenity\0ff02c5be53abaa9ae8a64b94d7c0681ada2738123660f3617718c8448826fde.png
20:37:04.477 [Forwarding findElement on session 160c2ffd9b11f437d6c154229b013dd8 to remote] DEBUG org.asynchttpclient.netty.request.NettyRequestSender - Using pooled Channel '[id: 0x1cda85f3, L:/127.0.0.1:61999 - R:localhost/127.0.0.1:65427]' for 'POST' to 'http://localhost:65427/session/160c2ffd9b11f437d6c154229b013dd8/element'
20:37:04.477 [Forwarding findElement on session 160c2ffd9b11f437d6c154229b013dd8 to remote] DEBUG org.asynchttpclient.netty.request.NettyRequestSender - Using open Channel [id: 0x1cda85f3, L:/127.0.0.1:61999 - R:localhost/127.0.0.1:65427] for POST '/session/160c2ffd9b11f437d6c154229b013dd8/element'
20:37:04.507 [AsyncHttpClient-1-1] DEBUG org.asynchttpclient.netty.channel.DefaultChannelPool - Entry count for : http://localhost:62000 : 1
20:37:04.511 [AsyncHttpClient-1-9] DEBUG org.asynchttpclient.netty.handler.HttpHandler - 

Request DefaultHttpRequest(decodeResult: success, version: HTTP/1.1)
POST /session/160c2ffd9b11f437d6c154229b013dd8/element HTTP/1.1
User-Agent: selenium/4.1.2 (java windows)
Content-Length: 92
Content-Type: application/json; charset=utf-8
host: localhost:65427
accept: */*

Response DefaultHttpResponse(decodeResult: success, version: HTTP/1.1)
HTTP/1.1 200 OK
Content-Type: application/json; charset=utf-8
cache-control: no-cache
content-length: 88

20:37:04.511 [AsyncHttpClient-1-9] DEBUG org.asynchttpclient.netty.channel.ChannelManager - Adding key: http://localhost:65427 for channel [id: 0x1cda85f3, L:/127.0.0.1:61999 - R:localhost/127.0.0.1:65427]
20:37:04.514 [Forwarding getElementTagName on session 160c2ffd9b11f437d6c154229b013dd8 to remote] DEBUG org.asynchttpclient.netty.request.NettyRequestSender - Using pooled Channel '[id: 0x1cda85f3, L:/127.0.0.1:61999 - R:localhost/127.0.0.1:65427]' for 'GET' to 'http://localhost:65427/session/160c2ffd9b11f437d6c154229b013dd8/element/d4dc4caf-6701-48e5-b3e9-450ff497c40b/name'
20:37:04.514 [Forwarding getElementTagName on session 160c2ffd9b11f437d6c154229b013dd8 to remote] DEBUG org.asynchttpclient.netty.request.NettyRequestSender - Using open Channel [id: 0x1cda85f3, L:/127.0.0.1:61999 - R:localhost/127.0.0.1:65427] for GET '/session/160c2ffd9b11f437d6c154229b013dd8/element/d4dc4caf-6701-48e5-b3e9-450ff497c40b/name'
20:37:04.525 [AsyncHttpClient-1-9] DEBUG org.asynchttpclient.netty.handler.HttpHandler - 

Request DefaultFullHttpRequest(decodeResult: success, version: HTTP/1.1, content: EmptyByteBufBE)
GET /session/160c2ffd9b11f437d6c154229b013dd8/element/d4dc4caf-6701-48e5-b3e9-450ff497c40b/name HTTP/1.1
User-Agent: selenium/4.1.2 (java windows)
Cache-Control: no-cache
Content-Type: application/json; charset=utf-8
host: localhost:65427
accept: */*

Response DefaultHttpResponse(decodeResult: success, version: HTTP/1.1)
HTTP/1.1 200 OK
Content-Type: application/json; charset=utf-8
cache-control: no-cache
content-length: 15

20:37:04.525 [AsyncHttpClient-1-9] DEBUG org.asynchttpclient.netty.channel.ChannelManager - Adding key: http://localhost:65427 for channel [id: 0x1cda85f3, L:/127.0.0.1:61999 - R:localhost/127.0.0.1:65427]
20:37:04.527 [Forwarding getElementTagName on session 160c2ffd9b11f437d6c154229b013dd8 to remote] DEBUG org.asynchttpclient.netty.request.NettyRequestSender - Using pooled Channel '[id: 0x1cda85f3, L:/127.0.0.1:61999 - R:localhost/127.0.0.1:65427]' for 'GET' to 'http://localhost:65427/session/160c2ffd9b11f437d6c154229b013dd8/element/d4dc4caf-6701-48e5-b3e9-450ff497c40b/name'
20:37:04.527 [Forwarding getElementTagName on session 160c2ffd9b11f437d6c154229b013dd8 to remote] DEBUG org.asynchttpclient.netty.request.NettyRequestSender - Using open Channel [id: 0x1cda85f3, L:/127.0.0.1:61999 - R:localhost/127.0.0.1:65427] for GET '/session/160c2ffd9b11f437d6c154229b013dd8/element/d4dc4caf-6701-48e5-b3e9-450ff497c40b/name'
20:37:04.545 [AsyncHttpClient-1-9] DEBUG org.asynchttpclient.netty.handler.HttpHandler - 

Request DefaultFullHttpRequest(decodeResult: success, version: HTTP/1.1, content: EmptyByteBufBE)
GET /session/160c2ffd9b11f437d6c154229b013dd8/element/d4dc4caf-6701-48e5-b3e9-450ff497c40b/name HTTP/1.1
User-Agent: selenium/4.1.2 (java windows)
Cache-Control: no-cache
Content-Type: application/json; charset=utf-8
host: localhost:65427
accept: */*

Response DefaultHttpResponse(decodeResult: success, version: HTTP/1.1)
HTTP/1.1 200 OK
Content-Type: application/json; charset=utf-8
cache-control: no-cache
content-length: 15

20:37:04.546 [AsyncHttpClient-1-9] DEBUG org.asynchttpclient.netty.channel.ChannelManager - Adding key: http://localhost:65427 for channel [id: 0x1cda85f3, L:/127.0.0.1:61999 - R:localhost/127.0.0.1:65427]
20:37:04.549 [Forwarding findElement on session 160c2ffd9b11f437d6c154229b013dd8 to remote] DEBUG org.asynchttpclient.netty.request.NettyRequestSender - Using pooled Channel '[id: 0x1cda85f3, L:/127.0.0.1:61999 - R:localhost/127.0.0.1:65427]' for 'POST' to 'http://localhost:65427/session/160c2ffd9b11f437d6c154229b013dd8/element'
20:37:04.550 [Forwarding findElement on session 160c2ffd9b11f437d6c154229b013dd8 to remote] DEBUG org.asynchttpclient.netty.request.NettyRequestSender - Using open Channel [id: 0x1cda85f3, L:/127.0.0.1:61999 - R:localhost/127.0.0.1:65427] for POST '/session/160c2ffd9b11f437d6c154229b013dd8/element'
20:37:04.566 [AsyncHttpClient-1-9] DEBUG org.asynchttpclient.netty.handler.HttpHandler - 

Request DefaultHttpRequest(decodeResult: success, version: HTTP/1.1)
POST /session/160c2ffd9b11f437d6c154229b013dd8/element HTTP/1.1
User-Agent: selenium/4.1.2 (java windows)
Content-Length: 92
Content-Type: application/json; charset=utf-8
host: localhost:65427
accept: */*

Response DefaultHttpResponse(decodeResult: success, version: HTTP/1.1)
HTTP/1.1 200 OK
Content-Type: application/json; charset=utf-8
cache-control: no-cache
content-length: 88

20:37:04.566 [AsyncHttpClient-1-9] DEBUG org.asynchttpclient.netty.channel.ChannelManager - Adding key: http://localhost:65427 for channel [id: 0x1cda85f3, L:/127.0.0.1:61999 - R:localhost/127.0.0.1:65427]
20:37:04.569 [Forwarding clickElement on session 160c2ffd9b11f437d6c154229b013dd8 to remote] DEBUG org.asynchttpclient.netty.request.NettyRequestSender - Using pooled Channel '[id: 0x1cda85f3, L:/127.0.0.1:61999 - R:localhost/127.0.0.1:65427]' for 'POST' to 'http://localhost:65427/session/160c2ffd9b11f437d6c154229b013dd8/element/d4dc4caf-6701-48e5-b3e9-450ff497c40b/click'
20:37:04.569 [Forwarding clickElement on session 160c2ffd9b11f437d6c154229b013dd8 to remote] DEBUG org.asynchttpclient.netty.request.NettyRequestSender - Using open Channel [id: 0x1cda85f3, L:/127.0.0.1:61999 - R:localhost/127.0.0.1:65427] for POST '/session/160c2ffd9b11f437d6c154229b013dd8/element/d4dc4caf-6701-48e5-b3e9-450ff497c40b/click'
20:37:04.898 [AsyncHttpClient-1-9] DEBUG org.asynchttpclient.netty.handler.HttpHandler - 

Request DefaultHttpRequest(decodeResult: success, version: HTTP/1.1)
POST /session/160c2ffd9b11f437d6c154229b013dd8/element/d4dc4caf-6701-48e5-b3e9-450ff497c40b/click HTTP/1.1
User-Agent: selenium/4.1.2 (java windows)
Content-Length: 50
Content-Type: application/json; charset=utf-8
host: localhost:65427
accept: */*

Response DefaultHttpResponse(decodeResult: success, version: HTTP/1.1)
HTTP/1.1 200 OK
Content-Type: application/json; charset=utf-8
cache-control: no-cache
content-length: 14

20:37:04.899 [AsyncHttpClient-1-9] DEBUG org.asynchttpclient.netty.channel.ChannelManager - Adding key: http://localhost:65427 for channel [id: 0x1cda85f3, L:/127.0.0.1:61999 - R:localhost/127.0.0.1:65427]
20:37:04.960 [Forwarding screenshot on session 160c2ffd9b11f437d6c154229b013dd8 to remote] DEBUG org.asynchttpclient.netty.request.NettyRequestSender - Using pooled Channel '[id: 0x1cda85f3, L:/127.0.0.1:61999 - R:localhost/127.0.0.1:65427]' for 'GET' to 'http://localhost:65427/session/160c2ffd9b11f437d6c154229b013dd8/screenshot'
20:37:04.960 [Forwarding screenshot on session 160c2ffd9b11f437d6c154229b013dd8 to remote] DEBUG org.asynchttpclient.netty.request.NettyRequestSender - Using open Channel [id: 0x1cda85f3, L:/127.0.0.1:61999 - R:localhost/127.0.0.1:65427] for GET '/session/160c2ffd9b11f437d6c154229b013dd8/screenshot'
20:37:05.563 [AsyncHttpClient-1-9] DEBUG org.asynchttpclient.netty.handler.HttpHandler - 

Request DefaultFullHttpRequest(decodeResult: success, version: HTTP/1.1, content: EmptyByteBufBE)
GET /session/160c2ffd9b11f437d6c154229b013dd8/screenshot HTTP/1.1
User-Agent: selenium/4.1.2 (java windows)
Cache-Control: no-cache
Content-Type: application/json; charset=utf-8
host: localhost:65427
accept: */*

Response DefaultHttpResponse(decodeResult: success, version: HTTP/1.1)
HTTP/1.1 200 OK
Content-Type: application/json; charset=utf-8
cache-control: no-cache
content-length: 52320

20:37:05.563 [AsyncHttpClient-1-9] DEBUG org.asynchttpclient.netty.channel.ChannelManager - Adding key: http://localhost:65427 for channel [id: 0x1cda85f3, L:/127.0.0.1:61999 - R:localhost/127.0.0.1:65427]
20:37:05.568 [main] DEBUG net.serenitybdd.core.photography.Darkroom - Send negative for processing for target\site\serenity\5a99056ecca920ddecc4ace6a7ef915c4a703b07e9892531419b3c4d0ef51724.png
20:37:05.569 [main] DEBUG net.thucydides.core.steps.StepInterceptor - STEP DONE: clickButtonDetail
  &amp#27;[32mAnd &amp#27;[0m&amp#27;[32mClick Detail dokter data&amp#27;[0m                                                     &amp#27;[90m# starter.stepdefinitios.DokterDataSteps.clickDetailDokterData()&amp#27;[0m
20:37:05.570 [Darkroom Processing Line] DEBUG net.serenitybdd.core.photography.DarkroomProcessingLine - Processing screenshot image in /var/screenshots/screenshot-17475416499795527502
20:37:05.570 [Darkroom Processing Line] DEBUG net.serenitybdd.core.photography.DarkroomProcessingLine - Saving screenshot to target\site\serenity\5a99056ecca920ddecc4ace6a7ef915c4a703b07e9892531419b3c4d0ef51724.png
20:37:05.595 [AsyncHttpClient-1-1] DEBUG org.asynchttpclient.netty.channel.DefaultChannelPool - Entry count for : http://localhost:62000 : 1
20:37:05.595 [AsyncHttpClient-1-1] DEBUG org.asynchttpclient.netty.channel.DefaultChannelPool - Entry count for : http://localhost:65427 : 1
20:37:06.121 [Forwarding screenshot on session 160c2ffd9b11f437d6c154229b013dd8 to remote] DEBUG org.asynchttpclient.netty.request.NettyRequestSender - Using pooled Channel '[id: 0x1cda85f3, L:/127.0.0.1:61999 - R:localhost/127.0.0.1:65427]' for 'GET' to 'http://localhost:65427/session/160c2ffd9b11f437d6c154229b013dd8/screenshot'
20:37:06.121 [Forwarding screenshot on session 160c2ffd9b11f437d6c154229b013dd8 to remote] DEBUG org.asynchttpclient.netty.request.NettyRequestSender - Using open Channel [id: 0x1cda85f3, L:/127.0.0.1:61999 - R:localhost/127.0.0.1:65427] for GET '/session/160c2ffd9b11f437d6c154229b013dd8/screenshot'
20:37:06.431 [AsyncHttpClient-1-9] DEBUG org.asynchttpclient.netty.handler.HttpHandler - 

Request DefaultFullHttpRequest(decodeResult: success, version: HTTP/1.1, content: EmptyByteBufBE)
GET /session/160c2ffd9b11f437d6c154229b013dd8/screenshot HTTP/1.1
User-Agent: selenium/4.1.2 (java windows)
Cache-Control: no-cache
Content-Type: application/json; charset=utf-8
host: localhost:65427
accept: */*

Response DefaultHttpResponse(decodeResult: success, version: HTTP/1.1)
HTTP/1.1 200 OK
Content-Type: application/json; charset=utf-8
cache-control: no-cache
content-length: 287472

20:37:06.432 [AsyncHttpClient-1-9] DEBUG org.asynchttpclient.netty.channel.ChannelManager - Adding key: http://localhost:65427 for channel [id: 0x1cda85f3, L:/127.0.0.1:61999 - R:localhost/127.0.0.1:65427]
20:37:06.455 [main] DEBUG net.serenitybdd.core.photography.Darkroom - Send negative for processing for target\site\serenity\fc654d30df96a6de35e9b150cbce25f69fb882ce03b50ca2659bb0801dd4427e.png
20:37:06.456 [main] DEBUG net.thucydides.core.steps.StepInterceptor - STARTING STEP: DokterDataSteps.validDataDetailDokter - checkValidDataPasien
20:37:06.457 [Darkroom Processing Line] DEBUG net.serenitybdd.core.photography.DarkroomProcessingLine - Processing screenshot image in /var/screenshots/screenshot-15457842880311736164
20:37:06.457 [Darkroom Processing Line] DEBUG net.serenitybdd.core.photography.DarkroomProcessingLine - Saving screenshot to target\site\serenity\fc654d30df96a6de35e9b150cbce25f69fb882ce03b50ca2659bb0801dd4427e.png
20:37:06.462 [Forwarding findElement on session 160c2ffd9b11f437d6c154229b013dd8 to remote] DEBUG org.asynchttpclient.netty.request.NettyRequestSender - Using pooled Channel '[id: 0x1cda85f3, L:/127.0.0.1:61999 - R:localhost/127.0.0.1:65427]' for 'POST' to 'http://localhost:65427/session/160c2ffd9b11f437d6c154229b013dd8/element'
20:37:06.462 [Forwarding findElement on session 160c2ffd9b11f437d6c154229b013dd8 to remote] DEBUG org.asynchttpclient.netty.request.NettyRequestSender - Using open Channel [id: 0x1cda85f3, L:/127.0.0.1:61999 - R:localhost/127.0.0.1:65427] for POST '/session/160c2ffd9b11f437d6c154229b013dd8/element'
20:37:06.494 [AsyncHttpClient-1-9] DEBUG org.asynchttpclient.netty.handler.HttpHandler - 

Request DefaultHttpRequest(decodeResult: success, version: HTTP/1.1)
POST /session/160c2ffd9b11f437d6c154229b013dd8/element HTTP/1.1
User-Agent: selenium/4.1.2 (java windows)
Content-Length: 95
Content-Type: application/json; charset=utf-8
host: localhost:65427
accept: */*

Response DefaultHttpResponse(decodeResult: success, version: HTTP/1.1)
HTTP/1.1 200 OK
Content-Type: application/json; charset=utf-8
cache-control: no-cache
content-length: 88

20:37:06.494 [AsyncHttpClient-1-9] DEBUG org.asynchttpclient.netty.channel.ChannelManager - Adding key: http://localhost:65427 for channel [id: 0x1cda85f3, L:/127.0.0.1:61999 - R:localhost/127.0.0.1:65427]
20:37:06.495 [Forwarding isElementEnabled on session 160c2ffd9b11f437d6c154229b013dd8 to remote] DEBUG org.asynchttpclient.netty.request.NettyRequestSender - Using pooled Channel '[id: 0x1cda85f3, L:/127.0.0.1:61999 - R:localhost/127.0.0.1:65427]' for 'GET' to 'http://localhost:65427/session/160c2ffd9b11f437d6c154229b013dd8/element/f64453dd-3605-4e04-a43b-d95a6cd9b417/enabled'
20:37:06.496 [Forwarding isElementEnabled on session 160c2ffd9b11f437d6c154229b013dd8 to remote] DEBUG org.asynchttpclient.netty.request.NettyRequestSender - Using open Channel [id: 0x1cda85f3, L:/127.0.0.1:61999 - R:localhost/127.0.0.1:65427] for GET '/session/160c2ffd9b11f437d6c154229b013dd8/element/f64453dd-3605-4e04-a43b-d95a6cd9b417/enabled'
20:37:06.517 [AsyncHttpClient-1-9] DEBUG org.asynchttpclient.netty.handler.HttpHandler - 

Request DefaultFullHttpRequest(decodeResult: success, version: HTTP/1.1, content: EmptyByteBufBE)
GET /session/160c2ffd9b11f437d6c154229b013dd8/element/f64453dd-3605-4e04-a43b-d95a6cd9b417/enabled HTTP/1.1
User-Agent: selenium/4.1.2 (java windows)
Cache-Control: no-cache
Content-Type: application/json; charset=utf-8
host: localhost:65427
accept: */*

Response DefaultHttpResponse(decodeResult: success, version: HTTP/1.1)
HTTP/1.1 200 OK
Content-Type: application/json; charset=utf-8
cache-control: no-cache
content-length: 14

20:37:06.517 [AsyncHttpClient-1-9] DEBUG org.asynchttpclient.netty.channel.ChannelManager - Adding key: http://localhost:65427 for channel [id: 0x1cda85f3, L:/127.0.0.1:61999 - R:localhost/127.0.0.1:65427]
20:37:06.532 [Forwarding screenshot on session 160c2ffd9b11f437d6c154229b013dd8 to remote] DEBUG org.asynchttpclient.netty.request.NettyRequestSender - Using pooled Channel '[id: 0x1cda85f3, L:/127.0.0.1:61999 - R:localhost/127.0.0.1:65427]' for 'GET' to 'http://localhost:65427/session/160c2ffd9b11f437d6c154229b013dd8/screenshot'
20:37:06.533 [Forwarding screenshot on session 160c2ffd9b11f437d6c154229b013dd8 to remote] DEBUG org.asynchttpclient.netty.request.NettyRequestSender - Using open Channel [id: 0x1cda85f3, L:/127.0.0.1:61999 - R:localhost/127.0.0.1:65427] for GET '/session/160c2ffd9b11f437d6c154229b013dd8/screenshot'
20:37:06.701 [AsyncHttpClient-1-1] DEBUG org.asynchttpclient.netty.channel.DefaultChannelPool - Entry count for : http://localhost:62000 : 1
20:37:07.012 [AsyncHttpClient-1-9] DEBUG org.asynchttpclient.netty.handler.HttpHandler - 

Request DefaultFullHttpRequest(decodeResult: success, version: HTTP/1.1, content: EmptyByteBufBE)
GET /session/160c2ffd9b11f437d6c154229b013dd8/screenshot HTTP/1.1
User-Agent: selenium/4.1.2 (java windows)
Cache-Control: no-cache
Content-Type: application/json; charset=utf-8
host: localhost:65427
accept: */*

Response DefaultHttpResponse(decodeResult: success, version: HTTP/1.1)
HTTP/1.1 200 OK
Content-Type: application/json; charset=utf-8
cache-control: no-cache
content-length: 353632

20:37:07.014 [AsyncHttpClient-1-9] DEBUG org.asynchttpclient.netty.channel.ChannelManager - Adding key: http://localhost:65427 for channel [id: 0x1cda85f3, L:/127.0.0.1:61999 - R:localhost/127.0.0.1:65427]
20:37:07.045 [main] DEBUG net.serenitybdd.core.photography.Darkroom - Send negative for processing for target\site\serenity\2a11748636f2e986b3d9ff826aa049513c191c0858ed7f0c34777ead2beb55a7.png
20:37:07.048 [main] DEBUG net.thucydides.core.steps.StepInterceptor - STEP DONE: checkValidDataPasien
  &amp#27;[32mWhen &amp#27;[0m&amp#27;[32mValid data detail dokter&amp#27;[0m                                                    &amp#27;[90m# starter.stepdefinitios.DokterDataSteps.validDataDetailDokter()&amp#27;[0m
20:37:07.050 [Darkroom Processing Line] DEBUG net.serenitybdd.core.photography.DarkroomProcessingLine - Processing screenshot image in /var/screenshots/screenshot-3167573396986918604
20:37:07.050 [Darkroom Processing Line] DEBUG net.serenitybdd.core.photography.DarkroomProcessingLine - Saving screenshot to target\site\serenity\2a11748636f2e986b3d9ff826aa049513c191c0858ed7f0c34777ead2beb55a7.png
20:37:07.096 [Forwarding screenshot on session 160c2ffd9b11f437d6c154229b013dd8 to remote] DEBUG org.asynchttpclient.netty.request.NettyRequestSender - Using pooled Channel '[id: 0x1cda85f3, L:/127.0.0.1:61999 - R:localhost/127.0.0.1:65427]' for 'GET' to 'http://localhost:65427/session/160c2ffd9b11f437d6c154229b013dd8/screenshot'
20:37:07.096 [Forwarding screenshot on session 160c2ffd9b11f437d6c154229b013dd8 to remote] DEBUG org.asynchttpclient.netty.request.NettyRequestSender - Using open Channel [id: 0x1cda85f3, L:/127.0.0.1:61999 - R:localhost/127.0.0.1:65427] for GET '/session/160c2ffd9b11f437d6c154229b013dd8/screenshot'
20:37:07.537 [AsyncHttpClient-1-9] DEBUG org.asynchttpclient.netty.handler.HttpHandler - 

Request DefaultFullHttpRequest(decodeResult: success, version: HTTP/1.1, content: EmptyByteBufBE)
GET /session/160c2ffd9b11f437d6c154229b013dd8/screenshot HTTP/1.1
User-Agent: selenium/4.1.2 (java windows)
Cache-Control: no-cache
Content-Type: application/json; charset=utf-8
host: localhost:65427
accept: */*

Response DefaultHttpResponse(decodeResult: success, version: HTTP/1.1)
HTTP/1.1 200 OK
Content-Type: application/json; charset=utf-8
cache-control: no-cache
content-length: 353632

20:37:07.540 [AsyncHttpClient-1-9] DEBUG org.asynchttpclient.netty.channel.ChannelManager - Adding key: http://localhost:65427 for channel [id: 0x1cda85f3, L:/127.0.0.1:61999 - R:localhost/127.0.0.1:65427]
20:37:07.566 [main] DEBUG net.serenitybdd.core.photography.Darkroom - Send negative for processing for target\site\serenity\2a11748636f2e986b3d9ff826aa049513c191c0858ed7f0c34777ead2beb55a7.png
20:37:07.622 [Forwarding screenshot on session 160c2ffd9b11f437d6c154229b013dd8 to remote] DEBUG org.asynchttpclient.netty.request.NettyRequestSender - Using pooled Channel '[id: 0x1cda85f3, L:/127.0.0.1:61999 - R:localhost/127.0.0.1:65427]' for 'GET' to 'http://localhost:65427/session/160c2ffd9b11f437d6c154229b013dd8/screenshot'
20:37:07.622 [Forwarding screenshot on session 160c2ffd9b11f437d6c154229b013dd8 to remote] DEBUG org.asynchttpclient.netty.request.NettyRequestSender - Using open Channel [id: 0x1cda85f3, L:/127.0.0.1:61999 - R:localhost/127.0.0.1:65427] for GET '/session/160c2ffd9b11f437d6c154229b013dd8/screenshot'
20:37:07.814 [AsyncHttpClient-1-1] DEBUG org.asynchttpclient.netty.channel.DefaultChannelPool - Entry count for : http://localhost:62000 : 1
20:37:08.044 [AsyncHttpClient-1-9] DEBUG org.asynchttpclient.netty.handler.HttpHandler - 

Request DefaultFullHttpRequest(decodeResult: success, version: HTTP/1.1, content: EmptyByteBufBE)
GET /session/160c2ffd9b11f437d6c154229b013dd8/screenshot HTTP/1.1
User-Agent: selenium/4.1.2 (java windows)
Cache-Control: no-cache
Content-Type: application/json; charset=utf-8
host: localhost:65427
accept: */*

Response DefaultHttpResponse(decodeResult: success, version: HTTP/1.1)
HTTP/1.1 200 OK
Content-Type: application/json; charset=utf-8
cache-control: no-cache
content-length: 353632

20:37:08.046 [AsyncHttpClient-1-9] DEBUG org.asynchttpclient.netty.channel.ChannelManager - Adding key: http://localhost:65427 for channel [id: 0x1cda85f3, L:/127.0.0.1:61999 - R:localhost/127.0.0.1:65427]
20:37:08.076 [main] DEBUG net.serenitybdd.core.photography.Darkroom - Send negative for processing for target\site\serenity\2a11748636f2e986b3d9ff826aa049513c191c0858ed7f0c34777ead2beb55a7.png
20:37:08.077 [main] DEBUG net.thucydides.core.steps.StepInterceptor - STARTING STEP: PatientDataSteps.clickButtonEditProfil - clickButtonEditDataPasien
20:37:08.088 [Forwarding findElement on session 160c2ffd9b11f437d6c154229b013dd8 to remote] DEBUG org.asynchttpclient.netty.request.NettyRequestSender - Using pooled Channel '[id: 0x1cda85f3, L:/127.0.0.1:61999 - R:localhost/127.0.0.1:65427]' for 'POST' to 'http://localhost:65427/session/160c2ffd9b11f437d6c154229b013dd8/element'
20:37:08.089 [Forwarding findElement on session 160c2ffd9b11f437d6c154229b013dd8 to remote] DEBUG org.asynchttpclient.netty.request.NettyRequestSender - Using open Channel [id: 0x1cda85f3, L:/127.0.0.1:61999 - R:localhost/127.0.0.1:65427] for POST '/session/160c2ffd9b11f437d6c154229b013dd8/element'
20:37:08.125 [AsyncHttpClient-1-9] DEBUG org.asynchttpclient.netty.handler.HttpHandler - 

Request DefaultHttpRequest(decodeResult: success, version: HTTP/1.1)
POST /session/160c2ffd9b11f437d6c154229b013dd8/element HTTP/1.1
User-Agent: selenium/4.1.2 (java windows)
Content-Length: 116
Content-Type: application/json; charset=utf-8
host: localhost:65427
accept: */*

Response DefaultHttpResponse(decodeResult: success, version: HTTP/1.1)
HTTP/1.1 200 OK
Content-Type: application/json; charset=utf-8
cache-control: no-cache
content-length: 88

20:37:08.126 [AsyncHttpClient-1-9] DEBUG org.asynchttpclient.netty.channel.ChannelManager - Adding key: http://localhost:65427 for channel [id: 0x1cda85f3, L:/127.0.0.1:61999 - R:localhost/127.0.0.1:65427]
20:37:08.131 [Forwarding getElementTagName on session 160c2ffd9b11f437d6c154229b013dd8 to remote] DEBUG org.asynchttpclient.netty.request.NettyRequestSender - Using pooled Channel '[id: 0x1cda85f3, L:/127.0.0.1:61999 - R:localhost/127.0.0.1:65427]' for 'GET' to 'http://localhost:65427/session/160c2ffd9b11f437d6c154229b013dd8/element/24ff05eb-4608-4efa-b82f-36fe66311601/name'
20:37:08.131 [Forwarding getElementTagName on session 160c2ffd9b11f437d6c154229b013dd8 to remote] DEBUG org.asynchttpclient.netty.request.NettyRequestSender - Using open Channel [id: 0x1cda85f3, L:/127.0.0.1:61999 - R:localhost/127.0.0.1:65427] for GET '/session/160c2ffd9b11f437d6c154229b013dd8/element/24ff05eb-4608-4efa-b82f-36fe66311601/name'
20:37:08.160 [AsyncHttpClient-1-9] DEBUG org.asynchttpclient.netty.handler.HttpHandler - 

Request DefaultFullHttpRequest(decodeResult: success, version: HTTP/1.1, content: EmptyByteBufBE)
GET /session/160c2ffd9b11f437d6c154229b013dd8/element/24ff05eb-4608-4efa-b82f-36fe66311601/name HTTP/1.1
User-Agent: selenium/4.1.2 (java windows)
Cache-Control: no-cache
Content-Type: application/json; charset=utf-8
host: localhost:65427
accept: */*

Response DefaultHttpResponse(decodeResult: success, version: HTTP/1.1)
HTTP/1.1 200 OK
Content-Type: application/json; charset=utf-8
cache-control: no-cache
content-length: 18

20:37:08.160 [AsyncHttpClient-1-9] DEBUG org.asynchttpclient.netty.channel.ChannelManager - Adding key: http://localhost:65427 for channel [id: 0x1cda85f3, L:/127.0.0.1:61999 - R:localhost/127.0.0.1:65427]
20:37:08.163 [Forwarding getElementTagName on session 160c2ffd9b11f437d6c154229b013dd8 to remote] DEBUG org.asynchttpclient.netty.request.NettyRequestSender - Using pooled Channel '[id: 0x1cda85f3, L:/127.0.0.1:61999 - R:localhost/127.0.0.1:65427]' for 'GET' to 'http://localhost:65427/session/160c2ffd9b11f437d6c154229b013dd8/element/24ff05eb-4608-4efa-b82f-36fe66311601/name'
20:37:08.163 [Forwarding getElementTagName on session 160c2ffd9b11f437d6c154229b013dd8 to remote] DEBUG org.asynchttpclient.netty.request.NettyRequestSender - Using open Channel [id: 0x1cda85f3, L:/127.0.0.1:61999 - R:localhost/127.0.0.1:65427] for GET '/session/160c2ffd9b11f437d6c154229b013dd8/element/24ff05eb-4608-4efa-b82f-36fe66311601/name'
20:37:08.198 [AsyncHttpClient-1-9] DEBUG org.asynchttpclient.netty.handler.HttpHandler - 

Request DefaultFullHttpRequest(decodeResult: success, version: HTTP/1.1, content: EmptyByteBufBE)
GET /session/160c2ffd9b11f437d6c154229b013dd8/element/24ff05eb-4608-4efa-b82f-36fe66311601/name HTTP/1.1
User-Agent: selenium/4.1.2 (java windows)
Cache-Control: no-cache
Content-Type: application/json; charset=utf-8
host: localhost:65427
accept: */*

Response DefaultHttpResponse(decodeResult: success, version: HTTP/1.1)
HTTP/1.1 200 OK
Content-Type: application/json; charset=utf-8
cache-control: no-cache
content-length: 18

20:37:08.198 [AsyncHttpClient-1-9] DEBUG org.asynchttpclient.netty.channel.ChannelManager - Adding key: http://localhost:65427 for channel [id: 0x1cda85f3, L:/127.0.0.1:61999 - R:localhost/127.0.0.1:65427]
20:37:08.204 [Forwarding isElementEnabled on session 160c2ffd9b11f437d6c154229b013dd8 to remote] DEBUG org.asynchttpclient.netty.request.NettyRequestSender - Using pooled Channel '[id: 0x1cda85f3, L:/127.0.0.1:61999 - R:localhost/127.0.0.1:65427]' for 'GET' to 'http://localhost:65427/session/160c2ffd9b11f437d6c154229b013dd8/element/24ff05eb-4608-4efa-b82f-36fe66311601/enabled'
20:37:08.205 [Forwarding isElementEnabled on session 160c2ffd9b11f437d6c154229b013dd8 to remote] DEBUG org.asynchttpclient.netty.request.NettyRequestSender - Using open Channel [id: 0x1cda85f3, L:/127.0.0.1:61999 - R:localhost/127.0.0.1:65427] for GET '/session/160c2ffd9b11f437d6c154229b013dd8/element/24ff05eb-4608-4efa-b82f-36fe66311601/enabled'
20:37:08.254 [AsyncHttpClient-1-9] DEBUG org.asynchttpclient.netty.handler.HttpHandler - 

Request DefaultFullHttpRequest(decodeResult: success, version: HTTP/1.1, content: EmptyByteBufBE)
GET /session/160c2ffd9b11f437d6c154229b013dd8/element/24ff05eb-4608-4efa-b82f-36fe66311601/enabled HTTP/1.1
User-Agent: selenium/4.1.2 (java windows)
Cache-Control: no-cache
Content-Type: application/json; charset=utf-8
host: localhost:65427
accept: */*

Response DefaultHttpResponse(decodeResult: success, version: HTTP/1.1)
HTTP/1.1 200 OK
Content-Type: application/json; charset=utf-8
cache-control: no-cache
content-length: 14

20:37:08.254 [AsyncHttpClient-1-9] DEBUG org.asynchttpclient.netty.channel.ChannelManager - Adding key: http://localhost:65427 for channel [id: 0x1cda85f3, L:/127.0.0.1:61999 - R:localhost/127.0.0.1:65427]
20:37:08.256 [Forwarding isElementEnabled on session 160c2ffd9b11f437d6c154229b013dd8 to remote] DEBUG org.asynchttpclient.netty.request.NettyRequestSender - Using pooled Channel '[id: 0x1cda85f3, L:/127.0.0.1:61999 - R:localhost/127.0.0.1:65427]' for 'GET' to 'http://localhost:65427/session/160c2ffd9b11f437d6c154229b013dd8/element/24ff05eb-4608-4efa-b82f-36fe66311601/enabled'
20:37:08.256 [Forwarding isElementEnabled on session 160c2ffd9b11f437d6c154229b013dd8 to remote] DEBUG org.asynchttpclient.netty.request.NettyRequestSender - Using open Channel [id: 0x1cda85f3, L:/127.0.0.1:61999 - R:localhost/127.0.0.1:65427] for GET '/session/160c2ffd9b11f437d6c154229b013dd8/element/24ff05eb-4608-4efa-b82f-36fe66311601/enabled'
20:37:08.271 [AsyncHttpClient-1-9] DEBUG org.asynchttpclient.netty.handler.HttpHandler - 

Request DefaultFullHttpRequest(decodeResult: success, version: HTTP/1.1, content: EmptyByteBufBE)
GET /session/160c2ffd9b11f437d6c154229b013dd8/element/24ff05eb-4608-4efa-b82f-36fe66311601/enabled HTTP/1.1
User-Agent: selenium/4.1.2 (java windows)
Cache-Control: no-cache
Content-Type: application/json; charset=utf-8
host: localhost:65427
accept: */*

Response DefaultHttpResponse(decodeResult: success, version: HTTP/1.1)
HTTP/1.1 200 OK
Content-Type: application/json; charset=utf-8
cache-control: no-cache
content-length: 14

20:37:08.271 [AsyncHttpClient-1-9] DEBUG org.asynchttpclient.netty.channel.ChannelManager - Adding key: http://localhost:65427 for channel [id: 0x1cda85f3, L:/127.0.0.1:61999 - R:localhost/127.0.0.1:65427]
20:37:08.275 [Forwarding findElement on session 160c2ffd9b11f437d6c154229b013dd8 to remote] DEBUG org.asynchttpclient.netty.request.NettyRequestSender - Using pooled Channel '[id: 0x1cda85f3, L:/127.0.0.1:61999 - R:localhost/127.0.0.1:65427]' for 'POST' to 'http://localhost:65427/session/160c2ffd9b11f437d6c154229b013dd8/element'
20:37:08.275 [Forwarding findElement on session 160c2ffd9b11f437d6c154229b013dd8 to remote] DEBUG org.asynchttpclient.netty.request.NettyRequestSender - Using open Channel [id: 0x1cda85f3, L:/127.0.0.1:61999 - R:localhost/127.0.0.1:65427] for POST '/session/160c2ffd9b11f437d6c154229b013dd8/element'
20:37:08.298 [AsyncHttpClient-1-9] DEBUG org.asynchttpclient.netty.handler.HttpHandler - 

Request DefaultHttpRequest(decodeResult: success, version: HTTP/1.1)
POST /session/160c2ffd9b11f437d6c154229b013dd8/element HTTP/1.1
User-Agent: selenium/4.1.2 (java windows)
Content-Length: 116
Content-Type: application/json; charset=utf-8
host: localhost:65427
accept: */*

Response DefaultHttpResponse(decodeResult: success, version: HTTP/1.1)
HTTP/1.1 200 OK
Content-Type: application/json; charset=utf-8
cache-control: no-cache
content-length: 88

20:37:08.299 [AsyncHttpClient-1-9] DEBUG org.asynchttpclient.netty.channel.ChannelManager - Adding key: http://localhost:65427 for channel [id: 0x1cda85f3, L:/127.0.0.1:61999 - R:localhost/127.0.0.1:65427]
20:37:08.301 [Forwarding clickElement on session 160c2ffd9b11f437d6c154229b013dd8 to remote] DEBUG org.asynchttpclient.netty.request.NettyRequestSender - Using pooled Channel '[id: 0x1cda85f3, L:/127.0.0.1:61999 - R:localhost/127.0.0.1:65427]' for 'POST' to 'http://localhost:65427/session/160c2ffd9b11f437d6c154229b013dd8/element/24ff05eb-4608-4efa-b82f-36fe66311601/click'
20:37:08.301 [Forwarding clickElement on session 160c2ffd9b11f437d6c154229b013dd8 to remote] DEBUG org.asynchttpclient.netty.request.NettyRequestSender - Using open Channel [id: 0x1cda85f3, L:/127.0.0.1:61999 - R:localhost/127.0.0.1:65427] for POST '/session/160c2ffd9b11f437d6c154229b013dd8/element/24ff05eb-4608-4efa-b82f-36fe66311601/click'
20:37:08.567 [AsyncHttpClient-1-9] DEBUG org.asynchttpclient.netty.handler.HttpHandler - 

Request DefaultHttpRequest(decodeResult: success, version: HTTP/1.1)
POST /session/160c2ffd9b11f437d6c154229b013dd8/element/24ff05eb-4608-4efa-b82f-36fe66311601/click HTTP/1.1
User-Agent: selenium/4.1.2 (java windows)
Content-Length: 50
Content-Type: application/json; charset=utf-8
host: localhost:65427
accept: */*

Response DefaultHttpResponse(decodeResult: success, version: HTTP/1.1)
HTTP/1.1 200 OK
Content-Type: application/json; charset=utf-8
cache-control: no-cache
content-length: 14

20:37:08.567 [AsyncHttpClient-1-9] DEBUG org.asynchttpclient.netty.channel.ChannelManager - Adding key: http://localhost:65427 for channel [id: 0x1cda85f3, L:/127.0.0.1:61999 - R:localhost/127.0.0.1:65427]
20:37:08.585 [Forwarding screenshot on session 160c2ffd9b11f437d6c154229b013dd8 to remote] DEBUG org.asynchttpclient.netty.request.NettyRequestSender - Using pooled Channel '[id: 0x1cda85f3, L:/127.0.0.1:61999 - R:localhost/127.0.0.1:65427]' for 'GET' to 'http://localhost:65427/session/160c2ffd9b11f437d6c154229b013dd8/screenshot'
20:37:08.585 [Forwarding screenshot on session 160c2ffd9b11f437d6c154229b013dd8 to remote] DEBUG org.asynchttpclient.netty.request.NettyRequestSender - Using open Channel [id: 0x1cda85f3, L:/127.0.0.1:61999 - R:localhost/127.0.0.1:65427] for GET '/session/160c2ffd9b11f437d6c154229b013dd8/screenshot'
20:37:08.889 [AsyncHttpClient-1-1] DEBUG org.asynchttpclient.netty.channel.DefaultChannelPool - Entry count for : http://localhost:62000 : 1
20:37:08.915 [AsyncHttpClient-1-9] DEBUG org.asynchttpclient.netty.handler.HttpHandler - 

Request DefaultFullHttpRequest(decodeResult: success, version: HTTP/1.1, content: EmptyByteBufBE)
GET /session/160c2ffd9b11f437d6c154229b013dd8/screenshot HTTP/1.1
User-Agent: selenium/4.1.2 (java windows)
Cache-Control: no-cache
Content-Type: application/json; charset=utf-8
host: localhost:65427
accept: */*

Response DefaultHttpResponse(decodeResult: success, version: HTTP/1.1)
HTTP/1.1 200 OK
Content-Type: application/json; charset=utf-8
cache-control: no-cache
content-length: 355692

20:37:08.920 [AsyncHttpClient-1-9] DEBUG org.asynchttpclient.netty.channel.ChannelManager - Adding key: http://localhost:65427 for channel [id: 0x1cda85f3, L:/127.0.0.1:61999 - R:localhost/127.0.0.1:65427]
20:37:08.950 [main] DEBUG net.serenitybdd.core.photography.Darkroom - Send negative for processing for target\site\serenity\21ef4ac0b70d874431d0602a9dc7d17ab9898baaca045fbda36f1f83cc5e1f39.png
20:37:08.950 [main] DEBUG net.thucydides.core.steps.StepInterceptor - STEP DONE: clickButtonEditDataPasien
  &amp#27;[32mAnd &amp#27;[0m&amp#27;[32mClick button edit profil&amp#27;[0m                                                     &amp#27;[90m# starter.stepdefinitios.PatientDataSteps.clickButtonEditProfil()&amp#27;[0m
20:37:08.952 [Darkroom Processing Line] DEBUG net.serenitybdd.core.photography.DarkroomProcessingLine - Processing screenshot image in /var/screenshots/screenshot-16747844841937427311
20:37:08.953 [Darkroom Processing Line] DEBUG net.serenitybdd.core.photography.DarkroomProcessingLine - Saving screenshot to target\site\serenity\21ef4ac0b70d874431d0602a9dc7d17ab9898baaca045fbda36f1f83cc5e1f39.png
20:37:09.501 [Forwarding screenshot on session 160c2ffd9b11f437d6c154229b013dd8 to remote] DEBUG org.asynchttpclient.netty.request.NettyRequestSender - Using pooled Channel '[id: 0x1cda85f3, L:/127.0.0.1:61999 - R:localhost/127.0.0.1:65427]' for 'GET' to 'http://localhost:65427/session/160c2ffd9b11f437d6c154229b013dd8/screenshot'
20:37:09.501 [Forwarding screenshot on session 160c2ffd9b11f437d6c154229b013dd8 to remote] DEBUG org.asynchttpclient.netty.request.NettyRequestSender - Using open Channel [id: 0x1cda85f3, L:/127.0.0.1:61999 - R:localhost/127.0.0.1:65427] for GET '/session/160c2ffd9b11f437d6c154229b013dd8/screenshot'
20:37:09.831 [AsyncHttpClient-1-9] DEBUG org.asynchttpclient.netty.handler.HttpHandler - 

Request DefaultFullHttpRequest(decodeResult: success, version: HTTP/1.1, content: EmptyByteBufBE)
GET /session/160c2ffd9b11f437d6c154229b013dd8/screenshot HTTP/1.1
User-Agent: selenium/4.1.2 (java windows)
Cache-Control: no-cache
Content-Type: application/json; charset=utf-8
host: localhost:65427
accept: */*

Response DefaultHttpResponse(decodeResult: success, version: HTTP/1.1)
HTTP/1.1 200 OK
Content-Type: application/json; charset=utf-8
cache-control: no-cache
content-length: 355692

20:37:09.833 [AsyncHttpClient-1-9] DEBUG org.asynchttpclient.netty.channel.ChannelManager - Adding key: http://localhost:65427 for channel [id: 0x1cda85f3, L:/127.0.0.1:61999 - R:localhost/127.0.0.1:65427]
20:37:09.859 [main] DEBUG net.serenitybdd.core.photography.Darkroom - Send negative for processing for target\site\serenity\21ef4ac0b70d874431d0602a9dc7d17ab9898baaca045fbda36f1f83cc5e1f39.png
20:37:09.860 [main] DEBUG net.thucydides.core.steps.StepInterceptor - STARTING STEP: DokterDataSteps.iInputEditDokter - inputDataDokterEdit
20:37:09.864 [Forwarding findElement on session 160c2ffd9b11f437d6c154229b013dd8 to remote] DEBUG org.asynchttpclient.netty.request.NettyRequestSender - Using pooled Channel '[id: 0x1cda85f3, L:/127.0.0.1:61999 - R:localhost/127.0.0.1:65427]' for 'POST' to 'http://localhost:65427/session/160c2ffd9b11f437d6c154229b013dd8/element'
20:37:09.865 [Forwarding findElement on session 160c2ffd9b11f437d6c154229b013dd8 to remote] DEBUG org.asynchttpclient.netty.request.NettyRequestSender - Using open Channel [id: 0x1cda85f3, L:/127.0.0.1:61999 - R:localhost/127.0.0.1:65427] for POST '/session/160c2ffd9b11f437d6c154229b013dd8/element'
20:37:09.893 [AsyncHttpClient-1-9] DEBUG org.asynchttpclient.netty.handler.HttpHandler - 

Request DefaultHttpRequest(decodeResult: success, version: HTTP/1.1)
POST /session/160c2ffd9b11f437d6c154229b013dd8/element HTTP/1.1
User-Agent: selenium/4.1.2 (java windows)
Content-Length: 66
Content-Type: application/json; charset=utf-8
host: localhost:65427
accept: */*

Response DefaultHttpResponse(decodeResult: success, version: HTTP/1.1)
HTTP/1.1 200 OK
Content-Type: application/json; charset=utf-8
cache-control: no-cache
content-length: 88

20:37:09.893 [AsyncHttpClient-1-9] DEBUG org.asynchttpclient.netty.channel.ChannelManager - Adding key: http://localhost:65427 for channel [id: 0x1cda85f3, L:/127.0.0.1:61999 - R:localhost/127.0.0.1:65427]
20:37:09.896 [Forwarding sendKeysToElement on session 160c2ffd9b11f437d6c154229b013dd8 to remote] DEBUG org.asynchttpclient.netty.request.NettyRequestSender - Using pooled Channel '[id: 0x1cda85f3, L:/127.0.0.1:61999 - R:localhost/127.0.0.1:65427]' for 'POST' to 'http://localhost:65427/session/160c2ffd9b11f437d6c154229b013dd8/element/ac330dfb-9a71-4b4b-9a06-3f7d54969498/value'
20:37:09.896 [Forwarding sendKeysToElement on session 160c2ffd9b11f437d6c154229b013dd8 to remote] DEBUG org.asynchttpclient.netty.request.NettyRequestSender - Using open Channel [id: 0x1cda85f3, L:/127.0.0.1:61999 - R:localhost/127.0.0.1:65427] for POST '/session/160c2ffd9b11f437d6c154229b013dd8/element/ac330dfb-9a71-4b4b-9a06-3f7d54969498/value'
20:37:10.006 [AsyncHttpClient-1-1] DEBUG org.asynchttpclient.netty.channel.DefaultChannelPool - Entry count for : http://localhost:62000 : 1
20:37:10.256 [AsyncHttpClient-1-9] DEBUG org.asynchttpclient.netty.handler.HttpHandler - 

Request DefaultHttpRequest(decodeResult: success, version: HTTP/1.1)
POST /session/160c2ffd9b11f437d6c154229b013dd8/element/ac330dfb-9a71-4b4b-9a06-3f7d54969498/value HTTP/1.1
User-Agent: selenium/4.1.2 (java windows)
Content-Length: 169
Content-Type: application/json; charset=utf-8
host: localhost:65427
accept: */*

Response DefaultHttpResponse(decodeResult: success, version: HTTP/1.1)
HTTP/1.1 200 OK
Content-Type: application/json; charset=utf-8
cache-control: no-cache
content-length: 14

20:37:10.256 [AsyncHttpClient-1-9] DEBUG org.asynchttpclient.netty.channel.ChannelManager - Adding key: http://localhost:65427 for channel [id: 0x1cda85f3, L:/127.0.0.1:61999 - R:localhost/127.0.0.1:65427]
20:37:10.260 [Forwarding findElement on session 160c2ffd9b11f437d6c154229b013dd8 to remote] DEBUG org.asynchttpclient.netty.request.NettyRequestSender - Using pooled Channel '[id: 0x1cda85f3, L:/127.0.0.1:61999 - R:localhost/127.0.0.1:65427]' for 'POST' to 'http://localhost:65427/session/160c2ffd9b11f437d6c154229b013dd8/element'
20:37:10.261 [Forwarding findElement on session 160c2ffd9b11f437d6c154229b013dd8 to remote] DEBUG org.asynchttpclient.netty.request.NettyRequestSender - Using open Channel [id: 0x1cda85f3, L:/127.0.0.1:61999 - R:localhost/127.0.0.1:65427] for POST '/session/160c2ffd9b11f437d6c154229b013dd8/element'
20:37:10.276 [AsyncHttpClient-1-9] DEBUG org.asynchttpclient.netty.handler.HttpHandler - 

Request DefaultHttpRequest(decodeResult: success, version: HTTP/1.1)
POST /session/160c2ffd9b11f437d6c154229b013dd8/element HTTP/1.1
User-Agent: selenium/4.1.2 (java windows)
Content-Length: 66
Content-Type: application/json; charset=utf-8
host: localhost:65427
accept: */*

Response DefaultHttpResponse(decodeResult: success, version: HTTP/1.1)
HTTP/1.1 200 OK
Content-Type: application/json; charset=utf-8
cache-control: no-cache
content-length: 88

20:37:10.276 [AsyncHttpClient-1-9] DEBUG org.asynchttpclient.netty.channel.ChannelManager - Adding key: http://localhost:65427 for channel [id: 0x1cda85f3, L:/127.0.0.1:61999 - R:localhost/127.0.0.1:65427]
20:37:10.279 [Forwarding sendKeysToElement on session 160c2ffd9b11f437d6c154229b013dd8 to remote] DEBUG org.asynchttpclient.netty.request.NettyRequestSender - Using pooled Channel '[id: 0x1cda85f3, L:/127.0.0.1:61999 - R:localhost/127.0.0.1:65427]' for 'POST' to 'http://localhost:65427/session/160c2ffd9b11f437d6c154229b013dd8/element/ac330dfb-9a71-4b4b-9a06-3f7d54969498/value'
20:37:10.279 [Forwarding sendKeysToElement on session 160c2ffd9b11f437d6c154229b013dd8 to remote] DEBUG org.asynchttpclient.netty.request.NettyRequestSender - Using open Channel [id: 0x1cda85f3, L:/127.0.0.1:61999 - R:localhost/127.0.0.1:65427] for POST '/session/160c2ffd9b11f437d6c154229b013dd8/element/ac330dfb-9a71-4b4b-9a06-3f7d54969498/value'
20:37:10.474 [AsyncHttpClient-1-9] DEBUG org.asynchttpclient.netty.handler.HttpHandler - 

Request DefaultHttpRequest(decodeResult: success, version: HTTP/1.1)
POST /session/160c2ffd9b11f437d6c154229b013dd8/element/ac330dfb-9a71-4b4b-9a06-3f7d54969498/value HTTP/1.1
User-Agent: selenium/4.1.2 (java windows)
Content-Length: 131
Content-Type: application/json; charset=utf-8
host: localhost:65427
accept: */*

Response DefaultHttpResponse(decodeResult: success, version: HTTP/1.1)
HTTP/1.1 200 OK
Content-Type: application/json; charset=utf-8
cache-control: no-cache
content-length: 14

20:37:10.475 [AsyncHttpClient-1-9] DEBUG org.asynchttpclient.netty.channel.ChannelManager - Adding key: http://localhost:65427 for channel [id: 0x1cda85f3, L:/127.0.0.1:61999 - R:localhost/127.0.0.1:65427]
20:37:10.480 [Forwarding findElement on session 160c2ffd9b11f437d6c154229b013dd8 to remote] DEBUG org.asynchttpclient.netty.request.NettyRequestSender - Using pooled Channel '[id: 0x1cda85f3, L:/127.0.0.1:61999 - R:localhost/127.0.0.1:65427]' for 'POST' to 'http://localhost:65427/session/160c2ffd9b11f437d6c154229b013dd8/element'
20:37:10.480 [Forwarding findElement on session 160c2ffd9b11f437d6c154229b013dd8 to remote] DEBUG org.asynchttpclient.netty.request.NettyRequestSender - Using open Channel [id: 0x1cda85f3, L:/127.0.0.1:61999 - R:localhost/127.0.0.1:65427] for POST '/session/160c2ffd9b11f437d6c154229b013dd8/element'
20:37:10.511 [AsyncHttpClient-1-9] DEBUG org.asynchttpclient.netty.handler.HttpHandler - 

Request DefaultHttpRequest(decodeResult: success, version: HTTP/1.1)
POST /session/160c2ffd9b11f437d6c154229b013dd8/element HTTP/1.1
User-Agent: selenium/4.1.2 (java windows)
Content-Length: 65
Content-Type: application/json; charset=utf-8
host: localhost:65427
accept: */*

Response DefaultHttpResponse(decodeResult: success, version: HTTP/1.1)
HTTP/1.1 200 OK
Content-Type: application/json; charset=utf-8
cache-control: no-cache
content-length: 88

20:37:10.511 [AsyncHttpClient-1-9] DEBUG org.asynchttpclient.netty.channel.ChannelManager - Adding key: http://localhost:65427 for channel [id: 0x1cda85f3, L:/127.0.0.1:61999 - R:localhost/127.0.0.1:65427]
20:37:10.514 [Forwarding sendKeysToElement on session 160c2ffd9b11f437d6c154229b013dd8 to remote] DEBUG org.asynchttpclient.netty.request.NettyRequestSender - Using pooled Channel '[id: 0x1cda85f3, L:/127.0.0.1:61999 - R:localhost/127.0.0.1:65427]' for 'POST' to 'http://localhost:65427/session/160c2ffd9b11f437d6c154229b013dd8/element/fdd943dd-cb5f-4b4a-82db-d229b3273256/value'
20:37:10.514 [Forwarding sendKeysToElement on session 160c2ffd9b11f437d6c154229b013dd8 to remote] DEBUG org.asynchttpclient.netty.request.NettyRequestSender - Using open Channel [id: 0x1cda85f3, L:/127.0.0.1:61999 - R:localhost/127.0.0.1:65427] for POST '/session/160c2ffd9b11f437d6c154229b013dd8/element/fdd943dd-cb5f-4b4a-82db-d229b3273256/value'
20:37:10.802 [AsyncHttpClient-1-9] DEBUG org.asynchttpclient.netty.handler.HttpHandler - 

Request DefaultHttpRequest(decodeResult: success, version: HTTP/1.1)
POST /session/160c2ffd9b11f437d6c154229b013dd8/element/fdd943dd-cb5f-4b4a-82db-d229b3273256/value HTTP/1.1
User-Agent: selenium/4.1.2 (java windows)
Content-Length: 169
Content-Type: application/json; charset=utf-8
host: localhost:65427
accept: */*

Response DefaultHttpResponse(decodeResult: success, version: HTTP/1.1)
HTTP/1.1 200 OK
Content-Type: application/json; charset=utf-8
cache-control: no-cache
content-length: 14

20:37:10.802 [AsyncHttpClient-1-9] DEBUG org.asynchttpclient.netty.channel.ChannelManager - Adding key: http://localhost:65427 for channel [id: 0x1cda85f3, L:/127.0.0.1:61999 - R:localhost/127.0.0.1:65427]
20:37:10.807 [Forwarding findElement on session 160c2ffd9b11f437d6c154229b013dd8 to remote] DEBUG org.asynchttpclient.netty.request.NettyRequestSender - Using pooled Channel '[id: 0x1cda85f3, L:/127.0.0.1:61999 - R:localhost/127.0.0.1:65427]' for 'POST' to 'http://localhost:65427/session/160c2ffd9b11f437d6c154229b013dd8/element'
20:37:10.808 [Forwarding findElement on session 160c2ffd9b11f437d6c154229b013dd8 to remote] DEBUG org.asynchttpclient.netty.request.NettyRequestSender - Using open Channel [id: 0x1cda85f3, L:/127.0.0.1:61999 - R:localhost/127.0.0.1:65427] for POST '/session/160c2ffd9b11f437d6c154229b013dd8/element'
20:37:10.824 [AsyncHttpClient-1-9] DEBUG org.asynchttpclient.netty.handler.HttpHandler - 

Request DefaultHttpRequest(decodeResult: success, version: HTTP/1.1)
POST /session/160c2ffd9b11f437d6c154229b013dd8/element HTTP/1.1
User-Agent: selenium/4.1.2 (java windows)
Content-Length: 65
Content-Type: application/json; charset=utf-8
host: localhost:65427
accept: */*

Response DefaultHttpResponse(decodeResult: success, version: HTTP/1.1)
HTTP/1.1 200 OK
Content-Type: application/json; charset=utf-8
cache-control: no-cache
content-length: 88

20:37:10.824 [AsyncHttpClient-1-9] DEBUG org.asynchttpclient.netty.channel.ChannelManager - Adding key: http://localhost:65427 for channel [id: 0x1cda85f3, L:/127.0.0.1:61999 - R:localhost/127.0.0.1:65427]
20:37:10.827 [Forwarding sendKeysToElement on session 160c2ffd9b11f437d6c154229b013dd8 to remote] DEBUG org.asynchttpclient.netty.request.NettyRequestSender - Using pooled Channel '[id: 0x1cda85f3, L:/127.0.0.1:61999 - R:localhost/127.0.0.1:65427]' for 'POST' to 'http://localhost:65427/session/160c2ffd9b11f437d6c154229b013dd8/element/fdd943dd-cb5f-4b4a-82db-d229b3273256/value'
20:37:10.827 [Forwarding sendKeysToElement on session 160c2ffd9b11f437d6c154229b013dd8 to remote] DEBUG org.asynchttpclient.netty.request.NettyRequestSender - Using open Channel [id: 0x1cda85f3, L:/127.0.0.1:61999 - R:localhost/127.0.0.1:65427] for POST '/session/160c2ffd9b11f437d6c154229b013dd8/element/fdd943dd-cb5f-4b4a-82db-d229b3273256/value'
20:37:11.013 [AsyncHttpClient-1-9] DEBUG org.asynchttpclient.netty.handler.HttpHandler - 

Request DefaultHttpRequest(decodeResult: success, version: HTTP/1.1)
POST /session/160c2ffd9b11f437d6c154229b013dd8/element/fdd943dd-cb5f-4b4a-82db-d229b3273256/value HTTP/1.1
User-Agent: selenium/4.1.2 (java windows)
Content-Length: 131
Content-Type: application/json; charset=utf-8
host: localhost:65427
accept: */*

Response DefaultHttpResponse(decodeResult: success, version: HTTP/1.1)
HTTP/1.1 200 OK
Content-Type: application/json; charset=utf-8
cache-control: no-cache
content-length: 14

20:37:11.013 [AsyncHttpClient-1-9] DEBUG org.asynchttpclient.netty.channel.ChannelManager - Adding key: http://localhost:65427 for channel [id: 0x1cda85f3, L:/127.0.0.1:61999 - R:localhost/127.0.0.1:65427]
20:37:11.021 [Forwarding findElement on session 160c2ffd9b11f437d6c154229b013dd8 to remote] DEBUG org.asynchttpclient.netty.request.NettyRequestSender - Using pooled Channel '[id: 0x1cda85f3, L:/127.0.0.1:61999 - R:localhost/127.0.0.1:65427]' for 'POST' to 'http://localhost:65427/session/160c2ffd9b11f437d6c154229b013dd8/element'
20:37:11.021 [Forwarding findElement on session 160c2ffd9b11f437d6c154229b013dd8 to remote] DEBUG org.asynchttpclient.netty.request.NettyRequestSender - Using open Channel [id: 0x1cda85f3, L:/127.0.0.1:61999 - R:localhost/127.0.0.1:65427] for POST '/session/160c2ffd9b11f437d6c154229b013dd8/element'
20:37:11.050 [AsyncHttpClient-1-9] DEBUG org.asynchttpclient.netty.handler.HttpHandler - 

Request DefaultHttpRequest(decodeResult: success, version: HTTP/1.1)
POST /session/160c2ffd9b11f437d6c154229b013dd8/element HTTP/1.1
User-Agent: selenium/4.1.2 (java windows)
Content-Length: 71
Content-Type: application/json; charset=utf-8
host: localhost:65427
accept: */*

Response DefaultHttpResponse(decodeResult: success, version: HTTP/1.1)
HTTP/1.1 200 OK
Content-Type: application/json; charset=utf-8
cache-control: no-cache
content-length: 88

20:37:11.051 [AsyncHttpClient-1-9] DEBUG org.asynchttpclient.netty.channel.ChannelManager - Adding key: http://localhost:65427 for channel [id: 0x1cda85f3, L:/127.0.0.1:61999 - R:localhost/127.0.0.1:65427]
20:37:11.053 [Forwarding sendKeysToElement on session 160c2ffd9b11f437d6c154229b013dd8 to remote] DEBUG org.asynchttpclient.netty.request.NettyRequestSender - Using pooled Channel '[id: 0x1cda85f3, L:/127.0.0.1:61999 - R:localhost/127.0.0.1:65427]' for 'POST' to 'http://localhost:65427/session/160c2ffd9b11f437d6c154229b013dd8/element/6bf25a11-44ef-4b6b-b7c6-8f29c9393f47/value'
20:37:11.053 [Forwarding sendKeysToElement on session 160c2ffd9b11f437d6c154229b013dd8 to remote] DEBUG org.asynchttpclient.netty.request.NettyRequestSender - Using open Channel [id: 0x1cda85f3, L:/127.0.0.1:61999 - R:localhost/127.0.0.1:65427] for POST '/session/160c2ffd9b11f437d6c154229b013dd8/element/6bf25a11-44ef-4b6b-b7c6-8f29c9393f47/value'
20:37:11.090 [AsyncHttpClient-1-1] DEBUG org.asynchttpclient.netty.channel.DefaultChannelPool - Entry count for : http://localhost:62000 : 1
20:37:11.506 [AsyncHttpClient-1-9] DEBUG org.asynchttpclient.netty.handler.HttpHandler - 

Request DefaultHttpRequest(decodeResult: success, version: HTTP/1.1)
POST /session/160c2ffd9b11f437d6c154229b013dd8/element/6bf25a11-44ef-4b6b-b7c6-8f29c9393f47/value HTTP/1.1
User-Agent: selenium/4.1.2 (java windows)
Content-Length: 229
Content-Type: application/json; charset=utf-8
host: localhost:65427
accept: */*

Response DefaultHttpResponse(decodeResult: success, version: HTTP/1.1)
HTTP/1.1 200 OK
Content-Type: application/json; charset=utf-8
cache-control: no-cache
content-length: 14

20:37:11.507 [AsyncHttpClient-1-9] DEBUG org.asynchttpclient.netty.channel.ChannelManager - Adding key: http://localhost:65427 for channel [id: 0x1cda85f3, L:/127.0.0.1:61999 - R:localhost/127.0.0.1:65427]
20:37:11.511 [Forwarding findElement on session 160c2ffd9b11f437d6c154229b013dd8 to remote] DEBUG org.asynchttpclient.netty.request.NettyRequestSender - Using pooled Channel '[id: 0x1cda85f3, L:/127.0.0.1:61999 - R:localhost/127.0.0.1:65427]' for 'POST' to 'http://localhost:65427/session/160c2ffd9b11f437d6c154229b013dd8/element'
20:37:11.511 [Forwarding findElement on session 160c2ffd9b11f437d6c154229b013dd8 to remote] DEBUG org.asynchttpclient.netty.request.NettyRequestSender - Using open Channel [id: 0x1cda85f3, L:/127.0.0.1:61999 - R:localhost/127.0.0.1:65427] for POST '/session/160c2ffd9b11f437d6c154229b013dd8/element'
20:37:11.527 [AsyncHttpClient-1-9] DEBUG org.asynchttpclient.netty.handler.HttpHandler - 

Request DefaultHttpRequest(decodeResult: success, version: HTTP/1.1)
POST /session/160c2ffd9b11f437d6c154229b013dd8/element HTTP/1.1
User-Agent: selenium/4.1.2 (java windows)
Content-Length: 71
Content-Type: application/json; charset=utf-8
host: localhost:65427
accept: */*

Response DefaultHttpResponse(decodeResult: success, version: HTTP/1.1)
HTTP/1.1 200 OK
Content-Type: application/json; charset=utf-8
cache-control: no-cache
content-length: 88

20:37:11.527 [AsyncHttpClient-1-9] DEBUG org.asynchttpclient.netty.channel.ChannelManager - Adding key: http://localhost:65427 for channel [id: 0x1cda85f3, L:/127.0.0.1:61999 - R:localhost/127.0.0.1:65427]
20:37:11.529 [Forwarding sendKeysToElement on session 160c2ffd9b11f437d6c154229b013dd8 to remote] DEBUG org.asynchttpclient.netty.request.NettyRequestSender - Using pooled Channel '[id: 0x1cda85f3, L:/127.0.0.1:61999 - R:localhost/127.0.0.1:65427]' for 'POST' to 'http://localhost:65427/session/160c2ffd9b11f437d6c154229b013dd8/element/6bf25a11-44ef-4b6b-b7c6-8f29c9393f47/value'
20:37:11.529 [Forwarding sendKeysToElement on session 160c2ffd9b11f437d6c154229b013dd8 to remote] DEBUG org.asynchttpclient.netty.request.NettyRequestSender - Using open Channel [id: 0x1cda85f3, L:/127.0.0.1:61999 - R:localhost/127.0.0.1:65427] for POST '/session/160c2ffd9b11f437d6c154229b013dd8/element/6bf25a11-44ef-4b6b-b7c6-8f29c9393f47/value'
20:37:11.829 [AsyncHttpClient-1-9] DEBUG org.asynchttpclient.netty.handler.HttpHandler - 

Request DefaultHttpRequest(decodeResult: success, version: HTTP/1.1)
POST /session/160c2ffd9b11f437d6c154229b013dd8/element/6bf25a11-44ef-4b6b-b7c6-8f29c9393f47/value HTTP/1.1
User-Agent: selenium/4.1.2 (java windows)
Content-Length: 191
Content-Type: application/json; charset=utf-8
host: localhost:65427
accept: */*

Response DefaultHttpResponse(decodeResult: success, version: HTTP/1.1)
HTTP/1.1 200 OK
Content-Type: application/json; charset=utf-8
cache-control: no-cache
content-length: 14

20:37:11.830 [AsyncHttpClient-1-9] DEBUG org.asynchttpclient.netty.channel.ChannelManager - Adding key: http://localhost:65427 for channel [id: 0x1cda85f3, L:/127.0.0.1:61999 - R:localhost/127.0.0.1:65427]
20:37:11.834 [Forwarding findElement on session 160c2ffd9b11f437d6c154229b013dd8 to remote] DEBUG org.asynchttpclient.netty.request.NettyRequestSender - Using pooled Channel '[id: 0x1cda85f3, L:/127.0.0.1:61999 - R:localhost/127.0.0.1:65427]' for 'POST' to 'http://localhost:65427/session/160c2ffd9b11f437d6c154229b013dd8/element'
20:37:11.834 [Forwarding findElement on session 160c2ffd9b11f437d6c154229b013dd8 to remote] DEBUG org.asynchttpclient.netty.request.NettyRequestSender - Using open Channel [id: 0x1cda85f3, L:/127.0.0.1:61999 - R:localhost/127.0.0.1:65427] for POST '/session/160c2ffd9b11f437d6c154229b013dd8/element'
20:37:11.863 [AsyncHttpClient-1-9] DEBUG org.asynchttpclient.netty.handler.HttpHandler - 

Request DefaultHttpRequest(decodeResult: success, version: HTTP/1.1)
POST /session/160c2ffd9b11f437d6c154229b013dd8/element HTTP/1.1
User-Agent: selenium/4.1.2 (java windows)
Content-Length: 166
Content-Type: application/json; charset=utf-8
host: localhost:65427
accept: */*

Response DefaultHttpResponse(decodeResult: success, version: HTTP/1.1)
HTTP/1.1 200 OK
Content-Type: application/json; charset=utf-8
cache-control: no-cache
content-length: 88

20:37:11.863 [AsyncHttpClient-1-9] DEBUG org.asynchttpclient.netty.channel.ChannelManager - Adding key: http://localhost:65427 for channel [id: 0x1cda85f3, L:/127.0.0.1:61999 - R:localhost/127.0.0.1:65427]
20:37:11.866 [Forwarding sendKeysToElement on session 160c2ffd9b11f437d6c154229b013dd8 to remote] DEBUG org.asynchttpclient.netty.request.NettyRequestSender - Using pooled Channel '[id: 0x1cda85f3, L:/127.0.0.1:61999 - R:localhost/127.0.0.1:65427]' for 'POST' to 'http://localhost:65427/session/160c2ffd9b11f437d6c154229b013dd8/element/46e345e6-59ef-4b3c-b449-76262f7e556c/value'
20:37:11.866 [Forwarding sendKeysToElement on session 160c2ffd9b11f437d6c154229b013dd8 to remote] DEBUG org.asynchttpclient.netty.request.NettyRequestSender - Using open Channel [id: 0x1cda85f3, L:/127.0.0.1:61999 - R:localhost/127.0.0.1:65427] for POST '/session/160c2ffd9b11f437d6c154229b013dd8/element/46e345e6-59ef-4b3c-b449-76262f7e556c/value'
20:37:12.191 [AsyncHttpClient-1-1] DEBUG org.asynchttpclient.netty.channel.DefaultChannelPool - Entry count for : http://localhost:62000 : 1
20:37:12.216 [AsyncHttpClient-1-9] DEBUG org.asynchttpclient.netty.handler.HttpHandler - 

Request DefaultHttpRequest(decodeResult: success, version: HTTP/1.1)
POST /session/160c2ffd9b11f437d6c154229b013dd8/element/46e345e6-59ef-4b3c-b449-76262f7e556c/value HTTP/1.1
User-Agent: selenium/4.1.2 (java windows)
Content-Length: 219
Content-Type: application/json; charset=utf-8
host: localhost:65427
accept: */*

Response DefaultHttpResponse(decodeResult: success, version: HTTP/1.1)
HTTP/1.1 200 OK
Content-Type: application/json; charset=utf-8
cache-control: no-cache
content-length: 14

20:37:12.217 [AsyncHttpClient-1-9] DEBUG org.asynchttpclient.netty.channel.ChannelManager - Adding key: http://localhost:65427 for channel [id: 0x1cda85f3, L:/127.0.0.1:61999 - R:localhost/127.0.0.1:65427]
20:37:12.225 [Forwarding findElement on session 160c2ffd9b11f437d6c154229b013dd8 to remote] DEBUG org.asynchttpclient.netty.request.NettyRequestSender - Using pooled Channel '[id: 0x1cda85f3, L:/127.0.0.1:61999 - R:localhost/127.0.0.1:65427]' for 'POST' to 'http://localhost:65427/session/160c2ffd9b11f437d6c154229b013dd8/element'
20:37:12.225 [Forwarding findElement on session 160c2ffd9b11f437d6c154229b013dd8 to remote] DEBUG org.asynchttpclient.netty.request.NettyRequestSender - Using open Channel [id: 0x1cda85f3, L:/127.0.0.1:61999 - R:localhost/127.0.0.1:65427] for POST '/session/160c2ffd9b11f437d6c154229b013dd8/element'
20:37:12.241 [AsyncHttpClient-1-9] DEBUG org.asynchttpclient.netty.handler.HttpHandler - 

Request DefaultHttpRequest(decodeResult: success, version: HTTP/1.1)
POST /session/160c2ffd9b11f437d6c154229b013dd8/element HTTP/1.1
User-Agent: selenium/4.1.2 (java windows)
Content-Length: 166
Content-Type: application/json; charset=utf-8
host: localhost:65427
accept: */*

Response DefaultHttpResponse(decodeResult: success, version: HTTP/1.1)
HTTP/1.1 200 OK
Content-Type: application/json; charset=utf-8
cache-control: no-cache
content-length: 88

20:37:12.241 [AsyncHttpClient-1-9] DEBUG org.asynchttpclient.netty.channel.ChannelManager - Adding key: http://localhost:65427 for channel [id: 0x1cda85f3, L:/127.0.0.1:61999 - R:localhost/127.0.0.1:65427]
20:37:12.244 [Forwarding sendKeysToElement on session 160c2ffd9b11f437d6c154229b013dd8 to remote] DEBUG org.asynchttpclient.netty.request.NettyRequestSender - Using pooled Channel '[id: 0x1cda85f3, L:/127.0.0.1:61999 - R:localhost/127.0.0.1:65427]' for 'POST' to 'http://localhost:65427/session/160c2ffd9b11f437d6c154229b013dd8/element/46e345e6-59ef-4b3c-b449-76262f7e556c/value'
20:37:12.244 [Forwarding sendKeysToElement on session 160c2ffd9b11f437d6c154229b013dd8 to remote] DEBUG org.asynchttpclient.netty.request.NettyRequestSender - Using open Channel [id: 0x1cda85f3, L:/127.0.0.1:61999 - R:localhost/127.0.0.1:65427] for POST '/session/160c2ffd9b11f437d6c154229b013dd8/element/46e345e6-59ef-4b3c-b449-76262f7e556c/value'
20:37:12.594 [AsyncHttpClient-1-9] DEBUG org.asynchttpclient.netty.handler.HttpHandler - 

Request DefaultHttpRequest(decodeResult: success, version: HTTP/1.1)
POST /session/160c2ffd9b11f437d6c154229b013dd8/element/46e345e6-59ef-4b3c-b449-76262f7e556c/value HTTP/1.1
User-Agent: selenium/4.1.2 (java windows)
Content-Length: 181
Content-Type: application/json; charset=utf-8
host: localhost:65427
accept: */*

Response DefaultHttpResponse(decodeResult: success, version: HTTP/1.1)
HTTP/1.1 200 OK
Content-Type: application/json; charset=utf-8
cache-control: no-cache
content-length: 14

20:37:12.594 [AsyncHttpClient-1-9] DEBUG org.asynchttpclient.netty.channel.ChannelManager - Adding key: http://localhost:65427 for channel [id: 0x1cda85f3, L:/127.0.0.1:61999 - R:localhost/127.0.0.1:65427]
20:37:12.599 [Forwarding findElement on session 160c2ffd9b11f437d6c154229b013dd8 to remote] DEBUG org.asynchttpclient.netty.request.NettyRequestSender - Using pooled Channel '[id: 0x1cda85f3, L:/127.0.0.1:61999 - R:localhost/127.0.0.1:65427]' for 'POST' to 'http://localhost:65427/session/160c2ffd9b11f437d6c154229b013dd8/element'
20:37:12.599 [Forwarding findElement on session 160c2ffd9b11f437d6c154229b013dd8 to remote] DEBUG org.asynchttpclient.netty.request.NettyRequestSender - Using open Channel [id: 0x1cda85f3, L:/127.0.0.1:61999 - R:localhost/127.0.0.1:65427] for POST '/session/160c2ffd9b11f437d6c154229b013dd8/element'
20:37:12.637 [AsyncHttpClient-1-9] DEBUG org.asynchttpclient.netty.handler.HttpHandler - 

Request DefaultHttpRequest(decodeResult: success, version: HTTP/1.1)
POST /session/160c2ffd9b11f437d6c154229b013dd8/element HTTP/1.1
User-Agent: selenium/4.1.2 (java windows)
Content-Length: 70
Content-Type: application/json; charset=utf-8
host: localhost:65427
accept: */*

Response DefaultHttpResponse(decodeResult: success, version: HTTP/1.1)
HTTP/1.1 200 OK
Content-Type: application/json; charset=utf-8
cache-control: no-cache
content-length: 88

20:37:12.637 [AsyncHttpClient-1-9] DEBUG org.asynchttpclient.netty.channel.ChannelManager - Adding key: http://localhost:65427 for channel [id: 0x1cda85f3, L:/127.0.0.1:61999 - R:localhost/127.0.0.1:65427]
20:37:12.637 [Forwarding sendKeysToElement on session 160c2ffd9b11f437d6c154229b013dd8 to remote] DEBUG org.asynchttpclient.netty.request.NettyRequestSender - Using pooled Channel '[id: 0x1cda85f3, L:/127.0.0.1:61999 - R:localhost/127.0.0.1:65427]' for 'POST' to 'http://localhost:65427/session/160c2ffd9b11f437d6c154229b013dd8/element/82079d67-7a68-4251-b1d2-f22a97b20bc6/value'
20:37:12.637 [Forwarding sendKeysToElement on session 160c2ffd9b11f437d6c154229b013dd8 to remote] DEBUG org.asynchttpclient.netty.request.NettyRequestSender - Using open Channel [id: 0x1cda85f3, L:/127.0.0.1:61999 - R:localhost/127.0.0.1:65427] for POST '/session/160c2ffd9b11f437d6c154229b013dd8/element/82079d67-7a68-4251-b1d2-f22a97b20bc6/value'
20:37:13.114 [AsyncHttpClient-1-9] DEBUG org.asynchttpclient.netty.handler.HttpHandler - 

Request DefaultHttpRequest(decodeResult: success, version: HTTP/1.1)
POST /session/160c2ffd9b11f437d6c154229b013dd8/element/82079d67-7a68-4251-b1d2-f22a97b20bc6/value HTTP/1.1
User-Agent: selenium/4.1.2 (java windows)
Content-Length: 219
Content-Type: application/json; charset=utf-8
host: localhost:65427
accept: */*

Response DefaultHttpResponse(decodeResult: success, version: HTTP/1.1)
HTTP/1.1 200 OK
Content-Type: application/json; charset=utf-8
cache-control: no-cache
content-length: 14

20:37:13.114 [AsyncHttpClient-1-9] DEBUG org.asynchttpclient.netty.channel.ChannelManager - Adding key: http://localhost:65427 for channel [id: 0x1cda85f3, L:/127.0.0.1:61999 - R:localhost/127.0.0.1:65427]
20:37:13.119 [Forwarding findElement on session 160c2ffd9b11f437d6c154229b013dd8 to remote] DEBUG org.asynchttpclient.netty.request.NettyRequestSender - Using pooled Channel '[id: 0x1cda85f3, L:/127.0.0.1:61999 - R:localhost/127.0.0.1:65427]' for 'POST' to 'http://localhost:65427/session/160c2ffd9b11f437d6c154229b013dd8/element'
20:37:13.119 [Forwarding findElement on session 160c2ffd9b11f437d6c154229b013dd8 to remote] DEBUG org.asynchttpclient.netty.request.NettyRequestSender - Using open Channel [id: 0x1cda85f3, L:/127.0.0.1:61999 - R:localhost/127.0.0.1:65427] for POST '/session/160c2ffd9b11f437d6c154229b013dd8/element'
20:37:13.136 [AsyncHttpClient-1-9] DEBUG org.asynchttpclient.netty.handler.HttpHandler - 

Request DefaultHttpRequest(decodeResult: success, version: HTTP/1.1)
POST /session/160c2ffd9b11f437d6c154229b013dd8/element HTTP/1.1
User-Agent: selenium/4.1.2 (java windows)
Content-Length: 70
Content-Type: application/json; charset=utf-8
host: localhost:65427
accept: */*

Response DefaultHttpResponse(decodeResult: success, version: HTTP/1.1)
HTTP/1.1 200 OK
Content-Type: application/json; charset=utf-8
cache-control: no-cache
content-length: 88

20:37:13.136 [AsyncHttpClient-1-9] DEBUG org.asynchttpclient.netty.channel.ChannelManager - Adding key: http://localhost:65427 for channel [id: 0x1cda85f3, L:/127.0.0.1:61999 - R:localhost/127.0.0.1:65427]
20:37:13.138 [Forwarding sendKeysToElement on session 160c2ffd9b11f437d6c154229b013dd8 to remote] DEBUG org.asynchttpclient.netty.request.NettyRequestSender - Using pooled Channel '[id: 0x1cda85f3, L:/127.0.0.1:61999 - R:localhost/127.0.0.1:65427]' for 'POST' to 'http://localhost:65427/session/160c2ffd9b11f437d6c154229b013dd8/element/82079d67-7a68-4251-b1d2-f22a97b20bc6/value'
20:37:13.139 [Forwarding sendKeysToElement on session 160c2ffd9b11f437d6c154229b013dd8 to remote] DEBUG org.asynchttpclient.netty.request.NettyRequestSender - Using open Channel [id: 0x1cda85f3, L:/127.0.0.1:61999 - R:localhost/127.0.0.1:65427] for POST '/session/160c2ffd9b11f437d6c154229b013dd8/element/82079d67-7a68-4251-b1d2-f22a97b20bc6/value'
20:37:13.298 [AsyncHttpClient-1-1] DEBUG org.asynchttpclient.netty.channel.DefaultChannelPool - Entry count for : http://localhost:62000 : 1
20:37:13.448 [AsyncHttpClient-1-9] DEBUG org.asynchttpclient.netty.handler.HttpHandler - 

Request DefaultHttpRequest(decodeResult: success, version: HTTP/1.1)
POST /session/160c2ffd9b11f437d6c154229b013dd8/element/82079d67-7a68-4251-b1d2-f22a97b20bc6/value HTTP/1.1
User-Agent: selenium/4.1.2 (java windows)
Content-Length: 181
Content-Type: application/json; charset=utf-8
host: localhost:65427
accept: */*

Response DefaultHttpResponse(decodeResult: success, version: HTTP/1.1)
HTTP/1.1 200 OK
Content-Type: application/json; charset=utf-8
cache-control: no-cache
content-length: 14

20:37:13.448 [AsyncHttpClient-1-9] DEBUG org.asynchttpclient.netty.channel.ChannelManager - Adding key: http://localhost:65427 for channel [id: 0x1cda85f3, L:/127.0.0.1:61999 - R:localhost/127.0.0.1:65427]
20:37:13.461 [Forwarding screenshot on session 160c2ffd9b11f437d6c154229b013dd8 to remote] DEBUG org.asynchttpclient.netty.request.NettyRequestSender - Using pooled Channel '[id: 0x1cda85f3, L:/127.0.0.1:61999 - R:localhost/127.0.0.1:65427]' for 'GET' to 'http://localhost:65427/session/160c2ffd9b11f437d6c154229b013dd8/screenshot'
20:37:13.461 [Forwarding screenshot on session 160c2ffd9b11f437d6c154229b013dd8 to remote] DEBUG org.asynchttpclient.netty.request.NettyRequestSender - Using open Channel [id: 0x1cda85f3, L:/127.0.0.1:61999 - R:localhost/127.0.0.1:65427] for GET '/session/160c2ffd9b11f437d6c154229b013dd8/screenshot'
20:37:13.837 [AsyncHttpClient-1-9] DEBUG org.asynchttpclient.netty.handler.HttpHandler - 

Request DefaultFullHttpRequest(decodeResult: success, version: HTTP/1.1, content: EmptyByteBufBE)
GET /session/160c2ffd9b11f437d6c154229b013dd8/screenshot HTTP/1.1
User-Agent: selenium/4.1.2 (java windows)
Cache-Control: no-cache
Content-Type: application/json; charset=utf-8
host: localhost:65427
accept: */*

Response DefaultHttpResponse(decodeResult: success, version: HTTP/1.1)
HTTP/1.1 200 OK
Content-Type: application/json; charset=utf-8
cache-control: no-cache
content-length: 357744

20:37:13.839 [AsyncHttpClient-1-9] DEBUG org.asynchttpclient.netty.channel.ChannelManager - Adding key: http://localhost:65427 for channel [id: 0x1cda85f3, L:/127.0.0.1:61999 - R:localhost/127.0.0.1:65427]
20:37:13.876 [main] DEBUG net.serenitybdd.core.photography.Darkroom - Send negative for processing for target\site\serenity\51fcfb5f3493f33f8e80ba88988c4a37b611f3ca55e1bf806236a68db46ddc80.png
20:37:13.877 [main] DEBUG net.thucydides.core.steps.StepInterceptor - STEP DONE: inputDataDokterEdit
  &amp#27;[32mThen &amp#27;[0m&amp#27;[32mI input edit &amp#27;[0m&amp#27;[32m&amp#27;[1m"Bagas"&amp#27;[0m&amp#27;[32m &amp#27;[0m&amp#27;[32m&amp#27;[1m"12344"&amp#27;[0m&amp#27;[32m &amp#27;[0m&amp#27;[32m&amp#27;[1m"00990112122"&amp#27;[0m&amp#27;[32m &amp#27;[0m&amp#27;[32m&amp#27;[1m"BagasBedah"&amp#27;[0m&amp#27;[32m &amp#27;[0m&amp#27;[32m&amp#27;[1m"BagasBedah"&amp#27;[0m&amp#27;[32m dokter&amp#27;[0m &amp#27;[90m# starter.stepdefinitios.DokterDataSteps.iInputEditDokter(java.lang.String,java.lang.String,java.lang.String,java.lang.String,java.lang.String)&amp#27;[0m
20:37:13.884 [Darkroom Processing Line] DEBUG net.serenitybdd.core.photography.DarkroomProcessingLine - Processing screenshot image in /var/screenshots/screenshot-2503596437113929420
20:37:13.884 [Darkroom Processing Line] DEBUG net.serenitybdd.core.photography.DarkroomProcessingLine - Saving screenshot to target\site\serenity\51fcfb5f3493f33f8e80ba88988c4a37b611f3ca55e1bf806236a68db46ddc80.png
20:37:13.938 [Forwarding screenshot on session 160c2ffd9b11f437d6c154229b013dd8 to remote] DEBUG org.asynchttpclient.netty.request.NettyRequestSender - Using pooled Channel '[id: 0x1cda85f3, L:/127.0.0.1:61999 - R:localhost/127.0.0.1:65427]' for 'GET' to 'http://localhost:65427/session/160c2ffd9b11f437d6c154229b013dd8/screenshot'
20:37:13.938 [Forwarding screenshot on session 160c2ffd9b11f437d6c154229b013dd8 to remote] DEBUG org.asynchttpclient.netty.request.NettyRequestSender - Using open Channel [id: 0x1cda85f3, L:/127.0.0.1:61999 - R:localhost/127.0.0.1:65427] for GET '/session/160c2ffd9b11f437d6c154229b013dd8/screenshot'
20:37:14.332 [AsyncHttpClient-1-9] DEBUG org.asynchttpclient.netty.handler.HttpHandler - 

Request DefaultFullHttpRequest(decodeResult: success, version: HTTP/1.1, content: EmptyByteBufBE)
GET /session/160c2ffd9b11f437d6c154229b013dd8/screenshot HTTP/1.1
User-Agent: selenium/4.1.2 (java windows)
Cache-Control: no-cache
Content-Type: application/json; charset=utf-8
host: localhost:65427
accept: */*

Response DefaultHttpResponse(decodeResult: success, version: HTTP/1.1)
HTTP/1.1 200 OK
Content-Type: application/json; charset=utf-8
cache-control: no-cache
content-length: 357732

20:37:14.334 [AsyncHttpClient-1-9] DEBUG org.asynchttpclient.netty.channel.ChannelManager - Adding key: http://localhost:65427 for channel [id: 0x1cda85f3, L:/127.0.0.1:61999 - R:localhost/127.0.0.1:65427]
20:37:14.366 [main] DEBUG net.serenitybdd.core.photography.Darkroom - Send negative for processing for target\site\serenity\2c6fe40939a96f1b77f39f8502ba1686491390d3b8bf295859d4d37e580a8bfd.png
20:37:14.367 [main] DEBUG net.thucydides.core.steps.StepInterceptor - STARTING STEP: PatientDataSteps.clickButtonSimpan - clickButtonSave
20:37:14.371 [Darkroom Processing Line] DEBUG net.serenitybdd.core.photography.DarkroomProcessingLine - Processing screenshot image in /var/screenshots/screenshot-9465289046227457863
20:37:14.371 [Darkroom Processing Line] DEBUG net.serenitybdd.core.photography.DarkroomProcessingLine - Saving screenshot to target\site\serenity\2c6fe40939a96f1b77f39f8502ba1686491390d3b8bf295859d4d37e580a8bfd.png
20:37:14.384 [Forwarding findElement on session 160c2ffd9b11f437d6c154229b013dd8 to remote] DEBUG org.asynchttpclient.netty.request.NettyRequestSender - Using pooled Channel '[id: 0x1cda85f3, L:/127.0.0.1:61999 - R:localhost/127.0.0.1:65427]' for 'POST' to 'http://localhost:65427/session/160c2ffd9b11f437d6c154229b013dd8/element'
20:37:14.384 [Forwarding findElement on session 160c2ffd9b11f437d6c154229b013dd8 to remote] DEBUG org.asynchttpclient.netty.request.NettyRequestSender - Using open Channel [id: 0x1cda85f3, L:/127.0.0.1:61999 - R:localhost/127.0.0.1:65427] for POST '/session/160c2ffd9b11f437d6c154229b013dd8/element'
20:37:14.395 [AsyncHttpClient-1-1] DEBUG org.asynchttpclient.netty.channel.DefaultChannelPool - Entry count for : http://localhost:62000 : 1
20:37:14.429 [AsyncHttpClient-1-9] DEBUG org.asynchttpclient.netty.handler.HttpHandler - 

Request DefaultHttpRequest(decodeResult: success, version: HTTP/1.1)
POST /session/160c2ffd9b11f437d6c154229b013dd8/element HTTP/1.1
User-Agent: selenium/4.1.2 (java windows)
Content-Length: 68
Content-Type: application/json; charset=utf-8
host: localhost:65427
accept: */*

Response DefaultHttpResponse(decodeResult: success, version: HTTP/1.1)
HTTP/1.1 200 OK
Content-Type: application/json; charset=utf-8
cache-control: no-cache
content-length: 88

20:37:14.429 [AsyncHttpClient-1-9] DEBUG org.asynchttpclient.netty.channel.ChannelManager - Adding key: http://localhost:65427 for channel [id: 0x1cda85f3, L:/127.0.0.1:61999 - R:localhost/127.0.0.1:65427]
20:37:14.433 [Forwarding getElementTagName on session 160c2ffd9b11f437d6c154229b013dd8 to remote] DEBUG org.asynchttpclient.netty.request.NettyRequestSender - Using pooled Channel '[id: 0x1cda85f3, L:/127.0.0.1:61999 - R:localhost/127.0.0.1:65427]' for 'GET' to 'http://localhost:65427/session/160c2ffd9b11f437d6c154229b013dd8/element/3826ee4b-25ce-467b-bfe0-2add943d013e/name'
20:37:14.434 [Forwarding getElementTagName on session 160c2ffd9b11f437d6c154229b013dd8 to remote] DEBUG org.asynchttpclient.netty.request.NettyRequestSender - Using open Channel [id: 0x1cda85f3, L:/127.0.0.1:61999 - R:localhost/127.0.0.1:65427] for GET '/session/160c2ffd9b11f437d6c154229b013dd8/element/3826ee4b-25ce-467b-bfe0-2add943d013e/name'
20:37:14.454 [AsyncHttpClient-1-9] DEBUG org.asynchttpclient.netty.handler.HttpHandler - 

Request DefaultFullHttpRequest(decodeResult: success, version: HTTP/1.1, content: EmptyByteBufBE)
GET /session/160c2ffd9b11f437d6c154229b013dd8/element/3826ee4b-25ce-467b-bfe0-2add943d013e/name HTTP/1.1
User-Agent: selenium/4.1.2 (java windows)
Cache-Control: no-cache
Content-Type: application/json; charset=utf-8
host: localhost:65427
accept: */*

Response DefaultHttpResponse(decodeResult: success, version: HTTP/1.1)
HTTP/1.1 200 OK
Content-Type: application/json; charset=utf-8
cache-control: no-cache
content-length: 18

20:37:14.454 [AsyncHttpClient-1-9] DEBUG org.asynchttpclient.netty.channel.ChannelManager - Adding key: http://localhost:65427 for channel [id: 0x1cda85f3, L:/127.0.0.1:61999 - R:localhost/127.0.0.1:65427]
20:37:14.459 [Forwarding getElementTagName on session 160c2ffd9b11f437d6c154229b013dd8 to remote] DEBUG org.asynchttpclient.netty.request.NettyRequestSender - Using pooled Channel '[id: 0x1cda85f3, L:/127.0.0.1:61999 - R:localhost/127.0.0.1:65427]' for 'GET' to 'http://localhost:65427/session/160c2ffd9b11f437d6c154229b013dd8/element/3826ee4b-25ce-467b-bfe0-2add943d013e/name'
20:37:14.459 [Forwarding getElementTagName on session 160c2ffd9b11f437d6c154229b013dd8 to remote] DEBUG org.asynchttpclient.netty.request.NettyRequestSender - Using open Channel [id: 0x1cda85f3, L:/127.0.0.1:61999 - R:localhost/127.0.0.1:65427] for GET '/session/160c2ffd9b11f437d6c154229b013dd8/element/3826ee4b-25ce-467b-bfe0-2add943d013e/name'
20:37:14.484 [AsyncHttpClient-1-9] DEBUG org.asynchttpclient.netty.handler.HttpHandler - 

Request DefaultFullHttpRequest(decodeResult: success, version: HTTP/1.1, content: EmptyByteBufBE)
GET /session/160c2ffd9b11f437d6c154229b013dd8/element/3826ee4b-25ce-467b-bfe0-2add943d013e/name HTTP/1.1
User-Agent: selenium/4.1.2 (java windows)
Cache-Control: no-cache
Content-Type: application/json; charset=utf-8
host: localhost:65427
accept: */*

Response DefaultHttpResponse(decodeResult: success, version: HTTP/1.1)
HTTP/1.1 200 OK
Content-Type: application/json; charset=utf-8
cache-control: no-cache
content-length: 18

20:37:14.484 [AsyncHttpClient-1-9] DEBUG org.asynchttpclient.netty.channel.ChannelManager - Adding key: http://localhost:65427 for channel [id: 0x1cda85f3, L:/127.0.0.1:61999 - R:localhost/127.0.0.1:65427]
20:37:14.519 [Forwarding isElementEnabled on session 160c2ffd9b11f437d6c154229b013dd8 to remote] DEBUG org.asynchttpclient.netty.request.NettyRequestSender - Using pooled Channel '[id: 0x1cda85f3, L:/127.0.0.1:61999 - R:localhost/127.0.0.1:65427]' for 'GET' to 'http://localhost:65427/session/160c2ffd9b11f437d6c154229b013dd8/element/3826ee4b-25ce-467b-bfe0-2add943d013e/enabled'
20:37:14.519 [Forwarding isElementEnabled on session 160c2ffd9b11f437d6c154229b013dd8 to remote] DEBUG org.asynchttpclient.netty.request.NettyRequestSender - Using open Channel [id: 0x1cda85f3, L:/127.0.0.1:61999 - R:localhost/127.0.0.1:65427] for GET '/session/160c2ffd9b11f437d6c154229b013dd8/element/3826ee4b-25ce-467b-bfe0-2add943d013e/enabled'
20:37:14.570 [AsyncHttpClient-1-9] DEBUG org.asynchttpclient.netty.handler.HttpHandler - 

Request DefaultFullHttpRequest(decodeResult: success, version: HTTP/1.1, content: EmptyByteBufBE)
GET /session/160c2ffd9b11f437d6c154229b013dd8/element/3826ee4b-25ce-467b-bfe0-2add943d013e/enabled HTTP/1.1
User-Agent: selenium/4.1.2 (java windows)
Cache-Control: no-cache
Content-Type: application/json; charset=utf-8
host: localhost:65427
accept: */*

Response DefaultHttpResponse(decodeResult: success, version: HTTP/1.1)
HTTP/1.1 200 OK
Content-Type: application/json; charset=utf-8
cache-control: no-cache
content-length: 14

20:37:14.570 [AsyncHttpClient-1-9] DEBUG org.asynchttpclient.netty.channel.ChannelManager - Adding key: http://localhost:65427 for channel [id: 0x1cda85f3, L:/127.0.0.1:61999 - R:localhost/127.0.0.1:65427]
20:37:14.582 [Forwarding isElementEnabled on session 160c2ffd9b11f437d6c154229b013dd8 to remote] DEBUG org.asynchttpclient.netty.request.NettyRequestSender - Using pooled Channel '[id: 0x1cda85f3, L:/127.0.0.1:61999 - R:localhost/127.0.0.1:65427]' for 'GET' to 'http://localhost:65427/session/160c2ffd9b11f437d6c154229b013dd8/element/3826ee4b-25ce-467b-bfe0-2add943d013e/enabled'
20:37:14.582 [Forwarding isElementEnabled on session 160c2ffd9b11f437d6c154229b013dd8 to remote] DEBUG org.asynchttpclient.netty.request.NettyRequestSender - Using open Channel [id: 0x1cda85f3, L:/127.0.0.1:61999 - R:localhost/127.0.0.1:65427] for GET '/session/160c2ffd9b11f437d6c154229b013dd8/element/3826ee4b-25ce-467b-bfe0-2add943d013e/enabled'
20:37:14.609 [AsyncHttpClient-1-9] DEBUG org.asynchttpclient.netty.handler.HttpHandler - 

Request DefaultFullHttpRequest(decodeResult: success, version: HTTP/1.1, content: EmptyByteBufBE)
GET /session/160c2ffd9b11f437d6c154229b013dd8/element/3826ee4b-25ce-467b-bfe0-2add943d013e/enabled HTTP/1.1
User-Agent: selenium/4.1.2 (java windows)
Cache-Control: no-cache
Content-Type: application/json; charset=utf-8
host: localhost:65427
accept: */*

Response DefaultHttpResponse(decodeResult: success, version: HTTP/1.1)
HTTP/1.1 200 OK
Content-Type: application/json; charset=utf-8
cache-control: no-cache
content-length: 14

20:37:14.610 [AsyncHttpClient-1-9] DEBUG org.asynchttpclient.netty.channel.ChannelManager - Adding key: http://localhost:65427 for channel [id: 0x1cda85f3, L:/127.0.0.1:61999 - R:localhost/127.0.0.1:65427]
20:37:14.613 [Forwarding findElement on session 160c2ffd9b11f437d6c154229b013dd8 to remote] DEBUG org.asynchttpclient.netty.request.NettyRequestSender - Using pooled Channel '[id: 0x1cda85f3, L:/127.0.0.1:61999 - R:localhost/127.0.0.1:65427]' for 'POST' to 'http://localhost:65427/session/160c2ffd9b11f437d6c154229b013dd8/element'
20:37:14.613 [Forwarding findElement on session 160c2ffd9b11f437d6c154229b013dd8 to remote] DEBUG org.asynchttpclient.netty.request.NettyRequestSender - Using open Channel [id: 0x1cda85f3, L:/127.0.0.1:61999 - R:localhost/127.0.0.1:65427] for POST '/session/160c2ffd9b11f437d6c154229b013dd8/element'
20:37:14.636 [AsyncHttpClient-1-9] DEBUG org.asynchttpclient.netty.handler.HttpHandler - 

Request DefaultHttpRequest(decodeResult: success, version: HTTP/1.1)
POST /session/160c2ffd9b11f437d6c154229b013dd8/element HTTP/1.1
User-Agent: selenium/4.1.2 (java windows)
Content-Length: 68
Content-Type: application/json; charset=utf-8
host: localhost:65427
accept: */*

Response DefaultHttpResponse(decodeResult: success, version: HTTP/1.1)
HTTP/1.1 200 OK
Content-Type: application/json; charset=utf-8
cache-control: no-cache
content-length: 88

20:37:14.636 [AsyncHttpClient-1-9] DEBUG org.asynchttpclient.netty.channel.ChannelManager - Adding key: http://localhost:65427 for channel [id: 0x1cda85f3, L:/127.0.0.1:61999 - R:localhost/127.0.0.1:65427]
20:37:14.641 [Forwarding clickElement on session 160c2ffd9b11f437d6c154229b013dd8 to remote] DEBUG org.asynchttpclient.netty.request.NettyRequestSender - Using pooled Channel '[id: 0x1cda85f3, L:/127.0.0.1:61999 - R:localhost/127.0.0.1:65427]' for 'POST' to 'http://localhost:65427/session/160c2ffd9b11f437d6c154229b013dd8/element/3826ee4b-25ce-467b-bfe0-2add943d013e/click'
20:37:14.641 [Forwarding clickElement on session 160c2ffd9b11f437d6c154229b013dd8 to remote] DEBUG org.asynchttpclient.netty.request.NettyRequestSender - Using open Channel [id: 0x1cda85f3, L:/127.0.0.1:61999 - R:localhost/127.0.0.1:65427] for POST '/session/160c2ffd9b11f437d6c154229b013dd8/element/3826ee4b-25ce-467b-bfe0-2add943d013e/click'
20:37:14.892 [AsyncHttpClient-1-9] DEBUG org.asynchttpclient.netty.handler.HttpHandler - 

Request DefaultHttpRequest(decodeResult: success, version: HTTP/1.1)
POST /session/160c2ffd9b11f437d6c154229b013dd8/element/3826ee4b-25ce-467b-bfe0-2add943d013e/click HTTP/1.1
User-Agent: selenium/4.1.2 (java windows)
Content-Length: 50
Content-Type: application/json; charset=utf-8
host: localhost:65427
accept: */*

Response DefaultHttpResponse(decodeResult: success, version: HTTP/1.1)
HTTP/1.1 200 OK
Content-Type: application/json; charset=utf-8
cache-control: no-cache
content-length: 14

20:37:14.892 [AsyncHttpClient-1-9] DEBUG org.asynchttpclient.netty.channel.ChannelManager - Adding key: http://localhost:65427 for channel [id: 0x1cda85f3, L:/127.0.0.1:61999 - R:localhost/127.0.0.1:65427]
20:37:14.900 [Forwarding screenshot on session 160c2ffd9b11f437d6c154229b013dd8 to remote] DEBUG org.asynchttpclient.netty.request.NettyRequestSender - Using pooled Channel '[id: 0x1cda85f3, L:/127.0.0.1:61999 - R:localhost/127.0.0.1:65427]' for 'GET' to 'http://localhost:65427/session/160c2ffd9b11f437d6c154229b013dd8/screenshot'
20:37:14.900 [Forwarding screenshot on session 160c2ffd9b11f437d6c154229b013dd8 to remote] DEBUG org.asynchttpclient.netty.request.NettyRequestSender - Using open Channel [id: 0x1cda85f3, L:/127.0.0.1:61999 - R:localhost/127.0.0.1:65427] for GET '/session/160c2ffd9b11f437d6c154229b013dd8/screenshot'
20:37:15.491 [AsyncHttpClient-1-1] DEBUG org.asynchttpclient.netty.channel.DefaultChannelPool - Entry count for : http://localhost:62000 : 1
20:37:15.684 [AsyncHttpClient-1-9] DEBUG org.asynchttpclient.netty.handler.HttpHandler - 

Request DefaultFullHttpRequest(decodeResult: success, version: HTTP/1.1, content: EmptyByteBufBE)
GET /session/160c2ffd9b11f437d6c154229b013dd8/screenshot HTTP/1.1
User-Agent: selenium/4.1.2 (java windows)
Cache-Control: no-cache
Content-Type: application/json; charset=utf-8
host: localhost:65427
accept: */*

Response DefaultHttpResponse(decodeResult: success, version: HTTP/1.1)
HTTP/1.1 200 OK
Content-Type: application/json; charset=utf-8
cache-control: no-cache
content-length: 356016

20:37:15.692 [AsyncHttpClient-1-9] DEBUG org.asynchttpclient.netty.channel.ChannelManager - Adding key: http://localhost:65427 for channel [id: 0x1cda85f3, L:/127.0.0.1:61999 - R:localhost/127.0.0.1:65427]
20:37:15.747 [main] DEBUG net.serenitybdd.core.photography.Darkroom - Send negative for processing for target\site\serenity\252885d5b2460eea51b91e3c43712290af93dc30edcd040acaea7f3df72e4b66.png
20:37:15.748 [main] DEBUG net.thucydides.core.steps.StepInterceptor - STEP DONE: clickButtonSave
  &amp#27;[32mAnd &amp#27;[0m&amp#27;[32mClick button simpan&amp#27;[0m                                                          &amp#27;[90m# starter.stepdefinitios.PatientDataSteps.clickButtonSimpan()&amp#27;[0m
20:37:15.749 [Darkroom Processing Line] DEBUG net.serenitybdd.core.photography.DarkroomProcessingLine - Processing screenshot image in /var/screenshots/screenshot-1142762071881174607
20:37:15.749 [Darkroom Processing Line] DEBUG net.serenitybdd.core.photography.DarkroomProcessingLine - Saving screenshot to target\site\serenity\252885d5b2460eea51b91e3c43712290af93dc30edcd040acaea7f3df72e4b66.png
20:37:15.815 [Forwarding screenshot on session 160c2ffd9b11f437d6c154229b013dd8 to remote] DEBUG org.asynchttpclient.netty.request.NettyRequestSender - Using pooled Channel '[id: 0x1cda85f3, L:/127.0.0.1:61999 - R:localhost/127.0.0.1:65427]' for 'GET' to 'http://localhost:65427/session/160c2ffd9b11f437d6c154229b013dd8/screenshot'
20:37:15.815 [Forwarding screenshot on session 160c2ffd9b11f437d6c154229b013dd8 to remote] DEBUG org.asynchttpclient.netty.request.NettyRequestSender - Using open Channel [id: 0x1cda85f3, L:/127.0.0.1:61999 - R:localhost/127.0.0.1:65427] for GET '/session/160c2ffd9b11f437d6c154229b013dd8/screenshot'
20:37:15.835 [AsyncHttpClient-1-9] DEBUG org.asynchttpclient.netty.handler.HttpHandler - 

Request DefaultFullHttpRequest(decodeResult: success, version: HTTP/1.1, content: EmptyByteBufBE)
GET /session/160c2ffd9b11f437d6c154229b013dd8/screenshot HTTP/1.1
User-Agent: selenium/4.1.2 (java windows)
Cache-Control: no-cache
Content-Type: application/json; charset=utf-8
host: localhost:65427
accept: */*

Response DefaultHttpResponse(decodeResult: success, version: HTTP/1.1)
HTTP/1.1 500 Internal Server Error
Content-Type: application/json; charset=utf-8
cache-control: no-cache
content-length: 889

20:37:15.835 [AsyncHttpClient-1-9] DEBUG org.asynchttpclient.netty.channel.ChannelManager - Adding key: http://localhost:65427 for channel [id: 0x1cda85f3, L:/127.0.0.1:61999 - R:localhost/127.0.0.1:65427]
20:37:15.837 [main] WARN net.thucydides.core.webdriver.WebDriverFacade - Failed to take screenshot (unexpected alert open: {Alert text : data telah diubah}
  (Session info: chrome=102.0.5005.115): data telah diubah
Build info: version: '4.1.2', revision: '9a5a329c5a'
System info: host: 'MOOK-HON', ip: '192.168.100.6', os.name: 'Windows 10', os.arch: 'amd64', os.version: '10.0', java.version: '11.0.14'
Driver info: org.openqa.selenium.chrome.ChromeDriver
Command: [160c2ffd9b11f437d6c154229b013dd8, screenshot {}]
Capabilities {acceptInsecureCerts: false, browserName: chrome, browserVersion: 102.0.5005.115, chrome: {chromedriverVersion: 102.0.5005.61 (0e59bcc00cc4..., userDataDir: C:\Users\ASUS\AppData\Local...}, goog:chromeOptions: {debuggerAddress: localhost:62000}, javascriptEnabled: true, networkConnectionEnabled: false, pageLoadStrategy: normal, platform: WINDOWS, platformName: WINDOWS, proxy: Proxy(), se:cdp: ws://localhost:62000/devtoo..., se:cdpVersion: 102.0.5005.115, setWindowRect: true, strictFileInteractability: false, timeouts: {implicit: 0, pageLoad: 300000, script: 30000}, unhandledPromptBehavior: dismiss and notify, webauthn:extension:credBlob: true, webauthn:extension:largeBlob: true, webauthn:virtualAuthenticators: true}
Session ID: 160c2ffd9b11f437d6c154229b013dd8)
20:37:15.863 [Forwarding screenshot on session 160c2ffd9b11f437d6c154229b013dd8 to remote] DEBUG org.asynchttpclient.netty.request.NettyRequestSender - Using pooled Channel '[id: 0x1cda85f3, L:/127.0.0.1:61999 - R:localhost/127.0.0.1:65427]' for 'GET' to 'http://localhost:65427/session/160c2ffd9b11f437d6c154229b013dd8/screenshot'
20:37:15.863 [Forwarding screenshot on session 160c2ffd9b11f437d6c154229b013dd8 to remote] DEBUG org.asynchttpclient.netty.request.NettyRequestSender - Using open Channel [id: 0x1cda85f3, L:/127.0.0.1:61999 - R:localhost/127.0.0.1:65427] for GET '/session/160c2ffd9b11f437d6c154229b013dd8/screenshot'
20:37:16.293 [AsyncHttpClient-1-9] DEBUG org.asynchttpclient.netty.handler.HttpHandler - 

Request DefaultFullHttpRequest(decodeResult: success, version: HTTP/1.1, content: EmptyByteBufBE)
GET /session/160c2ffd9b11f437d6c154229b013dd8/screenshot HTTP/1.1
User-Agent: selenium/4.1.2 (java windows)
Cache-Control: no-cache
Content-Type: application/json; charset=utf-8
host: localhost:65427
accept: */*

Response DefaultHttpResponse(decodeResult: success, version: HTTP/1.1)
HTTP/1.1 200 OK
Content-Type: application/json; charset=utf-8
cache-control: no-cache
content-length: 356032

20:37:16.295 [AsyncHttpClient-1-9] DEBUG org.asynchttpclient.netty.channel.ChannelManager - Adding key: http://localhost:65427 for channel [id: 0x1cda85f3, L:/127.0.0.1:61999 - R:localhost/127.0.0.1:65427]
20:37:16.323 [main] DEBUG net.serenitybdd.core.photography.Darkroom - Send negative for processing for target\site\serenity\14af0d85519fcaeeb4bba0ff3ec75c87bf55203042632c3c7b48e74cd7f9a065.png
20:37:16.326 [Darkroom Processing Line] DEBUG net.serenitybdd.core.photography.DarkroomProcessingLine - Processing screenshot image in /var/screenshots/screenshot-4724069580763112701
20:37:16.326 [Darkroom Processing Line] DEBUG net.serenitybdd.core.photography.DarkroomProcessingLine - Saving screenshot to target\site\serenity\14af0d85519fcaeeb4bba0ff3ec75c87bf55203042632c3c7b48e74cd7f9a065.png
20:37:16.590 [AsyncHttpClient-1-1] DEBUG org.asynchttpclient.netty.channel.DefaultChannelPool - Entry count for : http://localhost:62000 : 1
20:37:16.590 [AsyncHttpClient-1-1] DEBUG org.asynchttpclient.netty.channel.DefaultChannelPool - Entry count for : http://localhost:65427 : 1
20:37:16.854 [Forwarding screenshot on session 160c2ffd9b11f437d6c154229b013dd8 to remote] DEBUG org.asynchttpclient.netty.request.NettyRequestSender - Using pooled Channel '[id: 0x1cda85f3, L:/127.0.0.1:61999 - R:localhost/127.0.0.1:65427]' for 'GET' to 'http://localhost:65427/session/160c2ffd9b11f437d6c154229b013dd8/screenshot'
20:37:16.855 [Forwarding screenshot on session 160c2ffd9b11f437d6c154229b013dd8 to remote] DEBUG org.asynchttpclient.netty.request.NettyRequestSender - Using open Channel [id: 0x1cda85f3, L:/127.0.0.1:61999 - R:localhost/127.0.0.1:65427] for GET '/session/160c2ffd9b11f437d6c154229b013dd8/screenshot'
20:37:17.201 [AsyncHttpClient-1-9] DEBUG org.asynchttpclient.netty.handler.HttpHandler - 

Request DefaultFullHttpRequest(decodeResult: success, version: HTTP/1.1, content: EmptyByteBufBE)
GET /session/160c2ffd9b11f437d6c154229b013dd8/screenshot HTTP/1.1
User-Agent: selenium/4.1.2 (java windows)
Cache-Control: no-cache
Content-Type: application/json; charset=utf-8
host: localhost:65427
accept: */*

Response DefaultHttpResponse(decodeResult: success, version: HTTP/1.1)
HTTP/1.1 200 OK
Content-Type: application/json; charset=utf-8
cache-control: no-cache
content-length: 356032

20:37:17.202 [AsyncHttpClient-1-9] DEBUG org.asynchttpclient.netty.channel.ChannelManager - Adding key: http://localhost:65427 for channel [id: 0x1cda85f3, L:/127.0.0.1:61999 - R:localhost/127.0.0.1:65427]
20:37:17.230 [main] DEBUG net.serenitybdd.core.photography.Darkroom - Send negative for processing for target\site\serenity\14af0d85519fcaeeb4bba0ff3ec75c87bf55203042632c3c7b48e74cd7f9a065.png
20:37:17.230 [main] DEBUG net.thucydides.core.steps.StepInterceptor - STARTING STEP: PatientDataSteps.validEditData - clickButtonBack
20:37:17.239 [Forwarding findElement on session 160c2ffd9b11f437d6c154229b013dd8 to remote] DEBUG org.asynchttpclient.netty.request.NettyRequestSender - Using pooled Channel '[id: 0x1cda85f3, L:/127.0.0.1:61999 - R:localhost/127.0.0.1:65427]' for 'POST' to 'http://localhost:65427/session/160c2ffd9b11f437d6c154229b013dd8/element'
20:37:17.239 [Forwarding findElement on session 160c2ffd9b11f437d6c154229b013dd8 to remote] DEBUG org.asynchttpclient.netty.request.NettyRequestSender - Using open Channel [id: 0x1cda85f3, L:/127.0.0.1:61999 - R:localhost/127.0.0.1:65427] for POST '/session/160c2ffd9b11f437d6c154229b013dd8/element'
20:37:17.271 [AsyncHttpClient-1-9] DEBUG org.asynchttpclient.netty.handler.HttpHandler - 

Request DefaultHttpRequest(decodeResult: success, version: HTTP/1.1)
POST /session/160c2ffd9b11f437d6c154229b013dd8/element HTTP/1.1
User-Agent: selenium/4.1.2 (java windows)
Content-Length: 137
Content-Type: application/json; charset=utf-8
host: localhost:65427
accept: */*

Response DefaultHttpResponse(decodeResult: success, version: HTTP/1.1)
HTTP/1.1 200 OK
Content-Type: application/json; charset=utf-8
cache-control: no-cache
content-length: 88

20:37:17.271 [AsyncHttpClient-1-9] DEBUG org.asynchttpclient.netty.channel.ChannelManager - Adding key: http://localhost:65427 for channel [id: 0x1cda85f3, L:/127.0.0.1:61999 - R:localhost/127.0.0.1:65427]
20:37:17.274 [Forwarding getElementTagName on session 160c2ffd9b11f437d6c154229b013dd8 to remote] DEBUG org.asynchttpclient.netty.request.NettyRequestSender - Using pooled Channel '[id: 0x1cda85f3, L:/127.0.0.1:61999 - R:localhost/127.0.0.1:65427]' for 'GET' to 'http://localhost:65427/session/160c2ffd9b11f437d6c154229b013dd8/element/676bb20d-560a-4c13-8884-62b9b39e8ddd/name'
20:37:17.274 [Forwarding getElementTagName on session 160c2ffd9b11f437d6c154229b013dd8 to remote] DEBUG org.asynchttpclient.netty.request.NettyRequestSender - Using open Channel [id: 0x1cda85f3, L:/127.0.0.1:61999 - R:localhost/127.0.0.1:65427] for GET '/session/160c2ffd9b11f437d6c154229b013dd8/element/676bb20d-560a-4c13-8884-62b9b39e8ddd/name'
20:37:17.284 [AsyncHttpClient-1-9] DEBUG org.asynchttpclient.netty.handler.HttpHandler - 

Request DefaultFullHttpRequest(decodeResult: success, version: HTTP/1.1, content: EmptyByteBufBE)
GET /session/160c2ffd9b11f437d6c154229b013dd8/element/676bb20d-560a-4c13-8884-62b9b39e8ddd/name HTTP/1.1
User-Agent: selenium/4.1.2 (java windows)
Cache-Control: no-cache
Content-Type: application/json; charset=utf-8
host: localhost:65427
accept: */*

Response DefaultHttpResponse(decodeResult: success, version: HTTP/1.1)
HTTP/1.1 200 OK
Content-Type: application/json; charset=utf-8
cache-control: no-cache
content-length: 18

20:37:17.285 [AsyncHttpClient-1-9] DEBUG org.asynchttpclient.netty.channel.ChannelManager - Adding key: http://localhost:65427 for channel [id: 0x1cda85f3, L:/127.0.0.1:61999 - R:localhost/127.0.0.1:65427]
20:37:17.287 [Forwarding getElementTagName on session 160c2ffd9b11f437d6c154229b013dd8 to remote] DEBUG org.asynchttpclient.netty.request.NettyRequestSender - Using pooled Channel '[id: 0x1cda85f3, L:/127.0.0.1:61999 - R:localhost/127.0.0.1:65427]' for 'GET' to 'http://localhost:65427/session/160c2ffd9b11f437d6c154229b013dd8/element/676bb20d-560a-4c13-8884-62b9b39e8ddd/name'
20:37:17.287 [Forwarding getElementTagName on session 160c2ffd9b11f437d6c154229b013dd8 to remote] DEBUG org.asynchttpclient.netty.request.NettyRequestSender - Using open Channel [id: 0x1cda85f3, L:/127.0.0.1:61999 - R:localhost/127.0.0.1:65427] for GET '/session/160c2ffd9b11f437d6c154229b013dd8/element/676bb20d-560a-4c13-8884-62b9b39e8ddd/name'
20:37:17.293 [AsyncHttpClient-1-9] DEBUG org.asynchttpclient.netty.handler.HttpHandler - 

Request DefaultFullHttpRequest(decodeResult: success, version: HTTP/1.1, content: EmptyByteBufBE)
GET /session/160c2ffd9b11f437d6c154229b013dd8/element/676bb20d-560a-4c13-8884-62b9b39e8ddd/name HTTP/1.1
User-Agent: selenium/4.1.2 (java windows)
Cache-Control: no-cache
Content-Type: application/json; charset=utf-8
host: localhost:65427
accept: */*

Response DefaultHttpResponse(decodeResult: success, version: HTTP/1.1)
HTTP/1.1 200 OK
Content-Type: application/json; charset=utf-8
cache-control: no-cache
content-length: 18

20:37:17.298 [AsyncHttpClient-1-9] DEBUG org.asynchttpclient.netty.channel.ChannelManager - Adding key: http://localhost:65427 for channel [id: 0x1cda85f3, L:/127.0.0.1:61999 - R:localhost/127.0.0.1:65427]
20:37:17.302 [Forwarding isElementEnabled on session 160c2ffd9b11f437d6c154229b013dd8 to remote] DEBUG org.asynchttpclient.netty.request.NettyRequestSender - Using pooled Channel '[id: 0x1cda85f3, L:/127.0.0.1:61999 - R:localhost/127.0.0.1:65427]' for 'GET' to 'http://localhost:65427/session/160c2ffd9b11f437d6c154229b013dd8/element/676bb20d-560a-4c13-8884-62b9b39e8ddd/enabled'
20:37:17.302 [Forwarding isElementEnabled on session 160c2ffd9b11f437d6c154229b013dd8 to remote] DEBUG org.asynchttpclient.netty.request.NettyRequestSender - Using open Channel [id: 0x1cda85f3, L:/127.0.0.1:61999 - R:localhost/127.0.0.1:65427] for GET '/session/160c2ffd9b11f437d6c154229b013dd8/element/676bb20d-560a-4c13-8884-62b9b39e8ddd/enabled'
20:37:17.327 [AsyncHttpClient-1-9] DEBUG org.asynchttpclient.netty.handler.HttpHandler - 

Request DefaultFullHttpRequest(decodeResult: success, version: HTTP/1.1, content: EmptyByteBufBE)
GET /session/160c2ffd9b11f437d6c154229b013dd8/element/676bb20d-560a-4c13-8884-62b9b39e8ddd/enabled HTTP/1.1
User-Agent: selenium/4.1.2 (java windows)
Cache-Control: no-cache
Content-Type: application/json; charset=utf-8
host: localhost:65427
accept: */*

Response DefaultHttpResponse(decodeResult: success, version: HTTP/1.1)
HTTP/1.1 200 OK
Content-Type: application/json; charset=utf-8
cache-control: no-cache
content-length: 14

20:37:17.328 [AsyncHttpClient-1-9] DEBUG org.asynchttpclient.netty.channel.ChannelManager - Adding key: http://localhost:65427 for channel [id: 0x1cda85f3, L:/127.0.0.1:61999 - R:localhost/127.0.0.1:65427]
20:37:17.330 [Forwarding isElementEnabled on session 160c2ffd9b11f437d6c154229b013dd8 to remote] DEBUG org.asynchttpclient.netty.request.NettyRequestSender - Using pooled Channel '[id: 0x1cda85f3, L:/127.0.0.1:61999 - R:localhost/127.0.0.1:65427]' for 'GET' to 'http://localhost:65427/session/160c2ffd9b11f437d6c154229b013dd8/element/676bb20d-560a-4c13-8884-62b9b39e8ddd/enabled'
20:37:17.330 [Forwarding isElementEnabled on session 160c2ffd9b11f437d6c154229b013dd8 to remote] DEBUG org.asynchttpclient.netty.request.NettyRequestSender - Using open Channel [id: 0x1cda85f3, L:/127.0.0.1:61999 - R:localhost/127.0.0.1:65427] for GET '/session/160c2ffd9b11f437d6c154229b013dd8/element/676bb20d-560a-4c13-8884-62b9b39e8ddd/enabled'
20:37:17.346 [AsyncHttpClient-1-9] DEBUG org.asynchttpclient.netty.handler.HttpHandler - 

Request DefaultFullHttpRequest(decodeResult: success, version: HTTP/1.1, content: EmptyByteBufBE)
GET /session/160c2ffd9b11f437d6c154229b013dd8/element/676bb20d-560a-4c13-8884-62b9b39e8ddd/enabled HTTP/1.1
User-Agent: selenium/4.1.2 (java windows)
Cache-Control: no-cache
Content-Type: application/json; charset=utf-8
host: localhost:65427
accept: */*

Response DefaultHttpResponse(decodeResult: success, version: HTTP/1.1)
HTTP/1.1 200 OK
Content-Type: application/json; charset=utf-8
cache-control: no-cache
content-length: 14

20:37:17.346 [AsyncHttpClient-1-9] DEBUG org.asynchttpclient.netty.channel.ChannelManager - Adding key: http://localhost:65427 for channel [id: 0x1cda85f3, L:/127.0.0.1:61999 - R:localhost/127.0.0.1:65427]
20:37:17.350 [Forwarding findElement on session 160c2ffd9b11f437d6c154229b013dd8 to remote] DEBUG org.asynchttpclient.netty.request.NettyRequestSender - Using pooled Channel '[id: 0x1cda85f3, L:/127.0.0.1:61999 - R:localhost/127.0.0.1:65427]' for 'POST' to 'http://localhost:65427/session/160c2ffd9b11f437d6c154229b013dd8/element'
20:37:17.350 [Forwarding findElement on session 160c2ffd9b11f437d6c154229b013dd8 to remote] DEBUG org.asynchttpclient.netty.request.NettyRequestSender - Using open Channel [id: 0x1cda85f3, L:/127.0.0.1:61999 - R:localhost/127.0.0.1:65427] for POST '/session/160c2ffd9b11f437d6c154229b013dd8/element'
20:37:17.394 [AsyncHttpClient-1-9] DEBUG org.asynchttpclient.netty.handler.HttpHandler - 

Request DefaultHttpRequest(decodeResult: success, version: HTTP/1.1)
POST /session/160c2ffd9b11f437d6c154229b013dd8/element HTTP/1.1
User-Agent: selenium/4.1.2 (java windows)
Content-Length: 137
Content-Type: application/json; charset=utf-8
host: localhost:65427
accept: */*

Response DefaultHttpResponse(decodeResult: success, version: HTTP/1.1)
HTTP/1.1 200 OK
Content-Type: application/json; charset=utf-8
cache-control: no-cache
content-length: 88

20:37:17.394 [AsyncHttpClient-1-9] DEBUG org.asynchttpclient.netty.channel.ChannelManager - Adding key: http://localhost:65427 for channel [id: 0x1cda85f3, L:/127.0.0.1:61999 - R:localhost/127.0.0.1:65427]
20:37:17.395 [Forwarding clickElement on session 160c2ffd9b11f437d6c154229b013dd8 to remote] DEBUG org.asynchttpclient.netty.request.NettyRequestSender - Using pooled Channel '[id: 0x1cda85f3, L:/127.0.0.1:61999 - R:localhost/127.0.0.1:65427]' for 'POST' to 'http://localhost:65427/session/160c2ffd9b11f437d6c154229b013dd8/element/676bb20d-560a-4c13-8884-62b9b39e8ddd/click'
20:37:17.395 [Forwarding clickElement on session 160c2ffd9b11f437d6c154229b013dd8 to remote] DEBUG org.asynchttpclient.netty.request.NettyRequestSender - Using open Channel [id: 0x1cda85f3, L:/127.0.0.1:61999 - R:localhost/127.0.0.1:65427] for POST '/session/160c2ffd9b11f437d6c154229b013dd8/element/676bb20d-560a-4c13-8884-62b9b39e8ddd/click'
20:37:17.729 [AsyncHttpClient-1-1] DEBUG org.asynchttpclient.netty.channel.DefaultChannelPool - Entry count for : http://localhost:62000 : 1
20:37:17.730 [AsyncHttpClient-1-9] DEBUG org.asynchttpclient.netty.handler.HttpHandler - 

Request DefaultHttpRequest(decodeResult: success, version: HTTP/1.1)
POST /session/160c2ffd9b11f437d6c154229b013dd8/element/676bb20d-560a-4c13-8884-62b9b39e8ddd/click HTTP/1.1
User-Agent: selenium/4.1.2 (java windows)
Content-Length: 50
Content-Type: application/json; charset=utf-8
host: localhost:65427
accept: */*

Response DefaultHttpResponse(decodeResult: success, version: HTTP/1.1)
HTTP/1.1 200 OK
Content-Type: application/json; charset=utf-8
cache-control: no-cache
content-length: 14

20:37:17.730 [AsyncHttpClient-1-9] DEBUG org.asynchttpclient.netty.channel.ChannelManager - Adding key: http://localhost:65427 for channel [id: 0x1cda85f3, L:/127.0.0.1:61999 - R:localhost/127.0.0.1:65427]
20:37:17.751 [Forwarding screenshot on session 160c2ffd9b11f437d6c154229b013dd8 to remote] DEBUG org.asynchttpclient.netty.request.NettyRequestSender - Using pooled Channel '[id: 0x1cda85f3, L:/127.0.0.1:61999 - R:localhost/127.0.0.1:65427]' for 'GET' to 'http://localhost:65427/session/160c2ffd9b11f437d6c154229b013dd8/screenshot'
20:37:17.751 [Forwarding screenshot on session 160c2ffd9b11f437d6c154229b013dd8 to remote] DEBUG org.asynchttpclient.netty.request.NettyRequestSender - Using open Channel [id: 0x1cda85f3, L:/127.0.0.1:61999 - R:localhost/127.0.0.1:65427] for GET '/session/160c2ffd9b11f437d6c154229b013dd8/screenshot'
20:37:18.164 [AsyncHttpClient-1-9] DEBUG org.asynchttpclient.netty.handler.HttpHandler - 

Request DefaultFullHttpRequest(decodeResult: success, version: HTTP/1.1, content: EmptyByteBufBE)
GET /session/160c2ffd9b11f437d6c154229b013dd8/screenshot HTTP/1.1
User-Agent: selenium/4.1.2 (java windows)
Cache-Control: no-cache
Content-Type: application/json; charset=utf-8
host: localhost:65427
accept: */*

Response DefaultHttpResponse(decodeResult: success, version: HTTP/1.1)
HTTP/1.1 200 OK
Content-Type: application/json; charset=utf-8
cache-control: no-cache
content-length: 348704

20:37:18.166 [AsyncHttpClient-1-9] DEBUG org.asynchttpclient.netty.channel.ChannelManager - Adding key: http://localhost:65427 for channel [id: 0x1cda85f3, L:/127.0.0.1:61999 - R:localhost/127.0.0.1:65427]
20:37:18.210 [main] DEBUG net.serenitybdd.core.photography.Darkroom - Send negative for processing for target\site\serenity\257ba893b5ad405218810435bf16a4906b378268b14bde87a8f9e86a86a34518.png
20:37:18.211 [main] DEBUG net.thucydides.core.steps.StepInterceptor - STEP DONE: clickButtonBack
20:37:18.214 [Darkroom Processing Line] DEBUG net.serenitybdd.core.photography.DarkroomProcessingLine - Processing screenshot image in /var/screenshots/screenshot-14448055748632839971
20:37:18.214 [Darkroom Processing Line] DEBUG net.serenitybdd.core.photography.DarkroomProcessingLine - Saving screenshot to target\site\serenity\257ba893b5ad405218810435bf16a4906b378268b14bde87a8f9e86a86a34518.png
20:37:18.262 [Forwarding screenshot on session 160c2ffd9b11f437d6c154229b013dd8 to remote] DEBUG org.asynchttpclient.netty.request.NettyRequestSender - Using pooled Channel '[id: 0x1cda85f3, L:/127.0.0.1:61999 - R:localhost/127.0.0.1:65427]' for 'GET' to 'http://localhost:65427/session/160c2ffd9b11f437d6c154229b013dd8/screenshot'
20:37:18.262 [Forwarding screenshot on session 160c2ffd9b11f437d6c154229b013dd8 to remote] DEBUG org.asynchttpclient.netty.request.NettyRequestSender - Using open Channel [id: 0x1cda85f3, L:/127.0.0.1:61999 - R:localhost/127.0.0.1:65427] for GET '/session/160c2ffd9b11f437d6c154229b013dd8/screenshot'
20:37:18.699 [AsyncHttpClient-1-9] DEBUG org.asynchttpclient.netty.handler.HttpHandler - 

Request DefaultFullHttpRequest(decodeResult: success, version: HTTP/1.1, content: EmptyByteBufBE)
GET /session/160c2ffd9b11f437d6c154229b013dd8/screenshot HTTP/1.1
User-Agent: selenium/4.1.2 (java windows)
Cache-Control: no-cache
Content-Type: application/json; charset=utf-8
host: localhost:65427
accept: */*

Response DefaultHttpResponse(decodeResult: success, version: HTTP/1.1)
HTTP/1.1 200 OK
Content-Type: application/json; charset=utf-8
cache-control: no-cache
content-length: 354460

20:37:18.701 [AsyncHttpClient-1-9] DEBUG org.asynchttpclient.netty.channel.ChannelManager - Adding key: http://localhost:65427 for channel [id: 0x1cda85f3, L:/127.0.0.1:61999 - R:localhost/127.0.0.1:65427]
20:37:18.729 [main] DEBUG net.serenitybdd.core.photography.Darkroom - Send negative for processing for target\site\serenity\8a9c93bf16fb06d36a8f7f6c82d0d9f3661c36ddb9931cb1364091afdb38eb7b.png
20:37:18.729 [main] DEBUG net.thucydides.core.steps.StepInterceptor - STARTING STEP: PatientDataSteps.validEditData - checkValidDataPasien
20:37:18.730 [Darkroom Processing Line] DEBUG net.serenitybdd.core.photography.DarkroomProcessingLine - Processing screenshot image in /var/screenshots/screenshot-4686300822594023362
20:37:18.730 [Darkroom Processing Line] DEBUG net.serenitybdd.core.photography.DarkroomProcessingLine - Saving screenshot to target\site\serenity\8a9c93bf16fb06d36a8f7f6c82d0d9f3661c36ddb9931cb1364091afdb38eb7b.png
20:37:18.738 [Forwarding findElement on session 160c2ffd9b11f437d6c154229b013dd8 to remote] DEBUG org.asynchttpclient.netty.request.NettyRequestSender - Using pooled Channel '[id: 0x1cda85f3, L:/127.0.0.1:61999 - R:localhost/127.0.0.1:65427]' for 'POST' to 'http://localhost:65427/session/160c2ffd9b11f437d6c154229b013dd8/element'
20:37:18.738 [Forwarding findElement on session 160c2ffd9b11f437d6c154229b013dd8 to remote] DEBUG org.asynchttpclient.netty.request.NettyRequestSender - Using open Channel [id: 0x1cda85f3, L:/127.0.0.1:61999 - R:localhost/127.0.0.1:65427] for POST '/session/160c2ffd9b11f437d6c154229b013dd8/element'
20:37:18.775 [AsyncHttpClient-1-9] DEBUG org.asynchttpclient.netty.handler.HttpHandler - 

Request DefaultHttpRequest(decodeResult: success, version: HTTP/1.1)
POST /session/160c2ffd9b11f437d6c154229b013dd8/element HTTP/1.1
User-Agent: selenium/4.1.2 (java windows)
Content-Length: 95
Content-Type: application/json; charset=utf-8
host: localhost:65427
accept: */*

Response DefaultHttpResponse(decodeResult: success, version: HTTP/1.1)
HTTP/1.1 200 OK
Content-Type: application/json; charset=utf-8
cache-control: no-cache
content-length: 88

20:37:18.775 [AsyncHttpClient-1-9] DEBUG org.asynchttpclient.netty.channel.ChannelManager - Adding key: http://localhost:65427 for channel [id: 0x1cda85f3, L:/127.0.0.1:61999 - R:localhost/127.0.0.1:65427]
20:37:18.776 [Forwarding isElementEnabled on session 160c2ffd9b11f437d6c154229b013dd8 to remote] DEBUG org.asynchttpclient.netty.request.NettyRequestSender - Using pooled Channel '[id: 0x1cda85f3, L:/127.0.0.1:61999 - R:localhost/127.0.0.1:65427]' for 'GET' to 'http://localhost:65427/session/160c2ffd9b11f437d6c154229b013dd8/element/a7480a11-8bb4-4715-8e21-1bf70cb5cfef/enabled'
20:37:18.776 [Forwarding isElementEnabled on session 160c2ffd9b11f437d6c154229b013dd8 to remote] DEBUG org.asynchttpclient.netty.request.NettyRequestSender - Using open Channel [id: 0x1cda85f3, L:/127.0.0.1:61999 - R:localhost/127.0.0.1:65427] for GET '/session/160c2ffd9b11f437d6c154229b013dd8/element/a7480a11-8bb4-4715-8e21-1bf70cb5cfef/enabled'
20:37:18.796 [AsyncHttpClient-1-1] DEBUG org.asynchttpclient.netty.channel.DefaultChannelPool - Entry count for : http://localhost:62000 : 1
20:37:18.852 [AsyncHttpClient-1-9] DEBUG org.asynchttpclient.netty.handler.HttpHandler - 

Request DefaultFullHttpRequest(decodeResult: success, version: HTTP/1.1, content: EmptyByteBufBE)
GET /session/160c2ffd9b11f437d6c154229b013dd8/element/a7480a11-8bb4-4715-8e21-1bf70cb5cfef/enabled HTTP/1.1
User-Agent: selenium/4.1.2 (java windows)
Cache-Control: no-cache
Content-Type: application/json; charset=utf-8
host: localhost:65427
accept: */*

Response DefaultHttpResponse(decodeResult: success, version: HTTP/1.1)
HTTP/1.1 200 OK
Content-Type: application/json; charset=utf-8
cache-control: no-cache
content-length: 14

20:37:18.853 [AsyncHttpClient-1-9] DEBUG org.asynchttpclient.netty.channel.ChannelManager - Adding key: http://localhost:65427 for channel [id: 0x1cda85f3, L:/127.0.0.1:61999 - R:localhost/127.0.0.1:65427]
20:37:18.893 [Forwarding screenshot on session 160c2ffd9b11f437d6c154229b013dd8 to remote] DEBUG org.asynchttpclient.netty.request.NettyRequestSender - Using pooled Channel '[id: 0x1cda85f3, L:/127.0.0.1:61999 - R:localhost/127.0.0.1:65427]' for 'GET' to 'http://localhost:65427/session/160c2ffd9b11f437d6c154229b013dd8/screenshot'
20:37:18.893 [Forwarding screenshot on session 160c2ffd9b11f437d6c154229b013dd8 to remote] DEBUG org.asynchttpclient.netty.request.NettyRequestSender - Using open Channel [id: 0x1cda85f3, L:/127.0.0.1:61999 - R:localhost/127.0.0.1:65427] for GET '/session/160c2ffd9b11f437d6c154229b013dd8/screenshot'
20:37:19.277 [AsyncHttpClient-1-9] DEBUG org.asynchttpclient.netty.handler.HttpHandler - 

Request DefaultFullHttpRequest(decodeResult: success, version: HTTP/1.1, content: EmptyByteBufBE)
GET /session/160c2ffd9b11f437d6c154229b013dd8/screenshot HTTP/1.1
User-Agent: selenium/4.1.2 (java windows)
Cache-Control: no-cache
Content-Type: application/json; charset=utf-8
host: localhost:65427
accept: */*

Response DefaultHttpResponse(decodeResult: success, version: HTTP/1.1)
HTTP/1.1 200 OK
Content-Type: application/json; charset=utf-8
cache-control: no-cache
content-length: 354460

20:37:19.278 [AsyncHttpClient-1-9] DEBUG org.asynchttpclient.netty.channel.ChannelManager - Adding key: http://localhost:65427 for channel [id: 0x1cda85f3, L:/127.0.0.1:61999 - R:localhost/127.0.0.1:65427]
20:37:19.291 [main] DEBUG net.serenitybdd.core.photography.Darkroom - Send negative for processing for target\site\serenity\8a9c93bf16fb06d36a8f7f6c82d0d9f3661c36ddb9931cb1364091afdb38eb7b.png
20:37:19.306 [main] DEBUG net.thucydides.core.steps.StepInterceptor - STEP DONE: checkValidDataPasien
  &amp#27;[32mAnd &amp#27;[0m&amp#27;[32mValid edit data&amp#27;[0m                                                              &amp#27;[90m# starter.stepdefinitios.PatientDataSteps.validEditData()&amp#27;[0m
20:37:19.359 [Forwarding screenshot on session 160c2ffd9b11f437d6c154229b013dd8 to remote] DEBUG org.asynchttpclient.netty.request.NettyRequestSender - Using pooled Channel '[id: 0x1cda85f3, L:/127.0.0.1:61999 - R:localhost/127.0.0.1:65427]' for 'GET' to 'http://localhost:65427/session/160c2ffd9b11f437d6c154229b013dd8/screenshot'
20:37:19.359 [Forwarding screenshot on session 160c2ffd9b11f437d6c154229b013dd8 to remote] DEBUG org.asynchttpclient.netty.request.NettyRequestSender - Using open Channel [id: 0x1cda85f3, L:/127.0.0.1:61999 - R:localhost/127.0.0.1:65427] for GET '/session/160c2ffd9b11f437d6c154229b013dd8/screenshot'
20:37:19.790 [AsyncHttpClient-1-9] DEBUG org.asynchttpclient.netty.handler.HttpHandler - 

Request DefaultFullHttpRequest(decodeResult: success, version: HTTP/1.1, content: EmptyByteBufBE)
GET /session/160c2ffd9b11f437d6c154229b013dd8/screenshot HTTP/1.1
User-Agent: selenium/4.1.2 (java windows)
Cache-Control: no-cache
Content-Type: application/json; charset=utf-8
host: localhost:65427
accept: */*

Response DefaultHttpResponse(decodeResult: success, version: HTTP/1.1)
HTTP/1.1 200 OK
Content-Type: application/json; charset=utf-8
cache-control: no-cache
content-length: 354460

20:37:19.795 [AsyncHttpClient-1-9] DEBUG org.asynchttpclient.netty.channel.ChannelManager - Adding key: http://localhost:65427 for channel [id: 0x1cda85f3, L:/127.0.0.1:61999 - R:localhost/127.0.0.1:65427]
20:37:19.821 [main] DEBUG net.serenitybdd.core.photography.Darkroom - Send negative for processing for target\site\serenity\8a9c93bf16fb06d36a8f7f6c82d0d9f3661c36ddb9931cb1364091afdb38eb7b.png
20:37:19.826 [AsyncHttpClient-1-3] DEBUG org.asynchttpclient.netty.handler.WebSocketHandler - Channel Closed: [id: 0x0c6990bc, L:/127.0.0.1:62015 ! R:localhost/127.0.0.1:62000] with attribute NettyResponseFuture{currentRetry=5,
	isDone=1,
	isCancelled=0,
	asyncHandler=org.asynchttpclient.ws.WebSocketUpgradeHandler@49b1b686,
	nettyRequest=org.asynchttpclient.netty.request.NettyRequest@2255e303,
	future=java.util.concurrent.CompletableFuture@5f0bc4da[Completed normally],
	uri=ws://localhost:62000/devtools/browser/79504da2-ec6c-480a-b0ce-82a11c52f2ac,
	keepAlive=true,
	redirectCount=0,
	timeoutsHolder=null,
	inAuth=0,
	touch=1655991421037}
20:37:19.826 [AsyncHttpClient-1-3] DEBUG org.asynchttpclient.netty.channel.ChannelManager - Closing Channel [id: 0x0c6990bc, L:/127.0.0.1:62015 ! R:localhost/127.0.0.1:62000] 
20:37:19.841 [Driver Command Executor] DEBUG org.asynchttpclient.netty.request.NettyRequestSender - Using pooled Channel '[id: 0x1cda85f3, L:/127.0.0.1:61999 - R:localhost/127.0.0.1:65427]' for 'DELETE' to 'http://localhost:65427/session/160c2ffd9b11f437d6c154229b013dd8'
20:37:19.841 [Driver Command Executor] DEBUG org.asynchttpclient.netty.request.NettyRequestSender - Using open Channel [id: 0x1cda85f3, L:/127.0.0.1:61999 - R:localhost/127.0.0.1:65427] for DELETE '/session/160c2ffd9b11f437d6c154229b013dd8'
20:37:19.921 [AsyncHttpClient-1-1] DEBUG org.asynchttpclient.netty.channel.DefaultChannelPool - Entry count for : http://localhost:62000 : 1
20:37:21.013 [AsyncHttpClient-1-1] DEBUG org.asynchttpclient.netty.channel.DefaultChannelPool - Entry count for : http://localhost:62000 : 1
20:37:22.093 [AsyncHttpClient-1-1] DEBUG org.asynchttpclient.netty.channel.DefaultChannelPool - Entry count for : http://localhost:62000 : 1
20:37:23.189 [AsyncHttpClient-1-1] DEBUG org.asynchttpclient.netty.channel.DefaultChannelPool - Entry count for : http://localhost:62000 : 1
20:37:23.531 [AsyncHttpClient-1-2] DEBUG org.asynchttpclient.netty.handler.HttpHandler - Unexpected I/O exception on channel [id: 0x2e519ad2, L:/127.0.0.1:62014 - R:localhost/127.0.0.1:62000]
java.io.IOException: An existing connection was forcibly closed by the remote host
	at java.base/sun.nio.ch.SocketDispatcher.read0(Native Method)
	at java.base/sun.nio.ch.SocketDispatcher.read(SocketDispatcher.java:43)
	at java.base/sun.nio.ch.IOUtil.readIntoNativeBuffer(IOUtil.java:276)
	at java.base/sun.nio.ch.IOUtil.read(IOUtil.java:233)
	at java.base/sun.nio.ch.IOUtil.read(IOUtil.java:223)
	at java.base/sun.nio.ch.SocketChannelImpl.read(SocketChannelImpl.java:358)
	at io.netty.buffer.PooledByteBuf.setBytes(PooledByteBuf.java:258)
	at io.netty.buffer.AbstractByteBuf.writeBytes(AbstractByteBuf.java:1132)
	at io.netty.channel.socket.nio.NioSocketChannel.doReadBytes(NioSocketChannel.java:350)
	at io.netty.channel.nio.AbstractNioByteChannel$NioByteUnsafe.read(AbstractNioByteChannel.java:151)
	at io.netty.channel.nio.NioEventLoop.processSelectedKey(NioEventLoop.java:722)
	at io.netty.channel.nio.NioEventLoop.processSelectedKeysOptimized(NioEventLoop.java:658)
	at io.netty.channel.nio.NioEventLoop.processSelectedKeys(NioEventLoop.java:584)
	at io.netty.channel.nio.NioEventLoop.run(NioEventLoop.java:496)
	at io.netty.util.concurrent.SingleThreadEventExecutor$4.run(SingleThreadEventExecutor.java:986)
	at io.netty.util.internal.ThreadExecutorMap$2.run(ThreadExecutorMap.java:74)
	at io.netty.util.concurrent.FastThreadLocalRunnable.run(FastThreadLocalRunnable.java:30)
	at java.base/java.lang.Thread.run(Thread.java:834)
20:37:23.531 [AsyncHttpClient-1-2] DEBUG org.asynchttpclient.netty.channel.ChannelManager - Closing Channel [id: 0x2e519ad2, L:/127.0.0.1:62014 - R:localhost/127.0.0.1:62000] 
20:37:23.531 [AsyncHttpClient-1-2] DEBUG org.asynchttpclient.netty.handler.HttpHandler - Channel Closed: [id: 0x2e519ad2, L:/127.0.0.1:62014 ! R:localhost/127.0.0.1:62000] with attribute DISCARD
20:37:23.624 [AsyncHttpClient-1-9] DEBUG org.asynchttpclient.netty.handler.HttpHandler - 

Request DefaultFullHttpRequest(decodeResult: success, version: HTTP/1.1, content: EmptyByteBufBE)
DELETE /session/160c2ffd9b11f437d6c154229b013dd8 HTTP/1.1
User-Agent: selenium/4.1.2 (java windows)
Content-Type: application/json; charset=utf-8
host: localhost:65427
accept: */*

Response DefaultHttpResponse(decodeResult: success, version: HTTP/1.1)
HTTP/1.1 200 OK
Content-Type: application/json; charset=utf-8
cache-control: no-cache
content-length: 14

20:37:23.624 [AsyncHttpClient-1-9] DEBUG org.asynchttpclient.netty.channel.ChannelManager - Adding key: http://localhost:65427 for channel [id: 0x1cda85f3, L:/127.0.0.1:61999 - R:localhost/127.0.0.1:65427]
20:37:24.297 [AsyncHttpClient-1-1] DEBUG org.asynchttpclient.netty.channel.DefaultChannelPool - Entry count for : http://localhost:62000 : 1
20:37:24.297 [AsyncHttpClient-1-1] DEBUG org.asynchttpclient.netty.channel.DefaultChannelPool - Entry count for : http://localhost:65427 : 1
20:37:24.297 [AsyncHttpClient-1-1] DEBUG org.asynchttpclient.netty.channel.DefaultChannelPool - Adding Candidate expired Channel [id: 0x2e519ad2, L:/127.0.0.1:62014 ! R:localhost/127.0.0.1:62000] isIdleTimeoutExpired=false isRemotelyClosed=true isTtlExpired=false
20:37:24.297 [AsyncHttpClient-1-1] DEBUG org.asynchttpclient.netty.channel.DefaultChannelPool - Closing Idle Channel [id: 0x2e519ad2, L:/127.0.0.1:62014 ! R:localhost/127.0.0.1:62000]
20:37:24.297 [AsyncHttpClient-1-1] DEBUG org.asynchttpclient.netty.channel.DefaultChannelPool - Closed 1 connections out of 2 in 0 ms
20:37:24.755 [AsyncHttpClient-1-9] DEBUG org.asynchttpclient.netty.handler.HttpHandler - Unexpected I/O exception on channel [id: 0x1cda85f3, L:/127.0.0.1:61999 - R:localhost/127.0.0.1:65427]
java.io.IOException: An existing connection was forcibly closed by the remote host
	at java.base/sun.nio.ch.SocketDispatcher.read0(Native Method)
	at java.base/sun.nio.ch.SocketDispatcher.read(SocketDispatcher.java:43)
	at java.base/sun.nio.ch.IOUtil.readIntoNativeBuffer(IOUtil.java:276)
	at java.base/sun.nio.ch.IOUtil.read(IOUtil.java:233)
	at java.base/sun.nio.ch.IOUtil.read(IOUtil.java:223)
	at java.base/sun.nio.ch.SocketChannelImpl.read(SocketChannelImpl.java:358)
	at io.netty.buffer.PooledByteBuf.setBytes(PooledByteBuf.java:258)
	at io.netty.buffer.AbstractByteBuf.writeBytes(AbstractByteBuf.java:1132)
	at io.netty.channel.socket.nio.NioSocketChannel.doReadBytes(NioSocketChannel.java:350)
	at io.netty.channel.nio.AbstractNioByteChannel$NioByteUnsafe.read(AbstractNioByteChannel.java:151)
	at io.netty.channel.nio.NioEventLoop.processSelectedKey(NioEventLoop.java:722)
	at io.netty.channel.nio.NioEventLoop.processSelectedKeysOptimized(NioEventLoop.java:658)
	at io.netty.channel.nio.NioEventLoop.processSelectedKeys(NioEventLoop.java:584)
	at io.netty.channel.nio.NioEventLoop.run(NioEventLoop.java:496)
	at io.netty.util.concurrent.SingleThreadEventExecutor$4.run(SingleThreadEventExecutor.java:986)
	at io.netty.util.internal.ThreadExecutorMap$2.run(ThreadExecutorMap.java:74)
	at io.netty.util.concurrent.FastThreadLocalRunnable.run(FastThreadLocalRunnable.java:30)
	at java.base/java.lang.Thread.run(Thread.java:834)
20:37:24.755 [AsyncHttpClient-1-9] DEBUG org.asynchttpclient.netty.channel.ChannelManager - Closing Channel [id: 0x1cda85f3, L:/127.0.0.1:61999 - R:localhost/127.0.0.1:65427] 
20:37:24.755 [AsyncHttpClient-1-9] DEBUG org.asynchttpclient.netty.handler.HttpHandler - Channel Closed: [id: 0x1cda85f3, L:/127.0.0.1:61999 ! R:localhost/127.0.0.1:65427] with attribute DISCARD
]]></system-out>
    <system-err><![CDATA[Starting ChromeDriver 102.0.5005.61 (0e59bcc00cc4985ce39ad31c150065f159d95ad3-refs/branch-heads/5005@{#819}) on port 65427
Only local connections are allowed.
Please see https://chromedriver.chromium.org/security-considerations for suggestions on keeping ChromeDriver safe.
ChromeDriver was started successfully.
Jun 23, 2022 8:37:00 PM org.openqa.selenium.remote.ProtocolHandshake createSession
INFO: Detected dialect: W3C
Jun 23, 2022 8:37:01 PM org.openqa.selenium.devtools.CdpVersionFinder findNearestMatch
WARNING: Unable to find an exact match for CDP version 102, so returning the closest version found: a no-op implementation
Jun 23, 2022 8:37:01 PM org.openqa.selenium.devtools.CdpVersionFinder findNearestMatch
INFO: Unable to find CDP implementation matching 102.
Jun 23, 2022 8:37:01 PM org.openqa.selenium.chromium.ChromiumDriver lambda$new$3
WARNING: Unable to find version of CDP to use for . You may need to include a dependency on a specific version of the CDP using something similar to `org.seleniumhq.selenium:selenium-devtools-v86:4.1.2` where the version ("v86") matches the version of the chromium-based browser you're using and the version number of the artifact is the same as Selenium's.
]]></system-err>
  </testcase>
  <testcase name="As a admin i want to edit data dokter #5" classname="Edit Data Dokter - Admin" time="32.421">
    <system-out><![CDATA[
@EditDokterData
Scenario Outline: As a admin i want to edit data dokter                            &amp#27;[90m# src/test/resources/features/EditDataDokter.feature:18&amp#27;[0m
20:37:24.821 [main] INFO io.cucumber.core.plugin.SerenityReporter - Running feature from file:///D:/Kel-1-capstone/TestingWeb/src/test/resources/features/EditDataDokter.feature
20:37:24.899 [main] DEBUG net.thucydides.core.steps.StepInterceptor - STARTING STEP: DokterDataSteps.openPageDataDokter - openDataDokter
20:37:24.899 [main] INFO net.serenitybdd.core.webdriver.driverproviders.ChromeDriverProvider - Using automatically driver download
20:37:25.230 [main] DEBUG io.github.bonigarcia.wdm.cache.ResolutionCache - Resolution chrome=102 in cache (valid until 21:04:30 23/06/2022 ICT)
20:37:25.262 [main] DEBUG io.github.bonigarcia.wdm.cache.ResolutionCache - Resolution chrome102=102.0.5005.61 in cache (valid until 20:04:30 24/06/2022 ICT)
20:37:25.262 [main] INFO io.github.bonigarcia.wdm.WebDriverManager - Using chromedriver 102.0.5005.61 (resolved driver for Chrome 102)
20:37:25.309 [main] DEBUG io.github.bonigarcia.wdm.WebDriverManager - Driver chromedriver 102.0.5005.61 found in cache
20:37:25.309 [main] INFO io.github.bonigarcia.wdm.WebDriverManager - Exporting webdriver.chrome.driver as C:\Users\ASUS\.cache\selenium\chromedriver\win32\102.0.5005.61\chromedriver.exe
20:37:25.390 [AsyncHttpClient-1-1] DEBUG org.asynchttpclient.netty.channel.DefaultChannelPool - Entry count for : http://localhost:65427 : 1
20:37:25.390 [AsyncHttpClient-1-1] DEBUG org.asynchttpclient.netty.channel.DefaultChannelPool - Adding Candidate expired Channel [id: 0x1cda85f3, L:/127.0.0.1:61999 ! R:localhost/127.0.0.1:65427] isIdleTimeoutExpired=false isRemotelyClosed=true isTtlExpired=false
20:37:25.390 [AsyncHttpClient-1-1] DEBUG org.asynchttpclient.netty.channel.DefaultChannelPool - Closing Idle Channel [id: 0x1cda85f3, L:/127.0.0.1:61999 ! R:localhost/127.0.0.1:65427]
20:37:25.390 [AsyncHttpClient-1-1] DEBUG org.asynchttpclient.netty.channel.DefaultChannelPool - Closed 1 connections out of 1 in 0 ms
20:37:25.615 [main] DEBUG net.serenitybdd.core.webdriver.driverproviders.ProvideNewDriver - Instantiating driver
20:37:25.615 [main] DEBUG net.serenitybdd.core.webdriver.driverproviders.ProvideNewDriver - Driver capabilities: Capabilities {acceptInsecureCerts: false, base.url: https://fanciful-trifle-360..., browserName: chrome, chorme.driver: src/test/resources/webdrive..., driver: chrome, goog:chromeOptions: {args: [], extensions: []}}
20:37:26.174 [AsyncHttpClient-1-4] DEBUG org.asynchttpclient.netty.channel.NettyConnectListener - Using new Channel '[id: 0x5041318f, L:/127.0.0.1:62060 - R:localhost/127.0.0.1:62433]' for 'POST' to '/session'
20:37:27.974 [AsyncHttpClient-1-4] DEBUG org.asynchttpclient.netty.handler.HttpHandler - 

Request DefaultHttpRequest(decodeResult: success, version: HTTP/1.1)
POST /session HTTP/1.1
User-Agent: selenium/4.1.2 (java windows)
Content-Length: 629
Content-Type: application/json; charset=utf-8
host: localhost:62433
accept: */*

Response DefaultHttpResponse(decodeResult: success, version: HTTP/1.1)
HTTP/1.1 200 OK
Content-Type: application/json; charset=utf-8
cache-control: no-cache
content-length: 790

20:37:27.974 [AsyncHttpClient-1-4] DEBUG org.asynchttpclient.netty.channel.ChannelManager - Adding key: http://localhost:62433 for channel [id: 0x5041318f, L:/127.0.0.1:62060 - R:localhost/127.0.0.1:62433]
20:37:28.037 [AsyncHttpClient-1-5] DEBUG org.asynchttpclient.netty.channel.NettyConnectListener - Using new Channel '[id: 0xd9acc6b4, L:/127.0.0.1:62073 - R:localhost/127.0.0.1:62063]' for 'GET' to '/json/version'
20:37:28.040 [AsyncHttpClient-1-5] DEBUG org.asynchttpclient.netty.handler.HttpHandler - 

Request DefaultFullHttpRequest(decodeResult: success, version: HTTP/1.1, content: EmptyByteBufBE)
GET /json/version HTTP/1.1
User-Agent: selenium/4.1.2 (java windows)
host: localhost:62063
accept: */*

Response DefaultHttpResponse(decodeResult: success, version: HTTP/1.1)
HTTP/1.1 200 OK
Content-Type: application/json; charset=UTF-8
content-length: 428

20:37:28.041 [AsyncHttpClient-1-5] DEBUG org.asynchttpclient.netty.channel.ChannelManager - Adding key: http://localhost:62063 for channel [id: 0xd9acc6b4, L:/127.0.0.1:62073 - R:localhost/127.0.0.1:62063]
20:37:28.048 [AsyncHttpClient-1-6] DEBUG org.asynchttpclient.netty.channel.NettyConnectListener - Using new Channel '[id: 0x23040cd6, L:/127.0.0.1:62074 - R:localhost/127.0.0.1:62063]' for 'GET' to '/devtools/browser/19ecacfb-b5d0-4b2d-a20e-b62fb18c6886'
20:37:28.049 [AsyncHttpClient-1-6] DEBUG org.asynchttpclient.netty.handler.WebSocketHandler - 

Request DefaultFullHttpRequest(decodeResult: success, version: HTTP/1.1, content: EmptyByteBufBE)
GET /devtools/browser/19ecacfb-b5d0-4b2d-a20e-b62fb18c6886 HTTP/1.1
upgrade: websocket
connection: upgrade
sec-websocket-key: i2p17C9JoOyE0p9bBpEoKQ==
sec-websocket-version: 13
origin: http://localhost:62063
host: localhost:62063
accept: */*
user-agent: AHC/2.1

Response DefaultHttpResponse(decodeResult: success, version: HTTP/1.1)
HTTP/1.1 101 WebSocket Protocol Handshake
Upgrade: WebSocket
Connection: Upgrade
Sec-WebSocket-Accept: WU38VoKuWWuOWkXKQeJAxNtxJDs=

20:37:28.076 [Forwarding get on session 149b823a84ccace5ba6fbed1d6ef89af to remote] DEBUG org.asynchttpclient.netty.request.NettyRequestSender - Using pooled Channel '[id: 0x5041318f, L:/127.0.0.1:62060 - R:localhost/127.0.0.1:62433]' for 'POST' to 'http://localhost:62433/session/149b823a84ccace5ba6fbed1d6ef89af/url'
20:37:28.076 [Forwarding get on session 149b823a84ccace5ba6fbed1d6ef89af to remote] DEBUG org.asynchttpclient.netty.request.NettyRequestSender - Using open Channel [id: 0x5041318f, L:/127.0.0.1:62060 - R:localhost/127.0.0.1:62433] for POST '/session/149b823a84ccace5ba6fbed1d6ef89af/url'
20:37:28.712 [AsyncHttpClient-1-1] DEBUG org.asynchttpclient.netty.channel.DefaultChannelPool - Entry count for : http://localhost:62063 : 1
20:37:29.798 [AsyncHttpClient-1-1] DEBUG org.asynchttpclient.netty.channel.DefaultChannelPool - Entry count for : http://localhost:62063 : 1
20:37:30.897 [AsyncHttpClient-1-1] DEBUG org.asynchttpclient.netty.channel.DefaultChannelPool - Entry count for : http://localhost:62063 : 1
20:37:31.998 [AsyncHttpClient-1-1] DEBUG org.asynchttpclient.netty.channel.DefaultChannelPool - Entry count for : http://localhost:62063 : 1
20:37:32.941 [AsyncHttpClient-1-4] DEBUG org.asynchttpclient.netty.handler.HttpHandler - 

Request DefaultHttpRequest(decodeResult: success, version: HTTP/1.1)
POST /session/149b823a84ccace5ba6fbed1d6ef89af/url HTTP/1.1
User-Agent: selenium/4.1.2 (java windows)
Content-Length: 84
Content-Type: application/json; charset=utf-8
host: localhost:62433
accept: */*

Response DefaultHttpResponse(decodeResult: success, version: HTTP/1.1)
HTTP/1.1 200 OK
Content-Type: application/json; charset=utf-8
cache-control: no-cache
content-length: 14

20:37:32.942 [AsyncHttpClient-1-4] DEBUG org.asynchttpclient.netty.channel.ChannelManager - Adding key: http://localhost:62433 for channel [id: 0x5041318f, L:/127.0.0.1:62060 - R:localhost/127.0.0.1:62433]
20:37:32.944 [Forwarding setTimeout on session 149b823a84ccace5ba6fbed1d6ef89af to remote] DEBUG org.asynchttpclient.netty.request.NettyRequestSender - Using pooled Channel '[id: 0x5041318f, L:/127.0.0.1:62060 - R:localhost/127.0.0.1:62433]' for 'POST' to 'http://localhost:62433/session/149b823a84ccace5ba6fbed1d6ef89af/timeouts'
20:37:32.944 [Forwarding setTimeout on session 149b823a84ccace5ba6fbed1d6ef89af to remote] DEBUG org.asynchttpclient.netty.request.NettyRequestSender - Using open Channel [id: 0x5041318f, L:/127.0.0.1:62060 - R:localhost/127.0.0.1:62433] for POST '/session/149b823a84ccace5ba6fbed1d6ef89af/timeouts'
20:37:32.946 [AsyncHttpClient-1-4] DEBUG org.asynchttpclient.netty.handler.HttpHandler - 

Request DefaultHttpRequest(decodeResult: success, version: HTTP/1.1)
POST /session/149b823a84ccace5ba6fbed1d6ef89af/timeouts HTTP/1.1
User-Agent: selenium/4.1.2 (java windows)
Content-Length: 22
Content-Type: application/json; charset=utf-8
host: localhost:62433
accept: */*

Response DefaultHttpResponse(decodeResult: success, version: HTTP/1.1)
HTTP/1.1 200 OK
Content-Type: application/json; charset=utf-8
cache-control: no-cache
content-length: 14

20:37:32.947 [AsyncHttpClient-1-4] DEBUG org.asynchttpclient.netty.channel.ChannelManager - Adding key: http://localhost:62433 for channel [id: 0x5041318f, L:/127.0.0.1:62060 - R:localhost/127.0.0.1:62433]
20:37:32.956 [Forwarding getCurrentUrl on session 149b823a84ccace5ba6fbed1d6ef89af to remote] DEBUG org.asynchttpclient.netty.request.NettyRequestSender - Using pooled Channel '[id: 0x5041318f, L:/127.0.0.1:62060 - R:localhost/127.0.0.1:62433]' for 'GET' to 'http://localhost:62433/session/149b823a84ccace5ba6fbed1d6ef89af/url'
20:37:32.956 [Forwarding getCurrentUrl on session 149b823a84ccace5ba6fbed1d6ef89af to remote] DEBUG org.asynchttpclient.netty.request.NettyRequestSender - Using open Channel [id: 0x5041318f, L:/127.0.0.1:62060 - R:localhost/127.0.0.1:62433] for GET '/session/149b823a84ccace5ba6fbed1d6ef89af/url'
20:37:32.972 [AsyncHttpClient-1-4] DEBUG org.asynchttpclient.netty.handler.HttpHandler - 

Request DefaultFullHttpRequest(decodeResult: success, version: HTTP/1.1, content: EmptyByteBufBE)
GET /session/149b823a84ccace5ba6fbed1d6ef89af/url HTTP/1.1
User-Agent: selenium/4.1.2 (java windows)
Cache-Control: no-cache
Content-Type: application/json; charset=utf-8
host: localhost:62433
accept: */*

Response DefaultHttpResponse(decodeResult: success, version: HTTP/1.1)
HTTP/1.1 200 OK
Content-Type: application/json; charset=utf-8
cache-control: no-cache
content-length: 66

20:37:32.972 [AsyncHttpClient-1-4] DEBUG org.asynchttpclient.netty.channel.ChannelManager - Adding key: http://localhost:62433 for channel [id: 0x5041318f, L:/127.0.0.1:62060 - R:localhost/127.0.0.1:62433]
20:37:32.989 [Forwarding screenshot on session 149b823a84ccace5ba6fbed1d6ef89af to remote] DEBUG org.asynchttpclient.netty.request.NettyRequestSender - Using pooled Channel '[id: 0x5041318f, L:/127.0.0.1:62060 - R:localhost/127.0.0.1:62433]' for 'GET' to 'http://localhost:62433/session/149b823a84ccace5ba6fbed1d6ef89af/screenshot'
20:37:32.989 [Forwarding screenshot on session 149b823a84ccace5ba6fbed1d6ef89af to remote] DEBUG org.asynchttpclient.netty.request.NettyRequestSender - Using open Channel [id: 0x5041318f, L:/127.0.0.1:62060 - R:localhost/127.0.0.1:62433] for GET '/session/149b823a84ccace5ba6fbed1d6ef89af/screenshot'
20:37:33.089 [AsyncHttpClient-1-1] DEBUG org.asynchttpclient.netty.channel.DefaultChannelPool - Entry count for : http://localhost:62063 : 1
20:37:34.142 [AsyncHttpClient-1-4] DEBUG org.asynchttpclient.netty.handler.HttpHandler - 

Request DefaultFullHttpRequest(decodeResult: success, version: HTTP/1.1, content: EmptyByteBufBE)
GET /session/149b823a84ccace5ba6fbed1d6ef89af/screenshot HTTP/1.1
User-Agent: selenium/4.1.2 (java windows)
Cache-Control: no-cache
Content-Type: application/json; charset=utf-8
host: localhost:62433
accept: */*

Response DefaultHttpResponse(decodeResult: success, version: HTTP/1.1)
HTTP/1.1 200 OK
Content-Type: application/json; charset=utf-8
cache-control: no-cache
content-length: 88916

20:37:34.142 [AsyncHttpClient-1-4] DEBUG org.asynchttpclient.netty.channel.ChannelManager - Adding key: http://localhost:62433 for channel [id: 0x5041318f, L:/127.0.0.1:62060 - R:localhost/127.0.0.1:62433]
20:37:34.142 [main] DEBUG net.serenitybdd.core.photography.Darkroom - Send negative for processing for target\site\serenity\34e9dbdcba3bc7abcc0fa8af48bc3d881f9aa0d3c83530fdb108ced0cf2b67fd.png
20:37:34.142 [main] DEBUG net.thucydides.core.steps.StepInterceptor - STEP DONE: openDataDokter
  &amp#27;[32mGiven &amp#27;[0m&amp#27;[32mOpen page data dokter&amp#27;[0m                                                      &amp#27;[90m# starter.stepdefinitios.DokterDataSteps.openPageDataDokter()&amp#27;[0m
20:37:34.142 [Darkroom Processing Line] DEBUG net.serenitybdd.core.photography.DarkroomProcessingLine - Processing screenshot image in /var/screenshots/screenshot-16550243269616711706
20:37:34.142 [Darkroom Processing Line] DEBUG net.serenitybdd.core.photography.DarkroomProcessingLine - Saving screenshot to target\site\serenity\34e9dbdcba3bc7abcc0fa8af48bc3d881f9aa0d3c83530fdb108ced0cf2b67fd.png
20:37:34.174 [main] DEBUG net.thucydides.core.steps.StepInterceptor - STARTING STEP: DokterDataSteps.clickDetailDokterData - clickButtonDetail
20:37:34.189 [AsyncHttpClient-1-1] DEBUG org.asynchttpclient.netty.channel.DefaultChannelPool - Entry count for : http://localhost:62063 : 1
20:37:34.189 [AsyncHttpClient-1-1] DEBUG org.asynchttpclient.netty.channel.DefaultChannelPool - Entry count for : http://localhost:62433 : 1
20:37:34.189 [Forwarding findElement on session 149b823a84ccace5ba6fbed1d6ef89af to remote] DEBUG org.asynchttpclient.netty.request.NettyRequestSender - Using pooled Channel '[id: 0x5041318f, L:/127.0.0.1:62060 - R:localhost/127.0.0.1:62433]' for 'POST' to 'http://localhost:62433/session/149b823a84ccace5ba6fbed1d6ef89af/element'
20:37:34.189 [Forwarding findElement on session 149b823a84ccace5ba6fbed1d6ef89af to remote] DEBUG org.asynchttpclient.netty.request.NettyRequestSender - Using open Channel [id: 0x5041318f, L:/127.0.0.1:62060 - R:localhost/127.0.0.1:62433] for POST '/session/149b823a84ccace5ba6fbed1d6ef89af/element'
20:37:34.205 [AsyncHttpClient-1-4] DEBUG org.asynchttpclient.netty.handler.HttpHandler - 

Request DefaultHttpRequest(decodeResult: success, version: HTTP/1.1)
POST /session/149b823a84ccace5ba6fbed1d6ef89af/element HTTP/1.1
User-Agent: selenium/4.1.2 (java windows)
Content-Length: 92
Content-Type: application/json; charset=utf-8
host: localhost:62433
accept: */*

Response DefaultHttpResponse(decodeResult: success, version: HTTP/1.1)
HTTP/1.1 200 OK
Content-Type: application/json; charset=utf-8
cache-control: no-cache
content-length: 88

20:37:34.205 [AsyncHttpClient-1-4] DEBUG org.asynchttpclient.netty.channel.ChannelManager - Adding key: http://localhost:62433 for channel [id: 0x5041318f, L:/127.0.0.1:62060 - R:localhost/127.0.0.1:62433]
20:37:34.205 [Forwarding getElementTagName on session 149b823a84ccace5ba6fbed1d6ef89af to remote] DEBUG org.asynchttpclient.netty.request.NettyRequestSender - Using pooled Channel '[id: 0x5041318f, L:/127.0.0.1:62060 - R:localhost/127.0.0.1:62433]' for 'GET' to 'http://localhost:62433/session/149b823a84ccace5ba6fbed1d6ef89af/element/a4a36b50-8261-43a1-bb48-9bafb224ae6c/name'
20:37:34.205 [Forwarding getElementTagName on session 149b823a84ccace5ba6fbed1d6ef89af to remote] DEBUG org.asynchttpclient.netty.request.NettyRequestSender - Using open Channel [id: 0x5041318f, L:/127.0.0.1:62060 - R:localhost/127.0.0.1:62433] for GET '/session/149b823a84ccace5ba6fbed1d6ef89af/element/a4a36b50-8261-43a1-bb48-9bafb224ae6c/name'
20:37:34.220 [AsyncHttpClient-1-4] DEBUG org.asynchttpclient.netty.handler.HttpHandler - 

Request DefaultFullHttpRequest(decodeResult: success, version: HTTP/1.1, content: EmptyByteBufBE)
GET /session/149b823a84ccace5ba6fbed1d6ef89af/element/a4a36b50-8261-43a1-bb48-9bafb224ae6c/name HTTP/1.1
User-Agent: selenium/4.1.2 (java windows)
Cache-Control: no-cache
Content-Type: application/json; charset=utf-8
host: localhost:62433
accept: */*

Response DefaultHttpResponse(decodeResult: success, version: HTTP/1.1)
HTTP/1.1 200 OK
Content-Type: application/json; charset=utf-8
cache-control: no-cache
content-length: 15

20:37:34.220 [AsyncHttpClient-1-4] DEBUG org.asynchttpclient.netty.channel.ChannelManager - Adding key: http://localhost:62433 for channel [id: 0x5041318f, L:/127.0.0.1:62060 - R:localhost/127.0.0.1:62433]
20:37:34.220 [Forwarding getElementTagName on session 149b823a84ccace5ba6fbed1d6ef89af to remote] DEBUG org.asynchttpclient.netty.request.NettyRequestSender - Using pooled Channel '[id: 0x5041318f, L:/127.0.0.1:62060 - R:localhost/127.0.0.1:62433]' for 'GET' to 'http://localhost:62433/session/149b823a84ccace5ba6fbed1d6ef89af/element/a4a36b50-8261-43a1-bb48-9bafb224ae6c/name'
20:37:34.220 [Forwarding getElementTagName on session 149b823a84ccace5ba6fbed1d6ef89af to remote] DEBUG org.asynchttpclient.netty.request.NettyRequestSender - Using open Channel [id: 0x5041318f, L:/127.0.0.1:62060 - R:localhost/127.0.0.1:62433] for GET '/session/149b823a84ccace5ba6fbed1d6ef89af/element/a4a36b50-8261-43a1-bb48-9bafb224ae6c/name'
20:37:34.236 [AsyncHttpClient-1-4] DEBUG org.asynchttpclient.netty.handler.HttpHandler - 

Request DefaultFullHttpRequest(decodeResult: success, version: HTTP/1.1, content: EmptyByteBufBE)
GET /session/149b823a84ccace5ba6fbed1d6ef89af/element/a4a36b50-8261-43a1-bb48-9bafb224ae6c/name HTTP/1.1
User-Agent: selenium/4.1.2 (java windows)
Cache-Control: no-cache
Content-Type: application/json; charset=utf-8
host: localhost:62433
accept: */*

Response DefaultHttpResponse(decodeResult: success, version: HTTP/1.1)
HTTP/1.1 200 OK
Content-Type: application/json; charset=utf-8
cache-control: no-cache
content-length: 15

20:37:34.236 [AsyncHttpClient-1-4] DEBUG org.asynchttpclient.netty.channel.ChannelManager - Adding key: http://localhost:62433 for channel [id: 0x5041318f, L:/127.0.0.1:62060 - R:localhost/127.0.0.1:62433]
20:37:34.236 [Forwarding findElement on session 149b823a84ccace5ba6fbed1d6ef89af to remote] DEBUG org.asynchttpclient.netty.request.NettyRequestSender - Using pooled Channel '[id: 0x5041318f, L:/127.0.0.1:62060 - R:localhost/127.0.0.1:62433]' for 'POST' to 'http://localhost:62433/session/149b823a84ccace5ba6fbed1d6ef89af/element'
20:37:34.236 [Forwarding findElement on session 149b823a84ccace5ba6fbed1d6ef89af to remote] DEBUG org.asynchttpclient.netty.request.NettyRequestSender - Using open Channel [id: 0x5041318f, L:/127.0.0.1:62060 - R:localhost/127.0.0.1:62433] for POST '/session/149b823a84ccace5ba6fbed1d6ef89af/element'
20:37:34.252 [AsyncHttpClient-1-4] DEBUG org.asynchttpclient.netty.handler.HttpHandler - 

Request DefaultHttpRequest(decodeResult: success, version: HTTP/1.1)
POST /session/149b823a84ccace5ba6fbed1d6ef89af/element HTTP/1.1
User-Agent: selenium/4.1.2 (java windows)
Content-Length: 92
Content-Type: application/json; charset=utf-8
host: localhost:62433
accept: */*

Response DefaultHttpResponse(decodeResult: success, version: HTTP/1.1)
HTTP/1.1 200 OK
Content-Type: application/json; charset=utf-8
cache-control: no-cache
content-length: 88

20:37:34.252 [AsyncHttpClient-1-4] DEBUG org.asynchttpclient.netty.channel.ChannelManager - Adding key: http://localhost:62433 for channel [id: 0x5041318f, L:/127.0.0.1:62060 - R:localhost/127.0.0.1:62433]
20:37:34.252 [Forwarding clickElement on session 149b823a84ccace5ba6fbed1d6ef89af to remote] DEBUG org.asynchttpclient.netty.request.NettyRequestSender - Using pooled Channel '[id: 0x5041318f, L:/127.0.0.1:62060 - R:localhost/127.0.0.1:62433]' for 'POST' to 'http://localhost:62433/session/149b823a84ccace5ba6fbed1d6ef89af/element/a4a36b50-8261-43a1-bb48-9bafb224ae6c/click'
20:37:34.252 [Forwarding clickElement on session 149b823a84ccace5ba6fbed1d6ef89af to remote] DEBUG org.asynchttpclient.netty.request.NettyRequestSender - Using open Channel [id: 0x5041318f, L:/127.0.0.1:62060 - R:localhost/127.0.0.1:62433] for POST '/session/149b823a84ccace5ba6fbed1d6ef89af/element/a4a36b50-8261-43a1-bb48-9bafb224ae6c/click'
20:37:34.591 [AsyncHttpClient-1-4] DEBUG org.asynchttpclient.netty.handler.HttpHandler - 

Request DefaultHttpRequest(decodeResult: success, version: HTTP/1.1)
POST /session/149b823a84ccace5ba6fbed1d6ef89af/element/a4a36b50-8261-43a1-bb48-9bafb224ae6c/click HTTP/1.1
User-Agent: selenium/4.1.2 (java windows)
Content-Length: 50
Content-Type: application/json; charset=utf-8
host: localhost:62433
accept: */*

Response DefaultHttpResponse(decodeResult: success, version: HTTP/1.1)
HTTP/1.1 200 OK
Content-Type: application/json; charset=utf-8
cache-control: no-cache
content-length: 14

20:37:34.591 [AsyncHttpClient-1-4] DEBUG org.asynchttpclient.netty.channel.ChannelManager - Adding key: http://localhost:62433 for channel [id: 0x5041318f, L:/127.0.0.1:62060 - R:localhost/127.0.0.1:62433]
20:37:34.607 [Forwarding screenshot on session 149b823a84ccace5ba6fbed1d6ef89af to remote] DEBUG org.asynchttpclient.netty.request.NettyRequestSender - Using pooled Channel '[id: 0x5041318f, L:/127.0.0.1:62060 - R:localhost/127.0.0.1:62433]' for 'GET' to 'http://localhost:62433/session/149b823a84ccace5ba6fbed1d6ef89af/screenshot'
20:37:34.607 [Forwarding screenshot on session 149b823a84ccace5ba6fbed1d6ef89af to remote] DEBUG org.asynchttpclient.netty.request.NettyRequestSender - Using open Channel [id: 0x5041318f, L:/127.0.0.1:62060 - R:localhost/127.0.0.1:62433] for GET '/session/149b823a84ccace5ba6fbed1d6ef89af/screenshot'
20:37:35.132 [AsyncHttpClient-1-4] DEBUG org.asynchttpclient.netty.handler.HttpHandler - 

Request DefaultFullHttpRequest(decodeResult: success, version: HTTP/1.1, content: EmptyByteBufBE)
GET /session/149b823a84ccace5ba6fbed1d6ef89af/screenshot HTTP/1.1
User-Agent: selenium/4.1.2 (java windows)
Cache-Control: no-cache
Content-Type: application/json; charset=utf-8
host: localhost:62433
accept: */*

Response DefaultHttpResponse(decodeResult: success, version: HTTP/1.1)
HTTP/1.1 200 OK
Content-Type: application/json; charset=utf-8
cache-control: no-cache
content-length: 39512

20:37:35.132 [AsyncHttpClient-1-4] DEBUG org.asynchttpclient.netty.channel.ChannelManager - Adding key: http://localhost:62433 for channel [id: 0x5041318f, L:/127.0.0.1:62060 - R:localhost/127.0.0.1:62433]
20:37:35.148 [main] DEBUG net.serenitybdd.core.photography.Darkroom - Send negative for processing for target\site\serenity\f6e04f72d1cbfc7405baa2226fea69bcc780169bd88640e078c342063b5cb669.png
20:37:35.148 [main] DEBUG net.thucydides.core.steps.StepInterceptor - STEP DONE: clickButtonDetail
  &amp#27;[32mAnd &amp#27;[0m&amp#27;[32mClick Detail dokter data&amp#27;[0m                                                     &amp#27;[90m# starter.stepdefinitios.DokterDataSteps.clickDetailDokterData()&amp#27;[0m
20:37:35.148 [Darkroom Processing Line] DEBUG net.serenitybdd.core.photography.DarkroomProcessingLine - Processing screenshot image in /var/screenshots/screenshot-14360373936434017492
20:37:35.148 [Darkroom Processing Line] DEBUG net.serenitybdd.core.photography.DarkroomProcessingLine - Saving screenshot to target\site\serenity\f6e04f72d1cbfc7405baa2226fea69bcc780169bd88640e078c342063b5cb669.png
20:37:35.290 [AsyncHttpClient-1-1] DEBUG org.asynchttpclient.netty.channel.DefaultChannelPool - Entry count for : http://localhost:62063 : 1
20:37:35.290 [AsyncHttpClient-1-1] DEBUG org.asynchttpclient.netty.channel.DefaultChannelPool - Entry count for : http://localhost:62433 : 1
20:37:35.700 [Forwarding screenshot on session 149b823a84ccace5ba6fbed1d6ef89af to remote] DEBUG org.asynchttpclient.netty.request.NettyRequestSender - Using pooled Channel '[id: 0x5041318f, L:/127.0.0.1:62060 - R:localhost/127.0.0.1:62433]' for 'GET' to 'http://localhost:62433/session/149b823a84ccace5ba6fbed1d6ef89af/screenshot'
20:37:35.700 [Forwarding screenshot on session 149b823a84ccace5ba6fbed1d6ef89af to remote] DEBUG org.asynchttpclient.netty.request.NettyRequestSender - Using open Channel [id: 0x5041318f, L:/127.0.0.1:62060 - R:localhost/127.0.0.1:62433] for GET '/session/149b823a84ccace5ba6fbed1d6ef89af/screenshot'
20:37:35.886 [AsyncHttpClient-1-4] DEBUG org.asynchttpclient.netty.handler.HttpHandler - 

Request DefaultFullHttpRequest(decodeResult: success, version: HTTP/1.1, content: EmptyByteBufBE)
GET /session/149b823a84ccace5ba6fbed1d6ef89af/screenshot HTTP/1.1
User-Agent: selenium/4.1.2 (java windows)
Cache-Control: no-cache
Content-Type: application/json; charset=utf-8
host: localhost:62433
accept: */*

Response DefaultHttpResponse(decodeResult: success, version: HTTP/1.1)
HTTP/1.1 200 OK
Content-Type: application/json; charset=utf-8
cache-control: no-cache
content-length: 39512

20:37:35.886 [AsyncHttpClient-1-4] DEBUG org.asynchttpclient.netty.channel.ChannelManager - Adding key: http://localhost:62433 for channel [id: 0x5041318f, L:/127.0.0.1:62060 - R:localhost/127.0.0.1:62433]
20:37:35.886 [main] DEBUG net.serenitybdd.core.photography.Darkroom - Send negative for processing for target\site\serenity\f6e04f72d1cbfc7405baa2226fea69bcc780169bd88640e078c342063b5cb669.png
20:37:35.886 [main] DEBUG net.thucydides.core.steps.StepInterceptor - STARTING STEP: DokterDataSteps.validDataDetailDokter - checkValidDataPasien
20:37:35.898 [Forwarding findElement on session 149b823a84ccace5ba6fbed1d6ef89af to remote] DEBUG org.asynchttpclient.netty.request.NettyRequestSender - Using pooled Channel '[id: 0x5041318f, L:/127.0.0.1:62060 - R:localhost/127.0.0.1:62433]' for 'POST' to 'http://localhost:62433/session/149b823a84ccace5ba6fbed1d6ef89af/element'
20:37:35.898 [Forwarding findElement on session 149b823a84ccace5ba6fbed1d6ef89af to remote] DEBUG org.asynchttpclient.netty.request.NettyRequestSender - Using open Channel [id: 0x5041318f, L:/127.0.0.1:62060 - R:localhost/127.0.0.1:62433] for POST '/session/149b823a84ccace5ba6fbed1d6ef89af/element'
20:37:35.933 [AsyncHttpClient-1-4] DEBUG org.asynchttpclient.netty.handler.HttpHandler - 

Request DefaultHttpRequest(decodeResult: success, version: HTTP/1.1)
POST /session/149b823a84ccace5ba6fbed1d6ef89af/element HTTP/1.1
User-Agent: selenium/4.1.2 (java windows)
Content-Length: 95
Content-Type: application/json; charset=utf-8
host: localhost:62433
accept: */*

Response DefaultHttpResponse(decodeResult: success, version: HTTP/1.1)
HTTP/1.1 200 OK
Content-Type: application/json; charset=utf-8
cache-control: no-cache
content-length: 88

20:37:35.933 [AsyncHttpClient-1-4] DEBUG org.asynchttpclient.netty.channel.ChannelManager - Adding key: http://localhost:62433 for channel [id: 0x5041318f, L:/127.0.0.1:62060 - R:localhost/127.0.0.1:62433]
20:37:35.935 [Forwarding isElementEnabled on session 149b823a84ccace5ba6fbed1d6ef89af to remote] DEBUG org.asynchttpclient.netty.request.NettyRequestSender - Using pooled Channel '[id: 0x5041318f, L:/127.0.0.1:62060 - R:localhost/127.0.0.1:62433]' for 'GET' to 'http://localhost:62433/session/149b823a84ccace5ba6fbed1d6ef89af/element/88b130d9-635d-43f2-a0a8-d59f2871f6e5/enabled'
20:37:35.935 [Forwarding isElementEnabled on session 149b823a84ccace5ba6fbed1d6ef89af to remote] DEBUG org.asynchttpclient.netty.request.NettyRequestSender - Using open Channel [id: 0x5041318f, L:/127.0.0.1:62060 - R:localhost/127.0.0.1:62433] for GET '/session/149b823a84ccace5ba6fbed1d6ef89af/element/88b130d9-635d-43f2-a0a8-d59f2871f6e5/enabled'
20:37:35.948 [AsyncHttpClient-1-4] DEBUG org.asynchttpclient.netty.handler.HttpHandler - 

Request DefaultFullHttpRequest(decodeResult: success, version: HTTP/1.1, content: EmptyByteBufBE)
GET /session/149b823a84ccace5ba6fbed1d6ef89af/element/88b130d9-635d-43f2-a0a8-d59f2871f6e5/enabled HTTP/1.1
User-Agent: selenium/4.1.2 (java windows)
Cache-Control: no-cache
Content-Type: application/json; charset=utf-8
host: localhost:62433
accept: */*

Response DefaultHttpResponse(decodeResult: success, version: HTTP/1.1)
HTTP/1.1 200 OK
Content-Type: application/json; charset=utf-8
cache-control: no-cache
content-length: 14

20:37:35.948 [AsyncHttpClient-1-4] DEBUG org.asynchttpclient.netty.channel.ChannelManager - Adding key: http://localhost:62433 for channel [id: 0x5041318f, L:/127.0.0.1:62060 - R:localhost/127.0.0.1:62433]
20:37:35.964 [Forwarding screenshot on session 149b823a84ccace5ba6fbed1d6ef89af to remote] DEBUG org.asynchttpclient.netty.request.NettyRequestSender - Using pooled Channel '[id: 0x5041318f, L:/127.0.0.1:62060 - R:localhost/127.0.0.1:62433]' for 'GET' to 'http://localhost:62433/session/149b823a84ccace5ba6fbed1d6ef89af/screenshot'
20:37:35.964 [Forwarding screenshot on session 149b823a84ccace5ba6fbed1d6ef89af to remote] DEBUG org.asynchttpclient.netty.request.NettyRequestSender - Using open Channel [id: 0x5041318f, L:/127.0.0.1:62060 - R:localhost/127.0.0.1:62433] for GET '/session/149b823a84ccace5ba6fbed1d6ef89af/screenshot'
20:37:36.126 [AsyncHttpClient-1-4] DEBUG org.asynchttpclient.netty.handler.HttpHandler - 

Request DefaultFullHttpRequest(decodeResult: success, version: HTTP/1.1, content: EmptyByteBufBE)
GET /session/149b823a84ccace5ba6fbed1d6ef89af/screenshot HTTP/1.1
User-Agent: selenium/4.1.2 (java windows)
Cache-Control: no-cache
Content-Type: application/json; charset=utf-8
host: localhost:62433
accept: */*

Response DefaultHttpResponse(decodeResult: success, version: HTTP/1.1)
HTTP/1.1 200 OK
Content-Type: application/json; charset=utf-8
cache-control: no-cache
content-length: 39512

20:37:36.126 [AsyncHttpClient-1-4] DEBUG org.asynchttpclient.netty.channel.ChannelManager - Adding key: http://localhost:62433 for channel [id: 0x5041318f, L:/127.0.0.1:62060 - R:localhost/127.0.0.1:62433]
20:37:36.126 [main] DEBUG net.serenitybdd.core.photography.Darkroom - Send negative for processing for target\site\serenity\f6e04f72d1cbfc7405baa2226fea69bcc780169bd88640e078c342063b5cb669.png
20:37:36.126 [main] DEBUG net.thucydides.core.steps.StepInterceptor - STEP DONE: checkValidDataPasien
  &amp#27;[32mWhen &amp#27;[0m&amp#27;[32mValid data detail dokter&amp#27;[0m                                                    &amp#27;[90m# starter.stepdefinitios.DokterDataSteps.validDataDetailDokter()&amp#27;[0m
20:37:36.260 [Forwarding screenshot on session 149b823a84ccace5ba6fbed1d6ef89af to remote] DEBUG org.asynchttpclient.netty.request.NettyRequestSender - Using pooled Channel '[id: 0x5041318f, L:/127.0.0.1:62060 - R:localhost/127.0.0.1:62433]' for 'GET' to 'http://localhost:62433/session/149b823a84ccace5ba6fbed1d6ef89af/screenshot'
20:37:36.260 [Forwarding screenshot on session 149b823a84ccace5ba6fbed1d6ef89af to remote] DEBUG org.asynchttpclient.netty.request.NettyRequestSender - Using open Channel [id: 0x5041318f, L:/127.0.0.1:62060 - R:localhost/127.0.0.1:62433] for GET '/session/149b823a84ccace5ba6fbed1d6ef89af/screenshot'
20:37:36.405 [AsyncHttpClient-1-1] DEBUG org.asynchttpclient.netty.channel.DefaultChannelPool - Entry count for : http://localhost:62063 : 1
20:37:36.463 [AsyncHttpClient-1-4] DEBUG org.asynchttpclient.netty.handler.HttpHandler - 

Request DefaultFullHttpRequest(decodeResult: success, version: HTTP/1.1, content: EmptyByteBufBE)
GET /session/149b823a84ccace5ba6fbed1d6ef89af/screenshot HTTP/1.1
User-Agent: selenium/4.1.2 (java windows)
Cache-Control: no-cache
Content-Type: application/json; charset=utf-8
host: localhost:62433
accept: */*

Response DefaultHttpResponse(decodeResult: success, version: HTTP/1.1)
HTTP/1.1 200 OK
Content-Type: application/json; charset=utf-8
cache-control: no-cache
content-length: 39512

20:37:36.463 [AsyncHttpClient-1-4] DEBUG org.asynchttpclient.netty.channel.ChannelManager - Adding key: http://localhost:62433 for channel [id: 0x5041318f, L:/127.0.0.1:62060 - R:localhost/127.0.0.1:62433]
20:37:36.468 [main] DEBUG net.serenitybdd.core.photography.Darkroom - Send negative for processing for target\site\serenity\f6e04f72d1cbfc7405baa2226fea69bcc780169bd88640e078c342063b5cb669.png
20:37:36.468 [main] DEBUG net.thucydides.core.steps.StepInterceptor - STARTING STEP: PatientDataSteps.clickButtonEditProfil - clickButtonEditDataPasien
20:37:36.472 [Forwarding findElement on session 149b823a84ccace5ba6fbed1d6ef89af to remote] DEBUG org.asynchttpclient.netty.request.NettyRequestSender - Using pooled Channel '[id: 0x5041318f, L:/127.0.0.1:62060 - R:localhost/127.0.0.1:62433]' for 'POST' to 'http://localhost:62433/session/149b823a84ccace5ba6fbed1d6ef89af/element'
20:37:36.472 [Forwarding findElement on session 149b823a84ccace5ba6fbed1d6ef89af to remote] DEBUG org.asynchttpclient.netty.request.NettyRequestSender - Using open Channel [id: 0x5041318f, L:/127.0.0.1:62060 - R:localhost/127.0.0.1:62433] for POST '/session/149b823a84ccace5ba6fbed1d6ef89af/element'
20:37:36.502 [AsyncHttpClient-1-4] DEBUG org.asynchttpclient.netty.handler.HttpHandler - 

Request DefaultHttpRequest(decodeResult: success, version: HTTP/1.1)
POST /session/149b823a84ccace5ba6fbed1d6ef89af/element HTTP/1.1
User-Agent: selenium/4.1.2 (java windows)
Content-Length: 116
Content-Type: application/json; charset=utf-8
host: localhost:62433
accept: */*

Response DefaultHttpResponse(decodeResult: success, version: HTTP/1.1)
HTTP/1.1 200 OK
Content-Type: application/json; charset=utf-8
cache-control: no-cache
content-length: 88

20:37:36.502 [AsyncHttpClient-1-4] DEBUG org.asynchttpclient.netty.channel.ChannelManager - Adding key: http://localhost:62433 for channel [id: 0x5041318f, L:/127.0.0.1:62060 - R:localhost/127.0.0.1:62433]
20:37:36.502 [Forwarding getElementTagName on session 149b823a84ccace5ba6fbed1d6ef89af to remote] DEBUG org.asynchttpclient.netty.request.NettyRequestSender - Using pooled Channel '[id: 0x5041318f, L:/127.0.0.1:62060 - R:localhost/127.0.0.1:62433]' for 'GET' to 'http://localhost:62433/session/149b823a84ccace5ba6fbed1d6ef89af/element/391f0dc5-e3f0-4856-b24e-5ec2b196ba20/name'
20:37:36.502 [Forwarding getElementTagName on session 149b823a84ccace5ba6fbed1d6ef89af to remote] DEBUG org.asynchttpclient.netty.request.NettyRequestSender - Using open Channel [id: 0x5041318f, L:/127.0.0.1:62060 - R:localhost/127.0.0.1:62433] for GET '/session/149b823a84ccace5ba6fbed1d6ef89af/element/391f0dc5-e3f0-4856-b24e-5ec2b196ba20/name'
20:37:36.523 [AsyncHttpClient-1-4] DEBUG org.asynchttpclient.netty.handler.HttpHandler - 

Request DefaultFullHttpRequest(decodeResult: success, version: HTTP/1.1, content: EmptyByteBufBE)
GET /session/149b823a84ccace5ba6fbed1d6ef89af/element/391f0dc5-e3f0-4856-b24e-5ec2b196ba20/name HTTP/1.1
User-Agent: selenium/4.1.2 (java windows)
Cache-Control: no-cache
Content-Type: application/json; charset=utf-8
host: localhost:62433
accept: */*

Response DefaultHttpResponse(decodeResult: success, version: HTTP/1.1)
HTTP/1.1 200 OK
Content-Type: application/json; charset=utf-8
cache-control: no-cache
content-length: 18

20:37:36.523 [AsyncHttpClient-1-4] DEBUG org.asynchttpclient.netty.channel.ChannelManager - Adding key: http://localhost:62433 for channel [id: 0x5041318f, L:/127.0.0.1:62060 - R:localhost/127.0.0.1:62433]
20:37:36.525 [Forwarding getElementTagName on session 149b823a84ccace5ba6fbed1d6ef89af to remote] DEBUG org.asynchttpclient.netty.request.NettyRequestSender - Using pooled Channel '[id: 0x5041318f, L:/127.0.0.1:62060 - R:localhost/127.0.0.1:62433]' for 'GET' to 'http://localhost:62433/session/149b823a84ccace5ba6fbed1d6ef89af/element/391f0dc5-e3f0-4856-b24e-5ec2b196ba20/name'
20:37:36.525 [Forwarding getElementTagName on session 149b823a84ccace5ba6fbed1d6ef89af to remote] DEBUG org.asynchttpclient.netty.request.NettyRequestSender - Using open Channel [id: 0x5041318f, L:/127.0.0.1:62060 - R:localhost/127.0.0.1:62433] for GET '/session/149b823a84ccace5ba6fbed1d6ef89af/element/391f0dc5-e3f0-4856-b24e-5ec2b196ba20/name'
20:37:36.531 [AsyncHttpClient-1-4] DEBUG org.asynchttpclient.netty.handler.HttpHandler - 

Request DefaultFullHttpRequest(decodeResult: success, version: HTTP/1.1, content: EmptyByteBufBE)
GET /session/149b823a84ccace5ba6fbed1d6ef89af/element/391f0dc5-e3f0-4856-b24e-5ec2b196ba20/name HTTP/1.1
User-Agent: selenium/4.1.2 (java windows)
Cache-Control: no-cache
Content-Type: application/json; charset=utf-8
host: localhost:62433
accept: */*

Response DefaultHttpResponse(decodeResult: success, version: HTTP/1.1)
HTTP/1.1 200 OK
Content-Type: application/json; charset=utf-8
cache-control: no-cache
content-length: 18

20:37:36.531 [AsyncHttpClient-1-4] DEBUG org.asynchttpclient.netty.channel.ChannelManager - Adding key: http://localhost:62433 for channel [id: 0x5041318f, L:/127.0.0.1:62060 - R:localhost/127.0.0.1:62433]
20:37:36.531 [Forwarding isElementEnabled on session 149b823a84ccace5ba6fbed1d6ef89af to remote] DEBUG org.asynchttpclient.netty.request.NettyRequestSender - Using pooled Channel '[id: 0x5041318f, L:/127.0.0.1:62060 - R:localhost/127.0.0.1:62433]' for 'GET' to 'http://localhost:62433/session/149b823a84ccace5ba6fbed1d6ef89af/element/391f0dc5-e3f0-4856-b24e-5ec2b196ba20/enabled'
20:37:36.531 [Forwarding isElementEnabled on session 149b823a84ccace5ba6fbed1d6ef89af to remote] DEBUG org.asynchttpclient.netty.request.NettyRequestSender - Using open Channel [id: 0x5041318f, L:/127.0.0.1:62060 - R:localhost/127.0.0.1:62433] for GET '/session/149b823a84ccace5ba6fbed1d6ef89af/element/391f0dc5-e3f0-4856-b24e-5ec2b196ba20/enabled'
20:37:36.562 [AsyncHttpClient-1-4] DEBUG org.asynchttpclient.netty.handler.HttpHandler - 

Request DefaultFullHttpRequest(decodeResult: success, version: HTTP/1.1, content: EmptyByteBufBE)
GET /session/149b823a84ccace5ba6fbed1d6ef89af/element/391f0dc5-e3f0-4856-b24e-5ec2b196ba20/enabled HTTP/1.1
User-Agent: selenium/4.1.2 (java windows)
Cache-Control: no-cache
Content-Type: application/json; charset=utf-8
host: localhost:62433
accept: */*

Response DefaultHttpResponse(decodeResult: success, version: HTTP/1.1)
HTTP/1.1 200 OK
Content-Type: application/json; charset=utf-8
cache-control: no-cache
content-length: 14

20:37:36.562 [AsyncHttpClient-1-4] DEBUG org.asynchttpclient.netty.channel.ChannelManager - Adding key: http://localhost:62433 for channel [id: 0x5041318f, L:/127.0.0.1:62060 - R:localhost/127.0.0.1:62433]
20:37:36.569 [Forwarding isElementEnabled on session 149b823a84ccace5ba6fbed1d6ef89af to remote] DEBUG org.asynchttpclient.netty.request.NettyRequestSender - Using pooled Channel '[id: 0x5041318f, L:/127.0.0.1:62060 - R:localhost/127.0.0.1:62433]' for 'GET' to 'http://localhost:62433/session/149b823a84ccace5ba6fbed1d6ef89af/element/391f0dc5-e3f0-4856-b24e-5ec2b196ba20/enabled'
20:37:36.569 [Forwarding isElementEnabled on session 149b823a84ccace5ba6fbed1d6ef89af to remote] DEBUG org.asynchttpclient.netty.request.NettyRequestSender - Using open Channel [id: 0x5041318f, L:/127.0.0.1:62060 - R:localhost/127.0.0.1:62433] for GET '/session/149b823a84ccace5ba6fbed1d6ef89af/element/391f0dc5-e3f0-4856-b24e-5ec2b196ba20/enabled'
20:37:36.581 [AsyncHttpClient-1-4] DEBUG org.asynchttpclient.netty.handler.HttpHandler - 

Request DefaultFullHttpRequest(decodeResult: success, version: HTTP/1.1, content: EmptyByteBufBE)
GET /session/149b823a84ccace5ba6fbed1d6ef89af/element/391f0dc5-e3f0-4856-b24e-5ec2b196ba20/enabled HTTP/1.1
User-Agent: selenium/4.1.2 (java windows)
Cache-Control: no-cache
Content-Type: application/json; charset=utf-8
host: localhost:62433
accept: */*

Response DefaultHttpResponse(decodeResult: success, version: HTTP/1.1)
HTTP/1.1 200 OK
Content-Type: application/json; charset=utf-8
cache-control: no-cache
content-length: 14

20:37:36.581 [AsyncHttpClient-1-4] DEBUG org.asynchttpclient.netty.channel.ChannelManager - Adding key: http://localhost:62433 for channel [id: 0x5041318f, L:/127.0.0.1:62060 - R:localhost/127.0.0.1:62433]
20:37:36.588 [Forwarding findElement on session 149b823a84ccace5ba6fbed1d6ef89af to remote] DEBUG org.asynchttpclient.netty.request.NettyRequestSender - Using pooled Channel '[id: 0x5041318f, L:/127.0.0.1:62060 - R:localhost/127.0.0.1:62433]' for 'POST' to 'http://localhost:62433/session/149b823a84ccace5ba6fbed1d6ef89af/element'
20:37:36.588 [Forwarding findElement on session 149b823a84ccace5ba6fbed1d6ef89af to remote] DEBUG org.asynchttpclient.netty.request.NettyRequestSender - Using open Channel [id: 0x5041318f, L:/127.0.0.1:62060 - R:localhost/127.0.0.1:62433] for POST '/session/149b823a84ccace5ba6fbed1d6ef89af/element'
20:37:36.604 [AsyncHttpClient-1-4] DEBUG org.asynchttpclient.netty.handler.HttpHandler - 

Request DefaultHttpRequest(decodeResult: success, version: HTTP/1.1)
POST /session/149b823a84ccace5ba6fbed1d6ef89af/element HTTP/1.1
User-Agent: selenium/4.1.2 (java windows)
Content-Length: 116
Content-Type: application/json; charset=utf-8
host: localhost:62433
accept: */*

Response DefaultHttpResponse(decodeResult: success, version: HTTP/1.1)
HTTP/1.1 200 OK
Content-Type: application/json; charset=utf-8
cache-control: no-cache
content-length: 88

20:37:36.604 [AsyncHttpClient-1-4] DEBUG org.asynchttpclient.netty.channel.ChannelManager - Adding key: http://localhost:62433 for channel [id: 0x5041318f, L:/127.0.0.1:62060 - R:localhost/127.0.0.1:62433]
20:37:36.604 [Forwarding clickElement on session 149b823a84ccace5ba6fbed1d6ef89af to remote] DEBUG org.asynchttpclient.netty.request.NettyRequestSender - Using pooled Channel '[id: 0x5041318f, L:/127.0.0.1:62060 - R:localhost/127.0.0.1:62433]' for 'POST' to 'http://localhost:62433/session/149b823a84ccace5ba6fbed1d6ef89af/element/391f0dc5-e3f0-4856-b24e-5ec2b196ba20/click'
20:37:36.604 [Forwarding clickElement on session 149b823a84ccace5ba6fbed1d6ef89af to remote] DEBUG org.asynchttpclient.netty.request.NettyRequestSender - Using open Channel [id: 0x5041318f, L:/127.0.0.1:62060 - R:localhost/127.0.0.1:62433] for POST '/session/149b823a84ccace5ba6fbed1d6ef89af/element/391f0dc5-e3f0-4856-b24e-5ec2b196ba20/click'
20:37:36.999 [AsyncHttpClient-1-4] DEBUG org.asynchttpclient.netty.handler.HttpHandler - 

Request DefaultHttpRequest(decodeResult: success, version: HTTP/1.1)
POST /session/149b823a84ccace5ba6fbed1d6ef89af/element/391f0dc5-e3f0-4856-b24e-5ec2b196ba20/click HTTP/1.1
User-Agent: selenium/4.1.2 (java windows)
Content-Length: 50
Content-Type: application/json; charset=utf-8
host: localhost:62433
accept: */*

Response DefaultHttpResponse(decodeResult: success, version: HTTP/1.1)
HTTP/1.1 200 OK
Content-Type: application/json; charset=utf-8
cache-control: no-cache
content-length: 14

20:37:36.999 [AsyncHttpClient-1-4] DEBUG org.asynchttpclient.netty.channel.ChannelManager - Adding key: http://localhost:62433 for channel [id: 0x5041318f, L:/127.0.0.1:62060 - R:localhost/127.0.0.1:62433]
20:37:37.018 [Forwarding screenshot on session 149b823a84ccace5ba6fbed1d6ef89af to remote] DEBUG org.asynchttpclient.netty.request.NettyRequestSender - Using pooled Channel '[id: 0x5041318f, L:/127.0.0.1:62060 - R:localhost/127.0.0.1:62433]' for 'GET' to 'http://localhost:62433/session/149b823a84ccace5ba6fbed1d6ef89af/screenshot'
20:37:37.018 [Forwarding screenshot on session 149b823a84ccace5ba6fbed1d6ef89af to remote] DEBUG org.asynchttpclient.netty.request.NettyRequestSender - Using open Channel [id: 0x5041318f, L:/127.0.0.1:62060 - R:localhost/127.0.0.1:62433] for GET '/session/149b823a84ccace5ba6fbed1d6ef89af/screenshot'
20:37:37.212 [AsyncHttpClient-1-4] DEBUG org.asynchttpclient.netty.handler.HttpHandler - 

Request DefaultFullHttpRequest(decodeResult: success, version: HTTP/1.1, content: EmptyByteBufBE)
GET /session/149b823a84ccace5ba6fbed1d6ef89af/screenshot HTTP/1.1
User-Agent: selenium/4.1.2 (java windows)
Cache-Control: no-cache
Content-Type: application/json; charset=utf-8
host: localhost:62433
accept: */*

Response DefaultHttpResponse(decodeResult: success, version: HTTP/1.1)
HTTP/1.1 200 OK
Content-Type: application/json; charset=utf-8
cache-control: no-cache
content-length: 79380

20:37:37.212 [AsyncHttpClient-1-4] DEBUG org.asynchttpclient.netty.channel.ChannelManager - Adding key: http://localhost:62433 for channel [id: 0x5041318f, L:/127.0.0.1:62060 - R:localhost/127.0.0.1:62433]
20:37:37.212 [main] DEBUG net.serenitybdd.core.photography.Darkroom - Send negative for processing for target\site\serenity\cf07b051a2924f9f42c41cab521e56af565b208db3448c86ac259c4bad2828c6.png
20:37:37.212 [main] DEBUG net.thucydides.core.steps.StepInterceptor - STEP DONE: clickButtonEditDataPasien
  &amp#27;[32mAnd &amp#27;[0m&amp#27;[32mClick button edit profil&amp#27;[0m                                                     &amp#27;[90m# starter.stepdefinitios.PatientDataSteps.clickButtonEditProfil()&amp#27;[0m
20:37:37.228 [Darkroom Processing Line] DEBUG net.serenitybdd.core.photography.DarkroomProcessingLine - Processing screenshot image in /var/screenshots/screenshot-3204272643554240405
20:37:37.228 [Darkroom Processing Line] DEBUG net.serenitybdd.core.photography.DarkroomProcessingLine - Saving screenshot to target\site\serenity\cf07b051a2924f9f42c41cab521e56af565b208db3448c86ac259c4bad2828c6.png
20:37:37.491 [AsyncHttpClient-1-1] DEBUG org.asynchttpclient.netty.channel.DefaultChannelPool - Entry count for : http://localhost:62063 : 1
20:37:37.491 [AsyncHttpClient-1-1] DEBUG org.asynchttpclient.netty.channel.DefaultChannelPool - Entry count for : http://localhost:62433 : 1
20:37:37.776 [Forwarding screenshot on session 149b823a84ccace5ba6fbed1d6ef89af to remote] DEBUG org.asynchttpclient.netty.request.NettyRequestSender - Using pooled Channel '[id: 0x5041318f, L:/127.0.0.1:62060 - R:localhost/127.0.0.1:62433]' for 'GET' to 'http://localhost:62433/session/149b823a84ccace5ba6fbed1d6ef89af/screenshot'
20:37:37.776 [Forwarding screenshot on session 149b823a84ccace5ba6fbed1d6ef89af to remote] DEBUG org.asynchttpclient.netty.request.NettyRequestSender - Using open Channel [id: 0x5041318f, L:/127.0.0.1:62060 - R:localhost/127.0.0.1:62433] for GET '/session/149b823a84ccace5ba6fbed1d6ef89af/screenshot'
20:37:37.978 [AsyncHttpClient-1-4] DEBUG org.asynchttpclient.netty.handler.HttpHandler - 

Request DefaultFullHttpRequest(decodeResult: success, version: HTTP/1.1, content: EmptyByteBufBE)
GET /session/149b823a84ccace5ba6fbed1d6ef89af/screenshot HTTP/1.1
User-Agent: selenium/4.1.2 (java windows)
Cache-Control: no-cache
Content-Type: application/json; charset=utf-8
host: localhost:62433
accept: */*

Response DefaultHttpResponse(decodeResult: success, version: HTTP/1.1)
HTTP/1.1 200 OK
Content-Type: application/json; charset=utf-8
cache-control: no-cache
content-length: 103272

20:37:37.978 [AsyncHttpClient-1-4] DEBUG org.asynchttpclient.netty.channel.ChannelManager - Adding key: http://localhost:62433 for channel [id: 0x5041318f, L:/127.0.0.1:62060 - R:localhost/127.0.0.1:62433]
20:37:37.978 [main] DEBUG net.serenitybdd.core.photography.Darkroom - Send negative for processing for target\site\serenity\1601e5fb9f8f38ca54ac53053088788c7bb844a11fbc3594ec677cd03f042809.png
20:37:37.978 [main] DEBUG net.thucydides.core.steps.StepInterceptor - STARTING STEP: DokterDataSteps.iInputEditDokter - inputDataDokterEdit
20:37:37.978 [Forwarding findElement on session 149b823a84ccace5ba6fbed1d6ef89af to remote] DEBUG org.asynchttpclient.netty.request.NettyRequestSender - Using pooled Channel '[id: 0x5041318f, L:/127.0.0.1:62060 - R:localhost/127.0.0.1:62433]' for 'POST' to 'http://localhost:62433/session/149b823a84ccace5ba6fbed1d6ef89af/element'
20:37:37.978 [Forwarding findElement on session 149b823a84ccace5ba6fbed1d6ef89af to remote] DEBUG org.asynchttpclient.netty.request.NettyRequestSender - Using open Channel [id: 0x5041318f, L:/127.0.0.1:62060 - R:localhost/127.0.0.1:62433] for POST '/session/149b823a84ccace5ba6fbed1d6ef89af/element'
20:37:37.994 [Darkroom Processing Line] DEBUG net.serenitybdd.core.photography.DarkroomProcessingLine - Processing screenshot image in /var/screenshots/screenshot-11511425760850456543
20:37:37.994 [Darkroom Processing Line] DEBUG net.serenitybdd.core.photography.DarkroomProcessingLine - Saving screenshot to target\site\serenity\1601e5fb9f8f38ca54ac53053088788c7bb844a11fbc3594ec677cd03f042809.png
20:37:38.031 [AsyncHttpClient-1-4] DEBUG org.asynchttpclient.netty.handler.HttpHandler - 

Request DefaultHttpRequest(decodeResult: success, version: HTTP/1.1)
POST /session/149b823a84ccace5ba6fbed1d6ef89af/element HTTP/1.1
User-Agent: selenium/4.1.2 (java windows)
Content-Length: 66
Content-Type: application/json; charset=utf-8
host: localhost:62433
accept: */*

Response DefaultHttpResponse(decodeResult: success, version: HTTP/1.1)
HTTP/1.1 200 OK
Content-Type: application/json; charset=utf-8
cache-control: no-cache
content-length: 88

20:37:38.031 [AsyncHttpClient-1-4] DEBUG org.asynchttpclient.netty.channel.ChannelManager - Adding key: http://localhost:62433 for channel [id: 0x5041318f, L:/127.0.0.1:62060 - R:localhost/127.0.0.1:62433]
20:37:38.034 [Forwarding sendKeysToElement on session 149b823a84ccace5ba6fbed1d6ef89af to remote] DEBUG org.asynchttpclient.netty.request.NettyRequestSender - Using pooled Channel '[id: 0x5041318f, L:/127.0.0.1:62060 - R:localhost/127.0.0.1:62433]' for 'POST' to 'http://localhost:62433/session/149b823a84ccace5ba6fbed1d6ef89af/element/bf210661-6504-4f7e-8855-5fa2fe30a73b/value'
20:37:38.034 [Forwarding sendKeysToElement on session 149b823a84ccace5ba6fbed1d6ef89af to remote] DEBUG org.asynchttpclient.netty.request.NettyRequestSender - Using open Channel [id: 0x5041318f, L:/127.0.0.1:62060 - R:localhost/127.0.0.1:62433] for POST '/session/149b823a84ccace5ba6fbed1d6ef89af/element/bf210661-6504-4f7e-8855-5fa2fe30a73b/value'
20:37:38.473 [AsyncHttpClient-1-4] DEBUG org.asynchttpclient.netty.handler.HttpHandler - 

Request DefaultHttpRequest(decodeResult: success, version: HTTP/1.1)
POST /session/149b823a84ccace5ba6fbed1d6ef89af/element/bf210661-6504-4f7e-8855-5fa2fe30a73b/value HTTP/1.1
User-Agent: selenium/4.1.2 (java windows)
Content-Length: 169
Content-Type: application/json; charset=utf-8
host: localhost:62433
accept: */*

Response DefaultHttpResponse(decodeResult: success, version: HTTP/1.1)
HTTP/1.1 200 OK
Content-Type: application/json; charset=utf-8
cache-control: no-cache
content-length: 14

20:37:38.473 [AsyncHttpClient-1-4] DEBUG org.asynchttpclient.netty.channel.ChannelManager - Adding key: http://localhost:62433 for channel [id: 0x5041318f, L:/127.0.0.1:62060 - R:localhost/127.0.0.1:62433]
20:37:38.478 [Forwarding findElement on session 149b823a84ccace5ba6fbed1d6ef89af to remote] DEBUG org.asynchttpclient.netty.request.NettyRequestSender - Using pooled Channel '[id: 0x5041318f, L:/127.0.0.1:62060 - R:localhost/127.0.0.1:62433]' for 'POST' to 'http://localhost:62433/session/149b823a84ccace5ba6fbed1d6ef89af/element'
20:37:38.478 [Forwarding findElement on session 149b823a84ccace5ba6fbed1d6ef89af to remote] DEBUG org.asynchttpclient.netty.request.NettyRequestSender - Using open Channel [id: 0x5041318f, L:/127.0.0.1:62060 - R:localhost/127.0.0.1:62433] for POST '/session/149b823a84ccace5ba6fbed1d6ef89af/element'
20:37:38.498 [AsyncHttpClient-1-4] DEBUG org.asynchttpclient.netty.handler.HttpHandler - 

Request DefaultHttpRequest(decodeResult: success, version: HTTP/1.1)
POST /session/149b823a84ccace5ba6fbed1d6ef89af/element HTTP/1.1
User-Agent: selenium/4.1.2 (java windows)
Content-Length: 66
Content-Type: application/json; charset=utf-8
host: localhost:62433
accept: */*

Response DefaultHttpResponse(decodeResult: success, version: HTTP/1.1)
HTTP/1.1 200 OK
Content-Type: application/json; charset=utf-8
cache-control: no-cache
content-length: 88

20:37:38.498 [AsyncHttpClient-1-4] DEBUG org.asynchttpclient.netty.channel.ChannelManager - Adding key: http://localhost:62433 for channel [id: 0x5041318f, L:/127.0.0.1:62060 - R:localhost/127.0.0.1:62433]
20:37:38.501 [Forwarding sendKeysToElement on session 149b823a84ccace5ba6fbed1d6ef89af to remote] DEBUG org.asynchttpclient.netty.request.NettyRequestSender - Using pooled Channel '[id: 0x5041318f, L:/127.0.0.1:62060 - R:localhost/127.0.0.1:62433]' for 'POST' to 'http://localhost:62433/session/149b823a84ccace5ba6fbed1d6ef89af/element/bf210661-6504-4f7e-8855-5fa2fe30a73b/value'
20:37:38.501 [Forwarding sendKeysToElement on session 149b823a84ccace5ba6fbed1d6ef89af to remote] DEBUG org.asynchttpclient.netty.request.NettyRequestSender - Using open Channel [id: 0x5041318f, L:/127.0.0.1:62060 - R:localhost/127.0.0.1:62433] for POST '/session/149b823a84ccace5ba6fbed1d6ef89af/element/bf210661-6504-4f7e-8855-5fa2fe30a73b/value'
20:37:38.634 [AsyncHttpClient-1-1] DEBUG org.asynchttpclient.netty.channel.DefaultChannelPool - Entry count for : http://localhost:62063 : 1
20:37:38.861 [AsyncHttpClient-1-4] DEBUG org.asynchttpclient.netty.handler.HttpHandler - 

Request DefaultHttpRequest(decodeResult: success, version: HTTP/1.1)
POST /session/149b823a84ccace5ba6fbed1d6ef89af/element/bf210661-6504-4f7e-8855-5fa2fe30a73b/value HTTP/1.1
User-Agent: selenium/4.1.2 (java windows)
Content-Length: 131
Content-Type: application/json; charset=utf-8
host: localhost:62433
accept: */*

Response DefaultHttpResponse(decodeResult: success, version: HTTP/1.1)
HTTP/1.1 200 OK
Content-Type: application/json; charset=utf-8
cache-control: no-cache
content-length: 14

20:37:38.862 [AsyncHttpClient-1-4] DEBUG org.asynchttpclient.netty.channel.ChannelManager - Adding key: http://localhost:62433 for channel [id: 0x5041318f, L:/127.0.0.1:62060 - R:localhost/127.0.0.1:62433]
20:37:38.866 [Forwarding findElement on session 149b823a84ccace5ba6fbed1d6ef89af to remote] DEBUG org.asynchttpclient.netty.request.NettyRequestSender - Using pooled Channel '[id: 0x5041318f, L:/127.0.0.1:62060 - R:localhost/127.0.0.1:62433]' for 'POST' to 'http://localhost:62433/session/149b823a84ccace5ba6fbed1d6ef89af/element'
20:37:38.866 [Forwarding findElement on session 149b823a84ccace5ba6fbed1d6ef89af to remote] DEBUG org.asynchttpclient.netty.request.NettyRequestSender - Using open Channel [id: 0x5041318f, L:/127.0.0.1:62060 - R:localhost/127.0.0.1:62433] for POST '/session/149b823a84ccace5ba6fbed1d6ef89af/element'
20:37:38.942 [AsyncHttpClient-1-4] DEBUG org.asynchttpclient.netty.handler.HttpHandler - 

Request DefaultHttpRequest(decodeResult: success, version: HTTP/1.1)
POST /session/149b823a84ccace5ba6fbed1d6ef89af/element HTTP/1.1
User-Agent: selenium/4.1.2 (java windows)
Content-Length: 65
Content-Type: application/json; charset=utf-8
host: localhost:62433
accept: */*

Response DefaultHttpResponse(decodeResult: success, version: HTTP/1.1)
HTTP/1.1 200 OK
Content-Type: application/json; charset=utf-8
cache-control: no-cache
content-length: 88

20:37:38.942 [AsyncHttpClient-1-4] DEBUG org.asynchttpclient.netty.channel.ChannelManager - Adding key: http://localhost:62433 for channel [id: 0x5041318f, L:/127.0.0.1:62060 - R:localhost/127.0.0.1:62433]
20:37:38.946 [Forwarding sendKeysToElement on session 149b823a84ccace5ba6fbed1d6ef89af to remote] DEBUG org.asynchttpclient.netty.request.NettyRequestSender - Using pooled Channel '[id: 0x5041318f, L:/127.0.0.1:62060 - R:localhost/127.0.0.1:62433]' for 'POST' to 'http://localhost:62433/session/149b823a84ccace5ba6fbed1d6ef89af/element/c7dff6f7-c85a-4200-b98d-75c433a6105f/value'
20:37:38.946 [Forwarding sendKeysToElement on session 149b823a84ccace5ba6fbed1d6ef89af to remote] DEBUG org.asynchttpclient.netty.request.NettyRequestSender - Using open Channel [id: 0x5041318f, L:/127.0.0.1:62060 - R:localhost/127.0.0.1:62433] for POST '/session/149b823a84ccace5ba6fbed1d6ef89af/element/c7dff6f7-c85a-4200-b98d-75c433a6105f/value'
20:37:39.267 [AsyncHttpClient-1-4] DEBUG org.asynchttpclient.netty.handler.HttpHandler - 

Request DefaultHttpRequest(decodeResult: success, version: HTTP/1.1)
POST /session/149b823a84ccace5ba6fbed1d6ef89af/element/c7dff6f7-c85a-4200-b98d-75c433a6105f/value HTTP/1.1
User-Agent: selenium/4.1.2 (java windows)
Content-Length: 169
Content-Type: application/json; charset=utf-8
host: localhost:62433
accept: */*

Response DefaultHttpResponse(decodeResult: success, version: HTTP/1.1)
HTTP/1.1 200 OK
Content-Type: application/json; charset=utf-8
cache-control: no-cache
content-length: 14

20:37:39.268 [AsyncHttpClient-1-4] DEBUG org.asynchttpclient.netty.channel.ChannelManager - Adding key: http://localhost:62433 for channel [id: 0x5041318f, L:/127.0.0.1:62060 - R:localhost/127.0.0.1:62433]
20:37:39.273 [Forwarding findElement on session 149b823a84ccace5ba6fbed1d6ef89af to remote] DEBUG org.asynchttpclient.netty.request.NettyRequestSender - Using pooled Channel '[id: 0x5041318f, L:/127.0.0.1:62060 - R:localhost/127.0.0.1:62433]' for 'POST' to 'http://localhost:62433/session/149b823a84ccace5ba6fbed1d6ef89af/element'
20:37:39.273 [Forwarding findElement on session 149b823a84ccace5ba6fbed1d6ef89af to remote] DEBUG org.asynchttpclient.netty.request.NettyRequestSender - Using open Channel [id: 0x5041318f, L:/127.0.0.1:62060 - R:localhost/127.0.0.1:62433] for POST '/session/149b823a84ccace5ba6fbed1d6ef89af/element'
20:37:39.294 [AsyncHttpClient-1-4] DEBUG org.asynchttpclient.netty.handler.HttpHandler - 

Request DefaultHttpRequest(decodeResult: success, version: HTTP/1.1)
POST /session/149b823a84ccace5ba6fbed1d6ef89af/element HTTP/1.1
User-Agent: selenium/4.1.2 (java windows)
Content-Length: 65
Content-Type: application/json; charset=utf-8
host: localhost:62433
accept: */*

Response DefaultHttpResponse(decodeResult: success, version: HTTP/1.1)
HTTP/1.1 200 OK
Content-Type: application/json; charset=utf-8
cache-control: no-cache
content-length: 88

20:37:39.295 [AsyncHttpClient-1-4] DEBUG org.asynchttpclient.netty.channel.ChannelManager - Adding key: http://localhost:62433 for channel [id: 0x5041318f, L:/127.0.0.1:62060 - R:localhost/127.0.0.1:62433]
20:37:39.297 [Forwarding sendKeysToElement on session 149b823a84ccace5ba6fbed1d6ef89af to remote] DEBUG org.asynchttpclient.netty.request.NettyRequestSender - Using pooled Channel '[id: 0x5041318f, L:/127.0.0.1:62060 - R:localhost/127.0.0.1:62433]' for 'POST' to 'http://localhost:62433/session/149b823a84ccace5ba6fbed1d6ef89af/element/c7dff6f7-c85a-4200-b98d-75c433a6105f/value'
20:37:39.297 [Forwarding sendKeysToElement on session 149b823a84ccace5ba6fbed1d6ef89af to remote] DEBUG org.asynchttpclient.netty.request.NettyRequestSender - Using open Channel [id: 0x5041318f, L:/127.0.0.1:62060 - R:localhost/127.0.0.1:62433] for POST '/session/149b823a84ccace5ba6fbed1d6ef89af/element/c7dff6f7-c85a-4200-b98d-75c433a6105f/value'
20:37:39.535 [AsyncHttpClient-1-4] DEBUG org.asynchttpclient.netty.handler.HttpHandler - 

Request DefaultHttpRequest(decodeResult: success, version: HTTP/1.1)
POST /session/149b823a84ccace5ba6fbed1d6ef89af/element/c7dff6f7-c85a-4200-b98d-75c433a6105f/value HTTP/1.1
User-Agent: selenium/4.1.2 (java windows)
Content-Length: 131
Content-Type: application/json; charset=utf-8
host: localhost:62433
accept: */*

Response DefaultHttpResponse(decodeResult: success, version: HTTP/1.1)
HTTP/1.1 200 OK
Content-Type: application/json; charset=utf-8
cache-control: no-cache
content-length: 14

20:37:39.535 [AsyncHttpClient-1-4] DEBUG org.asynchttpclient.netty.channel.ChannelManager - Adding key: http://localhost:62433 for channel [id: 0x5041318f, L:/127.0.0.1:62060 - R:localhost/127.0.0.1:62433]
20:37:39.540 [Forwarding findElement on session 149b823a84ccace5ba6fbed1d6ef89af to remote] DEBUG org.asynchttpclient.netty.request.NettyRequestSender - Using pooled Channel '[id: 0x5041318f, L:/127.0.0.1:62060 - R:localhost/127.0.0.1:62433]' for 'POST' to 'http://localhost:62433/session/149b823a84ccace5ba6fbed1d6ef89af/element'
20:37:39.540 [Forwarding findElement on session 149b823a84ccace5ba6fbed1d6ef89af to remote] DEBUG org.asynchttpclient.netty.request.NettyRequestSender - Using open Channel [id: 0x5041318f, L:/127.0.0.1:62060 - R:localhost/127.0.0.1:62433] for POST '/session/149b823a84ccace5ba6fbed1d6ef89af/element'
20:37:39.566 [AsyncHttpClient-1-4] DEBUG org.asynchttpclient.netty.handler.HttpHandler - 

Request DefaultHttpRequest(decodeResult: success, version: HTTP/1.1)
POST /session/149b823a84ccace5ba6fbed1d6ef89af/element HTTP/1.1
User-Agent: selenium/4.1.2 (java windows)
Content-Length: 71
Content-Type: application/json; charset=utf-8
host: localhost:62433
accept: */*

Response DefaultHttpResponse(decodeResult: success, version: HTTP/1.1)
HTTP/1.1 200 OK
Content-Type: application/json; charset=utf-8
cache-control: no-cache
content-length: 88

20:37:39.566 [AsyncHttpClient-1-4] DEBUG org.asynchttpclient.netty.channel.ChannelManager - Adding key: http://localhost:62433 for channel [id: 0x5041318f, L:/127.0.0.1:62060 - R:localhost/127.0.0.1:62433]
20:37:39.568 [Forwarding sendKeysToElement on session 149b823a84ccace5ba6fbed1d6ef89af to remote] DEBUG org.asynchttpclient.netty.request.NettyRequestSender - Using pooled Channel '[id: 0x5041318f, L:/127.0.0.1:62060 - R:localhost/127.0.0.1:62433]' for 'POST' to 'http://localhost:62433/session/149b823a84ccace5ba6fbed1d6ef89af/element/79ae6905-a77c-4b3f-8c93-abfdcd0ea419/value'
20:37:39.568 [Forwarding sendKeysToElement on session 149b823a84ccace5ba6fbed1d6ef89af to remote] DEBUG org.asynchttpclient.netty.request.NettyRequestSender - Using open Channel [id: 0x5041318f, L:/127.0.0.1:62060 - R:localhost/127.0.0.1:62433] for POST '/session/149b823a84ccace5ba6fbed1d6ef89af/element/79ae6905-a77c-4b3f-8c93-abfdcd0ea419/value'
20:37:39.703 [AsyncHttpClient-1-1] DEBUG org.asynchttpclient.netty.channel.DefaultChannelPool - Entry count for : http://localhost:62063 : 1
20:37:40.057 [AsyncHttpClient-1-4] DEBUG org.asynchttpclient.netty.handler.HttpHandler - 

Request DefaultHttpRequest(decodeResult: success, version: HTTP/1.1)
POST /session/149b823a84ccace5ba6fbed1d6ef89af/element/79ae6905-a77c-4b3f-8c93-abfdcd0ea419/value HTTP/1.1
User-Agent: selenium/4.1.2 (java windows)
Content-Length: 229
Content-Type: application/json; charset=utf-8
host: localhost:62433
accept: */*

Response DefaultHttpResponse(decodeResult: success, version: HTTP/1.1)
HTTP/1.1 200 OK
Content-Type: application/json; charset=utf-8
cache-control: no-cache
content-length: 14

20:37:40.057 [AsyncHttpClient-1-4] DEBUG org.asynchttpclient.netty.channel.ChannelManager - Adding key: http://localhost:62433 for channel [id: 0x5041318f, L:/127.0.0.1:62060 - R:localhost/127.0.0.1:62433]
20:37:40.062 [Forwarding findElement on session 149b823a84ccace5ba6fbed1d6ef89af to remote] DEBUG org.asynchttpclient.netty.request.NettyRequestSender - Using pooled Channel '[id: 0x5041318f, L:/127.0.0.1:62060 - R:localhost/127.0.0.1:62433]' for 'POST' to 'http://localhost:62433/session/149b823a84ccace5ba6fbed1d6ef89af/element'
20:37:40.062 [Forwarding findElement on session 149b823a84ccace5ba6fbed1d6ef89af to remote] DEBUG org.asynchttpclient.netty.request.NettyRequestSender - Using open Channel [id: 0x5041318f, L:/127.0.0.1:62060 - R:localhost/127.0.0.1:62433] for POST '/session/149b823a84ccace5ba6fbed1d6ef89af/element'
20:37:40.083 [AsyncHttpClient-1-4] DEBUG org.asynchttpclient.netty.handler.HttpHandler - 

Request DefaultHttpRequest(decodeResult: success, version: HTTP/1.1)
POST /session/149b823a84ccace5ba6fbed1d6ef89af/element HTTP/1.1
User-Agent: selenium/4.1.2 (java windows)
Content-Length: 71
Content-Type: application/json; charset=utf-8
host: localhost:62433
accept: */*

Response DefaultHttpResponse(decodeResult: success, version: HTTP/1.1)
HTTP/1.1 200 OK
Content-Type: application/json; charset=utf-8
cache-control: no-cache
content-length: 88

20:37:40.083 [AsyncHttpClient-1-4] DEBUG org.asynchttpclient.netty.channel.ChannelManager - Adding key: http://localhost:62433 for channel [id: 0x5041318f, L:/127.0.0.1:62060 - R:localhost/127.0.0.1:62433]
20:37:40.087 [Forwarding sendKeysToElement on session 149b823a84ccace5ba6fbed1d6ef89af to remote] DEBUG org.asynchttpclient.netty.request.NettyRequestSender - Using pooled Channel '[id: 0x5041318f, L:/127.0.0.1:62060 - R:localhost/127.0.0.1:62433]' for 'POST' to 'http://localhost:62433/session/149b823a84ccace5ba6fbed1d6ef89af/element/79ae6905-a77c-4b3f-8c93-abfdcd0ea419/value'
20:37:40.087 [Forwarding sendKeysToElement on session 149b823a84ccace5ba6fbed1d6ef89af to remote] DEBUG org.asynchttpclient.netty.request.NettyRequestSender - Using open Channel [id: 0x5041318f, L:/127.0.0.1:62060 - R:localhost/127.0.0.1:62433] for POST '/session/149b823a84ccace5ba6fbed1d6ef89af/element/79ae6905-a77c-4b3f-8c93-abfdcd0ea419/value'
20:37:40.698 [AsyncHttpClient-1-4] DEBUG org.asynchttpclient.netty.handler.HttpHandler - 

Request DefaultHttpRequest(decodeResult: success, version: HTTP/1.1)
POST /session/149b823a84ccace5ba6fbed1d6ef89af/element/79ae6905-a77c-4b3f-8c93-abfdcd0ea419/value HTTP/1.1
User-Agent: selenium/4.1.2 (java windows)
Content-Length: 191
Content-Type: application/json; charset=utf-8
host: localhost:62433
accept: */*

Response DefaultHttpResponse(decodeResult: success, version: HTTP/1.1)
HTTP/1.1 200 OK
Content-Type: application/json; charset=utf-8
cache-control: no-cache
content-length: 14

20:37:40.698 [AsyncHttpClient-1-4] DEBUG org.asynchttpclient.netty.channel.ChannelManager - Adding key: http://localhost:62433 for channel [id: 0x5041318f, L:/127.0.0.1:62060 - R:localhost/127.0.0.1:62433]
20:37:40.710 [Forwarding findElement on session 149b823a84ccace5ba6fbed1d6ef89af to remote] DEBUG org.asynchttpclient.netty.request.NettyRequestSender - Using pooled Channel '[id: 0x5041318f, L:/127.0.0.1:62060 - R:localhost/127.0.0.1:62433]' for 'POST' to 'http://localhost:62433/session/149b823a84ccace5ba6fbed1d6ef89af/element'
20:37:40.710 [Forwarding findElement on session 149b823a84ccace5ba6fbed1d6ef89af to remote] DEBUG org.asynchttpclient.netty.request.NettyRequestSender - Using open Channel [id: 0x5041318f, L:/127.0.0.1:62060 - R:localhost/127.0.0.1:62433] for POST '/session/149b823a84ccace5ba6fbed1d6ef89af/element'
20:37:40.760 [AsyncHttpClient-1-4] DEBUG org.asynchttpclient.netty.handler.HttpHandler - 

Request DefaultHttpRequest(decodeResult: success, version: HTTP/1.1)
POST /session/149b823a84ccace5ba6fbed1d6ef89af/element HTTP/1.1
User-Agent: selenium/4.1.2 (java windows)
Content-Length: 166
Content-Type: application/json; charset=utf-8
host: localhost:62433
accept: */*

Response DefaultHttpResponse(decodeResult: success, version: HTTP/1.1)
HTTP/1.1 200 OK
Content-Type: application/json; charset=utf-8
cache-control: no-cache
content-length: 88

20:37:40.761 [AsyncHttpClient-1-4] DEBUG org.asynchttpclient.netty.channel.ChannelManager - Adding key: http://localhost:62433 for channel [id: 0x5041318f, L:/127.0.0.1:62060 - R:localhost/127.0.0.1:62433]
20:37:40.768 [Forwarding sendKeysToElement on session 149b823a84ccace5ba6fbed1d6ef89af to remote] DEBUG org.asynchttpclient.netty.request.NettyRequestSender - Using pooled Channel '[id: 0x5041318f, L:/127.0.0.1:62060 - R:localhost/127.0.0.1:62433]' for 'POST' to 'http://localhost:62433/session/149b823a84ccace5ba6fbed1d6ef89af/element/8c69c5b4-b135-4ee2-a95a-ef142748db92/value'
20:37:40.768 [Forwarding sendKeysToElement on session 149b823a84ccace5ba6fbed1d6ef89af to remote] DEBUG org.asynchttpclient.netty.request.NettyRequestSender - Using open Channel [id: 0x5041318f, L:/127.0.0.1:62060 - R:localhost/127.0.0.1:62433] for POST '/session/149b823a84ccace5ba6fbed1d6ef89af/element/8c69c5b4-b135-4ee2-a95a-ef142748db92/value'
20:37:40.793 [AsyncHttpClient-1-1] DEBUG org.asynchttpclient.netty.channel.DefaultChannelPool - Entry count for : http://localhost:62063 : 1
20:37:41.557 [AsyncHttpClient-1-4] DEBUG org.asynchttpclient.netty.handler.HttpHandler - 

Request DefaultHttpRequest(decodeResult: success, version: HTTP/1.1)
POST /session/149b823a84ccace5ba6fbed1d6ef89af/element/8c69c5b4-b135-4ee2-a95a-ef142748db92/value HTTP/1.1
User-Agent: selenium/4.1.2 (java windows)
Content-Length: 219
Content-Type: application/json; charset=utf-8
host: localhost:62433
accept: */*

Response DefaultHttpResponse(decodeResult: success, version: HTTP/1.1)
HTTP/1.1 200 OK
Content-Type: application/json; charset=utf-8
cache-control: no-cache
content-length: 14

20:37:41.557 [AsyncHttpClient-1-4] DEBUG org.asynchttpclient.netty.channel.ChannelManager - Adding key: http://localhost:62433 for channel [id: 0x5041318f, L:/127.0.0.1:62060 - R:localhost/127.0.0.1:62433]
20:37:41.568 [Forwarding findElement on session 149b823a84ccace5ba6fbed1d6ef89af to remote] DEBUG org.asynchttpclient.netty.request.NettyRequestSender - Using pooled Channel '[id: 0x5041318f, L:/127.0.0.1:62060 - R:localhost/127.0.0.1:62433]' for 'POST' to 'http://localhost:62433/session/149b823a84ccace5ba6fbed1d6ef89af/element'
20:37:41.568 [Forwarding findElement on session 149b823a84ccace5ba6fbed1d6ef89af to remote] DEBUG org.asynchttpclient.netty.request.NettyRequestSender - Using open Channel [id: 0x5041318f, L:/127.0.0.1:62060 - R:localhost/127.0.0.1:62433] for POST '/session/149b823a84ccace5ba6fbed1d6ef89af/element'
20:37:41.585 [AsyncHttpClient-1-4] DEBUG org.asynchttpclient.netty.handler.HttpHandler - 

Request DefaultHttpRequest(decodeResult: success, version: HTTP/1.1)
POST /session/149b823a84ccace5ba6fbed1d6ef89af/element HTTP/1.1
User-Agent: selenium/4.1.2 (java windows)
Content-Length: 166
Content-Type: application/json; charset=utf-8
host: localhost:62433
accept: */*

Response DefaultHttpResponse(decodeResult: success, version: HTTP/1.1)
HTTP/1.1 200 OK
Content-Type: application/json; charset=utf-8
cache-control: no-cache
content-length: 88

20:37:41.585 [AsyncHttpClient-1-4] DEBUG org.asynchttpclient.netty.channel.ChannelManager - Adding key: http://localhost:62433 for channel [id: 0x5041318f, L:/127.0.0.1:62060 - R:localhost/127.0.0.1:62433]
20:37:41.585 [Forwarding sendKeysToElement on session 149b823a84ccace5ba6fbed1d6ef89af to remote] DEBUG org.asynchttpclient.netty.request.NettyRequestSender - Using pooled Channel '[id: 0x5041318f, L:/127.0.0.1:62060 - R:localhost/127.0.0.1:62433]' for 'POST' to 'http://localhost:62433/session/149b823a84ccace5ba6fbed1d6ef89af/element/8c69c5b4-b135-4ee2-a95a-ef142748db92/value'
20:37:41.585 [Forwarding sendKeysToElement on session 149b823a84ccace5ba6fbed1d6ef89af to remote] DEBUG org.asynchttpclient.netty.request.NettyRequestSender - Using open Channel [id: 0x5041318f, L:/127.0.0.1:62060 - R:localhost/127.0.0.1:62433] for POST '/session/149b823a84ccace5ba6fbed1d6ef89af/element/8c69c5b4-b135-4ee2-a95a-ef142748db92/value'
20:37:41.898 [AsyncHttpClient-1-1] DEBUG org.asynchttpclient.netty.channel.DefaultChannelPool - Entry count for : http://localhost:62063 : 1
20:37:42.126 [AsyncHttpClient-1-4] DEBUG org.asynchttpclient.netty.handler.HttpHandler - 

Request DefaultHttpRequest(decodeResult: success, version: HTTP/1.1)
POST /session/149b823a84ccace5ba6fbed1d6ef89af/element/8c69c5b4-b135-4ee2-a95a-ef142748db92/value HTTP/1.1
User-Agent: selenium/4.1.2 (java windows)
Content-Length: 181
Content-Type: application/json; charset=utf-8
host: localhost:62433
accept: */*

Response DefaultHttpResponse(decodeResult: success, version: HTTP/1.1)
HTTP/1.1 200 OK
Content-Type: application/json; charset=utf-8
cache-control: no-cache
content-length: 14

20:37:42.126 [AsyncHttpClient-1-4] DEBUG org.asynchttpclient.netty.channel.ChannelManager - Adding key: http://localhost:62433 for channel [id: 0x5041318f, L:/127.0.0.1:62060 - R:localhost/127.0.0.1:62433]
20:37:42.133 [Forwarding findElement on session 149b823a84ccace5ba6fbed1d6ef89af to remote] DEBUG org.asynchttpclient.netty.request.NettyRequestSender - Using pooled Channel '[id: 0x5041318f, L:/127.0.0.1:62060 - R:localhost/127.0.0.1:62433]' for 'POST' to 'http://localhost:62433/session/149b823a84ccace5ba6fbed1d6ef89af/element'
20:37:42.134 [Forwarding findElement on session 149b823a84ccace5ba6fbed1d6ef89af to remote] DEBUG org.asynchttpclient.netty.request.NettyRequestSender - Using open Channel [id: 0x5041318f, L:/127.0.0.1:62060 - R:localhost/127.0.0.1:62433] for POST '/session/149b823a84ccace5ba6fbed1d6ef89af/element'
20:37:42.178 [AsyncHttpClient-1-4] DEBUG org.asynchttpclient.netty.handler.HttpHandler - 

Request DefaultHttpRequest(decodeResult: success, version: HTTP/1.1)
POST /session/149b823a84ccace5ba6fbed1d6ef89af/element HTTP/1.1
User-Agent: selenium/4.1.2 (java windows)
Content-Length: 70
Content-Type: application/json; charset=utf-8
host: localhost:62433
accept: */*

Response DefaultHttpResponse(decodeResult: success, version: HTTP/1.1)
HTTP/1.1 200 OK
Content-Type: application/json; charset=utf-8
cache-control: no-cache
content-length: 88

20:37:42.179 [AsyncHttpClient-1-4] DEBUG org.asynchttpclient.netty.channel.ChannelManager - Adding key: http://localhost:62433 for channel [id: 0x5041318f, L:/127.0.0.1:62060 - R:localhost/127.0.0.1:62433]
20:37:42.182 [Forwarding sendKeysToElement on session 149b823a84ccace5ba6fbed1d6ef89af to remote] DEBUG org.asynchttpclient.netty.request.NettyRequestSender - Using pooled Channel '[id: 0x5041318f, L:/127.0.0.1:62060 - R:localhost/127.0.0.1:62433]' for 'POST' to 'http://localhost:62433/session/149b823a84ccace5ba6fbed1d6ef89af/element/63a40324-730d-4262-bd31-d1c7b5fce4be/value'
20:37:42.182 [Forwarding sendKeysToElement on session 149b823a84ccace5ba6fbed1d6ef89af to remote] DEBUG org.asynchttpclient.netty.request.NettyRequestSender - Using open Channel [id: 0x5041318f, L:/127.0.0.1:62060 - R:localhost/127.0.0.1:62433] for POST '/session/149b823a84ccace5ba6fbed1d6ef89af/element/63a40324-730d-4262-bd31-d1c7b5fce4be/value'
20:37:42.950 [AsyncHttpClient-1-4] DEBUG org.asynchttpclient.netty.handler.HttpHandler - 

Request DefaultHttpRequest(decodeResult: success, version: HTTP/1.1)
POST /session/149b823a84ccace5ba6fbed1d6ef89af/element/63a40324-730d-4262-bd31-d1c7b5fce4be/value HTTP/1.1
User-Agent: selenium/4.1.2 (java windows)
Content-Length: 219
Content-Type: application/json; charset=utf-8
host: localhost:62433
accept: */*

Response DefaultHttpResponse(decodeResult: success, version: HTTP/1.1)
HTTP/1.1 200 OK
Content-Type: application/json; charset=utf-8
cache-control: no-cache
content-length: 14

20:37:42.950 [AsyncHttpClient-1-4] DEBUG org.asynchttpclient.netty.channel.ChannelManager - Adding key: http://localhost:62433 for channel [id: 0x5041318f, L:/127.0.0.1:62060 - R:localhost/127.0.0.1:62433]
20:37:42.958 [Forwarding findElement on session 149b823a84ccace5ba6fbed1d6ef89af to remote] DEBUG org.asynchttpclient.netty.request.NettyRequestSender - Using pooled Channel '[id: 0x5041318f, L:/127.0.0.1:62060 - R:localhost/127.0.0.1:62433]' for 'POST' to 'http://localhost:62433/session/149b823a84ccace5ba6fbed1d6ef89af/element'
20:37:42.959 [Forwarding findElement on session 149b823a84ccace5ba6fbed1d6ef89af to remote] DEBUG org.asynchttpclient.netty.request.NettyRequestSender - Using open Channel [id: 0x5041318f, L:/127.0.0.1:62060 - R:localhost/127.0.0.1:62433] for POST '/session/149b823a84ccace5ba6fbed1d6ef89af/element'
20:37:42.999 [AsyncHttpClient-1-1] DEBUG org.asynchttpclient.netty.channel.DefaultChannelPool - Entry count for : http://localhost:62063 : 1
20:37:43.004 [AsyncHttpClient-1-4] DEBUG org.asynchttpclient.netty.handler.HttpHandler - 

Request DefaultHttpRequest(decodeResult: success, version: HTTP/1.1)
POST /session/149b823a84ccace5ba6fbed1d6ef89af/element HTTP/1.1
User-Agent: selenium/4.1.2 (java windows)
Content-Length: 70
Content-Type: application/json; charset=utf-8
host: localhost:62433
accept: */*

Response DefaultHttpResponse(decodeResult: success, version: HTTP/1.1)
HTTP/1.1 200 OK
Content-Type: application/json; charset=utf-8
cache-control: no-cache
content-length: 88

20:37:43.005 [AsyncHttpClient-1-4] DEBUG org.asynchttpclient.netty.channel.ChannelManager - Adding key: http://localhost:62433 for channel [id: 0x5041318f, L:/127.0.0.1:62060 - R:localhost/127.0.0.1:62433]
20:37:43.007 [Forwarding sendKeysToElement on session 149b823a84ccace5ba6fbed1d6ef89af to remote] DEBUG org.asynchttpclient.netty.request.NettyRequestSender - Using pooled Channel '[id: 0x5041318f, L:/127.0.0.1:62060 - R:localhost/127.0.0.1:62433]' for 'POST' to 'http://localhost:62433/session/149b823a84ccace5ba6fbed1d6ef89af/element/63a40324-730d-4262-bd31-d1c7b5fce4be/value'
20:37:43.007 [Forwarding sendKeysToElement on session 149b823a84ccace5ba6fbed1d6ef89af to remote] DEBUG org.asynchttpclient.netty.request.NettyRequestSender - Using open Channel [id: 0x5041318f, L:/127.0.0.1:62060 - R:localhost/127.0.0.1:62433] for POST '/session/149b823a84ccace5ba6fbed1d6ef89af/element/63a40324-730d-4262-bd31-d1c7b5fce4be/value'
20:37:43.664 [AsyncHttpClient-1-4] DEBUG org.asynchttpclient.netty.handler.HttpHandler - 

Request DefaultHttpRequest(decodeResult: success, version: HTTP/1.1)
POST /session/149b823a84ccace5ba6fbed1d6ef89af/element/63a40324-730d-4262-bd31-d1c7b5fce4be/value HTTP/1.1
User-Agent: selenium/4.1.2 (java windows)
Content-Length: 181
Content-Type: application/json; charset=utf-8
host: localhost:62433
accept: */*

Response DefaultHttpResponse(decodeResult: success, version: HTTP/1.1)
HTTP/1.1 200 OK
Content-Type: application/json; charset=utf-8
cache-control: no-cache
content-length: 14

20:37:43.664 [AsyncHttpClient-1-4] DEBUG org.asynchttpclient.netty.channel.ChannelManager - Adding key: http://localhost:62433 for channel [id: 0x5041318f, L:/127.0.0.1:62060 - R:localhost/127.0.0.1:62433]
20:37:43.686 [Forwarding screenshot on session 149b823a84ccace5ba6fbed1d6ef89af to remote] DEBUG org.asynchttpclient.netty.request.NettyRequestSender - Using pooled Channel '[id: 0x5041318f, L:/127.0.0.1:62060 - R:localhost/127.0.0.1:62433]' for 'GET' to 'http://localhost:62433/session/149b823a84ccace5ba6fbed1d6ef89af/screenshot'
20:37:43.686 [Forwarding screenshot on session 149b823a84ccace5ba6fbed1d6ef89af to remote] DEBUG org.asynchttpclient.netty.request.NettyRequestSender - Using open Channel [id: 0x5041318f, L:/127.0.0.1:62060 - R:localhost/127.0.0.1:62433] for GET '/session/149b823a84ccace5ba6fbed1d6ef89af/screenshot'
20:37:44.023 [AsyncHttpClient-1-4] DEBUG org.asynchttpclient.netty.handler.HttpHandler - 

Request DefaultFullHttpRequest(decodeResult: success, version: HTTP/1.1, content: EmptyByteBufBE)
GET /session/149b823a84ccace5ba6fbed1d6ef89af/screenshot HTTP/1.1
User-Agent: selenium/4.1.2 (java windows)
Cache-Control: no-cache
Content-Type: application/json; charset=utf-8
host: localhost:62433
accept: */*

Response DefaultHttpResponse(decodeResult: success, version: HTTP/1.1)
HTTP/1.1 200 OK
Content-Type: application/json; charset=utf-8
cache-control: no-cache
content-length: 191964

20:37:44.024 [AsyncHttpClient-1-4] DEBUG org.asynchttpclient.netty.channel.ChannelManager - Adding key: http://localhost:62433 for channel [id: 0x5041318f, L:/127.0.0.1:62060 - R:localhost/127.0.0.1:62433]
20:37:44.045 [main] DEBUG net.serenitybdd.core.photography.Darkroom - Send negative for processing for target\site\serenity\544bcbc478e15d16842411177daa94297a346a5adfb95a8cd7b78f73c7700575.png
20:37:44.045 [main] DEBUG net.thucydides.core.steps.StepInterceptor - STEP DONE: inputDataDokterEdit
  &amp#27;[32mThen &amp#27;[0m&amp#27;[32mI input edit &amp#27;[0m&amp#27;[32m&amp#27;[1m"Bagas"&amp#27;[0m&amp#27;[32m &amp#27;[0m&amp#27;[32m&amp#27;[1m"12344"&amp#27;[0m&amp#27;[32m &amp#27;[0m&amp#27;[32m&amp#27;[1m"Dokter Gigi"&amp#27;[0m&amp#27;[32m &amp#27;[0m&amp#27;[32m&amp#27;[1m"*Y*(^21333"&amp#27;[0m&amp#27;[32m &amp#27;[0m&amp#27;[32m&amp#27;[1m"BagasBedah"&amp#27;[0m&amp#27;[32m dokter&amp#27;[0m &amp#27;[90m# starter.stepdefinitios.DokterDataSteps.iInputEditDokter(java.lang.String,java.lang.String,java.lang.String,java.lang.String,java.lang.String)&amp#27;[0m
20:37:44.046 [Darkroom Processing Line] DEBUG net.serenitybdd.core.photography.DarkroomProcessingLine - Processing screenshot image in /var/screenshots/screenshot-10713191023971896376
20:37:44.047 [Darkroom Processing Line] DEBUG net.serenitybdd.core.photography.DarkroomProcessingLine - Saving screenshot to target\site\serenity\544bcbc478e15d16842411177daa94297a346a5adfb95a8cd7b78f73c7700575.png
20:37:44.104 [AsyncHttpClient-1-1] DEBUG org.asynchttpclient.netty.channel.DefaultChannelPool - Entry count for : http://localhost:62063 : 1
20:37:44.104 [AsyncHttpClient-1-1] DEBUG org.asynchttpclient.netty.channel.DefaultChannelPool - Entry count for : http://localhost:62433 : 1
20:37:44.104 [Forwarding screenshot on session 149b823a84ccace5ba6fbed1d6ef89af to remote] DEBUG org.asynchttpclient.netty.request.NettyRequestSender - Using pooled Channel '[id: 0x5041318f, L:/127.0.0.1:62060 - R:localhost/127.0.0.1:62433]' for 'GET' to 'http://localhost:62433/session/149b823a84ccace5ba6fbed1d6ef89af/screenshot'
20:37:44.104 [Forwarding screenshot on session 149b823a84ccace5ba6fbed1d6ef89af to remote] DEBUG org.asynchttpclient.netty.request.NettyRequestSender - Using open Channel [id: 0x5041318f, L:/127.0.0.1:62060 - R:localhost/127.0.0.1:62433] for GET '/session/149b823a84ccace5ba6fbed1d6ef89af/screenshot'
20:37:44.407 [AsyncHttpClient-1-4] DEBUG org.asynchttpclient.netty.handler.HttpHandler - 

Request DefaultFullHttpRequest(decodeResult: success, version: HTTP/1.1, content: EmptyByteBufBE)
GET /session/149b823a84ccace5ba6fbed1d6ef89af/screenshot HTTP/1.1
User-Agent: selenium/4.1.2 (java windows)
Cache-Control: no-cache
Content-Type: application/json; charset=utf-8
host: localhost:62433
accept: */*

Response DefaultHttpResponse(decodeResult: success, version: HTTP/1.1)
HTTP/1.1 200 OK
Content-Type: application/json; charset=utf-8
cache-control: no-cache
content-length: 205320

20:37:44.409 [AsyncHttpClient-1-4] DEBUG org.asynchttpclient.netty.channel.ChannelManager - Adding key: http://localhost:62433 for channel [id: 0x5041318f, L:/127.0.0.1:62060 - R:localhost/127.0.0.1:62433]
20:37:44.426 [main] DEBUG net.serenitybdd.core.photography.Darkroom - Send negative for processing for target\site\serenity\49d28f5b1090a6bada04c4a7bdbb88683c6390359148565a2321bb0e8bb818ce.png
20:37:44.427 [main] DEBUG net.thucydides.core.steps.StepInterceptor - STARTING STEP: PatientDataSteps.clickButtonSimpan - clickButtonSave
20:37:44.429 [Darkroom Processing Line] DEBUG net.serenitybdd.core.photography.DarkroomProcessingLine - Processing screenshot image in /var/screenshots/screenshot-6490060107868968745
20:37:44.429 [Darkroom Processing Line] DEBUG net.serenitybdd.core.photography.DarkroomProcessingLine - Saving screenshot to target\site\serenity\49d28f5b1090a6bada04c4a7bdbb88683c6390359148565a2321bb0e8bb818ce.png
20:37:44.454 [Forwarding findElement on session 149b823a84ccace5ba6fbed1d6ef89af to remote] DEBUG org.asynchttpclient.netty.request.NettyRequestSender - Using pooled Channel '[id: 0x5041318f, L:/127.0.0.1:62060 - R:localhost/127.0.0.1:62433]' for 'POST' to 'http://localhost:62433/session/149b823a84ccace5ba6fbed1d6ef89af/element'
20:37:44.454 [Forwarding findElement on session 149b823a84ccace5ba6fbed1d6ef89af to remote] DEBUG org.asynchttpclient.netty.request.NettyRequestSender - Using open Channel [id: 0x5041318f, L:/127.0.0.1:62060 - R:localhost/127.0.0.1:62433] for POST '/session/149b823a84ccace5ba6fbed1d6ef89af/element'
20:37:44.604 [AsyncHttpClient-1-4] DEBUG org.asynchttpclient.netty.handler.HttpHandler - 

Request DefaultHttpRequest(decodeResult: success, version: HTTP/1.1)
POST /session/149b823a84ccace5ba6fbed1d6ef89af/element HTTP/1.1
User-Agent: selenium/4.1.2 (java windows)
Content-Length: 68
Content-Type: application/json; charset=utf-8
host: localhost:62433
accept: */*

Response DefaultHttpResponse(decodeResult: success, version: HTTP/1.1)
HTTP/1.1 200 OK
Content-Type: application/json; charset=utf-8
cache-control: no-cache
content-length: 88

20:37:44.604 [AsyncHttpClient-1-4] DEBUG org.asynchttpclient.netty.channel.ChannelManager - Adding key: http://localhost:62433 for channel [id: 0x5041318f, L:/127.0.0.1:62060 - R:localhost/127.0.0.1:62433]
20:37:44.645 [Forwarding getElementTagName on session 149b823a84ccace5ba6fbed1d6ef89af to remote] DEBUG org.asynchttpclient.netty.request.NettyRequestSender - Using pooled Channel '[id: 0x5041318f, L:/127.0.0.1:62060 - R:localhost/127.0.0.1:62433]' for 'GET' to 'http://localhost:62433/session/149b823a84ccace5ba6fbed1d6ef89af/element/e89a1f61-e387-47f3-b60f-fdb5e267fba3/name'
20:37:44.645 [Forwarding getElementTagName on session 149b823a84ccace5ba6fbed1d6ef89af to remote] DEBUG org.asynchttpclient.netty.request.NettyRequestSender - Using open Channel [id: 0x5041318f, L:/127.0.0.1:62060 - R:localhost/127.0.0.1:62433] for GET '/session/149b823a84ccace5ba6fbed1d6ef89af/element/e89a1f61-e387-47f3-b60f-fdb5e267fba3/name'
20:37:44.674 [AsyncHttpClient-1-4] DEBUG org.asynchttpclient.netty.handler.HttpHandler - 

Request DefaultFullHttpRequest(decodeResult: success, version: HTTP/1.1, content: EmptyByteBufBE)
GET /session/149b823a84ccace5ba6fbed1d6ef89af/element/e89a1f61-e387-47f3-b60f-fdb5e267fba3/name HTTP/1.1
User-Agent: selenium/4.1.2 (java windows)
Cache-Control: no-cache
Content-Type: application/json; charset=utf-8
host: localhost:62433
accept: */*

Response DefaultHttpResponse(decodeResult: success, version: HTTP/1.1)
HTTP/1.1 200 OK
Content-Type: application/json; charset=utf-8
cache-control: no-cache
content-length: 18

20:37:44.674 [AsyncHttpClient-1-4] DEBUG org.asynchttpclient.netty.channel.ChannelManager - Adding key: http://localhost:62433 for channel [id: 0x5041318f, L:/127.0.0.1:62060 - R:localhost/127.0.0.1:62433]
20:37:44.689 [Forwarding getElementTagName on session 149b823a84ccace5ba6fbed1d6ef89af to remote] DEBUG org.asynchttpclient.netty.request.NettyRequestSender - Using pooled Channel '[id: 0x5041318f, L:/127.0.0.1:62060 - R:localhost/127.0.0.1:62433]' for 'GET' to 'http://localhost:62433/session/149b823a84ccace5ba6fbed1d6ef89af/element/e89a1f61-e387-47f3-b60f-fdb5e267fba3/name'
20:37:44.689 [Forwarding getElementTagName on session 149b823a84ccace5ba6fbed1d6ef89af to remote] DEBUG org.asynchttpclient.netty.request.NettyRequestSender - Using open Channel [id: 0x5041318f, L:/127.0.0.1:62060 - R:localhost/127.0.0.1:62433] for GET '/session/149b823a84ccace5ba6fbed1d6ef89af/element/e89a1f61-e387-47f3-b60f-fdb5e267fba3/name'
20:37:44.750 [AsyncHttpClient-1-4] DEBUG org.asynchttpclient.netty.handler.HttpHandler - 

Request DefaultFullHttpRequest(decodeResult: success, version: HTTP/1.1, content: EmptyByteBufBE)
GET /session/149b823a84ccace5ba6fbed1d6ef89af/element/e89a1f61-e387-47f3-b60f-fdb5e267fba3/name HTTP/1.1
User-Agent: selenium/4.1.2 (java windows)
Cache-Control: no-cache
Content-Type: application/json; charset=utf-8
host: localhost:62433
accept: */*

Response DefaultHttpResponse(decodeResult: success, version: HTTP/1.1)
HTTP/1.1 200 OK
Content-Type: application/json; charset=utf-8
cache-control: no-cache
content-length: 18

20:37:44.751 [AsyncHttpClient-1-4] DEBUG org.asynchttpclient.netty.channel.ChannelManager - Adding key: http://localhost:62433 for channel [id: 0x5041318f, L:/127.0.0.1:62060 - R:localhost/127.0.0.1:62433]
20:37:44.759 [Forwarding isElementEnabled on session 149b823a84ccace5ba6fbed1d6ef89af to remote] DEBUG org.asynchttpclient.netty.request.NettyRequestSender - Using pooled Channel '[id: 0x5041318f, L:/127.0.0.1:62060 - R:localhost/127.0.0.1:62433]' for 'GET' to 'http://localhost:62433/session/149b823a84ccace5ba6fbed1d6ef89af/element/e89a1f61-e387-47f3-b60f-fdb5e267fba3/enabled'
20:37:44.759 [Forwarding isElementEnabled on session 149b823a84ccace5ba6fbed1d6ef89af to remote] DEBUG org.asynchttpclient.netty.request.NettyRequestSender - Using open Channel [id: 0x5041318f, L:/127.0.0.1:62060 - R:localhost/127.0.0.1:62433] for GET '/session/149b823a84ccace5ba6fbed1d6ef89af/element/e89a1f61-e387-47f3-b60f-fdb5e267fba3/enabled'
20:37:44.815 [AsyncHttpClient-1-4] DEBUG org.asynchttpclient.netty.handler.HttpHandler - 

Request DefaultFullHttpRequest(decodeResult: success, version: HTTP/1.1, content: EmptyByteBufBE)
GET /session/149b823a84ccace5ba6fbed1d6ef89af/element/e89a1f61-e387-47f3-b60f-fdb5e267fba3/enabled HTTP/1.1
User-Agent: selenium/4.1.2 (java windows)
Cache-Control: no-cache
Content-Type: application/json; charset=utf-8
host: localhost:62433
accept: */*

Response DefaultHttpResponse(decodeResult: success, version: HTTP/1.1)
HTTP/1.1 200 OK
Content-Type: application/json; charset=utf-8
cache-control: no-cache
content-length: 14

20:37:44.816 [AsyncHttpClient-1-4] DEBUG org.asynchttpclient.netty.channel.ChannelManager - Adding key: http://localhost:62433 for channel [id: 0x5041318f, L:/127.0.0.1:62060 - R:localhost/127.0.0.1:62433]
20:37:44.816 [Forwarding isElementEnabled on session 149b823a84ccace5ba6fbed1d6ef89af to remote] DEBUG org.asynchttpclient.netty.request.NettyRequestSender - Using pooled Channel '[id: 0x5041318f, L:/127.0.0.1:62060 - R:localhost/127.0.0.1:62433]' for 'GET' to 'http://localhost:62433/session/149b823a84ccace5ba6fbed1d6ef89af/element/e89a1f61-e387-47f3-b60f-fdb5e267fba3/enabled'
20:37:44.816 [Forwarding isElementEnabled on session 149b823a84ccace5ba6fbed1d6ef89af to remote] DEBUG org.asynchttpclient.netty.request.NettyRequestSender - Using open Channel [id: 0x5041318f, L:/127.0.0.1:62060 - R:localhost/127.0.0.1:62433] for GET '/session/149b823a84ccace5ba6fbed1d6ef89af/element/e89a1f61-e387-47f3-b60f-fdb5e267fba3/enabled'
20:37:44.832 [AsyncHttpClient-1-4] DEBUG org.asynchttpclient.netty.handler.HttpHandler - 

Request DefaultFullHttpRequest(decodeResult: success, version: HTTP/1.1, content: EmptyByteBufBE)
GET /session/149b823a84ccace5ba6fbed1d6ef89af/element/e89a1f61-e387-47f3-b60f-fdb5e267fba3/enabled HTTP/1.1
User-Agent: selenium/4.1.2 (java windows)
Cache-Control: no-cache
Content-Type: application/json; charset=utf-8
host: localhost:62433
accept: */*

Response DefaultHttpResponse(decodeResult: success, version: HTTP/1.1)
HTTP/1.1 200 OK
Content-Type: application/json; charset=utf-8
cache-control: no-cache
content-length: 14

20:37:44.832 [AsyncHttpClient-1-4] DEBUG org.asynchttpclient.netty.channel.ChannelManager - Adding key: http://localhost:62433 for channel [id: 0x5041318f, L:/127.0.0.1:62060 - R:localhost/127.0.0.1:62433]
20:37:44.836 [Forwarding findElement on session 149b823a84ccace5ba6fbed1d6ef89af to remote] DEBUG org.asynchttpclient.netty.request.NettyRequestSender - Using pooled Channel '[id: 0x5041318f, L:/127.0.0.1:62060 - R:localhost/127.0.0.1:62433]' for 'POST' to 'http://localhost:62433/session/149b823a84ccace5ba6fbed1d6ef89af/element'
20:37:44.836 [Forwarding findElement on session 149b823a84ccace5ba6fbed1d6ef89af to remote] DEBUG org.asynchttpclient.netty.request.NettyRequestSender - Using open Channel [id: 0x5041318f, L:/127.0.0.1:62060 - R:localhost/127.0.0.1:62433] for POST '/session/149b823a84ccace5ba6fbed1d6ef89af/element'
20:37:44.894 [AsyncHttpClient-1-4] DEBUG org.asynchttpclient.netty.handler.HttpHandler - 

Request DefaultHttpRequest(decodeResult: success, version: HTTP/1.1)
POST /session/149b823a84ccace5ba6fbed1d6ef89af/element HTTP/1.1
User-Agent: selenium/4.1.2 (java windows)
Content-Length: 68
Content-Type: application/json; charset=utf-8
host: localhost:62433
accept: */*

Response DefaultHttpResponse(decodeResult: success, version: HTTP/1.1)
HTTP/1.1 200 OK
Content-Type: application/json; charset=utf-8
cache-control: no-cache
content-length: 88

20:37:44.895 [AsyncHttpClient-1-4] DEBUG org.asynchttpclient.netty.channel.ChannelManager - Adding key: http://localhost:62433 for channel [id: 0x5041318f, L:/127.0.0.1:62060 - R:localhost/127.0.0.1:62433]
20:37:44.897 [Forwarding clickElement on session 149b823a84ccace5ba6fbed1d6ef89af to remote] DEBUG org.asynchttpclient.netty.request.NettyRequestSender - Using pooled Channel '[id: 0x5041318f, L:/127.0.0.1:62060 - R:localhost/127.0.0.1:62433]' for 'POST' to 'http://localhost:62433/session/149b823a84ccace5ba6fbed1d6ef89af/element/e89a1f61-e387-47f3-b60f-fdb5e267fba3/click'
20:37:44.897 [Forwarding clickElement on session 149b823a84ccace5ba6fbed1d6ef89af to remote] DEBUG org.asynchttpclient.netty.request.NettyRequestSender - Using open Channel [id: 0x5041318f, L:/127.0.0.1:62060 - R:localhost/127.0.0.1:62433] for POST '/session/149b823a84ccace5ba6fbed1d6ef89af/element/e89a1f61-e387-47f3-b60f-fdb5e267fba3/click'
20:37:45.208 [AsyncHttpClient-1-1] DEBUG org.asynchttpclient.netty.channel.DefaultChannelPool - Entry count for : http://localhost:62063 : 1
20:37:45.260 [AsyncHttpClient-1-4] DEBUG org.asynchttpclient.netty.handler.HttpHandler - 

Request DefaultHttpRequest(decodeResult: success, version: HTTP/1.1)
POST /session/149b823a84ccace5ba6fbed1d6ef89af/element/e89a1f61-e387-47f3-b60f-fdb5e267fba3/click HTTP/1.1
User-Agent: selenium/4.1.2 (java windows)
Content-Length: 50
Content-Type: application/json; charset=utf-8
host: localhost:62433
accept: */*

Response DefaultHttpResponse(decodeResult: success, version: HTTP/1.1)
HTTP/1.1 200 OK
Content-Type: application/json; charset=utf-8
cache-control: no-cache
content-length: 14

20:37:45.261 [AsyncHttpClient-1-4] DEBUG org.asynchttpclient.netty.channel.ChannelManager - Adding key: http://localhost:62433 for channel [id: 0x5041318f, L:/127.0.0.1:62060 - R:localhost/127.0.0.1:62433]
20:37:45.288 [Forwarding screenshot on session 149b823a84ccace5ba6fbed1d6ef89af to remote] DEBUG org.asynchttpclient.netty.request.NettyRequestSender - Using pooled Channel '[id: 0x5041318f, L:/127.0.0.1:62060 - R:localhost/127.0.0.1:62433]' for 'GET' to 'http://localhost:62433/session/149b823a84ccace5ba6fbed1d6ef89af/screenshot'
20:37:45.288 [Forwarding screenshot on session 149b823a84ccace5ba6fbed1d6ef89af to remote] DEBUG org.asynchttpclient.netty.request.NettyRequestSender - Using open Channel [id: 0x5041318f, L:/127.0.0.1:62060 - R:localhost/127.0.0.1:62433] for GET '/session/149b823a84ccace5ba6fbed1d6ef89af/screenshot'
20:37:45.879 [AsyncHttpClient-1-4] DEBUG org.asynchttpclient.netty.handler.HttpHandler - 

Request DefaultFullHttpRequest(decodeResult: success, version: HTTP/1.1, content: EmptyByteBufBE)
GET /session/149b823a84ccace5ba6fbed1d6ef89af/screenshot HTTP/1.1
User-Agent: selenium/4.1.2 (java windows)
Cache-Control: no-cache
Content-Type: application/json; charset=utf-8
host: localhost:62433
accept: */*

Response DefaultHttpResponse(decodeResult: success, version: HTTP/1.1)
HTTP/1.1 500 Internal Server Error
Content-Type: application/json; charset=utf-8
cache-control: no-cache
content-length: 854

20:37:45.880 [AsyncHttpClient-1-4] DEBUG org.asynchttpclient.netty.channel.ChannelManager - Adding key: http://localhost:62433 for channel [id: 0x5041318f, L:/127.0.0.1:62060 - R:localhost/127.0.0.1:62433]
20:37:45.883 [main] WARN net.thucydides.core.webdriver.WebDriverFacade - Failed to take screenshot (unexpected alert open: <unknown>
  (Session info: chrome=102.0.5005.115): 
Build info: version: '4.1.2', revision: '9a5a329c5a'
System info: host: 'MOOK-HON', ip: '192.168.100.6', os.name: 'Windows 10', os.arch: 'amd64', os.version: '10.0', java.version: '11.0.14'
Driver info: org.openqa.selenium.chrome.ChromeDriver
Command: [149b823a84ccace5ba6fbed1d6ef89af, screenshot {}]
Capabilities {acceptInsecureCerts: false, browserName: chrome, browserVersion: 102.0.5005.115, chrome: {chromedriverVersion: 102.0.5005.61 (0e59bcc00cc4..., userDataDir: C:\Users\ASUS\AppData\Local...}, goog:chromeOptions: {debuggerAddress: localhost:62063}, javascriptEnabled: true, networkConnectionEnabled: false, pageLoadStrategy: normal, platform: WINDOWS, platformName: WINDOWS, proxy: Proxy(), se:cdp: ws://localhost:62063/devtoo..., se:cdpVersion: 102.0.5005.115, setWindowRect: true, strictFileInteractability: false, timeouts: {implicit: 0, pageLoad: 300000, script: 30000}, unhandledPromptBehavior: dismiss and notify, webauthn:extension:credBlob: true, webauthn:extension:largeBlob: true, webauthn:virtualAuthenticators: true}
Session ID: 149b823a84ccace5ba6fbed1d6ef89af)
20:37:45.883 [main] DEBUG net.thucydides.core.steps.StepInterceptor - STEP DONE: clickButtonSave
  &amp#27;[32mAnd &amp#27;[0m&amp#27;[32mClick button simpan&amp#27;[0m                                                          &amp#27;[90m# starter.stepdefinitios.PatientDataSteps.clickButtonSimpan()&amp#27;[0m
20:37:45.905 [Forwarding screenshot on session 149b823a84ccace5ba6fbed1d6ef89af to remote] DEBUG org.asynchttpclient.netty.request.NettyRequestSender - Using pooled Channel '[id: 0x5041318f, L:/127.0.0.1:62060 - R:localhost/127.0.0.1:62433]' for 'GET' to 'http://localhost:62433/session/149b823a84ccace5ba6fbed1d6ef89af/screenshot'
20:37:45.905 [Forwarding screenshot on session 149b823a84ccace5ba6fbed1d6ef89af to remote] DEBUG org.asynchttpclient.netty.request.NettyRequestSender - Using open Channel [id: 0x5041318f, L:/127.0.0.1:62060 - R:localhost/127.0.0.1:62433] for GET '/session/149b823a84ccace5ba6fbed1d6ef89af/screenshot'
20:37:46.002 [AsyncHttpClient-1-4] DEBUG org.asynchttpclient.netty.handler.HttpHandler - 

Request DefaultFullHttpRequest(decodeResult: success, version: HTTP/1.1, content: EmptyByteBufBE)
GET /session/149b823a84ccace5ba6fbed1d6ef89af/screenshot HTTP/1.1
User-Agent: selenium/4.1.2 (java windows)
Cache-Control: no-cache
Content-Type: application/json; charset=utf-8
host: localhost:62433
accept: */*

Response DefaultHttpResponse(decodeResult: success, version: HTTP/1.1)
HTTP/1.1 500 Internal Server Error
Content-Type: application/json; charset=utf-8
cache-control: no-cache
content-length: 889

20:37:46.002 [AsyncHttpClient-1-4] DEBUG org.asynchttpclient.netty.channel.ChannelManager - Adding key: http://localhost:62433 for channel [id: 0x5041318f, L:/127.0.0.1:62060 - R:localhost/127.0.0.1:62433]
20:37:46.012 [main] WARN net.thucydides.core.webdriver.WebDriverFacade - Failed to take screenshot (unexpected alert open: {Alert text : data telah diubah}
  (Session info: chrome=102.0.5005.115): data telah diubah
Build info: version: '4.1.2', revision: '9a5a329c5a'
System info: host: 'MOOK-HON', ip: '192.168.100.6', os.name: 'Windows 10', os.arch: 'amd64', os.version: '10.0', java.version: '11.0.14'
Driver info: org.openqa.selenium.chrome.ChromeDriver
Command: [149b823a84ccace5ba6fbed1d6ef89af, screenshot {}]
Capabilities {acceptInsecureCerts: false, browserName: chrome, browserVersion: 102.0.5005.115, chrome: {chromedriverVersion: 102.0.5005.61 (0e59bcc00cc4..., userDataDir: C:\Users\ASUS\AppData\Local...}, goog:chromeOptions: {debuggerAddress: localhost:62063}, javascriptEnabled: true, networkConnectionEnabled: false, pageLoadStrategy: normal, platform: WINDOWS, platformName: WINDOWS, proxy: Proxy(), se:cdp: ws://localhost:62063/devtoo..., se:cdpVersion: 102.0.5005.115, setWindowRect: true, strictFileInteractability: false, timeouts: {implicit: 0, pageLoad: 300000, script: 30000}, unhandledPromptBehavior: dismiss and notify, webauthn:extension:credBlob: true, webauthn:extension:largeBlob: true, webauthn:virtualAuthenticators: true}
Session ID: 149b823a84ccace5ba6fbed1d6ef89af)
20:37:46.044 [Forwarding screenshot on session 149b823a84ccace5ba6fbed1d6ef89af to remote] DEBUG org.asynchttpclient.netty.request.NettyRequestSender - Using pooled Channel '[id: 0x5041318f, L:/127.0.0.1:62060 - R:localhost/127.0.0.1:62433]' for 'GET' to 'http://localhost:62433/session/149b823a84ccace5ba6fbed1d6ef89af/screenshot'
20:37:46.044 [Forwarding screenshot on session 149b823a84ccace5ba6fbed1d6ef89af to remote] DEBUG org.asynchttpclient.netty.request.NettyRequestSender - Using open Channel [id: 0x5041318f, L:/127.0.0.1:62060 - R:localhost/127.0.0.1:62433] for GET '/session/149b823a84ccace5ba6fbed1d6ef89af/screenshot'
20:37:46.289 [AsyncHttpClient-1-1] DEBUG org.asynchttpclient.netty.channel.DefaultChannelPool - Entry count for : http://localhost:62063 : 1
20:37:46.584 [AsyncHttpClient-1-4] DEBUG org.asynchttpclient.netty.handler.HttpHandler - 

Request DefaultFullHttpRequest(decodeResult: success, version: HTTP/1.1, content: EmptyByteBufBE)
GET /session/149b823a84ccace5ba6fbed1d6ef89af/screenshot HTTP/1.1
User-Agent: selenium/4.1.2 (java windows)
Cache-Control: no-cache
Content-Type: application/json; charset=utf-8
host: localhost:62433
accept: */*

Response DefaultHttpResponse(decodeResult: success, version: HTTP/1.1)
HTTP/1.1 200 OK
Content-Type: application/json; charset=utf-8
cache-control: no-cache
content-length: 215916

20:37:46.586 [AsyncHttpClient-1-4] DEBUG org.asynchttpclient.netty.channel.ChannelManager - Adding key: http://localhost:62433 for channel [id: 0x5041318f, L:/127.0.0.1:62060 - R:localhost/127.0.0.1:62433]
20:37:46.605 [main] DEBUG net.serenitybdd.core.photography.Darkroom - Send negative for processing for target\site\serenity\02deaf7a2b2589e2fe97e3f515bdfc5d41af322d1843f2840e5d12786ab9b59a.png
20:37:46.607 [Darkroom Processing Line] DEBUG net.serenitybdd.core.photography.DarkroomProcessingLine - Processing screenshot image in /var/screenshots/screenshot-394421681653220394
20:37:46.607 [Darkroom Processing Line] DEBUG net.serenitybdd.core.photography.DarkroomProcessingLine - Saving screenshot to target\site\serenity\02deaf7a2b2589e2fe97e3f515bdfc5d41af322d1843f2840e5d12786ab9b59a.png
20:37:47.142 [Forwarding screenshot on session 149b823a84ccace5ba6fbed1d6ef89af to remote] DEBUG org.asynchttpclient.netty.request.NettyRequestSender - Using pooled Channel '[id: 0x5041318f, L:/127.0.0.1:62060 - R:localhost/127.0.0.1:62433]' for 'GET' to 'http://localhost:62433/session/149b823a84ccace5ba6fbed1d6ef89af/screenshot'
20:37:47.142 [Forwarding screenshot on session 149b823a84ccace5ba6fbed1d6ef89af to remote] DEBUG org.asynchttpclient.netty.request.NettyRequestSender - Using open Channel [id: 0x5041318f, L:/127.0.0.1:62060 - R:localhost/127.0.0.1:62433] for GET '/session/149b823a84ccace5ba6fbed1d6ef89af/screenshot'
20:37:47.403 [AsyncHttpClient-1-1] DEBUG org.asynchttpclient.netty.channel.DefaultChannelPool - Entry count for : http://localhost:62063 : 1
20:37:47.512 [AsyncHttpClient-1-4] DEBUG org.asynchttpclient.netty.handler.HttpHandler - 

Request DefaultFullHttpRequest(decodeResult: success, version: HTTP/1.1, content: EmptyByteBufBE)
GET /session/149b823a84ccace5ba6fbed1d6ef89af/screenshot HTTP/1.1
User-Agent: selenium/4.1.2 (java windows)
Cache-Control: no-cache
Content-Type: application/json; charset=utf-8
host: localhost:62433
accept: */*

Response DefaultHttpResponse(decodeResult: success, version: HTTP/1.1)
HTTP/1.1 200 OK
Content-Type: application/json; charset=utf-8
cache-control: no-cache
content-length: 229368

20:37:47.514 [AsyncHttpClient-1-4] DEBUG org.asynchttpclient.netty.channel.ChannelManager - Adding key: http://localhost:62433 for channel [id: 0x5041318f, L:/127.0.0.1:62060 - R:localhost/127.0.0.1:62433]
20:37:47.530 [main] DEBUG net.serenitybdd.core.photography.Darkroom - Send negative for processing for target\site\serenity\4a37b95b877c3ac45e84d83d5e436eea1e3af52df465c7b7563046719f5cc5e4.png
20:37:47.530 [main] DEBUG net.thucydides.core.steps.StepInterceptor - STARTING STEP: PatientDataSteps.validEditData - clickButtonBack
20:37:47.531 [Darkroom Processing Line] DEBUG net.serenitybdd.core.photography.DarkroomProcessingLine - Processing screenshot image in /var/screenshots/screenshot-4614566700640244175
20:37:47.531 [Darkroom Processing Line] DEBUG net.serenitybdd.core.photography.DarkroomProcessingLine - Saving screenshot to target\site\serenity\4a37b95b877c3ac45e84d83d5e436eea1e3af52df465c7b7563046719f5cc5e4.png
20:37:47.538 [Forwarding findElement on session 149b823a84ccace5ba6fbed1d6ef89af to remote] DEBUG org.asynchttpclient.netty.request.NettyRequestSender - Using pooled Channel '[id: 0x5041318f, L:/127.0.0.1:62060 - R:localhost/127.0.0.1:62433]' for 'POST' to 'http://localhost:62433/session/149b823a84ccace5ba6fbed1d6ef89af/element'
20:37:47.538 [Forwarding findElement on session 149b823a84ccace5ba6fbed1d6ef89af to remote] DEBUG org.asynchttpclient.netty.request.NettyRequestSender - Using open Channel [id: 0x5041318f, L:/127.0.0.1:62060 - R:localhost/127.0.0.1:62433] for POST '/session/149b823a84ccace5ba6fbed1d6ef89af/element'
20:37:47.583 [AsyncHttpClient-1-4] DEBUG org.asynchttpclient.netty.handler.HttpHandler - 

Request DefaultHttpRequest(decodeResult: success, version: HTTP/1.1)
POST /session/149b823a84ccace5ba6fbed1d6ef89af/element HTTP/1.1
User-Agent: selenium/4.1.2 (java windows)
Content-Length: 137
Content-Type: application/json; charset=utf-8
host: localhost:62433
accept: */*

Response DefaultHttpResponse(decodeResult: success, version: HTTP/1.1)
HTTP/1.1 200 OK
Content-Type: application/json; charset=utf-8
cache-control: no-cache
content-length: 88

20:37:47.583 [AsyncHttpClient-1-4] DEBUG org.asynchttpclient.netty.channel.ChannelManager - Adding key: http://localhost:62433 for channel [id: 0x5041318f, L:/127.0.0.1:62060 - R:localhost/127.0.0.1:62433]
20:37:47.586 [Forwarding getElementTagName on session 149b823a84ccace5ba6fbed1d6ef89af to remote] DEBUG org.asynchttpclient.netty.request.NettyRequestSender - Using pooled Channel '[id: 0x5041318f, L:/127.0.0.1:62060 - R:localhost/127.0.0.1:62433]' for 'GET' to 'http://localhost:62433/session/149b823a84ccace5ba6fbed1d6ef89af/element/7aa34843-0cd8-476f-a7a0-6e7e190374bc/name'
20:37:47.586 [Forwarding getElementTagName on session 149b823a84ccace5ba6fbed1d6ef89af to remote] DEBUG org.asynchttpclient.netty.request.NettyRequestSender - Using open Channel [id: 0x5041318f, L:/127.0.0.1:62060 - R:localhost/127.0.0.1:62433] for GET '/session/149b823a84ccace5ba6fbed1d6ef89af/element/7aa34843-0cd8-476f-a7a0-6e7e190374bc/name'
20:37:47.608 [AsyncHttpClient-1-4] DEBUG org.asynchttpclient.netty.handler.HttpHandler - 

Request DefaultFullHttpRequest(decodeResult: success, version: HTTP/1.1, content: EmptyByteBufBE)
GET /session/149b823a84ccace5ba6fbed1d6ef89af/element/7aa34843-0cd8-476f-a7a0-6e7e190374bc/name HTTP/1.1
User-Agent: selenium/4.1.2 (java windows)
Cache-Control: no-cache
Content-Type: application/json; charset=utf-8
host: localhost:62433
accept: */*

Response DefaultHttpResponse(decodeResult: success, version: HTTP/1.1)
HTTP/1.1 200 OK
Content-Type: application/json; charset=utf-8
cache-control: no-cache
content-length: 18

20:37:47.608 [AsyncHttpClient-1-4] DEBUG org.asynchttpclient.netty.channel.ChannelManager - Adding key: http://localhost:62433 for channel [id: 0x5041318f, L:/127.0.0.1:62060 - R:localhost/127.0.0.1:62433]
20:37:47.615 [Forwarding getElementTagName on session 149b823a84ccace5ba6fbed1d6ef89af to remote] DEBUG org.asynchttpclient.netty.request.NettyRequestSender - Using pooled Channel '[id: 0x5041318f, L:/127.0.0.1:62060 - R:localhost/127.0.0.1:62433]' for 'GET' to 'http://localhost:62433/session/149b823a84ccace5ba6fbed1d6ef89af/element/7aa34843-0cd8-476f-a7a0-6e7e190374bc/name'
20:37:47.615 [Forwarding getElementTagName on session 149b823a84ccace5ba6fbed1d6ef89af to remote] DEBUG org.asynchttpclient.netty.request.NettyRequestSender - Using open Channel [id: 0x5041318f, L:/127.0.0.1:62060 - R:localhost/127.0.0.1:62433] for GET '/session/149b823a84ccace5ba6fbed1d6ef89af/element/7aa34843-0cd8-476f-a7a0-6e7e190374bc/name'
20:37:47.637 [AsyncHttpClient-1-4] DEBUG org.asynchttpclient.netty.handler.HttpHandler - 

Request DefaultFullHttpRequest(decodeResult: success, version: HTTP/1.1, content: EmptyByteBufBE)
GET /session/149b823a84ccace5ba6fbed1d6ef89af/element/7aa34843-0cd8-476f-a7a0-6e7e190374bc/name HTTP/1.1
User-Agent: selenium/4.1.2 (java windows)
Cache-Control: no-cache
Content-Type: application/json; charset=utf-8
host: localhost:62433
accept: */*

Response DefaultHttpResponse(decodeResult: success, version: HTTP/1.1)
HTTP/1.1 200 OK
Content-Type: application/json; charset=utf-8
cache-control: no-cache
content-length: 18

20:37:47.639 [AsyncHttpClient-1-4] DEBUG org.asynchttpclient.netty.channel.ChannelManager - Adding key: http://localhost:62433 for channel [id: 0x5041318f, L:/127.0.0.1:62060 - R:localhost/127.0.0.1:62433]
20:37:47.643 [Forwarding isElementEnabled on session 149b823a84ccace5ba6fbed1d6ef89af to remote] DEBUG org.asynchttpclient.netty.request.NettyRequestSender - Using pooled Channel '[id: 0x5041318f, L:/127.0.0.1:62060 - R:localhost/127.0.0.1:62433]' for 'GET' to 'http://localhost:62433/session/149b823a84ccace5ba6fbed1d6ef89af/element/7aa34843-0cd8-476f-a7a0-6e7e190374bc/enabled'
20:37:47.644 [Forwarding isElementEnabled on session 149b823a84ccace5ba6fbed1d6ef89af to remote] DEBUG org.asynchttpclient.netty.request.NettyRequestSender - Using open Channel [id: 0x5041318f, L:/127.0.0.1:62060 - R:localhost/127.0.0.1:62433] for GET '/session/149b823a84ccace5ba6fbed1d6ef89af/element/7aa34843-0cd8-476f-a7a0-6e7e190374bc/enabled'
20:37:47.734 [AsyncHttpClient-1-4] DEBUG org.asynchttpclient.netty.handler.HttpHandler - 

Request DefaultFullHttpRequest(decodeResult: success, version: HTTP/1.1, content: EmptyByteBufBE)
GET /session/149b823a84ccace5ba6fbed1d6ef89af/element/7aa34843-0cd8-476f-a7a0-6e7e190374bc/enabled HTTP/1.1
User-Agent: selenium/4.1.2 (java windows)
Cache-Control: no-cache
Content-Type: application/json; charset=utf-8
host: localhost:62433
accept: */*

Response DefaultHttpResponse(decodeResult: success, version: HTTP/1.1)
HTTP/1.1 200 OK
Content-Type: application/json; charset=utf-8
cache-control: no-cache
content-length: 14

20:37:47.735 [AsyncHttpClient-1-4] DEBUG org.asynchttpclient.netty.channel.ChannelManager - Adding key: http://localhost:62433 for channel [id: 0x5041318f, L:/127.0.0.1:62060 - R:localhost/127.0.0.1:62433]
20:37:47.737 [Forwarding isElementEnabled on session 149b823a84ccace5ba6fbed1d6ef89af to remote] DEBUG org.asynchttpclient.netty.request.NettyRequestSender - Using pooled Channel '[id: 0x5041318f, L:/127.0.0.1:62060 - R:localhost/127.0.0.1:62433]' for 'GET' to 'http://localhost:62433/session/149b823a84ccace5ba6fbed1d6ef89af/element/7aa34843-0cd8-476f-a7a0-6e7e190374bc/enabled'
20:37:47.737 [Forwarding isElementEnabled on session 149b823a84ccace5ba6fbed1d6ef89af to remote] DEBUG org.asynchttpclient.netty.request.NettyRequestSender - Using open Channel [id: 0x5041318f, L:/127.0.0.1:62060 - R:localhost/127.0.0.1:62433] for GET '/session/149b823a84ccace5ba6fbed1d6ef89af/element/7aa34843-0cd8-476f-a7a0-6e7e190374bc/enabled'
20:37:47.858 [AsyncHttpClient-1-4] DEBUG org.asynchttpclient.netty.handler.HttpHandler - 

Request DefaultFullHttpRequest(decodeResult: success, version: HTTP/1.1, content: EmptyByteBufBE)
GET /session/149b823a84ccace5ba6fbed1d6ef89af/element/7aa34843-0cd8-476f-a7a0-6e7e190374bc/enabled HTTP/1.1
User-Agent: selenium/4.1.2 (java windows)
Cache-Control: no-cache
Content-Type: application/json; charset=utf-8
host: localhost:62433
accept: */*

Response DefaultHttpResponse(decodeResult: success, version: HTTP/1.1)
HTTP/1.1 200 OK
Content-Type: application/json; charset=utf-8
cache-control: no-cache
content-length: 14

20:37:47.858 [AsyncHttpClient-1-4] DEBUG org.asynchttpclient.netty.channel.ChannelManager - Adding key: http://localhost:62433 for channel [id: 0x5041318f, L:/127.0.0.1:62060 - R:localhost/127.0.0.1:62433]
20:37:47.862 [Forwarding findElement on session 149b823a84ccace5ba6fbed1d6ef89af to remote] DEBUG org.asynchttpclient.netty.request.NettyRequestSender - Using pooled Channel '[id: 0x5041318f, L:/127.0.0.1:62060 - R:localhost/127.0.0.1:62433]' for 'POST' to 'http://localhost:62433/session/149b823a84ccace5ba6fbed1d6ef89af/element'
20:37:47.862 [Forwarding findElement on session 149b823a84ccace5ba6fbed1d6ef89af to remote] DEBUG org.asynchttpclient.netty.request.NettyRequestSender - Using open Channel [id: 0x5041318f, L:/127.0.0.1:62060 - R:localhost/127.0.0.1:62433] for POST '/session/149b823a84ccace5ba6fbed1d6ef89af/element'
20:37:47.880 [AsyncHttpClient-1-4] DEBUG org.asynchttpclient.netty.handler.HttpHandler - 

Request DefaultHttpRequest(decodeResult: success, version: HTTP/1.1)
POST /session/149b823a84ccace5ba6fbed1d6ef89af/element HTTP/1.1
User-Agent: selenium/4.1.2 (java windows)
Content-Length: 137
Content-Type: application/json; charset=utf-8
host: localhost:62433
accept: */*

Response DefaultHttpResponse(decodeResult: success, version: HTTP/1.1)
HTTP/1.1 200 OK
Content-Type: application/json; charset=utf-8
cache-control: no-cache
content-length: 88

20:37:47.881 [AsyncHttpClient-1-4] DEBUG org.asynchttpclient.netty.channel.ChannelManager - Adding key: http://localhost:62433 for channel [id: 0x5041318f, L:/127.0.0.1:62060 - R:localhost/127.0.0.1:62433]
20:37:47.882 [Forwarding clickElement on session 149b823a84ccace5ba6fbed1d6ef89af to remote] DEBUG org.asynchttpclient.netty.request.NettyRequestSender - Using pooled Channel '[id: 0x5041318f, L:/127.0.0.1:62060 - R:localhost/127.0.0.1:62433]' for 'POST' to 'http://localhost:62433/session/149b823a84ccace5ba6fbed1d6ef89af/element/7aa34843-0cd8-476f-a7a0-6e7e190374bc/click'
20:37:47.883 [Forwarding clickElement on session 149b823a84ccace5ba6fbed1d6ef89af to remote] DEBUG org.asynchttpclient.netty.request.NettyRequestSender - Using open Channel [id: 0x5041318f, L:/127.0.0.1:62060 - R:localhost/127.0.0.1:62433] for POST '/session/149b823a84ccace5ba6fbed1d6ef89af/element/7aa34843-0cd8-476f-a7a0-6e7e190374bc/click'
20:37:48.364 [AsyncHttpClient-1-4] DEBUG org.asynchttpclient.netty.handler.HttpHandler - 

Request DefaultHttpRequest(decodeResult: success, version: HTTP/1.1)
POST /session/149b823a84ccace5ba6fbed1d6ef89af/element/7aa34843-0cd8-476f-a7a0-6e7e190374bc/click HTTP/1.1
User-Agent: selenium/4.1.2 (java windows)
Content-Length: 50
Content-Type: application/json; charset=utf-8
host: localhost:62433
accept: */*

Response DefaultHttpResponse(decodeResult: success, version: HTTP/1.1)
HTTP/1.1 200 OK
Content-Type: application/json; charset=utf-8
cache-control: no-cache
content-length: 14

20:37:48.365 [AsyncHttpClient-1-4] DEBUG org.asynchttpclient.netty.channel.ChannelManager - Adding key: http://localhost:62433 for channel [id: 0x5041318f, L:/127.0.0.1:62060 - R:localhost/127.0.0.1:62433]
20:37:48.388 [Forwarding screenshot on session 149b823a84ccace5ba6fbed1d6ef89af to remote] DEBUG org.asynchttpclient.netty.request.NettyRequestSender - Using pooled Channel '[id: 0x5041318f, L:/127.0.0.1:62060 - R:localhost/127.0.0.1:62433]' for 'GET' to 'http://localhost:62433/session/149b823a84ccace5ba6fbed1d6ef89af/screenshot'
20:37:48.388 [Forwarding screenshot on session 149b823a84ccace5ba6fbed1d6ef89af to remote] DEBUG org.asynchttpclient.netty.request.NettyRequestSender - Using open Channel [id: 0x5041318f, L:/127.0.0.1:62060 - R:localhost/127.0.0.1:62433] for GET '/session/149b823a84ccace5ba6fbed1d6ef89af/screenshot'
20:37:48.497 [AsyncHttpClient-1-1] DEBUG org.asynchttpclient.netty.channel.DefaultChannelPool - Entry count for : http://localhost:62063 : 1
20:37:48.879 [AsyncHttpClient-1-4] DEBUG org.asynchttpclient.netty.handler.HttpHandler - 

Request DefaultFullHttpRequest(decodeResult: success, version: HTTP/1.1, content: EmptyByteBufBE)
GET /session/149b823a84ccace5ba6fbed1d6ef89af/screenshot HTTP/1.1
User-Agent: selenium/4.1.2 (java windows)
Cache-Control: no-cache
Content-Type: application/json; charset=utf-8
host: localhost:62433
accept: */*

Response DefaultHttpResponse(decodeResult: success, version: HTTP/1.1)
HTTP/1.1 200 OK
Content-Type: application/json; charset=utf-8
cache-control: no-cache
content-length: 282856

20:37:48.883 [AsyncHttpClient-1-4] DEBUG org.asynchttpclient.netty.channel.ChannelManager - Adding key: http://localhost:62433 for channel [id: 0x5041318f, L:/127.0.0.1:62060 - R:localhost/127.0.0.1:62433]
20:37:48.914 [main] DEBUG net.serenitybdd.core.photography.Darkroom - Send negative for processing for target\site\serenity\7df251c831c91e12ac405f1d670f5a6ca1ea11714dc3c1eaf1009f4877961dfc.png
20:37:48.914 [main] DEBUG net.thucydides.core.steps.StepInterceptor - STEP DONE: clickButtonBack
20:37:48.964 [Darkroom Processing Line] DEBUG net.serenitybdd.core.photography.DarkroomProcessingLine - Processing screenshot image in /var/screenshots/screenshot-4827896554841682823
20:37:48.965 [Darkroom Processing Line] DEBUG net.serenitybdd.core.photography.DarkroomProcessingLine - Saving screenshot to target\site\serenity\7df251c831c91e12ac405f1d670f5a6ca1ea11714dc3c1eaf1009f4877961dfc.png
20:37:48.983 [Forwarding screenshot on session 149b823a84ccace5ba6fbed1d6ef89af to remote] DEBUG org.asynchttpclient.netty.request.NettyRequestSender - Using pooled Channel '[id: 0x5041318f, L:/127.0.0.1:62060 - R:localhost/127.0.0.1:62433]' for 'GET' to 'http://localhost:62433/session/149b823a84ccace5ba6fbed1d6ef89af/screenshot'
20:37:48.984 [Forwarding screenshot on session 149b823a84ccace5ba6fbed1d6ef89af to remote] DEBUG org.asynchttpclient.netty.request.NettyRequestSender - Using open Channel [id: 0x5041318f, L:/127.0.0.1:62060 - R:localhost/127.0.0.1:62433] for GET '/session/149b823a84ccace5ba6fbed1d6ef89af/screenshot'
20:37:49.454 [AsyncHttpClient-1-4] DEBUG org.asynchttpclient.netty.handler.HttpHandler - 

Request DefaultFullHttpRequest(decodeResult: success, version: HTTP/1.1, content: EmptyByteBufBE)
GET /session/149b823a84ccace5ba6fbed1d6ef89af/screenshot HTTP/1.1
User-Agent: selenium/4.1.2 (java windows)
Cache-Control: no-cache
Content-Type: application/json; charset=utf-8
host: localhost:62433
accept: */*

Response DefaultHttpResponse(decodeResult: success, version: HTTP/1.1)
HTTP/1.1 200 OK
Content-Type: application/json; charset=utf-8
cache-control: no-cache
content-length: 289800

20:37:49.456 [AsyncHttpClient-1-4] DEBUG org.asynchttpclient.netty.channel.ChannelManager - Adding key: http://localhost:62433 for channel [id: 0x5041318f, L:/127.0.0.1:62060 - R:localhost/127.0.0.1:62433]
20:37:49.485 [main] DEBUG net.serenitybdd.core.photography.Darkroom - Send negative for processing for target\site\serenity\f4d5fa2177c7242b57315c2d94d286d9f681f02ff1a04b1d6ca475fe94e93845.png
20:37:49.486 [main] DEBUG net.thucydides.core.steps.StepInterceptor - STARTING STEP: PatientDataSteps.validEditData - checkValidDataPasien
20:37:49.495 [Forwarding findElement on session 149b823a84ccace5ba6fbed1d6ef89af to remote] DEBUG org.asynchttpclient.netty.request.NettyRequestSender - Using pooled Channel '[id: 0x5041318f, L:/127.0.0.1:62060 - R:localhost/127.0.0.1:62433]' for 'POST' to 'http://localhost:62433/session/149b823a84ccace5ba6fbed1d6ef89af/element'
20:37:49.495 [Forwarding findElement on session 149b823a84ccace5ba6fbed1d6ef89af to remote] DEBUG org.asynchttpclient.netty.request.NettyRequestSender - Using open Channel [id: 0x5041318f, L:/127.0.0.1:62060 - R:localhost/127.0.0.1:62433] for POST '/session/149b823a84ccace5ba6fbed1d6ef89af/element'
20:37:49.526 [Darkroom Processing Line] DEBUG net.serenitybdd.core.photography.DarkroomProcessingLine - Processing screenshot image in /var/screenshots/screenshot-13788724019096562483
20:37:49.526 [Darkroom Processing Line] DEBUG net.serenitybdd.core.photography.DarkroomProcessingLine - Saving screenshot to target\site\serenity\f4d5fa2177c7242b57315c2d94d286d9f681f02ff1a04b1d6ca475fe94e93845.png
20:37:49.599 [AsyncHttpClient-1-4] DEBUG org.asynchttpclient.netty.handler.HttpHandler - 

Request DefaultHttpRequest(decodeResult: success, version: HTTP/1.1)
POST /session/149b823a84ccace5ba6fbed1d6ef89af/element HTTP/1.1
User-Agent: selenium/4.1.2 (java windows)
Content-Length: 95
Content-Type: application/json; charset=utf-8
host: localhost:62433
accept: */*

Response DefaultHttpResponse(decodeResult: success, version: HTTP/1.1)
HTTP/1.1 200 OK
Content-Type: application/json; charset=utf-8
cache-control: no-cache
content-length: 88

20:37:49.600 [AsyncHttpClient-1-4] DEBUG org.asynchttpclient.netty.channel.ChannelManager - Adding key: http://localhost:62433 for channel [id: 0x5041318f, L:/127.0.0.1:62060 - R:localhost/127.0.0.1:62433]
20:37:49.602 [Forwarding isElementEnabled on session 149b823a84ccace5ba6fbed1d6ef89af to remote] DEBUG org.asynchttpclient.netty.request.NettyRequestSender - Using pooled Channel '[id: 0x5041318f, L:/127.0.0.1:62060 - R:localhost/127.0.0.1:62433]' for 'GET' to 'http://localhost:62433/session/149b823a84ccace5ba6fbed1d6ef89af/element/b1f0cbe2-4eb4-4583-9f06-edf735c47635/enabled'
20:37:49.602 [Forwarding isElementEnabled on session 149b823a84ccace5ba6fbed1d6ef89af to remote] DEBUG org.asynchttpclient.netty.request.NettyRequestSender - Using open Channel [id: 0x5041318f, L:/127.0.0.1:62060 - R:localhost/127.0.0.1:62433] for GET '/session/149b823a84ccace5ba6fbed1d6ef89af/element/b1f0cbe2-4eb4-4583-9f06-edf735c47635/enabled'
20:37:49.654 [AsyncHttpClient-1-1] DEBUG org.asynchttpclient.netty.channel.DefaultChannelPool - Entry count for : http://localhost:62063 : 1
20:37:49.745 [AsyncHttpClient-1-4] DEBUG org.asynchttpclient.netty.handler.HttpHandler - 

Request DefaultFullHttpRequest(decodeResult: success, version: HTTP/1.1, content: EmptyByteBufBE)
GET /session/149b823a84ccace5ba6fbed1d6ef89af/element/b1f0cbe2-4eb4-4583-9f06-edf735c47635/enabled HTTP/1.1
User-Agent: selenium/4.1.2 (java windows)
Cache-Control: no-cache
Content-Type: application/json; charset=utf-8
host: localhost:62433
accept: */*

Response DefaultHttpResponse(decodeResult: success, version: HTTP/1.1)
HTTP/1.1 200 OK
Content-Type: application/json; charset=utf-8
cache-control: no-cache
content-length: 14

20:37:49.745 [AsyncHttpClient-1-4] DEBUG org.asynchttpclient.netty.channel.ChannelManager - Adding key: http://localhost:62433 for channel [id: 0x5041318f, L:/127.0.0.1:62060 - R:localhost/127.0.0.1:62433]
20:37:49.761 [Forwarding screenshot on session 149b823a84ccace5ba6fbed1d6ef89af to remote] DEBUG org.asynchttpclient.netty.request.NettyRequestSender - Using pooled Channel '[id: 0x5041318f, L:/127.0.0.1:62060 - R:localhost/127.0.0.1:62433]' for 'GET' to 'http://localhost:62433/session/149b823a84ccace5ba6fbed1d6ef89af/screenshot'
20:37:49.761 [Forwarding screenshot on session 149b823a84ccace5ba6fbed1d6ef89af to remote] DEBUG org.asynchttpclient.netty.request.NettyRequestSender - Using open Channel [id: 0x5041318f, L:/127.0.0.1:62060 - R:localhost/127.0.0.1:62433] for GET '/session/149b823a84ccace5ba6fbed1d6ef89af/screenshot'
20:37:50.171 [AsyncHttpClient-1-4] DEBUG org.asynchttpclient.netty.handler.HttpHandler - 

Request DefaultFullHttpRequest(decodeResult: success, version: HTTP/1.1, content: EmptyByteBufBE)
GET /session/149b823a84ccace5ba6fbed1d6ef89af/screenshot HTTP/1.1
User-Agent: selenium/4.1.2 (java windows)
Cache-Control: no-cache
Content-Type: application/json; charset=utf-8
host: localhost:62433
accept: */*

Response DefaultHttpResponse(decodeResult: success, version: HTTP/1.1)
HTTP/1.1 200 OK
Content-Type: application/json; charset=utf-8
cache-control: no-cache
content-length: 301424

20:37:50.173 [AsyncHttpClient-1-4] DEBUG org.asynchttpclient.netty.channel.ChannelManager - Adding key: http://localhost:62433 for channel [id: 0x5041318f, L:/127.0.0.1:62060 - R:localhost/127.0.0.1:62433]
20:37:50.200 [main] DEBUG net.serenitybdd.core.photography.Darkroom - Send negative for processing for target\site\serenity\ba5c7dc863739b045b1d71690d6b309578ebf33ce179e49ea46d494734d246c7.png
20:37:50.200 [main] DEBUG net.thucydides.core.steps.StepInterceptor - STEP DONE: checkValidDataPasien
  &amp#27;[32mAnd &amp#27;[0m&amp#27;[32mValid edit data&amp#27;[0m                                                              &amp#27;[90m# starter.stepdefinitios.PatientDataSteps.validEditData()&amp#27;[0m
20:37:50.218 [Darkroom Processing Line] DEBUG net.serenitybdd.core.photography.DarkroomProcessingLine - Processing screenshot image in /var/screenshots/screenshot-11232102793922542466
20:37:50.218 [Darkroom Processing Line] DEBUG net.serenitybdd.core.photography.DarkroomProcessingLine - Saving screenshot to target\site\serenity\ba5c7dc863739b045b1d71690d6b309578ebf33ce179e49ea46d494734d246c7.png
20:37:50.251 [Forwarding screenshot on session 149b823a84ccace5ba6fbed1d6ef89af to remote] DEBUG org.asynchttpclient.netty.request.NettyRequestSender - Using pooled Channel '[id: 0x5041318f, L:/127.0.0.1:62060 - R:localhost/127.0.0.1:62433]' for 'GET' to 'http://localhost:62433/session/149b823a84ccace5ba6fbed1d6ef89af/screenshot'
20:37:50.251 [Forwarding screenshot on session 149b823a84ccace5ba6fbed1d6ef89af to remote] DEBUG org.asynchttpclient.netty.request.NettyRequestSender - Using open Channel [id: 0x5041318f, L:/127.0.0.1:62060 - R:localhost/127.0.0.1:62433] for GET '/session/149b823a84ccace5ba6fbed1d6ef89af/screenshot'
20:37:50.721 [AsyncHttpClient-1-1] DEBUG org.asynchttpclient.netty.channel.DefaultChannelPool - Entry count for : http://localhost:62063 : 1
20:37:50.807 [AsyncHttpClient-1-4] DEBUG org.asynchttpclient.netty.handler.HttpHandler - 

Request DefaultFullHttpRequest(decodeResult: success, version: HTTP/1.1, content: EmptyByteBufBE)
GET /session/149b823a84ccace5ba6fbed1d6ef89af/screenshot HTTP/1.1
User-Agent: selenium/4.1.2 (java windows)
Cache-Control: no-cache
Content-Type: application/json; charset=utf-8
host: localhost:62433
accept: */*

Response DefaultHttpResponse(decodeResult: success, version: HTTP/1.1)
HTTP/1.1 200 OK
Content-Type: application/json; charset=utf-8
cache-control: no-cache
content-length: 301424

20:37:50.808 [AsyncHttpClient-1-4] DEBUG org.asynchttpclient.netty.channel.ChannelManager - Adding key: http://localhost:62433 for channel [id: 0x5041318f, L:/127.0.0.1:62060 - R:localhost/127.0.0.1:62433]
20:37:50.836 [main] DEBUG net.serenitybdd.core.photography.Darkroom - Send negative for processing for target\site\serenity\ba5c7dc863739b045b1d71690d6b309578ebf33ce179e49ea46d494734d246c7.png
20:37:50.843 [AsyncHttpClient-1-6] DEBUG org.asynchttpclient.netty.handler.WebSocketHandler - Channel Closed: [id: 0x23040cd6, L:/127.0.0.1:62074 ! R:localhost/127.0.0.1:62063] with attribute NettyResponseFuture{currentRetry=5,
	isDone=1,
	isCancelled=0,
	asyncHandler=org.asynchttpclient.ws.WebSocketUpgradeHandler@29912737,
	nettyRequest=org.asynchttpclient.netty.request.NettyRequest@7557b36d,
	future=java.util.concurrent.CompletableFuture@7a0b2d17[Completed normally],
	uri=ws://localhost:62063/devtools/browser/19ecacfb-b5d0-4b2d-a20e-b62fb18c6886,
	keepAlive=true,
	redirectCount=0,
	timeoutsHolder=null,
	inAuth=0,
	touch=1655991448050}
20:37:50.843 [AsyncHttpClient-1-6] DEBUG org.asynchttpclient.netty.channel.ChannelManager - Closing Channel [id: 0x23040cd6, L:/127.0.0.1:62074 ! R:localhost/127.0.0.1:62063] 
20:37:51.026 [Driver Command Executor] DEBUG org.asynchttpclient.netty.request.NettyRequestSender - Using pooled Channel '[id: 0x5041318f, L:/127.0.0.1:62060 - R:localhost/127.0.0.1:62433]' for 'DELETE' to 'http://localhost:62433/session/149b823a84ccace5ba6fbed1d6ef89af'
20:37:51.026 [Driver Command Executor] DEBUG org.asynchttpclient.netty.request.NettyRequestSender - Using open Channel [id: 0x5041318f, L:/127.0.0.1:62060 - R:localhost/127.0.0.1:62433] for DELETE '/session/149b823a84ccace5ba6fbed1d6ef89af'
20:37:51.809 [AsyncHttpClient-1-1] DEBUG org.asynchttpclient.netty.channel.DefaultChannelPool - Entry count for : http://localhost:62063 : 1
20:37:52.891 [AsyncHttpClient-1-1] DEBUG org.asynchttpclient.netty.channel.DefaultChannelPool - Entry count for : http://localhost:62063 : 1
20:37:54.016 [AsyncHttpClient-1-1] DEBUG org.asynchttpclient.netty.channel.DefaultChannelPool - Entry count for : http://localhost:62063 : 1
20:37:55.090 [AsyncHttpClient-1-1] DEBUG org.asynchttpclient.netty.channel.DefaultChannelPool - Entry count for : http://localhost:62063 : 1
20:37:55.767 [AsyncHttpClient-1-5] DEBUG org.asynchttpclient.netty.handler.HttpHandler - Unexpected I/O exception on channel [id: 0xd9acc6b4, L:/127.0.0.1:62073 - R:localhost/127.0.0.1:62063]
java.io.IOException: An existing connection was forcibly closed by the remote host
	at java.base/sun.nio.ch.SocketDispatcher.read0(Native Method)
	at java.base/sun.nio.ch.SocketDispatcher.read(SocketDispatcher.java:43)
	at java.base/sun.nio.ch.IOUtil.readIntoNativeBuffer(IOUtil.java:276)
	at java.base/sun.nio.ch.IOUtil.read(IOUtil.java:233)
	at java.base/sun.nio.ch.IOUtil.read(IOUtil.java:223)
	at java.base/sun.nio.ch.SocketChannelImpl.read(SocketChannelImpl.java:358)
	at io.netty.buffer.PooledByteBuf.setBytes(PooledByteBuf.java:258)
	at io.netty.buffer.AbstractByteBuf.writeBytes(AbstractByteBuf.java:1132)
	at io.netty.channel.socket.nio.NioSocketChannel.doReadBytes(NioSocketChannel.java:350)
	at io.netty.channel.nio.AbstractNioByteChannel$NioByteUnsafe.read(AbstractNioByteChannel.java:151)
	at io.netty.channel.nio.NioEventLoop.processSelectedKey(NioEventLoop.java:722)
	at io.netty.channel.nio.NioEventLoop.processSelectedKeysOptimized(NioEventLoop.java:658)
	at io.netty.channel.nio.NioEventLoop.processSelectedKeys(NioEventLoop.java:584)
	at io.netty.channel.nio.NioEventLoop.run(NioEventLoop.java:496)
	at io.netty.util.concurrent.SingleThreadEventExecutor$4.run(SingleThreadEventExecutor.java:986)
	at io.netty.util.internal.ThreadExecutorMap$2.run(ThreadExecutorMap.java:74)
	at io.netty.util.concurrent.FastThreadLocalRunnable.run(FastThreadLocalRunnable.java:30)
	at java.base/java.lang.Thread.run(Thread.java:834)
20:37:55.767 [AsyncHttpClient-1-5] DEBUG org.asynchttpclient.netty.channel.ChannelManager - Closing Channel [id: 0xd9acc6b4, L:/127.0.0.1:62073 - R:localhost/127.0.0.1:62063] 
20:37:55.768 [AsyncHttpClient-1-5] DEBUG org.asynchttpclient.netty.handler.HttpHandler - Channel Closed: [id: 0xd9acc6b4, L:/127.0.0.1:62073 ! R:localhost/127.0.0.1:62063] with attribute DISCARD
20:37:55.821 [AsyncHttpClient-1-4] DEBUG org.asynchttpclient.netty.handler.HttpHandler - 

Request DefaultFullHttpRequest(decodeResult: success, version: HTTP/1.1, content: EmptyByteBufBE)
DELETE /session/149b823a84ccace5ba6fbed1d6ef89af HTTP/1.1
User-Agent: selenium/4.1.2 (java windows)
Content-Type: application/json; charset=utf-8
host: localhost:62433
accept: */*

Response DefaultHttpResponse(decodeResult: success, version: HTTP/1.1)
HTTP/1.1 200 OK
Content-Type: application/json; charset=utf-8
cache-control: no-cache
content-length: 14

20:37:55.821 [AsyncHttpClient-1-4] DEBUG org.asynchttpclient.netty.channel.ChannelManager - Adding key: http://localhost:62433 for channel [id: 0x5041318f, L:/127.0.0.1:62060 - R:localhost/127.0.0.1:62433]
20:37:56.189 [AsyncHttpClient-1-1] DEBUG org.asynchttpclient.netty.channel.DefaultChannelPool - Entry count for : http://localhost:62063 : 1
20:37:56.189 [AsyncHttpClient-1-1] DEBUG org.asynchttpclient.netty.channel.DefaultChannelPool - Entry count for : http://localhost:62433 : 1
20:37:56.189 [AsyncHttpClient-1-1] DEBUG org.asynchttpclient.netty.channel.DefaultChannelPool - Adding Candidate expired Channel [id: 0xd9acc6b4, L:/127.0.0.1:62073 ! R:localhost/127.0.0.1:62063] isIdleTimeoutExpired=false isRemotelyClosed=true isTtlExpired=false
20:37:56.189 [AsyncHttpClient-1-1] DEBUG org.asynchttpclient.netty.channel.DefaultChannelPool - Closing Idle Channel [id: 0xd9acc6b4, L:/127.0.0.1:62073 ! R:localhost/127.0.0.1:62063]
20:37:56.189 [AsyncHttpClient-1-1] DEBUG org.asynchttpclient.netty.channel.DefaultChannelPool - Closed 1 connections out of 2 in 0 ms
20:37:57.149 [AsyncHttpClient-1-4] DEBUG org.asynchttpclient.netty.handler.HttpHandler - Unexpected I/O exception on channel [id: 0x5041318f, L:/127.0.0.1:62060 - R:localhost/127.0.0.1:62433]
java.io.IOException: An existing connection was forcibly closed by the remote host
	at java.base/sun.nio.ch.SocketDispatcher.read0(Native Method)
	at java.base/sun.nio.ch.SocketDispatcher.read(SocketDispatcher.java:43)
	at java.base/sun.nio.ch.IOUtil.readIntoNativeBuffer(IOUtil.java:276)
	at java.base/sun.nio.ch.IOUtil.read(IOUtil.java:233)
	at java.base/sun.nio.ch.IOUtil.read(IOUtil.java:223)
	at java.base/sun.nio.ch.SocketChannelImpl.read(SocketChannelImpl.java:358)
	at io.netty.buffer.PooledByteBuf.setBytes(PooledByteBuf.java:258)
	at io.netty.buffer.AbstractByteBuf.writeBytes(AbstractByteBuf.java:1132)
	at io.netty.channel.socket.nio.NioSocketChannel.doReadBytes(NioSocketChannel.java:350)
	at io.netty.channel.nio.AbstractNioByteChannel$NioByteUnsafe.read(AbstractNioByteChannel.java:151)
	at io.netty.channel.nio.NioEventLoop.processSelectedKey(NioEventLoop.java:722)
	at io.netty.channel.nio.NioEventLoop.processSelectedKeysOptimized(NioEventLoop.java:658)
	at io.netty.channel.nio.NioEventLoop.processSelectedKeys(NioEventLoop.java:584)
	at io.netty.channel.nio.NioEventLoop.run(NioEventLoop.java:496)
	at io.netty.util.concurrent.SingleThreadEventExecutor$4.run(SingleThreadEventExecutor.java:986)
	at io.netty.util.internal.ThreadExecutorMap$2.run(ThreadExecutorMap.java:74)
	at io.netty.util.concurrent.FastThreadLocalRunnable.run(FastThreadLocalRunnable.java:30)
	at java.base/java.lang.Thread.run(Thread.java:834)
20:37:57.149 [AsyncHttpClient-1-4] DEBUG org.asynchttpclient.netty.channel.ChannelManager - Closing Channel [id: 0x5041318f, L:/127.0.0.1:62060 - R:localhost/127.0.0.1:62433] 
20:37:57.149 [AsyncHttpClient-1-4] DEBUG org.asynchttpclient.netty.handler.HttpHandler - Channel Closed: [id: 0x5041318f, L:/127.0.0.1:62060 ! R:localhost/127.0.0.1:62433] with attribute DISCARD
]]></system-out>
    <system-err><![CDATA[Starting ChromeDriver 102.0.5005.61 (0e59bcc00cc4985ce39ad31c150065f159d95ad3-refs/branch-heads/5005@{#819}) on port 62433
Only local connections are allowed.
Please see https://chromedriver.chromium.org/security-considerations for suggestions on keeping ChromeDriver safe.
ChromeDriver was started successfully.
Jun 23, 2022 8:37:27 PM org.openqa.selenium.remote.ProtocolHandshake createSession
INFO: Detected dialect: W3C
Jun 23, 2022 8:37:28 PM org.openqa.selenium.devtools.CdpVersionFinder findNearestMatch
WARNING: Unable to find an exact match for CDP version 102, so returning the closest version found: a no-op implementation
Jun 23, 2022 8:37:28 PM org.openqa.selenium.devtools.CdpVersionFinder findNearestMatch
INFO: Unable to find CDP implementation matching 102.
Jun 23, 2022 8:37:28 PM org.openqa.selenium.chromium.ChromiumDriver lambda$new$3
WARNING: Unable to find version of CDP to use for . You may need to include a dependency on a specific version of the CDP using something similar to `org.seleniumhq.selenium:selenium-devtools-v86:4.1.2` where the version ("v86") matches the version of the chromium-based browser you're using and the version number of the artifact is the same as Selenium's.
[1655991465.874][WARNING]: unexpected alert open: {Alert text : data telah diubah}, cancelling screenshot
]]></system-err>
  </testcase>
  <testcase name="As a admin i want to edit data dokter #6" classname="Edit Data Dokter - Admin" time="22.601">
    <system-out><![CDATA[
@EditDokterData
Scenario Outline: As a admin i want to edit data dokter                            &amp#27;[90m# src/test/resources/features/EditDataDokter.feature:19&amp#27;[0m
20:37:57.246 [main] INFO io.cucumber.core.plugin.SerenityReporter - Running feature from file:///D:/Kel-1-capstone/TestingWeb/src/test/resources/features/EditDataDokter.feature
20:37:57.306 [AsyncHttpClient-1-1] DEBUG org.asynchttpclient.netty.channel.DefaultChannelPool - Entry count for : http://localhost:62433 : 1
20:37:57.306 [AsyncHttpClient-1-1] DEBUG org.asynchttpclient.netty.channel.DefaultChannelPool - Adding Candidate expired Channel [id: 0x5041318f, L:/127.0.0.1:62060 ! R:localhost/127.0.0.1:62433] isIdleTimeoutExpired=false isRemotelyClosed=true isTtlExpired=false
20:37:57.306 [AsyncHttpClient-1-1] DEBUG org.asynchttpclient.netty.channel.DefaultChannelPool - Closing Idle Channel [id: 0x5041318f, L:/127.0.0.1:62060 ! R:localhost/127.0.0.1:62433]
20:37:57.306 [AsyncHttpClient-1-1] DEBUG org.asynchttpclient.netty.channel.DefaultChannelPool - Closed 1 connections out of 1 in 0 ms
20:37:57.326 [main] DEBUG net.thucydides.core.steps.StepInterceptor - STARTING STEP: DokterDataSteps.openPageDataDokter - openDataDokter
20:37:57.330 [main] INFO net.serenitybdd.core.webdriver.driverproviders.ChromeDriverProvider - Using automatically driver download
20:37:57.726 [main] DEBUG io.github.bonigarcia.wdm.cache.ResolutionCache - Resolution chrome=102 in cache (valid until 21:04:30 23/06/2022 ICT)
20:37:57.746 [main] DEBUG io.github.bonigarcia.wdm.cache.ResolutionCache - Resolution chrome102=102.0.5005.61 in cache (valid until 20:04:30 24/06/2022 ICT)
20:37:57.778 [main] INFO io.github.bonigarcia.wdm.WebDriverManager - Using chromedriver 102.0.5005.61 (resolved driver for Chrome 102)
20:37:57.882 [main] DEBUG io.github.bonigarcia.wdm.WebDriverManager - Driver chromedriver 102.0.5005.61 found in cache
20:37:57.894 [main] INFO io.github.bonigarcia.wdm.WebDriverManager - Exporting webdriver.chrome.driver as C:\Users\ASUS\.cache\selenium\chromedriver\win32\102.0.5005.61\chromedriver.exe
20:37:58.174 [main] DEBUG net.serenitybdd.core.webdriver.driverproviders.ProvideNewDriver - Instantiating driver
20:37:58.178 [main] DEBUG net.serenitybdd.core.webdriver.driverproviders.ProvideNewDriver - Driver capabilities: Capabilities {acceptInsecureCerts: false, base.url: https://fanciful-trifle-360..., browserName: chrome, chorme.driver: src/test/resources/webdrive..., driver: chrome, goog:chromeOptions: {args: [], extensions: []}}
20:37:58.745 [AsyncHttpClient-1-7] DEBUG org.asynchttpclient.netty.channel.NettyConnectListener - Using new Channel '[id: 0x08e6fbe4, L:/127.0.0.1:62130 - R:localhost/127.0.0.1:54473]' for 'POST' to '/session'
20:38:01.445 [AsyncHttpClient-1-7] DEBUG org.asynchttpclient.netty.handler.HttpHandler - 

Request DefaultHttpRequest(decodeResult: success, version: HTTP/1.1)
POST /session HTTP/1.1
User-Agent: selenium/4.1.2 (java windows)
Content-Length: 629
Content-Type: application/json; charset=utf-8
host: localhost:54473
accept: */*

Response DefaultHttpResponse(decodeResult: success, version: HTTP/1.1)
HTTP/1.1 200 OK
Content-Type: application/json; charset=utf-8
cache-control: no-cache
content-length: 790

20:38:01.445 [AsyncHttpClient-1-7] DEBUG org.asynchttpclient.netty.channel.ChannelManager - Adding key: http://localhost:54473 for channel [id: 0x08e6fbe4, L:/127.0.0.1:62130 - R:localhost/127.0.0.1:54473]
20:38:01.466 [AsyncHttpClient-1-8] DEBUG org.asynchttpclient.netty.channel.NettyConnectListener - Using new Channel '[id: 0x239b089e, L:/127.0.0.1:62141 - R:localhost/127.0.0.1:62132]' for 'GET' to '/json/version'
20:38:01.472 [AsyncHttpClient-1-8] DEBUG org.asynchttpclient.netty.handler.HttpHandler - 

Request DefaultFullHttpRequest(decodeResult: success, version: HTTP/1.1, content: EmptyByteBufBE)
GET /json/version HTTP/1.1
User-Agent: selenium/4.1.2 (java windows)
host: localhost:62132
accept: */*

Response DefaultHttpResponse(decodeResult: success, version: HTTP/1.1)
HTTP/1.1 200 OK
Content-Type: application/json; charset=UTF-8
content-length: 428

20:38:01.472 [AsyncHttpClient-1-8] DEBUG org.asynchttpclient.netty.channel.ChannelManager - Adding key: http://localhost:62132 for channel [id: 0x239b089e, L:/127.0.0.1:62141 - R:localhost/127.0.0.1:62132]
20:38:01.490 [AsyncHttpClient-1-9] DEBUG org.asynchttpclient.netty.channel.NettyConnectListener - Using new Channel '[id: 0x200ff9f0, L:/127.0.0.1:62142 - R:localhost/127.0.0.1:62132]' for 'GET' to '/devtools/browser/7e9ad919-bb1c-46c7-a82b-397b7d1952fc'
20:38:01.492 [AsyncHttpClient-1-9] DEBUG org.asynchttpclient.netty.handler.WebSocketHandler - 

Request DefaultFullHttpRequest(decodeResult: success, version: HTTP/1.1, content: EmptyByteBufBE)
GET /devtools/browser/7e9ad919-bb1c-46c7-a82b-397b7d1952fc HTTP/1.1
upgrade: websocket
connection: upgrade
sec-websocket-key: DU0jQemWibsdiNXTT2Ltbg==
sec-websocket-version: 13
origin: http://localhost:62132
host: localhost:62132
accept: */*
user-agent: AHC/2.1

Response DefaultHttpResponse(decodeResult: success, version: HTTP/1.1)
HTTP/1.1 101 WebSocket Protocol Handshake
Upgrade: WebSocket
Connection: Upgrade
Sec-WebSocket-Accept: ZJ+i1wGyS8UPMDASo+PVlYrAAb4=

20:38:01.505 [Forwarding get on session 62bea515b671232ad8cc310f2437bcce to remote] DEBUG org.asynchttpclient.netty.request.NettyRequestSender - Using pooled Channel '[id: 0x08e6fbe4, L:/127.0.0.1:62130 - R:localhost/127.0.0.1:54473]' for 'POST' to 'http://localhost:54473/session/62bea515b671232ad8cc310f2437bcce/url'
20:38:01.505 [Forwarding get on session 62bea515b671232ad8cc310f2437bcce to remote] DEBUG org.asynchttpclient.netty.request.NettyRequestSender - Using open Channel [id: 0x08e6fbe4, L:/127.0.0.1:62130 - R:localhost/127.0.0.1:54473] for POST '/session/62bea515b671232ad8cc310f2437bcce/url'
20:38:01.804 [AsyncHttpClient-1-1] DEBUG org.asynchttpclient.netty.channel.DefaultChannelPool - Entry count for : http://localhost:62132 : 1
20:38:02.897 [AsyncHttpClient-1-1] DEBUG org.asynchttpclient.netty.channel.DefaultChannelPool - Entry count for : http://localhost:62132 : 1
20:38:03.079 [AsyncHttpClient-1-7] DEBUG org.asynchttpclient.netty.handler.HttpHandler - 

Request DefaultHttpRequest(decodeResult: success, version: HTTP/1.1)
POST /session/62bea515b671232ad8cc310f2437bcce/url HTTP/1.1
User-Agent: selenium/4.1.2 (java windows)
Content-Length: 84
Content-Type: application/json; charset=utf-8
host: localhost:54473
accept: */*

Response DefaultHttpResponse(decodeResult: success, version: HTTP/1.1)
HTTP/1.1 200 OK
Content-Type: application/json; charset=utf-8
cache-control: no-cache
content-length: 14

20:38:03.080 [AsyncHttpClient-1-7] DEBUG org.asynchttpclient.netty.channel.ChannelManager - Adding key: http://localhost:54473 for channel [id: 0x08e6fbe4, L:/127.0.0.1:62130 - R:localhost/127.0.0.1:54473]
20:38:03.095 [Forwarding setTimeout on session 62bea515b671232ad8cc310f2437bcce to remote] DEBUG org.asynchttpclient.netty.request.NettyRequestSender - Using pooled Channel '[id: 0x08e6fbe4, L:/127.0.0.1:62130 - R:localhost/127.0.0.1:54473]' for 'POST' to 'http://localhost:54473/session/62bea515b671232ad8cc310f2437bcce/timeouts'
20:38:03.095 [Forwarding setTimeout on session 62bea515b671232ad8cc310f2437bcce to remote] DEBUG org.asynchttpclient.netty.request.NettyRequestSender - Using open Channel [id: 0x08e6fbe4, L:/127.0.0.1:62130 - R:localhost/127.0.0.1:54473] for POST '/session/62bea515b671232ad8cc310f2437bcce/timeouts'
20:38:03.120 [AsyncHttpClient-1-7] DEBUG org.asynchttpclient.netty.handler.HttpHandler - 

Request DefaultHttpRequest(decodeResult: success, version: HTTP/1.1)
POST /session/62bea515b671232ad8cc310f2437bcce/timeouts HTTP/1.1
User-Agent: selenium/4.1.2 (java windows)
Content-Length: 22
Content-Type: application/json; charset=utf-8
host: localhost:54473
accept: */*

Response DefaultHttpResponse(decodeResult: success, version: HTTP/1.1)
HTTP/1.1 200 OK
Content-Type: application/json; charset=utf-8
cache-control: no-cache
content-length: 14

20:38:03.124 [AsyncHttpClient-1-7] DEBUG org.asynchttpclient.netty.channel.ChannelManager - Adding key: http://localhost:54473 for channel [id: 0x08e6fbe4, L:/127.0.0.1:62130 - R:localhost/127.0.0.1:54473]
20:38:03.130 [Forwarding getCurrentUrl on session 62bea515b671232ad8cc310f2437bcce to remote] DEBUG org.asynchttpclient.netty.request.NettyRequestSender - Using pooled Channel '[id: 0x08e6fbe4, L:/127.0.0.1:62130 - R:localhost/127.0.0.1:54473]' for 'GET' to 'http://localhost:54473/session/62bea515b671232ad8cc310f2437bcce/url'
20:38:03.130 [Forwarding getCurrentUrl on session 62bea515b671232ad8cc310f2437bcce to remote] DEBUG org.asynchttpclient.netty.request.NettyRequestSender - Using open Channel [id: 0x08e6fbe4, L:/127.0.0.1:62130 - R:localhost/127.0.0.1:54473] for GET '/session/62bea515b671232ad8cc310f2437bcce/url'
20:38:03.317 [AsyncHttpClient-1-7] DEBUG org.asynchttpclient.netty.handler.HttpHandler - 

Request DefaultFullHttpRequest(decodeResult: success, version: HTTP/1.1, content: EmptyByteBufBE)
GET /session/62bea515b671232ad8cc310f2437bcce/url HTTP/1.1
User-Agent: selenium/4.1.2 (java windows)
Cache-Control: no-cache
Content-Type: application/json; charset=utf-8
host: localhost:54473
accept: */*

Response DefaultHttpResponse(decodeResult: success, version: HTTP/1.1)
HTTP/1.1 200 OK
Content-Type: application/json; charset=utf-8
cache-control: no-cache
content-length: 66

20:38:03.318 [AsyncHttpClient-1-7] DEBUG org.asynchttpclient.netty.channel.ChannelManager - Adding key: http://localhost:54473 for channel [id: 0x08e6fbe4, L:/127.0.0.1:62130 - R:localhost/127.0.0.1:54473]
20:38:03.333 [Forwarding screenshot on session 62bea515b671232ad8cc310f2437bcce to remote] DEBUG org.asynchttpclient.netty.request.NettyRequestSender - Using pooled Channel '[id: 0x08e6fbe4, L:/127.0.0.1:62130 - R:localhost/127.0.0.1:54473]' for 'GET' to 'http://localhost:54473/session/62bea515b671232ad8cc310f2437bcce/screenshot'
20:38:03.333 [Forwarding screenshot on session 62bea515b671232ad8cc310f2437bcce to remote] DEBUG org.asynchttpclient.netty.request.NettyRequestSender - Using open Channel [id: 0x08e6fbe4, L:/127.0.0.1:62130 - R:localhost/127.0.0.1:54473] for GET '/session/62bea515b671232ad8cc310f2437bcce/screenshot'
20:38:04.002 [AsyncHttpClient-1-1] DEBUG org.asynchttpclient.netty.channel.DefaultChannelPool - Entry count for : http://localhost:62132 : 1
20:38:04.383 [AsyncHttpClient-1-7] DEBUG org.asynchttpclient.netty.handler.HttpHandler - 

Request DefaultFullHttpRequest(decodeResult: success, version: HTTP/1.1, content: EmptyByteBufBE)
GET /session/62bea515b671232ad8cc310f2437bcce/screenshot HTTP/1.1
User-Agent: selenium/4.1.2 (java windows)
Cache-Control: no-cache
Content-Type: application/json; charset=utf-8
host: localhost:54473
accept: */*

Response DefaultHttpResponse(decodeResult: success, version: HTTP/1.1)
HTTP/1.1 200 OK
Content-Type: application/json; charset=utf-8
cache-control: no-cache
content-length: 93420

20:38:04.383 [AsyncHttpClient-1-7] DEBUG org.asynchttpclient.netty.channel.ChannelManager - Adding key: http://localhost:54473 for channel [id: 0x08e6fbe4, L:/127.0.0.1:62130 - R:localhost/127.0.0.1:54473]
20:38:04.391 [main] DEBUG net.serenitybdd.core.photography.Darkroom - Send negative for processing for target\site\serenity\01660ea4547b3d7b618cbe1bb89ecdd1fcccc76950e0f42fe9f8f4a186e7f0d9.png
20:38:04.391 [main] DEBUG net.thucydides.core.steps.StepInterceptor - STEP DONE: openDataDokter
  &amp#27;[32mGiven &amp#27;[0m&amp#27;[32mOpen page data dokter&amp#27;[0m                                                      &amp#27;[90m# starter.stepdefinitios.DokterDataSteps.openPageDataDokter()&amp#27;[0m
20:38:04.392 [Darkroom Processing Line] DEBUG net.serenitybdd.core.photography.DarkroomProcessingLine - Processing screenshot image in /var/screenshots/screenshot-8322885659917050654
20:38:04.392 [Darkroom Processing Line] DEBUG net.serenitybdd.core.photography.DarkroomProcessingLine - Saving screenshot to target\site\serenity\01660ea4547b3d7b618cbe1bb89ecdd1fcccc76950e0f42fe9f8f4a186e7f0d9.png
20:38:04.440 [main] DEBUG net.thucydides.core.steps.StepInterceptor - STARTING STEP: DokterDataSteps.clickDetailDokterData - clickButtonDetail
20:38:04.447 [Forwarding findElement on session 62bea515b671232ad8cc310f2437bcce to remote] DEBUG org.asynchttpclient.netty.request.NettyRequestSender - Using pooled Channel '[id: 0x08e6fbe4, L:/127.0.0.1:62130 - R:localhost/127.0.0.1:54473]' for 'POST' to 'http://localhost:54473/session/62bea515b671232ad8cc310f2437bcce/element'
20:38:04.447 [Forwarding findElement on session 62bea515b671232ad8cc310f2437bcce to remote] DEBUG org.asynchttpclient.netty.request.NettyRequestSender - Using open Channel [id: 0x08e6fbe4, L:/127.0.0.1:62130 - R:localhost/127.0.0.1:54473] for POST '/session/62bea515b671232ad8cc310f2437bcce/element'
20:38:04.476 [AsyncHttpClient-1-7] DEBUG org.asynchttpclient.netty.handler.HttpHandler - 

Request DefaultHttpRequest(decodeResult: success, version: HTTP/1.1)
POST /session/62bea515b671232ad8cc310f2437bcce/element HTTP/1.1
User-Agent: selenium/4.1.2 (java windows)
Content-Length: 92
Content-Type: application/json; charset=utf-8
host: localhost:54473
accept: */*

Response DefaultHttpResponse(decodeResult: success, version: HTTP/1.1)
HTTP/1.1 200 OK
Content-Type: application/json; charset=utf-8
cache-control: no-cache
content-length: 88

20:38:04.477 [AsyncHttpClient-1-7] DEBUG org.asynchttpclient.netty.channel.ChannelManager - Adding key: http://localhost:54473 for channel [id: 0x08e6fbe4, L:/127.0.0.1:62130 - R:localhost/127.0.0.1:54473]
20:38:04.479 [Forwarding getElementTagName on session 62bea515b671232ad8cc310f2437bcce to remote] DEBUG org.asynchttpclient.netty.request.NettyRequestSender - Using pooled Channel '[id: 0x08e6fbe4, L:/127.0.0.1:62130 - R:localhost/127.0.0.1:54473]' for 'GET' to 'http://localhost:54473/session/62bea515b671232ad8cc310f2437bcce/element/fef381a3-be2f-4c6d-93b5-14e335e52422/name'
20:38:04.479 [Forwarding getElementTagName on session 62bea515b671232ad8cc310f2437bcce to remote] DEBUG org.asynchttpclient.netty.request.NettyRequestSender - Using open Channel [id: 0x08e6fbe4, L:/127.0.0.1:62130 - R:localhost/127.0.0.1:54473] for GET '/session/62bea515b671232ad8cc310f2437bcce/element/fef381a3-be2f-4c6d-93b5-14e335e52422/name'
20:38:04.495 [AsyncHttpClient-1-7] DEBUG org.asynchttpclient.netty.handler.HttpHandler - 

Request DefaultFullHttpRequest(decodeResult: success, version: HTTP/1.1, content: EmptyByteBufBE)
GET /session/62bea515b671232ad8cc310f2437bcce/element/fef381a3-be2f-4c6d-93b5-14e335e52422/name HTTP/1.1
User-Agent: selenium/4.1.2 (java windows)
Cache-Control: no-cache
Content-Type: application/json; charset=utf-8
host: localhost:54473
accept: */*

Response DefaultHttpResponse(decodeResult: success, version: HTTP/1.1)
HTTP/1.1 200 OK
Content-Type: application/json; charset=utf-8
cache-control: no-cache
content-length: 15

20:38:04.495 [AsyncHttpClient-1-7] DEBUG org.asynchttpclient.netty.channel.ChannelManager - Adding key: http://localhost:54473 for channel [id: 0x08e6fbe4, L:/127.0.0.1:62130 - R:localhost/127.0.0.1:54473]
20:38:04.497 [Forwarding getElementTagName on session 62bea515b671232ad8cc310f2437bcce to remote] DEBUG org.asynchttpclient.netty.request.NettyRequestSender - Using pooled Channel '[id: 0x08e6fbe4, L:/127.0.0.1:62130 - R:localhost/127.0.0.1:54473]' for 'GET' to 'http://localhost:54473/session/62bea515b671232ad8cc310f2437bcce/element/fef381a3-be2f-4c6d-93b5-14e335e52422/name'
20:38:04.497 [Forwarding getElementTagName on session 62bea515b671232ad8cc310f2437bcce to remote] DEBUG org.asynchttpclient.netty.request.NettyRequestSender - Using open Channel [id: 0x08e6fbe4, L:/127.0.0.1:62130 - R:localhost/127.0.0.1:54473] for GET '/session/62bea515b671232ad8cc310f2437bcce/element/fef381a3-be2f-4c6d-93b5-14e335e52422/name'
20:38:04.506 [AsyncHttpClient-1-7] DEBUG org.asynchttpclient.netty.handler.HttpHandler - 

Request DefaultFullHttpRequest(decodeResult: success, version: HTTP/1.1, content: EmptyByteBufBE)
GET /session/62bea515b671232ad8cc310f2437bcce/element/fef381a3-be2f-4c6d-93b5-14e335e52422/name HTTP/1.1
User-Agent: selenium/4.1.2 (java windows)
Cache-Control: no-cache
Content-Type: application/json; charset=utf-8
host: localhost:54473
accept: */*

Response DefaultHttpResponse(decodeResult: success, version: HTTP/1.1)
HTTP/1.1 200 OK
Content-Type: application/json; charset=utf-8
cache-control: no-cache
content-length: 15

20:38:04.506 [AsyncHttpClient-1-7] DEBUG org.asynchttpclient.netty.channel.ChannelManager - Adding key: http://localhost:54473 for channel [id: 0x08e6fbe4, L:/127.0.0.1:62130 - R:localhost/127.0.0.1:54473]
20:38:04.510 [Forwarding findElement on session 62bea515b671232ad8cc310f2437bcce to remote] DEBUG org.asynchttpclient.netty.request.NettyRequestSender - Using pooled Channel '[id: 0x08e6fbe4, L:/127.0.0.1:62130 - R:localhost/127.0.0.1:54473]' for 'POST' to 'http://localhost:54473/session/62bea515b671232ad8cc310f2437bcce/element'
20:38:04.510 [Forwarding findElement on session 62bea515b671232ad8cc310f2437bcce to remote] DEBUG org.asynchttpclient.netty.request.NettyRequestSender - Using open Channel [id: 0x08e6fbe4, L:/127.0.0.1:62130 - R:localhost/127.0.0.1:54473] for POST '/session/62bea515b671232ad8cc310f2437bcce/element'
20:38:04.530 [AsyncHttpClient-1-7] DEBUG org.asynchttpclient.netty.handler.HttpHandler - 

Request DefaultHttpRequest(decodeResult: success, version: HTTP/1.1)
POST /session/62bea515b671232ad8cc310f2437bcce/element HTTP/1.1
User-Agent: selenium/4.1.2 (java windows)
Content-Length: 92
Content-Type: application/json; charset=utf-8
host: localhost:54473
accept: */*

Response DefaultHttpResponse(decodeResult: success, version: HTTP/1.1)
HTTP/1.1 200 OK
Content-Type: application/json; charset=utf-8
cache-control: no-cache
content-length: 88

20:38:04.530 [AsyncHttpClient-1-7] DEBUG org.asynchttpclient.netty.channel.ChannelManager - Adding key: http://localhost:54473 for channel [id: 0x08e6fbe4, L:/127.0.0.1:62130 - R:localhost/127.0.0.1:54473]
20:38:04.532 [Forwarding clickElement on session 62bea515b671232ad8cc310f2437bcce to remote] DEBUG org.asynchttpclient.netty.request.NettyRequestSender - Using pooled Channel '[id: 0x08e6fbe4, L:/127.0.0.1:62130 - R:localhost/127.0.0.1:54473]' for 'POST' to 'http://localhost:54473/session/62bea515b671232ad8cc310f2437bcce/element/fef381a3-be2f-4c6d-93b5-14e335e52422/click'
20:38:04.532 [Forwarding clickElement on session 62bea515b671232ad8cc310f2437bcce to remote] DEBUG org.asynchttpclient.netty.request.NettyRequestSender - Using open Channel [id: 0x08e6fbe4, L:/127.0.0.1:62130 - R:localhost/127.0.0.1:54473] for POST '/session/62bea515b671232ad8cc310f2437bcce/element/fef381a3-be2f-4c6d-93b5-14e335e52422/click'
20:38:04.947 [AsyncHttpClient-1-7] DEBUG org.asynchttpclient.netty.handler.HttpHandler - 

Request DefaultHttpRequest(decodeResult: success, version: HTTP/1.1)
POST /session/62bea515b671232ad8cc310f2437bcce/element/fef381a3-be2f-4c6d-93b5-14e335e52422/click HTTP/1.1
User-Agent: selenium/4.1.2 (java windows)
Content-Length: 50
Content-Type: application/json; charset=utf-8
host: localhost:54473
accept: */*

Response DefaultHttpResponse(decodeResult: success, version: HTTP/1.1)
HTTP/1.1 200 OK
Content-Type: application/json; charset=utf-8
cache-control: no-cache
content-length: 14

20:38:04.947 [AsyncHttpClient-1-7] DEBUG org.asynchttpclient.netty.channel.ChannelManager - Adding key: http://localhost:54473 for channel [id: 0x08e6fbe4, L:/127.0.0.1:62130 - R:localhost/127.0.0.1:54473]
20:38:04.965 [Forwarding screenshot on session 62bea515b671232ad8cc310f2437bcce to remote] DEBUG org.asynchttpclient.netty.request.NettyRequestSender - Using pooled Channel '[id: 0x08e6fbe4, L:/127.0.0.1:62130 - R:localhost/127.0.0.1:54473]' for 'GET' to 'http://localhost:54473/session/62bea515b671232ad8cc310f2437bcce/screenshot'
20:38:04.965 [Forwarding screenshot on session 62bea515b671232ad8cc310f2437bcce to remote] DEBUG org.asynchttpclient.netty.request.NettyRequestSender - Using open Channel [id: 0x08e6fbe4, L:/127.0.0.1:62130 - R:localhost/127.0.0.1:54473] for GET '/session/62bea515b671232ad8cc310f2437bcce/screenshot'
20:38:05.100 [AsyncHttpClient-1-1] DEBUG org.asynchttpclient.netty.channel.DefaultChannelPool - Entry count for : http://localhost:62132 : 1
20:38:05.477 [AsyncHttpClient-1-7] DEBUG org.asynchttpclient.netty.handler.HttpHandler - 

Request DefaultFullHttpRequest(decodeResult: success, version: HTTP/1.1, content: EmptyByteBufBE)
GET /session/62bea515b671232ad8cc310f2437bcce/screenshot HTTP/1.1
User-Agent: selenium/4.1.2 (java windows)
Cache-Control: no-cache
Content-Type: application/json; charset=utf-8
host: localhost:54473
accept: */*

Response DefaultHttpResponse(decodeResult: success, version: HTTP/1.1)
HTTP/1.1 200 OK
Content-Type: application/json; charset=utf-8
cache-control: no-cache
content-length: 40844

20:38:05.478 [AsyncHttpClient-1-7] DEBUG org.asynchttpclient.netty.channel.ChannelManager - Adding key: http://localhost:54473 for channel [id: 0x08e6fbe4, L:/127.0.0.1:62130 - R:localhost/127.0.0.1:54473]
20:38:05.482 [main] DEBUG net.serenitybdd.core.photography.Darkroom - Send negative for processing for target\site\serenity\1581ebdf0b4fba89ae79251e30642003a25fae0d366490aeb4bb97504f804e57.png
20:38:05.483 [main] DEBUG net.thucydides.core.steps.StepInterceptor - STEP DONE: clickButtonDetail
  &amp#27;[32mAnd &amp#27;[0m&amp#27;[32mClick Detail dokter data&amp#27;[0m                                                     &amp#27;[90m# starter.stepdefinitios.DokterDataSteps.clickDetailDokterData()&amp#27;[0m
20:38:05.485 [Darkroom Processing Line] DEBUG net.serenitybdd.core.photography.DarkroomProcessingLine - Processing screenshot image in /var/screenshots/screenshot-12396125857261364062
20:38:05.485 [Darkroom Processing Line] DEBUG net.serenitybdd.core.photography.DarkroomProcessingLine - Saving screenshot to target\site\serenity\1581ebdf0b4fba89ae79251e30642003a25fae0d366490aeb4bb97504f804e57.png
20:38:06.053 [Forwarding screenshot on session 62bea515b671232ad8cc310f2437bcce to remote] DEBUG org.asynchttpclient.netty.request.NettyRequestSender - Using pooled Channel '[id: 0x08e6fbe4, L:/127.0.0.1:62130 - R:localhost/127.0.0.1:54473]' for 'GET' to 'http://localhost:54473/session/62bea515b671232ad8cc310f2437bcce/screenshot'
20:38:06.053 [Forwarding screenshot on session 62bea515b671232ad8cc310f2437bcce to remote] DEBUG org.asynchttpclient.netty.request.NettyRequestSender - Using open Channel [id: 0x08e6fbe4, L:/127.0.0.1:62130 - R:localhost/127.0.0.1:54473] for GET '/session/62bea515b671232ad8cc310f2437bcce/screenshot'
20:38:06.191 [AsyncHttpClient-1-1] DEBUG org.asynchttpclient.netty.channel.DefaultChannelPool - Entry count for : http://localhost:62132 : 1
20:38:06.433 [AsyncHttpClient-1-7] DEBUG org.asynchttpclient.netty.handler.HttpHandler - 

Request DefaultFullHttpRequest(decodeResult: success, version: HTTP/1.1, content: EmptyByteBufBE)
GET /session/62bea515b671232ad8cc310f2437bcce/screenshot HTTP/1.1
User-Agent: selenium/4.1.2 (java windows)
Cache-Control: no-cache
Content-Type: application/json; charset=utf-8
host: localhost:54473
accept: */*

Response DefaultHttpResponse(decodeResult: success, version: HTTP/1.1)
HTTP/1.1 200 OK
Content-Type: application/json; charset=utf-8
cache-control: no-cache
content-length: 354652

20:38:06.435 [AsyncHttpClient-1-7] DEBUG org.asynchttpclient.netty.channel.ChannelManager - Adding key: http://localhost:54473 for channel [id: 0x08e6fbe4, L:/127.0.0.1:62130 - R:localhost/127.0.0.1:54473]
20:38:06.460 [main] DEBUG net.serenitybdd.core.photography.Darkroom - Send negative for processing for target\site\serenity\8f3d5867600d4a85a781d8cab90c17848253ba963ebd5cda702128299a14ef56.png
20:38:06.462 [main] DEBUG net.thucydides.core.steps.StepInterceptor - STARTING STEP: DokterDataSteps.validDataDetailDokter - checkValidDataPasien
20:38:06.468 [Forwarding findElement on session 62bea515b671232ad8cc310f2437bcce to remote] DEBUG org.asynchttpclient.netty.request.NettyRequestSender - Using pooled Channel '[id: 0x08e6fbe4, L:/127.0.0.1:62130 - R:localhost/127.0.0.1:54473]' for 'POST' to 'http://localhost:54473/session/62bea515b671232ad8cc310f2437bcce/element'
20:38:06.468 [Forwarding findElement on session 62bea515b671232ad8cc310f2437bcce to remote] DEBUG org.asynchttpclient.netty.request.NettyRequestSender - Using open Channel [id: 0x08e6fbe4, L:/127.0.0.1:62130 - R:localhost/127.0.0.1:54473] for POST '/session/62bea515b671232ad8cc310f2437bcce/element'
20:38:06.470 [Darkroom Processing Line] DEBUG net.serenitybdd.core.photography.DarkroomProcessingLine - Processing screenshot image in /var/screenshots/screenshot-4372910952055333042
20:38:06.470 [Darkroom Processing Line] DEBUG net.serenitybdd.core.photography.DarkroomProcessingLine - Saving screenshot to target\site\serenity\8f3d5867600d4a85a781d8cab90c17848253ba963ebd5cda702128299a14ef56.png
20:38:06.506 [AsyncHttpClient-1-7] DEBUG org.asynchttpclient.netty.handler.HttpHandler - 

Request DefaultHttpRequest(decodeResult: success, version: HTTP/1.1)
POST /session/62bea515b671232ad8cc310f2437bcce/element HTTP/1.1
User-Agent: selenium/4.1.2 (java windows)
Content-Length: 95
Content-Type: application/json; charset=utf-8
host: localhost:54473
accept: */*

Response DefaultHttpResponse(decodeResult: success, version: HTTP/1.1)
HTTP/1.1 200 OK
Content-Type: application/json; charset=utf-8
cache-control: no-cache
content-length: 88

20:38:06.507 [AsyncHttpClient-1-7] DEBUG org.asynchttpclient.netty.channel.ChannelManager - Adding key: http://localhost:54473 for channel [id: 0x08e6fbe4, L:/127.0.0.1:62130 - R:localhost/127.0.0.1:54473]
20:38:06.508 [Forwarding isElementEnabled on session 62bea515b671232ad8cc310f2437bcce to remote] DEBUG org.asynchttpclient.netty.request.NettyRequestSender - Using pooled Channel '[id: 0x08e6fbe4, L:/127.0.0.1:62130 - R:localhost/127.0.0.1:54473]' for 'GET' to 'http://localhost:54473/session/62bea515b671232ad8cc310f2437bcce/element/2bfc5370-c5b4-4e02-a447-6433edff72f7/enabled'
20:38:06.508 [Forwarding isElementEnabled on session 62bea515b671232ad8cc310f2437bcce to remote] DEBUG org.asynchttpclient.netty.request.NettyRequestSender - Using open Channel [id: 0x08e6fbe4, L:/127.0.0.1:62130 - R:localhost/127.0.0.1:54473] for GET '/session/62bea515b671232ad8cc310f2437bcce/element/2bfc5370-c5b4-4e02-a447-6433edff72f7/enabled'
20:38:06.527 [AsyncHttpClient-1-7] DEBUG org.asynchttpclient.netty.handler.HttpHandler - 

Request DefaultFullHttpRequest(decodeResult: success, version: HTTP/1.1, content: EmptyByteBufBE)
GET /session/62bea515b671232ad8cc310f2437bcce/element/2bfc5370-c5b4-4e02-a447-6433edff72f7/enabled HTTP/1.1
User-Agent: selenium/4.1.2 (java windows)
Cache-Control: no-cache
Content-Type: application/json; charset=utf-8
host: localhost:54473
accept: */*

Response DefaultHttpResponse(decodeResult: success, version: HTTP/1.1)
HTTP/1.1 200 OK
Content-Type: application/json; charset=utf-8
cache-control: no-cache
content-length: 14

20:38:06.528 [AsyncHttpClient-1-7] DEBUG org.asynchttpclient.netty.channel.ChannelManager - Adding key: http://localhost:54473 for channel [id: 0x08e6fbe4, L:/127.0.0.1:62130 - R:localhost/127.0.0.1:54473]
20:38:06.540 [Forwarding screenshot on session 62bea515b671232ad8cc310f2437bcce to remote] DEBUG org.asynchttpclient.netty.request.NettyRequestSender - Using pooled Channel '[id: 0x08e6fbe4, L:/127.0.0.1:62130 - R:localhost/127.0.0.1:54473]' for 'GET' to 'http://localhost:54473/session/62bea515b671232ad8cc310f2437bcce/screenshot'
20:38:06.540 [Forwarding screenshot on session 62bea515b671232ad8cc310f2437bcce to remote] DEBUG org.asynchttpclient.netty.request.NettyRequestSender - Using open Channel [id: 0x08e6fbe4, L:/127.0.0.1:62130 - R:localhost/127.0.0.1:54473] for GET '/session/62bea515b671232ad8cc310f2437bcce/screenshot'
20:38:06.894 [AsyncHttpClient-1-7] DEBUG org.asynchttpclient.netty.handler.HttpHandler - 

Request DefaultFullHttpRequest(decodeResult: success, version: HTTP/1.1, content: EmptyByteBufBE)
GET /session/62bea515b671232ad8cc310f2437bcce/screenshot HTTP/1.1
User-Agent: selenium/4.1.2 (java windows)
Cache-Control: no-cache
Content-Type: application/json; charset=utf-8
host: localhost:54473
accept: */*

Response DefaultHttpResponse(decodeResult: success, version: HTTP/1.1)
HTTP/1.1 200 OK
Content-Type: application/json; charset=utf-8
cache-control: no-cache
content-length: 354652

20:38:06.896 [AsyncHttpClient-1-7] DEBUG org.asynchttpclient.netty.channel.ChannelManager - Adding key: http://localhost:54473 for channel [id: 0x08e6fbe4, L:/127.0.0.1:62130 - R:localhost/127.0.0.1:54473]
20:38:06.931 [main] DEBUG net.serenitybdd.core.photography.Darkroom - Send negative for processing for target\site\serenity\8f3d5867600d4a85a781d8cab90c17848253ba963ebd5cda702128299a14ef56.png
20:38:06.934 [main] DEBUG net.thucydides.core.steps.StepInterceptor - STEP DONE: checkValidDataPasien
  &amp#27;[32mWhen &amp#27;[0m&amp#27;[32mValid data detail dokter&amp#27;[0m                                                    &amp#27;[90m# starter.stepdefinitios.DokterDataSteps.validDataDetailDokter()&amp#27;[0m
20:38:06.993 [Forwarding screenshot on session 62bea515b671232ad8cc310f2437bcce to remote] DEBUG org.asynchttpclient.netty.request.NettyRequestSender - Using pooled Channel '[id: 0x08e6fbe4, L:/127.0.0.1:62130 - R:localhost/127.0.0.1:54473]' for 'GET' to 'http://localhost:54473/session/62bea515b671232ad8cc310f2437bcce/screenshot'
20:38:06.993 [Forwarding screenshot on session 62bea515b671232ad8cc310f2437bcce to remote] DEBUG org.asynchttpclient.netty.request.NettyRequestSender - Using open Channel [id: 0x08e6fbe4, L:/127.0.0.1:62130 - R:localhost/127.0.0.1:54473] for GET '/session/62bea515b671232ad8cc310f2437bcce/screenshot'
20:38:07.290 [AsyncHttpClient-1-1] DEBUG org.asynchttpclient.netty.channel.DefaultChannelPool - Entry count for : http://localhost:62132 : 1
20:38:07.342 [AsyncHttpClient-1-7] DEBUG org.asynchttpclient.netty.handler.HttpHandler - 

Request DefaultFullHttpRequest(decodeResult: success, version: HTTP/1.1, content: EmptyByteBufBE)
GET /session/62bea515b671232ad8cc310f2437bcce/screenshot HTTP/1.1
User-Agent: selenium/4.1.2 (java windows)
Cache-Control: no-cache
Content-Type: application/json; charset=utf-8
host: localhost:54473
accept: */*

Response DefaultHttpResponse(decodeResult: success, version: HTTP/1.1)
HTTP/1.1 200 OK
Content-Type: application/json; charset=utf-8
cache-control: no-cache
content-length: 354652

20:38:07.344 [AsyncHttpClient-1-7] DEBUG org.asynchttpclient.netty.channel.ChannelManager - Adding key: http://localhost:54473 for channel [id: 0x08e6fbe4, L:/127.0.0.1:62130 - R:localhost/127.0.0.1:54473]
20:38:07.369 [main] DEBUG net.serenitybdd.core.photography.Darkroom - Send negative for processing for target\site\serenity\8f3d5867600d4a85a781d8cab90c17848253ba963ebd5cda702128299a14ef56.png
20:38:07.446 [Forwarding screenshot on session 62bea515b671232ad8cc310f2437bcce to remote] DEBUG org.asynchttpclient.netty.request.NettyRequestSender - Using pooled Channel '[id: 0x08e6fbe4, L:/127.0.0.1:62130 - R:localhost/127.0.0.1:54473]' for 'GET' to 'http://localhost:54473/session/62bea515b671232ad8cc310f2437bcce/screenshot'
20:38:07.446 [Forwarding screenshot on session 62bea515b671232ad8cc310f2437bcce to remote] DEBUG org.asynchttpclient.netty.request.NettyRequestSender - Using open Channel [id: 0x08e6fbe4, L:/127.0.0.1:62130 - R:localhost/127.0.0.1:54473] for GET '/session/62bea515b671232ad8cc310f2437bcce/screenshot'
20:38:07.812 [AsyncHttpClient-1-7] DEBUG org.asynchttpclient.netty.handler.HttpHandler - 

Request DefaultFullHttpRequest(decodeResult: success, version: HTTP/1.1, content: EmptyByteBufBE)
GET /session/62bea515b671232ad8cc310f2437bcce/screenshot HTTP/1.1
User-Agent: selenium/4.1.2 (java windows)
Cache-Control: no-cache
Content-Type: application/json; charset=utf-8
host: localhost:54473
accept: */*

Response DefaultHttpResponse(decodeResult: success, version: HTTP/1.1)
HTTP/1.1 200 OK
Content-Type: application/json; charset=utf-8
cache-control: no-cache
content-length: 354652

20:38:07.813 [AsyncHttpClient-1-7] DEBUG org.asynchttpclient.netty.channel.ChannelManager - Adding key: http://localhost:54473 for channel [id: 0x08e6fbe4, L:/127.0.0.1:62130 - R:localhost/127.0.0.1:54473]
20:38:07.839 [main] DEBUG net.serenitybdd.core.photography.Darkroom - Send negative for processing for target\site\serenity\8f3d5867600d4a85a781d8cab90c17848253ba963ebd5cda702128299a14ef56.png
20:38:07.840 [main] DEBUG net.thucydides.core.steps.StepInterceptor - STARTING STEP: PatientDataSteps.clickButtonEditProfil - clickButtonEditDataPasien
20:38:07.849 [Forwarding findElement on session 62bea515b671232ad8cc310f2437bcce to remote] DEBUG org.asynchttpclient.netty.request.NettyRequestSender - Using pooled Channel '[id: 0x08e6fbe4, L:/127.0.0.1:62130 - R:localhost/127.0.0.1:54473]' for 'POST' to 'http://localhost:54473/session/62bea515b671232ad8cc310f2437bcce/element'
20:38:07.849 [Forwarding findElement on session 62bea515b671232ad8cc310f2437bcce to remote] DEBUG org.asynchttpclient.netty.request.NettyRequestSender - Using open Channel [id: 0x08e6fbe4, L:/127.0.0.1:62130 - R:localhost/127.0.0.1:54473] for POST '/session/62bea515b671232ad8cc310f2437bcce/element'
20:38:07.880 [AsyncHttpClient-1-7] DEBUG org.asynchttpclient.netty.handler.HttpHandler - 

Request DefaultHttpRequest(decodeResult: success, version: HTTP/1.1)
POST /session/62bea515b671232ad8cc310f2437bcce/element HTTP/1.1
User-Agent: selenium/4.1.2 (java windows)
Content-Length: 116
Content-Type: application/json; charset=utf-8
host: localhost:54473
accept: */*

Response DefaultHttpResponse(decodeResult: success, version: HTTP/1.1)
HTTP/1.1 200 OK
Content-Type: application/json; charset=utf-8
cache-control: no-cache
content-length: 88

20:38:07.881 [AsyncHttpClient-1-7] DEBUG org.asynchttpclient.netty.channel.ChannelManager - Adding key: http://localhost:54473 for channel [id: 0x08e6fbe4, L:/127.0.0.1:62130 - R:localhost/127.0.0.1:54473]
20:38:07.884 [Forwarding getElementTagName on session 62bea515b671232ad8cc310f2437bcce to remote] DEBUG org.asynchttpclient.netty.request.NettyRequestSender - Using pooled Channel '[id: 0x08e6fbe4, L:/127.0.0.1:62130 - R:localhost/127.0.0.1:54473]' for 'GET' to 'http://localhost:54473/session/62bea515b671232ad8cc310f2437bcce/element/ebd94f17-3906-473e-83c5-8a5c920da385/name'
20:38:07.884 [Forwarding getElementTagName on session 62bea515b671232ad8cc310f2437bcce to remote] DEBUG org.asynchttpclient.netty.request.NettyRequestSender - Using open Channel [id: 0x08e6fbe4, L:/127.0.0.1:62130 - R:localhost/127.0.0.1:54473] for GET '/session/62bea515b671232ad8cc310f2437bcce/element/ebd94f17-3906-473e-83c5-8a5c920da385/name'
20:38:07.894 [AsyncHttpClient-1-7] DEBUG org.asynchttpclient.netty.handler.HttpHandler - 

Request DefaultFullHttpRequest(decodeResult: success, version: HTTP/1.1, content: EmptyByteBufBE)
GET /session/62bea515b671232ad8cc310f2437bcce/element/ebd94f17-3906-473e-83c5-8a5c920da385/name HTTP/1.1
User-Agent: selenium/4.1.2 (java windows)
Cache-Control: no-cache
Content-Type: application/json; charset=utf-8
host: localhost:54473
accept: */*

Response DefaultHttpResponse(decodeResult: success, version: HTTP/1.1)
HTTP/1.1 200 OK
Content-Type: application/json; charset=utf-8
cache-control: no-cache
content-length: 18

20:38:07.894 [AsyncHttpClient-1-7] DEBUG org.asynchttpclient.netty.channel.ChannelManager - Adding key: http://localhost:54473 for channel [id: 0x08e6fbe4, L:/127.0.0.1:62130 - R:localhost/127.0.0.1:54473]
20:38:07.896 [Forwarding getElementTagName on session 62bea515b671232ad8cc310f2437bcce to remote] DEBUG org.asynchttpclient.netty.request.NettyRequestSender - Using pooled Channel '[id: 0x08e6fbe4, L:/127.0.0.1:62130 - R:localhost/127.0.0.1:54473]' for 'GET' to 'http://localhost:54473/session/62bea515b671232ad8cc310f2437bcce/element/ebd94f17-3906-473e-83c5-8a5c920da385/name'
20:38:07.896 [Forwarding getElementTagName on session 62bea515b671232ad8cc310f2437bcce to remote] DEBUG org.asynchttpclient.netty.request.NettyRequestSender - Using open Channel [id: 0x08e6fbe4, L:/127.0.0.1:62130 - R:localhost/127.0.0.1:54473] for GET '/session/62bea515b671232ad8cc310f2437bcce/element/ebd94f17-3906-473e-83c5-8a5c920da385/name'
20:38:07.904 [AsyncHttpClient-1-7] DEBUG org.asynchttpclient.netty.handler.HttpHandler - 

Request DefaultFullHttpRequest(decodeResult: success, version: HTTP/1.1, content: EmptyByteBufBE)
GET /session/62bea515b671232ad8cc310f2437bcce/element/ebd94f17-3906-473e-83c5-8a5c920da385/name HTTP/1.1
User-Agent: selenium/4.1.2 (java windows)
Cache-Control: no-cache
Content-Type: application/json; charset=utf-8
host: localhost:54473
accept: */*

Response DefaultHttpResponse(decodeResult: success, version: HTTP/1.1)
HTTP/1.1 200 OK
Content-Type: application/json; charset=utf-8
cache-control: no-cache
content-length: 18

20:38:07.904 [AsyncHttpClient-1-7] DEBUG org.asynchttpclient.netty.channel.ChannelManager - Adding key: http://localhost:54473 for channel [id: 0x08e6fbe4, L:/127.0.0.1:62130 - R:localhost/127.0.0.1:54473]
20:38:07.910 [Forwarding isElementEnabled on session 62bea515b671232ad8cc310f2437bcce to remote] DEBUG org.asynchttpclient.netty.request.NettyRequestSender - Using pooled Channel '[id: 0x08e6fbe4, L:/127.0.0.1:62130 - R:localhost/127.0.0.1:54473]' for 'GET' to 'http://localhost:54473/session/62bea515b671232ad8cc310f2437bcce/element/ebd94f17-3906-473e-83c5-8a5c920da385/enabled'
20:38:07.910 [Forwarding isElementEnabled on session 62bea515b671232ad8cc310f2437bcce to remote] DEBUG org.asynchttpclient.netty.request.NettyRequestSender - Using open Channel [id: 0x08e6fbe4, L:/127.0.0.1:62130 - R:localhost/127.0.0.1:54473] for GET '/session/62bea515b671232ad8cc310f2437bcce/element/ebd94f17-3906-473e-83c5-8a5c920da385/enabled'
20:38:07.928 [AsyncHttpClient-1-7] DEBUG org.asynchttpclient.netty.handler.HttpHandler - 

Request DefaultFullHttpRequest(decodeResult: success, version: HTTP/1.1, content: EmptyByteBufBE)
GET /session/62bea515b671232ad8cc310f2437bcce/element/ebd94f17-3906-473e-83c5-8a5c920da385/enabled HTTP/1.1
User-Agent: selenium/4.1.2 (java windows)
Cache-Control: no-cache
Content-Type: application/json; charset=utf-8
host: localhost:54473
accept: */*

Response DefaultHttpResponse(decodeResult: success, version: HTTP/1.1)
HTTP/1.1 200 OK
Content-Type: application/json; charset=utf-8
cache-control: no-cache
content-length: 14

20:38:07.928 [AsyncHttpClient-1-7] DEBUG org.asynchttpclient.netty.channel.ChannelManager - Adding key: http://localhost:54473 for channel [id: 0x08e6fbe4, L:/127.0.0.1:62130 - R:localhost/127.0.0.1:54473]
20:38:07.931 [Forwarding isElementEnabled on session 62bea515b671232ad8cc310f2437bcce to remote] DEBUG org.asynchttpclient.netty.request.NettyRequestSender - Using pooled Channel '[id: 0x08e6fbe4, L:/127.0.0.1:62130 - R:localhost/127.0.0.1:54473]' for 'GET' to 'http://localhost:54473/session/62bea515b671232ad8cc310f2437bcce/element/ebd94f17-3906-473e-83c5-8a5c920da385/enabled'
20:38:07.931 [Forwarding isElementEnabled on session 62bea515b671232ad8cc310f2437bcce to remote] DEBUG org.asynchttpclient.netty.request.NettyRequestSender - Using open Channel [id: 0x08e6fbe4, L:/127.0.0.1:62130 - R:localhost/127.0.0.1:54473] for GET '/session/62bea515b671232ad8cc310f2437bcce/element/ebd94f17-3906-473e-83c5-8a5c920da385/enabled'
20:38:07.947 [AsyncHttpClient-1-7] DEBUG org.asynchttpclient.netty.handler.HttpHandler - 

Request DefaultFullHttpRequest(decodeResult: success, version: HTTP/1.1, content: EmptyByteBufBE)
GET /session/62bea515b671232ad8cc310f2437bcce/element/ebd94f17-3906-473e-83c5-8a5c920da385/enabled HTTP/1.1
User-Agent: selenium/4.1.2 (java windows)
Cache-Control: no-cache
Content-Type: application/json; charset=utf-8
host: localhost:54473
accept: */*

Response DefaultHttpResponse(decodeResult: success, version: HTTP/1.1)
HTTP/1.1 200 OK
Content-Type: application/json; charset=utf-8
cache-control: no-cache
content-length: 14

20:38:07.948 [AsyncHttpClient-1-7] DEBUG org.asynchttpclient.netty.channel.ChannelManager - Adding key: http://localhost:54473 for channel [id: 0x08e6fbe4, L:/127.0.0.1:62130 - R:localhost/127.0.0.1:54473]
20:38:07.980 [Forwarding findElement on session 62bea515b671232ad8cc310f2437bcce to remote] DEBUG org.asynchttpclient.netty.request.NettyRequestSender - Using pooled Channel '[id: 0x08e6fbe4, L:/127.0.0.1:62130 - R:localhost/127.0.0.1:54473]' for 'POST' to 'http://localhost:54473/session/62bea515b671232ad8cc310f2437bcce/element'
20:38:07.980 [Forwarding findElement on session 62bea515b671232ad8cc310f2437bcce to remote] DEBUG org.asynchttpclient.netty.request.NettyRequestSender - Using open Channel [id: 0x08e6fbe4, L:/127.0.0.1:62130 - R:localhost/127.0.0.1:54473] for POST '/session/62bea515b671232ad8cc310f2437bcce/element'
20:38:08.025 [AsyncHttpClient-1-7] DEBUG org.asynchttpclient.netty.handler.HttpHandler - 

Request DefaultHttpRequest(decodeResult: success, version: HTTP/1.1)
POST /session/62bea515b671232ad8cc310f2437bcce/element HTTP/1.1
User-Agent: selenium/4.1.2 (java windows)
Content-Length: 116
Content-Type: application/json; charset=utf-8
host: localhost:54473
accept: */*

Response DefaultHttpResponse(decodeResult: success, version: HTTP/1.1)
HTTP/1.1 200 OK
Content-Type: application/json; charset=utf-8
cache-control: no-cache
content-length: 88

20:38:08.026 [AsyncHttpClient-1-7] DEBUG org.asynchttpclient.netty.channel.ChannelManager - Adding key: http://localhost:54473 for channel [id: 0x08e6fbe4, L:/127.0.0.1:62130 - R:localhost/127.0.0.1:54473]
20:38:08.028 [Forwarding clickElement on session 62bea515b671232ad8cc310f2437bcce to remote] DEBUG org.asynchttpclient.netty.request.NettyRequestSender - Using pooled Channel '[id: 0x08e6fbe4, L:/127.0.0.1:62130 - R:localhost/127.0.0.1:54473]' for 'POST' to 'http://localhost:54473/session/62bea515b671232ad8cc310f2437bcce/element/ebd94f17-3906-473e-83c5-8a5c920da385/click'
20:38:08.028 [Forwarding clickElement on session 62bea515b671232ad8cc310f2437bcce to remote] DEBUG org.asynchttpclient.netty.request.NettyRequestSender - Using open Channel [id: 0x08e6fbe4, L:/127.0.0.1:62130 - R:localhost/127.0.0.1:54473] for POST '/session/62bea515b671232ad8cc310f2437bcce/element/ebd94f17-3906-473e-83c5-8a5c920da385/click'
20:38:08.260 [AsyncHttpClient-1-7] DEBUG org.asynchttpclient.netty.handler.HttpHandler - 

Request DefaultHttpRequest(decodeResult: success, version: HTTP/1.1)
POST /session/62bea515b671232ad8cc310f2437bcce/element/ebd94f17-3906-473e-83c5-8a5c920da385/click HTTP/1.1
User-Agent: selenium/4.1.2 (java windows)
Content-Length: 50
Content-Type: application/json; charset=utf-8
host: localhost:54473
accept: */*

Response DefaultHttpResponse(decodeResult: success, version: HTTP/1.1)
HTTP/1.1 200 OK
Content-Type: application/json; charset=utf-8
cache-control: no-cache
content-length: 14

20:38:08.260 [AsyncHttpClient-1-7] DEBUG org.asynchttpclient.netty.channel.ChannelManager - Adding key: http://localhost:54473 for channel [id: 0x08e6fbe4, L:/127.0.0.1:62130 - R:localhost/127.0.0.1:54473]
20:38:08.277 [Forwarding screenshot on session 62bea515b671232ad8cc310f2437bcce to remote] DEBUG org.asynchttpclient.netty.request.NettyRequestSender - Using pooled Channel '[id: 0x08e6fbe4, L:/127.0.0.1:62130 - R:localhost/127.0.0.1:54473]' for 'GET' to 'http://localhost:54473/session/62bea515b671232ad8cc310f2437bcce/screenshot'
20:38:08.278 [Forwarding screenshot on session 62bea515b671232ad8cc310f2437bcce to remote] DEBUG org.asynchttpclient.netty.request.NettyRequestSender - Using open Channel [id: 0x08e6fbe4, L:/127.0.0.1:62130 - R:localhost/127.0.0.1:54473] for GET '/session/62bea515b671232ad8cc310f2437bcce/screenshot'
20:38:08.383 [AsyncHttpClient-1-1] DEBUG org.asynchttpclient.netty.channel.DefaultChannelPool - Entry count for : http://localhost:62132 : 1
20:38:08.620 [AsyncHttpClient-1-7] DEBUG org.asynchttpclient.netty.handler.HttpHandler - 

Request DefaultFullHttpRequest(decodeResult: success, version: HTTP/1.1, content: EmptyByteBufBE)
GET /session/62bea515b671232ad8cc310f2437bcce/screenshot HTTP/1.1
User-Agent: selenium/4.1.2 (java windows)
Cache-Control: no-cache
Content-Type: application/json; charset=utf-8
host: localhost:54473
accept: */*

Response DefaultHttpResponse(decodeResult: success, version: HTTP/1.1)
HTTP/1.1 200 OK
Content-Type: application/json; charset=utf-8
cache-control: no-cache
content-length: 356576

20:38:08.620 [AsyncHttpClient-1-7] DEBUG org.asynchttpclient.netty.channel.ChannelManager - Adding key: http://localhost:54473 for channel [id: 0x08e6fbe4, L:/127.0.0.1:62130 - R:localhost/127.0.0.1:54473]
20:38:08.651 [main] DEBUG net.serenitybdd.core.photography.Darkroom - Send negative for processing for target\site\serenity\0c9f1636db6ad098ae105d73c31f6c7c9f9212c2ba83e2a6d3cb8cb95991d158.png
20:38:08.651 [main] DEBUG net.thucydides.core.steps.StepInterceptor - STEP DONE: clickButtonEditDataPasien
  &amp#27;[32mAnd &amp#27;[0m&amp#27;[32mClick button edit profil&amp#27;[0m                                                     &amp#27;[90m# starter.stepdefinitios.PatientDataSteps.clickButtonEditProfil()&amp#27;[0m
20:38:08.651 [Darkroom Processing Line] DEBUG net.serenitybdd.core.photography.DarkroomProcessingLine - Processing screenshot image in /var/screenshots/screenshot-3785861367433359928
20:38:08.651 [Darkroom Processing Line] DEBUG net.serenitybdd.core.photography.DarkroomProcessingLine - Saving screenshot to target\site\serenity\0c9f1636db6ad098ae105d73c31f6c7c9f9212c2ba83e2a6d3cb8cb95991d158.png
20:38:09.190 [Forwarding screenshot on session 62bea515b671232ad8cc310f2437bcce to remote] DEBUG org.asynchttpclient.netty.request.NettyRequestSender - Using pooled Channel '[id: 0x08e6fbe4, L:/127.0.0.1:62130 - R:localhost/127.0.0.1:54473]' for 'GET' to 'http://localhost:54473/session/62bea515b671232ad8cc310f2437bcce/screenshot'
20:38:09.190 [Forwarding screenshot on session 62bea515b671232ad8cc310f2437bcce to remote] DEBUG org.asynchttpclient.netty.request.NettyRequestSender - Using open Channel [id: 0x08e6fbe4, L:/127.0.0.1:62130 - R:localhost/127.0.0.1:54473] for GET '/session/62bea515b671232ad8cc310f2437bcce/screenshot'
20:38:09.490 [AsyncHttpClient-1-1] DEBUG org.asynchttpclient.netty.channel.DefaultChannelPool - Entry count for : http://localhost:62132 : 1
20:38:09.503 [AsyncHttpClient-1-7] DEBUG org.asynchttpclient.netty.handler.HttpHandler - 

Request DefaultFullHttpRequest(decodeResult: success, version: HTTP/1.1, content: EmptyByteBufBE)
GET /session/62bea515b671232ad8cc310f2437bcce/screenshot HTTP/1.1
User-Agent: selenium/4.1.2 (java windows)
Cache-Control: no-cache
Content-Type: application/json; charset=utf-8
host: localhost:54473
accept: */*

Response DefaultHttpResponse(decodeResult: success, version: HTTP/1.1)
HTTP/1.1 200 OK
Content-Type: application/json; charset=utf-8
cache-control: no-cache
content-length: 356576

20:38:09.503 [AsyncHttpClient-1-7] DEBUG org.asynchttpclient.netty.channel.ChannelManager - Adding key: http://localhost:54473 for channel [id: 0x08e6fbe4, L:/127.0.0.1:62130 - R:localhost/127.0.0.1:54473]
20:38:09.519 [main] DEBUG net.serenitybdd.core.photography.Darkroom - Send negative for processing for target\site\serenity\0c9f1636db6ad098ae105d73c31f6c7c9f9212c2ba83e2a6d3cb8cb95991d158.png
20:38:09.519 [main] DEBUG net.thucydides.core.steps.StepInterceptor - STARTING STEP: DokterDataSteps.iInputEditDokter - inputDataDokterEdit
20:38:09.519 [Forwarding findElement on session 62bea515b671232ad8cc310f2437bcce to remote] DEBUG org.asynchttpclient.netty.request.NettyRequestSender - Using pooled Channel '[id: 0x08e6fbe4, L:/127.0.0.1:62130 - R:localhost/127.0.0.1:54473]' for 'POST' to 'http://localhost:54473/session/62bea515b671232ad8cc310f2437bcce/element'
20:38:09.519 [Forwarding findElement on session 62bea515b671232ad8cc310f2437bcce to remote] DEBUG org.asynchttpclient.netty.request.NettyRequestSender - Using open Channel [id: 0x08e6fbe4, L:/127.0.0.1:62130 - R:localhost/127.0.0.1:54473] for POST '/session/62bea515b671232ad8cc310f2437bcce/element'
20:38:09.544 [AsyncHttpClient-1-7] DEBUG org.asynchttpclient.netty.handler.HttpHandler - 

Request DefaultHttpRequest(decodeResult: success, version: HTTP/1.1)
POST /session/62bea515b671232ad8cc310f2437bcce/element HTTP/1.1
User-Agent: selenium/4.1.2 (java windows)
Content-Length: 66
Content-Type: application/json; charset=utf-8
host: localhost:54473
accept: */*

Response DefaultHttpResponse(decodeResult: success, version: HTTP/1.1)
HTTP/1.1 200 OK
Content-Type: application/json; charset=utf-8
cache-control: no-cache
content-length: 88

20:38:09.544 [AsyncHttpClient-1-7] DEBUG org.asynchttpclient.netty.channel.ChannelManager - Adding key: http://localhost:54473 for channel [id: 0x08e6fbe4, L:/127.0.0.1:62130 - R:localhost/127.0.0.1:54473]
20:38:09.559 [Forwarding sendKeysToElement on session 62bea515b671232ad8cc310f2437bcce to remote] DEBUG org.asynchttpclient.netty.request.NettyRequestSender - Using pooled Channel '[id: 0x08e6fbe4, L:/127.0.0.1:62130 - R:localhost/127.0.0.1:54473]' for 'POST' to 'http://localhost:54473/session/62bea515b671232ad8cc310f2437bcce/element/411c5b42-5c6f-4b15-a86d-008833edd1b3/value'
20:38:09.559 [Forwarding sendKeysToElement on session 62bea515b671232ad8cc310f2437bcce to remote] DEBUG org.asynchttpclient.netty.request.NettyRequestSender - Using open Channel [id: 0x08e6fbe4, L:/127.0.0.1:62130 - R:localhost/127.0.0.1:54473] for POST '/session/62bea515b671232ad8cc310f2437bcce/element/411c5b42-5c6f-4b15-a86d-008833edd1b3/value'
20:38:09.908 [AsyncHttpClient-1-7] DEBUG org.asynchttpclient.netty.handler.HttpHandler - 

Request DefaultHttpRequest(decodeResult: success, version: HTTP/1.1)
POST /session/62bea515b671232ad8cc310f2437bcce/element/411c5b42-5c6f-4b15-a86d-008833edd1b3/value HTTP/1.1
User-Agent: selenium/4.1.2 (java windows)
Content-Length: 169
Content-Type: application/json; charset=utf-8
host: localhost:54473
accept: */*

Response DefaultHttpResponse(decodeResult: success, version: HTTP/1.1)
HTTP/1.1 200 OK
Content-Type: application/json; charset=utf-8
cache-control: no-cache
content-length: 14

20:38:09.908 [AsyncHttpClient-1-7] DEBUG org.asynchttpclient.netty.channel.ChannelManager - Adding key: http://localhost:54473 for channel [id: 0x08e6fbe4, L:/127.0.0.1:62130 - R:localhost/127.0.0.1:54473]
20:38:09.912 [Forwarding findElement on session 62bea515b671232ad8cc310f2437bcce to remote] DEBUG org.asynchttpclient.netty.request.NettyRequestSender - Using pooled Channel '[id: 0x08e6fbe4, L:/127.0.0.1:62130 - R:localhost/127.0.0.1:54473]' for 'POST' to 'http://localhost:54473/session/62bea515b671232ad8cc310f2437bcce/element'
20:38:09.912 [Forwarding findElement on session 62bea515b671232ad8cc310f2437bcce to remote] DEBUG org.asynchttpclient.netty.request.NettyRequestSender - Using open Channel [id: 0x08e6fbe4, L:/127.0.0.1:62130 - R:localhost/127.0.0.1:54473] for POST '/session/62bea515b671232ad8cc310f2437bcce/element'
20:38:09.925 [AsyncHttpClient-1-7] DEBUG org.asynchttpclient.netty.handler.HttpHandler - 

Request DefaultHttpRequest(decodeResult: success, version: HTTP/1.1)
POST /session/62bea515b671232ad8cc310f2437bcce/element HTTP/1.1
User-Agent: selenium/4.1.2 (java windows)
Content-Length: 66
Content-Type: application/json; charset=utf-8
host: localhost:54473
accept: */*

Response DefaultHttpResponse(decodeResult: success, version: HTTP/1.1)
HTTP/1.1 200 OK
Content-Type: application/json; charset=utf-8
cache-control: no-cache
content-length: 88

20:38:09.925 [AsyncHttpClient-1-7] DEBUG org.asynchttpclient.netty.channel.ChannelManager - Adding key: http://localhost:54473 for channel [id: 0x08e6fbe4, L:/127.0.0.1:62130 - R:localhost/127.0.0.1:54473]
20:38:09.927 [Forwarding sendKeysToElement on session 62bea515b671232ad8cc310f2437bcce to remote] DEBUG org.asynchttpclient.netty.request.NettyRequestSender - Using pooled Channel '[id: 0x08e6fbe4, L:/127.0.0.1:62130 - R:localhost/127.0.0.1:54473]' for 'POST' to 'http://localhost:54473/session/62bea515b671232ad8cc310f2437bcce/element/411c5b42-5c6f-4b15-a86d-008833edd1b3/value'
20:38:09.927 [Forwarding sendKeysToElement on session 62bea515b671232ad8cc310f2437bcce to remote] DEBUG org.asynchttpclient.netty.request.NettyRequestSender - Using open Channel [id: 0x08e6fbe4, L:/127.0.0.1:62130 - R:localhost/127.0.0.1:54473] for POST '/session/62bea515b671232ad8cc310f2437bcce/element/411c5b42-5c6f-4b15-a86d-008833edd1b3/value'
20:38:10.108 [AsyncHttpClient-1-7] DEBUG org.asynchttpclient.netty.handler.HttpHandler - 

Request DefaultHttpRequest(decodeResult: success, version: HTTP/1.1)
POST /session/62bea515b671232ad8cc310f2437bcce/element/411c5b42-5c6f-4b15-a86d-008833edd1b3/value HTTP/1.1
User-Agent: selenium/4.1.2 (java windows)
Content-Length: 131
Content-Type: application/json; charset=utf-8
host: localhost:54473
accept: */*

Response DefaultHttpResponse(decodeResult: success, version: HTTP/1.1)
HTTP/1.1 200 OK
Content-Type: application/json; charset=utf-8
cache-control: no-cache
content-length: 14

20:38:10.109 [AsyncHttpClient-1-7] DEBUG org.asynchttpclient.netty.channel.ChannelManager - Adding key: http://localhost:54473 for channel [id: 0x08e6fbe4, L:/127.0.0.1:62130 - R:localhost/127.0.0.1:54473]
20:38:10.113 [Forwarding findElement on session 62bea515b671232ad8cc310f2437bcce to remote] DEBUG org.asynchttpclient.netty.request.NettyRequestSender - Using pooled Channel '[id: 0x08e6fbe4, L:/127.0.0.1:62130 - R:localhost/127.0.0.1:54473]' for 'POST' to 'http://localhost:54473/session/62bea515b671232ad8cc310f2437bcce/element'
20:38:10.113 [Forwarding findElement on session 62bea515b671232ad8cc310f2437bcce to remote] DEBUG org.asynchttpclient.netty.request.NettyRequestSender - Using open Channel [id: 0x08e6fbe4, L:/127.0.0.1:62130 - R:localhost/127.0.0.1:54473] for POST '/session/62bea515b671232ad8cc310f2437bcce/element'
20:38:10.140 [AsyncHttpClient-1-7] DEBUG org.asynchttpclient.netty.handler.HttpHandler - 

Request DefaultHttpRequest(decodeResult: success, version: HTTP/1.1)
POST /session/62bea515b671232ad8cc310f2437bcce/element HTTP/1.1
User-Agent: selenium/4.1.2 (java windows)
Content-Length: 65
Content-Type: application/json; charset=utf-8
host: localhost:54473
accept: */*

Response DefaultHttpResponse(decodeResult: success, version: HTTP/1.1)
HTTP/1.1 200 OK
Content-Type: application/json; charset=utf-8
cache-control: no-cache
content-length: 88

20:38:10.140 [AsyncHttpClient-1-7] DEBUG org.asynchttpclient.netty.channel.ChannelManager - Adding key: http://localhost:54473 for channel [id: 0x08e6fbe4, L:/127.0.0.1:62130 - R:localhost/127.0.0.1:54473]
20:38:10.142 [Forwarding sendKeysToElement on session 62bea515b671232ad8cc310f2437bcce to remote] DEBUG org.asynchttpclient.netty.request.NettyRequestSender - Using pooled Channel '[id: 0x08e6fbe4, L:/127.0.0.1:62130 - R:localhost/127.0.0.1:54473]' for 'POST' to 'http://localhost:54473/session/62bea515b671232ad8cc310f2437bcce/element/cdb45171-5bc0-4afc-8be4-96f38cc51fbc/value'
20:38:10.143 [Forwarding sendKeysToElement on session 62bea515b671232ad8cc310f2437bcce to remote] DEBUG org.asynchttpclient.netty.request.NettyRequestSender - Using open Channel [id: 0x08e6fbe4, L:/127.0.0.1:62130 - R:localhost/127.0.0.1:54473] for POST '/session/62bea515b671232ad8cc310f2437bcce/element/cdb45171-5bc0-4afc-8be4-96f38cc51fbc/value'
20:38:10.375 [AsyncHttpClient-1-7] DEBUG org.asynchttpclient.netty.handler.HttpHandler - 

Request DefaultHttpRequest(decodeResult: success, version: HTTP/1.1)
POST /session/62bea515b671232ad8cc310f2437bcce/element/cdb45171-5bc0-4afc-8be4-96f38cc51fbc/value HTTP/1.1
User-Agent: selenium/4.1.2 (java windows)
Content-Length: 169
Content-Type: application/json; charset=utf-8
host: localhost:54473
accept: */*

Response DefaultHttpResponse(decodeResult: success, version: HTTP/1.1)
HTTP/1.1 200 OK
Content-Type: application/json; charset=utf-8
cache-control: no-cache
content-length: 14

20:38:10.375 [AsyncHttpClient-1-7] DEBUG org.asynchttpclient.netty.channel.ChannelManager - Adding key: http://localhost:54473 for channel [id: 0x08e6fbe4, L:/127.0.0.1:62130 - R:localhost/127.0.0.1:54473]
20:38:10.380 [Forwarding findElement on session 62bea515b671232ad8cc310f2437bcce to remote] DEBUG org.asynchttpclient.netty.request.NettyRequestSender - Using pooled Channel '[id: 0x08e6fbe4, L:/127.0.0.1:62130 - R:localhost/127.0.0.1:54473]' for 'POST' to 'http://localhost:54473/session/62bea515b671232ad8cc310f2437bcce/element'
20:38:10.380 [Forwarding findElement on session 62bea515b671232ad8cc310f2437bcce to remote] DEBUG org.asynchttpclient.netty.request.NettyRequestSender - Using open Channel [id: 0x08e6fbe4, L:/127.0.0.1:62130 - R:localhost/127.0.0.1:54473] for POST '/session/62bea515b671232ad8cc310f2437bcce/element'
20:38:10.395 [AsyncHttpClient-1-7] DEBUG org.asynchttpclient.netty.handler.HttpHandler - 

Request DefaultHttpRequest(decodeResult: success, version: HTTP/1.1)
POST /session/62bea515b671232ad8cc310f2437bcce/element HTTP/1.1
User-Agent: selenium/4.1.2 (java windows)
Content-Length: 65
Content-Type: application/json; charset=utf-8
host: localhost:54473
accept: */*

Response DefaultHttpResponse(decodeResult: success, version: HTTP/1.1)
HTTP/1.1 200 OK
Content-Type: application/json; charset=utf-8
cache-control: no-cache
content-length: 88

20:38:10.395 [AsyncHttpClient-1-7] DEBUG org.asynchttpclient.netty.channel.ChannelManager - Adding key: http://localhost:54473 for channel [id: 0x08e6fbe4, L:/127.0.0.1:62130 - R:localhost/127.0.0.1:54473]
20:38:10.397 [Forwarding sendKeysToElement on session 62bea515b671232ad8cc310f2437bcce to remote] DEBUG org.asynchttpclient.netty.request.NettyRequestSender - Using pooled Channel '[id: 0x08e6fbe4, L:/127.0.0.1:62130 - R:localhost/127.0.0.1:54473]' for 'POST' to 'http://localhost:54473/session/62bea515b671232ad8cc310f2437bcce/element/cdb45171-5bc0-4afc-8be4-96f38cc51fbc/value'
20:38:10.397 [Forwarding sendKeysToElement on session 62bea515b671232ad8cc310f2437bcce to remote] DEBUG org.asynchttpclient.netty.request.NettyRequestSender - Using open Channel [id: 0x08e6fbe4, L:/127.0.0.1:62130 - R:localhost/127.0.0.1:54473] for POST '/session/62bea515b671232ad8cc310f2437bcce/element/cdb45171-5bc0-4afc-8be4-96f38cc51fbc/value'
20:38:10.549 [AsyncHttpClient-1-7] DEBUG org.asynchttpclient.netty.handler.HttpHandler - 

Request DefaultHttpRequest(decodeResult: success, version: HTTP/1.1)
POST /session/62bea515b671232ad8cc310f2437bcce/element/cdb45171-5bc0-4afc-8be4-96f38cc51fbc/value HTTP/1.1
User-Agent: selenium/4.1.2 (java windows)
Content-Length: 131
Content-Type: application/json; charset=utf-8
host: localhost:54473
accept: */*

Response DefaultHttpResponse(decodeResult: success, version: HTTP/1.1)
HTTP/1.1 200 OK
Content-Type: application/json; charset=utf-8
cache-control: no-cache
content-length: 14

20:38:10.549 [AsyncHttpClient-1-7] DEBUG org.asynchttpclient.netty.channel.ChannelManager - Adding key: http://localhost:54473 for channel [id: 0x08e6fbe4, L:/127.0.0.1:62130 - R:localhost/127.0.0.1:54473]
20:38:10.555 [Forwarding findElement on session 62bea515b671232ad8cc310f2437bcce to remote] DEBUG org.asynchttpclient.netty.request.NettyRequestSender - Using pooled Channel '[id: 0x08e6fbe4, L:/127.0.0.1:62130 - R:localhost/127.0.0.1:54473]' for 'POST' to 'http://localhost:54473/session/62bea515b671232ad8cc310f2437bcce/element'
20:38:10.555 [Forwarding findElement on session 62bea515b671232ad8cc310f2437bcce to remote] DEBUG org.asynchttpclient.netty.request.NettyRequestSender - Using open Channel [id: 0x08e6fbe4, L:/127.0.0.1:62130 - R:localhost/127.0.0.1:54473] for POST '/session/62bea515b671232ad8cc310f2437bcce/element'
20:38:10.580 [AsyncHttpClient-1-7] DEBUG org.asynchttpclient.netty.handler.HttpHandler - 

Request DefaultHttpRequest(decodeResult: success, version: HTTP/1.1)
POST /session/62bea515b671232ad8cc310f2437bcce/element HTTP/1.1
User-Agent: selenium/4.1.2 (java windows)
Content-Length: 71
Content-Type: application/json; charset=utf-8
host: localhost:54473
accept: */*

Response DefaultHttpResponse(decodeResult: success, version: HTTP/1.1)
HTTP/1.1 200 OK
Content-Type: application/json; charset=utf-8
cache-control: no-cache
content-length: 88

20:38:10.580 [AsyncHttpClient-1-7] DEBUG org.asynchttpclient.netty.channel.ChannelManager - Adding key: http://localhost:54473 for channel [id: 0x08e6fbe4, L:/127.0.0.1:62130 - R:localhost/127.0.0.1:54473]
20:38:10.582 [Forwarding sendKeysToElement on session 62bea515b671232ad8cc310f2437bcce to remote] DEBUG org.asynchttpclient.netty.request.NettyRequestSender - Using pooled Channel '[id: 0x08e6fbe4, L:/127.0.0.1:62130 - R:localhost/127.0.0.1:54473]' for 'POST' to 'http://localhost:54473/session/62bea515b671232ad8cc310f2437bcce/element/dc62e173-19a8-4f90-83d4-05e684c7c0ed/value'
20:38:10.582 [Forwarding sendKeysToElement on session 62bea515b671232ad8cc310f2437bcce to remote] DEBUG org.asynchttpclient.netty.request.NettyRequestSender - Using open Channel [id: 0x08e6fbe4, L:/127.0.0.1:62130 - R:localhost/127.0.0.1:54473] for POST '/session/62bea515b671232ad8cc310f2437bcce/element/dc62e173-19a8-4f90-83d4-05e684c7c0ed/value'
20:38:10.600 [AsyncHttpClient-1-1] DEBUG org.asynchttpclient.netty.channel.DefaultChannelPool - Entry count for : http://localhost:62132 : 1
20:38:10.964 [AsyncHttpClient-1-7] DEBUG org.asynchttpclient.netty.handler.HttpHandler - 

Request DefaultHttpRequest(decodeResult: success, version: HTTP/1.1)
POST /session/62bea515b671232ad8cc310f2437bcce/element/dc62e173-19a8-4f90-83d4-05e684c7c0ed/value HTTP/1.1
User-Agent: selenium/4.1.2 (java windows)
Content-Length: 229
Content-Type: application/json; charset=utf-8
host: localhost:54473
accept: */*

Response DefaultHttpResponse(decodeResult: success, version: HTTP/1.1)
HTTP/1.1 200 OK
Content-Type: application/json; charset=utf-8
cache-control: no-cache
content-length: 14

20:38:10.964 [AsyncHttpClient-1-7] DEBUG org.asynchttpclient.netty.channel.ChannelManager - Adding key: http://localhost:54473 for channel [id: 0x08e6fbe4, L:/127.0.0.1:62130 - R:localhost/127.0.0.1:54473]
20:38:10.971 [Forwarding findElement on session 62bea515b671232ad8cc310f2437bcce to remote] DEBUG org.asynchttpclient.netty.request.NettyRequestSender - Using pooled Channel '[id: 0x08e6fbe4, L:/127.0.0.1:62130 - R:localhost/127.0.0.1:54473]' for 'POST' to 'http://localhost:54473/session/62bea515b671232ad8cc310f2437bcce/element'
20:38:10.971 [Forwarding findElement on session 62bea515b671232ad8cc310f2437bcce to remote] DEBUG org.asynchttpclient.netty.request.NettyRequestSender - Using open Channel [id: 0x08e6fbe4, L:/127.0.0.1:62130 - R:localhost/127.0.0.1:54473] for POST '/session/62bea515b671232ad8cc310f2437bcce/element'
20:38:10.986 [AsyncHttpClient-1-7] DEBUG org.asynchttpclient.netty.handler.HttpHandler - 

Request DefaultHttpRequest(decodeResult: success, version: HTTP/1.1)
POST /session/62bea515b671232ad8cc310f2437bcce/element HTTP/1.1
User-Agent: selenium/4.1.2 (java windows)
Content-Length: 71
Content-Type: application/json; charset=utf-8
host: localhost:54473
accept: */*

Response DefaultHttpResponse(decodeResult: success, version: HTTP/1.1)
HTTP/1.1 200 OK
Content-Type: application/json; charset=utf-8
cache-control: no-cache
content-length: 88

20:38:10.986 [AsyncHttpClient-1-7] DEBUG org.asynchttpclient.netty.channel.ChannelManager - Adding key: http://localhost:54473 for channel [id: 0x08e6fbe4, L:/127.0.0.1:62130 - R:localhost/127.0.0.1:54473]
20:38:10.989 [Forwarding sendKeysToElement on session 62bea515b671232ad8cc310f2437bcce to remote] DEBUG org.asynchttpclient.netty.request.NettyRequestSender - Using pooled Channel '[id: 0x08e6fbe4, L:/127.0.0.1:62130 - R:localhost/127.0.0.1:54473]' for 'POST' to 'http://localhost:54473/session/62bea515b671232ad8cc310f2437bcce/element/dc62e173-19a8-4f90-83d4-05e684c7c0ed/value'
20:38:10.989 [Forwarding sendKeysToElement on session 62bea515b671232ad8cc310f2437bcce to remote] DEBUG org.asynchttpclient.netty.request.NettyRequestSender - Using open Channel [id: 0x08e6fbe4, L:/127.0.0.1:62130 - R:localhost/127.0.0.1:54473] for POST '/session/62bea515b671232ad8cc310f2437bcce/element/dc62e173-19a8-4f90-83d4-05e684c7c0ed/value'
20:38:11.314 [AsyncHttpClient-1-7] DEBUG org.asynchttpclient.netty.handler.HttpHandler - 

Request DefaultHttpRequest(decodeResult: success, version: HTTP/1.1)
POST /session/62bea515b671232ad8cc310f2437bcce/element/dc62e173-19a8-4f90-83d4-05e684c7c0ed/value HTTP/1.1
User-Agent: selenium/4.1.2 (java windows)
Content-Length: 191
Content-Type: application/json; charset=utf-8
host: localhost:54473
accept: */*

Response DefaultHttpResponse(decodeResult: success, version: HTTP/1.1)
HTTP/1.1 200 OK
Content-Type: application/json; charset=utf-8
cache-control: no-cache
content-length: 14

20:38:11.314 [AsyncHttpClient-1-7] DEBUG org.asynchttpclient.netty.channel.ChannelManager - Adding key: http://localhost:54473 for channel [id: 0x08e6fbe4, L:/127.0.0.1:62130 - R:localhost/127.0.0.1:54473]
20:38:11.321 [Forwarding findElement on session 62bea515b671232ad8cc310f2437bcce to remote] DEBUG org.asynchttpclient.netty.request.NettyRequestSender - Using pooled Channel '[id: 0x08e6fbe4, L:/127.0.0.1:62130 - R:localhost/127.0.0.1:54473]' for 'POST' to 'http://localhost:54473/session/62bea515b671232ad8cc310f2437bcce/element'
20:38:11.321 [Forwarding findElement on session 62bea515b671232ad8cc310f2437bcce to remote] DEBUG org.asynchttpclient.netty.request.NettyRequestSender - Using open Channel [id: 0x08e6fbe4, L:/127.0.0.1:62130 - R:localhost/127.0.0.1:54473] for POST '/session/62bea515b671232ad8cc310f2437bcce/element'
20:38:11.345 [AsyncHttpClient-1-7] DEBUG org.asynchttpclient.netty.handler.HttpHandler - 

Request DefaultHttpRequest(decodeResult: success, version: HTTP/1.1)
POST /session/62bea515b671232ad8cc310f2437bcce/element HTTP/1.1
User-Agent: selenium/4.1.2 (java windows)
Content-Length: 166
Content-Type: application/json; charset=utf-8
host: localhost:54473
accept: */*

Response DefaultHttpResponse(decodeResult: success, version: HTTP/1.1)
HTTP/1.1 200 OK
Content-Type: application/json; charset=utf-8
cache-control: no-cache
content-length: 88

20:38:11.345 [AsyncHttpClient-1-7] DEBUG org.asynchttpclient.netty.channel.ChannelManager - Adding key: http://localhost:54473 for channel [id: 0x08e6fbe4, L:/127.0.0.1:62130 - R:localhost/127.0.0.1:54473]
20:38:11.347 [Forwarding sendKeysToElement on session 62bea515b671232ad8cc310f2437bcce to remote] DEBUG org.asynchttpclient.netty.request.NettyRequestSender - Using pooled Channel '[id: 0x08e6fbe4, L:/127.0.0.1:62130 - R:localhost/127.0.0.1:54473]' for 'POST' to 'http://localhost:54473/session/62bea515b671232ad8cc310f2437bcce/element/71d0d378-6bfc-4948-84e8-0c8751e2ce37/value'
20:38:11.347 [Forwarding sendKeysToElement on session 62bea515b671232ad8cc310f2437bcce to remote] DEBUG org.asynchttpclient.netty.request.NettyRequestSender - Using open Channel [id: 0x08e6fbe4, L:/127.0.0.1:62130 - R:localhost/127.0.0.1:54473] for POST '/session/62bea515b671232ad8cc310f2437bcce/element/71d0d378-6bfc-4948-84e8-0c8751e2ce37/value'
20:38:11.730 [AsyncHttpClient-1-1] DEBUG org.asynchttpclient.netty.channel.DefaultChannelPool - Entry count for : http://localhost:62132 : 1
20:38:11.842 [AsyncHttpClient-1-7] DEBUG org.asynchttpclient.netty.handler.HttpHandler - 

Request DefaultHttpRequest(decodeResult: success, version: HTTP/1.1)
POST /session/62bea515b671232ad8cc310f2437bcce/element/71d0d378-6bfc-4948-84e8-0c8751e2ce37/value HTTP/1.1
User-Agent: selenium/4.1.2 (java windows)
Content-Length: 219
Content-Type: application/json; charset=utf-8
host: localhost:54473
accept: */*

Response DefaultHttpResponse(decodeResult: success, version: HTTP/1.1)
HTTP/1.1 200 OK
Content-Type: application/json; charset=utf-8
cache-control: no-cache
content-length: 14

20:38:11.842 [AsyncHttpClient-1-7] DEBUG org.asynchttpclient.netty.channel.ChannelManager - Adding key: http://localhost:54473 for channel [id: 0x08e6fbe4, L:/127.0.0.1:62130 - R:localhost/127.0.0.1:54473]
20:38:11.850 [Forwarding findElement on session 62bea515b671232ad8cc310f2437bcce to remote] DEBUG org.asynchttpclient.netty.request.NettyRequestSender - Using pooled Channel '[id: 0x08e6fbe4, L:/127.0.0.1:62130 - R:localhost/127.0.0.1:54473]' for 'POST' to 'http://localhost:54473/session/62bea515b671232ad8cc310f2437bcce/element'
20:38:11.851 [Forwarding findElement on session 62bea515b671232ad8cc310f2437bcce to remote] DEBUG org.asynchttpclient.netty.request.NettyRequestSender - Using open Channel [id: 0x08e6fbe4, L:/127.0.0.1:62130 - R:localhost/127.0.0.1:54473] for POST '/session/62bea515b671232ad8cc310f2437bcce/element'
20:38:11.868 [AsyncHttpClient-1-7] DEBUG org.asynchttpclient.netty.handler.HttpHandler - 

Request DefaultHttpRequest(decodeResult: success, version: HTTP/1.1)
POST /session/62bea515b671232ad8cc310f2437bcce/element HTTP/1.1
User-Agent: selenium/4.1.2 (java windows)
Content-Length: 166
Content-Type: application/json; charset=utf-8
host: localhost:54473
accept: */*

Response DefaultHttpResponse(decodeResult: success, version: HTTP/1.1)
HTTP/1.1 200 OK
Content-Type: application/json; charset=utf-8
cache-control: no-cache
content-length: 88

20:38:11.868 [AsyncHttpClient-1-7] DEBUG org.asynchttpclient.netty.channel.ChannelManager - Adding key: http://localhost:54473 for channel [id: 0x08e6fbe4, L:/127.0.0.1:62130 - R:localhost/127.0.0.1:54473]
20:38:11.871 [Forwarding sendKeysToElement on session 62bea515b671232ad8cc310f2437bcce to remote] DEBUG org.asynchttpclient.netty.request.NettyRequestSender - Using pooled Channel '[id: 0x08e6fbe4, L:/127.0.0.1:62130 - R:localhost/127.0.0.1:54473]' for 'POST' to 'http://localhost:54473/session/62bea515b671232ad8cc310f2437bcce/element/71d0d378-6bfc-4948-84e8-0c8751e2ce37/value'
20:38:11.871 [Forwarding sendKeysToElement on session 62bea515b671232ad8cc310f2437bcce to remote] DEBUG org.asynchttpclient.netty.request.NettyRequestSender - Using open Channel [id: 0x08e6fbe4, L:/127.0.0.1:62130 - R:localhost/127.0.0.1:54473] for POST '/session/62bea515b671232ad8cc310f2437bcce/element/71d0d378-6bfc-4948-84e8-0c8751e2ce37/value'
20:38:12.207 [AsyncHttpClient-1-7] DEBUG org.asynchttpclient.netty.handler.HttpHandler - 

Request DefaultHttpRequest(decodeResult: success, version: HTTP/1.1)
POST /session/62bea515b671232ad8cc310f2437bcce/element/71d0d378-6bfc-4948-84e8-0c8751e2ce37/value HTTP/1.1
User-Agent: selenium/4.1.2 (java windows)
Content-Length: 181
Content-Type: application/json; charset=utf-8
host: localhost:54473
accept: */*

Response DefaultHttpResponse(decodeResult: success, version: HTTP/1.1)
HTTP/1.1 200 OK
Content-Type: application/json; charset=utf-8
cache-control: no-cache
content-length: 14

20:38:12.207 [AsyncHttpClient-1-7] DEBUG org.asynchttpclient.netty.channel.ChannelManager - Adding key: http://localhost:54473 for channel [id: 0x08e6fbe4, L:/127.0.0.1:62130 - R:localhost/127.0.0.1:54473]
20:38:12.212 [Forwarding findElement on session 62bea515b671232ad8cc310f2437bcce to remote] DEBUG org.asynchttpclient.netty.request.NettyRequestSender - Using pooled Channel '[id: 0x08e6fbe4, L:/127.0.0.1:62130 - R:localhost/127.0.0.1:54473]' for 'POST' to 'http://localhost:54473/session/62bea515b671232ad8cc310f2437bcce/element'
20:38:12.212 [Forwarding findElement on session 62bea515b671232ad8cc310f2437bcce to remote] DEBUG org.asynchttpclient.netty.request.NettyRequestSender - Using open Channel [id: 0x08e6fbe4, L:/127.0.0.1:62130 - R:localhost/127.0.0.1:54473] for POST '/session/62bea515b671232ad8cc310f2437bcce/element'
20:38:12.247 [AsyncHttpClient-1-7] DEBUG org.asynchttpclient.netty.handler.HttpHandler - 

Request DefaultHttpRequest(decodeResult: success, version: HTTP/1.1)
POST /session/62bea515b671232ad8cc310f2437bcce/element HTTP/1.1
User-Agent: selenium/4.1.2 (java windows)
Content-Length: 70
Content-Type: application/json; charset=utf-8
host: localhost:54473
accept: */*

Response DefaultHttpResponse(decodeResult: success, version: HTTP/1.1)
HTTP/1.1 200 OK
Content-Type: application/json; charset=utf-8
cache-control: no-cache
content-length: 88

20:38:12.247 [AsyncHttpClient-1-7] DEBUG org.asynchttpclient.netty.channel.ChannelManager - Adding key: http://localhost:54473 for channel [id: 0x08e6fbe4, L:/127.0.0.1:62130 - R:localhost/127.0.0.1:54473]
20:38:12.250 [Forwarding sendKeysToElement on session 62bea515b671232ad8cc310f2437bcce to remote] DEBUG org.asynchttpclient.netty.request.NettyRequestSender - Using pooled Channel '[id: 0x08e6fbe4, L:/127.0.0.1:62130 - R:localhost/127.0.0.1:54473]' for 'POST' to 'http://localhost:54473/session/62bea515b671232ad8cc310f2437bcce/element/240c8c48-5729-44b3-9bc3-b466ef54af77/value'
20:38:12.250 [Forwarding sendKeysToElement on session 62bea515b671232ad8cc310f2437bcce to remote] DEBUG org.asynchttpclient.netty.request.NettyRequestSender - Using open Channel [id: 0x08e6fbe4, L:/127.0.0.1:62130 - R:localhost/127.0.0.1:54473] for POST '/session/62bea515b671232ad8cc310f2437bcce/element/240c8c48-5729-44b3-9bc3-b466ef54af77/value'
20:38:12.792 [AsyncHttpClient-1-1] DEBUG org.asynchttpclient.netty.channel.DefaultChannelPool - Entry count for : http://localhost:62132 : 1
20:38:12.960 [AsyncHttpClient-1-7] DEBUG org.asynchttpclient.netty.handler.HttpHandler - 

Request DefaultHttpRequest(decodeResult: success, version: HTTP/1.1)
POST /session/62bea515b671232ad8cc310f2437bcce/element/240c8c48-5729-44b3-9bc3-b466ef54af77/value HTTP/1.1
User-Agent: selenium/4.1.2 (java windows)
Content-Length: 219
Content-Type: application/json; charset=utf-8
host: localhost:54473
accept: */*

Response DefaultHttpResponse(decodeResult: success, version: HTTP/1.1)
HTTP/1.1 200 OK
Content-Type: application/json; charset=utf-8
cache-control: no-cache
content-length: 14

20:38:12.960 [AsyncHttpClient-1-7] DEBUG org.asynchttpclient.netty.channel.ChannelManager - Adding key: http://localhost:54473 for channel [id: 0x08e6fbe4, L:/127.0.0.1:62130 - R:localhost/127.0.0.1:54473]
20:38:12.967 [Forwarding findElement on session 62bea515b671232ad8cc310f2437bcce to remote] DEBUG org.asynchttpclient.netty.request.NettyRequestSender - Using pooled Channel '[id: 0x08e6fbe4, L:/127.0.0.1:62130 - R:localhost/127.0.0.1:54473]' for 'POST' to 'http://localhost:54473/session/62bea515b671232ad8cc310f2437bcce/element'
20:38:12.967 [Forwarding findElement on session 62bea515b671232ad8cc310f2437bcce to remote] DEBUG org.asynchttpclient.netty.request.NettyRequestSender - Using open Channel [id: 0x08e6fbe4, L:/127.0.0.1:62130 - R:localhost/127.0.0.1:54473] for POST '/session/62bea515b671232ad8cc310f2437bcce/element'
20:38:13.003 [AsyncHttpClient-1-7] DEBUG org.asynchttpclient.netty.handler.HttpHandler - 

Request DefaultHttpRequest(decodeResult: success, version: HTTP/1.1)
POST /session/62bea515b671232ad8cc310f2437bcce/element HTTP/1.1
User-Agent: selenium/4.1.2 (java windows)
Content-Length: 70
Content-Type: application/json; charset=utf-8
host: localhost:54473
accept: */*

Response DefaultHttpResponse(decodeResult: success, version: HTTP/1.1)
HTTP/1.1 200 OK
Content-Type: application/json; charset=utf-8
cache-control: no-cache
content-length: 88

20:38:13.003 [AsyncHttpClient-1-7] DEBUG org.asynchttpclient.netty.channel.ChannelManager - Adding key: http://localhost:54473 for channel [id: 0x08e6fbe4, L:/127.0.0.1:62130 - R:localhost/127.0.0.1:54473]
20:38:13.019 [Forwarding sendKeysToElement on session 62bea515b671232ad8cc310f2437bcce to remote] DEBUG org.asynchttpclient.netty.request.NettyRequestSender - Using pooled Channel '[id: 0x08e6fbe4, L:/127.0.0.1:62130 - R:localhost/127.0.0.1:54473]' for 'POST' to 'http://localhost:54473/session/62bea515b671232ad8cc310f2437bcce/element/240c8c48-5729-44b3-9bc3-b466ef54af77/value'
20:38:13.019 [Forwarding sendKeysToElement on session 62bea515b671232ad8cc310f2437bcce to remote] DEBUG org.asynchttpclient.netty.request.NettyRequestSender - Using open Channel [id: 0x08e6fbe4, L:/127.0.0.1:62130 - R:localhost/127.0.0.1:54473] for POST '/session/62bea515b671232ad8cc310f2437bcce/element/240c8c48-5729-44b3-9bc3-b466ef54af77/value'
20:38:13.353 [AsyncHttpClient-1-7] DEBUG org.asynchttpclient.netty.handler.HttpHandler - 

Request DefaultHttpRequest(decodeResult: success, version: HTTP/1.1)
POST /session/62bea515b671232ad8cc310f2437bcce/element/240c8c48-5729-44b3-9bc3-b466ef54af77/value HTTP/1.1
User-Agent: selenium/4.1.2 (java windows)
Content-Length: 181
Content-Type: application/json; charset=utf-8
host: localhost:54473
accept: */*

Response DefaultHttpResponse(decodeResult: success, version: HTTP/1.1)
HTTP/1.1 200 OK
Content-Type: application/json; charset=utf-8
cache-control: no-cache
content-length: 14

20:38:13.353 [AsyncHttpClient-1-7] DEBUG org.asynchttpclient.netty.channel.ChannelManager - Adding key: http://localhost:54473 for channel [id: 0x08e6fbe4, L:/127.0.0.1:62130 - R:localhost/127.0.0.1:54473]
20:38:13.365 [Forwarding screenshot on session 62bea515b671232ad8cc310f2437bcce to remote] DEBUG org.asynchttpclient.netty.request.NettyRequestSender - Using pooled Channel '[id: 0x08e6fbe4, L:/127.0.0.1:62130 - R:localhost/127.0.0.1:54473]' for 'GET' to 'http://localhost:54473/session/62bea515b671232ad8cc310f2437bcce/screenshot'
20:38:13.365 [Forwarding screenshot on session 62bea515b671232ad8cc310f2437bcce to remote] DEBUG org.asynchttpclient.netty.request.NettyRequestSender - Using open Channel [id: 0x08e6fbe4, L:/127.0.0.1:62130 - R:localhost/127.0.0.1:54473] for GET '/session/62bea515b671232ad8cc310f2437bcce/screenshot'
20:38:13.680 [AsyncHttpClient-1-7] DEBUG org.asynchttpclient.netty.handler.HttpHandler - 

Request DefaultFullHttpRequest(decodeResult: success, version: HTTP/1.1, content: EmptyByteBufBE)
GET /session/62bea515b671232ad8cc310f2437bcce/screenshot HTTP/1.1
User-Agent: selenium/4.1.2 (java windows)
Cache-Control: no-cache
Content-Type: application/json; charset=utf-8
host: localhost:54473
accept: */*

Response DefaultHttpResponse(decodeResult: success, version: HTTP/1.1)
HTTP/1.1 200 OK
Content-Type: application/json; charset=utf-8
cache-control: no-cache
content-length: 358832

20:38:13.680 [AsyncHttpClient-1-7] DEBUG org.asynchttpclient.netty.channel.ChannelManager - Adding key: http://localhost:54473 for channel [id: 0x08e6fbe4, L:/127.0.0.1:62130 - R:localhost/127.0.0.1:54473]
20:38:13.712 [main] DEBUG net.serenitybdd.core.photography.Darkroom - Send negative for processing for target\site\serenity\d85e9b8976e4c52385690b90646c6acce54694201b9063adae509ce8269229be.png
20:38:13.712 [main] DEBUG net.thucydides.core.steps.StepInterceptor - STEP DONE: inputDataDokterEdit
  &amp#27;[32mThen &amp#27;[0m&amp#27;[32mI input edit &amp#27;[0m&amp#27;[32m&amp#27;[1m"Bagas"&amp#27;[0m&amp#27;[32m &amp#27;[0m&amp#27;[32m&amp#27;[1m"12344"&amp#27;[0m&amp#27;[32m &amp#27;[0m&amp#27;[32m&amp#27;[1m"Dokter Gigi"&amp#27;[0m&amp#27;[32m &amp#27;[0m&amp#27;[32m&amp#27;[1m"BagasBedah"&amp#27;[0m&amp#27;[32m &amp#27;[0m&amp#27;[32m&amp#27;[1m"*Y*(^21333"&amp#27;[0m&amp#27;[32m dokter&amp#27;[0m &amp#27;[90m# starter.stepdefinitios.DokterDataSteps.iInputEditDokter(java.lang.String,java.lang.String,java.lang.String,java.lang.String,java.lang.String)&amp#27;[0m
20:38:13.712 [Darkroom Processing Line] DEBUG net.serenitybdd.core.photography.DarkroomProcessingLine - Processing screenshot image in /var/screenshots/screenshot-16024193004902636625
20:38:13.712 [Darkroom Processing Line] DEBUG net.serenitybdd.core.photography.DarkroomProcessingLine - Saving screenshot to target\site\serenity\d85e9b8976e4c52385690b90646c6acce54694201b9063adae509ce8269229be.png
20:38:13.766 [Forwarding screenshot on session 62bea515b671232ad8cc310f2437bcce to remote] DEBUG org.asynchttpclient.netty.request.NettyRequestSender - Using pooled Channel '[id: 0x08e6fbe4, L:/127.0.0.1:62130 - R:localhost/127.0.0.1:54473]' for 'GET' to 'http://localhost:54473/session/62bea515b671232ad8cc310f2437bcce/screenshot'
20:38:13.766 [Forwarding screenshot on session 62bea515b671232ad8cc310f2437bcce to remote] DEBUG org.asynchttpclient.netty.request.NettyRequestSender - Using open Channel [id: 0x08e6fbe4, L:/127.0.0.1:62130 - R:localhost/127.0.0.1:54473] for GET '/session/62bea515b671232ad8cc310f2437bcce/screenshot'
20:38:13.899 [AsyncHttpClient-1-1] DEBUG org.asynchttpclient.netty.channel.DefaultChannelPool - Entry count for : http://localhost:62132 : 1
20:38:14.059 [AsyncHttpClient-1-7] DEBUG org.asynchttpclient.netty.handler.HttpHandler - 

Request DefaultFullHttpRequest(decodeResult: success, version: HTTP/1.1, content: EmptyByteBufBE)
GET /session/62bea515b671232ad8cc310f2437bcce/screenshot HTTP/1.1
User-Agent: selenium/4.1.2 (java windows)
Cache-Control: no-cache
Content-Type: application/json; charset=utf-8
host: localhost:54473
accept: */*

Response DefaultHttpResponse(decodeResult: success, version: HTTP/1.1)
HTTP/1.1 200 OK
Content-Type: application/json; charset=utf-8
cache-control: no-cache
content-length: 358832

20:38:14.075 [AsyncHttpClient-1-7] DEBUG org.asynchttpclient.netty.channel.ChannelManager - Adding key: http://localhost:54473 for channel [id: 0x08e6fbe4, L:/127.0.0.1:62130 - R:localhost/127.0.0.1:54473]
20:38:14.090 [main] DEBUG net.serenitybdd.core.photography.Darkroom - Send negative for processing for target\site\serenity\d85e9b8976e4c52385690b90646c6acce54694201b9063adae509ce8269229be.png
20:38:14.090 [main] DEBUG net.thucydides.core.steps.StepInterceptor - STARTING STEP: PatientDataSteps.clickButtonSimpan - clickButtonSave
20:38:14.106 [Forwarding findElement on session 62bea515b671232ad8cc310f2437bcce to remote] DEBUG org.asynchttpclient.netty.request.NettyRequestSender - Using pooled Channel '[id: 0x08e6fbe4, L:/127.0.0.1:62130 - R:localhost/127.0.0.1:54473]' for 'POST' to 'http://localhost:54473/session/62bea515b671232ad8cc310f2437bcce/element'
20:38:14.106 [Forwarding findElement on session 62bea515b671232ad8cc310f2437bcce to remote] DEBUG org.asynchttpclient.netty.request.NettyRequestSender - Using open Channel [id: 0x08e6fbe4, L:/127.0.0.1:62130 - R:localhost/127.0.0.1:54473] for POST '/session/62bea515b671232ad8cc310f2437bcce/element'
20:38:14.121 [AsyncHttpClient-1-7] DEBUG org.asynchttpclient.netty.handler.HttpHandler - 

Request DefaultHttpRequest(decodeResult: success, version: HTTP/1.1)
POST /session/62bea515b671232ad8cc310f2437bcce/element HTTP/1.1
User-Agent: selenium/4.1.2 (java windows)
Content-Length: 68
Content-Type: application/json; charset=utf-8
host: localhost:54473
accept: */*

Response DefaultHttpResponse(decodeResult: success, version: HTTP/1.1)
HTTP/1.1 200 OK
Content-Type: application/json; charset=utf-8
cache-control: no-cache
content-length: 88

20:38:14.121 [AsyncHttpClient-1-7] DEBUG org.asynchttpclient.netty.channel.ChannelManager - Adding key: http://localhost:54473 for channel [id: 0x08e6fbe4, L:/127.0.0.1:62130 - R:localhost/127.0.0.1:54473]
20:38:14.121 [Forwarding getElementTagName on session 62bea515b671232ad8cc310f2437bcce to remote] DEBUG org.asynchttpclient.netty.request.NettyRequestSender - Using pooled Channel '[id: 0x08e6fbe4, L:/127.0.0.1:62130 - R:localhost/127.0.0.1:54473]' for 'GET' to 'http://localhost:54473/session/62bea515b671232ad8cc310f2437bcce/element/8d88ce63-5e66-4067-ad8e-585c489b727d/name'
20:38:14.121 [Forwarding getElementTagName on session 62bea515b671232ad8cc310f2437bcce to remote] DEBUG org.asynchttpclient.netty.request.NettyRequestSender - Using open Channel [id: 0x08e6fbe4, L:/127.0.0.1:62130 - R:localhost/127.0.0.1:54473] for GET '/session/62bea515b671232ad8cc310f2437bcce/element/8d88ce63-5e66-4067-ad8e-585c489b727d/name'
20:38:14.137 [AsyncHttpClient-1-7] DEBUG org.asynchttpclient.netty.handler.HttpHandler - 

Request DefaultFullHttpRequest(decodeResult: success, version: HTTP/1.1, content: EmptyByteBufBE)
GET /session/62bea515b671232ad8cc310f2437bcce/element/8d88ce63-5e66-4067-ad8e-585c489b727d/name HTTP/1.1
User-Agent: selenium/4.1.2 (java windows)
Cache-Control: no-cache
Content-Type: application/json; charset=utf-8
host: localhost:54473
accept: */*

Response DefaultHttpResponse(decodeResult: success, version: HTTP/1.1)
HTTP/1.1 200 OK
Content-Type: application/json; charset=utf-8
cache-control: no-cache
content-length: 18

20:38:14.137 [AsyncHttpClient-1-7] DEBUG org.asynchttpclient.netty.channel.ChannelManager - Adding key: http://localhost:54473 for channel [id: 0x08e6fbe4, L:/127.0.0.1:62130 - R:localhost/127.0.0.1:54473]
20:38:14.137 [Forwarding getElementTagName on session 62bea515b671232ad8cc310f2437bcce to remote] DEBUG org.asynchttpclient.netty.request.NettyRequestSender - Using pooled Channel '[id: 0x08e6fbe4, L:/127.0.0.1:62130 - R:localhost/127.0.0.1:54473]' for 'GET' to 'http://localhost:54473/session/62bea515b671232ad8cc310f2437bcce/element/8d88ce63-5e66-4067-ad8e-585c489b727d/name'
20:38:14.137 [Forwarding getElementTagName on session 62bea515b671232ad8cc310f2437bcce to remote] DEBUG org.asynchttpclient.netty.request.NettyRequestSender - Using open Channel [id: 0x08e6fbe4, L:/127.0.0.1:62130 - R:localhost/127.0.0.1:54473] for GET '/session/62bea515b671232ad8cc310f2437bcce/element/8d88ce63-5e66-4067-ad8e-585c489b727d/name'
20:38:14.153 [AsyncHttpClient-1-7] DEBUG org.asynchttpclient.netty.handler.HttpHandler - 

Request DefaultFullHttpRequest(decodeResult: success, version: HTTP/1.1, content: EmptyByteBufBE)
GET /session/62bea515b671232ad8cc310f2437bcce/element/8d88ce63-5e66-4067-ad8e-585c489b727d/name HTTP/1.1
User-Agent: selenium/4.1.2 (java windows)
Cache-Control: no-cache
Content-Type: application/json; charset=utf-8
host: localhost:54473
accept: */*

Response DefaultHttpResponse(decodeResult: success, version: HTTP/1.1)
HTTP/1.1 200 OK
Content-Type: application/json; charset=utf-8
cache-control: no-cache
content-length: 18

20:38:14.153 [AsyncHttpClient-1-7] DEBUG org.asynchttpclient.netty.channel.ChannelManager - Adding key: http://localhost:54473 for channel [id: 0x08e6fbe4, L:/127.0.0.1:62130 - R:localhost/127.0.0.1:54473]
20:38:14.159 [Forwarding isElementEnabled on session 62bea515b671232ad8cc310f2437bcce to remote] DEBUG org.asynchttpclient.netty.request.NettyRequestSender - Using pooled Channel '[id: 0x08e6fbe4, L:/127.0.0.1:62130 - R:localhost/127.0.0.1:54473]' for 'GET' to 'http://localhost:54473/session/62bea515b671232ad8cc310f2437bcce/element/8d88ce63-5e66-4067-ad8e-585c489b727d/enabled'
20:38:14.159 [Forwarding isElementEnabled on session 62bea515b671232ad8cc310f2437bcce to remote] DEBUG org.asynchttpclient.netty.request.NettyRequestSender - Using open Channel [id: 0x08e6fbe4, L:/127.0.0.1:62130 - R:localhost/127.0.0.1:54473] for GET '/session/62bea515b671232ad8cc310f2437bcce/element/8d88ce63-5e66-4067-ad8e-585c489b727d/enabled'
20:38:14.175 [AsyncHttpClient-1-7] DEBUG org.asynchttpclient.netty.handler.HttpHandler - 

Request DefaultFullHttpRequest(decodeResult: success, version: HTTP/1.1, content: EmptyByteBufBE)
GET /session/62bea515b671232ad8cc310f2437bcce/element/8d88ce63-5e66-4067-ad8e-585c489b727d/enabled HTTP/1.1
User-Agent: selenium/4.1.2 (java windows)
Cache-Control: no-cache
Content-Type: application/json; charset=utf-8
host: localhost:54473
accept: */*

Response DefaultHttpResponse(decodeResult: success, version: HTTP/1.1)
HTTP/1.1 200 OK
Content-Type: application/json; charset=utf-8
cache-control: no-cache
content-length: 14

20:38:14.175 [AsyncHttpClient-1-7] DEBUG org.asynchttpclient.netty.channel.ChannelManager - Adding key: http://localhost:54473 for channel [id: 0x08e6fbe4, L:/127.0.0.1:62130 - R:localhost/127.0.0.1:54473]
20:38:14.175 [Forwarding isElementEnabled on session 62bea515b671232ad8cc310f2437bcce to remote] DEBUG org.asynchttpclient.netty.request.NettyRequestSender - Using pooled Channel '[id: 0x08e6fbe4, L:/127.0.0.1:62130 - R:localhost/127.0.0.1:54473]' for 'GET' to 'http://localhost:54473/session/62bea515b671232ad8cc310f2437bcce/element/8d88ce63-5e66-4067-ad8e-585c489b727d/enabled'
20:38:14.175 [Forwarding isElementEnabled on session 62bea515b671232ad8cc310f2437bcce to remote] DEBUG org.asynchttpclient.netty.request.NettyRequestSender - Using open Channel [id: 0x08e6fbe4, L:/127.0.0.1:62130 - R:localhost/127.0.0.1:54473] for GET '/session/62bea515b671232ad8cc310f2437bcce/element/8d88ce63-5e66-4067-ad8e-585c489b727d/enabled'
20:38:14.191 [AsyncHttpClient-1-7] DEBUG org.asynchttpclient.netty.handler.HttpHandler - 

Request DefaultFullHttpRequest(decodeResult: success, version: HTTP/1.1, content: EmptyByteBufBE)
GET /session/62bea515b671232ad8cc310f2437bcce/element/8d88ce63-5e66-4067-ad8e-585c489b727d/enabled HTTP/1.1
User-Agent: selenium/4.1.2 (java windows)
Cache-Control: no-cache
Content-Type: application/json; charset=utf-8
host: localhost:54473
accept: */*

Response DefaultHttpResponse(decodeResult: success, version: HTTP/1.1)
HTTP/1.1 200 OK
Content-Type: application/json; charset=utf-8
cache-control: no-cache
content-length: 14

20:38:14.191 [AsyncHttpClient-1-7] DEBUG org.asynchttpclient.netty.channel.ChannelManager - Adding key: http://localhost:54473 for channel [id: 0x08e6fbe4, L:/127.0.0.1:62130 - R:localhost/127.0.0.1:54473]
20:38:14.191 [Forwarding findElement on session 62bea515b671232ad8cc310f2437bcce to remote] DEBUG org.asynchttpclient.netty.request.NettyRequestSender - Using pooled Channel '[id: 0x08e6fbe4, L:/127.0.0.1:62130 - R:localhost/127.0.0.1:54473]' for 'POST' to 'http://localhost:54473/session/62bea515b671232ad8cc310f2437bcce/element'
20:38:14.191 [Forwarding findElement on session 62bea515b671232ad8cc310f2437bcce to remote] DEBUG org.asynchttpclient.netty.request.NettyRequestSender - Using open Channel [id: 0x08e6fbe4, L:/127.0.0.1:62130 - R:localhost/127.0.0.1:54473] for POST '/session/62bea515b671232ad8cc310f2437bcce/element'
20:38:14.201 [AsyncHttpClient-1-7] DEBUG org.asynchttpclient.netty.handler.HttpHandler - 

Request DefaultHttpRequest(decodeResult: success, version: HTTP/1.1)
POST /session/62bea515b671232ad8cc310f2437bcce/element HTTP/1.1
User-Agent: selenium/4.1.2 (java windows)
Content-Length: 68
Content-Type: application/json; charset=utf-8
host: localhost:54473
accept: */*

Response DefaultHttpResponse(decodeResult: success, version: HTTP/1.1)
HTTP/1.1 200 OK
Content-Type: application/json; charset=utf-8
cache-control: no-cache
content-length: 88

20:38:14.201 [AsyncHttpClient-1-7] DEBUG org.asynchttpclient.netty.channel.ChannelManager - Adding key: http://localhost:54473 for channel [id: 0x08e6fbe4, L:/127.0.0.1:62130 - R:localhost/127.0.0.1:54473]
20:38:14.201 [Forwarding clickElement on session 62bea515b671232ad8cc310f2437bcce to remote] DEBUG org.asynchttpclient.netty.request.NettyRequestSender - Using pooled Channel '[id: 0x08e6fbe4, L:/127.0.0.1:62130 - R:localhost/127.0.0.1:54473]' for 'POST' to 'http://localhost:54473/session/62bea515b671232ad8cc310f2437bcce/element/8d88ce63-5e66-4067-ad8e-585c489b727d/click'
20:38:14.201 [Forwarding clickElement on session 62bea515b671232ad8cc310f2437bcce to remote] DEBUG org.asynchttpclient.netty.request.NettyRequestSender - Using open Channel [id: 0x08e6fbe4, L:/127.0.0.1:62130 - R:localhost/127.0.0.1:54473] for POST '/session/62bea515b671232ad8cc310f2437bcce/element/8d88ce63-5e66-4067-ad8e-585c489b727d/click'
20:38:14.350 [AsyncHttpClient-1-7] DEBUG org.asynchttpclient.netty.handler.HttpHandler - 

Request DefaultHttpRequest(decodeResult: success, version: HTTP/1.1)
POST /session/62bea515b671232ad8cc310f2437bcce/element/8d88ce63-5e66-4067-ad8e-585c489b727d/click HTTP/1.1
User-Agent: selenium/4.1.2 (java windows)
Content-Length: 50
Content-Type: application/json; charset=utf-8
host: localhost:54473
accept: */*

Response DefaultHttpResponse(decodeResult: success, version: HTTP/1.1)
HTTP/1.1 200 OK
Content-Type: application/json; charset=utf-8
cache-control: no-cache
content-length: 14

20:38:14.351 [AsyncHttpClient-1-7] DEBUG org.asynchttpclient.netty.channel.ChannelManager - Adding key: http://localhost:54473 for channel [id: 0x08e6fbe4, L:/127.0.0.1:62130 - R:localhost/127.0.0.1:54473]
20:38:14.372 [Forwarding screenshot on session 62bea515b671232ad8cc310f2437bcce to remote] DEBUG org.asynchttpclient.netty.request.NettyRequestSender - Using pooled Channel '[id: 0x08e6fbe4, L:/127.0.0.1:62130 - R:localhost/127.0.0.1:54473]' for 'GET' to 'http://localhost:54473/session/62bea515b671232ad8cc310f2437bcce/screenshot'
20:38:14.372 [Forwarding screenshot on session 62bea515b671232ad8cc310f2437bcce to remote] DEBUG org.asynchttpclient.netty.request.NettyRequestSender - Using open Channel [id: 0x08e6fbe4, L:/127.0.0.1:62130 - R:localhost/127.0.0.1:54473] for GET '/session/62bea515b671232ad8cc310f2437bcce/screenshot'
20:38:14.894 [AsyncHttpClient-1-7] DEBUG org.asynchttpclient.netty.handler.HttpHandler - 

Request DefaultFullHttpRequest(decodeResult: success, version: HTTP/1.1, content: EmptyByteBufBE)
GET /session/62bea515b671232ad8cc310f2437bcce/screenshot HTTP/1.1
User-Agent: selenium/4.1.2 (java windows)
Cache-Control: no-cache
Content-Type: application/json; charset=utf-8
host: localhost:54473
accept: */*

Response DefaultHttpResponse(decodeResult: success, version: HTTP/1.1)
HTTP/1.1 500 Internal Server Error
Content-Type: application/json; charset=utf-8
cache-control: no-cache
content-length: 854

20:38:14.894 [AsyncHttpClient-1-7] DEBUG org.asynchttpclient.netty.channel.ChannelManager - Adding key: http://localhost:54473 for channel [id: 0x08e6fbe4, L:/127.0.0.1:62130 - R:localhost/127.0.0.1:54473]
20:38:14.894 [main] WARN net.thucydides.core.webdriver.WebDriverFacade - Failed to take screenshot (unexpected alert open: <unknown>
  (Session info: chrome=102.0.5005.115): 
Build info: version: '4.1.2', revision: '9a5a329c5a'
System info: host: 'MOOK-HON', ip: '192.168.100.6', os.name: 'Windows 10', os.arch: 'amd64', os.version: '10.0', java.version: '11.0.14'
Driver info: org.openqa.selenium.chrome.ChromeDriver
Command: [62bea515b671232ad8cc310f2437bcce, screenshot {}]
Capabilities {acceptInsecureCerts: false, browserName: chrome, browserVersion: 102.0.5005.115, chrome: {chromedriverVersion: 102.0.5005.61 (0e59bcc00cc4..., userDataDir: C:\Users\ASUS\AppData\Local...}, goog:chromeOptions: {debuggerAddress: localhost:62132}, javascriptEnabled: true, networkConnectionEnabled: false, pageLoadStrategy: normal, platform: WINDOWS, platformName: WINDOWS, proxy: Proxy(), se:cdp: ws://localhost:62132/devtoo..., se:cdpVersion: 102.0.5005.115, setWindowRect: true, strictFileInteractability: false, timeouts: {implicit: 0, pageLoad: 300000, script: 30000}, unhandledPromptBehavior: dismiss and notify, webauthn:extension:credBlob: true, webauthn:extension:largeBlob: true, webauthn:virtualAuthenticators: true}
Session ID: 62bea515b671232ad8cc310f2437bcce)
20:38:14.894 [main] DEBUG net.thucydides.core.steps.StepInterceptor - STEP DONE: clickButtonSave
  &amp#27;[32mAnd &amp#27;[0m&amp#27;[32mClick button simpan&amp#27;[0m                                                          &amp#27;[90m# starter.stepdefinitios.PatientDataSteps.clickButtonSimpan()&amp#27;[0m
20:38:14.925 [Forwarding screenshot on session 62bea515b671232ad8cc310f2437bcce to remote] DEBUG org.asynchttpclient.netty.request.NettyRequestSender - Using pooled Channel '[id: 0x08e6fbe4, L:/127.0.0.1:62130 - R:localhost/127.0.0.1:54473]' for 'GET' to 'http://localhost:54473/session/62bea515b671232ad8cc310f2437bcce/screenshot'
20:38:14.925 [Forwarding screenshot on session 62bea515b671232ad8cc310f2437bcce to remote] DEBUG org.asynchttpclient.netty.request.NettyRequestSender - Using open Channel [id: 0x08e6fbe4, L:/127.0.0.1:62130 - R:localhost/127.0.0.1:54473] for GET '/session/62bea515b671232ad8cc310f2437bcce/screenshot'
20:38:14.934 [AsyncHttpClient-1-7] DEBUG org.asynchttpclient.netty.handler.HttpHandler - 

Request DefaultFullHttpRequest(decodeResult: success, version: HTTP/1.1, content: EmptyByteBufBE)
GET /session/62bea515b671232ad8cc310f2437bcce/screenshot HTTP/1.1
User-Agent: selenium/4.1.2 (java windows)
Cache-Control: no-cache
Content-Type: application/json; charset=utf-8
host: localhost:54473
accept: */*

Response DefaultHttpResponse(decodeResult: success, version: HTTP/1.1)
HTTP/1.1 500 Internal Server Error
Content-Type: application/json; charset=utf-8
cache-control: no-cache
content-length: 889

20:38:14.934 [AsyncHttpClient-1-7] DEBUG org.asynchttpclient.netty.channel.ChannelManager - Adding key: http://localhost:54473 for channel [id: 0x08e6fbe4, L:/127.0.0.1:62130 - R:localhost/127.0.0.1:54473]
20:38:14.934 [main] WARN net.thucydides.core.webdriver.WebDriverFacade - Failed to take screenshot (unexpected alert open: {Alert text : data telah diubah}
  (Session info: chrome=102.0.5005.115): data telah diubah
Build info: version: '4.1.2', revision: '9a5a329c5a'
System info: host: 'MOOK-HON', ip: '192.168.100.6', os.name: 'Windows 10', os.arch: 'amd64', os.version: '10.0', java.version: '11.0.14'
Driver info: org.openqa.selenium.chrome.ChromeDriver
Command: [62bea515b671232ad8cc310f2437bcce, screenshot {}]
Capabilities {acceptInsecureCerts: false, browserName: chrome, browserVersion: 102.0.5005.115, chrome: {chromedriverVersion: 102.0.5005.61 (0e59bcc00cc4..., userDataDir: C:\Users\ASUS\AppData\Local...}, goog:chromeOptions: {debuggerAddress: localhost:62132}, javascriptEnabled: true, networkConnectionEnabled: false, pageLoadStrategy: normal, platform: WINDOWS, platformName: WINDOWS, proxy: Proxy(), se:cdp: ws://localhost:62132/devtoo..., se:cdpVersion: 102.0.5005.115, setWindowRect: true, strictFileInteractability: false, timeouts: {implicit: 0, pageLoad: 300000, script: 30000}, unhandledPromptBehavior: dismiss and notify, webauthn:extension:credBlob: true, webauthn:extension:largeBlob: true, webauthn:virtualAuthenticators: true}
Session ID: 62bea515b671232ad8cc310f2437bcce)
20:38:14.964 [Forwarding screenshot on session 62bea515b671232ad8cc310f2437bcce to remote] DEBUG org.asynchttpclient.netty.request.NettyRequestSender - Using pooled Channel '[id: 0x08e6fbe4, L:/127.0.0.1:62130 - R:localhost/127.0.0.1:54473]' for 'GET' to 'http://localhost:54473/session/62bea515b671232ad8cc310f2437bcce/screenshot'
20:38:14.964 [Forwarding screenshot on session 62bea515b671232ad8cc310f2437bcce to remote] DEBUG org.asynchttpclient.netty.request.NettyRequestSender - Using open Channel [id: 0x08e6fbe4, L:/127.0.0.1:62130 - R:localhost/127.0.0.1:54473] for GET '/session/62bea515b671232ad8cc310f2437bcce/screenshot'
20:38:14.999 [AsyncHttpClient-1-1] DEBUG org.asynchttpclient.netty.channel.DefaultChannelPool - Entry count for : http://localhost:62132 : 1
20:38:15.603 [AsyncHttpClient-1-7] DEBUG org.asynchttpclient.netty.handler.HttpHandler - 

Request DefaultFullHttpRequest(decodeResult: success, version: HTTP/1.1, content: EmptyByteBufBE)
GET /session/62bea515b671232ad8cc310f2437bcce/screenshot HTTP/1.1
User-Agent: selenium/4.1.2 (java windows)
Cache-Control: no-cache
Content-Type: application/json; charset=utf-8
host: localhost:54473
accept: */*

Response DefaultHttpResponse(decodeResult: success, version: HTTP/1.1)
HTTP/1.1 200 OK
Content-Type: application/json; charset=utf-8
cache-control: no-cache
content-length: 357136

20:38:15.605 [AsyncHttpClient-1-7] DEBUG org.asynchttpclient.netty.channel.ChannelManager - Adding key: http://localhost:54473 for channel [id: 0x08e6fbe4, L:/127.0.0.1:62130 - R:localhost/127.0.0.1:54473]
20:38:15.617 [main] DEBUG net.serenitybdd.core.photography.Darkroom - Send negative for processing for target\site\serenity\e6abdb897139f5ac623629605db9e17b8fce111dfde3610c62360929aff5f809.png
20:38:15.617 [Darkroom Processing Line] DEBUG net.serenitybdd.core.photography.DarkroomProcessingLine - Processing screenshot image in /var/screenshots/screenshot-17585476192524543476
20:38:15.617 [Darkroom Processing Line] DEBUG net.serenitybdd.core.photography.DarkroomProcessingLine - Saving screenshot to target\site\serenity\e6abdb897139f5ac623629605db9e17b8fce111dfde3610c62360929aff5f809.png
20:38:16.093 [AsyncHttpClient-1-1] DEBUG org.asynchttpclient.netty.channel.DefaultChannelPool - Entry count for : http://localhost:62132 : 1
20:38:16.093 [AsyncHttpClient-1-1] DEBUG org.asynchttpclient.netty.channel.DefaultChannelPool - Entry count for : http://localhost:54473 : 1
20:38:16.130 [Forwarding screenshot on session 62bea515b671232ad8cc310f2437bcce to remote] DEBUG org.asynchttpclient.netty.request.NettyRequestSender - Using pooled Channel '[id: 0x08e6fbe4, L:/127.0.0.1:62130 - R:localhost/127.0.0.1:54473]' for 'GET' to 'http://localhost:54473/session/62bea515b671232ad8cc310f2437bcce/screenshot'
20:38:16.130 [Forwarding screenshot on session 62bea515b671232ad8cc310f2437bcce to remote] DEBUG org.asynchttpclient.netty.request.NettyRequestSender - Using open Channel [id: 0x08e6fbe4, L:/127.0.0.1:62130 - R:localhost/127.0.0.1:54473] for GET '/session/62bea515b671232ad8cc310f2437bcce/screenshot'
20:38:16.482 [AsyncHttpClient-1-7] DEBUG org.asynchttpclient.netty.handler.HttpHandler - 

Request DefaultFullHttpRequest(decodeResult: success, version: HTTP/1.1, content: EmptyByteBufBE)
GET /session/62bea515b671232ad8cc310f2437bcce/screenshot HTTP/1.1
User-Agent: selenium/4.1.2 (java windows)
Cache-Control: no-cache
Content-Type: application/json; charset=utf-8
host: localhost:54473
accept: */*

Response DefaultHttpResponse(decodeResult: success, version: HTTP/1.1)
HTTP/1.1 200 OK
Content-Type: application/json; charset=utf-8
cache-control: no-cache
content-length: 357136

20:38:16.482 [AsyncHttpClient-1-7] DEBUG org.asynchttpclient.netty.channel.ChannelManager - Adding key: http://localhost:54473 for channel [id: 0x08e6fbe4, L:/127.0.0.1:62130 - R:localhost/127.0.0.1:54473]
20:38:16.515 [main] DEBUG net.serenitybdd.core.photography.Darkroom - Send negative for processing for target\site\serenity\e6abdb897139f5ac623629605db9e17b8fce111dfde3610c62360929aff5f809.png
20:38:16.515 [main] DEBUG net.thucydides.core.steps.StepInterceptor - STARTING STEP: PatientDataSteps.validEditData - clickButtonBack
20:38:16.524 [Forwarding findElement on session 62bea515b671232ad8cc310f2437bcce to remote] DEBUG org.asynchttpclient.netty.request.NettyRequestSender - Using pooled Channel '[id: 0x08e6fbe4, L:/127.0.0.1:62130 - R:localhost/127.0.0.1:54473]' for 'POST' to 'http://localhost:54473/session/62bea515b671232ad8cc310f2437bcce/element'
20:38:16.524 [Forwarding findElement on session 62bea515b671232ad8cc310f2437bcce to remote] DEBUG org.asynchttpclient.netty.request.NettyRequestSender - Using open Channel [id: 0x08e6fbe4, L:/127.0.0.1:62130 - R:localhost/127.0.0.1:54473] for POST '/session/62bea515b671232ad8cc310f2437bcce/element'
20:38:16.541 [AsyncHttpClient-1-7] DEBUG org.asynchttpclient.netty.handler.HttpHandler - 

Request DefaultHttpRequest(decodeResult: success, version: HTTP/1.1)
POST /session/62bea515b671232ad8cc310f2437bcce/element HTTP/1.1
User-Agent: selenium/4.1.2 (java windows)
Content-Length: 137
Content-Type: application/json; charset=utf-8
host: localhost:54473
accept: */*

Response DefaultHttpResponse(decodeResult: success, version: HTTP/1.1)
HTTP/1.1 200 OK
Content-Type: application/json; charset=utf-8
cache-control: no-cache
content-length: 88

20:38:16.541 [AsyncHttpClient-1-7] DEBUG org.asynchttpclient.netty.channel.ChannelManager - Adding key: http://localhost:54473 for channel [id: 0x08e6fbe4, L:/127.0.0.1:62130 - R:localhost/127.0.0.1:54473]
20:38:16.541 [Forwarding getElementTagName on session 62bea515b671232ad8cc310f2437bcce to remote] DEBUG org.asynchttpclient.netty.request.NettyRequestSender - Using pooled Channel '[id: 0x08e6fbe4, L:/127.0.0.1:62130 - R:localhost/127.0.0.1:54473]' for 'GET' to 'http://localhost:54473/session/62bea515b671232ad8cc310f2437bcce/element/82113582-86db-42a6-808f-eec7f8d0c3c7/name'
20:38:16.541 [Forwarding getElementTagName on session 62bea515b671232ad8cc310f2437bcce to remote] DEBUG org.asynchttpclient.netty.request.NettyRequestSender - Using open Channel [id: 0x08e6fbe4, L:/127.0.0.1:62130 - R:localhost/127.0.0.1:54473] for GET '/session/62bea515b671232ad8cc310f2437bcce/element/82113582-86db-42a6-808f-eec7f8d0c3c7/name'
20:38:16.564 [AsyncHttpClient-1-7] DEBUG org.asynchttpclient.netty.handler.HttpHandler - 

Request DefaultFullHttpRequest(decodeResult: success, version: HTTP/1.1, content: EmptyByteBufBE)
GET /session/62bea515b671232ad8cc310f2437bcce/element/82113582-86db-42a6-808f-eec7f8d0c3c7/name HTTP/1.1
User-Agent: selenium/4.1.2 (java windows)
Cache-Control: no-cache
Content-Type: application/json; charset=utf-8
host: localhost:54473
accept: */*

Response DefaultHttpResponse(decodeResult: success, version: HTTP/1.1)
HTTP/1.1 200 OK
Content-Type: application/json; charset=utf-8
cache-control: no-cache
content-length: 18

20:38:16.564 [AsyncHttpClient-1-7] DEBUG org.asynchttpclient.netty.channel.ChannelManager - Adding key: http://localhost:54473 for channel [id: 0x08e6fbe4, L:/127.0.0.1:62130 - R:localhost/127.0.0.1:54473]
20:38:16.564 [Forwarding getElementTagName on session 62bea515b671232ad8cc310f2437bcce to remote] DEBUG org.asynchttpclient.netty.request.NettyRequestSender - Using pooled Channel '[id: 0x08e6fbe4, L:/127.0.0.1:62130 - R:localhost/127.0.0.1:54473]' for 'GET' to 'http://localhost:54473/session/62bea515b671232ad8cc310f2437bcce/element/82113582-86db-42a6-808f-eec7f8d0c3c7/name'
20:38:16.567 [Forwarding getElementTagName on session 62bea515b671232ad8cc310f2437bcce to remote] DEBUG org.asynchttpclient.netty.request.NettyRequestSender - Using open Channel [id: 0x08e6fbe4, L:/127.0.0.1:62130 - R:localhost/127.0.0.1:54473] for GET '/session/62bea515b671232ad8cc310f2437bcce/element/82113582-86db-42a6-808f-eec7f8d0c3c7/name'
20:38:16.576 [AsyncHttpClient-1-7] DEBUG org.asynchttpclient.netty.handler.HttpHandler - 

Request DefaultFullHttpRequest(decodeResult: success, version: HTTP/1.1, content: EmptyByteBufBE)
GET /session/62bea515b671232ad8cc310f2437bcce/element/82113582-86db-42a6-808f-eec7f8d0c3c7/name HTTP/1.1
User-Agent: selenium/4.1.2 (java windows)
Cache-Control: no-cache
Content-Type: application/json; charset=utf-8
host: localhost:54473
accept: */*

Response DefaultHttpResponse(decodeResult: success, version: HTTP/1.1)
HTTP/1.1 200 OK
Content-Type: application/json; charset=utf-8
cache-control: no-cache
content-length: 18

20:38:16.576 [AsyncHttpClient-1-7] DEBUG org.asynchttpclient.netty.channel.ChannelManager - Adding key: http://localhost:54473 for channel [id: 0x08e6fbe4, L:/127.0.0.1:62130 - R:localhost/127.0.0.1:54473]
20:38:16.578 [Forwarding isElementEnabled on session 62bea515b671232ad8cc310f2437bcce to remote] DEBUG org.asynchttpclient.netty.request.NettyRequestSender - Using pooled Channel '[id: 0x08e6fbe4, L:/127.0.0.1:62130 - R:localhost/127.0.0.1:54473]' for 'GET' to 'http://localhost:54473/session/62bea515b671232ad8cc310f2437bcce/element/82113582-86db-42a6-808f-eec7f8d0c3c7/enabled'
20:38:16.578 [Forwarding isElementEnabled on session 62bea515b671232ad8cc310f2437bcce to remote] DEBUG org.asynchttpclient.netty.request.NettyRequestSender - Using open Channel [id: 0x08e6fbe4, L:/127.0.0.1:62130 - R:localhost/127.0.0.1:54473] for GET '/session/62bea515b671232ad8cc310f2437bcce/element/82113582-86db-42a6-808f-eec7f8d0c3c7/enabled'
20:38:16.605 [AsyncHttpClient-1-7] DEBUG org.asynchttpclient.netty.handler.HttpHandler - 

Request DefaultFullHttpRequest(decodeResult: success, version: HTTP/1.1, content: EmptyByteBufBE)
GET /session/62bea515b671232ad8cc310f2437bcce/element/82113582-86db-42a6-808f-eec7f8d0c3c7/enabled HTTP/1.1
User-Agent: selenium/4.1.2 (java windows)
Cache-Control: no-cache
Content-Type: application/json; charset=utf-8
host: localhost:54473
accept: */*

Response DefaultHttpResponse(decodeResult: success, version: HTTP/1.1)
HTTP/1.1 200 OK
Content-Type: application/json; charset=utf-8
cache-control: no-cache
content-length: 14

20:38:16.605 [AsyncHttpClient-1-7] DEBUG org.asynchttpclient.netty.channel.ChannelManager - Adding key: http://localhost:54473 for channel [id: 0x08e6fbe4, L:/127.0.0.1:62130 - R:localhost/127.0.0.1:54473]
20:38:16.605 [Forwarding isElementEnabled on session 62bea515b671232ad8cc310f2437bcce to remote] DEBUG org.asynchttpclient.netty.request.NettyRequestSender - Using pooled Channel '[id: 0x08e6fbe4, L:/127.0.0.1:62130 - R:localhost/127.0.0.1:54473]' for 'GET' to 'http://localhost:54473/session/62bea515b671232ad8cc310f2437bcce/element/82113582-86db-42a6-808f-eec7f8d0c3c7/enabled'
20:38:16.605 [Forwarding isElementEnabled on session 62bea515b671232ad8cc310f2437bcce to remote] DEBUG org.asynchttpclient.netty.request.NettyRequestSender - Using open Channel [id: 0x08e6fbe4, L:/127.0.0.1:62130 - R:localhost/127.0.0.1:54473] for GET '/session/62bea515b671232ad8cc310f2437bcce/element/82113582-86db-42a6-808f-eec7f8d0c3c7/enabled'
20:38:16.621 [AsyncHttpClient-1-7] DEBUG org.asynchttpclient.netty.handler.HttpHandler - 

Request DefaultFullHttpRequest(decodeResult: success, version: HTTP/1.1, content: EmptyByteBufBE)
GET /session/62bea515b671232ad8cc310f2437bcce/element/82113582-86db-42a6-808f-eec7f8d0c3c7/enabled HTTP/1.1
User-Agent: selenium/4.1.2 (java windows)
Cache-Control: no-cache
Content-Type: application/json; charset=utf-8
host: localhost:54473
accept: */*

Response DefaultHttpResponse(decodeResult: success, version: HTTP/1.1)
HTTP/1.1 200 OK
Content-Type: application/json; charset=utf-8
cache-control: no-cache
content-length: 14

20:38:16.621 [AsyncHttpClient-1-7] DEBUG org.asynchttpclient.netty.channel.ChannelManager - Adding key: http://localhost:54473 for channel [id: 0x08e6fbe4, L:/127.0.0.1:62130 - R:localhost/127.0.0.1:54473]
20:38:16.627 [Forwarding findElement on session 62bea515b671232ad8cc310f2437bcce to remote] DEBUG org.asynchttpclient.netty.request.NettyRequestSender - Using pooled Channel '[id: 0x08e6fbe4, L:/127.0.0.1:62130 - R:localhost/127.0.0.1:54473]' for 'POST' to 'http://localhost:54473/session/62bea515b671232ad8cc310f2437bcce/element'
20:38:16.627 [Forwarding findElement on session 62bea515b671232ad8cc310f2437bcce to remote] DEBUG org.asynchttpclient.netty.request.NettyRequestSender - Using open Channel [id: 0x08e6fbe4, L:/127.0.0.1:62130 - R:localhost/127.0.0.1:54473] for POST '/session/62bea515b671232ad8cc310f2437bcce/element'
20:38:16.635 [AsyncHttpClient-1-7] DEBUG org.asynchttpclient.netty.handler.HttpHandler - 

Request DefaultHttpRequest(decodeResult: success, version: HTTP/1.1)
POST /session/62bea515b671232ad8cc310f2437bcce/element HTTP/1.1
User-Agent: selenium/4.1.2 (java windows)
Content-Length: 137
Content-Type: application/json; charset=utf-8
host: localhost:54473
accept: */*

Response DefaultHttpResponse(decodeResult: success, version: HTTP/1.1)
HTTP/1.1 200 OK
Content-Type: application/json; charset=utf-8
cache-control: no-cache
content-length: 88

20:38:16.635 [AsyncHttpClient-1-7] DEBUG org.asynchttpclient.netty.channel.ChannelManager - Adding key: http://localhost:54473 for channel [id: 0x08e6fbe4, L:/127.0.0.1:62130 - R:localhost/127.0.0.1:54473]
20:38:16.635 [Forwarding clickElement on session 62bea515b671232ad8cc310f2437bcce to remote] DEBUG org.asynchttpclient.netty.request.NettyRequestSender - Using pooled Channel '[id: 0x08e6fbe4, L:/127.0.0.1:62130 - R:localhost/127.0.0.1:54473]' for 'POST' to 'http://localhost:54473/session/62bea515b671232ad8cc310f2437bcce/element/82113582-86db-42a6-808f-eec7f8d0c3c7/click'
20:38:16.635 [Forwarding clickElement on session 62bea515b671232ad8cc310f2437bcce to remote] DEBUG org.asynchttpclient.netty.request.NettyRequestSender - Using open Channel [id: 0x08e6fbe4, L:/127.0.0.1:62130 - R:localhost/127.0.0.1:54473] for POST '/session/62bea515b671232ad8cc310f2437bcce/element/82113582-86db-42a6-808f-eec7f8d0c3c7/click'
20:38:16.955 [AsyncHttpClient-1-7] DEBUG org.asynchttpclient.netty.handler.HttpHandler - 

Request DefaultHttpRequest(decodeResult: success, version: HTTP/1.1)
POST /session/62bea515b671232ad8cc310f2437bcce/element/82113582-86db-42a6-808f-eec7f8d0c3c7/click HTTP/1.1
User-Agent: selenium/4.1.2 (java windows)
Content-Length: 50
Content-Type: application/json; charset=utf-8
host: localhost:54473
accept: */*

Response DefaultHttpResponse(decodeResult: success, version: HTTP/1.1)
HTTP/1.1 200 OK
Content-Type: application/json; charset=utf-8
cache-control: no-cache
content-length: 14

20:38:16.956 [AsyncHttpClient-1-7] DEBUG org.asynchttpclient.netty.channel.ChannelManager - Adding key: http://localhost:54473 for channel [id: 0x08e6fbe4, L:/127.0.0.1:62130 - R:localhost/127.0.0.1:54473]
20:38:16.989 [Forwarding screenshot on session 62bea515b671232ad8cc310f2437bcce to remote] DEBUG org.asynchttpclient.netty.request.NettyRequestSender - Using pooled Channel '[id: 0x08e6fbe4, L:/127.0.0.1:62130 - R:localhost/127.0.0.1:54473]' for 'GET' to 'http://localhost:54473/session/62bea515b671232ad8cc310f2437bcce/screenshot'
20:38:16.989 [Forwarding screenshot on session 62bea515b671232ad8cc310f2437bcce to remote] DEBUG org.asynchttpclient.netty.request.NettyRequestSender - Using open Channel [id: 0x08e6fbe4, L:/127.0.0.1:62130 - R:localhost/127.0.0.1:54473] for GET '/session/62bea515b671232ad8cc310f2437bcce/screenshot'
20:38:17.191 [AsyncHttpClient-1-1] DEBUG org.asynchttpclient.netty.channel.DefaultChannelPool - Entry count for : http://localhost:62132 : 1
20:38:17.485 [AsyncHttpClient-1-7] DEBUG org.asynchttpclient.netty.handler.HttpHandler - 

Request DefaultFullHttpRequest(decodeResult: success, version: HTTP/1.1, content: EmptyByteBufBE)
GET /session/62bea515b671232ad8cc310f2437bcce/screenshot HTTP/1.1
User-Agent: selenium/4.1.2 (java windows)
Cache-Control: no-cache
Content-Type: application/json; charset=utf-8
host: localhost:54473
accept: */*

Response DefaultHttpResponse(decodeResult: success, version: HTTP/1.1)
HTTP/1.1 200 OK
Content-Type: application/json; charset=utf-8
cache-control: no-cache
content-length: 348944

20:38:17.487 [AsyncHttpClient-1-7] DEBUG org.asynchttpclient.netty.channel.ChannelManager - Adding key: http://localhost:54473 for channel [id: 0x08e6fbe4, L:/127.0.0.1:62130 - R:localhost/127.0.0.1:54473]
20:38:17.541 [main] DEBUG net.serenitybdd.core.photography.Darkroom - Send negative for processing for target\site\serenity\4ff575ab2187b4486fdac9770be9b6799673f9d23637fa28f6fa3857a4fa19af.png
20:38:17.542 [main] DEBUG net.thucydides.core.steps.StepInterceptor - STEP DONE: clickButtonBack
20:38:17.543 [Darkroom Processing Line] DEBUG net.serenitybdd.core.photography.DarkroomProcessingLine - Processing screenshot image in /var/screenshots/screenshot-10758028727003905390
20:38:17.543 [Darkroom Processing Line] DEBUG net.serenitybdd.core.photography.DarkroomProcessingLine - Saving screenshot to target\site\serenity\4ff575ab2187b4486fdac9770be9b6799673f9d23637fa28f6fa3857a4fa19af.png
20:38:17.550 [main] DEBUG net.thucydides.core.steps.StepInterceptor - STARTING STEP: PatientDataSteps.validEditData - checkValidDataPasien
20:38:17.550 [Forwarding findElement on session 62bea515b671232ad8cc310f2437bcce to remote] DEBUG org.asynchttpclient.netty.request.NettyRequestSender - Using pooled Channel '[id: 0x08e6fbe4, L:/127.0.0.1:62130 - R:localhost/127.0.0.1:54473]' for 'POST' to 'http://localhost:54473/session/62bea515b671232ad8cc310f2437bcce/element'
20:38:17.550 [Forwarding findElement on session 62bea515b671232ad8cc310f2437bcce to remote] DEBUG org.asynchttpclient.netty.request.NettyRequestSender - Using open Channel [id: 0x08e6fbe4, L:/127.0.0.1:62130 - R:localhost/127.0.0.1:54473] for POST '/session/62bea515b671232ad8cc310f2437bcce/element'
20:38:17.582 [AsyncHttpClient-1-7] DEBUG org.asynchttpclient.netty.handler.HttpHandler - 

Request DefaultHttpRequest(decodeResult: success, version: HTTP/1.1)
POST /session/62bea515b671232ad8cc310f2437bcce/element HTTP/1.1
User-Agent: selenium/4.1.2 (java windows)
Content-Length: 95
Content-Type: application/json; charset=utf-8
host: localhost:54473
accept: */*

Response DefaultHttpResponse(decodeResult: success, version: HTTP/1.1)
HTTP/1.1 200 OK
Content-Type: application/json; charset=utf-8
cache-control: no-cache
content-length: 88

20:38:17.582 [AsyncHttpClient-1-7] DEBUG org.asynchttpclient.netty.channel.ChannelManager - Adding key: http://localhost:54473 for channel [id: 0x08e6fbe4, L:/127.0.0.1:62130 - R:localhost/127.0.0.1:54473]
20:38:17.597 [Forwarding isElementEnabled on session 62bea515b671232ad8cc310f2437bcce to remote] DEBUG org.asynchttpclient.netty.request.NettyRequestSender - Using pooled Channel '[id: 0x08e6fbe4, L:/127.0.0.1:62130 - R:localhost/127.0.0.1:54473]' for 'GET' to 'http://localhost:54473/session/62bea515b671232ad8cc310f2437bcce/element/9384b17a-3ffe-456d-a250-1e8b1e7ba7a7/enabled'
20:38:17.597 [Forwarding isElementEnabled on session 62bea515b671232ad8cc310f2437bcce to remote] DEBUG org.asynchttpclient.netty.request.NettyRequestSender - Using open Channel [id: 0x08e6fbe4, L:/127.0.0.1:62130 - R:localhost/127.0.0.1:54473] for GET '/session/62bea515b671232ad8cc310f2437bcce/element/9384b17a-3ffe-456d-a250-1e8b1e7ba7a7/enabled'
20:38:17.612 [AsyncHttpClient-1-7] DEBUG org.asynchttpclient.netty.handler.HttpHandler - 

Request DefaultFullHttpRequest(decodeResult: success, version: HTTP/1.1, content: EmptyByteBufBE)
GET /session/62bea515b671232ad8cc310f2437bcce/element/9384b17a-3ffe-456d-a250-1e8b1e7ba7a7/enabled HTTP/1.1
User-Agent: selenium/4.1.2 (java windows)
Cache-Control: no-cache
Content-Type: application/json; charset=utf-8
host: localhost:54473
accept: */*

Response DefaultHttpResponse(decodeResult: success, version: HTTP/1.1)
HTTP/1.1 200 OK
Content-Type: application/json; charset=utf-8
cache-control: no-cache
content-length: 14

20:38:17.612 [AsyncHttpClient-1-7] DEBUG org.asynchttpclient.netty.channel.ChannelManager - Adding key: http://localhost:54473 for channel [id: 0x08e6fbe4, L:/127.0.0.1:62130 - R:localhost/127.0.0.1:54473]
20:38:17.628 [Forwarding screenshot on session 62bea515b671232ad8cc310f2437bcce to remote] DEBUG org.asynchttpclient.netty.request.NettyRequestSender - Using pooled Channel '[id: 0x08e6fbe4, L:/127.0.0.1:62130 - R:localhost/127.0.0.1:54473]' for 'GET' to 'http://localhost:54473/session/62bea515b671232ad8cc310f2437bcce/screenshot'
20:38:17.628 [Forwarding screenshot on session 62bea515b671232ad8cc310f2437bcce to remote] DEBUG org.asynchttpclient.netty.request.NettyRequestSender - Using open Channel [id: 0x08e6fbe4, L:/127.0.0.1:62130 - R:localhost/127.0.0.1:54473] for GET '/session/62bea515b671232ad8cc310f2437bcce/screenshot'
20:38:17.984 [AsyncHttpClient-1-7] DEBUG org.asynchttpclient.netty.handler.HttpHandler - 

Request DefaultFullHttpRequest(decodeResult: success, version: HTTP/1.1, content: EmptyByteBufBE)
GET /session/62bea515b671232ad8cc310f2437bcce/screenshot HTTP/1.1
User-Agent: selenium/4.1.2 (java windows)
Cache-Control: no-cache
Content-Type: application/json; charset=utf-8
host: localhost:54473
accept: */*

Response DefaultHttpResponse(decodeResult: success, version: HTTP/1.1)
HTTP/1.1 200 OK
Content-Type: application/json; charset=utf-8
cache-control: no-cache
content-length: 355676

20:38:17.984 [AsyncHttpClient-1-7] DEBUG org.asynchttpclient.netty.channel.ChannelManager - Adding key: http://localhost:54473 for channel [id: 0x08e6fbe4, L:/127.0.0.1:62130 - R:localhost/127.0.0.1:54473]
20:38:18.015 [main] DEBUG net.serenitybdd.core.photography.Darkroom - Send negative for processing for target\site\serenity\b3ad1204be625d38135506876df6419307f7bfbb84408268d1b29b6f9de68deb.png
20:38:18.015 [main] DEBUG net.thucydides.core.steps.StepInterceptor - STEP DONE: checkValidDataPasien
  &amp#27;[32mAnd &amp#27;[0m&amp#27;[32mValid edit data&amp#27;[0m                                                              &amp#27;[90m# starter.stepdefinitios.PatientDataSteps.validEditData()&amp#27;[0m
20:38:18.015 [Darkroom Processing Line] DEBUG net.serenitybdd.core.photography.DarkroomProcessingLine - Processing screenshot image in /var/screenshots/screenshot-14194595529723769211
20:38:18.015 [Darkroom Processing Line] DEBUG net.serenitybdd.core.photography.DarkroomProcessingLine - Saving screenshot to target\site\serenity\b3ad1204be625d38135506876df6419307f7bfbb84408268d1b29b6f9de68deb.png
20:38:18.059 [AsyncHttpClient-1-9] DEBUG org.asynchttpclient.netty.handler.WebSocketHandler - Channel Closed: [id: 0x200ff9f0, L:/127.0.0.1:62142 ! R:localhost/127.0.0.1:62132] with attribute NettyResponseFuture{currentRetry=5,
	isDone=1,
	isCancelled=0,
	asyncHandler=org.asynchttpclient.ws.WebSocketUpgradeHandler@7417616,
	nettyRequest=org.asynchttpclient.netty.request.NettyRequest@45be1b29,
	future=java.util.concurrent.CompletableFuture@4e5fec11[Completed normally],
	uri=ws://localhost:62132/devtools/browser/7e9ad919-bb1c-46c7-a82b-397b7d1952fc,
	keepAlive=true,
	redirectCount=0,
	timeoutsHolder=null,
	inAuth=0,
	touch=1655991481492}
20:38:18.059 [AsyncHttpClient-1-9] DEBUG org.asynchttpclient.netty.channel.ChannelManager - Closing Channel [id: 0x200ff9f0, L:/127.0.0.1:62142 ! R:localhost/127.0.0.1:62132] 
20:38:18.059 [Driver Command Executor] DEBUG org.asynchttpclient.netty.request.NettyRequestSender - Using pooled Channel '[id: 0x08e6fbe4, L:/127.0.0.1:62130 - R:localhost/127.0.0.1:54473]' for 'DELETE' to 'http://localhost:54473/session/62bea515b671232ad8cc310f2437bcce'
20:38:18.059 [Driver Command Executor] DEBUG org.asynchttpclient.netty.request.NettyRequestSender - Using open Channel [id: 0x08e6fbe4, L:/127.0.0.1:62130 - R:localhost/127.0.0.1:54473] for DELETE '/session/62bea515b671232ad8cc310f2437bcce'
20:38:18.297 [AsyncHttpClient-1-1] DEBUG org.asynchttpclient.netty.channel.DefaultChannelPool - Entry count for : http://localhost:62132 : 1
20:38:18.693 [AsyncHttpClient-1-8] DEBUG org.asynchttpclient.netty.handler.HttpHandler - Unexpected I/O exception on channel [id: 0x239b089e, L:/127.0.0.1:62141 - R:localhost/127.0.0.1:62132]
java.io.IOException: An existing connection was forcibly closed by the remote host
	at java.base/sun.nio.ch.SocketDispatcher.read0(Native Method)
	at java.base/sun.nio.ch.SocketDispatcher.read(SocketDispatcher.java:43)
	at java.base/sun.nio.ch.IOUtil.readIntoNativeBuffer(IOUtil.java:276)
	at java.base/sun.nio.ch.IOUtil.read(IOUtil.java:233)
	at java.base/sun.nio.ch.IOUtil.read(IOUtil.java:223)
	at java.base/sun.nio.ch.SocketChannelImpl.read(SocketChannelImpl.java:358)
	at io.netty.buffer.PooledByteBuf.setBytes(PooledByteBuf.java:258)
	at io.netty.buffer.AbstractByteBuf.writeBytes(AbstractByteBuf.java:1132)
	at io.netty.channel.socket.nio.NioSocketChannel.doReadBytes(NioSocketChannel.java:350)
	at io.netty.channel.nio.AbstractNioByteChannel$NioByteUnsafe.read(AbstractNioByteChannel.java:151)
	at io.netty.channel.nio.NioEventLoop.processSelectedKey(NioEventLoop.java:722)
	at io.netty.channel.nio.NioEventLoop.processSelectedKeysOptimized(NioEventLoop.java:658)
	at io.netty.channel.nio.NioEventLoop.processSelectedKeys(NioEventLoop.java:584)
	at io.netty.channel.nio.NioEventLoop.run(NioEventLoop.java:496)
	at io.netty.util.concurrent.SingleThreadEventExecutor$4.run(SingleThreadEventExecutor.java:986)
	at io.netty.util.internal.ThreadExecutorMap$2.run(ThreadExecutorMap.java:74)
	at io.netty.util.concurrent.FastThreadLocalRunnable.run(FastThreadLocalRunnable.java:30)
	at java.base/java.lang.Thread.run(Thread.java:834)
20:38:18.693 [AsyncHttpClient-1-8] DEBUG org.asynchttpclient.netty.channel.ChannelManager - Closing Channel [id: 0x239b089e, L:/127.0.0.1:62141 - R:localhost/127.0.0.1:62132] 
20:38:18.693 [AsyncHttpClient-1-8] DEBUG org.asynchttpclient.netty.handler.HttpHandler - Channel Closed: [id: 0x239b089e, L:/127.0.0.1:62141 ! R:localhost/127.0.0.1:62132] with attribute DISCARD
20:38:18.755 [AsyncHttpClient-1-7] DEBUG org.asynchttpclient.netty.handler.HttpHandler - 

Request DefaultFullHttpRequest(decodeResult: success, version: HTTP/1.1, content: EmptyByteBufBE)
DELETE /session/62bea515b671232ad8cc310f2437bcce HTTP/1.1
User-Agent: selenium/4.1.2 (java windows)
Content-Type: application/json; charset=utf-8
host: localhost:54473
accept: */*

Response DefaultHttpResponse(decodeResult: success, version: HTTP/1.1)
HTTP/1.1 200 OK
Content-Type: application/json; charset=utf-8
cache-control: no-cache
content-length: 14

20:38:18.755 [AsyncHttpClient-1-7] DEBUG org.asynchttpclient.netty.channel.ChannelManager - Adding key: http://localhost:54473 for channel [id: 0x08e6fbe4, L:/127.0.0.1:62130 - R:localhost/127.0.0.1:54473]
20:38:19.406 [AsyncHttpClient-1-1] DEBUG org.asynchttpclient.netty.channel.DefaultChannelPool - Entry count for : http://localhost:62132 : 1
20:38:19.406 [AsyncHttpClient-1-1] DEBUG org.asynchttpclient.netty.channel.DefaultChannelPool - Entry count for : http://localhost:54473 : 1
20:38:19.406 [AsyncHttpClient-1-1] DEBUG org.asynchttpclient.netty.channel.DefaultChannelPool - Adding Candidate expired Channel [id: 0x239b089e, L:/127.0.0.1:62141 ! R:localhost/127.0.0.1:62132] isIdleTimeoutExpired=false isRemotelyClosed=true isTtlExpired=false
20:38:19.406 [AsyncHttpClient-1-1] DEBUG org.asynchttpclient.netty.channel.DefaultChannelPool - Closing Idle Channel [id: 0x239b089e, L:/127.0.0.1:62141 ! R:localhost/127.0.0.1:62132]
20:38:19.406 [AsyncHttpClient-1-1] DEBUG org.asynchttpclient.netty.channel.DefaultChannelPool - Closed 1 connections out of 2 in 0 ms
20:38:19.765 [AsyncHttpClient-1-7] DEBUG org.asynchttpclient.netty.handler.HttpHandler - Unexpected I/O exception on channel [id: 0x08e6fbe4, L:/127.0.0.1:62130 - R:localhost/127.0.0.1:54473]
java.io.IOException: An existing connection was forcibly closed by the remote host
	at java.base/sun.nio.ch.SocketDispatcher.read0(Native Method)
	at java.base/sun.nio.ch.SocketDispatcher.read(SocketDispatcher.java:43)
	at java.base/sun.nio.ch.IOUtil.readIntoNativeBuffer(IOUtil.java:276)
	at java.base/sun.nio.ch.IOUtil.read(IOUtil.java:233)
	at java.base/sun.nio.ch.IOUtil.read(IOUtil.java:223)
	at java.base/sun.nio.ch.SocketChannelImpl.read(SocketChannelImpl.java:358)
	at io.netty.buffer.PooledByteBuf.setBytes(PooledByteBuf.java:258)
	at io.netty.buffer.AbstractByteBuf.writeBytes(AbstractByteBuf.java:1132)
	at io.netty.channel.socket.nio.NioSocketChannel.doReadBytes(NioSocketChannel.java:350)
	at io.netty.channel.nio.AbstractNioByteChannel$NioByteUnsafe.read(AbstractNioByteChannel.java:151)
	at io.netty.channel.nio.NioEventLoop.processSelectedKey(NioEventLoop.java:722)
	at io.netty.channel.nio.NioEventLoop.processSelectedKeysOptimized(NioEventLoop.java:658)
	at io.netty.channel.nio.NioEventLoop.processSelectedKeys(NioEventLoop.java:584)
	at io.netty.channel.nio.NioEventLoop.run(NioEventLoop.java:496)
	at io.netty.util.concurrent.SingleThreadEventExecutor$4.run(SingleThreadEventExecutor.java:986)
	at io.netty.util.internal.ThreadExecutorMap$2.run(ThreadExecutorMap.java:74)
	at io.netty.util.concurrent.FastThreadLocalRunnable.run(FastThreadLocalRunnable.java:30)
	at java.base/java.lang.Thread.run(Thread.java:834)
20:38:19.765 [AsyncHttpClient-1-7] DEBUG org.asynchttpclient.netty.channel.ChannelManager - Closing Channel [id: 0x08e6fbe4, L:/127.0.0.1:62130 - R:localhost/127.0.0.1:54473] 
20:38:19.765 [AsyncHttpClient-1-7] DEBUG org.asynchttpclient.netty.handler.HttpHandler - Channel Closed: [id: 0x08e6fbe4, L:/127.0.0.1:62130 ! R:localhost/127.0.0.1:54473] with attribute DISCARD
]]></system-out>
    <system-err><![CDATA[Starting ChromeDriver 102.0.5005.61 (0e59bcc00cc4985ce39ad31c150065f159d95ad3-refs/branch-heads/5005@{#819}) on port 54473
Only local connections are allowed.
Please see https://chromedriver.chromium.org/security-considerations for suggestions on keeping ChromeDriver safe.
ChromeDriver was started successfully.
Jun 23, 2022 8:38:01 PM org.openqa.selenium.remote.ProtocolHandshake createSession
INFO: Detected dialect: W3C
Jun 23, 2022 8:38:01 PM org.openqa.selenium.devtools.CdpVersionFinder findNearestMatch
WARNING: Unable to find an exact match for CDP version 102, so returning the closest version found: a no-op implementation
Jun 23, 2022 8:38:01 PM org.openqa.selenium.devtools.CdpVersionFinder findNearestMatch
INFO: Unable to find CDP implementation matching 102.
Jun 23, 2022 8:38:01 PM org.openqa.selenium.chromium.ChromiumDriver lambda$new$3
WARNING: Unable to find version of CDP to use for . You may need to include a dependency on a specific version of the CDP using something similar to `org.seleniumhq.selenium:selenium-devtools-v86:4.1.2` where the version ("v86") matches the version of the chromium-based browser you're using and the version number of the artifact is the same as Selenium's.
[1655991494.897][WARNING]: unexpected alert open: {Alert text : data telah diubah}, cancelling screenshot
]]></system-err>
  </testcase>
  <testcase name="As a admin i want to edit data pasien #1" classname="Edit Data Pasien - Admin" time="22.487">
    <system-out><![CDATA[20:38:19.843 [main] INFO io.cucumber.core.plugin.SerenityReporter - Running feature from file:///D:/Kel-1-capstone/TestingWeb/src/test/resources/features/EditDataPasien.feature
20:38:19.843 [main] DEBUG net.thucydides.core.steps.StepEventBus - Test suite started for story net.thucydides.core.model.Story@80fb723a
20:38:19.843 [main] INFO  - Test Suite Started: Edit Data Pasien - Admin

@EditPatientData
Scenario Outline: As a admin i want to edit data pasien                          &amp#27;[90m# src/test/resources/features/EditDataPasien.feature:15&amp#27;[0m
20:38:19.874 [main] INFO io.cucumber.core.plugin.SerenityReporter - Running feature from file:///D:/Kel-1-capstone/TestingWeb/src/test/resources/features/EditDataPasien.feature
20:38:19.874 [main] INFO  - 
  _____   ___   ___   _____     ___   _____     _     ___   _____   ___   ___  
 |_   _| | __| / __| |_   _|   / __| |_   _|   /_\   | _ \ |_   _| | __| |   \ 
   | |   | _|  \__ \   | |     \__ \   | |    / _ \  |   /   | |   | _|  | |) |
   |_|   |___| |___/   |_|     |___/   |_|   /_/ \_\ |_|_\   |_|   |___| |___/ 

As a admin i want to edit data pasien(edit-data-pasien---admin;as-a-admin-i-want-to-edit-data-pasien)
--------------------------------------------------------------------------------
20:38:19.968 [main] DEBUG net.thucydides.core.steps.StepInterceptor - STARTING STEP: PatientDataSteps.openPageDataPasien - openDataPasien
20:38:19.968 [main] INFO net.serenitybdd.core.webdriver.driverproviders.ChromeDriverProvider - Using automatically driver download
20:38:20.332 [main] DEBUG io.github.bonigarcia.wdm.cache.ResolutionCache - Resolution chrome=102 in cache (valid until 21:04:30 23/06/2022 ICT)
20:38:20.363 [main] DEBUG io.github.bonigarcia.wdm.cache.ResolutionCache - Resolution chrome102=102.0.5005.61 in cache (valid until 20:04:30 24/06/2022 ICT)
20:38:20.363 [main] INFO io.github.bonigarcia.wdm.WebDriverManager - Using chromedriver 102.0.5005.61 (resolved driver for Chrome 102)
20:38:20.457 [main] DEBUG io.github.bonigarcia.wdm.WebDriverManager - Driver chromedriver 102.0.5005.61 found in cache
20:38:20.457 [main] INFO io.github.bonigarcia.wdm.WebDriverManager - Exporting webdriver.chrome.driver as C:\Users\ASUS\.cache\selenium\chromedriver\win32\102.0.5005.61\chromedriver.exe
20:38:20.491 [AsyncHttpClient-1-1] DEBUG org.asynchttpclient.netty.channel.DefaultChannelPool - Entry count for : http://localhost:54473 : 1
20:38:20.491 [AsyncHttpClient-1-1] DEBUG org.asynchttpclient.netty.channel.DefaultChannelPool - Adding Candidate expired Channel [id: 0x08e6fbe4, L:/127.0.0.1:62130 ! R:localhost/127.0.0.1:54473] isIdleTimeoutExpired=false isRemotelyClosed=true isTtlExpired=false
20:38:20.491 [AsyncHttpClient-1-1] DEBUG org.asynchttpclient.netty.channel.DefaultChannelPool - Closing Idle Channel [id: 0x08e6fbe4, L:/127.0.0.1:62130 ! R:localhost/127.0.0.1:54473]
20:38:20.491 [AsyncHttpClient-1-1] DEBUG org.asynchttpclient.netty.channel.DefaultChannelPool - Closed 1 connections out of 1 in 0 ms
20:38:20.761 [main] DEBUG net.serenitybdd.core.webdriver.driverproviders.ProvideNewDriver - Instantiating driver
20:38:20.761 [main] DEBUG net.serenitybdd.core.webdriver.driverproviders.ProvideNewDriver - Driver capabilities: Capabilities {acceptInsecureCerts: false, base.url: https://fanciful-trifle-360..., browserName: chrome, chorme.driver: src/test/resources/webdrive..., driver: chrome, goog:chromeOptions: {args: [], extensions: []}}
20:38:21.358 [AsyncHttpClient-1-2] DEBUG org.asynchttpclient.netty.channel.NettyConnectListener - Using new Channel '[id: 0xb05361c7, L:/127.0.0.1:62182 - R:localhost/127.0.0.1:60486]' for 'POST' to '/session'
20:38:23.303 [AsyncHttpClient-1-2] DEBUG org.asynchttpclient.netty.handler.HttpHandler - 

Request DefaultHttpRequest(decodeResult: success, version: HTTP/1.1)
POST /session HTTP/1.1
User-Agent: selenium/4.1.2 (java windows)
Content-Length: 629
Content-Type: application/json; charset=utf-8
host: localhost:60486
accept: */*

Response DefaultHttpResponse(decodeResult: success, version: HTTP/1.1)
HTTP/1.1 200 OK
Content-Type: application/json; charset=utf-8
cache-control: no-cache
content-length: 789

20:38:23.303 [AsyncHttpClient-1-2] DEBUG org.asynchttpclient.netty.channel.ChannelManager - Adding key: http://localhost:60486 for channel [id: 0xb05361c7, L:/127.0.0.1:62182 - R:localhost/127.0.0.1:60486]
20:38:23.318 [AsyncHttpClient-1-3] DEBUG org.asynchttpclient.netty.channel.NettyConnectListener - Using new Channel '[id: 0x29eefa84, L:/127.0.0.1:62194 - R:localhost/127.0.0.1:62185]' for 'GET' to '/json/version'
20:38:23.323 [AsyncHttpClient-1-3] DEBUG org.asynchttpclient.netty.handler.HttpHandler - 

Request DefaultFullHttpRequest(decodeResult: success, version: HTTP/1.1, content: EmptyByteBufBE)
GET /json/version HTTP/1.1
User-Agent: selenium/4.1.2 (java windows)
host: localhost:62185
accept: */*

Response DefaultHttpResponse(decodeResult: success, version: HTTP/1.1)
HTTP/1.1 200 OK
Content-Type: application/json; charset=UTF-8
content-length: 428

20:38:23.323 [AsyncHttpClient-1-3] DEBUG org.asynchttpclient.netty.channel.ChannelManager - Adding key: http://localhost:62185 for channel [id: 0x29eefa84, L:/127.0.0.1:62194 - R:localhost/127.0.0.1:62185]
20:38:23.328 [AsyncHttpClient-1-4] DEBUG org.asynchttpclient.netty.channel.NettyConnectListener - Using new Channel '[id: 0x6fe072a9, L:/127.0.0.1:62195 - R:localhost/127.0.0.1:62185]' for 'GET' to '/devtools/browser/9d73d9bd-da9f-4336-a490-18edafe8433e'
20:38:23.328 [AsyncHttpClient-1-4] DEBUG org.asynchttpclient.netty.handler.WebSocketHandler - 

Request DefaultFullHttpRequest(decodeResult: success, version: HTTP/1.1, content: EmptyByteBufBE)
GET /devtools/browser/9d73d9bd-da9f-4336-a490-18edafe8433e HTTP/1.1
upgrade: websocket
connection: upgrade
sec-websocket-key: DBv6SCSKQYbeCnMh8OGfAg==
sec-websocket-version: 13
origin: http://localhost:62185
host: localhost:62185
accept: */*
user-agent: AHC/2.1

Response DefaultHttpResponse(decodeResult: success, version: HTTP/1.1)
HTTP/1.1 101 WebSocket Protocol Handshake
Upgrade: WebSocket
Connection: Upgrade
Sec-WebSocket-Accept: hG5zCD1stVNrWNqqNO81rhpLo3E=

20:38:23.335 [Forwarding get on session ed9b79706457998d24b0c825d96f2185 to remote] DEBUG org.asynchttpclient.netty.request.NettyRequestSender - Using pooled Channel '[id: 0xb05361c7, L:/127.0.0.1:62182 - R:localhost/127.0.0.1:60486]' for 'POST' to 'http://localhost:60486/session/ed9b79706457998d24b0c825d96f2185/url'
20:38:23.335 [Forwarding get on session ed9b79706457998d24b0c825d96f2185 to remote] DEBUG org.asynchttpclient.netty.request.NettyRequestSender - Using open Channel [id: 0xb05361c7, L:/127.0.0.1:62182 - R:localhost/127.0.0.1:60486] for POST '/session/ed9b79706457998d24b0c825d96f2185/url'
20:38:23.801 [AsyncHttpClient-1-1] DEBUG org.asynchttpclient.netty.channel.DefaultChannelPool - Entry count for : http://localhost:62185 : 1
20:38:24.722 [AsyncHttpClient-1-2] DEBUG org.asynchttpclient.netty.handler.HttpHandler - 

Request DefaultHttpRequest(decodeResult: success, version: HTTP/1.1)
POST /session/ed9b79706457998d24b0c825d96f2185/url HTTP/1.1
User-Agent: selenium/4.1.2 (java windows)
Content-Length: 84
Content-Type: application/json; charset=utf-8
host: localhost:60486
accept: */*

Response DefaultHttpResponse(decodeResult: success, version: HTTP/1.1)
HTTP/1.1 200 OK
Content-Type: application/json; charset=utf-8
cache-control: no-cache
content-length: 14

20:38:24.722 [AsyncHttpClient-1-2] DEBUG org.asynchttpclient.netty.channel.ChannelManager - Adding key: http://localhost:60486 for channel [id: 0xb05361c7, L:/127.0.0.1:62182 - R:localhost/127.0.0.1:60486]
20:38:24.728 [Forwarding setTimeout on session ed9b79706457998d24b0c825d96f2185 to remote] DEBUG org.asynchttpclient.netty.request.NettyRequestSender - Using pooled Channel '[id: 0xb05361c7, L:/127.0.0.1:62182 - R:localhost/127.0.0.1:60486]' for 'POST' to 'http://localhost:60486/session/ed9b79706457998d24b0c825d96f2185/timeouts'
20:38:24.728 [Forwarding setTimeout on session ed9b79706457998d24b0c825d96f2185 to remote] DEBUG org.asynchttpclient.netty.request.NettyRequestSender - Using open Channel [id: 0xb05361c7, L:/127.0.0.1:62182 - R:localhost/127.0.0.1:60486] for POST '/session/ed9b79706457998d24b0c825d96f2185/timeouts'
20:38:24.732 [AsyncHttpClient-1-2] DEBUG org.asynchttpclient.netty.handler.HttpHandler - 

Request DefaultHttpRequest(decodeResult: success, version: HTTP/1.1)
POST /session/ed9b79706457998d24b0c825d96f2185/timeouts HTTP/1.1
User-Agent: selenium/4.1.2 (java windows)
Content-Length: 22
Content-Type: application/json; charset=utf-8
host: localhost:60486
accept: */*

Response DefaultHttpResponse(decodeResult: success, version: HTTP/1.1)
HTTP/1.1 200 OK
Content-Type: application/json; charset=utf-8
cache-control: no-cache
content-length: 14

20:38:24.732 [AsyncHttpClient-1-2] DEBUG org.asynchttpclient.netty.channel.ChannelManager - Adding key: http://localhost:60486 for channel [id: 0xb05361c7, L:/127.0.0.1:62182 - R:localhost/127.0.0.1:60486]
20:38:24.742 [Forwarding getCurrentUrl on session ed9b79706457998d24b0c825d96f2185 to remote] DEBUG org.asynchttpclient.netty.request.NettyRequestSender - Using pooled Channel '[id: 0xb05361c7, L:/127.0.0.1:62182 - R:localhost/127.0.0.1:60486]' for 'GET' to 'http://localhost:60486/session/ed9b79706457998d24b0c825d96f2185/url'
20:38:24.742 [Forwarding getCurrentUrl on session ed9b79706457998d24b0c825d96f2185 to remote] DEBUG org.asynchttpclient.netty.request.NettyRequestSender - Using open Channel [id: 0xb05361c7, L:/127.0.0.1:62182 - R:localhost/127.0.0.1:60486] for GET '/session/ed9b79706457998d24b0c825d96f2185/url'
20:38:24.802 [AsyncHttpClient-1-2] DEBUG org.asynchttpclient.netty.handler.HttpHandler - 

Request DefaultFullHttpRequest(decodeResult: success, version: HTTP/1.1, content: EmptyByteBufBE)
GET /session/ed9b79706457998d24b0c825d96f2185/url HTTP/1.1
User-Agent: selenium/4.1.2 (java windows)
Cache-Control: no-cache
Content-Type: application/json; charset=utf-8
host: localhost:60486
accept: */*

Response DefaultHttpResponse(decodeResult: success, version: HTTP/1.1)
HTTP/1.1 200 OK
Content-Type: application/json; charset=utf-8
cache-control: no-cache
content-length: 66

20:38:24.802 [AsyncHttpClient-1-2] DEBUG org.asynchttpclient.netty.channel.ChannelManager - Adding key: http://localhost:60486 for channel [id: 0xb05361c7, L:/127.0.0.1:62182 - R:localhost/127.0.0.1:60486]
20:38:24.812 [main] DEBUG net.serenitybdd.core.photography.Darkroom - Opening darkroom
20:38:24.817 [Forwarding screenshot on session ed9b79706457998d24b0c825d96f2185 to remote] DEBUG org.asynchttpclient.netty.request.NettyRequestSender - Using pooled Channel '[id: 0xb05361c7, L:/127.0.0.1:62182 - R:localhost/127.0.0.1:60486]' for 'GET' to 'http://localhost:60486/session/ed9b79706457998d24b0c825d96f2185/screenshot'
20:38:24.817 [Forwarding screenshot on session ed9b79706457998d24b0c825d96f2185 to remote] DEBUG org.asynchttpclient.netty.request.NettyRequestSender - Using open Channel [id: 0xb05361c7, L:/127.0.0.1:62182 - R:localhost/127.0.0.1:60486] for GET '/session/ed9b79706457998d24b0c825d96f2185/screenshot'
20:38:24.820 [Darkroom Processing Line] DEBUG net.serenitybdd.core.photography.DarkroomProcessingLine - Darkroom processing line starting up
20:38:24.913 [AsyncHttpClient-1-1] DEBUG org.asynchttpclient.netty.channel.DefaultChannelPool - Entry count for : http://localhost:62185 : 1
20:38:25.762 [AsyncHttpClient-1-2] DEBUG org.asynchttpclient.netty.handler.HttpHandler - 

Request DefaultFullHttpRequest(decodeResult: success, version: HTTP/1.1, content: EmptyByteBufBE)
GET /session/ed9b79706457998d24b0c825d96f2185/screenshot HTTP/1.1
User-Agent: selenium/4.1.2 (java windows)
Cache-Control: no-cache
Content-Type: application/json; charset=utf-8
host: localhost:60486
accept: */*

Response DefaultHttpResponse(decodeResult: success, version: HTTP/1.1)
HTTP/1.1 200 OK
Content-Type: application/json; charset=utf-8
cache-control: no-cache
content-length: 86016

20:38:25.762 [AsyncHttpClient-1-2] DEBUG org.asynchttpclient.netty.channel.ChannelManager - Adding key: http://localhost:60486 for channel [id: 0xb05361c7, L:/127.0.0.1:62182 - R:localhost/127.0.0.1:60486]
20:38:25.767 [main] DEBUG net.serenitybdd.core.photography.Darkroom - Send negative for processing for target\site\serenity\63a8b96f8d8a2353d1098282bddf8724ea51ae4189c07bb318bc22275bd0f5fa.png
20:38:25.767 [main] DEBUG net.thucydides.core.steps.StepInterceptor - STEP DONE: openDataPasien
  &amp#27;[32mGiven &amp#27;[0m&amp#27;[32mOpen page data pasien&amp#27;[0m                                                    &amp#27;[90m# starter.stepdefinitios.PatientDataSteps.openPageDataPasien()&amp#27;[0m
20:38:25.812 [main] DEBUG net.thucydides.core.steps.StepInterceptor - STARTING STEP: PatientDataSteps.clickDetailPatientData - clickButtonDetail
20:38:25.818 [Forwarding findElement on session ed9b79706457998d24b0c825d96f2185 to remote] DEBUG org.asynchttpclient.netty.request.NettyRequestSender - Using pooled Channel '[id: 0xb05361c7, L:/127.0.0.1:62182 - R:localhost/127.0.0.1:60486]' for 'POST' to 'http://localhost:60486/session/ed9b79706457998d24b0c825d96f2185/element'
20:38:25.818 [Forwarding findElement on session ed9b79706457998d24b0c825d96f2185 to remote] DEBUG org.asynchttpclient.netty.request.NettyRequestSender - Using open Channel [id: 0xb05361c7, L:/127.0.0.1:62182 - R:localhost/127.0.0.1:60486] for POST '/session/ed9b79706457998d24b0c825d96f2185/element'
20:38:25.848 [AsyncHttpClient-1-2] DEBUG org.asynchttpclient.netty.handler.HttpHandler - 

Request DefaultHttpRequest(decodeResult: success, version: HTTP/1.1)
POST /session/ed9b79706457998d24b0c825d96f2185/element HTTP/1.1
User-Agent: selenium/4.1.2 (java windows)
Content-Length: 92
Content-Type: application/json; charset=utf-8
host: localhost:60486
accept: */*

Response DefaultHttpResponse(decodeResult: success, version: HTTP/1.1)
HTTP/1.1 200 OK
Content-Type: application/json; charset=utf-8
cache-control: no-cache
content-length: 88

20:38:25.848 [AsyncHttpClient-1-2] DEBUG org.asynchttpclient.netty.channel.ChannelManager - Adding key: http://localhost:60486 for channel [id: 0xb05361c7, L:/127.0.0.1:62182 - R:localhost/127.0.0.1:60486]
20:38:25.848 [Forwarding getElementTagName on session ed9b79706457998d24b0c825d96f2185 to remote] DEBUG org.asynchttpclient.netty.request.NettyRequestSender - Using pooled Channel '[id: 0xb05361c7, L:/127.0.0.1:62182 - R:localhost/127.0.0.1:60486]' for 'GET' to 'http://localhost:60486/session/ed9b79706457998d24b0c825d96f2185/element/97ace865-a790-4178-8750-f63d248a3b63/name'
20:38:25.848 [Forwarding getElementTagName on session ed9b79706457998d24b0c825d96f2185 to remote] DEBUG org.asynchttpclient.netty.request.NettyRequestSender - Using open Channel [id: 0xb05361c7, L:/127.0.0.1:62182 - R:localhost/127.0.0.1:60486] for GET '/session/ed9b79706457998d24b0c825d96f2185/element/97ace865-a790-4178-8750-f63d248a3b63/name'
20:38:25.859 [AsyncHttpClient-1-2] DEBUG org.asynchttpclient.netty.handler.HttpHandler - 

Request DefaultFullHttpRequest(decodeResult: success, version: HTTP/1.1, content: EmptyByteBufBE)
GET /session/ed9b79706457998d24b0c825d96f2185/element/97ace865-a790-4178-8750-f63d248a3b63/name HTTP/1.1
User-Agent: selenium/4.1.2 (java windows)
Cache-Control: no-cache
Content-Type: application/json; charset=utf-8
host: localhost:60486
accept: */*

Response DefaultHttpResponse(decodeResult: success, version: HTTP/1.1)
HTTP/1.1 200 OK
Content-Type: application/json; charset=utf-8
cache-control: no-cache
content-length: 15

20:38:25.859 [AsyncHttpClient-1-2] DEBUG org.asynchttpclient.netty.channel.ChannelManager - Adding key: http://localhost:60486 for channel [id: 0xb05361c7, L:/127.0.0.1:62182 - R:localhost/127.0.0.1:60486]
20:38:25.862 [Forwarding getElementTagName on session ed9b79706457998d24b0c825d96f2185 to remote] DEBUG org.asynchttpclient.netty.request.NettyRequestSender - Using pooled Channel '[id: 0xb05361c7, L:/127.0.0.1:62182 - R:localhost/127.0.0.1:60486]' for 'GET' to 'http://localhost:60486/session/ed9b79706457998d24b0c825d96f2185/element/97ace865-a790-4178-8750-f63d248a3b63/name'
20:38:25.862 [Forwarding getElementTagName on session ed9b79706457998d24b0c825d96f2185 to remote] DEBUG org.asynchttpclient.netty.request.NettyRequestSender - Using open Channel [id: 0xb05361c7, L:/127.0.0.1:62182 - R:localhost/127.0.0.1:60486] for GET '/session/ed9b79706457998d24b0c825d96f2185/element/97ace865-a790-4178-8750-f63d248a3b63/name'
20:38:25.872 [AsyncHttpClient-1-2] DEBUG org.asynchttpclient.netty.handler.HttpHandler - 

Request DefaultFullHttpRequest(decodeResult: success, version: HTTP/1.1, content: EmptyByteBufBE)
GET /session/ed9b79706457998d24b0c825d96f2185/element/97ace865-a790-4178-8750-f63d248a3b63/name HTTP/1.1
User-Agent: selenium/4.1.2 (java windows)
Cache-Control: no-cache
Content-Type: application/json; charset=utf-8
host: localhost:60486
accept: */*

Response DefaultHttpResponse(decodeResult: success, version: HTTP/1.1)
HTTP/1.1 200 OK
Content-Type: application/json; charset=utf-8
cache-control: no-cache
content-length: 15

20:38:25.872 [AsyncHttpClient-1-2] DEBUG org.asynchttpclient.netty.channel.ChannelManager - Adding key: http://localhost:60486 for channel [id: 0xb05361c7, L:/127.0.0.1:62182 - R:localhost/127.0.0.1:60486]
20:38:25.872 [Forwarding findElement on session ed9b79706457998d24b0c825d96f2185 to remote] DEBUG org.asynchttpclient.netty.request.NettyRequestSender - Using pooled Channel '[id: 0xb05361c7, L:/127.0.0.1:62182 - R:localhost/127.0.0.1:60486]' for 'POST' to 'http://localhost:60486/session/ed9b79706457998d24b0c825d96f2185/element'
20:38:25.872 [Forwarding findElement on session ed9b79706457998d24b0c825d96f2185 to remote] DEBUG org.asynchttpclient.netty.request.NettyRequestSender - Using open Channel [id: 0xb05361c7, L:/127.0.0.1:62182 - R:localhost/127.0.0.1:60486] for POST '/session/ed9b79706457998d24b0c825d96f2185/element'
20:38:25.892 [AsyncHttpClient-1-2] DEBUG org.asynchttpclient.netty.handler.HttpHandler - 

Request DefaultHttpRequest(decodeResult: success, version: HTTP/1.1)
POST /session/ed9b79706457998d24b0c825d96f2185/element HTTP/1.1
User-Agent: selenium/4.1.2 (java windows)
Content-Length: 92
Content-Type: application/json; charset=utf-8
host: localhost:60486
accept: */*

Response DefaultHttpResponse(decodeResult: success, version: HTTP/1.1)
HTTP/1.1 200 OK
Content-Type: application/json; charset=utf-8
cache-control: no-cache
content-length: 88

20:38:25.892 [AsyncHttpClient-1-2] DEBUG org.asynchttpclient.netty.channel.ChannelManager - Adding key: http://localhost:60486 for channel [id: 0xb05361c7, L:/127.0.0.1:62182 - R:localhost/127.0.0.1:60486]
20:38:25.892 [Forwarding clickElement on session ed9b79706457998d24b0c825d96f2185 to remote] DEBUG org.asynchttpclient.netty.request.NettyRequestSender - Using pooled Channel '[id: 0xb05361c7, L:/127.0.0.1:62182 - R:localhost/127.0.0.1:60486]' for 'POST' to 'http://localhost:60486/session/ed9b79706457998d24b0c825d96f2185/element/97ace865-a790-4178-8750-f63d248a3b63/click'
20:38:25.892 [Forwarding clickElement on session ed9b79706457998d24b0c825d96f2185 to remote] DEBUG org.asynchttpclient.netty.request.NettyRequestSender - Using open Channel [id: 0xb05361c7, L:/127.0.0.1:62182 - R:localhost/127.0.0.1:60486] for POST '/session/ed9b79706457998d24b0c825d96f2185/element/97ace865-a790-4178-8750-f63d248a3b63/click'
20:38:25.993 [AsyncHttpClient-1-1] DEBUG org.asynchttpclient.netty.channel.DefaultChannelPool - Entry count for : http://localhost:62185 : 1
20:38:26.287 [AsyncHttpClient-1-2] DEBUG org.asynchttpclient.netty.handler.HttpHandler - 

Request DefaultHttpRequest(decodeResult: success, version: HTTP/1.1)
POST /session/ed9b79706457998d24b0c825d96f2185/element/97ace865-a790-4178-8750-f63d248a3b63/click HTTP/1.1
User-Agent: selenium/4.1.2 (java windows)
Content-Length: 50
Content-Type: application/json; charset=utf-8
host: localhost:60486
accept: */*

Response DefaultHttpResponse(decodeResult: success, version: HTTP/1.1)
HTTP/1.1 200 OK
Content-Type: application/json; charset=utf-8
cache-control: no-cache
content-length: 14

20:38:26.287 [AsyncHttpClient-1-2] DEBUG org.asynchttpclient.netty.channel.ChannelManager - Adding key: http://localhost:60486 for channel [id: 0xb05361c7, L:/127.0.0.1:62182 - R:localhost/127.0.0.1:60486]
20:38:26.306 [Forwarding screenshot on session ed9b79706457998d24b0c825d96f2185 to remote] DEBUG org.asynchttpclient.netty.request.NettyRequestSender - Using pooled Channel '[id: 0xb05361c7, L:/127.0.0.1:62182 - R:localhost/127.0.0.1:60486]' for 'GET' to 'http://localhost:60486/session/ed9b79706457998d24b0c825d96f2185/screenshot'
20:38:26.306 [Forwarding screenshot on session ed9b79706457998d24b0c825d96f2185 to remote] DEBUG org.asynchttpclient.netty.request.NettyRequestSender - Using open Channel [id: 0xb05361c7, L:/127.0.0.1:62182 - R:localhost/127.0.0.1:60486] for GET '/session/ed9b79706457998d24b0c825d96f2185/screenshot'
20:38:26.889 [AsyncHttpClient-1-2] DEBUG org.asynchttpclient.netty.handler.HttpHandler - 

Request DefaultFullHttpRequest(decodeResult: success, version: HTTP/1.1, content: EmptyByteBufBE)
GET /session/ed9b79706457998d24b0c825d96f2185/screenshot HTTP/1.1
User-Agent: selenium/4.1.2 (java windows)
Cache-Control: no-cache
Content-Type: application/json; charset=utf-8
host: localhost:60486
accept: */*

Response DefaultHttpResponse(decodeResult: success, version: HTTP/1.1)
HTTP/1.1 200 OK
Content-Type: application/json; charset=utf-8
cache-control: no-cache
content-length: 45604

20:38:26.890 [AsyncHttpClient-1-2] DEBUG org.asynchttpclient.netty.channel.ChannelManager - Adding key: http://localhost:60486 for channel [id: 0xb05361c7, L:/127.0.0.1:62182 - R:localhost/127.0.0.1:60486]
20:38:26.894 [main] DEBUG net.serenitybdd.core.photography.Darkroom - Send negative for processing for target\site\serenity\657985b461e4d3316bba6ba5eba488db22375a22c3386b9bebab8025b8359485.png
20:38:26.895 [main] DEBUG net.thucydides.core.steps.StepInterceptor - STEP DONE: clickButtonDetail
  &amp#27;[32mAnd &amp#27;[0m&amp#27;[32mClick Detail Patient data&amp#27;[0m                                                  &amp#27;[90m# starter.stepdefinitios.PatientDataSteps.clickDetailPatientData()&amp#27;[0m
20:38:26.895 [Darkroom Processing Line] DEBUG net.serenitybdd.core.photography.DarkroomProcessingLine - Processing screenshot image in /var/screenshots/screenshot-7697127298328645610
20:38:26.896 [Darkroom Processing Line] DEBUG net.serenitybdd.core.photography.DarkroomProcessingLine - Saving screenshot to target\site\serenity\657985b461e4d3316bba6ba5eba488db22375a22c3386b9bebab8025b8359485.png
20:38:27.090 [AsyncHttpClient-1-1] DEBUG org.asynchttpclient.netty.channel.DefaultChannelPool - Entry count for : http://localhost:60486 : 1
20:38:27.090 [AsyncHttpClient-1-1] DEBUG org.asynchttpclient.netty.channel.DefaultChannelPool - Entry count for : http://localhost:62185 : 1
20:38:27.440 [Forwarding screenshot on session ed9b79706457998d24b0c825d96f2185 to remote] DEBUG org.asynchttpclient.netty.request.NettyRequestSender - Using pooled Channel '[id: 0xb05361c7, L:/127.0.0.1:62182 - R:localhost/127.0.0.1:60486]' for 'GET' to 'http://localhost:60486/session/ed9b79706457998d24b0c825d96f2185/screenshot'
20:38:27.440 [Forwarding screenshot on session ed9b79706457998d24b0c825d96f2185 to remote] DEBUG org.asynchttpclient.netty.request.NettyRequestSender - Using open Channel [id: 0xb05361c7, L:/127.0.0.1:62182 - R:localhost/127.0.0.1:60486] for GET '/session/ed9b79706457998d24b0c825d96f2185/screenshot'
20:38:27.811 [AsyncHttpClient-1-2] DEBUG org.asynchttpclient.netty.handler.HttpHandler - 

Request DefaultFullHttpRequest(decodeResult: success, version: HTTP/1.1, content: EmptyByteBufBE)
GET /session/ed9b79706457998d24b0c825d96f2185/screenshot HTTP/1.1
User-Agent: selenium/4.1.2 (java windows)
Cache-Control: no-cache
Content-Type: application/json; charset=utf-8
host: localhost:60486
accept: */*

Response DefaultHttpResponse(decodeResult: success, version: HTTP/1.1)
HTTP/1.1 200 OK
Content-Type: application/json; charset=utf-8
cache-control: no-cache
content-length: 399360

20:38:27.813 [AsyncHttpClient-1-2] DEBUG org.asynchttpclient.netty.channel.ChannelManager - Adding key: http://localhost:60486 for channel [id: 0xb05361c7, L:/127.0.0.1:62182 - R:localhost/127.0.0.1:60486]
20:38:27.838 [main] DEBUG net.serenitybdd.core.photography.Darkroom - Send negative for processing for target\site\serenity\fd5840d2e9bc7384aa9b78b90167c29486b2a3e1eecad5c212135128c67d9745.png
20:38:27.838 [main] DEBUG net.thucydides.core.steps.StepInterceptor - STARTING STEP: PatientDataSteps.validData - checkValidDataPasien
20:38:27.846 [Forwarding findElement on session ed9b79706457998d24b0c825d96f2185 to remote] DEBUG org.asynchttpclient.netty.request.NettyRequestSender - Using pooled Channel '[id: 0xb05361c7, L:/127.0.0.1:62182 - R:localhost/127.0.0.1:60486]' for 'POST' to 'http://localhost:60486/session/ed9b79706457998d24b0c825d96f2185/element'
20:38:27.846 [Forwarding findElement on session ed9b79706457998d24b0c825d96f2185 to remote] DEBUG org.asynchttpclient.netty.request.NettyRequestSender - Using open Channel [id: 0xb05361c7, L:/127.0.0.1:62182 - R:localhost/127.0.0.1:60486] for POST '/session/ed9b79706457998d24b0c825d96f2185/element'
20:38:27.882 [AsyncHttpClient-1-2] DEBUG org.asynchttpclient.netty.handler.HttpHandler - 

Request DefaultHttpRequest(decodeResult: success, version: HTTP/1.1)
POST /session/ed9b79706457998d24b0c825d96f2185/element HTTP/1.1
User-Agent: selenium/4.1.2 (java windows)
Content-Length: 95
Content-Type: application/json; charset=utf-8
host: localhost:60486
accept: */*

Response DefaultHttpResponse(decodeResult: success, version: HTTP/1.1)
HTTP/1.1 200 OK
Content-Type: application/json; charset=utf-8
cache-control: no-cache
content-length: 88

20:38:27.882 [AsyncHttpClient-1-2] DEBUG org.asynchttpclient.netty.channel.ChannelManager - Adding key: http://localhost:60486 for channel [id: 0xb05361c7, L:/127.0.0.1:62182 - R:localhost/127.0.0.1:60486]
20:38:27.882 [Forwarding isElementEnabled on session ed9b79706457998d24b0c825d96f2185 to remote] DEBUG org.asynchttpclient.netty.request.NettyRequestSender - Using pooled Channel '[id: 0xb05361c7, L:/127.0.0.1:62182 - R:localhost/127.0.0.1:60486]' for 'GET' to 'http://localhost:60486/session/ed9b79706457998d24b0c825d96f2185/element/345ff359-0254-4727-ad4e-7db3512ea976/enabled'
20:38:27.882 [Forwarding isElementEnabled on session ed9b79706457998d24b0c825d96f2185 to remote] DEBUG org.asynchttpclient.netty.request.NettyRequestSender - Using open Channel [id: 0xb05361c7, L:/127.0.0.1:62182 - R:localhost/127.0.0.1:60486] for GET '/session/ed9b79706457998d24b0c825d96f2185/element/345ff359-0254-4727-ad4e-7db3512ea976/enabled'
20:38:27.902 [AsyncHttpClient-1-2] DEBUG org.asynchttpclient.netty.handler.HttpHandler - 

Request DefaultFullHttpRequest(decodeResult: success, version: HTTP/1.1, content: EmptyByteBufBE)
GET /session/ed9b79706457998d24b0c825d96f2185/element/345ff359-0254-4727-ad4e-7db3512ea976/enabled HTTP/1.1
User-Agent: selenium/4.1.2 (java windows)
Cache-Control: no-cache
Content-Type: application/json; charset=utf-8
host: localhost:60486
accept: */*

Response DefaultHttpResponse(decodeResult: success, version: HTTP/1.1)
HTTP/1.1 200 OK
Content-Type: application/json; charset=utf-8
cache-control: no-cache
content-length: 14

20:38:27.907 [AsyncHttpClient-1-2] DEBUG org.asynchttpclient.netty.channel.ChannelManager - Adding key: http://localhost:60486 for channel [id: 0xb05361c7, L:/127.0.0.1:62182 - R:localhost/127.0.0.1:60486]
20:38:27.917 [Forwarding screenshot on session ed9b79706457998d24b0c825d96f2185 to remote] DEBUG org.asynchttpclient.netty.request.NettyRequestSender - Using pooled Channel '[id: 0xb05361c7, L:/127.0.0.1:62182 - R:localhost/127.0.0.1:60486]' for 'GET' to 'http://localhost:60486/session/ed9b79706457998d24b0c825d96f2185/screenshot'
20:38:27.917 [Forwarding screenshot on session ed9b79706457998d24b0c825d96f2185 to remote] DEBUG org.asynchttpclient.netty.request.NettyRequestSender - Using open Channel [id: 0xb05361c7, L:/127.0.0.1:62182 - R:localhost/127.0.0.1:60486] for GET '/session/ed9b79706457998d24b0c825d96f2185/screenshot'
20:38:28.191 [AsyncHttpClient-1-1] DEBUG org.asynchttpclient.netty.channel.DefaultChannelPool - Entry count for : http://localhost:62185 : 1
20:38:28.265 [AsyncHttpClient-1-2] DEBUG org.asynchttpclient.netty.handler.HttpHandler - 

Request DefaultFullHttpRequest(decodeResult: success, version: HTTP/1.1, content: EmptyByteBufBE)
GET /session/ed9b79706457998d24b0c825d96f2185/screenshot HTTP/1.1
User-Agent: selenium/4.1.2 (java windows)
Cache-Control: no-cache
Content-Type: application/json; charset=utf-8
host: localhost:60486
accept: */*

Response DefaultHttpResponse(decodeResult: success, version: HTTP/1.1)
HTTP/1.1 200 OK
Content-Type: application/json; charset=utf-8
cache-control: no-cache
content-length: 399360

20:38:28.273 [AsyncHttpClient-1-2] DEBUG org.asynchttpclient.netty.channel.ChannelManager - Adding key: http://localhost:60486 for channel [id: 0xb05361c7, L:/127.0.0.1:62182 - R:localhost/127.0.0.1:60486]
20:38:28.303 [main] DEBUG net.serenitybdd.core.photography.Darkroom - Send negative for processing for target\site\serenity\fd5840d2e9bc7384aa9b78b90167c29486b2a3e1eecad5c212135128c67d9745.png
20:38:28.305 [main] DEBUG net.thucydides.core.steps.StepInterceptor - STEP DONE: checkValidDataPasien
  &amp#27;[32mWhen &amp#27;[0m&amp#27;[32mValid data detail pasien&amp#27;[0m                                                  &amp#27;[90m# starter.stepdefinitios.PatientDataSteps.validData()&amp#27;[0m
20:38:28.380 [Forwarding screenshot on session ed9b79706457998d24b0c825d96f2185 to remote] DEBUG org.asynchttpclient.netty.request.NettyRequestSender - Using pooled Channel '[id: 0xb05361c7, L:/127.0.0.1:62182 - R:localhost/127.0.0.1:60486]' for 'GET' to 'http://localhost:60486/session/ed9b79706457998d24b0c825d96f2185/screenshot'
20:38:28.380 [Forwarding screenshot on session ed9b79706457998d24b0c825d96f2185 to remote] DEBUG org.asynchttpclient.netty.request.NettyRequestSender - Using open Channel [id: 0xb05361c7, L:/127.0.0.1:62182 - R:localhost/127.0.0.1:60486] for GET '/session/ed9b79706457998d24b0c825d96f2185/screenshot'
20:38:28.812 [AsyncHttpClient-1-2] DEBUG org.asynchttpclient.netty.handler.HttpHandler - 

Request DefaultFullHttpRequest(decodeResult: success, version: HTTP/1.1, content: EmptyByteBufBE)
GET /session/ed9b79706457998d24b0c825d96f2185/screenshot HTTP/1.1
User-Agent: selenium/4.1.2 (java windows)
Cache-Control: no-cache
Content-Type: application/json; charset=utf-8
host: localhost:60486
accept: */*

Response DefaultHttpResponse(decodeResult: success, version: HTTP/1.1)
HTTP/1.1 200 OK
Content-Type: application/json; charset=utf-8
cache-control: no-cache
content-length: 399360

20:38:28.812 [AsyncHttpClient-1-2] DEBUG org.asynchttpclient.netty.channel.ChannelManager - Adding key: http://localhost:60486 for channel [id: 0xb05361c7, L:/127.0.0.1:62182 - R:localhost/127.0.0.1:60486]
20:38:28.842 [main] DEBUG net.serenitybdd.core.photography.Darkroom - Send negative for processing for target\site\serenity\fd5840d2e9bc7384aa9b78b90167c29486b2a3e1eecad5c212135128c67d9745.png
20:38:28.857 [main] DEBUG net.thucydides.core.steps.StepInterceptor - STARTING STEP: PatientDataSteps.clickButtonEditProfil - clickButtonEditDataPasien
20:38:28.867 [Forwarding findElement on session ed9b79706457998d24b0c825d96f2185 to remote] DEBUG org.asynchttpclient.netty.request.NettyRequestSender - Using pooled Channel '[id: 0xb05361c7, L:/127.0.0.1:62182 - R:localhost/127.0.0.1:60486]' for 'POST' to 'http://localhost:60486/session/ed9b79706457998d24b0c825d96f2185/element'
20:38:28.867 [Forwarding findElement on session ed9b79706457998d24b0c825d96f2185 to remote] DEBUG org.asynchttpclient.netty.request.NettyRequestSender - Using open Channel [id: 0xb05361c7, L:/127.0.0.1:62182 - R:localhost/127.0.0.1:60486] for POST '/session/ed9b79706457998d24b0c825d96f2185/element'
20:38:28.892 [AsyncHttpClient-1-2] DEBUG org.asynchttpclient.netty.handler.HttpHandler - 

Request DefaultHttpRequest(decodeResult: success, version: HTTP/1.1)
POST /session/ed9b79706457998d24b0c825d96f2185/element HTTP/1.1
User-Agent: selenium/4.1.2 (java windows)
Content-Length: 116
Content-Type: application/json; charset=utf-8
host: localhost:60486
accept: */*

Response DefaultHttpResponse(decodeResult: success, version: HTTP/1.1)
HTTP/1.1 200 OK
Content-Type: application/json; charset=utf-8
cache-control: no-cache
content-length: 88

20:38:28.892 [AsyncHttpClient-1-2] DEBUG org.asynchttpclient.netty.channel.ChannelManager - Adding key: http://localhost:60486 for channel [id: 0xb05361c7, L:/127.0.0.1:62182 - R:localhost/127.0.0.1:60486]
20:38:28.896 [Forwarding getElementTagName on session ed9b79706457998d24b0c825d96f2185 to remote] DEBUG org.asynchttpclient.netty.request.NettyRequestSender - Using pooled Channel '[id: 0xb05361c7, L:/127.0.0.1:62182 - R:localhost/127.0.0.1:60486]' for 'GET' to 'http://localhost:60486/session/ed9b79706457998d24b0c825d96f2185/element/db8eca70-c887-403c-83d3-2e3daad338ac/name'
20:38:28.896 [Forwarding getElementTagName on session ed9b79706457998d24b0c825d96f2185 to remote] DEBUG org.asynchttpclient.netty.request.NettyRequestSender - Using open Channel [id: 0xb05361c7, L:/127.0.0.1:62182 - R:localhost/127.0.0.1:60486] for GET '/session/ed9b79706457998d24b0c825d96f2185/element/db8eca70-c887-403c-83d3-2e3daad338ac/name'
20:38:28.907 [AsyncHttpClient-1-2] DEBUG org.asynchttpclient.netty.handler.HttpHandler - 

Request DefaultFullHttpRequest(decodeResult: success, version: HTTP/1.1, content: EmptyByteBufBE)
GET /session/ed9b79706457998d24b0c825d96f2185/element/db8eca70-c887-403c-83d3-2e3daad338ac/name HTTP/1.1
User-Agent: selenium/4.1.2 (java windows)
Cache-Control: no-cache
Content-Type: application/json; charset=utf-8
host: localhost:60486
accept: */*

Response DefaultHttpResponse(decodeResult: success, version: HTTP/1.1)
HTTP/1.1 200 OK
Content-Type: application/json; charset=utf-8
cache-control: no-cache
content-length: 18

20:38:28.907 [AsyncHttpClient-1-2] DEBUG org.asynchttpclient.netty.channel.ChannelManager - Adding key: http://localhost:60486 for channel [id: 0xb05361c7, L:/127.0.0.1:62182 - R:localhost/127.0.0.1:60486]
20:38:28.909 [Forwarding getElementTagName on session ed9b79706457998d24b0c825d96f2185 to remote] DEBUG org.asynchttpclient.netty.request.NettyRequestSender - Using pooled Channel '[id: 0xb05361c7, L:/127.0.0.1:62182 - R:localhost/127.0.0.1:60486]' for 'GET' to 'http://localhost:60486/session/ed9b79706457998d24b0c825d96f2185/element/db8eca70-c887-403c-83d3-2e3daad338ac/name'
20:38:28.909 [Forwarding getElementTagName on session ed9b79706457998d24b0c825d96f2185 to remote] DEBUG org.asynchttpclient.netty.request.NettyRequestSender - Using open Channel [id: 0xb05361c7, L:/127.0.0.1:62182 - R:localhost/127.0.0.1:60486] for GET '/session/ed9b79706457998d24b0c825d96f2185/element/db8eca70-c887-403c-83d3-2e3daad338ac/name'
20:38:28.912 [AsyncHttpClient-1-2] DEBUG org.asynchttpclient.netty.handler.HttpHandler - 

Request DefaultFullHttpRequest(decodeResult: success, version: HTTP/1.1, content: EmptyByteBufBE)
GET /session/ed9b79706457998d24b0c825d96f2185/element/db8eca70-c887-403c-83d3-2e3daad338ac/name HTTP/1.1
User-Agent: selenium/4.1.2 (java windows)
Cache-Control: no-cache
Content-Type: application/json; charset=utf-8
host: localhost:60486
accept: */*

Response DefaultHttpResponse(decodeResult: success, version: HTTP/1.1)
HTTP/1.1 200 OK
Content-Type: application/json; charset=utf-8
cache-control: no-cache
content-length: 18

20:38:28.917 [AsyncHttpClient-1-2] DEBUG org.asynchttpclient.netty.channel.ChannelManager - Adding key: http://localhost:60486 for channel [id: 0xb05361c7, L:/127.0.0.1:62182 - R:localhost/127.0.0.1:60486]
20:38:28.919 [Forwarding isElementEnabled on session ed9b79706457998d24b0c825d96f2185 to remote] DEBUG org.asynchttpclient.netty.request.NettyRequestSender - Using pooled Channel '[id: 0xb05361c7, L:/127.0.0.1:62182 - R:localhost/127.0.0.1:60486]' for 'GET' to 'http://localhost:60486/session/ed9b79706457998d24b0c825d96f2185/element/db8eca70-c887-403c-83d3-2e3daad338ac/enabled'
20:38:28.919 [Forwarding isElementEnabled on session ed9b79706457998d24b0c825d96f2185 to remote] DEBUG org.asynchttpclient.netty.request.NettyRequestSender - Using open Channel [id: 0xb05361c7, L:/127.0.0.1:62182 - R:localhost/127.0.0.1:60486] for GET '/session/ed9b79706457998d24b0c825d96f2185/element/db8eca70-c887-403c-83d3-2e3daad338ac/enabled'
20:38:28.938 [AsyncHttpClient-1-2] DEBUG org.asynchttpclient.netty.handler.HttpHandler - 

Request DefaultFullHttpRequest(decodeResult: success, version: HTTP/1.1, content: EmptyByteBufBE)
GET /session/ed9b79706457998d24b0c825d96f2185/element/db8eca70-c887-403c-83d3-2e3daad338ac/enabled HTTP/1.1
User-Agent: selenium/4.1.2 (java windows)
Cache-Control: no-cache
Content-Type: application/json; charset=utf-8
host: localhost:60486
accept: */*

Response DefaultHttpResponse(decodeResult: success, version: HTTP/1.1)
HTTP/1.1 200 OK
Content-Type: application/json; charset=utf-8
cache-control: no-cache
content-length: 14

20:38:28.938 [AsyncHttpClient-1-2] DEBUG org.asynchttpclient.netty.channel.ChannelManager - Adding key: http://localhost:60486 for channel [id: 0xb05361c7, L:/127.0.0.1:62182 - R:localhost/127.0.0.1:60486]
20:38:28.940 [Forwarding isElementEnabled on session ed9b79706457998d24b0c825d96f2185 to remote] DEBUG org.asynchttpclient.netty.request.NettyRequestSender - Using pooled Channel '[id: 0xb05361c7, L:/127.0.0.1:62182 - R:localhost/127.0.0.1:60486]' for 'GET' to 'http://localhost:60486/session/ed9b79706457998d24b0c825d96f2185/element/db8eca70-c887-403c-83d3-2e3daad338ac/enabled'
20:38:28.940 [Forwarding isElementEnabled on session ed9b79706457998d24b0c825d96f2185 to remote] DEBUG org.asynchttpclient.netty.request.NettyRequestSender - Using open Channel [id: 0xb05361c7, L:/127.0.0.1:62182 - R:localhost/127.0.0.1:60486] for GET '/session/ed9b79706457998d24b0c825d96f2185/element/db8eca70-c887-403c-83d3-2e3daad338ac/enabled'
20:38:28.952 [AsyncHttpClient-1-2] DEBUG org.asynchttpclient.netty.handler.HttpHandler - 

Request DefaultFullHttpRequest(decodeResult: success, version: HTTP/1.1, content: EmptyByteBufBE)
GET /session/ed9b79706457998d24b0c825d96f2185/element/db8eca70-c887-403c-83d3-2e3daad338ac/enabled HTTP/1.1
User-Agent: selenium/4.1.2 (java windows)
Cache-Control: no-cache
Content-Type: application/json; charset=utf-8
host: localhost:60486
accept: */*

Response DefaultHttpResponse(decodeResult: success, version: HTTP/1.1)
HTTP/1.1 200 OK
Content-Type: application/json; charset=utf-8
cache-control: no-cache
content-length: 14

20:38:28.954 [AsyncHttpClient-1-2] DEBUG org.asynchttpclient.netty.channel.ChannelManager - Adding key: http://localhost:60486 for channel [id: 0xb05361c7, L:/127.0.0.1:62182 - R:localhost/127.0.0.1:60486]
20:38:28.958 [Forwarding findElement on session ed9b79706457998d24b0c825d96f2185 to remote] DEBUG org.asynchttpclient.netty.request.NettyRequestSender - Using pooled Channel '[id: 0xb05361c7, L:/127.0.0.1:62182 - R:localhost/127.0.0.1:60486]' for 'POST' to 'http://localhost:60486/session/ed9b79706457998d24b0c825d96f2185/element'
20:38:28.958 [Forwarding findElement on session ed9b79706457998d24b0c825d96f2185 to remote] DEBUG org.asynchttpclient.netty.request.NettyRequestSender - Using open Channel [id: 0xb05361c7, L:/127.0.0.1:62182 - R:localhost/127.0.0.1:60486] for POST '/session/ed9b79706457998d24b0c825d96f2185/element'
20:38:28.992 [AsyncHttpClient-1-2] DEBUG org.asynchttpclient.netty.handler.HttpHandler - 

Request DefaultHttpRequest(decodeResult: success, version: HTTP/1.1)
POST /session/ed9b79706457998d24b0c825d96f2185/element HTTP/1.1
User-Agent: selenium/4.1.2 (java windows)
Content-Length: 116
Content-Type: application/json; charset=utf-8
host: localhost:60486
accept: */*

Response DefaultHttpResponse(decodeResult: success, version: HTTP/1.1)
HTTP/1.1 200 OK
Content-Type: application/json; charset=utf-8
cache-control: no-cache
content-length: 88

20:38:28.997 [AsyncHttpClient-1-2] DEBUG org.asynchttpclient.netty.channel.ChannelManager - Adding key: http://localhost:60486 for channel [id: 0xb05361c7, L:/127.0.0.1:62182 - R:localhost/127.0.0.1:60486]
20:38:28.999 [Forwarding clickElement on session ed9b79706457998d24b0c825d96f2185 to remote] DEBUG org.asynchttpclient.netty.request.NettyRequestSender - Using pooled Channel '[id: 0xb05361c7, L:/127.0.0.1:62182 - R:localhost/127.0.0.1:60486]' for 'POST' to 'http://localhost:60486/session/ed9b79706457998d24b0c825d96f2185/element/db8eca70-c887-403c-83d3-2e3daad338ac/click'
20:38:28.999 [Forwarding clickElement on session ed9b79706457998d24b0c825d96f2185 to remote] DEBUG org.asynchttpclient.netty.request.NettyRequestSender - Using open Channel [id: 0xb05361c7, L:/127.0.0.1:62182 - R:localhost/127.0.0.1:60486] for POST '/session/ed9b79706457998d24b0c825d96f2185/element/db8eca70-c887-403c-83d3-2e3daad338ac/click'
20:38:29.210 [AsyncHttpClient-1-2] DEBUG org.asynchttpclient.netty.handler.HttpHandler - 

Request DefaultHttpRequest(decodeResult: success, version: HTTP/1.1)
POST /session/ed9b79706457998d24b0c825d96f2185/element/db8eca70-c887-403c-83d3-2e3daad338ac/click HTTP/1.1
User-Agent: selenium/4.1.2 (java windows)
Content-Length: 50
Content-Type: application/json; charset=utf-8
host: localhost:60486
accept: */*

Response DefaultHttpResponse(decodeResult: success, version: HTTP/1.1)
HTTP/1.1 200 OK
Content-Type: application/json; charset=utf-8
cache-control: no-cache
content-length: 14

20:38:29.211 [AsyncHttpClient-1-2] DEBUG org.asynchttpclient.netty.channel.ChannelManager - Adding key: http://localhost:60486 for channel [id: 0xb05361c7, L:/127.0.0.1:62182 - R:localhost/127.0.0.1:60486]
20:38:29.228 [Forwarding screenshot on session ed9b79706457998d24b0c825d96f2185 to remote] DEBUG org.asynchttpclient.netty.request.NettyRequestSender - Using pooled Channel '[id: 0xb05361c7, L:/127.0.0.1:62182 - R:localhost/127.0.0.1:60486]' for 'GET' to 'http://localhost:60486/session/ed9b79706457998d24b0c825d96f2185/screenshot'
20:38:29.228 [Forwarding screenshot on session ed9b79706457998d24b0c825d96f2185 to remote] DEBUG org.asynchttpclient.netty.request.NettyRequestSender - Using open Channel [id: 0xb05361c7, L:/127.0.0.1:62182 - R:localhost/127.0.0.1:60486] for GET '/session/ed9b79706457998d24b0c825d96f2185/screenshot'
20:38:29.298 [AsyncHttpClient-1-1] DEBUG org.asynchttpclient.netty.channel.DefaultChannelPool - Entry count for : http://localhost:62185 : 1
20:38:29.575 [AsyncHttpClient-1-2] DEBUG org.asynchttpclient.netty.handler.HttpHandler - 

Request DefaultFullHttpRequest(decodeResult: success, version: HTTP/1.1, content: EmptyByteBufBE)
GET /session/ed9b79706457998d24b0c825d96f2185/screenshot HTTP/1.1
User-Agent: selenium/4.1.2 (java windows)
Cache-Control: no-cache
Content-Type: application/json; charset=utf-8
host: localhost:60486
accept: */*

Response DefaultHttpResponse(decodeResult: success, version: HTTP/1.1)
HTTP/1.1 200 OK
Content-Type: application/json; charset=utf-8
cache-control: no-cache
content-length: 402276

20:38:29.578 [AsyncHttpClient-1-2] DEBUG org.asynchttpclient.netty.channel.ChannelManager - Adding key: http://localhost:60486 for channel [id: 0xb05361c7, L:/127.0.0.1:62182 - R:localhost/127.0.0.1:60486]
20:38:29.602 [main] DEBUG net.serenitybdd.core.photography.Darkroom - Send negative for processing for target\site\serenity\ed2f694483e87d8cfdf22ebe2f80e48588a4a966cedcfa8f46e0a69802e27cce.png
20:38:29.602 [main] DEBUG net.thucydides.core.steps.StepInterceptor - STEP DONE: clickButtonEditDataPasien
  &amp#27;[32mAnd &amp#27;[0m&amp#27;[32mClick button edit profil&amp#27;[0m                                                   &amp#27;[90m# starter.stepdefinitios.PatientDataSteps.clickButtonEditProfil()&amp#27;[0m
20:38:29.602 [Darkroom Processing Line] DEBUG net.serenitybdd.core.photography.DarkroomProcessingLine - Processing screenshot image in /var/screenshots/screenshot-5959393009886381842
20:38:29.602 [Darkroom Processing Line] DEBUG net.serenitybdd.core.photography.DarkroomProcessingLine - Saving screenshot to target\site\serenity\ed2f694483e87d8cfdf22ebe2f80e48588a4a966cedcfa8f46e0a69802e27cce.png
20:38:30.158 [Forwarding screenshot on session ed9b79706457998d24b0c825d96f2185 to remote] DEBUG org.asynchttpclient.netty.request.NettyRequestSender - Using pooled Channel '[id: 0xb05361c7, L:/127.0.0.1:62182 - R:localhost/127.0.0.1:60486]' for 'GET' to 'http://localhost:60486/session/ed9b79706457998d24b0c825d96f2185/screenshot'
20:38:30.162 [Forwarding screenshot on session ed9b79706457998d24b0c825d96f2185 to remote] DEBUG org.asynchttpclient.netty.request.NettyRequestSender - Using open Channel [id: 0xb05361c7, L:/127.0.0.1:62182 - R:localhost/127.0.0.1:60486] for GET '/session/ed9b79706457998d24b0c825d96f2185/screenshot'
20:38:30.394 [AsyncHttpClient-1-1] DEBUG org.asynchttpclient.netty.channel.DefaultChannelPool - Entry count for : http://localhost:62185 : 1
20:38:30.528 [AsyncHttpClient-1-2] DEBUG org.asynchttpclient.netty.handler.HttpHandler - 

Request DefaultFullHttpRequest(decodeResult: success, version: HTTP/1.1, content: EmptyByteBufBE)
GET /session/ed9b79706457998d24b0c825d96f2185/screenshot HTTP/1.1
User-Agent: selenium/4.1.2 (java windows)
Cache-Control: no-cache
Content-Type: application/json; charset=utf-8
host: localhost:60486
accept: */*

Response DefaultHttpResponse(decodeResult: success, version: HTTP/1.1)
HTTP/1.1 200 OK
Content-Type: application/json; charset=utf-8
cache-control: no-cache
content-length: 402276

20:38:30.532 [AsyncHttpClient-1-2] DEBUG org.asynchttpclient.netty.channel.ChannelManager - Adding key: http://localhost:60486 for channel [id: 0xb05361c7, L:/127.0.0.1:62182 - R:localhost/127.0.0.1:60486]
20:38:30.566 [main] DEBUG net.serenitybdd.core.photography.Darkroom - Send negative for processing for target\site\serenity\ed2f694483e87d8cfdf22ebe2f80e48588a4a966cedcfa8f46e0a69802e27cce.png
20:38:30.566 [main] DEBUG net.thucydides.core.steps.StepInterceptor - STARTING STEP: PatientDataSteps.iInputEditPatient - inputDataPasienEdit
20:38:30.568 [Forwarding findElement on session ed9b79706457998d24b0c825d96f2185 to remote] DEBUG org.asynchttpclient.netty.request.NettyRequestSender - Using pooled Channel '[id: 0xb05361c7, L:/127.0.0.1:62182 - R:localhost/127.0.0.1:60486]' for 'POST' to 'http://localhost:60486/session/ed9b79706457998d24b0c825d96f2185/element'
20:38:30.568 [Forwarding findElement on session ed9b79706457998d24b0c825d96f2185 to remote] DEBUG org.asynchttpclient.netty.request.NettyRequestSender - Using open Channel [id: 0xb05361c7, L:/127.0.0.1:62182 - R:localhost/127.0.0.1:60486] for POST '/session/ed9b79706457998d24b0c825d96f2185/element'
20:38:30.761 [AsyncHttpClient-1-2] DEBUG org.asynchttpclient.netty.handler.HttpHandler - 

Request DefaultHttpRequest(decodeResult: success, version: HTTP/1.1)
POST /session/ed9b79706457998d24b0c825d96f2185/element HTTP/1.1
User-Agent: selenium/4.1.2 (java windows)
Content-Length: 66
Content-Type: application/json; charset=utf-8
host: localhost:60486
accept: */*

Response DefaultHttpResponse(decodeResult: success, version: HTTP/1.1)
HTTP/1.1 200 OK
Content-Type: application/json; charset=utf-8
cache-control: no-cache
content-length: 88

20:38:30.761 [AsyncHttpClient-1-2] DEBUG org.asynchttpclient.netty.channel.ChannelManager - Adding key: http://localhost:60486 for channel [id: 0xb05361c7, L:/127.0.0.1:62182 - R:localhost/127.0.0.1:60486]
20:38:30.765 [Forwarding sendKeysToElement on session ed9b79706457998d24b0c825d96f2185 to remote] DEBUG org.asynchttpclient.netty.request.NettyRequestSender - Using pooled Channel '[id: 0xb05361c7, L:/127.0.0.1:62182 - R:localhost/127.0.0.1:60486]' for 'POST' to 'http://localhost:60486/session/ed9b79706457998d24b0c825d96f2185/element/6ef1e3fd-0d6f-4d1c-a3fb-0cafc4eec703/value'
20:38:30.765 [Forwarding sendKeysToElement on session ed9b79706457998d24b0c825d96f2185 to remote] DEBUG org.asynchttpclient.netty.request.NettyRequestSender - Using open Channel [id: 0xb05361c7, L:/127.0.0.1:62182 - R:localhost/127.0.0.1:60486] for POST '/session/ed9b79706457998d24b0c825d96f2185/element/6ef1e3fd-0d6f-4d1c-a3fb-0cafc4eec703/value'
20:38:31.252 [AsyncHttpClient-1-2] DEBUG org.asynchttpclient.netty.handler.HttpHandler - 

Request DefaultHttpRequest(decodeResult: success, version: HTTP/1.1)
POST /session/ed9b79706457998d24b0c825d96f2185/element/6ef1e3fd-0d6f-4d1c-a3fb-0cafc4eec703/value HTTP/1.1
User-Agent: selenium/4.1.2 (java windows)
Content-Length: 169
Content-Type: application/json; charset=utf-8
host: localhost:60486
accept: */*

Response DefaultHttpResponse(decodeResult: success, version: HTTP/1.1)
HTTP/1.1 200 OK
Content-Type: application/json; charset=utf-8
cache-control: no-cache
content-length: 14

20:38:31.252 [AsyncHttpClient-1-2] DEBUG org.asynchttpclient.netty.channel.ChannelManager - Adding key: http://localhost:60486 for channel [id: 0xb05361c7, L:/127.0.0.1:62182 - R:localhost/127.0.0.1:60486]
20:38:31.257 [Forwarding findElement on session ed9b79706457998d24b0c825d96f2185 to remote] DEBUG org.asynchttpclient.netty.request.NettyRequestSender - Using pooled Channel '[id: 0xb05361c7, L:/127.0.0.1:62182 - R:localhost/127.0.0.1:60486]' for 'POST' to 'http://localhost:60486/session/ed9b79706457998d24b0c825d96f2185/element'
20:38:31.257 [Forwarding findElement on session ed9b79706457998d24b0c825d96f2185 to remote] DEBUG org.asynchttpclient.netty.request.NettyRequestSender - Using open Channel [id: 0xb05361c7, L:/127.0.0.1:62182 - R:localhost/127.0.0.1:60486] for POST '/session/ed9b79706457998d24b0c825d96f2185/element'
20:38:31.274 [AsyncHttpClient-1-2] DEBUG org.asynchttpclient.netty.handler.HttpHandler - 

Request DefaultHttpRequest(decodeResult: success, version: HTTP/1.1)
POST /session/ed9b79706457998d24b0c825d96f2185/element HTTP/1.1
User-Agent: selenium/4.1.2 (java windows)
Content-Length: 66
Content-Type: application/json; charset=utf-8
host: localhost:60486
accept: */*

Response DefaultHttpResponse(decodeResult: success, version: HTTP/1.1)
HTTP/1.1 200 OK
Content-Type: application/json; charset=utf-8
cache-control: no-cache
content-length: 88

20:38:31.274 [AsyncHttpClient-1-2] DEBUG org.asynchttpclient.netty.channel.ChannelManager - Adding key: http://localhost:60486 for channel [id: 0xb05361c7, L:/127.0.0.1:62182 - R:localhost/127.0.0.1:60486]
20:38:31.276 [Forwarding sendKeysToElement on session ed9b79706457998d24b0c825d96f2185 to remote] DEBUG org.asynchttpclient.netty.request.NettyRequestSender - Using pooled Channel '[id: 0xb05361c7, L:/127.0.0.1:62182 - R:localhost/127.0.0.1:60486]' for 'POST' to 'http://localhost:60486/session/ed9b79706457998d24b0c825d96f2185/element/6ef1e3fd-0d6f-4d1c-a3fb-0cafc4eec703/value'
20:38:31.277 [Forwarding sendKeysToElement on session ed9b79706457998d24b0c825d96f2185 to remote] DEBUG org.asynchttpclient.netty.request.NettyRequestSender - Using open Channel [id: 0xb05361c7, L:/127.0.0.1:62182 - R:localhost/127.0.0.1:60486] for POST '/session/ed9b79706457998d24b0c825d96f2185/element/6ef1e3fd-0d6f-4d1c-a3fb-0cafc4eec703/value'
20:38:31.491 [AsyncHttpClient-1-1] DEBUG org.asynchttpclient.netty.channel.DefaultChannelPool - Entry count for : http://localhost:62185 : 1
20:38:31.507 [AsyncHttpClient-1-2] DEBUG org.asynchttpclient.netty.handler.HttpHandler - 

Request DefaultHttpRequest(decodeResult: success, version: HTTP/1.1)
POST /session/ed9b79706457998d24b0c825d96f2185/element/6ef1e3fd-0d6f-4d1c-a3fb-0cafc4eec703/value HTTP/1.1
User-Agent: selenium/4.1.2 (java windows)
Content-Length: 131
Content-Type: application/json; charset=utf-8
host: localhost:60486
accept: */*

Response DefaultHttpResponse(decodeResult: success, version: HTTP/1.1)
HTTP/1.1 200 OK
Content-Type: application/json; charset=utf-8
cache-control: no-cache
content-length: 14

20:38:31.507 [AsyncHttpClient-1-2] DEBUG org.asynchttpclient.netty.channel.ChannelManager - Adding key: http://localhost:60486 for channel [id: 0xb05361c7, L:/127.0.0.1:62182 - R:localhost/127.0.0.1:60486]
20:38:31.512 [Forwarding findElement on session ed9b79706457998d24b0c825d96f2185 to remote] DEBUG org.asynchttpclient.netty.request.NettyRequestSender - Using pooled Channel '[id: 0xb05361c7, L:/127.0.0.1:62182 - R:localhost/127.0.0.1:60486]' for 'POST' to 'http://localhost:60486/session/ed9b79706457998d24b0c825d96f2185/element'
20:38:31.512 [Forwarding findElement on session ed9b79706457998d24b0c825d96f2185 to remote] DEBUG org.asynchttpclient.netty.request.NettyRequestSender - Using open Channel [id: 0xb05361c7, L:/127.0.0.1:62182 - R:localhost/127.0.0.1:60486] for POST '/session/ed9b79706457998d24b0c825d96f2185/element'
20:38:31.542 [AsyncHttpClient-1-2] DEBUG org.asynchttpclient.netty.handler.HttpHandler - 

Request DefaultHttpRequest(decodeResult: success, version: HTTP/1.1)
POST /session/ed9b79706457998d24b0c825d96f2185/element HTTP/1.1
User-Agent: selenium/4.1.2 (java windows)
Content-Length: 65
Content-Type: application/json; charset=utf-8
host: localhost:60486
accept: */*

Response DefaultHttpResponse(decodeResult: success, version: HTTP/1.1)
HTTP/1.1 200 OK
Content-Type: application/json; charset=utf-8
cache-control: no-cache
content-length: 88

20:38:31.542 [AsyncHttpClient-1-2] DEBUG org.asynchttpclient.netty.channel.ChannelManager - Adding key: http://localhost:60486 for channel [id: 0xb05361c7, L:/127.0.0.1:62182 - R:localhost/127.0.0.1:60486]
20:38:31.545 [Forwarding sendKeysToElement on session ed9b79706457998d24b0c825d96f2185 to remote] DEBUG org.asynchttpclient.netty.request.NettyRequestSender - Using pooled Channel '[id: 0xb05361c7, L:/127.0.0.1:62182 - R:localhost/127.0.0.1:60486]' for 'POST' to 'http://localhost:60486/session/ed9b79706457998d24b0c825d96f2185/element/201f11e9-6999-48aa-9952-c68679204239/value'
20:38:31.545 [Forwarding sendKeysToElement on session ed9b79706457998d24b0c825d96f2185 to remote] DEBUG org.asynchttpclient.netty.request.NettyRequestSender - Using open Channel [id: 0xb05361c7, L:/127.0.0.1:62182 - R:localhost/127.0.0.1:60486] for POST '/session/ed9b79706457998d24b0c825d96f2185/element/201f11e9-6999-48aa-9952-c68679204239/value'
20:38:32.051 [AsyncHttpClient-1-2] DEBUG org.asynchttpclient.netty.handler.HttpHandler - 

Request DefaultHttpRequest(decodeResult: success, version: HTTP/1.1)
POST /session/ed9b79706457998d24b0c825d96f2185/element/201f11e9-6999-48aa-9952-c68679204239/value HTTP/1.1
User-Agent: selenium/4.1.2 (java windows)
Content-Length: 229
Content-Type: application/json; charset=utf-8
host: localhost:60486
accept: */*

Response DefaultHttpResponse(decodeResult: success, version: HTTP/1.1)
HTTP/1.1 200 OK
Content-Type: application/json; charset=utf-8
cache-control: no-cache
content-length: 14

20:38:32.051 [AsyncHttpClient-1-2] DEBUG org.asynchttpclient.netty.channel.ChannelManager - Adding key: http://localhost:60486 for channel [id: 0xb05361c7, L:/127.0.0.1:62182 - R:localhost/127.0.0.1:60486]
20:38:32.056 [Forwarding findElement on session ed9b79706457998d24b0c825d96f2185 to remote] DEBUG org.asynchttpclient.netty.request.NettyRequestSender - Using pooled Channel '[id: 0xb05361c7, L:/127.0.0.1:62182 - R:localhost/127.0.0.1:60486]' for 'POST' to 'http://localhost:60486/session/ed9b79706457998d24b0c825d96f2185/element'
20:38:32.056 [Forwarding findElement on session ed9b79706457998d24b0c825d96f2185 to remote] DEBUG org.asynchttpclient.netty.request.NettyRequestSender - Using open Channel [id: 0xb05361c7, L:/127.0.0.1:62182 - R:localhost/127.0.0.1:60486] for POST '/session/ed9b79706457998d24b0c825d96f2185/element'
20:38:32.070 [AsyncHttpClient-1-2] DEBUG org.asynchttpclient.netty.handler.HttpHandler - 

Request DefaultHttpRequest(decodeResult: success, version: HTTP/1.1)
POST /session/ed9b79706457998d24b0c825d96f2185/element HTTP/1.1
User-Agent: selenium/4.1.2 (java windows)
Content-Length: 65
Content-Type: application/json; charset=utf-8
host: localhost:60486
accept: */*

Response DefaultHttpResponse(decodeResult: success, version: HTTP/1.1)
HTTP/1.1 200 OK
Content-Type: application/json; charset=utf-8
cache-control: no-cache
content-length: 88

20:38:32.070 [AsyncHttpClient-1-2] DEBUG org.asynchttpclient.netty.channel.ChannelManager - Adding key: http://localhost:60486 for channel [id: 0xb05361c7, L:/127.0.0.1:62182 - R:localhost/127.0.0.1:60486]
20:38:32.073 [Forwarding sendKeysToElement on session ed9b79706457998d24b0c825d96f2185 to remote] DEBUG org.asynchttpclient.netty.request.NettyRequestSender - Using pooled Channel '[id: 0xb05361c7, L:/127.0.0.1:62182 - R:localhost/127.0.0.1:60486]' for 'POST' to 'http://localhost:60486/session/ed9b79706457998d24b0c825d96f2185/element/201f11e9-6999-48aa-9952-c68679204239/value'
20:38:32.073 [Forwarding sendKeysToElement on session ed9b79706457998d24b0c825d96f2185 to remote] DEBUG org.asynchttpclient.netty.request.NettyRequestSender - Using open Channel [id: 0xb05361c7, L:/127.0.0.1:62182 - R:localhost/127.0.0.1:60486] for POST '/session/ed9b79706457998d24b0c825d96f2185/element/201f11e9-6999-48aa-9952-c68679204239/value'
20:38:32.447 [AsyncHttpClient-1-2] DEBUG org.asynchttpclient.netty.handler.HttpHandler - 

Request DefaultHttpRequest(decodeResult: success, version: HTTP/1.1)
POST /session/ed9b79706457998d24b0c825d96f2185/element/201f11e9-6999-48aa-9952-c68679204239/value HTTP/1.1
User-Agent: selenium/4.1.2 (java windows)
Content-Length: 191
Content-Type: application/json; charset=utf-8
host: localhost:60486
accept: */*

Response DefaultHttpResponse(decodeResult: success, version: HTTP/1.1)
HTTP/1.1 200 OK
Content-Type: application/json; charset=utf-8
cache-control: no-cache
content-length: 14

20:38:32.448 [AsyncHttpClient-1-2] DEBUG org.asynchttpclient.netty.channel.ChannelManager - Adding key: http://localhost:60486 for channel [id: 0xb05361c7, L:/127.0.0.1:62182 - R:localhost/127.0.0.1:60486]
20:38:32.453 [Forwarding findElement on session ed9b79706457998d24b0c825d96f2185 to remote] DEBUG org.asynchttpclient.netty.request.NettyRequestSender - Using pooled Channel '[id: 0xb05361c7, L:/127.0.0.1:62182 - R:localhost/127.0.0.1:60486]' for 'POST' to 'http://localhost:60486/session/ed9b79706457998d24b0c825d96f2185/element'
20:38:32.453 [Forwarding findElement on session ed9b79706457998d24b0c825d96f2185 to remote] DEBUG org.asynchttpclient.netty.request.NettyRequestSender - Using open Channel [id: 0xb05361c7, L:/127.0.0.1:62182 - R:localhost/127.0.0.1:60486] for POST '/session/ed9b79706457998d24b0c825d96f2185/element'
20:38:32.477 [AsyncHttpClient-1-2] DEBUG org.asynchttpclient.netty.handler.HttpHandler - 

Request DefaultHttpRequest(decodeResult: success, version: HTTP/1.1)
POST /session/ed9b79706457998d24b0c825d96f2185/element HTTP/1.1
User-Agent: selenium/4.1.2 (java windows)
Content-Length: 66
Content-Type: application/json; charset=utf-8
host: localhost:60486
accept: */*

Response DefaultHttpResponse(decodeResult: success, version: HTTP/1.1)
HTTP/1.1 200 OK
Content-Type: application/json; charset=utf-8
cache-control: no-cache
content-length: 88

20:38:32.477 [AsyncHttpClient-1-2] DEBUG org.asynchttpclient.netty.channel.ChannelManager - Adding key: http://localhost:60486 for channel [id: 0xb05361c7, L:/127.0.0.1:62182 - R:localhost/127.0.0.1:60486]
20:38:32.480 [Forwarding sendKeysToElement on session ed9b79706457998d24b0c825d96f2185 to remote] DEBUG org.asynchttpclient.netty.request.NettyRequestSender - Using pooled Channel '[id: 0xb05361c7, L:/127.0.0.1:62182 - R:localhost/127.0.0.1:60486]' for 'POST' to 'http://localhost:60486/session/ed9b79706457998d24b0c825d96f2185/element/9af6cd86-5c90-4a08-a963-de8582b26929/value'
20:38:32.480 [Forwarding sendKeysToElement on session ed9b79706457998d24b0c825d96f2185 to remote] DEBUG org.asynchttpclient.netty.request.NettyRequestSender - Using open Channel [id: 0xb05361c7, L:/127.0.0.1:62182 - R:localhost/127.0.0.1:60486] for POST '/session/ed9b79706457998d24b0c825d96f2185/element/9af6cd86-5c90-4a08-a963-de8582b26929/value'
20:38:32.601 [AsyncHttpClient-1-1] DEBUG org.asynchttpclient.netty.channel.DefaultChannelPool - Entry count for : http://localhost:62185 : 1
20:38:32.940 [AsyncHttpClient-1-2] DEBUG org.asynchttpclient.netty.handler.HttpHandler - 

Request DefaultHttpRequest(decodeResult: success, version: HTTP/1.1)
POST /session/ed9b79706457998d24b0c825d96f2185/element/9af6cd86-5c90-4a08-a963-de8582b26929/value HTTP/1.1
User-Agent: selenium/4.1.2 (java windows)
Content-Length: 229
Content-Type: application/json; charset=utf-8
host: localhost:60486
accept: */*

Response DefaultHttpResponse(decodeResult: success, version: HTTP/1.1)
HTTP/1.1 200 OK
Content-Type: application/json; charset=utf-8
cache-control: no-cache
content-length: 14

20:38:32.940 [AsyncHttpClient-1-2] DEBUG org.asynchttpclient.netty.channel.ChannelManager - Adding key: http://localhost:60486 for channel [id: 0xb05361c7, L:/127.0.0.1:62182 - R:localhost/127.0.0.1:60486]
20:38:32.947 [Forwarding findElement on session ed9b79706457998d24b0c825d96f2185 to remote] DEBUG org.asynchttpclient.netty.request.NettyRequestSender - Using pooled Channel '[id: 0xb05361c7, L:/127.0.0.1:62182 - R:localhost/127.0.0.1:60486]' for 'POST' to 'http://localhost:60486/session/ed9b79706457998d24b0c825d96f2185/element'
20:38:32.947 [Forwarding findElement on session ed9b79706457998d24b0c825d96f2185 to remote] DEBUG org.asynchttpclient.netty.request.NettyRequestSender - Using open Channel [id: 0xb05361c7, L:/127.0.0.1:62182 - R:localhost/127.0.0.1:60486] for POST '/session/ed9b79706457998d24b0c825d96f2185/element'
20:38:32.964 [AsyncHttpClient-1-2] DEBUG org.asynchttpclient.netty.handler.HttpHandler - 

Request DefaultHttpRequest(decodeResult: success, version: HTTP/1.1)
POST /session/ed9b79706457998d24b0c825d96f2185/element HTTP/1.1
User-Agent: selenium/4.1.2 (java windows)
Content-Length: 66
Content-Type: application/json; charset=utf-8
host: localhost:60486
accept: */*

Response DefaultHttpResponse(decodeResult: success, version: HTTP/1.1)
HTTP/1.1 200 OK
Content-Type: application/json; charset=utf-8
cache-control: no-cache
content-length: 88

20:38:32.964 [AsyncHttpClient-1-2] DEBUG org.asynchttpclient.netty.channel.ChannelManager - Adding key: http://localhost:60486 for channel [id: 0xb05361c7, L:/127.0.0.1:62182 - R:localhost/127.0.0.1:60486]
20:38:32.966 [Forwarding sendKeysToElement on session ed9b79706457998d24b0c825d96f2185 to remote] DEBUG org.asynchttpclient.netty.request.NettyRequestSender - Using pooled Channel '[id: 0xb05361c7, L:/127.0.0.1:62182 - R:localhost/127.0.0.1:60486]' for 'POST' to 'http://localhost:60486/session/ed9b79706457998d24b0c825d96f2185/element/9af6cd86-5c90-4a08-a963-de8582b26929/value'
20:38:32.966 [Forwarding sendKeysToElement on session ed9b79706457998d24b0c825d96f2185 to remote] DEBUG org.asynchttpclient.netty.request.NettyRequestSender - Using open Channel [id: 0xb05361c7, L:/127.0.0.1:62182 - R:localhost/127.0.0.1:60486] for POST '/session/ed9b79706457998d24b0c825d96f2185/element/9af6cd86-5c90-4a08-a963-de8582b26929/value'
20:38:33.365 [AsyncHttpClient-1-2] DEBUG org.asynchttpclient.netty.handler.HttpHandler - 

Request DefaultHttpRequest(decodeResult: success, version: HTTP/1.1)
POST /session/ed9b79706457998d24b0c825d96f2185/element/9af6cd86-5c90-4a08-a963-de8582b26929/value HTTP/1.1
User-Agent: selenium/4.1.2 (java windows)
Content-Length: 191
Content-Type: application/json; charset=utf-8
host: localhost:60486
accept: */*

Response DefaultHttpResponse(decodeResult: success, version: HTTP/1.1)
HTTP/1.1 200 OK
Content-Type: application/json; charset=utf-8
cache-control: no-cache
content-length: 14

20:38:33.365 [AsyncHttpClient-1-2] DEBUG org.asynchttpclient.netty.channel.ChannelManager - Adding key: http://localhost:60486 for channel [id: 0xb05361c7, L:/127.0.0.1:62182 - R:localhost/127.0.0.1:60486]
20:38:33.370 [Forwarding findElement on session ed9b79706457998d24b0c825d96f2185 to remote] DEBUG org.asynchttpclient.netty.request.NettyRequestSender - Using pooled Channel '[id: 0xb05361c7, L:/127.0.0.1:62182 - R:localhost/127.0.0.1:60486]' for 'POST' to 'http://localhost:60486/session/ed9b79706457998d24b0c825d96f2185/element'
20:38:33.370 [Forwarding findElement on session ed9b79706457998d24b0c825d96f2185 to remote] DEBUG org.asynchttpclient.netty.request.NettyRequestSender - Using open Channel [id: 0xb05361c7, L:/127.0.0.1:62182 - R:localhost/127.0.0.1:60486] for POST '/session/ed9b79706457998d24b0c825d96f2185/element'
20:38:33.405 [AsyncHttpClient-1-2] DEBUG org.asynchttpclient.netty.handler.HttpHandler - 

Request DefaultHttpRequest(decodeResult: success, version: HTTP/1.1)
POST /session/ed9b79706457998d24b0c825d96f2185/element HTTP/1.1
User-Agent: selenium/4.1.2 (java windows)
Content-Length: 68
Content-Type: application/json; charset=utf-8
host: localhost:60486
accept: */*

Response DefaultHttpResponse(decodeResult: success, version: HTTP/1.1)
HTTP/1.1 200 OK
Content-Type: application/json; charset=utf-8
cache-control: no-cache
content-length: 88

20:38:33.405 [AsyncHttpClient-1-2] DEBUG org.asynchttpclient.netty.channel.ChannelManager - Adding key: http://localhost:60486 for channel [id: 0xb05361c7, L:/127.0.0.1:62182 - R:localhost/127.0.0.1:60486]
20:38:33.405 [Forwarding sendKeysToElement on session ed9b79706457998d24b0c825d96f2185 to remote] DEBUG org.asynchttpclient.netty.request.NettyRequestSender - Using pooled Channel '[id: 0xb05361c7, L:/127.0.0.1:62182 - R:localhost/127.0.0.1:60486]' for 'POST' to 'http://localhost:60486/session/ed9b79706457998d24b0c825d96f2185/element/380b6ef7-2100-451a-a38e-671d08a7a387/value'
20:38:33.405 [Forwarding sendKeysToElement on session ed9b79706457998d24b0c825d96f2185 to remote] DEBUG org.asynchttpclient.netty.request.NettyRequestSender - Using open Channel [id: 0xb05361c7, L:/127.0.0.1:62182 - R:localhost/127.0.0.1:60486] for POST '/session/ed9b79706457998d24b0c825d96f2185/element/380b6ef7-2100-451a-a38e-671d08a7a387/value'
20:38:33.694 [AsyncHttpClient-1-1] DEBUG org.asynchttpclient.netty.channel.DefaultChannelPool - Entry count for : http://localhost:62185 : 1
20:38:33.854 [AsyncHttpClient-1-2] DEBUG org.asynchttpclient.netty.handler.HttpHandler - 

Request DefaultHttpRequest(decodeResult: success, version: HTTP/1.1)
POST /session/ed9b79706457998d24b0c825d96f2185/element/380b6ef7-2100-451a-a38e-671d08a7a387/value HTTP/1.1
User-Agent: selenium/4.1.2 (java windows)
Content-Length: 209
Content-Type: application/json; charset=utf-8
host: localhost:60486
accept: */*

Response DefaultHttpResponse(decodeResult: success, version: HTTP/1.1)
HTTP/1.1 200 OK
Content-Type: application/json; charset=utf-8
cache-control: no-cache
content-length: 14

20:38:33.855 [AsyncHttpClient-1-2] DEBUG org.asynchttpclient.netty.channel.ChannelManager - Adding key: http://localhost:60486 for channel [id: 0xb05361c7, L:/127.0.0.1:62182 - R:localhost/127.0.0.1:60486]
20:38:33.861 [Forwarding findElement on session ed9b79706457998d24b0c825d96f2185 to remote] DEBUG org.asynchttpclient.netty.request.NettyRequestSender - Using pooled Channel '[id: 0xb05361c7, L:/127.0.0.1:62182 - R:localhost/127.0.0.1:60486]' for 'POST' to 'http://localhost:60486/session/ed9b79706457998d24b0c825d96f2185/element'
20:38:33.861 [Forwarding findElement on session ed9b79706457998d24b0c825d96f2185 to remote] DEBUG org.asynchttpclient.netty.request.NettyRequestSender - Using open Channel [id: 0xb05361c7, L:/127.0.0.1:62182 - R:localhost/127.0.0.1:60486] for POST '/session/ed9b79706457998d24b0c825d96f2185/element'
20:38:33.876 [AsyncHttpClient-1-2] DEBUG org.asynchttpclient.netty.handler.HttpHandler - 

Request DefaultHttpRequest(decodeResult: success, version: HTTP/1.1)
POST /session/ed9b79706457998d24b0c825d96f2185/element HTTP/1.1
User-Agent: selenium/4.1.2 (java windows)
Content-Length: 68
Content-Type: application/json; charset=utf-8
host: localhost:60486
accept: */*

Response DefaultHttpResponse(decodeResult: success, version: HTTP/1.1)
HTTP/1.1 200 OK
Content-Type: application/json; charset=utf-8
cache-control: no-cache
content-length: 88

20:38:33.876 [AsyncHttpClient-1-2] DEBUG org.asynchttpclient.netty.channel.ChannelManager - Adding key: http://localhost:60486 for channel [id: 0xb05361c7, L:/127.0.0.1:62182 - R:localhost/127.0.0.1:60486]
20:38:33.879 [Forwarding sendKeysToElement on session ed9b79706457998d24b0c825d96f2185 to remote] DEBUG org.asynchttpclient.netty.request.NettyRequestSender - Using pooled Channel '[id: 0xb05361c7, L:/127.0.0.1:62182 - R:localhost/127.0.0.1:60486]' for 'POST' to 'http://localhost:60486/session/ed9b79706457998d24b0c825d96f2185/element/380b6ef7-2100-451a-a38e-671d08a7a387/value'
20:38:33.879 [Forwarding sendKeysToElement on session ed9b79706457998d24b0c825d96f2185 to remote] DEBUG org.asynchttpclient.netty.request.NettyRequestSender - Using open Channel [id: 0xb05361c7, L:/127.0.0.1:62182 - R:localhost/127.0.0.1:60486] for POST '/session/ed9b79706457998d24b0c825d96f2185/element/380b6ef7-2100-451a-a38e-671d08a7a387/value'
20:38:34.177 [AsyncHttpClient-1-2] DEBUG org.asynchttpclient.netty.handler.HttpHandler - 

Request DefaultHttpRequest(decodeResult: success, version: HTTP/1.1)
POST /session/ed9b79706457998d24b0c825d96f2185/element/380b6ef7-2100-451a-a38e-671d08a7a387/value HTTP/1.1
User-Agent: selenium/4.1.2 (java windows)
Content-Length: 171
Content-Type: application/json; charset=utf-8
host: localhost:60486
accept: */*

Response DefaultHttpResponse(decodeResult: success, version: HTTP/1.1)
HTTP/1.1 200 OK
Content-Type: application/json; charset=utf-8
cache-control: no-cache
content-length: 14

20:38:34.177 [AsyncHttpClient-1-2] DEBUG org.asynchttpclient.netty.channel.ChannelManager - Adding key: http://localhost:60486 for channel [id: 0xb05361c7, L:/127.0.0.1:62182 - R:localhost/127.0.0.1:60486]
20:38:34.182 [Forwarding findElement on session ed9b79706457998d24b0c825d96f2185 to remote] DEBUG org.asynchttpclient.netty.request.NettyRequestSender - Using pooled Channel '[id: 0xb05361c7, L:/127.0.0.1:62182 - R:localhost/127.0.0.1:60486]' for 'POST' to 'http://localhost:60486/session/ed9b79706457998d24b0c825d96f2185/element'
20:38:34.182 [Forwarding findElement on session ed9b79706457998d24b0c825d96f2185 to remote] DEBUG org.asynchttpclient.netty.request.NettyRequestSender - Using open Channel [id: 0xb05361c7, L:/127.0.0.1:62182 - R:localhost/127.0.0.1:60486] for POST '/session/ed9b79706457998d24b0c825d96f2185/element'
20:38:34.207 [AsyncHttpClient-1-2] DEBUG org.asynchttpclient.netty.handler.HttpHandler - 

Request DefaultHttpRequest(decodeResult: success, version: HTTP/1.1)
POST /session/ed9b79706457998d24b0c825d96f2185/element HTTP/1.1
User-Agent: selenium/4.1.2 (java windows)
Content-Length: 66
Content-Type: application/json; charset=utf-8
host: localhost:60486
accept: */*

Response DefaultHttpResponse(decodeResult: success, version: HTTP/1.1)
HTTP/1.1 200 OK
Content-Type: application/json; charset=utf-8
cache-control: no-cache
content-length: 88

20:38:34.207 [AsyncHttpClient-1-2] DEBUG org.asynchttpclient.netty.channel.ChannelManager - Adding key: http://localhost:60486 for channel [id: 0xb05361c7, L:/127.0.0.1:62182 - R:localhost/127.0.0.1:60486]
20:38:34.209 [Forwarding sendKeysToElement on session ed9b79706457998d24b0c825d96f2185 to remote] DEBUG org.asynchttpclient.netty.request.NettyRequestSender - Using pooled Channel '[id: 0xb05361c7, L:/127.0.0.1:62182 - R:localhost/127.0.0.1:60486]' for 'POST' to 'http://localhost:60486/session/ed9b79706457998d24b0c825d96f2185/element/93a99141-c887-4e04-ac65-253b3abe8bb5/value'
20:38:34.209 [Forwarding sendKeysToElement on session ed9b79706457998d24b0c825d96f2185 to remote] DEBUG org.asynchttpclient.netty.request.NettyRequestSender - Using open Channel [id: 0xb05361c7, L:/127.0.0.1:62182 - R:localhost/127.0.0.1:60486] for POST '/session/ed9b79706457998d24b0c825d96f2185/element/93a99141-c887-4e04-ac65-253b3abe8bb5/value'
20:38:34.331 [AsyncHttpClient-1-2] DEBUG org.asynchttpclient.netty.handler.HttpHandler - 

Request DefaultHttpRequest(decodeResult: success, version: HTTP/1.1)
POST /session/ed9b79706457998d24b0c825d96f2185/element/93a99141-c887-4e04-ac65-253b3abe8bb5/value HTTP/1.1
User-Agent: selenium/4.1.2 (java windows)
Content-Length: 139
Content-Type: application/json; charset=utf-8
host: localhost:60486
accept: */*

Response DefaultHttpResponse(decodeResult: success, version: HTTP/1.1)
HTTP/1.1 200 OK
Content-Type: application/json; charset=utf-8
cache-control: no-cache
content-length: 14

20:38:34.332 [AsyncHttpClient-1-2] DEBUG org.asynchttpclient.netty.channel.ChannelManager - Adding key: http://localhost:60486 for channel [id: 0xb05361c7, L:/127.0.0.1:62182 - R:localhost/127.0.0.1:60486]
20:38:34.336 [Forwarding findElement on session ed9b79706457998d24b0c825d96f2185 to remote] DEBUG org.asynchttpclient.netty.request.NettyRequestSender - Using pooled Channel '[id: 0xb05361c7, L:/127.0.0.1:62182 - R:localhost/127.0.0.1:60486]' for 'POST' to 'http://localhost:60486/session/ed9b79706457998d24b0c825d96f2185/element'
20:38:34.336 [Forwarding findElement on session ed9b79706457998d24b0c825d96f2185 to remote] DEBUG org.asynchttpclient.netty.request.NettyRequestSender - Using open Channel [id: 0xb05361c7, L:/127.0.0.1:62182 - R:localhost/127.0.0.1:60486] for POST '/session/ed9b79706457998d24b0c825d96f2185/element'
20:38:34.354 [AsyncHttpClient-1-2] DEBUG org.asynchttpclient.netty.handler.HttpHandler - 

Request DefaultHttpRequest(decodeResult: success, version: HTTP/1.1)
POST /session/ed9b79706457998d24b0c825d96f2185/element HTTP/1.1
User-Agent: selenium/4.1.2 (java windows)
Content-Length: 66
Content-Type: application/json; charset=utf-8
host: localhost:60486
accept: */*

Response DefaultHttpResponse(decodeResult: success, version: HTTP/1.1)
HTTP/1.1 200 OK
Content-Type: application/json; charset=utf-8
cache-control: no-cache
content-length: 88

20:38:34.354 [AsyncHttpClient-1-2] DEBUG org.asynchttpclient.netty.channel.ChannelManager - Adding key: http://localhost:60486 for channel [id: 0xb05361c7, L:/127.0.0.1:62182 - R:localhost/127.0.0.1:60486]
20:38:34.363 [Forwarding sendKeysToElement on session ed9b79706457998d24b0c825d96f2185 to remote] DEBUG org.asynchttpclient.netty.request.NettyRequestSender - Using pooled Channel '[id: 0xb05361c7, L:/127.0.0.1:62182 - R:localhost/127.0.0.1:60486]' for 'POST' to 'http://localhost:60486/session/ed9b79706457998d24b0c825d96f2185/element/93a99141-c887-4e04-ac65-253b3abe8bb5/value'
20:38:34.363 [Forwarding sendKeysToElement on session ed9b79706457998d24b0c825d96f2185 to remote] DEBUG org.asynchttpclient.netty.request.NettyRequestSender - Using open Channel [id: 0xb05361c7, L:/127.0.0.1:62182 - R:localhost/127.0.0.1:60486] for POST '/session/ed9b79706457998d24b0c825d96f2185/element/93a99141-c887-4e04-ac65-253b3abe8bb5/value'
20:38:34.568 [AsyncHttpClient-1-2] DEBUG org.asynchttpclient.netty.handler.HttpHandler - 

Request DefaultHttpRequest(decodeResult: success, version: HTTP/1.1)
POST /session/ed9b79706457998d24b0c825d96f2185/element/93a99141-c887-4e04-ac65-253b3abe8bb5/value HTTP/1.1
User-Agent: selenium/4.1.2 (java windows)
Content-Length: 101
Content-Type: application/json; charset=utf-8
host: localhost:60486
accept: */*

Response DefaultHttpResponse(decodeResult: success, version: HTTP/1.1)
HTTP/1.1 200 OK
Content-Type: application/json; charset=utf-8
cache-control: no-cache
content-length: 14

20:38:34.568 [AsyncHttpClient-1-2] DEBUG org.asynchttpclient.netty.channel.ChannelManager - Adding key: http://localhost:60486 for channel [id: 0xb05361c7, L:/127.0.0.1:62182 - R:localhost/127.0.0.1:60486]
20:38:34.582 [Forwarding screenshot on session ed9b79706457998d24b0c825d96f2185 to remote] DEBUG org.asynchttpclient.netty.request.NettyRequestSender - Using pooled Channel '[id: 0xb05361c7, L:/127.0.0.1:62182 - R:localhost/127.0.0.1:60486]' for 'GET' to 'http://localhost:60486/session/ed9b79706457998d24b0c825d96f2185/screenshot'
20:38:34.582 [Forwarding screenshot on session ed9b79706457998d24b0c825d96f2185 to remote] DEBUG org.asynchttpclient.netty.request.NettyRequestSender - Using open Channel [id: 0xb05361c7, L:/127.0.0.1:62182 - R:localhost/127.0.0.1:60486] for GET '/session/ed9b79706457998d24b0c825d96f2185/screenshot'
20:38:34.802 [AsyncHttpClient-1-1] DEBUG org.asynchttpclient.netty.channel.DefaultChannelPool - Entry count for : http://localhost:62185 : 1
20:38:34.979 [AsyncHttpClient-1-2] DEBUG org.asynchttpclient.netty.handler.HttpHandler - 

Request DefaultFullHttpRequest(decodeResult: success, version: HTTP/1.1, content: EmptyByteBufBE)
GET /session/ed9b79706457998d24b0c825d96f2185/screenshot HTTP/1.1
User-Agent: selenium/4.1.2 (java windows)
Cache-Control: no-cache
Content-Type: application/json; charset=utf-8
host: localhost:60486
accept: */*

Response DefaultHttpResponse(decodeResult: success, version: HTTP/1.1)
HTTP/1.1 200 OK
Content-Type: application/json; charset=utf-8
cache-control: no-cache
content-length: 405996

20:38:34.987 [AsyncHttpClient-1-2] DEBUG org.asynchttpclient.netty.channel.ChannelManager - Adding key: http://localhost:60486 for channel [id: 0xb05361c7, L:/127.0.0.1:62182 - R:localhost/127.0.0.1:60486]
20:38:35.018 [main] DEBUG net.serenitybdd.core.photography.Darkroom - Send negative for processing for target\site\serenity\2c2bc4185c9abf9ff74375c1e05f6d0454678226da0ea87ada6deeb2148657e1.png
20:38:35.018 [main] DEBUG net.thucydides.core.steps.StepInterceptor - STEP DONE: inputDataPasienEdit
  &amp#27;[32mThen &amp#27;[0m&amp#27;[32mI input edit &amp#27;[0m&amp#27;[32m&amp#27;[1m"56712"&amp#27;[0m&amp#27;[32m &amp#27;[0m&amp#27;[32m&amp#27;[1m"bGaSASUUQEW"&amp#27;[0m&amp#27;[32m &amp#27;[0m&amp#27;[32m&amp#27;[1m"ba"&amp#27;[0m&amp#27;[32m &amp#27;[0m&amp#27;[32m&amp#27;[1m"jngasjgxbba"&amp#27;[0m&amp#27;[32m &amp#27;[0m&amp#27;[32m&amp#27;[1m"970194371"&amp#27;[0m&amp#27;[32m patient&amp#27;[0m &amp#27;[90m# starter.stepdefinitios.PatientDataSteps.iInputEditPatient(java.lang.String,java.lang.String,java.lang.String,java.lang.String,java.lang.String)&amp#27;[0m
20:38:35.021 [Darkroom Processing Line] DEBUG net.serenitybdd.core.photography.DarkroomProcessingLine - Processing screenshot image in /var/screenshots/screenshot-7288164963289813770
20:38:35.021 [Darkroom Processing Line] DEBUG net.serenitybdd.core.photography.DarkroomProcessingLine - Saving screenshot to target\site\serenity\2c2bc4185c9abf9ff74375c1e05f6d0454678226da0ea87ada6deeb2148657e1.png
20:38:35.062 [main] DEBUG net.thucydides.core.steps.StepInterceptor - STARTING STEP: PatientDataSteps.iClickButtonJenisKelamin - clickLaki
20:38:35.072 [Forwarding findElement on session ed9b79706457998d24b0c825d96f2185 to remote] DEBUG org.asynchttpclient.netty.request.NettyRequestSender - Using pooled Channel '[id: 0xb05361c7, L:/127.0.0.1:62182 - R:localhost/127.0.0.1:60486]' for 'POST' to 'http://localhost:60486/session/ed9b79706457998d24b0c825d96f2185/element'
20:38:35.072 [Forwarding findElement on session ed9b79706457998d24b0c825d96f2185 to remote] DEBUG org.asynchttpclient.netty.request.NettyRequestSender - Using open Channel [id: 0xb05361c7, L:/127.0.0.1:62182 - R:localhost/127.0.0.1:60486] for POST '/session/ed9b79706457998d24b0c825d96f2185/element'
20:38:35.108 [AsyncHttpClient-1-2] DEBUG org.asynchttpclient.netty.handler.HttpHandler - 

Request DefaultHttpRequest(decodeResult: success, version: HTTP/1.1)
POST /session/ed9b79706457998d24b0c825d96f2185/element HTTP/1.1
User-Agent: selenium/4.1.2 (java windows)
Content-Length: 179
Content-Type: application/json; charset=utf-8
host: localhost:60486
accept: */*

Response DefaultHttpResponse(decodeResult: success, version: HTTP/1.1)
HTTP/1.1 200 OK
Content-Type: application/json; charset=utf-8
cache-control: no-cache
content-length: 88

20:38:35.108 [AsyncHttpClient-1-2] DEBUG org.asynchttpclient.netty.channel.ChannelManager - Adding key: http://localhost:60486 for channel [id: 0xb05361c7, L:/127.0.0.1:62182 - R:localhost/127.0.0.1:60486]
20:38:35.110 [Forwarding getElementTagName on session ed9b79706457998d24b0c825d96f2185 to remote] DEBUG org.asynchttpclient.netty.request.NettyRequestSender - Using pooled Channel '[id: 0xb05361c7, L:/127.0.0.1:62182 - R:localhost/127.0.0.1:60486]' for 'GET' to 'http://localhost:60486/session/ed9b79706457998d24b0c825d96f2185/element/8cddb87f-6eb9-4c7d-8b20-746a5df81d8d/name'
20:38:35.110 [Forwarding getElementTagName on session ed9b79706457998d24b0c825d96f2185 to remote] DEBUG org.asynchttpclient.netty.request.NettyRequestSender - Using open Channel [id: 0xb05361c7, L:/127.0.0.1:62182 - R:localhost/127.0.0.1:60486] for GET '/session/ed9b79706457998d24b0c825d96f2185/element/8cddb87f-6eb9-4c7d-8b20-746a5df81d8d/name'
20:38:35.131 [AsyncHttpClient-1-2] DEBUG org.asynchttpclient.netty.handler.HttpHandler - 

Request DefaultFullHttpRequest(decodeResult: success, version: HTTP/1.1, content: EmptyByteBufBE)
GET /session/ed9b79706457998d24b0c825d96f2185/element/8cddb87f-6eb9-4c7d-8b20-746a5df81d8d/name HTTP/1.1
User-Agent: selenium/4.1.2 (java windows)
Cache-Control: no-cache
Content-Type: application/json; charset=utf-8
host: localhost:60486
accept: */*

Response DefaultHttpResponse(decodeResult: success, version: HTTP/1.1)
HTTP/1.1 200 OK
Content-Type: application/json; charset=utf-8
cache-control: no-cache
content-length: 16

20:38:35.131 [AsyncHttpClient-1-2] DEBUG org.asynchttpclient.netty.channel.ChannelManager - Adding key: http://localhost:60486 for channel [id: 0xb05361c7, L:/127.0.0.1:62182 - R:localhost/127.0.0.1:60486]
20:38:35.133 [Forwarding getElementTagName on session ed9b79706457998d24b0c825d96f2185 to remote] DEBUG org.asynchttpclient.netty.request.NettyRequestSender - Using pooled Channel '[id: 0xb05361c7, L:/127.0.0.1:62182 - R:localhost/127.0.0.1:60486]' for 'GET' to 'http://localhost:60486/session/ed9b79706457998d24b0c825d96f2185/element/8cddb87f-6eb9-4c7d-8b20-746a5df81d8d/name'
20:38:35.133 [Forwarding getElementTagName on session ed9b79706457998d24b0c825d96f2185 to remote] DEBUG org.asynchttpclient.netty.request.NettyRequestSender - Using open Channel [id: 0xb05361c7, L:/127.0.0.1:62182 - R:localhost/127.0.0.1:60486] for GET '/session/ed9b79706457998d24b0c825d96f2185/element/8cddb87f-6eb9-4c7d-8b20-746a5df81d8d/name'
20:38:35.141 [AsyncHttpClient-1-2] DEBUG org.asynchttpclient.netty.handler.HttpHandler - 

Request DefaultFullHttpRequest(decodeResult: success, version: HTTP/1.1, content: EmptyByteBufBE)
GET /session/ed9b79706457998d24b0c825d96f2185/element/8cddb87f-6eb9-4c7d-8b20-746a5df81d8d/name HTTP/1.1
User-Agent: selenium/4.1.2 (java windows)
Cache-Control: no-cache
Content-Type: application/json; charset=utf-8
host: localhost:60486
accept: */*

Response DefaultHttpResponse(decodeResult: success, version: HTTP/1.1)
HTTP/1.1 200 OK
Content-Type: application/json; charset=utf-8
cache-control: no-cache
content-length: 16

20:38:35.142 [AsyncHttpClient-1-2] DEBUG org.asynchttpclient.netty.channel.ChannelManager - Adding key: http://localhost:60486 for channel [id: 0xb05361c7, L:/127.0.0.1:62182 - R:localhost/127.0.0.1:60486]
20:38:35.169 [Forwarding findElement on session ed9b79706457998d24b0c825d96f2185 to remote] DEBUG org.asynchttpclient.netty.request.NettyRequestSender - Using pooled Channel '[id: 0xb05361c7, L:/127.0.0.1:62182 - R:localhost/127.0.0.1:60486]' for 'POST' to 'http://localhost:60486/session/ed9b79706457998d24b0c825d96f2185/element'
20:38:35.170 [Forwarding findElement on session ed9b79706457998d24b0c825d96f2185 to remote] DEBUG org.asynchttpclient.netty.request.NettyRequestSender - Using open Channel [id: 0xb05361c7, L:/127.0.0.1:62182 - R:localhost/127.0.0.1:60486] for POST '/session/ed9b79706457998d24b0c825d96f2185/element'
20:38:35.194 [AsyncHttpClient-1-2] DEBUG org.asynchttpclient.netty.handler.HttpHandler - 

Request DefaultHttpRequest(decodeResult: success, version: HTTP/1.1)
POST /session/ed9b79706457998d24b0c825d96f2185/element HTTP/1.1
User-Agent: selenium/4.1.2 (java windows)
Content-Length: 179
Content-Type: application/json; charset=utf-8
host: localhost:60486
accept: */*

Response DefaultHttpResponse(decodeResult: success, version: HTTP/1.1)
HTTP/1.1 200 OK
Content-Type: application/json; charset=utf-8
cache-control: no-cache
content-length: 88

20:38:35.194 [AsyncHttpClient-1-2] DEBUG org.asynchttpclient.netty.channel.ChannelManager - Adding key: http://localhost:60486 for channel [id: 0xb05361c7, L:/127.0.0.1:62182 - R:localhost/127.0.0.1:60486]
20:38:35.196 [Forwarding clickElement on session ed9b79706457998d24b0c825d96f2185 to remote] DEBUG org.asynchttpclient.netty.request.NettyRequestSender - Using pooled Channel '[id: 0xb05361c7, L:/127.0.0.1:62182 - R:localhost/127.0.0.1:60486]' for 'POST' to 'http://localhost:60486/session/ed9b79706457998d24b0c825d96f2185/element/8cddb87f-6eb9-4c7d-8b20-746a5df81d8d/click'
20:38:35.196 [Forwarding clickElement on session ed9b79706457998d24b0c825d96f2185 to remote] DEBUG org.asynchttpclient.netty.request.NettyRequestSender - Using open Channel [id: 0xb05361c7, L:/127.0.0.1:62182 - R:localhost/127.0.0.1:60486] for POST '/session/ed9b79706457998d24b0c825d96f2185/element/8cddb87f-6eb9-4c7d-8b20-746a5df81d8d/click'
20:38:35.344 [AsyncHttpClient-1-2] DEBUG org.asynchttpclient.netty.handler.HttpHandler - 

Request DefaultHttpRequest(decodeResult: success, version: HTTP/1.1)
POST /session/ed9b79706457998d24b0c825d96f2185/element/8cddb87f-6eb9-4c7d-8b20-746a5df81d8d/click HTTP/1.1
User-Agent: selenium/4.1.2 (java windows)
Content-Length: 50
Content-Type: application/json; charset=utf-8
host: localhost:60486
accept: */*

Response DefaultHttpResponse(decodeResult: success, version: HTTP/1.1)
HTTP/1.1 200 OK
Content-Type: application/json; charset=utf-8
cache-control: no-cache
content-length: 14

20:38:35.344 [AsyncHttpClient-1-2] DEBUG org.asynchttpclient.netty.channel.ChannelManager - Adding key: http://localhost:60486 for channel [id: 0xb05361c7, L:/127.0.0.1:62182 - R:localhost/127.0.0.1:60486]
20:38:35.361 [Forwarding screenshot on session ed9b79706457998d24b0c825d96f2185 to remote] DEBUG org.asynchttpclient.netty.request.NettyRequestSender - Using pooled Channel '[id: 0xb05361c7, L:/127.0.0.1:62182 - R:localhost/127.0.0.1:60486]' for 'GET' to 'http://localhost:60486/session/ed9b79706457998d24b0c825d96f2185/screenshot'
20:38:35.361 [Forwarding screenshot on session ed9b79706457998d24b0c825d96f2185 to remote] DEBUG org.asynchttpclient.netty.request.NettyRequestSender - Using open Channel [id: 0xb05361c7, L:/127.0.0.1:62182 - R:localhost/127.0.0.1:60486] for GET '/session/ed9b79706457998d24b0c825d96f2185/screenshot'
20:38:35.811 [AsyncHttpClient-1-2] DEBUG org.asynchttpclient.netty.handler.HttpHandler - 

Request DefaultFullHttpRequest(decodeResult: success, version: HTTP/1.1, content: EmptyByteBufBE)
GET /session/ed9b79706457998d24b0c825d96f2185/screenshot HTTP/1.1
User-Agent: selenium/4.1.2 (java windows)
Cache-Control: no-cache
Content-Type: application/json; charset=utf-8
host: localhost:60486
accept: */*

Response DefaultHttpResponse(decodeResult: success, version: HTTP/1.1)
HTTP/1.1 200 OK
Content-Type: application/json; charset=utf-8
cache-control: no-cache
content-length: 403708

20:38:35.812 [AsyncHttpClient-1-2] DEBUG org.asynchttpclient.netty.channel.ChannelManager - Adding key: http://localhost:60486 for channel [id: 0xb05361c7, L:/127.0.0.1:62182 - R:localhost/127.0.0.1:60486]
20:38:35.845 [main] DEBUG net.serenitybdd.core.photography.Darkroom - Send negative for processing for target\site\serenity\be3e8de586f81d7b0f11514f46445020bc883efa6b85a0259e3530e10dcd935f.png
20:38:35.846 [main] DEBUG net.thucydides.core.steps.StepInterceptor - STEP DONE: clickLaki
  &amp#27;[32mAnd &amp#27;[0m&amp#27;[32mI click button jenis kelamin patient&amp#27;[0m                                       &amp#27;[90m# starter.stepdefinitios.PatientDataSteps.iClickButtonJenisKelamin()&amp#27;[0m
20:38:35.852 [Darkroom Processing Line] DEBUG net.serenitybdd.core.photography.DarkroomProcessingLine - Processing screenshot image in /var/screenshots/screenshot-4234692636507038603
20:38:35.852 [Darkroom Processing Line] DEBUG net.serenitybdd.core.photography.DarkroomProcessingLine - Saving screenshot to target\site\serenity\be3e8de586f81d7b0f11514f46445020bc883efa6b85a0259e3530e10dcd935f.png
20:38:35.893 [AsyncHttpClient-1-1] DEBUG org.asynchttpclient.netty.channel.DefaultChannelPool - Entry count for : http://localhost:60486 : 1
20:38:35.894 [AsyncHttpClient-1-1] DEBUG org.asynchttpclient.netty.channel.DefaultChannelPool - Entry count for : http://localhost:62185 : 1
20:38:35.896 [Forwarding screenshot on session ed9b79706457998d24b0c825d96f2185 to remote] DEBUG org.asynchttpclient.netty.request.NettyRequestSender - Using pooled Channel '[id: 0xb05361c7, L:/127.0.0.1:62182 - R:localhost/127.0.0.1:60486]' for 'GET' to 'http://localhost:60486/session/ed9b79706457998d24b0c825d96f2185/screenshot'
20:38:35.896 [Forwarding screenshot on session ed9b79706457998d24b0c825d96f2185 to remote] DEBUG org.asynchttpclient.netty.request.NettyRequestSender - Using open Channel [id: 0xb05361c7, L:/127.0.0.1:62182 - R:localhost/127.0.0.1:60486] for GET '/session/ed9b79706457998d24b0c825d96f2185/screenshot'
20:38:36.261 [AsyncHttpClient-1-2] DEBUG org.asynchttpclient.netty.handler.HttpHandler - 

Request DefaultFullHttpRequest(decodeResult: success, version: HTTP/1.1, content: EmptyByteBufBE)
GET /session/ed9b79706457998d24b0c825d96f2185/screenshot HTTP/1.1
User-Agent: selenium/4.1.2 (java windows)
Cache-Control: no-cache
Content-Type: application/json; charset=utf-8
host: localhost:60486
accept: */*

Response DefaultHttpResponse(decodeResult: success, version: HTTP/1.1)
HTTP/1.1 200 OK
Content-Type: application/json; charset=utf-8
cache-control: no-cache
content-length: 403708

20:38:36.263 [AsyncHttpClient-1-2] DEBUG org.asynchttpclient.netty.channel.ChannelManager - Adding key: http://localhost:60486 for channel [id: 0xb05361c7, L:/127.0.0.1:62182 - R:localhost/127.0.0.1:60486]
20:38:36.293 [main] DEBUG net.serenitybdd.core.photography.Darkroom - Send negative for processing for target\site\serenity\be3e8de586f81d7b0f11514f46445020bc883efa6b85a0259e3530e10dcd935f.png
20:38:36.293 [main] DEBUG net.thucydides.core.steps.StepInterceptor - STARTING STEP: PatientDataSteps.clickButtonSimpan - clickButtonSave
20:38:36.308 [Forwarding findElement on session ed9b79706457998d24b0c825d96f2185 to remote] DEBUG org.asynchttpclient.netty.request.NettyRequestSender - Using pooled Channel '[id: 0xb05361c7, L:/127.0.0.1:62182 - R:localhost/127.0.0.1:60486]' for 'POST' to 'http://localhost:60486/session/ed9b79706457998d24b0c825d96f2185/element'
20:38:36.308 [Forwarding findElement on session ed9b79706457998d24b0c825d96f2185 to remote] DEBUG org.asynchttpclient.netty.request.NettyRequestSender - Using open Channel [id: 0xb05361c7, L:/127.0.0.1:62182 - R:localhost/127.0.0.1:60486] for POST '/session/ed9b79706457998d24b0c825d96f2185/element'
20:38:36.334 [AsyncHttpClient-1-2] DEBUG org.asynchttpclient.netty.handler.HttpHandler - 

Request DefaultHttpRequest(decodeResult: success, version: HTTP/1.1)
POST /session/ed9b79706457998d24b0c825d96f2185/element HTTP/1.1
User-Agent: selenium/4.1.2 (java windows)
Content-Length: 68
Content-Type: application/json; charset=utf-8
host: localhost:60486
accept: */*

Response DefaultHttpResponse(decodeResult: success, version: HTTP/1.1)
HTTP/1.1 200 OK
Content-Type: application/json; charset=utf-8
cache-control: no-cache
content-length: 88

20:38:36.334 [AsyncHttpClient-1-2] DEBUG org.asynchttpclient.netty.channel.ChannelManager - Adding key: http://localhost:60486 for channel [id: 0xb05361c7, L:/127.0.0.1:62182 - R:localhost/127.0.0.1:60486]
20:38:36.334 [Forwarding getElementTagName on session ed9b79706457998d24b0c825d96f2185 to remote] DEBUG org.asynchttpclient.netty.request.NettyRequestSender - Using pooled Channel '[id: 0xb05361c7, L:/127.0.0.1:62182 - R:localhost/127.0.0.1:60486]' for 'GET' to 'http://localhost:60486/session/ed9b79706457998d24b0c825d96f2185/element/9905d7de-781f-4fb7-a579-dfa82c6ec827/name'
20:38:36.334 [Forwarding getElementTagName on session ed9b79706457998d24b0c825d96f2185 to remote] DEBUG org.asynchttpclient.netty.request.NettyRequestSender - Using open Channel [id: 0xb05361c7, L:/127.0.0.1:62182 - R:localhost/127.0.0.1:60486] for GET '/session/ed9b79706457998d24b0c825d96f2185/element/9905d7de-781f-4fb7-a579-dfa82c6ec827/name'
20:38:36.365 [AsyncHttpClient-1-2] DEBUG org.asynchttpclient.netty.handler.HttpHandler - 

Request DefaultFullHttpRequest(decodeResult: success, version: HTTP/1.1, content: EmptyByteBufBE)
GET /session/ed9b79706457998d24b0c825d96f2185/element/9905d7de-781f-4fb7-a579-dfa82c6ec827/name HTTP/1.1
User-Agent: selenium/4.1.2 (java windows)
Cache-Control: no-cache
Content-Type: application/json; charset=utf-8
host: localhost:60486
accept: */*

Response DefaultHttpResponse(decodeResult: success, version: HTTP/1.1)
HTTP/1.1 200 OK
Content-Type: application/json; charset=utf-8
cache-control: no-cache
content-length: 18

20:38:36.365 [AsyncHttpClient-1-2] DEBUG org.asynchttpclient.netty.channel.ChannelManager - Adding key: http://localhost:60486 for channel [id: 0xb05361c7, L:/127.0.0.1:62182 - R:localhost/127.0.0.1:60486]
20:38:36.374 [Forwarding getElementTagName on session ed9b79706457998d24b0c825d96f2185 to remote] DEBUG org.asynchttpclient.netty.request.NettyRequestSender - Using pooled Channel '[id: 0xb05361c7, L:/127.0.0.1:62182 - R:localhost/127.0.0.1:60486]' for 'GET' to 'http://localhost:60486/session/ed9b79706457998d24b0c825d96f2185/element/9905d7de-781f-4fb7-a579-dfa82c6ec827/name'
20:38:36.374 [Forwarding getElementTagName on session ed9b79706457998d24b0c825d96f2185 to remote] DEBUG org.asynchttpclient.netty.request.NettyRequestSender - Using open Channel [id: 0xb05361c7, L:/127.0.0.1:62182 - R:localhost/127.0.0.1:60486] for GET '/session/ed9b79706457998d24b0c825d96f2185/element/9905d7de-781f-4fb7-a579-dfa82c6ec827/name'
20:38:36.387 [AsyncHttpClient-1-2] DEBUG org.asynchttpclient.netty.handler.HttpHandler - 

Request DefaultFullHttpRequest(decodeResult: success, version: HTTP/1.1, content: EmptyByteBufBE)
GET /session/ed9b79706457998d24b0c825d96f2185/element/9905d7de-781f-4fb7-a579-dfa82c6ec827/name HTTP/1.1
User-Agent: selenium/4.1.2 (java windows)
Cache-Control: no-cache
Content-Type: application/json; charset=utf-8
host: localhost:60486
accept: */*

Response DefaultHttpResponse(decodeResult: success, version: HTTP/1.1)
HTTP/1.1 200 OK
Content-Type: application/json; charset=utf-8
cache-control: no-cache
content-length: 18

20:38:36.387 [AsyncHttpClient-1-2] DEBUG org.asynchttpclient.netty.channel.ChannelManager - Adding key: http://localhost:60486 for channel [id: 0xb05361c7, L:/127.0.0.1:62182 - R:localhost/127.0.0.1:60486]
20:38:36.397 [Forwarding isElementEnabled on session ed9b79706457998d24b0c825d96f2185 to remote] DEBUG org.asynchttpclient.netty.request.NettyRequestSender - Using pooled Channel '[id: 0xb05361c7, L:/127.0.0.1:62182 - R:localhost/127.0.0.1:60486]' for 'GET' to 'http://localhost:60486/session/ed9b79706457998d24b0c825d96f2185/element/9905d7de-781f-4fb7-a579-dfa82c6ec827/enabled'
20:38:36.397 [Forwarding isElementEnabled on session ed9b79706457998d24b0c825d96f2185 to remote] DEBUG org.asynchttpclient.netty.request.NettyRequestSender - Using open Channel [id: 0xb05361c7, L:/127.0.0.1:62182 - R:localhost/127.0.0.1:60486] for GET '/session/ed9b79706457998d24b0c825d96f2185/element/9905d7de-781f-4fb7-a579-dfa82c6ec827/enabled'
20:38:36.448 [AsyncHttpClient-1-2] DEBUG org.asynchttpclient.netty.handler.HttpHandler - 

Request DefaultFullHttpRequest(decodeResult: success, version: HTTP/1.1, content: EmptyByteBufBE)
GET /session/ed9b79706457998d24b0c825d96f2185/element/9905d7de-781f-4fb7-a579-dfa82c6ec827/enabled HTTP/1.1
User-Agent: selenium/4.1.2 (java windows)
Cache-Control: no-cache
Content-Type: application/json; charset=utf-8
host: localhost:60486
accept: */*

Response DefaultHttpResponse(decodeResult: success, version: HTTP/1.1)
HTTP/1.1 200 OK
Content-Type: application/json; charset=utf-8
cache-control: no-cache
content-length: 14

20:38:36.448 [AsyncHttpClient-1-2] DEBUG org.asynchttpclient.netty.channel.ChannelManager - Adding key: http://localhost:60486 for channel [id: 0xb05361c7, L:/127.0.0.1:62182 - R:localhost/127.0.0.1:60486]
20:38:36.456 [Forwarding isElementEnabled on session ed9b79706457998d24b0c825d96f2185 to remote] DEBUG org.asynchttpclient.netty.request.NettyRequestSender - Using pooled Channel '[id: 0xb05361c7, L:/127.0.0.1:62182 - R:localhost/127.0.0.1:60486]' for 'GET' to 'http://localhost:60486/session/ed9b79706457998d24b0c825d96f2185/element/9905d7de-781f-4fb7-a579-dfa82c6ec827/enabled'
20:38:36.456 [Forwarding isElementEnabled on session ed9b79706457998d24b0c825d96f2185 to remote] DEBUG org.asynchttpclient.netty.request.NettyRequestSender - Using open Channel [id: 0xb05361c7, L:/127.0.0.1:62182 - R:localhost/127.0.0.1:60486] for GET '/session/ed9b79706457998d24b0c825d96f2185/element/9905d7de-781f-4fb7-a579-dfa82c6ec827/enabled'
20:38:36.470 [AsyncHttpClient-1-2] DEBUG org.asynchttpclient.netty.handler.HttpHandler - 

Request DefaultFullHttpRequest(decodeResult: success, version: HTTP/1.1, content: EmptyByteBufBE)
GET /session/ed9b79706457998d24b0c825d96f2185/element/9905d7de-781f-4fb7-a579-dfa82c6ec827/enabled HTTP/1.1
User-Agent: selenium/4.1.2 (java windows)
Cache-Control: no-cache
Content-Type: application/json; charset=utf-8
host: localhost:60486
accept: */*

Response DefaultHttpResponse(decodeResult: success, version: HTTP/1.1)
HTTP/1.1 200 OK
Content-Type: application/json; charset=utf-8
cache-control: no-cache
content-length: 14

20:38:36.470 [AsyncHttpClient-1-2] DEBUG org.asynchttpclient.netty.channel.ChannelManager - Adding key: http://localhost:60486 for channel [id: 0xb05361c7, L:/127.0.0.1:62182 - R:localhost/127.0.0.1:60486]
20:38:36.470 [Forwarding findElement on session ed9b79706457998d24b0c825d96f2185 to remote] DEBUG org.asynchttpclient.netty.request.NettyRequestSender - Using pooled Channel '[id: 0xb05361c7, L:/127.0.0.1:62182 - R:localhost/127.0.0.1:60486]' for 'POST' to 'http://localhost:60486/session/ed9b79706457998d24b0c825d96f2185/element'
20:38:36.470 [Forwarding findElement on session ed9b79706457998d24b0c825d96f2185 to remote] DEBUG org.asynchttpclient.netty.request.NettyRequestSender - Using open Channel [id: 0xb05361c7, L:/127.0.0.1:62182 - R:localhost/127.0.0.1:60486] for POST '/session/ed9b79706457998d24b0c825d96f2185/element'
20:38:36.500 [AsyncHttpClient-1-2] DEBUG org.asynchttpclient.netty.handler.HttpHandler - 

Request DefaultHttpRequest(decodeResult: success, version: HTTP/1.1)
POST /session/ed9b79706457998d24b0c825d96f2185/element HTTP/1.1
User-Agent: selenium/4.1.2 (java windows)
Content-Length: 68
Content-Type: application/json; charset=utf-8
host: localhost:60486
accept: */*

Response DefaultHttpResponse(decodeResult: success, version: HTTP/1.1)
HTTP/1.1 200 OK
Content-Type: application/json; charset=utf-8
cache-control: no-cache
content-length: 88

20:38:36.500 [AsyncHttpClient-1-2] DEBUG org.asynchttpclient.netty.channel.ChannelManager - Adding key: http://localhost:60486 for channel [id: 0xb05361c7, L:/127.0.0.1:62182 - R:localhost/127.0.0.1:60486]
20:38:36.508 [Forwarding clickElement on session ed9b79706457998d24b0c825d96f2185 to remote] DEBUG org.asynchttpclient.netty.request.NettyRequestSender - Using pooled Channel '[id: 0xb05361c7, L:/127.0.0.1:62182 - R:localhost/127.0.0.1:60486]' for 'POST' to 'http://localhost:60486/session/ed9b79706457998d24b0c825d96f2185/element/9905d7de-781f-4fb7-a579-dfa82c6ec827/click'
20:38:36.508 [Forwarding clickElement on session ed9b79706457998d24b0c825d96f2185 to remote] DEBUG org.asynchttpclient.netty.request.NettyRequestSender - Using open Channel [id: 0xb05361c7, L:/127.0.0.1:62182 - R:localhost/127.0.0.1:60486] for POST '/session/ed9b79706457998d24b0c825d96f2185/element/9905d7de-781f-4fb7-a579-dfa82c6ec827/click'
20:38:36.613 [AsyncHttpClient-1-2] DEBUG org.asynchttpclient.netty.handler.HttpHandler - 

Request DefaultHttpRequest(decodeResult: success, version: HTTP/1.1)
POST /session/ed9b79706457998d24b0c825d96f2185/element/9905d7de-781f-4fb7-a579-dfa82c6ec827/click HTTP/1.1
User-Agent: selenium/4.1.2 (java windows)
Content-Length: 50
Content-Type: application/json; charset=utf-8
host: localhost:60486
accept: */*

Response DefaultHttpResponse(decodeResult: success, version: HTTP/1.1)
HTTP/1.1 200 OK
Content-Type: application/json; charset=utf-8
cache-control: no-cache
content-length: 14

20:38:36.614 [AsyncHttpClient-1-2] DEBUG org.asynchttpclient.netty.channel.ChannelManager - Adding key: http://localhost:60486 for channel [id: 0xb05361c7, L:/127.0.0.1:62182 - R:localhost/127.0.0.1:60486]
20:38:36.637 [Forwarding screenshot on session ed9b79706457998d24b0c825d96f2185 to remote] DEBUG org.asynchttpclient.netty.request.NettyRequestSender - Using pooled Channel '[id: 0xb05361c7, L:/127.0.0.1:62182 - R:localhost/127.0.0.1:60486]' for 'GET' to 'http://localhost:60486/session/ed9b79706457998d24b0c825d96f2185/screenshot'
20:38:36.637 [Forwarding screenshot on session ed9b79706457998d24b0c825d96f2185 to remote] DEBUG org.asynchttpclient.netty.request.NettyRequestSender - Using open Channel [id: 0xb05361c7, L:/127.0.0.1:62182 - R:localhost/127.0.0.1:60486] for GET '/session/ed9b79706457998d24b0c825d96f2185/screenshot'
20:38:36.996 [AsyncHttpClient-1-1] DEBUG org.asynchttpclient.netty.channel.DefaultChannelPool - Entry count for : http://localhost:62185 : 1
20:38:37.518 [AsyncHttpClient-1-2] DEBUG org.asynchttpclient.netty.handler.HttpHandler - 

Request DefaultFullHttpRequest(decodeResult: success, version: HTTP/1.1, content: EmptyByteBufBE)
GET /session/ed9b79706457998d24b0c825d96f2185/screenshot HTTP/1.1
User-Agent: selenium/4.1.2 (java windows)
Cache-Control: no-cache
Content-Type: application/json; charset=utf-8
host: localhost:60486
accept: */*

Response DefaultHttpResponse(decodeResult: success, version: HTTP/1.1)
HTTP/1.1 200 OK
Content-Type: application/json; charset=utf-8
cache-control: no-cache
content-length: 403308

20:38:37.518 [AsyncHttpClient-1-2] DEBUG org.asynchttpclient.netty.channel.ChannelManager - Adding key: http://localhost:60486 for channel [id: 0xb05361c7, L:/127.0.0.1:62182 - R:localhost/127.0.0.1:60486]
20:38:37.547 [main] DEBUG net.serenitybdd.core.photography.Darkroom - Send negative for processing for target\site\serenity\5386b3bcb621be083c618bfa77340a9e0c9f57011846015738132614214124fc.png
20:38:37.547 [main] DEBUG net.thucydides.core.steps.StepInterceptor - STEP DONE: clickButtonSave
  &amp#27;[32mAnd &amp#27;[0m&amp#27;[32mClick button simpan&amp#27;[0m                                                        &amp#27;[90m# starter.stepdefinitios.PatientDataSteps.clickButtonSimpan()&amp#27;[0m
20:38:37.549 [Darkroom Processing Line] DEBUG net.serenitybdd.core.photography.DarkroomProcessingLine - Processing screenshot image in /var/screenshots/screenshot-16010314354713378956
20:38:37.549 [Darkroom Processing Line] DEBUG net.serenitybdd.core.photography.DarkroomProcessingLine - Saving screenshot to target\site\serenity\5386b3bcb621be083c618bfa77340a9e0c9f57011846015738132614214124fc.png
20:38:38.094 [AsyncHttpClient-1-1] DEBUG org.asynchttpclient.netty.channel.DefaultChannelPool - Entry count for : http://localhost:60486 : 1
20:38:38.094 [AsyncHttpClient-1-1] DEBUG org.asynchttpclient.netty.channel.DefaultChannelPool - Entry count for : http://localhost:62185 : 1
20:38:38.112 [Forwarding screenshot on session ed9b79706457998d24b0c825d96f2185 to remote] DEBUG org.asynchttpclient.netty.request.NettyRequestSender - Using pooled Channel '[id: 0xb05361c7, L:/127.0.0.1:62182 - R:localhost/127.0.0.1:60486]' for 'GET' to 'http://localhost:60486/session/ed9b79706457998d24b0c825d96f2185/screenshot'
20:38:38.112 [Forwarding screenshot on session ed9b79706457998d24b0c825d96f2185 to remote] DEBUG org.asynchttpclient.netty.request.NettyRequestSender - Using open Channel [id: 0xb05361c7, L:/127.0.0.1:62182 - R:localhost/127.0.0.1:60486] for GET '/session/ed9b79706457998d24b0c825d96f2185/screenshot'
20:38:38.123 [AsyncHttpClient-1-2] DEBUG org.asynchttpclient.netty.handler.HttpHandler - 

Request DefaultFullHttpRequest(decodeResult: success, version: HTTP/1.1, content: EmptyByteBufBE)
GET /session/ed9b79706457998d24b0c825d96f2185/screenshot HTTP/1.1
User-Agent: selenium/4.1.2 (java windows)
Cache-Control: no-cache
Content-Type: application/json; charset=utf-8
host: localhost:60486
accept: */*

Response DefaultHttpResponse(decodeResult: success, version: HTTP/1.1)
HTTP/1.1 500 Internal Server Error
Content-Type: application/json; charset=utf-8
cache-control: no-cache
content-length: 889

20:38:38.123 [AsyncHttpClient-1-2] DEBUG org.asynchttpclient.netty.channel.ChannelManager - Adding key: http://localhost:60486 for channel [id: 0xb05361c7, L:/127.0.0.1:62182 - R:localhost/127.0.0.1:60486]
20:38:38.125 [main] WARN net.thucydides.core.webdriver.WebDriverFacade - Failed to take screenshot (unexpected alert open: {Alert text : data telah diubah}
  (Session info: chrome=102.0.5005.115): data telah diubah
Build info: version: '4.1.2', revision: '9a5a329c5a'
System info: host: 'MOOK-HON', ip: '192.168.100.6', os.name: 'Windows 10', os.arch: 'amd64', os.version: '10.0', java.version: '11.0.14'
Driver info: org.openqa.selenium.chrome.ChromeDriver
Command: [ed9b79706457998d24b0c825d96f2185, screenshot {}]
Capabilities {acceptInsecureCerts: false, browserName: chrome, browserVersion: 102.0.5005.115, chrome: {chromedriverVersion: 102.0.5005.61 (0e59bcc00cc4..., userDataDir: C:\Users\ASUS\AppData\Local...}, goog:chromeOptions: {debuggerAddress: localhost:62185}, javascriptEnabled: true, networkConnectionEnabled: false, pageLoadStrategy: normal, platform: WINDOWS, platformName: WINDOWS, proxy: Proxy(), se:cdp: ws://localhost:62185/devtoo..., se:cdpVersion: 102.0.5005.115, setWindowRect: true, strictFileInteractability: false, timeouts: {implicit: 0, pageLoad: 300000, script: 30000}, unhandledPromptBehavior: dismiss and notify, webauthn:extension:credBlob: true, webauthn:extension:largeBlob: true, webauthn:virtualAuthenticators: true}
Session ID: ed9b79706457998d24b0c825d96f2185)
20:38:38.126 [main] DEBUG net.thucydides.core.steps.StepInterceptor - STARTING STEP: PatientDataSteps.validEditData - clickButtonBack
20:38:38.140 [Forwarding findElement on session ed9b79706457998d24b0c825d96f2185 to remote] DEBUG org.asynchttpclient.netty.request.NettyRequestSender - Using pooled Channel '[id: 0xb05361c7, L:/127.0.0.1:62182 - R:localhost/127.0.0.1:60486]' for 'POST' to 'http://localhost:60486/session/ed9b79706457998d24b0c825d96f2185/element'
20:38:38.140 [Forwarding findElement on session ed9b79706457998d24b0c825d96f2185 to remote] DEBUG org.asynchttpclient.netty.request.NettyRequestSender - Using open Channel [id: 0xb05361c7, L:/127.0.0.1:62182 - R:localhost/127.0.0.1:60486] for POST '/session/ed9b79706457998d24b0c825d96f2185/element'
20:38:38.179 [AsyncHttpClient-1-2] DEBUG org.asynchttpclient.netty.handler.HttpHandler - 

Request DefaultHttpRequest(decodeResult: success, version: HTTP/1.1)
POST /session/ed9b79706457998d24b0c825d96f2185/element HTTP/1.1
User-Agent: selenium/4.1.2 (java windows)
Content-Length: 137
Content-Type: application/json; charset=utf-8
host: localhost:60486
accept: */*

Response DefaultHttpResponse(decodeResult: success, version: HTTP/1.1)
HTTP/1.1 200 OK
Content-Type: application/json; charset=utf-8
cache-control: no-cache
content-length: 88

20:38:38.179 [AsyncHttpClient-1-2] DEBUG org.asynchttpclient.netty.channel.ChannelManager - Adding key: http://localhost:60486 for channel [id: 0xb05361c7, L:/127.0.0.1:62182 - R:localhost/127.0.0.1:60486]
20:38:38.183 [Forwarding getElementTagName on session ed9b79706457998d24b0c825d96f2185 to remote] DEBUG org.asynchttpclient.netty.request.NettyRequestSender - Using pooled Channel '[id: 0xb05361c7, L:/127.0.0.1:62182 - R:localhost/127.0.0.1:60486]' for 'GET' to 'http://localhost:60486/session/ed9b79706457998d24b0c825d96f2185/element/36a6b44a-9ab0-4ce5-b9d2-fa799fd6be87/name'
20:38:38.184 [Forwarding getElementTagName on session ed9b79706457998d24b0c825d96f2185 to remote] DEBUG org.asynchttpclient.netty.request.NettyRequestSender - Using open Channel [id: 0xb05361c7, L:/127.0.0.1:62182 - R:localhost/127.0.0.1:60486] for GET '/session/ed9b79706457998d24b0c825d96f2185/element/36a6b44a-9ab0-4ce5-b9d2-fa799fd6be87/name'
20:38:38.200 [AsyncHttpClient-1-2] DEBUG org.asynchttpclient.netty.handler.HttpHandler - 

Request DefaultFullHttpRequest(decodeResult: success, version: HTTP/1.1, content: EmptyByteBufBE)
GET /session/ed9b79706457998d24b0c825d96f2185/element/36a6b44a-9ab0-4ce5-b9d2-fa799fd6be87/name HTTP/1.1
User-Agent: selenium/4.1.2 (java windows)
Cache-Control: no-cache
Content-Type: application/json; charset=utf-8
host: localhost:60486
accept: */*

Response DefaultHttpResponse(decodeResult: success, version: HTTP/1.1)
HTTP/1.1 200 OK
Content-Type: application/json; charset=utf-8
cache-control: no-cache
content-length: 18

20:38:38.200 [AsyncHttpClient-1-2] DEBUG org.asynchttpclient.netty.channel.ChannelManager - Adding key: http://localhost:60486 for channel [id: 0xb05361c7, L:/127.0.0.1:62182 - R:localhost/127.0.0.1:60486]
20:38:38.202 [Forwarding getElementTagName on session ed9b79706457998d24b0c825d96f2185 to remote] DEBUG org.asynchttpclient.netty.request.NettyRequestSender - Using pooled Channel '[id: 0xb05361c7, L:/127.0.0.1:62182 - R:localhost/127.0.0.1:60486]' for 'GET' to 'http://localhost:60486/session/ed9b79706457998d24b0c825d96f2185/element/36a6b44a-9ab0-4ce5-b9d2-fa799fd6be87/name'
20:38:38.202 [Forwarding getElementTagName on session ed9b79706457998d24b0c825d96f2185 to remote] DEBUG org.asynchttpclient.netty.request.NettyRequestSender - Using open Channel [id: 0xb05361c7, L:/127.0.0.1:62182 - R:localhost/127.0.0.1:60486] for GET '/session/ed9b79706457998d24b0c825d96f2185/element/36a6b44a-9ab0-4ce5-b9d2-fa799fd6be87/name'
20:38:38.227 [AsyncHttpClient-1-2] DEBUG org.asynchttpclient.netty.handler.HttpHandler - 

Request DefaultFullHttpRequest(decodeResult: success, version: HTTP/1.1, content: EmptyByteBufBE)
GET /session/ed9b79706457998d24b0c825d96f2185/element/36a6b44a-9ab0-4ce5-b9d2-fa799fd6be87/name HTTP/1.1
User-Agent: selenium/4.1.2 (java windows)
Cache-Control: no-cache
Content-Type: application/json; charset=utf-8
host: localhost:60486
accept: */*

Response DefaultHttpResponse(decodeResult: success, version: HTTP/1.1)
HTTP/1.1 200 OK
Content-Type: application/json; charset=utf-8
cache-control: no-cache
content-length: 18

20:38:38.227 [AsyncHttpClient-1-2] DEBUG org.asynchttpclient.netty.channel.ChannelManager - Adding key: http://localhost:60486 for channel [id: 0xb05361c7, L:/127.0.0.1:62182 - R:localhost/127.0.0.1:60486]
20:38:38.232 [Forwarding isElementEnabled on session ed9b79706457998d24b0c825d96f2185 to remote] DEBUG org.asynchttpclient.netty.request.NettyRequestSender - Using pooled Channel '[id: 0xb05361c7, L:/127.0.0.1:62182 - R:localhost/127.0.0.1:60486]' for 'GET' to 'http://localhost:60486/session/ed9b79706457998d24b0c825d96f2185/element/36a6b44a-9ab0-4ce5-b9d2-fa799fd6be87/enabled'
20:38:38.233 [Forwarding isElementEnabled on session ed9b79706457998d24b0c825d96f2185 to remote] DEBUG org.asynchttpclient.netty.request.NettyRequestSender - Using open Channel [id: 0xb05361c7, L:/127.0.0.1:62182 - R:localhost/127.0.0.1:60486] for GET '/session/ed9b79706457998d24b0c825d96f2185/element/36a6b44a-9ab0-4ce5-b9d2-fa799fd6be87/enabled'
20:38:38.258 [AsyncHttpClient-1-2] DEBUG org.asynchttpclient.netty.handler.HttpHandler - 

Request DefaultFullHttpRequest(decodeResult: success, version: HTTP/1.1, content: EmptyByteBufBE)
GET /session/ed9b79706457998d24b0c825d96f2185/element/36a6b44a-9ab0-4ce5-b9d2-fa799fd6be87/enabled HTTP/1.1
User-Agent: selenium/4.1.2 (java windows)
Cache-Control: no-cache
Content-Type: application/json; charset=utf-8
host: localhost:60486
accept: */*

Response DefaultHttpResponse(decodeResult: success, version: HTTP/1.1)
HTTP/1.1 200 OK
Content-Type: application/json; charset=utf-8
cache-control: no-cache
content-length: 14

20:38:38.259 [AsyncHttpClient-1-2] DEBUG org.asynchttpclient.netty.channel.ChannelManager - Adding key: http://localhost:60486 for channel [id: 0xb05361c7, L:/127.0.0.1:62182 - R:localhost/127.0.0.1:60486]
20:38:38.261 [Forwarding isElementEnabled on session ed9b79706457998d24b0c825d96f2185 to remote] DEBUG org.asynchttpclient.netty.request.NettyRequestSender - Using pooled Channel '[id: 0xb05361c7, L:/127.0.0.1:62182 - R:localhost/127.0.0.1:60486]' for 'GET' to 'http://localhost:60486/session/ed9b79706457998d24b0c825d96f2185/element/36a6b44a-9ab0-4ce5-b9d2-fa799fd6be87/enabled'
20:38:38.261 [Forwarding isElementEnabled on session ed9b79706457998d24b0c825d96f2185 to remote] DEBUG org.asynchttpclient.netty.request.NettyRequestSender - Using open Channel [id: 0xb05361c7, L:/127.0.0.1:62182 - R:localhost/127.0.0.1:60486] for GET '/session/ed9b79706457998d24b0c825d96f2185/element/36a6b44a-9ab0-4ce5-b9d2-fa799fd6be87/enabled'
20:38:38.276 [AsyncHttpClient-1-2] DEBUG org.asynchttpclient.netty.handler.HttpHandler - 

Request DefaultFullHttpRequest(decodeResult: success, version: HTTP/1.1, content: EmptyByteBufBE)
GET /session/ed9b79706457998d24b0c825d96f2185/element/36a6b44a-9ab0-4ce5-b9d2-fa799fd6be87/enabled HTTP/1.1
User-Agent: selenium/4.1.2 (java windows)
Cache-Control: no-cache
Content-Type: application/json; charset=utf-8
host: localhost:60486
accept: */*

Response DefaultHttpResponse(decodeResult: success, version: HTTP/1.1)
HTTP/1.1 200 OK
Content-Type: application/json; charset=utf-8
cache-control: no-cache
content-length: 14

20:38:38.276 [AsyncHttpClient-1-2] DEBUG org.asynchttpclient.netty.channel.ChannelManager - Adding key: http://localhost:60486 for channel [id: 0xb05361c7, L:/127.0.0.1:62182 - R:localhost/127.0.0.1:60486]
20:38:38.280 [Forwarding findElement on session ed9b79706457998d24b0c825d96f2185 to remote] DEBUG org.asynchttpclient.netty.request.NettyRequestSender - Using pooled Channel '[id: 0xb05361c7, L:/127.0.0.1:62182 - R:localhost/127.0.0.1:60486]' for 'POST' to 'http://localhost:60486/session/ed9b79706457998d24b0c825d96f2185/element'
20:38:38.280 [Forwarding findElement on session ed9b79706457998d24b0c825d96f2185 to remote] DEBUG org.asynchttpclient.netty.request.NettyRequestSender - Using open Channel [id: 0xb05361c7, L:/127.0.0.1:62182 - R:localhost/127.0.0.1:60486] for POST '/session/ed9b79706457998d24b0c825d96f2185/element'
20:38:38.308 [AsyncHttpClient-1-2] DEBUG org.asynchttpclient.netty.handler.HttpHandler - 

Request DefaultHttpRequest(decodeResult: success, version: HTTP/1.1)
POST /session/ed9b79706457998d24b0c825d96f2185/element HTTP/1.1
User-Agent: selenium/4.1.2 (java windows)
Content-Length: 137
Content-Type: application/json; charset=utf-8
host: localhost:60486
accept: */*

Response DefaultHttpResponse(decodeResult: success, version: HTTP/1.1)
HTTP/1.1 200 OK
Content-Type: application/json; charset=utf-8
cache-control: no-cache
content-length: 88

20:38:38.309 [AsyncHttpClient-1-2] DEBUG org.asynchttpclient.netty.channel.ChannelManager - Adding key: http://localhost:60486 for channel [id: 0xb05361c7, L:/127.0.0.1:62182 - R:localhost/127.0.0.1:60486]
20:38:38.311 [Forwarding clickElement on session ed9b79706457998d24b0c825d96f2185 to remote] DEBUG org.asynchttpclient.netty.request.NettyRequestSender - Using pooled Channel '[id: 0xb05361c7, L:/127.0.0.1:62182 - R:localhost/127.0.0.1:60486]' for 'POST' to 'http://localhost:60486/session/ed9b79706457998d24b0c825d96f2185/element/36a6b44a-9ab0-4ce5-b9d2-fa799fd6be87/click'
20:38:38.311 [Forwarding clickElement on session ed9b79706457998d24b0c825d96f2185 to remote] DEBUG org.asynchttpclient.netty.request.NettyRequestSender - Using open Channel [id: 0xb05361c7, L:/127.0.0.1:62182 - R:localhost/127.0.0.1:60486] for POST '/session/ed9b79706457998d24b0c825d96f2185/element/36a6b44a-9ab0-4ce5-b9d2-fa799fd6be87/click'
20:38:38.543 [AsyncHttpClient-1-2] DEBUG org.asynchttpclient.netty.handler.HttpHandler - 

Request DefaultHttpRequest(decodeResult: success, version: HTTP/1.1)
POST /session/ed9b79706457998d24b0c825d96f2185/element/36a6b44a-9ab0-4ce5-b9d2-fa799fd6be87/click HTTP/1.1
User-Agent: selenium/4.1.2 (java windows)
Content-Length: 50
Content-Type: application/json; charset=utf-8
host: localhost:60486
accept: */*

Response DefaultHttpResponse(decodeResult: success, version: HTTP/1.1)
HTTP/1.1 200 OK
Content-Type: application/json; charset=utf-8
cache-control: no-cache
content-length: 14

20:38:38.543 [AsyncHttpClient-1-2] DEBUG org.asynchttpclient.netty.channel.ChannelManager - Adding key: http://localhost:60486 for channel [id: 0xb05361c7, L:/127.0.0.1:62182 - R:localhost/127.0.0.1:60486]
20:38:38.570 [Forwarding screenshot on session ed9b79706457998d24b0c825d96f2185 to remote] DEBUG org.asynchttpclient.netty.request.NettyRequestSender - Using pooled Channel '[id: 0xb05361c7, L:/127.0.0.1:62182 - R:localhost/127.0.0.1:60486]' for 'GET' to 'http://localhost:60486/session/ed9b79706457998d24b0c825d96f2185/screenshot'
20:38:38.571 [Forwarding screenshot on session ed9b79706457998d24b0c825d96f2185 to remote] DEBUG org.asynchttpclient.netty.request.NettyRequestSender - Using open Channel [id: 0xb05361c7, L:/127.0.0.1:62182 - R:localhost/127.0.0.1:60486] for GET '/session/ed9b79706457998d24b0c825d96f2185/screenshot'
20:38:39.124 [AsyncHttpClient-1-2] DEBUG org.asynchttpclient.netty.handler.HttpHandler - 

Request DefaultFullHttpRequest(decodeResult: success, version: HTTP/1.1, content: EmptyByteBufBE)
GET /session/ed9b79706457998d24b0c825d96f2185/screenshot HTTP/1.1
User-Agent: selenium/4.1.2 (java windows)
Cache-Control: no-cache
Content-Type: application/json; charset=utf-8
host: localhost:60486
accept: */*

Response DefaultHttpResponse(decodeResult: success, version: HTTP/1.1)
HTTP/1.1 200 OK
Content-Type: application/json; charset=utf-8
cache-control: no-cache
content-length: 392816

20:38:39.128 [AsyncHttpClient-1-2] DEBUG org.asynchttpclient.netty.channel.ChannelManager - Adding key: http://localhost:60486 for channel [id: 0xb05361c7, L:/127.0.0.1:62182 - R:localhost/127.0.0.1:60486]
20:38:39.175 [main] DEBUG net.serenitybdd.core.photography.Darkroom - Send negative for processing for target\site\serenity\825fb35c1720409216e693686f6918cc565ee5cab7ad29779d51bb15e724cddb.png
20:38:39.175 [main] DEBUG net.thucydides.core.steps.StepInterceptor - STEP DONE: clickButtonBack
20:38:39.183 [Darkroom Processing Line] DEBUG net.serenitybdd.core.photography.DarkroomProcessingLine - Processing screenshot image in /var/screenshots/screenshot-5508116559679374185
20:38:39.183 [Darkroom Processing Line] DEBUG net.serenitybdd.core.photography.DarkroomProcessingLine - Saving screenshot to target\site\serenity\825fb35c1720409216e693686f6918cc565ee5cab7ad29779d51bb15e724cddb.png
20:38:39.203 [AsyncHttpClient-1-1] DEBUG org.asynchttpclient.netty.channel.DefaultChannelPool - Entry count for : http://localhost:60486 : 1
20:38:39.203 [AsyncHttpClient-1-1] DEBUG org.asynchttpclient.netty.channel.DefaultChannelPool - Entry count for : http://localhost:62185 : 1
20:38:39.203 [main] DEBUG net.thucydides.core.steps.StepInterceptor - STARTING STEP: PatientDataSteps.validEditData - checkValidDataPasien
20:38:39.225 [Forwarding findElement on session ed9b79706457998d24b0c825d96f2185 to remote] DEBUG org.asynchttpclient.netty.request.NettyRequestSender - Using pooled Channel '[id: 0xb05361c7, L:/127.0.0.1:62182 - R:localhost/127.0.0.1:60486]' for 'POST' to 'http://localhost:60486/session/ed9b79706457998d24b0c825d96f2185/element'
20:38:39.225 [Forwarding findElement on session ed9b79706457998d24b0c825d96f2185 to remote] DEBUG org.asynchttpclient.netty.request.NettyRequestSender - Using open Channel [id: 0xb05361c7, L:/127.0.0.1:62182 - R:localhost/127.0.0.1:60486] for POST '/session/ed9b79706457998d24b0c825d96f2185/element'
20:38:39.262 [AsyncHttpClient-1-2] DEBUG org.asynchttpclient.netty.handler.HttpHandler - 

Request DefaultHttpRequest(decodeResult: success, version: HTTP/1.1)
POST /session/ed9b79706457998d24b0c825d96f2185/element HTTP/1.1
User-Agent: selenium/4.1.2 (java windows)
Content-Length: 95
Content-Type: application/json; charset=utf-8
host: localhost:60486
accept: */*

Response DefaultHttpResponse(decodeResult: success, version: HTTP/1.1)
HTTP/1.1 200 OK
Content-Type: application/json; charset=utf-8
cache-control: no-cache
content-length: 88

20:38:39.263 [AsyncHttpClient-1-2] DEBUG org.asynchttpclient.netty.channel.ChannelManager - Adding key: http://localhost:60486 for channel [id: 0xb05361c7, L:/127.0.0.1:62182 - R:localhost/127.0.0.1:60486]
20:38:39.265 [Forwarding isElementEnabled on session ed9b79706457998d24b0c825d96f2185 to remote] DEBUG org.asynchttpclient.netty.request.NettyRequestSender - Using pooled Channel '[id: 0xb05361c7, L:/127.0.0.1:62182 - R:localhost/127.0.0.1:60486]' for 'GET' to 'http://localhost:60486/session/ed9b79706457998d24b0c825d96f2185/element/bd6ea7db-f466-4a8c-bf11-f72f95c556e5/enabled'
20:38:39.265 [Forwarding isElementEnabled on session ed9b79706457998d24b0c825d96f2185 to remote] DEBUG org.asynchttpclient.netty.request.NettyRequestSender - Using open Channel [id: 0xb05361c7, L:/127.0.0.1:62182 - R:localhost/127.0.0.1:60486] for GET '/session/ed9b79706457998d24b0c825d96f2185/element/bd6ea7db-f466-4a8c-bf11-f72f95c556e5/enabled'
20:38:39.354 [AsyncHttpClient-1-2] DEBUG org.asynchttpclient.netty.handler.HttpHandler - 

Request DefaultFullHttpRequest(decodeResult: success, version: HTTP/1.1, content: EmptyByteBufBE)
GET /session/ed9b79706457998d24b0c825d96f2185/element/bd6ea7db-f466-4a8c-bf11-f72f95c556e5/enabled HTTP/1.1
User-Agent: selenium/4.1.2 (java windows)
Cache-Control: no-cache
Content-Type: application/json; charset=utf-8
host: localhost:60486
accept: */*

Response DefaultHttpResponse(decodeResult: success, version: HTTP/1.1)
HTTP/1.1 200 OK
Content-Type: application/json; charset=utf-8
cache-control: no-cache
content-length: 14

20:38:39.354 [AsyncHttpClient-1-2] DEBUG org.asynchttpclient.netty.channel.ChannelManager - Adding key: http://localhost:60486 for channel [id: 0xb05361c7, L:/127.0.0.1:62182 - R:localhost/127.0.0.1:60486]
20:38:39.373 [Forwarding screenshot on session ed9b79706457998d24b0c825d96f2185 to remote] DEBUG org.asynchttpclient.netty.request.NettyRequestSender - Using pooled Channel '[id: 0xb05361c7, L:/127.0.0.1:62182 - R:localhost/127.0.0.1:60486]' for 'GET' to 'http://localhost:60486/session/ed9b79706457998d24b0c825d96f2185/screenshot'
20:38:39.373 [Forwarding screenshot on session ed9b79706457998d24b0c825d96f2185 to remote] DEBUG org.asynchttpclient.netty.request.NettyRequestSender - Using open Channel [id: 0xb05361c7, L:/127.0.0.1:62182 - R:localhost/127.0.0.1:60486] for GET '/session/ed9b79706457998d24b0c825d96f2185/screenshot'
20:38:39.794 [AsyncHttpClient-1-2] DEBUG org.asynchttpclient.netty.handler.HttpHandler - 

Request DefaultFullHttpRequest(decodeResult: success, version: HTTP/1.1, content: EmptyByteBufBE)
GET /session/ed9b79706457998d24b0c825d96f2185/screenshot HTTP/1.1
User-Agent: selenium/4.1.2 (java windows)
Cache-Control: no-cache
Content-Type: application/json; charset=utf-8
host: localhost:60486
accept: */*

Response DefaultHttpResponse(decodeResult: success, version: HTTP/1.1)
HTTP/1.1 200 OK
Content-Type: application/json; charset=utf-8
cache-control: no-cache
content-length: 400240

20:38:39.804 [AsyncHttpClient-1-2] DEBUG org.asynchttpclient.netty.channel.ChannelManager - Adding key: http://localhost:60486 for channel [id: 0xb05361c7, L:/127.0.0.1:62182 - R:localhost/127.0.0.1:60486]
20:38:39.844 [main] DEBUG net.serenitybdd.core.photography.Darkroom - Send negative for processing for target\site\serenity\0d1d69730b50aa71aa30dd08a1fce92bedfa80350019c8d5040c94c8d3765db7.png
20:38:39.844 [main] DEBUG net.thucydides.core.steps.StepInterceptor - STEP DONE: checkValidDataPasien
  &amp#27;[32mAnd &amp#27;[0m&amp#27;[32mValid edit data&amp#27;[0m                                                            &amp#27;[90m# starter.stepdefinitios.PatientDataSteps.validEditData()&amp#27;[0m
20:38:39.860 [Darkroom Processing Line] DEBUG net.serenitybdd.core.photography.DarkroomProcessingLine - Processing screenshot image in /var/screenshots/screenshot-11024193148917637363
20:38:39.860 [Darkroom Processing Line] DEBUG net.serenitybdd.core.photography.DarkroomProcessingLine - Saving screenshot to target\site\serenity\0d1d69730b50aa71aa30dd08a1fce92bedfa80350019c8d5040c94c8d3765db7.png
20:38:39.898 [Forwarding screenshot on session ed9b79706457998d24b0c825d96f2185 to remote] DEBUG org.asynchttpclient.netty.request.NettyRequestSender - Using pooled Channel '[id: 0xb05361c7, L:/127.0.0.1:62182 - R:localhost/127.0.0.1:60486]' for 'GET' to 'http://localhost:60486/session/ed9b79706457998d24b0c825d96f2185/screenshot'
20:38:39.899 [Forwarding screenshot on session ed9b79706457998d24b0c825d96f2185 to remote] DEBUG org.asynchttpclient.netty.request.NettyRequestSender - Using open Channel [id: 0xb05361c7, L:/127.0.0.1:62182 - R:localhost/127.0.0.1:60486] for GET '/session/ed9b79706457998d24b0c825d96f2185/screenshot'
20:38:40.290 [AsyncHttpClient-1-1] DEBUG org.asynchttpclient.netty.channel.DefaultChannelPool - Entry count for : http://localhost:62185 : 1
20:38:40.315 [AsyncHttpClient-1-2] DEBUG org.asynchttpclient.netty.handler.HttpHandler - 

Request DefaultFullHttpRequest(decodeResult: success, version: HTTP/1.1, content: EmptyByteBufBE)
GET /session/ed9b79706457998d24b0c825d96f2185/screenshot HTTP/1.1
User-Agent: selenium/4.1.2 (java windows)
Cache-Control: no-cache
Content-Type: application/json; charset=utf-8
host: localhost:60486
accept: */*

Response DefaultHttpResponse(decodeResult: success, version: HTTP/1.1)
HTTP/1.1 200 OK
Content-Type: application/json; charset=utf-8
cache-control: no-cache
content-length: 400240

20:38:40.316 [AsyncHttpClient-1-2] DEBUG org.asynchttpclient.netty.channel.ChannelManager - Adding key: http://localhost:60486 for channel [id: 0xb05361c7, L:/127.0.0.1:62182 - R:localhost/127.0.0.1:60486]
20:38:40.343 [main] DEBUG net.serenitybdd.core.photography.Darkroom - Send negative for processing for target\site\serenity\0d1d69730b50aa71aa30dd08a1fce92bedfa80350019c8d5040c94c8d3765db7.png
20:38:40.343 [AsyncHttpClient-1-4] DEBUG org.asynchttpclient.netty.handler.WebSocketHandler - Channel Closed: [id: 0x6fe072a9, L:/127.0.0.1:62195 ! R:localhost/127.0.0.1:62185] with attribute NettyResponseFuture{currentRetry=5,
	isDone=1,
	isCancelled=0,
	asyncHandler=org.asynchttpclient.ws.WebSocketUpgradeHandler@23260c4c,
	nettyRequest=org.asynchttpclient.netty.request.NettyRequest@191be0a3,
	future=java.util.concurrent.CompletableFuture@880f6a9[Completed normally],
	uri=ws://localhost:62185/devtools/browser/9d73d9bd-da9f-4336-a490-18edafe8433e,
	keepAlive=true,
	redirectCount=0,
	timeoutsHolder=null,
	inAuth=0,
	touch=1655991503328}
20:38:40.343 [AsyncHttpClient-1-4] DEBUG org.asynchttpclient.netty.channel.ChannelManager - Closing Channel [id: 0x6fe072a9, L:/127.0.0.1:62195 ! R:localhost/127.0.0.1:62185] 
20:38:40.343 [Driver Command Executor] DEBUG org.asynchttpclient.netty.request.NettyRequestSender - Using pooled Channel '[id: 0xb05361c7, L:/127.0.0.1:62182 - R:localhost/127.0.0.1:60486]' for 'DELETE' to 'http://localhost:60486/session/ed9b79706457998d24b0c825d96f2185'
20:38:40.343 [Driver Command Executor] DEBUG org.asynchttpclient.netty.request.NettyRequestSender - Using open Channel [id: 0xb05361c7, L:/127.0.0.1:62182 - R:localhost/127.0.0.1:60486] for DELETE '/session/ed9b79706457998d24b0c825d96f2185'
20:38:40.757 [AsyncHttpClient-1-3] DEBUG org.asynchttpclient.netty.handler.HttpHandler - Unexpected I/O exception on channel [id: 0x29eefa84, L:/127.0.0.1:62194 - R:localhost/127.0.0.1:62185]
java.io.IOException: An existing connection was forcibly closed by the remote host
	at java.base/sun.nio.ch.SocketDispatcher.read0(Native Method)
	at java.base/sun.nio.ch.SocketDispatcher.read(SocketDispatcher.java:43)
	at java.base/sun.nio.ch.IOUtil.readIntoNativeBuffer(IOUtil.java:276)
	at java.base/sun.nio.ch.IOUtil.read(IOUtil.java:233)
	at java.base/sun.nio.ch.IOUtil.read(IOUtil.java:223)
	at java.base/sun.nio.ch.SocketChannelImpl.read(SocketChannelImpl.java:358)
	at io.netty.buffer.PooledByteBuf.setBytes(PooledByteBuf.java:258)
	at io.netty.buffer.AbstractByteBuf.writeBytes(AbstractByteBuf.java:1132)
	at io.netty.channel.socket.nio.NioSocketChannel.doReadBytes(NioSocketChannel.java:350)
	at io.netty.channel.nio.AbstractNioByteChannel$NioByteUnsafe.read(AbstractNioByteChannel.java:151)
	at io.netty.channel.nio.NioEventLoop.processSelectedKey(NioEventLoop.java:722)
	at io.netty.channel.nio.NioEventLoop.processSelectedKeysOptimized(NioEventLoop.java:658)
	at io.netty.channel.nio.NioEventLoop.processSelectedKeys(NioEventLoop.java:584)
	at io.netty.channel.nio.NioEventLoop.run(NioEventLoop.java:496)
	at io.netty.util.concurrent.SingleThreadEventExecutor$4.run(SingleThreadEventExecutor.java:986)
	at io.netty.util.internal.ThreadExecutorMap$2.run(ThreadExecutorMap.java:74)
	at io.netty.util.concurrent.FastThreadLocalRunnable.run(FastThreadLocalRunnable.java:30)
	at java.base/java.lang.Thread.run(Thread.java:834)
20:38:40.757 [AsyncHttpClient-1-3] DEBUG org.asynchttpclient.netty.channel.ChannelManager - Closing Channel [id: 0x29eefa84, L:/127.0.0.1:62194 - R:localhost/127.0.0.1:62185] 
20:38:40.758 [AsyncHttpClient-1-3] DEBUG org.asynchttpclient.netty.handler.HttpHandler - Channel Closed: [id: 0x29eefa84, L:/127.0.0.1:62194 ! R:localhost/127.0.0.1:62185] with attribute DISCARD
20:38:40.821 [AsyncHttpClient-1-2] DEBUG org.asynchttpclient.netty.handler.HttpHandler - 

Request DefaultFullHttpRequest(decodeResult: success, version: HTTP/1.1, content: EmptyByteBufBE)
DELETE /session/ed9b79706457998d24b0c825d96f2185 HTTP/1.1
User-Agent: selenium/4.1.2 (java windows)
Content-Type: application/json; charset=utf-8
host: localhost:60486
accept: */*

Response DefaultHttpResponse(decodeResult: success, version: HTTP/1.1)
HTTP/1.1 200 OK
Content-Type: application/json; charset=utf-8
cache-control: no-cache
content-length: 14

20:38:40.821 [AsyncHttpClient-1-2] DEBUG org.asynchttpclient.netty.channel.ChannelManager - Adding key: http://localhost:60486 for channel [id: 0xb05361c7, L:/127.0.0.1:62182 - R:localhost/127.0.0.1:60486]
20:38:41.390 [AsyncHttpClient-1-1] DEBUG org.asynchttpclient.netty.channel.DefaultChannelPool - Entry count for : http://localhost:60486 : 1
20:38:41.390 [AsyncHttpClient-1-1] DEBUG org.asynchttpclient.netty.channel.DefaultChannelPool - Entry count for : http://localhost:62185 : 1
20:38:41.390 [AsyncHttpClient-1-1] DEBUG org.asynchttpclient.netty.channel.DefaultChannelPool - Adding Candidate expired Channel [id: 0x29eefa84, L:/127.0.0.1:62194 ! R:localhost/127.0.0.1:62185] isIdleTimeoutExpired=false isRemotelyClosed=true isTtlExpired=false
20:38:41.390 [AsyncHttpClient-1-1] DEBUG org.asynchttpclient.netty.channel.DefaultChannelPool - Closing Idle Channel [id: 0x29eefa84, L:/127.0.0.1:62194 ! R:localhost/127.0.0.1:62185]
20:38:41.390 [AsyncHttpClient-1-1] DEBUG org.asynchttpclient.netty.channel.DefaultChannelPool - Closed 1 connections out of 2 in 0 ms
20:38:41.805 [AsyncHttpClient-1-2] DEBUG org.asynchttpclient.netty.handler.HttpHandler - Channel Closed: [id: 0xb05361c7, L:/127.0.0.1:62182 ! R:localhost/127.0.0.1:60486] with attribute DISCARD
20:38:42.330 [main] INFO  - 
  _____   ___   ___   _____     ___     _     ___   ___   ___   ___  
 |_   _| | __| / __| |_   _|   | _ \   /_\   / __| / __| | __| |   \ 
   | |   | _|  \__ \   | |     |  _/  / _ \  \__ \ \__ \ | _|  | |) |
   |_|   |___| |___/   |_|     |_|   /_/ \_\ |___/ |___/ |___| |___/ 

As a admin i want to edit data pasien
----------------------------------------------------------------------
]]></system-out>
    <system-err><![CDATA[Starting ChromeDriver 102.0.5005.61 (0e59bcc00cc4985ce39ad31c150065f159d95ad3-refs/branch-heads/5005@{#819}) on port 60486
Only local connections are allowed.
Please see https://chromedriver.chromium.org/security-considerations for suggestions on keeping ChromeDriver safe.
ChromeDriver was started successfully.
Jun 23, 2022 8:38:23 PM org.openqa.selenium.remote.ProtocolHandshake createSession
INFO: Detected dialect: W3C
Jun 23, 2022 8:38:23 PM org.openqa.selenium.devtools.CdpVersionFinder findNearestMatch
WARNING: Unable to find an exact match for CDP version 102, so returning the closest version found: a no-op implementation
Jun 23, 2022 8:38:23 PM org.openqa.selenium.devtools.CdpVersionFinder findNearestMatch
INFO: Unable to find CDP implementation matching 102.
Jun 23, 2022 8:38:23 PM org.openqa.selenium.chromium.ChromiumDriver lambda$new$3
WARNING: Unable to find version of CDP to use for . You may need to include a dependency on a specific version of the CDP using something similar to `org.seleniumhq.selenium:selenium-devtools-v86:4.1.2` where the version ("v86") matches the version of the chromium-based browser you're using and the version number of the artifact is the same as Selenium's.
]]></system-err>
  </testcase>
  <testcase name="As a admin i want to edit data pasien #2" classname="Edit Data Pasien - Admin" time="23.861">
    <system-out><![CDATA[
@EditPatientData
Scenario Outline: As a admin i want to edit data pasien                         &amp#27;[90m# src/test/resources/features/EditDataPasien.feature:16&amp#27;[0m
20:38:42.346 [main] INFO io.cucumber.core.plugin.SerenityReporter - Running feature from file:///D:/Kel-1-capstone/TestingWeb/src/test/resources/features/EditDataPasien.feature
20:38:42.408 [main] DEBUG net.thucydides.core.steps.StepInterceptor - STARTING STEP: PatientDataSteps.openPageDataPasien - openDataPasien
20:38:42.408 [main] INFO net.serenitybdd.core.webdriver.driverproviders.ChromeDriverProvider - Using automatically driver download
20:38:42.491 [AsyncHttpClient-1-1] DEBUG org.asynchttpclient.netty.channel.DefaultChannelPool - Entry count for : http://localhost:60486 : 1
20:38:42.491 [AsyncHttpClient-1-1] DEBUG org.asynchttpclient.netty.channel.DefaultChannelPool - Adding Candidate expired Channel [id: 0xb05361c7, L:/127.0.0.1:62182 ! R:localhost/127.0.0.1:60486] isIdleTimeoutExpired=false isRemotelyClosed=true isTtlExpired=false
20:38:42.491 [AsyncHttpClient-1-1] DEBUG org.asynchttpclient.netty.channel.DefaultChannelPool - Closing Idle Channel [id: 0xb05361c7, L:/127.0.0.1:62182 ! R:localhost/127.0.0.1:60486]
20:38:42.491 [AsyncHttpClient-1-1] DEBUG org.asynchttpclient.netty.channel.DefaultChannelPool - Closed 1 connections out of 1 in 0 ms
20:38:42.702 [main] DEBUG io.github.bonigarcia.wdm.cache.ResolutionCache - Resolution chrome=102 in cache (valid until 21:04:30 23/06/2022 ICT)
20:38:42.717 [main] DEBUG io.github.bonigarcia.wdm.cache.ResolutionCache - Resolution chrome102=102.0.5005.61 in cache (valid until 20:04:30 24/06/2022 ICT)
20:38:42.733 [main] INFO io.github.bonigarcia.wdm.WebDriverManager - Using chromedriver 102.0.5005.61 (resolved driver for Chrome 102)
20:38:42.780 [main] DEBUG io.github.bonigarcia.wdm.WebDriverManager - Driver chromedriver 102.0.5005.61 found in cache
20:38:42.780 [main] INFO io.github.bonigarcia.wdm.WebDriverManager - Exporting webdriver.chrome.driver as C:\Users\ASUS\.cache\selenium\chromedriver\win32\102.0.5005.61\chromedriver.exe
20:38:43.115 [main] DEBUG net.serenitybdd.core.webdriver.driverproviders.ProvideNewDriver - Instantiating driver
20:38:43.115 [main] DEBUG net.serenitybdd.core.webdriver.driverproviders.ProvideNewDriver - Driver capabilities: Capabilities {acceptInsecureCerts: false, base.url: https://fanciful-trifle-360..., browserName: chrome, chorme.driver: src/test/resources/webdrive..., driver: chrome, goog:chromeOptions: {args: [], extensions: []}}
20:38:43.671 [AsyncHttpClient-1-5] DEBUG org.asynchttpclient.netty.channel.NettyConnectListener - Using new Channel '[id: 0xf78f0726, L:/127.0.0.1:62237 - R:localhost/127.0.0.1:54049]' for 'POST' to '/session'
20:38:45.400 [AsyncHttpClient-1-5] DEBUG org.asynchttpclient.netty.handler.HttpHandler - 

Request DefaultHttpRequest(decodeResult: success, version: HTTP/1.1)
POST /session HTTP/1.1
User-Agent: selenium/4.1.2 (java windows)
Content-Length: 629
Content-Type: application/json; charset=utf-8
host: localhost:54049
accept: */*

Response DefaultHttpResponse(decodeResult: success, version: HTTP/1.1)
HTTP/1.1 200 OK
Content-Type: application/json; charset=utf-8
cache-control: no-cache
content-length: 789

20:38:45.400 [AsyncHttpClient-1-5] DEBUG org.asynchttpclient.netty.channel.ChannelManager - Adding key: http://localhost:54049 for channel [id: 0xf78f0726, L:/127.0.0.1:62237 - R:localhost/127.0.0.1:54049]
20:38:45.435 [AsyncHttpClient-1-6] DEBUG org.asynchttpclient.netty.channel.NettyConnectListener - Using new Channel '[id: 0x64f655a9, L:/127.0.0.1:62248 - R:localhost/127.0.0.1:62238]' for 'GET' to '/json/version'
20:38:45.438 [AsyncHttpClient-1-6] DEBUG org.asynchttpclient.netty.handler.HttpHandler - 

Request DefaultFullHttpRequest(decodeResult: success, version: HTTP/1.1, content: EmptyByteBufBE)
GET /json/version HTTP/1.1
User-Agent: selenium/4.1.2 (java windows)
host: localhost:62238
accept: */*

Response DefaultHttpResponse(decodeResult: success, version: HTTP/1.1)
HTTP/1.1 200 OK
Content-Type: application/json; charset=UTF-8
content-length: 428

20:38:45.438 [AsyncHttpClient-1-6] DEBUG org.asynchttpclient.netty.channel.ChannelManager - Adding key: http://localhost:62238 for channel [id: 0x64f655a9, L:/127.0.0.1:62248 - R:localhost/127.0.0.1:62238]
20:38:45.448 [AsyncHttpClient-1-7] DEBUG org.asynchttpclient.netty.channel.NettyConnectListener - Using new Channel '[id: 0x8d2aba79, L:/127.0.0.1:62249 - R:localhost/127.0.0.1:62238]' for 'GET' to '/devtools/browser/f943c584-9371-44b1-8382-9fd94b9dde33'
20:38:45.453 [AsyncHttpClient-1-7] DEBUG org.asynchttpclient.netty.handler.WebSocketHandler - 

Request DefaultFullHttpRequest(decodeResult: success, version: HTTP/1.1, content: EmptyByteBufBE)
GET /devtools/browser/f943c584-9371-44b1-8382-9fd94b9dde33 HTTP/1.1
upgrade: websocket
connection: upgrade
sec-websocket-key: P9KZqpy2DX19FoMpnMj6Ag==
sec-websocket-version: 13
origin: http://localhost:62238
host: localhost:62238
accept: */*
user-agent: AHC/2.1

Response DefaultHttpResponse(decodeResult: success, version: HTTP/1.1)
HTTP/1.1 101 WebSocket Protocol Handshake
Upgrade: WebSocket
Connection: Upgrade
Sec-WebSocket-Accept: ij0MoHLF3tjdw81MoScTAglsz4k=

20:38:45.483 [Forwarding get on session 54f376caaa316159f33d56b95a18db36 to remote] DEBUG org.asynchttpclient.netty.request.NettyRequestSender - Using pooled Channel '[id: 0xf78f0726, L:/127.0.0.1:62237 - R:localhost/127.0.0.1:54049]' for 'POST' to 'http://localhost:54049/session/54f376caaa316159f33d56b95a18db36/url'
20:38:45.483 [Forwarding get on session 54f376caaa316159f33d56b95a18db36 to remote] DEBUG org.asynchttpclient.netty.request.NettyRequestSender - Using open Channel [id: 0xf78f0726, L:/127.0.0.1:62237 - R:localhost/127.0.0.1:54049] for POST '/session/54f376caaa316159f33d56b95a18db36/url'
20:38:45.789 [AsyncHttpClient-1-1] DEBUG org.asynchttpclient.netty.channel.DefaultChannelPool - Entry count for : http://localhost:62238 : 1
20:38:46.895 [AsyncHttpClient-1-1] DEBUG org.asynchttpclient.netty.channel.DefaultChannelPool - Entry count for : http://localhost:62238 : 1
20:38:47.998 [AsyncHttpClient-1-1] DEBUG org.asynchttpclient.netty.channel.DefaultChannelPool - Entry count for : http://localhost:62238 : 1
20:38:48.065 [AsyncHttpClient-1-5] DEBUG org.asynchttpclient.netty.handler.HttpHandler - 

Request DefaultHttpRequest(decodeResult: success, version: HTTP/1.1)
POST /session/54f376caaa316159f33d56b95a18db36/url HTTP/1.1
User-Agent: selenium/4.1.2 (java windows)
Content-Length: 84
Content-Type: application/json; charset=utf-8
host: localhost:54049
accept: */*

Response DefaultHttpResponse(decodeResult: success, version: HTTP/1.1)
HTTP/1.1 200 OK
Content-Type: application/json; charset=utf-8
cache-control: no-cache
content-length: 14

20:38:48.065 [AsyncHttpClient-1-5] DEBUG org.asynchttpclient.netty.channel.ChannelManager - Adding key: http://localhost:54049 for channel [id: 0xf78f0726, L:/127.0.0.1:62237 - R:localhost/127.0.0.1:54049]
20:38:48.067 [Forwarding setTimeout on session 54f376caaa316159f33d56b95a18db36 to remote] DEBUG org.asynchttpclient.netty.request.NettyRequestSender - Using pooled Channel '[id: 0xf78f0726, L:/127.0.0.1:62237 - R:localhost/127.0.0.1:54049]' for 'POST' to 'http://localhost:54049/session/54f376caaa316159f33d56b95a18db36/timeouts'
20:38:48.068 [Forwarding setTimeout on session 54f376caaa316159f33d56b95a18db36 to remote] DEBUG org.asynchttpclient.netty.request.NettyRequestSender - Using open Channel [id: 0xf78f0726, L:/127.0.0.1:62237 - R:localhost/127.0.0.1:54049] for POST '/session/54f376caaa316159f33d56b95a18db36/timeouts'
20:38:48.069 [AsyncHttpClient-1-5] DEBUG org.asynchttpclient.netty.handler.HttpHandler - 

Request DefaultHttpRequest(decodeResult: success, version: HTTP/1.1)
POST /session/54f376caaa316159f33d56b95a18db36/timeouts HTTP/1.1
User-Agent: selenium/4.1.2 (java windows)
Content-Length: 22
Content-Type: application/json; charset=utf-8
host: localhost:54049
accept: */*

Response DefaultHttpResponse(decodeResult: success, version: HTTP/1.1)
HTTP/1.1 200 OK
Content-Type: application/json; charset=utf-8
cache-control: no-cache
content-length: 14

20:38:48.069 [AsyncHttpClient-1-5] DEBUG org.asynchttpclient.netty.channel.ChannelManager - Adding key: http://localhost:54049 for channel [id: 0xf78f0726, L:/127.0.0.1:62237 - R:localhost/127.0.0.1:54049]
20:38:48.077 [Forwarding getCurrentUrl on session 54f376caaa316159f33d56b95a18db36 to remote] DEBUG org.asynchttpclient.netty.request.NettyRequestSender - Using pooled Channel '[id: 0xf78f0726, L:/127.0.0.1:62237 - R:localhost/127.0.0.1:54049]' for 'GET' to 'http://localhost:54049/session/54f376caaa316159f33d56b95a18db36/url'
20:38:48.077 [Forwarding getCurrentUrl on session 54f376caaa316159f33d56b95a18db36 to remote] DEBUG org.asynchttpclient.netty.request.NettyRequestSender - Using open Channel [id: 0xf78f0726, L:/127.0.0.1:62237 - R:localhost/127.0.0.1:54049] for GET '/session/54f376caaa316159f33d56b95a18db36/url'
20:38:48.078 [AsyncHttpClient-1-5] DEBUG org.asynchttpclient.netty.handler.HttpHandler - 

Request DefaultFullHttpRequest(decodeResult: success, version: HTTP/1.1, content: EmptyByteBufBE)
GET /session/54f376caaa316159f33d56b95a18db36/url HTTP/1.1
User-Agent: selenium/4.1.2 (java windows)
Cache-Control: no-cache
Content-Type: application/json; charset=utf-8
host: localhost:54049
accept: */*

Response DefaultHttpResponse(decodeResult: success, version: HTTP/1.1)
HTTP/1.1 200 OK
Content-Type: application/json; charset=utf-8
cache-control: no-cache
content-length: 66

20:38:48.078 [AsyncHttpClient-1-5] DEBUG org.asynchttpclient.netty.channel.ChannelManager - Adding key: http://localhost:54049 for channel [id: 0xf78f0726, L:/127.0.0.1:62237 - R:localhost/127.0.0.1:54049]
20:38:48.098 [Forwarding screenshot on session 54f376caaa316159f33d56b95a18db36 to remote] DEBUG org.asynchttpclient.netty.request.NettyRequestSender - Using pooled Channel '[id: 0xf78f0726, L:/127.0.0.1:62237 - R:localhost/127.0.0.1:54049]' for 'GET' to 'http://localhost:54049/session/54f376caaa316159f33d56b95a18db36/screenshot'
20:38:48.098 [Forwarding screenshot on session 54f376caaa316159f33d56b95a18db36 to remote] DEBUG org.asynchttpclient.netty.request.NettyRequestSender - Using open Channel [id: 0xf78f0726, L:/127.0.0.1:62237 - R:localhost/127.0.0.1:54049] for GET '/session/54f376caaa316159f33d56b95a18db36/screenshot'
20:38:49.098 [AsyncHttpClient-1-1] DEBUG org.asynchttpclient.netty.channel.DefaultChannelPool - Entry count for : http://localhost:62238 : 1
20:38:49.228 [AsyncHttpClient-1-5] DEBUG org.asynchttpclient.netty.handler.HttpHandler - 

Request DefaultFullHttpRequest(decodeResult: success, version: HTTP/1.1, content: EmptyByteBufBE)
GET /session/54f376caaa316159f33d56b95a18db36/screenshot HTTP/1.1
User-Agent: selenium/4.1.2 (java windows)
Cache-Control: no-cache
Content-Type: application/json; charset=utf-8
host: localhost:54049
accept: */*

Response DefaultHttpResponse(decodeResult: success, version: HTTP/1.1)
HTTP/1.1 200 OK
Content-Type: application/json; charset=utf-8
cache-control: no-cache
content-length: 86204

20:38:49.228 [AsyncHttpClient-1-5] DEBUG org.asynchttpclient.netty.channel.ChannelManager - Adding key: http://localhost:54049 for channel [id: 0xf78f0726, L:/127.0.0.1:62237 - R:localhost/127.0.0.1:54049]
20:38:49.243 [main] DEBUG net.serenitybdd.core.photography.Darkroom - Send negative for processing for target\site\serenity\a7d43b2dfc2e138ebf2174bd8caedeb5a8d02d4572ca001987b2f4a2eb5bd5e1.png
20:38:49.243 [main] DEBUG net.thucydides.core.steps.StepInterceptor - STEP DONE: openDataPasien
  &amp#27;[32mGiven &amp#27;[0m&amp#27;[32mOpen page data pasien&amp#27;[0m                                                   &amp#27;[90m# starter.stepdefinitios.PatientDataSteps.openPageDataPasien()&amp#27;[0m
20:38:49.243 [Darkroom Processing Line] DEBUG net.serenitybdd.core.photography.DarkroomProcessingLine - Processing screenshot image in /var/screenshots/screenshot-3834599925187107407
20:38:49.243 [Darkroom Processing Line] DEBUG net.serenitybdd.core.photography.DarkroomProcessingLine - Saving screenshot to target\site\serenity\a7d43b2dfc2e138ebf2174bd8caedeb5a8d02d4572ca001987b2f4a2eb5bd5e1.png
20:38:49.274 [main] DEBUG net.thucydides.core.steps.StepInterceptor - STARTING STEP: PatientDataSteps.clickDetailPatientData - clickButtonDetail
20:38:49.274 [Forwarding findElement on session 54f376caaa316159f33d56b95a18db36 to remote] DEBUG org.asynchttpclient.netty.request.NettyRequestSender - Using pooled Channel '[id: 0xf78f0726, L:/127.0.0.1:62237 - R:localhost/127.0.0.1:54049]' for 'POST' to 'http://localhost:54049/session/54f376caaa316159f33d56b95a18db36/element'
20:38:49.274 [Forwarding findElement on session 54f376caaa316159f33d56b95a18db36 to remote] DEBUG org.asynchttpclient.netty.request.NettyRequestSender - Using open Channel [id: 0xf78f0726, L:/127.0.0.1:62237 - R:localhost/127.0.0.1:54049] for POST '/session/54f376caaa316159f33d56b95a18db36/element'
20:38:49.306 [AsyncHttpClient-1-5] DEBUG org.asynchttpclient.netty.handler.HttpHandler - 

Request DefaultHttpRequest(decodeResult: success, version: HTTP/1.1)
POST /session/54f376caaa316159f33d56b95a18db36/element HTTP/1.1
User-Agent: selenium/4.1.2 (java windows)
Content-Length: 92
Content-Type: application/json; charset=utf-8
host: localhost:54049
accept: */*

Response DefaultHttpResponse(decodeResult: success, version: HTTP/1.1)
HTTP/1.1 200 OK
Content-Type: application/json; charset=utf-8
cache-control: no-cache
content-length: 88

20:38:49.306 [AsyncHttpClient-1-5] DEBUG org.asynchttpclient.netty.channel.ChannelManager - Adding key: http://localhost:54049 for channel [id: 0xf78f0726, L:/127.0.0.1:62237 - R:localhost/127.0.0.1:54049]
20:38:49.306 [Forwarding getElementTagName on session 54f376caaa316159f33d56b95a18db36 to remote] DEBUG org.asynchttpclient.netty.request.NettyRequestSender - Using pooled Channel '[id: 0xf78f0726, L:/127.0.0.1:62237 - R:localhost/127.0.0.1:54049]' for 'GET' to 'http://localhost:54049/session/54f376caaa316159f33d56b95a18db36/element/a353491d-1e8b-4e97-8f7f-cae618064752/name'
20:38:49.306 [Forwarding getElementTagName on session 54f376caaa316159f33d56b95a18db36 to remote] DEBUG org.asynchttpclient.netty.request.NettyRequestSender - Using open Channel [id: 0xf78f0726, L:/127.0.0.1:62237 - R:localhost/127.0.0.1:54049] for GET '/session/54f376caaa316159f33d56b95a18db36/element/a353491d-1e8b-4e97-8f7f-cae618064752/name'
20:38:49.321 [AsyncHttpClient-1-5] DEBUG org.asynchttpclient.netty.handler.HttpHandler - 

Request DefaultFullHttpRequest(decodeResult: success, version: HTTP/1.1, content: EmptyByteBufBE)
GET /session/54f376caaa316159f33d56b95a18db36/element/a353491d-1e8b-4e97-8f7f-cae618064752/name HTTP/1.1
User-Agent: selenium/4.1.2 (java windows)
Cache-Control: no-cache
Content-Type: application/json; charset=utf-8
host: localhost:54049
accept: */*

Response DefaultHttpResponse(decodeResult: success, version: HTTP/1.1)
HTTP/1.1 200 OK
Content-Type: application/json; charset=utf-8
cache-control: no-cache
content-length: 15

20:38:49.321 [AsyncHttpClient-1-5] DEBUG org.asynchttpclient.netty.channel.ChannelManager - Adding key: http://localhost:54049 for channel [id: 0xf78f0726, L:/127.0.0.1:62237 - R:localhost/127.0.0.1:54049]
20:38:49.321 [Forwarding getElementTagName on session 54f376caaa316159f33d56b95a18db36 to remote] DEBUG org.asynchttpclient.netty.request.NettyRequestSender - Using pooled Channel '[id: 0xf78f0726, L:/127.0.0.1:62237 - R:localhost/127.0.0.1:54049]' for 'GET' to 'http://localhost:54049/session/54f376caaa316159f33d56b95a18db36/element/a353491d-1e8b-4e97-8f7f-cae618064752/name'
20:38:49.321 [Forwarding getElementTagName on session 54f376caaa316159f33d56b95a18db36 to remote] DEBUG org.asynchttpclient.netty.request.NettyRequestSender - Using open Channel [id: 0xf78f0726, L:/127.0.0.1:62237 - R:localhost/127.0.0.1:54049] for GET '/session/54f376caaa316159f33d56b95a18db36/element/a353491d-1e8b-4e97-8f7f-cae618064752/name'
20:38:49.337 [AsyncHttpClient-1-5] DEBUG org.asynchttpclient.netty.handler.HttpHandler - 

Request DefaultFullHttpRequest(decodeResult: success, version: HTTP/1.1, content: EmptyByteBufBE)
GET /session/54f376caaa316159f33d56b95a18db36/element/a353491d-1e8b-4e97-8f7f-cae618064752/name HTTP/1.1
User-Agent: selenium/4.1.2 (java windows)
Cache-Control: no-cache
Content-Type: application/json; charset=utf-8
host: localhost:54049
accept: */*

Response DefaultHttpResponse(decodeResult: success, version: HTTP/1.1)
HTTP/1.1 200 OK
Content-Type: application/json; charset=utf-8
cache-control: no-cache
content-length: 15

20:38:49.337 [AsyncHttpClient-1-5] DEBUG org.asynchttpclient.netty.channel.ChannelManager - Adding key: http://localhost:54049 for channel [id: 0xf78f0726, L:/127.0.0.1:62237 - R:localhost/127.0.0.1:54049]
20:38:49.337 [Forwarding findElement on session 54f376caaa316159f33d56b95a18db36 to remote] DEBUG org.asynchttpclient.netty.request.NettyRequestSender - Using pooled Channel '[id: 0xf78f0726, L:/127.0.0.1:62237 - R:localhost/127.0.0.1:54049]' for 'POST' to 'http://localhost:54049/session/54f376caaa316159f33d56b95a18db36/element'
20:38:49.337 [Forwarding findElement on session 54f376caaa316159f33d56b95a18db36 to remote] DEBUG org.asynchttpclient.netty.request.NettyRequestSender - Using open Channel [id: 0xf78f0726, L:/127.0.0.1:62237 - R:localhost/127.0.0.1:54049] for POST '/session/54f376caaa316159f33d56b95a18db36/element'
20:38:49.353 [AsyncHttpClient-1-5] DEBUG org.asynchttpclient.netty.handler.HttpHandler - 

Request DefaultHttpRequest(decodeResult: success, version: HTTP/1.1)
POST /session/54f376caaa316159f33d56b95a18db36/element HTTP/1.1
User-Agent: selenium/4.1.2 (java windows)
Content-Length: 92
Content-Type: application/json; charset=utf-8
host: localhost:54049
accept: */*

Response DefaultHttpResponse(decodeResult: success, version: HTTP/1.1)
HTTP/1.1 200 OK
Content-Type: application/json; charset=utf-8
cache-control: no-cache
content-length: 88

20:38:49.353 [AsyncHttpClient-1-5] DEBUG org.asynchttpclient.netty.channel.ChannelManager - Adding key: http://localhost:54049 for channel [id: 0xf78f0726, L:/127.0.0.1:62237 - R:localhost/127.0.0.1:54049]
20:38:49.353 [Forwarding clickElement on session 54f376caaa316159f33d56b95a18db36 to remote] DEBUG org.asynchttpclient.netty.request.NettyRequestSender - Using pooled Channel '[id: 0xf78f0726, L:/127.0.0.1:62237 - R:localhost/127.0.0.1:54049]' for 'POST' to 'http://localhost:54049/session/54f376caaa316159f33d56b95a18db36/element/a353491d-1e8b-4e97-8f7f-cae618064752/click'
20:38:49.353 [Forwarding clickElement on session 54f376caaa316159f33d56b95a18db36 to remote] DEBUG org.asynchttpclient.netty.request.NettyRequestSender - Using open Channel [id: 0xf78f0726, L:/127.0.0.1:62237 - R:localhost/127.0.0.1:54049] for POST '/session/54f376caaa316159f33d56b95a18db36/element/a353491d-1e8b-4e97-8f7f-cae618064752/click'
20:38:49.666 [AsyncHttpClient-1-5] DEBUG org.asynchttpclient.netty.handler.HttpHandler - 

Request DefaultHttpRequest(decodeResult: success, version: HTTP/1.1)
POST /session/54f376caaa316159f33d56b95a18db36/element/a353491d-1e8b-4e97-8f7f-cae618064752/click HTTP/1.1
User-Agent: selenium/4.1.2 (java windows)
Content-Length: 50
Content-Type: application/json; charset=utf-8
host: localhost:54049
accept: */*

Response DefaultHttpResponse(decodeResult: success, version: HTTP/1.1)
HTTP/1.1 200 OK
Content-Type: application/json; charset=utf-8
cache-control: no-cache
content-length: 14

20:38:49.666 [AsyncHttpClient-1-5] DEBUG org.asynchttpclient.netty.channel.ChannelManager - Adding key: http://localhost:54049 for channel [id: 0xf78f0726, L:/127.0.0.1:62237 - R:localhost/127.0.0.1:54049]
20:38:49.681 [Forwarding screenshot on session 54f376caaa316159f33d56b95a18db36 to remote] DEBUG org.asynchttpclient.netty.request.NettyRequestSender - Using pooled Channel '[id: 0xf78f0726, L:/127.0.0.1:62237 - R:localhost/127.0.0.1:54049]' for 'GET' to 'http://localhost:54049/session/54f376caaa316159f33d56b95a18db36/screenshot'
20:38:49.681 [Forwarding screenshot on session 54f376caaa316159f33d56b95a18db36 to remote] DEBUG org.asynchttpclient.netty.request.NettyRequestSender - Using open Channel [id: 0xf78f0726, L:/127.0.0.1:62237 - R:localhost/127.0.0.1:54049] for GET '/session/54f376caaa316159f33d56b95a18db36/screenshot'
20:38:50.194 [AsyncHttpClient-1-1] DEBUG org.asynchttpclient.netty.channel.DefaultChannelPool - Entry count for : http://localhost:62238 : 1
20:38:50.479 [AsyncHttpClient-1-5] DEBUG org.asynchttpclient.netty.handler.HttpHandler - 

Request DefaultFullHttpRequest(decodeResult: success, version: HTTP/1.1, content: EmptyByteBufBE)
GET /session/54f376caaa316159f33d56b95a18db36/screenshot HTTP/1.1
User-Agent: selenium/4.1.2 (java windows)
Cache-Control: no-cache
Content-Type: application/json; charset=utf-8
host: localhost:54049
accept: */*

Response DefaultHttpResponse(decodeResult: success, version: HTTP/1.1)
HTTP/1.1 200 OK
Content-Type: application/json; charset=utf-8
cache-control: no-cache
content-length: 400020

20:38:50.479 [AsyncHttpClient-1-5] DEBUG org.asynchttpclient.netty.channel.ChannelManager - Adding key: http://localhost:54049 for channel [id: 0xf78f0726, L:/127.0.0.1:62237 - R:localhost/127.0.0.1:54049]
20:38:50.495 [main] DEBUG net.serenitybdd.core.photography.Darkroom - Send negative for processing for target\site\serenity\6c520eb3a06c95a8949f17a500863b90635cfea767e2840f170b78fde047a6b5.png
20:38:50.495 [main] DEBUG net.thucydides.core.steps.StepInterceptor - STEP DONE: clickButtonDetail
  &amp#27;[32mAnd &amp#27;[0m&amp#27;[32mClick Detail Patient data&amp#27;[0m                                                 &amp#27;[90m# starter.stepdefinitios.PatientDataSteps.clickDetailPatientData()&amp#27;[0m
20:38:50.495 [Darkroom Processing Line] DEBUG net.serenitybdd.core.photography.DarkroomProcessingLine - Processing screenshot image in /var/screenshots/screenshot-840952306566602702
20:38:50.495 [Darkroom Processing Line] DEBUG net.serenitybdd.core.photography.DarkroomProcessingLine - Saving screenshot to target\site\serenity\6c520eb3a06c95a8949f17a500863b90635cfea767e2840f170b78fde047a6b5.png
20:38:51.032 [Forwarding screenshot on session 54f376caaa316159f33d56b95a18db36 to remote] DEBUG org.asynchttpclient.netty.request.NettyRequestSender - Using pooled Channel '[id: 0xf78f0726, L:/127.0.0.1:62237 - R:localhost/127.0.0.1:54049]' for 'GET' to 'http://localhost:54049/session/54f376caaa316159f33d56b95a18db36/screenshot'
20:38:51.032 [Forwarding screenshot on session 54f376caaa316159f33d56b95a18db36 to remote] DEBUG org.asynchttpclient.netty.request.NettyRequestSender - Using open Channel [id: 0xf78f0726, L:/127.0.0.1:62237 - R:localhost/127.0.0.1:54049] for GET '/session/54f376caaa316159f33d56b95a18db36/screenshot'
20:38:51.289 [AsyncHttpClient-1-1] DEBUG org.asynchttpclient.netty.channel.DefaultChannelPool - Entry count for : http://localhost:62238 : 1
20:38:51.367 [AsyncHttpClient-1-5] DEBUG org.asynchttpclient.netty.handler.HttpHandler - 

Request DefaultFullHttpRequest(decodeResult: success, version: HTTP/1.1, content: EmptyByteBufBE)
GET /session/54f376caaa316159f33d56b95a18db36/screenshot HTTP/1.1
User-Agent: selenium/4.1.2 (java windows)
Cache-Control: no-cache
Content-Type: application/json; charset=utf-8
host: localhost:54049
accept: */*

Response DefaultHttpResponse(decodeResult: success, version: HTTP/1.1)
HTTP/1.1 200 OK
Content-Type: application/json; charset=utf-8
cache-control: no-cache
content-length: 399732

20:38:51.367 [AsyncHttpClient-1-5] DEBUG org.asynchttpclient.netty.channel.ChannelManager - Adding key: http://localhost:54049 for channel [id: 0xf78f0726, L:/127.0.0.1:62237 - R:localhost/127.0.0.1:54049]
20:38:51.399 [main] DEBUG net.serenitybdd.core.photography.Darkroom - Send negative for processing for target\site\serenity\3c4a460328b4fcb18d85e361600d212be25c90de241a46ee0f342038ff0a2e3c.png
20:38:51.399 [main] DEBUG net.thucydides.core.steps.StepInterceptor - STARTING STEP: PatientDataSteps.validData - checkValidDataPasien
20:38:51.399 [Darkroom Processing Line] DEBUG net.serenitybdd.core.photography.DarkroomProcessingLine - Processing screenshot image in /var/screenshots/screenshot-12028542049395919317
20:38:51.399 [Darkroom Processing Line] DEBUG net.serenitybdd.core.photography.DarkroomProcessingLine - Saving screenshot to target\site\serenity\3c4a460328b4fcb18d85e361600d212be25c90de241a46ee0f342038ff0a2e3c.png
20:38:51.414 [Forwarding findElement on session 54f376caaa316159f33d56b95a18db36 to remote] DEBUG org.asynchttpclient.netty.request.NettyRequestSender - Using pooled Channel '[id: 0xf78f0726, L:/127.0.0.1:62237 - R:localhost/127.0.0.1:54049]' for 'POST' to 'http://localhost:54049/session/54f376caaa316159f33d56b95a18db36/element'
20:38:51.414 [Forwarding findElement on session 54f376caaa316159f33d56b95a18db36 to remote] DEBUG org.asynchttpclient.netty.request.NettyRequestSender - Using open Channel [id: 0xf78f0726, L:/127.0.0.1:62237 - R:localhost/127.0.0.1:54049] for POST '/session/54f376caaa316159f33d56b95a18db36/element'
20:38:51.430 [AsyncHttpClient-1-5] DEBUG org.asynchttpclient.netty.handler.HttpHandler - 

Request DefaultHttpRequest(decodeResult: success, version: HTTP/1.1)
POST /session/54f376caaa316159f33d56b95a18db36/element HTTP/1.1
User-Agent: selenium/4.1.2 (java windows)
Content-Length: 95
Content-Type: application/json; charset=utf-8
host: localhost:54049
accept: */*

Response DefaultHttpResponse(decodeResult: success, version: HTTP/1.1)
HTTP/1.1 200 OK
Content-Type: application/json; charset=utf-8
cache-control: no-cache
content-length: 88

20:38:51.430 [AsyncHttpClient-1-5] DEBUG org.asynchttpclient.netty.channel.ChannelManager - Adding key: http://localhost:54049 for channel [id: 0xf78f0726, L:/127.0.0.1:62237 - R:localhost/127.0.0.1:54049]
20:38:51.430 [Forwarding isElementEnabled on session 54f376caaa316159f33d56b95a18db36 to remote] DEBUG org.asynchttpclient.netty.request.NettyRequestSender - Using pooled Channel '[id: 0xf78f0726, L:/127.0.0.1:62237 - R:localhost/127.0.0.1:54049]' for 'GET' to 'http://localhost:54049/session/54f376caaa316159f33d56b95a18db36/element/54a48e39-f730-49ee-a04b-6a2e5bc80883/enabled'
20:38:51.430 [Forwarding isElementEnabled on session 54f376caaa316159f33d56b95a18db36 to remote] DEBUG org.asynchttpclient.netty.request.NettyRequestSender - Using open Channel [id: 0xf78f0726, L:/127.0.0.1:62237 - R:localhost/127.0.0.1:54049] for GET '/session/54f376caaa316159f33d56b95a18db36/element/54a48e39-f730-49ee-a04b-6a2e5bc80883/enabled'
20:38:51.446 [AsyncHttpClient-1-5] DEBUG org.asynchttpclient.netty.handler.HttpHandler - 

Request DefaultFullHttpRequest(decodeResult: success, version: HTTP/1.1, content: EmptyByteBufBE)
GET /session/54f376caaa316159f33d56b95a18db36/element/54a48e39-f730-49ee-a04b-6a2e5bc80883/enabled HTTP/1.1
User-Agent: selenium/4.1.2 (java windows)
Cache-Control: no-cache
Content-Type: application/json; charset=utf-8
host: localhost:54049
accept: */*

Response DefaultHttpResponse(decodeResult: success, version: HTTP/1.1)
HTTP/1.1 200 OK
Content-Type: application/json; charset=utf-8
cache-control: no-cache
content-length: 14

20:38:51.461 [AsyncHttpClient-1-5] DEBUG org.asynchttpclient.netty.channel.ChannelManager - Adding key: http://localhost:54049 for channel [id: 0xf78f0726, L:/127.0.0.1:62237 - R:localhost/127.0.0.1:54049]
20:38:51.461 [Forwarding screenshot on session 54f376caaa316159f33d56b95a18db36 to remote] DEBUG org.asynchttpclient.netty.request.NettyRequestSender - Using pooled Channel '[id: 0xf78f0726, L:/127.0.0.1:62237 - R:localhost/127.0.0.1:54049]' for 'GET' to 'http://localhost:54049/session/54f376caaa316159f33d56b95a18db36/screenshot'
20:38:51.461 [Forwarding screenshot on session 54f376caaa316159f33d56b95a18db36 to remote] DEBUG org.asynchttpclient.netty.request.NettyRequestSender - Using open Channel [id: 0xf78f0726, L:/127.0.0.1:62237 - R:localhost/127.0.0.1:54049] for GET '/session/54f376caaa316159f33d56b95a18db36/screenshot'
20:38:51.839 [AsyncHttpClient-1-5] DEBUG org.asynchttpclient.netty.handler.HttpHandler - 

Request DefaultFullHttpRequest(decodeResult: success, version: HTTP/1.1, content: EmptyByteBufBE)
GET /session/54f376caaa316159f33d56b95a18db36/screenshot HTTP/1.1
User-Agent: selenium/4.1.2 (java windows)
Cache-Control: no-cache
Content-Type: application/json; charset=utf-8
host: localhost:54049
accept: */*

Response DefaultHttpResponse(decodeResult: success, version: HTTP/1.1)
HTTP/1.1 200 OK
Content-Type: application/json; charset=utf-8
cache-control: no-cache
content-length: 399732

20:38:51.839 [AsyncHttpClient-1-5] DEBUG org.asynchttpclient.netty.channel.ChannelManager - Adding key: http://localhost:54049 for channel [id: 0xf78f0726, L:/127.0.0.1:62237 - R:localhost/127.0.0.1:54049]
20:38:51.871 [main] DEBUG net.serenitybdd.core.photography.Darkroom - Send negative for processing for target\site\serenity\3c4a460328b4fcb18d85e361600d212be25c90de241a46ee0f342038ff0a2e3c.png
20:38:51.871 [main] DEBUG net.thucydides.core.steps.StepInterceptor - STEP DONE: checkValidDataPasien
  &amp#27;[32mWhen &amp#27;[0m&amp#27;[32mValid data detail pasien&amp#27;[0m                                                 &amp#27;[90m# starter.stepdefinitios.PatientDataSteps.validData()&amp#27;[0m
20:38:51.933 [Forwarding screenshot on session 54f376caaa316159f33d56b95a18db36 to remote] DEBUG org.asynchttpclient.netty.request.NettyRequestSender - Using pooled Channel '[id: 0xf78f0726, L:/127.0.0.1:62237 - R:localhost/127.0.0.1:54049]' for 'GET' to 'http://localhost:54049/session/54f376caaa316159f33d56b95a18db36/screenshot'
20:38:51.933 [Forwarding screenshot on session 54f376caaa316159f33d56b95a18db36 to remote] DEBUG org.asynchttpclient.netty.request.NettyRequestSender - Using open Channel [id: 0xf78f0726, L:/127.0.0.1:62237 - R:localhost/127.0.0.1:54049] for GET '/session/54f376caaa316159f33d56b95a18db36/screenshot'
20:38:52.302 [AsyncHttpClient-1-5] DEBUG org.asynchttpclient.netty.handler.HttpHandler - 

Request DefaultFullHttpRequest(decodeResult: success, version: HTTP/1.1, content: EmptyByteBufBE)
GET /session/54f376caaa316159f33d56b95a18db36/screenshot HTTP/1.1
User-Agent: selenium/4.1.2 (java windows)
Cache-Control: no-cache
Content-Type: application/json; charset=utf-8
host: localhost:54049
accept: */*

Response DefaultHttpResponse(decodeResult: success, version: HTTP/1.1)
HTTP/1.1 200 OK
Content-Type: application/json; charset=utf-8
cache-control: no-cache
content-length: 399732

20:38:52.318 [AsyncHttpClient-1-5] DEBUG org.asynchttpclient.netty.channel.ChannelManager - Adding key: http://localhost:54049 for channel [id: 0xf78f0726, L:/127.0.0.1:62237 - R:localhost/127.0.0.1:54049]
20:38:52.349 [main] DEBUG net.serenitybdd.core.photography.Darkroom - Send negative for processing for target\site\serenity\3c4a460328b4fcb18d85e361600d212be25c90de241a46ee0f342038ff0a2e3c.png
20:38:52.364 [main] DEBUG net.thucydides.core.steps.StepInterceptor - STARTING STEP: PatientDataSteps.clickButtonEditProfil - clickButtonEditDataPasien
20:38:52.364 [Forwarding findElement on session 54f376caaa316159f33d56b95a18db36 to remote] DEBUG org.asynchttpclient.netty.request.NettyRequestSender - Using pooled Channel '[id: 0xf78f0726, L:/127.0.0.1:62237 - R:localhost/127.0.0.1:54049]' for 'POST' to 'http://localhost:54049/session/54f376caaa316159f33d56b95a18db36/element'
20:38:52.364 [Forwarding findElement on session 54f376caaa316159f33d56b95a18db36 to remote] DEBUG org.asynchttpclient.netty.request.NettyRequestSender - Using open Channel [id: 0xf78f0726, L:/127.0.0.1:62237 - R:localhost/127.0.0.1:54049] for POST '/session/54f376caaa316159f33d56b95a18db36/element'
20:38:52.396 [AsyncHttpClient-1-1] DEBUG org.asynchttpclient.netty.channel.DefaultChannelPool - Entry count for : http://localhost:62238 : 1
20:38:52.396 [AsyncHttpClient-1-5] DEBUG org.asynchttpclient.netty.handler.HttpHandler - 

Request DefaultHttpRequest(decodeResult: success, version: HTTP/1.1)
POST /session/54f376caaa316159f33d56b95a18db36/element HTTP/1.1
User-Agent: selenium/4.1.2 (java windows)
Content-Length: 116
Content-Type: application/json; charset=utf-8
host: localhost:54049
accept: */*

Response DefaultHttpResponse(decodeResult: success, version: HTTP/1.1)
HTTP/1.1 200 OK
Content-Type: application/json; charset=utf-8
cache-control: no-cache
content-length: 88

20:38:52.396 [AsyncHttpClient-1-5] DEBUG org.asynchttpclient.netty.channel.ChannelManager - Adding key: http://localhost:54049 for channel [id: 0xf78f0726, L:/127.0.0.1:62237 - R:localhost/127.0.0.1:54049]
20:38:52.396 [Forwarding getElementTagName on session 54f376caaa316159f33d56b95a18db36 to remote] DEBUG org.asynchttpclient.netty.request.NettyRequestSender - Using pooled Channel '[id: 0xf78f0726, L:/127.0.0.1:62237 - R:localhost/127.0.0.1:54049]' for 'GET' to 'http://localhost:54049/session/54f376caaa316159f33d56b95a18db36/element/85f53956-2c36-456e-966a-4bc22aab3593/name'
20:38:52.396 [Forwarding getElementTagName on session 54f376caaa316159f33d56b95a18db36 to remote] DEBUG org.asynchttpclient.netty.request.NettyRequestSender - Using open Channel [id: 0xf78f0726, L:/127.0.0.1:62237 - R:localhost/127.0.0.1:54049] for GET '/session/54f376caaa316159f33d56b95a18db36/element/85f53956-2c36-456e-966a-4bc22aab3593/name'
20:38:52.411 [AsyncHttpClient-1-5] DEBUG org.asynchttpclient.netty.handler.HttpHandler - 

Request DefaultFullHttpRequest(decodeResult: success, version: HTTP/1.1, content: EmptyByteBufBE)
GET /session/54f376caaa316159f33d56b95a18db36/element/85f53956-2c36-456e-966a-4bc22aab3593/name HTTP/1.1
User-Agent: selenium/4.1.2 (java windows)
Cache-Control: no-cache
Content-Type: application/json; charset=utf-8
host: localhost:54049
accept: */*

Response DefaultHttpResponse(decodeResult: success, version: HTTP/1.1)
HTTP/1.1 200 OK
Content-Type: application/json; charset=utf-8
cache-control: no-cache
content-length: 18

20:38:52.411 [AsyncHttpClient-1-5] DEBUG org.asynchttpclient.netty.channel.ChannelManager - Adding key: http://localhost:54049 for channel [id: 0xf78f0726, L:/127.0.0.1:62237 - R:localhost/127.0.0.1:54049]
20:38:52.411 [Forwarding getElementTagName on session 54f376caaa316159f33d56b95a18db36 to remote] DEBUG org.asynchttpclient.netty.request.NettyRequestSender - Using pooled Channel '[id: 0xf78f0726, L:/127.0.0.1:62237 - R:localhost/127.0.0.1:54049]' for 'GET' to 'http://localhost:54049/session/54f376caaa316159f33d56b95a18db36/element/85f53956-2c36-456e-966a-4bc22aab3593/name'
20:38:52.411 [Forwarding getElementTagName on session 54f376caaa316159f33d56b95a18db36 to remote] DEBUG org.asynchttpclient.netty.request.NettyRequestSender - Using open Channel [id: 0xf78f0726, L:/127.0.0.1:62237 - R:localhost/127.0.0.1:54049] for GET '/session/54f376caaa316159f33d56b95a18db36/element/85f53956-2c36-456e-966a-4bc22aab3593/name'
20:38:52.427 [AsyncHttpClient-1-5] DEBUG org.asynchttpclient.netty.handler.HttpHandler - 

Request DefaultFullHttpRequest(decodeResult: success, version: HTTP/1.1, content: EmptyByteBufBE)
GET /session/54f376caaa316159f33d56b95a18db36/element/85f53956-2c36-456e-966a-4bc22aab3593/name HTTP/1.1
User-Agent: selenium/4.1.2 (java windows)
Cache-Control: no-cache
Content-Type: application/json; charset=utf-8
host: localhost:54049
accept: */*

Response DefaultHttpResponse(decodeResult: success, version: HTTP/1.1)
HTTP/1.1 200 OK
Content-Type: application/json; charset=utf-8
cache-control: no-cache
content-length: 18

20:38:52.427 [AsyncHttpClient-1-5] DEBUG org.asynchttpclient.netty.channel.ChannelManager - Adding key: http://localhost:54049 for channel [id: 0xf78f0726, L:/127.0.0.1:62237 - R:localhost/127.0.0.1:54049]
20:38:52.427 [Forwarding isElementEnabled on session 54f376caaa316159f33d56b95a18db36 to remote] DEBUG org.asynchttpclient.netty.request.NettyRequestSender - Using pooled Channel '[id: 0xf78f0726, L:/127.0.0.1:62237 - R:localhost/127.0.0.1:54049]' for 'GET' to 'http://localhost:54049/session/54f376caaa316159f33d56b95a18db36/element/85f53956-2c36-456e-966a-4bc22aab3593/enabled'
20:38:52.427 [Forwarding isElementEnabled on session 54f376caaa316159f33d56b95a18db36 to remote] DEBUG org.asynchttpclient.netty.request.NettyRequestSender - Using open Channel [id: 0xf78f0726, L:/127.0.0.1:62237 - R:localhost/127.0.0.1:54049] for GET '/session/54f376caaa316159f33d56b95a18db36/element/85f53956-2c36-456e-966a-4bc22aab3593/enabled'
20:38:52.481 [AsyncHttpClient-1-5] DEBUG org.asynchttpclient.netty.handler.HttpHandler - 

Request DefaultFullHttpRequest(decodeResult: success, version: HTTP/1.1, content: EmptyByteBufBE)
GET /session/54f376caaa316159f33d56b95a18db36/element/85f53956-2c36-456e-966a-4bc22aab3593/enabled HTTP/1.1
User-Agent: selenium/4.1.2 (java windows)
Cache-Control: no-cache
Content-Type: application/json; charset=utf-8
host: localhost:54049
accept: */*

Response DefaultHttpResponse(decodeResult: success, version: HTTP/1.1)
HTTP/1.1 200 OK
Content-Type: application/json; charset=utf-8
cache-control: no-cache
content-length: 14

20:38:52.481 [AsyncHttpClient-1-5] DEBUG org.asynchttpclient.netty.channel.ChannelManager - Adding key: http://localhost:54049 for channel [id: 0xf78f0726, L:/127.0.0.1:62237 - R:localhost/127.0.0.1:54049]
20:38:52.496 [Forwarding isElementEnabled on session 54f376caaa316159f33d56b95a18db36 to remote] DEBUG org.asynchttpclient.netty.request.NettyRequestSender - Using pooled Channel '[id: 0xf78f0726, L:/127.0.0.1:62237 - R:localhost/127.0.0.1:54049]' for 'GET' to 'http://localhost:54049/session/54f376caaa316159f33d56b95a18db36/element/85f53956-2c36-456e-966a-4bc22aab3593/enabled'
20:38:52.496 [Forwarding isElementEnabled on session 54f376caaa316159f33d56b95a18db36 to remote] DEBUG org.asynchttpclient.netty.request.NettyRequestSender - Using open Channel [id: 0xf78f0726, L:/127.0.0.1:62237 - R:localhost/127.0.0.1:54049] for GET '/session/54f376caaa316159f33d56b95a18db36/element/85f53956-2c36-456e-966a-4bc22aab3593/enabled'
20:38:52.512 [AsyncHttpClient-1-5] DEBUG org.asynchttpclient.netty.handler.HttpHandler - 

Request DefaultFullHttpRequest(decodeResult: success, version: HTTP/1.1, content: EmptyByteBufBE)
GET /session/54f376caaa316159f33d56b95a18db36/element/85f53956-2c36-456e-966a-4bc22aab3593/enabled HTTP/1.1
User-Agent: selenium/4.1.2 (java windows)
Cache-Control: no-cache
Content-Type: application/json; charset=utf-8
host: localhost:54049
accept: */*

Response DefaultHttpResponse(decodeResult: success, version: HTTP/1.1)
HTTP/1.1 200 OK
Content-Type: application/json; charset=utf-8
cache-control: no-cache
content-length: 14

20:38:52.512 [AsyncHttpClient-1-5] DEBUG org.asynchttpclient.netty.channel.ChannelManager - Adding key: http://localhost:54049 for channel [id: 0xf78f0726, L:/127.0.0.1:62237 - R:localhost/127.0.0.1:54049]
20:38:52.512 [Forwarding findElement on session 54f376caaa316159f33d56b95a18db36 to remote] DEBUG org.asynchttpclient.netty.request.NettyRequestSender - Using pooled Channel '[id: 0xf78f0726, L:/127.0.0.1:62237 - R:localhost/127.0.0.1:54049]' for 'POST' to 'http://localhost:54049/session/54f376caaa316159f33d56b95a18db36/element'
20:38:52.512 [Forwarding findElement on session 54f376caaa316159f33d56b95a18db36 to remote] DEBUG org.asynchttpclient.netty.request.NettyRequestSender - Using open Channel [id: 0xf78f0726, L:/127.0.0.1:62237 - R:localhost/127.0.0.1:54049] for POST '/session/54f376caaa316159f33d56b95a18db36/element'
20:38:52.528 [AsyncHttpClient-1-5] DEBUG org.asynchttpclient.netty.handler.HttpHandler - 

Request DefaultHttpRequest(decodeResult: success, version: HTTP/1.1)
POST /session/54f376caaa316159f33d56b95a18db36/element HTTP/1.1
User-Agent: selenium/4.1.2 (java windows)
Content-Length: 116
Content-Type: application/json; charset=utf-8
host: localhost:54049
accept: */*

Response DefaultHttpResponse(decodeResult: success, version: HTTP/1.1)
HTTP/1.1 200 OK
Content-Type: application/json; charset=utf-8
cache-control: no-cache
content-length: 88

20:38:52.528 [AsyncHttpClient-1-5] DEBUG org.asynchttpclient.netty.channel.ChannelManager - Adding key: http://localhost:54049 for channel [id: 0xf78f0726, L:/127.0.0.1:62237 - R:localhost/127.0.0.1:54049]
20:38:52.528 [Forwarding clickElement on session 54f376caaa316159f33d56b95a18db36 to remote] DEBUG org.asynchttpclient.netty.request.NettyRequestSender - Using pooled Channel '[id: 0xf78f0726, L:/127.0.0.1:62237 - R:localhost/127.0.0.1:54049]' for 'POST' to 'http://localhost:54049/session/54f376caaa316159f33d56b95a18db36/element/85f53956-2c36-456e-966a-4bc22aab3593/click'
20:38:52.528 [Forwarding clickElement on session 54f376caaa316159f33d56b95a18db36 to remote] DEBUG org.asynchttpclient.netty.request.NettyRequestSender - Using open Channel [id: 0xf78f0726, L:/127.0.0.1:62237 - R:localhost/127.0.0.1:54049] for POST '/session/54f376caaa316159f33d56b95a18db36/element/85f53956-2c36-456e-966a-4bc22aab3593/click'
20:38:52.769 [AsyncHttpClient-1-5] DEBUG org.asynchttpclient.netty.handler.HttpHandler - 

Request DefaultHttpRequest(decodeResult: success, version: HTTP/1.1)
POST /session/54f376caaa316159f33d56b95a18db36/element/85f53956-2c36-456e-966a-4bc22aab3593/click HTTP/1.1
User-Agent: selenium/4.1.2 (java windows)
Content-Length: 50
Content-Type: application/json; charset=utf-8
host: localhost:54049
accept: */*

Response DefaultHttpResponse(decodeResult: success, version: HTTP/1.1)
HTTP/1.1 200 OK
Content-Type: application/json; charset=utf-8
cache-control: no-cache
content-length: 14

20:38:52.769 [AsyncHttpClient-1-5] DEBUG org.asynchttpclient.netty.channel.ChannelManager - Adding key: http://localhost:54049 for channel [id: 0xf78f0726, L:/127.0.0.1:62237 - R:localhost/127.0.0.1:54049]
20:38:52.785 [Forwarding screenshot on session 54f376caaa316159f33d56b95a18db36 to remote] DEBUG org.asynchttpclient.netty.request.NettyRequestSender - Using pooled Channel '[id: 0xf78f0726, L:/127.0.0.1:62237 - R:localhost/127.0.0.1:54049]' for 'GET' to 'http://localhost:54049/session/54f376caaa316159f33d56b95a18db36/screenshot'
20:38:52.785 [Forwarding screenshot on session 54f376caaa316159f33d56b95a18db36 to remote] DEBUG org.asynchttpclient.netty.request.NettyRequestSender - Using open Channel [id: 0xf78f0726, L:/127.0.0.1:62237 - R:localhost/127.0.0.1:54049] for GET '/session/54f376caaa316159f33d56b95a18db36/screenshot'
20:38:53.131 [AsyncHttpClient-1-5] DEBUG org.asynchttpclient.netty.handler.HttpHandler - 

Request DefaultFullHttpRequest(decodeResult: success, version: HTTP/1.1, content: EmptyByteBufBE)
GET /session/54f376caaa316159f33d56b95a18db36/screenshot HTTP/1.1
User-Agent: selenium/4.1.2 (java windows)
Cache-Control: no-cache
Content-Type: application/json; charset=utf-8
host: localhost:54049
accept: */*

Response DefaultHttpResponse(decodeResult: success, version: HTTP/1.1)
HTTP/1.1 200 OK
Content-Type: application/json; charset=utf-8
cache-control: no-cache
content-length: 402672

20:38:53.131 [AsyncHttpClient-1-5] DEBUG org.asynchttpclient.netty.channel.ChannelManager - Adding key: http://localhost:54049 for channel [id: 0xf78f0726, L:/127.0.0.1:62237 - R:localhost/127.0.0.1:54049]
20:38:53.162 [main] DEBUG net.serenitybdd.core.photography.Darkroom - Send negative for processing for target\site\serenity\18c372fe394c1d5a20aed94bf71650503f0dcbce36486ec736ec99fb4b19e726.png
20:38:53.162 [main] DEBUG net.thucydides.core.steps.StepInterceptor - STEP DONE: clickButtonEditDataPasien
  &amp#27;[32mAnd &amp#27;[0m&amp#27;[32mClick button edit profil&amp#27;[0m                                                  &amp#27;[90m# starter.stepdefinitios.PatientDataSteps.clickButtonEditProfil()&amp#27;[0m
20:38:53.162 [Darkroom Processing Line] DEBUG net.serenitybdd.core.photography.DarkroomProcessingLine - Processing screenshot image in /var/screenshots/screenshot-16976607897067436649
20:38:53.162 [Darkroom Processing Line] DEBUG net.serenitybdd.core.photography.DarkroomProcessingLine - Saving screenshot to target\site\serenity\18c372fe394c1d5a20aed94bf71650503f0dcbce36486ec736ec99fb4b19e726.png
20:38:53.491 [AsyncHttpClient-1-1] DEBUG org.asynchttpclient.netty.channel.DefaultChannelPool - Entry count for : http://localhost:54049 : 1
20:38:53.492 [AsyncHttpClient-1-1] DEBUG org.asynchttpclient.netty.channel.DefaultChannelPool - Entry count for : http://localhost:62238 : 1
20:38:53.714 [Forwarding screenshot on session 54f376caaa316159f33d56b95a18db36 to remote] DEBUG org.asynchttpclient.netty.request.NettyRequestSender - Using pooled Channel '[id: 0xf78f0726, L:/127.0.0.1:62237 - R:localhost/127.0.0.1:54049]' for 'GET' to 'http://localhost:54049/session/54f376caaa316159f33d56b95a18db36/screenshot'
20:38:53.714 [Forwarding screenshot on session 54f376caaa316159f33d56b95a18db36 to remote] DEBUG org.asynchttpclient.netty.request.NettyRequestSender - Using open Channel [id: 0xf78f0726, L:/127.0.0.1:62237 - R:localhost/127.0.0.1:54049] for GET '/session/54f376caaa316159f33d56b95a18db36/screenshot'
20:38:54.052 [AsyncHttpClient-1-5] DEBUG org.asynchttpclient.netty.handler.HttpHandler - 

Request DefaultFullHttpRequest(decodeResult: success, version: HTTP/1.1, content: EmptyByteBufBE)
GET /session/54f376caaa316159f33d56b95a18db36/screenshot HTTP/1.1
User-Agent: selenium/4.1.2 (java windows)
Cache-Control: no-cache
Content-Type: application/json; charset=utf-8
host: localhost:54049
accept: */*

Response DefaultHttpResponse(decodeResult: success, version: HTTP/1.1)
HTTP/1.1 200 OK
Content-Type: application/json; charset=utf-8
cache-control: no-cache
content-length: 402672

20:38:54.068 [AsyncHttpClient-1-5] DEBUG org.asynchttpclient.netty.channel.ChannelManager - Adding key: http://localhost:54049 for channel [id: 0xf78f0726, L:/127.0.0.1:62237 - R:localhost/127.0.0.1:54049]
20:38:54.083 [main] DEBUG net.serenitybdd.core.photography.Darkroom - Send negative for processing for target\site\serenity\18c372fe394c1d5a20aed94bf71650503f0dcbce36486ec736ec99fb4b19e726.png
20:38:54.083 [main] DEBUG net.thucydides.core.steps.StepInterceptor - STARTING STEP: PatientDataSteps.iInputEditPatient - inputDataPasienEdit
20:38:54.099 [Forwarding findElement on session 54f376caaa316159f33d56b95a18db36 to remote] DEBUG org.asynchttpclient.netty.request.NettyRequestSender - Using pooled Channel '[id: 0xf78f0726, L:/127.0.0.1:62237 - R:localhost/127.0.0.1:54049]' for 'POST' to 'http://localhost:54049/session/54f376caaa316159f33d56b95a18db36/element'
20:38:54.099 [Forwarding findElement on session 54f376caaa316159f33d56b95a18db36 to remote] DEBUG org.asynchttpclient.netty.request.NettyRequestSender - Using open Channel [id: 0xf78f0726, L:/127.0.0.1:62237 - R:localhost/127.0.0.1:54049] for POST '/session/54f376caaa316159f33d56b95a18db36/element'
20:38:54.114 [AsyncHttpClient-1-5] DEBUG org.asynchttpclient.netty.handler.HttpHandler - 

Request DefaultHttpRequest(decodeResult: success, version: HTTP/1.1)
POST /session/54f376caaa316159f33d56b95a18db36/element HTTP/1.1
User-Agent: selenium/4.1.2 (java windows)
Content-Length: 66
Content-Type: application/json; charset=utf-8
host: localhost:54049
accept: */*

Response DefaultHttpResponse(decodeResult: success, version: HTTP/1.1)
HTTP/1.1 200 OK
Content-Type: application/json; charset=utf-8
cache-control: no-cache
content-length: 88

20:38:54.114 [AsyncHttpClient-1-5] DEBUG org.asynchttpclient.netty.channel.ChannelManager - Adding key: http://localhost:54049 for channel [id: 0xf78f0726, L:/127.0.0.1:62237 - R:localhost/127.0.0.1:54049]
20:38:54.130 [Forwarding sendKeysToElement on session 54f376caaa316159f33d56b95a18db36 to remote] DEBUG org.asynchttpclient.netty.request.NettyRequestSender - Using pooled Channel '[id: 0xf78f0726, L:/127.0.0.1:62237 - R:localhost/127.0.0.1:54049]' for 'POST' to 'http://localhost:54049/session/54f376caaa316159f33d56b95a18db36/element/cde9128e-3e41-48ec-a4ac-01fbb582a69a/value'
20:38:54.130 [Forwarding sendKeysToElement on session 54f376caaa316159f33d56b95a18db36 to remote] DEBUG org.asynchttpclient.netty.request.NettyRequestSender - Using open Channel [id: 0xf78f0726, L:/127.0.0.1:62237 - R:localhost/127.0.0.1:54049] for POST '/session/54f376caaa316159f33d56b95a18db36/element/cde9128e-3e41-48ec-a4ac-01fbb582a69a/value'
20:38:54.511 [AsyncHttpClient-1-5] DEBUG org.asynchttpclient.netty.handler.HttpHandler - 

Request DefaultHttpRequest(decodeResult: success, version: HTTP/1.1)
POST /session/54f376caaa316159f33d56b95a18db36/element/cde9128e-3e41-48ec-a4ac-01fbb582a69a/value HTTP/1.1
User-Agent: selenium/4.1.2 (java windows)
Content-Length: 169
Content-Type: application/json; charset=utf-8
host: localhost:54049
accept: */*

Response DefaultHttpResponse(decodeResult: success, version: HTTP/1.1)
HTTP/1.1 200 OK
Content-Type: application/json; charset=utf-8
cache-control: no-cache
content-length: 14

20:38:54.511 [AsyncHttpClient-1-5] DEBUG org.asynchttpclient.netty.channel.ChannelManager - Adding key: http://localhost:54049 for channel [id: 0xf78f0726, L:/127.0.0.1:62237 - R:localhost/127.0.0.1:54049]
20:38:54.516 [Forwarding findElement on session 54f376caaa316159f33d56b95a18db36 to remote] DEBUG org.asynchttpclient.netty.request.NettyRequestSender - Using pooled Channel '[id: 0xf78f0726, L:/127.0.0.1:62237 - R:localhost/127.0.0.1:54049]' for 'POST' to 'http://localhost:54049/session/54f376caaa316159f33d56b95a18db36/element'
20:38:54.516 [Forwarding findElement on session 54f376caaa316159f33d56b95a18db36 to remote] DEBUG org.asynchttpclient.netty.request.NettyRequestSender - Using open Channel [id: 0xf78f0726, L:/127.0.0.1:62237 - R:localhost/127.0.0.1:54049] for POST '/session/54f376caaa316159f33d56b95a18db36/element'
20:38:54.532 [AsyncHttpClient-1-5] DEBUG org.asynchttpclient.netty.handler.HttpHandler - 

Request DefaultHttpRequest(decodeResult: success, version: HTTP/1.1)
POST /session/54f376caaa316159f33d56b95a18db36/element HTTP/1.1
User-Agent: selenium/4.1.2 (java windows)
Content-Length: 66
Content-Type: application/json; charset=utf-8
host: localhost:54049
accept: */*

Response DefaultHttpResponse(decodeResult: success, version: HTTP/1.1)
HTTP/1.1 200 OK
Content-Type: application/json; charset=utf-8
cache-control: no-cache
content-length: 88

20:38:54.532 [AsyncHttpClient-1-5] DEBUG org.asynchttpclient.netty.channel.ChannelManager - Adding key: http://localhost:54049 for channel [id: 0xf78f0726, L:/127.0.0.1:62237 - R:localhost/127.0.0.1:54049]
20:38:54.532 [Forwarding sendKeysToElement on session 54f376caaa316159f33d56b95a18db36 to remote] DEBUG org.asynchttpclient.netty.request.NettyRequestSender - Using pooled Channel '[id: 0xf78f0726, L:/127.0.0.1:62237 - R:localhost/127.0.0.1:54049]' for 'POST' to 'http://localhost:54049/session/54f376caaa316159f33d56b95a18db36/element/cde9128e-3e41-48ec-a4ac-01fbb582a69a/value'
20:38:54.532 [Forwarding sendKeysToElement on session 54f376caaa316159f33d56b95a18db36 to remote] DEBUG org.asynchttpclient.netty.request.NettyRequestSender - Using open Channel [id: 0xf78f0726, L:/127.0.0.1:62237 - R:localhost/127.0.0.1:54049] for POST '/session/54f376caaa316159f33d56b95a18db36/element/cde9128e-3e41-48ec-a4ac-01fbb582a69a/value'
20:38:54.594 [AsyncHttpClient-1-1] DEBUG org.asynchttpclient.netty.channel.DefaultChannelPool - Entry count for : http://localhost:62238 : 1
20:38:54.805 [AsyncHttpClient-1-5] DEBUG org.asynchttpclient.netty.handler.HttpHandler - 

Request DefaultHttpRequest(decodeResult: success, version: HTTP/1.1)
POST /session/54f376caaa316159f33d56b95a18db36/element/cde9128e-3e41-48ec-a4ac-01fbb582a69a/value HTTP/1.1
User-Agent: selenium/4.1.2 (java windows)
Content-Length: 131
Content-Type: application/json; charset=utf-8
host: localhost:54049
accept: */*

Response DefaultHttpResponse(decodeResult: success, version: HTTP/1.1)
HTTP/1.1 200 OK
Content-Type: application/json; charset=utf-8
cache-control: no-cache
content-length: 14

20:38:54.805 [AsyncHttpClient-1-5] DEBUG org.asynchttpclient.netty.channel.ChannelManager - Adding key: http://localhost:54049 for channel [id: 0xf78f0726, L:/127.0.0.1:62237 - R:localhost/127.0.0.1:54049]
20:38:54.810 [Forwarding findElement on session 54f376caaa316159f33d56b95a18db36 to remote] DEBUG org.asynchttpclient.netty.request.NettyRequestSender - Using pooled Channel '[id: 0xf78f0726, L:/127.0.0.1:62237 - R:localhost/127.0.0.1:54049]' for 'POST' to 'http://localhost:54049/session/54f376caaa316159f33d56b95a18db36/element'
20:38:54.810 [Forwarding findElement on session 54f376caaa316159f33d56b95a18db36 to remote] DEBUG org.asynchttpclient.netty.request.NettyRequestSender - Using open Channel [id: 0xf78f0726, L:/127.0.0.1:62237 - R:localhost/127.0.0.1:54049] for POST '/session/54f376caaa316159f33d56b95a18db36/element'
20:38:54.832 [AsyncHttpClient-1-5] DEBUG org.asynchttpclient.netty.handler.HttpHandler - 

Request DefaultHttpRequest(decodeResult: success, version: HTTP/1.1)
POST /session/54f376caaa316159f33d56b95a18db36/element HTTP/1.1
User-Agent: selenium/4.1.2 (java windows)
Content-Length: 65
Content-Type: application/json; charset=utf-8
host: localhost:54049
accept: */*

Response DefaultHttpResponse(decodeResult: success, version: HTTP/1.1)
HTTP/1.1 200 OK
Content-Type: application/json; charset=utf-8
cache-control: no-cache
content-length: 88

20:38:54.832 [AsyncHttpClient-1-5] DEBUG org.asynchttpclient.netty.channel.ChannelManager - Adding key: http://localhost:54049 for channel [id: 0xf78f0726, L:/127.0.0.1:62237 - R:localhost/127.0.0.1:54049]
20:38:54.832 [Forwarding sendKeysToElement on session 54f376caaa316159f33d56b95a18db36 to remote] DEBUG org.asynchttpclient.netty.request.NettyRequestSender - Using pooled Channel '[id: 0xf78f0726, L:/127.0.0.1:62237 - R:localhost/127.0.0.1:54049]' for 'POST' to 'http://localhost:54049/session/54f376caaa316159f33d56b95a18db36/element/09da238c-20ab-471e-86a4-5aeddec38ee1/value'
20:38:54.832 [Forwarding sendKeysToElement on session 54f376caaa316159f33d56b95a18db36 to remote] DEBUG org.asynchttpclient.netty.request.NettyRequestSender - Using open Channel [id: 0xf78f0726, L:/127.0.0.1:62237 - R:localhost/127.0.0.1:54049] for POST '/session/54f376caaa316159f33d56b95a18db36/element/09da238c-20ab-471e-86a4-5aeddec38ee1/value'
20:38:55.307 [AsyncHttpClient-1-5] DEBUG org.asynchttpclient.netty.handler.HttpHandler - 

Request DefaultHttpRequest(decodeResult: success, version: HTTP/1.1)
POST /session/54f376caaa316159f33d56b95a18db36/element/09da238c-20ab-471e-86a4-5aeddec38ee1/value HTTP/1.1
User-Agent: selenium/4.1.2 (java windows)
Content-Length: 219
Content-Type: application/json; charset=utf-8
host: localhost:54049
accept: */*

Response DefaultHttpResponse(decodeResult: success, version: HTTP/1.1)
HTTP/1.1 200 OK
Content-Type: application/json; charset=utf-8
cache-control: no-cache
content-length: 14

20:38:55.308 [AsyncHttpClient-1-5] DEBUG org.asynchttpclient.netty.channel.ChannelManager - Adding key: http://localhost:54049 for channel [id: 0xf78f0726, L:/127.0.0.1:62237 - R:localhost/127.0.0.1:54049]
20:38:55.312 [Forwarding findElement on session 54f376caaa316159f33d56b95a18db36 to remote] DEBUG org.asynchttpclient.netty.request.NettyRequestSender - Using pooled Channel '[id: 0xf78f0726, L:/127.0.0.1:62237 - R:localhost/127.0.0.1:54049]' for 'POST' to 'http://localhost:54049/session/54f376caaa316159f33d56b95a18db36/element'
20:38:55.313 [Forwarding findElement on session 54f376caaa316159f33d56b95a18db36 to remote] DEBUG org.asynchttpclient.netty.request.NettyRequestSender - Using open Channel [id: 0xf78f0726, L:/127.0.0.1:62237 - R:localhost/127.0.0.1:54049] for POST '/session/54f376caaa316159f33d56b95a18db36/element'
20:38:55.330 [AsyncHttpClient-1-5] DEBUG org.asynchttpclient.netty.handler.HttpHandler - 

Request DefaultHttpRequest(decodeResult: success, version: HTTP/1.1)
POST /session/54f376caaa316159f33d56b95a18db36/element HTTP/1.1
User-Agent: selenium/4.1.2 (java windows)
Content-Length: 65
Content-Type: application/json; charset=utf-8
host: localhost:54049
accept: */*

Response DefaultHttpResponse(decodeResult: success, version: HTTP/1.1)
HTTP/1.1 200 OK
Content-Type: application/json; charset=utf-8
cache-control: no-cache
content-length: 88

20:38:55.330 [AsyncHttpClient-1-5] DEBUG org.asynchttpclient.netty.channel.ChannelManager - Adding key: http://localhost:54049 for channel [id: 0xf78f0726, L:/127.0.0.1:62237 - R:localhost/127.0.0.1:54049]
20:38:55.333 [Forwarding sendKeysToElement on session 54f376caaa316159f33d56b95a18db36 to remote] DEBUG org.asynchttpclient.netty.request.NettyRequestSender - Using pooled Channel '[id: 0xf78f0726, L:/127.0.0.1:62237 - R:localhost/127.0.0.1:54049]' for 'POST' to 'http://localhost:54049/session/54f376caaa316159f33d56b95a18db36/element/09da238c-20ab-471e-86a4-5aeddec38ee1/value'
20:38:55.333 [Forwarding sendKeysToElement on session 54f376caaa316159f33d56b95a18db36 to remote] DEBUG org.asynchttpclient.netty.request.NettyRequestSender - Using open Channel [id: 0xf78f0726, L:/127.0.0.1:62237 - R:localhost/127.0.0.1:54049] for POST '/session/54f376caaa316159f33d56b95a18db36/element/09da238c-20ab-471e-86a4-5aeddec38ee1/value'
20:38:55.657 [AsyncHttpClient-1-5] DEBUG org.asynchttpclient.netty.handler.HttpHandler - 

Request DefaultHttpRequest(decodeResult: success, version: HTTP/1.1)
POST /session/54f376caaa316159f33d56b95a18db36/element/09da238c-20ab-471e-86a4-5aeddec38ee1/value HTTP/1.1
User-Agent: selenium/4.1.2 (java windows)
Content-Length: 181
Content-Type: application/json; charset=utf-8
host: localhost:54049
accept: */*

Response DefaultHttpResponse(decodeResult: success, version: HTTP/1.1)
HTTP/1.1 200 OK
Content-Type: application/json; charset=utf-8
cache-control: no-cache
content-length: 14

20:38:55.657 [AsyncHttpClient-1-5] DEBUG org.asynchttpclient.netty.channel.ChannelManager - Adding key: http://localhost:54049 for channel [id: 0xf78f0726, L:/127.0.0.1:62237 - R:localhost/127.0.0.1:54049]
20:38:55.662 [Forwarding findElement on session 54f376caaa316159f33d56b95a18db36 to remote] DEBUG org.asynchttpclient.netty.request.NettyRequestSender - Using pooled Channel '[id: 0xf78f0726, L:/127.0.0.1:62237 - R:localhost/127.0.0.1:54049]' for 'POST' to 'http://localhost:54049/session/54f376caaa316159f33d56b95a18db36/element'
20:38:55.662 [Forwarding findElement on session 54f376caaa316159f33d56b95a18db36 to remote] DEBUG org.asynchttpclient.netty.request.NettyRequestSender - Using open Channel [id: 0xf78f0726, L:/127.0.0.1:62237 - R:localhost/127.0.0.1:54049] for POST '/session/54f376caaa316159f33d56b95a18db36/element'
20:38:55.689 [AsyncHttpClient-1-5] DEBUG org.asynchttpclient.netty.handler.HttpHandler - 

Request DefaultHttpRequest(decodeResult: success, version: HTTP/1.1)
POST /session/54f376caaa316159f33d56b95a18db36/element HTTP/1.1
User-Agent: selenium/4.1.2 (java windows)
Content-Length: 66
Content-Type: application/json; charset=utf-8
host: localhost:54049
accept: */*

Response DefaultHttpResponse(decodeResult: success, version: HTTP/1.1)
HTTP/1.1 200 OK
Content-Type: application/json; charset=utf-8
cache-control: no-cache
content-length: 88

20:38:55.689 [AsyncHttpClient-1-5] DEBUG org.asynchttpclient.netty.channel.ChannelManager - Adding key: http://localhost:54049 for channel [id: 0xf78f0726, L:/127.0.0.1:62237 - R:localhost/127.0.0.1:54049]
20:38:55.690 [AsyncHttpClient-1-1] DEBUG org.asynchttpclient.netty.channel.DefaultChannelPool - Entry count for : http://localhost:54049 : 1
20:38:55.690 [AsyncHttpClient-1-1] DEBUG org.asynchttpclient.netty.channel.DefaultChannelPool - Entry count for : http://localhost:62238 : 1
20:38:55.692 [Forwarding sendKeysToElement on session 54f376caaa316159f33d56b95a18db36 to remote] DEBUG org.asynchttpclient.netty.request.NettyRequestSender - Using pooled Channel '[id: 0xf78f0726, L:/127.0.0.1:62237 - R:localhost/127.0.0.1:54049]' for 'POST' to 'http://localhost:54049/session/54f376caaa316159f33d56b95a18db36/element/61ac8151-958b-4aaa-a570-0c1fdb49fc52/value'
20:38:55.692 [Forwarding sendKeysToElement on session 54f376caaa316159f33d56b95a18db36 to remote] DEBUG org.asynchttpclient.netty.request.NettyRequestSender - Using open Channel [id: 0xf78f0726, L:/127.0.0.1:62237 - R:localhost/127.0.0.1:54049] for POST '/session/54f376caaa316159f33d56b95a18db36/element/61ac8151-958b-4aaa-a570-0c1fdb49fc52/value'
20:38:56.139 [AsyncHttpClient-1-5] DEBUG org.asynchttpclient.netty.handler.HttpHandler - 

Request DefaultHttpRequest(decodeResult: success, version: HTTP/1.1)
POST /session/54f376caaa316159f33d56b95a18db36/element/61ac8151-958b-4aaa-a570-0c1fdb49fc52/value HTTP/1.1
User-Agent: selenium/4.1.2 (java windows)
Content-Length: 229
Content-Type: application/json; charset=utf-8
host: localhost:54049
accept: */*

Response DefaultHttpResponse(decodeResult: success, version: HTTP/1.1)
HTTP/1.1 200 OK
Content-Type: application/json; charset=utf-8
cache-control: no-cache
content-length: 14

20:38:56.140 [AsyncHttpClient-1-5] DEBUG org.asynchttpclient.netty.channel.ChannelManager - Adding key: http://localhost:54049 for channel [id: 0xf78f0726, L:/127.0.0.1:62237 - R:localhost/127.0.0.1:54049]
20:38:56.148 [Forwarding findElement on session 54f376caaa316159f33d56b95a18db36 to remote] DEBUG org.asynchttpclient.netty.request.NettyRequestSender - Using pooled Channel '[id: 0xf78f0726, L:/127.0.0.1:62237 - R:localhost/127.0.0.1:54049]' for 'POST' to 'http://localhost:54049/session/54f376caaa316159f33d56b95a18db36/element'
20:38:56.148 [Forwarding findElement on session 54f376caaa316159f33d56b95a18db36 to remote] DEBUG org.asynchttpclient.netty.request.NettyRequestSender - Using open Channel [id: 0xf78f0726, L:/127.0.0.1:62237 - R:localhost/127.0.0.1:54049] for POST '/session/54f376caaa316159f33d56b95a18db36/element'
20:38:56.164 [AsyncHttpClient-1-5] DEBUG org.asynchttpclient.netty.handler.HttpHandler - 

Request DefaultHttpRequest(decodeResult: success, version: HTTP/1.1)
POST /session/54f376caaa316159f33d56b95a18db36/element HTTP/1.1
User-Agent: selenium/4.1.2 (java windows)
Content-Length: 66
Content-Type: application/json; charset=utf-8
host: localhost:54049
accept: */*

Response DefaultHttpResponse(decodeResult: success, version: HTTP/1.1)
HTTP/1.1 200 OK
Content-Type: application/json; charset=utf-8
cache-control: no-cache
content-length: 88

20:38:56.164 [AsyncHttpClient-1-5] DEBUG org.asynchttpclient.netty.channel.ChannelManager - Adding key: http://localhost:54049 for channel [id: 0xf78f0726, L:/127.0.0.1:62237 - R:localhost/127.0.0.1:54049]
20:38:56.166 [Forwarding sendKeysToElement on session 54f376caaa316159f33d56b95a18db36 to remote] DEBUG org.asynchttpclient.netty.request.NettyRequestSender - Using pooled Channel '[id: 0xf78f0726, L:/127.0.0.1:62237 - R:localhost/127.0.0.1:54049]' for 'POST' to 'http://localhost:54049/session/54f376caaa316159f33d56b95a18db36/element/61ac8151-958b-4aaa-a570-0c1fdb49fc52/value'
20:38:56.166 [Forwarding sendKeysToElement on session 54f376caaa316159f33d56b95a18db36 to remote] DEBUG org.asynchttpclient.netty.request.NettyRequestSender - Using open Channel [id: 0xf78f0726, L:/127.0.0.1:62237 - R:localhost/127.0.0.1:54049] for POST '/session/54f376caaa316159f33d56b95a18db36/element/61ac8151-958b-4aaa-a570-0c1fdb49fc52/value'
20:38:56.565 [AsyncHttpClient-1-5] DEBUG org.asynchttpclient.netty.handler.HttpHandler - 

Request DefaultHttpRequest(decodeResult: success, version: HTTP/1.1)
POST /session/54f376caaa316159f33d56b95a18db36/element/61ac8151-958b-4aaa-a570-0c1fdb49fc52/value HTTP/1.1
User-Agent: selenium/4.1.2 (java windows)
Content-Length: 191
Content-Type: application/json; charset=utf-8
host: localhost:54049
accept: */*

Response DefaultHttpResponse(decodeResult: success, version: HTTP/1.1)
HTTP/1.1 200 OK
Content-Type: application/json; charset=utf-8
cache-control: no-cache
content-length: 14

20:38:56.565 [AsyncHttpClient-1-5] DEBUG org.asynchttpclient.netty.channel.ChannelManager - Adding key: http://localhost:54049 for channel [id: 0xf78f0726, L:/127.0.0.1:62237 - R:localhost/127.0.0.1:54049]
20:38:56.570 [Forwarding findElement on session 54f376caaa316159f33d56b95a18db36 to remote] DEBUG org.asynchttpclient.netty.request.NettyRequestSender - Using pooled Channel '[id: 0xf78f0726, L:/127.0.0.1:62237 - R:localhost/127.0.0.1:54049]' for 'POST' to 'http://localhost:54049/session/54f376caaa316159f33d56b95a18db36/element'
20:38:56.570 [Forwarding findElement on session 54f376caaa316159f33d56b95a18db36 to remote] DEBUG org.asynchttpclient.netty.request.NettyRequestSender - Using open Channel [id: 0xf78f0726, L:/127.0.0.1:62237 - R:localhost/127.0.0.1:54049] for POST '/session/54f376caaa316159f33d56b95a18db36/element'
20:38:56.597 [AsyncHttpClient-1-5] DEBUG org.asynchttpclient.netty.handler.HttpHandler - 

Request DefaultHttpRequest(decodeResult: success, version: HTTP/1.1)
POST /session/54f376caaa316159f33d56b95a18db36/element HTTP/1.1
User-Agent: selenium/4.1.2 (java windows)
Content-Length: 68
Content-Type: application/json; charset=utf-8
host: localhost:54049
accept: */*

Response DefaultHttpResponse(decodeResult: success, version: HTTP/1.1)
HTTP/1.1 200 OK
Content-Type: application/json; charset=utf-8
cache-control: no-cache
content-length: 88

20:38:56.597 [AsyncHttpClient-1-5] DEBUG org.asynchttpclient.netty.channel.ChannelManager - Adding key: http://localhost:54049 for channel [id: 0xf78f0726, L:/127.0.0.1:62237 - R:localhost/127.0.0.1:54049]
20:38:56.597 [Forwarding sendKeysToElement on session 54f376caaa316159f33d56b95a18db36 to remote] DEBUG org.asynchttpclient.netty.request.NettyRequestSender - Using pooled Channel '[id: 0xf78f0726, L:/127.0.0.1:62237 - R:localhost/127.0.0.1:54049]' for 'POST' to 'http://localhost:54049/session/54f376caaa316159f33d56b95a18db36/element/b916df13-64c0-46f2-925e-a0895d4f50b9/value'
20:38:56.597 [Forwarding sendKeysToElement on session 54f376caaa316159f33d56b95a18db36 to remote] DEBUG org.asynchttpclient.netty.request.NettyRequestSender - Using open Channel [id: 0xf78f0726, L:/127.0.0.1:62237 - R:localhost/127.0.0.1:54049] for POST '/session/54f376caaa316159f33d56b95a18db36/element/b916df13-64c0-46f2-925e-a0895d4f50b9/value'
20:38:56.804 [AsyncHttpClient-1-1] DEBUG org.asynchttpclient.netty.channel.DefaultChannelPool - Entry count for : http://localhost:62238 : 1
20:38:57.044 [AsyncHttpClient-1-5] DEBUG org.asynchttpclient.netty.handler.HttpHandler - 

Request DefaultHttpRequest(decodeResult: success, version: HTTP/1.1)
POST /session/54f376caaa316159f33d56b95a18db36/element/b916df13-64c0-46f2-925e-a0895d4f50b9/value HTTP/1.1
User-Agent: selenium/4.1.2 (java windows)
Content-Length: 209
Content-Type: application/json; charset=utf-8
host: localhost:54049
accept: */*

Response DefaultHttpResponse(decodeResult: success, version: HTTP/1.1)
HTTP/1.1 200 OK
Content-Type: application/json; charset=utf-8
cache-control: no-cache
content-length: 14

20:38:57.045 [AsyncHttpClient-1-5] DEBUG org.asynchttpclient.netty.channel.ChannelManager - Adding key: http://localhost:54049 for channel [id: 0xf78f0726, L:/127.0.0.1:62237 - R:localhost/127.0.0.1:54049]
20:38:57.050 [Forwarding findElement on session 54f376caaa316159f33d56b95a18db36 to remote] DEBUG org.asynchttpclient.netty.request.NettyRequestSender - Using pooled Channel '[id: 0xf78f0726, L:/127.0.0.1:62237 - R:localhost/127.0.0.1:54049]' for 'POST' to 'http://localhost:54049/session/54f376caaa316159f33d56b95a18db36/element'
20:38:57.050 [Forwarding findElement on session 54f376caaa316159f33d56b95a18db36 to remote] DEBUG org.asynchttpclient.netty.request.NettyRequestSender - Using open Channel [id: 0xf78f0726, L:/127.0.0.1:62237 - R:localhost/127.0.0.1:54049] for POST '/session/54f376caaa316159f33d56b95a18db36/element'
20:38:57.070 [AsyncHttpClient-1-5] DEBUG org.asynchttpclient.netty.handler.HttpHandler - 

Request DefaultHttpRequest(decodeResult: success, version: HTTP/1.1)
POST /session/54f376caaa316159f33d56b95a18db36/element HTTP/1.1
User-Agent: selenium/4.1.2 (java windows)
Content-Length: 68
Content-Type: application/json; charset=utf-8
host: localhost:54049
accept: */*

Response DefaultHttpResponse(decodeResult: success, version: HTTP/1.1)
HTTP/1.1 200 OK
Content-Type: application/json; charset=utf-8
cache-control: no-cache
content-length: 88

20:38:57.070 [AsyncHttpClient-1-5] DEBUG org.asynchttpclient.netty.channel.ChannelManager - Adding key: http://localhost:54049 for channel [id: 0xf78f0726, L:/127.0.0.1:62237 - R:localhost/127.0.0.1:54049]
20:38:57.073 [Forwarding sendKeysToElement on session 54f376caaa316159f33d56b95a18db36 to remote] DEBUG org.asynchttpclient.netty.request.NettyRequestSender - Using pooled Channel '[id: 0xf78f0726, L:/127.0.0.1:62237 - R:localhost/127.0.0.1:54049]' for 'POST' to 'http://localhost:54049/session/54f376caaa316159f33d56b95a18db36/element/b916df13-64c0-46f2-925e-a0895d4f50b9/value'
20:38:57.073 [Forwarding sendKeysToElement on session 54f376caaa316159f33d56b95a18db36 to remote] DEBUG org.asynchttpclient.netty.request.NettyRequestSender - Using open Channel [id: 0xf78f0726, L:/127.0.0.1:62237 - R:localhost/127.0.0.1:54049] for POST '/session/54f376caaa316159f33d56b95a18db36/element/b916df13-64c0-46f2-925e-a0895d4f50b9/value'
20:38:57.409 [AsyncHttpClient-1-5] DEBUG org.asynchttpclient.netty.handler.HttpHandler - 

Request DefaultHttpRequest(decodeResult: success, version: HTTP/1.1)
POST /session/54f376caaa316159f33d56b95a18db36/element/b916df13-64c0-46f2-925e-a0895d4f50b9/value HTTP/1.1
User-Agent: selenium/4.1.2 (java windows)
Content-Length: 171
Content-Type: application/json; charset=utf-8
host: localhost:54049
accept: */*

Response DefaultHttpResponse(decodeResult: success, version: HTTP/1.1)
HTTP/1.1 200 OK
Content-Type: application/json; charset=utf-8
cache-control: no-cache
content-length: 14

20:38:57.409 [AsyncHttpClient-1-5] DEBUG org.asynchttpclient.netty.channel.ChannelManager - Adding key: http://localhost:54049 for channel [id: 0xf78f0726, L:/127.0.0.1:62237 - R:localhost/127.0.0.1:54049]
20:38:57.416 [Forwarding findElement on session 54f376caaa316159f33d56b95a18db36 to remote] DEBUG org.asynchttpclient.netty.request.NettyRequestSender - Using pooled Channel '[id: 0xf78f0726, L:/127.0.0.1:62237 - R:localhost/127.0.0.1:54049]' for 'POST' to 'http://localhost:54049/session/54f376caaa316159f33d56b95a18db36/element'
20:38:57.416 [Forwarding findElement on session 54f376caaa316159f33d56b95a18db36 to remote] DEBUG org.asynchttpclient.netty.request.NettyRequestSender - Using open Channel [id: 0xf78f0726, L:/127.0.0.1:62237 - R:localhost/127.0.0.1:54049] for POST '/session/54f376caaa316159f33d56b95a18db36/element'
20:38:57.442 [AsyncHttpClient-1-5] DEBUG org.asynchttpclient.netty.handler.HttpHandler - 

Request DefaultHttpRequest(decodeResult: success, version: HTTP/1.1)
POST /session/54f376caaa316159f33d56b95a18db36/element HTTP/1.1
User-Agent: selenium/4.1.2 (java windows)
Content-Length: 66
Content-Type: application/json; charset=utf-8
host: localhost:54049
accept: */*

Response DefaultHttpResponse(decodeResult: success, version: HTTP/1.1)
HTTP/1.1 200 OK
Content-Type: application/json; charset=utf-8
cache-control: no-cache
content-length: 88

20:38:57.442 [AsyncHttpClient-1-5] DEBUG org.asynchttpclient.netty.channel.ChannelManager - Adding key: http://localhost:54049 for channel [id: 0xf78f0726, L:/127.0.0.1:62237 - R:localhost/127.0.0.1:54049]
20:38:57.445 [Forwarding sendKeysToElement on session 54f376caaa316159f33d56b95a18db36 to remote] DEBUG org.asynchttpclient.netty.request.NettyRequestSender - Using pooled Channel '[id: 0xf78f0726, L:/127.0.0.1:62237 - R:localhost/127.0.0.1:54049]' for 'POST' to 'http://localhost:54049/session/54f376caaa316159f33d56b95a18db36/element/2e532a9b-4b07-49bf-9527-42b88cfd504f/value'
20:38:57.445 [Forwarding sendKeysToElement on session 54f376caaa316159f33d56b95a18db36 to remote] DEBUG org.asynchttpclient.netty.request.NettyRequestSender - Using open Channel [id: 0xf78f0726, L:/127.0.0.1:62237 - R:localhost/127.0.0.1:54049] for POST '/session/54f376caaa316159f33d56b95a18db36/element/2e532a9b-4b07-49bf-9527-42b88cfd504f/value'
20:38:57.691 [AsyncHttpClient-1-5] DEBUG org.asynchttpclient.netty.handler.HttpHandler - 

Request DefaultHttpRequest(decodeResult: success, version: HTTP/1.1)
POST /session/54f376caaa316159f33d56b95a18db36/element/2e532a9b-4b07-49bf-9527-42b88cfd504f/value HTTP/1.1
User-Agent: selenium/4.1.2 (java windows)
Content-Length: 139
Content-Type: application/json; charset=utf-8
host: localhost:54049
accept: */*

Response DefaultHttpResponse(decodeResult: success, version: HTTP/1.1)
HTTP/1.1 200 OK
Content-Type: application/json; charset=utf-8
cache-control: no-cache
content-length: 14

20:38:57.692 [AsyncHttpClient-1-5] DEBUG org.asynchttpclient.netty.channel.ChannelManager - Adding key: http://localhost:54049 for channel [id: 0xf78f0726, L:/127.0.0.1:62237 - R:localhost/127.0.0.1:54049]
20:38:57.702 [Forwarding findElement on session 54f376caaa316159f33d56b95a18db36 to remote] DEBUG org.asynchttpclient.netty.request.NettyRequestSender - Using pooled Channel '[id: 0xf78f0726, L:/127.0.0.1:62237 - R:localhost/127.0.0.1:54049]' for 'POST' to 'http://localhost:54049/session/54f376caaa316159f33d56b95a18db36/element'
20:38:57.702 [Forwarding findElement on session 54f376caaa316159f33d56b95a18db36 to remote] DEBUG org.asynchttpclient.netty.request.NettyRequestSender - Using open Channel [id: 0xf78f0726, L:/127.0.0.1:62237 - R:localhost/127.0.0.1:54049] for POST '/session/54f376caaa316159f33d56b95a18db36/element'
20:38:57.784 [AsyncHttpClient-1-5] DEBUG org.asynchttpclient.netty.handler.HttpHandler - 

Request DefaultHttpRequest(decodeResult: success, version: HTTP/1.1)
POST /session/54f376caaa316159f33d56b95a18db36/element HTTP/1.1
User-Agent: selenium/4.1.2 (java windows)
Content-Length: 66
Content-Type: application/json; charset=utf-8
host: localhost:54049
accept: */*

Response DefaultHttpResponse(decodeResult: success, version: HTTP/1.1)
HTTP/1.1 200 OK
Content-Type: application/json; charset=utf-8
cache-control: no-cache
content-length: 88

20:38:57.784 [AsyncHttpClient-1-5] DEBUG org.asynchttpclient.netty.channel.ChannelManager - Adding key: http://localhost:54049 for channel [id: 0xf78f0726, L:/127.0.0.1:62237 - R:localhost/127.0.0.1:54049]
20:38:57.812 [Forwarding sendKeysToElement on session 54f376caaa316159f33d56b95a18db36 to remote] DEBUG org.asynchttpclient.netty.request.NettyRequestSender - Using pooled Channel '[id: 0xf78f0726, L:/127.0.0.1:62237 - R:localhost/127.0.0.1:54049]' for 'POST' to 'http://localhost:54049/session/54f376caaa316159f33d56b95a18db36/element/2e532a9b-4b07-49bf-9527-42b88cfd504f/value'
20:38:57.812 [Forwarding sendKeysToElement on session 54f376caaa316159f33d56b95a18db36 to remote] DEBUG org.asynchttpclient.netty.request.NettyRequestSender - Using open Channel [id: 0xf78f0726, L:/127.0.0.1:62237 - R:localhost/127.0.0.1:54049] for POST '/session/54f376caaa316159f33d56b95a18db36/element/2e532a9b-4b07-49bf-9527-42b88cfd504f/value'
20:38:57.892 [AsyncHttpClient-1-1] DEBUG org.asynchttpclient.netty.channel.DefaultChannelPool - Entry count for : http://localhost:62238 : 1
20:38:58.063 [AsyncHttpClient-1-5] DEBUG org.asynchttpclient.netty.handler.HttpHandler - 

Request DefaultHttpRequest(decodeResult: success, version: HTTP/1.1)
POST /session/54f376caaa316159f33d56b95a18db36/element/2e532a9b-4b07-49bf-9527-42b88cfd504f/value HTTP/1.1
User-Agent: selenium/4.1.2 (java windows)
Content-Length: 101
Content-Type: application/json; charset=utf-8
host: localhost:54049
accept: */*

Response DefaultHttpResponse(decodeResult: success, version: HTTP/1.1)
HTTP/1.1 200 OK
Content-Type: application/json; charset=utf-8
cache-control: no-cache
content-length: 14

20:38:58.064 [AsyncHttpClient-1-5] DEBUG org.asynchttpclient.netty.channel.ChannelManager - Adding key: http://localhost:54049 for channel [id: 0xf78f0726, L:/127.0.0.1:62237 - R:localhost/127.0.0.1:54049]
20:38:58.079 [Forwarding screenshot on session 54f376caaa316159f33d56b95a18db36 to remote] DEBUG org.asynchttpclient.netty.request.NettyRequestSender - Using pooled Channel '[id: 0xf78f0726, L:/127.0.0.1:62237 - R:localhost/127.0.0.1:54049]' for 'GET' to 'http://localhost:54049/session/54f376caaa316159f33d56b95a18db36/screenshot'
20:38:58.080 [Forwarding screenshot on session 54f376caaa316159f33d56b95a18db36 to remote] DEBUG org.asynchttpclient.netty.request.NettyRequestSender - Using open Channel [id: 0xf78f0726, L:/127.0.0.1:62237 - R:localhost/127.0.0.1:54049] for GET '/session/54f376caaa316159f33d56b95a18db36/screenshot'
20:38:58.489 [AsyncHttpClient-1-5] DEBUG org.asynchttpclient.netty.handler.HttpHandler - 

Request DefaultFullHttpRequest(decodeResult: success, version: HTTP/1.1, content: EmptyByteBufBE)
GET /session/54f376caaa316159f33d56b95a18db36/screenshot HTTP/1.1
User-Agent: selenium/4.1.2 (java windows)
Cache-Control: no-cache
Content-Type: application/json; charset=utf-8
host: localhost:54049
accept: */*

Response DefaultHttpResponse(decodeResult: success, version: HTTP/1.1)
HTTP/1.1 200 OK
Content-Type: application/json; charset=utf-8
cache-control: no-cache
content-length: 405052

20:38:58.489 [AsyncHttpClient-1-5] DEBUG org.asynchttpclient.netty.channel.ChannelManager - Adding key: http://localhost:54049 for channel [id: 0xf78f0726, L:/127.0.0.1:62237 - R:localhost/127.0.0.1:54049]
20:38:58.525 [main] DEBUG net.serenitybdd.core.photography.Darkroom - Send negative for processing for target\site\serenity\3956ed047eb35e6be2d8e16898f2cbfab2bdddea7d7f874eaa92514826dd7078.png
20:38:58.525 [main] DEBUG net.thucydides.core.steps.StepInterceptor - STEP DONE: inputDataPasienEdit
20:38:58.533 [Darkroom Processing Line] DEBUG net.serenitybdd.core.photography.DarkroomProcessingLine - Processing screenshot image in /var/screenshots/screenshot-4901429566318178828
20:38:58.533 [Darkroom Processing Line] DEBUG net.serenitybdd.core.photography.DarkroomProcessingLine - Saving screenshot to target\site\serenity\3956ed047eb35e6be2d8e16898f2cbfab2bdddea7d7f874eaa92514826dd7078.png
  &amp#27;[32mThen &amp#27;[0m&amp#27;[32mI input edit &amp#27;[0m&amp#27;[32m&amp#27;[1m"56712"&amp#27;[0m&amp#27;[32m &amp#27;[0m&amp#27;[32m&amp#27;[1m"1234479680"&amp#27;[0m&amp#27;[32m &amp#27;[0m&amp#27;[32m&amp#27;[1m"20"&amp#27;[0m&amp#27;[32m &amp#27;[0m&amp#27;[32m&amp#27;[1m"01294657612"&amp#27;[0m&amp#27;[32m &amp#27;[0m&amp#27;[32m&amp#27;[1m"perumahan"&amp#27;[0m&amp#27;[32m patient&amp#27;[0m &amp#27;[90m# starter.stepdefinitios.PatientDataSteps.iInputEditPatient(java.lang.String,java.lang.String,java.lang.String,java.lang.String,java.lang.String)&amp#27;[0m
20:38:58.575 [Forwarding screenshot on session 54f376caaa316159f33d56b95a18db36 to remote] DEBUG org.asynchttpclient.netty.request.NettyRequestSender - Using pooled Channel '[id: 0xf78f0726, L:/127.0.0.1:62237 - R:localhost/127.0.0.1:54049]' for 'GET' to 'http://localhost:54049/session/54f376caaa316159f33d56b95a18db36/screenshot'
20:38:58.575 [Forwarding screenshot on session 54f376caaa316159f33d56b95a18db36 to remote] DEBUG org.asynchttpclient.netty.request.NettyRequestSender - Using open Channel [id: 0xf78f0726, L:/127.0.0.1:62237 - R:localhost/127.0.0.1:54049] for GET '/session/54f376caaa316159f33d56b95a18db36/screenshot'
20:38:58.992 [AsyncHttpClient-1-1] DEBUG org.asynchttpclient.netty.channel.DefaultChannelPool - Entry count for : http://localhost:62238 : 1
20:38:58.998 [AsyncHttpClient-1-5] DEBUG org.asynchttpclient.netty.handler.HttpHandler - 

Request DefaultFullHttpRequest(decodeResult: success, version: HTTP/1.1, content: EmptyByteBufBE)
GET /session/54f376caaa316159f33d56b95a18db36/screenshot HTTP/1.1
User-Agent: selenium/4.1.2 (java windows)
Cache-Control: no-cache
Content-Type: application/json; charset=utf-8
host: localhost:54049
accept: */*

Response DefaultHttpResponse(decodeResult: success, version: HTTP/1.1)
HTTP/1.1 200 OK
Content-Type: application/json; charset=utf-8
cache-control: no-cache
content-length: 405020

20:38:58.998 [AsyncHttpClient-1-5] DEBUG org.asynchttpclient.netty.channel.ChannelManager - Adding key: http://localhost:54049 for channel [id: 0xf78f0726, L:/127.0.0.1:62237 - R:localhost/127.0.0.1:54049]
20:38:59.025 [main] DEBUG net.serenitybdd.core.photography.Darkroom - Send negative for processing for target\site\serenity\fce074d4906f274a66634317a4309640fdc84e130d1f9718f1a100ad5b3ffa6f.png
20:38:59.038 [Darkroom Processing Line] DEBUG net.serenitybdd.core.photography.DarkroomProcessingLine - Processing screenshot image in /var/screenshots/screenshot-3442677280567659979
20:38:59.038 [Darkroom Processing Line] DEBUG net.serenitybdd.core.photography.DarkroomProcessingLine - Saving screenshot to target\site\serenity\fce074d4906f274a66634317a4309640fdc84e130d1f9718f1a100ad5b3ffa6f.png
20:38:59.055 [main] DEBUG net.thucydides.core.steps.StepInterceptor - STARTING STEP: PatientDataSteps.iClickButtonJenisKelamin - clickLaki
20:38:59.061 [Forwarding findElement on session 54f376caaa316159f33d56b95a18db36 to remote] DEBUG org.asynchttpclient.netty.request.NettyRequestSender - Using pooled Channel '[id: 0xf78f0726, L:/127.0.0.1:62237 - R:localhost/127.0.0.1:54049]' for 'POST' to 'http://localhost:54049/session/54f376caaa316159f33d56b95a18db36/element'
20:38:59.061 [Forwarding findElement on session 54f376caaa316159f33d56b95a18db36 to remote] DEBUG org.asynchttpclient.netty.request.NettyRequestSender - Using open Channel [id: 0xf78f0726, L:/127.0.0.1:62237 - R:localhost/127.0.0.1:54049] for POST '/session/54f376caaa316159f33d56b95a18db36/element'
20:38:59.091 [AsyncHttpClient-1-5] DEBUG org.asynchttpclient.netty.handler.HttpHandler - 

Request DefaultHttpRequest(decodeResult: success, version: HTTP/1.1)
POST /session/54f376caaa316159f33d56b95a18db36/element HTTP/1.1
User-Agent: selenium/4.1.2 (java windows)
Content-Length: 179
Content-Type: application/json; charset=utf-8
host: localhost:54049
accept: */*

Response DefaultHttpResponse(decodeResult: success, version: HTTP/1.1)
HTTP/1.1 200 OK
Content-Type: application/json; charset=utf-8
cache-control: no-cache
content-length: 88

20:38:59.091 [AsyncHttpClient-1-5] DEBUG org.asynchttpclient.netty.channel.ChannelManager - Adding key: http://localhost:54049 for channel [id: 0xf78f0726, L:/127.0.0.1:62237 - R:localhost/127.0.0.1:54049]
20:38:59.091 [Forwarding getElementTagName on session 54f376caaa316159f33d56b95a18db36 to remote] DEBUG org.asynchttpclient.netty.request.NettyRequestSender - Using pooled Channel '[id: 0xf78f0726, L:/127.0.0.1:62237 - R:localhost/127.0.0.1:54049]' for 'GET' to 'http://localhost:54049/session/54f376caaa316159f33d56b95a18db36/element/633f15ac-cf5c-479f-925f-d61f44417775/name'
20:38:59.091 [Forwarding getElementTagName on session 54f376caaa316159f33d56b95a18db36 to remote] DEBUG org.asynchttpclient.netty.request.NettyRequestSender - Using open Channel [id: 0xf78f0726, L:/127.0.0.1:62237 - R:localhost/127.0.0.1:54049] for GET '/session/54f376caaa316159f33d56b95a18db36/element/633f15ac-cf5c-479f-925f-d61f44417775/name'
20:38:59.149 [AsyncHttpClient-1-5] DEBUG org.asynchttpclient.netty.handler.HttpHandler - 

Request DefaultFullHttpRequest(decodeResult: success, version: HTTP/1.1, content: EmptyByteBufBE)
GET /session/54f376caaa316159f33d56b95a18db36/element/633f15ac-cf5c-479f-925f-d61f44417775/name HTTP/1.1
User-Agent: selenium/4.1.2 (java windows)
Cache-Control: no-cache
Content-Type: application/json; charset=utf-8
host: localhost:54049
accept: */*

Response DefaultHttpResponse(decodeResult: success, version: HTTP/1.1)
HTTP/1.1 200 OK
Content-Type: application/json; charset=utf-8
cache-control: no-cache
content-length: 16

20:38:59.149 [AsyncHttpClient-1-5] DEBUG org.asynchttpclient.netty.channel.ChannelManager - Adding key: http://localhost:54049 for channel [id: 0xf78f0726, L:/127.0.0.1:62237 - R:localhost/127.0.0.1:54049]
20:38:59.158 [Forwarding getElementTagName on session 54f376caaa316159f33d56b95a18db36 to remote] DEBUG org.asynchttpclient.netty.request.NettyRequestSender - Using pooled Channel '[id: 0xf78f0726, L:/127.0.0.1:62237 - R:localhost/127.0.0.1:54049]' for 'GET' to 'http://localhost:54049/session/54f376caaa316159f33d56b95a18db36/element/633f15ac-cf5c-479f-925f-d61f44417775/name'
20:38:59.158 [Forwarding getElementTagName on session 54f376caaa316159f33d56b95a18db36 to remote] DEBUG org.asynchttpclient.netty.request.NettyRequestSender - Using open Channel [id: 0xf78f0726, L:/127.0.0.1:62237 - R:localhost/127.0.0.1:54049] for GET '/session/54f376caaa316159f33d56b95a18db36/element/633f15ac-cf5c-479f-925f-d61f44417775/name'
20:38:59.230 [AsyncHttpClient-1-5] DEBUG org.asynchttpclient.netty.handler.HttpHandler - 

Request DefaultFullHttpRequest(decodeResult: success, version: HTTP/1.1, content: EmptyByteBufBE)
GET /session/54f376caaa316159f33d56b95a18db36/element/633f15ac-cf5c-479f-925f-d61f44417775/name HTTP/1.1
User-Agent: selenium/4.1.2 (java windows)
Cache-Control: no-cache
Content-Type: application/json; charset=utf-8
host: localhost:54049
accept: */*

Response DefaultHttpResponse(decodeResult: success, version: HTTP/1.1)
HTTP/1.1 200 OK
Content-Type: application/json; charset=utf-8
cache-control: no-cache
content-length: 16

20:38:59.230 [AsyncHttpClient-1-5] DEBUG org.asynchttpclient.netty.channel.ChannelManager - Adding key: http://localhost:54049 for channel [id: 0xf78f0726, L:/127.0.0.1:62237 - R:localhost/127.0.0.1:54049]
20:38:59.235 [Forwarding findElement on session 54f376caaa316159f33d56b95a18db36 to remote] DEBUG org.asynchttpclient.netty.request.NettyRequestSender - Using pooled Channel '[id: 0xf78f0726, L:/127.0.0.1:62237 - R:localhost/127.0.0.1:54049]' for 'POST' to 'http://localhost:54049/session/54f376caaa316159f33d56b95a18db36/element'
20:38:59.235 [Forwarding findElement on session 54f376caaa316159f33d56b95a18db36 to remote] DEBUG org.asynchttpclient.netty.request.NettyRequestSender - Using open Channel [id: 0xf78f0726, L:/127.0.0.1:62237 - R:localhost/127.0.0.1:54049] for POST '/session/54f376caaa316159f33d56b95a18db36/element'
20:38:59.258 [AsyncHttpClient-1-5] DEBUG org.asynchttpclient.netty.handler.HttpHandler - 

Request DefaultHttpRequest(decodeResult: success, version: HTTP/1.1)
POST /session/54f376caaa316159f33d56b95a18db36/element HTTP/1.1
User-Agent: selenium/4.1.2 (java windows)
Content-Length: 179
Content-Type: application/json; charset=utf-8
host: localhost:54049
accept: */*

Response DefaultHttpResponse(decodeResult: success, version: HTTP/1.1)
HTTP/1.1 200 OK
Content-Type: application/json; charset=utf-8
cache-control: no-cache
content-length: 88

20:38:59.258 [AsyncHttpClient-1-5] DEBUG org.asynchttpclient.netty.channel.ChannelManager - Adding key: http://localhost:54049 for channel [id: 0xf78f0726, L:/127.0.0.1:62237 - R:localhost/127.0.0.1:54049]
20:38:59.265 [Forwarding clickElement on session 54f376caaa316159f33d56b95a18db36 to remote] DEBUG org.asynchttpclient.netty.request.NettyRequestSender - Using pooled Channel '[id: 0xf78f0726, L:/127.0.0.1:62237 - R:localhost/127.0.0.1:54049]' for 'POST' to 'http://localhost:54049/session/54f376caaa316159f33d56b95a18db36/element/633f15ac-cf5c-479f-925f-d61f44417775/click'
20:38:59.265 [Forwarding clickElement on session 54f376caaa316159f33d56b95a18db36 to remote] DEBUG org.asynchttpclient.netty.request.NettyRequestSender - Using open Channel [id: 0xf78f0726, L:/127.0.0.1:62237 - R:localhost/127.0.0.1:54049] for POST '/session/54f376caaa316159f33d56b95a18db36/element/633f15ac-cf5c-479f-925f-d61f44417775/click'
20:38:59.397 [AsyncHttpClient-1-5] DEBUG org.asynchttpclient.netty.handler.HttpHandler - 

Request DefaultHttpRequest(decodeResult: success, version: HTTP/1.1)
POST /session/54f376caaa316159f33d56b95a18db36/element/633f15ac-cf5c-479f-925f-d61f44417775/click HTTP/1.1
User-Agent: selenium/4.1.2 (java windows)
Content-Length: 50
Content-Type: application/json; charset=utf-8
host: localhost:54049
accept: */*

Response DefaultHttpResponse(decodeResult: success, version: HTTP/1.1)
HTTP/1.1 200 OK
Content-Type: application/json; charset=utf-8
cache-control: no-cache
content-length: 14

20:38:59.398 [AsyncHttpClient-1-5] DEBUG org.asynchttpclient.netty.channel.ChannelManager - Adding key: http://localhost:54049 for channel [id: 0xf78f0726, L:/127.0.0.1:62237 - R:localhost/127.0.0.1:54049]
20:38:59.425 [Forwarding screenshot on session 54f376caaa316159f33d56b95a18db36 to remote] DEBUG org.asynchttpclient.netty.request.NettyRequestSender - Using pooled Channel '[id: 0xf78f0726, L:/127.0.0.1:62237 - R:localhost/127.0.0.1:54049]' for 'GET' to 'http://localhost:54049/session/54f376caaa316159f33d56b95a18db36/screenshot'
20:38:59.425 [Forwarding screenshot on session 54f376caaa316159f33d56b95a18db36 to remote] DEBUG org.asynchttpclient.netty.request.NettyRequestSender - Using open Channel [id: 0xf78f0726, L:/127.0.0.1:62237 - R:localhost/127.0.0.1:54049] for GET '/session/54f376caaa316159f33d56b95a18db36/screenshot'
20:38:59.935 [AsyncHttpClient-1-5] DEBUG org.asynchttpclient.netty.handler.HttpHandler - 

Request DefaultFullHttpRequest(decodeResult: success, version: HTTP/1.1, content: EmptyByteBufBE)
GET /session/54f376caaa316159f33d56b95a18db36/screenshot HTTP/1.1
User-Agent: selenium/4.1.2 (java windows)
Cache-Control: no-cache
Content-Type: application/json; charset=utf-8
host: localhost:54049
accept: */*

Response DefaultHttpResponse(decodeResult: success, version: HTTP/1.1)
HTTP/1.1 200 OK
Content-Type: application/json; charset=utf-8
cache-control: no-cache
content-length: 402908

20:38:59.938 [AsyncHttpClient-1-5] DEBUG org.asynchttpclient.netty.channel.ChannelManager - Adding key: http://localhost:54049 for channel [id: 0xf78f0726, L:/127.0.0.1:62237 - R:localhost/127.0.0.1:54049]
20:38:59.976 [main] DEBUG net.serenitybdd.core.photography.Darkroom - Send negative for processing for target\site\serenity\08a1645c978a08bc39eec56461f02fa6030e07d33f518e07ff63234d27be33b3.png
20:38:59.977 [main] DEBUG net.thucydides.core.steps.StepInterceptor - STEP DONE: clickLaki
  &amp#27;[32mAnd &amp#27;[0m&amp#27;[32mI click button jenis kelamin patient&amp#27;[0m                                      &amp#27;[90m# starter.stepdefinitios.PatientDataSteps.iClickButtonJenisKelamin()&amp#27;[0m
20:38:59.977 [Darkroom Processing Line] DEBUG net.serenitybdd.core.photography.DarkroomProcessingLine - Processing screenshot image in /var/screenshots/screenshot-13552888938213677608
20:38:59.977 [Darkroom Processing Line] DEBUG net.serenitybdd.core.photography.DarkroomProcessingLine - Saving screenshot to target\site\serenity\08a1645c978a08bc39eec56461f02fa6030e07d33f518e07ff63234d27be33b3.png
20:39:00.019 [main] DEBUG net.thucydides.core.steps.StepInterceptor - STARTING STEP: PatientDataSteps.clickButtonSimpan - clickButtonSave
20:39:00.048 [Forwarding findElement on session 54f376caaa316159f33d56b95a18db36 to remote] DEBUG org.asynchttpclient.netty.request.NettyRequestSender - Using pooled Channel '[id: 0xf78f0726, L:/127.0.0.1:62237 - R:localhost/127.0.0.1:54049]' for 'POST' to 'http://localhost:54049/session/54f376caaa316159f33d56b95a18db36/element'
20:39:00.048 [Forwarding findElement on session 54f376caaa316159f33d56b95a18db36 to remote] DEBUG org.asynchttpclient.netty.request.NettyRequestSender - Using open Channel [id: 0xf78f0726, L:/127.0.0.1:62237 - R:localhost/127.0.0.1:54049] for POST '/session/54f376caaa316159f33d56b95a18db36/element'
20:39:00.079 [AsyncHttpClient-1-5] DEBUG org.asynchttpclient.netty.handler.HttpHandler - 

Request DefaultHttpRequest(decodeResult: success, version: HTTP/1.1)
POST /session/54f376caaa316159f33d56b95a18db36/element HTTP/1.1
User-Agent: selenium/4.1.2 (java windows)
Content-Length: 68
Content-Type: application/json; charset=utf-8
host: localhost:54049
accept: */*

Response DefaultHttpResponse(decodeResult: success, version: HTTP/1.1)
HTTP/1.1 200 OK
Content-Type: application/json; charset=utf-8
cache-control: no-cache
content-length: 88

20:39:00.079 [AsyncHttpClient-1-5] DEBUG org.asynchttpclient.netty.channel.ChannelManager - Adding key: http://localhost:54049 for channel [id: 0xf78f0726, L:/127.0.0.1:62237 - R:localhost/127.0.0.1:54049]
20:39:00.079 [Forwarding getElementTagName on session 54f376caaa316159f33d56b95a18db36 to remote] DEBUG org.asynchttpclient.netty.request.NettyRequestSender - Using pooled Channel '[id: 0xf78f0726, L:/127.0.0.1:62237 - R:localhost/127.0.0.1:54049]' for 'GET' to 'http://localhost:54049/session/54f376caaa316159f33d56b95a18db36/element/558540bb-7280-44d2-b18c-75e810f714b7/name'
20:39:00.079 [Forwarding getElementTagName on session 54f376caaa316159f33d56b95a18db36 to remote] DEBUG org.asynchttpclient.netty.request.NettyRequestSender - Using open Channel [id: 0xf78f0726, L:/127.0.0.1:62237 - R:localhost/127.0.0.1:54049] for GET '/session/54f376caaa316159f33d56b95a18db36/element/558540bb-7280-44d2-b18c-75e810f714b7/name'
20:39:00.095 [AsyncHttpClient-1-1] DEBUG org.asynchttpclient.netty.channel.DefaultChannelPool - Entry count for : http://localhost:62238 : 1
20:39:00.105 [AsyncHttpClient-1-5] DEBUG org.asynchttpclient.netty.handler.HttpHandler - 

Request DefaultFullHttpRequest(decodeResult: success, version: HTTP/1.1, content: EmptyByteBufBE)
GET /session/54f376caaa316159f33d56b95a18db36/element/558540bb-7280-44d2-b18c-75e810f714b7/name HTTP/1.1
User-Agent: selenium/4.1.2 (java windows)
Cache-Control: no-cache
Content-Type: application/json; charset=utf-8
host: localhost:54049
accept: */*

Response DefaultHttpResponse(decodeResult: success, version: HTTP/1.1)
HTTP/1.1 200 OK
Content-Type: application/json; charset=utf-8
cache-control: no-cache
content-length: 18

20:39:00.105 [AsyncHttpClient-1-5] DEBUG org.asynchttpclient.netty.channel.ChannelManager - Adding key: http://localhost:54049 for channel [id: 0xf78f0726, L:/127.0.0.1:62237 - R:localhost/127.0.0.1:54049]
20:39:00.136 [Forwarding getElementTagName on session 54f376caaa316159f33d56b95a18db36 to remote] DEBUG org.asynchttpclient.netty.request.NettyRequestSender - Using pooled Channel '[id: 0xf78f0726, L:/127.0.0.1:62237 - R:localhost/127.0.0.1:54049]' for 'GET' to 'http://localhost:54049/session/54f376caaa316159f33d56b95a18db36/element/558540bb-7280-44d2-b18c-75e810f714b7/name'
20:39:00.136 [Forwarding getElementTagName on session 54f376caaa316159f33d56b95a18db36 to remote] DEBUG org.asynchttpclient.netty.request.NettyRequestSender - Using open Channel [id: 0xf78f0726, L:/127.0.0.1:62237 - R:localhost/127.0.0.1:54049] for GET '/session/54f376caaa316159f33d56b95a18db36/element/558540bb-7280-44d2-b18c-75e810f714b7/name'
20:39:00.152 [AsyncHttpClient-1-5] DEBUG org.asynchttpclient.netty.handler.HttpHandler - 

Request DefaultFullHttpRequest(decodeResult: success, version: HTTP/1.1, content: EmptyByteBufBE)
GET /session/54f376caaa316159f33d56b95a18db36/element/558540bb-7280-44d2-b18c-75e810f714b7/name HTTP/1.1
User-Agent: selenium/4.1.2 (java windows)
Cache-Control: no-cache
Content-Type: application/json; charset=utf-8
host: localhost:54049
accept: */*

Response DefaultHttpResponse(decodeResult: success, version: HTTP/1.1)
HTTP/1.1 200 OK
Content-Type: application/json; charset=utf-8
cache-control: no-cache
content-length: 18

20:39:00.152 [AsyncHttpClient-1-5] DEBUG org.asynchttpclient.netty.channel.ChannelManager - Adding key: http://localhost:54049 for channel [id: 0xf78f0726, L:/127.0.0.1:62237 - R:localhost/127.0.0.1:54049]
20:39:00.152 [Forwarding isElementEnabled on session 54f376caaa316159f33d56b95a18db36 to remote] DEBUG org.asynchttpclient.netty.request.NettyRequestSender - Using pooled Channel '[id: 0xf78f0726, L:/127.0.0.1:62237 - R:localhost/127.0.0.1:54049]' for 'GET' to 'http://localhost:54049/session/54f376caaa316159f33d56b95a18db36/element/558540bb-7280-44d2-b18c-75e810f714b7/enabled'
20:39:00.152 [Forwarding isElementEnabled on session 54f376caaa316159f33d56b95a18db36 to remote] DEBUG org.asynchttpclient.netty.request.NettyRequestSender - Using open Channel [id: 0xf78f0726, L:/127.0.0.1:62237 - R:localhost/127.0.0.1:54049] for GET '/session/54f376caaa316159f33d56b95a18db36/element/558540bb-7280-44d2-b18c-75e810f714b7/enabled'
20:39:00.183 [AsyncHttpClient-1-5] DEBUG org.asynchttpclient.netty.handler.HttpHandler - 

Request DefaultFullHttpRequest(decodeResult: success, version: HTTP/1.1, content: EmptyByteBufBE)
GET /session/54f376caaa316159f33d56b95a18db36/element/558540bb-7280-44d2-b18c-75e810f714b7/enabled HTTP/1.1
User-Agent: selenium/4.1.2 (java windows)
Cache-Control: no-cache
Content-Type: application/json; charset=utf-8
host: localhost:54049
accept: */*

Response DefaultHttpResponse(decodeResult: success, version: HTTP/1.1)
HTTP/1.1 200 OK
Content-Type: application/json; charset=utf-8
cache-control: no-cache
content-length: 14

20:39:00.183 [AsyncHttpClient-1-5] DEBUG org.asynchttpclient.netty.channel.ChannelManager - Adding key: http://localhost:54049 for channel [id: 0xf78f0726, L:/127.0.0.1:62237 - R:localhost/127.0.0.1:54049]
20:39:00.183 [Forwarding isElementEnabled on session 54f376caaa316159f33d56b95a18db36 to remote] DEBUG org.asynchttpclient.netty.request.NettyRequestSender - Using pooled Channel '[id: 0xf78f0726, L:/127.0.0.1:62237 - R:localhost/127.0.0.1:54049]' for 'GET' to 'http://localhost:54049/session/54f376caaa316159f33d56b95a18db36/element/558540bb-7280-44d2-b18c-75e810f714b7/enabled'
20:39:00.183 [Forwarding isElementEnabled on session 54f376caaa316159f33d56b95a18db36 to remote] DEBUG org.asynchttpclient.netty.request.NettyRequestSender - Using open Channel [id: 0xf78f0726, L:/127.0.0.1:62237 - R:localhost/127.0.0.1:54049] for GET '/session/54f376caaa316159f33d56b95a18db36/element/558540bb-7280-44d2-b18c-75e810f714b7/enabled'
20:39:00.198 [AsyncHttpClient-1-5] DEBUG org.asynchttpclient.netty.handler.HttpHandler - 

Request DefaultFullHttpRequest(decodeResult: success, version: HTTP/1.1, content: EmptyByteBufBE)
GET /session/54f376caaa316159f33d56b95a18db36/element/558540bb-7280-44d2-b18c-75e810f714b7/enabled HTTP/1.1
User-Agent: selenium/4.1.2 (java windows)
Cache-Control: no-cache
Content-Type: application/json; charset=utf-8
host: localhost:54049
accept: */*

Response DefaultHttpResponse(decodeResult: success, version: HTTP/1.1)
HTTP/1.1 200 OK
Content-Type: application/json; charset=utf-8
cache-control: no-cache
content-length: 14

20:39:00.198 [AsyncHttpClient-1-5] DEBUG org.asynchttpclient.netty.channel.ChannelManager - Adding key: http://localhost:54049 for channel [id: 0xf78f0726, L:/127.0.0.1:62237 - R:localhost/127.0.0.1:54049]
20:39:00.198 [Forwarding findElement on session 54f376caaa316159f33d56b95a18db36 to remote] DEBUG org.asynchttpclient.netty.request.NettyRequestSender - Using pooled Channel '[id: 0xf78f0726, L:/127.0.0.1:62237 - R:localhost/127.0.0.1:54049]' for 'POST' to 'http://localhost:54049/session/54f376caaa316159f33d56b95a18db36/element'
20:39:00.198 [Forwarding findElement on session 54f376caaa316159f33d56b95a18db36 to remote] DEBUG org.asynchttpclient.netty.request.NettyRequestSender - Using open Channel [id: 0xf78f0726, L:/127.0.0.1:62237 - R:localhost/127.0.0.1:54049] for POST '/session/54f376caaa316159f33d56b95a18db36/element'
20:39:00.225 [AsyncHttpClient-1-5] DEBUG org.asynchttpclient.netty.handler.HttpHandler - 

Request DefaultHttpRequest(decodeResult: success, version: HTTP/1.1)
POST /session/54f376caaa316159f33d56b95a18db36/element HTTP/1.1
User-Agent: selenium/4.1.2 (java windows)
Content-Length: 68
Content-Type: application/json; charset=utf-8
host: localhost:54049
accept: */*

Response DefaultHttpResponse(decodeResult: success, version: HTTP/1.1)
HTTP/1.1 200 OK
Content-Type: application/json; charset=utf-8
cache-control: no-cache
content-length: 88

20:39:00.225 [AsyncHttpClient-1-5] DEBUG org.asynchttpclient.netty.channel.ChannelManager - Adding key: http://localhost:54049 for channel [id: 0xf78f0726, L:/127.0.0.1:62237 - R:localhost/127.0.0.1:54049]
20:39:00.225 [Forwarding clickElement on session 54f376caaa316159f33d56b95a18db36 to remote] DEBUG org.asynchttpclient.netty.request.NettyRequestSender - Using pooled Channel '[id: 0xf78f0726, L:/127.0.0.1:62237 - R:localhost/127.0.0.1:54049]' for 'POST' to 'http://localhost:54049/session/54f376caaa316159f33d56b95a18db36/element/558540bb-7280-44d2-b18c-75e810f714b7/click'
20:39:00.225 [Forwarding clickElement on session 54f376caaa316159f33d56b95a18db36 to remote] DEBUG org.asynchttpclient.netty.request.NettyRequestSender - Using open Channel [id: 0xf78f0726, L:/127.0.0.1:62237 - R:localhost/127.0.0.1:54049] for POST '/session/54f376caaa316159f33d56b95a18db36/element/558540bb-7280-44d2-b18c-75e810f714b7/click'
20:39:00.357 [AsyncHttpClient-1-5] DEBUG org.asynchttpclient.netty.handler.HttpHandler - 

Request DefaultHttpRequest(decodeResult: success, version: HTTP/1.1)
POST /session/54f376caaa316159f33d56b95a18db36/element/558540bb-7280-44d2-b18c-75e810f714b7/click HTTP/1.1
User-Agent: selenium/4.1.2 (java windows)
Content-Length: 50
Content-Type: application/json; charset=utf-8
host: localhost:54049
accept: */*

Response DefaultHttpResponse(decodeResult: success, version: HTTP/1.1)
HTTP/1.1 200 OK
Content-Type: application/json; charset=utf-8
cache-control: no-cache
content-length: 14

20:39:00.357 [AsyncHttpClient-1-5] DEBUG org.asynchttpclient.netty.channel.ChannelManager - Adding key: http://localhost:54049 for channel [id: 0xf78f0726, L:/127.0.0.1:62237 - R:localhost/127.0.0.1:54049]
20:39:00.379 [Forwarding screenshot on session 54f376caaa316159f33d56b95a18db36 to remote] DEBUG org.asynchttpclient.netty.request.NettyRequestSender - Using pooled Channel '[id: 0xf78f0726, L:/127.0.0.1:62237 - R:localhost/127.0.0.1:54049]' for 'GET' to 'http://localhost:54049/session/54f376caaa316159f33d56b95a18db36/screenshot'
20:39:00.379 [Forwarding screenshot on session 54f376caaa316159f33d56b95a18db36 to remote] DEBUG org.asynchttpclient.netty.request.NettyRequestSender - Using open Channel [id: 0xf78f0726, L:/127.0.0.1:62237 - R:localhost/127.0.0.1:54049] for GET '/session/54f376caaa316159f33d56b95a18db36/screenshot'
20:39:01.209 [AsyncHttpClient-1-1] DEBUG org.asynchttpclient.netty.channel.DefaultChannelPool - Entry count for : http://localhost:62238 : 1
20:39:01.224 [AsyncHttpClient-1-5] DEBUG org.asynchttpclient.netty.handler.HttpHandler - 

Request DefaultFullHttpRequest(decodeResult: success, version: HTTP/1.1, content: EmptyByteBufBE)
GET /session/54f376caaa316159f33d56b95a18db36/screenshot HTTP/1.1
User-Agent: selenium/4.1.2 (java windows)
Cache-Control: no-cache
Content-Type: application/json; charset=utf-8
host: localhost:54049
accept: */*

Response DefaultHttpResponse(decodeResult: success, version: HTTP/1.1)
HTTP/1.1 200 OK
Content-Type: application/json; charset=utf-8
cache-control: no-cache
content-length: 402248

20:39:01.227 [AsyncHttpClient-1-5] DEBUG org.asynchttpclient.netty.channel.ChannelManager - Adding key: http://localhost:54049 for channel [id: 0xf78f0726, L:/127.0.0.1:62237 - R:localhost/127.0.0.1:54049]
20:39:01.274 [main] DEBUG net.serenitybdd.core.photography.Darkroom - Send negative for processing for target\site\serenity\c725a5a0206faf78863825df3488beef1a5aac8737d9e8229a4c916618cee213.png
20:39:01.274 [main] DEBUG net.thucydides.core.steps.StepInterceptor - STEP DONE: clickButtonSave
  &amp#27;[32mAnd &amp#27;[0m&amp#27;[32mClick button simpan&amp#27;[0m                                                       &amp#27;[90m# starter.stepdefinitios.PatientDataSteps.clickButtonSimpan()&amp#27;[0m
20:39:01.275 [Darkroom Processing Line] DEBUG net.serenitybdd.core.photography.DarkroomProcessingLine - Processing screenshot image in /var/screenshots/screenshot-5828923420874768290
20:39:01.275 [Darkroom Processing Line] DEBUG net.serenitybdd.core.photography.DarkroomProcessingLine - Saving screenshot to target\site\serenity\c725a5a0206faf78863825df3488beef1a5aac8737d9e8229a4c916618cee213.png
20:39:01.337 [Forwarding screenshot on session 54f376caaa316159f33d56b95a18db36 to remote] DEBUG org.asynchttpclient.netty.request.NettyRequestSender - Using pooled Channel '[id: 0xf78f0726, L:/127.0.0.1:62237 - R:localhost/127.0.0.1:54049]' for 'GET' to 'http://localhost:54049/session/54f376caaa316159f33d56b95a18db36/screenshot'
20:39:01.338 [Forwarding screenshot on session 54f376caaa316159f33d56b95a18db36 to remote] DEBUG org.asynchttpclient.netty.request.NettyRequestSender - Using open Channel [id: 0xf78f0726, L:/127.0.0.1:62237 - R:localhost/127.0.0.1:54049] for GET '/session/54f376caaa316159f33d56b95a18db36/screenshot'
20:39:01.343 [AsyncHttpClient-1-5] DEBUG org.asynchttpclient.netty.handler.HttpHandler - 

Request DefaultFullHttpRequest(decodeResult: success, version: HTTP/1.1, content: EmptyByteBufBE)
GET /session/54f376caaa316159f33d56b95a18db36/screenshot HTTP/1.1
User-Agent: selenium/4.1.2 (java windows)
Cache-Control: no-cache
Content-Type: application/json; charset=utf-8
host: localhost:54049
accept: */*

Response DefaultHttpResponse(decodeResult: success, version: HTTP/1.1)
HTTP/1.1 500 Internal Server Error
Content-Type: application/json; charset=utf-8
cache-control: no-cache
content-length: 889

20:39:01.343 [AsyncHttpClient-1-5] DEBUG org.asynchttpclient.netty.channel.ChannelManager - Adding key: http://localhost:54049 for channel [id: 0xf78f0726, L:/127.0.0.1:62237 - R:localhost/127.0.0.1:54049]
20:39:01.345 [main] WARN net.thucydides.core.webdriver.WebDriverFacade - Failed to take screenshot (unexpected alert open: {Alert text : data telah diubah}
  (Session info: chrome=102.0.5005.115): data telah diubah
Build info: version: '4.1.2', revision: '9a5a329c5a'
System info: host: 'MOOK-HON', ip: '192.168.100.6', os.name: 'Windows 10', os.arch: 'amd64', os.version: '10.0', java.version: '11.0.14'
Driver info: org.openqa.selenium.chrome.ChromeDriver
Command: [54f376caaa316159f33d56b95a18db36, screenshot {}]
Capabilities {acceptInsecureCerts: false, browserName: chrome, browserVersion: 102.0.5005.115, chrome: {chromedriverVersion: 102.0.5005.61 (0e59bcc00cc4..., userDataDir: C:\Users\ASUS\AppData\Local...}, goog:chromeOptions: {debuggerAddress: localhost:62238}, javascriptEnabled: true, networkConnectionEnabled: false, pageLoadStrategy: normal, platform: WINDOWS, platformName: WINDOWS, proxy: Proxy(), se:cdp: ws://localhost:62238/devtoo..., se:cdpVersion: 102.0.5005.115, setWindowRect: true, strictFileInteractability: false, timeouts: {implicit: 0, pageLoad: 300000, script: 30000}, unhandledPromptBehavior: dismiss and notify, webauthn:extension:credBlob: true, webauthn:extension:largeBlob: true, webauthn:virtualAuthenticators: true}
Session ID: 54f376caaa316159f33d56b95a18db36)
20:39:01.852 [Forwarding screenshot on session 54f376caaa316159f33d56b95a18db36 to remote] DEBUG org.asynchttpclient.netty.request.NettyRequestSender - Using pooled Channel '[id: 0xf78f0726, L:/127.0.0.1:62237 - R:localhost/127.0.0.1:54049]' for 'GET' to 'http://localhost:54049/session/54f376caaa316159f33d56b95a18db36/screenshot'
20:39:01.852 [Forwarding screenshot on session 54f376caaa316159f33d56b95a18db36 to remote] DEBUG org.asynchttpclient.netty.request.NettyRequestSender - Using open Channel [id: 0xf78f0726, L:/127.0.0.1:62237 - R:localhost/127.0.0.1:54049] for GET '/session/54f376caaa316159f33d56b95a18db36/screenshot'
20:39:02.240 [AsyncHttpClient-1-5] DEBUG org.asynchttpclient.netty.handler.HttpHandler - 

Request DefaultFullHttpRequest(decodeResult: success, version: HTTP/1.1, content: EmptyByteBufBE)
GET /session/54f376caaa316159f33d56b95a18db36/screenshot HTTP/1.1
User-Agent: selenium/4.1.2 (java windows)
Cache-Control: no-cache
Content-Type: application/json; charset=utf-8
host: localhost:54049
accept: */*

Response DefaultHttpResponse(decodeResult: success, version: HTTP/1.1)
HTTP/1.1 200 OK
Content-Type: application/json; charset=utf-8
cache-control: no-cache
content-length: 402264

20:39:02.240 [AsyncHttpClient-1-5] DEBUG org.asynchttpclient.netty.channel.ChannelManager - Adding key: http://localhost:54049 for channel [id: 0xf78f0726, L:/127.0.0.1:62237 - R:localhost/127.0.0.1:54049]
20:39:02.271 [main] DEBUG net.serenitybdd.core.photography.Darkroom - Send negative for processing for target\site\serenity\d178907400d84674c912a956afbf30fd317f4b3a3dbe13c22750ea04f0d14bff.png
20:39:02.271 [main] DEBUG net.thucydides.core.steps.StepInterceptor - STARTING STEP: PatientDataSteps.validEditData - clickButtonBack
20:39:02.271 [Forwarding findElement on session 54f376caaa316159f33d56b95a18db36 to remote] DEBUG org.asynchttpclient.netty.request.NettyRequestSender - Using pooled Channel '[id: 0xf78f0726, L:/127.0.0.1:62237 - R:localhost/127.0.0.1:54049]' for 'POST' to 'http://localhost:54049/session/54f376caaa316159f33d56b95a18db36/element'
20:39:02.271 [Forwarding findElement on session 54f376caaa316159f33d56b95a18db36 to remote] DEBUG org.asynchttpclient.netty.request.NettyRequestSender - Using open Channel [id: 0xf78f0726, L:/127.0.0.1:62237 - R:localhost/127.0.0.1:54049] for POST '/session/54f376caaa316159f33d56b95a18db36/element'
20:39:02.271 [Darkroom Processing Line] DEBUG net.serenitybdd.core.photography.DarkroomProcessingLine - Processing screenshot image in /var/screenshots/screenshot-928047431879749596
20:39:02.271 [Darkroom Processing Line] DEBUG net.serenitybdd.core.photography.DarkroomProcessingLine - Saving screenshot to target\site\serenity\d178907400d84674c912a956afbf30fd317f4b3a3dbe13c22750ea04f0d14bff.png
20:39:02.290 [AsyncHttpClient-1-1] DEBUG org.asynchttpclient.netty.channel.DefaultChannelPool - Entry count for : http://localhost:62238 : 1
20:39:02.321 [AsyncHttpClient-1-5] DEBUG org.asynchttpclient.netty.handler.HttpHandler - 

Request DefaultHttpRequest(decodeResult: success, version: HTTP/1.1)
POST /session/54f376caaa316159f33d56b95a18db36/element HTTP/1.1
User-Agent: selenium/4.1.2 (java windows)
Content-Length: 137
Content-Type: application/json; charset=utf-8
host: localhost:54049
accept: */*

Response DefaultHttpResponse(decodeResult: success, version: HTTP/1.1)
HTTP/1.1 200 OK
Content-Type: application/json; charset=utf-8
cache-control: no-cache
content-length: 88

20:39:02.321 [AsyncHttpClient-1-5] DEBUG org.asynchttpclient.netty.channel.ChannelManager - Adding key: http://localhost:54049 for channel [id: 0xf78f0726, L:/127.0.0.1:62237 - R:localhost/127.0.0.1:54049]
20:39:02.321 [Forwarding getElementTagName on session 54f376caaa316159f33d56b95a18db36 to remote] DEBUG org.asynchttpclient.netty.request.NettyRequestSender - Using pooled Channel '[id: 0xf78f0726, L:/127.0.0.1:62237 - R:localhost/127.0.0.1:54049]' for 'GET' to 'http://localhost:54049/session/54f376caaa316159f33d56b95a18db36/element/a1788a3d-f495-49a9-a4ab-a59196bca4c4/name'
20:39:02.321 [Forwarding getElementTagName on session 54f376caaa316159f33d56b95a18db36 to remote] DEBUG org.asynchttpclient.netty.request.NettyRequestSender - Using open Channel [id: 0xf78f0726, L:/127.0.0.1:62237 - R:localhost/127.0.0.1:54049] for GET '/session/54f376caaa316159f33d56b95a18db36/element/a1788a3d-f495-49a9-a4ab-a59196bca4c4/name'
20:39:02.336 [AsyncHttpClient-1-5] DEBUG org.asynchttpclient.netty.handler.HttpHandler - 

Request DefaultFullHttpRequest(decodeResult: success, version: HTTP/1.1, content: EmptyByteBufBE)
GET /session/54f376caaa316159f33d56b95a18db36/element/a1788a3d-f495-49a9-a4ab-a59196bca4c4/name HTTP/1.1
User-Agent: selenium/4.1.2 (java windows)
Cache-Control: no-cache
Content-Type: application/json; charset=utf-8
host: localhost:54049
accept: */*

Response DefaultHttpResponse(decodeResult: success, version: HTTP/1.1)
HTTP/1.1 200 OK
Content-Type: application/json; charset=utf-8
cache-control: no-cache
content-length: 18

20:39:02.336 [AsyncHttpClient-1-5] DEBUG org.asynchttpclient.netty.channel.ChannelManager - Adding key: http://localhost:54049 for channel [id: 0xf78f0726, L:/127.0.0.1:62237 - R:localhost/127.0.0.1:54049]
20:39:02.352 [Forwarding getElementTagName on session 54f376caaa316159f33d56b95a18db36 to remote] DEBUG org.asynchttpclient.netty.request.NettyRequestSender - Using pooled Channel '[id: 0xf78f0726, L:/127.0.0.1:62237 - R:localhost/127.0.0.1:54049]' for 'GET' to 'http://localhost:54049/session/54f376caaa316159f33d56b95a18db36/element/a1788a3d-f495-49a9-a4ab-a59196bca4c4/name'
20:39:02.352 [Forwarding getElementTagName on session 54f376caaa316159f33d56b95a18db36 to remote] DEBUG org.asynchttpclient.netty.request.NettyRequestSender - Using open Channel [id: 0xf78f0726, L:/127.0.0.1:62237 - R:localhost/127.0.0.1:54049] for GET '/session/54f376caaa316159f33d56b95a18db36/element/a1788a3d-f495-49a9-a4ab-a59196bca4c4/name'
20:39:02.368 [AsyncHttpClient-1-5] DEBUG org.asynchttpclient.netty.handler.HttpHandler - 

Request DefaultFullHttpRequest(decodeResult: success, version: HTTP/1.1, content: EmptyByteBufBE)
GET /session/54f376caaa316159f33d56b95a18db36/element/a1788a3d-f495-49a9-a4ab-a59196bca4c4/name HTTP/1.1
User-Agent: selenium/4.1.2 (java windows)
Cache-Control: no-cache
Content-Type: application/json; charset=utf-8
host: localhost:54049
accept: */*

Response DefaultHttpResponse(decodeResult: success, version: HTTP/1.1)
HTTP/1.1 200 OK
Content-Type: application/json; charset=utf-8
cache-control: no-cache
content-length: 18

20:39:02.368 [AsyncHttpClient-1-5] DEBUG org.asynchttpclient.netty.channel.ChannelManager - Adding key: http://localhost:54049 for channel [id: 0xf78f0726, L:/127.0.0.1:62237 - R:localhost/127.0.0.1:54049]
20:39:02.368 [Forwarding isElementEnabled on session 54f376caaa316159f33d56b95a18db36 to remote] DEBUG org.asynchttpclient.netty.request.NettyRequestSender - Using pooled Channel '[id: 0xf78f0726, L:/127.0.0.1:62237 - R:localhost/127.0.0.1:54049]' for 'GET' to 'http://localhost:54049/session/54f376caaa316159f33d56b95a18db36/element/a1788a3d-f495-49a9-a4ab-a59196bca4c4/enabled'
20:39:02.368 [Forwarding isElementEnabled on session 54f376caaa316159f33d56b95a18db36 to remote] DEBUG org.asynchttpclient.netty.request.NettyRequestSender - Using open Channel [id: 0xf78f0726, L:/127.0.0.1:62237 - R:localhost/127.0.0.1:54049] for GET '/session/54f376caaa316159f33d56b95a18db36/element/a1788a3d-f495-49a9-a4ab-a59196bca4c4/enabled'
20:39:02.428 [AsyncHttpClient-1-5] DEBUG org.asynchttpclient.netty.handler.HttpHandler - 

Request DefaultFullHttpRequest(decodeResult: success, version: HTTP/1.1, content: EmptyByteBufBE)
GET /session/54f376caaa316159f33d56b95a18db36/element/a1788a3d-f495-49a9-a4ab-a59196bca4c4/enabled HTTP/1.1
User-Agent: selenium/4.1.2 (java windows)
Cache-Control: no-cache
Content-Type: application/json; charset=utf-8
host: localhost:54049
accept: */*

Response DefaultHttpResponse(decodeResult: success, version: HTTP/1.1)
HTTP/1.1 200 OK
Content-Type: application/json; charset=utf-8
cache-control: no-cache
content-length: 14

20:39:02.428 [AsyncHttpClient-1-5] DEBUG org.asynchttpclient.netty.channel.ChannelManager - Adding key: http://localhost:54049 for channel [id: 0xf78f0726, L:/127.0.0.1:62237 - R:localhost/127.0.0.1:54049]
20:39:02.428 [Forwarding isElementEnabled on session 54f376caaa316159f33d56b95a18db36 to remote] DEBUG org.asynchttpclient.netty.request.NettyRequestSender - Using pooled Channel '[id: 0xf78f0726, L:/127.0.0.1:62237 - R:localhost/127.0.0.1:54049]' for 'GET' to 'http://localhost:54049/session/54f376caaa316159f33d56b95a18db36/element/a1788a3d-f495-49a9-a4ab-a59196bca4c4/enabled'
20:39:02.428 [Forwarding isElementEnabled on session 54f376caaa316159f33d56b95a18db36 to remote] DEBUG org.asynchttpclient.netty.request.NettyRequestSender - Using open Channel [id: 0xf78f0726, L:/127.0.0.1:62237 - R:localhost/127.0.0.1:54049] for GET '/session/54f376caaa316159f33d56b95a18db36/element/a1788a3d-f495-49a9-a4ab-a59196bca4c4/enabled'
20:39:02.475 [AsyncHttpClient-1-5] DEBUG org.asynchttpclient.netty.handler.HttpHandler - 

Request DefaultFullHttpRequest(decodeResult: success, version: HTTP/1.1, content: EmptyByteBufBE)
GET /session/54f376caaa316159f33d56b95a18db36/element/a1788a3d-f495-49a9-a4ab-a59196bca4c4/enabled HTTP/1.1
User-Agent: selenium/4.1.2 (java windows)
Cache-Control: no-cache
Content-Type: application/json; charset=utf-8
host: localhost:54049
accept: */*

Response DefaultHttpResponse(decodeResult: success, version: HTTP/1.1)
HTTP/1.1 200 OK
Content-Type: application/json; charset=utf-8
cache-control: no-cache
content-length: 14

20:39:02.475 [AsyncHttpClient-1-5] DEBUG org.asynchttpclient.netty.channel.ChannelManager - Adding key: http://localhost:54049 for channel [id: 0xf78f0726, L:/127.0.0.1:62237 - R:localhost/127.0.0.1:54049]
20:39:02.475 [Forwarding findElement on session 54f376caaa316159f33d56b95a18db36 to remote] DEBUG org.asynchttpclient.netty.request.NettyRequestSender - Using pooled Channel '[id: 0xf78f0726, L:/127.0.0.1:62237 - R:localhost/127.0.0.1:54049]' for 'POST' to 'http://localhost:54049/session/54f376caaa316159f33d56b95a18db36/element'
20:39:02.475 [Forwarding findElement on session 54f376caaa316159f33d56b95a18db36 to remote] DEBUG org.asynchttpclient.netty.request.NettyRequestSender - Using open Channel [id: 0xf78f0726, L:/127.0.0.1:62237 - R:localhost/127.0.0.1:54049] for POST '/session/54f376caaa316159f33d56b95a18db36/element'
20:39:02.506 [AsyncHttpClient-1-5] DEBUG org.asynchttpclient.netty.handler.HttpHandler - 

Request DefaultHttpRequest(decodeResult: success, version: HTTP/1.1)
POST /session/54f376caaa316159f33d56b95a18db36/element HTTP/1.1
User-Agent: selenium/4.1.2 (java windows)
Content-Length: 137
Content-Type: application/json; charset=utf-8
host: localhost:54049
accept: */*

Response DefaultHttpResponse(decodeResult: success, version: HTTP/1.1)
HTTP/1.1 200 OK
Content-Type: application/json; charset=utf-8
cache-control: no-cache
content-length: 88

20:39:02.506 [AsyncHttpClient-1-5] DEBUG org.asynchttpclient.netty.channel.ChannelManager - Adding key: http://localhost:54049 for channel [id: 0xf78f0726, L:/127.0.0.1:62237 - R:localhost/127.0.0.1:54049]
20:39:02.506 [Forwarding clickElement on session 54f376caaa316159f33d56b95a18db36 to remote] DEBUG org.asynchttpclient.netty.request.NettyRequestSender - Using pooled Channel '[id: 0xf78f0726, L:/127.0.0.1:62237 - R:localhost/127.0.0.1:54049]' for 'POST' to 'http://localhost:54049/session/54f376caaa316159f33d56b95a18db36/element/a1788a3d-f495-49a9-a4ab-a59196bca4c4/click'
20:39:02.506 [Forwarding clickElement on session 54f376caaa316159f33d56b95a18db36 to remote] DEBUG org.asynchttpclient.netty.request.NettyRequestSender - Using open Channel [id: 0xf78f0726, L:/127.0.0.1:62237 - R:localhost/127.0.0.1:54049] for POST '/session/54f376caaa316159f33d56b95a18db36/element/a1788a3d-f495-49a9-a4ab-a59196bca4c4/click'
20:39:02.813 [AsyncHttpClient-1-5] DEBUG org.asynchttpclient.netty.handler.HttpHandler - 

Request DefaultHttpRequest(decodeResult: success, version: HTTP/1.1)
POST /session/54f376caaa316159f33d56b95a18db36/element/a1788a3d-f495-49a9-a4ab-a59196bca4c4/click HTTP/1.1
User-Agent: selenium/4.1.2 (java windows)
Content-Length: 50
Content-Type: application/json; charset=utf-8
host: localhost:54049
accept: */*

Response DefaultHttpResponse(decodeResult: success, version: HTTP/1.1)
HTTP/1.1 200 OK
Content-Type: application/json; charset=utf-8
cache-control: no-cache
content-length: 14

20:39:02.814 [AsyncHttpClient-1-5] DEBUG org.asynchttpclient.netty.channel.ChannelManager - Adding key: http://localhost:54049 for channel [id: 0xf78f0726, L:/127.0.0.1:62237 - R:localhost/127.0.0.1:54049]
20:39:02.839 [Forwarding screenshot on session 54f376caaa316159f33d56b95a18db36 to remote] DEBUG org.asynchttpclient.netty.request.NettyRequestSender - Using pooled Channel '[id: 0xf78f0726, L:/127.0.0.1:62237 - R:localhost/127.0.0.1:54049]' for 'GET' to 'http://localhost:54049/session/54f376caaa316159f33d56b95a18db36/screenshot'
20:39:02.839 [Forwarding screenshot on session 54f376caaa316159f33d56b95a18db36 to remote] DEBUG org.asynchttpclient.netty.request.NettyRequestSender - Using open Channel [id: 0xf78f0726, L:/127.0.0.1:62237 - R:localhost/127.0.0.1:54049] for GET '/session/54f376caaa316159f33d56b95a18db36/screenshot'
20:39:03.330 [AsyncHttpClient-1-5] DEBUG org.asynchttpclient.netty.handler.HttpHandler - 

Request DefaultFullHttpRequest(decodeResult: success, version: HTTP/1.1, content: EmptyByteBufBE)
GET /session/54f376caaa316159f33d56b95a18db36/screenshot HTTP/1.1
User-Agent: selenium/4.1.2 (java windows)
Cache-Control: no-cache
Content-Type: application/json; charset=utf-8
host: localhost:54049
accept: */*

Response DefaultHttpResponse(decodeResult: success, version: HTTP/1.1)
HTTP/1.1 200 OK
Content-Type: application/json; charset=utf-8
cache-control: no-cache
content-length: 392756

20:39:03.330 [AsyncHttpClient-1-5] DEBUG org.asynchttpclient.netty.channel.ChannelManager - Adding key: http://localhost:54049 for channel [id: 0xf78f0726, L:/127.0.0.1:62237 - R:localhost/127.0.0.1:54049]
20:39:03.361 [main] DEBUG net.serenitybdd.core.photography.Darkroom - Send negative for processing for target\site\serenity\0c44e5963f3a3aeff994ee817ecc966acf4a5b429b6aa9aa6dfdab7ebb085aaa.png
20:39:03.361 [main] DEBUG net.thucydides.core.steps.StepInterceptor - STEP DONE: clickButtonBack
20:39:03.361 [Darkroom Processing Line] DEBUG net.serenitybdd.core.photography.DarkroomProcessingLine - Processing screenshot image in /var/screenshots/screenshot-1394302623060829610
20:39:03.361 [Darkroom Processing Line] DEBUG net.serenitybdd.core.photography.DarkroomProcessingLine - Saving screenshot to target\site\serenity\0c44e5963f3a3aeff994ee817ecc966acf4a5b429b6aa9aa6dfdab7ebb085aaa.png
20:39:03.392 [main] DEBUG net.thucydides.core.steps.StepInterceptor - STARTING STEP: PatientDataSteps.validEditData - checkValidDataPasien
20:39:03.392 [Forwarding findElement on session 54f376caaa316159f33d56b95a18db36 to remote] DEBUG org.asynchttpclient.netty.request.NettyRequestSender - Using pooled Channel '[id: 0xf78f0726, L:/127.0.0.1:62237 - R:localhost/127.0.0.1:54049]' for 'POST' to 'http://localhost:54049/session/54f376caaa316159f33d56b95a18db36/element'
20:39:03.392 [Forwarding findElement on session 54f376caaa316159f33d56b95a18db36 to remote] DEBUG org.asynchttpclient.netty.request.NettyRequestSender - Using open Channel [id: 0xf78f0726, L:/127.0.0.1:62237 - R:localhost/127.0.0.1:54049] for POST '/session/54f376caaa316159f33d56b95a18db36/element'
20:39:03.392 [AsyncHttpClient-1-1] DEBUG org.asynchttpclient.netty.channel.DefaultChannelPool - Entry count for : http://localhost:62238 : 1
20:39:03.423 [AsyncHttpClient-1-5] DEBUG org.asynchttpclient.netty.handler.HttpHandler - 

Request DefaultHttpRequest(decodeResult: success, version: HTTP/1.1)
POST /session/54f376caaa316159f33d56b95a18db36/element HTTP/1.1
User-Agent: selenium/4.1.2 (java windows)
Content-Length: 95
Content-Type: application/json; charset=utf-8
host: localhost:54049
accept: */*

Response DefaultHttpResponse(decodeResult: success, version: HTTP/1.1)
HTTP/1.1 200 OK
Content-Type: application/json; charset=utf-8
cache-control: no-cache
content-length: 88

20:39:03.423 [AsyncHttpClient-1-5] DEBUG org.asynchttpclient.netty.channel.ChannelManager - Adding key: http://localhost:54049 for channel [id: 0xf78f0726, L:/127.0.0.1:62237 - R:localhost/127.0.0.1:54049]
20:39:03.423 [Forwarding isElementEnabled on session 54f376caaa316159f33d56b95a18db36 to remote] DEBUG org.asynchttpclient.netty.request.NettyRequestSender - Using pooled Channel '[id: 0xf78f0726, L:/127.0.0.1:62237 - R:localhost/127.0.0.1:54049]' for 'GET' to 'http://localhost:54049/session/54f376caaa316159f33d56b95a18db36/element/8fd34567-6244-4eb2-8d56-7eec43b66a75/enabled'
20:39:03.423 [Forwarding isElementEnabled on session 54f376caaa316159f33d56b95a18db36 to remote] DEBUG org.asynchttpclient.netty.request.NettyRequestSender - Using open Channel [id: 0xf78f0726, L:/127.0.0.1:62237 - R:localhost/127.0.0.1:54049] for GET '/session/54f376caaa316159f33d56b95a18db36/element/8fd34567-6244-4eb2-8d56-7eec43b66a75/enabled'
20:39:03.439 [AsyncHttpClient-1-5] DEBUG org.asynchttpclient.netty.handler.HttpHandler - 

Request DefaultFullHttpRequest(decodeResult: success, version: HTTP/1.1, content: EmptyByteBufBE)
GET /session/54f376caaa316159f33d56b95a18db36/element/8fd34567-6244-4eb2-8d56-7eec43b66a75/enabled HTTP/1.1
User-Agent: selenium/4.1.2 (java windows)
Cache-Control: no-cache
Content-Type: application/json; charset=utf-8
host: localhost:54049
accept: */*

Response DefaultHttpResponse(decodeResult: success, version: HTTP/1.1)
HTTP/1.1 200 OK
Content-Type: application/json; charset=utf-8
cache-control: no-cache
content-length: 14

20:39:03.439 [AsyncHttpClient-1-5] DEBUG org.asynchttpclient.netty.channel.ChannelManager - Adding key: http://localhost:54049 for channel [id: 0xf78f0726, L:/127.0.0.1:62237 - R:localhost/127.0.0.1:54049]
20:39:03.455 [Forwarding screenshot on session 54f376caaa316159f33d56b95a18db36 to remote] DEBUG org.asynchttpclient.netty.request.NettyRequestSender - Using pooled Channel '[id: 0xf78f0726, L:/127.0.0.1:62237 - R:localhost/127.0.0.1:54049]' for 'GET' to 'http://localhost:54049/session/54f376caaa316159f33d56b95a18db36/screenshot'
20:39:03.455 [Forwarding screenshot on session 54f376caaa316159f33d56b95a18db36 to remote] DEBUG org.asynchttpclient.netty.request.NettyRequestSender - Using open Channel [id: 0xf78f0726, L:/127.0.0.1:62237 - R:localhost/127.0.0.1:54049] for GET '/session/54f376caaa316159f33d56b95a18db36/screenshot'
20:39:03.888 [AsyncHttpClient-1-5] DEBUG org.asynchttpclient.netty.handler.HttpHandler - 

Request DefaultFullHttpRequest(decodeResult: success, version: HTTP/1.1, content: EmptyByteBufBE)
GET /session/54f376caaa316159f33d56b95a18db36/screenshot HTTP/1.1
User-Agent: selenium/4.1.2 (java windows)
Cache-Control: no-cache
Content-Type: application/json; charset=utf-8
host: localhost:54049
accept: */*

Response DefaultHttpResponse(decodeResult: success, version: HTTP/1.1)
HTTP/1.1 200 OK
Content-Type: application/json; charset=utf-8
cache-control: no-cache
content-length: 392948

20:39:03.889 [AsyncHttpClient-1-5] DEBUG org.asynchttpclient.netty.channel.ChannelManager - Adding key: http://localhost:54049 for channel [id: 0xf78f0726, L:/127.0.0.1:62237 - R:localhost/127.0.0.1:54049]
20:39:03.913 [main] DEBUG net.serenitybdd.core.photography.Darkroom - Send negative for processing for target\site\serenity\2059b51c0f41cc56c0838fd1d34ce628de719acdcabee64b919c4d6465f30906.png
20:39:03.913 [main] DEBUG net.thucydides.core.steps.StepInterceptor - STEP DONE: checkValidDataPasien
  &amp#27;[32mAnd &amp#27;[0m&amp#27;[32mValid edit data&amp#27;[0m                                                           &amp#27;[90m# starter.stepdefinitios.PatientDataSteps.validEditData()&amp#27;[0m
20:39:03.913 [Darkroom Processing Line] DEBUG net.serenitybdd.core.photography.DarkroomProcessingLine - Processing screenshot image in /var/screenshots/screenshot-14765831812093695852
20:39:03.913 [Darkroom Processing Line] DEBUG net.serenitybdd.core.photography.DarkroomProcessingLine - Saving screenshot to target\site\serenity\2059b51c0f41cc56c0838fd1d34ce628de719acdcabee64b919c4d6465f30906.png
20:39:03.944 [AsyncHttpClient-1-7] DEBUG org.asynchttpclient.netty.handler.WebSocketHandler - Channel Closed: [id: 0x8d2aba79, L:/127.0.0.1:62249 ! R:localhost/127.0.0.1:62238] with attribute NettyResponseFuture{currentRetry=5,
	isDone=1,
	isCancelled=0,
	asyncHandler=org.asynchttpclient.ws.WebSocketUpgradeHandler@3338749e,
	nettyRequest=org.asynchttpclient.netty.request.NettyRequest@51cc252e,
	future=java.util.concurrent.CompletableFuture@63a22775[Completed normally],
	uri=ws://localhost:62238/devtools/browser/f943c584-9371-44b1-8382-9fd94b9dde33,
	keepAlive=true,
	redirectCount=0,
	timeoutsHolder=null,
	inAuth=0,
	touch=1655991525454}
20:39:03.944 [AsyncHttpClient-1-7] DEBUG org.asynchttpclient.netty.channel.ChannelManager - Closing Channel [id: 0x8d2aba79, L:/127.0.0.1:62249 ! R:localhost/127.0.0.1:62238] 
20:39:03.944 [Driver Command Executor] DEBUG org.asynchttpclient.netty.request.NettyRequestSender - Using pooled Channel '[id: 0xf78f0726, L:/127.0.0.1:62237 - R:localhost/127.0.0.1:54049]' for 'DELETE' to 'http://localhost:54049/session/54f376caaa316159f33d56b95a18db36'
20:39:03.944 [Driver Command Executor] DEBUG org.asynchttpclient.netty.request.NettyRequestSender - Using open Channel [id: 0xf78f0726, L:/127.0.0.1:62237 - R:localhost/127.0.0.1:54049] for DELETE '/session/54f376caaa316159f33d56b95a18db36'
20:39:04.320 [AsyncHttpClient-1-6] DEBUG org.asynchttpclient.netty.handler.HttpHandler - Unexpected I/O exception on channel [id: 0x64f655a9, L:/127.0.0.1:62248 - R:localhost/127.0.0.1:62238]
java.io.IOException: An existing connection was forcibly closed by the remote host
	at java.base/sun.nio.ch.SocketDispatcher.read0(Native Method)
	at java.base/sun.nio.ch.SocketDispatcher.read(SocketDispatcher.java:43)
	at java.base/sun.nio.ch.IOUtil.readIntoNativeBuffer(IOUtil.java:276)
	at java.base/sun.nio.ch.IOUtil.read(IOUtil.java:233)
	at java.base/sun.nio.ch.IOUtil.read(IOUtil.java:223)
	at java.base/sun.nio.ch.SocketChannelImpl.read(SocketChannelImpl.java:358)
	at io.netty.buffer.PooledByteBuf.setBytes(PooledByteBuf.java:258)
	at io.netty.buffer.AbstractByteBuf.writeBytes(AbstractByteBuf.java:1132)
	at io.netty.channel.socket.nio.NioSocketChannel.doReadBytes(NioSocketChannel.java:350)
	at io.netty.channel.nio.AbstractNioByteChannel$NioByteUnsafe.read(AbstractNioByteChannel.java:151)
	at io.netty.channel.nio.NioEventLoop.processSelectedKey(NioEventLoop.java:722)
	at io.netty.channel.nio.NioEventLoop.processSelectedKeysOptimized(NioEventLoop.java:658)
	at io.netty.channel.nio.NioEventLoop.processSelectedKeys(NioEventLoop.java:584)
	at io.netty.channel.nio.NioEventLoop.run(NioEventLoop.java:496)
	at io.netty.util.concurrent.SingleThreadEventExecutor$4.run(SingleThreadEventExecutor.java:986)
	at io.netty.util.internal.ThreadExecutorMap$2.run(ThreadExecutorMap.java:74)
	at io.netty.util.concurrent.FastThreadLocalRunnable.run(FastThreadLocalRunnable.java:30)
	at java.base/java.lang.Thread.run(Thread.java:834)
20:39:04.320 [AsyncHttpClient-1-6] DEBUG org.asynchttpclient.netty.channel.ChannelManager - Closing Channel [id: 0x64f655a9, L:/127.0.0.1:62248 - R:localhost/127.0.0.1:62238] 
20:39:04.320 [AsyncHttpClient-1-6] DEBUG org.asynchttpclient.netty.handler.HttpHandler - Channel Closed: [id: 0x64f655a9, L:/127.0.0.1:62248 ! R:localhost/127.0.0.1:62238] with attribute DISCARD
20:39:04.430 [AsyncHttpClient-1-5] DEBUG org.asynchttpclient.netty.handler.HttpHandler - 

Request DefaultFullHttpRequest(decodeResult: success, version: HTTP/1.1, content: EmptyByteBufBE)
DELETE /session/54f376caaa316159f33d56b95a18db36 HTTP/1.1
User-Agent: selenium/4.1.2 (java windows)
Content-Type: application/json; charset=utf-8
host: localhost:54049
accept: */*

Response DefaultHttpResponse(decodeResult: success, version: HTTP/1.1)
HTTP/1.1 200 OK
Content-Type: application/json; charset=utf-8
cache-control: no-cache
content-length: 14

20:39:04.430 [AsyncHttpClient-1-5] DEBUG org.asynchttpclient.netty.channel.ChannelManager - Adding key: http://localhost:54049 for channel [id: 0xf78f0726, L:/127.0.0.1:62237 - R:localhost/127.0.0.1:54049]
20:39:04.492 [AsyncHttpClient-1-1] DEBUG org.asynchttpclient.netty.channel.DefaultChannelPool - Entry count for : http://localhost:54049 : 1
20:39:04.492 [AsyncHttpClient-1-1] DEBUG org.asynchttpclient.netty.channel.DefaultChannelPool - Entry count for : http://localhost:62238 : 1
20:39:04.492 [AsyncHttpClient-1-1] DEBUG org.asynchttpclient.netty.channel.DefaultChannelPool - Adding Candidate expired Channel [id: 0x64f655a9, L:/127.0.0.1:62248 ! R:localhost/127.0.0.1:62238] isIdleTimeoutExpired=false isRemotelyClosed=true isTtlExpired=false
20:39:04.492 [AsyncHttpClient-1-1] DEBUG org.asynchttpclient.netty.channel.DefaultChannelPool - Closing Idle Channel [id: 0x64f655a9, L:/127.0.0.1:62248 ! R:localhost/127.0.0.1:62238]
20:39:04.492 [AsyncHttpClient-1-1] DEBUG org.asynchttpclient.netty.channel.DefaultChannelPool - Closed 1 connections out of 2 in 0 ms
20:39:05.593 [AsyncHttpClient-1-1] DEBUG org.asynchttpclient.netty.channel.DefaultChannelPool - Entry count for : http://localhost:54049 : 1
20:39:06.160 [AsyncHttpClient-1-5] DEBUG org.asynchttpclient.netty.handler.HttpHandler - Unexpected I/O exception on channel [id: 0xf78f0726, L:/127.0.0.1:62237 - R:localhost/127.0.0.1:54049]
java.io.IOException: An existing connection was forcibly closed by the remote host
	at java.base/sun.nio.ch.SocketDispatcher.read0(Native Method)
	at java.base/sun.nio.ch.SocketDispatcher.read(SocketDispatcher.java:43)
	at java.base/sun.nio.ch.IOUtil.readIntoNativeBuffer(IOUtil.java:276)
	at java.base/sun.nio.ch.IOUtil.read(IOUtil.java:233)
	at java.base/sun.nio.ch.IOUtil.read(IOUtil.java:223)
	at java.base/sun.nio.ch.SocketChannelImpl.read(SocketChannelImpl.java:358)
	at io.netty.buffer.PooledByteBuf.setBytes(PooledByteBuf.java:258)
	at io.netty.buffer.AbstractByteBuf.writeBytes(AbstractByteBuf.java:1132)
	at io.netty.channel.socket.nio.NioSocketChannel.doReadBytes(NioSocketChannel.java:350)
	at io.netty.channel.nio.AbstractNioByteChannel$NioByteUnsafe.read(AbstractNioByteChannel.java:151)
	at io.netty.channel.nio.NioEventLoop.processSelectedKey(NioEventLoop.java:722)
	at io.netty.channel.nio.NioEventLoop.processSelectedKeysOptimized(NioEventLoop.java:658)
	at io.netty.channel.nio.NioEventLoop.processSelectedKeys(NioEventLoop.java:584)
	at io.netty.channel.nio.NioEventLoop.run(NioEventLoop.java:496)
	at io.netty.util.concurrent.SingleThreadEventExecutor$4.run(SingleThreadEventExecutor.java:986)
	at io.netty.util.internal.ThreadExecutorMap$2.run(ThreadExecutorMap.java:74)
	at io.netty.util.concurrent.FastThreadLocalRunnable.run(FastThreadLocalRunnable.java:30)
	at java.base/java.lang.Thread.run(Thread.java:834)
20:39:06.160 [AsyncHttpClient-1-5] DEBUG org.asynchttpclient.netty.channel.ChannelManager - Closing Channel [id: 0xf78f0726, L:/127.0.0.1:62237 - R:localhost/127.0.0.1:54049] 
20:39:06.160 [AsyncHttpClient-1-5] DEBUG org.asynchttpclient.netty.handler.HttpHandler - Channel Closed: [id: 0xf78f0726, L:/127.0.0.1:62237 ! R:localhost/127.0.0.1:54049] with attribute DISCARD
20:39:06.191 [main] INFO  - 
  _____   ___   ___   _____     ___     _     ___   ___   ___   ___  
 |_   _| | __| / __| |_   _|   | _ \   /_\   / __| / __| | __| |   \ 
   | |   | _|  \__ \   | |     |  _/  / _ \  \__ \ \__ \ | _|  | |) |
   |_|   |___| |___/   |_|     |_|   /_/ \_\ |___/ |___/ |___| |___/ 

As a admin i want to edit data pasien
----------------------------------------------------------------------
]]></system-out>
    <system-err><![CDATA[Starting ChromeDriver 102.0.5005.61 (0e59bcc00cc4985ce39ad31c150065f159d95ad3-refs/branch-heads/5005@{#819}) on port 54049
Only local connections are allowed.
Please see https://chromedriver.chromium.org/security-considerations for suggestions on keeping ChromeDriver safe.
ChromeDriver was started successfully.
Jun 23, 2022 8:38:45 PM org.openqa.selenium.remote.ProtocolHandshake createSession
INFO: Detected dialect: W3C
Jun 23, 2022 8:38:45 PM org.openqa.selenium.devtools.CdpVersionFinder findNearestMatch
WARNING: Unable to find an exact match for CDP version 102, so returning the closest version found: a no-op implementation
Jun 23, 2022 8:38:45 PM org.openqa.selenium.devtools.CdpVersionFinder findNearestMatch
INFO: Unable to find CDP implementation matching 102.
Jun 23, 2022 8:38:45 PM org.openqa.selenium.chromium.ChromiumDriver lambda$new$3
WARNING: Unable to find version of CDP to use for . You may need to include a dependency on a specific version of the CDP using something similar to `org.seleniumhq.selenium:selenium-devtools-v86:4.1.2` where the version ("v86") matches the version of the chromium-based browser you're using and the version number of the artifact is the same as Selenium's.
]]></system-err>
  </testcase>
  <testcase name="As a admin i want to edit data pasien #3" classname="Edit Data Pasien - Admin" time="25.177">
    <system-out><![CDATA[
@EditPatientData
Scenario Outline: As a admin i want to edit data pasien                         &amp#27;[90m# src/test/resources/features/EditDataPasien.feature:17&amp#27;[0m
20:39:06.222 [main] INFO io.cucumber.core.plugin.SerenityReporter - Running feature from file:///D:/Kel-1-capstone/TestingWeb/src/test/resources/features/EditDataPasien.feature
20:39:06.269 [main] DEBUG net.thucydides.core.steps.StepInterceptor - STARTING STEP: PatientDataSteps.openPageDataPasien - openDataPasien
20:39:06.269 [main] INFO net.serenitybdd.core.webdriver.driverproviders.ChromeDriverProvider - Using automatically driver download
20:39:06.598 [main] DEBUG io.github.bonigarcia.wdm.cache.ResolutionCache - Resolution chrome=102 in cache (valid until 21:04:30 23/06/2022 ICT)
20:39:06.629 [main] DEBUG io.github.bonigarcia.wdm.cache.ResolutionCache - Resolution chrome102=102.0.5005.61 in cache (valid until 20:04:30 24/06/2022 ICT)
20:39:06.645 [main] INFO io.github.bonigarcia.wdm.WebDriverManager - Using chromedriver 102.0.5005.61 (resolved driver for Chrome 102)
20:39:06.692 [AsyncHttpClient-1-1] DEBUG org.asynchttpclient.netty.channel.DefaultChannelPool - Entry count for : http://localhost:54049 : 1
20:39:06.692 [AsyncHttpClient-1-1] DEBUG org.asynchttpclient.netty.channel.DefaultChannelPool - Adding Candidate expired Channel [id: 0xf78f0726, L:/127.0.0.1:62237 ! R:localhost/127.0.0.1:54049] isIdleTimeoutExpired=false isRemotelyClosed=true isTtlExpired=false
20:39:06.692 [AsyncHttpClient-1-1] DEBUG org.asynchttpclient.netty.channel.DefaultChannelPool - Closing Idle Channel [id: 0xf78f0726, L:/127.0.0.1:62237 ! R:localhost/127.0.0.1:54049]
20:39:06.692 [AsyncHttpClient-1-1] DEBUG org.asynchttpclient.netty.channel.DefaultChannelPool - Closed 1 connections out of 1 in 0 ms
20:39:06.723 [main] DEBUG io.github.bonigarcia.wdm.WebDriverManager - Driver chromedriver 102.0.5005.61 found in cache
20:39:06.739 [main] INFO io.github.bonigarcia.wdm.WebDriverManager - Exporting webdriver.chrome.driver as C:\Users\ASUS\.cache\selenium\chromedriver\win32\102.0.5005.61\chromedriver.exe
20:39:07.009 [main] DEBUG net.serenitybdd.core.webdriver.driverproviders.ProvideNewDriver - Instantiating driver
20:39:07.009 [main] DEBUG net.serenitybdd.core.webdriver.driverproviders.ProvideNewDriver - Driver capabilities: Capabilities {acceptInsecureCerts: false, base.url: https://fanciful-trifle-360..., browserName: chrome, chorme.driver: src/test/resources/webdrive..., driver: chrome, goog:chromeOptions: {args: [], extensions: []}}
20:39:07.577 [AsyncHttpClient-1-8] DEBUG org.asynchttpclient.netty.channel.NettyConnectListener - Using new Channel '[id: 0xa1b21e46, L:/127.0.0.1:62284 - R:localhost/127.0.0.1:59549]' for 'POST' to '/session'
20:39:10.065 [AsyncHttpClient-1-8] DEBUG org.asynchttpclient.netty.handler.HttpHandler - 

Request DefaultHttpRequest(decodeResult: success, version: HTTP/1.1)
POST /session HTTP/1.1
User-Agent: selenium/4.1.2 (java windows)
Content-Length: 629
Content-Type: application/json; charset=utf-8
host: localhost:59549
accept: */*

Response DefaultHttpResponse(decodeResult: success, version: HTTP/1.1)
HTTP/1.1 200 OK
Content-Type: application/json; charset=utf-8
cache-control: no-cache
content-length: 790

20:39:10.065 [AsyncHttpClient-1-8] DEBUG org.asynchttpclient.netty.channel.ChannelManager - Adding key: http://localhost:59549 for channel [id: 0xa1b21e46, L:/127.0.0.1:62284 - R:localhost/127.0.0.1:59549]
20:39:10.096 [AsyncHttpClient-1-9] DEBUG org.asynchttpclient.netty.channel.NettyConnectListener - Using new Channel '[id: 0xb50d88e3, L:/127.0.0.1:62296 - R:localhost/127.0.0.1:62286]' for 'GET' to '/json/version'
20:39:10.096 [AsyncHttpClient-1-9] DEBUG org.asynchttpclient.netty.handler.HttpHandler - 

Request DefaultFullHttpRequest(decodeResult: success, version: HTTP/1.1, content: EmptyByteBufBE)
GET /json/version HTTP/1.1
User-Agent: selenium/4.1.2 (java windows)
host: localhost:62286
accept: */*

Response DefaultHttpResponse(decodeResult: success, version: HTTP/1.1)
HTTP/1.1 200 OK
Content-Type: application/json; charset=UTF-8
content-length: 428

20:39:10.096 [AsyncHttpClient-1-9] DEBUG org.asynchttpclient.netty.channel.ChannelManager - Adding key: http://localhost:62286 for channel [id: 0xb50d88e3, L:/127.0.0.1:62296 - R:localhost/127.0.0.1:62286]
20:39:10.112 [AsyncHttpClient-1-2] DEBUG org.asynchttpclient.netty.channel.NettyConnectListener - Using new Channel '[id: 0x8d618123, L:/127.0.0.1:62297 - R:localhost/127.0.0.1:62286]' for 'GET' to '/devtools/browser/c45de7dd-829a-48e1-9cf9-32d65acc464d'
20:39:10.112 [AsyncHttpClient-1-2] DEBUG org.asynchttpclient.netty.handler.WebSocketHandler - 

Request DefaultFullHttpRequest(decodeResult: success, version: HTTP/1.1, content: EmptyByteBufBE)
GET /devtools/browser/c45de7dd-829a-48e1-9cf9-32d65acc464d HTTP/1.1
upgrade: websocket
connection: upgrade
sec-websocket-key: rLTNJ5c/7vcgGOKLjtq8NA==
sec-websocket-version: 13
origin: http://localhost:62286
host: localhost:62286
accept: */*
user-agent: AHC/2.1

Response DefaultHttpResponse(decodeResult: success, version: HTTP/1.1)
HTTP/1.1 101 WebSocket Protocol Handshake
Upgrade: WebSocket
Connection: Upgrade
Sec-WebSocket-Accept: MHSLhf/foP4Qm+AT5JbLtX82JyY=

20:39:10.143 [Forwarding get on session 26469434e0c3b48177ecf7784d2bc229 to remote] DEBUG org.asynchttpclient.netty.request.NettyRequestSender - Using pooled Channel '[id: 0xa1b21e46, L:/127.0.0.1:62284 - R:localhost/127.0.0.1:59549]' for 'POST' to 'http://localhost:59549/session/26469434e0c3b48177ecf7784d2bc229/url'
20:39:10.143 [Forwarding get on session 26469434e0c3b48177ecf7784d2bc229 to remote] DEBUG org.asynchttpclient.netty.request.NettyRequestSender - Using open Channel [id: 0xa1b21e46, L:/127.0.0.1:62284 - R:localhost/127.0.0.1:59549] for POST '/session/26469434e0c3b48177ecf7784d2bc229/url'
20:39:11.099 [AsyncHttpClient-1-1] DEBUG org.asynchttpclient.netty.channel.DefaultChannelPool - Entry count for : http://localhost:62286 : 1
20:39:11.530 [AsyncHttpClient-1-8] DEBUG org.asynchttpclient.netty.handler.HttpHandler - 

Request DefaultHttpRequest(decodeResult: success, version: HTTP/1.1)
POST /session/26469434e0c3b48177ecf7784d2bc229/url HTTP/1.1
User-Agent: selenium/4.1.2 (java windows)
Content-Length: 84
Content-Type: application/json; charset=utf-8
host: localhost:59549
accept: */*

Response DefaultHttpResponse(decodeResult: success, version: HTTP/1.1)
HTTP/1.1 200 OK
Content-Type: application/json; charset=utf-8
cache-control: no-cache
content-length: 14

20:39:11.530 [AsyncHttpClient-1-8] DEBUG org.asynchttpclient.netty.channel.ChannelManager - Adding key: http://localhost:59549 for channel [id: 0xa1b21e46, L:/127.0.0.1:62284 - R:localhost/127.0.0.1:59549]
20:39:11.530 [Forwarding setTimeout on session 26469434e0c3b48177ecf7784d2bc229 to remote] DEBUG org.asynchttpclient.netty.request.NettyRequestSender - Using pooled Channel '[id: 0xa1b21e46, L:/127.0.0.1:62284 - R:localhost/127.0.0.1:59549]' for 'POST' to 'http://localhost:59549/session/26469434e0c3b48177ecf7784d2bc229/timeouts'
20:39:11.530 [Forwarding setTimeout on session 26469434e0c3b48177ecf7784d2bc229 to remote] DEBUG org.asynchttpclient.netty.request.NettyRequestSender - Using open Channel [id: 0xa1b21e46, L:/127.0.0.1:62284 - R:localhost/127.0.0.1:59549] for POST '/session/26469434e0c3b48177ecf7784d2bc229/timeouts'
20:39:11.561 [AsyncHttpClient-1-8] DEBUG org.asynchttpclient.netty.handler.HttpHandler - 

Request DefaultHttpRequest(decodeResult: success, version: HTTP/1.1)
POST /session/26469434e0c3b48177ecf7784d2bc229/timeouts HTTP/1.1
User-Agent: selenium/4.1.2 (java windows)
Content-Length: 22
Content-Type: application/json; charset=utf-8
host: localhost:59549
accept: */*

Response DefaultHttpResponse(decodeResult: success, version: HTTP/1.1)
HTTP/1.1 200 OK
Content-Type: application/json; charset=utf-8
cache-control: no-cache
content-length: 14

20:39:11.561 [AsyncHttpClient-1-8] DEBUG org.asynchttpclient.netty.channel.ChannelManager - Adding key: http://localhost:59549 for channel [id: 0xa1b21e46, L:/127.0.0.1:62284 - R:localhost/127.0.0.1:59549]
20:39:11.561 [Forwarding getCurrentUrl on session 26469434e0c3b48177ecf7784d2bc229 to remote] DEBUG org.asynchttpclient.netty.request.NettyRequestSender - Using pooled Channel '[id: 0xa1b21e46, L:/127.0.0.1:62284 - R:localhost/127.0.0.1:59549]' for 'GET' to 'http://localhost:59549/session/26469434e0c3b48177ecf7784d2bc229/url'
20:39:11.561 [Forwarding getCurrentUrl on session 26469434e0c3b48177ecf7784d2bc229 to remote] DEBUG org.asynchttpclient.netty.request.NettyRequestSender - Using open Channel [id: 0xa1b21e46, L:/127.0.0.1:62284 - R:localhost/127.0.0.1:59549] for GET '/session/26469434e0c3b48177ecf7784d2bc229/url'
20:39:11.592 [AsyncHttpClient-1-8] DEBUG org.asynchttpclient.netty.handler.HttpHandler - 

Request DefaultFullHttpRequest(decodeResult: success, version: HTTP/1.1, content: EmptyByteBufBE)
GET /session/26469434e0c3b48177ecf7784d2bc229/url HTTP/1.1
User-Agent: selenium/4.1.2 (java windows)
Cache-Control: no-cache
Content-Type: application/json; charset=utf-8
host: localhost:59549
accept: */*

Response DefaultHttpResponse(decodeResult: success, version: HTTP/1.1)
HTTP/1.1 200 OK
Content-Type: application/json; charset=utf-8
cache-control: no-cache
content-length: 66

20:39:11.592 [AsyncHttpClient-1-8] DEBUG org.asynchttpclient.netty.channel.ChannelManager - Adding key: http://localhost:59549 for channel [id: 0xa1b21e46, L:/127.0.0.1:62284 - R:localhost/127.0.0.1:59549]
20:39:11.608 [Forwarding screenshot on session 26469434e0c3b48177ecf7784d2bc229 to remote] DEBUG org.asynchttpclient.netty.request.NettyRequestSender - Using pooled Channel '[id: 0xa1b21e46, L:/127.0.0.1:62284 - R:localhost/127.0.0.1:59549]' for 'GET' to 'http://localhost:59549/session/26469434e0c3b48177ecf7784d2bc229/screenshot'
20:39:11.608 [Forwarding screenshot on session 26469434e0c3b48177ecf7784d2bc229 to remote] DEBUG org.asynchttpclient.netty.request.NettyRequestSender - Using open Channel [id: 0xa1b21e46, L:/127.0.0.1:62284 - R:localhost/127.0.0.1:59549] for GET '/session/26469434e0c3b48177ecf7784d2bc229/screenshot'
20:39:12.194 [AsyncHttpClient-1-1] DEBUG org.asynchttpclient.netty.channel.DefaultChannelPool - Entry count for : http://localhost:62286 : 1
20:39:12.626 [AsyncHttpClient-1-8] DEBUG org.asynchttpclient.netty.handler.HttpHandler - 

Request DefaultFullHttpRequest(decodeResult: success, version: HTTP/1.1, content: EmptyByteBufBE)
GET /session/26469434e0c3b48177ecf7784d2bc229/screenshot HTTP/1.1
User-Agent: selenium/4.1.2 (java windows)
Cache-Control: no-cache
Content-Type: application/json; charset=utf-8
host: localhost:59549
accept: */*

Response DefaultHttpResponse(decodeResult: success, version: HTTP/1.1)
HTTP/1.1 200 OK
Content-Type: application/json; charset=utf-8
cache-control: no-cache
content-length: 85360

20:39:12.642 [AsyncHttpClient-1-8] DEBUG org.asynchttpclient.netty.channel.ChannelManager - Adding key: http://localhost:59549 for channel [id: 0xa1b21e46, L:/127.0.0.1:62284 - R:localhost/127.0.0.1:59549]
20:39:12.642 [main] DEBUG net.serenitybdd.core.photography.Darkroom - Send negative for processing for target\site\serenity\596afd70c570878447f43e9337cb09aa69e90e5c5e6150d1b2fea01927756af7.png
20:39:12.642 [main] DEBUG net.thucydides.core.steps.StepInterceptor - STEP DONE: openDataPasien
  &amp#27;[32mGiven &amp#27;[0m&amp#27;[32mOpen page data pasien&amp#27;[0m                                                   &amp#27;[90m# starter.stepdefinitios.PatientDataSteps.openPageDataPasien()&amp#27;[0m
20:39:12.642 [Darkroom Processing Line] DEBUG net.serenitybdd.core.photography.DarkroomProcessingLine - Processing screenshot image in /var/screenshots/screenshot-1122352449727417741
20:39:12.642 [Darkroom Processing Line] DEBUG net.serenitybdd.core.photography.DarkroomProcessingLine - Saving screenshot to target\site\serenity\596afd70c570878447f43e9337cb09aa69e90e5c5e6150d1b2fea01927756af7.png
20:39:12.673 [main] DEBUG net.thucydides.core.steps.StepInterceptor - STARTING STEP: PatientDataSteps.clickDetailPatientData - clickButtonDetail
20:39:12.689 [Forwarding findElement on session 26469434e0c3b48177ecf7784d2bc229 to remote] DEBUG org.asynchttpclient.netty.request.NettyRequestSender - Using pooled Channel '[id: 0xa1b21e46, L:/127.0.0.1:62284 - R:localhost/127.0.0.1:59549]' for 'POST' to 'http://localhost:59549/session/26469434e0c3b48177ecf7784d2bc229/element'
20:39:12.689 [Forwarding findElement on session 26469434e0c3b48177ecf7784d2bc229 to remote] DEBUG org.asynchttpclient.netty.request.NettyRequestSender - Using open Channel [id: 0xa1b21e46, L:/127.0.0.1:62284 - R:localhost/127.0.0.1:59549] for POST '/session/26469434e0c3b48177ecf7784d2bc229/element'
20:39:12.722 [AsyncHttpClient-1-8] DEBUG org.asynchttpclient.netty.handler.HttpHandler - 

Request DefaultHttpRequest(decodeResult: success, version: HTTP/1.1)
POST /session/26469434e0c3b48177ecf7784d2bc229/element HTTP/1.1
User-Agent: selenium/4.1.2 (java windows)
Content-Length: 92
Content-Type: application/json; charset=utf-8
host: localhost:59549
accept: */*

Response DefaultHttpResponse(decodeResult: success, version: HTTP/1.1)
HTTP/1.1 200 OK
Content-Type: application/json; charset=utf-8
cache-control: no-cache
content-length: 88

20:39:12.722 [AsyncHttpClient-1-8] DEBUG org.asynchttpclient.netty.channel.ChannelManager - Adding key: http://localhost:59549 for channel [id: 0xa1b21e46, L:/127.0.0.1:62284 - R:localhost/127.0.0.1:59549]
20:39:12.725 [Forwarding getElementTagName on session 26469434e0c3b48177ecf7784d2bc229 to remote] DEBUG org.asynchttpclient.netty.request.NettyRequestSender - Using pooled Channel '[id: 0xa1b21e46, L:/127.0.0.1:62284 - R:localhost/127.0.0.1:59549]' for 'GET' to 'http://localhost:59549/session/26469434e0c3b48177ecf7784d2bc229/element/20962f01-32cf-4dcd-977f-0e4d27ab5a9d/name'
20:39:12.725 [Forwarding getElementTagName on session 26469434e0c3b48177ecf7784d2bc229 to remote] DEBUG org.asynchttpclient.netty.request.NettyRequestSender - Using open Channel [id: 0xa1b21e46, L:/127.0.0.1:62284 - R:localhost/127.0.0.1:59549] for GET '/session/26469434e0c3b48177ecf7784d2bc229/element/20962f01-32cf-4dcd-977f-0e4d27ab5a9d/name'
20:39:12.734 [AsyncHttpClient-1-8] DEBUG org.asynchttpclient.netty.handler.HttpHandler - 

Request DefaultFullHttpRequest(decodeResult: success, version: HTTP/1.1, content: EmptyByteBufBE)
GET /session/26469434e0c3b48177ecf7784d2bc229/element/20962f01-32cf-4dcd-977f-0e4d27ab5a9d/name HTTP/1.1
User-Agent: selenium/4.1.2 (java windows)
Cache-Control: no-cache
Content-Type: application/json; charset=utf-8
host: localhost:59549
accept: */*

Response DefaultHttpResponse(decodeResult: success, version: HTTP/1.1)
HTTP/1.1 200 OK
Content-Type: application/json; charset=utf-8
cache-control: no-cache
content-length: 15

20:39:12.735 [AsyncHttpClient-1-8] DEBUG org.asynchttpclient.netty.channel.ChannelManager - Adding key: http://localhost:59549 for channel [id: 0xa1b21e46, L:/127.0.0.1:62284 - R:localhost/127.0.0.1:59549]
20:39:12.735 [Forwarding getElementTagName on session 26469434e0c3b48177ecf7784d2bc229 to remote] DEBUG org.asynchttpclient.netty.request.NettyRequestSender - Using pooled Channel '[id: 0xa1b21e46, L:/127.0.0.1:62284 - R:localhost/127.0.0.1:59549]' for 'GET' to 'http://localhost:59549/session/26469434e0c3b48177ecf7784d2bc229/element/20962f01-32cf-4dcd-977f-0e4d27ab5a9d/name'
20:39:12.735 [Forwarding getElementTagName on session 26469434e0c3b48177ecf7784d2bc229 to remote] DEBUG org.asynchttpclient.netty.request.NettyRequestSender - Using open Channel [id: 0xa1b21e46, L:/127.0.0.1:62284 - R:localhost/127.0.0.1:59549] for GET '/session/26469434e0c3b48177ecf7784d2bc229/element/20962f01-32cf-4dcd-977f-0e4d27ab5a9d/name'
20:39:12.735 [AsyncHttpClient-1-8] DEBUG org.asynchttpclient.netty.handler.HttpHandler - 

Request DefaultFullHttpRequest(decodeResult: success, version: HTTP/1.1, content: EmptyByteBufBE)
GET /session/26469434e0c3b48177ecf7784d2bc229/element/20962f01-32cf-4dcd-977f-0e4d27ab5a9d/name HTTP/1.1
User-Agent: selenium/4.1.2 (java windows)
Cache-Control: no-cache
Content-Type: application/json; charset=utf-8
host: localhost:59549
accept: */*

Response DefaultHttpResponse(decodeResult: success, version: HTTP/1.1)
HTTP/1.1 200 OK
Content-Type: application/json; charset=utf-8
cache-control: no-cache
content-length: 15

20:39:12.735 [AsyncHttpClient-1-8] DEBUG org.asynchttpclient.netty.channel.ChannelManager - Adding key: http://localhost:59549 for channel [id: 0xa1b21e46, L:/127.0.0.1:62284 - R:localhost/127.0.0.1:59549]
20:39:12.735 [Forwarding findElement on session 26469434e0c3b48177ecf7784d2bc229 to remote] DEBUG org.asynchttpclient.netty.request.NettyRequestSender - Using pooled Channel '[id: 0xa1b21e46, L:/127.0.0.1:62284 - R:localhost/127.0.0.1:59549]' for 'POST' to 'http://localhost:59549/session/26469434e0c3b48177ecf7784d2bc229/element'
20:39:12.735 [Forwarding findElement on session 26469434e0c3b48177ecf7784d2bc229 to remote] DEBUG org.asynchttpclient.netty.request.NettyRequestSender - Using open Channel [id: 0xa1b21e46, L:/127.0.0.1:62284 - R:localhost/127.0.0.1:59549] for POST '/session/26469434e0c3b48177ecf7784d2bc229/element'
20:39:12.751 [AsyncHttpClient-1-8] DEBUG org.asynchttpclient.netty.handler.HttpHandler - 

Request DefaultHttpRequest(decodeResult: success, version: HTTP/1.1)
POST /session/26469434e0c3b48177ecf7784d2bc229/element HTTP/1.1
User-Agent: selenium/4.1.2 (java windows)
Content-Length: 92
Content-Type: application/json; charset=utf-8
host: localhost:59549
accept: */*

Response DefaultHttpResponse(decodeResult: success, version: HTTP/1.1)
HTTP/1.1 200 OK
Content-Type: application/json; charset=utf-8
cache-control: no-cache
content-length: 88

20:39:12.751 [AsyncHttpClient-1-8] DEBUG org.asynchttpclient.netty.channel.ChannelManager - Adding key: http://localhost:59549 for channel [id: 0xa1b21e46, L:/127.0.0.1:62284 - R:localhost/127.0.0.1:59549]
20:39:12.751 [Forwarding clickElement on session 26469434e0c3b48177ecf7784d2bc229 to remote] DEBUG org.asynchttpclient.netty.request.NettyRequestSender - Using pooled Channel '[id: 0xa1b21e46, L:/127.0.0.1:62284 - R:localhost/127.0.0.1:59549]' for 'POST' to 'http://localhost:59549/session/26469434e0c3b48177ecf7784d2bc229/element/20962f01-32cf-4dcd-977f-0e4d27ab5a9d/click'
20:39:12.751 [Forwarding clickElement on session 26469434e0c3b48177ecf7784d2bc229 to remote] DEBUG org.asynchttpclient.netty.request.NettyRequestSender - Using open Channel [id: 0xa1b21e46, L:/127.0.0.1:62284 - R:localhost/127.0.0.1:59549] for POST '/session/26469434e0c3b48177ecf7784d2bc229/element/20962f01-32cf-4dcd-977f-0e4d27ab5a9d/click'
20:39:13.198 [AsyncHttpClient-1-8] DEBUG org.asynchttpclient.netty.handler.HttpHandler - 

Request DefaultHttpRequest(decodeResult: success, version: HTTP/1.1)
POST /session/26469434e0c3b48177ecf7784d2bc229/element/20962f01-32cf-4dcd-977f-0e4d27ab5a9d/click HTTP/1.1
User-Agent: selenium/4.1.2 (java windows)
Content-Length: 50
Content-Type: application/json; charset=utf-8
host: localhost:59549
accept: */*

Response DefaultHttpResponse(decodeResult: success, version: HTTP/1.1)
HTTP/1.1 200 OK
Content-Type: application/json; charset=utf-8
cache-control: no-cache
content-length: 14

20:39:13.198 [AsyncHttpClient-1-8] DEBUG org.asynchttpclient.netty.channel.ChannelManager - Adding key: http://localhost:59549 for channel [id: 0xa1b21e46, L:/127.0.0.1:62284 - R:localhost/127.0.0.1:59549]
20:39:13.213 [Forwarding screenshot on session 26469434e0c3b48177ecf7784d2bc229 to remote] DEBUG org.asynchttpclient.netty.request.NettyRequestSender - Using pooled Channel '[id: 0xa1b21e46, L:/127.0.0.1:62284 - R:localhost/127.0.0.1:59549]' for 'GET' to 'http://localhost:59549/session/26469434e0c3b48177ecf7784d2bc229/screenshot'
20:39:13.213 [Forwarding screenshot on session 26469434e0c3b48177ecf7784d2bc229 to remote] DEBUG org.asynchttpclient.netty.request.NettyRequestSender - Using open Channel [id: 0xa1b21e46, L:/127.0.0.1:62284 - R:localhost/127.0.0.1:59549] for GET '/session/26469434e0c3b48177ecf7784d2bc229/screenshot'
20:39:13.310 [AsyncHttpClient-1-1] DEBUG org.asynchttpclient.netty.channel.DefaultChannelPool - Entry count for : http://localhost:62286 : 1
20:39:13.791 [AsyncHttpClient-1-8] DEBUG org.asynchttpclient.netty.handler.HttpHandler - 

Request DefaultFullHttpRequest(decodeResult: success, version: HTTP/1.1, content: EmptyByteBufBE)
GET /session/26469434e0c3b48177ecf7784d2bc229/screenshot HTTP/1.1
User-Agent: selenium/4.1.2 (java windows)
Cache-Control: no-cache
Content-Type: application/json; charset=utf-8
host: localhost:59549
accept: */*

Response DefaultHttpResponse(decodeResult: success, version: HTTP/1.1)
HTTP/1.1 200 OK
Content-Type: application/json; charset=utf-8
cache-control: no-cache
content-length: 59476

20:39:13.791 [AsyncHttpClient-1-8] DEBUG org.asynchttpclient.netty.channel.ChannelManager - Adding key: http://localhost:59549 for channel [id: 0xa1b21e46, L:/127.0.0.1:62284 - R:localhost/127.0.0.1:59549]
20:39:13.791 [main] DEBUG net.serenitybdd.core.photography.Darkroom - Send negative for processing for target\site\serenity\b264ac188c458e202d8f3e30630d44863bc3c68295444197711244eccdaf879e.png
20:39:13.791 [main] DEBUG net.thucydides.core.steps.StepInterceptor - STEP DONE: clickButtonDetail
  &amp#27;[32mAnd &amp#27;[0m&amp#27;[32mClick Detail Patient data&amp#27;[0m                                                 &amp#27;[90m# starter.stepdefinitios.PatientDataSteps.clickDetailPatientData()&amp#27;[0m
20:39:13.807 [Darkroom Processing Line] DEBUG net.serenitybdd.core.photography.DarkroomProcessingLine - Processing screenshot image in /var/screenshots/screenshot-6679825180436806740
20:39:13.807 [Darkroom Processing Line] DEBUG net.serenitybdd.core.photography.DarkroomProcessingLine - Saving screenshot to target\site\serenity\b264ac188c458e202d8f3e30630d44863bc3c68295444197711244eccdaf879e.png
20:39:14.337 [Forwarding screenshot on session 26469434e0c3b48177ecf7784d2bc229 to remote] DEBUG org.asynchttpclient.netty.request.NettyRequestSender - Using pooled Channel '[id: 0xa1b21e46, L:/127.0.0.1:62284 - R:localhost/127.0.0.1:59549]' for 'GET' to 'http://localhost:59549/session/26469434e0c3b48177ecf7784d2bc229/screenshot'
20:39:14.337 [Forwarding screenshot on session 26469434e0c3b48177ecf7784d2bc229 to remote] DEBUG org.asynchttpclient.netty.request.NettyRequestSender - Using open Channel [id: 0xa1b21e46, L:/127.0.0.1:62284 - R:localhost/127.0.0.1:59549] for GET '/session/26469434e0c3b48177ecf7784d2bc229/screenshot'
20:39:14.396 [AsyncHttpClient-1-1] DEBUG org.asynchttpclient.netty.channel.DefaultChannelPool - Entry count for : http://localhost:62286 : 1
20:39:14.715 [AsyncHttpClient-1-8] DEBUG org.asynchttpclient.netty.handler.HttpHandler - 

Request DefaultFullHttpRequest(decodeResult: success, version: HTTP/1.1, content: EmptyByteBufBE)
GET /session/26469434e0c3b48177ecf7784d2bc229/screenshot HTTP/1.1
User-Agent: selenium/4.1.2 (java windows)
Cache-Control: no-cache
Content-Type: application/json; charset=utf-8
host: localhost:59549
accept: */*

Response DefaultHttpResponse(decodeResult: success, version: HTTP/1.1)
HTTP/1.1 200 OK
Content-Type: application/json; charset=utf-8
cache-control: no-cache
content-length: 398692

20:39:14.715 [AsyncHttpClient-1-8] DEBUG org.asynchttpclient.netty.channel.ChannelManager - Adding key: http://localhost:59549 for channel [id: 0xa1b21e46, L:/127.0.0.1:62284 - R:localhost/127.0.0.1:59549]
20:39:14.746 [main] DEBUG net.serenitybdd.core.photography.Darkroom - Send negative for processing for target\site\serenity\af21858b77efa72d80fdac3ebf686053aab07f5142adb0e3ffb0093d34e6d9ba.png
20:39:14.746 [main] DEBUG net.thucydides.core.steps.StepInterceptor - STARTING STEP: PatientDataSteps.validData - checkValidDataPasien
20:39:14.746 [Darkroom Processing Line] DEBUG net.serenitybdd.core.photography.DarkroomProcessingLine - Processing screenshot image in /var/screenshots/screenshot-15026814890236311025
20:39:14.746 [Darkroom Processing Line] DEBUG net.serenitybdd.core.photography.DarkroomProcessingLine - Saving screenshot to target\site\serenity\af21858b77efa72d80fdac3ebf686053aab07f5142adb0e3ffb0093d34e6d9ba.png
20:39:14.762 [Forwarding findElement on session 26469434e0c3b48177ecf7784d2bc229 to remote] DEBUG org.asynchttpclient.netty.request.NettyRequestSender - Using pooled Channel '[id: 0xa1b21e46, L:/127.0.0.1:62284 - R:localhost/127.0.0.1:59549]' for 'POST' to 'http://localhost:59549/session/26469434e0c3b48177ecf7784d2bc229/element'
20:39:14.762 [Forwarding findElement on session 26469434e0c3b48177ecf7784d2bc229 to remote] DEBUG org.asynchttpclient.netty.request.NettyRequestSender - Using open Channel [id: 0xa1b21e46, L:/127.0.0.1:62284 - R:localhost/127.0.0.1:59549] for POST '/session/26469434e0c3b48177ecf7784d2bc229/element'
20:39:14.777 [AsyncHttpClient-1-8] DEBUG org.asynchttpclient.netty.handler.HttpHandler - 

Request DefaultHttpRequest(decodeResult: success, version: HTTP/1.1)
POST /session/26469434e0c3b48177ecf7784d2bc229/element HTTP/1.1
User-Agent: selenium/4.1.2 (java windows)
Content-Length: 95
Content-Type: application/json; charset=utf-8
host: localhost:59549
accept: */*

Response DefaultHttpResponse(decodeResult: success, version: HTTP/1.1)
HTTP/1.1 200 OK
Content-Type: application/json; charset=utf-8
cache-control: no-cache
content-length: 88

20:39:14.777 [AsyncHttpClient-1-8] DEBUG org.asynchttpclient.netty.channel.ChannelManager - Adding key: http://localhost:59549 for channel [id: 0xa1b21e46, L:/127.0.0.1:62284 - R:localhost/127.0.0.1:59549]
20:39:14.777 [Forwarding isElementEnabled on session 26469434e0c3b48177ecf7784d2bc229 to remote] DEBUG org.asynchttpclient.netty.request.NettyRequestSender - Using pooled Channel '[id: 0xa1b21e46, L:/127.0.0.1:62284 - R:localhost/127.0.0.1:59549]' for 'GET' to 'http://localhost:59549/session/26469434e0c3b48177ecf7784d2bc229/element/d55bd56d-1ac2-483e-84aa-a028e5eedd8f/enabled'
20:39:14.777 [Forwarding isElementEnabled on session 26469434e0c3b48177ecf7784d2bc229 to remote] DEBUG org.asynchttpclient.netty.request.NettyRequestSender - Using open Channel [id: 0xa1b21e46, L:/127.0.0.1:62284 - R:localhost/127.0.0.1:59549] for GET '/session/26469434e0c3b48177ecf7784d2bc229/element/d55bd56d-1ac2-483e-84aa-a028e5eedd8f/enabled'
20:39:14.793 [AsyncHttpClient-1-8] DEBUG org.asynchttpclient.netty.handler.HttpHandler - 

Request DefaultFullHttpRequest(decodeResult: success, version: HTTP/1.1, content: EmptyByteBufBE)
GET /session/26469434e0c3b48177ecf7784d2bc229/element/d55bd56d-1ac2-483e-84aa-a028e5eedd8f/enabled HTTP/1.1
User-Agent: selenium/4.1.2 (java windows)
Cache-Control: no-cache
Content-Type: application/json; charset=utf-8
host: localhost:59549
accept: */*

Response DefaultHttpResponse(decodeResult: success, version: HTTP/1.1)
HTTP/1.1 200 OK
Content-Type: application/json; charset=utf-8
cache-control: no-cache
content-length: 14

20:39:14.808 [AsyncHttpClient-1-8] DEBUG org.asynchttpclient.netty.channel.ChannelManager - Adding key: http://localhost:59549 for channel [id: 0xa1b21e46, L:/127.0.0.1:62284 - R:localhost/127.0.0.1:59549]
20:39:14.808 [Forwarding screenshot on session 26469434e0c3b48177ecf7784d2bc229 to remote] DEBUG org.asynchttpclient.netty.request.NettyRequestSender - Using pooled Channel '[id: 0xa1b21e46, L:/127.0.0.1:62284 - R:localhost/127.0.0.1:59549]' for 'GET' to 'http://localhost:59549/session/26469434e0c3b48177ecf7784d2bc229/screenshot'
20:39:14.808 [Forwarding screenshot on session 26469434e0c3b48177ecf7784d2bc229 to remote] DEBUG org.asynchttpclient.netty.request.NettyRequestSender - Using open Channel [id: 0xa1b21e46, L:/127.0.0.1:62284 - R:localhost/127.0.0.1:59549] for GET '/session/26469434e0c3b48177ecf7784d2bc229/screenshot'
20:39:15.190 [AsyncHttpClient-1-8] DEBUG org.asynchttpclient.netty.handler.HttpHandler - 

Request DefaultFullHttpRequest(decodeResult: success, version: HTTP/1.1, content: EmptyByteBufBE)
GET /session/26469434e0c3b48177ecf7784d2bc229/screenshot HTTP/1.1
User-Agent: selenium/4.1.2 (java windows)
Cache-Control: no-cache
Content-Type: application/json; charset=utf-8
host: localhost:59549
accept: */*

Response DefaultHttpResponse(decodeResult: success, version: HTTP/1.1)
HTTP/1.1 200 OK
Content-Type: application/json; charset=utf-8
cache-control: no-cache
content-length: 398692

20:39:15.190 [AsyncHttpClient-1-8] DEBUG org.asynchttpclient.netty.channel.ChannelManager - Adding key: http://localhost:59549 for channel [id: 0xa1b21e46, L:/127.0.0.1:62284 - R:localhost/127.0.0.1:59549]
20:39:15.205 [main] DEBUG net.serenitybdd.core.photography.Darkroom - Send negative for processing for target\site\serenity\af21858b77efa72d80fdac3ebf686053aab07f5142adb0e3ffb0093d34e6d9ba.png
20:39:15.205 [main] DEBUG net.thucydides.core.steps.StepInterceptor - STEP DONE: checkValidDataPasien
  &amp#27;[32mWhen &amp#27;[0m&amp#27;[32mValid data detail pasien&amp#27;[0m                                                 &amp#27;[90m# starter.stepdefinitios.PatientDataSteps.validData()&amp#27;[0m
20:39:15.252 [main] DEBUG net.thucydides.core.steps.StepInterceptor - STARTING STEP: PatientDataSteps.clickButtonEditProfil - clickButtonEditDataPasien
20:39:15.283 [Forwarding findElement on session 26469434e0c3b48177ecf7784d2bc229 to remote] DEBUG org.asynchttpclient.netty.request.NettyRequestSender - Using pooled Channel '[id: 0xa1b21e46, L:/127.0.0.1:62284 - R:localhost/127.0.0.1:59549]' for 'POST' to 'http://localhost:59549/session/26469434e0c3b48177ecf7784d2bc229/element'
20:39:15.283 [Forwarding findElement on session 26469434e0c3b48177ecf7784d2bc229 to remote] DEBUG org.asynchttpclient.netty.request.NettyRequestSender - Using open Channel [id: 0xa1b21e46, L:/127.0.0.1:62284 - R:localhost/127.0.0.1:59549] for POST '/session/26469434e0c3b48177ecf7784d2bc229/element'
20:39:15.330 [AsyncHttpClient-1-8] DEBUG org.asynchttpclient.netty.handler.HttpHandler - 

Request DefaultHttpRequest(decodeResult: success, version: HTTP/1.1)
POST /session/26469434e0c3b48177ecf7784d2bc229/element HTTP/1.1
User-Agent: selenium/4.1.2 (java windows)
Content-Length: 116
Content-Type: application/json; charset=utf-8
host: localhost:59549
accept: */*

Response DefaultHttpResponse(decodeResult: success, version: HTTP/1.1)
HTTP/1.1 200 OK
Content-Type: application/json; charset=utf-8
cache-control: no-cache
content-length: 88

20:39:15.330 [AsyncHttpClient-1-8] DEBUG org.asynchttpclient.netty.channel.ChannelManager - Adding key: http://localhost:59549 for channel [id: 0xa1b21e46, L:/127.0.0.1:62284 - R:localhost/127.0.0.1:59549]
20:39:15.330 [Forwarding getElementTagName on session 26469434e0c3b48177ecf7784d2bc229 to remote] DEBUG org.asynchttpclient.netty.request.NettyRequestSender - Using pooled Channel '[id: 0xa1b21e46, L:/127.0.0.1:62284 - R:localhost/127.0.0.1:59549]' for 'GET' to 'http://localhost:59549/session/26469434e0c3b48177ecf7784d2bc229/element/cd8d913f-33d7-4c2f-a4a4-1f2619113683/name'
20:39:15.330 [Forwarding getElementTagName on session 26469434e0c3b48177ecf7784d2bc229 to remote] DEBUG org.asynchttpclient.netty.request.NettyRequestSender - Using open Channel [id: 0xa1b21e46, L:/127.0.0.1:62284 - R:localhost/127.0.0.1:59549] for GET '/session/26469434e0c3b48177ecf7784d2bc229/element/cd8d913f-33d7-4c2f-a4a4-1f2619113683/name'
20:39:15.362 [AsyncHttpClient-1-8] DEBUG org.asynchttpclient.netty.handler.HttpHandler - 

Request DefaultFullHttpRequest(decodeResult: success, version: HTTP/1.1, content: EmptyByteBufBE)
GET /session/26469434e0c3b48177ecf7784d2bc229/element/cd8d913f-33d7-4c2f-a4a4-1f2619113683/name HTTP/1.1
User-Agent: selenium/4.1.2 (java windows)
Cache-Control: no-cache
Content-Type: application/json; charset=utf-8
host: localhost:59549
accept: */*

Response DefaultHttpResponse(decodeResult: success, version: HTTP/1.1)
HTTP/1.1 200 OK
Content-Type: application/json; charset=utf-8
cache-control: no-cache
content-length: 18

20:39:15.362 [AsyncHttpClient-1-8] DEBUG org.asynchttpclient.netty.channel.ChannelManager - Adding key: http://localhost:59549 for channel [id: 0xa1b21e46, L:/127.0.0.1:62284 - R:localhost/127.0.0.1:59549]
20:39:15.362 [Forwarding getElementTagName on session 26469434e0c3b48177ecf7784d2bc229 to remote] DEBUG org.asynchttpclient.netty.request.NettyRequestSender - Using pooled Channel '[id: 0xa1b21e46, L:/127.0.0.1:62284 - R:localhost/127.0.0.1:59549]' for 'GET' to 'http://localhost:59549/session/26469434e0c3b48177ecf7784d2bc229/element/cd8d913f-33d7-4c2f-a4a4-1f2619113683/name'
20:39:15.362 [Forwarding getElementTagName on session 26469434e0c3b48177ecf7784d2bc229 to remote] DEBUG org.asynchttpclient.netty.request.NettyRequestSender - Using open Channel [id: 0xa1b21e46, L:/127.0.0.1:62284 - R:localhost/127.0.0.1:59549] for GET '/session/26469434e0c3b48177ecf7784d2bc229/element/cd8d913f-33d7-4c2f-a4a4-1f2619113683/name'
20:39:15.377 [AsyncHttpClient-1-8] DEBUG org.asynchttpclient.netty.handler.HttpHandler - 

Request DefaultFullHttpRequest(decodeResult: success, version: HTTP/1.1, content: EmptyByteBufBE)
GET /session/26469434e0c3b48177ecf7784d2bc229/element/cd8d913f-33d7-4c2f-a4a4-1f2619113683/name HTTP/1.1
User-Agent: selenium/4.1.2 (java windows)
Cache-Control: no-cache
Content-Type: application/json; charset=utf-8
host: localhost:59549
accept: */*

Response DefaultHttpResponse(decodeResult: success, version: HTTP/1.1)
HTTP/1.1 200 OK
Content-Type: application/json; charset=utf-8
cache-control: no-cache
content-length: 18

20:39:15.377 [AsyncHttpClient-1-8] DEBUG org.asynchttpclient.netty.channel.ChannelManager - Adding key: http://localhost:59549 for channel [id: 0xa1b21e46, L:/127.0.0.1:62284 - R:localhost/127.0.0.1:59549]
20:39:15.377 [Forwarding isElementEnabled on session 26469434e0c3b48177ecf7784d2bc229 to remote] DEBUG org.asynchttpclient.netty.request.NettyRequestSender - Using pooled Channel '[id: 0xa1b21e46, L:/127.0.0.1:62284 - R:localhost/127.0.0.1:59549]' for 'GET' to 'http://localhost:59549/session/26469434e0c3b48177ecf7784d2bc229/element/cd8d913f-33d7-4c2f-a4a4-1f2619113683/enabled'
20:39:15.377 [Forwarding isElementEnabled on session 26469434e0c3b48177ecf7784d2bc229 to remote] DEBUG org.asynchttpclient.netty.request.NettyRequestSender - Using open Channel [id: 0xa1b21e46, L:/127.0.0.1:62284 - R:localhost/127.0.0.1:59549] for GET '/session/26469434e0c3b48177ecf7784d2bc229/element/cd8d913f-33d7-4c2f-a4a4-1f2619113683/enabled'
20:39:15.408 [AsyncHttpClient-1-8] DEBUG org.asynchttpclient.netty.handler.HttpHandler - 

Request DefaultFullHttpRequest(decodeResult: success, version: HTTP/1.1, content: EmptyByteBufBE)
GET /session/26469434e0c3b48177ecf7784d2bc229/element/cd8d913f-33d7-4c2f-a4a4-1f2619113683/enabled HTTP/1.1
User-Agent: selenium/4.1.2 (java windows)
Cache-Control: no-cache
Content-Type: application/json; charset=utf-8
host: localhost:59549
accept: */*

Response DefaultHttpResponse(decodeResult: success, version: HTTP/1.1)
HTTP/1.1 200 OK
Content-Type: application/json; charset=utf-8
cache-control: no-cache
content-length: 14

20:39:15.408 [AsyncHttpClient-1-8] DEBUG org.asynchttpclient.netty.channel.ChannelManager - Adding key: http://localhost:59549 for channel [id: 0xa1b21e46, L:/127.0.0.1:62284 - R:localhost/127.0.0.1:59549]
20:39:15.424 [Forwarding isElementEnabled on session 26469434e0c3b48177ecf7784d2bc229 to remote] DEBUG org.asynchttpclient.netty.request.NettyRequestSender - Using pooled Channel '[id: 0xa1b21e46, L:/127.0.0.1:62284 - R:localhost/127.0.0.1:59549]' for 'GET' to 'http://localhost:59549/session/26469434e0c3b48177ecf7784d2bc229/element/cd8d913f-33d7-4c2f-a4a4-1f2619113683/enabled'
20:39:15.424 [Forwarding isElementEnabled on session 26469434e0c3b48177ecf7784d2bc229 to remote] DEBUG org.asynchttpclient.netty.request.NettyRequestSender - Using open Channel [id: 0xa1b21e46, L:/127.0.0.1:62284 - R:localhost/127.0.0.1:59549] for GET '/session/26469434e0c3b48177ecf7784d2bc229/element/cd8d913f-33d7-4c2f-a4a4-1f2619113683/enabled'
20:39:15.440 [AsyncHttpClient-1-8] DEBUG org.asynchttpclient.netty.handler.HttpHandler - 

Request DefaultFullHttpRequest(decodeResult: success, version: HTTP/1.1, content: EmptyByteBufBE)
GET /session/26469434e0c3b48177ecf7784d2bc229/element/cd8d913f-33d7-4c2f-a4a4-1f2619113683/enabled HTTP/1.1
User-Agent: selenium/4.1.2 (java windows)
Cache-Control: no-cache
Content-Type: application/json; charset=utf-8
host: localhost:59549
accept: */*

Response DefaultHttpResponse(decodeResult: success, version: HTTP/1.1)
HTTP/1.1 200 OK
Content-Type: application/json; charset=utf-8
cache-control: no-cache
content-length: 14

20:39:15.440 [AsyncHttpClient-1-8] DEBUG org.asynchttpclient.netty.channel.ChannelManager - Adding key: http://localhost:59549 for channel [id: 0xa1b21e46, L:/127.0.0.1:62284 - R:localhost/127.0.0.1:59549]
20:39:15.440 [Forwarding findElement on session 26469434e0c3b48177ecf7784d2bc229 to remote] DEBUG org.asynchttpclient.netty.request.NettyRequestSender - Using pooled Channel '[id: 0xa1b21e46, L:/127.0.0.1:62284 - R:localhost/127.0.0.1:59549]' for 'POST' to 'http://localhost:59549/session/26469434e0c3b48177ecf7784d2bc229/element'
20:39:15.440 [Forwarding findElement on session 26469434e0c3b48177ecf7784d2bc229 to remote] DEBUG org.asynchttpclient.netty.request.NettyRequestSender - Using open Channel [id: 0xa1b21e46, L:/127.0.0.1:62284 - R:localhost/127.0.0.1:59549] for POST '/session/26469434e0c3b48177ecf7784d2bc229/element'
20:39:15.471 [AsyncHttpClient-1-8] DEBUG org.asynchttpclient.netty.handler.HttpHandler - 

Request DefaultHttpRequest(decodeResult: success, version: HTTP/1.1)
POST /session/26469434e0c3b48177ecf7784d2bc229/element HTTP/1.1
User-Agent: selenium/4.1.2 (java windows)
Content-Length: 116
Content-Type: application/json; charset=utf-8
host: localhost:59549
accept: */*

Response DefaultHttpResponse(decodeResult: success, version: HTTP/1.1)
HTTP/1.1 200 OK
Content-Type: application/json; charset=utf-8
cache-control: no-cache
content-length: 88

20:39:15.471 [AsyncHttpClient-1-8] DEBUG org.asynchttpclient.netty.channel.ChannelManager - Adding key: http://localhost:59549 for channel [id: 0xa1b21e46, L:/127.0.0.1:62284 - R:localhost/127.0.0.1:59549]
20:39:15.471 [Forwarding clickElement on session 26469434e0c3b48177ecf7784d2bc229 to remote] DEBUG org.asynchttpclient.netty.request.NettyRequestSender - Using pooled Channel '[id: 0xa1b21e46, L:/127.0.0.1:62284 - R:localhost/127.0.0.1:59549]' for 'POST' to 'http://localhost:59549/session/26469434e0c3b48177ecf7784d2bc229/element/cd8d913f-33d7-4c2f-a4a4-1f2619113683/click'
20:39:15.471 [Forwarding clickElement on session 26469434e0c3b48177ecf7784d2bc229 to remote] DEBUG org.asynchttpclient.netty.request.NettyRequestSender - Using open Channel [id: 0xa1b21e46, L:/127.0.0.1:62284 - R:localhost/127.0.0.1:59549] for POST '/session/26469434e0c3b48177ecf7784d2bc229/element/cd8d913f-33d7-4c2f-a4a4-1f2619113683/click'
20:39:15.490 [AsyncHttpClient-1-1] DEBUG org.asynchttpclient.netty.channel.DefaultChannelPool - Entry count for : http://localhost:62286 : 1
20:39:15.724 [AsyncHttpClient-1-8] DEBUG org.asynchttpclient.netty.handler.HttpHandler - 

Request DefaultHttpRequest(decodeResult: success, version: HTTP/1.1)
POST /session/26469434e0c3b48177ecf7784d2bc229/element/cd8d913f-33d7-4c2f-a4a4-1f2619113683/click HTTP/1.1
User-Agent: selenium/4.1.2 (java windows)
Content-Length: 50
Content-Type: application/json; charset=utf-8
host: localhost:59549
accept: */*

Response DefaultHttpResponse(decodeResult: success, version: HTTP/1.1)
HTTP/1.1 200 OK
Content-Type: application/json; charset=utf-8
cache-control: no-cache
content-length: 14

20:39:15.725 [AsyncHttpClient-1-8] DEBUG org.asynchttpclient.netty.channel.ChannelManager - Adding key: http://localhost:59549 for channel [id: 0xa1b21e46, L:/127.0.0.1:62284 - R:localhost/127.0.0.1:59549]
20:39:15.744 [Forwarding screenshot on session 26469434e0c3b48177ecf7784d2bc229 to remote] DEBUG org.asynchttpclient.netty.request.NettyRequestSender - Using pooled Channel '[id: 0xa1b21e46, L:/127.0.0.1:62284 - R:localhost/127.0.0.1:59549]' for 'GET' to 'http://localhost:59549/session/26469434e0c3b48177ecf7784d2bc229/screenshot'
20:39:15.744 [Forwarding screenshot on session 26469434e0c3b48177ecf7784d2bc229 to remote] DEBUG org.asynchttpclient.netty.request.NettyRequestSender - Using open Channel [id: 0xa1b21e46, L:/127.0.0.1:62284 - R:localhost/127.0.0.1:59549] for GET '/session/26469434e0c3b48177ecf7784d2bc229/screenshot'
20:39:16.083 [AsyncHttpClient-1-8] DEBUG org.asynchttpclient.netty.handler.HttpHandler - 

Request DefaultFullHttpRequest(decodeResult: success, version: HTTP/1.1, content: EmptyByteBufBE)
GET /session/26469434e0c3b48177ecf7784d2bc229/screenshot HTTP/1.1
User-Agent: selenium/4.1.2 (java windows)
Cache-Control: no-cache
Content-Type: application/json; charset=utf-8
host: localhost:59549
accept: */*

Response DefaultHttpResponse(decodeResult: success, version: HTTP/1.1)
HTTP/1.1 200 OK
Content-Type: application/json; charset=utf-8
cache-control: no-cache
content-length: 401656

20:39:16.083 [AsyncHttpClient-1-8] DEBUG org.asynchttpclient.netty.channel.ChannelManager - Adding key: http://localhost:59549 for channel [id: 0xa1b21e46, L:/127.0.0.1:62284 - R:localhost/127.0.0.1:59549]
20:39:16.114 [main] DEBUG net.serenitybdd.core.photography.Darkroom - Send negative for processing for target\site\serenity\eab873750d404519398d9a5e1f6611177a7b06ba883aa4a10b693112a686b6de.png
20:39:16.114 [main] DEBUG net.thucydides.core.steps.StepInterceptor - STEP DONE: clickButtonEditDataPasien
  &amp#27;[32mAnd &amp#27;[0m&amp#27;[32mClick button edit profil&amp#27;[0m                                                  &amp#27;[90m# starter.stepdefinitios.PatientDataSteps.clickButtonEditProfil()&amp#27;[0m
20:39:16.114 [Darkroom Processing Line] DEBUG net.serenitybdd.core.photography.DarkroomProcessingLine - Processing screenshot image in /var/screenshots/screenshot-12155167057320867712
20:39:16.114 [Darkroom Processing Line] DEBUG net.serenitybdd.core.photography.DarkroomProcessingLine - Saving screenshot to target\site\serenity\eab873750d404519398d9a5e1f6611177a7b06ba883aa4a10b693112a686b6de.png
20:39:16.589 [AsyncHttpClient-1-1] DEBUG org.asynchttpclient.netty.channel.DefaultChannelPool - Entry count for : http://localhost:62286 : 1
20:39:16.589 [AsyncHttpClient-1-1] DEBUG org.asynchttpclient.netty.channel.DefaultChannelPool - Entry count for : http://localhost:59549 : 1
20:39:16.652 [Forwarding screenshot on session 26469434e0c3b48177ecf7784d2bc229 to remote] DEBUG org.asynchttpclient.netty.request.NettyRequestSender - Using pooled Channel '[id: 0xa1b21e46, L:/127.0.0.1:62284 - R:localhost/127.0.0.1:59549]' for 'GET' to 'http://localhost:59549/session/26469434e0c3b48177ecf7784d2bc229/screenshot'
20:39:16.652 [Forwarding screenshot on session 26469434e0c3b48177ecf7784d2bc229 to remote] DEBUG org.asynchttpclient.netty.request.NettyRequestSender - Using open Channel [id: 0xa1b21e46, L:/127.0.0.1:62284 - R:localhost/127.0.0.1:59549] for GET '/session/26469434e0c3b48177ecf7784d2bc229/screenshot'
20:39:17.015 [AsyncHttpClient-1-8] DEBUG org.asynchttpclient.netty.handler.HttpHandler - 

Request DefaultFullHttpRequest(decodeResult: success, version: HTTP/1.1, content: EmptyByteBufBE)
GET /session/26469434e0c3b48177ecf7784d2bc229/screenshot HTTP/1.1
User-Agent: selenium/4.1.2 (java windows)
Cache-Control: no-cache
Content-Type: application/json; charset=utf-8
host: localhost:59549
accept: */*

Response DefaultHttpResponse(decodeResult: success, version: HTTP/1.1)
HTTP/1.1 200 OK
Content-Type: application/json; charset=utf-8
cache-control: no-cache
content-length: 401656

20:39:17.015 [AsyncHttpClient-1-8] DEBUG org.asynchttpclient.netty.channel.ChannelManager - Adding key: http://localhost:59549 for channel [id: 0xa1b21e46, L:/127.0.0.1:62284 - R:localhost/127.0.0.1:59549]
20:39:17.046 [main] DEBUG net.serenitybdd.core.photography.Darkroom - Send negative for processing for target\site\serenity\eab873750d404519398d9a5e1f6611177a7b06ba883aa4a10b693112a686b6de.png
20:39:17.046 [main] DEBUG net.thucydides.core.steps.StepInterceptor - STARTING STEP: PatientDataSteps.iInputEditPatient - inputDataPasienEdit
20:39:17.046 [Forwarding findElement on session 26469434e0c3b48177ecf7784d2bc229 to remote] DEBUG org.asynchttpclient.netty.request.NettyRequestSender - Using pooled Channel '[id: 0xa1b21e46, L:/127.0.0.1:62284 - R:localhost/127.0.0.1:59549]' for 'POST' to 'http://localhost:59549/session/26469434e0c3b48177ecf7784d2bc229/element'
20:39:17.046 [Forwarding findElement on session 26469434e0c3b48177ecf7784d2bc229 to remote] DEBUG org.asynchttpclient.netty.request.NettyRequestSender - Using open Channel [id: 0xa1b21e46, L:/127.0.0.1:62284 - R:localhost/127.0.0.1:59549] for POST '/session/26469434e0c3b48177ecf7784d2bc229/element'
20:39:17.090 [AsyncHttpClient-1-8] DEBUG org.asynchttpclient.netty.handler.HttpHandler - 

Request DefaultHttpRequest(decodeResult: success, version: HTTP/1.1)
POST /session/26469434e0c3b48177ecf7784d2bc229/element HTTP/1.1
User-Agent: selenium/4.1.2 (java windows)
Content-Length: 66
Content-Type: application/json; charset=utf-8
host: localhost:59549
accept: */*

Response DefaultHttpResponse(decodeResult: success, version: HTTP/1.1)
HTTP/1.1 200 OK
Content-Type: application/json; charset=utf-8
cache-control: no-cache
content-length: 88

20:39:17.091 [AsyncHttpClient-1-8] DEBUG org.asynchttpclient.netty.channel.ChannelManager - Adding key: http://localhost:59549 for channel [id: 0xa1b21e46, L:/127.0.0.1:62284 - R:localhost/127.0.0.1:59549]
20:39:17.092 [Forwarding sendKeysToElement on session 26469434e0c3b48177ecf7784d2bc229 to remote] DEBUG org.asynchttpclient.netty.request.NettyRequestSender - Using pooled Channel '[id: 0xa1b21e46, L:/127.0.0.1:62284 - R:localhost/127.0.0.1:59549]' for 'POST' to 'http://localhost:59549/session/26469434e0c3b48177ecf7784d2bc229/element/a0eca279-b521-4a44-97ce-21ba02590d7f/value'
20:39:17.092 [Forwarding sendKeysToElement on session 26469434e0c3b48177ecf7784d2bc229 to remote] DEBUG org.asynchttpclient.netty.request.NettyRequestSender - Using open Channel [id: 0xa1b21e46, L:/127.0.0.1:62284 - R:localhost/127.0.0.1:59549] for POST '/session/26469434e0c3b48177ecf7784d2bc229/element/a0eca279-b521-4a44-97ce-21ba02590d7f/value'
20:39:17.694 [AsyncHttpClient-1-1] DEBUG org.asynchttpclient.netty.channel.DefaultChannelPool - Entry count for : http://localhost:62286 : 1
20:39:17.848 [AsyncHttpClient-1-8] DEBUG org.asynchttpclient.netty.handler.HttpHandler - 

Request DefaultHttpRequest(decodeResult: success, version: HTTP/1.1)
POST /session/26469434e0c3b48177ecf7784d2bc229/element/a0eca279-b521-4a44-97ce-21ba02590d7f/value HTTP/1.1
User-Agent: selenium/4.1.2 (java windows)
Content-Length: 169
Content-Type: application/json; charset=utf-8
host: localhost:59549
accept: */*

Response DefaultHttpResponse(decodeResult: success, version: HTTP/1.1)
HTTP/1.1 200 OK
Content-Type: application/json; charset=utf-8
cache-control: no-cache
content-length: 14

20:39:17.848 [AsyncHttpClient-1-8] DEBUG org.asynchttpclient.netty.channel.ChannelManager - Adding key: http://localhost:59549 for channel [id: 0xa1b21e46, L:/127.0.0.1:62284 - R:localhost/127.0.0.1:59549]
20:39:17.855 [Forwarding findElement on session 26469434e0c3b48177ecf7784d2bc229 to remote] DEBUG org.asynchttpclient.netty.request.NettyRequestSender - Using pooled Channel '[id: 0xa1b21e46, L:/127.0.0.1:62284 - R:localhost/127.0.0.1:59549]' for 'POST' to 'http://localhost:59549/session/26469434e0c3b48177ecf7784d2bc229/element'
20:39:17.855 [Forwarding findElement on session 26469434e0c3b48177ecf7784d2bc229 to remote] DEBUG org.asynchttpclient.netty.request.NettyRequestSender - Using open Channel [id: 0xa1b21e46, L:/127.0.0.1:62284 - R:localhost/127.0.0.1:59549] for POST '/session/26469434e0c3b48177ecf7784d2bc229/element'
20:39:17.881 [AsyncHttpClient-1-8] DEBUG org.asynchttpclient.netty.handler.HttpHandler - 

Request DefaultHttpRequest(decodeResult: success, version: HTTP/1.1)
POST /session/26469434e0c3b48177ecf7784d2bc229/element HTTP/1.1
User-Agent: selenium/4.1.2 (java windows)
Content-Length: 66
Content-Type: application/json; charset=utf-8
host: localhost:59549
accept: */*

Response DefaultHttpResponse(decodeResult: success, version: HTTP/1.1)
HTTP/1.1 200 OK
Content-Type: application/json; charset=utf-8
cache-control: no-cache
content-length: 88

20:39:17.881 [AsyncHttpClient-1-8] DEBUG org.asynchttpclient.netty.channel.ChannelManager - Adding key: http://localhost:59549 for channel [id: 0xa1b21e46, L:/127.0.0.1:62284 - R:localhost/127.0.0.1:59549]
20:39:17.884 [Forwarding sendKeysToElement on session 26469434e0c3b48177ecf7784d2bc229 to remote] DEBUG org.asynchttpclient.netty.request.NettyRequestSender - Using pooled Channel '[id: 0xa1b21e46, L:/127.0.0.1:62284 - R:localhost/127.0.0.1:59549]' for 'POST' to 'http://localhost:59549/session/26469434e0c3b48177ecf7784d2bc229/element/a0eca279-b521-4a44-97ce-21ba02590d7f/value'
20:39:17.885 [Forwarding sendKeysToElement on session 26469434e0c3b48177ecf7784d2bc229 to remote] DEBUG org.asynchttpclient.netty.request.NettyRequestSender - Using open Channel [id: 0xa1b21e46, L:/127.0.0.1:62284 - R:localhost/127.0.0.1:59549] for POST '/session/26469434e0c3b48177ecf7784d2bc229/element/a0eca279-b521-4a44-97ce-21ba02590d7f/value'
20:39:18.321 [AsyncHttpClient-1-8] DEBUG org.asynchttpclient.netty.handler.HttpHandler - 

Request DefaultHttpRequest(decodeResult: success, version: HTTP/1.1)
POST /session/26469434e0c3b48177ecf7784d2bc229/element/a0eca279-b521-4a44-97ce-21ba02590d7f/value HTTP/1.1
User-Agent: selenium/4.1.2 (java windows)
Content-Length: 131
Content-Type: application/json; charset=utf-8
host: localhost:59549
accept: */*

Response DefaultHttpResponse(decodeResult: success, version: HTTP/1.1)
HTTP/1.1 200 OK
Content-Type: application/json; charset=utf-8
cache-control: no-cache
content-length: 14

20:39:18.321 [AsyncHttpClient-1-8] DEBUG org.asynchttpclient.netty.channel.ChannelManager - Adding key: http://localhost:59549 for channel [id: 0xa1b21e46, L:/127.0.0.1:62284 - R:localhost/127.0.0.1:59549]
20:39:18.327 [Forwarding findElement on session 26469434e0c3b48177ecf7784d2bc229 to remote] DEBUG org.asynchttpclient.netty.request.NettyRequestSender - Using pooled Channel '[id: 0xa1b21e46, L:/127.0.0.1:62284 - R:localhost/127.0.0.1:59549]' for 'POST' to 'http://localhost:59549/session/26469434e0c3b48177ecf7784d2bc229/element'
20:39:18.327 [Forwarding findElement on session 26469434e0c3b48177ecf7784d2bc229 to remote] DEBUG org.asynchttpclient.netty.request.NettyRequestSender - Using open Channel [id: 0xa1b21e46, L:/127.0.0.1:62284 - R:localhost/127.0.0.1:59549] for POST '/session/26469434e0c3b48177ecf7784d2bc229/element'
20:39:18.364 [AsyncHttpClient-1-8] DEBUG org.asynchttpclient.netty.handler.HttpHandler - 

Request DefaultHttpRequest(decodeResult: success, version: HTTP/1.1)
POST /session/26469434e0c3b48177ecf7784d2bc229/element HTTP/1.1
User-Agent: selenium/4.1.2 (java windows)
Content-Length: 65
Content-Type: application/json; charset=utf-8
host: localhost:59549
accept: */*

Response DefaultHttpResponse(decodeResult: success, version: HTTP/1.1)
HTTP/1.1 200 OK
Content-Type: application/json; charset=utf-8
cache-control: no-cache
content-length: 88

20:39:18.364 [AsyncHttpClient-1-8] DEBUG org.asynchttpclient.netty.channel.ChannelManager - Adding key: http://localhost:59549 for channel [id: 0xa1b21e46, L:/127.0.0.1:62284 - R:localhost/127.0.0.1:59549]
20:39:18.367 [Forwarding sendKeysToElement on session 26469434e0c3b48177ecf7784d2bc229 to remote] DEBUG org.asynchttpclient.netty.request.NettyRequestSender - Using pooled Channel '[id: 0xa1b21e46, L:/127.0.0.1:62284 - R:localhost/127.0.0.1:59549]' for 'POST' to 'http://localhost:59549/session/26469434e0c3b48177ecf7784d2bc229/element/08756d1c-cb87-4e6e-a9a1-05cb9d9c6341/value'
20:39:18.367 [Forwarding sendKeysToElement on session 26469434e0c3b48177ecf7784d2bc229 to remote] DEBUG org.asynchttpclient.netty.request.NettyRequestSender - Using open Channel [id: 0xa1b21e46, L:/127.0.0.1:62284 - R:localhost/127.0.0.1:59549] for POST '/session/26469434e0c3b48177ecf7784d2bc229/element/08756d1c-cb87-4e6e-a9a1-05cb9d9c6341/value'
20:39:18.800 [AsyncHttpClient-1-1] DEBUG org.asynchttpclient.netty.channel.DefaultChannelPool - Entry count for : http://localhost:62286 : 1
20:39:19.154 [AsyncHttpClient-1-8] DEBUG org.asynchttpclient.netty.handler.HttpHandler - 

Request DefaultHttpRequest(decodeResult: success, version: HTTP/1.1)
POST /session/26469434e0c3b48177ecf7784d2bc229/element/08756d1c-cb87-4e6e-a9a1-05cb9d9c6341/value HTTP/1.1
User-Agent: selenium/4.1.2 (java windows)
Content-Length: 219
Content-Type: application/json; charset=utf-8
host: localhost:59549
accept: */*

Response DefaultHttpResponse(decodeResult: success, version: HTTP/1.1)
HTTP/1.1 200 OK
Content-Type: application/json; charset=utf-8
cache-control: no-cache
content-length: 14

20:39:19.154 [AsyncHttpClient-1-8] DEBUG org.asynchttpclient.netty.channel.ChannelManager - Adding key: http://localhost:59549 for channel [id: 0xa1b21e46, L:/127.0.0.1:62284 - R:localhost/127.0.0.1:59549]
20:39:19.159 [Forwarding findElement on session 26469434e0c3b48177ecf7784d2bc229 to remote] DEBUG org.asynchttpclient.netty.request.NettyRequestSender - Using pooled Channel '[id: 0xa1b21e46, L:/127.0.0.1:62284 - R:localhost/127.0.0.1:59549]' for 'POST' to 'http://localhost:59549/session/26469434e0c3b48177ecf7784d2bc229/element'
20:39:19.159 [Forwarding findElement on session 26469434e0c3b48177ecf7784d2bc229 to remote] DEBUG org.asynchttpclient.netty.request.NettyRequestSender - Using open Channel [id: 0xa1b21e46, L:/127.0.0.1:62284 - R:localhost/127.0.0.1:59549] for POST '/session/26469434e0c3b48177ecf7784d2bc229/element'
20:39:19.176 [AsyncHttpClient-1-8] DEBUG org.asynchttpclient.netty.handler.HttpHandler - 

Request DefaultHttpRequest(decodeResult: success, version: HTTP/1.1)
POST /session/26469434e0c3b48177ecf7784d2bc229/element HTTP/1.1
User-Agent: selenium/4.1.2 (java windows)
Content-Length: 65
Content-Type: application/json; charset=utf-8
host: localhost:59549
accept: */*

Response DefaultHttpResponse(decodeResult: success, version: HTTP/1.1)
HTTP/1.1 200 OK
Content-Type: application/json; charset=utf-8
cache-control: no-cache
content-length: 88

20:39:19.177 [AsyncHttpClient-1-8] DEBUG org.asynchttpclient.netty.channel.ChannelManager - Adding key: http://localhost:59549 for channel [id: 0xa1b21e46, L:/127.0.0.1:62284 - R:localhost/127.0.0.1:59549]
20:39:19.180 [Forwarding sendKeysToElement on session 26469434e0c3b48177ecf7784d2bc229 to remote] DEBUG org.asynchttpclient.netty.request.NettyRequestSender - Using pooled Channel '[id: 0xa1b21e46, L:/127.0.0.1:62284 - R:localhost/127.0.0.1:59549]' for 'POST' to 'http://localhost:59549/session/26469434e0c3b48177ecf7784d2bc229/element/08756d1c-cb87-4e6e-a9a1-05cb9d9c6341/value'
20:39:19.180 [Forwarding sendKeysToElement on session 26469434e0c3b48177ecf7784d2bc229 to remote] DEBUG org.asynchttpclient.netty.request.NettyRequestSender - Using open Channel [id: 0xa1b21e46, L:/127.0.0.1:62284 - R:localhost/127.0.0.1:59549] for POST '/session/26469434e0c3b48177ecf7784d2bc229/element/08756d1c-cb87-4e6e-a9a1-05cb9d9c6341/value'
20:39:19.724 [AsyncHttpClient-1-8] DEBUG org.asynchttpclient.netty.handler.HttpHandler - 

Request DefaultHttpRequest(decodeResult: success, version: HTTP/1.1)
POST /session/26469434e0c3b48177ecf7784d2bc229/element/08756d1c-cb87-4e6e-a9a1-05cb9d9c6341/value HTTP/1.1
User-Agent: selenium/4.1.2 (java windows)
Content-Length: 181
Content-Type: application/json; charset=utf-8
host: localhost:59549
accept: */*

Response DefaultHttpResponse(decodeResult: success, version: HTTP/1.1)
HTTP/1.1 200 OK
Content-Type: application/json; charset=utf-8
cache-control: no-cache
content-length: 14

20:39:19.724 [AsyncHttpClient-1-8] DEBUG org.asynchttpclient.netty.channel.ChannelManager - Adding key: http://localhost:59549 for channel [id: 0xa1b21e46, L:/127.0.0.1:62284 - R:localhost/127.0.0.1:59549]
20:39:19.733 [Forwarding findElement on session 26469434e0c3b48177ecf7784d2bc229 to remote] DEBUG org.asynchttpclient.netty.request.NettyRequestSender - Using pooled Channel '[id: 0xa1b21e46, L:/127.0.0.1:62284 - R:localhost/127.0.0.1:59549]' for 'POST' to 'http://localhost:59549/session/26469434e0c3b48177ecf7784d2bc229/element'
20:39:19.733 [Forwarding findElement on session 26469434e0c3b48177ecf7784d2bc229 to remote] DEBUG org.asynchttpclient.netty.request.NettyRequestSender - Using open Channel [id: 0xa1b21e46, L:/127.0.0.1:62284 - R:localhost/127.0.0.1:59549] for POST '/session/26469434e0c3b48177ecf7784d2bc229/element'
20:39:19.766 [AsyncHttpClient-1-8] DEBUG org.asynchttpclient.netty.handler.HttpHandler - 

Request DefaultHttpRequest(decodeResult: success, version: HTTP/1.1)
POST /session/26469434e0c3b48177ecf7784d2bc229/element HTTP/1.1
User-Agent: selenium/4.1.2 (java windows)
Content-Length: 66
Content-Type: application/json; charset=utf-8
host: localhost:59549
accept: */*

Response DefaultHttpResponse(decodeResult: success, version: HTTP/1.1)
HTTP/1.1 200 OK
Content-Type: application/json; charset=utf-8
cache-control: no-cache
content-length: 88

20:39:19.766 [AsyncHttpClient-1-8] DEBUG org.asynchttpclient.netty.channel.ChannelManager - Adding key: http://localhost:59549 for channel [id: 0xa1b21e46, L:/127.0.0.1:62284 - R:localhost/127.0.0.1:59549]
20:39:19.769 [Forwarding sendKeysToElement on session 26469434e0c3b48177ecf7784d2bc229 to remote] DEBUG org.asynchttpclient.netty.request.NettyRequestSender - Using pooled Channel '[id: 0xa1b21e46, L:/127.0.0.1:62284 - R:localhost/127.0.0.1:59549]' for 'POST' to 'http://localhost:59549/session/26469434e0c3b48177ecf7784d2bc229/element/8cc680fa-5c00-4792-b38e-d61d4bf98532/value'
20:39:19.769 [Forwarding sendKeysToElement on session 26469434e0c3b48177ecf7784d2bc229 to remote] DEBUG org.asynchttpclient.netty.request.NettyRequestSender - Using open Channel [id: 0xa1b21e46, L:/127.0.0.1:62284 - R:localhost/127.0.0.1:59549] for POST '/session/26469434e0c3b48177ecf7784d2bc229/element/8cc680fa-5c00-4792-b38e-d61d4bf98532/value'
20:39:19.893 [AsyncHttpClient-1-1] DEBUG org.asynchttpclient.netty.channel.DefaultChannelPool - Entry count for : http://localhost:62286 : 1
20:39:20.447 [AsyncHttpClient-1-8] DEBUG org.asynchttpclient.netty.handler.HttpHandler - 

Request DefaultHttpRequest(decodeResult: success, version: HTTP/1.1)
POST /session/26469434e0c3b48177ecf7784d2bc229/element/8cc680fa-5c00-4792-b38e-d61d4bf98532/value HTTP/1.1
User-Agent: selenium/4.1.2 (java windows)
Content-Length: 229
Content-Type: application/json; charset=utf-8
host: localhost:59549
accept: */*

Response DefaultHttpResponse(decodeResult: success, version: HTTP/1.1)
HTTP/1.1 200 OK
Content-Type: application/json; charset=utf-8
cache-control: no-cache
content-length: 14

20:39:20.447 [AsyncHttpClient-1-8] DEBUG org.asynchttpclient.netty.channel.ChannelManager - Adding key: http://localhost:59549 for channel [id: 0xa1b21e46, L:/127.0.0.1:62284 - R:localhost/127.0.0.1:59549]
20:39:20.455 [Forwarding findElement on session 26469434e0c3b48177ecf7784d2bc229 to remote] DEBUG org.asynchttpclient.netty.request.NettyRequestSender - Using pooled Channel '[id: 0xa1b21e46, L:/127.0.0.1:62284 - R:localhost/127.0.0.1:59549]' for 'POST' to 'http://localhost:59549/session/26469434e0c3b48177ecf7784d2bc229/element'
20:39:20.455 [Forwarding findElement on session 26469434e0c3b48177ecf7784d2bc229 to remote] DEBUG org.asynchttpclient.netty.request.NettyRequestSender - Using open Channel [id: 0xa1b21e46, L:/127.0.0.1:62284 - R:localhost/127.0.0.1:59549] for POST '/session/26469434e0c3b48177ecf7784d2bc229/element'
20:39:20.472 [AsyncHttpClient-1-8] DEBUG org.asynchttpclient.netty.handler.HttpHandler - 

Request DefaultHttpRequest(decodeResult: success, version: HTTP/1.1)
POST /session/26469434e0c3b48177ecf7784d2bc229/element HTTP/1.1
User-Agent: selenium/4.1.2 (java windows)
Content-Length: 66
Content-Type: application/json; charset=utf-8
host: localhost:59549
accept: */*

Response DefaultHttpResponse(decodeResult: success, version: HTTP/1.1)
HTTP/1.1 200 OK
Content-Type: application/json; charset=utf-8
cache-control: no-cache
content-length: 88

20:39:20.472 [AsyncHttpClient-1-8] DEBUG org.asynchttpclient.netty.channel.ChannelManager - Adding key: http://localhost:59549 for channel [id: 0xa1b21e46, L:/127.0.0.1:62284 - R:localhost/127.0.0.1:59549]
20:39:20.475 [Forwarding sendKeysToElement on session 26469434e0c3b48177ecf7784d2bc229 to remote] DEBUG org.asynchttpclient.netty.request.NettyRequestSender - Using pooled Channel '[id: 0xa1b21e46, L:/127.0.0.1:62284 - R:localhost/127.0.0.1:59549]' for 'POST' to 'http://localhost:59549/session/26469434e0c3b48177ecf7784d2bc229/element/8cc680fa-5c00-4792-b38e-d61d4bf98532/value'
20:39:20.475 [Forwarding sendKeysToElement on session 26469434e0c3b48177ecf7784d2bc229 to remote] DEBUG org.asynchttpclient.netty.request.NettyRequestSender - Using open Channel [id: 0xa1b21e46, L:/127.0.0.1:62284 - R:localhost/127.0.0.1:59549] for POST '/session/26469434e0c3b48177ecf7784d2bc229/element/8cc680fa-5c00-4792-b38e-d61d4bf98532/value'
20:39:20.950 [AsyncHttpClient-1-8] DEBUG org.asynchttpclient.netty.handler.HttpHandler - 

Request DefaultHttpRequest(decodeResult: success, version: HTTP/1.1)
POST /session/26469434e0c3b48177ecf7784d2bc229/element/8cc680fa-5c00-4792-b38e-d61d4bf98532/value HTTP/1.1
User-Agent: selenium/4.1.2 (java windows)
Content-Length: 191
Content-Type: application/json; charset=utf-8
host: localhost:59549
accept: */*

Response DefaultHttpResponse(decodeResult: success, version: HTTP/1.1)
HTTP/1.1 200 OK
Content-Type: application/json; charset=utf-8
cache-control: no-cache
content-length: 14

20:39:20.950 [AsyncHttpClient-1-8] DEBUG org.asynchttpclient.netty.channel.ChannelManager - Adding key: http://localhost:59549 for channel [id: 0xa1b21e46, L:/127.0.0.1:62284 - R:localhost/127.0.0.1:59549]
20:39:20.956 [Forwarding findElement on session 26469434e0c3b48177ecf7784d2bc229 to remote] DEBUG org.asynchttpclient.netty.request.NettyRequestSender - Using pooled Channel '[id: 0xa1b21e46, L:/127.0.0.1:62284 - R:localhost/127.0.0.1:59549]' for 'POST' to 'http://localhost:59549/session/26469434e0c3b48177ecf7784d2bc229/element'
20:39:20.956 [Forwarding findElement on session 26469434e0c3b48177ecf7784d2bc229 to remote] DEBUG org.asynchttpclient.netty.request.NettyRequestSender - Using open Channel [id: 0xa1b21e46, L:/127.0.0.1:62284 - R:localhost/127.0.0.1:59549] for POST '/session/26469434e0c3b48177ecf7784d2bc229/element'
20:39:20.983 [AsyncHttpClient-1-8] DEBUG org.asynchttpclient.netty.handler.HttpHandler - 

Request DefaultHttpRequest(decodeResult: success, version: HTTP/1.1)
POST /session/26469434e0c3b48177ecf7784d2bc229/element HTTP/1.1
User-Agent: selenium/4.1.2 (java windows)
Content-Length: 68
Content-Type: application/json; charset=utf-8
host: localhost:59549
accept: */*

Response DefaultHttpResponse(decodeResult: success, version: HTTP/1.1)
HTTP/1.1 200 OK
Content-Type: application/json; charset=utf-8
cache-control: no-cache
content-length: 88

20:39:20.983 [AsyncHttpClient-1-8] DEBUG org.asynchttpclient.netty.channel.ChannelManager - Adding key: http://localhost:59549 for channel [id: 0xa1b21e46, L:/127.0.0.1:62284 - R:localhost/127.0.0.1:59549]
20:39:20.986 [Forwarding sendKeysToElement on session 26469434e0c3b48177ecf7784d2bc229 to remote] DEBUG org.asynchttpclient.netty.request.NettyRequestSender - Using pooled Channel '[id: 0xa1b21e46, L:/127.0.0.1:62284 - R:localhost/127.0.0.1:59549]' for 'POST' to 'http://localhost:59549/session/26469434e0c3b48177ecf7784d2bc229/element/b235dbd1-9f0c-49dc-8d4e-f056386466f1/value'
20:39:20.986 [Forwarding sendKeysToElement on session 26469434e0c3b48177ecf7784d2bc229 to remote] DEBUG org.asynchttpclient.netty.request.NettyRequestSender - Using open Channel [id: 0xa1b21e46, L:/127.0.0.1:62284 - R:localhost/127.0.0.1:59549] for POST '/session/26469434e0c3b48177ecf7784d2bc229/element/b235dbd1-9f0c-49dc-8d4e-f056386466f1/value'
20:39:20.990 [AsyncHttpClient-1-1] DEBUG org.asynchttpclient.netty.channel.DefaultChannelPool - Entry count for : http://localhost:62286 : 1
20:39:21.459 [AsyncHttpClient-1-8] DEBUG org.asynchttpclient.netty.handler.HttpHandler - 

Request DefaultHttpRequest(decodeResult: success, version: HTTP/1.1)
POST /session/26469434e0c3b48177ecf7784d2bc229/element/b235dbd1-9f0c-49dc-8d4e-f056386466f1/value HTTP/1.1
User-Agent: selenium/4.1.2 (java windows)
Content-Length: 209
Content-Type: application/json; charset=utf-8
host: localhost:59549
accept: */*

Response DefaultHttpResponse(decodeResult: success, version: HTTP/1.1)
HTTP/1.1 200 OK
Content-Type: application/json; charset=utf-8
cache-control: no-cache
content-length: 14

20:39:21.460 [AsyncHttpClient-1-8] DEBUG org.asynchttpclient.netty.channel.ChannelManager - Adding key: http://localhost:59549 for channel [id: 0xa1b21e46, L:/127.0.0.1:62284 - R:localhost/127.0.0.1:59549]
20:39:21.467 [Forwarding findElement on session 26469434e0c3b48177ecf7784d2bc229 to remote] DEBUG org.asynchttpclient.netty.request.NettyRequestSender - Using pooled Channel '[id: 0xa1b21e46, L:/127.0.0.1:62284 - R:localhost/127.0.0.1:59549]' for 'POST' to 'http://localhost:59549/session/26469434e0c3b48177ecf7784d2bc229/element'
20:39:21.467 [Forwarding findElement on session 26469434e0c3b48177ecf7784d2bc229 to remote] DEBUG org.asynchttpclient.netty.request.NettyRequestSender - Using open Channel [id: 0xa1b21e46, L:/127.0.0.1:62284 - R:localhost/127.0.0.1:59549] for POST '/session/26469434e0c3b48177ecf7784d2bc229/element'
20:39:21.483 [AsyncHttpClient-1-8] DEBUG org.asynchttpclient.netty.handler.HttpHandler - 

Request DefaultHttpRequest(decodeResult: success, version: HTTP/1.1)
POST /session/26469434e0c3b48177ecf7784d2bc229/element HTTP/1.1
User-Agent: selenium/4.1.2 (java windows)
Content-Length: 68
Content-Type: application/json; charset=utf-8
host: localhost:59549
accept: */*

Response DefaultHttpResponse(decodeResult: success, version: HTTP/1.1)
HTTP/1.1 200 OK
Content-Type: application/json; charset=utf-8
cache-control: no-cache
content-length: 88

20:39:21.484 [AsyncHttpClient-1-8] DEBUG org.asynchttpclient.netty.channel.ChannelManager - Adding key: http://localhost:59549 for channel [id: 0xa1b21e46, L:/127.0.0.1:62284 - R:localhost/127.0.0.1:59549]
20:39:21.486 [Forwarding sendKeysToElement on session 26469434e0c3b48177ecf7784d2bc229 to remote] DEBUG org.asynchttpclient.netty.request.NettyRequestSender - Using pooled Channel '[id: 0xa1b21e46, L:/127.0.0.1:62284 - R:localhost/127.0.0.1:59549]' for 'POST' to 'http://localhost:59549/session/26469434e0c3b48177ecf7784d2bc229/element/b235dbd1-9f0c-49dc-8d4e-f056386466f1/value'
20:39:21.486 [Forwarding sendKeysToElement on session 26469434e0c3b48177ecf7784d2bc229 to remote] DEBUG org.asynchttpclient.netty.request.NettyRequestSender - Using open Channel [id: 0xa1b21e46, L:/127.0.0.1:62284 - R:localhost/127.0.0.1:59549] for POST '/session/26469434e0c3b48177ecf7784d2bc229/element/b235dbd1-9f0c-49dc-8d4e-f056386466f1/value'
20:39:21.848 [AsyncHttpClient-1-8] DEBUG org.asynchttpclient.netty.handler.HttpHandler - 

Request DefaultHttpRequest(decodeResult: success, version: HTTP/1.1)
POST /session/26469434e0c3b48177ecf7784d2bc229/element/b235dbd1-9f0c-49dc-8d4e-f056386466f1/value HTTP/1.1
User-Agent: selenium/4.1.2 (java windows)
Content-Length: 171
Content-Type: application/json; charset=utf-8
host: localhost:59549
accept: */*

Response DefaultHttpResponse(decodeResult: success, version: HTTP/1.1)
HTTP/1.1 200 OK
Content-Type: application/json; charset=utf-8
cache-control: no-cache
content-length: 14

20:39:21.848 [AsyncHttpClient-1-8] DEBUG org.asynchttpclient.netty.channel.ChannelManager - Adding key: http://localhost:59549 for channel [id: 0xa1b21e46, L:/127.0.0.1:62284 - R:localhost/127.0.0.1:59549]
20:39:21.853 [Forwarding findElement on session 26469434e0c3b48177ecf7784d2bc229 to remote] DEBUG org.asynchttpclient.netty.request.NettyRequestSender - Using pooled Channel '[id: 0xa1b21e46, L:/127.0.0.1:62284 - R:localhost/127.0.0.1:59549]' for 'POST' to 'http://localhost:59549/session/26469434e0c3b48177ecf7784d2bc229/element'
20:39:21.853 [Forwarding findElement on session 26469434e0c3b48177ecf7784d2bc229 to remote] DEBUG org.asynchttpclient.netty.request.NettyRequestSender - Using open Channel [id: 0xa1b21e46, L:/127.0.0.1:62284 - R:localhost/127.0.0.1:59549] for POST '/session/26469434e0c3b48177ecf7784d2bc229/element'
20:39:21.884 [AsyncHttpClient-1-8] DEBUG org.asynchttpclient.netty.handler.HttpHandler - 

Request DefaultHttpRequest(decodeResult: success, version: HTTP/1.1)
POST /session/26469434e0c3b48177ecf7784d2bc229/element HTTP/1.1
User-Agent: selenium/4.1.2 (java windows)
Content-Length: 66
Content-Type: application/json; charset=utf-8
host: localhost:59549
accept: */*

Response DefaultHttpResponse(decodeResult: success, version: HTTP/1.1)
HTTP/1.1 200 OK
Content-Type: application/json; charset=utf-8
cache-control: no-cache
content-length: 88

20:39:21.884 [AsyncHttpClient-1-8] DEBUG org.asynchttpclient.netty.channel.ChannelManager - Adding key: http://localhost:59549 for channel [id: 0xa1b21e46, L:/127.0.0.1:62284 - R:localhost/127.0.0.1:59549]
20:39:21.887 [Forwarding sendKeysToElement on session 26469434e0c3b48177ecf7784d2bc229 to remote] DEBUG org.asynchttpclient.netty.request.NettyRequestSender - Using pooled Channel '[id: 0xa1b21e46, L:/127.0.0.1:62284 - R:localhost/127.0.0.1:59549]' for 'POST' to 'http://localhost:59549/session/26469434e0c3b48177ecf7784d2bc229/element/d48ded95-a835-4f75-a9d2-3f640d8b2113/value'
20:39:21.887 [Forwarding sendKeysToElement on session 26469434e0c3b48177ecf7784d2bc229 to remote] DEBUG org.asynchttpclient.netty.request.NettyRequestSender - Using open Channel [id: 0xa1b21e46, L:/127.0.0.1:62284 - R:localhost/127.0.0.1:59549] for POST '/session/26469434e0c3b48177ecf7784d2bc229/element/d48ded95-a835-4f75-a9d2-3f640d8b2113/value'
20:39:22.091 [AsyncHttpClient-1-1] DEBUG org.asynchttpclient.netty.channel.DefaultChannelPool - Entry count for : http://localhost:62286 : 1
20:39:22.185 [AsyncHttpClient-1-8] DEBUG org.asynchttpclient.netty.handler.HttpHandler - 

Request DefaultHttpRequest(decodeResult: success, version: HTTP/1.1)
POST /session/26469434e0c3b48177ecf7784d2bc229/element/d48ded95-a835-4f75-a9d2-3f640d8b2113/value HTTP/1.1
User-Agent: selenium/4.1.2 (java windows)
Content-Length: 139
Content-Type: application/json; charset=utf-8
host: localhost:59549
accept: */*

Response DefaultHttpResponse(decodeResult: success, version: HTTP/1.1)
HTTP/1.1 200 OK
Content-Type: application/json; charset=utf-8
cache-control: no-cache
content-length: 14

20:39:22.185 [AsyncHttpClient-1-8] DEBUG org.asynchttpclient.netty.channel.ChannelManager - Adding key: http://localhost:59549 for channel [id: 0xa1b21e46, L:/127.0.0.1:62284 - R:localhost/127.0.0.1:59549]
20:39:22.196 [Forwarding findElement on session 26469434e0c3b48177ecf7784d2bc229 to remote] DEBUG org.asynchttpclient.netty.request.NettyRequestSender - Using pooled Channel '[id: 0xa1b21e46, L:/127.0.0.1:62284 - R:localhost/127.0.0.1:59549]' for 'POST' to 'http://localhost:59549/session/26469434e0c3b48177ecf7784d2bc229/element'
20:39:22.196 [Forwarding findElement on session 26469434e0c3b48177ecf7784d2bc229 to remote] DEBUG org.asynchttpclient.netty.request.NettyRequestSender - Using open Channel [id: 0xa1b21e46, L:/127.0.0.1:62284 - R:localhost/127.0.0.1:59549] for POST '/session/26469434e0c3b48177ecf7784d2bc229/element'
20:39:22.215 [AsyncHttpClient-1-8] DEBUG org.asynchttpclient.netty.handler.HttpHandler - 

Request DefaultHttpRequest(decodeResult: success, version: HTTP/1.1)
POST /session/26469434e0c3b48177ecf7784d2bc229/element HTTP/1.1
User-Agent: selenium/4.1.2 (java windows)
Content-Length: 66
Content-Type: application/json; charset=utf-8
host: localhost:59549
accept: */*

Response DefaultHttpResponse(decodeResult: success, version: HTTP/1.1)
HTTP/1.1 200 OK
Content-Type: application/json; charset=utf-8
cache-control: no-cache
content-length: 88

20:39:22.215 [AsyncHttpClient-1-8] DEBUG org.asynchttpclient.netty.channel.ChannelManager - Adding key: http://localhost:59549 for channel [id: 0xa1b21e46, L:/127.0.0.1:62284 - R:localhost/127.0.0.1:59549]
20:39:22.220 [Forwarding sendKeysToElement on session 26469434e0c3b48177ecf7784d2bc229 to remote] DEBUG org.asynchttpclient.netty.request.NettyRequestSender - Using pooled Channel '[id: 0xa1b21e46, L:/127.0.0.1:62284 - R:localhost/127.0.0.1:59549]' for 'POST' to 'http://localhost:59549/session/26469434e0c3b48177ecf7784d2bc229/element/d48ded95-a835-4f75-a9d2-3f640d8b2113/value'
20:39:22.220 [Forwarding sendKeysToElement on session 26469434e0c3b48177ecf7784d2bc229 to remote] DEBUG org.asynchttpclient.netty.request.NettyRequestSender - Using open Channel [id: 0xa1b21e46, L:/127.0.0.1:62284 - R:localhost/127.0.0.1:59549] for POST '/session/26469434e0c3b48177ecf7784d2bc229/element/d48ded95-a835-4f75-a9d2-3f640d8b2113/value'
20:39:22.472 [AsyncHttpClient-1-8] DEBUG org.asynchttpclient.netty.handler.HttpHandler - 

Request DefaultHttpRequest(decodeResult: success, version: HTTP/1.1)
POST /session/26469434e0c3b48177ecf7784d2bc229/element/d48ded95-a835-4f75-a9d2-3f640d8b2113/value HTTP/1.1
User-Agent: selenium/4.1.2 (java windows)
Content-Length: 101
Content-Type: application/json; charset=utf-8
host: localhost:59549
accept: */*

Response DefaultHttpResponse(decodeResult: success, version: HTTP/1.1)
HTTP/1.1 200 OK
Content-Type: application/json; charset=utf-8
cache-control: no-cache
content-length: 14

20:39:22.473 [AsyncHttpClient-1-8] DEBUG org.asynchttpclient.netty.channel.ChannelManager - Adding key: http://localhost:59549 for channel [id: 0xa1b21e46, L:/127.0.0.1:62284 - R:localhost/127.0.0.1:59549]
20:39:22.488 [Forwarding screenshot on session 26469434e0c3b48177ecf7784d2bc229 to remote] DEBUG org.asynchttpclient.netty.request.NettyRequestSender - Using pooled Channel '[id: 0xa1b21e46, L:/127.0.0.1:62284 - R:localhost/127.0.0.1:59549]' for 'GET' to 'http://localhost:59549/session/26469434e0c3b48177ecf7784d2bc229/screenshot'
20:39:22.488 [Forwarding screenshot on session 26469434e0c3b48177ecf7784d2bc229 to remote] DEBUG org.asynchttpclient.netty.request.NettyRequestSender - Using open Channel [id: 0xa1b21e46, L:/127.0.0.1:62284 - R:localhost/127.0.0.1:59549] for GET '/session/26469434e0c3b48177ecf7784d2bc229/screenshot'
20:39:22.920 [AsyncHttpClient-1-8] DEBUG org.asynchttpclient.netty.handler.HttpHandler - 

Request DefaultFullHttpRequest(decodeResult: success, version: HTTP/1.1, content: EmptyByteBufBE)
GET /session/26469434e0c3b48177ecf7784d2bc229/screenshot HTTP/1.1
User-Agent: selenium/4.1.2 (java windows)
Cache-Control: no-cache
Content-Type: application/json; charset=utf-8
host: localhost:59549
accept: */*

Response DefaultHttpResponse(decodeResult: success, version: HTTP/1.1)
HTTP/1.1 200 OK
Content-Type: application/json; charset=utf-8
cache-control: no-cache
content-length: 405932

20:39:22.922 [AsyncHttpClient-1-8] DEBUG org.asynchttpclient.netty.channel.ChannelManager - Adding key: http://localhost:59549 for channel [id: 0xa1b21e46, L:/127.0.0.1:62284 - R:localhost/127.0.0.1:59549]
20:39:22.961 [main] DEBUG net.serenitybdd.core.photography.Darkroom - Send negative for processing for target\site\serenity\921f360ee97359517c2f4abf7e5b8d32b4353bbe724a2b99581e2873734a171e.png
20:39:22.961 [main] DEBUG net.thucydides.core.steps.StepInterceptor - STEP DONE: inputDataPasienEdit
  &amp#27;[32mThen &amp#27;[0m&amp#27;[32mI input edit &amp#27;[0m&amp#27;[32m&amp#27;[1m"Bagas"&amp#27;[0m&amp#27;[32m &amp#27;[0m&amp#27;[32m&amp#27;[1m"bGaSASUUQE"&amp#27;[0m&amp#27;[32m &amp#27;[0m&amp#27;[32m&amp#27;[1m"20"&amp#27;[0m&amp#27;[32m &amp#27;[0m&amp#27;[32m&amp#27;[1m"01294657612"&amp#27;[0m&amp#27;[32m &amp#27;[0m&amp#27;[32m&amp#27;[1m"perumahan"&amp#27;[0m&amp#27;[32m patient&amp#27;[0m &amp#27;[90m# starter.stepdefinitios.PatientDataSteps.iInputEditPatient(java.lang.String,java.lang.String,java.lang.String,java.lang.String,java.lang.String)&amp#27;[0m
20:39:22.963 [Darkroom Processing Line] DEBUG net.serenitybdd.core.photography.DarkroomProcessingLine - Processing screenshot image in /var/screenshots/screenshot-7122886112358150633
20:39:22.963 [Darkroom Processing Line] DEBUG net.serenitybdd.core.photography.DarkroomProcessingLine - Saving screenshot to target\site\serenity\921f360ee97359517c2f4abf7e5b8d32b4353bbe724a2b99581e2873734a171e.png
20:39:23.022 [Forwarding screenshot on session 26469434e0c3b48177ecf7784d2bc229 to remote] DEBUG org.asynchttpclient.netty.request.NettyRequestSender - Using pooled Channel '[id: 0xa1b21e46, L:/127.0.0.1:62284 - R:localhost/127.0.0.1:59549]' for 'GET' to 'http://localhost:59549/session/26469434e0c3b48177ecf7784d2bc229/screenshot'
20:39:23.023 [Forwarding screenshot on session 26469434e0c3b48177ecf7784d2bc229 to remote] DEBUG org.asynchttpclient.netty.request.NettyRequestSender - Using open Channel [id: 0xa1b21e46, L:/127.0.0.1:62284 - R:localhost/127.0.0.1:59549] for GET '/session/26469434e0c3b48177ecf7784d2bc229/screenshot'
20:39:23.209 [AsyncHttpClient-1-1] DEBUG org.asynchttpclient.netty.channel.DefaultChannelPool - Entry count for : http://localhost:62286 : 1
20:39:23.459 [AsyncHttpClient-1-8] DEBUG org.asynchttpclient.netty.handler.HttpHandler - 

Request DefaultFullHttpRequest(decodeResult: success, version: HTTP/1.1, content: EmptyByteBufBE)
GET /session/26469434e0c3b48177ecf7784d2bc229/screenshot HTTP/1.1
User-Agent: selenium/4.1.2 (java windows)
Cache-Control: no-cache
Content-Type: application/json; charset=utf-8
host: localhost:59549
accept: */*

Response DefaultHttpResponse(decodeResult: success, version: HTTP/1.1)
HTTP/1.1 200 OK
Content-Type: application/json; charset=utf-8
cache-control: no-cache
content-length: 405892

20:39:23.461 [AsyncHttpClient-1-8] DEBUG org.asynchttpclient.netty.channel.ChannelManager - Adding key: http://localhost:59549 for channel [id: 0xa1b21e46, L:/127.0.0.1:62284 - R:localhost/127.0.0.1:59549]
20:39:23.489 [main] DEBUG net.serenitybdd.core.photography.Darkroom - Send negative for processing for target\site\serenity\f959a5543496b2778fe8428547951b5309acd855664efdde2b607ee236502d22.png
20:39:23.492 [Darkroom Processing Line] DEBUG net.serenitybdd.core.photography.DarkroomProcessingLine - Processing screenshot image in /var/screenshots/screenshot-1472592379924513157
20:39:23.492 [Darkroom Processing Line] DEBUG net.serenitybdd.core.photography.DarkroomProcessingLine - Saving screenshot to target\site\serenity\f959a5543496b2778fe8428547951b5309acd855664efdde2b607ee236502d22.png
20:39:23.514 [main] DEBUG net.thucydides.core.steps.StepInterceptor - STARTING STEP: PatientDataSteps.iClickButtonJenisKelamin - clickLaki
20:39:23.521 [Forwarding findElement on session 26469434e0c3b48177ecf7784d2bc229 to remote] DEBUG org.asynchttpclient.netty.request.NettyRequestSender - Using pooled Channel '[id: 0xa1b21e46, L:/127.0.0.1:62284 - R:localhost/127.0.0.1:59549]' for 'POST' to 'http://localhost:59549/session/26469434e0c3b48177ecf7784d2bc229/element'
20:39:23.521 [Forwarding findElement on session 26469434e0c3b48177ecf7784d2bc229 to remote] DEBUG org.asynchttpclient.netty.request.NettyRequestSender - Using open Channel [id: 0xa1b21e46, L:/127.0.0.1:62284 - R:localhost/127.0.0.1:59549] for POST '/session/26469434e0c3b48177ecf7784d2bc229/element'
20:39:23.584 [AsyncHttpClient-1-8] DEBUG org.asynchttpclient.netty.handler.HttpHandler - 

Request DefaultHttpRequest(decodeResult: success, version: HTTP/1.1)
POST /session/26469434e0c3b48177ecf7784d2bc229/element HTTP/1.1
User-Agent: selenium/4.1.2 (java windows)
Content-Length: 179
Content-Type: application/json; charset=utf-8
host: localhost:59549
accept: */*

Response DefaultHttpResponse(decodeResult: success, version: HTTP/1.1)
HTTP/1.1 200 OK
Content-Type: application/json; charset=utf-8
cache-control: no-cache
content-length: 88

20:39:23.584 [AsyncHttpClient-1-8] DEBUG org.asynchttpclient.netty.channel.ChannelManager - Adding key: http://localhost:59549 for channel [id: 0xa1b21e46, L:/127.0.0.1:62284 - R:localhost/127.0.0.1:59549]
20:39:23.587 [Forwarding getElementTagName on session 26469434e0c3b48177ecf7784d2bc229 to remote] DEBUG org.asynchttpclient.netty.request.NettyRequestSender - Using pooled Channel '[id: 0xa1b21e46, L:/127.0.0.1:62284 - R:localhost/127.0.0.1:59549]' for 'GET' to 'http://localhost:59549/session/26469434e0c3b48177ecf7784d2bc229/element/9c4bdb35-cfda-4bd4-b380-8602d7e7020d/name'
20:39:23.587 [Forwarding getElementTagName on session 26469434e0c3b48177ecf7784d2bc229 to remote] DEBUG org.asynchttpclient.netty.request.NettyRequestSender - Using open Channel [id: 0xa1b21e46, L:/127.0.0.1:62284 - R:localhost/127.0.0.1:59549] for GET '/session/26469434e0c3b48177ecf7784d2bc229/element/9c4bdb35-cfda-4bd4-b380-8602d7e7020d/name'
20:39:23.601 [AsyncHttpClient-1-8] DEBUG org.asynchttpclient.netty.handler.HttpHandler - 

Request DefaultFullHttpRequest(decodeResult: success, version: HTTP/1.1, content: EmptyByteBufBE)
GET /session/26469434e0c3b48177ecf7784d2bc229/element/9c4bdb35-cfda-4bd4-b380-8602d7e7020d/name HTTP/1.1
User-Agent: selenium/4.1.2 (java windows)
Cache-Control: no-cache
Content-Type: application/json; charset=utf-8
host: localhost:59549
accept: */*

Response DefaultHttpResponse(decodeResult: success, version: HTTP/1.1)
HTTP/1.1 200 OK
Content-Type: application/json; charset=utf-8
cache-control: no-cache
content-length: 16

20:39:23.602 [AsyncHttpClient-1-8] DEBUG org.asynchttpclient.netty.channel.ChannelManager - Adding key: http://localhost:59549 for channel [id: 0xa1b21e46, L:/127.0.0.1:62284 - R:localhost/127.0.0.1:59549]
20:39:23.604 [Forwarding getElementTagName on session 26469434e0c3b48177ecf7784d2bc229 to remote] DEBUG org.asynchttpclient.netty.request.NettyRequestSender - Using pooled Channel '[id: 0xa1b21e46, L:/127.0.0.1:62284 - R:localhost/127.0.0.1:59549]' for 'GET' to 'http://localhost:59549/session/26469434e0c3b48177ecf7784d2bc229/element/9c4bdb35-cfda-4bd4-b380-8602d7e7020d/name'
20:39:23.604 [Forwarding getElementTagName on session 26469434e0c3b48177ecf7784d2bc229 to remote] DEBUG org.asynchttpclient.netty.request.NettyRequestSender - Using open Channel [id: 0xa1b21e46, L:/127.0.0.1:62284 - R:localhost/127.0.0.1:59549] for GET '/session/26469434e0c3b48177ecf7784d2bc229/element/9c4bdb35-cfda-4bd4-b380-8602d7e7020d/name'
20:39:23.612 [AsyncHttpClient-1-8] DEBUG org.asynchttpclient.netty.handler.HttpHandler - 

Request DefaultFullHttpRequest(decodeResult: success, version: HTTP/1.1, content: EmptyByteBufBE)
GET /session/26469434e0c3b48177ecf7784d2bc229/element/9c4bdb35-cfda-4bd4-b380-8602d7e7020d/name HTTP/1.1
User-Agent: selenium/4.1.2 (java windows)
Cache-Control: no-cache
Content-Type: application/json; charset=utf-8
host: localhost:59549
accept: */*

Response DefaultHttpResponse(decodeResult: success, version: HTTP/1.1)
HTTP/1.1 200 OK
Content-Type: application/json; charset=utf-8
cache-control: no-cache
content-length: 16

20:39:23.613 [AsyncHttpClient-1-8] DEBUG org.asynchttpclient.netty.channel.ChannelManager - Adding key: http://localhost:59549 for channel [id: 0xa1b21e46, L:/127.0.0.1:62284 - R:localhost/127.0.0.1:59549]
20:39:23.643 [Forwarding findElement on session 26469434e0c3b48177ecf7784d2bc229 to remote] DEBUG org.asynchttpclient.netty.request.NettyRequestSender - Using pooled Channel '[id: 0xa1b21e46, L:/127.0.0.1:62284 - R:localhost/127.0.0.1:59549]' for 'POST' to 'http://localhost:59549/session/26469434e0c3b48177ecf7784d2bc229/element'
20:39:23.643 [Forwarding findElement on session 26469434e0c3b48177ecf7784d2bc229 to remote] DEBUG org.asynchttpclient.netty.request.NettyRequestSender - Using open Channel [id: 0xa1b21e46, L:/127.0.0.1:62284 - R:localhost/127.0.0.1:59549] for POST '/session/26469434e0c3b48177ecf7784d2bc229/element'
20:39:23.661 [AsyncHttpClient-1-8] DEBUG org.asynchttpclient.netty.handler.HttpHandler - 

Request DefaultHttpRequest(decodeResult: success, version: HTTP/1.1)
POST /session/26469434e0c3b48177ecf7784d2bc229/element HTTP/1.1
User-Agent: selenium/4.1.2 (java windows)
Content-Length: 179
Content-Type: application/json; charset=utf-8
host: localhost:59549
accept: */*

Response DefaultHttpResponse(decodeResult: success, version: HTTP/1.1)
HTTP/1.1 200 OK
Content-Type: application/json; charset=utf-8
cache-control: no-cache
content-length: 88

20:39:23.661 [AsyncHttpClient-1-8] DEBUG org.asynchttpclient.netty.channel.ChannelManager - Adding key: http://localhost:59549 for channel [id: 0xa1b21e46, L:/127.0.0.1:62284 - R:localhost/127.0.0.1:59549]
20:39:23.663 [Forwarding clickElement on session 26469434e0c3b48177ecf7784d2bc229 to remote] DEBUG org.asynchttpclient.netty.request.NettyRequestSender - Using pooled Channel '[id: 0xa1b21e46, L:/127.0.0.1:62284 - R:localhost/127.0.0.1:59549]' for 'POST' to 'http://localhost:59549/session/26469434e0c3b48177ecf7784d2bc229/element/9c4bdb35-cfda-4bd4-b380-8602d7e7020d/click'
20:39:23.663 [Forwarding clickElement on session 26469434e0c3b48177ecf7784d2bc229 to remote] DEBUG org.asynchttpclient.netty.request.NettyRequestSender - Using open Channel [id: 0xa1b21e46, L:/127.0.0.1:62284 - R:localhost/127.0.0.1:59549] for POST '/session/26469434e0c3b48177ecf7784d2bc229/element/9c4bdb35-cfda-4bd4-b380-8602d7e7020d/click'
20:39:23.775 [AsyncHttpClient-1-8] DEBUG org.asynchttpclient.netty.handler.HttpHandler - 

Request DefaultHttpRequest(decodeResult: success, version: HTTP/1.1)
POST /session/26469434e0c3b48177ecf7784d2bc229/element/9c4bdb35-cfda-4bd4-b380-8602d7e7020d/click HTTP/1.1
User-Agent: selenium/4.1.2 (java windows)
Content-Length: 50
Content-Type: application/json; charset=utf-8
host: localhost:59549
accept: */*

Response DefaultHttpResponse(decodeResult: success, version: HTTP/1.1)
HTTP/1.1 200 OK
Content-Type: application/json; charset=utf-8
cache-control: no-cache
content-length: 14

20:39:23.775 [AsyncHttpClient-1-8] DEBUG org.asynchttpclient.netty.channel.ChannelManager - Adding key: http://localhost:59549 for channel [id: 0xa1b21e46, L:/127.0.0.1:62284 - R:localhost/127.0.0.1:59549]
20:39:23.795 [Forwarding screenshot on session 26469434e0c3b48177ecf7784d2bc229 to remote] DEBUG org.asynchttpclient.netty.request.NettyRequestSender - Using pooled Channel '[id: 0xa1b21e46, L:/127.0.0.1:62284 - R:localhost/127.0.0.1:59549]' for 'GET' to 'http://localhost:59549/session/26469434e0c3b48177ecf7784d2bc229/screenshot'
20:39:23.795 [Forwarding screenshot on session 26469434e0c3b48177ecf7784d2bc229 to remote] DEBUG org.asynchttpclient.netty.request.NettyRequestSender - Using open Channel [id: 0xa1b21e46, L:/127.0.0.1:62284 - R:localhost/127.0.0.1:59549] for GET '/session/26469434e0c3b48177ecf7784d2bc229/screenshot'
20:39:24.270 [AsyncHttpClient-1-8] DEBUG org.asynchttpclient.netty.handler.HttpHandler - 

Request DefaultFullHttpRequest(decodeResult: success, version: HTTP/1.1, content: EmptyByteBufBE)
GET /session/26469434e0c3b48177ecf7784d2bc229/screenshot HTTP/1.1
User-Agent: selenium/4.1.2 (java windows)
Cache-Control: no-cache
Content-Type: application/json; charset=utf-8
host: localhost:59549
accept: */*

Response DefaultHttpResponse(decodeResult: success, version: HTTP/1.1)
HTTP/1.1 200 OK
Content-Type: application/json; charset=utf-8
cache-control: no-cache
content-length: 403636

20:39:24.272 [AsyncHttpClient-1-8] DEBUG org.asynchttpclient.netty.channel.ChannelManager - Adding key: http://localhost:59549 for channel [id: 0xa1b21e46, L:/127.0.0.1:62284 - R:localhost/127.0.0.1:59549]
20:39:24.316 [main] DEBUG net.serenitybdd.core.photography.Darkroom - Send negative for processing for target\site\serenity\e08ec3ae4b882c79538d3d103e1748308b929a8b20672cc2ed03985c5a157b54.png
20:39:24.319 [main] DEBUG net.thucydides.core.steps.StepInterceptor - STEP DONE: clickLaki
  &amp#27;[32mAnd &amp#27;[0m&amp#27;[32mI click button jenis kelamin patient&amp#27;[0m                                      &amp#27;[90m# starter.stepdefinitios.PatientDataSteps.iClickButtonJenisKelamin()&amp#27;[0m
20:39:24.336 [AsyncHttpClient-1-1] DEBUG org.asynchttpclient.netty.channel.DefaultChannelPool - Entry count for : http://localhost:62286 : 1
20:39:24.336 [AsyncHttpClient-1-1] DEBUG org.asynchttpclient.netty.channel.DefaultChannelPool - Entry count for : http://localhost:59549 : 1
20:39:24.341 [Darkroom Processing Line] DEBUG net.serenitybdd.core.photography.DarkroomProcessingLine - Processing screenshot image in /var/screenshots/screenshot-17127961026742075538
20:39:24.341 [Darkroom Processing Line] DEBUG net.serenitybdd.core.photography.DarkroomProcessingLine - Saving screenshot to target\site\serenity\e08ec3ae4b882c79538d3d103e1748308b929a8b20672cc2ed03985c5a157b54.png
20:39:24.380 [Forwarding screenshot on session 26469434e0c3b48177ecf7784d2bc229 to remote] DEBUG org.asynchttpclient.netty.request.NettyRequestSender - Using pooled Channel '[id: 0xa1b21e46, L:/127.0.0.1:62284 - R:localhost/127.0.0.1:59549]' for 'GET' to 'http://localhost:59549/session/26469434e0c3b48177ecf7784d2bc229/screenshot'
20:39:24.380 [Forwarding screenshot on session 26469434e0c3b48177ecf7784d2bc229 to remote] DEBUG org.asynchttpclient.netty.request.NettyRequestSender - Using open Channel [id: 0xa1b21e46, L:/127.0.0.1:62284 - R:localhost/127.0.0.1:59549] for GET '/session/26469434e0c3b48177ecf7784d2bc229/screenshot'
20:39:24.782 [AsyncHttpClient-1-8] DEBUG org.asynchttpclient.netty.handler.HttpHandler - 

Request DefaultFullHttpRequest(decodeResult: success, version: HTTP/1.1, content: EmptyByteBufBE)
GET /session/26469434e0c3b48177ecf7784d2bc229/screenshot HTTP/1.1
User-Agent: selenium/4.1.2 (java windows)
Cache-Control: no-cache
Content-Type: application/json; charset=utf-8
host: localhost:59549
accept: */*

Response DefaultHttpResponse(decodeResult: success, version: HTTP/1.1)
HTTP/1.1 200 OK
Content-Type: application/json; charset=utf-8
cache-control: no-cache
content-length: 403636

20:39:24.783 [AsyncHttpClient-1-8] DEBUG org.asynchttpclient.netty.channel.ChannelManager - Adding key: http://localhost:59549 for channel [id: 0xa1b21e46, L:/127.0.0.1:62284 - R:localhost/127.0.0.1:59549]
20:39:24.814 [main] DEBUG net.serenitybdd.core.photography.Darkroom - Send negative for processing for target\site\serenity\e08ec3ae4b882c79538d3d103e1748308b929a8b20672cc2ed03985c5a157b54.png
20:39:24.814 [main] DEBUG net.thucydides.core.steps.StepInterceptor - STARTING STEP: PatientDataSteps.clickButtonSimpan - clickButtonSave
20:39:24.824 [Forwarding findElement on session 26469434e0c3b48177ecf7784d2bc229 to remote] DEBUG org.asynchttpclient.netty.request.NettyRequestSender - Using pooled Channel '[id: 0xa1b21e46, L:/127.0.0.1:62284 - R:localhost/127.0.0.1:59549]' for 'POST' to 'http://localhost:59549/session/26469434e0c3b48177ecf7784d2bc229/element'
20:39:24.824 [Forwarding findElement on session 26469434e0c3b48177ecf7784d2bc229 to remote] DEBUG org.asynchttpclient.netty.request.NettyRequestSender - Using open Channel [id: 0xa1b21e46, L:/127.0.0.1:62284 - R:localhost/127.0.0.1:59549] for POST '/session/26469434e0c3b48177ecf7784d2bc229/element'
20:39:24.851 [AsyncHttpClient-1-8] DEBUG org.asynchttpclient.netty.handler.HttpHandler - 

Request DefaultHttpRequest(decodeResult: success, version: HTTP/1.1)
POST /session/26469434e0c3b48177ecf7784d2bc229/element HTTP/1.1
User-Agent: selenium/4.1.2 (java windows)
Content-Length: 68
Content-Type: application/json; charset=utf-8
host: localhost:59549
accept: */*

Response DefaultHttpResponse(decodeResult: success, version: HTTP/1.1)
HTTP/1.1 200 OK
Content-Type: application/json; charset=utf-8
cache-control: no-cache
content-length: 88

20:39:24.852 [AsyncHttpClient-1-8] DEBUG org.asynchttpclient.netty.channel.ChannelManager - Adding key: http://localhost:59549 for channel [id: 0xa1b21e46, L:/127.0.0.1:62284 - R:localhost/127.0.0.1:59549]
20:39:24.855 [Forwarding getElementTagName on session 26469434e0c3b48177ecf7784d2bc229 to remote] DEBUG org.asynchttpclient.netty.request.NettyRequestSender - Using pooled Channel '[id: 0xa1b21e46, L:/127.0.0.1:62284 - R:localhost/127.0.0.1:59549]' for 'GET' to 'http://localhost:59549/session/26469434e0c3b48177ecf7784d2bc229/element/0c2c1f80-ca15-41e0-809b-25434574dde8/name'
20:39:24.855 [Forwarding getElementTagName on session 26469434e0c3b48177ecf7784d2bc229 to remote] DEBUG org.asynchttpclient.netty.request.NettyRequestSender - Using open Channel [id: 0xa1b21e46, L:/127.0.0.1:62284 - R:localhost/127.0.0.1:59549] for GET '/session/26469434e0c3b48177ecf7784d2bc229/element/0c2c1f80-ca15-41e0-809b-25434574dde8/name'
20:39:24.864 [AsyncHttpClient-1-8] DEBUG org.asynchttpclient.netty.handler.HttpHandler - 

Request DefaultFullHttpRequest(decodeResult: success, version: HTTP/1.1, content: EmptyByteBufBE)
GET /session/26469434e0c3b48177ecf7784d2bc229/element/0c2c1f80-ca15-41e0-809b-25434574dde8/name HTTP/1.1
User-Agent: selenium/4.1.2 (java windows)
Cache-Control: no-cache
Content-Type: application/json; charset=utf-8
host: localhost:59549
accept: */*

Response DefaultHttpResponse(decodeResult: success, version: HTTP/1.1)
HTTP/1.1 200 OK
Content-Type: application/json; charset=utf-8
cache-control: no-cache
content-length: 18

20:39:24.865 [AsyncHttpClient-1-8] DEBUG org.asynchttpclient.netty.channel.ChannelManager - Adding key: http://localhost:59549 for channel [id: 0xa1b21e46, L:/127.0.0.1:62284 - R:localhost/127.0.0.1:59549]
20:39:24.867 [Forwarding getElementTagName on session 26469434e0c3b48177ecf7784d2bc229 to remote] DEBUG org.asynchttpclient.netty.request.NettyRequestSender - Using pooled Channel '[id: 0xa1b21e46, L:/127.0.0.1:62284 - R:localhost/127.0.0.1:59549]' for 'GET' to 'http://localhost:59549/session/26469434e0c3b48177ecf7784d2bc229/element/0c2c1f80-ca15-41e0-809b-25434574dde8/name'
20:39:24.867 [Forwarding getElementTagName on session 26469434e0c3b48177ecf7784d2bc229 to remote] DEBUG org.asynchttpclient.netty.request.NettyRequestSender - Using open Channel [id: 0xa1b21e46, L:/127.0.0.1:62284 - R:localhost/127.0.0.1:59549] for GET '/session/26469434e0c3b48177ecf7784d2bc229/element/0c2c1f80-ca15-41e0-809b-25434574dde8/name'
20:39:24.878 [AsyncHttpClient-1-8] DEBUG org.asynchttpclient.netty.handler.HttpHandler - 

Request DefaultFullHttpRequest(decodeResult: success, version: HTTP/1.1, content: EmptyByteBufBE)
GET /session/26469434e0c3b48177ecf7784d2bc229/element/0c2c1f80-ca15-41e0-809b-25434574dde8/name HTTP/1.1
User-Agent: selenium/4.1.2 (java windows)
Cache-Control: no-cache
Content-Type: application/json; charset=utf-8
host: localhost:59549
accept: */*

Response DefaultHttpResponse(decodeResult: success, version: HTTP/1.1)
HTTP/1.1 200 OK
Content-Type: application/json; charset=utf-8
cache-control: no-cache
content-length: 18

20:39:24.878 [AsyncHttpClient-1-8] DEBUG org.asynchttpclient.netty.channel.ChannelManager - Adding key: http://localhost:59549 for channel [id: 0xa1b21e46, L:/127.0.0.1:62284 - R:localhost/127.0.0.1:59549]
20:39:24.885 [Forwarding isElementEnabled on session 26469434e0c3b48177ecf7784d2bc229 to remote] DEBUG org.asynchttpclient.netty.request.NettyRequestSender - Using pooled Channel '[id: 0xa1b21e46, L:/127.0.0.1:62284 - R:localhost/127.0.0.1:59549]' for 'GET' to 'http://localhost:59549/session/26469434e0c3b48177ecf7784d2bc229/element/0c2c1f80-ca15-41e0-809b-25434574dde8/enabled'
20:39:24.885 [Forwarding isElementEnabled on session 26469434e0c3b48177ecf7784d2bc229 to remote] DEBUG org.asynchttpclient.netty.request.NettyRequestSender - Using open Channel [id: 0xa1b21e46, L:/127.0.0.1:62284 - R:localhost/127.0.0.1:59549] for GET '/session/26469434e0c3b48177ecf7784d2bc229/element/0c2c1f80-ca15-41e0-809b-25434574dde8/enabled'
20:39:24.909 [AsyncHttpClient-1-8] DEBUG org.asynchttpclient.netty.handler.HttpHandler - 

Request DefaultFullHttpRequest(decodeResult: success, version: HTTP/1.1, content: EmptyByteBufBE)
GET /session/26469434e0c3b48177ecf7784d2bc229/element/0c2c1f80-ca15-41e0-809b-25434574dde8/enabled HTTP/1.1
User-Agent: selenium/4.1.2 (java windows)
Cache-Control: no-cache
Content-Type: application/json; charset=utf-8
host: localhost:59549
accept: */*

Response DefaultHttpResponse(decodeResult: success, version: HTTP/1.1)
HTTP/1.1 200 OK
Content-Type: application/json; charset=utf-8
cache-control: no-cache
content-length: 14

20:39:24.909 [AsyncHttpClient-1-8] DEBUG org.asynchttpclient.netty.channel.ChannelManager - Adding key: http://localhost:59549 for channel [id: 0xa1b21e46, L:/127.0.0.1:62284 - R:localhost/127.0.0.1:59549]
20:39:24.912 [Forwarding isElementEnabled on session 26469434e0c3b48177ecf7784d2bc229 to remote] DEBUG org.asynchttpclient.netty.request.NettyRequestSender - Using pooled Channel '[id: 0xa1b21e46, L:/127.0.0.1:62284 - R:localhost/127.0.0.1:59549]' for 'GET' to 'http://localhost:59549/session/26469434e0c3b48177ecf7784d2bc229/element/0c2c1f80-ca15-41e0-809b-25434574dde8/enabled'
20:39:24.912 [Forwarding isElementEnabled on session 26469434e0c3b48177ecf7784d2bc229 to remote] DEBUG org.asynchttpclient.netty.request.NettyRequestSender - Using open Channel [id: 0xa1b21e46, L:/127.0.0.1:62284 - R:localhost/127.0.0.1:59549] for GET '/session/26469434e0c3b48177ecf7784d2bc229/element/0c2c1f80-ca15-41e0-809b-25434574dde8/enabled'
20:39:24.929 [AsyncHttpClient-1-8] DEBUG org.asynchttpclient.netty.handler.HttpHandler - 

Request DefaultFullHttpRequest(decodeResult: success, version: HTTP/1.1, content: EmptyByteBufBE)
GET /session/26469434e0c3b48177ecf7784d2bc229/element/0c2c1f80-ca15-41e0-809b-25434574dde8/enabled HTTP/1.1
User-Agent: selenium/4.1.2 (java windows)
Cache-Control: no-cache
Content-Type: application/json; charset=utf-8
host: localhost:59549
accept: */*

Response DefaultHttpResponse(decodeResult: success, version: HTTP/1.1)
HTTP/1.1 200 OK
Content-Type: application/json; charset=utf-8
cache-control: no-cache
content-length: 14

20:39:24.929 [AsyncHttpClient-1-8] DEBUG org.asynchttpclient.netty.channel.ChannelManager - Adding key: http://localhost:59549 for channel [id: 0xa1b21e46, L:/127.0.0.1:62284 - R:localhost/127.0.0.1:59549]
20:39:24.937 [Forwarding findElement on session 26469434e0c3b48177ecf7784d2bc229 to remote] DEBUG org.asynchttpclient.netty.request.NettyRequestSender - Using pooled Channel '[id: 0xa1b21e46, L:/127.0.0.1:62284 - R:localhost/127.0.0.1:59549]' for 'POST' to 'http://localhost:59549/session/26469434e0c3b48177ecf7784d2bc229/element'
20:39:24.938 [Forwarding findElement on session 26469434e0c3b48177ecf7784d2bc229 to remote] DEBUG org.asynchttpclient.netty.request.NettyRequestSender - Using open Channel [id: 0xa1b21e46, L:/127.0.0.1:62284 - R:localhost/127.0.0.1:59549] for POST '/session/26469434e0c3b48177ecf7784d2bc229/element'
20:39:24.986 [AsyncHttpClient-1-8] DEBUG org.asynchttpclient.netty.handler.HttpHandler - 

Request DefaultHttpRequest(decodeResult: success, version: HTTP/1.1)
POST /session/26469434e0c3b48177ecf7784d2bc229/element HTTP/1.1
User-Agent: selenium/4.1.2 (java windows)
Content-Length: 68
Content-Type: application/json; charset=utf-8
host: localhost:59549
accept: */*

Response DefaultHttpResponse(decodeResult: success, version: HTTP/1.1)
HTTP/1.1 200 OK
Content-Type: application/json; charset=utf-8
cache-control: no-cache
content-length: 88

20:39:24.986 [AsyncHttpClient-1-8] DEBUG org.asynchttpclient.netty.channel.ChannelManager - Adding key: http://localhost:59549 for channel [id: 0xa1b21e46, L:/127.0.0.1:62284 - R:localhost/127.0.0.1:59549]
20:39:24.988 [Forwarding clickElement on session 26469434e0c3b48177ecf7784d2bc229 to remote] DEBUG org.asynchttpclient.netty.request.NettyRequestSender - Using pooled Channel '[id: 0xa1b21e46, L:/127.0.0.1:62284 - R:localhost/127.0.0.1:59549]' for 'POST' to 'http://localhost:59549/session/26469434e0c3b48177ecf7784d2bc229/element/0c2c1f80-ca15-41e0-809b-25434574dde8/click'
20:39:24.988 [Forwarding clickElement on session 26469434e0c3b48177ecf7784d2bc229 to remote] DEBUG org.asynchttpclient.netty.request.NettyRequestSender - Using open Channel [id: 0xa1b21e46, L:/127.0.0.1:62284 - R:localhost/127.0.0.1:59549] for POST '/session/26469434e0c3b48177ecf7784d2bc229/element/0c2c1f80-ca15-41e0-809b-25434574dde8/click'
20:39:25.122 [AsyncHttpClient-1-8] DEBUG org.asynchttpclient.netty.handler.HttpHandler - 

Request DefaultHttpRequest(decodeResult: success, version: HTTP/1.1)
POST /session/26469434e0c3b48177ecf7784d2bc229/element/0c2c1f80-ca15-41e0-809b-25434574dde8/click HTTP/1.1
User-Agent: selenium/4.1.2 (java windows)
Content-Length: 50
Content-Type: application/json; charset=utf-8
host: localhost:59549
accept: */*

Response DefaultHttpResponse(decodeResult: success, version: HTTP/1.1)
HTTP/1.1 200 OK
Content-Type: application/json; charset=utf-8
cache-control: no-cache
content-length: 14

20:39:25.122 [AsyncHttpClient-1-8] DEBUG org.asynchttpclient.netty.channel.ChannelManager - Adding key: http://localhost:59549 for channel [id: 0xa1b21e46, L:/127.0.0.1:62284 - R:localhost/127.0.0.1:59549]
20:39:25.167 [Forwarding screenshot on session 26469434e0c3b48177ecf7784d2bc229 to remote] DEBUG org.asynchttpclient.netty.request.NettyRequestSender - Using pooled Channel '[id: 0xa1b21e46, L:/127.0.0.1:62284 - R:localhost/127.0.0.1:59549]' for 'GET' to 'http://localhost:59549/session/26469434e0c3b48177ecf7784d2bc229/screenshot'
20:39:25.167 [Forwarding screenshot on session 26469434e0c3b48177ecf7784d2bc229 to remote] DEBUG org.asynchttpclient.netty.request.NettyRequestSender - Using open Channel [id: 0xa1b21e46, L:/127.0.0.1:62284 - R:localhost/127.0.0.1:59549] for GET '/session/26469434e0c3b48177ecf7784d2bc229/screenshot'
20:39:25.400 [AsyncHttpClient-1-1] DEBUG org.asynchttpclient.netty.channel.DefaultChannelPool - Entry count for : http://localhost:62286 : 1
20:39:26.101 [AsyncHttpClient-1-8] DEBUG org.asynchttpclient.netty.handler.HttpHandler - 

Request DefaultFullHttpRequest(decodeResult: success, version: HTTP/1.1, content: EmptyByteBufBE)
GET /session/26469434e0c3b48177ecf7784d2bc229/screenshot HTTP/1.1
User-Agent: selenium/4.1.2 (java windows)
Cache-Control: no-cache
Content-Type: application/json; charset=utf-8
host: localhost:59549
accept: */*

Response DefaultHttpResponse(decodeResult: success, version: HTTP/1.1)
HTTP/1.1 200 OK
Content-Type: application/json; charset=utf-8
cache-control: no-cache
content-length: 403164

20:39:26.103 [AsyncHttpClient-1-8] DEBUG org.asynchttpclient.netty.channel.ChannelManager - Adding key: http://localhost:59549 for channel [id: 0xa1b21e46, L:/127.0.0.1:62284 - R:localhost/127.0.0.1:59549]
20:39:26.143 [main] DEBUG net.serenitybdd.core.photography.Darkroom - Send negative for processing for target\site\serenity\c8e8f99d0c1e2177972f574aab56a3d9a83d31a3fad60a29081ff3fa9069029d.png
20:39:26.144 [main] DEBUG net.thucydides.core.steps.StepInterceptor - STEP DONE: clickButtonSave
20:39:26.145 [Darkroom Processing Line] DEBUG net.serenitybdd.core.photography.DarkroomProcessingLine - Processing screenshot image in /var/screenshots/screenshot-3382654151484290086
  &amp#27;[32mAnd &amp#27;[0m&amp#27;[32mClick button simpan&amp#27;[0m                                                       &amp#27;[90m# starter.stepdefinitios.PatientDataSteps.clickButtonSimpan()&amp#27;[0m
20:39:26.145 [Darkroom Processing Line] DEBUG net.serenitybdd.core.photography.DarkroomProcessingLine - Saving screenshot to target\site\serenity\c8e8f99d0c1e2177972f574aab56a3d9a83d31a3fad60a29081ff3fa9069029d.png
20:39:26.225 [Forwarding screenshot on session 26469434e0c3b48177ecf7784d2bc229 to remote] DEBUG org.asynchttpclient.netty.request.NettyRequestSender - Using pooled Channel '[id: 0xa1b21e46, L:/127.0.0.1:62284 - R:localhost/127.0.0.1:59549]' for 'GET' to 'http://localhost:59549/session/26469434e0c3b48177ecf7784d2bc229/screenshot'
20:39:26.225 [Forwarding screenshot on session 26469434e0c3b48177ecf7784d2bc229 to remote] DEBUG org.asynchttpclient.netty.request.NettyRequestSender - Using open Channel [id: 0xa1b21e46, L:/127.0.0.1:62284 - R:localhost/127.0.0.1:59549] for GET '/session/26469434e0c3b48177ecf7784d2bc229/screenshot'
20:39:26.233 [AsyncHttpClient-1-8] DEBUG org.asynchttpclient.netty.handler.HttpHandler - 

Request DefaultFullHttpRequest(decodeResult: success, version: HTTP/1.1, content: EmptyByteBufBE)
GET /session/26469434e0c3b48177ecf7784d2bc229/screenshot HTTP/1.1
User-Agent: selenium/4.1.2 (java windows)
Cache-Control: no-cache
Content-Type: application/json; charset=utf-8
host: localhost:59549
accept: */*

Response DefaultHttpResponse(decodeResult: success, version: HTTP/1.1)
HTTP/1.1 500 Internal Server Error
Content-Type: application/json; charset=utf-8
cache-control: no-cache
content-length: 889

20:39:26.233 [AsyncHttpClient-1-8] DEBUG org.asynchttpclient.netty.channel.ChannelManager - Adding key: http://localhost:59549 for channel [id: 0xa1b21e46, L:/127.0.0.1:62284 - R:localhost/127.0.0.1:59549]
20:39:26.242 [main] WARN net.thucydides.core.webdriver.WebDriverFacade - Failed to take screenshot (unexpected alert open: {Alert text : data telah diubah}
  (Session info: chrome=102.0.5005.115): data telah diubah
Build info: version: '4.1.2', revision: '9a5a329c5a'
System info: host: 'MOOK-HON', ip: '192.168.100.6', os.name: 'Windows 10', os.arch: 'amd64', os.version: '10.0', java.version: '11.0.14'
Driver info: org.openqa.selenium.chrome.ChromeDriver
Command: [26469434e0c3b48177ecf7784d2bc229, screenshot {}]
Capabilities {acceptInsecureCerts: false, browserName: chrome, browserVersion: 102.0.5005.115, chrome: {chromedriverVersion: 102.0.5005.61 (0e59bcc00cc4..., userDataDir: C:\Users\ASUS\AppData\Local...}, goog:chromeOptions: {debuggerAddress: localhost:62286}, javascriptEnabled: true, networkConnectionEnabled: false, pageLoadStrategy: normal, platform: WINDOWS, platformName: WINDOWS, proxy: Proxy(), se:cdp: ws://localhost:62286/devtoo..., se:cdpVersion: 102.0.5005.115, setWindowRect: true, strictFileInteractability: false, timeouts: {implicit: 0, pageLoad: 300000, script: 30000}, unhandledPromptBehavior: dismiss and notify, webauthn:extension:credBlob: true, webauthn:extension:largeBlob: true, webauthn:virtualAuthenticators: true}
Session ID: 26469434e0c3b48177ecf7784d2bc229)
20:39:26.497 [AsyncHttpClient-1-1] DEBUG org.asynchttpclient.netty.channel.DefaultChannelPool - Entry count for : http://localhost:62286 : 1
20:39:26.498 [AsyncHttpClient-1-1] DEBUG org.asynchttpclient.netty.channel.DefaultChannelPool - Entry count for : http://localhost:59549 : 1
20:39:26.798 [Forwarding screenshot on session 26469434e0c3b48177ecf7784d2bc229 to remote] DEBUG org.asynchttpclient.netty.request.NettyRequestSender - Using pooled Channel '[id: 0xa1b21e46, L:/127.0.0.1:62284 - R:localhost/127.0.0.1:59549]' for 'GET' to 'http://localhost:59549/session/26469434e0c3b48177ecf7784d2bc229/screenshot'
20:39:26.798 [Forwarding screenshot on session 26469434e0c3b48177ecf7784d2bc229 to remote] DEBUG org.asynchttpclient.netty.request.NettyRequestSender - Using open Channel [id: 0xa1b21e46, L:/127.0.0.1:62284 - R:localhost/127.0.0.1:59549] for GET '/session/26469434e0c3b48177ecf7784d2bc229/screenshot'
20:39:27.182 [AsyncHttpClient-1-8] DEBUG org.asynchttpclient.netty.handler.HttpHandler - 

Request DefaultFullHttpRequest(decodeResult: success, version: HTTP/1.1, content: EmptyByteBufBE)
GET /session/26469434e0c3b48177ecf7784d2bc229/screenshot HTTP/1.1
User-Agent: selenium/4.1.2 (java windows)
Cache-Control: no-cache
Content-Type: application/json; charset=utf-8
host: localhost:59549
accept: */*

Response DefaultHttpResponse(decodeResult: success, version: HTTP/1.1)
HTTP/1.1 200 OK
Content-Type: application/json; charset=utf-8
cache-control: no-cache
content-length: 403164

20:39:27.185 [AsyncHttpClient-1-8] DEBUG org.asynchttpclient.netty.channel.ChannelManager - Adding key: http://localhost:59549 for channel [id: 0xa1b21e46, L:/127.0.0.1:62284 - R:localhost/127.0.0.1:59549]
20:39:27.221 [main] DEBUG net.serenitybdd.core.photography.Darkroom - Send negative for processing for target\site\serenity\c8e8f99d0c1e2177972f574aab56a3d9a83d31a3fad60a29081ff3fa9069029d.png
20:39:27.222 [main] DEBUG net.thucydides.core.steps.StepInterceptor - STARTING STEP: PatientDataSteps.validEditData - clickButtonBack
20:39:27.239 [Forwarding findElement on session 26469434e0c3b48177ecf7784d2bc229 to remote] DEBUG org.asynchttpclient.netty.request.NettyRequestSender - Using pooled Channel '[id: 0xa1b21e46, L:/127.0.0.1:62284 - R:localhost/127.0.0.1:59549]' for 'POST' to 'http://localhost:59549/session/26469434e0c3b48177ecf7784d2bc229/element'
20:39:27.239 [Forwarding findElement on session 26469434e0c3b48177ecf7784d2bc229 to remote] DEBUG org.asynchttpclient.netty.request.NettyRequestSender - Using open Channel [id: 0xa1b21e46, L:/127.0.0.1:62284 - R:localhost/127.0.0.1:59549] for POST '/session/26469434e0c3b48177ecf7784d2bc229/element'
20:39:27.288 [AsyncHttpClient-1-8] DEBUG org.asynchttpclient.netty.handler.HttpHandler - 

Request DefaultHttpRequest(decodeResult: success, version: HTTP/1.1)
POST /session/26469434e0c3b48177ecf7784d2bc229/element HTTP/1.1
User-Agent: selenium/4.1.2 (java windows)
Content-Length: 137
Content-Type: application/json; charset=utf-8
host: localhost:59549
accept: */*

Response DefaultHttpResponse(decodeResult: success, version: HTTP/1.1)
HTTP/1.1 200 OK
Content-Type: application/json; charset=utf-8
cache-control: no-cache
content-length: 88

20:39:27.288 [AsyncHttpClient-1-8] DEBUG org.asynchttpclient.netty.channel.ChannelManager - Adding key: http://localhost:59549 for channel [id: 0xa1b21e46, L:/127.0.0.1:62284 - R:localhost/127.0.0.1:59549]
20:39:27.292 [Forwarding getElementTagName on session 26469434e0c3b48177ecf7784d2bc229 to remote] DEBUG org.asynchttpclient.netty.request.NettyRequestSender - Using pooled Channel '[id: 0xa1b21e46, L:/127.0.0.1:62284 - R:localhost/127.0.0.1:59549]' for 'GET' to 'http://localhost:59549/session/26469434e0c3b48177ecf7784d2bc229/element/ddefc248-9920-479f-bb63-27d57c05d714/name'
20:39:27.292 [Forwarding getElementTagName on session 26469434e0c3b48177ecf7784d2bc229 to remote] DEBUG org.asynchttpclient.netty.request.NettyRequestSender - Using open Channel [id: 0xa1b21e46, L:/127.0.0.1:62284 - R:localhost/127.0.0.1:59549] for GET '/session/26469434e0c3b48177ecf7784d2bc229/element/ddefc248-9920-479f-bb63-27d57c05d714/name'
20:39:27.304 [AsyncHttpClient-1-8] DEBUG org.asynchttpclient.netty.handler.HttpHandler - 

Request DefaultFullHttpRequest(decodeResult: success, version: HTTP/1.1, content: EmptyByteBufBE)
GET /session/26469434e0c3b48177ecf7784d2bc229/element/ddefc248-9920-479f-bb63-27d57c05d714/name HTTP/1.1
User-Agent: selenium/4.1.2 (java windows)
Cache-Control: no-cache
Content-Type: application/json; charset=utf-8
host: localhost:59549
accept: */*

Response DefaultHttpResponse(decodeResult: success, version: HTTP/1.1)
HTTP/1.1 200 OK
Content-Type: application/json; charset=utf-8
cache-control: no-cache
content-length: 18

20:39:27.304 [AsyncHttpClient-1-8] DEBUG org.asynchttpclient.netty.channel.ChannelManager - Adding key: http://localhost:59549 for channel [id: 0xa1b21e46, L:/127.0.0.1:62284 - R:localhost/127.0.0.1:59549]
20:39:27.306 [Forwarding getElementTagName on session 26469434e0c3b48177ecf7784d2bc229 to remote] DEBUG org.asynchttpclient.netty.request.NettyRequestSender - Using pooled Channel '[id: 0xa1b21e46, L:/127.0.0.1:62284 - R:localhost/127.0.0.1:59549]' for 'GET' to 'http://localhost:59549/session/26469434e0c3b48177ecf7784d2bc229/element/ddefc248-9920-479f-bb63-27d57c05d714/name'
20:39:27.306 [Forwarding getElementTagName on session 26469434e0c3b48177ecf7784d2bc229 to remote] DEBUG org.asynchttpclient.netty.request.NettyRequestSender - Using open Channel [id: 0xa1b21e46, L:/127.0.0.1:62284 - R:localhost/127.0.0.1:59549] for GET '/session/26469434e0c3b48177ecf7784d2bc229/element/ddefc248-9920-479f-bb63-27d57c05d714/name'
20:39:27.316 [AsyncHttpClient-1-8] DEBUG org.asynchttpclient.netty.handler.HttpHandler - 

Request DefaultFullHttpRequest(decodeResult: success, version: HTTP/1.1, content: EmptyByteBufBE)
GET /session/26469434e0c3b48177ecf7784d2bc229/element/ddefc248-9920-479f-bb63-27d57c05d714/name HTTP/1.1
User-Agent: selenium/4.1.2 (java windows)
Cache-Control: no-cache
Content-Type: application/json; charset=utf-8
host: localhost:59549
accept: */*

Response DefaultHttpResponse(decodeResult: success, version: HTTP/1.1)
HTTP/1.1 200 OK
Content-Type: application/json; charset=utf-8
cache-control: no-cache
content-length: 18

20:39:27.316 [AsyncHttpClient-1-8] DEBUG org.asynchttpclient.netty.channel.ChannelManager - Adding key: http://localhost:59549 for channel [id: 0xa1b21e46, L:/127.0.0.1:62284 - R:localhost/127.0.0.1:59549]
20:39:27.321 [Forwarding isElementEnabled on session 26469434e0c3b48177ecf7784d2bc229 to remote] DEBUG org.asynchttpclient.netty.request.NettyRequestSender - Using pooled Channel '[id: 0xa1b21e46, L:/127.0.0.1:62284 - R:localhost/127.0.0.1:59549]' for 'GET' to 'http://localhost:59549/session/26469434e0c3b48177ecf7784d2bc229/element/ddefc248-9920-479f-bb63-27d57c05d714/enabled'
20:39:27.322 [Forwarding isElementEnabled on session 26469434e0c3b48177ecf7784d2bc229 to remote] DEBUG org.asynchttpclient.netty.request.NettyRequestSender - Using open Channel [id: 0xa1b21e46, L:/127.0.0.1:62284 - R:localhost/127.0.0.1:59549] for GET '/session/26469434e0c3b48177ecf7784d2bc229/element/ddefc248-9920-479f-bb63-27d57c05d714/enabled'
20:39:27.343 [AsyncHttpClient-1-8] DEBUG org.asynchttpclient.netty.handler.HttpHandler - 

Request DefaultFullHttpRequest(decodeResult: success, version: HTTP/1.1, content: EmptyByteBufBE)
GET /session/26469434e0c3b48177ecf7784d2bc229/element/ddefc248-9920-479f-bb63-27d57c05d714/enabled HTTP/1.1
User-Agent: selenium/4.1.2 (java windows)
Cache-Control: no-cache
Content-Type: application/json; charset=utf-8
host: localhost:59549
accept: */*

Response DefaultHttpResponse(decodeResult: success, version: HTTP/1.1)
HTTP/1.1 200 OK
Content-Type: application/json; charset=utf-8
cache-control: no-cache
content-length: 14

20:39:27.343 [AsyncHttpClient-1-8] DEBUG org.asynchttpclient.netty.channel.ChannelManager - Adding key: http://localhost:59549 for channel [id: 0xa1b21e46, L:/127.0.0.1:62284 - R:localhost/127.0.0.1:59549]
20:39:27.346 [Forwarding isElementEnabled on session 26469434e0c3b48177ecf7784d2bc229 to remote] DEBUG org.asynchttpclient.netty.request.NettyRequestSender - Using pooled Channel '[id: 0xa1b21e46, L:/127.0.0.1:62284 - R:localhost/127.0.0.1:59549]' for 'GET' to 'http://localhost:59549/session/26469434e0c3b48177ecf7784d2bc229/element/ddefc248-9920-479f-bb63-27d57c05d714/enabled'
20:39:27.346 [Forwarding isElementEnabled on session 26469434e0c3b48177ecf7784d2bc229 to remote] DEBUG org.asynchttpclient.netty.request.NettyRequestSender - Using open Channel [id: 0xa1b21e46, L:/127.0.0.1:62284 - R:localhost/127.0.0.1:59549] for GET '/session/26469434e0c3b48177ecf7784d2bc229/element/ddefc248-9920-479f-bb63-27d57c05d714/enabled'
20:39:27.390 [AsyncHttpClient-1-8] DEBUG org.asynchttpclient.netty.handler.HttpHandler - 

Request DefaultFullHttpRequest(decodeResult: success, version: HTTP/1.1, content: EmptyByteBufBE)
GET /session/26469434e0c3b48177ecf7784d2bc229/element/ddefc248-9920-479f-bb63-27d57c05d714/enabled HTTP/1.1
User-Agent: selenium/4.1.2 (java windows)
Cache-Control: no-cache
Content-Type: application/json; charset=utf-8
host: localhost:59549
accept: */*

Response DefaultHttpResponse(decodeResult: success, version: HTTP/1.1)
HTTP/1.1 200 OK
Content-Type: application/json; charset=utf-8
cache-control: no-cache
content-length: 14

20:39:27.390 [AsyncHttpClient-1-8] DEBUG org.asynchttpclient.netty.channel.ChannelManager - Adding key: http://localhost:59549 for channel [id: 0xa1b21e46, L:/127.0.0.1:62284 - R:localhost/127.0.0.1:59549]
20:39:27.396 [Forwarding findElement on session 26469434e0c3b48177ecf7784d2bc229 to remote] DEBUG org.asynchttpclient.netty.request.NettyRequestSender - Using pooled Channel '[id: 0xa1b21e46, L:/127.0.0.1:62284 - R:localhost/127.0.0.1:59549]' for 'POST' to 'http://localhost:59549/session/26469434e0c3b48177ecf7784d2bc229/element'
20:39:27.396 [Forwarding findElement on session 26469434e0c3b48177ecf7784d2bc229 to remote] DEBUG org.asynchttpclient.netty.request.NettyRequestSender - Using open Channel [id: 0xa1b21e46, L:/127.0.0.1:62284 - R:localhost/127.0.0.1:59549] for POST '/session/26469434e0c3b48177ecf7784d2bc229/element'
20:39:27.412 [AsyncHttpClient-1-8] DEBUG org.asynchttpclient.netty.handler.HttpHandler - 

Request DefaultHttpRequest(decodeResult: success, version: HTTP/1.1)
POST /session/26469434e0c3b48177ecf7784d2bc229/element HTTP/1.1
User-Agent: selenium/4.1.2 (java windows)
Content-Length: 137
Content-Type: application/json; charset=utf-8
host: localhost:59549
accept: */*

Response DefaultHttpResponse(decodeResult: success, version: HTTP/1.1)
HTTP/1.1 200 OK
Content-Type: application/json; charset=utf-8
cache-control: no-cache
content-length: 88

20:39:27.412 [AsyncHttpClient-1-8] DEBUG org.asynchttpclient.netty.channel.ChannelManager - Adding key: http://localhost:59549 for channel [id: 0xa1b21e46, L:/127.0.0.1:62284 - R:localhost/127.0.0.1:59549]
20:39:27.414 [Forwarding clickElement on session 26469434e0c3b48177ecf7784d2bc229 to remote] DEBUG org.asynchttpclient.netty.request.NettyRequestSender - Using pooled Channel '[id: 0xa1b21e46, L:/127.0.0.1:62284 - R:localhost/127.0.0.1:59549]' for 'POST' to 'http://localhost:59549/session/26469434e0c3b48177ecf7784d2bc229/element/ddefc248-9920-479f-bb63-27d57c05d714/click'
20:39:27.414 [Forwarding clickElement on session 26469434e0c3b48177ecf7784d2bc229 to remote] DEBUG org.asynchttpclient.netty.request.NettyRequestSender - Using open Channel [id: 0xa1b21e46, L:/127.0.0.1:62284 - R:localhost/127.0.0.1:59549] for POST '/session/26469434e0c3b48177ecf7784d2bc229/element/ddefc248-9920-479f-bb63-27d57c05d714/click'
20:39:27.602 [AsyncHttpClient-1-1] DEBUG org.asynchttpclient.netty.channel.DefaultChannelPool - Entry count for : http://localhost:62286 : 1
20:39:27.776 [AsyncHttpClient-1-8] DEBUG org.asynchttpclient.netty.handler.HttpHandler - 

Request DefaultHttpRequest(decodeResult: success, version: HTTP/1.1)
POST /session/26469434e0c3b48177ecf7784d2bc229/element/ddefc248-9920-479f-bb63-27d57c05d714/click HTTP/1.1
User-Agent: selenium/4.1.2 (java windows)
Content-Length: 50
Content-Type: application/json; charset=utf-8
host: localhost:59549
accept: */*

Response DefaultHttpResponse(decodeResult: success, version: HTTP/1.1)
HTTP/1.1 200 OK
Content-Type: application/json; charset=utf-8
cache-control: no-cache
content-length: 14

20:39:27.777 [AsyncHttpClient-1-8] DEBUG org.asynchttpclient.netty.channel.ChannelManager - Adding key: http://localhost:59549 for channel [id: 0xa1b21e46, L:/127.0.0.1:62284 - R:localhost/127.0.0.1:59549]
20:39:27.801 [Forwarding screenshot on session 26469434e0c3b48177ecf7784d2bc229 to remote] DEBUG org.asynchttpclient.netty.request.NettyRequestSender - Using pooled Channel '[id: 0xa1b21e46, L:/127.0.0.1:62284 - R:localhost/127.0.0.1:59549]' for 'GET' to 'http://localhost:59549/session/26469434e0c3b48177ecf7784d2bc229/screenshot'
20:39:27.801 [Forwarding screenshot on session 26469434e0c3b48177ecf7784d2bc229 to remote] DEBUG org.asynchttpclient.netty.request.NettyRequestSender - Using open Channel [id: 0xa1b21e46, L:/127.0.0.1:62284 - R:localhost/127.0.0.1:59549] for GET '/session/26469434e0c3b48177ecf7784d2bc229/screenshot'
20:39:28.411 [AsyncHttpClient-1-8] DEBUG org.asynchttpclient.netty.handler.HttpHandler - 

Request DefaultFullHttpRequest(decodeResult: success, version: HTTP/1.1, content: EmptyByteBufBE)
GET /session/26469434e0c3b48177ecf7784d2bc229/screenshot HTTP/1.1
User-Agent: selenium/4.1.2 (java windows)
Cache-Control: no-cache
Content-Type: application/json; charset=utf-8
host: localhost:59549
accept: */*

Response DefaultHttpResponse(decodeResult: success, version: HTTP/1.1)
HTTP/1.1 200 OK
Content-Type: application/json; charset=utf-8
cache-control: no-cache
content-length: 393412

20:39:28.415 [AsyncHttpClient-1-8] DEBUG org.asynchttpclient.netty.channel.ChannelManager - Adding key: http://localhost:59549 for channel [id: 0xa1b21e46, L:/127.0.0.1:62284 - R:localhost/127.0.0.1:59549]
20:39:28.457 [main] DEBUG net.serenitybdd.core.photography.Darkroom - Send negative for processing for target\site\serenity\6595dbe80bd9eea35b069b59f7f65afafbe7c306e5987c58d445e7696f8fd420.png
20:39:28.458 [main] DEBUG net.thucydides.core.steps.StepInterceptor - STEP DONE: clickButtonBack
20:39:28.461 [Darkroom Processing Line] DEBUG net.serenitybdd.core.photography.DarkroomProcessingLine - Processing screenshot image in /var/screenshots/screenshot-9629574502025450990
20:39:28.461 [Darkroom Processing Line] DEBUG net.serenitybdd.core.photography.DarkroomProcessingLine - Saving screenshot to target\site\serenity\6595dbe80bd9eea35b069b59f7f65afafbe7c306e5987c58d445e7696f8fd420.png
20:39:28.496 [main] DEBUG net.thucydides.core.steps.StepInterceptor - STARTING STEP: PatientDataSteps.validEditData - checkValidDataPasien
20:39:28.516 [Forwarding findElement on session 26469434e0c3b48177ecf7784d2bc229 to remote] DEBUG org.asynchttpclient.netty.request.NettyRequestSender - Using pooled Channel '[id: 0xa1b21e46, L:/127.0.0.1:62284 - R:localhost/127.0.0.1:59549]' for 'POST' to 'http://localhost:59549/session/26469434e0c3b48177ecf7784d2bc229/element'
20:39:28.516 [Forwarding findElement on session 26469434e0c3b48177ecf7784d2bc229 to remote] DEBUG org.asynchttpclient.netty.request.NettyRequestSender - Using open Channel [id: 0xa1b21e46, L:/127.0.0.1:62284 - R:localhost/127.0.0.1:59549] for POST '/session/26469434e0c3b48177ecf7784d2bc229/element'
20:39:28.586 [AsyncHttpClient-1-8] DEBUG org.asynchttpclient.netty.handler.HttpHandler - 

Request DefaultHttpRequest(decodeResult: success, version: HTTP/1.1)
POST /session/26469434e0c3b48177ecf7784d2bc229/element HTTP/1.1
User-Agent: selenium/4.1.2 (java windows)
Content-Length: 95
Content-Type: application/json; charset=utf-8
host: localhost:59549
accept: */*

Response DefaultHttpResponse(decodeResult: success, version: HTTP/1.1)
HTTP/1.1 200 OK
Content-Type: application/json; charset=utf-8
cache-control: no-cache
content-length: 88

20:39:28.586 [AsyncHttpClient-1-8] DEBUG org.asynchttpclient.netty.channel.ChannelManager - Adding key: http://localhost:59549 for channel [id: 0xa1b21e46, L:/127.0.0.1:62284 - R:localhost/127.0.0.1:59549]
20:39:28.588 [Forwarding isElementEnabled on session 26469434e0c3b48177ecf7784d2bc229 to remote] DEBUG org.asynchttpclient.netty.request.NettyRequestSender - Using pooled Channel '[id: 0xa1b21e46, L:/127.0.0.1:62284 - R:localhost/127.0.0.1:59549]' for 'GET' to 'http://localhost:59549/session/26469434e0c3b48177ecf7784d2bc229/element/a8cdc1ad-c90c-4975-a71b-af10c6068438/enabled'
20:39:28.588 [Forwarding isElementEnabled on session 26469434e0c3b48177ecf7784d2bc229 to remote] DEBUG org.asynchttpclient.netty.request.NettyRequestSender - Using open Channel [id: 0xa1b21e46, L:/127.0.0.1:62284 - R:localhost/127.0.0.1:59549] for GET '/session/26469434e0c3b48177ecf7784d2bc229/element/a8cdc1ad-c90c-4975-a71b-af10c6068438/enabled'
20:39:28.656 [AsyncHttpClient-1-8] DEBUG org.asynchttpclient.netty.handler.HttpHandler - 

Request DefaultFullHttpRequest(decodeResult: success, version: HTTP/1.1, content: EmptyByteBufBE)
GET /session/26469434e0c3b48177ecf7784d2bc229/element/a8cdc1ad-c90c-4975-a71b-af10c6068438/enabled HTTP/1.1
User-Agent: selenium/4.1.2 (java windows)
Cache-Control: no-cache
Content-Type: application/json; charset=utf-8
host: localhost:59549
accept: */*

Response DefaultHttpResponse(decodeResult: success, version: HTTP/1.1)
HTTP/1.1 200 OK
Content-Type: application/json; charset=utf-8
cache-control: no-cache
content-length: 14

20:39:28.656 [AsyncHttpClient-1-8] DEBUG org.asynchttpclient.netty.channel.ChannelManager - Adding key: http://localhost:59549 for channel [id: 0xa1b21e46, L:/127.0.0.1:62284 - R:localhost/127.0.0.1:59549]
20:39:28.670 [Forwarding screenshot on session 26469434e0c3b48177ecf7784d2bc229 to remote] DEBUG org.asynchttpclient.netty.request.NettyRequestSender - Using pooled Channel '[id: 0xa1b21e46, L:/127.0.0.1:62284 - R:localhost/127.0.0.1:59549]' for 'GET' to 'http://localhost:59549/session/26469434e0c3b48177ecf7784d2bc229/screenshot'
20:39:28.671 [Forwarding screenshot on session 26469434e0c3b48177ecf7784d2bc229 to remote] DEBUG org.asynchttpclient.netty.request.NettyRequestSender - Using open Channel [id: 0xa1b21e46, L:/127.0.0.1:62284 - R:localhost/127.0.0.1:59549] for GET '/session/26469434e0c3b48177ecf7784d2bc229/screenshot'
20:39:28.702 [AsyncHttpClient-1-1] DEBUG org.asynchttpclient.netty.channel.DefaultChannelPool - Entry count for : http://localhost:62286 : 1
20:39:29.048 [AsyncHttpClient-1-8] DEBUG org.asynchttpclient.netty.handler.HttpHandler - 

Request DefaultFullHttpRequest(decodeResult: success, version: HTTP/1.1, content: EmptyByteBufBE)
GET /session/26469434e0c3b48177ecf7784d2bc229/screenshot HTTP/1.1
User-Agent: selenium/4.1.2 (java windows)
Cache-Control: no-cache
Content-Type: application/json; charset=utf-8
host: localhost:59549
accept: */*

Response DefaultHttpResponse(decodeResult: success, version: HTTP/1.1)
HTTP/1.1 200 OK
Content-Type: application/json; charset=utf-8
cache-control: no-cache
content-length: 399864

20:39:29.050 [AsyncHttpClient-1-8] DEBUG org.asynchttpclient.netty.channel.ChannelManager - Adding key: http://localhost:59549 for channel [id: 0xa1b21e46, L:/127.0.0.1:62284 - R:localhost/127.0.0.1:59549]
20:39:29.084 [main] DEBUG net.serenitybdd.core.photography.Darkroom - Send negative for processing for target\site\serenity\8981689e985b0bb92866de7e3258a285a858174e20dd59b2a0364dc34148ad99.png
20:39:29.085 [main] DEBUG net.thucydides.core.steps.StepInterceptor - STEP DONE: checkValidDataPasien
  &amp#27;[32mAnd &amp#27;[0m&amp#27;[32mValid edit data&amp#27;[0m                                                           &amp#27;[90m# starter.stepdefinitios.PatientDataSteps.validEditData()&amp#27;[0m
20:39:29.086 [Darkroom Processing Line] DEBUG net.serenitybdd.core.photography.DarkroomProcessingLine - Processing screenshot image in /var/screenshots/screenshot-10698781231934940880
20:39:29.086 [Darkroom Processing Line] DEBUG net.serenitybdd.core.photography.DarkroomProcessingLine - Saving screenshot to target\site\serenity\8981689e985b0bb92866de7e3258a285a858174e20dd59b2a0364dc34148ad99.png
20:39:29.108 [AsyncHttpClient-1-2] DEBUG org.asynchttpclient.netty.handler.WebSocketHandler - Channel Closed: [id: 0x8d618123, L:/127.0.0.1:62297 ! R:localhost/127.0.0.1:62286] with attribute NettyResponseFuture{currentRetry=5,
	isDone=1,
	isCancelled=0,
	asyncHandler=org.asynchttpclient.ws.WebSocketUpgradeHandler@66e725d2,
	nettyRequest=org.asynchttpclient.netty.request.NettyRequest@759302a6,
	future=java.util.concurrent.CompletableFuture@6bb7b729[Completed normally],
	uri=ws://localhost:62286/devtools/browser/c45de7dd-829a-48e1-9cf9-32d65acc464d,
	keepAlive=true,
	redirectCount=0,
	timeoutsHolder=null,
	inAuth=0,
	touch=1655991550112}
20:39:29.108 [AsyncHttpClient-1-2] DEBUG org.asynchttpclient.netty.channel.ChannelManager - Closing Channel [id: 0x8d618123, L:/127.0.0.1:62297 ! R:localhost/127.0.0.1:62286] 
20:39:29.123 [Driver Command Executor] DEBUG org.asynchttpclient.netty.request.NettyRequestSender - Using pooled Channel '[id: 0xa1b21e46, L:/127.0.0.1:62284 - R:localhost/127.0.0.1:59549]' for 'DELETE' to 'http://localhost:59549/session/26469434e0c3b48177ecf7784d2bc229'
20:39:29.123 [Driver Command Executor] DEBUG org.asynchttpclient.netty.request.NettyRequestSender - Using open Channel [id: 0xa1b21e46, L:/127.0.0.1:62284 - R:localhost/127.0.0.1:59549] for DELETE '/session/26469434e0c3b48177ecf7784d2bc229'
20:39:29.797 [AsyncHttpClient-1-1] DEBUG org.asynchttpclient.netty.channel.DefaultChannelPool - Entry count for : http://localhost:62286 : 1
20:39:29.909 [AsyncHttpClient-1-9] DEBUG org.asynchttpclient.netty.handler.HttpHandler - Unexpected I/O exception on channel [id: 0xb50d88e3, L:/127.0.0.1:62296 - R:localhost/127.0.0.1:62286]
java.io.IOException: An existing connection was forcibly closed by the remote host
	at java.base/sun.nio.ch.SocketDispatcher.read0(Native Method)
	at java.base/sun.nio.ch.SocketDispatcher.read(SocketDispatcher.java:43)
	at java.base/sun.nio.ch.IOUtil.readIntoNativeBuffer(IOUtil.java:276)
	at java.base/sun.nio.ch.IOUtil.read(IOUtil.java:233)
	at java.base/sun.nio.ch.IOUtil.read(IOUtil.java:223)
	at java.base/sun.nio.ch.SocketChannelImpl.read(SocketChannelImpl.java:358)
	at io.netty.buffer.PooledByteBuf.setBytes(PooledByteBuf.java:258)
	at io.netty.buffer.AbstractByteBuf.writeBytes(AbstractByteBuf.java:1132)
	at io.netty.channel.socket.nio.NioSocketChannel.doReadBytes(NioSocketChannel.java:350)
	at io.netty.channel.nio.AbstractNioByteChannel$NioByteUnsafe.read(AbstractNioByteChannel.java:151)
	at io.netty.channel.nio.NioEventLoop.processSelectedKey(NioEventLoop.java:722)
	at io.netty.channel.nio.NioEventLoop.processSelectedKeysOptimized(NioEventLoop.java:658)
	at io.netty.channel.nio.NioEventLoop.processSelectedKeys(NioEventLoop.java:584)
	at io.netty.channel.nio.NioEventLoop.run(NioEventLoop.java:496)
	at io.netty.util.concurrent.SingleThreadEventExecutor$4.run(SingleThreadEventExecutor.java:986)
	at io.netty.util.internal.ThreadExecutorMap$2.run(ThreadExecutorMap.java:74)
	at io.netty.util.concurrent.FastThreadLocalRunnable.run(FastThreadLocalRunnable.java:30)
	at java.base/java.lang.Thread.run(Thread.java:834)
20:39:29.910 [AsyncHttpClient-1-9] DEBUG org.asynchttpclient.netty.channel.ChannelManager - Closing Channel [id: 0xb50d88e3, L:/127.0.0.1:62296 - R:localhost/127.0.0.1:62286] 
20:39:29.910 [AsyncHttpClient-1-9] DEBUG org.asynchttpclient.netty.handler.HttpHandler - Channel Closed: [id: 0xb50d88e3, L:/127.0.0.1:62296 ! R:localhost/127.0.0.1:62286] with attribute DISCARD
20:39:29.957 [AsyncHttpClient-1-8] DEBUG org.asynchttpclient.netty.handler.HttpHandler - 

Request DefaultFullHttpRequest(decodeResult: success, version: HTTP/1.1, content: EmptyByteBufBE)
DELETE /session/26469434e0c3b48177ecf7784d2bc229 HTTP/1.1
User-Agent: selenium/4.1.2 (java windows)
Content-Type: application/json; charset=utf-8
host: localhost:59549
accept: */*

Response DefaultHttpResponse(decodeResult: success, version: HTTP/1.1)
HTTP/1.1 200 OK
Content-Type: application/json; charset=utf-8
cache-control: no-cache
content-length: 14

20:39:29.957 [AsyncHttpClient-1-8] DEBUG org.asynchttpclient.netty.channel.ChannelManager - Adding key: http://localhost:59549 for channel [id: 0xa1b21e46, L:/127.0.0.1:62284 - R:localhost/127.0.0.1:59549]
20:39:30.840 [AsyncHttpClient-1-8] DEBUG org.asynchttpclient.netty.handler.HttpHandler - Channel Closed: [id: 0xa1b21e46, L:/127.0.0.1:62284 ! R:localhost/127.0.0.1:59549] with attribute DISCARD
20:39:30.890 [AsyncHttpClient-1-1] DEBUG org.asynchttpclient.netty.channel.DefaultChannelPool - Entry count for : http://localhost:62286 : 1
20:39:30.890 [AsyncHttpClient-1-1] DEBUG org.asynchttpclient.netty.channel.DefaultChannelPool - Entry count for : http://localhost:59549 : 1
20:39:30.890 [AsyncHttpClient-1-1] DEBUG org.asynchttpclient.netty.channel.DefaultChannelPool - Adding Candidate expired Channel [id: 0xb50d88e3, L:/127.0.0.1:62296 ! R:localhost/127.0.0.1:62286] isIdleTimeoutExpired=false isRemotelyClosed=true isTtlExpired=false
20:39:30.890 [AsyncHttpClient-1-1] DEBUG org.asynchttpclient.netty.channel.DefaultChannelPool - Closing Idle Channel [id: 0xb50d88e3, L:/127.0.0.1:62296 ! R:localhost/127.0.0.1:62286]
20:39:30.890 [AsyncHttpClient-1-1] DEBUG org.asynchttpclient.netty.channel.DefaultChannelPool - Adding Candidate expired Channel [id: 0xa1b21e46, L:/127.0.0.1:62284 ! R:localhost/127.0.0.1:59549] isIdleTimeoutExpired=false isRemotelyClosed=true isTtlExpired=false
20:39:30.890 [AsyncHttpClient-1-1] DEBUG org.asynchttpclient.netty.channel.DefaultChannelPool - Closing Idle Channel [id: 0xa1b21e46, L:/127.0.0.1:62284 ! R:localhost/127.0.0.1:59549]
20:39:30.890 [AsyncHttpClient-1-1] DEBUG org.asynchttpclient.netty.channel.DefaultChannelPool - Closed 2 connections out of 2 in 0 ms
]]></system-out>
    <system-err><![CDATA[Starting ChromeDriver 102.0.5005.61 (0e59bcc00cc4985ce39ad31c150065f159d95ad3-refs/branch-heads/5005@{#819}) on port 59549
Only local connections are allowed.
Please see https://chromedriver.chromium.org/security-considerations for suggestions on keeping ChromeDriver safe.
ChromeDriver was started successfully.
Jun 23, 2022 8:39:10 PM org.openqa.selenium.remote.ProtocolHandshake createSession
INFO: Detected dialect: W3C
Jun 23, 2022 8:39:10 PM org.openqa.selenium.devtools.CdpVersionFinder findNearestMatch
WARNING: Unable to find an exact match for CDP version 102, so returning the closest version found: a no-op implementation
Jun 23, 2022 8:39:10 PM org.openqa.selenium.devtools.CdpVersionFinder findNearestMatch
INFO: Unable to find CDP implementation matching 102.
Jun 23, 2022 8:39:10 PM org.openqa.selenium.chromium.ChromiumDriver lambda$new$3
WARNING: Unable to find version of CDP to use for . You may need to include a dependency on a specific version of the CDP using something similar to `org.seleniumhq.selenium:selenium-devtools-v86:4.1.2` where the version ("v86") matches the version of the chromium-based browser you're using and the version number of the artifact is the same as Selenium's.
]]></system-err>
  </testcase>
  <testcase name="As a admin i want to edit data pasien #4" classname="Edit Data Pasien - Admin" time="23.55">
    <system-out><![CDATA[
@EditPatientData
Scenario Outline: As a admin i want to edit data pasien                         &amp#27;[90m# src/test/resources/features/EditDataPasien.feature:18&amp#27;[0m
20:39:31.383 [main] INFO io.cucumber.core.plugin.SerenityReporter - Running feature from file:///D:/Kel-1-capstone/TestingWeb/src/test/resources/features/EditDataPasien.feature
20:39:31.446 [main] DEBUG net.thucydides.core.steps.StepInterceptor - STARTING STEP: PatientDataSteps.openPageDataPasien - openDataPasien
20:39:31.446 [main] INFO net.serenitybdd.core.webdriver.driverproviders.ChromeDriverProvider - Using automatically driver download
20:39:31.731 [main] DEBUG io.github.bonigarcia.wdm.cache.ResolutionCache - Resolution chrome=102 in cache (valid until 21:04:30 23/06/2022 ICT)
20:39:31.762 [main] DEBUG io.github.bonigarcia.wdm.cache.ResolutionCache - Resolution chrome102=102.0.5005.61 in cache (valid until 20:04:30 24/06/2022 ICT)
20:39:31.762 [main] INFO io.github.bonigarcia.wdm.WebDriverManager - Using chromedriver 102.0.5005.61 (resolved driver for Chrome 102)
20:39:31.856 [main] DEBUG io.github.bonigarcia.wdm.WebDriverManager - Driver chromedriver 102.0.5005.61 found in cache
20:39:31.856 [main] INFO io.github.bonigarcia.wdm.WebDriverManager - Exporting webdriver.chrome.driver as C:\Users\ASUS\.cache\selenium\chromedriver\win32\102.0.5005.61\chromedriver.exe
20:39:32.162 [main] DEBUG net.serenitybdd.core.webdriver.driverproviders.ProvideNewDriver - Instantiating driver
20:39:32.162 [main] DEBUG net.serenitybdd.core.webdriver.driverproviders.ProvideNewDriver - Driver capabilities: Capabilities {acceptInsecureCerts: false, base.url: https://fanciful-trifle-360..., browserName: chrome, chorme.driver: src/test/resources/webdrive..., driver: chrome, goog:chromeOptions: {args: [], extensions: []}}
20:39:32.730 [AsyncHttpClient-1-3] DEBUG org.asynchttpclient.netty.channel.NettyConnectListener - Using new Channel '[id: 0x39074e66, L:/127.0.0.1:62332 - R:localhost/127.0.0.1:64205]' for 'POST' to '/session'
20:39:34.582 [AsyncHttpClient-1-3] DEBUG org.asynchttpclient.netty.handler.HttpHandler - 

Request DefaultHttpRequest(decodeResult: success, version: HTTP/1.1)
POST /session HTTP/1.1
User-Agent: selenium/4.1.2 (java windows)
Content-Length: 629
Content-Type: application/json; charset=utf-8
host: localhost:64205
accept: */*

Response DefaultHttpResponse(decodeResult: success, version: HTTP/1.1)
HTTP/1.1 200 OK
Content-Type: application/json; charset=utf-8
cache-control: no-cache
content-length: 789

20:39:34.583 [AsyncHttpClient-1-3] DEBUG org.asynchttpclient.netty.channel.ChannelManager - Adding key: http://localhost:64205 for channel [id: 0x39074e66, L:/127.0.0.1:62332 - R:localhost/127.0.0.1:64205]
20:39:34.609 [AsyncHttpClient-1-4] DEBUG org.asynchttpclient.netty.channel.NettyConnectListener - Using new Channel '[id: 0xfacdab9e, L:/127.0.0.1:62343 - R:localhost/127.0.0.1:62334]' for 'GET' to '/json/version'
20:39:34.611 [AsyncHttpClient-1-4] DEBUG org.asynchttpclient.netty.handler.HttpHandler - 

Request DefaultFullHttpRequest(decodeResult: success, version: HTTP/1.1, content: EmptyByteBufBE)
GET /json/version HTTP/1.1
User-Agent: selenium/4.1.2 (java windows)
host: localhost:62334
accept: */*

Response DefaultHttpResponse(decodeResult: success, version: HTTP/1.1)
HTTP/1.1 200 OK
Content-Type: application/json; charset=UTF-8
content-length: 428

20:39:34.611 [AsyncHttpClient-1-4] DEBUG org.asynchttpclient.netty.channel.ChannelManager - Adding key: http://localhost:62334 for channel [id: 0xfacdab9e, L:/127.0.0.1:62343 - R:localhost/127.0.0.1:62334]
20:39:34.624 [AsyncHttpClient-1-5] DEBUG org.asynchttpclient.netty.channel.NettyConnectListener - Using new Channel '[id: 0xcc07fa3a, L:/127.0.0.1:62344 - R:localhost/127.0.0.1:62334]' for 'GET' to '/devtools/browser/470bd860-f087-4439-a9a5-1fece2390e9e'
20:39:34.626 [AsyncHttpClient-1-5] DEBUG org.asynchttpclient.netty.handler.WebSocketHandler - 

Request DefaultFullHttpRequest(decodeResult: success, version: HTTP/1.1, content: EmptyByteBufBE)
GET /devtools/browser/470bd860-f087-4439-a9a5-1fece2390e9e HTTP/1.1
upgrade: websocket
connection: upgrade
sec-websocket-key: mWHw40XDY/W+D2j6yUmBoQ==
sec-websocket-version: 13
origin: http://localhost:62334
host: localhost:62334
accept: */*
user-agent: AHC/2.1

Response DefaultHttpResponse(decodeResult: success, version: HTTP/1.1)
HTTP/1.1 101 WebSocket Protocol Handshake
Upgrade: WebSocket
Connection: Upgrade
Sec-WebSocket-Accept: lSeOV4yVKetYlY/JQGB1h2ibvzY=

20:39:34.645 [Forwarding get on session 512cd927dc9d73ec77ed721ea07fdbcf to remote] DEBUG org.asynchttpclient.netty.request.NettyRequestSender - Using pooled Channel '[id: 0x39074e66, L:/127.0.0.1:62332 - R:localhost/127.0.0.1:64205]' for 'POST' to 'http://localhost:64205/session/512cd927dc9d73ec77ed721ea07fdbcf/url'
20:39:34.645 [Forwarding get on session 512cd927dc9d73ec77ed721ea07fdbcf to remote] DEBUG org.asynchttpclient.netty.request.NettyRequestSender - Using open Channel [id: 0x39074e66, L:/127.0.0.1:62332 - R:localhost/127.0.0.1:64205] for POST '/session/512cd927dc9d73ec77ed721ea07fdbcf/url'
20:39:35.292 [AsyncHttpClient-1-1] DEBUG org.asynchttpclient.netty.channel.DefaultChannelPool - Entry count for : http://localhost:62334 : 1
20:39:36.167 [AsyncHttpClient-1-3] DEBUG org.asynchttpclient.netty.handler.HttpHandler - 

Request DefaultHttpRequest(decodeResult: success, version: HTTP/1.1)
POST /session/512cd927dc9d73ec77ed721ea07fdbcf/url HTTP/1.1
User-Agent: selenium/4.1.2 (java windows)
Content-Length: 84
Content-Type: application/json; charset=utf-8
host: localhost:64205
accept: */*

Response DefaultHttpResponse(decodeResult: success, version: HTTP/1.1)
HTTP/1.1 200 OK
Content-Type: application/json; charset=utf-8
cache-control: no-cache
content-length: 14

20:39:36.167 [AsyncHttpClient-1-3] DEBUG org.asynchttpclient.netty.channel.ChannelManager - Adding key: http://localhost:64205 for channel [id: 0x39074e66, L:/127.0.0.1:62332 - R:localhost/127.0.0.1:64205]
20:39:36.167 [Forwarding setTimeout on session 512cd927dc9d73ec77ed721ea07fdbcf to remote] DEBUG org.asynchttpclient.netty.request.NettyRequestSender - Using pooled Channel '[id: 0x39074e66, L:/127.0.0.1:62332 - R:localhost/127.0.0.1:64205]' for 'POST' to 'http://localhost:64205/session/512cd927dc9d73ec77ed721ea07fdbcf/timeouts'
20:39:36.167 [Forwarding setTimeout on session 512cd927dc9d73ec77ed721ea07fdbcf to remote] DEBUG org.asynchttpclient.netty.request.NettyRequestSender - Using open Channel [id: 0x39074e66, L:/127.0.0.1:62332 - R:localhost/127.0.0.1:64205] for POST '/session/512cd927dc9d73ec77ed721ea07fdbcf/timeouts'
20:39:36.198 [AsyncHttpClient-1-3] DEBUG org.asynchttpclient.netty.handler.HttpHandler - 

Request DefaultHttpRequest(decodeResult: success, version: HTTP/1.1)
POST /session/512cd927dc9d73ec77ed721ea07fdbcf/timeouts HTTP/1.1
User-Agent: selenium/4.1.2 (java windows)
Content-Length: 22
Content-Type: application/json; charset=utf-8
host: localhost:64205
accept: */*

Response DefaultHttpResponse(decodeResult: success, version: HTTP/1.1)
HTTP/1.1 200 OK
Content-Type: application/json; charset=utf-8
cache-control: no-cache
content-length: 14

20:39:36.198 [AsyncHttpClient-1-3] DEBUG org.asynchttpclient.netty.channel.ChannelManager - Adding key: http://localhost:64205 for channel [id: 0x39074e66, L:/127.0.0.1:62332 - R:localhost/127.0.0.1:64205]
20:39:36.198 [Forwarding getCurrentUrl on session 512cd927dc9d73ec77ed721ea07fdbcf to remote] DEBUG org.asynchttpclient.netty.request.NettyRequestSender - Using pooled Channel '[id: 0x39074e66, L:/127.0.0.1:62332 - R:localhost/127.0.0.1:64205]' for 'GET' to 'http://localhost:64205/session/512cd927dc9d73ec77ed721ea07fdbcf/url'
20:39:36.198 [Forwarding getCurrentUrl on session 512cd927dc9d73ec77ed721ea07fdbcf to remote] DEBUG org.asynchttpclient.netty.request.NettyRequestSender - Using open Channel [id: 0x39074e66, L:/127.0.0.1:62332 - R:localhost/127.0.0.1:64205] for GET '/session/512cd927dc9d73ec77ed721ea07fdbcf/url'
20:39:36.229 [AsyncHttpClient-1-3] DEBUG org.asynchttpclient.netty.handler.HttpHandler - 

Request DefaultFullHttpRequest(decodeResult: success, version: HTTP/1.1, content: EmptyByteBufBE)
GET /session/512cd927dc9d73ec77ed721ea07fdbcf/url HTTP/1.1
User-Agent: selenium/4.1.2 (java windows)
Cache-Control: no-cache
Content-Type: application/json; charset=utf-8
host: localhost:64205
accept: */*

Response DefaultHttpResponse(decodeResult: success, version: HTTP/1.1)
HTTP/1.1 200 OK
Content-Type: application/json; charset=utf-8
cache-control: no-cache
content-length: 66

20:39:36.229 [AsyncHttpClient-1-3] DEBUG org.asynchttpclient.netty.channel.ChannelManager - Adding key: http://localhost:64205 for channel [id: 0x39074e66, L:/127.0.0.1:62332 - R:localhost/127.0.0.1:64205]
20:39:36.245 [Forwarding screenshot on session 512cd927dc9d73ec77ed721ea07fdbcf to remote] DEBUG org.asynchttpclient.netty.request.NettyRequestSender - Using pooled Channel '[id: 0x39074e66, L:/127.0.0.1:62332 - R:localhost/127.0.0.1:64205]' for 'GET' to 'http://localhost:64205/session/512cd927dc9d73ec77ed721ea07fdbcf/screenshot'
20:39:36.245 [Forwarding screenshot on session 512cd927dc9d73ec77ed721ea07fdbcf to remote] DEBUG org.asynchttpclient.netty.request.NettyRequestSender - Using open Channel [id: 0x39074e66, L:/127.0.0.1:62332 - R:localhost/127.0.0.1:64205] for GET '/session/512cd927dc9d73ec77ed721ea07fdbcf/screenshot'
20:39:36.390 [AsyncHttpClient-1-1] DEBUG org.asynchttpclient.netty.channel.DefaultChannelPool - Entry count for : http://localhost:62334 : 1
20:39:37.243 [AsyncHttpClient-1-3] DEBUG org.asynchttpclient.netty.handler.HttpHandler - 

Request DefaultFullHttpRequest(decodeResult: success, version: HTTP/1.1, content: EmptyByteBufBE)
GET /session/512cd927dc9d73ec77ed721ea07fdbcf/screenshot HTTP/1.1
User-Agent: selenium/4.1.2 (java windows)
Cache-Control: no-cache
Content-Type: application/json; charset=utf-8
host: localhost:64205
accept: */*

Response DefaultHttpResponse(decodeResult: success, version: HTTP/1.1)
HTTP/1.1 200 OK
Content-Type: application/json; charset=utf-8
cache-control: no-cache
content-length: 82016

20:39:37.243 [AsyncHttpClient-1-3] DEBUG org.asynchttpclient.netty.channel.ChannelManager - Adding key: http://localhost:64205 for channel [id: 0x39074e66, L:/127.0.0.1:62332 - R:localhost/127.0.0.1:64205]
20:39:37.258 [main] DEBUG net.serenitybdd.core.photography.Darkroom - Send negative for processing for target\site\serenity\71cea07e682f0d3b3dc5739d7f35b5ab5f8323d9e2f6d9aab76a8d2c0bde9ea6.png
20:39:37.258 [main] DEBUG net.thucydides.core.steps.StepInterceptor - STEP DONE: openDataPasien
  &amp#27;[32mGiven &amp#27;[0m&amp#27;[32mOpen page data pasien&amp#27;[0m                                                   &amp#27;[90m# starter.stepdefinitios.PatientDataSteps.openPageDataPasien()&amp#27;[0m
20:39:37.258 [Darkroom Processing Line] DEBUG net.serenitybdd.core.photography.DarkroomProcessingLine - Processing screenshot image in /var/screenshots/screenshot-13032418984284555594
20:39:37.258 [Darkroom Processing Line] DEBUG net.serenitybdd.core.photography.DarkroomProcessingLine - Saving screenshot to target\site\serenity\71cea07e682f0d3b3dc5739d7f35b5ab5f8323d9e2f6d9aab76a8d2c0bde9ea6.png
20:39:37.289 [main] DEBUG net.thucydides.core.steps.StepInterceptor - STARTING STEP: PatientDataSteps.clickDetailPatientData - clickButtonDetail
20:39:37.305 [Forwarding findElement on session 512cd927dc9d73ec77ed721ea07fdbcf to remote] DEBUG org.asynchttpclient.netty.request.NettyRequestSender - Using pooled Channel '[id: 0x39074e66, L:/127.0.0.1:62332 - R:localhost/127.0.0.1:64205]' for 'POST' to 'http://localhost:64205/session/512cd927dc9d73ec77ed721ea07fdbcf/element'
20:39:37.305 [Forwarding findElement on session 512cd927dc9d73ec77ed721ea07fdbcf to remote] DEBUG org.asynchttpclient.netty.request.NettyRequestSender - Using open Channel [id: 0x39074e66, L:/127.0.0.1:62332 - R:localhost/127.0.0.1:64205] for POST '/session/512cd927dc9d73ec77ed721ea07fdbcf/element'
20:39:37.321 [AsyncHttpClient-1-3] DEBUG org.asynchttpclient.netty.handler.HttpHandler - 

Request DefaultHttpRequest(decodeResult: success, version: HTTP/1.1)
POST /session/512cd927dc9d73ec77ed721ea07fdbcf/element HTTP/1.1
User-Agent: selenium/4.1.2 (java windows)
Content-Length: 92
Content-Type: application/json; charset=utf-8
host: localhost:64205
accept: */*

Response DefaultHttpResponse(decodeResult: success, version: HTTP/1.1)
HTTP/1.1 200 OK
Content-Type: application/json; charset=utf-8
cache-control: no-cache
content-length: 88

20:39:37.336 [AsyncHttpClient-1-3] DEBUG org.asynchttpclient.netty.channel.ChannelManager - Adding key: http://localhost:64205 for channel [id: 0x39074e66, L:/127.0.0.1:62332 - R:localhost/127.0.0.1:64205]
20:39:37.336 [Forwarding getElementTagName on session 512cd927dc9d73ec77ed721ea07fdbcf to remote] DEBUG org.asynchttpclient.netty.request.NettyRequestSender - Using pooled Channel '[id: 0x39074e66, L:/127.0.0.1:62332 - R:localhost/127.0.0.1:64205]' for 'GET' to 'http://localhost:64205/session/512cd927dc9d73ec77ed721ea07fdbcf/element/b73632fc-fa60-4bad-aba1-716a2c942ab9/name'
20:39:37.336 [Forwarding getElementTagName on session 512cd927dc9d73ec77ed721ea07fdbcf to remote] DEBUG org.asynchttpclient.netty.request.NettyRequestSender - Using open Channel [id: 0x39074e66, L:/127.0.0.1:62332 - R:localhost/127.0.0.1:64205] for GET '/session/512cd927dc9d73ec77ed721ea07fdbcf/element/b73632fc-fa60-4bad-aba1-716a2c942ab9/name'
20:39:37.336 [AsyncHttpClient-1-3] DEBUG org.asynchttpclient.netty.handler.HttpHandler - 

Request DefaultFullHttpRequest(decodeResult: success, version: HTTP/1.1, content: EmptyByteBufBE)
GET /session/512cd927dc9d73ec77ed721ea07fdbcf/element/b73632fc-fa60-4bad-aba1-716a2c942ab9/name HTTP/1.1
User-Agent: selenium/4.1.2 (java windows)
Cache-Control: no-cache
Content-Type: application/json; charset=utf-8
host: localhost:64205
accept: */*

Response DefaultHttpResponse(decodeResult: success, version: HTTP/1.1)
HTTP/1.1 200 OK
Content-Type: application/json; charset=utf-8
cache-control: no-cache
content-length: 15

20:39:37.336 [AsyncHttpClient-1-3] DEBUG org.asynchttpclient.netty.channel.ChannelManager - Adding key: http://localhost:64205 for channel [id: 0x39074e66, L:/127.0.0.1:62332 - R:localhost/127.0.0.1:64205]
20:39:37.336 [Forwarding getElementTagName on session 512cd927dc9d73ec77ed721ea07fdbcf to remote] DEBUG org.asynchttpclient.netty.request.NettyRequestSender - Using pooled Channel '[id: 0x39074e66, L:/127.0.0.1:62332 - R:localhost/127.0.0.1:64205]' for 'GET' to 'http://localhost:64205/session/512cd927dc9d73ec77ed721ea07fdbcf/element/b73632fc-fa60-4bad-aba1-716a2c942ab9/name'
20:39:37.336 [Forwarding getElementTagName on session 512cd927dc9d73ec77ed721ea07fdbcf to remote] DEBUG org.asynchttpclient.netty.request.NettyRequestSender - Using open Channel [id: 0x39074e66, L:/127.0.0.1:62332 - R:localhost/127.0.0.1:64205] for GET '/session/512cd927dc9d73ec77ed721ea07fdbcf/element/b73632fc-fa60-4bad-aba1-716a2c942ab9/name'
20:39:37.352 [AsyncHttpClient-1-3] DEBUG org.asynchttpclient.netty.handler.HttpHandler - 

Request DefaultFullHttpRequest(decodeResult: success, version: HTTP/1.1, content: EmptyByteBufBE)
GET /session/512cd927dc9d73ec77ed721ea07fdbcf/element/b73632fc-fa60-4bad-aba1-716a2c942ab9/name HTTP/1.1
User-Agent: selenium/4.1.2 (java windows)
Cache-Control: no-cache
Content-Type: application/json; charset=utf-8
host: localhost:64205
accept: */*

Response DefaultHttpResponse(decodeResult: success, version: HTTP/1.1)
HTTP/1.1 200 OK
Content-Type: application/json; charset=utf-8
cache-control: no-cache
content-length: 15

20:39:37.352 [AsyncHttpClient-1-3] DEBUG org.asynchttpclient.netty.channel.ChannelManager - Adding key: http://localhost:64205 for channel [id: 0x39074e66, L:/127.0.0.1:62332 - R:localhost/127.0.0.1:64205]
20:39:37.352 [Forwarding findElement on session 512cd927dc9d73ec77ed721ea07fdbcf to remote] DEBUG org.asynchttpclient.netty.request.NettyRequestSender - Using pooled Channel '[id: 0x39074e66, L:/127.0.0.1:62332 - R:localhost/127.0.0.1:64205]' for 'POST' to 'http://localhost:64205/session/512cd927dc9d73ec77ed721ea07fdbcf/element'
20:39:37.352 [Forwarding findElement on session 512cd927dc9d73ec77ed721ea07fdbcf to remote] DEBUG org.asynchttpclient.netty.request.NettyRequestSender - Using open Channel [id: 0x39074e66, L:/127.0.0.1:62332 - R:localhost/127.0.0.1:64205] for POST '/session/512cd927dc9d73ec77ed721ea07fdbcf/element'
20:39:37.368 [AsyncHttpClient-1-3] DEBUG org.asynchttpclient.netty.handler.HttpHandler - 

Request DefaultHttpRequest(decodeResult: success, version: HTTP/1.1)
POST /session/512cd927dc9d73ec77ed721ea07fdbcf/element HTTP/1.1
User-Agent: selenium/4.1.2 (java windows)
Content-Length: 92
Content-Type: application/json; charset=utf-8
host: localhost:64205
accept: */*

Response DefaultHttpResponse(decodeResult: success, version: HTTP/1.1)
HTTP/1.1 200 OK
Content-Type: application/json; charset=utf-8
cache-control: no-cache
content-length: 88

20:39:37.368 [AsyncHttpClient-1-3] DEBUG org.asynchttpclient.netty.channel.ChannelManager - Adding key: http://localhost:64205 for channel [id: 0x39074e66, L:/127.0.0.1:62332 - R:localhost/127.0.0.1:64205]
20:39:37.368 [Forwarding clickElement on session 512cd927dc9d73ec77ed721ea07fdbcf to remote] DEBUG org.asynchttpclient.netty.request.NettyRequestSender - Using pooled Channel '[id: 0x39074e66, L:/127.0.0.1:62332 - R:localhost/127.0.0.1:64205]' for 'POST' to 'http://localhost:64205/session/512cd927dc9d73ec77ed721ea07fdbcf/element/b73632fc-fa60-4bad-aba1-716a2c942ab9/click'
20:39:37.368 [Forwarding clickElement on session 512cd927dc9d73ec77ed721ea07fdbcf to remote] DEBUG org.asynchttpclient.netty.request.NettyRequestSender - Using open Channel [id: 0x39074e66, L:/127.0.0.1:62332 - R:localhost/127.0.0.1:64205] for POST '/session/512cd927dc9d73ec77ed721ea07fdbcf/element/b73632fc-fa60-4bad-aba1-716a2c942ab9/click'
20:39:37.497 [AsyncHttpClient-1-1] DEBUG org.asynchttpclient.netty.channel.DefaultChannelPool - Entry count for : http://localhost:62334 : 1
20:39:37.702 [AsyncHttpClient-1-3] DEBUG org.asynchttpclient.netty.handler.HttpHandler - 

Request DefaultHttpRequest(decodeResult: success, version: HTTP/1.1)
POST /session/512cd927dc9d73ec77ed721ea07fdbcf/element/b73632fc-fa60-4bad-aba1-716a2c942ab9/click HTTP/1.1
User-Agent: selenium/4.1.2 (java windows)
Content-Length: 50
Content-Type: application/json; charset=utf-8
host: localhost:64205
accept: */*

Response DefaultHttpResponse(decodeResult: success, version: HTTP/1.1)
HTTP/1.1 200 OK
Content-Type: application/json; charset=utf-8
cache-control: no-cache
content-length: 14

20:39:37.702 [AsyncHttpClient-1-3] DEBUG org.asynchttpclient.netty.channel.ChannelManager - Adding key: http://localhost:64205 for channel [id: 0x39074e66, L:/127.0.0.1:62332 - R:localhost/127.0.0.1:64205]
20:39:37.718 [Forwarding screenshot on session 512cd927dc9d73ec77ed721ea07fdbcf to remote] DEBUG org.asynchttpclient.netty.request.NettyRequestSender - Using pooled Channel '[id: 0x39074e66, L:/127.0.0.1:62332 - R:localhost/127.0.0.1:64205]' for 'GET' to 'http://localhost:64205/session/512cd927dc9d73ec77ed721ea07fdbcf/screenshot'
20:39:37.718 [Forwarding screenshot on session 512cd927dc9d73ec77ed721ea07fdbcf to remote] DEBUG org.asynchttpclient.netty.request.NettyRequestSender - Using open Channel [id: 0x39074e66, L:/127.0.0.1:62332 - R:localhost/127.0.0.1:64205] for GET '/session/512cd927dc9d73ec77ed721ea07fdbcf/screenshot'
20:39:38.505 [AsyncHttpClient-1-3] DEBUG org.asynchttpclient.netty.handler.HttpHandler - 

Request DefaultFullHttpRequest(decodeResult: success, version: HTTP/1.1, content: EmptyByteBufBE)
GET /session/512cd927dc9d73ec77ed721ea07fdbcf/screenshot HTTP/1.1
User-Agent: selenium/4.1.2 (java windows)
Cache-Control: no-cache
Content-Type: application/json; charset=utf-8
host: localhost:64205
accept: */*

Response DefaultHttpResponse(decodeResult: success, version: HTTP/1.1)
HTTP/1.1 200 OK
Content-Type: application/json; charset=utf-8
cache-control: no-cache
content-length: 399656

20:39:38.505 [AsyncHttpClient-1-3] DEBUG org.asynchttpclient.netty.channel.ChannelManager - Adding key: http://localhost:64205 for channel [id: 0x39074e66, L:/127.0.0.1:62332 - R:localhost/127.0.0.1:64205]
20:39:38.521 [main] DEBUG net.serenitybdd.core.photography.Darkroom - Send negative for processing for target\site\serenity\36277deb8c85d903783225e0a866206dceeb908cf0cf1504afe2f69cf216c1e3.png
20:39:38.521 [main] DEBUG net.thucydides.core.steps.StepInterceptor - STEP DONE: clickButtonDetail
  &amp#27;[32mAnd &amp#27;[0m&amp#27;[32mClick Detail Patient data&amp#27;[0m                                                 &amp#27;[90m# starter.stepdefinitios.PatientDataSteps.clickDetailPatientData()&amp#27;[0m
20:39:38.521 [Darkroom Processing Line] DEBUG net.serenitybdd.core.photography.DarkroomProcessingLine - Processing screenshot image in /var/screenshots/screenshot-103711733121295341
20:39:38.521 [Darkroom Processing Line] DEBUG net.serenitybdd.core.photography.DarkroomProcessingLine - Saving screenshot to target\site\serenity\36277deb8c85d903783225e0a866206dceeb908cf0cf1504afe2f69cf216c1e3.png
20:39:38.599 [AsyncHttpClient-1-1] DEBUG org.asynchttpclient.netty.channel.DefaultChannelPool - Entry count for : http://localhost:64205 : 1
20:39:38.599 [AsyncHttpClient-1-1] DEBUG org.asynchttpclient.netty.channel.DefaultChannelPool - Entry count for : http://localhost:62334 : 1
20:39:39.058 [Forwarding screenshot on session 512cd927dc9d73ec77ed721ea07fdbcf to remote] DEBUG org.asynchttpclient.netty.request.NettyRequestSender - Using pooled Channel '[id: 0x39074e66, L:/127.0.0.1:62332 - R:localhost/127.0.0.1:64205]' for 'GET' to 'http://localhost:64205/session/512cd927dc9d73ec77ed721ea07fdbcf/screenshot'
20:39:39.058 [Forwarding screenshot on session 512cd927dc9d73ec77ed721ea07fdbcf to remote] DEBUG org.asynchttpclient.netty.request.NettyRequestSender - Using open Channel [id: 0x39074e66, L:/127.0.0.1:62332 - R:localhost/127.0.0.1:64205] for GET '/session/512cd927dc9d73ec77ed721ea07fdbcf/screenshot'
20:39:39.384 [AsyncHttpClient-1-3] DEBUG org.asynchttpclient.netty.handler.HttpHandler - 

Request DefaultFullHttpRequest(decodeResult: success, version: HTTP/1.1, content: EmptyByteBufBE)
GET /session/512cd927dc9d73ec77ed721ea07fdbcf/screenshot HTTP/1.1
User-Agent: selenium/4.1.2 (java windows)
Cache-Control: no-cache
Content-Type: application/json; charset=utf-8
host: localhost:64205
accept: */*

Response DefaultHttpResponse(decodeResult: success, version: HTTP/1.1)
HTTP/1.1 200 OK
Content-Type: application/json; charset=utf-8
cache-control: no-cache
content-length: 399380

20:39:39.384 [AsyncHttpClient-1-3] DEBUG org.asynchttpclient.netty.channel.ChannelManager - Adding key: http://localhost:64205 for channel [id: 0x39074e66, L:/127.0.0.1:62332 - R:localhost/127.0.0.1:64205]
20:39:39.399 [main] DEBUG net.serenitybdd.core.photography.Darkroom - Send negative for processing for target\site\serenity\973190b59e8c4207a5843655f184d26d3cc8fff4539b23757f8482b1e334428d.png
20:39:39.415 [main] DEBUG net.thucydides.core.steps.StepInterceptor - STARTING STEP: PatientDataSteps.validData - checkValidDataPasien
20:39:39.415 [Darkroom Processing Line] DEBUG net.serenitybdd.core.photography.DarkroomProcessingLine - Processing screenshot image in /var/screenshots/screenshot-10482478575753682555
20:39:39.415 [Darkroom Processing Line] DEBUG net.serenitybdd.core.photography.DarkroomProcessingLine - Saving screenshot to target\site\serenity\973190b59e8c4207a5843655f184d26d3cc8fff4539b23757f8482b1e334428d.png
20:39:39.415 [Forwarding findElement on session 512cd927dc9d73ec77ed721ea07fdbcf to remote] DEBUG org.asynchttpclient.netty.request.NettyRequestSender - Using pooled Channel '[id: 0x39074e66, L:/127.0.0.1:62332 - R:localhost/127.0.0.1:64205]' for 'POST' to 'http://localhost:64205/session/512cd927dc9d73ec77ed721ea07fdbcf/element'
20:39:39.415 [Forwarding findElement on session 512cd927dc9d73ec77ed721ea07fdbcf to remote] DEBUG org.asynchttpclient.netty.request.NettyRequestSender - Using open Channel [id: 0x39074e66, L:/127.0.0.1:62332 - R:localhost/127.0.0.1:64205] for POST '/session/512cd927dc9d73ec77ed721ea07fdbcf/element'
20:39:39.446 [AsyncHttpClient-1-3] DEBUG org.asynchttpclient.netty.handler.HttpHandler - 

Request DefaultHttpRequest(decodeResult: success, version: HTTP/1.1)
POST /session/512cd927dc9d73ec77ed721ea07fdbcf/element HTTP/1.1
User-Agent: selenium/4.1.2 (java windows)
Content-Length: 95
Content-Type: application/json; charset=utf-8
host: localhost:64205
accept: */*

Response DefaultHttpResponse(decodeResult: success, version: HTTP/1.1)
HTTP/1.1 200 OK
Content-Type: application/json; charset=utf-8
cache-control: no-cache
content-length: 88

20:39:39.446 [AsyncHttpClient-1-3] DEBUG org.asynchttpclient.netty.channel.ChannelManager - Adding key: http://localhost:64205 for channel [id: 0x39074e66, L:/127.0.0.1:62332 - R:localhost/127.0.0.1:64205]
20:39:39.446 [Forwarding isElementEnabled on session 512cd927dc9d73ec77ed721ea07fdbcf to remote] DEBUG org.asynchttpclient.netty.request.NettyRequestSender - Using pooled Channel '[id: 0x39074e66, L:/127.0.0.1:62332 - R:localhost/127.0.0.1:64205]' for 'GET' to 'http://localhost:64205/session/512cd927dc9d73ec77ed721ea07fdbcf/element/26942d6d-384a-423e-a8e5-5b2f84e01944/enabled'
20:39:39.446 [Forwarding isElementEnabled on session 512cd927dc9d73ec77ed721ea07fdbcf to remote] DEBUG org.asynchttpclient.netty.request.NettyRequestSender - Using open Channel [id: 0x39074e66, L:/127.0.0.1:62332 - R:localhost/127.0.0.1:64205] for GET '/session/512cd927dc9d73ec77ed721ea07fdbcf/element/26942d6d-384a-423e-a8e5-5b2f84e01944/enabled'
20:39:39.462 [AsyncHttpClient-1-3] DEBUG org.asynchttpclient.netty.handler.HttpHandler - 

Request DefaultFullHttpRequest(decodeResult: success, version: HTTP/1.1, content: EmptyByteBufBE)
GET /session/512cd927dc9d73ec77ed721ea07fdbcf/element/26942d6d-384a-423e-a8e5-5b2f84e01944/enabled HTTP/1.1
User-Agent: selenium/4.1.2 (java windows)
Cache-Control: no-cache
Content-Type: application/json; charset=utf-8
host: localhost:64205
accept: */*

Response DefaultHttpResponse(decodeResult: success, version: HTTP/1.1)
HTTP/1.1 200 OK
Content-Type: application/json; charset=utf-8
cache-control: no-cache
content-length: 14

20:39:39.462 [AsyncHttpClient-1-3] DEBUG org.asynchttpclient.netty.channel.ChannelManager - Adding key: http://localhost:64205 for channel [id: 0x39074e66, L:/127.0.0.1:62332 - R:localhost/127.0.0.1:64205]
20:39:39.477 [Forwarding screenshot on session 512cd927dc9d73ec77ed721ea07fdbcf to remote] DEBUG org.asynchttpclient.netty.request.NettyRequestSender - Using pooled Channel '[id: 0x39074e66, L:/127.0.0.1:62332 - R:localhost/127.0.0.1:64205]' for 'GET' to 'http://localhost:64205/session/512cd927dc9d73ec77ed721ea07fdbcf/screenshot'
20:39:39.477 [Forwarding screenshot on session 512cd927dc9d73ec77ed721ea07fdbcf to remote] DEBUG org.asynchttpclient.netty.request.NettyRequestSender - Using open Channel [id: 0x39074e66, L:/127.0.0.1:62332 - R:localhost/127.0.0.1:64205] for GET '/session/512cd927dc9d73ec77ed721ea07fdbcf/screenshot'
20:39:39.688 [AsyncHttpClient-1-1] DEBUG org.asynchttpclient.netty.channel.DefaultChannelPool - Entry count for : http://localhost:62334 : 1
20:39:39.813 [AsyncHttpClient-1-3] DEBUG org.asynchttpclient.netty.handler.HttpHandler - 

Request DefaultFullHttpRequest(decodeResult: success, version: HTTP/1.1, content: EmptyByteBufBE)
GET /session/512cd927dc9d73ec77ed721ea07fdbcf/screenshot HTTP/1.1
User-Agent: selenium/4.1.2 (java windows)
Cache-Control: no-cache
Content-Type: application/json; charset=utf-8
host: localhost:64205
accept: */*

Response DefaultHttpResponse(decodeResult: success, version: HTTP/1.1)
HTTP/1.1 200 OK
Content-Type: application/json; charset=utf-8
cache-control: no-cache
content-length: 399380

20:39:39.813 [AsyncHttpClient-1-3] DEBUG org.asynchttpclient.netty.channel.ChannelManager - Adding key: http://localhost:64205 for channel [id: 0x39074e66, L:/127.0.0.1:62332 - R:localhost/127.0.0.1:64205]
20:39:39.845 [main] DEBUG net.serenitybdd.core.photography.Darkroom - Send negative for processing for target\site\serenity\973190b59e8c4207a5843655f184d26d3cc8fff4539b23757f8482b1e334428d.png
20:39:39.845 [main] DEBUG net.thucydides.core.steps.StepInterceptor - STEP DONE: checkValidDataPasien
  &amp#27;[32mWhen &amp#27;[0m&amp#27;[32mValid data detail pasien&amp#27;[0m                                                 &amp#27;[90m# starter.stepdefinitios.PatientDataSteps.validData()&amp#27;[0m
20:39:39.876 [main] DEBUG net.thucydides.core.steps.StepInterceptor - STARTING STEP: PatientDataSteps.clickButtonEditProfil - clickButtonEditDataPasien
20:39:39.876 [Forwarding findElement on session 512cd927dc9d73ec77ed721ea07fdbcf to remote] DEBUG org.asynchttpclient.netty.request.NettyRequestSender - Using pooled Channel '[id: 0x39074e66, L:/127.0.0.1:62332 - R:localhost/127.0.0.1:64205]' for 'POST' to 'http://localhost:64205/session/512cd927dc9d73ec77ed721ea07fdbcf/element'
20:39:39.876 [Forwarding findElement on session 512cd927dc9d73ec77ed721ea07fdbcf to remote] DEBUG org.asynchttpclient.netty.request.NettyRequestSender - Using open Channel [id: 0x39074e66, L:/127.0.0.1:62332 - R:localhost/127.0.0.1:64205] for POST '/session/512cd927dc9d73ec77ed721ea07fdbcf/element'
20:39:39.907 [AsyncHttpClient-1-3] DEBUG org.asynchttpclient.netty.handler.HttpHandler - 

Request DefaultHttpRequest(decodeResult: success, version: HTTP/1.1)
POST /session/512cd927dc9d73ec77ed721ea07fdbcf/element HTTP/1.1
User-Agent: selenium/4.1.2 (java windows)
Content-Length: 116
Content-Type: application/json; charset=utf-8
host: localhost:64205
accept: */*

Response DefaultHttpResponse(decodeResult: success, version: HTTP/1.1)
HTTP/1.1 200 OK
Content-Type: application/json; charset=utf-8
cache-control: no-cache
content-length: 88

20:39:39.907 [AsyncHttpClient-1-3] DEBUG org.asynchttpclient.netty.channel.ChannelManager - Adding key: http://localhost:64205 for channel [id: 0x39074e66, L:/127.0.0.1:62332 - R:localhost/127.0.0.1:64205]
20:39:39.938 [Forwarding getElementTagName on session 512cd927dc9d73ec77ed721ea07fdbcf to remote] DEBUG org.asynchttpclient.netty.request.NettyRequestSender - Using pooled Channel '[id: 0x39074e66, L:/127.0.0.1:62332 - R:localhost/127.0.0.1:64205]' for 'GET' to 'http://localhost:64205/session/512cd927dc9d73ec77ed721ea07fdbcf/element/be8b16c2-1843-49a7-a31e-c2354d732874/name'
20:39:39.938 [Forwarding getElementTagName on session 512cd927dc9d73ec77ed721ea07fdbcf to remote] DEBUG org.asynchttpclient.netty.request.NettyRequestSender - Using open Channel [id: 0x39074e66, L:/127.0.0.1:62332 - R:localhost/127.0.0.1:64205] for GET '/session/512cd927dc9d73ec77ed721ea07fdbcf/element/be8b16c2-1843-49a7-a31e-c2354d732874/name'
20:39:39.970 [AsyncHttpClient-1-3] DEBUG org.asynchttpclient.netty.handler.HttpHandler - 

Request DefaultFullHttpRequest(decodeResult: success, version: HTTP/1.1, content: EmptyByteBufBE)
GET /session/512cd927dc9d73ec77ed721ea07fdbcf/element/be8b16c2-1843-49a7-a31e-c2354d732874/name HTTP/1.1
User-Agent: selenium/4.1.2 (java windows)
Cache-Control: no-cache
Content-Type: application/json; charset=utf-8
host: localhost:64205
accept: */*

Response DefaultHttpResponse(decodeResult: success, version: HTTP/1.1)
HTTP/1.1 200 OK
Content-Type: application/json; charset=utf-8
cache-control: no-cache
content-length: 18

20:39:39.970 [AsyncHttpClient-1-3] DEBUG org.asynchttpclient.netty.channel.ChannelManager - Adding key: http://localhost:64205 for channel [id: 0x39074e66, L:/127.0.0.1:62332 - R:localhost/127.0.0.1:64205]
20:39:39.970 [Forwarding getElementTagName on session 512cd927dc9d73ec77ed721ea07fdbcf to remote] DEBUG org.asynchttpclient.netty.request.NettyRequestSender - Using pooled Channel '[id: 0x39074e66, L:/127.0.0.1:62332 - R:localhost/127.0.0.1:64205]' for 'GET' to 'http://localhost:64205/session/512cd927dc9d73ec77ed721ea07fdbcf/element/be8b16c2-1843-49a7-a31e-c2354d732874/name'
20:39:39.970 [Forwarding getElementTagName on session 512cd927dc9d73ec77ed721ea07fdbcf to remote] DEBUG org.asynchttpclient.netty.request.NettyRequestSender - Using open Channel [id: 0x39074e66, L:/127.0.0.1:62332 - R:localhost/127.0.0.1:64205] for GET '/session/512cd927dc9d73ec77ed721ea07fdbcf/element/be8b16c2-1843-49a7-a31e-c2354d732874/name'
20:39:40.001 [AsyncHttpClient-1-3] DEBUG org.asynchttpclient.netty.handler.HttpHandler - 

Request DefaultFullHttpRequest(decodeResult: success, version: HTTP/1.1, content: EmptyByteBufBE)
GET /session/512cd927dc9d73ec77ed721ea07fdbcf/element/be8b16c2-1843-49a7-a31e-c2354d732874/name HTTP/1.1
User-Agent: selenium/4.1.2 (java windows)
Cache-Control: no-cache
Content-Type: application/json; charset=utf-8
host: localhost:64205
accept: */*

Response DefaultHttpResponse(decodeResult: success, version: HTTP/1.1)
HTTP/1.1 200 OK
Content-Type: application/json; charset=utf-8
cache-control: no-cache
content-length: 18

20:39:40.001 [AsyncHttpClient-1-3] DEBUG org.asynchttpclient.netty.channel.ChannelManager - Adding key: http://localhost:64205 for channel [id: 0x39074e66, L:/127.0.0.1:62332 - R:localhost/127.0.0.1:64205]
20:39:40.001 [Forwarding isElementEnabled on session 512cd927dc9d73ec77ed721ea07fdbcf to remote] DEBUG org.asynchttpclient.netty.request.NettyRequestSender - Using pooled Channel '[id: 0x39074e66, L:/127.0.0.1:62332 - R:localhost/127.0.0.1:64205]' for 'GET' to 'http://localhost:64205/session/512cd927dc9d73ec77ed721ea07fdbcf/element/be8b16c2-1843-49a7-a31e-c2354d732874/enabled'
20:39:40.001 [Forwarding isElementEnabled on session 512cd927dc9d73ec77ed721ea07fdbcf to remote] DEBUG org.asynchttpclient.netty.request.NettyRequestSender - Using open Channel [id: 0x39074e66, L:/127.0.0.1:62332 - R:localhost/127.0.0.1:64205] for GET '/session/512cd927dc9d73ec77ed721ea07fdbcf/element/be8b16c2-1843-49a7-a31e-c2354d732874/enabled'
20:39:40.032 [AsyncHttpClient-1-3] DEBUG org.asynchttpclient.netty.handler.HttpHandler - 

Request DefaultFullHttpRequest(decodeResult: success, version: HTTP/1.1, content: EmptyByteBufBE)
GET /session/512cd927dc9d73ec77ed721ea07fdbcf/element/be8b16c2-1843-49a7-a31e-c2354d732874/enabled HTTP/1.1
User-Agent: selenium/4.1.2 (java windows)
Cache-Control: no-cache
Content-Type: application/json; charset=utf-8
host: localhost:64205
accept: */*

Response DefaultHttpResponse(decodeResult: success, version: HTTP/1.1)
HTTP/1.1 200 OK
Content-Type: application/json; charset=utf-8
cache-control: no-cache
content-length: 14

20:39:40.032 [AsyncHttpClient-1-3] DEBUG org.asynchttpclient.netty.channel.ChannelManager - Adding key: http://localhost:64205 for channel [id: 0x39074e66, L:/127.0.0.1:62332 - R:localhost/127.0.0.1:64205]
20:39:40.032 [Forwarding isElementEnabled on session 512cd927dc9d73ec77ed721ea07fdbcf to remote] DEBUG org.asynchttpclient.netty.request.NettyRequestSender - Using pooled Channel '[id: 0x39074e66, L:/127.0.0.1:62332 - R:localhost/127.0.0.1:64205]' for 'GET' to 'http://localhost:64205/session/512cd927dc9d73ec77ed721ea07fdbcf/element/be8b16c2-1843-49a7-a31e-c2354d732874/enabled'
20:39:40.032 [Forwarding isElementEnabled on session 512cd927dc9d73ec77ed721ea07fdbcf to remote] DEBUG org.asynchttpclient.netty.request.NettyRequestSender - Using open Channel [id: 0x39074e66, L:/127.0.0.1:62332 - R:localhost/127.0.0.1:64205] for GET '/session/512cd927dc9d73ec77ed721ea07fdbcf/element/be8b16c2-1843-49a7-a31e-c2354d732874/enabled'
20:39:40.048 [AsyncHttpClient-1-3] DEBUG org.asynchttpclient.netty.handler.HttpHandler - 

Request DefaultFullHttpRequest(decodeResult: success, version: HTTP/1.1, content: EmptyByteBufBE)
GET /session/512cd927dc9d73ec77ed721ea07fdbcf/element/be8b16c2-1843-49a7-a31e-c2354d732874/enabled HTTP/1.1
User-Agent: selenium/4.1.2 (java windows)
Cache-Control: no-cache
Content-Type: application/json; charset=utf-8
host: localhost:64205
accept: */*

Response DefaultHttpResponse(decodeResult: success, version: HTTP/1.1)
HTTP/1.1 200 OK
Content-Type: application/json; charset=utf-8
cache-control: no-cache
content-length: 14

20:39:40.048 [AsyncHttpClient-1-3] DEBUG org.asynchttpclient.netty.channel.ChannelManager - Adding key: http://localhost:64205 for channel [id: 0x39074e66, L:/127.0.0.1:62332 - R:localhost/127.0.0.1:64205]
20:39:40.048 [Forwarding findElement on session 512cd927dc9d73ec77ed721ea07fdbcf to remote] DEBUG org.asynchttpclient.netty.request.NettyRequestSender - Using pooled Channel '[id: 0x39074e66, L:/127.0.0.1:62332 - R:localhost/127.0.0.1:64205]' for 'POST' to 'http://localhost:64205/session/512cd927dc9d73ec77ed721ea07fdbcf/element'
20:39:40.048 [Forwarding findElement on session 512cd927dc9d73ec77ed721ea07fdbcf to remote] DEBUG org.asynchttpclient.netty.request.NettyRequestSender - Using open Channel [id: 0x39074e66, L:/127.0.0.1:62332 - R:localhost/127.0.0.1:64205] for POST '/session/512cd927dc9d73ec77ed721ea07fdbcf/element'
20:39:40.085 [AsyncHttpClient-1-3] DEBUG org.asynchttpclient.netty.handler.HttpHandler - 

Request DefaultHttpRequest(decodeResult: success, version: HTTP/1.1)
POST /session/512cd927dc9d73ec77ed721ea07fdbcf/element HTTP/1.1
User-Agent: selenium/4.1.2 (java windows)
Content-Length: 116
Content-Type: application/json; charset=utf-8
host: localhost:64205
accept: */*

Response DefaultHttpResponse(decodeResult: success, version: HTTP/1.1)
HTTP/1.1 200 OK
Content-Type: application/json; charset=utf-8
cache-control: no-cache
content-length: 88

20:39:40.085 [AsyncHttpClient-1-3] DEBUG org.asynchttpclient.netty.channel.ChannelManager - Adding key: http://localhost:64205 for channel [id: 0x39074e66, L:/127.0.0.1:62332 - R:localhost/127.0.0.1:64205]
20:39:40.087 [Forwarding clickElement on session 512cd927dc9d73ec77ed721ea07fdbcf to remote] DEBUG org.asynchttpclient.netty.request.NettyRequestSender - Using pooled Channel '[id: 0x39074e66, L:/127.0.0.1:62332 - R:localhost/127.0.0.1:64205]' for 'POST' to 'http://localhost:64205/session/512cd927dc9d73ec77ed721ea07fdbcf/element/be8b16c2-1843-49a7-a31e-c2354d732874/click'
20:39:40.087 [Forwarding clickElement on session 512cd927dc9d73ec77ed721ea07fdbcf to remote] DEBUG org.asynchttpclient.netty.request.NettyRequestSender - Using open Channel [id: 0x39074e66, L:/127.0.0.1:62332 - R:localhost/127.0.0.1:64205] for POST '/session/512cd927dc9d73ec77ed721ea07fdbcf/element/be8b16c2-1843-49a7-a31e-c2354d732874/click'
20:39:40.344 [AsyncHttpClient-1-3] DEBUG org.asynchttpclient.netty.handler.HttpHandler - 

Request DefaultHttpRequest(decodeResult: success, version: HTTP/1.1)
POST /session/512cd927dc9d73ec77ed721ea07fdbcf/element/be8b16c2-1843-49a7-a31e-c2354d732874/click HTTP/1.1
User-Agent: selenium/4.1.2 (java windows)
Content-Length: 50
Content-Type: application/json; charset=utf-8
host: localhost:64205
accept: */*

Response DefaultHttpResponse(decodeResult: success, version: HTTP/1.1)
HTTP/1.1 200 OK
Content-Type: application/json; charset=utf-8
cache-control: no-cache
content-length: 14

20:39:40.344 [AsyncHttpClient-1-3] DEBUG org.asynchttpclient.netty.channel.ChannelManager - Adding key: http://localhost:64205 for channel [id: 0x39074e66, L:/127.0.0.1:62332 - R:localhost/127.0.0.1:64205]
20:39:40.365 [Forwarding screenshot on session 512cd927dc9d73ec77ed721ea07fdbcf to remote] DEBUG org.asynchttpclient.netty.request.NettyRequestSender - Using pooled Channel '[id: 0x39074e66, L:/127.0.0.1:62332 - R:localhost/127.0.0.1:64205]' for 'GET' to 'http://localhost:64205/session/512cd927dc9d73ec77ed721ea07fdbcf/screenshot'
20:39:40.365 [Forwarding screenshot on session 512cd927dc9d73ec77ed721ea07fdbcf to remote] DEBUG org.asynchttpclient.netty.request.NettyRequestSender - Using open Channel [id: 0x39074e66, L:/127.0.0.1:62332 - R:localhost/127.0.0.1:64205] for GET '/session/512cd927dc9d73ec77ed721ea07fdbcf/screenshot'
20:39:40.740 [AsyncHttpClient-1-3] DEBUG org.asynchttpclient.netty.handler.HttpHandler - 

Request DefaultFullHttpRequest(decodeResult: success, version: HTTP/1.1, content: EmptyByteBufBE)
GET /session/512cd927dc9d73ec77ed721ea07fdbcf/screenshot HTTP/1.1
User-Agent: selenium/4.1.2 (java windows)
Cache-Control: no-cache
Content-Type: application/json; charset=utf-8
host: localhost:64205
accept: */*

Response DefaultHttpResponse(decodeResult: success, version: HTTP/1.1)
HTTP/1.1 200 OK
Content-Type: application/json; charset=utf-8
cache-control: no-cache
content-length: 402520

20:39:40.740 [AsyncHttpClient-1-3] DEBUG org.asynchttpclient.netty.channel.ChannelManager - Adding key: http://localhost:64205 for channel [id: 0x39074e66, L:/127.0.0.1:62332 - R:localhost/127.0.0.1:64205]
20:39:40.771 [main] DEBUG net.serenitybdd.core.photography.Darkroom - Send negative for processing for target\site\serenity\eb4f90afc7550c81c9c6068f61edc4325ca5fadfae76723e4cc2a4b89421522c.png
20:39:40.771 [main] DEBUG net.thucydides.core.steps.StepInterceptor - STEP DONE: clickButtonEditDataPasien
  &amp#27;[32mAnd &amp#27;[0m&amp#27;[32mClick button edit profil&amp#27;[0m                                                  &amp#27;[90m# starter.stepdefinitios.PatientDataSteps.clickButtonEditProfil()&amp#27;[0m
20:39:40.787 [Darkroom Processing Line] DEBUG net.serenitybdd.core.photography.DarkroomProcessingLine - Processing screenshot image in /var/screenshots/screenshot-6828996416233160437
20:39:40.787 [Darkroom Processing Line] DEBUG net.serenitybdd.core.photography.DarkroomProcessingLine - Saving screenshot to target\site\serenity\eb4f90afc7550c81c9c6068f61edc4325ca5fadfae76723e4cc2a4b89421522c.png
20:39:40.802 [AsyncHttpClient-1-1] DEBUG org.asynchttpclient.netty.channel.DefaultChannelPool - Entry count for : http://localhost:64205 : 1
20:39:40.802 [AsyncHttpClient-1-1] DEBUG org.asynchttpclient.netty.channel.DefaultChannelPool - Entry count for : http://localhost:62334 : 1
20:39:41.330 [Forwarding screenshot on session 512cd927dc9d73ec77ed721ea07fdbcf to remote] DEBUG org.asynchttpclient.netty.request.NettyRequestSender - Using pooled Channel '[id: 0x39074e66, L:/127.0.0.1:62332 - R:localhost/127.0.0.1:64205]' for 'GET' to 'http://localhost:64205/session/512cd927dc9d73ec77ed721ea07fdbcf/screenshot'
20:39:41.330 [Forwarding screenshot on session 512cd927dc9d73ec77ed721ea07fdbcf to remote] DEBUG org.asynchttpclient.netty.request.NettyRequestSender - Using open Channel [id: 0x39074e66, L:/127.0.0.1:62332 - R:localhost/127.0.0.1:64205] for GET '/session/512cd927dc9d73ec77ed721ea07fdbcf/screenshot'
20:39:41.652 [AsyncHttpClient-1-3] DEBUG org.asynchttpclient.netty.handler.HttpHandler - 

Request DefaultFullHttpRequest(decodeResult: success, version: HTTP/1.1, content: EmptyByteBufBE)
GET /session/512cd927dc9d73ec77ed721ea07fdbcf/screenshot HTTP/1.1
User-Agent: selenium/4.1.2 (java windows)
Cache-Control: no-cache
Content-Type: application/json; charset=utf-8
host: localhost:64205
accept: */*

Response DefaultHttpResponse(decodeResult: success, version: HTTP/1.1)
HTTP/1.1 200 OK
Content-Type: application/json; charset=utf-8
cache-control: no-cache
content-length: 402520

20:39:41.667 [AsyncHttpClient-1-3] DEBUG org.asynchttpclient.netty.channel.ChannelManager - Adding key: http://localhost:64205 for channel [id: 0x39074e66, L:/127.0.0.1:62332 - R:localhost/127.0.0.1:64205]
20:39:41.683 [main] DEBUG net.serenitybdd.core.photography.Darkroom - Send negative for processing for target\site\serenity\eb4f90afc7550c81c9c6068f61edc4325ca5fadfae76723e4cc2a4b89421522c.png
20:39:41.683 [main] DEBUG net.thucydides.core.steps.StepInterceptor - STARTING STEP: PatientDataSteps.iInputEditPatient - inputDataPasienEdit
20:39:41.699 [Forwarding findElement on session 512cd927dc9d73ec77ed721ea07fdbcf to remote] DEBUG org.asynchttpclient.netty.request.NettyRequestSender - Using pooled Channel '[id: 0x39074e66, L:/127.0.0.1:62332 - R:localhost/127.0.0.1:64205]' for 'POST' to 'http://localhost:64205/session/512cd927dc9d73ec77ed721ea07fdbcf/element'
20:39:41.699 [Forwarding findElement on session 512cd927dc9d73ec77ed721ea07fdbcf to remote] DEBUG org.asynchttpclient.netty.request.NettyRequestSender - Using open Channel [id: 0x39074e66, L:/127.0.0.1:62332 - R:localhost/127.0.0.1:64205] for POST '/session/512cd927dc9d73ec77ed721ea07fdbcf/element'
20:39:41.714 [AsyncHttpClient-1-3] DEBUG org.asynchttpclient.netty.handler.HttpHandler - 

Request DefaultHttpRequest(decodeResult: success, version: HTTP/1.1)
POST /session/512cd927dc9d73ec77ed721ea07fdbcf/element HTTP/1.1
User-Agent: selenium/4.1.2 (java windows)
Content-Length: 66
Content-Type: application/json; charset=utf-8
host: localhost:64205
accept: */*

Response DefaultHttpResponse(decodeResult: success, version: HTTP/1.1)
HTTP/1.1 200 OK
Content-Type: application/json; charset=utf-8
cache-control: no-cache
content-length: 88

20:39:41.714 [AsyncHttpClient-1-3] DEBUG org.asynchttpclient.netty.channel.ChannelManager - Adding key: http://localhost:64205 for channel [id: 0x39074e66, L:/127.0.0.1:62332 - R:localhost/127.0.0.1:64205]
20:39:41.714 [Forwarding sendKeysToElement on session 512cd927dc9d73ec77ed721ea07fdbcf to remote] DEBUG org.asynchttpclient.netty.request.NettyRequestSender - Using pooled Channel '[id: 0x39074e66, L:/127.0.0.1:62332 - R:localhost/127.0.0.1:64205]' for 'POST' to 'http://localhost:64205/session/512cd927dc9d73ec77ed721ea07fdbcf/element/0b0d0d21-09f1-433f-895a-2c667d5bed5d/value'
20:39:41.714 [Forwarding sendKeysToElement on session 512cd927dc9d73ec77ed721ea07fdbcf to remote] DEBUG org.asynchttpclient.netty.request.NettyRequestSender - Using open Channel [id: 0x39074e66, L:/127.0.0.1:62332 - R:localhost/127.0.0.1:64205] for POST '/session/512cd927dc9d73ec77ed721ea07fdbcf/element/0b0d0d21-09f1-433f-895a-2c667d5bed5d/value'
20:39:41.891 [AsyncHttpClient-1-1] DEBUG org.asynchttpclient.netty.channel.DefaultChannelPool - Entry count for : http://localhost:62334 : 1
20:39:42.090 [AsyncHttpClient-1-3] DEBUG org.asynchttpclient.netty.handler.HttpHandler - 

Request DefaultHttpRequest(decodeResult: success, version: HTTP/1.1)
POST /session/512cd927dc9d73ec77ed721ea07fdbcf/element/0b0d0d21-09f1-433f-895a-2c667d5bed5d/value HTTP/1.1
User-Agent: selenium/4.1.2 (java windows)
Content-Length: 169
Content-Type: application/json; charset=utf-8
host: localhost:64205
accept: */*

Response DefaultHttpResponse(decodeResult: success, version: HTTP/1.1)
HTTP/1.1 200 OK
Content-Type: application/json; charset=utf-8
cache-control: no-cache
content-length: 14

20:39:42.090 [AsyncHttpClient-1-3] DEBUG org.asynchttpclient.netty.channel.ChannelManager - Adding key: http://localhost:64205 for channel [id: 0x39074e66, L:/127.0.0.1:62332 - R:localhost/127.0.0.1:64205]
20:39:42.094 [Forwarding findElement on session 512cd927dc9d73ec77ed721ea07fdbcf to remote] DEBUG org.asynchttpclient.netty.request.NettyRequestSender - Using pooled Channel '[id: 0x39074e66, L:/127.0.0.1:62332 - R:localhost/127.0.0.1:64205]' for 'POST' to 'http://localhost:64205/session/512cd927dc9d73ec77ed721ea07fdbcf/element'
20:39:42.094 [Forwarding findElement on session 512cd927dc9d73ec77ed721ea07fdbcf to remote] DEBUG org.asynchttpclient.netty.request.NettyRequestSender - Using open Channel [id: 0x39074e66, L:/127.0.0.1:62332 - R:localhost/127.0.0.1:64205] for POST '/session/512cd927dc9d73ec77ed721ea07fdbcf/element'
20:39:42.108 [AsyncHttpClient-1-3] DEBUG org.asynchttpclient.netty.handler.HttpHandler - 

Request DefaultHttpRequest(decodeResult: success, version: HTTP/1.1)
POST /session/512cd927dc9d73ec77ed721ea07fdbcf/element HTTP/1.1
User-Agent: selenium/4.1.2 (java windows)
Content-Length: 66
Content-Type: application/json; charset=utf-8
host: localhost:64205
accept: */*

Response DefaultHttpResponse(decodeResult: success, version: HTTP/1.1)
HTTP/1.1 200 OK
Content-Type: application/json; charset=utf-8
cache-control: no-cache
content-length: 88

20:39:42.108 [AsyncHttpClient-1-3] DEBUG org.asynchttpclient.netty.channel.ChannelManager - Adding key: http://localhost:64205 for channel [id: 0x39074e66, L:/127.0.0.1:62332 - R:localhost/127.0.0.1:64205]
20:39:42.110 [Forwarding sendKeysToElement on session 512cd927dc9d73ec77ed721ea07fdbcf to remote] DEBUG org.asynchttpclient.netty.request.NettyRequestSender - Using pooled Channel '[id: 0x39074e66, L:/127.0.0.1:62332 - R:localhost/127.0.0.1:64205]' for 'POST' to 'http://localhost:64205/session/512cd927dc9d73ec77ed721ea07fdbcf/element/0b0d0d21-09f1-433f-895a-2c667d5bed5d/value'
20:39:42.110 [Forwarding sendKeysToElement on session 512cd927dc9d73ec77ed721ea07fdbcf to remote] DEBUG org.asynchttpclient.netty.request.NettyRequestSender - Using open Channel [id: 0x39074e66, L:/127.0.0.1:62332 - R:localhost/127.0.0.1:64205] for POST '/session/512cd927dc9d73ec77ed721ea07fdbcf/element/0b0d0d21-09f1-433f-895a-2c667d5bed5d/value'
20:39:42.325 [AsyncHttpClient-1-3] DEBUG org.asynchttpclient.netty.handler.HttpHandler - 

Request DefaultHttpRequest(decodeResult: success, version: HTTP/1.1)
POST /session/512cd927dc9d73ec77ed721ea07fdbcf/element/0b0d0d21-09f1-433f-895a-2c667d5bed5d/value HTTP/1.1
User-Agent: selenium/4.1.2 (java windows)
Content-Length: 131
Content-Type: application/json; charset=utf-8
host: localhost:64205
accept: */*

Response DefaultHttpResponse(decodeResult: success, version: HTTP/1.1)
HTTP/1.1 200 OK
Content-Type: application/json; charset=utf-8
cache-control: no-cache
content-length: 14

20:39:42.325 [AsyncHttpClient-1-3] DEBUG org.asynchttpclient.netty.channel.ChannelManager - Adding key: http://localhost:64205 for channel [id: 0x39074e66, L:/127.0.0.1:62332 - R:localhost/127.0.0.1:64205]
20:39:42.331 [Forwarding findElement on session 512cd927dc9d73ec77ed721ea07fdbcf to remote] DEBUG org.asynchttpclient.netty.request.NettyRequestSender - Using pooled Channel '[id: 0x39074e66, L:/127.0.0.1:62332 - R:localhost/127.0.0.1:64205]' for 'POST' to 'http://localhost:64205/session/512cd927dc9d73ec77ed721ea07fdbcf/element'
20:39:42.332 [Forwarding findElement on session 512cd927dc9d73ec77ed721ea07fdbcf to remote] DEBUG org.asynchttpclient.netty.request.NettyRequestSender - Using open Channel [id: 0x39074e66, L:/127.0.0.1:62332 - R:localhost/127.0.0.1:64205] for POST '/session/512cd927dc9d73ec77ed721ea07fdbcf/element'
20:39:42.356 [AsyncHttpClient-1-3] DEBUG org.asynchttpclient.netty.handler.HttpHandler - 

Request DefaultHttpRequest(decodeResult: success, version: HTTP/1.1)
POST /session/512cd927dc9d73ec77ed721ea07fdbcf/element HTTP/1.1
User-Agent: selenium/4.1.2 (java windows)
Content-Length: 65
Content-Type: application/json; charset=utf-8
host: localhost:64205
accept: */*

Response DefaultHttpResponse(decodeResult: success, version: HTTP/1.1)
HTTP/1.1 200 OK
Content-Type: application/json; charset=utf-8
cache-control: no-cache
content-length: 88

20:39:42.356 [AsyncHttpClient-1-3] DEBUG org.asynchttpclient.netty.channel.ChannelManager - Adding key: http://localhost:64205 for channel [id: 0x39074e66, L:/127.0.0.1:62332 - R:localhost/127.0.0.1:64205]
20:39:42.359 [Forwarding sendKeysToElement on session 512cd927dc9d73ec77ed721ea07fdbcf to remote] DEBUG org.asynchttpclient.netty.request.NettyRequestSender - Using pooled Channel '[id: 0x39074e66, L:/127.0.0.1:62332 - R:localhost/127.0.0.1:64205]' for 'POST' to 'http://localhost:64205/session/512cd927dc9d73ec77ed721ea07fdbcf/element/03f6baff-67b2-4aad-8677-61f1424d2ba7/value'
20:39:42.359 [Forwarding sendKeysToElement on session 512cd927dc9d73ec77ed721ea07fdbcf to remote] DEBUG org.asynchttpclient.netty.request.NettyRequestSender - Using open Channel [id: 0x39074e66, L:/127.0.0.1:62332 - R:localhost/127.0.0.1:64205] for POST '/session/512cd927dc9d73ec77ed721ea07fdbcf/element/03f6baff-67b2-4aad-8677-61f1424d2ba7/value'
20:39:42.768 [AsyncHttpClient-1-3] DEBUG org.asynchttpclient.netty.handler.HttpHandler - 

Request DefaultHttpRequest(decodeResult: success, version: HTTP/1.1)
POST /session/512cd927dc9d73ec77ed721ea07fdbcf/element/03f6baff-67b2-4aad-8677-61f1424d2ba7/value HTTP/1.1
User-Agent: selenium/4.1.2 (java windows)
Content-Length: 219
Content-Type: application/json; charset=utf-8
host: localhost:64205
accept: */*

Response DefaultHttpResponse(decodeResult: success, version: HTTP/1.1)
HTTP/1.1 200 OK
Content-Type: application/json; charset=utf-8
cache-control: no-cache
content-length: 14

20:39:42.768 [AsyncHttpClient-1-3] DEBUG org.asynchttpclient.netty.channel.ChannelManager - Adding key: http://localhost:64205 for channel [id: 0x39074e66, L:/127.0.0.1:62332 - R:localhost/127.0.0.1:64205]
20:39:42.772 [Forwarding findElement on session 512cd927dc9d73ec77ed721ea07fdbcf to remote] DEBUG org.asynchttpclient.netty.request.NettyRequestSender - Using pooled Channel '[id: 0x39074e66, L:/127.0.0.1:62332 - R:localhost/127.0.0.1:64205]' for 'POST' to 'http://localhost:64205/session/512cd927dc9d73ec77ed721ea07fdbcf/element'
20:39:42.772 [Forwarding findElement on session 512cd927dc9d73ec77ed721ea07fdbcf to remote] DEBUG org.asynchttpclient.netty.request.NettyRequestSender - Using open Channel [id: 0x39074e66, L:/127.0.0.1:62332 - R:localhost/127.0.0.1:64205] for POST '/session/512cd927dc9d73ec77ed721ea07fdbcf/element'
20:39:42.786 [AsyncHttpClient-1-3] DEBUG org.asynchttpclient.netty.handler.HttpHandler - 

Request DefaultHttpRequest(decodeResult: success, version: HTTP/1.1)
POST /session/512cd927dc9d73ec77ed721ea07fdbcf/element HTTP/1.1
User-Agent: selenium/4.1.2 (java windows)
Content-Length: 65
Content-Type: application/json; charset=utf-8
host: localhost:64205
accept: */*

Response DefaultHttpResponse(decodeResult: success, version: HTTP/1.1)
HTTP/1.1 200 OK
Content-Type: application/json; charset=utf-8
cache-control: no-cache
content-length: 88

20:39:42.786 [AsyncHttpClient-1-3] DEBUG org.asynchttpclient.netty.channel.ChannelManager - Adding key: http://localhost:64205 for channel [id: 0x39074e66, L:/127.0.0.1:62332 - R:localhost/127.0.0.1:64205]
20:39:42.789 [Forwarding sendKeysToElement on session 512cd927dc9d73ec77ed721ea07fdbcf to remote] DEBUG org.asynchttpclient.netty.request.NettyRequestSender - Using pooled Channel '[id: 0x39074e66, L:/127.0.0.1:62332 - R:localhost/127.0.0.1:64205]' for 'POST' to 'http://localhost:64205/session/512cd927dc9d73ec77ed721ea07fdbcf/element/03f6baff-67b2-4aad-8677-61f1424d2ba7/value'
20:39:42.789 [Forwarding sendKeysToElement on session 512cd927dc9d73ec77ed721ea07fdbcf to remote] DEBUG org.asynchttpclient.netty.request.NettyRequestSender - Using open Channel [id: 0x39074e66, L:/127.0.0.1:62332 - R:localhost/127.0.0.1:64205] for POST '/session/512cd927dc9d73ec77ed721ea07fdbcf/element/03f6baff-67b2-4aad-8677-61f1424d2ba7/value'
20:39:42.989 [AsyncHttpClient-1-1] DEBUG org.asynchttpclient.netty.channel.DefaultChannelPool - Entry count for : http://localhost:62334 : 1
20:39:43.098 [AsyncHttpClient-1-3] DEBUG org.asynchttpclient.netty.handler.HttpHandler - 

Request DefaultHttpRequest(decodeResult: success, version: HTTP/1.1)
POST /session/512cd927dc9d73ec77ed721ea07fdbcf/element/03f6baff-67b2-4aad-8677-61f1424d2ba7/value HTTP/1.1
User-Agent: selenium/4.1.2 (java windows)
Content-Length: 181
Content-Type: application/json; charset=utf-8
host: localhost:64205
accept: */*

Response DefaultHttpResponse(decodeResult: success, version: HTTP/1.1)
HTTP/1.1 200 OK
Content-Type: application/json; charset=utf-8
cache-control: no-cache
content-length: 14

20:39:43.098 [AsyncHttpClient-1-3] DEBUG org.asynchttpclient.netty.channel.ChannelManager - Adding key: http://localhost:64205 for channel [id: 0x39074e66, L:/127.0.0.1:62332 - R:localhost/127.0.0.1:64205]
20:39:43.103 [Forwarding findElement on session 512cd927dc9d73ec77ed721ea07fdbcf to remote] DEBUG org.asynchttpclient.netty.request.NettyRequestSender - Using pooled Channel '[id: 0x39074e66, L:/127.0.0.1:62332 - R:localhost/127.0.0.1:64205]' for 'POST' to 'http://localhost:64205/session/512cd927dc9d73ec77ed721ea07fdbcf/element'
20:39:43.103 [Forwarding findElement on session 512cd927dc9d73ec77ed721ea07fdbcf to remote] DEBUG org.asynchttpclient.netty.request.NettyRequestSender - Using open Channel [id: 0x39074e66, L:/127.0.0.1:62332 - R:localhost/127.0.0.1:64205] for POST '/session/512cd927dc9d73ec77ed721ea07fdbcf/element'
20:39:43.128 [AsyncHttpClient-1-3] DEBUG org.asynchttpclient.netty.handler.HttpHandler - 

Request DefaultHttpRequest(decodeResult: success, version: HTTP/1.1)
POST /session/512cd927dc9d73ec77ed721ea07fdbcf/element HTTP/1.1
User-Agent: selenium/4.1.2 (java windows)
Content-Length: 66
Content-Type: application/json; charset=utf-8
host: localhost:64205
accept: */*

Response DefaultHttpResponse(decodeResult: success, version: HTTP/1.1)
HTTP/1.1 200 OK
Content-Type: application/json; charset=utf-8
cache-control: no-cache
content-length: 88

20:39:43.128 [AsyncHttpClient-1-3] DEBUG org.asynchttpclient.netty.channel.ChannelManager - Adding key: http://localhost:64205 for channel [id: 0x39074e66, L:/127.0.0.1:62332 - R:localhost/127.0.0.1:64205]
20:39:43.128 [Forwarding sendKeysToElement on session 512cd927dc9d73ec77ed721ea07fdbcf to remote] DEBUG org.asynchttpclient.netty.request.NettyRequestSender - Using pooled Channel '[id: 0x39074e66, L:/127.0.0.1:62332 - R:localhost/127.0.0.1:64205]' for 'POST' to 'http://localhost:64205/session/512cd927dc9d73ec77ed721ea07fdbcf/element/390f2faa-f405-4224-8856-71e7b75085e7/value'
20:39:43.128 [Forwarding sendKeysToElement on session 512cd927dc9d73ec77ed721ea07fdbcf to remote] DEBUG org.asynchttpclient.netty.request.NettyRequestSender - Using open Channel [id: 0x39074e66, L:/127.0.0.1:62332 - R:localhost/127.0.0.1:64205] for POST '/session/512cd927dc9d73ec77ed721ea07fdbcf/element/390f2faa-f405-4224-8856-71e7b75085e7/value'
20:39:43.549 [AsyncHttpClient-1-3] DEBUG org.asynchttpclient.netty.handler.HttpHandler - 

Request DefaultHttpRequest(decodeResult: success, version: HTTP/1.1)
POST /session/512cd927dc9d73ec77ed721ea07fdbcf/element/390f2faa-f405-4224-8856-71e7b75085e7/value HTTP/1.1
User-Agent: selenium/4.1.2 (java windows)
Content-Length: 229
Content-Type: application/json; charset=utf-8
host: localhost:64205
accept: */*

Response DefaultHttpResponse(decodeResult: success, version: HTTP/1.1)
HTTP/1.1 200 OK
Content-Type: application/json; charset=utf-8
cache-control: no-cache
content-length: 14

20:39:43.549 [AsyncHttpClient-1-3] DEBUG org.asynchttpclient.netty.channel.ChannelManager - Adding key: http://localhost:64205 for channel [id: 0x39074e66, L:/127.0.0.1:62332 - R:localhost/127.0.0.1:64205]
20:39:43.556 [Forwarding findElement on session 512cd927dc9d73ec77ed721ea07fdbcf to remote] DEBUG org.asynchttpclient.netty.request.NettyRequestSender - Using pooled Channel '[id: 0x39074e66, L:/127.0.0.1:62332 - R:localhost/127.0.0.1:64205]' for 'POST' to 'http://localhost:64205/session/512cd927dc9d73ec77ed721ea07fdbcf/element'
20:39:43.556 [Forwarding findElement on session 512cd927dc9d73ec77ed721ea07fdbcf to remote] DEBUG org.asynchttpclient.netty.request.NettyRequestSender - Using open Channel [id: 0x39074e66, L:/127.0.0.1:62332 - R:localhost/127.0.0.1:64205] for POST '/session/512cd927dc9d73ec77ed721ea07fdbcf/element'
20:39:43.571 [AsyncHttpClient-1-3] DEBUG org.asynchttpclient.netty.handler.HttpHandler - 

Request DefaultHttpRequest(decodeResult: success, version: HTTP/1.1)
POST /session/512cd927dc9d73ec77ed721ea07fdbcf/element HTTP/1.1
User-Agent: selenium/4.1.2 (java windows)
Content-Length: 66
Content-Type: application/json; charset=utf-8
host: localhost:64205
accept: */*

Response DefaultHttpResponse(decodeResult: success, version: HTTP/1.1)
HTTP/1.1 200 OK
Content-Type: application/json; charset=utf-8
cache-control: no-cache
content-length: 88

20:39:43.571 [AsyncHttpClient-1-3] DEBUG org.asynchttpclient.netty.channel.ChannelManager - Adding key: http://localhost:64205 for channel [id: 0x39074e66, L:/127.0.0.1:62332 - R:localhost/127.0.0.1:64205]
20:39:43.574 [Forwarding sendKeysToElement on session 512cd927dc9d73ec77ed721ea07fdbcf to remote] DEBUG org.asynchttpclient.netty.request.NettyRequestSender - Using pooled Channel '[id: 0x39074e66, L:/127.0.0.1:62332 - R:localhost/127.0.0.1:64205]' for 'POST' to 'http://localhost:64205/session/512cd927dc9d73ec77ed721ea07fdbcf/element/390f2faa-f405-4224-8856-71e7b75085e7/value'
20:39:43.574 [Forwarding sendKeysToElement on session 512cd927dc9d73ec77ed721ea07fdbcf to remote] DEBUG org.asynchttpclient.netty.request.NettyRequestSender - Using open Channel [id: 0x39074e66, L:/127.0.0.1:62332 - R:localhost/127.0.0.1:64205] for POST '/session/512cd927dc9d73ec77ed721ea07fdbcf/element/390f2faa-f405-4224-8856-71e7b75085e7/value'
20:39:43.899 [AsyncHttpClient-1-3] DEBUG org.asynchttpclient.netty.handler.HttpHandler - 

Request DefaultHttpRequest(decodeResult: success, version: HTTP/1.1)
POST /session/512cd927dc9d73ec77ed721ea07fdbcf/element/390f2faa-f405-4224-8856-71e7b75085e7/value HTTP/1.1
User-Agent: selenium/4.1.2 (java windows)
Content-Length: 191
Content-Type: application/json; charset=utf-8
host: localhost:64205
accept: */*

Response DefaultHttpResponse(decodeResult: success, version: HTTP/1.1)
HTTP/1.1 200 OK
Content-Type: application/json; charset=utf-8
cache-control: no-cache
content-length: 14

20:39:43.899 [AsyncHttpClient-1-3] DEBUG org.asynchttpclient.netty.channel.ChannelManager - Adding key: http://localhost:64205 for channel [id: 0x39074e66, L:/127.0.0.1:62332 - R:localhost/127.0.0.1:64205]
20:39:43.903 [Forwarding findElement on session 512cd927dc9d73ec77ed721ea07fdbcf to remote] DEBUG org.asynchttpclient.netty.request.NettyRequestSender - Using pooled Channel '[id: 0x39074e66, L:/127.0.0.1:62332 - R:localhost/127.0.0.1:64205]' for 'POST' to 'http://localhost:64205/session/512cd927dc9d73ec77ed721ea07fdbcf/element'
20:39:43.903 [Forwarding findElement on session 512cd927dc9d73ec77ed721ea07fdbcf to remote] DEBUG org.asynchttpclient.netty.request.NettyRequestSender - Using open Channel [id: 0x39074e66, L:/127.0.0.1:62332 - R:localhost/127.0.0.1:64205] for POST '/session/512cd927dc9d73ec77ed721ea07fdbcf/element'
20:39:43.926 [AsyncHttpClient-1-3] DEBUG org.asynchttpclient.netty.handler.HttpHandler - 

Request DefaultHttpRequest(decodeResult: success, version: HTTP/1.1)
POST /session/512cd927dc9d73ec77ed721ea07fdbcf/element HTTP/1.1
User-Agent: selenium/4.1.2 (java windows)
Content-Length: 68
Content-Type: application/json; charset=utf-8
host: localhost:64205
accept: */*

Response DefaultHttpResponse(decodeResult: success, version: HTTP/1.1)
HTTP/1.1 200 OK
Content-Type: application/json; charset=utf-8
cache-control: no-cache
content-length: 88

20:39:43.926 [AsyncHttpClient-1-3] DEBUG org.asynchttpclient.netty.channel.ChannelManager - Adding key: http://localhost:64205 for channel [id: 0x39074e66, L:/127.0.0.1:62332 - R:localhost/127.0.0.1:64205]
20:39:43.929 [Forwarding sendKeysToElement on session 512cd927dc9d73ec77ed721ea07fdbcf to remote] DEBUG org.asynchttpclient.netty.request.NettyRequestSender - Using pooled Channel '[id: 0x39074e66, L:/127.0.0.1:62332 - R:localhost/127.0.0.1:64205]' for 'POST' to 'http://localhost:64205/session/512cd927dc9d73ec77ed721ea07fdbcf/element/50fe1c74-6da7-455c-86d4-cd451532efa1/value'
20:39:43.929 [Forwarding sendKeysToElement on session 512cd927dc9d73ec77ed721ea07fdbcf to remote] DEBUG org.asynchttpclient.netty.request.NettyRequestSender - Using open Channel [id: 0x39074e66, L:/127.0.0.1:62332 - R:localhost/127.0.0.1:64205] for POST '/session/512cd927dc9d73ec77ed721ea07fdbcf/element/50fe1c74-6da7-455c-86d4-cd451532efa1/value'
20:39:44.089 [AsyncHttpClient-1-1] DEBUG org.asynchttpclient.netty.channel.DefaultChannelPool - Entry count for : http://localhost:62334 : 1
20:39:44.328 [AsyncHttpClient-1-3] DEBUG org.asynchttpclient.netty.handler.HttpHandler - 

Request DefaultHttpRequest(decodeResult: success, version: HTTP/1.1)
POST /session/512cd927dc9d73ec77ed721ea07fdbcf/element/50fe1c74-6da7-455c-86d4-cd451532efa1/value HTTP/1.1
User-Agent: selenium/4.1.2 (java windows)
Content-Length: 209
Content-Type: application/json; charset=utf-8
host: localhost:64205
accept: */*

Response DefaultHttpResponse(decodeResult: success, version: HTTP/1.1)
HTTP/1.1 200 OK
Content-Type: application/json; charset=utf-8
cache-control: no-cache
content-length: 14

20:39:44.328 [AsyncHttpClient-1-3] DEBUG org.asynchttpclient.netty.channel.ChannelManager - Adding key: http://localhost:64205 for channel [id: 0x39074e66, L:/127.0.0.1:62332 - R:localhost/127.0.0.1:64205]
20:39:44.333 [Forwarding findElement on session 512cd927dc9d73ec77ed721ea07fdbcf to remote] DEBUG org.asynchttpclient.netty.request.NettyRequestSender - Using pooled Channel '[id: 0x39074e66, L:/127.0.0.1:62332 - R:localhost/127.0.0.1:64205]' for 'POST' to 'http://localhost:64205/session/512cd927dc9d73ec77ed721ea07fdbcf/element'
20:39:44.333 [Forwarding findElement on session 512cd927dc9d73ec77ed721ea07fdbcf to remote] DEBUG org.asynchttpclient.netty.request.NettyRequestSender - Using open Channel [id: 0x39074e66, L:/127.0.0.1:62332 - R:localhost/127.0.0.1:64205] for POST '/session/512cd927dc9d73ec77ed721ea07fdbcf/element'
20:39:44.346 [AsyncHttpClient-1-3] DEBUG org.asynchttpclient.netty.handler.HttpHandler - 

Request DefaultHttpRequest(decodeResult: success, version: HTTP/1.1)
POST /session/512cd927dc9d73ec77ed721ea07fdbcf/element HTTP/1.1
User-Agent: selenium/4.1.2 (java windows)
Content-Length: 68
Content-Type: application/json; charset=utf-8
host: localhost:64205
accept: */*

Response DefaultHttpResponse(decodeResult: success, version: HTTP/1.1)
HTTP/1.1 200 OK
Content-Type: application/json; charset=utf-8
cache-control: no-cache
content-length: 88

20:39:44.346 [AsyncHttpClient-1-3] DEBUG org.asynchttpclient.netty.channel.ChannelManager - Adding key: http://localhost:64205 for channel [id: 0x39074e66, L:/127.0.0.1:62332 - R:localhost/127.0.0.1:64205]
20:39:44.349 [Forwarding sendKeysToElement on session 512cd927dc9d73ec77ed721ea07fdbcf to remote] DEBUG org.asynchttpclient.netty.request.NettyRequestSender - Using pooled Channel '[id: 0x39074e66, L:/127.0.0.1:62332 - R:localhost/127.0.0.1:64205]' for 'POST' to 'http://localhost:64205/session/512cd927dc9d73ec77ed721ea07fdbcf/element/50fe1c74-6da7-455c-86d4-cd451532efa1/value'
20:39:44.349 [Forwarding sendKeysToElement on session 512cd927dc9d73ec77ed721ea07fdbcf to remote] DEBUG org.asynchttpclient.netty.request.NettyRequestSender - Using open Channel [id: 0x39074e66, L:/127.0.0.1:62332 - R:localhost/127.0.0.1:64205] for POST '/session/512cd927dc9d73ec77ed721ea07fdbcf/element/50fe1c74-6da7-455c-86d4-cd451532efa1/value'
20:39:44.598 [AsyncHttpClient-1-3] DEBUG org.asynchttpclient.netty.handler.HttpHandler - 

Request DefaultHttpRequest(decodeResult: success, version: HTTP/1.1)
POST /session/512cd927dc9d73ec77ed721ea07fdbcf/element/50fe1c74-6da7-455c-86d4-cd451532efa1/value HTTP/1.1
User-Agent: selenium/4.1.2 (java windows)
Content-Length: 171
Content-Type: application/json; charset=utf-8
host: localhost:64205
accept: */*

Response DefaultHttpResponse(decodeResult: success, version: HTTP/1.1)
HTTP/1.1 200 OK
Content-Type: application/json; charset=utf-8
cache-control: no-cache
content-length: 14

20:39:44.599 [AsyncHttpClient-1-3] DEBUG org.asynchttpclient.netty.channel.ChannelManager - Adding key: http://localhost:64205 for channel [id: 0x39074e66, L:/127.0.0.1:62332 - R:localhost/127.0.0.1:64205]
20:39:44.604 [Forwarding findElement on session 512cd927dc9d73ec77ed721ea07fdbcf to remote] DEBUG org.asynchttpclient.netty.request.NettyRequestSender - Using pooled Channel '[id: 0x39074e66, L:/127.0.0.1:62332 - R:localhost/127.0.0.1:64205]' for 'POST' to 'http://localhost:64205/session/512cd927dc9d73ec77ed721ea07fdbcf/element'
20:39:44.604 [Forwarding findElement on session 512cd927dc9d73ec77ed721ea07fdbcf to remote] DEBUG org.asynchttpclient.netty.request.NettyRequestSender - Using open Channel [id: 0x39074e66, L:/127.0.0.1:62332 - R:localhost/127.0.0.1:64205] for POST '/session/512cd927dc9d73ec77ed721ea07fdbcf/element'
20:39:44.627 [AsyncHttpClient-1-3] DEBUG org.asynchttpclient.netty.handler.HttpHandler - 

Request DefaultHttpRequest(decodeResult: success, version: HTTP/1.1)
POST /session/512cd927dc9d73ec77ed721ea07fdbcf/element HTTP/1.1
User-Agent: selenium/4.1.2 (java windows)
Content-Length: 66
Content-Type: application/json; charset=utf-8
host: localhost:64205
accept: */*

Response DefaultHttpResponse(decodeResult: success, version: HTTP/1.1)
HTTP/1.1 200 OK
Content-Type: application/json; charset=utf-8
cache-control: no-cache
content-length: 88

20:39:44.627 [AsyncHttpClient-1-3] DEBUG org.asynchttpclient.netty.channel.ChannelManager - Adding key: http://localhost:64205 for channel [id: 0x39074e66, L:/127.0.0.1:62332 - R:localhost/127.0.0.1:64205]
20:39:44.630 [Forwarding sendKeysToElement on session 512cd927dc9d73ec77ed721ea07fdbcf to remote] DEBUG org.asynchttpclient.netty.request.NettyRequestSender - Using pooled Channel '[id: 0x39074e66, L:/127.0.0.1:62332 - R:localhost/127.0.0.1:64205]' for 'POST' to 'http://localhost:64205/session/512cd927dc9d73ec77ed721ea07fdbcf/element/6a0c532f-281d-4b4c-a98a-9f0e14f376ce/value'
20:39:44.630 [Forwarding sendKeysToElement on session 512cd927dc9d73ec77ed721ea07fdbcf to remote] DEBUG org.asynchttpclient.netty.request.NettyRequestSender - Using open Channel [id: 0x39074e66, L:/127.0.0.1:62332 - R:localhost/127.0.0.1:64205] for POST '/session/512cd927dc9d73ec77ed721ea07fdbcf/element/6a0c532f-281d-4b4c-a98a-9f0e14f376ce/value'
20:39:44.736 [AsyncHttpClient-1-3] DEBUG org.asynchttpclient.netty.handler.HttpHandler - 

Request DefaultHttpRequest(decodeResult: success, version: HTTP/1.1)
POST /session/512cd927dc9d73ec77ed721ea07fdbcf/element/6a0c532f-281d-4b4c-a98a-9f0e14f376ce/value HTTP/1.1
User-Agent: selenium/4.1.2 (java windows)
Content-Length: 139
Content-Type: application/json; charset=utf-8
host: localhost:64205
accept: */*

Response DefaultHttpResponse(decodeResult: success, version: HTTP/1.1)
HTTP/1.1 200 OK
Content-Type: application/json; charset=utf-8
cache-control: no-cache
content-length: 14

20:39:44.736 [AsyncHttpClient-1-3] DEBUG org.asynchttpclient.netty.channel.ChannelManager - Adding key: http://localhost:64205 for channel [id: 0x39074e66, L:/127.0.0.1:62332 - R:localhost/127.0.0.1:64205]
20:39:44.741 [Forwarding findElement on session 512cd927dc9d73ec77ed721ea07fdbcf to remote] DEBUG org.asynchttpclient.netty.request.NettyRequestSender - Using pooled Channel '[id: 0x39074e66, L:/127.0.0.1:62332 - R:localhost/127.0.0.1:64205]' for 'POST' to 'http://localhost:64205/session/512cd927dc9d73ec77ed721ea07fdbcf/element'
20:39:44.741 [Forwarding findElement on session 512cd927dc9d73ec77ed721ea07fdbcf to remote] DEBUG org.asynchttpclient.netty.request.NettyRequestSender - Using open Channel [id: 0x39074e66, L:/127.0.0.1:62332 - R:localhost/127.0.0.1:64205] for POST '/session/512cd927dc9d73ec77ed721ea07fdbcf/element'
20:39:44.746 [AsyncHttpClient-1-3] DEBUG org.asynchttpclient.netty.handler.HttpHandler - 

Request DefaultHttpRequest(decodeResult: success, version: HTTP/1.1)
POST /session/512cd927dc9d73ec77ed721ea07fdbcf/element HTTP/1.1
User-Agent: selenium/4.1.2 (java windows)
Content-Length: 66
Content-Type: application/json; charset=utf-8
host: localhost:64205
accept: */*

Response DefaultHttpResponse(decodeResult: success, version: HTTP/1.1)
HTTP/1.1 200 OK
Content-Type: application/json; charset=utf-8
cache-control: no-cache
content-length: 88

20:39:44.746 [AsyncHttpClient-1-3] DEBUG org.asynchttpclient.netty.channel.ChannelManager - Adding key: http://localhost:64205 for channel [id: 0x39074e66, L:/127.0.0.1:62332 - R:localhost/127.0.0.1:64205]
20:39:44.746 [Forwarding sendKeysToElement on session 512cd927dc9d73ec77ed721ea07fdbcf to remote] DEBUG org.asynchttpclient.netty.request.NettyRequestSender - Using pooled Channel '[id: 0x39074e66, L:/127.0.0.1:62332 - R:localhost/127.0.0.1:64205]' for 'POST' to 'http://localhost:64205/session/512cd927dc9d73ec77ed721ea07fdbcf/element/6a0c532f-281d-4b4c-a98a-9f0e14f376ce/value'
20:39:44.746 [Forwarding sendKeysToElement on session 512cd927dc9d73ec77ed721ea07fdbcf to remote] DEBUG org.asynchttpclient.netty.request.NettyRequestSender - Using open Channel [id: 0x39074e66, L:/127.0.0.1:62332 - R:localhost/127.0.0.1:64205] for POST '/session/512cd927dc9d73ec77ed721ea07fdbcf/element/6a0c532f-281d-4b4c-a98a-9f0e14f376ce/value'
20:39:44.855 [AsyncHttpClient-1-3] DEBUG org.asynchttpclient.netty.handler.HttpHandler - 

Request DefaultHttpRequest(decodeResult: success, version: HTTP/1.1)
POST /session/512cd927dc9d73ec77ed721ea07fdbcf/element/6a0c532f-281d-4b4c-a98a-9f0e14f376ce/value HTTP/1.1
User-Agent: selenium/4.1.2 (java windows)
Content-Length: 101
Content-Type: application/json; charset=utf-8
host: localhost:64205
accept: */*

Response DefaultHttpResponse(decodeResult: success, version: HTTP/1.1)
HTTP/1.1 200 OK
Content-Type: application/json; charset=utf-8
cache-control: no-cache
content-length: 14

20:39:44.855 [AsyncHttpClient-1-3] DEBUG org.asynchttpclient.netty.channel.ChannelManager - Adding key: http://localhost:64205 for channel [id: 0x39074e66, L:/127.0.0.1:62332 - R:localhost/127.0.0.1:64205]
20:39:44.871 [Forwarding screenshot on session 512cd927dc9d73ec77ed721ea07fdbcf to remote] DEBUG org.asynchttpclient.netty.request.NettyRequestSender - Using pooled Channel '[id: 0x39074e66, L:/127.0.0.1:62332 - R:localhost/127.0.0.1:64205]' for 'GET' to 'http://localhost:64205/session/512cd927dc9d73ec77ed721ea07fdbcf/screenshot'
20:39:44.871 [Forwarding screenshot on session 512cd927dc9d73ec77ed721ea07fdbcf to remote] DEBUG org.asynchttpclient.netty.request.NettyRequestSender - Using open Channel [id: 0x39074e66, L:/127.0.0.1:62332 - R:localhost/127.0.0.1:64205] for GET '/session/512cd927dc9d73ec77ed721ea07fdbcf/screenshot'
20:39:45.202 [AsyncHttpClient-1-1] DEBUG org.asynchttpclient.netty.channel.DefaultChannelPool - Entry count for : http://localhost:62334 : 1
20:39:45.369 [AsyncHttpClient-1-3] DEBUG org.asynchttpclient.netty.handler.HttpHandler - 

Request DefaultFullHttpRequest(decodeResult: success, version: HTTP/1.1, content: EmptyByteBufBE)
GET /session/512cd927dc9d73ec77ed721ea07fdbcf/screenshot HTTP/1.1
User-Agent: selenium/4.1.2 (java windows)
Cache-Control: no-cache
Content-Type: application/json; charset=utf-8
host: localhost:64205
accept: */*

Response DefaultHttpResponse(decodeResult: success, version: HTTP/1.1)
HTTP/1.1 200 OK
Content-Type: application/json; charset=utf-8
cache-control: no-cache
content-length: 405192

20:39:45.372 [AsyncHttpClient-1-3] DEBUG org.asynchttpclient.netty.channel.ChannelManager - Adding key: http://localhost:64205 for channel [id: 0x39074e66, L:/127.0.0.1:62332 - R:localhost/127.0.0.1:64205]
20:39:45.404 [main] DEBUG net.serenitybdd.core.photography.Darkroom - Send negative for processing for target\site\serenity\416e61f9c8f5c19c3cde664ddc0a2ea87909313b5b6f2157970875bd2ce477dc.png
20:39:45.404 [main] DEBUG net.thucydides.core.steps.StepInterceptor - STEP DONE: inputDataPasienEdit
  &amp#27;[32mThen &amp#27;[0m&amp#27;[32mI input edit &amp#27;[0m&amp#27;[32m&amp#27;[1m"Bagas"&amp#27;[0m&amp#27;[32m &amp#27;[0m&amp#27;[32m&amp#27;[1m"1234479680"&amp#27;[0m&amp#27;[32m &amp#27;[0m&amp#27;[32m&amp#27;[1m"ba"&amp#27;[0m&amp#27;[32m &amp#27;[0m&amp#27;[32m&amp#27;[1m"01294657612"&amp#27;[0m&amp#27;[32m &amp#27;[0m&amp#27;[32m&amp#27;[1m"perumahan"&amp#27;[0m&amp#27;[32m patient&amp#27;[0m &amp#27;[90m# starter.stepdefinitios.PatientDataSteps.iInputEditPatient(java.lang.String,java.lang.String,java.lang.String,java.lang.String,java.lang.String)&amp#27;[0m
20:39:45.407 [Darkroom Processing Line] DEBUG net.serenitybdd.core.photography.DarkroomProcessingLine - Processing screenshot image in /var/screenshots/screenshot-3055727608252770883
20:39:45.407 [Darkroom Processing Line] DEBUG net.serenitybdd.core.photography.DarkroomProcessingLine - Saving screenshot to target\site\serenity\416e61f9c8f5c19c3cde664ddc0a2ea87909313b5b6f2157970875bd2ce477dc.png
20:39:45.465 [Forwarding screenshot on session 512cd927dc9d73ec77ed721ea07fdbcf to remote] DEBUG org.asynchttpclient.netty.request.NettyRequestSender - Using pooled Channel '[id: 0x39074e66, L:/127.0.0.1:62332 - R:localhost/127.0.0.1:64205]' for 'GET' to 'http://localhost:64205/session/512cd927dc9d73ec77ed721ea07fdbcf/screenshot'
20:39:45.466 [Forwarding screenshot on session 512cd927dc9d73ec77ed721ea07fdbcf to remote] DEBUG org.asynchttpclient.netty.request.NettyRequestSender - Using open Channel [id: 0x39074e66, L:/127.0.0.1:62332 - R:localhost/127.0.0.1:64205] for GET '/session/512cd927dc9d73ec77ed721ea07fdbcf/screenshot'
20:39:46.044 [AsyncHttpClient-1-3] DEBUG org.asynchttpclient.netty.handler.HttpHandler - 

Request DefaultFullHttpRequest(decodeResult: success, version: HTTP/1.1, content: EmptyByteBufBE)
GET /session/512cd927dc9d73ec77ed721ea07fdbcf/screenshot HTTP/1.1
User-Agent: selenium/4.1.2 (java windows)
Cache-Control: no-cache
Content-Type: application/json; charset=utf-8
host: localhost:64205
accept: */*

Response DefaultHttpResponse(decodeResult: success, version: HTTP/1.1)
HTTP/1.1 200 OK
Content-Type: application/json; charset=utf-8
cache-control: no-cache
content-length: 405184

20:39:46.046 [AsyncHttpClient-1-3] DEBUG org.asynchttpclient.netty.channel.ChannelManager - Adding key: http://localhost:64205 for channel [id: 0x39074e66, L:/127.0.0.1:62332 - R:localhost/127.0.0.1:64205]
20:39:46.078 [main] DEBUG net.serenitybdd.core.photography.Darkroom - Send negative for processing for target\site\serenity\37c90523a059a358d6ab0f639fb438e2df5599f87c48af2e92f3a0620cfb14ac.png
20:39:46.101 [Darkroom Processing Line] DEBUG net.serenitybdd.core.photography.DarkroomProcessingLine - Processing screenshot image in /var/screenshots/screenshot-12265442510334528379
20:39:46.101 [Darkroom Processing Line] DEBUG net.serenitybdd.core.photography.DarkroomProcessingLine - Saving screenshot to target\site\serenity\37c90523a059a358d6ab0f639fb438e2df5599f87c48af2e92f3a0620cfb14ac.png
20:39:46.113 [main] DEBUG net.thucydides.core.steps.StepInterceptor - STARTING STEP: PatientDataSteps.iClickButtonJenisKelamin - clickLaki
20:39:46.121 [Forwarding findElement on session 512cd927dc9d73ec77ed721ea07fdbcf to remote] DEBUG org.asynchttpclient.netty.request.NettyRequestSender - Using pooled Channel '[id: 0x39074e66, L:/127.0.0.1:62332 - R:localhost/127.0.0.1:64205]' for 'POST' to 'http://localhost:64205/session/512cd927dc9d73ec77ed721ea07fdbcf/element'
20:39:46.121 [Forwarding findElement on session 512cd927dc9d73ec77ed721ea07fdbcf to remote] DEBUG org.asynchttpclient.netty.request.NettyRequestSender - Using open Channel [id: 0x39074e66, L:/127.0.0.1:62332 - R:localhost/127.0.0.1:64205] for POST '/session/512cd927dc9d73ec77ed721ea07fdbcf/element'
20:39:46.276 [AsyncHttpClient-1-3] DEBUG org.asynchttpclient.netty.handler.HttpHandler - 

Request DefaultHttpRequest(decodeResult: success, version: HTTP/1.1)
POST /session/512cd927dc9d73ec77ed721ea07fdbcf/element HTTP/1.1
User-Agent: selenium/4.1.2 (java windows)
Content-Length: 179
Content-Type: application/json; charset=utf-8
host: localhost:64205
accept: */*

Response DefaultHttpResponse(decodeResult: success, version: HTTP/1.1)
HTTP/1.1 200 OK
Content-Type: application/json; charset=utf-8
cache-control: no-cache
content-length: 88

20:39:46.276 [AsyncHttpClient-1-3] DEBUG org.asynchttpclient.netty.channel.ChannelManager - Adding key: http://localhost:64205 for channel [id: 0x39074e66, L:/127.0.0.1:62332 - R:localhost/127.0.0.1:64205]
20:39:46.276 [Forwarding getElementTagName on session 512cd927dc9d73ec77ed721ea07fdbcf to remote] DEBUG org.asynchttpclient.netty.request.NettyRequestSender - Using pooled Channel '[id: 0x39074e66, L:/127.0.0.1:62332 - R:localhost/127.0.0.1:64205]' for 'GET' to 'http://localhost:64205/session/512cd927dc9d73ec77ed721ea07fdbcf/element/2a11d1d6-7915-404a-98d0-249d0b549742/name'
20:39:46.276 [Forwarding getElementTagName on session 512cd927dc9d73ec77ed721ea07fdbcf to remote] DEBUG org.asynchttpclient.netty.request.NettyRequestSender - Using open Channel [id: 0x39074e66, L:/127.0.0.1:62332 - R:localhost/127.0.0.1:64205] for GET '/session/512cd927dc9d73ec77ed721ea07fdbcf/element/2a11d1d6-7915-404a-98d0-249d0b549742/name'
20:39:46.297 [AsyncHttpClient-1-1] DEBUG org.asynchttpclient.netty.channel.DefaultChannelPool - Entry count for : http://localhost:62334 : 1
20:39:46.302 [AsyncHttpClient-1-3] DEBUG org.asynchttpclient.netty.handler.HttpHandler - 

Request DefaultFullHttpRequest(decodeResult: success, version: HTTP/1.1, content: EmptyByteBufBE)
GET /session/512cd927dc9d73ec77ed721ea07fdbcf/element/2a11d1d6-7915-404a-98d0-249d0b549742/name HTTP/1.1
User-Agent: selenium/4.1.2 (java windows)
Cache-Control: no-cache
Content-Type: application/json; charset=utf-8
host: localhost:64205
accept: */*

Response DefaultHttpResponse(decodeResult: success, version: HTTP/1.1)
HTTP/1.1 200 OK
Content-Type: application/json; charset=utf-8
cache-control: no-cache
content-length: 16

20:39:46.302 [AsyncHttpClient-1-3] DEBUG org.asynchttpclient.netty.channel.ChannelManager - Adding key: http://localhost:64205 for channel [id: 0x39074e66, L:/127.0.0.1:62332 - R:localhost/127.0.0.1:64205]
20:39:46.304 [Forwarding getElementTagName on session 512cd927dc9d73ec77ed721ea07fdbcf to remote] DEBUG org.asynchttpclient.netty.request.NettyRequestSender - Using pooled Channel '[id: 0x39074e66, L:/127.0.0.1:62332 - R:localhost/127.0.0.1:64205]' for 'GET' to 'http://localhost:64205/session/512cd927dc9d73ec77ed721ea07fdbcf/element/2a11d1d6-7915-404a-98d0-249d0b549742/name'
20:39:46.305 [Forwarding getElementTagName on session 512cd927dc9d73ec77ed721ea07fdbcf to remote] DEBUG org.asynchttpclient.netty.request.NettyRequestSender - Using open Channel [id: 0x39074e66, L:/127.0.0.1:62332 - R:localhost/127.0.0.1:64205] for GET '/session/512cd927dc9d73ec77ed721ea07fdbcf/element/2a11d1d6-7915-404a-98d0-249d0b549742/name'
20:39:46.318 [AsyncHttpClient-1-3] DEBUG org.asynchttpclient.netty.handler.HttpHandler - 

Request DefaultFullHttpRequest(decodeResult: success, version: HTTP/1.1, content: EmptyByteBufBE)
GET /session/512cd927dc9d73ec77ed721ea07fdbcf/element/2a11d1d6-7915-404a-98d0-249d0b549742/name HTTP/1.1
User-Agent: selenium/4.1.2 (java windows)
Cache-Control: no-cache
Content-Type: application/json; charset=utf-8
host: localhost:64205
accept: */*

Response DefaultHttpResponse(decodeResult: success, version: HTTP/1.1)
HTTP/1.1 200 OK
Content-Type: application/json; charset=utf-8
cache-control: no-cache
content-length: 16

20:39:46.318 [AsyncHttpClient-1-3] DEBUG org.asynchttpclient.netty.channel.ChannelManager - Adding key: http://localhost:64205 for channel [id: 0x39074e66, L:/127.0.0.1:62332 - R:localhost/127.0.0.1:64205]
20:39:46.322 [Forwarding findElement on session 512cd927dc9d73ec77ed721ea07fdbcf to remote] DEBUG org.asynchttpclient.netty.request.NettyRequestSender - Using pooled Channel '[id: 0x39074e66, L:/127.0.0.1:62332 - R:localhost/127.0.0.1:64205]' for 'POST' to 'http://localhost:64205/session/512cd927dc9d73ec77ed721ea07fdbcf/element'
20:39:46.322 [Forwarding findElement on session 512cd927dc9d73ec77ed721ea07fdbcf to remote] DEBUG org.asynchttpclient.netty.request.NettyRequestSender - Using open Channel [id: 0x39074e66, L:/127.0.0.1:62332 - R:localhost/127.0.0.1:64205] for POST '/session/512cd927dc9d73ec77ed721ea07fdbcf/element'
20:39:46.349 [AsyncHttpClient-1-3] DEBUG org.asynchttpclient.netty.handler.HttpHandler - 

Request DefaultHttpRequest(decodeResult: success, version: HTTP/1.1)
POST /session/512cd927dc9d73ec77ed721ea07fdbcf/element HTTP/1.1
User-Agent: selenium/4.1.2 (java windows)
Content-Length: 179
Content-Type: application/json; charset=utf-8
host: localhost:64205
accept: */*

Response DefaultHttpResponse(decodeResult: success, version: HTTP/1.1)
HTTP/1.1 200 OK
Content-Type: application/json; charset=utf-8
cache-control: no-cache
content-length: 88

20:39:46.349 [AsyncHttpClient-1-3] DEBUG org.asynchttpclient.netty.channel.ChannelManager - Adding key: http://localhost:64205 for channel [id: 0x39074e66, L:/127.0.0.1:62332 - R:localhost/127.0.0.1:64205]
20:39:46.351 [Forwarding clickElement on session 512cd927dc9d73ec77ed721ea07fdbcf to remote] DEBUG org.asynchttpclient.netty.request.NettyRequestSender - Using pooled Channel '[id: 0x39074e66, L:/127.0.0.1:62332 - R:localhost/127.0.0.1:64205]' for 'POST' to 'http://localhost:64205/session/512cd927dc9d73ec77ed721ea07fdbcf/element/2a11d1d6-7915-404a-98d0-249d0b549742/click'
20:39:46.351 [Forwarding clickElement on session 512cd927dc9d73ec77ed721ea07fdbcf to remote] DEBUG org.asynchttpclient.netty.request.NettyRequestSender - Using open Channel [id: 0x39074e66, L:/127.0.0.1:62332 - R:localhost/127.0.0.1:64205] for POST '/session/512cd927dc9d73ec77ed721ea07fdbcf/element/2a11d1d6-7915-404a-98d0-249d0b549742/click'
20:39:46.585 [AsyncHttpClient-1-3] DEBUG org.asynchttpclient.netty.handler.HttpHandler - 

Request DefaultHttpRequest(decodeResult: success, version: HTTP/1.1)
POST /session/512cd927dc9d73ec77ed721ea07fdbcf/element/2a11d1d6-7915-404a-98d0-249d0b549742/click HTTP/1.1
User-Agent: selenium/4.1.2 (java windows)
Content-Length: 50
Content-Type: application/json; charset=utf-8
host: localhost:64205
accept: */*

Response DefaultHttpResponse(decodeResult: success, version: HTTP/1.1)
HTTP/1.1 200 OK
Content-Type: application/json; charset=utf-8
cache-control: no-cache
content-length: 14

20:39:46.585 [AsyncHttpClient-1-3] DEBUG org.asynchttpclient.netty.channel.ChannelManager - Adding key: http://localhost:64205 for channel [id: 0x39074e66, L:/127.0.0.1:62332 - R:localhost/127.0.0.1:64205]
20:39:46.607 [Forwarding screenshot on session 512cd927dc9d73ec77ed721ea07fdbcf to remote] DEBUG org.asynchttpclient.netty.request.NettyRequestSender - Using pooled Channel '[id: 0x39074e66, L:/127.0.0.1:62332 - R:localhost/127.0.0.1:64205]' for 'GET' to 'http://localhost:64205/session/512cd927dc9d73ec77ed721ea07fdbcf/screenshot'
20:39:46.607 [Forwarding screenshot on session 512cd927dc9d73ec77ed721ea07fdbcf to remote] DEBUG org.asynchttpclient.netty.request.NettyRequestSender - Using open Channel [id: 0x39074e66, L:/127.0.0.1:62332 - R:localhost/127.0.0.1:64205] for GET '/session/512cd927dc9d73ec77ed721ea07fdbcf/screenshot'
20:39:47.121 [AsyncHttpClient-1-3] DEBUG org.asynchttpclient.netty.handler.HttpHandler - 

Request DefaultFullHttpRequest(decodeResult: success, version: HTTP/1.1, content: EmptyByteBufBE)
GET /session/512cd927dc9d73ec77ed721ea07fdbcf/screenshot HTTP/1.1
User-Agent: selenium/4.1.2 (java windows)
Cache-Control: no-cache
Content-Type: application/json; charset=utf-8
host: localhost:64205
accept: */*

Response DefaultHttpResponse(decodeResult: success, version: HTTP/1.1)
HTTP/1.1 200 OK
Content-Type: application/json; charset=utf-8
cache-control: no-cache
content-length: 403124

20:39:47.124 [AsyncHttpClient-1-3] DEBUG org.asynchttpclient.netty.channel.ChannelManager - Adding key: http://localhost:64205 for channel [id: 0x39074e66, L:/127.0.0.1:62332 - R:localhost/127.0.0.1:64205]
20:39:47.158 [main] DEBUG net.serenitybdd.core.photography.Darkroom - Send negative for processing for target\site\serenity\cad01baed9af8df2ee910c81c1d0ff025f93fe1ef63841e68353450ae83d39bb.png
20:39:47.159 [main] DEBUG net.thucydides.core.steps.StepInterceptor - STEP DONE: clickLaki
  &amp#27;[32mAnd &amp#27;[0m&amp#27;[32mI click button jenis kelamin patient&amp#27;[0m                                      &amp#27;[90m# starter.stepdefinitios.PatientDataSteps.iClickButtonJenisKelamin()&amp#27;[0m
20:39:47.166 [Darkroom Processing Line] DEBUG net.serenitybdd.core.photography.DarkroomProcessingLine - Processing screenshot image in /var/screenshots/screenshot-6329662317698420390
20:39:47.166 [Darkroom Processing Line] DEBUG net.serenitybdd.core.photography.DarkroomProcessingLine - Saving screenshot to target\site\serenity\cad01baed9af8df2ee910c81c1d0ff025f93fe1ef63841e68353450ae83d39bb.png
20:39:47.214 [Forwarding screenshot on session 512cd927dc9d73ec77ed721ea07fdbcf to remote] DEBUG org.asynchttpclient.netty.request.NettyRequestSender - Using pooled Channel '[id: 0x39074e66, L:/127.0.0.1:62332 - R:localhost/127.0.0.1:64205]' for 'GET' to 'http://localhost:64205/session/512cd927dc9d73ec77ed721ea07fdbcf/screenshot'
20:39:47.214 [Forwarding screenshot on session 512cd927dc9d73ec77ed721ea07fdbcf to remote] DEBUG org.asynchttpclient.netty.request.NettyRequestSender - Using open Channel [id: 0x39074e66, L:/127.0.0.1:62332 - R:localhost/127.0.0.1:64205] for GET '/session/512cd927dc9d73ec77ed721ea07fdbcf/screenshot'
20:39:47.399 [AsyncHttpClient-1-1] DEBUG org.asynchttpclient.netty.channel.DefaultChannelPool - Entry count for : http://localhost:62334 : 1
20:39:47.575 [AsyncHttpClient-1-3] DEBUG org.asynchttpclient.netty.handler.HttpHandler - 

Request DefaultFullHttpRequest(decodeResult: success, version: HTTP/1.1, content: EmptyByteBufBE)
GET /session/512cd927dc9d73ec77ed721ea07fdbcf/screenshot HTTP/1.1
User-Agent: selenium/4.1.2 (java windows)
Cache-Control: no-cache
Content-Type: application/json; charset=utf-8
host: localhost:64205
accept: */*

Response DefaultHttpResponse(decodeResult: success, version: HTTP/1.1)
HTTP/1.1 200 OK
Content-Type: application/json; charset=utf-8
cache-control: no-cache
content-length: 402800

20:39:47.577 [AsyncHttpClient-1-3] DEBUG org.asynchttpclient.netty.channel.ChannelManager - Adding key: http://localhost:64205 for channel [id: 0x39074e66, L:/127.0.0.1:62332 - R:localhost/127.0.0.1:64205]
20:39:47.606 [main] DEBUG net.serenitybdd.core.photography.Darkroom - Send negative for processing for target\site\serenity\10e8c0e709d0417927f87f8b63834d61ba38a600bbc6e97fc10a0c1049867a85.png
20:39:47.606 [main] DEBUG net.thucydides.core.steps.StepInterceptor - STARTING STEP: PatientDataSteps.clickButtonSimpan - clickButtonSave
20:39:47.607 [Darkroom Processing Line] DEBUG net.serenitybdd.core.photography.DarkroomProcessingLine - Processing screenshot image in /var/screenshots/screenshot-11335088067417142604
20:39:47.607 [Darkroom Processing Line] DEBUG net.serenitybdd.core.photography.DarkroomProcessingLine - Saving screenshot to target\site\serenity\10e8c0e709d0417927f87f8b63834d61ba38a600bbc6e97fc10a0c1049867a85.png
20:39:47.621 [Forwarding findElement on session 512cd927dc9d73ec77ed721ea07fdbcf to remote] DEBUG org.asynchttpclient.netty.request.NettyRequestSender - Using pooled Channel '[id: 0x39074e66, L:/127.0.0.1:62332 - R:localhost/127.0.0.1:64205]' for 'POST' to 'http://localhost:64205/session/512cd927dc9d73ec77ed721ea07fdbcf/element'
20:39:47.621 [Forwarding findElement on session 512cd927dc9d73ec77ed721ea07fdbcf to remote] DEBUG org.asynchttpclient.netty.request.NettyRequestSender - Using open Channel [id: 0x39074e66, L:/127.0.0.1:62332 - R:localhost/127.0.0.1:64205] for POST '/session/512cd927dc9d73ec77ed721ea07fdbcf/element'
20:39:47.655 [AsyncHttpClient-1-3] DEBUG org.asynchttpclient.netty.handler.HttpHandler - 

Request DefaultHttpRequest(decodeResult: success, version: HTTP/1.1)
POST /session/512cd927dc9d73ec77ed721ea07fdbcf/element HTTP/1.1
User-Agent: selenium/4.1.2 (java windows)
Content-Length: 68
Content-Type: application/json; charset=utf-8
host: localhost:64205
accept: */*

Response DefaultHttpResponse(decodeResult: success, version: HTTP/1.1)
HTTP/1.1 200 OK
Content-Type: application/json; charset=utf-8
cache-control: no-cache
content-length: 88

20:39:47.655 [AsyncHttpClient-1-3] DEBUG org.asynchttpclient.netty.channel.ChannelManager - Adding key: http://localhost:64205 for channel [id: 0x39074e66, L:/127.0.0.1:62332 - R:localhost/127.0.0.1:64205]
20:39:47.658 [Forwarding getElementTagName on session 512cd927dc9d73ec77ed721ea07fdbcf to remote] DEBUG org.asynchttpclient.netty.request.NettyRequestSender - Using pooled Channel '[id: 0x39074e66, L:/127.0.0.1:62332 - R:localhost/127.0.0.1:64205]' for 'GET' to 'http://localhost:64205/session/512cd927dc9d73ec77ed721ea07fdbcf/element/aac95fc0-c99f-4b64-9030-cdb085087986/name'
20:39:47.658 [Forwarding getElementTagName on session 512cd927dc9d73ec77ed721ea07fdbcf to remote] DEBUG org.asynchttpclient.netty.request.NettyRequestSender - Using open Channel [id: 0x39074e66, L:/127.0.0.1:62332 - R:localhost/127.0.0.1:64205] for GET '/session/512cd927dc9d73ec77ed721ea07fdbcf/element/aac95fc0-c99f-4b64-9030-cdb085087986/name'
20:39:47.670 [AsyncHttpClient-1-3] DEBUG org.asynchttpclient.netty.handler.HttpHandler - 

Request DefaultFullHttpRequest(decodeResult: success, version: HTTP/1.1, content: EmptyByteBufBE)
GET /session/512cd927dc9d73ec77ed721ea07fdbcf/element/aac95fc0-c99f-4b64-9030-cdb085087986/name HTTP/1.1
User-Agent: selenium/4.1.2 (java windows)
Cache-Control: no-cache
Content-Type: application/json; charset=utf-8
host: localhost:64205
accept: */*

Response DefaultHttpResponse(decodeResult: success, version: HTTP/1.1)
HTTP/1.1 200 OK
Content-Type: application/json; charset=utf-8
cache-control: no-cache
content-length: 18

20:39:47.670 [AsyncHttpClient-1-3] DEBUG org.asynchttpclient.netty.channel.ChannelManager - Adding key: http://localhost:64205 for channel [id: 0x39074e66, L:/127.0.0.1:62332 - R:localhost/127.0.0.1:64205]
20:39:47.673 [Forwarding getElementTagName on session 512cd927dc9d73ec77ed721ea07fdbcf to remote] DEBUG org.asynchttpclient.netty.request.NettyRequestSender - Using pooled Channel '[id: 0x39074e66, L:/127.0.0.1:62332 - R:localhost/127.0.0.1:64205]' for 'GET' to 'http://localhost:64205/session/512cd927dc9d73ec77ed721ea07fdbcf/element/aac95fc0-c99f-4b64-9030-cdb085087986/name'
20:39:47.673 [Forwarding getElementTagName on session 512cd927dc9d73ec77ed721ea07fdbcf to remote] DEBUG org.asynchttpclient.netty.request.NettyRequestSender - Using open Channel [id: 0x39074e66, L:/127.0.0.1:62332 - R:localhost/127.0.0.1:64205] for GET '/session/512cd927dc9d73ec77ed721ea07fdbcf/element/aac95fc0-c99f-4b64-9030-cdb085087986/name'
20:39:47.687 [AsyncHttpClient-1-3] DEBUG org.asynchttpclient.netty.handler.HttpHandler - 

Request DefaultFullHttpRequest(decodeResult: success, version: HTTP/1.1, content: EmptyByteBufBE)
GET /session/512cd927dc9d73ec77ed721ea07fdbcf/element/aac95fc0-c99f-4b64-9030-cdb085087986/name HTTP/1.1
User-Agent: selenium/4.1.2 (java windows)
Cache-Control: no-cache
Content-Type: application/json; charset=utf-8
host: localhost:64205
accept: */*

Response DefaultHttpResponse(decodeResult: success, version: HTTP/1.1)
HTTP/1.1 200 OK
Content-Type: application/json; charset=utf-8
cache-control: no-cache
content-length: 18

20:39:47.687 [AsyncHttpClient-1-3] DEBUG org.asynchttpclient.netty.channel.ChannelManager - Adding key: http://localhost:64205 for channel [id: 0x39074e66, L:/127.0.0.1:62332 - R:localhost/127.0.0.1:64205]
20:39:47.693 [Forwarding isElementEnabled on session 512cd927dc9d73ec77ed721ea07fdbcf to remote] DEBUG org.asynchttpclient.netty.request.NettyRequestSender - Using pooled Channel '[id: 0x39074e66, L:/127.0.0.1:62332 - R:localhost/127.0.0.1:64205]' for 'GET' to 'http://localhost:64205/session/512cd927dc9d73ec77ed721ea07fdbcf/element/aac95fc0-c99f-4b64-9030-cdb085087986/enabled'
20:39:47.693 [Forwarding isElementEnabled on session 512cd927dc9d73ec77ed721ea07fdbcf to remote] DEBUG org.asynchttpclient.netty.request.NettyRequestSender - Using open Channel [id: 0x39074e66, L:/127.0.0.1:62332 - R:localhost/127.0.0.1:64205] for GET '/session/512cd927dc9d73ec77ed721ea07fdbcf/element/aac95fc0-c99f-4b64-9030-cdb085087986/enabled'
20:39:47.713 [AsyncHttpClient-1-3] DEBUG org.asynchttpclient.netty.handler.HttpHandler - 

Request DefaultFullHttpRequest(decodeResult: success, version: HTTP/1.1, content: EmptyByteBufBE)
GET /session/512cd927dc9d73ec77ed721ea07fdbcf/element/aac95fc0-c99f-4b64-9030-cdb085087986/enabled HTTP/1.1
User-Agent: selenium/4.1.2 (java windows)
Cache-Control: no-cache
Content-Type: application/json; charset=utf-8
host: localhost:64205
accept: */*

Response DefaultHttpResponse(decodeResult: success, version: HTTP/1.1)
HTTP/1.1 200 OK
Content-Type: application/json; charset=utf-8
cache-control: no-cache
content-length: 14

20:39:47.713 [AsyncHttpClient-1-3] DEBUG org.asynchttpclient.netty.channel.ChannelManager - Adding key: http://localhost:64205 for channel [id: 0x39074e66, L:/127.0.0.1:62332 - R:localhost/127.0.0.1:64205]
20:39:47.716 [Forwarding isElementEnabled on session 512cd927dc9d73ec77ed721ea07fdbcf to remote] DEBUG org.asynchttpclient.netty.request.NettyRequestSender - Using pooled Channel '[id: 0x39074e66, L:/127.0.0.1:62332 - R:localhost/127.0.0.1:64205]' for 'GET' to 'http://localhost:64205/session/512cd927dc9d73ec77ed721ea07fdbcf/element/aac95fc0-c99f-4b64-9030-cdb085087986/enabled'
20:39:47.716 [Forwarding isElementEnabled on session 512cd927dc9d73ec77ed721ea07fdbcf to remote] DEBUG org.asynchttpclient.netty.request.NettyRequestSender - Using open Channel [id: 0x39074e66, L:/127.0.0.1:62332 - R:localhost/127.0.0.1:64205] for GET '/session/512cd927dc9d73ec77ed721ea07fdbcf/element/aac95fc0-c99f-4b64-9030-cdb085087986/enabled'
20:39:47.729 [AsyncHttpClient-1-3] DEBUG org.asynchttpclient.netty.handler.HttpHandler - 

Request DefaultFullHttpRequest(decodeResult: success, version: HTTP/1.1, content: EmptyByteBufBE)
GET /session/512cd927dc9d73ec77ed721ea07fdbcf/element/aac95fc0-c99f-4b64-9030-cdb085087986/enabled HTTP/1.1
User-Agent: selenium/4.1.2 (java windows)
Cache-Control: no-cache
Content-Type: application/json; charset=utf-8
host: localhost:64205
accept: */*

Response DefaultHttpResponse(decodeResult: success, version: HTTP/1.1)
HTTP/1.1 200 OK
Content-Type: application/json; charset=utf-8
cache-control: no-cache
content-length: 14

20:39:47.730 [AsyncHttpClient-1-3] DEBUG org.asynchttpclient.netty.channel.ChannelManager - Adding key: http://localhost:64205 for channel [id: 0x39074e66, L:/127.0.0.1:62332 - R:localhost/127.0.0.1:64205]
20:39:47.734 [Forwarding findElement on session 512cd927dc9d73ec77ed721ea07fdbcf to remote] DEBUG org.asynchttpclient.netty.request.NettyRequestSender - Using pooled Channel '[id: 0x39074e66, L:/127.0.0.1:62332 - R:localhost/127.0.0.1:64205]' for 'POST' to 'http://localhost:64205/session/512cd927dc9d73ec77ed721ea07fdbcf/element'
20:39:47.734 [Forwarding findElement on session 512cd927dc9d73ec77ed721ea07fdbcf to remote] DEBUG org.asynchttpclient.netty.request.NettyRequestSender - Using open Channel [id: 0x39074e66, L:/127.0.0.1:62332 - R:localhost/127.0.0.1:64205] for POST '/session/512cd927dc9d73ec77ed721ea07fdbcf/element'
20:39:47.777 [AsyncHttpClient-1-3] DEBUG org.asynchttpclient.netty.handler.HttpHandler - 

Request DefaultHttpRequest(decodeResult: success, version: HTTP/1.1)
POST /session/512cd927dc9d73ec77ed721ea07fdbcf/element HTTP/1.1
User-Agent: selenium/4.1.2 (java windows)
Content-Length: 68
Content-Type: application/json; charset=utf-8
host: localhost:64205
accept: */*

Response DefaultHttpResponse(decodeResult: success, version: HTTP/1.1)
HTTP/1.1 200 OK
Content-Type: application/json; charset=utf-8
cache-control: no-cache
content-length: 88

20:39:47.778 [AsyncHttpClient-1-3] DEBUG org.asynchttpclient.netty.channel.ChannelManager - Adding key: http://localhost:64205 for channel [id: 0x39074e66, L:/127.0.0.1:62332 - R:localhost/127.0.0.1:64205]
20:39:47.780 [Forwarding clickElement on session 512cd927dc9d73ec77ed721ea07fdbcf to remote] DEBUG org.asynchttpclient.netty.request.NettyRequestSender - Using pooled Channel '[id: 0x39074e66, L:/127.0.0.1:62332 - R:localhost/127.0.0.1:64205]' for 'POST' to 'http://localhost:64205/session/512cd927dc9d73ec77ed721ea07fdbcf/element/aac95fc0-c99f-4b64-9030-cdb085087986/click'
20:39:47.780 [Forwarding clickElement on session 512cd927dc9d73ec77ed721ea07fdbcf to remote] DEBUG org.asynchttpclient.netty.request.NettyRequestSender - Using open Channel [id: 0x39074e66, L:/127.0.0.1:62332 - R:localhost/127.0.0.1:64205] for POST '/session/512cd927dc9d73ec77ed721ea07fdbcf/element/aac95fc0-c99f-4b64-9030-cdb085087986/click'
20:39:47.896 [AsyncHttpClient-1-3] DEBUG org.asynchttpclient.netty.handler.HttpHandler - 

Request DefaultHttpRequest(decodeResult: success, version: HTTP/1.1)
POST /session/512cd927dc9d73ec77ed721ea07fdbcf/element/aac95fc0-c99f-4b64-9030-cdb085087986/click HTTP/1.1
User-Agent: selenium/4.1.2 (java windows)
Content-Length: 50
Content-Type: application/json; charset=utf-8
host: localhost:64205
accept: */*

Response DefaultHttpResponse(decodeResult: success, version: HTTP/1.1)
HTTP/1.1 200 OK
Content-Type: application/json; charset=utf-8
cache-control: no-cache
content-length: 14

20:39:47.896 [AsyncHttpClient-1-3] DEBUG org.asynchttpclient.netty.channel.ChannelManager - Adding key: http://localhost:64205 for channel [id: 0x39074e66, L:/127.0.0.1:62332 - R:localhost/127.0.0.1:64205]
20:39:47.937 [Forwarding screenshot on session 512cd927dc9d73ec77ed721ea07fdbcf to remote] DEBUG org.asynchttpclient.netty.request.NettyRequestSender - Using pooled Channel '[id: 0x39074e66, L:/127.0.0.1:62332 - R:localhost/127.0.0.1:64205]' for 'GET' to 'http://localhost:64205/session/512cd927dc9d73ec77ed721ea07fdbcf/screenshot'
20:39:47.938 [Forwarding screenshot on session 512cd927dc9d73ec77ed721ea07fdbcf to remote] DEBUG org.asynchttpclient.netty.request.NettyRequestSender - Using open Channel [id: 0x39074e66, L:/127.0.0.1:62332 - R:localhost/127.0.0.1:64205] for GET '/session/512cd927dc9d73ec77ed721ea07fdbcf/screenshot'
20:39:48.495 [AsyncHttpClient-1-1] DEBUG org.asynchttpclient.netty.channel.DefaultChannelPool - Entry count for : http://localhost:62334 : 1
20:39:48.495 [AsyncHttpClient-1-3] DEBUG org.asynchttpclient.netty.handler.HttpHandler - 

Request DefaultFullHttpRequest(decodeResult: success, version: HTTP/1.1, content: EmptyByteBufBE)
GET /session/512cd927dc9d73ec77ed721ea07fdbcf/screenshot HTTP/1.1
User-Agent: selenium/4.1.2 (java windows)
Cache-Control: no-cache
Content-Type: application/json; charset=utf-8
host: localhost:64205
accept: */*

Response DefaultHttpResponse(decodeResult: success, version: HTTP/1.1)
HTTP/1.1 500 Internal Server Error
Content-Type: application/json; charset=utf-8
cache-control: no-cache
content-length: 854

20:39:48.495 [AsyncHttpClient-1-3] DEBUG org.asynchttpclient.netty.channel.ChannelManager - Adding key: http://localhost:64205 for channel [id: 0x39074e66, L:/127.0.0.1:62332 - R:localhost/127.0.0.1:64205]
20:39:48.495 [main] WARN net.thucydides.core.webdriver.WebDriverFacade - Failed to take screenshot (unexpected alert open: <unknown>
  (Session info: chrome=102.0.5005.115): 
Build info: version: '4.1.2', revision: '9a5a329c5a'
System info: host: 'MOOK-HON', ip: '192.168.100.6', os.name: 'Windows 10', os.arch: 'amd64', os.version: '10.0', java.version: '11.0.14'
Driver info: org.openqa.selenium.chrome.ChromeDriver
Command: [512cd927dc9d73ec77ed721ea07fdbcf, screenshot {}]
Capabilities {acceptInsecureCerts: false, browserName: chrome, browserVersion: 102.0.5005.115, chrome: {chromedriverVersion: 102.0.5005.61 (0e59bcc00cc4..., userDataDir: C:\Users\ASUS\AppData\Local...}, goog:chromeOptions: {debuggerAddress: localhost:62334}, javascriptEnabled: true, networkConnectionEnabled: false, pageLoadStrategy: normal, platform: WINDOWS, platformName: WINDOWS, proxy: Proxy(), se:cdp: ws://localhost:62334/devtoo..., se:cdpVersion: 102.0.5005.115, setWindowRect: true, strictFileInteractability: false, timeouts: {implicit: 0, pageLoad: 300000, script: 30000}, unhandledPromptBehavior: dismiss and notify, webauthn:extension:credBlob: true, webauthn:extension:largeBlob: true, webauthn:virtualAuthenticators: true}
Session ID: 512cd927dc9d73ec77ed721ea07fdbcf)
20:39:48.495 [main] DEBUG net.thucydides.core.steps.StepInterceptor - STEP DONE: clickButtonSave
  &amp#27;[32mAnd &amp#27;[0m&amp#27;[32mClick button simpan&amp#27;[0m                                                       &amp#27;[90m# starter.stepdefinitios.PatientDataSteps.clickButtonSimpan()&amp#27;[0m
20:39:48.534 [Forwarding screenshot on session 512cd927dc9d73ec77ed721ea07fdbcf to remote] DEBUG org.asynchttpclient.netty.request.NettyRequestSender - Using pooled Channel '[id: 0x39074e66, L:/127.0.0.1:62332 - R:localhost/127.0.0.1:64205]' for 'GET' to 'http://localhost:64205/session/512cd927dc9d73ec77ed721ea07fdbcf/screenshot'
20:39:48.534 [Forwarding screenshot on session 512cd927dc9d73ec77ed721ea07fdbcf to remote] DEBUG org.asynchttpclient.netty.request.NettyRequestSender - Using open Channel [id: 0x39074e66, L:/127.0.0.1:62332 - R:localhost/127.0.0.1:64205] for GET '/session/512cd927dc9d73ec77ed721ea07fdbcf/screenshot'
20:39:48.585 [AsyncHttpClient-1-3] DEBUG org.asynchttpclient.netty.handler.HttpHandler - 

Request DefaultFullHttpRequest(decodeResult: success, version: HTTP/1.1, content: EmptyByteBufBE)
GET /session/512cd927dc9d73ec77ed721ea07fdbcf/screenshot HTTP/1.1
User-Agent: selenium/4.1.2 (java windows)
Cache-Control: no-cache
Content-Type: application/json; charset=utf-8
host: localhost:64205
accept: */*

Response DefaultHttpResponse(decodeResult: success, version: HTTP/1.1)
HTTP/1.1 500 Internal Server Error
Content-Type: application/json; charset=utf-8
cache-control: no-cache
content-length: 889

20:39:48.585 [AsyncHttpClient-1-3] DEBUG org.asynchttpclient.netty.channel.ChannelManager - Adding key: http://localhost:64205 for channel [id: 0x39074e66, L:/127.0.0.1:62332 - R:localhost/127.0.0.1:64205]
20:39:48.589 [main] WARN net.thucydides.core.webdriver.WebDriverFacade - Failed to take screenshot (unexpected alert open: {Alert text : data telah diubah}
  (Session info: chrome=102.0.5005.115): data telah diubah
Build info: version: '4.1.2', revision: '9a5a329c5a'
System info: host: 'MOOK-HON', ip: '192.168.100.6', os.name: 'Windows 10', os.arch: 'amd64', os.version: '10.0', java.version: '11.0.14'
Driver info: org.openqa.selenium.chrome.ChromeDriver
Command: [512cd927dc9d73ec77ed721ea07fdbcf, screenshot {}]
Capabilities {acceptInsecureCerts: false, browserName: chrome, browserVersion: 102.0.5005.115, chrome: {chromedriverVersion: 102.0.5005.61 (0e59bcc00cc4..., userDataDir: C:\Users\ASUS\AppData\Local...}, goog:chromeOptions: {debuggerAddress: localhost:62334}, javascriptEnabled: true, networkConnectionEnabled: false, pageLoadStrategy: normal, platform: WINDOWS, platformName: WINDOWS, proxy: Proxy(), se:cdp: ws://localhost:62334/devtoo..., se:cdpVersion: 102.0.5005.115, setWindowRect: true, strictFileInteractability: false, timeouts: {implicit: 0, pageLoad: 300000, script: 30000}, unhandledPromptBehavior: dismiss and notify, webauthn:extension:credBlob: true, webauthn:extension:largeBlob: true, webauthn:virtualAuthenticators: true}
Session ID: 512cd927dc9d73ec77ed721ea07fdbcf)
20:39:48.611 [Forwarding screenshot on session 512cd927dc9d73ec77ed721ea07fdbcf to remote] DEBUG org.asynchttpclient.netty.request.NettyRequestSender - Using pooled Channel '[id: 0x39074e66, L:/127.0.0.1:62332 - R:localhost/127.0.0.1:64205]' for 'GET' to 'http://localhost:64205/session/512cd927dc9d73ec77ed721ea07fdbcf/screenshot'
20:39:48.611 [Forwarding screenshot on session 512cd927dc9d73ec77ed721ea07fdbcf to remote] DEBUG org.asynchttpclient.netty.request.NettyRequestSender - Using open Channel [id: 0x39074e66, L:/127.0.0.1:62332 - R:localhost/127.0.0.1:64205] for GET '/session/512cd927dc9d73ec77ed721ea07fdbcf/screenshot'
20:39:49.410 [AsyncHttpClient-1-3] DEBUG org.asynchttpclient.netty.handler.HttpHandler - 

Request DefaultFullHttpRequest(decodeResult: success, version: HTTP/1.1, content: EmptyByteBufBE)
GET /session/512cd927dc9d73ec77ed721ea07fdbcf/screenshot HTTP/1.1
User-Agent: selenium/4.1.2 (java windows)
Cache-Control: no-cache
Content-Type: application/json; charset=utf-8
host: localhost:64205
accept: */*

Response DefaultHttpResponse(decodeResult: success, version: HTTP/1.1)
HTTP/1.1 200 OK
Content-Type: application/json; charset=utf-8
cache-control: no-cache
content-length: 402340

20:39:49.413 [AsyncHttpClient-1-3] DEBUG org.asynchttpclient.netty.channel.ChannelManager - Adding key: http://localhost:64205 for channel [id: 0x39074e66, L:/127.0.0.1:62332 - R:localhost/127.0.0.1:64205]
20:39:49.445 [main] DEBUG net.serenitybdd.core.photography.Darkroom - Send negative for processing for target\site\serenity\9aae71c1c8c22b7358fec5b72a9079930ccafc3408999e76c708920522642f27.png
20:39:49.447 [Darkroom Processing Line] DEBUG net.serenitybdd.core.photography.DarkroomProcessingLine - Processing screenshot image in /var/screenshots/screenshot-3887693608819295914
20:39:49.447 [Darkroom Processing Line] DEBUG net.serenitybdd.core.photography.DarkroomProcessingLine - Saving screenshot to target\site\serenity\9aae71c1c8c22b7358fec5b72a9079930ccafc3408999e76c708920522642f27.png
20:39:49.606 [AsyncHttpClient-1-1] DEBUG org.asynchttpclient.netty.channel.DefaultChannelPool - Entry count for : http://localhost:64205 : 1
20:39:49.606 [AsyncHttpClient-1-1] DEBUG org.asynchttpclient.netty.channel.DefaultChannelPool - Entry count for : http://localhost:62334 : 1
20:39:49.976 [Forwarding screenshot on session 512cd927dc9d73ec77ed721ea07fdbcf to remote] DEBUG org.asynchttpclient.netty.request.NettyRequestSender - Using pooled Channel '[id: 0x39074e66, L:/127.0.0.1:62332 - R:localhost/127.0.0.1:64205]' for 'GET' to 'http://localhost:64205/session/512cd927dc9d73ec77ed721ea07fdbcf/screenshot'
20:39:49.976 [Forwarding screenshot on session 512cd927dc9d73ec77ed721ea07fdbcf to remote] DEBUG org.asynchttpclient.netty.request.NettyRequestSender - Using open Channel [id: 0x39074e66, L:/127.0.0.1:62332 - R:localhost/127.0.0.1:64205] for GET '/session/512cd927dc9d73ec77ed721ea07fdbcf/screenshot'
20:39:50.359 [AsyncHttpClient-1-3] DEBUG org.asynchttpclient.netty.handler.HttpHandler - 

Request DefaultFullHttpRequest(decodeResult: success, version: HTTP/1.1, content: EmptyByteBufBE)
GET /session/512cd927dc9d73ec77ed721ea07fdbcf/screenshot HTTP/1.1
User-Agent: selenium/4.1.2 (java windows)
Cache-Control: no-cache
Content-Type: application/json; charset=utf-8
host: localhost:64205
accept: */*

Response DefaultHttpResponse(decodeResult: success, version: HTTP/1.1)
HTTP/1.1 200 OK
Content-Type: application/json; charset=utf-8
cache-control: no-cache
content-length: 402340

20:39:50.362 [AsyncHttpClient-1-3] DEBUG org.asynchttpclient.netty.channel.ChannelManager - Adding key: http://localhost:64205 for channel [id: 0x39074e66, L:/127.0.0.1:62332 - R:localhost/127.0.0.1:64205]
20:39:50.404 [main] DEBUG net.serenitybdd.core.photography.Darkroom - Send negative for processing for target\site\serenity\9aae71c1c8c22b7358fec5b72a9079930ccafc3408999e76c708920522642f27.png
20:39:50.404 [main] DEBUG net.thucydides.core.steps.StepInterceptor - STARTING STEP: PatientDataSteps.validEditData - clickButtonBack
20:39:50.413 [Forwarding findElement on session 512cd927dc9d73ec77ed721ea07fdbcf to remote] DEBUG org.asynchttpclient.netty.request.NettyRequestSender - Using pooled Channel '[id: 0x39074e66, L:/127.0.0.1:62332 - R:localhost/127.0.0.1:64205]' for 'POST' to 'http://localhost:64205/session/512cd927dc9d73ec77ed721ea07fdbcf/element'
20:39:50.413 [Forwarding findElement on session 512cd927dc9d73ec77ed721ea07fdbcf to remote] DEBUG org.asynchttpclient.netty.request.NettyRequestSender - Using open Channel [id: 0x39074e66, L:/127.0.0.1:62332 - R:localhost/127.0.0.1:64205] for POST '/session/512cd927dc9d73ec77ed721ea07fdbcf/element'
20:39:50.449 [AsyncHttpClient-1-3] DEBUG org.asynchttpclient.netty.handler.HttpHandler - 

Request DefaultHttpRequest(decodeResult: success, version: HTTP/1.1)
POST /session/512cd927dc9d73ec77ed721ea07fdbcf/element HTTP/1.1
User-Agent: selenium/4.1.2 (java windows)
Content-Length: 137
Content-Type: application/json; charset=utf-8
host: localhost:64205
accept: */*

Response DefaultHttpResponse(decodeResult: success, version: HTTP/1.1)
HTTP/1.1 200 OK
Content-Type: application/json; charset=utf-8
cache-control: no-cache
content-length: 88

20:39:50.449 [AsyncHttpClient-1-3] DEBUG org.asynchttpclient.netty.channel.ChannelManager - Adding key: http://localhost:64205 for channel [id: 0x39074e66, L:/127.0.0.1:62332 - R:localhost/127.0.0.1:64205]
20:39:50.454 [Forwarding getElementTagName on session 512cd927dc9d73ec77ed721ea07fdbcf to remote] DEBUG org.asynchttpclient.netty.request.NettyRequestSender - Using pooled Channel '[id: 0x39074e66, L:/127.0.0.1:62332 - R:localhost/127.0.0.1:64205]' for 'GET' to 'http://localhost:64205/session/512cd927dc9d73ec77ed721ea07fdbcf/element/6701784b-1142-4f51-b11f-b504cc4e8079/name'
20:39:50.454 [Forwarding getElementTagName on session 512cd927dc9d73ec77ed721ea07fdbcf to remote] DEBUG org.asynchttpclient.netty.request.NettyRequestSender - Using open Channel [id: 0x39074e66, L:/127.0.0.1:62332 - R:localhost/127.0.0.1:64205] for GET '/session/512cd927dc9d73ec77ed721ea07fdbcf/element/6701784b-1142-4f51-b11f-b504cc4e8079/name'
20:39:50.496 [AsyncHttpClient-1-3] DEBUG org.asynchttpclient.netty.handler.HttpHandler - 

Request DefaultFullHttpRequest(decodeResult: success, version: HTTP/1.1, content: EmptyByteBufBE)
GET /session/512cd927dc9d73ec77ed721ea07fdbcf/element/6701784b-1142-4f51-b11f-b504cc4e8079/name HTTP/1.1
User-Agent: selenium/4.1.2 (java windows)
Cache-Control: no-cache
Content-Type: application/json; charset=utf-8
host: localhost:64205
accept: */*

Response DefaultHttpResponse(decodeResult: success, version: HTTP/1.1)
HTTP/1.1 200 OK
Content-Type: application/json; charset=utf-8
cache-control: no-cache
content-length: 18

20:39:50.497 [AsyncHttpClient-1-3] DEBUG org.asynchttpclient.netty.channel.ChannelManager - Adding key: http://localhost:64205 for channel [id: 0x39074e66, L:/127.0.0.1:62332 - R:localhost/127.0.0.1:64205]
20:39:50.502 [Forwarding getElementTagName on session 512cd927dc9d73ec77ed721ea07fdbcf to remote] DEBUG org.asynchttpclient.netty.request.NettyRequestSender - Using pooled Channel '[id: 0x39074e66, L:/127.0.0.1:62332 - R:localhost/127.0.0.1:64205]' for 'GET' to 'http://localhost:64205/session/512cd927dc9d73ec77ed721ea07fdbcf/element/6701784b-1142-4f51-b11f-b504cc4e8079/name'
20:39:50.502 [Forwarding getElementTagName on session 512cd927dc9d73ec77ed721ea07fdbcf to remote] DEBUG org.asynchttpclient.netty.request.NettyRequestSender - Using open Channel [id: 0x39074e66, L:/127.0.0.1:62332 - R:localhost/127.0.0.1:64205] for GET '/session/512cd927dc9d73ec77ed721ea07fdbcf/element/6701784b-1142-4f51-b11f-b504cc4e8079/name'
20:39:50.574 [AsyncHttpClient-1-3] DEBUG org.asynchttpclient.netty.handler.HttpHandler - 

Request DefaultFullHttpRequest(decodeResult: success, version: HTTP/1.1, content: EmptyByteBufBE)
GET /session/512cd927dc9d73ec77ed721ea07fdbcf/element/6701784b-1142-4f51-b11f-b504cc4e8079/name HTTP/1.1
User-Agent: selenium/4.1.2 (java windows)
Cache-Control: no-cache
Content-Type: application/json; charset=utf-8
host: localhost:64205
accept: */*

Response DefaultHttpResponse(decodeResult: success, version: HTTP/1.1)
HTTP/1.1 200 OK
Content-Type: application/json; charset=utf-8
cache-control: no-cache
content-length: 18

20:39:50.574 [AsyncHttpClient-1-3] DEBUG org.asynchttpclient.netty.channel.ChannelManager - Adding key: http://localhost:64205 for channel [id: 0x39074e66, L:/127.0.0.1:62332 - R:localhost/127.0.0.1:64205]
20:39:50.575 [Forwarding isElementEnabled on session 512cd927dc9d73ec77ed721ea07fdbcf to remote] DEBUG org.asynchttpclient.netty.request.NettyRequestSender - Using pooled Channel '[id: 0x39074e66, L:/127.0.0.1:62332 - R:localhost/127.0.0.1:64205]' for 'GET' to 'http://localhost:64205/session/512cd927dc9d73ec77ed721ea07fdbcf/element/6701784b-1142-4f51-b11f-b504cc4e8079/enabled'
20:39:50.575 [Forwarding isElementEnabled on session 512cd927dc9d73ec77ed721ea07fdbcf to remote] DEBUG org.asynchttpclient.netty.request.NettyRequestSender - Using open Channel [id: 0x39074e66, L:/127.0.0.1:62332 - R:localhost/127.0.0.1:64205] for GET '/session/512cd927dc9d73ec77ed721ea07fdbcf/element/6701784b-1142-4f51-b11f-b504cc4e8079/enabled'
20:39:50.610 [AsyncHttpClient-1-3] DEBUG org.asynchttpclient.netty.handler.HttpHandler - 

Request DefaultFullHttpRequest(decodeResult: success, version: HTTP/1.1, content: EmptyByteBufBE)
GET /session/512cd927dc9d73ec77ed721ea07fdbcf/element/6701784b-1142-4f51-b11f-b504cc4e8079/enabled HTTP/1.1
User-Agent: selenium/4.1.2 (java windows)
Cache-Control: no-cache
Content-Type: application/json; charset=utf-8
host: localhost:64205
accept: */*

Response DefaultHttpResponse(decodeResult: success, version: HTTP/1.1)
HTTP/1.1 200 OK
Content-Type: application/json; charset=utf-8
cache-control: no-cache
content-length: 14

20:39:50.611 [AsyncHttpClient-1-3] DEBUG org.asynchttpclient.netty.channel.ChannelManager - Adding key: http://localhost:64205 for channel [id: 0x39074e66, L:/127.0.0.1:62332 - R:localhost/127.0.0.1:64205]
20:39:50.613 [Forwarding isElementEnabled on session 512cd927dc9d73ec77ed721ea07fdbcf to remote] DEBUG org.asynchttpclient.netty.request.NettyRequestSender - Using pooled Channel '[id: 0x39074e66, L:/127.0.0.1:62332 - R:localhost/127.0.0.1:64205]' for 'GET' to 'http://localhost:64205/session/512cd927dc9d73ec77ed721ea07fdbcf/element/6701784b-1142-4f51-b11f-b504cc4e8079/enabled'
20:39:50.613 [Forwarding isElementEnabled on session 512cd927dc9d73ec77ed721ea07fdbcf to remote] DEBUG org.asynchttpclient.netty.request.NettyRequestSender - Using open Channel [id: 0x39074e66, L:/127.0.0.1:62332 - R:localhost/127.0.0.1:64205] for GET '/session/512cd927dc9d73ec77ed721ea07fdbcf/element/6701784b-1142-4f51-b11f-b504cc4e8079/enabled'
20:39:50.670 [AsyncHttpClient-1-3] DEBUG org.asynchttpclient.netty.handler.HttpHandler - 

Request DefaultFullHttpRequest(decodeResult: success, version: HTTP/1.1, content: EmptyByteBufBE)
GET /session/512cd927dc9d73ec77ed721ea07fdbcf/element/6701784b-1142-4f51-b11f-b504cc4e8079/enabled HTTP/1.1
User-Agent: selenium/4.1.2 (java windows)
Cache-Control: no-cache
Content-Type: application/json; charset=utf-8
host: localhost:64205
accept: */*

Response DefaultHttpResponse(decodeResult: success, version: HTTP/1.1)
HTTP/1.1 200 OK
Content-Type: application/json; charset=utf-8
cache-control: no-cache
content-length: 14

20:39:50.670 [AsyncHttpClient-1-3] DEBUG org.asynchttpclient.netty.channel.ChannelManager - Adding key: http://localhost:64205 for channel [id: 0x39074e66, L:/127.0.0.1:62332 - R:localhost/127.0.0.1:64205]
20:39:50.674 [Forwarding findElement on session 512cd927dc9d73ec77ed721ea07fdbcf to remote] DEBUG org.asynchttpclient.netty.request.NettyRequestSender - Using pooled Channel '[id: 0x39074e66, L:/127.0.0.1:62332 - R:localhost/127.0.0.1:64205]' for 'POST' to 'http://localhost:64205/session/512cd927dc9d73ec77ed721ea07fdbcf/element'
20:39:50.674 [Forwarding findElement on session 512cd927dc9d73ec77ed721ea07fdbcf to remote] DEBUG org.asynchttpclient.netty.request.NettyRequestSender - Using open Channel [id: 0x39074e66, L:/127.0.0.1:62332 - R:localhost/127.0.0.1:64205] for POST '/session/512cd927dc9d73ec77ed721ea07fdbcf/element'
20:39:50.699 [AsyncHttpClient-1-1] DEBUG org.asynchttpclient.netty.channel.DefaultChannelPool - Entry count for : http://localhost:62334 : 1
20:39:50.702 [AsyncHttpClient-1-3] DEBUG org.asynchttpclient.netty.handler.HttpHandler - 

Request DefaultHttpRequest(decodeResult: success, version: HTTP/1.1)
POST /session/512cd927dc9d73ec77ed721ea07fdbcf/element HTTP/1.1
User-Agent: selenium/4.1.2 (java windows)
Content-Length: 137
Content-Type: application/json; charset=utf-8
host: localhost:64205
accept: */*

Response DefaultHttpResponse(decodeResult: success, version: HTTP/1.1)
HTTP/1.1 200 OK
Content-Type: application/json; charset=utf-8
cache-control: no-cache
content-length: 88

20:39:50.703 [AsyncHttpClient-1-3] DEBUG org.asynchttpclient.netty.channel.ChannelManager - Adding key: http://localhost:64205 for channel [id: 0x39074e66, L:/127.0.0.1:62332 - R:localhost/127.0.0.1:64205]
20:39:50.705 [Forwarding clickElement on session 512cd927dc9d73ec77ed721ea07fdbcf to remote] DEBUG org.asynchttpclient.netty.request.NettyRequestSender - Using pooled Channel '[id: 0x39074e66, L:/127.0.0.1:62332 - R:localhost/127.0.0.1:64205]' for 'POST' to 'http://localhost:64205/session/512cd927dc9d73ec77ed721ea07fdbcf/element/6701784b-1142-4f51-b11f-b504cc4e8079/click'
20:39:50.705 [Forwarding clickElement on session 512cd927dc9d73ec77ed721ea07fdbcf to remote] DEBUG org.asynchttpclient.netty.request.NettyRequestSender - Using open Channel [id: 0x39074e66, L:/127.0.0.1:62332 - R:localhost/127.0.0.1:64205] for POST '/session/512cd927dc9d73ec77ed721ea07fdbcf/element/6701784b-1142-4f51-b11f-b504cc4e8079/click'
20:39:51.340 [AsyncHttpClient-1-3] DEBUG org.asynchttpclient.netty.handler.HttpHandler - 

Request DefaultHttpRequest(decodeResult: success, version: HTTP/1.1)
POST /session/512cd927dc9d73ec77ed721ea07fdbcf/element/6701784b-1142-4f51-b11f-b504cc4e8079/click HTTP/1.1
User-Agent: selenium/4.1.2 (java windows)
Content-Length: 50
Content-Type: application/json; charset=utf-8
host: localhost:64205
accept: */*

Response DefaultHttpResponse(decodeResult: success, version: HTTP/1.1)
HTTP/1.1 200 OK
Content-Type: application/json; charset=utf-8
cache-control: no-cache
content-length: 14

20:39:51.340 [AsyncHttpClient-1-3] DEBUG org.asynchttpclient.netty.channel.ChannelManager - Adding key: http://localhost:64205 for channel [id: 0x39074e66, L:/127.0.0.1:62332 - R:localhost/127.0.0.1:64205]
20:39:51.363 [Forwarding screenshot on session 512cd927dc9d73ec77ed721ea07fdbcf to remote] DEBUG org.asynchttpclient.netty.request.NettyRequestSender - Using pooled Channel '[id: 0x39074e66, L:/127.0.0.1:62332 - R:localhost/127.0.0.1:64205]' for 'GET' to 'http://localhost:64205/session/512cd927dc9d73ec77ed721ea07fdbcf/screenshot'
20:39:51.363 [Forwarding screenshot on session 512cd927dc9d73ec77ed721ea07fdbcf to remote] DEBUG org.asynchttpclient.netty.request.NettyRequestSender - Using open Channel [id: 0x39074e66, L:/127.0.0.1:62332 - R:localhost/127.0.0.1:64205] for GET '/session/512cd927dc9d73ec77ed721ea07fdbcf/screenshot'
20:39:51.832 [AsyncHttpClient-1-1] DEBUG org.asynchttpclient.netty.channel.DefaultChannelPool - Entry count for : http://localhost:62334 : 1
20:39:52.246 [AsyncHttpClient-1-3] DEBUG org.asynchttpclient.netty.handler.HttpHandler - 

Request DefaultFullHttpRequest(decodeResult: success, version: HTTP/1.1, content: EmptyByteBufBE)
GET /session/512cd927dc9d73ec77ed721ea07fdbcf/screenshot HTTP/1.1
User-Agent: selenium/4.1.2 (java windows)
Cache-Control: no-cache
Content-Type: application/json; charset=utf-8
host: localhost:64205
accept: */*

Response DefaultHttpResponse(decodeResult: success, version: HTTP/1.1)
HTTP/1.1 200 OK
Content-Type: application/json; charset=utf-8
cache-control: no-cache
content-length: 392816

20:39:52.250 [AsyncHttpClient-1-3] DEBUG org.asynchttpclient.netty.channel.ChannelManager - Adding key: http://localhost:64205 for channel [id: 0x39074e66, L:/127.0.0.1:62332 - R:localhost/127.0.0.1:64205]
20:39:52.283 [main] DEBUG net.serenitybdd.core.photography.Darkroom - Send negative for processing for target\site\serenity\825fb35c1720409216e693686f6918cc565ee5cab7ad29779d51bb15e724cddb.png
20:39:52.283 [main] DEBUG net.thucydides.core.steps.StepInterceptor - STEP DONE: clickButtonBack
20:39:52.306 [main] DEBUG net.thucydides.core.steps.StepInterceptor - STARTING STEP: PatientDataSteps.validEditData - checkValidDataPasien
20:39:52.324 [Forwarding findElement on session 512cd927dc9d73ec77ed721ea07fdbcf to remote] DEBUG org.asynchttpclient.netty.request.NettyRequestSender - Using pooled Channel '[id: 0x39074e66, L:/127.0.0.1:62332 - R:localhost/127.0.0.1:64205]' for 'POST' to 'http://localhost:64205/session/512cd927dc9d73ec77ed721ea07fdbcf/element'
20:39:52.324 [Forwarding findElement on session 512cd927dc9d73ec77ed721ea07fdbcf to remote] DEBUG org.asynchttpclient.netty.request.NettyRequestSender - Using open Channel [id: 0x39074e66, L:/127.0.0.1:62332 - R:localhost/127.0.0.1:64205] for POST '/session/512cd927dc9d73ec77ed721ea07fdbcf/element'
20:39:52.705 [AsyncHttpClient-1-3] DEBUG org.asynchttpclient.netty.handler.HttpHandler - 

Request DefaultHttpRequest(decodeResult: success, version: HTTP/1.1)
POST /session/512cd927dc9d73ec77ed721ea07fdbcf/element HTTP/1.1
User-Agent: selenium/4.1.2 (java windows)
Content-Length: 95
Content-Type: application/json; charset=utf-8
host: localhost:64205
accept: */*

Response DefaultHttpResponse(decodeResult: success, version: HTTP/1.1)
HTTP/1.1 200 OK
Content-Type: application/json; charset=utf-8
cache-control: no-cache
content-length: 88

20:39:52.705 [AsyncHttpClient-1-3] DEBUG org.asynchttpclient.netty.channel.ChannelManager - Adding key: http://localhost:64205 for channel [id: 0x39074e66, L:/127.0.0.1:62332 - R:localhost/127.0.0.1:64205]
20:39:52.706 [Forwarding isElementEnabled on session 512cd927dc9d73ec77ed721ea07fdbcf to remote] DEBUG org.asynchttpclient.netty.request.NettyRequestSender - Using pooled Channel '[id: 0x39074e66, L:/127.0.0.1:62332 - R:localhost/127.0.0.1:64205]' for 'GET' to 'http://localhost:64205/session/512cd927dc9d73ec77ed721ea07fdbcf/element/bdd895b2-1145-4a24-a051-ba952d394181/enabled'
20:39:52.706 [Forwarding isElementEnabled on session 512cd927dc9d73ec77ed721ea07fdbcf to remote] DEBUG org.asynchttpclient.netty.request.NettyRequestSender - Using open Channel [id: 0x39074e66, L:/127.0.0.1:62332 - R:localhost/127.0.0.1:64205] for GET '/session/512cd927dc9d73ec77ed721ea07fdbcf/element/bdd895b2-1145-4a24-a051-ba952d394181/enabled'
20:39:52.763 [AsyncHttpClient-1-3] DEBUG org.asynchttpclient.netty.handler.HttpHandler - 

Request DefaultFullHttpRequest(decodeResult: success, version: HTTP/1.1, content: EmptyByteBufBE)
GET /session/512cd927dc9d73ec77ed721ea07fdbcf/element/bdd895b2-1145-4a24-a051-ba952d394181/enabled HTTP/1.1
User-Agent: selenium/4.1.2 (java windows)
Cache-Control: no-cache
Content-Type: application/json; charset=utf-8
host: localhost:64205
accept: */*

Response DefaultHttpResponse(decodeResult: success, version: HTTP/1.1)
HTTP/1.1 200 OK
Content-Type: application/json; charset=utf-8
cache-control: no-cache
content-length: 14

20:39:52.763 [AsyncHttpClient-1-3] DEBUG org.asynchttpclient.netty.channel.ChannelManager - Adding key: http://localhost:64205 for channel [id: 0x39074e66, L:/127.0.0.1:62332 - R:localhost/127.0.0.1:64205]
20:39:52.776 [Forwarding screenshot on session 512cd927dc9d73ec77ed721ea07fdbcf to remote] DEBUG org.asynchttpclient.netty.request.NettyRequestSender - Using pooled Channel '[id: 0x39074e66, L:/127.0.0.1:62332 - R:localhost/127.0.0.1:64205]' for 'GET' to 'http://localhost:64205/session/512cd927dc9d73ec77ed721ea07fdbcf/screenshot'
20:39:52.776 [Forwarding screenshot on session 512cd927dc9d73ec77ed721ea07fdbcf to remote] DEBUG org.asynchttpclient.netty.request.NettyRequestSender - Using open Channel [id: 0x39074e66, L:/127.0.0.1:62332 - R:localhost/127.0.0.1:64205] for GET '/session/512cd927dc9d73ec77ed721ea07fdbcf/screenshot'
20:39:52.894 [AsyncHttpClient-1-1] DEBUG org.asynchttpclient.netty.channel.DefaultChannelPool - Entry count for : http://localhost:62334 : 1
20:39:53.303 [AsyncHttpClient-1-3] DEBUG org.asynchttpclient.netty.handler.HttpHandler - 

Request DefaultFullHttpRequest(decodeResult: success, version: HTTP/1.1, content: EmptyByteBufBE)
GET /session/512cd927dc9d73ec77ed721ea07fdbcf/screenshot HTTP/1.1
User-Agent: selenium/4.1.2 (java windows)
Cache-Control: no-cache
Content-Type: application/json; charset=utf-8
host: localhost:64205
accept: */*

Response DefaultHttpResponse(decodeResult: success, version: HTTP/1.1)
HTTP/1.1 200 OK
Content-Type: application/json; charset=utf-8
cache-control: no-cache
content-length: 399288

20:39:53.304 [AsyncHttpClient-1-3] DEBUG org.asynchttpclient.netty.channel.ChannelManager - Adding key: http://localhost:64205 for channel [id: 0x39074e66, L:/127.0.0.1:62332 - R:localhost/127.0.0.1:64205]
20:39:53.337 [main] DEBUG net.serenitybdd.core.photography.Darkroom - Send negative for processing for target\site\serenity\72bab072f9c64e60086ba7288253d10ccf8527a0d6432e4bf477370a458e649e.png
20:39:53.337 [main] DEBUG net.thucydides.core.steps.StepInterceptor - STEP DONE: checkValidDataPasien
  &amp#27;[32mAnd &amp#27;[0m&amp#27;[32mValid edit data&amp#27;[0m                                                           &amp#27;[90m# starter.stepdefinitios.PatientDataSteps.validEditData()&amp#27;[0m
20:39:53.338 [Darkroom Processing Line] DEBUG net.serenitybdd.core.photography.DarkroomProcessingLine - Processing screenshot image in /var/screenshots/screenshot-3601195316936447688
20:39:53.338 [Darkroom Processing Line] DEBUG net.serenitybdd.core.photography.DarkroomProcessingLine - Saving screenshot to target\site\serenity\72bab072f9c64e60086ba7288253d10ccf8527a0d6432e4bf477370a458e649e.png
20:39:53.379 [AsyncHttpClient-1-5] DEBUG org.asynchttpclient.netty.handler.WebSocketHandler - Channel Closed: [id: 0xcc07fa3a, L:/127.0.0.1:62344 ! R:localhost/127.0.0.1:62334] with attribute NettyResponseFuture{currentRetry=5,
	isDone=1,
	isCancelled=0,
	asyncHandler=org.asynchttpclient.ws.WebSocketUpgradeHandler@638a0f0a,
	nettyRequest=org.asynchttpclient.netty.request.NettyRequest@2f53bd03,
	future=java.util.concurrent.CompletableFuture@52312865[Completed normally],
	uri=ws://localhost:62334/devtools/browser/470bd860-f087-4439-a9a5-1fece2390e9e,
	keepAlive=true,
	redirectCount=0,
	timeoutsHolder=null,
	inAuth=0,
	touch=1655991574627}
20:39:53.379 [AsyncHttpClient-1-5] DEBUG org.asynchttpclient.netty.channel.ChannelManager - Closing Channel [id: 0xcc07fa3a, L:/127.0.0.1:62344 ! R:localhost/127.0.0.1:62334] 
20:39:53.383 [Driver Command Executor] DEBUG org.asynchttpclient.netty.request.NettyRequestSender - Using pooled Channel '[id: 0x39074e66, L:/127.0.0.1:62332 - R:localhost/127.0.0.1:64205]' for 'DELETE' to 'http://localhost:64205/session/512cd927dc9d73ec77ed721ea07fdbcf'
20:39:53.383 [Driver Command Executor] DEBUG org.asynchttpclient.netty.request.NettyRequestSender - Using open Channel [id: 0x39074e66, L:/127.0.0.1:62332 - R:localhost/127.0.0.1:64205] for DELETE '/session/512cd927dc9d73ec77ed721ea07fdbcf'
20:39:53.969 [AsyncHttpClient-1-4] DEBUG org.asynchttpclient.netty.handler.HttpHandler - Unexpected I/O exception on channel [id: 0xfacdab9e, L:/127.0.0.1:62343 - R:localhost/127.0.0.1:62334]
java.io.IOException: An existing connection was forcibly closed by the remote host
	at java.base/sun.nio.ch.SocketDispatcher.read0(Native Method)
	at java.base/sun.nio.ch.SocketDispatcher.read(SocketDispatcher.java:43)
	at java.base/sun.nio.ch.IOUtil.readIntoNativeBuffer(IOUtil.java:276)
	at java.base/sun.nio.ch.IOUtil.read(IOUtil.java:233)
	at java.base/sun.nio.ch.IOUtil.read(IOUtil.java:223)
	at java.base/sun.nio.ch.SocketChannelImpl.read(SocketChannelImpl.java:358)
	at io.netty.buffer.PooledByteBuf.setBytes(PooledByteBuf.java:258)
	at io.netty.buffer.AbstractByteBuf.writeBytes(AbstractByteBuf.java:1132)
	at io.netty.channel.socket.nio.NioSocketChannel.doReadBytes(NioSocketChannel.java:350)
	at io.netty.channel.nio.AbstractNioByteChannel$NioByteUnsafe.read(AbstractNioByteChannel.java:151)
	at io.netty.channel.nio.NioEventLoop.processSelectedKey(NioEventLoop.java:722)
	at io.netty.channel.nio.NioEventLoop.processSelectedKeysOptimized(NioEventLoop.java:658)
	at io.netty.channel.nio.NioEventLoop.processSelectedKeys(NioEventLoop.java:584)
	at io.netty.channel.nio.NioEventLoop.run(NioEventLoop.java:496)
	at io.netty.util.concurrent.SingleThreadEventExecutor$4.run(SingleThreadEventExecutor.java:986)
	at io.netty.util.internal.ThreadExecutorMap$2.run(ThreadExecutorMap.java:74)
	at io.netty.util.concurrent.FastThreadLocalRunnable.run(FastThreadLocalRunnable.java:30)
	at java.base/java.lang.Thread.run(Thread.java:834)
20:39:53.969 [AsyncHttpClient-1-4] DEBUG org.asynchttpclient.netty.channel.ChannelManager - Closing Channel [id: 0xfacdab9e, L:/127.0.0.1:62343 - R:localhost/127.0.0.1:62334] 
20:39:53.970 [AsyncHttpClient-1-4] DEBUG org.asynchttpclient.netty.handler.HttpHandler - Channel Closed: [id: 0xfacdab9e, L:/127.0.0.1:62343 ! R:localhost/127.0.0.1:62334] with attribute DISCARD
20:39:53.998 [AsyncHttpClient-1-3] DEBUG org.asynchttpclient.netty.handler.HttpHandler - 

Request DefaultFullHttpRequest(decodeResult: success, version: HTTP/1.1, content: EmptyByteBufBE)
DELETE /session/512cd927dc9d73ec77ed721ea07fdbcf HTTP/1.1
User-Agent: selenium/4.1.2 (java windows)
Content-Type: application/json; charset=utf-8
host: localhost:64205
accept: */*

Response DefaultHttpResponse(decodeResult: success, version: HTTP/1.1)
HTTP/1.1 200 OK
Content-Type: application/json; charset=utf-8
cache-control: no-cache
content-length: 14

20:39:53.998 [AsyncHttpClient-1-3] DEBUG org.asynchttpclient.netty.channel.ChannelManager - Adding key: http://localhost:64205 for channel [id: 0x39074e66, L:/127.0.0.1:62332 - R:localhost/127.0.0.1:64205]
20:39:53.999 [AsyncHttpClient-1-1] DEBUG org.asynchttpclient.netty.channel.DefaultChannelPool - Entry count for : http://localhost:64205 : 1
20:39:53.999 [AsyncHttpClient-1-1] DEBUG org.asynchttpclient.netty.channel.DefaultChannelPool - Entry count for : http://localhost:62334 : 1
20:39:54.000 [AsyncHttpClient-1-1] DEBUG org.asynchttpclient.netty.channel.DefaultChannelPool - Adding Candidate expired Channel [id: 0xfacdab9e, L:/127.0.0.1:62343 ! R:localhost/127.0.0.1:62334] isIdleTimeoutExpired=false isRemotelyClosed=true isTtlExpired=false
20:39:54.000 [AsyncHttpClient-1-1] DEBUG org.asynchttpclient.netty.channel.DefaultChannelPool - Closing Idle Channel [id: 0xfacdab9e, L:/127.0.0.1:62343 ! R:localhost/127.0.0.1:62334]
20:39:54.000 [AsyncHttpClient-1-1] DEBUG org.asynchttpclient.netty.channel.DefaultChannelPool - Closed 1 connections out of 2 in 0 ms
20:39:54.389 [AsyncHttpClient-1-3] DEBUG org.asynchttpclient.netty.handler.HttpHandler - Channel Closed: [id: 0x39074e66, L:/127.0.0.1:62332 ! R:localhost/127.0.0.1:64205] with attribute DISCARD
]]></system-out>
    <system-err><![CDATA[Starting ChromeDriver 102.0.5005.61 (0e59bcc00cc4985ce39ad31c150065f159d95ad3-refs/branch-heads/5005@{#819}) on port 64205
Only local connections are allowed.
Please see https://chromedriver.chromium.org/security-considerations for suggestions on keeping ChromeDriver safe.
ChromeDriver was started successfully.
Jun 23, 2022 8:39:34 PM org.openqa.selenium.remote.ProtocolHandshake createSession
INFO: Detected dialect: W3C
Jun 23, 2022 8:39:34 PM org.openqa.selenium.devtools.CdpVersionFinder findNearestMatch
WARNING: Unable to find an exact match for CDP version 102, so returning the closest version found: a no-op implementation
Jun 23, 2022 8:39:34 PM org.openqa.selenium.devtools.CdpVersionFinder findNearestMatch
INFO: Unable to find CDP implementation matching 102.
Jun 23, 2022 8:39:34 PM org.openqa.selenium.chromium.ChromiumDriver lambda$new$3
WARNING: Unable to find version of CDP to use for . You may need to include a dependency on a specific version of the CDP using something similar to `org.seleniumhq.selenium:selenium-devtools-v86:4.1.2` where the version ("v86") matches the version of the chromium-based browser you're using and the version number of the artifact is the same as Selenium's.
[1655991588.499][WARNING]: unexpected alert open: {Alert text : data telah diubah}, cancelling screenshot
]]></system-err>
  </testcase>
  <testcase name="As a admin i want to edit data pasien #5" classname="Edit Data Pasien - Admin" time="32.911">
    <system-out><![CDATA[
@EditPatientData
Scenario Outline: As a admin i want to edit data pasien                         &amp#27;[90m# src/test/resources/features/EditDataPasien.feature:19&amp#27;[0m
20:39:54.953 [main] INFO io.cucumber.core.plugin.SerenityReporter - Running feature from file:///D:/Kel-1-capstone/TestingWeb/src/test/resources/features/EditDataPasien.feature
20:39:55.031 [main] DEBUG net.thucydides.core.steps.StepInterceptor - STARTING STEP: PatientDataSteps.openPageDataPasien - openDataPasien
20:39:55.034 [main] INFO net.serenitybdd.core.webdriver.driverproviders.ChromeDriverProvider - Using automatically driver download
20:39:55.108 [AsyncHttpClient-1-1] DEBUG org.asynchttpclient.netty.channel.DefaultChannelPool - Entry count for : http://localhost:64205 : 1
20:39:55.109 [AsyncHttpClient-1-1] DEBUG org.asynchttpclient.netty.channel.DefaultChannelPool - Adding Candidate expired Channel [id: 0x39074e66, L:/127.0.0.1:62332 ! R:localhost/127.0.0.1:64205] isIdleTimeoutExpired=false isRemotelyClosed=true isTtlExpired=false
20:39:55.109 [AsyncHttpClient-1-1] DEBUG org.asynchttpclient.netty.channel.DefaultChannelPool - Closing Idle Channel [id: 0x39074e66, L:/127.0.0.1:62332 ! R:localhost/127.0.0.1:64205]
20:39:55.109 [AsyncHttpClient-1-1] DEBUG org.asynchttpclient.netty.channel.DefaultChannelPool - Closed 1 connections out of 1 in 0 ms
20:39:55.516 [main] DEBUG io.github.bonigarcia.wdm.cache.ResolutionCache - Resolution chrome=102 in cache (valid until 21:04:30 23/06/2022 ICT)
20:39:55.535 [main] DEBUG io.github.bonigarcia.wdm.cache.ResolutionCache - Resolution chrome102=102.0.5005.61 in cache (valid until 20:04:30 24/06/2022 ICT)
20:39:55.543 [main] INFO io.github.bonigarcia.wdm.WebDriverManager - Using chromedriver 102.0.5005.61 (resolved driver for Chrome 102)
20:39:55.637 [main] DEBUG io.github.bonigarcia.wdm.WebDriverManager - Driver chromedriver 102.0.5005.61 found in cache
20:39:55.639 [main] INFO io.github.bonigarcia.wdm.WebDriverManager - Exporting webdriver.chrome.driver as C:\Users\ASUS\.cache\selenium\chromedriver\win32\102.0.5005.61\chromedriver.exe
20:39:55.916 [main] DEBUG net.serenitybdd.core.webdriver.driverproviders.ProvideNewDriver - Instantiating driver
20:39:55.916 [main] DEBUG net.serenitybdd.core.webdriver.driverproviders.ProvideNewDriver - Driver capabilities: Capabilities {acceptInsecureCerts: false, base.url: https://fanciful-trifle-360..., browserName: chrome, chorme.driver: src/test/resources/webdrive..., driver: chrome, goog:chromeOptions: {args: [], extensions: []}}
20:39:56.495 [AsyncHttpClient-1-6] DEBUG org.asynchttpclient.netty.channel.NettyConnectListener - Using new Channel '[id: 0x010d1a7b, L:/127.0.0.1:62378 - R:localhost/127.0.0.1:64961]' for 'POST' to '/session'
20:39:58.354 [AsyncHttpClient-1-6] DEBUG org.asynchttpclient.netty.handler.HttpHandler - 

Request DefaultHttpRequest(decodeResult: success, version: HTTP/1.1)
POST /session HTTP/1.1
User-Agent: selenium/4.1.2 (java windows)
Content-Length: 629
Content-Type: application/json; charset=utf-8
host: localhost:64961
accept: */*

Response DefaultHttpResponse(decodeResult: success, version: HTTP/1.1)
HTTP/1.1 200 OK
Content-Type: application/json; charset=utf-8
cache-control: no-cache
content-length: 790

20:39:58.354 [AsyncHttpClient-1-6] DEBUG org.asynchttpclient.netty.channel.ChannelManager - Adding key: http://localhost:64961 for channel [id: 0x010d1a7b, L:/127.0.0.1:62378 - R:localhost/127.0.0.1:64961]
20:39:58.393 [AsyncHttpClient-1-7] DEBUG org.asynchttpclient.netty.channel.NettyConnectListener - Using new Channel '[id: 0xd952ebef, L:/127.0.0.1:62389 - R:localhost/127.0.0.1:62379]' for 'GET' to '/json/version'
20:39:58.399 [AsyncHttpClient-1-7] DEBUG org.asynchttpclient.netty.handler.HttpHandler - 

Request DefaultFullHttpRequest(decodeResult: success, version: HTTP/1.1, content: EmptyByteBufBE)
GET /json/version HTTP/1.1
User-Agent: selenium/4.1.2 (java windows)
host: localhost:62379
accept: */*

Response DefaultHttpResponse(decodeResult: success, version: HTTP/1.1)
HTTP/1.1 200 OK
Content-Type: application/json; charset=UTF-8
content-length: 428

20:39:58.400 [AsyncHttpClient-1-7] DEBUG org.asynchttpclient.netty.channel.ChannelManager - Adding key: http://localhost:62379 for channel [id: 0xd952ebef, L:/127.0.0.1:62389 - R:localhost/127.0.0.1:62379]
20:39:58.407 [AsyncHttpClient-1-1] DEBUG org.asynchttpclient.netty.channel.DefaultChannelPool - Entry count for : http://localhost:62379 : 1
20:39:58.407 [AsyncHttpClient-1-1] DEBUG org.asynchttpclient.netty.channel.DefaultChannelPool - Entry count for : http://localhost:64961 : 1
20:39:58.408 [AsyncHttpClient-1-8] DEBUG org.asynchttpclient.netty.channel.NettyConnectListener - Using new Channel '[id: 0x9d890d8c, L:/127.0.0.1:62390 - R:localhost/127.0.0.1:62379]' for 'GET' to '/devtools/browser/0dd5c0bd-b101-4d7b-9b69-b1493265135c'
20:39:58.409 [AsyncHttpClient-1-8] DEBUG org.asynchttpclient.netty.handler.WebSocketHandler - 

Request DefaultFullHttpRequest(decodeResult: success, version: HTTP/1.1, content: EmptyByteBufBE)
GET /devtools/browser/0dd5c0bd-b101-4d7b-9b69-b1493265135c HTTP/1.1
upgrade: websocket
connection: upgrade
sec-websocket-key: KLbkFwg31pGhZ96Z6kToDA==
sec-websocket-version: 13
origin: http://localhost:62379
host: localhost:62379
accept: */*
user-agent: AHC/2.1

Response DefaultHttpResponse(decodeResult: success, version: HTTP/1.1)
HTTP/1.1 101 WebSocket Protocol Handshake
Upgrade: WebSocket
Connection: Upgrade
Sec-WebSocket-Accept: ttsMo13lZIFxodumiaBt8w8gbHw=

20:39:58.424 [Forwarding get on session efc3a61174bfb4fe588d4f0f7a4ff491 to remote] DEBUG org.asynchttpclient.netty.request.NettyRequestSender - Using pooled Channel '[id: 0x010d1a7b, L:/127.0.0.1:62378 - R:localhost/127.0.0.1:64961]' for 'POST' to 'http://localhost:64961/session/efc3a61174bfb4fe588d4f0f7a4ff491/url'
20:39:58.424 [Forwarding get on session efc3a61174bfb4fe588d4f0f7a4ff491 to remote] DEBUG org.asynchttpclient.netty.request.NettyRequestSender - Using open Channel [id: 0x010d1a7b, L:/127.0.0.1:62378 - R:localhost/127.0.0.1:64961] for POST '/session/efc3a61174bfb4fe588d4f0f7a4ff491/url'
20:39:59.437 [AsyncHttpClient-1-6] DEBUG org.asynchttpclient.netty.handler.HttpHandler - 

Request DefaultHttpRequest(decodeResult: success, version: HTTP/1.1)
POST /session/efc3a61174bfb4fe588d4f0f7a4ff491/url HTTP/1.1
User-Agent: selenium/4.1.2 (java windows)
Content-Length: 84
Content-Type: application/json; charset=utf-8
host: localhost:64961
accept: */*

Response DefaultHttpResponse(decodeResult: success, version: HTTP/1.1)
HTTP/1.1 200 OK
Content-Type: application/json; charset=utf-8
cache-control: no-cache
content-length: 14

20:39:59.437 [AsyncHttpClient-1-6] DEBUG org.asynchttpclient.netty.channel.ChannelManager - Adding key: http://localhost:64961 for channel [id: 0x010d1a7b, L:/127.0.0.1:62378 - R:localhost/127.0.0.1:64961]
20:39:59.440 [Forwarding setTimeout on session efc3a61174bfb4fe588d4f0f7a4ff491 to remote] DEBUG org.asynchttpclient.netty.request.NettyRequestSender - Using pooled Channel '[id: 0x010d1a7b, L:/127.0.0.1:62378 - R:localhost/127.0.0.1:64961]' for 'POST' to 'http://localhost:64961/session/efc3a61174bfb4fe588d4f0f7a4ff491/timeouts'
20:39:59.440 [Forwarding setTimeout on session efc3a61174bfb4fe588d4f0f7a4ff491 to remote] DEBUG org.asynchttpclient.netty.request.NettyRequestSender - Using open Channel [id: 0x010d1a7b, L:/127.0.0.1:62378 - R:localhost/127.0.0.1:64961] for POST '/session/efc3a61174bfb4fe588d4f0f7a4ff491/timeouts'
20:39:59.441 [AsyncHttpClient-1-6] DEBUG org.asynchttpclient.netty.handler.HttpHandler - 

Request DefaultHttpRequest(decodeResult: success, version: HTTP/1.1)
POST /session/efc3a61174bfb4fe588d4f0f7a4ff491/timeouts HTTP/1.1
User-Agent: selenium/4.1.2 (java windows)
Content-Length: 22
Content-Type: application/json; charset=utf-8
host: localhost:64961
accept: */*

Response DefaultHttpResponse(decodeResult: success, version: HTTP/1.1)
HTTP/1.1 200 OK
Content-Type: application/json; charset=utf-8
cache-control: no-cache
content-length: 14

20:39:59.442 [AsyncHttpClient-1-6] DEBUG org.asynchttpclient.netty.channel.ChannelManager - Adding key: http://localhost:64961 for channel [id: 0x010d1a7b, L:/127.0.0.1:62378 - R:localhost/127.0.0.1:64961]
20:39:59.449 [Forwarding getCurrentUrl on session efc3a61174bfb4fe588d4f0f7a4ff491 to remote] DEBUG org.asynchttpclient.netty.request.NettyRequestSender - Using pooled Channel '[id: 0x010d1a7b, L:/127.0.0.1:62378 - R:localhost/127.0.0.1:64961]' for 'GET' to 'http://localhost:64961/session/efc3a61174bfb4fe588d4f0f7a4ff491/url'
20:39:59.449 [Forwarding getCurrentUrl on session efc3a61174bfb4fe588d4f0f7a4ff491 to remote] DEBUG org.asynchttpclient.netty.request.NettyRequestSender - Using open Channel [id: 0x010d1a7b, L:/127.0.0.1:62378 - R:localhost/127.0.0.1:64961] for GET '/session/efc3a61174bfb4fe588d4f0f7a4ff491/url'
20:39:59.506 [AsyncHttpClient-1-1] DEBUG org.asynchttpclient.netty.channel.DefaultChannelPool - Entry count for : http://localhost:62379 : 1
20:39:59.508 [AsyncHttpClient-1-6] DEBUG org.asynchttpclient.netty.handler.HttpHandler - 

Request DefaultFullHttpRequest(decodeResult: success, version: HTTP/1.1, content: EmptyByteBufBE)
GET /session/efc3a61174bfb4fe588d4f0f7a4ff491/url HTTP/1.1
User-Agent: selenium/4.1.2 (java windows)
Cache-Control: no-cache
Content-Type: application/json; charset=utf-8
host: localhost:64961
accept: */*

Response DefaultHttpResponse(decodeResult: success, version: HTTP/1.1)
HTTP/1.1 200 OK
Content-Type: application/json; charset=utf-8
cache-control: no-cache
content-length: 66

20:39:59.508 [AsyncHttpClient-1-6] DEBUG org.asynchttpclient.netty.channel.ChannelManager - Adding key: http://localhost:64961 for channel [id: 0x010d1a7b, L:/127.0.0.1:62378 - R:localhost/127.0.0.1:64961]
20:39:59.521 [Forwarding screenshot on session efc3a61174bfb4fe588d4f0f7a4ff491 to remote] DEBUG org.asynchttpclient.netty.request.NettyRequestSender - Using pooled Channel '[id: 0x010d1a7b, L:/127.0.0.1:62378 - R:localhost/127.0.0.1:64961]' for 'GET' to 'http://localhost:64961/session/efc3a61174bfb4fe588d4f0f7a4ff491/screenshot'
20:39:59.521 [Forwarding screenshot on session efc3a61174bfb4fe588d4f0f7a4ff491 to remote] DEBUG org.asynchttpclient.netty.request.NettyRequestSender - Using open Channel [id: 0x010d1a7b, L:/127.0.0.1:62378 - R:localhost/127.0.0.1:64961] for GET '/session/efc3a61174bfb4fe588d4f0f7a4ff491/screenshot'
20:40:00.596 [AsyncHttpClient-1-1] DEBUG org.asynchttpclient.netty.channel.DefaultChannelPool - Entry count for : http://localhost:62379 : 1
20:40:00.607 [AsyncHttpClient-1-6] DEBUG org.asynchttpclient.netty.handler.HttpHandler - 

Request DefaultFullHttpRequest(decodeResult: success, version: HTTP/1.1, content: EmptyByteBufBE)
GET /session/efc3a61174bfb4fe588d4f0f7a4ff491/screenshot HTTP/1.1
User-Agent: selenium/4.1.2 (java windows)
Cache-Control: no-cache
Content-Type: application/json; charset=utf-8
host: localhost:64961
accept: */*

Response DefaultHttpResponse(decodeResult: success, version: HTTP/1.1)
HTTP/1.1 200 OK
Content-Type: application/json; charset=utf-8
cache-control: no-cache
content-length: 66608

20:40:00.608 [AsyncHttpClient-1-6] DEBUG org.asynchttpclient.netty.channel.ChannelManager - Adding key: http://localhost:64961 for channel [id: 0x010d1a7b, L:/127.0.0.1:62378 - R:localhost/127.0.0.1:64961]
20:40:00.620 [main] DEBUG net.serenitybdd.core.photography.Darkroom - Send negative for processing for target\site\serenity\3b111ae00db26295d7ecbde886ea4451aead6619240013077047abd82e88d678.png
20:40:00.620 [main] DEBUG net.thucydides.core.steps.StepInterceptor - STEP DONE: openDataPasien
  &amp#27;[32mGiven &amp#27;[0m&amp#27;[32mOpen page data pasien&amp#27;[0m                                                   &amp#27;[90m# starter.stepdefinitios.PatientDataSteps.openPageDataPasien()&amp#27;[0m
20:40:00.621 [Darkroom Processing Line] DEBUG net.serenitybdd.core.photography.DarkroomProcessingLine - Processing screenshot image in /var/screenshots/screenshot-16812081011391477129
20:40:00.621 [Darkroom Processing Line] DEBUG net.serenitybdd.core.photography.DarkroomProcessingLine - Saving screenshot to target\site\serenity\3b111ae00db26295d7ecbde886ea4451aead6619240013077047abd82e88d678.png
20:40:00.676 [Forwarding screenshot on session efc3a61174bfb4fe588d4f0f7a4ff491 to remote] DEBUG org.asynchttpclient.netty.request.NettyRequestSender - Using pooled Channel '[id: 0x010d1a7b, L:/127.0.0.1:62378 - R:localhost/127.0.0.1:64961]' for 'GET' to 'http://localhost:64961/session/efc3a61174bfb4fe588d4f0f7a4ff491/screenshot'
20:40:00.676 [Forwarding screenshot on session efc3a61174bfb4fe588d4f0f7a4ff491 to remote] DEBUG org.asynchttpclient.netty.request.NettyRequestSender - Using open Channel [id: 0x010d1a7b, L:/127.0.0.1:62378 - R:localhost/127.0.0.1:64961] for GET '/session/efc3a61174bfb4fe588d4f0f7a4ff491/screenshot'
20:40:00.879 [AsyncHttpClient-1-6] DEBUG org.asynchttpclient.netty.handler.HttpHandler - 

Request DefaultFullHttpRequest(decodeResult: success, version: HTTP/1.1, content: EmptyByteBufBE)
GET /session/efc3a61174bfb4fe588d4f0f7a4ff491/screenshot HTTP/1.1
User-Agent: selenium/4.1.2 (java windows)
Cache-Control: no-cache
Content-Type: application/json; charset=utf-8
host: localhost:64961
accept: */*

Response DefaultHttpResponse(decodeResult: success, version: HTTP/1.1)
HTTP/1.1 200 OK
Content-Type: application/json; charset=utf-8
cache-control: no-cache
content-length: 85648

20:40:00.880 [AsyncHttpClient-1-6] DEBUG org.asynchttpclient.netty.channel.ChannelManager - Adding key: http://localhost:64961 for channel [id: 0x010d1a7b, L:/127.0.0.1:62378 - R:localhost/127.0.0.1:64961]
20:40:00.889 [main] DEBUG net.serenitybdd.core.photography.Darkroom - Send negative for processing for target\site\serenity\1c40df945a7336a5635ef3fc61fb6620357b7c8a5cc51f19b35852a7893313d6.png
20:40:00.890 [main] DEBUG net.thucydides.core.steps.StepInterceptor - STARTING STEP: PatientDataSteps.clickDetailPatientData - clickButtonDetail
20:40:00.890 [Darkroom Processing Line] DEBUG net.serenitybdd.core.photography.DarkroomProcessingLine - Processing screenshot image in /var/screenshots/screenshot-7875351188344751804
20:40:00.891 [Darkroom Processing Line] DEBUG net.serenitybdd.core.photography.DarkroomProcessingLine - Saving screenshot to target\site\serenity\1c40df945a7336a5635ef3fc61fb6620357b7c8a5cc51f19b35852a7893313d6.png
20:40:00.897 [Forwarding findElement on session efc3a61174bfb4fe588d4f0f7a4ff491 to remote] DEBUG org.asynchttpclient.netty.request.NettyRequestSender - Using pooled Channel '[id: 0x010d1a7b, L:/127.0.0.1:62378 - R:localhost/127.0.0.1:64961]' for 'POST' to 'http://localhost:64961/session/efc3a61174bfb4fe588d4f0f7a4ff491/element'
20:40:00.897 [Forwarding findElement on session efc3a61174bfb4fe588d4f0f7a4ff491 to remote] DEBUG org.asynchttpclient.netty.request.NettyRequestSender - Using open Channel [id: 0x010d1a7b, L:/127.0.0.1:62378 - R:localhost/127.0.0.1:64961] for POST '/session/efc3a61174bfb4fe588d4f0f7a4ff491/element'
20:40:00.922 [AsyncHttpClient-1-6] DEBUG org.asynchttpclient.netty.handler.HttpHandler - 

Request DefaultHttpRequest(decodeResult: success, version: HTTP/1.1)
POST /session/efc3a61174bfb4fe588d4f0f7a4ff491/element HTTP/1.1
User-Agent: selenium/4.1.2 (java windows)
Content-Length: 92
Content-Type: application/json; charset=utf-8
host: localhost:64961
accept: */*

Response DefaultHttpResponse(decodeResult: success, version: HTTP/1.1)
HTTP/1.1 200 OK
Content-Type: application/json; charset=utf-8
cache-control: no-cache
content-length: 88

20:40:00.922 [AsyncHttpClient-1-6] DEBUG org.asynchttpclient.netty.channel.ChannelManager - Adding key: http://localhost:64961 for channel [id: 0x010d1a7b, L:/127.0.0.1:62378 - R:localhost/127.0.0.1:64961]
20:40:00.924 [Forwarding getElementTagName on session efc3a61174bfb4fe588d4f0f7a4ff491 to remote] DEBUG org.asynchttpclient.netty.request.NettyRequestSender - Using pooled Channel '[id: 0x010d1a7b, L:/127.0.0.1:62378 - R:localhost/127.0.0.1:64961]' for 'GET' to 'http://localhost:64961/session/efc3a61174bfb4fe588d4f0f7a4ff491/element/811dfcac-e45e-4945-8ee9-243f6353d98e/name'
20:40:00.925 [Forwarding getElementTagName on session efc3a61174bfb4fe588d4f0f7a4ff491 to remote] DEBUG org.asynchttpclient.netty.request.NettyRequestSender - Using open Channel [id: 0x010d1a7b, L:/127.0.0.1:62378 - R:localhost/127.0.0.1:64961] for GET '/session/efc3a61174bfb4fe588d4f0f7a4ff491/element/811dfcac-e45e-4945-8ee9-243f6353d98e/name'
20:40:00.934 [AsyncHttpClient-1-6] DEBUG org.asynchttpclient.netty.handler.HttpHandler - 

Request DefaultFullHttpRequest(decodeResult: success, version: HTTP/1.1, content: EmptyByteBufBE)
GET /session/efc3a61174bfb4fe588d4f0f7a4ff491/element/811dfcac-e45e-4945-8ee9-243f6353d98e/name HTTP/1.1
User-Agent: selenium/4.1.2 (java windows)
Cache-Control: no-cache
Content-Type: application/json; charset=utf-8
host: localhost:64961
accept: */*

Response DefaultHttpResponse(decodeResult: success, version: HTTP/1.1)
HTTP/1.1 200 OK
Content-Type: application/json; charset=utf-8
cache-control: no-cache
content-length: 15

20:40:00.934 [AsyncHttpClient-1-6] DEBUG org.asynchttpclient.netty.channel.ChannelManager - Adding key: http://localhost:64961 for channel [id: 0x010d1a7b, L:/127.0.0.1:62378 - R:localhost/127.0.0.1:64961]
20:40:00.936 [Forwarding getElementTagName on session efc3a61174bfb4fe588d4f0f7a4ff491 to remote] DEBUG org.asynchttpclient.netty.request.NettyRequestSender - Using pooled Channel '[id: 0x010d1a7b, L:/127.0.0.1:62378 - R:localhost/127.0.0.1:64961]' for 'GET' to 'http://localhost:64961/session/efc3a61174bfb4fe588d4f0f7a4ff491/element/811dfcac-e45e-4945-8ee9-243f6353d98e/name'
20:40:00.936 [Forwarding getElementTagName on session efc3a61174bfb4fe588d4f0f7a4ff491 to remote] DEBUG org.asynchttpclient.netty.request.NettyRequestSender - Using open Channel [id: 0x010d1a7b, L:/127.0.0.1:62378 - R:localhost/127.0.0.1:64961] for GET '/session/efc3a61174bfb4fe588d4f0f7a4ff491/element/811dfcac-e45e-4945-8ee9-243f6353d98e/name'
20:40:00.943 [AsyncHttpClient-1-6] DEBUG org.asynchttpclient.netty.handler.HttpHandler - 

Request DefaultFullHttpRequest(decodeResult: success, version: HTTP/1.1, content: EmptyByteBufBE)
GET /session/efc3a61174bfb4fe588d4f0f7a4ff491/element/811dfcac-e45e-4945-8ee9-243f6353d98e/name HTTP/1.1
User-Agent: selenium/4.1.2 (java windows)
Cache-Control: no-cache
Content-Type: application/json; charset=utf-8
host: localhost:64961
accept: */*

Response DefaultHttpResponse(decodeResult: success, version: HTTP/1.1)
HTTP/1.1 200 OK
Content-Type: application/json; charset=utf-8
cache-control: no-cache
content-length: 15

20:40:00.943 [AsyncHttpClient-1-6] DEBUG org.asynchttpclient.netty.channel.ChannelManager - Adding key: http://localhost:64961 for channel [id: 0x010d1a7b, L:/127.0.0.1:62378 - R:localhost/127.0.0.1:64961]
20:40:00.947 [Forwarding findElement on session efc3a61174bfb4fe588d4f0f7a4ff491 to remote] DEBUG org.asynchttpclient.netty.request.NettyRequestSender - Using pooled Channel '[id: 0x010d1a7b, L:/127.0.0.1:62378 - R:localhost/127.0.0.1:64961]' for 'POST' to 'http://localhost:64961/session/efc3a61174bfb4fe588d4f0f7a4ff491/element'
20:40:00.947 [Forwarding findElement on session efc3a61174bfb4fe588d4f0f7a4ff491 to remote] DEBUG org.asynchttpclient.netty.request.NettyRequestSender - Using open Channel [id: 0x010d1a7b, L:/127.0.0.1:62378 - R:localhost/127.0.0.1:64961] for POST '/session/efc3a61174bfb4fe588d4f0f7a4ff491/element'
20:40:00.963 [AsyncHttpClient-1-6] DEBUG org.asynchttpclient.netty.handler.HttpHandler - 

Request DefaultHttpRequest(decodeResult: success, version: HTTP/1.1)
POST /session/efc3a61174bfb4fe588d4f0f7a4ff491/element HTTP/1.1
User-Agent: selenium/4.1.2 (java windows)
Content-Length: 92
Content-Type: application/json; charset=utf-8
host: localhost:64961
accept: */*

Response DefaultHttpResponse(decodeResult: success, version: HTTP/1.1)
HTTP/1.1 200 OK
Content-Type: application/json; charset=utf-8
cache-control: no-cache
content-length: 88

20:40:00.963 [AsyncHttpClient-1-6] DEBUG org.asynchttpclient.netty.channel.ChannelManager - Adding key: http://localhost:64961 for channel [id: 0x010d1a7b, L:/127.0.0.1:62378 - R:localhost/127.0.0.1:64961]
20:40:00.965 [Forwarding clickElement on session efc3a61174bfb4fe588d4f0f7a4ff491 to remote] DEBUG org.asynchttpclient.netty.request.NettyRequestSender - Using pooled Channel '[id: 0x010d1a7b, L:/127.0.0.1:62378 - R:localhost/127.0.0.1:64961]' for 'POST' to 'http://localhost:64961/session/efc3a61174bfb4fe588d4f0f7a4ff491/element/811dfcac-e45e-4945-8ee9-243f6353d98e/click'
20:40:00.965 [Forwarding clickElement on session efc3a61174bfb4fe588d4f0f7a4ff491 to remote] DEBUG org.asynchttpclient.netty.request.NettyRequestSender - Using open Channel [id: 0x010d1a7b, L:/127.0.0.1:62378 - R:localhost/127.0.0.1:64961] for POST '/session/efc3a61174bfb4fe588d4f0f7a4ff491/element/811dfcac-e45e-4945-8ee9-243f6353d98e/click'
20:40:01.304 [AsyncHttpClient-1-6] DEBUG org.asynchttpclient.netty.handler.HttpHandler - 

Request DefaultHttpRequest(decodeResult: success, version: HTTP/1.1)
POST /session/efc3a61174bfb4fe588d4f0f7a4ff491/element/811dfcac-e45e-4945-8ee9-243f6353d98e/click HTTP/1.1
User-Agent: selenium/4.1.2 (java windows)
Content-Length: 50
Content-Type: application/json; charset=utf-8
host: localhost:64961
accept: */*

Response DefaultHttpResponse(decodeResult: success, version: HTTP/1.1)
HTTP/1.1 200 OK
Content-Type: application/json; charset=utf-8
cache-control: no-cache
content-length: 14

20:40:01.304 [AsyncHttpClient-1-6] DEBUG org.asynchttpclient.netty.channel.ChannelManager - Adding key: http://localhost:64961 for channel [id: 0x010d1a7b, L:/127.0.0.1:62378 - R:localhost/127.0.0.1:64961]
20:40:01.338 [Forwarding screenshot on session efc3a61174bfb4fe588d4f0f7a4ff491 to remote] DEBUG org.asynchttpclient.netty.request.NettyRequestSender - Using pooled Channel '[id: 0x010d1a7b, L:/127.0.0.1:62378 - R:localhost/127.0.0.1:64961]' for 'GET' to 'http://localhost:64961/session/efc3a61174bfb4fe588d4f0f7a4ff491/screenshot'
20:40:01.339 [Forwarding screenshot on session efc3a61174bfb4fe588d4f0f7a4ff491 to remote] DEBUG org.asynchttpclient.netty.request.NettyRequestSender - Using open Channel [id: 0x010d1a7b, L:/127.0.0.1:62378 - R:localhost/127.0.0.1:64961] for GET '/session/efc3a61174bfb4fe588d4f0f7a4ff491/screenshot'
20:40:01.716 [AsyncHttpClient-1-1] DEBUG org.asynchttpclient.netty.channel.DefaultChannelPool - Entry count for : http://localhost:62379 : 1
20:40:02.223 [AsyncHttpClient-1-6] DEBUG org.asynchttpclient.netty.handler.HttpHandler - 

Request DefaultFullHttpRequest(decodeResult: success, version: HTTP/1.1, content: EmptyByteBufBE)
GET /session/efc3a61174bfb4fe588d4f0f7a4ff491/screenshot HTTP/1.1
User-Agent: selenium/4.1.2 (java windows)
Cache-Control: no-cache
Content-Type: application/json; charset=utf-8
host: localhost:64961
accept: */*

Response DefaultHttpResponse(decodeResult: success, version: HTTP/1.1)
HTTP/1.1 200 OK
Content-Type: application/json; charset=utf-8
cache-control: no-cache
content-length: 399056

20:40:02.225 [AsyncHttpClient-1-6] DEBUG org.asynchttpclient.netty.channel.ChannelManager - Adding key: http://localhost:64961 for channel [id: 0x010d1a7b, L:/127.0.0.1:62378 - R:localhost/127.0.0.1:64961]
20:40:02.255 [main] DEBUG net.serenitybdd.core.photography.Darkroom - Send negative for processing for target\site\serenity\3a09e0a90ab3e9985fa817def8ddc7226d6bcec3fcd01262745c3a50ebf75e49.png
20:40:02.256 [main] DEBUG net.thucydides.core.steps.StepInterceptor - STEP DONE: clickButtonDetail
  &amp#27;[32mAnd &amp#27;[0m&amp#27;[32mClick Detail Patient data&amp#27;[0m                                                 &amp#27;[90m# starter.stepdefinitios.PatientDataSteps.clickDetailPatientData()&amp#27;[0m
20:40:02.258 [Darkroom Processing Line] DEBUG net.serenitybdd.core.photography.DarkroomProcessingLine - Processing screenshot image in /var/screenshots/screenshot-13714085089840699034
20:40:02.258 [Darkroom Processing Line] DEBUG net.serenitybdd.core.photography.DarkroomProcessingLine - Saving screenshot to target\site\serenity\3a09e0a90ab3e9985fa817def8ddc7226d6bcec3fcd01262745c3a50ebf75e49.png
20:40:02.308 [Forwarding screenshot on session efc3a61174bfb4fe588d4f0f7a4ff491 to remote] DEBUG org.asynchttpclient.netty.request.NettyRequestSender - Using pooled Channel '[id: 0x010d1a7b, L:/127.0.0.1:62378 - R:localhost/127.0.0.1:64961]' for 'GET' to 'http://localhost:64961/session/efc3a61174bfb4fe588d4f0f7a4ff491/screenshot'
20:40:02.308 [Forwarding screenshot on session efc3a61174bfb4fe588d4f0f7a4ff491 to remote] DEBUG org.asynchttpclient.netty.request.NettyRequestSender - Using open Channel [id: 0x010d1a7b, L:/127.0.0.1:62378 - R:localhost/127.0.0.1:64961] for GET '/session/efc3a61174bfb4fe588d4f0f7a4ff491/screenshot'
20:40:02.791 [AsyncHttpClient-1-1] DEBUG org.asynchttpclient.netty.channel.DefaultChannelPool - Entry count for : http://localhost:62379 : 1
20:40:02.799 [AsyncHttpClient-1-6] DEBUG org.asynchttpclient.netty.handler.HttpHandler - 

Request DefaultFullHttpRequest(decodeResult: success, version: HTTP/1.1, content: EmptyByteBufBE)
GET /session/efc3a61174bfb4fe588d4f0f7a4ff491/screenshot HTTP/1.1
User-Agent: selenium/4.1.2 (java windows)
Cache-Control: no-cache
Content-Type: application/json; charset=utf-8
host: localhost:64961
accept: */*

Response DefaultHttpResponse(decodeResult: success, version: HTTP/1.1)
HTTP/1.1 200 OK
Content-Type: application/json; charset=utf-8
cache-control: no-cache
content-length: 398752

20:40:02.801 [AsyncHttpClient-1-6] DEBUG org.asynchttpclient.netty.channel.ChannelManager - Adding key: http://localhost:64961 for channel [id: 0x010d1a7b, L:/127.0.0.1:62378 - R:localhost/127.0.0.1:64961]
20:40:02.833 [main] DEBUG net.serenitybdd.core.photography.Darkroom - Send negative for processing for target\site\serenity\288fa3a9ba5ca5fe7d2e45f5e77821fe8d10b25b9c88a377b1dea9d5c5258e76.png
20:40:02.834 [Darkroom Processing Line] DEBUG net.serenitybdd.core.photography.DarkroomProcessingLine - Processing screenshot image in /var/screenshots/screenshot-10900641849946587492
20:40:02.835 [Darkroom Processing Line] DEBUG net.serenitybdd.core.photography.DarkroomProcessingLine - Saving screenshot to target\site\serenity\288fa3a9ba5ca5fe7d2e45f5e77821fe8d10b25b9c88a377b1dea9d5c5258e76.png
20:40:03.373 [Forwarding screenshot on session efc3a61174bfb4fe588d4f0f7a4ff491 to remote] DEBUG org.asynchttpclient.netty.request.NettyRequestSender - Using pooled Channel '[id: 0x010d1a7b, L:/127.0.0.1:62378 - R:localhost/127.0.0.1:64961]' for 'GET' to 'http://localhost:64961/session/efc3a61174bfb4fe588d4f0f7a4ff491/screenshot'
20:40:03.373 [Forwarding screenshot on session efc3a61174bfb4fe588d4f0f7a4ff491 to remote] DEBUG org.asynchttpclient.netty.request.NettyRequestSender - Using open Channel [id: 0x010d1a7b, L:/127.0.0.1:62378 - R:localhost/127.0.0.1:64961] for GET '/session/efc3a61174bfb4fe588d4f0f7a4ff491/screenshot'
20:40:03.703 [AsyncHttpClient-1-6] DEBUG org.asynchttpclient.netty.handler.HttpHandler - 

Request DefaultFullHttpRequest(decodeResult: success, version: HTTP/1.1, content: EmptyByteBufBE)
GET /session/efc3a61174bfb4fe588d4f0f7a4ff491/screenshot HTTP/1.1
User-Agent: selenium/4.1.2 (java windows)
Cache-Control: no-cache
Content-Type: application/json; charset=utf-8
host: localhost:64961
accept: */*

Response DefaultHttpResponse(decodeResult: success, version: HTTP/1.1)
HTTP/1.1 200 OK
Content-Type: application/json; charset=utf-8
cache-control: no-cache
content-length: 398752

20:40:03.703 [AsyncHttpClient-1-6] DEBUG org.asynchttpclient.netty.channel.ChannelManager - Adding key: http://localhost:64961 for channel [id: 0x010d1a7b, L:/127.0.0.1:62378 - R:localhost/127.0.0.1:64961]
20:40:03.734 [main] DEBUG net.serenitybdd.core.photography.Darkroom - Send negative for processing for target\site\serenity\288fa3a9ba5ca5fe7d2e45f5e77821fe8d10b25b9c88a377b1dea9d5c5258e76.png
20:40:03.734 [main] DEBUG net.thucydides.core.steps.StepInterceptor - STARTING STEP: PatientDataSteps.validData - checkValidDataPasien
20:40:03.734 [Forwarding findElement on session efc3a61174bfb4fe588d4f0f7a4ff491 to remote] DEBUG org.asynchttpclient.netty.request.NettyRequestSender - Using pooled Channel '[id: 0x010d1a7b, L:/127.0.0.1:62378 - R:localhost/127.0.0.1:64961]' for 'POST' to 'http://localhost:64961/session/efc3a61174bfb4fe588d4f0f7a4ff491/element'
20:40:03.734 [Forwarding findElement on session efc3a61174bfb4fe588d4f0f7a4ff491 to remote] DEBUG org.asynchttpclient.netty.request.NettyRequestSender - Using open Channel [id: 0x010d1a7b, L:/127.0.0.1:62378 - R:localhost/127.0.0.1:64961] for POST '/session/efc3a61174bfb4fe588d4f0f7a4ff491/element'
20:40:03.786 [AsyncHttpClient-1-6] DEBUG org.asynchttpclient.netty.handler.HttpHandler - 

Request DefaultHttpRequest(decodeResult: success, version: HTTP/1.1)
POST /session/efc3a61174bfb4fe588d4f0f7a4ff491/element HTTP/1.1
User-Agent: selenium/4.1.2 (java windows)
Content-Length: 95
Content-Type: application/json; charset=utf-8
host: localhost:64961
accept: */*

Response DefaultHttpResponse(decodeResult: success, version: HTTP/1.1)
HTTP/1.1 200 OK
Content-Type: application/json; charset=utf-8
cache-control: no-cache
content-length: 88

20:40:03.786 [AsyncHttpClient-1-6] DEBUG org.asynchttpclient.netty.channel.ChannelManager - Adding key: http://localhost:64961 for channel [id: 0x010d1a7b, L:/127.0.0.1:62378 - R:localhost/127.0.0.1:64961]
20:40:03.787 [Forwarding isElementEnabled on session efc3a61174bfb4fe588d4f0f7a4ff491 to remote] DEBUG org.asynchttpclient.netty.request.NettyRequestSender - Using pooled Channel '[id: 0x010d1a7b, L:/127.0.0.1:62378 - R:localhost/127.0.0.1:64961]' for 'GET' to 'http://localhost:64961/session/efc3a61174bfb4fe588d4f0f7a4ff491/element/3ac067a0-54a4-431d-b9d5-d1a69aff4025/enabled'
20:40:03.787 [Forwarding isElementEnabled on session efc3a61174bfb4fe588d4f0f7a4ff491 to remote] DEBUG org.asynchttpclient.netty.request.NettyRequestSender - Using open Channel [id: 0x010d1a7b, L:/127.0.0.1:62378 - R:localhost/127.0.0.1:64961] for GET '/session/efc3a61174bfb4fe588d4f0f7a4ff491/element/3ac067a0-54a4-431d-b9d5-d1a69aff4025/enabled'
20:40:03.807 [AsyncHttpClient-1-6] DEBUG org.asynchttpclient.netty.handler.HttpHandler - 

Request DefaultFullHttpRequest(decodeResult: success, version: HTTP/1.1, content: EmptyByteBufBE)
GET /session/efc3a61174bfb4fe588d4f0f7a4ff491/element/3ac067a0-54a4-431d-b9d5-d1a69aff4025/enabled HTTP/1.1
User-Agent: selenium/4.1.2 (java windows)
Cache-Control: no-cache
Content-Type: application/json; charset=utf-8
host: localhost:64961
accept: */*

Response DefaultHttpResponse(decodeResult: success, version: HTTP/1.1)
HTTP/1.1 200 OK
Content-Type: application/json; charset=utf-8
cache-control: no-cache
content-length: 14

20:40:03.807 [AsyncHttpClient-1-6] DEBUG org.asynchttpclient.netty.channel.ChannelManager - Adding key: http://localhost:64961 for channel [id: 0x010d1a7b, L:/127.0.0.1:62378 - R:localhost/127.0.0.1:64961]
20:40:03.823 [Forwarding screenshot on session efc3a61174bfb4fe588d4f0f7a4ff491 to remote] DEBUG org.asynchttpclient.netty.request.NettyRequestSender - Using pooled Channel '[id: 0x010d1a7b, L:/127.0.0.1:62378 - R:localhost/127.0.0.1:64961]' for 'GET' to 'http://localhost:64961/session/efc3a61174bfb4fe588d4f0f7a4ff491/screenshot'
20:40:03.823 [Forwarding screenshot on session efc3a61174bfb4fe588d4f0f7a4ff491 to remote] DEBUG org.asynchttpclient.netty.request.NettyRequestSender - Using open Channel [id: 0x010d1a7b, L:/127.0.0.1:62378 - R:localhost/127.0.0.1:64961] for GET '/session/efc3a61174bfb4fe588d4f0f7a4ff491/screenshot'
20:40:03.898 [AsyncHttpClient-1-1] DEBUG org.asynchttpclient.netty.channel.DefaultChannelPool - Entry count for : http://localhost:62379 : 1
20:40:04.292 [AsyncHttpClient-1-6] DEBUG org.asynchttpclient.netty.handler.HttpHandler - 

Request DefaultFullHttpRequest(decodeResult: success, version: HTTP/1.1, content: EmptyByteBufBE)
GET /session/efc3a61174bfb4fe588d4f0f7a4ff491/screenshot HTTP/1.1
User-Agent: selenium/4.1.2 (java windows)
Cache-Control: no-cache
Content-Type: application/json; charset=utf-8
host: localhost:64961
accept: */*

Response DefaultHttpResponse(decodeResult: success, version: HTTP/1.1)
HTTP/1.1 200 OK
Content-Type: application/json; charset=utf-8
cache-control: no-cache
content-length: 398752

20:40:04.294 [AsyncHttpClient-1-6] DEBUG org.asynchttpclient.netty.channel.ChannelManager - Adding key: http://localhost:64961 for channel [id: 0x010d1a7b, L:/127.0.0.1:62378 - R:localhost/127.0.0.1:64961]
20:40:04.312 [main] DEBUG net.serenitybdd.core.photography.Darkroom - Send negative for processing for target\site\serenity\288fa3a9ba5ca5fe7d2e45f5e77821fe8d10b25b9c88a377b1dea9d5c5258e76.png
20:40:04.312 [main] DEBUG net.thucydides.core.steps.StepInterceptor - STEP DONE: checkValidDataPasien
  &amp#27;[32mWhen &amp#27;[0m&amp#27;[32mValid data detail pasien&amp#27;[0m                                                 &amp#27;[90m# starter.stepdefinitios.PatientDataSteps.validData()&amp#27;[0m
20:40:04.374 [Forwarding screenshot on session efc3a61174bfb4fe588d4f0f7a4ff491 to remote] DEBUG org.asynchttpclient.netty.request.NettyRequestSender - Using pooled Channel '[id: 0x010d1a7b, L:/127.0.0.1:62378 - R:localhost/127.0.0.1:64961]' for 'GET' to 'http://localhost:64961/session/efc3a61174bfb4fe588d4f0f7a4ff491/screenshot'
20:40:04.374 [Forwarding screenshot on session efc3a61174bfb4fe588d4f0f7a4ff491 to remote] DEBUG org.asynchttpclient.netty.request.NettyRequestSender - Using open Channel [id: 0x010d1a7b, L:/127.0.0.1:62378 - R:localhost/127.0.0.1:64961] for GET '/session/efc3a61174bfb4fe588d4f0f7a4ff491/screenshot'
20:40:04.773 [AsyncHttpClient-1-6] DEBUG org.asynchttpclient.netty.handler.HttpHandler - 

Request DefaultFullHttpRequest(decodeResult: success, version: HTTP/1.1, content: EmptyByteBufBE)
GET /session/efc3a61174bfb4fe588d4f0f7a4ff491/screenshot HTTP/1.1
User-Agent: selenium/4.1.2 (java windows)
Cache-Control: no-cache
Content-Type: application/json; charset=utf-8
host: localhost:64961
accept: */*

Response DefaultHttpResponse(decodeResult: success, version: HTTP/1.1)
HTTP/1.1 200 OK
Content-Type: application/json; charset=utf-8
cache-control: no-cache
content-length: 398752

20:40:04.788 [AsyncHttpClient-1-6] DEBUG org.asynchttpclient.netty.channel.ChannelManager - Adding key: http://localhost:64961 for channel [id: 0x010d1a7b, L:/127.0.0.1:62378 - R:localhost/127.0.0.1:64961]
20:40:04.821 [main] DEBUG net.serenitybdd.core.photography.Darkroom - Send negative for processing for target\site\serenity\288fa3a9ba5ca5fe7d2e45f5e77821fe8d10b25b9c88a377b1dea9d5c5258e76.png
20:40:04.822 [main] DEBUG net.thucydides.core.steps.StepInterceptor - STARTING STEP: PatientDataSteps.clickButtonEditProfil - clickButtonEditDataPasien
20:40:04.829 [Forwarding findElement on session efc3a61174bfb4fe588d4f0f7a4ff491 to remote] DEBUG org.asynchttpclient.netty.request.NettyRequestSender - Using pooled Channel '[id: 0x010d1a7b, L:/127.0.0.1:62378 - R:localhost/127.0.0.1:64961]' for 'POST' to 'http://localhost:64961/session/efc3a61174bfb4fe588d4f0f7a4ff491/element'
20:40:04.829 [Forwarding findElement on session efc3a61174bfb4fe588d4f0f7a4ff491 to remote] DEBUG org.asynchttpclient.netty.request.NettyRequestSender - Using open Channel [id: 0x010d1a7b, L:/127.0.0.1:62378 - R:localhost/127.0.0.1:64961] for POST '/session/efc3a61174bfb4fe588d4f0f7a4ff491/element'
20:40:04.853 [AsyncHttpClient-1-6] DEBUG org.asynchttpclient.netty.handler.HttpHandler - 

Request DefaultHttpRequest(decodeResult: success, version: HTTP/1.1)
POST /session/efc3a61174bfb4fe588d4f0f7a4ff491/element HTTP/1.1
User-Agent: selenium/4.1.2 (java windows)
Content-Length: 116
Content-Type: application/json; charset=utf-8
host: localhost:64961
accept: */*

Response DefaultHttpResponse(decodeResult: success, version: HTTP/1.1)
HTTP/1.1 200 OK
Content-Type: application/json; charset=utf-8
cache-control: no-cache
content-length: 88

20:40:04.853 [AsyncHttpClient-1-6] DEBUG org.asynchttpclient.netty.channel.ChannelManager - Adding key: http://localhost:64961 for channel [id: 0x010d1a7b, L:/127.0.0.1:62378 - R:localhost/127.0.0.1:64961]
20:40:04.853 [Forwarding getElementTagName on session efc3a61174bfb4fe588d4f0f7a4ff491 to remote] DEBUG org.asynchttpclient.netty.request.NettyRequestSender - Using pooled Channel '[id: 0x010d1a7b, L:/127.0.0.1:62378 - R:localhost/127.0.0.1:64961]' for 'GET' to 'http://localhost:64961/session/efc3a61174bfb4fe588d4f0f7a4ff491/element/24ba16c1-a96e-4558-86ed-ec3ee04d3bbd/name'
20:40:04.853 [Forwarding getElementTagName on session efc3a61174bfb4fe588d4f0f7a4ff491 to remote] DEBUG org.asynchttpclient.netty.request.NettyRequestSender - Using open Channel [id: 0x010d1a7b, L:/127.0.0.1:62378 - R:localhost/127.0.0.1:64961] for GET '/session/efc3a61174bfb4fe588d4f0f7a4ff491/element/24ba16c1-a96e-4558-86ed-ec3ee04d3bbd/name'
20:40:04.883 [AsyncHttpClient-1-6] DEBUG org.asynchttpclient.netty.handler.HttpHandler - 

Request DefaultFullHttpRequest(decodeResult: success, version: HTTP/1.1, content: EmptyByteBufBE)
GET /session/efc3a61174bfb4fe588d4f0f7a4ff491/element/24ba16c1-a96e-4558-86ed-ec3ee04d3bbd/name HTTP/1.1
User-Agent: selenium/4.1.2 (java windows)
Cache-Control: no-cache
Content-Type: application/json; charset=utf-8
host: localhost:64961
accept: */*

Response DefaultHttpResponse(decodeResult: success, version: HTTP/1.1)
HTTP/1.1 200 OK
Content-Type: application/json; charset=utf-8
cache-control: no-cache
content-length: 18

20:40:04.883 [AsyncHttpClient-1-6] DEBUG org.asynchttpclient.netty.channel.ChannelManager - Adding key: http://localhost:64961 for channel [id: 0x010d1a7b, L:/127.0.0.1:62378 - R:localhost/127.0.0.1:64961]
20:40:04.890 [Forwarding getElementTagName on session efc3a61174bfb4fe588d4f0f7a4ff491 to remote] DEBUG org.asynchttpclient.netty.request.NettyRequestSender - Using pooled Channel '[id: 0x010d1a7b, L:/127.0.0.1:62378 - R:localhost/127.0.0.1:64961]' for 'GET' to 'http://localhost:64961/session/efc3a61174bfb4fe588d4f0f7a4ff491/element/24ba16c1-a96e-4558-86ed-ec3ee04d3bbd/name'
20:40:04.891 [Forwarding getElementTagName on session efc3a61174bfb4fe588d4f0f7a4ff491 to remote] DEBUG org.asynchttpclient.netty.request.NettyRequestSender - Using open Channel [id: 0x010d1a7b, L:/127.0.0.1:62378 - R:localhost/127.0.0.1:64961] for GET '/session/efc3a61174bfb4fe588d4f0f7a4ff491/element/24ba16c1-a96e-4558-86ed-ec3ee04d3bbd/name'
20:40:04.941 [AsyncHttpClient-1-6] DEBUG org.asynchttpclient.netty.handler.HttpHandler - 

Request DefaultFullHttpRequest(decodeResult: success, version: HTTP/1.1, content: EmptyByteBufBE)
GET /session/efc3a61174bfb4fe588d4f0f7a4ff491/element/24ba16c1-a96e-4558-86ed-ec3ee04d3bbd/name HTTP/1.1
User-Agent: selenium/4.1.2 (java windows)
Cache-Control: no-cache
Content-Type: application/json; charset=utf-8
host: localhost:64961
accept: */*

Response DefaultHttpResponse(decodeResult: success, version: HTTP/1.1)
HTTP/1.1 200 OK
Content-Type: application/json; charset=utf-8
cache-control: no-cache
content-length: 18

20:40:04.942 [AsyncHttpClient-1-6] DEBUG org.asynchttpclient.netty.channel.ChannelManager - Adding key: http://localhost:64961 for channel [id: 0x010d1a7b, L:/127.0.0.1:62378 - R:localhost/127.0.0.1:64961]
20:40:04.972 [Forwarding isElementEnabled on session efc3a61174bfb4fe588d4f0f7a4ff491 to remote] DEBUG org.asynchttpclient.netty.request.NettyRequestSender - Using pooled Channel '[id: 0x010d1a7b, L:/127.0.0.1:62378 - R:localhost/127.0.0.1:64961]' for 'GET' to 'http://localhost:64961/session/efc3a61174bfb4fe588d4f0f7a4ff491/element/24ba16c1-a96e-4558-86ed-ec3ee04d3bbd/enabled'
20:40:04.972 [Forwarding isElementEnabled on session efc3a61174bfb4fe588d4f0f7a4ff491 to remote] DEBUG org.asynchttpclient.netty.request.NettyRequestSender - Using open Channel [id: 0x010d1a7b, L:/127.0.0.1:62378 - R:localhost/127.0.0.1:64961] for GET '/session/efc3a61174bfb4fe588d4f0f7a4ff491/element/24ba16c1-a96e-4558-86ed-ec3ee04d3bbd/enabled'
20:40:04.993 [AsyncHttpClient-1-1] DEBUG org.asynchttpclient.netty.channel.DefaultChannelPool - Entry count for : http://localhost:62379 : 1
20:40:04.997 [AsyncHttpClient-1-6] DEBUG org.asynchttpclient.netty.handler.HttpHandler - 

Request DefaultFullHttpRequest(decodeResult: success, version: HTTP/1.1, content: EmptyByteBufBE)
GET /session/efc3a61174bfb4fe588d4f0f7a4ff491/element/24ba16c1-a96e-4558-86ed-ec3ee04d3bbd/enabled HTTP/1.1
User-Agent: selenium/4.1.2 (java windows)
Cache-Control: no-cache
Content-Type: application/json; charset=utf-8
host: localhost:64961
accept: */*

Response DefaultHttpResponse(decodeResult: success, version: HTTP/1.1)
HTTP/1.1 200 OK
Content-Type: application/json; charset=utf-8
cache-control: no-cache
content-length: 14

20:40:04.997 [AsyncHttpClient-1-6] DEBUG org.asynchttpclient.netty.channel.ChannelManager - Adding key: http://localhost:64961 for channel [id: 0x010d1a7b, L:/127.0.0.1:62378 - R:localhost/127.0.0.1:64961]
20:40:05.000 [Forwarding isElementEnabled on session efc3a61174bfb4fe588d4f0f7a4ff491 to remote] DEBUG org.asynchttpclient.netty.request.NettyRequestSender - Using pooled Channel '[id: 0x010d1a7b, L:/127.0.0.1:62378 - R:localhost/127.0.0.1:64961]' for 'GET' to 'http://localhost:64961/session/efc3a61174bfb4fe588d4f0f7a4ff491/element/24ba16c1-a96e-4558-86ed-ec3ee04d3bbd/enabled'
20:40:05.001 [Forwarding isElementEnabled on session efc3a61174bfb4fe588d4f0f7a4ff491 to remote] DEBUG org.asynchttpclient.netty.request.NettyRequestSender - Using open Channel [id: 0x010d1a7b, L:/127.0.0.1:62378 - R:localhost/127.0.0.1:64961] for GET '/session/efc3a61174bfb4fe588d4f0f7a4ff491/element/24ba16c1-a96e-4558-86ed-ec3ee04d3bbd/enabled'
20:40:05.019 [AsyncHttpClient-1-6] DEBUG org.asynchttpclient.netty.handler.HttpHandler - 

Request DefaultFullHttpRequest(decodeResult: success, version: HTTP/1.1, content: EmptyByteBufBE)
GET /session/efc3a61174bfb4fe588d4f0f7a4ff491/element/24ba16c1-a96e-4558-86ed-ec3ee04d3bbd/enabled HTTP/1.1
User-Agent: selenium/4.1.2 (java windows)
Cache-Control: no-cache
Content-Type: application/json; charset=utf-8
host: localhost:64961
accept: */*

Response DefaultHttpResponse(decodeResult: success, version: HTTP/1.1)
HTTP/1.1 200 OK
Content-Type: application/json; charset=utf-8
cache-control: no-cache
content-length: 14

20:40:05.019 [AsyncHttpClient-1-6] DEBUG org.asynchttpclient.netty.channel.ChannelManager - Adding key: http://localhost:64961 for channel [id: 0x010d1a7b, L:/127.0.0.1:62378 - R:localhost/127.0.0.1:64961]
20:40:05.024 [Forwarding findElement on session efc3a61174bfb4fe588d4f0f7a4ff491 to remote] DEBUG org.asynchttpclient.netty.request.NettyRequestSender - Using pooled Channel '[id: 0x010d1a7b, L:/127.0.0.1:62378 - R:localhost/127.0.0.1:64961]' for 'POST' to 'http://localhost:64961/session/efc3a61174bfb4fe588d4f0f7a4ff491/element'
20:40:05.024 [Forwarding findElement on session efc3a61174bfb4fe588d4f0f7a4ff491 to remote] DEBUG org.asynchttpclient.netty.request.NettyRequestSender - Using open Channel [id: 0x010d1a7b, L:/127.0.0.1:62378 - R:localhost/127.0.0.1:64961] for POST '/session/efc3a61174bfb4fe588d4f0f7a4ff491/element'
20:40:05.049 [AsyncHttpClient-1-6] DEBUG org.asynchttpclient.netty.handler.HttpHandler - 

Request DefaultHttpRequest(decodeResult: success, version: HTTP/1.1)
POST /session/efc3a61174bfb4fe588d4f0f7a4ff491/element HTTP/1.1
User-Agent: selenium/4.1.2 (java windows)
Content-Length: 116
Content-Type: application/json; charset=utf-8
host: localhost:64961
accept: */*

Response DefaultHttpResponse(decodeResult: success, version: HTTP/1.1)
HTTP/1.1 200 OK
Content-Type: application/json; charset=utf-8
cache-control: no-cache
content-length: 88

20:40:05.049 [AsyncHttpClient-1-6] DEBUG org.asynchttpclient.netty.channel.ChannelManager - Adding key: http://localhost:64961 for channel [id: 0x010d1a7b, L:/127.0.0.1:62378 - R:localhost/127.0.0.1:64961]
20:40:05.051 [Forwarding clickElement on session efc3a61174bfb4fe588d4f0f7a4ff491 to remote] DEBUG org.asynchttpclient.netty.request.NettyRequestSender - Using pooled Channel '[id: 0x010d1a7b, L:/127.0.0.1:62378 - R:localhost/127.0.0.1:64961]' for 'POST' to 'http://localhost:64961/session/efc3a61174bfb4fe588d4f0f7a4ff491/element/24ba16c1-a96e-4558-86ed-ec3ee04d3bbd/click'
20:40:05.052 [Forwarding clickElement on session efc3a61174bfb4fe588d4f0f7a4ff491 to remote] DEBUG org.asynchttpclient.netty.request.NettyRequestSender - Using open Channel [id: 0x010d1a7b, L:/127.0.0.1:62378 - R:localhost/127.0.0.1:64961] for POST '/session/efc3a61174bfb4fe588d4f0f7a4ff491/element/24ba16c1-a96e-4558-86ed-ec3ee04d3bbd/click'
20:40:05.527 [AsyncHttpClient-1-6] DEBUG org.asynchttpclient.netty.handler.HttpHandler - 

Request DefaultHttpRequest(decodeResult: success, version: HTTP/1.1)
POST /session/efc3a61174bfb4fe588d4f0f7a4ff491/element/24ba16c1-a96e-4558-86ed-ec3ee04d3bbd/click HTTP/1.1
User-Agent: selenium/4.1.2 (java windows)
Content-Length: 50
Content-Type: application/json; charset=utf-8
host: localhost:64961
accept: */*

Response DefaultHttpResponse(decodeResult: success, version: HTTP/1.1)
HTTP/1.1 200 OK
Content-Type: application/json; charset=utf-8
cache-control: no-cache
content-length: 14

20:40:05.527 [AsyncHttpClient-1-6] DEBUG org.asynchttpclient.netty.channel.ChannelManager - Adding key: http://localhost:64961 for channel [id: 0x010d1a7b, L:/127.0.0.1:62378 - R:localhost/127.0.0.1:64961]
20:40:05.544 [Forwarding screenshot on session efc3a61174bfb4fe588d4f0f7a4ff491 to remote] DEBUG org.asynchttpclient.netty.request.NettyRequestSender - Using pooled Channel '[id: 0x010d1a7b, L:/127.0.0.1:62378 - R:localhost/127.0.0.1:64961]' for 'GET' to 'http://localhost:64961/session/efc3a61174bfb4fe588d4f0f7a4ff491/screenshot'
20:40:05.544 [Forwarding screenshot on session efc3a61174bfb4fe588d4f0f7a4ff491 to remote] DEBUG org.asynchttpclient.netty.request.NettyRequestSender - Using open Channel [id: 0x010d1a7b, L:/127.0.0.1:62378 - R:localhost/127.0.0.1:64961] for GET '/session/efc3a61174bfb4fe588d4f0f7a4ff491/screenshot'
20:40:06.090 [AsyncHttpClient-1-1] DEBUG org.asynchttpclient.netty.channel.DefaultChannelPool - Entry count for : http://localhost:62379 : 1
20:40:06.236 [AsyncHttpClient-1-6] DEBUG org.asynchttpclient.netty.handler.HttpHandler - 

Request DefaultFullHttpRequest(decodeResult: success, version: HTTP/1.1, content: EmptyByteBufBE)
GET /session/efc3a61174bfb4fe588d4f0f7a4ff491/screenshot HTTP/1.1
User-Agent: selenium/4.1.2 (java windows)
Cache-Control: no-cache
Content-Type: application/json; charset=utf-8
host: localhost:64961
accept: */*

Response DefaultHttpResponse(decodeResult: success, version: HTTP/1.1)
HTTP/1.1 200 OK
Content-Type: application/json; charset=utf-8
cache-control: no-cache
content-length: 401736

20:40:06.239 [AsyncHttpClient-1-6] DEBUG org.asynchttpclient.netty.channel.ChannelManager - Adding key: http://localhost:64961 for channel [id: 0x010d1a7b, L:/127.0.0.1:62378 - R:localhost/127.0.0.1:64961]
20:40:06.290 [main] DEBUG net.serenitybdd.core.photography.Darkroom - Send negative for processing for target\site\serenity\94f93941818b7a299d3618562ca6596a7f7bd2bc8cb717924da687d94a7f1ab1.png
20:40:06.291 [main] DEBUG net.thucydides.core.steps.StepInterceptor - STEP DONE: clickButtonEditDataPasien
  &amp#27;[32mAnd &amp#27;[0m&amp#27;[32mClick button edit profil&amp#27;[0m                                                  &amp#27;[90m# starter.stepdefinitios.PatientDataSteps.clickButtonEditProfil()&amp#27;[0m
20:40:06.295 [Darkroom Processing Line] DEBUG net.serenitybdd.core.photography.DarkroomProcessingLine - Processing screenshot image in /var/screenshots/screenshot-13627352626617847108
20:40:06.295 [Darkroom Processing Line] DEBUG net.serenitybdd.core.photography.DarkroomProcessingLine - Saving screenshot to target\site\serenity\94f93941818b7a299d3618562ca6596a7f7bd2bc8cb717924da687d94a7f1ab1.png
20:40:06.352 [Forwarding screenshot on session efc3a61174bfb4fe588d4f0f7a4ff491 to remote] DEBUG org.asynchttpclient.netty.request.NettyRequestSender - Using pooled Channel '[id: 0x010d1a7b, L:/127.0.0.1:62378 - R:localhost/127.0.0.1:64961]' for 'GET' to 'http://localhost:64961/session/efc3a61174bfb4fe588d4f0f7a4ff491/screenshot'
20:40:06.352 [Forwarding screenshot on session efc3a61174bfb4fe588d4f0f7a4ff491 to remote] DEBUG org.asynchttpclient.netty.request.NettyRequestSender - Using open Channel [id: 0x010d1a7b, L:/127.0.0.1:62378 - R:localhost/127.0.0.1:64961] for GET '/session/efc3a61174bfb4fe588d4f0f7a4ff491/screenshot'
20:40:07.218 [AsyncHttpClient-1-1] DEBUG org.asynchttpclient.netty.channel.DefaultChannelPool - Entry count for : http://localhost:62379 : 1
20:40:07.513 [AsyncHttpClient-1-6] DEBUG org.asynchttpclient.netty.handler.HttpHandler - 

Request DefaultFullHttpRequest(decodeResult: success, version: HTTP/1.1, content: EmptyByteBufBE)
GET /session/efc3a61174bfb4fe588d4f0f7a4ff491/screenshot HTTP/1.1
User-Agent: selenium/4.1.2 (java windows)
Cache-Control: no-cache
Content-Type: application/json; charset=utf-8
host: localhost:64961
accept: */*

Response DefaultHttpResponse(decodeResult: success, version: HTTP/1.1)
HTTP/1.1 200 OK
Content-Type: application/json; charset=utf-8
cache-control: no-cache
content-length: 401736

20:40:07.515 [AsyncHttpClient-1-6] DEBUG org.asynchttpclient.netty.channel.ChannelManager - Adding key: http://localhost:64961 for channel [id: 0x010d1a7b, L:/127.0.0.1:62378 - R:localhost/127.0.0.1:64961]
20:40:07.552 [main] DEBUG net.serenitybdd.core.photography.Darkroom - Send negative for processing for target\site\serenity\94f93941818b7a299d3618562ca6596a7f7bd2bc8cb717924da687d94a7f1ab1.png
20:40:08.178 [Forwarding screenshot on session efc3a61174bfb4fe588d4f0f7a4ff491 to remote] DEBUG org.asynchttpclient.netty.request.NettyRequestSender - Using pooled Channel '[id: 0x010d1a7b, L:/127.0.0.1:62378 - R:localhost/127.0.0.1:64961]' for 'GET' to 'http://localhost:64961/session/efc3a61174bfb4fe588d4f0f7a4ff491/screenshot'
20:40:08.178 [Forwarding screenshot on session efc3a61174bfb4fe588d4f0f7a4ff491 to remote] DEBUG org.asynchttpclient.netty.request.NettyRequestSender - Using open Channel [id: 0x010d1a7b, L:/127.0.0.1:62378 - R:localhost/127.0.0.1:64961] for GET '/session/efc3a61174bfb4fe588d4f0f7a4ff491/screenshot'
20:40:08.301 [AsyncHttpClient-1-1] DEBUG org.asynchttpclient.netty.channel.DefaultChannelPool - Entry count for : http://localhost:62379 : 1
20:40:09.124 [AsyncHttpClient-1-6] DEBUG org.asynchttpclient.netty.handler.HttpHandler - 

Request DefaultFullHttpRequest(decodeResult: success, version: HTTP/1.1, content: EmptyByteBufBE)
GET /session/efc3a61174bfb4fe588d4f0f7a4ff491/screenshot HTTP/1.1
User-Agent: selenium/4.1.2 (java windows)
Cache-Control: no-cache
Content-Type: application/json; charset=utf-8
host: localhost:64961
accept: */*

Response DefaultHttpResponse(decodeResult: success, version: HTTP/1.1)
HTTP/1.1 200 OK
Content-Type: application/json; charset=utf-8
cache-control: no-cache
content-length: 401736

20:40:09.126 [AsyncHttpClient-1-6] DEBUG org.asynchttpclient.netty.channel.ChannelManager - Adding key: http://localhost:64961 for channel [id: 0x010d1a7b, L:/127.0.0.1:62378 - R:localhost/127.0.0.1:64961]
20:40:09.185 [main] DEBUG net.serenitybdd.core.photography.Darkroom - Send negative for processing for target\site\serenity\94f93941818b7a299d3618562ca6596a7f7bd2bc8cb717924da687d94a7f1ab1.png
20:40:09.185 [main] DEBUG net.thucydides.core.steps.StepInterceptor - STARTING STEP: PatientDataSteps.iInputEditPatient - inputDataPasienEdit
20:40:09.192 [Forwarding findElement on session efc3a61174bfb4fe588d4f0f7a4ff491 to remote] DEBUG org.asynchttpclient.netty.request.NettyRequestSender - Using pooled Channel '[id: 0x010d1a7b, L:/127.0.0.1:62378 - R:localhost/127.0.0.1:64961]' for 'POST' to 'http://localhost:64961/session/efc3a61174bfb4fe588d4f0f7a4ff491/element'
20:40:09.192 [Forwarding findElement on session efc3a61174bfb4fe588d4f0f7a4ff491 to remote] DEBUG org.asynchttpclient.netty.request.NettyRequestSender - Using open Channel [id: 0x010d1a7b, L:/127.0.0.1:62378 - R:localhost/127.0.0.1:64961] for POST '/session/efc3a61174bfb4fe588d4f0f7a4ff491/element'
20:40:09.391 [AsyncHttpClient-1-6] DEBUG org.asynchttpclient.netty.handler.HttpHandler - 

Request DefaultHttpRequest(decodeResult: success, version: HTTP/1.1)
POST /session/efc3a61174bfb4fe588d4f0f7a4ff491/element HTTP/1.1
User-Agent: selenium/4.1.2 (java windows)
Content-Length: 66
Content-Type: application/json; charset=utf-8
host: localhost:64961
accept: */*

Response DefaultHttpResponse(decodeResult: success, version: HTTP/1.1)
HTTP/1.1 200 OK
Content-Type: application/json; charset=utf-8
cache-control: no-cache
content-length: 88

20:40:09.391 [AsyncHttpClient-1-6] DEBUG org.asynchttpclient.netty.channel.ChannelManager - Adding key: http://localhost:64961 for channel [id: 0x010d1a7b, L:/127.0.0.1:62378 - R:localhost/127.0.0.1:64961]
20:40:09.395 [Forwarding sendKeysToElement on session efc3a61174bfb4fe588d4f0f7a4ff491 to remote] DEBUG org.asynchttpclient.netty.request.NettyRequestSender - Using pooled Channel '[id: 0x010d1a7b, L:/127.0.0.1:62378 - R:localhost/127.0.0.1:64961]' for 'POST' to 'http://localhost:64961/session/efc3a61174bfb4fe588d4f0f7a4ff491/element/fbdc483e-484f-4ddd-be54-a9d8e14aab80/value'
20:40:09.395 [Forwarding sendKeysToElement on session efc3a61174bfb4fe588d4f0f7a4ff491 to remote] DEBUG org.asynchttpclient.netty.request.NettyRequestSender - Using open Channel [id: 0x010d1a7b, L:/127.0.0.1:62378 - R:localhost/127.0.0.1:64961] for POST '/session/efc3a61174bfb4fe588d4f0f7a4ff491/element/fbdc483e-484f-4ddd-be54-a9d8e14aab80/value'
20:40:09.404 [AsyncHttpClient-1-1] DEBUG org.asynchttpclient.netty.channel.DefaultChannelPool - Entry count for : http://localhost:62379 : 1
20:40:10.454 [AsyncHttpClient-1-6] DEBUG org.asynchttpclient.netty.handler.HttpHandler - 

Request DefaultHttpRequest(decodeResult: success, version: HTTP/1.1)
POST /session/efc3a61174bfb4fe588d4f0f7a4ff491/element/fbdc483e-484f-4ddd-be54-a9d8e14aab80/value HTTP/1.1
User-Agent: selenium/4.1.2 (java windows)
Content-Length: 169
Content-Type: application/json; charset=utf-8
host: localhost:64961
accept: */*

Response DefaultHttpResponse(decodeResult: success, version: HTTP/1.1)
HTTP/1.1 200 OK
Content-Type: application/json; charset=utf-8
cache-control: no-cache
content-length: 14

20:40:10.454 [AsyncHttpClient-1-6] DEBUG org.asynchttpclient.netty.channel.ChannelManager - Adding key: http://localhost:64961 for channel [id: 0x010d1a7b, L:/127.0.0.1:62378 - R:localhost/127.0.0.1:64961]
20:40:10.462 [Forwarding findElement on session efc3a61174bfb4fe588d4f0f7a4ff491 to remote] DEBUG org.asynchttpclient.netty.request.NettyRequestSender - Using pooled Channel '[id: 0x010d1a7b, L:/127.0.0.1:62378 - R:localhost/127.0.0.1:64961]' for 'POST' to 'http://localhost:64961/session/efc3a61174bfb4fe588d4f0f7a4ff491/element'
20:40:10.462 [Forwarding findElement on session efc3a61174bfb4fe588d4f0f7a4ff491 to remote] DEBUG org.asynchttpclient.netty.request.NettyRequestSender - Using open Channel [id: 0x010d1a7b, L:/127.0.0.1:62378 - R:localhost/127.0.0.1:64961] for POST '/session/efc3a61174bfb4fe588d4f0f7a4ff491/element'
20:40:10.500 [AsyncHttpClient-1-1] DEBUG org.asynchttpclient.netty.channel.DefaultChannelPool - Entry count for : http://localhost:62379 : 1
20:40:10.507 [AsyncHttpClient-1-6] DEBUG org.asynchttpclient.netty.handler.HttpHandler - 

Request DefaultHttpRequest(decodeResult: success, version: HTTP/1.1)
POST /session/efc3a61174bfb4fe588d4f0f7a4ff491/element HTTP/1.1
User-Agent: selenium/4.1.2 (java windows)
Content-Length: 66
Content-Type: application/json; charset=utf-8
host: localhost:64961
accept: */*

Response DefaultHttpResponse(decodeResult: success, version: HTTP/1.1)
HTTP/1.1 200 OK
Content-Type: application/json; charset=utf-8
cache-control: no-cache
content-length: 88

20:40:10.507 [AsyncHttpClient-1-6] DEBUG org.asynchttpclient.netty.channel.ChannelManager - Adding key: http://localhost:64961 for channel [id: 0x010d1a7b, L:/127.0.0.1:62378 - R:localhost/127.0.0.1:64961]
20:40:10.513 [Forwarding sendKeysToElement on session efc3a61174bfb4fe588d4f0f7a4ff491 to remote] DEBUG org.asynchttpclient.netty.request.NettyRequestSender - Using pooled Channel '[id: 0x010d1a7b, L:/127.0.0.1:62378 - R:localhost/127.0.0.1:64961]' for 'POST' to 'http://localhost:64961/session/efc3a61174bfb4fe588d4f0f7a4ff491/element/fbdc483e-484f-4ddd-be54-a9d8e14aab80/value'
20:40:10.513 [Forwarding sendKeysToElement on session efc3a61174bfb4fe588d4f0f7a4ff491 to remote] DEBUG org.asynchttpclient.netty.request.NettyRequestSender - Using open Channel [id: 0x010d1a7b, L:/127.0.0.1:62378 - R:localhost/127.0.0.1:64961] for POST '/session/efc3a61174bfb4fe588d4f0f7a4ff491/element/fbdc483e-484f-4ddd-be54-a9d8e14aab80/value'
20:40:10.902 [AsyncHttpClient-1-6] DEBUG org.asynchttpclient.netty.handler.HttpHandler - 

Request DefaultHttpRequest(decodeResult: success, version: HTTP/1.1)
POST /session/efc3a61174bfb4fe588d4f0f7a4ff491/element/fbdc483e-484f-4ddd-be54-a9d8e14aab80/value HTTP/1.1
User-Agent: selenium/4.1.2 (java windows)
Content-Length: 131
Content-Type: application/json; charset=utf-8
host: localhost:64961
accept: */*

Response DefaultHttpResponse(decodeResult: success, version: HTTP/1.1)
HTTP/1.1 200 OK
Content-Type: application/json; charset=utf-8
cache-control: no-cache
content-length: 14

20:40:10.902 [AsyncHttpClient-1-6] DEBUG org.asynchttpclient.netty.channel.ChannelManager - Adding key: http://localhost:64961 for channel [id: 0x010d1a7b, L:/127.0.0.1:62378 - R:localhost/127.0.0.1:64961]
20:40:10.913 [Forwarding findElement on session efc3a61174bfb4fe588d4f0f7a4ff491 to remote] DEBUG org.asynchttpclient.netty.request.NettyRequestSender - Using pooled Channel '[id: 0x010d1a7b, L:/127.0.0.1:62378 - R:localhost/127.0.0.1:64961]' for 'POST' to 'http://localhost:64961/session/efc3a61174bfb4fe588d4f0f7a4ff491/element'
20:40:10.913 [Forwarding findElement on session efc3a61174bfb4fe588d4f0f7a4ff491 to remote] DEBUG org.asynchttpclient.netty.request.NettyRequestSender - Using open Channel [id: 0x010d1a7b, L:/127.0.0.1:62378 - R:localhost/127.0.0.1:64961] for POST '/session/efc3a61174bfb4fe588d4f0f7a4ff491/element'
20:40:10.951 [AsyncHttpClient-1-6] DEBUG org.asynchttpclient.netty.handler.HttpHandler - 

Request DefaultHttpRequest(decodeResult: success, version: HTTP/1.1)
POST /session/efc3a61174bfb4fe588d4f0f7a4ff491/element HTTP/1.1
User-Agent: selenium/4.1.2 (java windows)
Content-Length: 65
Content-Type: application/json; charset=utf-8
host: localhost:64961
accept: */*

Response DefaultHttpResponse(decodeResult: success, version: HTTP/1.1)
HTTP/1.1 200 OK
Content-Type: application/json; charset=utf-8
cache-control: no-cache
content-length: 88

20:40:10.951 [AsyncHttpClient-1-6] DEBUG org.asynchttpclient.netty.channel.ChannelManager - Adding key: http://localhost:64961 for channel [id: 0x010d1a7b, L:/127.0.0.1:62378 - R:localhost/127.0.0.1:64961]
20:40:10.954 [Forwarding sendKeysToElement on session efc3a61174bfb4fe588d4f0f7a4ff491 to remote] DEBUG org.asynchttpclient.netty.request.NettyRequestSender - Using pooled Channel '[id: 0x010d1a7b, L:/127.0.0.1:62378 - R:localhost/127.0.0.1:64961]' for 'POST' to 'http://localhost:64961/session/efc3a61174bfb4fe588d4f0f7a4ff491/element/f1b641e3-9cc4-419b-b817-90a24c980102/value'
20:40:10.954 [Forwarding sendKeysToElement on session efc3a61174bfb4fe588d4f0f7a4ff491 to remote] DEBUG org.asynchttpclient.netty.request.NettyRequestSender - Using open Channel [id: 0x010d1a7b, L:/127.0.0.1:62378 - R:localhost/127.0.0.1:64961] for POST '/session/efc3a61174bfb4fe588d4f0f7a4ff491/element/f1b641e3-9cc4-419b-b817-90a24c980102/value'
20:40:11.600 [AsyncHttpClient-1-1] DEBUG org.asynchttpclient.netty.channel.DefaultChannelPool - Entry count for : http://localhost:62379 : 1
20:40:11.858 [AsyncHttpClient-1-6] DEBUG org.asynchttpclient.netty.handler.HttpHandler - 

Request DefaultHttpRequest(decodeResult: success, version: HTTP/1.1)
POST /session/efc3a61174bfb4fe588d4f0f7a4ff491/element/f1b641e3-9cc4-419b-b817-90a24c980102/value HTTP/1.1
User-Agent: selenium/4.1.2 (java windows)
Content-Length: 219
Content-Type: application/json; charset=utf-8
host: localhost:64961
accept: */*

Response DefaultHttpResponse(decodeResult: success, version: HTTP/1.1)
HTTP/1.1 200 OK
Content-Type: application/json; charset=utf-8
cache-control: no-cache
content-length: 14

20:40:11.858 [AsyncHttpClient-1-6] DEBUG org.asynchttpclient.netty.channel.ChannelManager - Adding key: http://localhost:64961 for channel [id: 0x010d1a7b, L:/127.0.0.1:62378 - R:localhost/127.0.0.1:64961]
20:40:11.866 [Forwarding findElement on session efc3a61174bfb4fe588d4f0f7a4ff491 to remote] DEBUG org.asynchttpclient.netty.request.NettyRequestSender - Using pooled Channel '[id: 0x010d1a7b, L:/127.0.0.1:62378 - R:localhost/127.0.0.1:64961]' for 'POST' to 'http://localhost:64961/session/efc3a61174bfb4fe588d4f0f7a4ff491/element'
20:40:11.866 [Forwarding findElement on session efc3a61174bfb4fe588d4f0f7a4ff491 to remote] DEBUG org.asynchttpclient.netty.request.NettyRequestSender - Using open Channel [id: 0x010d1a7b, L:/127.0.0.1:62378 - R:localhost/127.0.0.1:64961] for POST '/session/efc3a61174bfb4fe588d4f0f7a4ff491/element'
20:40:11.889 [AsyncHttpClient-1-6] DEBUG org.asynchttpclient.netty.handler.HttpHandler - 

Request DefaultHttpRequest(decodeResult: success, version: HTTP/1.1)
POST /session/efc3a61174bfb4fe588d4f0f7a4ff491/element HTTP/1.1
User-Agent: selenium/4.1.2 (java windows)
Content-Length: 65
Content-Type: application/json; charset=utf-8
host: localhost:64961
accept: */*

Response DefaultHttpResponse(decodeResult: success, version: HTTP/1.1)
HTTP/1.1 200 OK
Content-Type: application/json; charset=utf-8
cache-control: no-cache
content-length: 88

20:40:11.889 [AsyncHttpClient-1-6] DEBUG org.asynchttpclient.netty.channel.ChannelManager - Adding key: http://localhost:64961 for channel [id: 0x010d1a7b, L:/127.0.0.1:62378 - R:localhost/127.0.0.1:64961]
20:40:11.892 [Forwarding sendKeysToElement on session efc3a61174bfb4fe588d4f0f7a4ff491 to remote] DEBUG org.asynchttpclient.netty.request.NettyRequestSender - Using pooled Channel '[id: 0x010d1a7b, L:/127.0.0.1:62378 - R:localhost/127.0.0.1:64961]' for 'POST' to 'http://localhost:64961/session/efc3a61174bfb4fe588d4f0f7a4ff491/element/f1b641e3-9cc4-419b-b817-90a24c980102/value'
20:40:11.892 [Forwarding sendKeysToElement on session efc3a61174bfb4fe588d4f0f7a4ff491 to remote] DEBUG org.asynchttpclient.netty.request.NettyRequestSender - Using open Channel [id: 0x010d1a7b, L:/127.0.0.1:62378 - R:localhost/127.0.0.1:64961] for POST '/session/efc3a61174bfb4fe588d4f0f7a4ff491/element/f1b641e3-9cc4-419b-b817-90a24c980102/value'
20:40:12.572 [AsyncHttpClient-1-6] DEBUG org.asynchttpclient.netty.handler.HttpHandler - 

Request DefaultHttpRequest(decodeResult: success, version: HTTP/1.1)
POST /session/efc3a61174bfb4fe588d4f0f7a4ff491/element/f1b641e3-9cc4-419b-b817-90a24c980102/value HTTP/1.1
User-Agent: selenium/4.1.2 (java windows)
Content-Length: 181
Content-Type: application/json; charset=utf-8
host: localhost:64961
accept: */*

Response DefaultHttpResponse(decodeResult: success, version: HTTP/1.1)
HTTP/1.1 200 OK
Content-Type: application/json; charset=utf-8
cache-control: no-cache
content-length: 14

20:40:12.573 [AsyncHttpClient-1-6] DEBUG org.asynchttpclient.netty.channel.ChannelManager - Adding key: http://localhost:64961 for channel [id: 0x010d1a7b, L:/127.0.0.1:62378 - R:localhost/127.0.0.1:64961]
20:40:12.579 [Forwarding findElement on session efc3a61174bfb4fe588d4f0f7a4ff491 to remote] DEBUG org.asynchttpclient.netty.request.NettyRequestSender - Using pooled Channel '[id: 0x010d1a7b, L:/127.0.0.1:62378 - R:localhost/127.0.0.1:64961]' for 'POST' to 'http://localhost:64961/session/efc3a61174bfb4fe588d4f0f7a4ff491/element'
20:40:12.579 [Forwarding findElement on session efc3a61174bfb4fe588d4f0f7a4ff491 to remote] DEBUG org.asynchttpclient.netty.request.NettyRequestSender - Using open Channel [id: 0x010d1a7b, L:/127.0.0.1:62378 - R:localhost/127.0.0.1:64961] for POST '/session/efc3a61174bfb4fe588d4f0f7a4ff491/element'
20:40:12.609 [AsyncHttpClient-1-6] DEBUG org.asynchttpclient.netty.handler.HttpHandler - 

Request DefaultHttpRequest(decodeResult: success, version: HTTP/1.1)
POST /session/efc3a61174bfb4fe588d4f0f7a4ff491/element HTTP/1.1
User-Agent: selenium/4.1.2 (java windows)
Content-Length: 66
Content-Type: application/json; charset=utf-8
host: localhost:64961
accept: */*

Response DefaultHttpResponse(decodeResult: success, version: HTTP/1.1)
HTTP/1.1 200 OK
Content-Type: application/json; charset=utf-8
cache-control: no-cache
content-length: 88

20:40:12.609 [AsyncHttpClient-1-6] DEBUG org.asynchttpclient.netty.channel.ChannelManager - Adding key: http://localhost:64961 for channel [id: 0x010d1a7b, L:/127.0.0.1:62378 - R:localhost/127.0.0.1:64961]
20:40:12.612 [Forwarding sendKeysToElement on session efc3a61174bfb4fe588d4f0f7a4ff491 to remote] DEBUG org.asynchttpclient.netty.request.NettyRequestSender - Using pooled Channel '[id: 0x010d1a7b, L:/127.0.0.1:62378 - R:localhost/127.0.0.1:64961]' for 'POST' to 'http://localhost:64961/session/efc3a61174bfb4fe588d4f0f7a4ff491/element/29601fa8-704a-427d-81db-a99d2e6e3767/value'
20:40:12.613 [Forwarding sendKeysToElement on session efc3a61174bfb4fe588d4f0f7a4ff491 to remote] DEBUG org.asynchttpclient.netty.request.NettyRequestSender - Using open Channel [id: 0x010d1a7b, L:/127.0.0.1:62378 - R:localhost/127.0.0.1:64961] for POST '/session/efc3a61174bfb4fe588d4f0f7a4ff491/element/29601fa8-704a-427d-81db-a99d2e6e3767/value'
20:40:12.696 [AsyncHttpClient-1-1] DEBUG org.asynchttpclient.netty.channel.DefaultChannelPool - Entry count for : http://localhost:62379 : 1
20:40:13.325 [AsyncHttpClient-1-6] DEBUG org.asynchttpclient.netty.handler.HttpHandler - 

Request DefaultHttpRequest(decodeResult: success, version: HTTP/1.1)
POST /session/efc3a61174bfb4fe588d4f0f7a4ff491/element/29601fa8-704a-427d-81db-a99d2e6e3767/value HTTP/1.1
User-Agent: selenium/4.1.2 (java windows)
Content-Length: 229
Content-Type: application/json; charset=utf-8
host: localhost:64961
accept: */*

Response DefaultHttpResponse(decodeResult: success, version: HTTP/1.1)
HTTP/1.1 200 OK
Content-Type: application/json; charset=utf-8
cache-control: no-cache
content-length: 14

20:40:13.325 [AsyncHttpClient-1-6] DEBUG org.asynchttpclient.netty.channel.ChannelManager - Adding key: http://localhost:64961 for channel [id: 0x010d1a7b, L:/127.0.0.1:62378 - R:localhost/127.0.0.1:64961]
20:40:13.336 [Forwarding findElement on session efc3a61174bfb4fe588d4f0f7a4ff491 to remote] DEBUG org.asynchttpclient.netty.request.NettyRequestSender - Using pooled Channel '[id: 0x010d1a7b, L:/127.0.0.1:62378 - R:localhost/127.0.0.1:64961]' for 'POST' to 'http://localhost:64961/session/efc3a61174bfb4fe588d4f0f7a4ff491/element'
20:40:13.336 [Forwarding findElement on session efc3a61174bfb4fe588d4f0f7a4ff491 to remote] DEBUG org.asynchttpclient.netty.request.NettyRequestSender - Using open Channel [id: 0x010d1a7b, L:/127.0.0.1:62378 - R:localhost/127.0.0.1:64961] for POST '/session/efc3a61174bfb4fe588d4f0f7a4ff491/element'
20:40:13.354 [AsyncHttpClient-1-6] DEBUG org.asynchttpclient.netty.handler.HttpHandler - 

Request DefaultHttpRequest(decodeResult: success, version: HTTP/1.1)
POST /session/efc3a61174bfb4fe588d4f0f7a4ff491/element HTTP/1.1
User-Agent: selenium/4.1.2 (java windows)
Content-Length: 66
Content-Type: application/json; charset=utf-8
host: localhost:64961
accept: */*

Response DefaultHttpResponse(decodeResult: success, version: HTTP/1.1)
HTTP/1.1 200 OK
Content-Type: application/json; charset=utf-8
cache-control: no-cache
content-length: 88

20:40:13.354 [AsyncHttpClient-1-6] DEBUG org.asynchttpclient.netty.channel.ChannelManager - Adding key: http://localhost:64961 for channel [id: 0x010d1a7b, L:/127.0.0.1:62378 - R:localhost/127.0.0.1:64961]
20:40:13.358 [Forwarding sendKeysToElement on session efc3a61174bfb4fe588d4f0f7a4ff491 to remote] DEBUG org.asynchttpclient.netty.request.NettyRequestSender - Using pooled Channel '[id: 0x010d1a7b, L:/127.0.0.1:62378 - R:localhost/127.0.0.1:64961]' for 'POST' to 'http://localhost:64961/session/efc3a61174bfb4fe588d4f0f7a4ff491/element/29601fa8-704a-427d-81db-a99d2e6e3767/value'
20:40:13.358 [Forwarding sendKeysToElement on session efc3a61174bfb4fe588d4f0f7a4ff491 to remote] DEBUG org.asynchttpclient.netty.request.NettyRequestSender - Using open Channel [id: 0x010d1a7b, L:/127.0.0.1:62378 - R:localhost/127.0.0.1:64961] for POST '/session/efc3a61174bfb4fe588d4f0f7a4ff491/element/29601fa8-704a-427d-81db-a99d2e6e3767/value'
20:40:13.789 [AsyncHttpClient-1-1] DEBUG org.asynchttpclient.netty.channel.DefaultChannelPool - Entry count for : http://localhost:62379 : 1
20:40:13.862 [AsyncHttpClient-1-6] DEBUG org.asynchttpclient.netty.handler.HttpHandler - 

Request DefaultHttpRequest(decodeResult: success, version: HTTP/1.1)
POST /session/efc3a61174bfb4fe588d4f0f7a4ff491/element/29601fa8-704a-427d-81db-a99d2e6e3767/value HTTP/1.1
User-Agent: selenium/4.1.2 (java windows)
Content-Length: 191
Content-Type: application/json; charset=utf-8
host: localhost:64961
accept: */*

Response DefaultHttpResponse(decodeResult: success, version: HTTP/1.1)
HTTP/1.1 200 OK
Content-Type: application/json; charset=utf-8
cache-control: no-cache
content-length: 14

20:40:13.862 [AsyncHttpClient-1-6] DEBUG org.asynchttpclient.netty.channel.ChannelManager - Adding key: http://localhost:64961 for channel [id: 0x010d1a7b, L:/127.0.0.1:62378 - R:localhost/127.0.0.1:64961]
20:40:13.866 [Forwarding findElement on session efc3a61174bfb4fe588d4f0f7a4ff491 to remote] DEBUG org.asynchttpclient.netty.request.NettyRequestSender - Using pooled Channel '[id: 0x010d1a7b, L:/127.0.0.1:62378 - R:localhost/127.0.0.1:64961]' for 'POST' to 'http://localhost:64961/session/efc3a61174bfb4fe588d4f0f7a4ff491/element'
20:40:13.867 [Forwarding findElement on session efc3a61174bfb4fe588d4f0f7a4ff491 to remote] DEBUG org.asynchttpclient.netty.request.NettyRequestSender - Using open Channel [id: 0x010d1a7b, L:/127.0.0.1:62378 - R:localhost/127.0.0.1:64961] for POST '/session/efc3a61174bfb4fe588d4f0f7a4ff491/element'
20:40:13.893 [AsyncHttpClient-1-6] DEBUG org.asynchttpclient.netty.handler.HttpHandler - 

Request DefaultHttpRequest(decodeResult: success, version: HTTP/1.1)
POST /session/efc3a61174bfb4fe588d4f0f7a4ff491/element HTTP/1.1
User-Agent: selenium/4.1.2 (java windows)
Content-Length: 68
Content-Type: application/json; charset=utf-8
host: localhost:64961
accept: */*

Response DefaultHttpResponse(decodeResult: success, version: HTTP/1.1)
HTTP/1.1 200 OK
Content-Type: application/json; charset=utf-8
cache-control: no-cache
content-length: 88

20:40:13.893 [AsyncHttpClient-1-6] DEBUG org.asynchttpclient.netty.channel.ChannelManager - Adding key: http://localhost:64961 for channel [id: 0x010d1a7b, L:/127.0.0.1:62378 - R:localhost/127.0.0.1:64961]
20:40:13.896 [Forwarding sendKeysToElement on session efc3a61174bfb4fe588d4f0f7a4ff491 to remote] DEBUG org.asynchttpclient.netty.request.NettyRequestSender - Using pooled Channel '[id: 0x010d1a7b, L:/127.0.0.1:62378 - R:localhost/127.0.0.1:64961]' for 'POST' to 'http://localhost:64961/session/efc3a61174bfb4fe588d4f0f7a4ff491/element/a26c670e-d2ec-4a33-b738-c5e3cb13d363/value'
20:40:13.896 [Forwarding sendKeysToElement on session efc3a61174bfb4fe588d4f0f7a4ff491 to remote] DEBUG org.asynchttpclient.netty.request.NettyRequestSender - Using open Channel [id: 0x010d1a7b, L:/127.0.0.1:62378 - R:localhost/127.0.0.1:64961] for POST '/session/efc3a61174bfb4fe588d4f0f7a4ff491/element/a26c670e-d2ec-4a33-b738-c5e3cb13d363/value'
20:40:14.339 [AsyncHttpClient-1-6] DEBUG org.asynchttpclient.netty.handler.HttpHandler - 

Request DefaultHttpRequest(decodeResult: success, version: HTTP/1.1)
POST /session/efc3a61174bfb4fe588d4f0f7a4ff491/element/a26c670e-d2ec-4a33-b738-c5e3cb13d363/value HTTP/1.1
User-Agent: selenium/4.1.2 (java windows)
Content-Length: 209
Content-Type: application/json; charset=utf-8
host: localhost:64961
accept: */*

Response DefaultHttpResponse(decodeResult: success, version: HTTP/1.1)
HTTP/1.1 200 OK
Content-Type: application/json; charset=utf-8
cache-control: no-cache
content-length: 14

20:40:14.339 [AsyncHttpClient-1-6] DEBUG org.asynchttpclient.netty.channel.ChannelManager - Adding key: http://localhost:64961 for channel [id: 0x010d1a7b, L:/127.0.0.1:62378 - R:localhost/127.0.0.1:64961]
20:40:14.347 [Forwarding findElement on session efc3a61174bfb4fe588d4f0f7a4ff491 to remote] DEBUG org.asynchttpclient.netty.request.NettyRequestSender - Using pooled Channel '[id: 0x010d1a7b, L:/127.0.0.1:62378 - R:localhost/127.0.0.1:64961]' for 'POST' to 'http://localhost:64961/session/efc3a61174bfb4fe588d4f0f7a4ff491/element'
20:40:14.347 [Forwarding findElement on session efc3a61174bfb4fe588d4f0f7a4ff491 to remote] DEBUG org.asynchttpclient.netty.request.NettyRequestSender - Using open Channel [id: 0x010d1a7b, L:/127.0.0.1:62378 - R:localhost/127.0.0.1:64961] for POST '/session/efc3a61174bfb4fe588d4f0f7a4ff491/element'
20:40:14.401 [AsyncHttpClient-1-6] DEBUG org.asynchttpclient.netty.handler.HttpHandler - 

Request DefaultHttpRequest(decodeResult: success, version: HTTP/1.1)
POST /session/efc3a61174bfb4fe588d4f0f7a4ff491/element HTTP/1.1
User-Agent: selenium/4.1.2 (java windows)
Content-Length: 68
Content-Type: application/json; charset=utf-8
host: localhost:64961
accept: */*

Response DefaultHttpResponse(decodeResult: success, version: HTTP/1.1)
HTTP/1.1 200 OK
Content-Type: application/json; charset=utf-8
cache-control: no-cache
content-length: 88

20:40:14.401 [AsyncHttpClient-1-6] DEBUG org.asynchttpclient.netty.channel.ChannelManager - Adding key: http://localhost:64961 for channel [id: 0x010d1a7b, L:/127.0.0.1:62378 - R:localhost/127.0.0.1:64961]
20:40:14.403 [Forwarding sendKeysToElement on session efc3a61174bfb4fe588d4f0f7a4ff491 to remote] DEBUG org.asynchttpclient.netty.request.NettyRequestSender - Using pooled Channel '[id: 0x010d1a7b, L:/127.0.0.1:62378 - R:localhost/127.0.0.1:64961]' for 'POST' to 'http://localhost:64961/session/efc3a61174bfb4fe588d4f0f7a4ff491/element/a26c670e-d2ec-4a33-b738-c5e3cb13d363/value'
20:40:14.403 [Forwarding sendKeysToElement on session efc3a61174bfb4fe588d4f0f7a4ff491 to remote] DEBUG org.asynchttpclient.netty.request.NettyRequestSender - Using open Channel [id: 0x010d1a7b, L:/127.0.0.1:62378 - R:localhost/127.0.0.1:64961] for POST '/session/efc3a61174bfb4fe588d4f0f7a4ff491/element/a26c670e-d2ec-4a33-b738-c5e3cb13d363/value'
20:40:14.882 [AsyncHttpClient-1-6] DEBUG org.asynchttpclient.netty.handler.HttpHandler - 

Request DefaultHttpRequest(decodeResult: success, version: HTTP/1.1)
POST /session/efc3a61174bfb4fe588d4f0f7a4ff491/element/a26c670e-d2ec-4a33-b738-c5e3cb13d363/value HTTP/1.1
User-Agent: selenium/4.1.2 (java windows)
Content-Length: 171
Content-Type: application/json; charset=utf-8
host: localhost:64961
accept: */*

Response DefaultHttpResponse(decodeResult: success, version: HTTP/1.1)
HTTP/1.1 200 OK
Content-Type: application/json; charset=utf-8
cache-control: no-cache
content-length: 14

20:40:14.882 [AsyncHttpClient-1-6] DEBUG org.asynchttpclient.netty.channel.ChannelManager - Adding key: http://localhost:64961 for channel [id: 0x010d1a7b, L:/127.0.0.1:62378 - R:localhost/127.0.0.1:64961]
20:40:14.887 [Forwarding findElement on session efc3a61174bfb4fe588d4f0f7a4ff491 to remote] DEBUG org.asynchttpclient.netty.request.NettyRequestSender - Using pooled Channel '[id: 0x010d1a7b, L:/127.0.0.1:62378 - R:localhost/127.0.0.1:64961]' for 'POST' to 'http://localhost:64961/session/efc3a61174bfb4fe588d4f0f7a4ff491/element'
20:40:14.887 [Forwarding findElement on session efc3a61174bfb4fe588d4f0f7a4ff491 to remote] DEBUG org.asynchttpclient.netty.request.NettyRequestSender - Using open Channel [id: 0x010d1a7b, L:/127.0.0.1:62378 - R:localhost/127.0.0.1:64961] for POST '/session/efc3a61174bfb4fe588d4f0f7a4ff491/element'
20:40:14.888 [AsyncHttpClient-1-1] DEBUG org.asynchttpclient.netty.channel.DefaultChannelPool - Entry count for : http://localhost:62379 : 1
20:40:14.928 [AsyncHttpClient-1-6] DEBUG org.asynchttpclient.netty.handler.HttpHandler - 

Request DefaultHttpRequest(decodeResult: success, version: HTTP/1.1)
POST /session/efc3a61174bfb4fe588d4f0f7a4ff491/element HTTP/1.1
User-Agent: selenium/4.1.2 (java windows)
Content-Length: 66
Content-Type: application/json; charset=utf-8
host: localhost:64961
accept: */*

Response DefaultHttpResponse(decodeResult: success, version: HTTP/1.1)
HTTP/1.1 200 OK
Content-Type: application/json; charset=utf-8
cache-control: no-cache
content-length: 88

20:40:14.929 [AsyncHttpClient-1-6] DEBUG org.asynchttpclient.netty.channel.ChannelManager - Adding key: http://localhost:64961 for channel [id: 0x010d1a7b, L:/127.0.0.1:62378 - R:localhost/127.0.0.1:64961]
20:40:14.932 [Forwarding sendKeysToElement on session efc3a61174bfb4fe588d4f0f7a4ff491 to remote] DEBUG org.asynchttpclient.netty.request.NettyRequestSender - Using pooled Channel '[id: 0x010d1a7b, L:/127.0.0.1:62378 - R:localhost/127.0.0.1:64961]' for 'POST' to 'http://localhost:64961/session/efc3a61174bfb4fe588d4f0f7a4ff491/element/959f1926-0a00-46bc-8411-5482c9270be1/value'
20:40:14.932 [Forwarding sendKeysToElement on session efc3a61174bfb4fe588d4f0f7a4ff491 to remote] DEBUG org.asynchttpclient.netty.request.NettyRequestSender - Using open Channel [id: 0x010d1a7b, L:/127.0.0.1:62378 - R:localhost/127.0.0.1:64961] for POST '/session/efc3a61174bfb4fe588d4f0f7a4ff491/element/959f1926-0a00-46bc-8411-5482c9270be1/value'
20:40:15.300 [AsyncHttpClient-1-6] DEBUG org.asynchttpclient.netty.handler.HttpHandler - 

Request DefaultHttpRequest(decodeResult: success, version: HTTP/1.1)
POST /session/efc3a61174bfb4fe588d4f0f7a4ff491/element/959f1926-0a00-46bc-8411-5482c9270be1/value HTTP/1.1
User-Agent: selenium/4.1.2 (java windows)
Content-Length: 139
Content-Type: application/json; charset=utf-8
host: localhost:64961
accept: */*

Response DefaultHttpResponse(decodeResult: success, version: HTTP/1.1)
HTTP/1.1 200 OK
Content-Type: application/json; charset=utf-8
cache-control: no-cache
content-length: 14

20:40:15.300 [AsyncHttpClient-1-6] DEBUG org.asynchttpclient.netty.channel.ChannelManager - Adding key: http://localhost:64961 for channel [id: 0x010d1a7b, L:/127.0.0.1:62378 - R:localhost/127.0.0.1:64961]
20:40:15.307 [Forwarding findElement on session efc3a61174bfb4fe588d4f0f7a4ff491 to remote] DEBUG org.asynchttpclient.netty.request.NettyRequestSender - Using pooled Channel '[id: 0x010d1a7b, L:/127.0.0.1:62378 - R:localhost/127.0.0.1:64961]' for 'POST' to 'http://localhost:64961/session/efc3a61174bfb4fe588d4f0f7a4ff491/element'
20:40:15.307 [Forwarding findElement on session efc3a61174bfb4fe588d4f0f7a4ff491 to remote] DEBUG org.asynchttpclient.netty.request.NettyRequestSender - Using open Channel [id: 0x010d1a7b, L:/127.0.0.1:62378 - R:localhost/127.0.0.1:64961] for POST '/session/efc3a61174bfb4fe588d4f0f7a4ff491/element'
20:40:15.363 [AsyncHttpClient-1-6] DEBUG org.asynchttpclient.netty.handler.HttpHandler - 

Request DefaultHttpRequest(decodeResult: success, version: HTTP/1.1)
POST /session/efc3a61174bfb4fe588d4f0f7a4ff491/element HTTP/1.1
User-Agent: selenium/4.1.2 (java windows)
Content-Length: 66
Content-Type: application/json; charset=utf-8
host: localhost:64961
accept: */*

Response DefaultHttpResponse(decodeResult: success, version: HTTP/1.1)
HTTP/1.1 200 OK
Content-Type: application/json; charset=utf-8
cache-control: no-cache
content-length: 88

20:40:15.363 [AsyncHttpClient-1-6] DEBUG org.asynchttpclient.netty.channel.ChannelManager - Adding key: http://localhost:64961 for channel [id: 0x010d1a7b, L:/127.0.0.1:62378 - R:localhost/127.0.0.1:64961]
20:40:15.368 [Forwarding sendKeysToElement on session efc3a61174bfb4fe588d4f0f7a4ff491 to remote] DEBUG org.asynchttpclient.netty.request.NettyRequestSender - Using pooled Channel '[id: 0x010d1a7b, L:/127.0.0.1:62378 - R:localhost/127.0.0.1:64961]' for 'POST' to 'http://localhost:64961/session/efc3a61174bfb4fe588d4f0f7a4ff491/element/959f1926-0a00-46bc-8411-5482c9270be1/value'
20:40:15.368 [Forwarding sendKeysToElement on session efc3a61174bfb4fe588d4f0f7a4ff491 to remote] DEBUG org.asynchttpclient.netty.request.NettyRequestSender - Using open Channel [id: 0x010d1a7b, L:/127.0.0.1:62378 - R:localhost/127.0.0.1:64961] for POST '/session/efc3a61174bfb4fe588d4f0f7a4ff491/element/959f1926-0a00-46bc-8411-5482c9270be1/value'
20:40:15.639 [AsyncHttpClient-1-6] DEBUG org.asynchttpclient.netty.handler.HttpHandler - 

Request DefaultHttpRequest(decodeResult: success, version: HTTP/1.1)
POST /session/efc3a61174bfb4fe588d4f0f7a4ff491/element/959f1926-0a00-46bc-8411-5482c9270be1/value HTTP/1.1
User-Agent: selenium/4.1.2 (java windows)
Content-Length: 101
Content-Type: application/json; charset=utf-8
host: localhost:64961
accept: */*

Response DefaultHttpResponse(decodeResult: success, version: HTTP/1.1)
HTTP/1.1 200 OK
Content-Type: application/json; charset=utf-8
cache-control: no-cache
content-length: 14

20:40:15.639 [AsyncHttpClient-1-6] DEBUG org.asynchttpclient.netty.channel.ChannelManager - Adding key: http://localhost:64961 for channel [id: 0x010d1a7b, L:/127.0.0.1:62378 - R:localhost/127.0.0.1:64961]
20:40:15.655 [Forwarding screenshot on session efc3a61174bfb4fe588d4f0f7a4ff491 to remote] DEBUG org.asynchttpclient.netty.request.NettyRequestSender - Using pooled Channel '[id: 0x010d1a7b, L:/127.0.0.1:62378 - R:localhost/127.0.0.1:64961]' for 'GET' to 'http://localhost:64961/session/efc3a61174bfb4fe588d4f0f7a4ff491/screenshot'
20:40:15.655 [Forwarding screenshot on session efc3a61174bfb4fe588d4f0f7a4ff491 to remote] DEBUG org.asynchttpclient.netty.request.NettyRequestSender - Using open Channel [id: 0x010d1a7b, L:/127.0.0.1:62378 - R:localhost/127.0.0.1:64961] for GET '/session/efc3a61174bfb4fe588d4f0f7a4ff491/screenshot'
20:40:15.997 [AsyncHttpClient-1-1] DEBUG org.asynchttpclient.netty.channel.DefaultChannelPool - Entry count for : http://localhost:62379 : 1
20:40:16.254 [AsyncHttpClient-1-6] DEBUG org.asynchttpclient.netty.handler.HttpHandler - 

Request DefaultFullHttpRequest(decodeResult: success, version: HTTP/1.1, content: EmptyByteBufBE)
GET /session/efc3a61174bfb4fe588d4f0f7a4ff491/screenshot HTTP/1.1
User-Agent: selenium/4.1.2 (java windows)
Cache-Control: no-cache
Content-Type: application/json; charset=utf-8
host: localhost:64961
accept: */*

Response DefaultHttpResponse(decodeResult: success, version: HTTP/1.1)
HTTP/1.1 200 OK
Content-Type: application/json; charset=utf-8
cache-control: no-cache
content-length: 404992

20:40:16.256 [AsyncHttpClient-1-6] DEBUG org.asynchttpclient.netty.channel.ChannelManager - Adding key: http://localhost:64961 for channel [id: 0x010d1a7b, L:/127.0.0.1:62378 - R:localhost/127.0.0.1:64961]
20:40:16.290 [main] DEBUG net.serenitybdd.core.photography.Darkroom - Send negative for processing for target\site\serenity\d6f21bab48ecc9af1ebaba7fed039020b48f4d200c4f752cad01ed7d1b041ecd.png
20:40:16.292 [main] DEBUG net.thucydides.core.steps.StepInterceptor - STEP DONE: inputDataPasienEdit
  &amp#27;[32mThen &amp#27;[0m&amp#27;[32mI input edit &amp#27;[0m&amp#27;[32m&amp#27;[1m"Bagas"&amp#27;[0m&amp#27;[32m &amp#27;[0m&amp#27;[32m&amp#27;[1m"1234479680"&amp#27;[0m&amp#27;[32m &amp#27;[0m&amp#27;[32m&amp#27;[1m"20"&amp#27;[0m&amp#27;[32m &amp#27;[0m&amp#27;[32m&amp#27;[1m"jngasjgxbba"&amp#27;[0m&amp#27;[32m &amp#27;[0m&amp#27;[32m&amp#27;[1m"perumahan"&amp#27;[0m&amp#27;[32m patient&amp#27;[0m &amp#27;[90m# starter.stepdefinitios.PatientDataSteps.iInputEditPatient(java.lang.String,java.lang.String,java.lang.String,java.lang.String,java.lang.String)&amp#27;[0m
20:40:16.297 [Darkroom Processing Line] DEBUG net.serenitybdd.core.photography.DarkroomProcessingLine - Processing screenshot image in /var/screenshots/screenshot-4569670966461722712
20:40:16.297 [Darkroom Processing Line] DEBUG net.serenitybdd.core.photography.DarkroomProcessingLine - Saving screenshot to target\site\serenity\d6f21bab48ecc9af1ebaba7fed039020b48f4d200c4f752cad01ed7d1b041ecd.png
20:40:16.380 [Forwarding screenshot on session efc3a61174bfb4fe588d4f0f7a4ff491 to remote] DEBUG org.asynchttpclient.netty.request.NettyRequestSender - Using pooled Channel '[id: 0x010d1a7b, L:/127.0.0.1:62378 - R:localhost/127.0.0.1:64961]' for 'GET' to 'http://localhost:64961/session/efc3a61174bfb4fe588d4f0f7a4ff491/screenshot'
20:40:16.380 [Forwarding screenshot on session efc3a61174bfb4fe588d4f0f7a4ff491 to remote] DEBUG org.asynchttpclient.netty.request.NettyRequestSender - Using open Channel [id: 0x010d1a7b, L:/127.0.0.1:62378 - R:localhost/127.0.0.1:64961] for GET '/session/efc3a61174bfb4fe588d4f0f7a4ff491/screenshot'
20:40:16.948 [AsyncHttpClient-1-6] DEBUG org.asynchttpclient.netty.handler.HttpHandler - 

Request DefaultFullHttpRequest(decodeResult: success, version: HTTP/1.1, content: EmptyByteBufBE)
GET /session/efc3a61174bfb4fe588d4f0f7a4ff491/screenshot HTTP/1.1
User-Agent: selenium/4.1.2 (java windows)
Cache-Control: no-cache
Content-Type: application/json; charset=utf-8
host: localhost:64961
accept: */*

Response DefaultHttpResponse(decodeResult: success, version: HTTP/1.1)
HTTP/1.1 200 OK
Content-Type: application/json; charset=utf-8
cache-control: no-cache
content-length: 404964

20:40:16.950 [AsyncHttpClient-1-6] DEBUG org.asynchttpclient.netty.channel.ChannelManager - Adding key: http://localhost:64961 for channel [id: 0x010d1a7b, L:/127.0.0.1:62378 - R:localhost/127.0.0.1:64961]
20:40:16.989 [main] DEBUG net.serenitybdd.core.photography.Darkroom - Send negative for processing for target\site\serenity\82c05c846a0e08eabe6a7f40e31511dc15f610cc677861bffc8f448720d0514c.png
20:40:16.990 [main] DEBUG net.thucydides.core.steps.StepInterceptor - STARTING STEP: PatientDataSteps.iClickButtonJenisKelamin - clickLaki
20:40:16.997 [Darkroom Processing Line] DEBUG net.serenitybdd.core.photography.DarkroomProcessingLine - Processing screenshot image in /var/screenshots/screenshot-3413390184981303868
20:40:16.997 [Darkroom Processing Line] DEBUG net.serenitybdd.core.photography.DarkroomProcessingLine - Saving screenshot to target\site\serenity\82c05c846a0e08eabe6a7f40e31511dc15f610cc677861bffc8f448720d0514c.png
20:40:17.003 [Forwarding findElement on session efc3a61174bfb4fe588d4f0f7a4ff491 to remote] DEBUG org.asynchttpclient.netty.request.NettyRequestSender - Using pooled Channel '[id: 0x010d1a7b, L:/127.0.0.1:62378 - R:localhost/127.0.0.1:64961]' for 'POST' to 'http://localhost:64961/session/efc3a61174bfb4fe588d4f0f7a4ff491/element'
20:40:17.003 [Forwarding findElement on session efc3a61174bfb4fe588d4f0f7a4ff491 to remote] DEBUG org.asynchttpclient.netty.request.NettyRequestSender - Using open Channel [id: 0x010d1a7b, L:/127.0.0.1:62378 - R:localhost/127.0.0.1:64961] for POST '/session/efc3a61174bfb4fe588d4f0f7a4ff491/element'
20:40:17.045 [AsyncHttpClient-1-6] DEBUG org.asynchttpclient.netty.handler.HttpHandler - 

Request DefaultHttpRequest(decodeResult: success, version: HTTP/1.1)
POST /session/efc3a61174bfb4fe588d4f0f7a4ff491/element HTTP/1.1
User-Agent: selenium/4.1.2 (java windows)
Content-Length: 179
Content-Type: application/json; charset=utf-8
host: localhost:64961
accept: */*

Response DefaultHttpResponse(decodeResult: success, version: HTTP/1.1)
HTTP/1.1 200 OK
Content-Type: application/json; charset=utf-8
cache-control: no-cache
content-length: 88

20:40:17.045 [AsyncHttpClient-1-6] DEBUG org.asynchttpclient.netty.channel.ChannelManager - Adding key: http://localhost:64961 for channel [id: 0x010d1a7b, L:/127.0.0.1:62378 - R:localhost/127.0.0.1:64961]
20:40:17.048 [Forwarding getElementTagName on session efc3a61174bfb4fe588d4f0f7a4ff491 to remote] DEBUG org.asynchttpclient.netty.request.NettyRequestSender - Using pooled Channel '[id: 0x010d1a7b, L:/127.0.0.1:62378 - R:localhost/127.0.0.1:64961]' for 'GET' to 'http://localhost:64961/session/efc3a61174bfb4fe588d4f0f7a4ff491/element/514d96db-815b-4224-9aeb-73069b347375/name'
20:40:17.048 [Forwarding getElementTagName on session efc3a61174bfb4fe588d4f0f7a4ff491 to remote] DEBUG org.asynchttpclient.netty.request.NettyRequestSender - Using open Channel [id: 0x010d1a7b, L:/127.0.0.1:62378 - R:localhost/127.0.0.1:64961] for GET '/session/efc3a61174bfb4fe588d4f0f7a4ff491/element/514d96db-815b-4224-9aeb-73069b347375/name'
20:40:17.068 [AsyncHttpClient-1-6] DEBUG org.asynchttpclient.netty.handler.HttpHandler - 

Request DefaultFullHttpRequest(decodeResult: success, version: HTTP/1.1, content: EmptyByteBufBE)
GET /session/efc3a61174bfb4fe588d4f0f7a4ff491/element/514d96db-815b-4224-9aeb-73069b347375/name HTTP/1.1
User-Agent: selenium/4.1.2 (java windows)
Cache-Control: no-cache
Content-Type: application/json; charset=utf-8
host: localhost:64961
accept: */*

Response DefaultHttpResponse(decodeResult: success, version: HTTP/1.1)
HTTP/1.1 200 OK
Content-Type: application/json; charset=utf-8
cache-control: no-cache
content-length: 16

20:40:17.068 [AsyncHttpClient-1-6] DEBUG org.asynchttpclient.netty.channel.ChannelManager - Adding key: http://localhost:64961 for channel [id: 0x010d1a7b, L:/127.0.0.1:62378 - R:localhost/127.0.0.1:64961]
20:40:17.070 [Forwarding getElementTagName on session efc3a61174bfb4fe588d4f0f7a4ff491 to remote] DEBUG org.asynchttpclient.netty.request.NettyRequestSender - Using pooled Channel '[id: 0x010d1a7b, L:/127.0.0.1:62378 - R:localhost/127.0.0.1:64961]' for 'GET' to 'http://localhost:64961/session/efc3a61174bfb4fe588d4f0f7a4ff491/element/514d96db-815b-4224-9aeb-73069b347375/name'
20:40:17.071 [Forwarding getElementTagName on session efc3a61174bfb4fe588d4f0f7a4ff491 to remote] DEBUG org.asynchttpclient.netty.request.NettyRequestSender - Using open Channel [id: 0x010d1a7b, L:/127.0.0.1:62378 - R:localhost/127.0.0.1:64961] for GET '/session/efc3a61174bfb4fe588d4f0f7a4ff491/element/514d96db-815b-4224-9aeb-73069b347375/name'
20:40:17.090 [AsyncHttpClient-1-1] DEBUG org.asynchttpclient.netty.channel.DefaultChannelPool - Entry count for : http://localhost:62379 : 1
20:40:17.091 [AsyncHttpClient-1-6] DEBUG org.asynchttpclient.netty.handler.HttpHandler - 

Request DefaultFullHttpRequest(decodeResult: success, version: HTTP/1.1, content: EmptyByteBufBE)
GET /session/efc3a61174bfb4fe588d4f0f7a4ff491/element/514d96db-815b-4224-9aeb-73069b347375/name HTTP/1.1
User-Agent: selenium/4.1.2 (java windows)
Cache-Control: no-cache
Content-Type: application/json; charset=utf-8
host: localhost:64961
accept: */*

Response DefaultHttpResponse(decodeResult: success, version: HTTP/1.1)
HTTP/1.1 200 OK
Content-Type: application/json; charset=utf-8
cache-control: no-cache
content-length: 16

20:40:17.091 [AsyncHttpClient-1-6] DEBUG org.asynchttpclient.netty.channel.ChannelManager - Adding key: http://localhost:64961 for channel [id: 0x010d1a7b, L:/127.0.0.1:62378 - R:localhost/127.0.0.1:64961]
20:40:17.095 [Forwarding findElement on session efc3a61174bfb4fe588d4f0f7a4ff491 to remote] DEBUG org.asynchttpclient.netty.request.NettyRequestSender - Using pooled Channel '[id: 0x010d1a7b, L:/127.0.0.1:62378 - R:localhost/127.0.0.1:64961]' for 'POST' to 'http://localhost:64961/session/efc3a61174bfb4fe588d4f0f7a4ff491/element'
20:40:17.095 [Forwarding findElement on session efc3a61174bfb4fe588d4f0f7a4ff491 to remote] DEBUG org.asynchttpclient.netty.request.NettyRequestSender - Using open Channel [id: 0x010d1a7b, L:/127.0.0.1:62378 - R:localhost/127.0.0.1:64961] for POST '/session/efc3a61174bfb4fe588d4f0f7a4ff491/element'
20:40:17.135 [AsyncHttpClient-1-6] DEBUG org.asynchttpclient.netty.handler.HttpHandler - 

Request DefaultHttpRequest(decodeResult: success, version: HTTP/1.1)
POST /session/efc3a61174bfb4fe588d4f0f7a4ff491/element HTTP/1.1
User-Agent: selenium/4.1.2 (java windows)
Content-Length: 179
Content-Type: application/json; charset=utf-8
host: localhost:64961
accept: */*

Response DefaultHttpResponse(decodeResult: success, version: HTTP/1.1)
HTTP/1.1 200 OK
Content-Type: application/json; charset=utf-8
cache-control: no-cache
content-length: 88

20:40:17.136 [AsyncHttpClient-1-6] DEBUG org.asynchttpclient.netty.channel.ChannelManager - Adding key: http://localhost:64961 for channel [id: 0x010d1a7b, L:/127.0.0.1:62378 - R:localhost/127.0.0.1:64961]
20:40:17.138 [Forwarding clickElement on session efc3a61174bfb4fe588d4f0f7a4ff491 to remote] DEBUG org.asynchttpclient.netty.request.NettyRequestSender - Using pooled Channel '[id: 0x010d1a7b, L:/127.0.0.1:62378 - R:localhost/127.0.0.1:64961]' for 'POST' to 'http://localhost:64961/session/efc3a61174bfb4fe588d4f0f7a4ff491/element/514d96db-815b-4224-9aeb-73069b347375/click'
20:40:17.138 [Forwarding clickElement on session efc3a61174bfb4fe588d4f0f7a4ff491 to remote] DEBUG org.asynchttpclient.netty.request.NettyRequestSender - Using open Channel [id: 0x010d1a7b, L:/127.0.0.1:62378 - R:localhost/127.0.0.1:64961] for POST '/session/efc3a61174bfb4fe588d4f0f7a4ff491/element/514d96db-815b-4224-9aeb-73069b347375/click'
20:40:17.337 [AsyncHttpClient-1-6] DEBUG org.asynchttpclient.netty.handler.HttpHandler - 

Request DefaultHttpRequest(decodeResult: success, version: HTTP/1.1)
POST /session/efc3a61174bfb4fe588d4f0f7a4ff491/element/514d96db-815b-4224-9aeb-73069b347375/click HTTP/1.1
User-Agent: selenium/4.1.2 (java windows)
Content-Length: 50
Content-Type: application/json; charset=utf-8
host: localhost:64961
accept: */*

Response DefaultHttpResponse(decodeResult: success, version: HTTP/1.1)
HTTP/1.1 200 OK
Content-Type: application/json; charset=utf-8
cache-control: no-cache
content-length: 14

20:40:17.337 [AsyncHttpClient-1-6] DEBUG org.asynchttpclient.netty.channel.ChannelManager - Adding key: http://localhost:64961 for channel [id: 0x010d1a7b, L:/127.0.0.1:62378 - R:localhost/127.0.0.1:64961]
20:40:17.355 [Forwarding screenshot on session efc3a61174bfb4fe588d4f0f7a4ff491 to remote] DEBUG org.asynchttpclient.netty.request.NettyRequestSender - Using pooled Channel '[id: 0x010d1a7b, L:/127.0.0.1:62378 - R:localhost/127.0.0.1:64961]' for 'GET' to 'http://localhost:64961/session/efc3a61174bfb4fe588d4f0f7a4ff491/screenshot'
20:40:17.355 [Forwarding screenshot on session efc3a61174bfb4fe588d4f0f7a4ff491 to remote] DEBUG org.asynchttpclient.netty.request.NettyRequestSender - Using open Channel [id: 0x010d1a7b, L:/127.0.0.1:62378 - R:localhost/127.0.0.1:64961] for GET '/session/efc3a61174bfb4fe588d4f0f7a4ff491/screenshot'
20:40:17.964 [AsyncHttpClient-1-6] DEBUG org.asynchttpclient.netty.handler.HttpHandler - 

Request DefaultFullHttpRequest(decodeResult: success, version: HTTP/1.1, content: EmptyByteBufBE)
GET /session/efc3a61174bfb4fe588d4f0f7a4ff491/screenshot HTTP/1.1
User-Agent: selenium/4.1.2 (java windows)
Cache-Control: no-cache
Content-Type: application/json; charset=utf-8
host: localhost:64961
accept: */*

Response DefaultHttpResponse(decodeResult: success, version: HTTP/1.1)
HTTP/1.1 200 OK
Content-Type: application/json; charset=utf-8
cache-control: no-cache
content-length: 402868

20:40:17.966 [AsyncHttpClient-1-6] DEBUG org.asynchttpclient.netty.channel.ChannelManager - Adding key: http://localhost:64961 for channel [id: 0x010d1a7b, L:/127.0.0.1:62378 - R:localhost/127.0.0.1:64961]
20:40:18.008 [main] DEBUG net.serenitybdd.core.photography.Darkroom - Send negative for processing for target\site\serenity\b0557d242e4b7aef57d415003c6e1fc6374f17e05e199a90882c834873c9dbc7.png
20:40:18.009 [main] DEBUG net.thucydides.core.steps.StepInterceptor - STEP DONE: clickLaki
  &amp#27;[32mAnd &amp#27;[0m&amp#27;[32mI click button jenis kelamin patient&amp#27;[0m                                      &amp#27;[90m# starter.stepdefinitios.PatientDataSteps.iClickButtonJenisKelamin()&amp#27;[0m
20:40:18.024 [Darkroom Processing Line] DEBUG net.serenitybdd.core.photography.DarkroomProcessingLine - Processing screenshot image in /var/screenshots/screenshot-9606054415224449528
20:40:18.024 [Darkroom Processing Line] DEBUG net.serenitybdd.core.photography.DarkroomProcessingLine - Saving screenshot to target\site\serenity\b0557d242e4b7aef57d415003c6e1fc6374f17e05e199a90882c834873c9dbc7.png
20:40:18.073 [Forwarding screenshot on session efc3a61174bfb4fe588d4f0f7a4ff491 to remote] DEBUG org.asynchttpclient.netty.request.NettyRequestSender - Using pooled Channel '[id: 0x010d1a7b, L:/127.0.0.1:62378 - R:localhost/127.0.0.1:64961]' for 'GET' to 'http://localhost:64961/session/efc3a61174bfb4fe588d4f0f7a4ff491/screenshot'
20:40:18.073 [Forwarding screenshot on session efc3a61174bfb4fe588d4f0f7a4ff491 to remote] DEBUG org.asynchttpclient.netty.request.NettyRequestSender - Using open Channel [id: 0x010d1a7b, L:/127.0.0.1:62378 - R:localhost/127.0.0.1:64961] for GET '/session/efc3a61174bfb4fe588d4f0f7a4ff491/screenshot'
20:40:18.204 [AsyncHttpClient-1-1] DEBUG org.asynchttpclient.netty.channel.DefaultChannelPool - Entry count for : http://localhost:62379 : 1
20:40:18.839 [AsyncHttpClient-1-6] DEBUG org.asynchttpclient.netty.handler.HttpHandler - 

Request DefaultFullHttpRequest(decodeResult: success, version: HTTP/1.1, content: EmptyByteBufBE)
GET /session/efc3a61174bfb4fe588d4f0f7a4ff491/screenshot HTTP/1.1
User-Agent: selenium/4.1.2 (java windows)
Cache-Control: no-cache
Content-Type: application/json; charset=utf-8
host: localhost:64961
accept: */*

Response DefaultHttpResponse(decodeResult: success, version: HTTP/1.1)
HTTP/1.1 200 OK
Content-Type: application/json; charset=utf-8
cache-control: no-cache
content-length: 402652

20:40:18.841 [AsyncHttpClient-1-6] DEBUG org.asynchttpclient.netty.channel.ChannelManager - Adding key: http://localhost:64961 for channel [id: 0x010d1a7b, L:/127.0.0.1:62378 - R:localhost/127.0.0.1:64961]
20:40:18.874 [main] DEBUG net.serenitybdd.core.photography.Darkroom - Send negative for processing for target\site\serenity\adf933087a5549e90892a30bc0b7c03204c30feba4534b50447921ce34e50f7d.png
20:40:18.876 [main] DEBUG net.thucydides.core.steps.StepInterceptor - STARTING STEP: PatientDataSteps.clickButtonSimpan - clickButtonSave
20:40:18.876 [Darkroom Processing Line] DEBUG net.serenitybdd.core.photography.DarkroomProcessingLine - Processing screenshot image in /var/screenshots/screenshot-8111098784634634230
20:40:18.877 [Darkroom Processing Line] DEBUG net.serenitybdd.core.photography.DarkroomProcessingLine - Saving screenshot to target\site\serenity\adf933087a5549e90892a30bc0b7c03204c30feba4534b50447921ce34e50f7d.png
20:40:18.901 [Forwarding findElement on session efc3a61174bfb4fe588d4f0f7a4ff491 to remote] DEBUG org.asynchttpclient.netty.request.NettyRequestSender - Using pooled Channel '[id: 0x010d1a7b, L:/127.0.0.1:62378 - R:localhost/127.0.0.1:64961]' for 'POST' to 'http://localhost:64961/session/efc3a61174bfb4fe588d4f0f7a4ff491/element'
20:40:18.901 [Forwarding findElement on session efc3a61174bfb4fe588d4f0f7a4ff491 to remote] DEBUG org.asynchttpclient.netty.request.NettyRequestSender - Using open Channel [id: 0x010d1a7b, L:/127.0.0.1:62378 - R:localhost/127.0.0.1:64961] for POST '/session/efc3a61174bfb4fe588d4f0f7a4ff491/element'
20:40:18.936 [AsyncHttpClient-1-6] DEBUG org.asynchttpclient.netty.handler.HttpHandler - 

Request DefaultHttpRequest(decodeResult: success, version: HTTP/1.1)
POST /session/efc3a61174bfb4fe588d4f0f7a4ff491/element HTTP/1.1
User-Agent: selenium/4.1.2 (java windows)
Content-Length: 68
Content-Type: application/json; charset=utf-8
host: localhost:64961
accept: */*

Response DefaultHttpResponse(decodeResult: success, version: HTTP/1.1)
HTTP/1.1 200 OK
Content-Type: application/json; charset=utf-8
cache-control: no-cache
content-length: 88

20:40:18.937 [AsyncHttpClient-1-6] DEBUG org.asynchttpclient.netty.channel.ChannelManager - Adding key: http://localhost:64961 for channel [id: 0x010d1a7b, L:/127.0.0.1:62378 - R:localhost/127.0.0.1:64961]
20:40:18.941 [Forwarding getElementTagName on session efc3a61174bfb4fe588d4f0f7a4ff491 to remote] DEBUG org.asynchttpclient.netty.request.NettyRequestSender - Using pooled Channel '[id: 0x010d1a7b, L:/127.0.0.1:62378 - R:localhost/127.0.0.1:64961]' for 'GET' to 'http://localhost:64961/session/efc3a61174bfb4fe588d4f0f7a4ff491/element/08c7b489-7a56-45d7-810a-08c70354b962/name'
20:40:18.941 [Forwarding getElementTagName on session efc3a61174bfb4fe588d4f0f7a4ff491 to remote] DEBUG org.asynchttpclient.netty.request.NettyRequestSender - Using open Channel [id: 0x010d1a7b, L:/127.0.0.1:62378 - R:localhost/127.0.0.1:64961] for GET '/session/efc3a61174bfb4fe588d4f0f7a4ff491/element/08c7b489-7a56-45d7-810a-08c70354b962/name'
20:40:18.961 [AsyncHttpClient-1-6] DEBUG org.asynchttpclient.netty.handler.HttpHandler - 

Request DefaultFullHttpRequest(decodeResult: success, version: HTTP/1.1, content: EmptyByteBufBE)
GET /session/efc3a61174bfb4fe588d4f0f7a4ff491/element/08c7b489-7a56-45d7-810a-08c70354b962/name HTTP/1.1
User-Agent: selenium/4.1.2 (java windows)
Cache-Control: no-cache
Content-Type: application/json; charset=utf-8
host: localhost:64961
accept: */*

Response DefaultHttpResponse(decodeResult: success, version: HTTP/1.1)
HTTP/1.1 200 OK
Content-Type: application/json; charset=utf-8
cache-control: no-cache
content-length: 18

20:40:18.961 [AsyncHttpClient-1-6] DEBUG org.asynchttpclient.netty.channel.ChannelManager - Adding key: http://localhost:64961 for channel [id: 0x010d1a7b, L:/127.0.0.1:62378 - R:localhost/127.0.0.1:64961]
20:40:18.964 [Forwarding getElementTagName on session efc3a61174bfb4fe588d4f0f7a4ff491 to remote] DEBUG org.asynchttpclient.netty.request.NettyRequestSender - Using pooled Channel '[id: 0x010d1a7b, L:/127.0.0.1:62378 - R:localhost/127.0.0.1:64961]' for 'GET' to 'http://localhost:64961/session/efc3a61174bfb4fe588d4f0f7a4ff491/element/08c7b489-7a56-45d7-810a-08c70354b962/name'
20:40:18.964 [Forwarding getElementTagName on session efc3a61174bfb4fe588d4f0f7a4ff491 to remote] DEBUG org.asynchttpclient.netty.request.NettyRequestSender - Using open Channel [id: 0x010d1a7b, L:/127.0.0.1:62378 - R:localhost/127.0.0.1:64961] for GET '/session/efc3a61174bfb4fe588d4f0f7a4ff491/element/08c7b489-7a56-45d7-810a-08c70354b962/name'
20:40:19.063 [AsyncHttpClient-1-6] DEBUG org.asynchttpclient.netty.handler.HttpHandler - 

Request DefaultFullHttpRequest(decodeResult: success, version: HTTP/1.1, content: EmptyByteBufBE)
GET /session/efc3a61174bfb4fe588d4f0f7a4ff491/element/08c7b489-7a56-45d7-810a-08c70354b962/name HTTP/1.1
User-Agent: selenium/4.1.2 (java windows)
Cache-Control: no-cache
Content-Type: application/json; charset=utf-8
host: localhost:64961
accept: */*

Response DefaultHttpResponse(decodeResult: success, version: HTTP/1.1)
HTTP/1.1 200 OK
Content-Type: application/json; charset=utf-8
cache-control: no-cache
content-length: 18

20:40:19.063 [AsyncHttpClient-1-6] DEBUG org.asynchttpclient.netty.channel.ChannelManager - Adding key: http://localhost:64961 for channel [id: 0x010d1a7b, L:/127.0.0.1:62378 - R:localhost/127.0.0.1:64961]
20:40:19.069 [Forwarding isElementEnabled on session efc3a61174bfb4fe588d4f0f7a4ff491 to remote] DEBUG org.asynchttpclient.netty.request.NettyRequestSender - Using pooled Channel '[id: 0x010d1a7b, L:/127.0.0.1:62378 - R:localhost/127.0.0.1:64961]' for 'GET' to 'http://localhost:64961/session/efc3a61174bfb4fe588d4f0f7a4ff491/element/08c7b489-7a56-45d7-810a-08c70354b962/enabled'
20:40:19.069 [Forwarding isElementEnabled on session efc3a61174bfb4fe588d4f0f7a4ff491 to remote] DEBUG org.asynchttpclient.netty.request.NettyRequestSender - Using open Channel [id: 0x010d1a7b, L:/127.0.0.1:62378 - R:localhost/127.0.0.1:64961] for GET '/session/efc3a61174bfb4fe588d4f0f7a4ff491/element/08c7b489-7a56-45d7-810a-08c70354b962/enabled'
20:40:19.153 [AsyncHttpClient-1-6] DEBUG org.asynchttpclient.netty.handler.HttpHandler - 

Request DefaultFullHttpRequest(decodeResult: success, version: HTTP/1.1, content: EmptyByteBufBE)
GET /session/efc3a61174bfb4fe588d4f0f7a4ff491/element/08c7b489-7a56-45d7-810a-08c70354b962/enabled HTTP/1.1
User-Agent: selenium/4.1.2 (java windows)
Cache-Control: no-cache
Content-Type: application/json; charset=utf-8
host: localhost:64961
accept: */*

Response DefaultHttpResponse(decodeResult: success, version: HTTP/1.1)
HTTP/1.1 200 OK
Content-Type: application/json; charset=utf-8
cache-control: no-cache
content-length: 14

20:40:19.153 [AsyncHttpClient-1-6] DEBUG org.asynchttpclient.netty.channel.ChannelManager - Adding key: http://localhost:64961 for channel [id: 0x010d1a7b, L:/127.0.0.1:62378 - R:localhost/127.0.0.1:64961]
20:40:19.156 [Forwarding isElementEnabled on session efc3a61174bfb4fe588d4f0f7a4ff491 to remote] DEBUG org.asynchttpclient.netty.request.NettyRequestSender - Using pooled Channel '[id: 0x010d1a7b, L:/127.0.0.1:62378 - R:localhost/127.0.0.1:64961]' for 'GET' to 'http://localhost:64961/session/efc3a61174bfb4fe588d4f0f7a4ff491/element/08c7b489-7a56-45d7-810a-08c70354b962/enabled'
20:40:19.156 [Forwarding isElementEnabled on session efc3a61174bfb4fe588d4f0f7a4ff491 to remote] DEBUG org.asynchttpclient.netty.request.NettyRequestSender - Using open Channel [id: 0x010d1a7b, L:/127.0.0.1:62378 - R:localhost/127.0.0.1:64961] for GET '/session/efc3a61174bfb4fe588d4f0f7a4ff491/element/08c7b489-7a56-45d7-810a-08c70354b962/enabled'
20:40:19.174 [AsyncHttpClient-1-6] DEBUG org.asynchttpclient.netty.handler.HttpHandler - 

Request DefaultFullHttpRequest(decodeResult: success, version: HTTP/1.1, content: EmptyByteBufBE)
GET /session/efc3a61174bfb4fe588d4f0f7a4ff491/element/08c7b489-7a56-45d7-810a-08c70354b962/enabled HTTP/1.1
User-Agent: selenium/4.1.2 (java windows)
Cache-Control: no-cache
Content-Type: application/json; charset=utf-8
host: localhost:64961
accept: */*

Response DefaultHttpResponse(decodeResult: success, version: HTTP/1.1)
HTTP/1.1 200 OK
Content-Type: application/json; charset=utf-8
cache-control: no-cache
content-length: 14

20:40:19.175 [AsyncHttpClient-1-6] DEBUG org.asynchttpclient.netty.channel.ChannelManager - Adding key: http://localhost:64961 for channel [id: 0x010d1a7b, L:/127.0.0.1:62378 - R:localhost/127.0.0.1:64961]
20:40:19.180 [Forwarding findElement on session efc3a61174bfb4fe588d4f0f7a4ff491 to remote] DEBUG org.asynchttpclient.netty.request.NettyRequestSender - Using pooled Channel '[id: 0x010d1a7b, L:/127.0.0.1:62378 - R:localhost/127.0.0.1:64961]' for 'POST' to 'http://localhost:64961/session/efc3a61174bfb4fe588d4f0f7a4ff491/element'
20:40:19.180 [Forwarding findElement on session efc3a61174bfb4fe588d4f0f7a4ff491 to remote] DEBUG org.asynchttpclient.netty.request.NettyRequestSender - Using open Channel [id: 0x010d1a7b, L:/127.0.0.1:62378 - R:localhost/127.0.0.1:64961] for POST '/session/efc3a61174bfb4fe588d4f0f7a4ff491/element'
20:40:19.204 [AsyncHttpClient-1-6] DEBUG org.asynchttpclient.netty.handler.HttpHandler - 

Request DefaultHttpRequest(decodeResult: success, version: HTTP/1.1)
POST /session/efc3a61174bfb4fe588d4f0f7a4ff491/element HTTP/1.1
User-Agent: selenium/4.1.2 (java windows)
Content-Length: 68
Content-Type: application/json; charset=utf-8
host: localhost:64961
accept: */*

Response DefaultHttpResponse(decodeResult: success, version: HTTP/1.1)
HTTP/1.1 200 OK
Content-Type: application/json; charset=utf-8
cache-control: no-cache
content-length: 88

20:40:19.204 [AsyncHttpClient-1-6] DEBUG org.asynchttpclient.netty.channel.ChannelManager - Adding key: http://localhost:64961 for channel [id: 0x010d1a7b, L:/127.0.0.1:62378 - R:localhost/127.0.0.1:64961]
20:40:19.206 [Forwarding clickElement on session efc3a61174bfb4fe588d4f0f7a4ff491 to remote] DEBUG org.asynchttpclient.netty.request.NettyRequestSender - Using pooled Channel '[id: 0x010d1a7b, L:/127.0.0.1:62378 - R:localhost/127.0.0.1:64961]' for 'POST' to 'http://localhost:64961/session/efc3a61174bfb4fe588d4f0f7a4ff491/element/08c7b489-7a56-45d7-810a-08c70354b962/click'
20:40:19.206 [Forwarding clickElement on session efc3a61174bfb4fe588d4f0f7a4ff491 to remote] DEBUG org.asynchttpclient.netty.request.NettyRequestSender - Using open Channel [id: 0x010d1a7b, L:/127.0.0.1:62378 - R:localhost/127.0.0.1:64961] for POST '/session/efc3a61174bfb4fe588d4f0f7a4ff491/element/08c7b489-7a56-45d7-810a-08c70354b962/click'
20:40:19.291 [AsyncHttpClient-1-1] DEBUG org.asynchttpclient.netty.channel.DefaultChannelPool - Entry count for : http://localhost:62379 : 1
20:40:19.358 [AsyncHttpClient-1-6] DEBUG org.asynchttpclient.netty.handler.HttpHandler - 

Request DefaultHttpRequest(decodeResult: success, version: HTTP/1.1)
POST /session/efc3a61174bfb4fe588d4f0f7a4ff491/element/08c7b489-7a56-45d7-810a-08c70354b962/click HTTP/1.1
User-Agent: selenium/4.1.2 (java windows)
Content-Length: 50
Content-Type: application/json; charset=utf-8
host: localhost:64961
accept: */*

Response DefaultHttpResponse(decodeResult: success, version: HTTP/1.1)
HTTP/1.1 200 OK
Content-Type: application/json; charset=utf-8
cache-control: no-cache
content-length: 14

20:40:19.358 [AsyncHttpClient-1-6] DEBUG org.asynchttpclient.netty.channel.ChannelManager - Adding key: http://localhost:64961 for channel [id: 0x010d1a7b, L:/127.0.0.1:62378 - R:localhost/127.0.0.1:64961]
20:40:19.389 [Forwarding screenshot on session efc3a61174bfb4fe588d4f0f7a4ff491 to remote] DEBUG org.asynchttpclient.netty.request.NettyRequestSender - Using pooled Channel '[id: 0x010d1a7b, L:/127.0.0.1:62378 - R:localhost/127.0.0.1:64961]' for 'GET' to 'http://localhost:64961/session/efc3a61174bfb4fe588d4f0f7a4ff491/screenshot'
20:40:19.389 [Forwarding screenshot on session efc3a61174bfb4fe588d4f0f7a4ff491 to remote] DEBUG org.asynchttpclient.netty.request.NettyRequestSender - Using open Channel [id: 0x010d1a7b, L:/127.0.0.1:62378 - R:localhost/127.0.0.1:64961] for GET '/session/efc3a61174bfb4fe588d4f0f7a4ff491/screenshot'
20:40:20.391 [AsyncHttpClient-1-1] DEBUG org.asynchttpclient.netty.channel.DefaultChannelPool - Entry count for : http://localhost:62379 : 1
20:40:20.943 [AsyncHttpClient-1-6] DEBUG org.asynchttpclient.netty.handler.HttpHandler - 

Request DefaultFullHttpRequest(decodeResult: success, version: HTTP/1.1, content: EmptyByteBufBE)
GET /session/efc3a61174bfb4fe588d4f0f7a4ff491/screenshot HTTP/1.1
User-Agent: selenium/4.1.2 (java windows)
Cache-Control: no-cache
Content-Type: application/json; charset=utf-8
host: localhost:64961
accept: */*

Response DefaultHttpResponse(decodeResult: success, version: HTTP/1.1)
HTTP/1.1 200 OK
Content-Type: application/json; charset=utf-8
cache-control: no-cache
content-length: 402208

20:40:20.950 [AsyncHttpClient-1-6] DEBUG org.asynchttpclient.netty.channel.ChannelManager - Adding key: http://localhost:64961 for channel [id: 0x010d1a7b, L:/127.0.0.1:62378 - R:localhost/127.0.0.1:64961]
20:40:20.988 [main] DEBUG net.serenitybdd.core.photography.Darkroom - Send negative for processing for target\site\serenity\4d5ba48ddc63122545a82867f14c087ab0d4648a8dc760de29bd31645cb8baf2.png
20:40:20.989 [main] DEBUG net.thucydides.core.steps.StepInterceptor - STEP DONE: clickButtonSave
  &amp#27;[32mAnd &amp#27;[0m&amp#27;[32mClick button simpan&amp#27;[0m                                                       &amp#27;[90m# starter.stepdefinitios.PatientDataSteps.clickButtonSimpan()&amp#27;[0m
20:40:20.998 [Darkroom Processing Line] DEBUG net.serenitybdd.core.photography.DarkroomProcessingLine - Processing screenshot image in /var/screenshots/screenshot-3507563231412770984
20:40:20.998 [Darkroom Processing Line] DEBUG net.serenitybdd.core.photography.DarkroomProcessingLine - Saving screenshot to target\site\serenity\4d5ba48ddc63122545a82867f14c087ab0d4648a8dc760de29bd31645cb8baf2.png
20:40:21.497 [AsyncHttpClient-1-1] DEBUG org.asynchttpclient.netty.channel.DefaultChannelPool - Entry count for : http://localhost:62379 : 1
20:40:21.497 [AsyncHttpClient-1-1] DEBUG org.asynchttpclient.netty.channel.DefaultChannelPool - Entry count for : http://localhost:64961 : 1
20:40:21.576 [Forwarding screenshot on session efc3a61174bfb4fe588d4f0f7a4ff491 to remote] DEBUG org.asynchttpclient.netty.request.NettyRequestSender - Using pooled Channel '[id: 0x010d1a7b, L:/127.0.0.1:62378 - R:localhost/127.0.0.1:64961]' for 'GET' to 'http://localhost:64961/session/efc3a61174bfb4fe588d4f0f7a4ff491/screenshot'
20:40:21.576 [Forwarding screenshot on session efc3a61174bfb4fe588d4f0f7a4ff491 to remote] DEBUG org.asynchttpclient.netty.request.NettyRequestSender - Using open Channel [id: 0x010d1a7b, L:/127.0.0.1:62378 - R:localhost/127.0.0.1:64961] for GET '/session/efc3a61174bfb4fe588d4f0f7a4ff491/screenshot'
20:40:21.722 [AsyncHttpClient-1-6] DEBUG org.asynchttpclient.netty.handler.HttpHandler - 

Request DefaultFullHttpRequest(decodeResult: success, version: HTTP/1.1, content: EmptyByteBufBE)
GET /session/efc3a61174bfb4fe588d4f0f7a4ff491/screenshot HTTP/1.1
User-Agent: selenium/4.1.2 (java windows)
Cache-Control: no-cache
Content-Type: application/json; charset=utf-8
host: localhost:64961
accept: */*

Response DefaultHttpResponse(decodeResult: success, version: HTTP/1.1)
HTTP/1.1 500 Internal Server Error
Content-Type: application/json; charset=utf-8
cache-control: no-cache
content-length: 889

20:40:21.722 [AsyncHttpClient-1-6] DEBUG org.asynchttpclient.netty.channel.ChannelManager - Adding key: http://localhost:64961 for channel [id: 0x010d1a7b, L:/127.0.0.1:62378 - R:localhost/127.0.0.1:64961]
20:40:21.723 [main] WARN net.thucydides.core.webdriver.WebDriverFacade - Failed to take screenshot (unexpected alert open: {Alert text : data telah diubah}
  (Session info: chrome=102.0.5005.115): data telah diubah
Build info: version: '4.1.2', revision: '9a5a329c5a'
System info: host: 'MOOK-HON', ip: '192.168.100.6', os.name: 'Windows 10', os.arch: 'amd64', os.version: '10.0', java.version: '11.0.14'
Driver info: org.openqa.selenium.chrome.ChromeDriver
Command: [efc3a61174bfb4fe588d4f0f7a4ff491, screenshot {}]
Capabilities {acceptInsecureCerts: false, browserName: chrome, browserVersion: 102.0.5005.115, chrome: {chromedriverVersion: 102.0.5005.61 (0e59bcc00cc4..., userDataDir: C:\Users\ASUS\AppData\Local...}, goog:chromeOptions: {debuggerAddress: localhost:62379}, javascriptEnabled: true, networkConnectionEnabled: false, pageLoadStrategy: normal, platform: WINDOWS, platformName: WINDOWS, proxy: Proxy(), se:cdp: ws://localhost:62379/devtoo..., se:cdpVersion: 102.0.5005.115, setWindowRect: true, strictFileInteractability: false, timeouts: {implicit: 0, pageLoad: 300000, script: 30000}, unhandledPromptBehavior: dismiss and notify, webauthn:extension:credBlob: true, webauthn:extension:largeBlob: true, webauthn:virtualAuthenticators: true}
Session ID: efc3a61174bfb4fe588d4f0f7a4ff491)
20:40:21.724 [main] DEBUG net.thucydides.core.steps.StepInterceptor - STARTING STEP: PatientDataSteps.validEditData - clickButtonBack
20:40:21.741 [Forwarding findElement on session efc3a61174bfb4fe588d4f0f7a4ff491 to remote] DEBUG org.asynchttpclient.netty.request.NettyRequestSender - Using pooled Channel '[id: 0x010d1a7b, L:/127.0.0.1:62378 - R:localhost/127.0.0.1:64961]' for 'POST' to 'http://localhost:64961/session/efc3a61174bfb4fe588d4f0f7a4ff491/element'
20:40:21.741 [Forwarding findElement on session efc3a61174bfb4fe588d4f0f7a4ff491 to remote] DEBUG org.asynchttpclient.netty.request.NettyRequestSender - Using open Channel [id: 0x010d1a7b, L:/127.0.0.1:62378 - R:localhost/127.0.0.1:64961] for POST '/session/efc3a61174bfb4fe588d4f0f7a4ff491/element'
20:40:21.975 [AsyncHttpClient-1-6] DEBUG org.asynchttpclient.netty.handler.HttpHandler - 

Request DefaultHttpRequest(decodeResult: success, version: HTTP/1.1)
POST /session/efc3a61174bfb4fe588d4f0f7a4ff491/element HTTP/1.1
User-Agent: selenium/4.1.2 (java windows)
Content-Length: 137
Content-Type: application/json; charset=utf-8
host: localhost:64961
accept: */*

Response DefaultHttpResponse(decodeResult: success, version: HTTP/1.1)
HTTP/1.1 200 OK
Content-Type: application/json; charset=utf-8
cache-control: no-cache
content-length: 88

20:40:21.975 [AsyncHttpClient-1-6] DEBUG org.asynchttpclient.netty.channel.ChannelManager - Adding key: http://localhost:64961 for channel [id: 0x010d1a7b, L:/127.0.0.1:62378 - R:localhost/127.0.0.1:64961]
20:40:21.981 [Forwarding getElementTagName on session efc3a61174bfb4fe588d4f0f7a4ff491 to remote] DEBUG org.asynchttpclient.netty.request.NettyRequestSender - Using pooled Channel '[id: 0x010d1a7b, L:/127.0.0.1:62378 - R:localhost/127.0.0.1:64961]' for 'GET' to 'http://localhost:64961/session/efc3a61174bfb4fe588d4f0f7a4ff491/element/13617a4b-5312-4ed5-a5d9-2d496f7a8512/name'
20:40:21.981 [Forwarding getElementTagName on session efc3a61174bfb4fe588d4f0f7a4ff491 to remote] DEBUG org.asynchttpclient.netty.request.NettyRequestSender - Using open Channel [id: 0x010d1a7b, L:/127.0.0.1:62378 - R:localhost/127.0.0.1:64961] for GET '/session/efc3a61174bfb4fe588d4f0f7a4ff491/element/13617a4b-5312-4ed5-a5d9-2d496f7a8512/name'
20:40:22.054 [AsyncHttpClient-1-6] DEBUG org.asynchttpclient.netty.handler.HttpHandler - 

Request DefaultFullHttpRequest(decodeResult: success, version: HTTP/1.1, content: EmptyByteBufBE)
GET /session/efc3a61174bfb4fe588d4f0f7a4ff491/element/13617a4b-5312-4ed5-a5d9-2d496f7a8512/name HTTP/1.1
User-Agent: selenium/4.1.2 (java windows)
Cache-Control: no-cache
Content-Type: application/json; charset=utf-8
host: localhost:64961
accept: */*

Response DefaultHttpResponse(decodeResult: success, version: HTTP/1.1)
HTTP/1.1 200 OK
Content-Type: application/json; charset=utf-8
cache-control: no-cache
content-length: 18

20:40:22.054 [AsyncHttpClient-1-6] DEBUG org.asynchttpclient.netty.channel.ChannelManager - Adding key: http://localhost:64961 for channel [id: 0x010d1a7b, L:/127.0.0.1:62378 - R:localhost/127.0.0.1:64961]
20:40:22.057 [Forwarding getElementTagName on session efc3a61174bfb4fe588d4f0f7a4ff491 to remote] DEBUG org.asynchttpclient.netty.request.NettyRequestSender - Using pooled Channel '[id: 0x010d1a7b, L:/127.0.0.1:62378 - R:localhost/127.0.0.1:64961]' for 'GET' to 'http://localhost:64961/session/efc3a61174bfb4fe588d4f0f7a4ff491/element/13617a4b-5312-4ed5-a5d9-2d496f7a8512/name'
20:40:22.057 [Forwarding getElementTagName on session efc3a61174bfb4fe588d4f0f7a4ff491 to remote] DEBUG org.asynchttpclient.netty.request.NettyRequestSender - Using open Channel [id: 0x010d1a7b, L:/127.0.0.1:62378 - R:localhost/127.0.0.1:64961] for GET '/session/efc3a61174bfb4fe588d4f0f7a4ff491/element/13617a4b-5312-4ed5-a5d9-2d496f7a8512/name'
20:40:22.087 [AsyncHttpClient-1-6] DEBUG org.asynchttpclient.netty.handler.HttpHandler - 

Request DefaultFullHttpRequest(decodeResult: success, version: HTTP/1.1, content: EmptyByteBufBE)
GET /session/efc3a61174bfb4fe588d4f0f7a4ff491/element/13617a4b-5312-4ed5-a5d9-2d496f7a8512/name HTTP/1.1
User-Agent: selenium/4.1.2 (java windows)
Cache-Control: no-cache
Content-Type: application/json; charset=utf-8
host: localhost:64961
accept: */*

Response DefaultHttpResponse(decodeResult: success, version: HTTP/1.1)
HTTP/1.1 200 OK
Content-Type: application/json; charset=utf-8
cache-control: no-cache
content-length: 18

20:40:22.087 [AsyncHttpClient-1-6] DEBUG org.asynchttpclient.netty.channel.ChannelManager - Adding key: http://localhost:64961 for channel [id: 0x010d1a7b, L:/127.0.0.1:62378 - R:localhost/127.0.0.1:64961]
20:40:22.092 [Forwarding isElementEnabled on session efc3a61174bfb4fe588d4f0f7a4ff491 to remote] DEBUG org.asynchttpclient.netty.request.NettyRequestSender - Using pooled Channel '[id: 0x010d1a7b, L:/127.0.0.1:62378 - R:localhost/127.0.0.1:64961]' for 'GET' to 'http://localhost:64961/session/efc3a61174bfb4fe588d4f0f7a4ff491/element/13617a4b-5312-4ed5-a5d9-2d496f7a8512/enabled'
20:40:22.092 [Forwarding isElementEnabled on session efc3a61174bfb4fe588d4f0f7a4ff491 to remote] DEBUG org.asynchttpclient.netty.request.NettyRequestSender - Using open Channel [id: 0x010d1a7b, L:/127.0.0.1:62378 - R:localhost/127.0.0.1:64961] for GET '/session/efc3a61174bfb4fe588d4f0f7a4ff491/element/13617a4b-5312-4ed5-a5d9-2d496f7a8512/enabled'
20:40:22.138 [AsyncHttpClient-1-6] DEBUG org.asynchttpclient.netty.handler.HttpHandler - 

Request DefaultFullHttpRequest(decodeResult: success, version: HTTP/1.1, content: EmptyByteBufBE)
GET /session/efc3a61174bfb4fe588d4f0f7a4ff491/element/13617a4b-5312-4ed5-a5d9-2d496f7a8512/enabled HTTP/1.1
User-Agent: selenium/4.1.2 (java windows)
Cache-Control: no-cache
Content-Type: application/json; charset=utf-8
host: localhost:64961
accept: */*

Response DefaultHttpResponse(decodeResult: success, version: HTTP/1.1)
HTTP/1.1 200 OK
Content-Type: application/json; charset=utf-8
cache-control: no-cache
content-length: 14

20:40:22.139 [AsyncHttpClient-1-6] DEBUG org.asynchttpclient.netty.channel.ChannelManager - Adding key: http://localhost:64961 for channel [id: 0x010d1a7b, L:/127.0.0.1:62378 - R:localhost/127.0.0.1:64961]
20:40:22.141 [Forwarding isElementEnabled on session efc3a61174bfb4fe588d4f0f7a4ff491 to remote] DEBUG org.asynchttpclient.netty.request.NettyRequestSender - Using pooled Channel '[id: 0x010d1a7b, L:/127.0.0.1:62378 - R:localhost/127.0.0.1:64961]' for 'GET' to 'http://localhost:64961/session/efc3a61174bfb4fe588d4f0f7a4ff491/element/13617a4b-5312-4ed5-a5d9-2d496f7a8512/enabled'
20:40:22.141 [Forwarding isElementEnabled on session efc3a61174bfb4fe588d4f0f7a4ff491 to remote] DEBUG org.asynchttpclient.netty.request.NettyRequestSender - Using open Channel [id: 0x010d1a7b, L:/127.0.0.1:62378 - R:localhost/127.0.0.1:64961] for GET '/session/efc3a61174bfb4fe588d4f0f7a4ff491/element/13617a4b-5312-4ed5-a5d9-2d496f7a8512/enabled'
20:40:22.164 [AsyncHttpClient-1-6] DEBUG org.asynchttpclient.netty.handler.HttpHandler - 

Request DefaultFullHttpRequest(decodeResult: success, version: HTTP/1.1, content: EmptyByteBufBE)
GET /session/efc3a61174bfb4fe588d4f0f7a4ff491/element/13617a4b-5312-4ed5-a5d9-2d496f7a8512/enabled HTTP/1.1
User-Agent: selenium/4.1.2 (java windows)
Cache-Control: no-cache
Content-Type: application/json; charset=utf-8
host: localhost:64961
accept: */*

Response DefaultHttpResponse(decodeResult: success, version: HTTP/1.1)
HTTP/1.1 200 OK
Content-Type: application/json; charset=utf-8
cache-control: no-cache
content-length: 14

20:40:22.164 [AsyncHttpClient-1-6] DEBUG org.asynchttpclient.netty.channel.ChannelManager - Adding key: http://localhost:64961 for channel [id: 0x010d1a7b, L:/127.0.0.1:62378 - R:localhost/127.0.0.1:64961]
20:40:22.171 [Forwarding findElement on session efc3a61174bfb4fe588d4f0f7a4ff491 to remote] DEBUG org.asynchttpclient.netty.request.NettyRequestSender - Using pooled Channel '[id: 0x010d1a7b, L:/127.0.0.1:62378 - R:localhost/127.0.0.1:64961]' for 'POST' to 'http://localhost:64961/session/efc3a61174bfb4fe588d4f0f7a4ff491/element'
20:40:22.171 [Forwarding findElement on session efc3a61174bfb4fe588d4f0f7a4ff491 to remote] DEBUG org.asynchttpclient.netty.request.NettyRequestSender - Using open Channel [id: 0x010d1a7b, L:/127.0.0.1:62378 - R:localhost/127.0.0.1:64961] for POST '/session/efc3a61174bfb4fe588d4f0f7a4ff491/element'
20:40:22.202 [AsyncHttpClient-1-6] DEBUG org.asynchttpclient.netty.handler.HttpHandler - 

Request DefaultHttpRequest(decodeResult: success, version: HTTP/1.1)
POST /session/efc3a61174bfb4fe588d4f0f7a4ff491/element HTTP/1.1
User-Agent: selenium/4.1.2 (java windows)
Content-Length: 137
Content-Type: application/json; charset=utf-8
host: localhost:64961
accept: */*

Response DefaultHttpResponse(decodeResult: success, version: HTTP/1.1)
HTTP/1.1 200 OK
Content-Type: application/json; charset=utf-8
cache-control: no-cache
content-length: 88

20:40:22.202 [AsyncHttpClient-1-6] DEBUG org.asynchttpclient.netty.channel.ChannelManager - Adding key: http://localhost:64961 for channel [id: 0x010d1a7b, L:/127.0.0.1:62378 - R:localhost/127.0.0.1:64961]
20:40:22.204 [Forwarding clickElement on session efc3a61174bfb4fe588d4f0f7a4ff491 to remote] DEBUG org.asynchttpclient.netty.request.NettyRequestSender - Using pooled Channel '[id: 0x010d1a7b, L:/127.0.0.1:62378 - R:localhost/127.0.0.1:64961]' for 'POST' to 'http://localhost:64961/session/efc3a61174bfb4fe588d4f0f7a4ff491/element/13617a4b-5312-4ed5-a5d9-2d496f7a8512/click'
20:40:22.204 [Forwarding clickElement on session efc3a61174bfb4fe588d4f0f7a4ff491 to remote] DEBUG org.asynchttpclient.netty.request.NettyRequestSender - Using open Channel [id: 0x010d1a7b, L:/127.0.0.1:62378 - R:localhost/127.0.0.1:64961] for POST '/session/efc3a61174bfb4fe588d4f0f7a4ff491/element/13617a4b-5312-4ed5-a5d9-2d496f7a8512/click'
20:40:22.607 [AsyncHttpClient-1-1] DEBUG org.asynchttpclient.netty.channel.DefaultChannelPool - Entry count for : http://localhost:62379 : 1
20:40:22.609 [AsyncHttpClient-1-6] DEBUG org.asynchttpclient.netty.handler.HttpHandler - 

Request DefaultHttpRequest(decodeResult: success, version: HTTP/1.1)
POST /session/efc3a61174bfb4fe588d4f0f7a4ff491/element/13617a4b-5312-4ed5-a5d9-2d496f7a8512/click HTTP/1.1
User-Agent: selenium/4.1.2 (java windows)
Content-Length: 50
Content-Type: application/json; charset=utf-8
host: localhost:64961
accept: */*

Response DefaultHttpResponse(decodeResult: success, version: HTTP/1.1)
HTTP/1.1 200 OK
Content-Type: application/json; charset=utf-8
cache-control: no-cache
content-length: 14

20:40:22.610 [AsyncHttpClient-1-6] DEBUG org.asynchttpclient.netty.channel.ChannelManager - Adding key: http://localhost:64961 for channel [id: 0x010d1a7b, L:/127.0.0.1:62378 - R:localhost/127.0.0.1:64961]
20:40:22.633 [Forwarding screenshot on session efc3a61174bfb4fe588d4f0f7a4ff491 to remote] DEBUG org.asynchttpclient.netty.request.NettyRequestSender - Using pooled Channel '[id: 0x010d1a7b, L:/127.0.0.1:62378 - R:localhost/127.0.0.1:64961]' for 'GET' to 'http://localhost:64961/session/efc3a61174bfb4fe588d4f0f7a4ff491/screenshot'
20:40:22.633 [Forwarding screenshot on session efc3a61174bfb4fe588d4f0f7a4ff491 to remote] DEBUG org.asynchttpclient.netty.request.NettyRequestSender - Using open Channel [id: 0x010d1a7b, L:/127.0.0.1:62378 - R:localhost/127.0.0.1:64961] for GET '/session/efc3a61174bfb4fe588d4f0f7a4ff491/screenshot'
20:40:23.707 [AsyncHttpClient-1-1] DEBUG org.asynchttpclient.netty.channel.DefaultChannelPool - Entry count for : http://localhost:62379 : 1
20:40:23.754 [AsyncHttpClient-1-6] DEBUG org.asynchttpclient.netty.handler.HttpHandler - 

Request DefaultFullHttpRequest(decodeResult: success, version: HTTP/1.1, content: EmptyByteBufBE)
GET /session/efc3a61174bfb4fe588d4f0f7a4ff491/screenshot HTTP/1.1
User-Agent: selenium/4.1.2 (java windows)
Cache-Control: no-cache
Content-Type: application/json; charset=utf-8
host: localhost:64961
accept: */*

Response DefaultHttpResponse(decodeResult: success, version: HTTP/1.1)
HTTP/1.1 200 OK
Content-Type: application/json; charset=utf-8
cache-control: no-cache
content-length: 393736

20:40:23.756 [AsyncHttpClient-1-6] DEBUG org.asynchttpclient.netty.channel.ChannelManager - Adding key: http://localhost:64961 for channel [id: 0x010d1a7b, L:/127.0.0.1:62378 - R:localhost/127.0.0.1:64961]
20:40:23.794 [main] DEBUG net.serenitybdd.core.photography.Darkroom - Send negative for processing for target\site\serenity\21714d654d3adb7960d4d1d485c96f784c71b17779a63c4e25f519b2b99951e1.png
20:40:23.795 [main] DEBUG net.thucydides.core.steps.StepInterceptor - STEP DONE: clickButtonBack
20:40:23.796 [Darkroom Processing Line] DEBUG net.serenitybdd.core.photography.DarkroomProcessingLine - Processing screenshot image in /var/screenshots/screenshot-2087139636711022401
20:40:23.796 [Darkroom Processing Line] DEBUG net.serenitybdd.core.photography.DarkroomProcessingLine - Saving screenshot to target\site\serenity\21714d654d3adb7960d4d1d485c96f784c71b17779a63c4e25f519b2b99951e1.png
20:40:23.823 [main] DEBUG net.thucydides.core.steps.StepInterceptor - STARTING STEP: PatientDataSteps.validEditData - checkValidDataPasien
20:40:23.830 [Forwarding findElement on session efc3a61174bfb4fe588d4f0f7a4ff491 to remote] DEBUG org.asynchttpclient.netty.request.NettyRequestSender - Using pooled Channel '[id: 0x010d1a7b, L:/127.0.0.1:62378 - R:localhost/127.0.0.1:64961]' for 'POST' to 'http://localhost:64961/session/efc3a61174bfb4fe588d4f0f7a4ff491/element'
20:40:23.830 [Forwarding findElement on session efc3a61174bfb4fe588d4f0f7a4ff491 to remote] DEBUG org.asynchttpclient.netty.request.NettyRequestSender - Using open Channel [id: 0x010d1a7b, L:/127.0.0.1:62378 - R:localhost/127.0.0.1:64961] for POST '/session/efc3a61174bfb4fe588d4f0f7a4ff491/element'
20:40:23.961 [AsyncHttpClient-1-6] DEBUG org.asynchttpclient.netty.handler.HttpHandler - 

Request DefaultHttpRequest(decodeResult: success, version: HTTP/1.1)
POST /session/efc3a61174bfb4fe588d4f0f7a4ff491/element HTTP/1.1
User-Agent: selenium/4.1.2 (java windows)
Content-Length: 95
Content-Type: application/json; charset=utf-8
host: localhost:64961
accept: */*

Response DefaultHttpResponse(decodeResult: success, version: HTTP/1.1)
HTTP/1.1 200 OK
Content-Type: application/json; charset=utf-8
cache-control: no-cache
content-length: 88

20:40:23.961 [AsyncHttpClient-1-6] DEBUG org.asynchttpclient.netty.channel.ChannelManager - Adding key: http://localhost:64961 for channel [id: 0x010d1a7b, L:/127.0.0.1:62378 - R:localhost/127.0.0.1:64961]
20:40:23.962 [Forwarding isElementEnabled on session efc3a61174bfb4fe588d4f0f7a4ff491 to remote] DEBUG org.asynchttpclient.netty.request.NettyRequestSender - Using pooled Channel '[id: 0x010d1a7b, L:/127.0.0.1:62378 - R:localhost/127.0.0.1:64961]' for 'GET' to 'http://localhost:64961/session/efc3a61174bfb4fe588d4f0f7a4ff491/element/d8fde326-be46-4639-822c-adc1ca5ec739/enabled'
20:40:23.962 [Forwarding isElementEnabled on session efc3a61174bfb4fe588d4f0f7a4ff491 to remote] DEBUG org.asynchttpclient.netty.request.NettyRequestSender - Using open Channel [id: 0x010d1a7b, L:/127.0.0.1:62378 - R:localhost/127.0.0.1:64961] for GET '/session/efc3a61174bfb4fe588d4f0f7a4ff491/element/d8fde326-be46-4639-822c-adc1ca5ec739/enabled'
20:40:24.022 [AsyncHttpClient-1-6] DEBUG org.asynchttpclient.netty.handler.HttpHandler - 

Request DefaultFullHttpRequest(decodeResult: success, version: HTTP/1.1, content: EmptyByteBufBE)
GET /session/efc3a61174bfb4fe588d4f0f7a4ff491/element/d8fde326-be46-4639-822c-adc1ca5ec739/enabled HTTP/1.1
User-Agent: selenium/4.1.2 (java windows)
Cache-Control: no-cache
Content-Type: application/json; charset=utf-8
host: localhost:64961
accept: */*

Response DefaultHttpResponse(decodeResult: success, version: HTTP/1.1)
HTTP/1.1 200 OK
Content-Type: application/json; charset=utf-8
cache-control: no-cache
content-length: 14

20:40:24.022 [AsyncHttpClient-1-6] DEBUG org.asynchttpclient.netty.channel.ChannelManager - Adding key: http://localhost:64961 for channel [id: 0x010d1a7b, L:/127.0.0.1:62378 - R:localhost/127.0.0.1:64961]
20:40:24.038 [Forwarding screenshot on session efc3a61174bfb4fe588d4f0f7a4ff491 to remote] DEBUG org.asynchttpclient.netty.request.NettyRequestSender - Using pooled Channel '[id: 0x010d1a7b, L:/127.0.0.1:62378 - R:localhost/127.0.0.1:64961]' for 'GET' to 'http://localhost:64961/session/efc3a61174bfb4fe588d4f0f7a4ff491/screenshot'
20:40:24.038 [Forwarding screenshot on session efc3a61174bfb4fe588d4f0f7a4ff491 to remote] DEBUG org.asynchttpclient.netty.request.NettyRequestSender - Using open Channel [id: 0x010d1a7b, L:/127.0.0.1:62378 - R:localhost/127.0.0.1:64961] for GET '/session/efc3a61174bfb4fe588d4f0f7a4ff491/screenshot'
20:40:24.499 [AsyncHttpClient-1-6] DEBUG org.asynchttpclient.netty.handler.HttpHandler - 

Request DefaultFullHttpRequest(decodeResult: success, version: HTTP/1.1, content: EmptyByteBufBE)
GET /session/efc3a61174bfb4fe588d4f0f7a4ff491/screenshot HTTP/1.1
User-Agent: selenium/4.1.2 (java windows)
Cache-Control: no-cache
Content-Type: application/json; charset=utf-8
host: localhost:64961
accept: */*

Response DefaultHttpResponse(decodeResult: success, version: HTTP/1.1)
HTTP/1.1 200 OK
Content-Type: application/json; charset=utf-8
cache-control: no-cache
content-length: 399052

20:40:24.501 [AsyncHttpClient-1-6] DEBUG org.asynchttpclient.netty.channel.ChannelManager - Adding key: http://localhost:64961 for channel [id: 0x010d1a7b, L:/127.0.0.1:62378 - R:localhost/127.0.0.1:64961]
20:40:24.534 [main] DEBUG net.serenitybdd.core.photography.Darkroom - Send negative for processing for target\site\serenity\74de784bfea6f958cfec2304ee5e32918f07a28d33668dcfe3f70abe60d2f192.png
20:40:24.534 [main] DEBUG net.thucydides.core.steps.StepInterceptor - STEP DONE: checkValidDataPasien
  &amp#27;[32mAnd &amp#27;[0m&amp#27;[32mValid edit data&amp#27;[0m                                                           &amp#27;[90m# starter.stepdefinitios.PatientDataSteps.validEditData()&amp#27;[0m
20:40:24.591 [Darkroom Processing Line] DEBUG net.serenitybdd.core.photography.DarkroomProcessingLine - Processing screenshot image in /var/screenshots/screenshot-8767809691495307627
20:40:24.591 [Darkroom Processing Line] DEBUG net.serenitybdd.core.photography.DarkroomProcessingLine - Saving screenshot to target\site\serenity\74de784bfea6f958cfec2304ee5e32918f07a28d33668dcfe3f70abe60d2f192.png
20:40:24.606 [Forwarding screenshot on session efc3a61174bfb4fe588d4f0f7a4ff491 to remote] DEBUG org.asynchttpclient.netty.request.NettyRequestSender - Using pooled Channel '[id: 0x010d1a7b, L:/127.0.0.1:62378 - R:localhost/127.0.0.1:64961]' for 'GET' to 'http://localhost:64961/session/efc3a61174bfb4fe588d4f0f7a4ff491/screenshot'
20:40:24.606 [Forwarding screenshot on session efc3a61174bfb4fe588d4f0f7a4ff491 to remote] DEBUG org.asynchttpclient.netty.request.NettyRequestSender - Using open Channel [id: 0x010d1a7b, L:/127.0.0.1:62378 - R:localhost/127.0.0.1:64961] for GET '/session/efc3a61174bfb4fe588d4f0f7a4ff491/screenshot'
20:40:24.796 [AsyncHttpClient-1-1] DEBUG org.asynchttpclient.netty.channel.DefaultChannelPool - Entry count for : http://localhost:62379 : 1
20:40:25.159 [AsyncHttpClient-1-6] DEBUG org.asynchttpclient.netty.handler.HttpHandler - 

Request DefaultFullHttpRequest(decodeResult: success, version: HTTP/1.1, content: EmptyByteBufBE)
GET /session/efc3a61174bfb4fe588d4f0f7a4ff491/screenshot HTTP/1.1
User-Agent: selenium/4.1.2 (java windows)
Cache-Control: no-cache
Content-Type: application/json; charset=utf-8
host: localhost:64961
accept: */*

Response DefaultHttpResponse(decodeResult: success, version: HTTP/1.1)
HTTP/1.1 200 OK
Content-Type: application/json; charset=utf-8
cache-control: no-cache
content-length: 399052

20:40:25.161 [AsyncHttpClient-1-6] DEBUG org.asynchttpclient.netty.channel.ChannelManager - Adding key: http://localhost:64961 for channel [id: 0x010d1a7b, L:/127.0.0.1:62378 - R:localhost/127.0.0.1:64961]
20:40:25.210 [main] DEBUG net.serenitybdd.core.photography.Darkroom - Send negative for processing for target\site\serenity\74de784bfea6f958cfec2304ee5e32918f07a28d33668dcfe3f70abe60d2f192.png
20:40:25.272 [Forwarding screenshot on session efc3a61174bfb4fe588d4f0f7a4ff491 to remote] DEBUG org.asynchttpclient.netty.request.NettyRequestSender - Using pooled Channel '[id: 0x010d1a7b, L:/127.0.0.1:62378 - R:localhost/127.0.0.1:64961]' for 'GET' to 'http://localhost:64961/session/efc3a61174bfb4fe588d4f0f7a4ff491/screenshot'
20:40:25.272 [Forwarding screenshot on session efc3a61174bfb4fe588d4f0f7a4ff491 to remote] DEBUG org.asynchttpclient.netty.request.NettyRequestSender - Using open Channel [id: 0x010d1a7b, L:/127.0.0.1:62378 - R:localhost/127.0.0.1:64961] for GET '/session/efc3a61174bfb4fe588d4f0f7a4ff491/screenshot'
20:40:25.891 [AsyncHttpClient-1-6] DEBUG org.asynchttpclient.netty.handler.HttpHandler - 

Request DefaultFullHttpRequest(decodeResult: success, version: HTTP/1.1, content: EmptyByteBufBE)
GET /session/efc3a61174bfb4fe588d4f0f7a4ff491/screenshot HTTP/1.1
User-Agent: selenium/4.1.2 (java windows)
Cache-Control: no-cache
Content-Type: application/json; charset=utf-8
host: localhost:64961
accept: */*

Response DefaultHttpResponse(decodeResult: success, version: HTTP/1.1)
HTTP/1.1 200 OK
Content-Type: application/json; charset=utf-8
cache-control: no-cache
content-length: 399052

20:40:25.894 [AsyncHttpClient-1-6] DEBUG org.asynchttpclient.netty.channel.ChannelManager - Adding key: http://localhost:64961 for channel [id: 0x010d1a7b, L:/127.0.0.1:62378 - R:localhost/127.0.0.1:64961]
20:40:25.946 [main] DEBUG net.serenitybdd.core.photography.Darkroom - Send negative for processing for target\site\serenity\74de784bfea6f958cfec2304ee5e32918f07a28d33668dcfe3f70abe60d2f192.png
20:40:25.973 [AsyncHttpClient-1-8] DEBUG org.asynchttpclient.netty.handler.WebSocketHandler - Channel Closed: [id: 0x9d890d8c, L:/127.0.0.1:62390 ! R:localhost/127.0.0.1:62379] with attribute NettyResponseFuture{currentRetry=5,
	isDone=1,
	isCancelled=0,
	asyncHandler=org.asynchttpclient.ws.WebSocketUpgradeHandler@770b8308,
	nettyRequest=org.asynchttpclient.netty.request.NettyRequest@6191329a,
	future=java.util.concurrent.CompletableFuture@4f9bbc98[Completed normally],
	uri=ws://localhost:62379/devtools/browser/0dd5c0bd-b101-4d7b-9b69-b1493265135c,
	keepAlive=true,
	redirectCount=0,
	timeoutsHolder=null,
	inAuth=0,
	touch=1655991598410}
20:40:25.973 [AsyncHttpClient-1-8] DEBUG org.asynchttpclient.netty.channel.ChannelManager - Closing Channel [id: 0x9d890d8c, L:/127.0.0.1:62390 ! R:localhost/127.0.0.1:62379] 
20:40:25.974 [Driver Command Executor] DEBUG org.asynchttpclient.netty.request.NettyRequestSender - Using pooled Channel '[id: 0x010d1a7b, L:/127.0.0.1:62378 - R:localhost/127.0.0.1:64961]' for 'DELETE' to 'http://localhost:64961/session/efc3a61174bfb4fe588d4f0f7a4ff491'
20:40:25.974 [Driver Command Executor] DEBUG org.asynchttpclient.netty.request.NettyRequestSender - Using open Channel [id: 0x010d1a7b, L:/127.0.0.1:62378 - R:localhost/127.0.0.1:64961] for DELETE '/session/efc3a61174bfb4fe588d4f0f7a4ff491'
20:40:25.974 [AsyncHttpClient-1-1] DEBUG org.asynchttpclient.netty.channel.DefaultChannelPool - Entry count for : http://localhost:62379 : 1
20:40:26.536 [AsyncHttpClient-1-7] DEBUG org.asynchttpclient.netty.handler.HttpHandler - Unexpected I/O exception on channel [id: 0xd952ebef, L:/127.0.0.1:62389 - R:localhost/127.0.0.1:62379]
java.io.IOException: An existing connection was forcibly closed by the remote host
	at java.base/sun.nio.ch.SocketDispatcher.read0(Native Method)
	at java.base/sun.nio.ch.SocketDispatcher.read(SocketDispatcher.java:43)
	at java.base/sun.nio.ch.IOUtil.readIntoNativeBuffer(IOUtil.java:276)
	at java.base/sun.nio.ch.IOUtil.read(IOUtil.java:233)
	at java.base/sun.nio.ch.IOUtil.read(IOUtil.java:223)
	at java.base/sun.nio.ch.SocketChannelImpl.read(SocketChannelImpl.java:358)
	at io.netty.buffer.PooledByteBuf.setBytes(PooledByteBuf.java:258)
	at io.netty.buffer.AbstractByteBuf.writeBytes(AbstractByteBuf.java:1132)
	at io.netty.channel.socket.nio.NioSocketChannel.doReadBytes(NioSocketChannel.java:350)
	at io.netty.channel.nio.AbstractNioByteChannel$NioByteUnsafe.read(AbstractNioByteChannel.java:151)
	at io.netty.channel.nio.NioEventLoop.processSelectedKey(NioEventLoop.java:722)
	at io.netty.channel.nio.NioEventLoop.processSelectedKeysOptimized(NioEventLoop.java:658)
	at io.netty.channel.nio.NioEventLoop.processSelectedKeys(NioEventLoop.java:584)
	at io.netty.channel.nio.NioEventLoop.run(NioEventLoop.java:496)
	at io.netty.util.concurrent.SingleThreadEventExecutor$4.run(SingleThreadEventExecutor.java:986)
	at io.netty.util.internal.ThreadExecutorMap$2.run(ThreadExecutorMap.java:74)
	at io.netty.util.concurrent.FastThreadLocalRunnable.run(FastThreadLocalRunnable.java:30)
	at java.base/java.lang.Thread.run(Thread.java:834)
20:40:26.536 [AsyncHttpClient-1-7] DEBUG org.asynchttpclient.netty.channel.ChannelManager - Closing Channel [id: 0xd952ebef, L:/127.0.0.1:62389 - R:localhost/127.0.0.1:62379] 
20:40:26.537 [AsyncHttpClient-1-7] DEBUG org.asynchttpclient.netty.handler.HttpHandler - Channel Closed: [id: 0xd952ebef, L:/127.0.0.1:62389 ! R:localhost/127.0.0.1:62379] with attribute DISCARD
20:40:26.958 [AsyncHttpClient-1-6] DEBUG org.asynchttpclient.netty.handler.HttpHandler - 

Request DefaultFullHttpRequest(decodeResult: success, version: HTTP/1.1, content: EmptyByteBufBE)
DELETE /session/efc3a61174bfb4fe588d4f0f7a4ff491 HTTP/1.1
User-Agent: selenium/4.1.2 (java windows)
Content-Type: application/json; charset=utf-8
host: localhost:64961
accept: */*

Response DefaultHttpResponse(decodeResult: success, version: HTTP/1.1)
HTTP/1.1 200 OK
Content-Type: application/json; charset=utf-8
cache-control: no-cache
content-length: 14

20:40:26.958 [AsyncHttpClient-1-6] DEBUG org.asynchttpclient.netty.channel.ChannelManager - Adding key: http://localhost:64961 for channel [id: 0x010d1a7b, L:/127.0.0.1:62378 - R:localhost/127.0.0.1:64961]
20:40:26.990 [AsyncHttpClient-1-1] DEBUG org.asynchttpclient.netty.channel.DefaultChannelPool - Entry count for : http://localhost:62379 : 1
20:40:26.990 [AsyncHttpClient-1-1] DEBUG org.asynchttpclient.netty.channel.DefaultChannelPool - Entry count for : http://localhost:64961 : 1
20:40:26.990 [AsyncHttpClient-1-1] DEBUG org.asynchttpclient.netty.channel.DefaultChannelPool - Adding Candidate expired Channel [id: 0xd952ebef, L:/127.0.0.1:62389 ! R:localhost/127.0.0.1:62379] isIdleTimeoutExpired=false isRemotelyClosed=true isTtlExpired=false
20:40:26.990 [AsyncHttpClient-1-1] DEBUG org.asynchttpclient.netty.channel.DefaultChannelPool - Closing Idle Channel [id: 0xd952ebef, L:/127.0.0.1:62389 ! R:localhost/127.0.0.1:62379]
20:40:26.990 [AsyncHttpClient-1-1] DEBUG org.asynchttpclient.netty.channel.DefaultChannelPool - Closed 1 connections out of 2 in 0 ms
20:40:27.306 [AsyncHttpClient-1-6] DEBUG org.asynchttpclient.netty.handler.HttpHandler - Channel Closed: [id: 0x010d1a7b, L:/127.0.0.1:62378 ! R:localhost/127.0.0.1:64961] with attribute DISCARD
]]></system-out>
    <system-err><![CDATA[Starting ChromeDriver 102.0.5005.61 (0e59bcc00cc4985ce39ad31c150065f159d95ad3-refs/branch-heads/5005@{#819}) on port 64961
Only local connections are allowed.
Please see https://chromedriver.chromium.org/security-considerations for suggestions on keeping ChromeDriver safe.
ChromeDriver was started successfully.
Jun 23, 2022 8:39:58 PM org.openqa.selenium.remote.ProtocolHandshake createSession
INFO: Detected dialect: W3C
Jun 23, 2022 8:39:58 PM org.openqa.selenium.devtools.CdpVersionFinder findNearestMatch
WARNING: Unable to find an exact match for CDP version 102, so returning the closest version found: a no-op implementation
Jun 23, 2022 8:39:58 PM org.openqa.selenium.devtools.CdpVersionFinder findNearestMatch
INFO: Unable to find CDP implementation matching 102.
Jun 23, 2022 8:39:58 PM org.openqa.selenium.chromium.ChromiumDriver lambda$new$3
WARNING: Unable to find version of CDP to use for . You may need to include a dependency on a specific version of the CDP using something similar to `org.seleniumhq.selenium:selenium-devtools-v86:4.1.2` where the version ("v86") matches the version of the chromium-based browser you're using and the version number of the artifact is the same as Selenium's.
]]></system-err>
  </testcase>
  <testcase name="As a admin i want to edit data pasien #6" classname="Edit Data Pasien - Admin" time="28.958">
    <system-out><![CDATA[
@EditPatientData
Scenario Outline: As a admin i want to edit data pasien                         &amp#27;[90m# src/test/resources/features/EditDataPasien.feature:20&amp#27;[0m
20:40:27.851 [main] INFO io.cucumber.core.plugin.SerenityReporter - Running feature from file:///D:/Kel-1-capstone/TestingWeb/src/test/resources/features/EditDataPasien.feature
20:40:27.899 [main] DEBUG net.thucydides.core.steps.StepInterceptor - STARTING STEP: PatientDataSteps.openPageDataPasien - openDataPasien
20:40:27.900 [main] INFO net.serenitybdd.core.webdriver.driverproviders.ChromeDriverProvider - Using automatically driver download
20:40:28.091 [AsyncHttpClient-1-1] DEBUG org.asynchttpclient.netty.channel.DefaultChannelPool - Entry count for : http://localhost:64961 : 1
20:40:28.091 [AsyncHttpClient-1-1] DEBUG org.asynchttpclient.netty.channel.DefaultChannelPool - Adding Candidate expired Channel [id: 0x010d1a7b, L:/127.0.0.1:62378 ! R:localhost/127.0.0.1:64961] isIdleTimeoutExpired=false isRemotelyClosed=true isTtlExpired=false
20:40:28.091 [AsyncHttpClient-1-1] DEBUG org.asynchttpclient.netty.channel.DefaultChannelPool - Closing Idle Channel [id: 0x010d1a7b, L:/127.0.0.1:62378 ! R:localhost/127.0.0.1:64961]
20:40:28.091 [AsyncHttpClient-1-1] DEBUG org.asynchttpclient.netty.channel.DefaultChannelPool - Closed 1 connections out of 1 in 0 ms
20:40:28.184 [main] DEBUG io.github.bonigarcia.wdm.cache.ResolutionCache - Resolution chrome=102 in cache (valid until 21:04:30 23/06/2022 ICT)
20:40:28.207 [main] DEBUG io.github.bonigarcia.wdm.cache.ResolutionCache - Resolution chrome102=102.0.5005.61 in cache (valid until 20:04:30 24/06/2022 ICT)
20:40:28.216 [main] INFO io.github.bonigarcia.wdm.WebDriverManager - Using chromedriver 102.0.5005.61 (resolved driver for Chrome 102)
20:40:28.278 [main] DEBUG io.github.bonigarcia.wdm.WebDriverManager - Driver chromedriver 102.0.5005.61 found in cache
20:40:28.281 [main] INFO io.github.bonigarcia.wdm.WebDriverManager - Exporting webdriver.chrome.driver as C:\Users\ASUS\.cache\selenium\chromedriver\win32\102.0.5005.61\chromedriver.exe
20:40:28.562 [main] DEBUG net.serenitybdd.core.webdriver.driverproviders.ProvideNewDriver - Instantiating driver
20:40:28.562 [main] DEBUG net.serenitybdd.core.webdriver.driverproviders.ProvideNewDriver - Driver capabilities: Capabilities {acceptInsecureCerts: false, base.url: https://fanciful-trifle-360..., browserName: chrome, chorme.driver: src/test/resources/webdrive..., driver: chrome, goog:chromeOptions: {args: [], extensions: []}}
20:40:29.127 [AsyncHttpClient-1-9] DEBUG org.asynchttpclient.netty.channel.NettyConnectListener - Using new Channel '[id: 0xb78031d9, L:/127.0.0.1:62445 - R:localhost/127.0.0.1:53242]' for 'POST' to '/session'
20:40:30.898 [AsyncHttpClient-1-9] DEBUG org.asynchttpclient.netty.handler.HttpHandler - 

Request DefaultHttpRequest(decodeResult: success, version: HTTP/1.1)
POST /session HTTP/1.1
User-Agent: selenium/4.1.2 (java windows)
Content-Length: 629
Content-Type: application/json; charset=utf-8
host: localhost:53242
accept: */*

Response DefaultHttpResponse(decodeResult: success, version: HTTP/1.1)
HTTP/1.1 200 OK
Content-Type: application/json; charset=utf-8
cache-control: no-cache
content-length: 788

20:40:30.899 [AsyncHttpClient-1-9] DEBUG org.asynchttpclient.netty.channel.ChannelManager - Adding key: http://localhost:53242 for channel [id: 0xb78031d9, L:/127.0.0.1:62445 - R:localhost/127.0.0.1:53242]
20:40:30.933 [AsyncHttpClient-1-2] DEBUG org.asynchttpclient.netty.channel.NettyConnectListener - Using new Channel '[id: 0x3b0b8052, L:/127.0.0.1:62456 - R:localhost/127.0.0.1:62446]' for 'GET' to '/json/version'
20:40:30.937 [AsyncHttpClient-1-2] DEBUG org.asynchttpclient.netty.handler.HttpHandler - 

Request DefaultFullHttpRequest(decodeResult: success, version: HTTP/1.1, content: EmptyByteBufBE)
GET /json/version HTTP/1.1
User-Agent: selenium/4.1.2 (java windows)
host: localhost:62446
accept: */*

Response DefaultHttpResponse(decodeResult: success, version: HTTP/1.1)
HTTP/1.1 200 OK
Content-Type: application/json; charset=UTF-8
content-length: 428

20:40:30.937 [AsyncHttpClient-1-2] DEBUG org.asynchttpclient.netty.channel.ChannelManager - Adding key: http://localhost:62446 for channel [id: 0x3b0b8052, L:/127.0.0.1:62456 - R:localhost/127.0.0.1:62446]
20:40:30.950 [AsyncHttpClient-1-3] DEBUG org.asynchttpclient.netty.channel.NettyConnectListener - Using new Channel '[id: 0xa08ff8c5, L:/127.0.0.1:62457 - R:localhost/127.0.0.1:62446]' for 'GET' to '/devtools/browser/e3333a44-0ae4-4498-9271-118ef4e92378'
20:40:30.953 [AsyncHttpClient-1-3] DEBUG org.asynchttpclient.netty.handler.WebSocketHandler - 

Request DefaultFullHttpRequest(decodeResult: success, version: HTTP/1.1, content: EmptyByteBufBE)
GET /devtools/browser/e3333a44-0ae4-4498-9271-118ef4e92378 HTTP/1.1
upgrade: websocket
connection: upgrade
sec-websocket-key: V2FfarKkRy9nzDKzM61BMA==
sec-websocket-version: 13
origin: http://localhost:62446
host: localhost:62446
accept: */*
user-agent: AHC/2.1

Response DefaultHttpResponse(decodeResult: success, version: HTTP/1.1)
HTTP/1.1 101 WebSocket Protocol Handshake
Upgrade: WebSocket
Connection: Upgrade
Sec-WebSocket-Accept: ny/WBx45yjteJUFCr3mxMzXRAsQ=

20:40:30.971 [Forwarding get on session 5a92510ad5ab85a456b62bec051e878f to remote] DEBUG org.asynchttpclient.netty.request.NettyRequestSender - Using pooled Channel '[id: 0xb78031d9, L:/127.0.0.1:62445 - R:localhost/127.0.0.1:53242]' for 'POST' to 'http://localhost:53242/session/5a92510ad5ab85a456b62bec051e878f/url'
20:40:30.971 [Forwarding get on session 5a92510ad5ab85a456b62bec051e878f to remote] DEBUG org.asynchttpclient.netty.request.NettyRequestSender - Using open Channel [id: 0xb78031d9, L:/127.0.0.1:62445 - R:localhost/127.0.0.1:53242] for POST '/session/5a92510ad5ab85a456b62bec051e878f/url'
20:40:31.397 [AsyncHttpClient-1-1] DEBUG org.asynchttpclient.netty.channel.DefaultChannelPool - Entry count for : http://localhost:62446 : 1
20:40:32.322 [AsyncHttpClient-1-9] DEBUG org.asynchttpclient.netty.handler.HttpHandler - 

Request DefaultHttpRequest(decodeResult: success, version: HTTP/1.1)
POST /session/5a92510ad5ab85a456b62bec051e878f/url HTTP/1.1
User-Agent: selenium/4.1.2 (java windows)
Content-Length: 84
Content-Type: application/json; charset=utf-8
host: localhost:53242
accept: */*

Response DefaultHttpResponse(decodeResult: success, version: HTTP/1.1)
HTTP/1.1 200 OK
Content-Type: application/json; charset=utf-8
cache-control: no-cache
content-length: 14

20:40:32.322 [AsyncHttpClient-1-9] DEBUG org.asynchttpclient.netty.channel.ChannelManager - Adding key: http://localhost:53242 for channel [id: 0xb78031d9, L:/127.0.0.1:62445 - R:localhost/127.0.0.1:53242]
20:40:32.327 [Forwarding setTimeout on session 5a92510ad5ab85a456b62bec051e878f to remote] DEBUG org.asynchttpclient.netty.request.NettyRequestSender - Using pooled Channel '[id: 0xb78031d9, L:/127.0.0.1:62445 - R:localhost/127.0.0.1:53242]' for 'POST' to 'http://localhost:53242/session/5a92510ad5ab85a456b62bec051e878f/timeouts'
20:40:32.327 [Forwarding setTimeout on session 5a92510ad5ab85a456b62bec051e878f to remote] DEBUG org.asynchttpclient.netty.request.NettyRequestSender - Using open Channel [id: 0xb78031d9, L:/127.0.0.1:62445 - R:localhost/127.0.0.1:53242] for POST '/session/5a92510ad5ab85a456b62bec051e878f/timeouts'
20:40:32.335 [AsyncHttpClient-1-9] DEBUG org.asynchttpclient.netty.handler.HttpHandler - 

Request DefaultHttpRequest(decodeResult: success, version: HTTP/1.1)
POST /session/5a92510ad5ab85a456b62bec051e878f/timeouts HTTP/1.1
User-Agent: selenium/4.1.2 (java windows)
Content-Length: 22
Content-Type: application/json; charset=utf-8
host: localhost:53242
accept: */*

Response DefaultHttpResponse(decodeResult: success, version: HTTP/1.1)
HTTP/1.1 200 OK
Content-Type: application/json; charset=utf-8
cache-control: no-cache
content-length: 14

20:40:32.335 [AsyncHttpClient-1-9] DEBUG org.asynchttpclient.netty.channel.ChannelManager - Adding key: http://localhost:53242 for channel [id: 0xb78031d9, L:/127.0.0.1:62445 - R:localhost/127.0.0.1:53242]
20:40:32.344 [Forwarding getCurrentUrl on session 5a92510ad5ab85a456b62bec051e878f to remote] DEBUG org.asynchttpclient.netty.request.NettyRequestSender - Using pooled Channel '[id: 0xb78031d9, L:/127.0.0.1:62445 - R:localhost/127.0.0.1:53242]' for 'GET' to 'http://localhost:53242/session/5a92510ad5ab85a456b62bec051e878f/url'
20:40:32.344 [Forwarding getCurrentUrl on session 5a92510ad5ab85a456b62bec051e878f to remote] DEBUG org.asynchttpclient.netty.request.NettyRequestSender - Using open Channel [id: 0xb78031d9, L:/127.0.0.1:62445 - R:localhost/127.0.0.1:53242] for GET '/session/5a92510ad5ab85a456b62bec051e878f/url'
20:40:32.363 [AsyncHttpClient-1-9] DEBUG org.asynchttpclient.netty.handler.HttpHandler - 

Request DefaultFullHttpRequest(decodeResult: success, version: HTTP/1.1, content: EmptyByteBufBE)
GET /session/5a92510ad5ab85a456b62bec051e878f/url HTTP/1.1
User-Agent: selenium/4.1.2 (java windows)
Cache-Control: no-cache
Content-Type: application/json; charset=utf-8
host: localhost:53242
accept: */*

Response DefaultHttpResponse(decodeResult: success, version: HTTP/1.1)
HTTP/1.1 200 OK
Content-Type: application/json; charset=utf-8
cache-control: no-cache
content-length: 66

20:40:32.363 [AsyncHttpClient-1-9] DEBUG org.asynchttpclient.netty.channel.ChannelManager - Adding key: http://localhost:53242 for channel [id: 0xb78031d9, L:/127.0.0.1:62445 - R:localhost/127.0.0.1:53242]
20:40:32.386 [Forwarding screenshot on session 5a92510ad5ab85a456b62bec051e878f to remote] DEBUG org.asynchttpclient.netty.request.NettyRequestSender - Using pooled Channel '[id: 0xb78031d9, L:/127.0.0.1:62445 - R:localhost/127.0.0.1:53242]' for 'GET' to 'http://localhost:53242/session/5a92510ad5ab85a456b62bec051e878f/screenshot'
20:40:32.386 [Forwarding screenshot on session 5a92510ad5ab85a456b62bec051e878f to remote] DEBUG org.asynchttpclient.netty.request.NettyRequestSender - Using open Channel [id: 0xb78031d9, L:/127.0.0.1:62445 - R:localhost/127.0.0.1:53242] for GET '/session/5a92510ad5ab85a456b62bec051e878f/screenshot'
20:40:32.501 [AsyncHttpClient-1-1] DEBUG org.asynchttpclient.netty.channel.DefaultChannelPool - Entry count for : http://localhost:62446 : 1
20:40:33.498 [AsyncHttpClient-1-9] DEBUG org.asynchttpclient.netty.handler.HttpHandler - 

Request DefaultFullHttpRequest(decodeResult: success, version: HTTP/1.1, content: EmptyByteBufBE)
GET /session/5a92510ad5ab85a456b62bec051e878f/screenshot HTTP/1.1
User-Agent: selenium/4.1.2 (java windows)
Cache-Control: no-cache
Content-Type: application/json; charset=utf-8
host: localhost:53242
accept: */*

Response DefaultHttpResponse(decodeResult: success, version: HTTP/1.1)
HTTP/1.1 200 OK
Content-Type: application/json; charset=utf-8
cache-control: no-cache
content-length: 86024

20:40:33.499 [AsyncHttpClient-1-9] DEBUG org.asynchttpclient.netty.channel.ChannelManager - Adding key: http://localhost:53242 for channel [id: 0xb78031d9, L:/127.0.0.1:62445 - R:localhost/127.0.0.1:53242]
20:40:33.505 [main] DEBUG net.serenitybdd.core.photography.Darkroom - Send negative for processing for target\site\serenity\5c9f21a309e44bc96796d96d1af7c8ea986633cdcb04c0bf5e0c692824819384.png
20:40:33.505 [main] DEBUG net.thucydides.core.steps.StepInterceptor - STEP DONE: openDataPasien
  &amp#27;[32mGiven &amp#27;[0m&amp#27;[32mOpen page data pasien&amp#27;[0m                                                   &amp#27;[90m# starter.stepdefinitios.PatientDataSteps.openPageDataPasien()&amp#27;[0m
20:40:33.541 [main] DEBUG net.thucydides.core.steps.StepInterceptor - STARTING STEP: PatientDataSteps.clickDetailPatientData - clickButtonDetail
20:40:33.547 [Forwarding findElement on session 5a92510ad5ab85a456b62bec051e878f to remote] DEBUG org.asynchttpclient.netty.request.NettyRequestSender - Using pooled Channel '[id: 0xb78031d9, L:/127.0.0.1:62445 - R:localhost/127.0.0.1:53242]' for 'POST' to 'http://localhost:53242/session/5a92510ad5ab85a456b62bec051e878f/element'
20:40:33.547 [Forwarding findElement on session 5a92510ad5ab85a456b62bec051e878f to remote] DEBUG org.asynchttpclient.netty.request.NettyRequestSender - Using open Channel [id: 0xb78031d9, L:/127.0.0.1:62445 - R:localhost/127.0.0.1:53242] for POST '/session/5a92510ad5ab85a456b62bec051e878f/element'
20:40:33.571 [AsyncHttpClient-1-9] DEBUG org.asynchttpclient.netty.handler.HttpHandler - 

Request DefaultHttpRequest(decodeResult: success, version: HTTP/1.1)
POST /session/5a92510ad5ab85a456b62bec051e878f/element HTTP/1.1
User-Agent: selenium/4.1.2 (java windows)
Content-Length: 92
Content-Type: application/json; charset=utf-8
host: localhost:53242
accept: */*

Response DefaultHttpResponse(decodeResult: success, version: HTTP/1.1)
HTTP/1.1 200 OK
Content-Type: application/json; charset=utf-8
cache-control: no-cache
content-length: 88

20:40:33.571 [AsyncHttpClient-1-9] DEBUG org.asynchttpclient.netty.channel.ChannelManager - Adding key: http://localhost:53242 for channel [id: 0xb78031d9, L:/127.0.0.1:62445 - R:localhost/127.0.0.1:53242]
20:40:33.573 [Forwarding getElementTagName on session 5a92510ad5ab85a456b62bec051e878f to remote] DEBUG org.asynchttpclient.netty.request.NettyRequestSender - Using pooled Channel '[id: 0xb78031d9, L:/127.0.0.1:62445 - R:localhost/127.0.0.1:53242]' for 'GET' to 'http://localhost:53242/session/5a92510ad5ab85a456b62bec051e878f/element/c6c451a7-4266-4f31-ab68-59065bce1638/name'
20:40:33.573 [Forwarding getElementTagName on session 5a92510ad5ab85a456b62bec051e878f to remote] DEBUG org.asynchttpclient.netty.request.NettyRequestSender - Using open Channel [id: 0xb78031d9, L:/127.0.0.1:62445 - R:localhost/127.0.0.1:53242] for GET '/session/5a92510ad5ab85a456b62bec051e878f/element/c6c451a7-4266-4f31-ab68-59065bce1638/name'
20:40:33.582 [AsyncHttpClient-1-9] DEBUG org.asynchttpclient.netty.handler.HttpHandler - 

Request DefaultFullHttpRequest(decodeResult: success, version: HTTP/1.1, content: EmptyByteBufBE)
GET /session/5a92510ad5ab85a456b62bec051e878f/element/c6c451a7-4266-4f31-ab68-59065bce1638/name HTTP/1.1
User-Agent: selenium/4.1.2 (java windows)
Cache-Control: no-cache
Content-Type: application/json; charset=utf-8
host: localhost:53242
accept: */*

Response DefaultHttpResponse(decodeResult: success, version: HTTP/1.1)
HTTP/1.1 200 OK
Content-Type: application/json; charset=utf-8
cache-control: no-cache
content-length: 15

20:40:33.583 [AsyncHttpClient-1-9] DEBUG org.asynchttpclient.netty.channel.ChannelManager - Adding key: http://localhost:53242 for channel [id: 0xb78031d9, L:/127.0.0.1:62445 - R:localhost/127.0.0.1:53242]
20:40:33.584 [Forwarding getElementTagName on session 5a92510ad5ab85a456b62bec051e878f to remote] DEBUG org.asynchttpclient.netty.request.NettyRequestSender - Using pooled Channel '[id: 0xb78031d9, L:/127.0.0.1:62445 - R:localhost/127.0.0.1:53242]' for 'GET' to 'http://localhost:53242/session/5a92510ad5ab85a456b62bec051e878f/element/c6c451a7-4266-4f31-ab68-59065bce1638/name'
20:40:33.584 [Forwarding getElementTagName on session 5a92510ad5ab85a456b62bec051e878f to remote] DEBUG org.asynchttpclient.netty.request.NettyRequestSender - Using open Channel [id: 0xb78031d9, L:/127.0.0.1:62445 - R:localhost/127.0.0.1:53242] for GET '/session/5a92510ad5ab85a456b62bec051e878f/element/c6c451a7-4266-4f31-ab68-59065bce1638/name'
20:40:33.591 [AsyncHttpClient-1-1] DEBUG org.asynchttpclient.netty.channel.DefaultChannelPool - Entry count for : http://localhost:62446 : 1
20:40:33.591 [AsyncHttpClient-1-9] DEBUG org.asynchttpclient.netty.handler.HttpHandler - 

Request DefaultFullHttpRequest(decodeResult: success, version: HTTP/1.1, content: EmptyByteBufBE)
GET /session/5a92510ad5ab85a456b62bec051e878f/element/c6c451a7-4266-4f31-ab68-59065bce1638/name HTTP/1.1
User-Agent: selenium/4.1.2 (java windows)
Cache-Control: no-cache
Content-Type: application/json; charset=utf-8
host: localhost:53242
accept: */*

Response DefaultHttpResponse(decodeResult: success, version: HTTP/1.1)
HTTP/1.1 200 OK
Content-Type: application/json; charset=utf-8
cache-control: no-cache
content-length: 15

20:40:33.592 [AsyncHttpClient-1-9] DEBUG org.asynchttpclient.netty.channel.ChannelManager - Adding key: http://localhost:53242 for channel [id: 0xb78031d9, L:/127.0.0.1:62445 - R:localhost/127.0.0.1:53242]
20:40:33.598 [Forwarding findElement on session 5a92510ad5ab85a456b62bec051e878f to remote] DEBUG org.asynchttpclient.netty.request.NettyRequestSender - Using pooled Channel '[id: 0xb78031d9, L:/127.0.0.1:62445 - R:localhost/127.0.0.1:53242]' for 'POST' to 'http://localhost:53242/session/5a92510ad5ab85a456b62bec051e878f/element'
20:40:33.598 [Forwarding findElement on session 5a92510ad5ab85a456b62bec051e878f to remote] DEBUG org.asynchttpclient.netty.request.NettyRequestSender - Using open Channel [id: 0xb78031d9, L:/127.0.0.1:62445 - R:localhost/127.0.0.1:53242] for POST '/session/5a92510ad5ab85a456b62bec051e878f/element'
20:40:33.613 [AsyncHttpClient-1-9] DEBUG org.asynchttpclient.netty.handler.HttpHandler - 

Request DefaultHttpRequest(decodeResult: success, version: HTTP/1.1)
POST /session/5a92510ad5ab85a456b62bec051e878f/element HTTP/1.1
User-Agent: selenium/4.1.2 (java windows)
Content-Length: 92
Content-Type: application/json; charset=utf-8
host: localhost:53242
accept: */*

Response DefaultHttpResponse(decodeResult: success, version: HTTP/1.1)
HTTP/1.1 200 OK
Content-Type: application/json; charset=utf-8
cache-control: no-cache
content-length: 88

20:40:33.613 [AsyncHttpClient-1-9] DEBUG org.asynchttpclient.netty.channel.ChannelManager - Adding key: http://localhost:53242 for channel [id: 0xb78031d9, L:/127.0.0.1:62445 - R:localhost/127.0.0.1:53242]
20:40:33.614 [Forwarding clickElement on session 5a92510ad5ab85a456b62bec051e878f to remote] DEBUG org.asynchttpclient.netty.request.NettyRequestSender - Using pooled Channel '[id: 0xb78031d9, L:/127.0.0.1:62445 - R:localhost/127.0.0.1:53242]' for 'POST' to 'http://localhost:53242/session/5a92510ad5ab85a456b62bec051e878f/element/c6c451a7-4266-4f31-ab68-59065bce1638/click'
20:40:33.615 [Forwarding clickElement on session 5a92510ad5ab85a456b62bec051e878f to remote] DEBUG org.asynchttpclient.netty.request.NettyRequestSender - Using open Channel [id: 0xb78031d9, L:/127.0.0.1:62445 - R:localhost/127.0.0.1:53242] for POST '/session/5a92510ad5ab85a456b62bec051e878f/element/c6c451a7-4266-4f31-ab68-59065bce1638/click'
20:40:33.914 [AsyncHttpClient-1-9] DEBUG org.asynchttpclient.netty.handler.HttpHandler - 

Request DefaultHttpRequest(decodeResult: success, version: HTTP/1.1)
POST /session/5a92510ad5ab85a456b62bec051e878f/element/c6c451a7-4266-4f31-ab68-59065bce1638/click HTTP/1.1
User-Agent: selenium/4.1.2 (java windows)
Content-Length: 50
Content-Type: application/json; charset=utf-8
host: localhost:53242
accept: */*

Response DefaultHttpResponse(decodeResult: success, version: HTTP/1.1)
HTTP/1.1 200 OK
Content-Type: application/json; charset=utf-8
cache-control: no-cache
content-length: 14

20:40:33.914 [AsyncHttpClient-1-9] DEBUG org.asynchttpclient.netty.channel.ChannelManager - Adding key: http://localhost:53242 for channel [id: 0xb78031d9, L:/127.0.0.1:62445 - R:localhost/127.0.0.1:53242]
20:40:33.944 [Forwarding screenshot on session 5a92510ad5ab85a456b62bec051e878f to remote] DEBUG org.asynchttpclient.netty.request.NettyRequestSender - Using pooled Channel '[id: 0xb78031d9, L:/127.0.0.1:62445 - R:localhost/127.0.0.1:53242]' for 'GET' to 'http://localhost:53242/session/5a92510ad5ab85a456b62bec051e878f/screenshot'
20:40:33.944 [Forwarding screenshot on session 5a92510ad5ab85a456b62bec051e878f to remote] DEBUG org.asynchttpclient.netty.request.NettyRequestSender - Using open Channel [id: 0xb78031d9, L:/127.0.0.1:62445 - R:localhost/127.0.0.1:53242] for GET '/session/5a92510ad5ab85a456b62bec051e878f/screenshot'
20:40:34.703 [AsyncHttpClient-1-1] DEBUG org.asynchttpclient.netty.channel.DefaultChannelPool - Entry count for : http://localhost:62446 : 1
20:40:34.855 [AsyncHttpClient-1-9] DEBUG org.asynchttpclient.netty.handler.HttpHandler - 

Request DefaultFullHttpRequest(decodeResult: success, version: HTTP/1.1, content: EmptyByteBufBE)
GET /session/5a92510ad5ab85a456b62bec051e878f/screenshot HTTP/1.1
User-Agent: selenium/4.1.2 (java windows)
Cache-Control: no-cache
Content-Type: application/json; charset=utf-8
host: localhost:53242
accept: */*

Response DefaultHttpResponse(decodeResult: success, version: HTTP/1.1)
HTTP/1.1 200 OK
Content-Type: application/json; charset=utf-8
cache-control: no-cache
content-length: 398772

20:40:34.857 [AsyncHttpClient-1-9] DEBUG org.asynchttpclient.netty.channel.ChannelManager - Adding key: http://localhost:53242 for channel [id: 0xb78031d9, L:/127.0.0.1:62445 - R:localhost/127.0.0.1:53242]
20:40:34.899 [main] DEBUG net.serenitybdd.core.photography.Darkroom - Send negative for processing for target\site\serenity\e9748939649fa73243e2f0614e40f1bc07a2d9af7954e688730ac8e4369d2b01.png
20:40:34.899 [main] DEBUG net.thucydides.core.steps.StepInterceptor - STEP DONE: clickButtonDetail
  &amp#27;[32mAnd &amp#27;[0m&amp#27;[32mClick Detail Patient data&amp#27;[0m                                                 &amp#27;[90m# starter.stepdefinitios.PatientDataSteps.clickDetailPatientData()&amp#27;[0m
20:40:34.900 [Darkroom Processing Line] DEBUG net.serenitybdd.core.photography.DarkroomProcessingLine - Processing screenshot image in /var/screenshots/screenshot-5338610831880278810
20:40:34.900 [Darkroom Processing Line] DEBUG net.serenitybdd.core.photography.DarkroomProcessingLine - Saving screenshot to target\site\serenity\e9748939649fa73243e2f0614e40f1bc07a2d9af7954e688730ac8e4369d2b01.png
20:40:35.472 [Forwarding screenshot on session 5a92510ad5ab85a456b62bec051e878f to remote] DEBUG org.asynchttpclient.netty.request.NettyRequestSender - Using pooled Channel '[id: 0xb78031d9, L:/127.0.0.1:62445 - R:localhost/127.0.0.1:53242]' for 'GET' to 'http://localhost:53242/session/5a92510ad5ab85a456b62bec051e878f/screenshot'
20:40:35.472 [Forwarding screenshot on session 5a92510ad5ab85a456b62bec051e878f to remote] DEBUG org.asynchttpclient.netty.request.NettyRequestSender - Using open Channel [id: 0xb78031d9, L:/127.0.0.1:62445 - R:localhost/127.0.0.1:53242] for GET '/session/5a92510ad5ab85a456b62bec051e878f/screenshot'
20:40:35.790 [AsyncHttpClient-1-1] DEBUG org.asynchttpclient.netty.channel.DefaultChannelPool - Entry count for : http://localhost:62446 : 1
20:40:35.889 [AsyncHttpClient-1-9] DEBUG org.asynchttpclient.netty.handler.HttpHandler - 

Request DefaultFullHttpRequest(decodeResult: success, version: HTTP/1.1, content: EmptyByteBufBE)
GET /session/5a92510ad5ab85a456b62bec051e878f/screenshot HTTP/1.1
User-Agent: selenium/4.1.2 (java windows)
Cache-Control: no-cache
Content-Type: application/json; charset=utf-8
host: localhost:53242
accept: */*

Response DefaultHttpResponse(decodeResult: success, version: HTTP/1.1)
HTTP/1.1 200 OK
Content-Type: application/json; charset=utf-8
cache-control: no-cache
content-length: 398488

20:40:35.891 [AsyncHttpClient-1-9] DEBUG org.asynchttpclient.netty.channel.ChannelManager - Adding key: http://localhost:53242 for channel [id: 0xb78031d9, L:/127.0.0.1:62445 - R:localhost/127.0.0.1:53242]
20:40:35.927 [main] DEBUG net.serenitybdd.core.photography.Darkroom - Send negative for processing for target\site\serenity\59ab13623050d9ab2ba10d4261212c63d40000c7e954bb14ae7eaf001da923c3.png
20:40:35.927 [main] DEBUG net.thucydides.core.steps.StepInterceptor - STARTING STEP: PatientDataSteps.validData - checkValidDataPasien
20:40:35.932 [Forwarding findElement on session 5a92510ad5ab85a456b62bec051e878f to remote] DEBUG org.asynchttpclient.netty.request.NettyRequestSender - Using pooled Channel '[id: 0xb78031d9, L:/127.0.0.1:62445 - R:localhost/127.0.0.1:53242]' for 'POST' to 'http://localhost:53242/session/5a92510ad5ab85a456b62bec051e878f/element'
20:40:35.932 [Forwarding findElement on session 5a92510ad5ab85a456b62bec051e878f to remote] DEBUG org.asynchttpclient.netty.request.NettyRequestSender - Using open Channel [id: 0xb78031d9, L:/127.0.0.1:62445 - R:localhost/127.0.0.1:53242] for POST '/session/5a92510ad5ab85a456b62bec051e878f/element'
20:40:35.937 [Darkroom Processing Line] DEBUG net.serenitybdd.core.photography.DarkroomProcessingLine - Processing screenshot image in /var/screenshots/screenshot-4387468671137723295
20:40:35.937 [Darkroom Processing Line] DEBUG net.serenitybdd.core.photography.DarkroomProcessingLine - Saving screenshot to target\site\serenity\59ab13623050d9ab2ba10d4261212c63d40000c7e954bb14ae7eaf001da923c3.png
20:40:36.115 [AsyncHttpClient-1-9] DEBUG org.asynchttpclient.netty.handler.HttpHandler - 

Request DefaultHttpRequest(decodeResult: success, version: HTTP/1.1)
POST /session/5a92510ad5ab85a456b62bec051e878f/element HTTP/1.1
User-Agent: selenium/4.1.2 (java windows)
Content-Length: 95
Content-Type: application/json; charset=utf-8
host: localhost:53242
accept: */*

Response DefaultHttpResponse(decodeResult: success, version: HTTP/1.1)
HTTP/1.1 200 OK
Content-Type: application/json; charset=utf-8
cache-control: no-cache
content-length: 88

20:40:36.115 [AsyncHttpClient-1-9] DEBUG org.asynchttpclient.netty.channel.ChannelManager - Adding key: http://localhost:53242 for channel [id: 0xb78031d9, L:/127.0.0.1:62445 - R:localhost/127.0.0.1:53242]
20:40:36.116 [Forwarding isElementEnabled on session 5a92510ad5ab85a456b62bec051e878f to remote] DEBUG org.asynchttpclient.netty.request.NettyRequestSender - Using pooled Channel '[id: 0xb78031d9, L:/127.0.0.1:62445 - R:localhost/127.0.0.1:53242]' for 'GET' to 'http://localhost:53242/session/5a92510ad5ab85a456b62bec051e878f/element/8b60dc7f-6c0a-4a56-be59-d7bc45258882/enabled'
20:40:36.117 [Forwarding isElementEnabled on session 5a92510ad5ab85a456b62bec051e878f to remote] DEBUG org.asynchttpclient.netty.request.NettyRequestSender - Using open Channel [id: 0xb78031d9, L:/127.0.0.1:62445 - R:localhost/127.0.0.1:53242] for GET '/session/5a92510ad5ab85a456b62bec051e878f/element/8b60dc7f-6c0a-4a56-be59-d7bc45258882/enabled'
20:40:36.168 [AsyncHttpClient-1-9] DEBUG org.asynchttpclient.netty.handler.HttpHandler - 

Request DefaultFullHttpRequest(decodeResult: success, version: HTTP/1.1, content: EmptyByteBufBE)
GET /session/5a92510ad5ab85a456b62bec051e878f/element/8b60dc7f-6c0a-4a56-be59-d7bc45258882/enabled HTTP/1.1
User-Agent: selenium/4.1.2 (java windows)
Cache-Control: no-cache
Content-Type: application/json; charset=utf-8
host: localhost:53242
accept: */*

Response DefaultHttpResponse(decodeResult: success, version: HTTP/1.1)
HTTP/1.1 200 OK
Content-Type: application/json; charset=utf-8
cache-control: no-cache
content-length: 14

20:40:36.168 [AsyncHttpClient-1-9] DEBUG org.asynchttpclient.netty.channel.ChannelManager - Adding key: http://localhost:53242 for channel [id: 0xb78031d9, L:/127.0.0.1:62445 - R:localhost/127.0.0.1:53242]
20:40:36.189 [Forwarding screenshot on session 5a92510ad5ab85a456b62bec051e878f to remote] DEBUG org.asynchttpclient.netty.request.NettyRequestSender - Using pooled Channel '[id: 0xb78031d9, L:/127.0.0.1:62445 - R:localhost/127.0.0.1:53242]' for 'GET' to 'http://localhost:53242/session/5a92510ad5ab85a456b62bec051e878f/screenshot'
20:40:36.189 [Forwarding screenshot on session 5a92510ad5ab85a456b62bec051e878f to remote] DEBUG org.asynchttpclient.netty.request.NettyRequestSender - Using open Channel [id: 0xb78031d9, L:/127.0.0.1:62445 - R:localhost/127.0.0.1:53242] for GET '/session/5a92510ad5ab85a456b62bec051e878f/screenshot'
20:40:36.682 [AsyncHttpClient-1-9] DEBUG org.asynchttpclient.netty.handler.HttpHandler - 

Request DefaultFullHttpRequest(decodeResult: success, version: HTTP/1.1, content: EmptyByteBufBE)
GET /session/5a92510ad5ab85a456b62bec051e878f/screenshot HTTP/1.1
User-Agent: selenium/4.1.2 (java windows)
Cache-Control: no-cache
Content-Type: application/json; charset=utf-8
host: localhost:53242
accept: */*

Response DefaultHttpResponse(decodeResult: success, version: HTTP/1.1)
HTTP/1.1 200 OK
Content-Type: application/json; charset=utf-8
cache-control: no-cache
content-length: 398488

20:40:36.684 [AsyncHttpClient-1-9] DEBUG org.asynchttpclient.netty.channel.ChannelManager - Adding key: http://localhost:53242 for channel [id: 0xb78031d9, L:/127.0.0.1:62445 - R:localhost/127.0.0.1:53242]
20:40:36.716 [main] DEBUG net.serenitybdd.core.photography.Darkroom - Send negative for processing for target\site\serenity\59ab13623050d9ab2ba10d4261212c63d40000c7e954bb14ae7eaf001da923c3.png
20:40:36.717 [main] DEBUG net.thucydides.core.steps.StepInterceptor - STEP DONE: checkValidDataPasien
  &amp#27;[32mWhen &amp#27;[0m&amp#27;[32mValid data detail pasien&amp#27;[0m                                                 &amp#27;[90m# starter.stepdefinitios.PatientDataSteps.validData()&amp#27;[0m
20:40:36.766 [Forwarding screenshot on session 5a92510ad5ab85a456b62bec051e878f to remote] DEBUG org.asynchttpclient.netty.request.NettyRequestSender - Using pooled Channel '[id: 0xb78031d9, L:/127.0.0.1:62445 - R:localhost/127.0.0.1:53242]' for 'GET' to 'http://localhost:53242/session/5a92510ad5ab85a456b62bec051e878f/screenshot'
20:40:36.766 [Forwarding screenshot on session 5a92510ad5ab85a456b62bec051e878f to remote] DEBUG org.asynchttpclient.netty.request.NettyRequestSender - Using open Channel [id: 0xb78031d9, L:/127.0.0.1:62445 - R:localhost/127.0.0.1:53242] for GET '/session/5a92510ad5ab85a456b62bec051e878f/screenshot'
20:40:36.899 [AsyncHttpClient-1-1] DEBUG org.asynchttpclient.netty.channel.DefaultChannelPool - Entry count for : http://localhost:62446 : 1
20:40:37.232 [AsyncHttpClient-1-9] DEBUG org.asynchttpclient.netty.handler.HttpHandler - 

Request DefaultFullHttpRequest(decodeResult: success, version: HTTP/1.1, content: EmptyByteBufBE)
GET /session/5a92510ad5ab85a456b62bec051e878f/screenshot HTTP/1.1
User-Agent: selenium/4.1.2 (java windows)
Cache-Control: no-cache
Content-Type: application/json; charset=utf-8
host: localhost:53242
accept: */*

Response DefaultHttpResponse(decodeResult: success, version: HTTP/1.1)
HTTP/1.1 200 OK
Content-Type: application/json; charset=utf-8
cache-control: no-cache
content-length: 398488

20:40:37.234 [AsyncHttpClient-1-9] DEBUG org.asynchttpclient.netty.channel.ChannelManager - Adding key: http://localhost:53242 for channel [id: 0xb78031d9, L:/127.0.0.1:62445 - R:localhost/127.0.0.1:53242]
20:40:37.271 [main] DEBUG net.serenitybdd.core.photography.Darkroom - Send negative for processing for target\site\serenity\59ab13623050d9ab2ba10d4261212c63d40000c7e954bb14ae7eaf001da923c3.png
20:40:37.272 [main] DEBUG net.thucydides.core.steps.StepInterceptor - STARTING STEP: PatientDataSteps.clickButtonEditProfil - clickButtonEditDataPasien
20:40:37.289 [Forwarding findElement on session 5a92510ad5ab85a456b62bec051e878f to remote] DEBUG org.asynchttpclient.netty.request.NettyRequestSender - Using pooled Channel '[id: 0xb78031d9, L:/127.0.0.1:62445 - R:localhost/127.0.0.1:53242]' for 'POST' to 'http://localhost:53242/session/5a92510ad5ab85a456b62bec051e878f/element'
20:40:37.289 [Forwarding findElement on session 5a92510ad5ab85a456b62bec051e878f to remote] DEBUG org.asynchttpclient.netty.request.NettyRequestSender - Using open Channel [id: 0xb78031d9, L:/127.0.0.1:62445 - R:localhost/127.0.0.1:53242] for POST '/session/5a92510ad5ab85a456b62bec051e878f/element'
20:40:37.348 [AsyncHttpClient-1-9] DEBUG org.asynchttpclient.netty.handler.HttpHandler - 

Request DefaultHttpRequest(decodeResult: success, version: HTTP/1.1)
POST /session/5a92510ad5ab85a456b62bec051e878f/element HTTP/1.1
User-Agent: selenium/4.1.2 (java windows)
Content-Length: 116
Content-Type: application/json; charset=utf-8
host: localhost:53242
accept: */*

Response DefaultHttpResponse(decodeResult: success, version: HTTP/1.1)
HTTP/1.1 200 OK
Content-Type: application/json; charset=utf-8
cache-control: no-cache
content-length: 88

20:40:37.348 [AsyncHttpClient-1-9] DEBUG org.asynchttpclient.netty.channel.ChannelManager - Adding key: http://localhost:53242 for channel [id: 0xb78031d9, L:/127.0.0.1:62445 - R:localhost/127.0.0.1:53242]
20:40:37.351 [Forwarding getElementTagName on session 5a92510ad5ab85a456b62bec051e878f to remote] DEBUG org.asynchttpclient.netty.request.NettyRequestSender - Using pooled Channel '[id: 0xb78031d9, L:/127.0.0.1:62445 - R:localhost/127.0.0.1:53242]' for 'GET' to 'http://localhost:53242/session/5a92510ad5ab85a456b62bec051e878f/element/3233d32f-2dfe-4730-97b1-b008aa4c7a24/name'
20:40:37.351 [Forwarding getElementTagName on session 5a92510ad5ab85a456b62bec051e878f to remote] DEBUG org.asynchttpclient.netty.request.NettyRequestSender - Using open Channel [id: 0xb78031d9, L:/127.0.0.1:62445 - R:localhost/127.0.0.1:53242] for GET '/session/5a92510ad5ab85a456b62bec051e878f/element/3233d32f-2dfe-4730-97b1-b008aa4c7a24/name'
20:40:37.363 [AsyncHttpClient-1-9] DEBUG org.asynchttpclient.netty.handler.HttpHandler - 

Request DefaultFullHttpRequest(decodeResult: success, version: HTTP/1.1, content: EmptyByteBufBE)
GET /session/5a92510ad5ab85a456b62bec051e878f/element/3233d32f-2dfe-4730-97b1-b008aa4c7a24/name HTTP/1.1
User-Agent: selenium/4.1.2 (java windows)
Cache-Control: no-cache
Content-Type: application/json; charset=utf-8
host: localhost:53242
accept: */*

Response DefaultHttpResponse(decodeResult: success, version: HTTP/1.1)
HTTP/1.1 200 OK
Content-Type: application/json; charset=utf-8
cache-control: no-cache
content-length: 18

20:40:37.363 [AsyncHttpClient-1-9] DEBUG org.asynchttpclient.netty.channel.ChannelManager - Adding key: http://localhost:53242 for channel [id: 0xb78031d9, L:/127.0.0.1:62445 - R:localhost/127.0.0.1:53242]
20:40:37.366 [Forwarding getElementTagName on session 5a92510ad5ab85a456b62bec051e878f to remote] DEBUG org.asynchttpclient.netty.request.NettyRequestSender - Using pooled Channel '[id: 0xb78031d9, L:/127.0.0.1:62445 - R:localhost/127.0.0.1:53242]' for 'GET' to 'http://localhost:53242/session/5a92510ad5ab85a456b62bec051e878f/element/3233d32f-2dfe-4730-97b1-b008aa4c7a24/name'
20:40:37.366 [Forwarding getElementTagName on session 5a92510ad5ab85a456b62bec051e878f to remote] DEBUG org.asynchttpclient.netty.request.NettyRequestSender - Using open Channel [id: 0xb78031d9, L:/127.0.0.1:62445 - R:localhost/127.0.0.1:53242] for GET '/session/5a92510ad5ab85a456b62bec051e878f/element/3233d32f-2dfe-4730-97b1-b008aa4c7a24/name'
20:40:37.375 [AsyncHttpClient-1-9] DEBUG org.asynchttpclient.netty.handler.HttpHandler - 

Request DefaultFullHttpRequest(decodeResult: success, version: HTTP/1.1, content: EmptyByteBufBE)
GET /session/5a92510ad5ab85a456b62bec051e878f/element/3233d32f-2dfe-4730-97b1-b008aa4c7a24/name HTTP/1.1
User-Agent: selenium/4.1.2 (java windows)
Cache-Control: no-cache
Content-Type: application/json; charset=utf-8
host: localhost:53242
accept: */*

Response DefaultHttpResponse(decodeResult: success, version: HTTP/1.1)
HTTP/1.1 200 OK
Content-Type: application/json; charset=utf-8
cache-control: no-cache
content-length: 18

20:40:37.375 [AsyncHttpClient-1-9] DEBUG org.asynchttpclient.netty.channel.ChannelManager - Adding key: http://localhost:53242 for channel [id: 0xb78031d9, L:/127.0.0.1:62445 - R:localhost/127.0.0.1:53242]
20:40:37.383 [Forwarding isElementEnabled on session 5a92510ad5ab85a456b62bec051e878f to remote] DEBUG org.asynchttpclient.netty.request.NettyRequestSender - Using pooled Channel '[id: 0xb78031d9, L:/127.0.0.1:62445 - R:localhost/127.0.0.1:53242]' for 'GET' to 'http://localhost:53242/session/5a92510ad5ab85a456b62bec051e878f/element/3233d32f-2dfe-4730-97b1-b008aa4c7a24/enabled'
20:40:37.383 [Forwarding isElementEnabled on session 5a92510ad5ab85a456b62bec051e878f to remote] DEBUG org.asynchttpclient.netty.request.NettyRequestSender - Using open Channel [id: 0xb78031d9, L:/127.0.0.1:62445 - R:localhost/127.0.0.1:53242] for GET '/session/5a92510ad5ab85a456b62bec051e878f/element/3233d32f-2dfe-4730-97b1-b008aa4c7a24/enabled'
20:40:37.424 [AsyncHttpClient-1-9] DEBUG org.asynchttpclient.netty.handler.HttpHandler - 

Request DefaultFullHttpRequest(decodeResult: success, version: HTTP/1.1, content: EmptyByteBufBE)
GET /session/5a92510ad5ab85a456b62bec051e878f/element/3233d32f-2dfe-4730-97b1-b008aa4c7a24/enabled HTTP/1.1
User-Agent: selenium/4.1.2 (java windows)
Cache-Control: no-cache
Content-Type: application/json; charset=utf-8
host: localhost:53242
accept: */*

Response DefaultHttpResponse(decodeResult: success, version: HTTP/1.1)
HTTP/1.1 200 OK
Content-Type: application/json; charset=utf-8
cache-control: no-cache
content-length: 14

20:40:37.424 [AsyncHttpClient-1-9] DEBUG org.asynchttpclient.netty.channel.ChannelManager - Adding key: http://localhost:53242 for channel [id: 0xb78031d9, L:/127.0.0.1:62445 - R:localhost/127.0.0.1:53242]
20:40:37.424 [Forwarding isElementEnabled on session 5a92510ad5ab85a456b62bec051e878f to remote] DEBUG org.asynchttpclient.netty.request.NettyRequestSender - Using pooled Channel '[id: 0xb78031d9, L:/127.0.0.1:62445 - R:localhost/127.0.0.1:53242]' for 'GET' to 'http://localhost:53242/session/5a92510ad5ab85a456b62bec051e878f/element/3233d32f-2dfe-4730-97b1-b008aa4c7a24/enabled'
20:40:37.424 [Forwarding isElementEnabled on session 5a92510ad5ab85a456b62bec051e878f to remote] DEBUG org.asynchttpclient.netty.request.NettyRequestSender - Using open Channel [id: 0xb78031d9, L:/127.0.0.1:62445 - R:localhost/127.0.0.1:53242] for GET '/session/5a92510ad5ab85a456b62bec051e878f/element/3233d32f-2dfe-4730-97b1-b008aa4c7a24/enabled'
20:40:37.440 [AsyncHttpClient-1-9] DEBUG org.asynchttpclient.netty.handler.HttpHandler - 

Request DefaultFullHttpRequest(decodeResult: success, version: HTTP/1.1, content: EmptyByteBufBE)
GET /session/5a92510ad5ab85a456b62bec051e878f/element/3233d32f-2dfe-4730-97b1-b008aa4c7a24/enabled HTTP/1.1
User-Agent: selenium/4.1.2 (java windows)
Cache-Control: no-cache
Content-Type: application/json; charset=utf-8
host: localhost:53242
accept: */*

Response DefaultHttpResponse(decodeResult: success, version: HTTP/1.1)
HTTP/1.1 200 OK
Content-Type: application/json; charset=utf-8
cache-control: no-cache
content-length: 14

20:40:37.440 [AsyncHttpClient-1-9] DEBUG org.asynchttpclient.netty.channel.ChannelManager - Adding key: http://localhost:53242 for channel [id: 0xb78031d9, L:/127.0.0.1:62445 - R:localhost/127.0.0.1:53242]
20:40:37.440 [Forwarding findElement on session 5a92510ad5ab85a456b62bec051e878f to remote] DEBUG org.asynchttpclient.netty.request.NettyRequestSender - Using pooled Channel '[id: 0xb78031d9, L:/127.0.0.1:62445 - R:localhost/127.0.0.1:53242]' for 'POST' to 'http://localhost:53242/session/5a92510ad5ab85a456b62bec051e878f/element'
20:40:37.440 [Forwarding findElement on session 5a92510ad5ab85a456b62bec051e878f to remote] DEBUG org.asynchttpclient.netty.request.NettyRequestSender - Using open Channel [id: 0xb78031d9, L:/127.0.0.1:62445 - R:localhost/127.0.0.1:53242] for POST '/session/5a92510ad5ab85a456b62bec051e878f/element'
20:40:37.456 [AsyncHttpClient-1-9] DEBUG org.asynchttpclient.netty.handler.HttpHandler - 

Request DefaultHttpRequest(decodeResult: success, version: HTTP/1.1)
POST /session/5a92510ad5ab85a456b62bec051e878f/element HTTP/1.1
User-Agent: selenium/4.1.2 (java windows)
Content-Length: 116
Content-Type: application/json; charset=utf-8
host: localhost:53242
accept: */*

Response DefaultHttpResponse(decodeResult: success, version: HTTP/1.1)
HTTP/1.1 200 OK
Content-Type: application/json; charset=utf-8
cache-control: no-cache
content-length: 88

20:40:37.456 [AsyncHttpClient-1-9] DEBUG org.asynchttpclient.netty.channel.ChannelManager - Adding key: http://localhost:53242 for channel [id: 0xb78031d9, L:/127.0.0.1:62445 - R:localhost/127.0.0.1:53242]
20:40:37.456 [Forwarding clickElement on session 5a92510ad5ab85a456b62bec051e878f to remote] DEBUG org.asynchttpclient.netty.request.NettyRequestSender - Using pooled Channel '[id: 0xb78031d9, L:/127.0.0.1:62445 - R:localhost/127.0.0.1:53242]' for 'POST' to 'http://localhost:53242/session/5a92510ad5ab85a456b62bec051e878f/element/3233d32f-2dfe-4730-97b1-b008aa4c7a24/click'
20:40:37.456 [Forwarding clickElement on session 5a92510ad5ab85a456b62bec051e878f to remote] DEBUG org.asynchttpclient.netty.request.NettyRequestSender - Using open Channel [id: 0xb78031d9, L:/127.0.0.1:62445 - R:localhost/127.0.0.1:53242] for POST '/session/5a92510ad5ab85a456b62bec051e878f/element/3233d32f-2dfe-4730-97b1-b008aa4c7a24/click'
20:40:37.720 [AsyncHttpClient-1-9] DEBUG org.asynchttpclient.netty.handler.HttpHandler - 

Request DefaultHttpRequest(decodeResult: success, version: HTTP/1.1)
POST /session/5a92510ad5ab85a456b62bec051e878f/element/3233d32f-2dfe-4730-97b1-b008aa4c7a24/click HTTP/1.1
User-Agent: selenium/4.1.2 (java windows)
Content-Length: 50
Content-Type: application/json; charset=utf-8
host: localhost:53242
accept: */*

Response DefaultHttpResponse(decodeResult: success, version: HTTP/1.1)
HTTP/1.1 200 OK
Content-Type: application/json; charset=utf-8
cache-control: no-cache
content-length: 14

20:40:37.720 [AsyncHttpClient-1-9] DEBUG org.asynchttpclient.netty.channel.ChannelManager - Adding key: http://localhost:53242 for channel [id: 0xb78031d9, L:/127.0.0.1:62445 - R:localhost/127.0.0.1:53242]
20:40:37.737 [Forwarding screenshot on session 5a92510ad5ab85a456b62bec051e878f to remote] DEBUG org.asynchttpclient.netty.request.NettyRequestSender - Using pooled Channel '[id: 0xb78031d9, L:/127.0.0.1:62445 - R:localhost/127.0.0.1:53242]' for 'GET' to 'http://localhost:53242/session/5a92510ad5ab85a456b62bec051e878f/screenshot'
20:40:37.737 [Forwarding screenshot on session 5a92510ad5ab85a456b62bec051e878f to remote] DEBUG org.asynchttpclient.netty.request.NettyRequestSender - Using open Channel [id: 0xb78031d9, L:/127.0.0.1:62445 - R:localhost/127.0.0.1:53242] for GET '/session/5a92510ad5ab85a456b62bec051e878f/screenshot'
20:40:37.991 [AsyncHttpClient-1-1] DEBUG org.asynchttpclient.netty.channel.DefaultChannelPool - Entry count for : http://localhost:62446 : 1
20:40:38.129 [AsyncHttpClient-1-9] DEBUG org.asynchttpclient.netty.handler.HttpHandler - 

Request DefaultFullHttpRequest(decodeResult: success, version: HTTP/1.1, content: EmptyByteBufBE)
GET /session/5a92510ad5ab85a456b62bec051e878f/screenshot HTTP/1.1
User-Agent: selenium/4.1.2 (java windows)
Cache-Control: no-cache
Content-Type: application/json; charset=utf-8
host: localhost:53242
accept: */*

Response DefaultHttpResponse(decodeResult: success, version: HTTP/1.1)
HTTP/1.1 200 OK
Content-Type: application/json; charset=utf-8
cache-control: no-cache
content-length: 401608

20:40:38.133 [AsyncHttpClient-1-9] DEBUG org.asynchttpclient.netty.channel.ChannelManager - Adding key: http://localhost:53242 for channel [id: 0xb78031d9, L:/127.0.0.1:62445 - R:localhost/127.0.0.1:53242]
20:40:38.164 [main] DEBUG net.serenitybdd.core.photography.Darkroom - Send negative for processing for target\site\serenity\af8f2b3ba0020cf2382c82cd61e553b2a5ba5f3fd1d5baead669940b404d196d.png
20:40:38.165 [main] DEBUG net.thucydides.core.steps.StepInterceptor - STEP DONE: clickButtonEditDataPasien
  &amp#27;[32mAnd &amp#27;[0m&amp#27;[32mClick button edit profil&amp#27;[0m                                                  &amp#27;[90m# starter.stepdefinitios.PatientDataSteps.clickButtonEditProfil()&amp#27;[0m
20:40:38.169 [Darkroom Processing Line] DEBUG net.serenitybdd.core.photography.DarkroomProcessingLine - Processing screenshot image in /var/screenshots/screenshot-7186264993858301179
20:40:38.169 [Darkroom Processing Line] DEBUG net.serenitybdd.core.photography.DarkroomProcessingLine - Saving screenshot to target\site\serenity\af8f2b3ba0020cf2382c82cd61e553b2a5ba5f3fd1d5baead669940b404d196d.png
20:40:38.733 [Forwarding screenshot on session 5a92510ad5ab85a456b62bec051e878f to remote] DEBUG org.asynchttpclient.netty.request.NettyRequestSender - Using pooled Channel '[id: 0xb78031d9, L:/127.0.0.1:62445 - R:localhost/127.0.0.1:53242]' for 'GET' to 'http://localhost:53242/session/5a92510ad5ab85a456b62bec051e878f/screenshot'
20:40:38.733 [Forwarding screenshot on session 5a92510ad5ab85a456b62bec051e878f to remote] DEBUG org.asynchttpclient.netty.request.NettyRequestSender - Using open Channel [id: 0xb78031d9, L:/127.0.0.1:62445 - R:localhost/127.0.0.1:53242] for GET '/session/5a92510ad5ab85a456b62bec051e878f/screenshot'
20:40:39.090 [AsyncHttpClient-1-1] DEBUG org.asynchttpclient.netty.channel.DefaultChannelPool - Entry count for : http://localhost:62446 : 1
20:40:39.124 [AsyncHttpClient-1-9] DEBUG org.asynchttpclient.netty.handler.HttpHandler - 

Request DefaultFullHttpRequest(decodeResult: success, version: HTTP/1.1, content: EmptyByteBufBE)
GET /session/5a92510ad5ab85a456b62bec051e878f/screenshot HTTP/1.1
User-Agent: selenium/4.1.2 (java windows)
Cache-Control: no-cache
Content-Type: application/json; charset=utf-8
host: localhost:53242
accept: */*

Response DefaultHttpResponse(decodeResult: success, version: HTTP/1.1)
HTTP/1.1 200 OK
Content-Type: application/json; charset=utf-8
cache-control: no-cache
content-length: 401608

20:40:39.126 [AsyncHttpClient-1-9] DEBUG org.asynchttpclient.netty.channel.ChannelManager - Adding key: http://localhost:53242 for channel [id: 0xb78031d9, L:/127.0.0.1:62445 - R:localhost/127.0.0.1:53242]
20:40:39.182 [main] DEBUG net.serenitybdd.core.photography.Darkroom - Send negative for processing for target\site\serenity\af8f2b3ba0020cf2382c82cd61e553b2a5ba5f3fd1d5baead669940b404d196d.png
20:40:39.183 [main] DEBUG net.thucydides.core.steps.StepInterceptor - STARTING STEP: PatientDataSteps.iInputEditPatient - inputDataPasienEdit
20:40:39.188 [Forwarding findElement on session 5a92510ad5ab85a456b62bec051e878f to remote] DEBUG org.asynchttpclient.netty.request.NettyRequestSender - Using pooled Channel '[id: 0xb78031d9, L:/127.0.0.1:62445 - R:localhost/127.0.0.1:53242]' for 'POST' to 'http://localhost:53242/session/5a92510ad5ab85a456b62bec051e878f/element'
20:40:39.188 [Forwarding findElement on session 5a92510ad5ab85a456b62bec051e878f to remote] DEBUG org.asynchttpclient.netty.request.NettyRequestSender - Using open Channel [id: 0xb78031d9, L:/127.0.0.1:62445 - R:localhost/127.0.0.1:53242] for POST '/session/5a92510ad5ab85a456b62bec051e878f/element'
20:40:39.226 [AsyncHttpClient-1-9] DEBUG org.asynchttpclient.netty.handler.HttpHandler - 

Request DefaultHttpRequest(decodeResult: success, version: HTTP/1.1)
POST /session/5a92510ad5ab85a456b62bec051e878f/element HTTP/1.1
User-Agent: selenium/4.1.2 (java windows)
Content-Length: 66
Content-Type: application/json; charset=utf-8
host: localhost:53242
accept: */*

Response DefaultHttpResponse(decodeResult: success, version: HTTP/1.1)
HTTP/1.1 200 OK
Content-Type: application/json; charset=utf-8
cache-control: no-cache
content-length: 88

20:40:39.226 [AsyncHttpClient-1-9] DEBUG org.asynchttpclient.netty.channel.ChannelManager - Adding key: http://localhost:53242 for channel [id: 0xb78031d9, L:/127.0.0.1:62445 - R:localhost/127.0.0.1:53242]
20:40:39.226 [Forwarding sendKeysToElement on session 5a92510ad5ab85a456b62bec051e878f to remote] DEBUG org.asynchttpclient.netty.request.NettyRequestSender - Using pooled Channel '[id: 0xb78031d9, L:/127.0.0.1:62445 - R:localhost/127.0.0.1:53242]' for 'POST' to 'http://localhost:53242/session/5a92510ad5ab85a456b62bec051e878f/element/d028b508-13b8-4d52-bf4a-5e889b3f0ffc/value'
20:40:39.226 [Forwarding sendKeysToElement on session 5a92510ad5ab85a456b62bec051e878f to remote] DEBUG org.asynchttpclient.netty.request.NettyRequestSender - Using open Channel [id: 0xb78031d9, L:/127.0.0.1:62445 - R:localhost/127.0.0.1:53242] for POST '/session/5a92510ad5ab85a456b62bec051e878f/element/d028b508-13b8-4d52-bf4a-5e889b3f0ffc/value'
20:40:40.050 [AsyncHttpClient-1-9] DEBUG org.asynchttpclient.netty.handler.HttpHandler - 

Request DefaultHttpRequest(decodeResult: success, version: HTTP/1.1)
POST /session/5a92510ad5ab85a456b62bec051e878f/element/d028b508-13b8-4d52-bf4a-5e889b3f0ffc/value HTTP/1.1
User-Agent: selenium/4.1.2 (java windows)
Content-Length: 169
Content-Type: application/json; charset=utf-8
host: localhost:53242
accept: */*

Response DefaultHttpResponse(decodeResult: success, version: HTTP/1.1)
HTTP/1.1 200 OK
Content-Type: application/json; charset=utf-8
cache-control: no-cache
content-length: 14

20:40:40.051 [AsyncHttpClient-1-9] DEBUG org.asynchttpclient.netty.channel.ChannelManager - Adding key: http://localhost:53242 for channel [id: 0xb78031d9, L:/127.0.0.1:62445 - R:localhost/127.0.0.1:53242]
20:40:40.060 [Forwarding findElement on session 5a92510ad5ab85a456b62bec051e878f to remote] DEBUG org.asynchttpclient.netty.request.NettyRequestSender - Using pooled Channel '[id: 0xb78031d9, L:/127.0.0.1:62445 - R:localhost/127.0.0.1:53242]' for 'POST' to 'http://localhost:53242/session/5a92510ad5ab85a456b62bec051e878f/element'
20:40:40.060 [Forwarding findElement on session 5a92510ad5ab85a456b62bec051e878f to remote] DEBUG org.asynchttpclient.netty.request.NettyRequestSender - Using open Channel [id: 0xb78031d9, L:/127.0.0.1:62445 - R:localhost/127.0.0.1:53242] for POST '/session/5a92510ad5ab85a456b62bec051e878f/element'
20:40:40.082 [AsyncHttpClient-1-9] DEBUG org.asynchttpclient.netty.handler.HttpHandler - 

Request DefaultHttpRequest(decodeResult: success, version: HTTP/1.1)
POST /session/5a92510ad5ab85a456b62bec051e878f/element HTTP/1.1
User-Agent: selenium/4.1.2 (java windows)
Content-Length: 66
Content-Type: application/json; charset=utf-8
host: localhost:53242
accept: */*

Response DefaultHttpResponse(decodeResult: success, version: HTTP/1.1)
HTTP/1.1 200 OK
Content-Type: application/json; charset=utf-8
cache-control: no-cache
content-length: 88

20:40:40.082 [AsyncHttpClient-1-9] DEBUG org.asynchttpclient.netty.channel.ChannelManager - Adding key: http://localhost:53242 for channel [id: 0xb78031d9, L:/127.0.0.1:62445 - R:localhost/127.0.0.1:53242]
20:40:40.085 [Forwarding sendKeysToElement on session 5a92510ad5ab85a456b62bec051e878f to remote] DEBUG org.asynchttpclient.netty.request.NettyRequestSender - Using pooled Channel '[id: 0xb78031d9, L:/127.0.0.1:62445 - R:localhost/127.0.0.1:53242]' for 'POST' to 'http://localhost:53242/session/5a92510ad5ab85a456b62bec051e878f/element/d028b508-13b8-4d52-bf4a-5e889b3f0ffc/value'
20:40:40.086 [Forwarding sendKeysToElement on session 5a92510ad5ab85a456b62bec051e878f to remote] DEBUG org.asynchttpclient.netty.request.NettyRequestSender - Using open Channel [id: 0xb78031d9, L:/127.0.0.1:62445 - R:localhost/127.0.0.1:53242] for POST '/session/5a92510ad5ab85a456b62bec051e878f/element/d028b508-13b8-4d52-bf4a-5e889b3f0ffc/value'
20:40:40.198 [AsyncHttpClient-1-1] DEBUG org.asynchttpclient.netty.channel.DefaultChannelPool - Entry count for : http://localhost:62446 : 1
20:40:40.380 [AsyncHttpClient-1-9] DEBUG org.asynchttpclient.netty.handler.HttpHandler - 

Request DefaultHttpRequest(decodeResult: success, version: HTTP/1.1)
POST /session/5a92510ad5ab85a456b62bec051e878f/element/d028b508-13b8-4d52-bf4a-5e889b3f0ffc/value HTTP/1.1
User-Agent: selenium/4.1.2 (java windows)
Content-Length: 131
Content-Type: application/json; charset=utf-8
host: localhost:53242
accept: */*

Response DefaultHttpResponse(decodeResult: success, version: HTTP/1.1)
HTTP/1.1 200 OK
Content-Type: application/json; charset=utf-8
cache-control: no-cache
content-length: 14

20:40:40.380 [AsyncHttpClient-1-9] DEBUG org.asynchttpclient.netty.channel.ChannelManager - Adding key: http://localhost:53242 for channel [id: 0xb78031d9, L:/127.0.0.1:62445 - R:localhost/127.0.0.1:53242]
20:40:40.388 [Forwarding findElement on session 5a92510ad5ab85a456b62bec051e878f to remote] DEBUG org.asynchttpclient.netty.request.NettyRequestSender - Using pooled Channel '[id: 0xb78031d9, L:/127.0.0.1:62445 - R:localhost/127.0.0.1:53242]' for 'POST' to 'http://localhost:53242/session/5a92510ad5ab85a456b62bec051e878f/element'
20:40:40.388 [Forwarding findElement on session 5a92510ad5ab85a456b62bec051e878f to remote] DEBUG org.asynchttpclient.netty.request.NettyRequestSender - Using open Channel [id: 0xb78031d9, L:/127.0.0.1:62445 - R:localhost/127.0.0.1:53242] for POST '/session/5a92510ad5ab85a456b62bec051e878f/element'
20:40:40.415 [AsyncHttpClient-1-9] DEBUG org.asynchttpclient.netty.handler.HttpHandler - 

Request DefaultHttpRequest(decodeResult: success, version: HTTP/1.1)
POST /session/5a92510ad5ab85a456b62bec051e878f/element HTTP/1.1
User-Agent: selenium/4.1.2 (java windows)
Content-Length: 65
Content-Type: application/json; charset=utf-8
host: localhost:53242
accept: */*

Response DefaultHttpResponse(decodeResult: success, version: HTTP/1.1)
HTTP/1.1 200 OK
Content-Type: application/json; charset=utf-8
cache-control: no-cache
content-length: 88

20:40:40.415 [AsyncHttpClient-1-9] DEBUG org.asynchttpclient.netty.channel.ChannelManager - Adding key: http://localhost:53242 for channel [id: 0xb78031d9, L:/127.0.0.1:62445 - R:localhost/127.0.0.1:53242]
20:40:40.415 [Forwarding sendKeysToElement on session 5a92510ad5ab85a456b62bec051e878f to remote] DEBUG org.asynchttpclient.netty.request.NettyRequestSender - Using pooled Channel '[id: 0xb78031d9, L:/127.0.0.1:62445 - R:localhost/127.0.0.1:53242]' for 'POST' to 'http://localhost:53242/session/5a92510ad5ab85a456b62bec051e878f/element/c2edad17-b75e-4adf-846a-5f3ea2458ce7/value'
20:40:40.415 [Forwarding sendKeysToElement on session 5a92510ad5ab85a456b62bec051e878f to remote] DEBUG org.asynchttpclient.netty.request.NettyRequestSender - Using open Channel [id: 0xb78031d9, L:/127.0.0.1:62445 - R:localhost/127.0.0.1:53242] for POST '/session/5a92510ad5ab85a456b62bec051e878f/element/c2edad17-b75e-4adf-846a-5f3ea2458ce7/value'
20:40:41.036 [AsyncHttpClient-1-9] DEBUG org.asynchttpclient.netty.handler.HttpHandler - 

Request DefaultHttpRequest(decodeResult: success, version: HTTP/1.1)
POST /session/5a92510ad5ab85a456b62bec051e878f/element/c2edad17-b75e-4adf-846a-5f3ea2458ce7/value HTTP/1.1
User-Agent: selenium/4.1.2 (java windows)
Content-Length: 219
Content-Type: application/json; charset=utf-8
host: localhost:53242
accept: */*

Response DefaultHttpResponse(decodeResult: success, version: HTTP/1.1)
HTTP/1.1 200 OK
Content-Type: application/json; charset=utf-8
cache-control: no-cache
content-length: 14

20:40:41.036 [AsyncHttpClient-1-9] DEBUG org.asynchttpclient.netty.channel.ChannelManager - Adding key: http://localhost:53242 for channel [id: 0xb78031d9, L:/127.0.0.1:62445 - R:localhost/127.0.0.1:53242]
20:40:41.045 [Forwarding findElement on session 5a92510ad5ab85a456b62bec051e878f to remote] DEBUG org.asynchttpclient.netty.request.NettyRequestSender - Using pooled Channel '[id: 0xb78031d9, L:/127.0.0.1:62445 - R:localhost/127.0.0.1:53242]' for 'POST' to 'http://localhost:53242/session/5a92510ad5ab85a456b62bec051e878f/element'
20:40:41.045 [Forwarding findElement on session 5a92510ad5ab85a456b62bec051e878f to remote] DEBUG org.asynchttpclient.netty.request.NettyRequestSender - Using open Channel [id: 0xb78031d9, L:/127.0.0.1:62445 - R:localhost/127.0.0.1:53242] for POST '/session/5a92510ad5ab85a456b62bec051e878f/element'
20:40:41.065 [AsyncHttpClient-1-9] DEBUG org.asynchttpclient.netty.handler.HttpHandler - 

Request DefaultHttpRequest(decodeResult: success, version: HTTP/1.1)
POST /session/5a92510ad5ab85a456b62bec051e878f/element HTTP/1.1
User-Agent: selenium/4.1.2 (java windows)
Content-Length: 65
Content-Type: application/json; charset=utf-8
host: localhost:53242
accept: */*

Response DefaultHttpResponse(decodeResult: success, version: HTTP/1.1)
HTTP/1.1 200 OK
Content-Type: application/json; charset=utf-8
cache-control: no-cache
content-length: 88

20:40:41.065 [AsyncHttpClient-1-9] DEBUG org.asynchttpclient.netty.channel.ChannelManager - Adding key: http://localhost:53242 for channel [id: 0xb78031d9, L:/127.0.0.1:62445 - R:localhost/127.0.0.1:53242]
20:40:41.067 [Forwarding sendKeysToElement on session 5a92510ad5ab85a456b62bec051e878f to remote] DEBUG org.asynchttpclient.netty.request.NettyRequestSender - Using pooled Channel '[id: 0xb78031d9, L:/127.0.0.1:62445 - R:localhost/127.0.0.1:53242]' for 'POST' to 'http://localhost:53242/session/5a92510ad5ab85a456b62bec051e878f/element/c2edad17-b75e-4adf-846a-5f3ea2458ce7/value'
20:40:41.068 [Forwarding sendKeysToElement on session 5a92510ad5ab85a456b62bec051e878f to remote] DEBUG org.asynchttpclient.netty.request.NettyRequestSender - Using open Channel [id: 0xb78031d9, L:/127.0.0.1:62445 - R:localhost/127.0.0.1:53242] for POST '/session/5a92510ad5ab85a456b62bec051e878f/element/c2edad17-b75e-4adf-846a-5f3ea2458ce7/value'
20:40:41.301 [AsyncHttpClient-1-1] DEBUG org.asynchttpclient.netty.channel.DefaultChannelPool - Entry count for : http://localhost:62446 : 1
20:40:41.543 [AsyncHttpClient-1-9] DEBUG org.asynchttpclient.netty.handler.HttpHandler - 

Request DefaultHttpRequest(decodeResult: success, version: HTTP/1.1)
POST /session/5a92510ad5ab85a456b62bec051e878f/element/c2edad17-b75e-4adf-846a-5f3ea2458ce7/value HTTP/1.1
User-Agent: selenium/4.1.2 (java windows)
Content-Length: 181
Content-Type: application/json; charset=utf-8
host: localhost:53242
accept: */*

Response DefaultHttpResponse(decodeResult: success, version: HTTP/1.1)
HTTP/1.1 200 OK
Content-Type: application/json; charset=utf-8
cache-control: no-cache
content-length: 14

20:40:41.543 [AsyncHttpClient-1-9] DEBUG org.asynchttpclient.netty.channel.ChannelManager - Adding key: http://localhost:53242 for channel [id: 0xb78031d9, L:/127.0.0.1:62445 - R:localhost/127.0.0.1:53242]
20:40:41.548 [Forwarding findElement on session 5a92510ad5ab85a456b62bec051e878f to remote] DEBUG org.asynchttpclient.netty.request.NettyRequestSender - Using pooled Channel '[id: 0xb78031d9, L:/127.0.0.1:62445 - R:localhost/127.0.0.1:53242]' for 'POST' to 'http://localhost:53242/session/5a92510ad5ab85a456b62bec051e878f/element'
20:40:41.548 [Forwarding findElement on session 5a92510ad5ab85a456b62bec051e878f to remote] DEBUG org.asynchttpclient.netty.request.NettyRequestSender - Using open Channel [id: 0xb78031d9, L:/127.0.0.1:62445 - R:localhost/127.0.0.1:53242] for POST '/session/5a92510ad5ab85a456b62bec051e878f/element'
20:40:41.585 [AsyncHttpClient-1-9] DEBUG org.asynchttpclient.netty.handler.HttpHandler - 

Request DefaultHttpRequest(decodeResult: success, version: HTTP/1.1)
POST /session/5a92510ad5ab85a456b62bec051e878f/element HTTP/1.1
User-Agent: selenium/4.1.2 (java windows)
Content-Length: 66
Content-Type: application/json; charset=utf-8
host: localhost:53242
accept: */*

Response DefaultHttpResponse(decodeResult: success, version: HTTP/1.1)
HTTP/1.1 200 OK
Content-Type: application/json; charset=utf-8
cache-control: no-cache
content-length: 88

20:40:41.586 [AsyncHttpClient-1-9] DEBUG org.asynchttpclient.netty.channel.ChannelManager - Adding key: http://localhost:53242 for channel [id: 0xb78031d9, L:/127.0.0.1:62445 - R:localhost/127.0.0.1:53242]
20:40:41.590 [Forwarding sendKeysToElement on session 5a92510ad5ab85a456b62bec051e878f to remote] DEBUG org.asynchttpclient.netty.request.NettyRequestSender - Using pooled Channel '[id: 0xb78031d9, L:/127.0.0.1:62445 - R:localhost/127.0.0.1:53242]' for 'POST' to 'http://localhost:53242/session/5a92510ad5ab85a456b62bec051e878f/element/4225f09d-2eff-45a5-8282-fad939913ff7/value'
20:40:41.590 [Forwarding sendKeysToElement on session 5a92510ad5ab85a456b62bec051e878f to remote] DEBUG org.asynchttpclient.netty.request.NettyRequestSender - Using open Channel [id: 0xb78031d9, L:/127.0.0.1:62445 - R:localhost/127.0.0.1:53242] for POST '/session/5a92510ad5ab85a456b62bec051e878f/element/4225f09d-2eff-45a5-8282-fad939913ff7/value'
20:40:42.396 [AsyncHttpClient-1-1] DEBUG org.asynchttpclient.netty.channel.DefaultChannelPool - Entry count for : http://localhost:62446 : 1
20:40:42.472 [AsyncHttpClient-1-9] DEBUG org.asynchttpclient.netty.handler.HttpHandler - 

Request DefaultHttpRequest(decodeResult: success, version: HTTP/1.1)
POST /session/5a92510ad5ab85a456b62bec051e878f/element/4225f09d-2eff-45a5-8282-fad939913ff7/value HTTP/1.1
User-Agent: selenium/4.1.2 (java windows)
Content-Length: 229
Content-Type: application/json; charset=utf-8
host: localhost:53242
accept: */*

Response DefaultHttpResponse(decodeResult: success, version: HTTP/1.1)
HTTP/1.1 200 OK
Content-Type: application/json; charset=utf-8
cache-control: no-cache
content-length: 14

20:40:42.473 [AsyncHttpClient-1-9] DEBUG org.asynchttpclient.netty.channel.ChannelManager - Adding key: http://localhost:53242 for channel [id: 0xb78031d9, L:/127.0.0.1:62445 - R:localhost/127.0.0.1:53242]
20:40:42.481 [Forwarding findElement on session 5a92510ad5ab85a456b62bec051e878f to remote] DEBUG org.asynchttpclient.netty.request.NettyRequestSender - Using pooled Channel '[id: 0xb78031d9, L:/127.0.0.1:62445 - R:localhost/127.0.0.1:53242]' for 'POST' to 'http://localhost:53242/session/5a92510ad5ab85a456b62bec051e878f/element'
20:40:42.481 [Forwarding findElement on session 5a92510ad5ab85a456b62bec051e878f to remote] DEBUG org.asynchttpclient.netty.request.NettyRequestSender - Using open Channel [id: 0xb78031d9, L:/127.0.0.1:62445 - R:localhost/127.0.0.1:53242] for POST '/session/5a92510ad5ab85a456b62bec051e878f/element'
20:40:42.516 [AsyncHttpClient-1-9] DEBUG org.asynchttpclient.netty.handler.HttpHandler - 

Request DefaultHttpRequest(decodeResult: success, version: HTTP/1.1)
POST /session/5a92510ad5ab85a456b62bec051e878f/element HTTP/1.1
User-Agent: selenium/4.1.2 (java windows)
Content-Length: 66
Content-Type: application/json; charset=utf-8
host: localhost:53242
accept: */*

Response DefaultHttpResponse(decodeResult: success, version: HTTP/1.1)
HTTP/1.1 200 OK
Content-Type: application/json; charset=utf-8
cache-control: no-cache
content-length: 88

20:40:42.516 [AsyncHttpClient-1-9] DEBUG org.asynchttpclient.netty.channel.ChannelManager - Adding key: http://localhost:53242 for channel [id: 0xb78031d9, L:/127.0.0.1:62445 - R:localhost/127.0.0.1:53242]
20:40:42.519 [Forwarding sendKeysToElement on session 5a92510ad5ab85a456b62bec051e878f to remote] DEBUG org.asynchttpclient.netty.request.NettyRequestSender - Using pooled Channel '[id: 0xb78031d9, L:/127.0.0.1:62445 - R:localhost/127.0.0.1:53242]' for 'POST' to 'http://localhost:53242/session/5a92510ad5ab85a456b62bec051e878f/element/4225f09d-2eff-45a5-8282-fad939913ff7/value'
20:40:42.519 [Forwarding sendKeysToElement on session 5a92510ad5ab85a456b62bec051e878f to remote] DEBUG org.asynchttpclient.netty.request.NettyRequestSender - Using open Channel [id: 0xb78031d9, L:/127.0.0.1:62445 - R:localhost/127.0.0.1:53242] for POST '/session/5a92510ad5ab85a456b62bec051e878f/element/4225f09d-2eff-45a5-8282-fad939913ff7/value'
20:40:42.952 [AsyncHttpClient-1-9] DEBUG org.asynchttpclient.netty.handler.HttpHandler - 

Request DefaultHttpRequest(decodeResult: success, version: HTTP/1.1)
POST /session/5a92510ad5ab85a456b62bec051e878f/element/4225f09d-2eff-45a5-8282-fad939913ff7/value HTTP/1.1
User-Agent: selenium/4.1.2 (java windows)
Content-Length: 191
Content-Type: application/json; charset=utf-8
host: localhost:53242
accept: */*

Response DefaultHttpResponse(decodeResult: success, version: HTTP/1.1)
HTTP/1.1 200 OK
Content-Type: application/json; charset=utf-8
cache-control: no-cache
content-length: 14

20:40:42.952 [AsyncHttpClient-1-9] DEBUG org.asynchttpclient.netty.channel.ChannelManager - Adding key: http://localhost:53242 for channel [id: 0xb78031d9, L:/127.0.0.1:62445 - R:localhost/127.0.0.1:53242]
20:40:42.956 [Forwarding findElement on session 5a92510ad5ab85a456b62bec051e878f to remote] DEBUG org.asynchttpclient.netty.request.NettyRequestSender - Using pooled Channel '[id: 0xb78031d9, L:/127.0.0.1:62445 - R:localhost/127.0.0.1:53242]' for 'POST' to 'http://localhost:53242/session/5a92510ad5ab85a456b62bec051e878f/element'
20:40:42.956 [Forwarding findElement on session 5a92510ad5ab85a456b62bec051e878f to remote] DEBUG org.asynchttpclient.netty.request.NettyRequestSender - Using open Channel [id: 0xb78031d9, L:/127.0.0.1:62445 - R:localhost/127.0.0.1:53242] for POST '/session/5a92510ad5ab85a456b62bec051e878f/element'
20:40:42.994 [AsyncHttpClient-1-9] DEBUG org.asynchttpclient.netty.handler.HttpHandler - 

Request DefaultHttpRequest(decodeResult: success, version: HTTP/1.1)
POST /session/5a92510ad5ab85a456b62bec051e878f/element HTTP/1.1
User-Agent: selenium/4.1.2 (java windows)
Content-Length: 68
Content-Type: application/json; charset=utf-8
host: localhost:53242
accept: */*

Response DefaultHttpResponse(decodeResult: success, version: HTTP/1.1)
HTTP/1.1 200 OK
Content-Type: application/json; charset=utf-8
cache-control: no-cache
content-length: 88

20:40:42.994 [AsyncHttpClient-1-9] DEBUG org.asynchttpclient.netty.channel.ChannelManager - Adding key: http://localhost:53242 for channel [id: 0xb78031d9, L:/127.0.0.1:62445 - R:localhost/127.0.0.1:53242]
20:40:42.997 [Forwarding sendKeysToElement on session 5a92510ad5ab85a456b62bec051e878f to remote] DEBUG org.asynchttpclient.netty.request.NettyRequestSender - Using pooled Channel '[id: 0xb78031d9, L:/127.0.0.1:62445 - R:localhost/127.0.0.1:53242]' for 'POST' to 'http://localhost:53242/session/5a92510ad5ab85a456b62bec051e878f/element/4bc56beb-8e12-4622-8547-854a16d6e39b/value'
20:40:42.997 [Forwarding sendKeysToElement on session 5a92510ad5ab85a456b62bec051e878f to remote] DEBUG org.asynchttpclient.netty.request.NettyRequestSender - Using open Channel [id: 0xb78031d9, L:/127.0.0.1:62445 - R:localhost/127.0.0.1:53242] for POST '/session/5a92510ad5ab85a456b62bec051e878f/element/4bc56beb-8e12-4622-8547-854a16d6e39b/value'
20:40:43.471 [AsyncHttpClient-1-9] DEBUG org.asynchttpclient.netty.handler.HttpHandler - 

Request DefaultHttpRequest(decodeResult: success, version: HTTP/1.1)
POST /session/5a92510ad5ab85a456b62bec051e878f/element/4bc56beb-8e12-4622-8547-854a16d6e39b/value HTTP/1.1
User-Agent: selenium/4.1.2 (java windows)
Content-Length: 209
Content-Type: application/json; charset=utf-8
host: localhost:53242
accept: */*

Response DefaultHttpResponse(decodeResult: success, version: HTTP/1.1)
HTTP/1.1 200 OK
Content-Type: application/json; charset=utf-8
cache-control: no-cache
content-length: 14

20:40:43.471 [AsyncHttpClient-1-9] DEBUG org.asynchttpclient.netty.channel.ChannelManager - Adding key: http://localhost:53242 for channel [id: 0xb78031d9, L:/127.0.0.1:62445 - R:localhost/127.0.0.1:53242]
20:40:43.479 [Forwarding findElement on session 5a92510ad5ab85a456b62bec051e878f to remote] DEBUG org.asynchttpclient.netty.request.NettyRequestSender - Using pooled Channel '[id: 0xb78031d9, L:/127.0.0.1:62445 - R:localhost/127.0.0.1:53242]' for 'POST' to 'http://localhost:53242/session/5a92510ad5ab85a456b62bec051e878f/element'
20:40:43.479 [Forwarding findElement on session 5a92510ad5ab85a456b62bec051e878f to remote] DEBUG org.asynchttpclient.netty.request.NettyRequestSender - Using open Channel [id: 0xb78031d9, L:/127.0.0.1:62445 - R:localhost/127.0.0.1:53242] for POST '/session/5a92510ad5ab85a456b62bec051e878f/element'
20:40:43.493 [AsyncHttpClient-1-1] DEBUG org.asynchttpclient.netty.channel.DefaultChannelPool - Entry count for : http://localhost:62446 : 1
20:40:43.499 [AsyncHttpClient-1-9] DEBUG org.asynchttpclient.netty.handler.HttpHandler - 

Request DefaultHttpRequest(decodeResult: success, version: HTTP/1.1)
POST /session/5a92510ad5ab85a456b62bec051e878f/element HTTP/1.1
User-Agent: selenium/4.1.2 (java windows)
Content-Length: 68
Content-Type: application/json; charset=utf-8
host: localhost:53242
accept: */*

Response DefaultHttpResponse(decodeResult: success, version: HTTP/1.1)
HTTP/1.1 200 OK
Content-Type: application/json; charset=utf-8
cache-control: no-cache
content-length: 88

20:40:43.499 [AsyncHttpClient-1-9] DEBUG org.asynchttpclient.netty.channel.ChannelManager - Adding key: http://localhost:53242 for channel [id: 0xb78031d9, L:/127.0.0.1:62445 - R:localhost/127.0.0.1:53242]
20:40:43.503 [Forwarding sendKeysToElement on session 5a92510ad5ab85a456b62bec051e878f to remote] DEBUG org.asynchttpclient.netty.request.NettyRequestSender - Using pooled Channel '[id: 0xb78031d9, L:/127.0.0.1:62445 - R:localhost/127.0.0.1:53242]' for 'POST' to 'http://localhost:53242/session/5a92510ad5ab85a456b62bec051e878f/element/4bc56beb-8e12-4622-8547-854a16d6e39b/value'
20:40:43.503 [Forwarding sendKeysToElement on session 5a92510ad5ab85a456b62bec051e878f to remote] DEBUG org.asynchttpclient.netty.request.NettyRequestSender - Using open Channel [id: 0xb78031d9, L:/127.0.0.1:62445 - R:localhost/127.0.0.1:53242] for POST '/session/5a92510ad5ab85a456b62bec051e878f/element/4bc56beb-8e12-4622-8547-854a16d6e39b/value'
20:40:43.856 [AsyncHttpClient-1-9] DEBUG org.asynchttpclient.netty.handler.HttpHandler - 

Request DefaultHttpRequest(decodeResult: success, version: HTTP/1.1)
POST /session/5a92510ad5ab85a456b62bec051e878f/element/4bc56beb-8e12-4622-8547-854a16d6e39b/value HTTP/1.1
User-Agent: selenium/4.1.2 (java windows)
Content-Length: 171
Content-Type: application/json; charset=utf-8
host: localhost:53242
accept: */*

Response DefaultHttpResponse(decodeResult: success, version: HTTP/1.1)
HTTP/1.1 200 OK
Content-Type: application/json; charset=utf-8
cache-control: no-cache
content-length: 14

20:40:43.856 [AsyncHttpClient-1-9] DEBUG org.asynchttpclient.netty.channel.ChannelManager - Adding key: http://localhost:53242 for channel [id: 0xb78031d9, L:/127.0.0.1:62445 - R:localhost/127.0.0.1:53242]
20:40:43.865 [Forwarding findElement on session 5a92510ad5ab85a456b62bec051e878f to remote] DEBUG org.asynchttpclient.netty.request.NettyRequestSender - Using pooled Channel '[id: 0xb78031d9, L:/127.0.0.1:62445 - R:localhost/127.0.0.1:53242]' for 'POST' to 'http://localhost:53242/session/5a92510ad5ab85a456b62bec051e878f/element'
20:40:43.865 [Forwarding findElement on session 5a92510ad5ab85a456b62bec051e878f to remote] DEBUG org.asynchttpclient.netty.request.NettyRequestSender - Using open Channel [id: 0xb78031d9, L:/127.0.0.1:62445 - R:localhost/127.0.0.1:53242] for POST '/session/5a92510ad5ab85a456b62bec051e878f/element'
20:40:43.892 [AsyncHttpClient-1-9] DEBUG org.asynchttpclient.netty.handler.HttpHandler - 

Request DefaultHttpRequest(decodeResult: success, version: HTTP/1.1)
POST /session/5a92510ad5ab85a456b62bec051e878f/element HTTP/1.1
User-Agent: selenium/4.1.2 (java windows)
Content-Length: 66
Content-Type: application/json; charset=utf-8
host: localhost:53242
accept: */*

Response DefaultHttpResponse(decodeResult: success, version: HTTP/1.1)
HTTP/1.1 200 OK
Content-Type: application/json; charset=utf-8
cache-control: no-cache
content-length: 88

20:40:43.892 [AsyncHttpClient-1-9] DEBUG org.asynchttpclient.netty.channel.ChannelManager - Adding key: http://localhost:53242 for channel [id: 0xb78031d9, L:/127.0.0.1:62445 - R:localhost/127.0.0.1:53242]
20:40:43.893 [Forwarding sendKeysToElement on session 5a92510ad5ab85a456b62bec051e878f to remote] DEBUG org.asynchttpclient.netty.request.NettyRequestSender - Using pooled Channel '[id: 0xb78031d9, L:/127.0.0.1:62445 - R:localhost/127.0.0.1:53242]' for 'POST' to 'http://localhost:53242/session/5a92510ad5ab85a456b62bec051e878f/element/3762adbf-0949-4b07-a0d1-aa0b2722ad15/value'
20:40:43.893 [Forwarding sendKeysToElement on session 5a92510ad5ab85a456b62bec051e878f to remote] DEBUG org.asynchttpclient.netty.request.NettyRequestSender - Using open Channel [id: 0xb78031d9, L:/127.0.0.1:62445 - R:localhost/127.0.0.1:53242] for POST '/session/5a92510ad5ab85a456b62bec051e878f/element/3762adbf-0949-4b07-a0d1-aa0b2722ad15/value'
20:40:44.102 [AsyncHttpClient-1-9] DEBUG org.asynchttpclient.netty.handler.HttpHandler - 

Request DefaultHttpRequest(decodeResult: success, version: HTTP/1.1)
POST /session/5a92510ad5ab85a456b62bec051e878f/element/3762adbf-0949-4b07-a0d1-aa0b2722ad15/value HTTP/1.1
User-Agent: selenium/4.1.2 (java windows)
Content-Length: 139
Content-Type: application/json; charset=utf-8
host: localhost:53242
accept: */*

Response DefaultHttpResponse(decodeResult: success, version: HTTP/1.1)
HTTP/1.1 200 OK
Content-Type: application/json; charset=utf-8
cache-control: no-cache
content-length: 14

20:40:44.102 [AsyncHttpClient-1-9] DEBUG org.asynchttpclient.netty.channel.ChannelManager - Adding key: http://localhost:53242 for channel [id: 0xb78031d9, L:/127.0.0.1:62445 - R:localhost/127.0.0.1:53242]
20:40:44.107 [Forwarding findElement on session 5a92510ad5ab85a456b62bec051e878f to remote] DEBUG org.asynchttpclient.netty.request.NettyRequestSender - Using pooled Channel '[id: 0xb78031d9, L:/127.0.0.1:62445 - R:localhost/127.0.0.1:53242]' for 'POST' to 'http://localhost:53242/session/5a92510ad5ab85a456b62bec051e878f/element'
20:40:44.107 [Forwarding findElement on session 5a92510ad5ab85a456b62bec051e878f to remote] DEBUG org.asynchttpclient.netty.request.NettyRequestSender - Using open Channel [id: 0xb78031d9, L:/127.0.0.1:62445 - R:localhost/127.0.0.1:53242] for POST '/session/5a92510ad5ab85a456b62bec051e878f/element'
20:40:44.316 [AsyncHttpClient-1-9] DEBUG org.asynchttpclient.netty.handler.HttpHandler - 

Request DefaultHttpRequest(decodeResult: success, version: HTTP/1.1)
POST /session/5a92510ad5ab85a456b62bec051e878f/element HTTP/1.1
User-Agent: selenium/4.1.2 (java windows)
Content-Length: 66
Content-Type: application/json; charset=utf-8
host: localhost:53242
accept: */*

Response DefaultHttpResponse(decodeResult: success, version: HTTP/1.1)
HTTP/1.1 200 OK
Content-Type: application/json; charset=utf-8
cache-control: no-cache
content-length: 88

20:40:44.318 [AsyncHttpClient-1-9] DEBUG org.asynchttpclient.netty.channel.ChannelManager - Adding key: http://localhost:53242 for channel [id: 0xb78031d9, L:/127.0.0.1:62445 - R:localhost/127.0.0.1:53242]
20:40:44.321 [Forwarding sendKeysToElement on session 5a92510ad5ab85a456b62bec051e878f to remote] DEBUG org.asynchttpclient.netty.request.NettyRequestSender - Using pooled Channel '[id: 0xb78031d9, L:/127.0.0.1:62445 - R:localhost/127.0.0.1:53242]' for 'POST' to 'http://localhost:53242/session/5a92510ad5ab85a456b62bec051e878f/element/3762adbf-0949-4b07-a0d1-aa0b2722ad15/value'
20:40:44.321 [Forwarding sendKeysToElement on session 5a92510ad5ab85a456b62bec051e878f to remote] DEBUG org.asynchttpclient.netty.request.NettyRequestSender - Using open Channel [id: 0xb78031d9, L:/127.0.0.1:62445 - R:localhost/127.0.0.1:53242] for POST '/session/5a92510ad5ab85a456b62bec051e878f/element/3762adbf-0949-4b07-a0d1-aa0b2722ad15/value'
20:40:44.603 [AsyncHttpClient-1-1] DEBUG org.asynchttpclient.netty.channel.DefaultChannelPool - Entry count for : http://localhost:62446 : 1
20:40:44.769 [AsyncHttpClient-1-9] DEBUG org.asynchttpclient.netty.handler.HttpHandler - 

Request DefaultHttpRequest(decodeResult: success, version: HTTP/1.1)
POST /session/5a92510ad5ab85a456b62bec051e878f/element/3762adbf-0949-4b07-a0d1-aa0b2722ad15/value HTTP/1.1
User-Agent: selenium/4.1.2 (java windows)
Content-Length: 101
Content-Type: application/json; charset=utf-8
host: localhost:53242
accept: */*

Response DefaultHttpResponse(decodeResult: success, version: HTTP/1.1)
HTTP/1.1 200 OK
Content-Type: application/json; charset=utf-8
cache-control: no-cache
content-length: 14

20:40:44.769 [AsyncHttpClient-1-9] DEBUG org.asynchttpclient.netty.channel.ChannelManager - Adding key: http://localhost:53242 for channel [id: 0xb78031d9, L:/127.0.0.1:62445 - R:localhost/127.0.0.1:53242]
20:40:44.788 [Forwarding screenshot on session 5a92510ad5ab85a456b62bec051e878f to remote] DEBUG org.asynchttpclient.netty.request.NettyRequestSender - Using pooled Channel '[id: 0xb78031d9, L:/127.0.0.1:62445 - R:localhost/127.0.0.1:53242]' for 'GET' to 'http://localhost:53242/session/5a92510ad5ab85a456b62bec051e878f/screenshot'
20:40:44.788 [Forwarding screenshot on session 5a92510ad5ab85a456b62bec051e878f to remote] DEBUG org.asynchttpclient.netty.request.NettyRequestSender - Using open Channel [id: 0xb78031d9, L:/127.0.0.1:62445 - R:localhost/127.0.0.1:53242] for GET '/session/5a92510ad5ab85a456b62bec051e878f/screenshot'
20:40:45.349 [AsyncHttpClient-1-9] DEBUG org.asynchttpclient.netty.handler.HttpHandler - 

Request DefaultFullHttpRequest(decodeResult: success, version: HTTP/1.1, content: EmptyByteBufBE)
GET /session/5a92510ad5ab85a456b62bec051e878f/screenshot HTTP/1.1
User-Agent: selenium/4.1.2 (java windows)
Cache-Control: no-cache
Content-Type: application/json; charset=utf-8
host: localhost:53242
accept: */*

Response DefaultHttpResponse(decodeResult: success, version: HTTP/1.1)
HTTP/1.1 200 OK
Content-Type: application/json; charset=utf-8
cache-control: no-cache
content-length: 405660

20:40:45.351 [AsyncHttpClient-1-9] DEBUG org.asynchttpclient.netty.channel.ChannelManager - Adding key: http://localhost:53242 for channel [id: 0xb78031d9, L:/127.0.0.1:62445 - R:localhost/127.0.0.1:53242]
20:40:45.383 [main] DEBUG net.serenitybdd.core.photography.Darkroom - Send negative for processing for target\site\serenity\ad0eac7e0b878fcee20219cfcfe12acd3c0b82a6961411c504c91e6c2c32cbc9.png
20:40:45.383 [main] DEBUG net.thucydides.core.steps.StepInterceptor - STEP DONE: inputDataPasienEdit
  &amp#27;[32mThen &amp#27;[0m&amp#27;[32mI input edit &amp#27;[0m&amp#27;[32m&amp#27;[1m"Bagas"&amp#27;[0m&amp#27;[32m &amp#27;[0m&amp#27;[32m&amp#27;[1m"1234479680"&amp#27;[0m&amp#27;[32m &amp#27;[0m&amp#27;[32m&amp#27;[1m"20"&amp#27;[0m&amp#27;[32m &amp#27;[0m&amp#27;[32m&amp#27;[1m"01294657612"&amp#27;[0m&amp#27;[32m &amp#27;[0m&amp#27;[32m&amp#27;[1m"970194371"&amp#27;[0m&amp#27;[32m patient&amp#27;[0m &amp#27;[90m# starter.stepdefinitios.PatientDataSteps.iInputEditPatient(java.lang.String,java.lang.String,java.lang.String,java.lang.String,java.lang.String)&amp#27;[0m
20:40:45.384 [Darkroom Processing Line] DEBUG net.serenitybdd.core.photography.DarkroomProcessingLine - Processing screenshot image in /var/screenshots/screenshot-1025982188804564264
20:40:45.384 [Darkroom Processing Line] DEBUG net.serenitybdd.core.photography.DarkroomProcessingLine - Saving screenshot to target\site\serenity\ad0eac7e0b878fcee20219cfcfe12acd3c0b82a6961411c504c91e6c2c32cbc9.png
20:40:45.462 [Forwarding screenshot on session 5a92510ad5ab85a456b62bec051e878f to remote] DEBUG org.asynchttpclient.netty.request.NettyRequestSender - Using pooled Channel '[id: 0xb78031d9, L:/127.0.0.1:62445 - R:localhost/127.0.0.1:53242]' for 'GET' to 'http://localhost:53242/session/5a92510ad5ab85a456b62bec051e878f/screenshot'
20:40:45.463 [Forwarding screenshot on session 5a92510ad5ab85a456b62bec051e878f to remote] DEBUG org.asynchttpclient.netty.request.NettyRequestSender - Using open Channel [id: 0xb78031d9, L:/127.0.0.1:62445 - R:localhost/127.0.0.1:53242] for GET '/session/5a92510ad5ab85a456b62bec051e878f/screenshot'
20:40:45.706 [AsyncHttpClient-1-1] DEBUG org.asynchttpclient.netty.channel.DefaultChannelPool - Entry count for : http://localhost:62446 : 1
20:40:46.141 [AsyncHttpClient-1-9] DEBUG org.asynchttpclient.netty.handler.HttpHandler - 

Request DefaultFullHttpRequest(decodeResult: success, version: HTTP/1.1, content: EmptyByteBufBE)
GET /session/5a92510ad5ab85a456b62bec051e878f/screenshot HTTP/1.1
User-Agent: selenium/4.1.2 (java windows)
Cache-Control: no-cache
Content-Type: application/json; charset=utf-8
host: localhost:53242
accept: */*

Response DefaultHttpResponse(decodeResult: success, version: HTTP/1.1)
HTTP/1.1 200 OK
Content-Type: application/json; charset=utf-8
cache-control: no-cache
content-length: 405636

20:40:46.143 [AsyncHttpClient-1-9] DEBUG org.asynchttpclient.netty.channel.ChannelManager - Adding key: http://localhost:53242 for channel [id: 0xb78031d9, L:/127.0.0.1:62445 - R:localhost/127.0.0.1:53242]
20:40:46.180 [main] DEBUG net.serenitybdd.core.photography.Darkroom - Send negative for processing for target\site\serenity\501613eb475553f36fb1845c61e5a94877eccef5ee8e048d7e1f64cb79536066.png
20:40:46.182 [main] DEBUG net.thucydides.core.steps.StepInterceptor - STARTING STEP: PatientDataSteps.iClickButtonJenisKelamin - clickLaki
20:40:46.213 [Darkroom Processing Line] DEBUG net.serenitybdd.core.photography.DarkroomProcessingLine - Processing screenshot image in /var/screenshots/screenshot-13994171634394720198
20:40:46.213 [Darkroom Processing Line] DEBUG net.serenitybdd.core.photography.DarkroomProcessingLine - Saving screenshot to target\site\serenity\501613eb475553f36fb1845c61e5a94877eccef5ee8e048d7e1f64cb79536066.png
20:40:46.220 [Forwarding findElement on session 5a92510ad5ab85a456b62bec051e878f to remote] DEBUG org.asynchttpclient.netty.request.NettyRequestSender - Using pooled Channel '[id: 0xb78031d9, L:/127.0.0.1:62445 - R:localhost/127.0.0.1:53242]' for 'POST' to 'http://localhost:53242/session/5a92510ad5ab85a456b62bec051e878f/element'
20:40:46.221 [Forwarding findElement on session 5a92510ad5ab85a456b62bec051e878f to remote] DEBUG org.asynchttpclient.netty.request.NettyRequestSender - Using open Channel [id: 0xb78031d9, L:/127.0.0.1:62445 - R:localhost/127.0.0.1:53242] for POST '/session/5a92510ad5ab85a456b62bec051e878f/element'
20:40:46.434 [AsyncHttpClient-1-9] DEBUG org.asynchttpclient.netty.handler.HttpHandler - 

Request DefaultHttpRequest(decodeResult: success, version: HTTP/1.1)
POST /session/5a92510ad5ab85a456b62bec051e878f/element HTTP/1.1
User-Agent: selenium/4.1.2 (java windows)
Content-Length: 179
Content-Type: application/json; charset=utf-8
host: localhost:53242
accept: */*

Response DefaultHttpResponse(decodeResult: success, version: HTTP/1.1)
HTTP/1.1 200 OK
Content-Type: application/json; charset=utf-8
cache-control: no-cache
content-length: 88

20:40:46.434 [AsyncHttpClient-1-9] DEBUG org.asynchttpclient.netty.channel.ChannelManager - Adding key: http://localhost:53242 for channel [id: 0xb78031d9, L:/127.0.0.1:62445 - R:localhost/127.0.0.1:53242]
20:40:46.437 [Forwarding getElementTagName on session 5a92510ad5ab85a456b62bec051e878f to remote] DEBUG org.asynchttpclient.netty.request.NettyRequestSender - Using pooled Channel '[id: 0xb78031d9, L:/127.0.0.1:62445 - R:localhost/127.0.0.1:53242]' for 'GET' to 'http://localhost:53242/session/5a92510ad5ab85a456b62bec051e878f/element/0ef0520b-032e-407a-88d8-e84961936932/name'
20:40:46.437 [Forwarding getElementTagName on session 5a92510ad5ab85a456b62bec051e878f to remote] DEBUG org.asynchttpclient.netty.request.NettyRequestSender - Using open Channel [id: 0xb78031d9, L:/127.0.0.1:62445 - R:localhost/127.0.0.1:53242] for GET '/session/5a92510ad5ab85a456b62bec051e878f/element/0ef0520b-032e-407a-88d8-e84961936932/name'
20:40:46.458 [AsyncHttpClient-1-9] DEBUG org.asynchttpclient.netty.handler.HttpHandler - 

Request DefaultFullHttpRequest(decodeResult: success, version: HTTP/1.1, content: EmptyByteBufBE)
GET /session/5a92510ad5ab85a456b62bec051e878f/element/0ef0520b-032e-407a-88d8-e84961936932/name HTTP/1.1
User-Agent: selenium/4.1.2 (java windows)
Cache-Control: no-cache
Content-Type: application/json; charset=utf-8
host: localhost:53242
accept: */*

Response DefaultHttpResponse(decodeResult: success, version: HTTP/1.1)
HTTP/1.1 200 OK
Content-Type: application/json; charset=utf-8
cache-control: no-cache
content-length: 16

20:40:46.458 [AsyncHttpClient-1-9] DEBUG org.asynchttpclient.netty.channel.ChannelManager - Adding key: http://localhost:53242 for channel [id: 0xb78031d9, L:/127.0.0.1:62445 - R:localhost/127.0.0.1:53242]
20:40:46.463 [Forwarding getElementTagName on session 5a92510ad5ab85a456b62bec051e878f to remote] DEBUG org.asynchttpclient.netty.request.NettyRequestSender - Using pooled Channel '[id: 0xb78031d9, L:/127.0.0.1:62445 - R:localhost/127.0.0.1:53242]' for 'GET' to 'http://localhost:53242/session/5a92510ad5ab85a456b62bec051e878f/element/0ef0520b-032e-407a-88d8-e84961936932/name'
20:40:46.463 [Forwarding getElementTagName on session 5a92510ad5ab85a456b62bec051e878f to remote] DEBUG org.asynchttpclient.netty.request.NettyRequestSender - Using open Channel [id: 0xb78031d9, L:/127.0.0.1:62445 - R:localhost/127.0.0.1:53242] for GET '/session/5a92510ad5ab85a456b62bec051e878f/element/0ef0520b-032e-407a-88d8-e84961936932/name'
20:40:46.473 [AsyncHttpClient-1-9] DEBUG org.asynchttpclient.netty.handler.HttpHandler - 

Request DefaultFullHttpRequest(decodeResult: success, version: HTTP/1.1, content: EmptyByteBufBE)
GET /session/5a92510ad5ab85a456b62bec051e878f/element/0ef0520b-032e-407a-88d8-e84961936932/name HTTP/1.1
User-Agent: selenium/4.1.2 (java windows)
Cache-Control: no-cache
Content-Type: application/json; charset=utf-8
host: localhost:53242
accept: */*

Response DefaultHttpResponse(decodeResult: success, version: HTTP/1.1)
HTTP/1.1 200 OK
Content-Type: application/json; charset=utf-8
cache-control: no-cache
content-length: 16

20:40:46.473 [AsyncHttpClient-1-9] DEBUG org.asynchttpclient.netty.channel.ChannelManager - Adding key: http://localhost:53242 for channel [id: 0xb78031d9, L:/127.0.0.1:62445 - R:localhost/127.0.0.1:53242]
20:40:46.479 [Forwarding findElement on session 5a92510ad5ab85a456b62bec051e878f to remote] DEBUG org.asynchttpclient.netty.request.NettyRequestSender - Using pooled Channel '[id: 0xb78031d9, L:/127.0.0.1:62445 - R:localhost/127.0.0.1:53242]' for 'POST' to 'http://localhost:53242/session/5a92510ad5ab85a456b62bec051e878f/element'
20:40:46.479 [Forwarding findElement on session 5a92510ad5ab85a456b62bec051e878f to remote] DEBUG org.asynchttpclient.netty.request.NettyRequestSender - Using open Channel [id: 0xb78031d9, L:/127.0.0.1:62445 - R:localhost/127.0.0.1:53242] for POST '/session/5a92510ad5ab85a456b62bec051e878f/element'
20:40:46.498 [AsyncHttpClient-1-9] DEBUG org.asynchttpclient.netty.handler.HttpHandler - 

Request DefaultHttpRequest(decodeResult: success, version: HTTP/1.1)
POST /session/5a92510ad5ab85a456b62bec051e878f/element HTTP/1.1
User-Agent: selenium/4.1.2 (java windows)
Content-Length: 179
Content-Type: application/json; charset=utf-8
host: localhost:53242
accept: */*

Response DefaultHttpResponse(decodeResult: success, version: HTTP/1.1)
HTTP/1.1 200 OK
Content-Type: application/json; charset=utf-8
cache-control: no-cache
content-length: 88

20:40:46.498 [AsyncHttpClient-1-9] DEBUG org.asynchttpclient.netty.channel.ChannelManager - Adding key: http://localhost:53242 for channel [id: 0xb78031d9, L:/127.0.0.1:62445 - R:localhost/127.0.0.1:53242]
20:40:46.500 [Forwarding clickElement on session 5a92510ad5ab85a456b62bec051e878f to remote] DEBUG org.asynchttpclient.netty.request.NettyRequestSender - Using pooled Channel '[id: 0xb78031d9, L:/127.0.0.1:62445 - R:localhost/127.0.0.1:53242]' for 'POST' to 'http://localhost:53242/session/5a92510ad5ab85a456b62bec051e878f/element/0ef0520b-032e-407a-88d8-e84961936932/click'
20:40:46.500 [Forwarding clickElement on session 5a92510ad5ab85a456b62bec051e878f to remote] DEBUG org.asynchttpclient.netty.request.NettyRequestSender - Using open Channel [id: 0xb78031d9, L:/127.0.0.1:62445 - R:localhost/127.0.0.1:53242] for POST '/session/5a92510ad5ab85a456b62bec051e878f/element/0ef0520b-032e-407a-88d8-e84961936932/click'
20:40:46.668 [AsyncHttpClient-1-9] DEBUG org.asynchttpclient.netty.handler.HttpHandler - 

Request DefaultHttpRequest(decodeResult: success, version: HTTP/1.1)
POST /session/5a92510ad5ab85a456b62bec051e878f/element/0ef0520b-032e-407a-88d8-e84961936932/click HTTP/1.1
User-Agent: selenium/4.1.2 (java windows)
Content-Length: 50
Content-Type: application/json; charset=utf-8
host: localhost:53242
accept: */*

Response DefaultHttpResponse(decodeResult: success, version: HTTP/1.1)
HTTP/1.1 200 OK
Content-Type: application/json; charset=utf-8
cache-control: no-cache
content-length: 14

20:40:46.668 [AsyncHttpClient-1-9] DEBUG org.asynchttpclient.netty.channel.ChannelManager - Adding key: http://localhost:53242 for channel [id: 0xb78031d9, L:/127.0.0.1:62445 - R:localhost/127.0.0.1:53242]
20:40:46.685 [Forwarding screenshot on session 5a92510ad5ab85a456b62bec051e878f to remote] DEBUG org.asynchttpclient.netty.request.NettyRequestSender - Using pooled Channel '[id: 0xb78031d9, L:/127.0.0.1:62445 - R:localhost/127.0.0.1:53242]' for 'GET' to 'http://localhost:53242/session/5a92510ad5ab85a456b62bec051e878f/screenshot'
20:40:46.685 [Forwarding screenshot on session 5a92510ad5ab85a456b62bec051e878f to remote] DEBUG org.asynchttpclient.netty.request.NettyRequestSender - Using open Channel [id: 0xb78031d9, L:/127.0.0.1:62445 - R:localhost/127.0.0.1:53242] for GET '/session/5a92510ad5ab85a456b62bec051e878f/screenshot'
20:40:46.799 [AsyncHttpClient-1-1] DEBUG org.asynchttpclient.netty.channel.DefaultChannelPool - Entry count for : http://localhost:62446 : 1
20:40:47.290 [AsyncHttpClient-1-9] DEBUG org.asynchttpclient.netty.handler.HttpHandler - 

Request DefaultFullHttpRequest(decodeResult: success, version: HTTP/1.1, content: EmptyByteBufBE)
GET /session/5a92510ad5ab85a456b62bec051e878f/screenshot HTTP/1.1
User-Agent: selenium/4.1.2 (java windows)
Cache-Control: no-cache
Content-Type: application/json; charset=utf-8
host: localhost:53242
accept: */*

Response DefaultHttpResponse(decodeResult: success, version: HTTP/1.1)
HTTP/1.1 200 OK
Content-Type: application/json; charset=utf-8
cache-control: no-cache
content-length: 403380

20:40:47.290 [AsyncHttpClient-1-9] DEBUG org.asynchttpclient.netty.channel.ChannelManager - Adding key: http://localhost:53242 for channel [id: 0xb78031d9, L:/127.0.0.1:62445 - R:localhost/127.0.0.1:53242]
20:40:47.331 [main] DEBUG net.serenitybdd.core.photography.Darkroom - Send negative for processing for target\site\serenity\b93c9f93e095a3a91485b44f270927071fe59b804822c9323dd4e61a64e82b68.png
20:40:47.331 [main] DEBUG net.thucydides.core.steps.StepInterceptor - STEP DONE: clickLaki
  &amp#27;[32mAnd &amp#27;[0m&amp#27;[32mI click button jenis kelamin patient&amp#27;[0m                                      &amp#27;[90m# starter.stepdefinitios.PatientDataSteps.iClickButtonJenisKelamin()&amp#27;[0m
20:40:47.346 [Darkroom Processing Line] DEBUG net.serenitybdd.core.photography.DarkroomProcessingLine - Processing screenshot image in /var/screenshots/screenshot-9099165569737300740
20:40:47.346 [Darkroom Processing Line] DEBUG net.serenitybdd.core.photography.DarkroomProcessingLine - Saving screenshot to target\site\serenity\b93c9f93e095a3a91485b44f270927071fe59b804822c9323dd4e61a64e82b68.png
20:40:47.392 [Forwarding screenshot on session 5a92510ad5ab85a456b62bec051e878f to remote] DEBUG org.asynchttpclient.netty.request.NettyRequestSender - Using pooled Channel '[id: 0xb78031d9, L:/127.0.0.1:62445 - R:localhost/127.0.0.1:53242]' for 'GET' to 'http://localhost:53242/session/5a92510ad5ab85a456b62bec051e878f/screenshot'
20:40:47.392 [Forwarding screenshot on session 5a92510ad5ab85a456b62bec051e878f to remote] DEBUG org.asynchttpclient.netty.request.NettyRequestSender - Using open Channel [id: 0xb78031d9, L:/127.0.0.1:62445 - R:localhost/127.0.0.1:53242] for GET '/session/5a92510ad5ab85a456b62bec051e878f/screenshot'
20:40:47.918 [AsyncHttpClient-1-1] DEBUG org.asynchttpclient.netty.channel.DefaultChannelPool - Entry count for : http://localhost:62446 : 1
20:40:48.028 [AsyncHttpClient-1-9] DEBUG org.asynchttpclient.netty.handler.HttpHandler - 

Request DefaultFullHttpRequest(decodeResult: success, version: HTTP/1.1, content: EmptyByteBufBE)
GET /session/5a92510ad5ab85a456b62bec051e878f/screenshot HTTP/1.1
User-Agent: selenium/4.1.2 (java windows)
Cache-Control: no-cache
Content-Type: application/json; charset=utf-8
host: localhost:53242
accept: */*

Response DefaultHttpResponse(decodeResult: success, version: HTTP/1.1)
HTTP/1.1 200 OK
Content-Type: application/json; charset=utf-8
cache-control: no-cache
content-length: 403380

20:40:48.030 [AsyncHttpClient-1-9] DEBUG org.asynchttpclient.netty.channel.ChannelManager - Adding key: http://localhost:53242 for channel [id: 0xb78031d9, L:/127.0.0.1:62445 - R:localhost/127.0.0.1:53242]
20:40:48.079 [main] DEBUG net.serenitybdd.core.photography.Darkroom - Send negative for processing for target\site\serenity\b93c9f93e095a3a91485b44f270927071fe59b804822c9323dd4e61a64e82b68.png
20:40:48.080 [main] DEBUG net.thucydides.core.steps.StepInterceptor - STARTING STEP: PatientDataSteps.clickButtonSimpan - clickButtonSave
20:40:48.099 [Forwarding findElement on session 5a92510ad5ab85a456b62bec051e878f to remote] DEBUG org.asynchttpclient.netty.request.NettyRequestSender - Using pooled Channel '[id: 0xb78031d9, L:/127.0.0.1:62445 - R:localhost/127.0.0.1:53242]' for 'POST' to 'http://localhost:53242/session/5a92510ad5ab85a456b62bec051e878f/element'
20:40:48.099 [Forwarding findElement on session 5a92510ad5ab85a456b62bec051e878f to remote] DEBUG org.asynchttpclient.netty.request.NettyRequestSender - Using open Channel [id: 0xb78031d9, L:/127.0.0.1:62445 - R:localhost/127.0.0.1:53242] for POST '/session/5a92510ad5ab85a456b62bec051e878f/element'
20:40:48.138 [AsyncHttpClient-1-9] DEBUG org.asynchttpclient.netty.handler.HttpHandler - 

Request DefaultHttpRequest(decodeResult: success, version: HTTP/1.1)
POST /session/5a92510ad5ab85a456b62bec051e878f/element HTTP/1.1
User-Agent: selenium/4.1.2 (java windows)
Content-Length: 68
Content-Type: application/json; charset=utf-8
host: localhost:53242
accept: */*

Response DefaultHttpResponse(decodeResult: success, version: HTTP/1.1)
HTTP/1.1 200 OK
Content-Type: application/json; charset=utf-8
cache-control: no-cache
content-length: 88

20:40:48.138 [AsyncHttpClient-1-9] DEBUG org.asynchttpclient.netty.channel.ChannelManager - Adding key: http://localhost:53242 for channel [id: 0xb78031d9, L:/127.0.0.1:62445 - R:localhost/127.0.0.1:53242]
20:40:48.141 [Forwarding getElementTagName on session 5a92510ad5ab85a456b62bec051e878f to remote] DEBUG org.asynchttpclient.netty.request.NettyRequestSender - Using pooled Channel '[id: 0xb78031d9, L:/127.0.0.1:62445 - R:localhost/127.0.0.1:53242]' for 'GET' to 'http://localhost:53242/session/5a92510ad5ab85a456b62bec051e878f/element/a53d3a86-afff-417f-9a92-f82d743be891/name'
20:40:48.141 [Forwarding getElementTagName on session 5a92510ad5ab85a456b62bec051e878f to remote] DEBUG org.asynchttpclient.netty.request.NettyRequestSender - Using open Channel [id: 0xb78031d9, L:/127.0.0.1:62445 - R:localhost/127.0.0.1:53242] for GET '/session/5a92510ad5ab85a456b62bec051e878f/element/a53d3a86-afff-417f-9a92-f82d743be891/name'
20:40:48.157 [AsyncHttpClient-1-9] DEBUG org.asynchttpclient.netty.handler.HttpHandler - 

Request DefaultFullHttpRequest(decodeResult: success, version: HTTP/1.1, content: EmptyByteBufBE)
GET /session/5a92510ad5ab85a456b62bec051e878f/element/a53d3a86-afff-417f-9a92-f82d743be891/name HTTP/1.1
User-Agent: selenium/4.1.2 (java windows)
Cache-Control: no-cache
Content-Type: application/json; charset=utf-8
host: localhost:53242
accept: */*

Response DefaultHttpResponse(decodeResult: success, version: HTTP/1.1)
HTTP/1.1 200 OK
Content-Type: application/json; charset=utf-8
cache-control: no-cache
content-length: 18

20:40:48.157 [AsyncHttpClient-1-9] DEBUG org.asynchttpclient.netty.channel.ChannelManager - Adding key: http://localhost:53242 for channel [id: 0xb78031d9, L:/127.0.0.1:62445 - R:localhost/127.0.0.1:53242]
20:40:48.162 [Forwarding getElementTagName on session 5a92510ad5ab85a456b62bec051e878f to remote] DEBUG org.asynchttpclient.netty.request.NettyRequestSender - Using pooled Channel '[id: 0xb78031d9, L:/127.0.0.1:62445 - R:localhost/127.0.0.1:53242]' for 'GET' to 'http://localhost:53242/session/5a92510ad5ab85a456b62bec051e878f/element/a53d3a86-afff-417f-9a92-f82d743be891/name'
20:40:48.163 [Forwarding getElementTagName on session 5a92510ad5ab85a456b62bec051e878f to remote] DEBUG org.asynchttpclient.netty.request.NettyRequestSender - Using open Channel [id: 0xb78031d9, L:/127.0.0.1:62445 - R:localhost/127.0.0.1:53242] for GET '/session/5a92510ad5ab85a456b62bec051e878f/element/a53d3a86-afff-417f-9a92-f82d743be891/name'
20:40:48.173 [AsyncHttpClient-1-9] DEBUG org.asynchttpclient.netty.handler.HttpHandler - 

Request DefaultFullHttpRequest(decodeResult: success, version: HTTP/1.1, content: EmptyByteBufBE)
GET /session/5a92510ad5ab85a456b62bec051e878f/element/a53d3a86-afff-417f-9a92-f82d743be891/name HTTP/1.1
User-Agent: selenium/4.1.2 (java windows)
Cache-Control: no-cache
Content-Type: application/json; charset=utf-8
host: localhost:53242
accept: */*

Response DefaultHttpResponse(decodeResult: success, version: HTTP/1.1)
HTTP/1.1 200 OK
Content-Type: application/json; charset=utf-8
cache-control: no-cache
content-length: 18

20:40:48.174 [AsyncHttpClient-1-9] DEBUG org.asynchttpclient.netty.channel.ChannelManager - Adding key: http://localhost:53242 for channel [id: 0xb78031d9, L:/127.0.0.1:62445 - R:localhost/127.0.0.1:53242]
20:40:48.190 [Forwarding isElementEnabled on session 5a92510ad5ab85a456b62bec051e878f to remote] DEBUG org.asynchttpclient.netty.request.NettyRequestSender - Using pooled Channel '[id: 0xb78031d9, L:/127.0.0.1:62445 - R:localhost/127.0.0.1:53242]' for 'GET' to 'http://localhost:53242/session/5a92510ad5ab85a456b62bec051e878f/element/a53d3a86-afff-417f-9a92-f82d743be891/enabled'
20:40:48.190 [Forwarding isElementEnabled on session 5a92510ad5ab85a456b62bec051e878f to remote] DEBUG org.asynchttpclient.netty.request.NettyRequestSender - Using open Channel [id: 0xb78031d9, L:/127.0.0.1:62445 - R:localhost/127.0.0.1:53242] for GET '/session/5a92510ad5ab85a456b62bec051e878f/element/a53d3a86-afff-417f-9a92-f82d743be891/enabled'
20:40:48.288 [AsyncHttpClient-1-9] DEBUG org.asynchttpclient.netty.handler.HttpHandler - 

Request DefaultFullHttpRequest(decodeResult: success, version: HTTP/1.1, content: EmptyByteBufBE)
GET /session/5a92510ad5ab85a456b62bec051e878f/element/a53d3a86-afff-417f-9a92-f82d743be891/enabled HTTP/1.1
User-Agent: selenium/4.1.2 (java windows)
Cache-Control: no-cache
Content-Type: application/json; charset=utf-8
host: localhost:53242
accept: */*

Response DefaultHttpResponse(decodeResult: success, version: HTTP/1.1)
HTTP/1.1 200 OK
Content-Type: application/json; charset=utf-8
cache-control: no-cache
content-length: 14

20:40:48.290 [AsyncHttpClient-1-9] DEBUG org.asynchttpclient.netty.channel.ChannelManager - Adding key: http://localhost:53242 for channel [id: 0xb78031d9, L:/127.0.0.1:62445 - R:localhost/127.0.0.1:53242]
20:40:48.305 [Forwarding isElementEnabled on session 5a92510ad5ab85a456b62bec051e878f to remote] DEBUG org.asynchttpclient.netty.request.NettyRequestSender - Using pooled Channel '[id: 0xb78031d9, L:/127.0.0.1:62445 - R:localhost/127.0.0.1:53242]' for 'GET' to 'http://localhost:53242/session/5a92510ad5ab85a456b62bec051e878f/element/a53d3a86-afff-417f-9a92-f82d743be891/enabled'
20:40:48.305 [Forwarding isElementEnabled on session 5a92510ad5ab85a456b62bec051e878f to remote] DEBUG org.asynchttpclient.netty.request.NettyRequestSender - Using open Channel [id: 0xb78031d9, L:/127.0.0.1:62445 - R:localhost/127.0.0.1:53242] for GET '/session/5a92510ad5ab85a456b62bec051e878f/element/a53d3a86-afff-417f-9a92-f82d743be891/enabled'
20:40:48.351 [AsyncHttpClient-1-9] DEBUG org.asynchttpclient.netty.handler.HttpHandler - 

Request DefaultFullHttpRequest(decodeResult: success, version: HTTP/1.1, content: EmptyByteBufBE)
GET /session/5a92510ad5ab85a456b62bec051e878f/element/a53d3a86-afff-417f-9a92-f82d743be891/enabled HTTP/1.1
User-Agent: selenium/4.1.2 (java windows)
Cache-Control: no-cache
Content-Type: application/json; charset=utf-8
host: localhost:53242
accept: */*

Response DefaultHttpResponse(decodeResult: success, version: HTTP/1.1)
HTTP/1.1 200 OK
Content-Type: application/json; charset=utf-8
cache-control: no-cache
content-length: 14

20:40:48.351 [AsyncHttpClient-1-9] DEBUG org.asynchttpclient.netty.channel.ChannelManager - Adding key: http://localhost:53242 for channel [id: 0xb78031d9, L:/127.0.0.1:62445 - R:localhost/127.0.0.1:53242]
20:40:48.355 [Forwarding findElement on session 5a92510ad5ab85a456b62bec051e878f to remote] DEBUG org.asynchttpclient.netty.request.NettyRequestSender - Using pooled Channel '[id: 0xb78031d9, L:/127.0.0.1:62445 - R:localhost/127.0.0.1:53242]' for 'POST' to 'http://localhost:53242/session/5a92510ad5ab85a456b62bec051e878f/element'
20:40:48.355 [Forwarding findElement on session 5a92510ad5ab85a456b62bec051e878f to remote] DEBUG org.asynchttpclient.netty.request.NettyRequestSender - Using open Channel [id: 0xb78031d9, L:/127.0.0.1:62445 - R:localhost/127.0.0.1:53242] for POST '/session/5a92510ad5ab85a456b62bec051e878f/element'
20:40:48.377 [AsyncHttpClient-1-9] DEBUG org.asynchttpclient.netty.handler.HttpHandler - 

Request DefaultHttpRequest(decodeResult: success, version: HTTP/1.1)
POST /session/5a92510ad5ab85a456b62bec051e878f/element HTTP/1.1
User-Agent: selenium/4.1.2 (java windows)
Content-Length: 68
Content-Type: application/json; charset=utf-8
host: localhost:53242
accept: */*

Response DefaultHttpResponse(decodeResult: success, version: HTTP/1.1)
HTTP/1.1 200 OK
Content-Type: application/json; charset=utf-8
cache-control: no-cache
content-length: 88

20:40:48.378 [AsyncHttpClient-1-9] DEBUG org.asynchttpclient.netty.channel.ChannelManager - Adding key: http://localhost:53242 for channel [id: 0xb78031d9, L:/127.0.0.1:62445 - R:localhost/127.0.0.1:53242]
20:40:48.382 [Forwarding clickElement on session 5a92510ad5ab85a456b62bec051e878f to remote] DEBUG org.asynchttpclient.netty.request.NettyRequestSender - Using pooled Channel '[id: 0xb78031d9, L:/127.0.0.1:62445 - R:localhost/127.0.0.1:53242]' for 'POST' to 'http://localhost:53242/session/5a92510ad5ab85a456b62bec051e878f/element/a53d3a86-afff-417f-9a92-f82d743be891/click'
20:40:48.382 [Forwarding clickElement on session 5a92510ad5ab85a456b62bec051e878f to remote] DEBUG org.asynchttpclient.netty.request.NettyRequestSender - Using open Channel [id: 0xb78031d9, L:/127.0.0.1:62445 - R:localhost/127.0.0.1:53242] for POST '/session/5a92510ad5ab85a456b62bec051e878f/element/a53d3a86-afff-417f-9a92-f82d743be891/click'
20:40:48.518 [AsyncHttpClient-1-9] DEBUG org.asynchttpclient.netty.handler.HttpHandler - 

Request DefaultHttpRequest(decodeResult: success, version: HTTP/1.1)
POST /session/5a92510ad5ab85a456b62bec051e878f/element/a53d3a86-afff-417f-9a92-f82d743be891/click HTTP/1.1
User-Agent: selenium/4.1.2 (java windows)
Content-Length: 50
Content-Type: application/json; charset=utf-8
host: localhost:53242
accept: */*

Response DefaultHttpResponse(decodeResult: success, version: HTTP/1.1)
HTTP/1.1 200 OK
Content-Type: application/json; charset=utf-8
cache-control: no-cache
content-length: 14

20:40:48.519 [AsyncHttpClient-1-9] DEBUG org.asynchttpclient.netty.channel.ChannelManager - Adding key: http://localhost:53242 for channel [id: 0xb78031d9, L:/127.0.0.1:62445 - R:localhost/127.0.0.1:53242]
20:40:48.572 [Forwarding screenshot on session 5a92510ad5ab85a456b62bec051e878f to remote] DEBUG org.asynchttpclient.netty.request.NettyRequestSender - Using pooled Channel '[id: 0xb78031d9, L:/127.0.0.1:62445 - R:localhost/127.0.0.1:53242]' for 'GET' to 'http://localhost:53242/session/5a92510ad5ab85a456b62bec051e878f/screenshot'
20:40:48.572 [Forwarding screenshot on session 5a92510ad5ab85a456b62bec051e878f to remote] DEBUG org.asynchttpclient.netty.request.NettyRequestSender - Using open Channel [id: 0xb78031d9, L:/127.0.0.1:62445 - R:localhost/127.0.0.1:53242] for GET '/session/5a92510ad5ab85a456b62bec051e878f/screenshot'
20:40:49.014 [AsyncHttpClient-1-1] DEBUG org.asynchttpclient.netty.channel.DefaultChannelPool - Entry count for : http://localhost:62446 : 1
20:40:49.722 [AsyncHttpClient-1-9] DEBUG org.asynchttpclient.netty.handler.HttpHandler - 

Request DefaultFullHttpRequest(decodeResult: success, version: HTTP/1.1, content: EmptyByteBufBE)
GET /session/5a92510ad5ab85a456b62bec051e878f/screenshot HTTP/1.1
User-Agent: selenium/4.1.2 (java windows)
Cache-Control: no-cache
Content-Type: application/json; charset=utf-8
host: localhost:53242
accept: */*

Response DefaultHttpResponse(decodeResult: success, version: HTTP/1.1)
HTTP/1.1 200 OK
Content-Type: application/json; charset=utf-8
cache-control: no-cache
content-length: 402884

20:40:49.723 [AsyncHttpClient-1-9] DEBUG org.asynchttpclient.netty.channel.ChannelManager - Adding key: http://localhost:53242 for channel [id: 0xb78031d9, L:/127.0.0.1:62445 - R:localhost/127.0.0.1:53242]
20:40:49.763 [main] DEBUG net.serenitybdd.core.photography.Darkroom - Send negative for processing for target\site\serenity\408ee62e95b817f46556ad1d7e1c0ae7245028c37f664b72e331d317405708e5.png
20:40:49.763 [main] DEBUG net.thucydides.core.steps.StepInterceptor - STEP DONE: clickButtonSave
  &amp#27;[32mAnd &amp#27;[0m&amp#27;[32mClick button simpan&amp#27;[0m                                                       &amp#27;[90m# starter.stepdefinitios.PatientDataSteps.clickButtonSimpan()&amp#27;[0m
20:40:49.764 [Darkroom Processing Line] DEBUG net.serenitybdd.core.photography.DarkroomProcessingLine - Processing screenshot image in /var/screenshots/screenshot-6167454505277330917
20:40:49.764 [Darkroom Processing Line] DEBUG net.serenitybdd.core.photography.DarkroomProcessingLine - Saving screenshot to target\site\serenity\408ee62e95b817f46556ad1d7e1c0ae7245028c37f664b72e331d317405708e5.png
20:40:50.104 [AsyncHttpClient-1-1] DEBUG org.asynchttpclient.netty.channel.DefaultChannelPool - Entry count for : http://localhost:62446 : 1
20:40:50.104 [AsyncHttpClient-1-1] DEBUG org.asynchttpclient.netty.channel.DefaultChannelPool - Entry count for : http://localhost:53242 : 1
20:40:50.350 [Forwarding screenshot on session 5a92510ad5ab85a456b62bec051e878f to remote] DEBUG org.asynchttpclient.netty.request.NettyRequestSender - Using pooled Channel '[id: 0xb78031d9, L:/127.0.0.1:62445 - R:localhost/127.0.0.1:53242]' for 'GET' to 'http://localhost:53242/session/5a92510ad5ab85a456b62bec051e878f/screenshot'
20:40:50.350 [Forwarding screenshot on session 5a92510ad5ab85a456b62bec051e878f to remote] DEBUG org.asynchttpclient.netty.request.NettyRequestSender - Using open Channel [id: 0xb78031d9, L:/127.0.0.1:62445 - R:localhost/127.0.0.1:53242] for GET '/session/5a92510ad5ab85a456b62bec051e878f/screenshot'
20:40:50.366 [AsyncHttpClient-1-9] DEBUG org.asynchttpclient.netty.handler.HttpHandler - 

Request DefaultFullHttpRequest(decodeResult: success, version: HTTP/1.1, content: EmptyByteBufBE)
GET /session/5a92510ad5ab85a456b62bec051e878f/screenshot HTTP/1.1
User-Agent: selenium/4.1.2 (java windows)
Cache-Control: no-cache
Content-Type: application/json; charset=utf-8
host: localhost:53242
accept: */*

Response DefaultHttpResponse(decodeResult: success, version: HTTP/1.1)
HTTP/1.1 500 Internal Server Error
Content-Type: application/json; charset=utf-8
cache-control: no-cache
content-length: 889

20:40:50.366 [AsyncHttpClient-1-9] DEBUG org.asynchttpclient.netty.channel.ChannelManager - Adding key: http://localhost:53242 for channel [id: 0xb78031d9, L:/127.0.0.1:62445 - R:localhost/127.0.0.1:53242]
20:40:50.368 [main] WARN net.thucydides.core.webdriver.WebDriverFacade - Failed to take screenshot (unexpected alert open: {Alert text : data telah diubah}
  (Session info: chrome=102.0.5005.115): data telah diubah
Build info: version: '4.1.2', revision: '9a5a329c5a'
System info: host: 'MOOK-HON', ip: '192.168.100.6', os.name: 'Windows 10', os.arch: 'amd64', os.version: '10.0', java.version: '11.0.14'
Driver info: org.openqa.selenium.chrome.ChromeDriver
Command: [5a92510ad5ab85a456b62bec051e878f, screenshot {}]
Capabilities {acceptInsecureCerts: false, browserName: chrome, browserVersion: 102.0.5005.115, chrome: {chromedriverVersion: 102.0.5005.61 (0e59bcc00cc4..., userDataDir: C:\Users\ASUS\AppData\Local...}, goog:chromeOptions: {debuggerAddress: localhost:62446}, javascriptEnabled: true, networkConnectionEnabled: false, pageLoadStrategy: normal, platform: WINDOWS, platformName: WINDOWS, proxy: Proxy(), se:cdp: ws://localhost:62446/devtoo..., se:cdpVersion: 102.0.5005.115, setWindowRect: true, strictFileInteractability: false, timeouts: {implicit: 0, pageLoad: 300000, script: 30000}, unhandledPromptBehavior: dismiss and notify, webauthn:extension:credBlob: true, webauthn:extension:largeBlob: true, webauthn:virtualAuthenticators: true}
Session ID: 5a92510ad5ab85a456b62bec051e878f)
20:40:50.369 [main] DEBUG net.thucydides.core.steps.StepInterceptor - STARTING STEP: PatientDataSteps.validEditData - clickButtonBack
20:40:50.384 [Forwarding findElement on session 5a92510ad5ab85a456b62bec051e878f to remote] DEBUG org.asynchttpclient.netty.request.NettyRequestSender - Using pooled Channel '[id: 0xb78031d9, L:/127.0.0.1:62445 - R:localhost/127.0.0.1:53242]' for 'POST' to 'http://localhost:53242/session/5a92510ad5ab85a456b62bec051e878f/element'
20:40:50.384 [Forwarding findElement on session 5a92510ad5ab85a456b62bec051e878f to remote] DEBUG org.asynchttpclient.netty.request.NettyRequestSender - Using open Channel [id: 0xb78031d9, L:/127.0.0.1:62445 - R:localhost/127.0.0.1:53242] for POST '/session/5a92510ad5ab85a456b62bec051e878f/element'
20:40:50.480 [AsyncHttpClient-1-9] DEBUG org.asynchttpclient.netty.handler.HttpHandler - 

Request DefaultHttpRequest(decodeResult: success, version: HTTP/1.1)
POST /session/5a92510ad5ab85a456b62bec051e878f/element HTTP/1.1
User-Agent: selenium/4.1.2 (java windows)
Content-Length: 137
Content-Type: application/json; charset=utf-8
host: localhost:53242
accept: */*

Response DefaultHttpResponse(decodeResult: success, version: HTTP/1.1)
HTTP/1.1 200 OK
Content-Type: application/json; charset=utf-8
cache-control: no-cache
content-length: 88

20:40:50.480 [AsyncHttpClient-1-9] DEBUG org.asynchttpclient.netty.channel.ChannelManager - Adding key: http://localhost:53242 for channel [id: 0xb78031d9, L:/127.0.0.1:62445 - R:localhost/127.0.0.1:53242]
20:40:50.482 [Forwarding getElementTagName on session 5a92510ad5ab85a456b62bec051e878f to remote] DEBUG org.asynchttpclient.netty.request.NettyRequestSender - Using pooled Channel '[id: 0xb78031d9, L:/127.0.0.1:62445 - R:localhost/127.0.0.1:53242]' for 'GET' to 'http://localhost:53242/session/5a92510ad5ab85a456b62bec051e878f/element/893c3a9d-9e39-4d1b-8d99-ce7ce701c302/name'
20:40:50.482 [Forwarding getElementTagName on session 5a92510ad5ab85a456b62bec051e878f to remote] DEBUG org.asynchttpclient.netty.request.NettyRequestSender - Using open Channel [id: 0xb78031d9, L:/127.0.0.1:62445 - R:localhost/127.0.0.1:53242] for GET '/session/5a92510ad5ab85a456b62bec051e878f/element/893c3a9d-9e39-4d1b-8d99-ce7ce701c302/name'
20:40:50.499 [AsyncHttpClient-1-9] DEBUG org.asynchttpclient.netty.handler.HttpHandler - 

Request DefaultFullHttpRequest(decodeResult: success, version: HTTP/1.1, content: EmptyByteBufBE)
GET /session/5a92510ad5ab85a456b62bec051e878f/element/893c3a9d-9e39-4d1b-8d99-ce7ce701c302/name HTTP/1.1
User-Agent: selenium/4.1.2 (java windows)
Cache-Control: no-cache
Content-Type: application/json; charset=utf-8
host: localhost:53242
accept: */*

Response DefaultHttpResponse(decodeResult: success, version: HTTP/1.1)
HTTP/1.1 200 OK
Content-Type: application/json; charset=utf-8
cache-control: no-cache
content-length: 18

20:40:50.499 [AsyncHttpClient-1-9] DEBUG org.asynchttpclient.netty.channel.ChannelManager - Adding key: http://localhost:53242 for channel [id: 0xb78031d9, L:/127.0.0.1:62445 - R:localhost/127.0.0.1:53242]
20:40:50.501 [Forwarding getElementTagName on session 5a92510ad5ab85a456b62bec051e878f to remote] DEBUG org.asynchttpclient.netty.request.NettyRequestSender - Using pooled Channel '[id: 0xb78031d9, L:/127.0.0.1:62445 - R:localhost/127.0.0.1:53242]' for 'GET' to 'http://localhost:53242/session/5a92510ad5ab85a456b62bec051e878f/element/893c3a9d-9e39-4d1b-8d99-ce7ce701c302/name'
20:40:50.501 [Forwarding getElementTagName on session 5a92510ad5ab85a456b62bec051e878f to remote] DEBUG org.asynchttpclient.netty.request.NettyRequestSender - Using open Channel [id: 0xb78031d9, L:/127.0.0.1:62445 - R:localhost/127.0.0.1:53242] for GET '/session/5a92510ad5ab85a456b62bec051e878f/element/893c3a9d-9e39-4d1b-8d99-ce7ce701c302/name'
20:40:50.514 [AsyncHttpClient-1-9] DEBUG org.asynchttpclient.netty.handler.HttpHandler - 

Request DefaultFullHttpRequest(decodeResult: success, version: HTTP/1.1, content: EmptyByteBufBE)
GET /session/5a92510ad5ab85a456b62bec051e878f/element/893c3a9d-9e39-4d1b-8d99-ce7ce701c302/name HTTP/1.1
User-Agent: selenium/4.1.2 (java windows)
Cache-Control: no-cache
Content-Type: application/json; charset=utf-8
host: localhost:53242
accept: */*

Response DefaultHttpResponse(decodeResult: success, version: HTTP/1.1)
HTTP/1.1 200 OK
Content-Type: application/json; charset=utf-8
cache-control: no-cache
content-length: 18

20:40:50.515 [AsyncHttpClient-1-9] DEBUG org.asynchttpclient.netty.channel.ChannelManager - Adding key: http://localhost:53242 for channel [id: 0xb78031d9, L:/127.0.0.1:62445 - R:localhost/127.0.0.1:53242]
20:40:50.519 [Forwarding isElementEnabled on session 5a92510ad5ab85a456b62bec051e878f to remote] DEBUG org.asynchttpclient.netty.request.NettyRequestSender - Using pooled Channel '[id: 0xb78031d9, L:/127.0.0.1:62445 - R:localhost/127.0.0.1:53242]' for 'GET' to 'http://localhost:53242/session/5a92510ad5ab85a456b62bec051e878f/element/893c3a9d-9e39-4d1b-8d99-ce7ce701c302/enabled'
20:40:50.519 [Forwarding isElementEnabled on session 5a92510ad5ab85a456b62bec051e878f to remote] DEBUG org.asynchttpclient.netty.request.NettyRequestSender - Using open Channel [id: 0xb78031d9, L:/127.0.0.1:62445 - R:localhost/127.0.0.1:53242] for GET '/session/5a92510ad5ab85a456b62bec051e878f/element/893c3a9d-9e39-4d1b-8d99-ce7ce701c302/enabled'
20:40:50.548 [AsyncHttpClient-1-9] DEBUG org.asynchttpclient.netty.handler.HttpHandler - 

Request DefaultFullHttpRequest(decodeResult: success, version: HTTP/1.1, content: EmptyByteBufBE)
GET /session/5a92510ad5ab85a456b62bec051e878f/element/893c3a9d-9e39-4d1b-8d99-ce7ce701c302/enabled HTTP/1.1
User-Agent: selenium/4.1.2 (java windows)
Cache-Control: no-cache
Content-Type: application/json; charset=utf-8
host: localhost:53242
accept: */*

Response DefaultHttpResponse(decodeResult: success, version: HTTP/1.1)
HTTP/1.1 200 OK
Content-Type: application/json; charset=utf-8
cache-control: no-cache
content-length: 14

20:40:50.548 [AsyncHttpClient-1-9] DEBUG org.asynchttpclient.netty.channel.ChannelManager - Adding key: http://localhost:53242 for channel [id: 0xb78031d9, L:/127.0.0.1:62445 - R:localhost/127.0.0.1:53242]
20:40:50.550 [Forwarding isElementEnabled on session 5a92510ad5ab85a456b62bec051e878f to remote] DEBUG org.asynchttpclient.netty.request.NettyRequestSender - Using pooled Channel '[id: 0xb78031d9, L:/127.0.0.1:62445 - R:localhost/127.0.0.1:53242]' for 'GET' to 'http://localhost:53242/session/5a92510ad5ab85a456b62bec051e878f/element/893c3a9d-9e39-4d1b-8d99-ce7ce701c302/enabled'
20:40:50.551 [Forwarding isElementEnabled on session 5a92510ad5ab85a456b62bec051e878f to remote] DEBUG org.asynchttpclient.netty.request.NettyRequestSender - Using open Channel [id: 0xb78031d9, L:/127.0.0.1:62445 - R:localhost/127.0.0.1:53242] for GET '/session/5a92510ad5ab85a456b62bec051e878f/element/893c3a9d-9e39-4d1b-8d99-ce7ce701c302/enabled'
20:40:50.571 [AsyncHttpClient-1-9] DEBUG org.asynchttpclient.netty.handler.HttpHandler - 

Request DefaultFullHttpRequest(decodeResult: success, version: HTTP/1.1, content: EmptyByteBufBE)
GET /session/5a92510ad5ab85a456b62bec051e878f/element/893c3a9d-9e39-4d1b-8d99-ce7ce701c302/enabled HTTP/1.1
User-Agent: selenium/4.1.2 (java windows)
Cache-Control: no-cache
Content-Type: application/json; charset=utf-8
host: localhost:53242
accept: */*

Response DefaultHttpResponse(decodeResult: success, version: HTTP/1.1)
HTTP/1.1 200 OK
Content-Type: application/json; charset=utf-8
cache-control: no-cache
content-length: 14

20:40:50.571 [AsyncHttpClient-1-9] DEBUG org.asynchttpclient.netty.channel.ChannelManager - Adding key: http://localhost:53242 for channel [id: 0xb78031d9, L:/127.0.0.1:62445 - R:localhost/127.0.0.1:53242]
20:40:50.579 [Forwarding findElement on session 5a92510ad5ab85a456b62bec051e878f to remote] DEBUG org.asynchttpclient.netty.request.NettyRequestSender - Using pooled Channel '[id: 0xb78031d9, L:/127.0.0.1:62445 - R:localhost/127.0.0.1:53242]' for 'POST' to 'http://localhost:53242/session/5a92510ad5ab85a456b62bec051e878f/element'
20:40:50.579 [Forwarding findElement on session 5a92510ad5ab85a456b62bec051e878f to remote] DEBUG org.asynchttpclient.netty.request.NettyRequestSender - Using open Channel [id: 0xb78031d9, L:/127.0.0.1:62445 - R:localhost/127.0.0.1:53242] for POST '/session/5a92510ad5ab85a456b62bec051e878f/element'
20:40:50.622 [AsyncHttpClient-1-9] DEBUG org.asynchttpclient.netty.handler.HttpHandler - 

Request DefaultHttpRequest(decodeResult: success, version: HTTP/1.1)
POST /session/5a92510ad5ab85a456b62bec051e878f/element HTTP/1.1
User-Agent: selenium/4.1.2 (java windows)
Content-Length: 137
Content-Type: application/json; charset=utf-8
host: localhost:53242
accept: */*

Response DefaultHttpResponse(decodeResult: success, version: HTTP/1.1)
HTTP/1.1 200 OK
Content-Type: application/json; charset=utf-8
cache-control: no-cache
content-length: 88

20:40:50.623 [AsyncHttpClient-1-9] DEBUG org.asynchttpclient.netty.channel.ChannelManager - Adding key: http://localhost:53242 for channel [id: 0xb78031d9, L:/127.0.0.1:62445 - R:localhost/127.0.0.1:53242]
20:40:50.625 [Forwarding clickElement on session 5a92510ad5ab85a456b62bec051e878f to remote] DEBUG org.asynchttpclient.netty.request.NettyRequestSender - Using pooled Channel '[id: 0xb78031d9, L:/127.0.0.1:62445 - R:localhost/127.0.0.1:53242]' for 'POST' to 'http://localhost:53242/session/5a92510ad5ab85a456b62bec051e878f/element/893c3a9d-9e39-4d1b-8d99-ce7ce701c302/click'
20:40:50.625 [Forwarding clickElement on session 5a92510ad5ab85a456b62bec051e878f to remote] DEBUG org.asynchttpclient.netty.request.NettyRequestSender - Using open Channel [id: 0xb78031d9, L:/127.0.0.1:62445 - R:localhost/127.0.0.1:53242] for POST '/session/5a92510ad5ab85a456b62bec051e878f/element/893c3a9d-9e39-4d1b-8d99-ce7ce701c302/click'
20:40:51.081 [AsyncHttpClient-1-9] DEBUG org.asynchttpclient.netty.handler.HttpHandler - 

Request DefaultHttpRequest(decodeResult: success, version: HTTP/1.1)
POST /session/5a92510ad5ab85a456b62bec051e878f/element/893c3a9d-9e39-4d1b-8d99-ce7ce701c302/click HTTP/1.1
User-Agent: selenium/4.1.2 (java windows)
Content-Length: 50
Content-Type: application/json; charset=utf-8
host: localhost:53242
accept: */*

Response DefaultHttpResponse(decodeResult: success, version: HTTP/1.1)
HTTP/1.1 200 OK
Content-Type: application/json; charset=utf-8
cache-control: no-cache
content-length: 14

20:40:51.082 [AsyncHttpClient-1-9] DEBUG org.asynchttpclient.netty.channel.ChannelManager - Adding key: http://localhost:53242 for channel [id: 0xb78031d9, L:/127.0.0.1:62445 - R:localhost/127.0.0.1:53242]
20:40:51.113 [Forwarding screenshot on session 5a92510ad5ab85a456b62bec051e878f to remote] DEBUG org.asynchttpclient.netty.request.NettyRequestSender - Using pooled Channel '[id: 0xb78031d9, L:/127.0.0.1:62445 - R:localhost/127.0.0.1:53242]' for 'GET' to 'http://localhost:53242/session/5a92510ad5ab85a456b62bec051e878f/screenshot'
20:40:51.113 [Forwarding screenshot on session 5a92510ad5ab85a456b62bec051e878f to remote] DEBUG org.asynchttpclient.netty.request.NettyRequestSender - Using open Channel [id: 0xb78031d9, L:/127.0.0.1:62445 - R:localhost/127.0.0.1:53242] for GET '/session/5a92510ad5ab85a456b62bec051e878f/screenshot'
20:40:51.201 [AsyncHttpClient-1-1] DEBUG org.asynchttpclient.netty.channel.DefaultChannelPool - Entry count for : http://localhost:62446 : 1
20:40:51.949 [AsyncHttpClient-1-9] DEBUG org.asynchttpclient.netty.handler.HttpHandler - 

Request DefaultFullHttpRequest(decodeResult: success, version: HTTP/1.1, content: EmptyByteBufBE)
GET /session/5a92510ad5ab85a456b62bec051e878f/screenshot HTTP/1.1
User-Agent: selenium/4.1.2 (java windows)
Cache-Control: no-cache
Content-Type: application/json; charset=utf-8
host: localhost:53242
accept: */*

Response DefaultHttpResponse(decodeResult: success, version: HTTP/1.1)
HTTP/1.1 200 OK
Content-Type: application/json; charset=utf-8
cache-control: no-cache
content-length: 393508

20:40:51.951 [AsyncHttpClient-1-9] DEBUG org.asynchttpclient.netty.channel.ChannelManager - Adding key: http://localhost:53242 for channel [id: 0xb78031d9, L:/127.0.0.1:62445 - R:localhost/127.0.0.1:53242]
20:40:51.997 [main] DEBUG net.serenitybdd.core.photography.Darkroom - Send negative for processing for target\site\serenity\44f785559cbd3e8332e980952ce75f2de7f3619782286ff453aa89aac30857d2.png
20:40:51.998 [main] DEBUG net.thucydides.core.steps.StepInterceptor - STEP DONE: clickButtonBack
20:40:52.017 [Darkroom Processing Line] DEBUG net.serenitybdd.core.photography.DarkroomProcessingLine - Processing screenshot image in /var/screenshots/screenshot-15122173565288307776
20:40:52.017 [Darkroom Processing Line] DEBUG net.serenitybdd.core.photography.DarkroomProcessingLine - Saving screenshot to target\site\serenity\44f785559cbd3e8332e980952ce75f2de7f3619782286ff453aa89aac30857d2.png
20:40:52.073 [Forwarding screenshot on session 5a92510ad5ab85a456b62bec051e878f to remote] DEBUG org.asynchttpclient.netty.request.NettyRequestSender - Using pooled Channel '[id: 0xb78031d9, L:/127.0.0.1:62445 - R:localhost/127.0.0.1:53242]' for 'GET' to 'http://localhost:53242/session/5a92510ad5ab85a456b62bec051e878f/screenshot'
20:40:52.073 [Forwarding screenshot on session 5a92510ad5ab85a456b62bec051e878f to remote] DEBUG org.asynchttpclient.netty.request.NettyRequestSender - Using open Channel [id: 0xb78031d9, L:/127.0.0.1:62445 - R:localhost/127.0.0.1:53242] for GET '/session/5a92510ad5ab85a456b62bec051e878f/screenshot'
20:40:52.314 [AsyncHttpClient-1-1] DEBUG org.asynchttpclient.netty.channel.DefaultChannelPool - Entry count for : http://localhost:62446 : 1
20:40:52.922 [AsyncHttpClient-1-9] DEBUG org.asynchttpclient.netty.handler.HttpHandler - 

Request DefaultFullHttpRequest(decodeResult: success, version: HTTP/1.1, content: EmptyByteBufBE)
GET /session/5a92510ad5ab85a456b62bec051e878f/screenshot HTTP/1.1
User-Agent: selenium/4.1.2 (java windows)
Cache-Control: no-cache
Content-Type: application/json; charset=utf-8
host: localhost:53242
accept: */*

Response DefaultHttpResponse(decodeResult: success, version: HTTP/1.1)
HTTP/1.1 200 OK
Content-Type: application/json; charset=utf-8
cache-control: no-cache
content-length: 399856

20:40:52.924 [AsyncHttpClient-1-9] DEBUG org.asynchttpclient.netty.channel.ChannelManager - Adding key: http://localhost:53242 for channel [id: 0xb78031d9, L:/127.0.0.1:62445 - R:localhost/127.0.0.1:53242]
20:40:53.001 [main] DEBUG net.serenitybdd.core.photography.Darkroom - Send negative for processing for target\site\serenity\7e8d69d9f4c9281227bf5e240c6f6f67c437011371bd2a6b5e75900021fef174.png
20:40:53.001 [main] DEBUG net.thucydides.core.steps.StepInterceptor - STARTING STEP: PatientDataSteps.validEditData - checkValidDataPasien
20:40:53.019 [Darkroom Processing Line] DEBUG net.serenitybdd.core.photography.DarkroomProcessingLine - Processing screenshot image in /var/screenshots/screenshot-7608417184734891383
20:40:53.020 [Darkroom Processing Line] DEBUG net.serenitybdd.core.photography.DarkroomProcessingLine - Saving screenshot to target\site\serenity\7e8d69d9f4c9281227bf5e240c6f6f67c437011371bd2a6b5e75900021fef174.png
20:40:53.031 [Forwarding findElement on session 5a92510ad5ab85a456b62bec051e878f to remote] DEBUG org.asynchttpclient.netty.request.NettyRequestSender - Using pooled Channel '[id: 0xb78031d9, L:/127.0.0.1:62445 - R:localhost/127.0.0.1:53242]' for 'POST' to 'http://localhost:53242/session/5a92510ad5ab85a456b62bec051e878f/element'
20:40:53.033 [Forwarding findElement on session 5a92510ad5ab85a456b62bec051e878f to remote] DEBUG org.asynchttpclient.netty.request.NettyRequestSender - Using open Channel [id: 0xb78031d9, L:/127.0.0.1:62445 - R:localhost/127.0.0.1:53242] for POST '/session/5a92510ad5ab85a456b62bec051e878f/element'
20:40:53.103 [AsyncHttpClient-1-9] DEBUG org.asynchttpclient.netty.handler.HttpHandler - 

Request DefaultHttpRequest(decodeResult: success, version: HTTP/1.1)
POST /session/5a92510ad5ab85a456b62bec051e878f/element HTTP/1.1
User-Agent: selenium/4.1.2 (java windows)
Content-Length: 95
Content-Type: application/json; charset=utf-8
host: localhost:53242
accept: */*

Response DefaultHttpResponse(decodeResult: success, version: HTTP/1.1)
HTTP/1.1 200 OK
Content-Type: application/json; charset=utf-8
cache-control: no-cache
content-length: 88

20:40:53.103 [AsyncHttpClient-1-9] DEBUG org.asynchttpclient.netty.channel.ChannelManager - Adding key: http://localhost:53242 for channel [id: 0xb78031d9, L:/127.0.0.1:62445 - R:localhost/127.0.0.1:53242]
20:40:53.104 [Forwarding isElementEnabled on session 5a92510ad5ab85a456b62bec051e878f to remote] DEBUG org.asynchttpclient.netty.request.NettyRequestSender - Using pooled Channel '[id: 0xb78031d9, L:/127.0.0.1:62445 - R:localhost/127.0.0.1:53242]' for 'GET' to 'http://localhost:53242/session/5a92510ad5ab85a456b62bec051e878f/element/efa41f8c-0e11-491a-b3dc-74fe8cc7c6c4/enabled'
20:40:53.105 [Forwarding isElementEnabled on session 5a92510ad5ab85a456b62bec051e878f to remote] DEBUG org.asynchttpclient.netty.request.NettyRequestSender - Using open Channel [id: 0xb78031d9, L:/127.0.0.1:62445 - R:localhost/127.0.0.1:53242] for GET '/session/5a92510ad5ab85a456b62bec051e878f/element/efa41f8c-0e11-491a-b3dc-74fe8cc7c6c4/enabled'
20:40:53.184 [AsyncHttpClient-1-9] DEBUG org.asynchttpclient.netty.handler.HttpHandler - 

Request DefaultFullHttpRequest(decodeResult: success, version: HTTP/1.1, content: EmptyByteBufBE)
GET /session/5a92510ad5ab85a456b62bec051e878f/element/efa41f8c-0e11-491a-b3dc-74fe8cc7c6c4/enabled HTTP/1.1
User-Agent: selenium/4.1.2 (java windows)
Cache-Control: no-cache
Content-Type: application/json; charset=utf-8
host: localhost:53242
accept: */*

Response DefaultHttpResponse(decodeResult: success, version: HTTP/1.1)
HTTP/1.1 200 OK
Content-Type: application/json; charset=utf-8
cache-control: no-cache
content-length: 14

20:40:53.184 [AsyncHttpClient-1-9] DEBUG org.asynchttpclient.netty.channel.ChannelManager - Adding key: http://localhost:53242 for channel [id: 0xb78031d9, L:/127.0.0.1:62445 - R:localhost/127.0.0.1:53242]
20:40:53.204 [Forwarding screenshot on session 5a92510ad5ab85a456b62bec051e878f to remote] DEBUG org.asynchttpclient.netty.request.NettyRequestSender - Using pooled Channel '[id: 0xb78031d9, L:/127.0.0.1:62445 - R:localhost/127.0.0.1:53242]' for 'GET' to 'http://localhost:53242/session/5a92510ad5ab85a456b62bec051e878f/screenshot'
20:40:53.204 [Forwarding screenshot on session 5a92510ad5ab85a456b62bec051e878f to remote] DEBUG org.asynchttpclient.netty.request.NettyRequestSender - Using open Channel [id: 0xb78031d9, L:/127.0.0.1:62445 - R:localhost/127.0.0.1:53242] for GET '/session/5a92510ad5ab85a456b62bec051e878f/screenshot'
20:40:53.403 [AsyncHttpClient-1-1] DEBUG org.asynchttpclient.netty.channel.DefaultChannelPool - Entry count for : http://localhost:62446 : 1
20:40:53.674 [AsyncHttpClient-1-9] DEBUG org.asynchttpclient.netty.handler.HttpHandler - 

Request DefaultFullHttpRequest(decodeResult: success, version: HTTP/1.1, content: EmptyByteBufBE)
GET /session/5a92510ad5ab85a456b62bec051e878f/screenshot HTTP/1.1
User-Agent: selenium/4.1.2 (java windows)
Cache-Control: no-cache
Content-Type: application/json; charset=utf-8
host: localhost:53242
accept: */*

Response DefaultHttpResponse(decodeResult: success, version: HTTP/1.1)
HTTP/1.1 200 OK
Content-Type: application/json; charset=utf-8
cache-control: no-cache
content-length: 399856

20:40:53.677 [AsyncHttpClient-1-9] DEBUG org.asynchttpclient.netty.channel.ChannelManager - Adding key: http://localhost:53242 for channel [id: 0xb78031d9, L:/127.0.0.1:62445 - R:localhost/127.0.0.1:53242]
20:40:53.726 [main] DEBUG net.serenitybdd.core.photography.Darkroom - Send negative for processing for target\site\serenity\7e8d69d9f4c9281227bf5e240c6f6f67c437011371bd2a6b5e75900021fef174.png
20:40:53.727 [main] DEBUG net.thucydides.core.steps.StepInterceptor - STEP DONE: checkValidDataPasien
  &amp#27;[32mAnd &amp#27;[0m&amp#27;[32mValid edit data&amp#27;[0m                                                           &amp#27;[90m# starter.stepdefinitios.PatientDataSteps.validEditData()&amp#27;[0m
20:40:53.778 [AsyncHttpClient-1-3] DEBUG org.asynchttpclient.netty.handler.WebSocketHandler - Channel Closed: [id: 0xa08ff8c5, L:/127.0.0.1:62457 ! R:localhost/127.0.0.1:62446] with attribute NettyResponseFuture{currentRetry=5,
	isDone=1,
	isCancelled=0,
	asyncHandler=org.asynchttpclient.ws.WebSocketUpgradeHandler@6307d931,
	nettyRequest=org.asynchttpclient.netty.request.NettyRequest@4d2e2883,
	future=java.util.concurrent.CompletableFuture@7ad11b35[Completed normally],
	uri=ws://localhost:62446/devtools/browser/e3333a44-0ae4-4498-9271-118ef4e92378,
	keepAlive=true,
	redirectCount=0,
	timeoutsHolder=null,
	inAuth=0,
	touch=1655991630955}
20:40:53.779 [AsyncHttpClient-1-3] DEBUG org.asynchttpclient.netty.channel.ChannelManager - Closing Channel [id: 0xa08ff8c5, L:/127.0.0.1:62457 ! R:localhost/127.0.0.1:62446] 
20:40:53.780 [Driver Command Executor] DEBUG org.asynchttpclient.netty.request.NettyRequestSender - Using pooled Channel '[id: 0xb78031d9, L:/127.0.0.1:62445 - R:localhost/127.0.0.1:53242]' for 'DELETE' to 'http://localhost:53242/session/5a92510ad5ab85a456b62bec051e878f'
20:40:53.780 [Driver Command Executor] DEBUG org.asynchttpclient.netty.request.NettyRequestSender - Using open Channel [id: 0xb78031d9, L:/127.0.0.1:62445 - R:localhost/127.0.0.1:53242] for DELETE '/session/5a92510ad5ab85a456b62bec051e878f'
20:40:54.501 [AsyncHttpClient-1-1] DEBUG org.asynchttpclient.netty.channel.DefaultChannelPool - Entry count for : http://localhost:62446 : 1
20:40:55.597 [AsyncHttpClient-1-1] DEBUG org.asynchttpclient.netty.channel.DefaultChannelPool - Entry count for : http://localhost:62446 : 1
20:40:55.617 [AsyncHttpClient-1-2] DEBUG org.asynchttpclient.netty.handler.HttpHandler - Unexpected I/O exception on channel [id: 0x3b0b8052, L:/127.0.0.1:62456 - R:localhost/127.0.0.1:62446]
java.io.IOException: An existing connection was forcibly closed by the remote host
	at java.base/sun.nio.ch.SocketDispatcher.read0(Native Method)
	at java.base/sun.nio.ch.SocketDispatcher.read(SocketDispatcher.java:43)
	at java.base/sun.nio.ch.IOUtil.readIntoNativeBuffer(IOUtil.java:276)
	at java.base/sun.nio.ch.IOUtil.read(IOUtil.java:233)
	at java.base/sun.nio.ch.IOUtil.read(IOUtil.java:223)
	at java.base/sun.nio.ch.SocketChannelImpl.read(SocketChannelImpl.java:358)
	at io.netty.buffer.PooledByteBuf.setBytes(PooledByteBuf.java:258)
	at io.netty.buffer.AbstractByteBuf.writeBytes(AbstractByteBuf.java:1132)
	at io.netty.channel.socket.nio.NioSocketChannel.doReadBytes(NioSocketChannel.java:350)
	at io.netty.channel.nio.AbstractNioByteChannel$NioByteUnsafe.read(AbstractNioByteChannel.java:151)
	at io.netty.channel.nio.NioEventLoop.processSelectedKey(NioEventLoop.java:722)
	at io.netty.channel.nio.NioEventLoop.processSelectedKeysOptimized(NioEventLoop.java:658)
	at io.netty.channel.nio.NioEventLoop.processSelectedKeys(NioEventLoop.java:584)
	at io.netty.channel.nio.NioEventLoop.run(NioEventLoop.java:496)
	at io.netty.util.concurrent.SingleThreadEventExecutor$4.run(SingleThreadEventExecutor.java:986)
	at io.netty.util.internal.ThreadExecutorMap$2.run(ThreadExecutorMap.java:74)
	at io.netty.util.concurrent.FastThreadLocalRunnable.run(FastThreadLocalRunnable.java:30)
	at java.base/java.lang.Thread.run(Thread.java:834)
20:40:55.617 [AsyncHttpClient-1-2] DEBUG org.asynchttpclient.netty.channel.ChannelManager - Closing Channel [id: 0x3b0b8052, L:/127.0.0.1:62456 - R:localhost/127.0.0.1:62446] 
20:40:55.618 [AsyncHttpClient-1-2] DEBUG org.asynchttpclient.netty.handler.HttpHandler - Channel Closed: [id: 0x3b0b8052, L:/127.0.0.1:62456 ! R:localhost/127.0.0.1:62446] with attribute DISCARD
20:40:55.715 [AsyncHttpClient-1-9] DEBUG org.asynchttpclient.netty.handler.HttpHandler - 

Request DefaultFullHttpRequest(decodeResult: success, version: HTTP/1.1, content: EmptyByteBufBE)
DELETE /session/5a92510ad5ab85a456b62bec051e878f HTTP/1.1
User-Agent: selenium/4.1.2 (java windows)
Content-Type: application/json; charset=utf-8
host: localhost:53242
accept: */*

Response DefaultHttpResponse(decodeResult: success, version: HTTP/1.1)
HTTP/1.1 200 OK
Content-Type: application/json; charset=utf-8
cache-control: no-cache
content-length: 14

20:40:55.716 [AsyncHttpClient-1-9] DEBUG org.asynchttpclient.netty.channel.ChannelManager - Adding key: http://localhost:53242 for channel [id: 0xb78031d9, L:/127.0.0.1:62445 - R:localhost/127.0.0.1:53242]
20:40:56.244 [AsyncHttpClient-1-9] DEBUG org.asynchttpclient.netty.handler.HttpHandler - Channel Closed: [id: 0xb78031d9, L:/127.0.0.1:62445 ! R:localhost/127.0.0.1:53242] with attribute DISCARD
20:40:56.701 [AsyncHttpClient-1-1] DEBUG org.asynchttpclient.netty.channel.DefaultChannelPool - Entry count for : http://localhost:62446 : 1
20:40:56.701 [AsyncHttpClient-1-1] DEBUG org.asynchttpclient.netty.channel.DefaultChannelPool - Entry count for : http://localhost:53242 : 1
20:40:56.701 [AsyncHttpClient-1-1] DEBUG org.asynchttpclient.netty.channel.DefaultChannelPool - Adding Candidate expired Channel [id: 0x3b0b8052, L:/127.0.0.1:62456 ! R:localhost/127.0.0.1:62446] isIdleTimeoutExpired=false isRemotelyClosed=true isTtlExpired=false
20:40:56.701 [AsyncHttpClient-1-1] DEBUG org.asynchttpclient.netty.channel.DefaultChannelPool - Closing Idle Channel [id: 0x3b0b8052, L:/127.0.0.1:62456 ! R:localhost/127.0.0.1:62446]
20:40:56.701 [AsyncHttpClient-1-1] DEBUG org.asynchttpclient.netty.channel.DefaultChannelPool - Adding Candidate expired Channel [id: 0xb78031d9, L:/127.0.0.1:62445 ! R:localhost/127.0.0.1:53242] isIdleTimeoutExpired=false isRemotelyClosed=true isTtlExpired=false
20:40:56.701 [AsyncHttpClient-1-1] DEBUG org.asynchttpclient.netty.channel.DefaultChannelPool - Closing Idle Channel [id: 0xb78031d9, L:/127.0.0.1:62445 ! R:localhost/127.0.0.1:53242]
20:40:56.701 [AsyncHttpClient-1-1] DEBUG org.asynchttpclient.netty.channel.DefaultChannelPool - Closed 2 connections out of 2 in 0 ms
]]></system-out>
    <system-err><![CDATA[Starting ChromeDriver 102.0.5005.61 (0e59bcc00cc4985ce39ad31c150065f159d95ad3-refs/branch-heads/5005@{#819}) on port 53242
Only local connections are allowed.
Please see https://chromedriver.chromium.org/security-considerations for suggestions on keeping ChromeDriver safe.
ChromeDriver was started successfully.
Jun 23, 2022 8:40:30 PM org.openqa.selenium.remote.ProtocolHandshake createSession
INFO: Detected dialect: W3C
Jun 23, 2022 8:40:30 PM org.openqa.selenium.devtools.CdpVersionFinder findNearestMatch
WARNING: Unable to find an exact match for CDP version 102, so returning the closest version found: a no-op implementation
Jun 23, 2022 8:40:30 PM org.openqa.selenium.devtools.CdpVersionFinder findNearestMatch
INFO: Unable to find CDP implementation matching 102.
Jun 23, 2022 8:40:30 PM org.openqa.selenium.chromium.ChromiumDriver lambda$new$3
WARNING: Unable to find version of CDP to use for . You may need to include a dependency on a specific version of the CDP using something similar to `org.seleniumhq.selenium:selenium-devtools-v86:4.1.2` where the version ("v86") matches the version of the chromium-based browser you're using and the version number of the artifact is the same as Selenium's.
]]></system-err>
  </testcase>
  <testcase name="As a admin i want to delete data dokter" classname="Search Data Dokter - Admin" time="13.406">
    <system-out><![CDATA[20:40:56.790 [main] INFO io.cucumber.core.plugin.SerenityReporter - Running feature from file:///D:/Kel-1-capstone/TestingWeb/src/test/resources/features/SearchDataDokter.feature
20:40:56.803 [main] DEBUG net.thucydides.core.steps.StepEventBus - Test suite started for story net.thucydides.core.model.Story@b9f7eb9a
20:40:56.805 [main] INFO  - Test Suite Started: Search Data Dokter - Admin

@SearchDokterData
Scenario Outline: As a admin i want to delete data dokter &amp#27;[90m# src/test/resources/features/SearchDataDokter.feature:12&amp#27;[0m
20:40:56.839 [main] INFO io.cucumber.core.plugin.SerenityReporter - Running feature from file:///D:/Kel-1-capstone/TestingWeb/src/test/resources/features/SearchDataDokter.feature
20:40:56.848 [main] INFO  - 
  _____   ___   ___   _____     ___   _____     _     ___   _____   ___   ___  
 |_   _| | __| / __| |_   _|   / __| |_   _|   /_\   | _ \ |_   _| | __| |   \ 
   | |   | _|  \__ \   | |     \__ \   | |    / _ \  |   /   | |   | _|  | |) |
   |_|   |___| |___/   |_|     |___/   |_|   /_/ \_\ |_|_\   |_|   |___| |___/ 

As a admin i want to delete data dokter(search-data-dokter---admin;as-a-admin-i-want-to-delete-data-dokter)
--------------------------------------------------------------------------------
20:40:56.981 [main] DEBUG net.thucydides.core.steps.StepInterceptor - STARTING STEP: DokterDataSteps.openPageDataDokter - openDataDokter
20:40:56.985 [main] INFO net.serenitybdd.core.webdriver.driverproviders.ChromeDriverProvider - Using automatically driver download
20:40:57.396 [main] DEBUG io.github.bonigarcia.wdm.cache.ResolutionCache - Resolution chrome=102 in cache (valid until 21:04:30 23/06/2022 ICT)
20:40:57.418 [main] DEBUG io.github.bonigarcia.wdm.cache.ResolutionCache - Resolution chrome102=102.0.5005.61 in cache (valid until 20:04:30 24/06/2022 ICT)
20:40:57.429 [main] INFO io.github.bonigarcia.wdm.WebDriverManager - Using chromedriver 102.0.5005.61 (resolved driver for Chrome 102)
20:40:57.499 [main] DEBUG io.github.bonigarcia.wdm.WebDriverManager - Driver chromedriver 102.0.5005.61 found in cache
20:40:57.502 [main] INFO io.github.bonigarcia.wdm.WebDriverManager - Exporting webdriver.chrome.driver as C:\Users\ASUS\.cache\selenium\chromedriver\win32\102.0.5005.61\chromedriver.exe
20:40:57.831 [main] DEBUG net.serenitybdd.core.webdriver.driverproviders.ProvideNewDriver - Instantiating driver
20:40:57.831 [main] DEBUG net.serenitybdd.core.webdriver.driverproviders.ProvideNewDriver - Driver capabilities: Capabilities {acceptInsecureCerts: false, base.url: https://fanciful-trifle-360..., browserName: chrome, chorme.driver: src/test/resources/webdrive..., driver: chrome, goog:chromeOptions: {args: [], extensions: []}}
20:40:58.421 [AsyncHttpClient-1-4] DEBUG org.asynchttpclient.netty.channel.NettyConnectListener - Using new Channel '[id: 0x267645fe, L:/127.0.0.1:62505 - R:localhost/127.0.0.1:64026]' for 'POST' to '/session'
20:41:01.036 [AsyncHttpClient-1-4] DEBUG org.asynchttpclient.netty.handler.HttpHandler - 

Request DefaultHttpRequest(decodeResult: success, version: HTTP/1.1)
POST /session HTTP/1.1
User-Agent: selenium/4.1.2 (java windows)
Content-Length: 629
Content-Type: application/json; charset=utf-8
host: localhost:64026
accept: */*

Response DefaultHttpResponse(decodeResult: success, version: HTTP/1.1)
HTTP/1.1 200 OK
Content-Type: application/json; charset=utf-8
cache-control: no-cache
content-length: 788

20:41:01.036 [AsyncHttpClient-1-4] DEBUG org.asynchttpclient.netty.channel.ChannelManager - Adding key: http://localhost:64026 for channel [id: 0x267645fe, L:/127.0.0.1:62505 - R:localhost/127.0.0.1:64026]
20:41:01.061 [AsyncHttpClient-1-5] DEBUG org.asynchttpclient.netty.channel.NettyConnectListener - Using new Channel '[id: 0x53fab67d, L:/127.0.0.1:62516 - R:localhost/127.0.0.1:62506]' for 'GET' to '/json/version'
20:41:01.063 [AsyncHttpClient-1-5] DEBUG org.asynchttpclient.netty.handler.HttpHandler - 

Request DefaultFullHttpRequest(decodeResult: success, version: HTTP/1.1, content: EmptyByteBufBE)
GET /json/version HTTP/1.1
User-Agent: selenium/4.1.2 (java windows)
host: localhost:62506
accept: */*

Response DefaultHttpResponse(decodeResult: success, version: HTTP/1.1)
HTTP/1.1 200 OK
Content-Type: application/json; charset=UTF-8
content-length: 428

20:41:01.063 [AsyncHttpClient-1-5] DEBUG org.asynchttpclient.netty.channel.ChannelManager - Adding key: http://localhost:62506 for channel [id: 0x53fab67d, L:/127.0.0.1:62516 - R:localhost/127.0.0.1:62506]
20:41:01.069 [AsyncHttpClient-1-6] DEBUG org.asynchttpclient.netty.channel.NettyConnectListener - Using new Channel '[id: 0x9c9c41eb, L:/127.0.0.1:62517 - R:localhost/127.0.0.1:62506]' for 'GET' to '/devtools/browser/b4539edd-148d-43ca-b454-15788d37ebde'
20:41:01.071 [AsyncHttpClient-1-6] DEBUG org.asynchttpclient.netty.handler.WebSocketHandler - 

Request DefaultFullHttpRequest(decodeResult: success, version: HTTP/1.1, content: EmptyByteBufBE)
GET /devtools/browser/b4539edd-148d-43ca-b454-15788d37ebde HTTP/1.1
upgrade: websocket
connection: upgrade
sec-websocket-key: c0m1fR70I5MyQZqLxmRJ/A==
sec-websocket-version: 13
origin: http://localhost:62506
host: localhost:62506
accept: */*
user-agent: AHC/2.1

Response DefaultHttpResponse(decodeResult: success, version: HTTP/1.1)
HTTP/1.1 101 WebSocket Protocol Handshake
Upgrade: WebSocket
Connection: Upgrade
Sec-WebSocket-Accept: /8TTjDDPUHjBfhMY2jq/xhgCnmQ=

20:41:01.084 [Forwarding get on session ae4218c1c1319a0d2987aaf28f278017 to remote] DEBUG org.asynchttpclient.netty.request.NettyRequestSender - Using pooled Channel '[id: 0x267645fe, L:/127.0.0.1:62505 - R:localhost/127.0.0.1:64026]' for 'POST' to 'http://localhost:64026/session/ae4218c1c1319a0d2987aaf28f278017/url'
20:41:01.084 [Forwarding get on session ae4218c1c1319a0d2987aaf28f278017 to remote] DEBUG org.asynchttpclient.netty.request.NettyRequestSender - Using open Channel [id: 0x267645fe, L:/127.0.0.1:62505 - R:localhost/127.0.0.1:64026] for POST '/session/ae4218c1c1319a0d2987aaf28f278017/url'
20:41:01.101 [AsyncHttpClient-1-1] DEBUG org.asynchttpclient.netty.channel.DefaultChannelPool - Entry count for : http://localhost:62506 : 1
20:41:02.194 [AsyncHttpClient-1-1] DEBUG org.asynchttpclient.netty.channel.DefaultChannelPool - Entry count for : http://localhost:62506 : 1
20:41:02.421 [AsyncHttpClient-1-4] DEBUG org.asynchttpclient.netty.handler.HttpHandler - 

Request DefaultHttpRequest(decodeResult: success, version: HTTP/1.1)
POST /session/ae4218c1c1319a0d2987aaf28f278017/url HTTP/1.1
User-Agent: selenium/4.1.2 (java windows)
Content-Length: 84
Content-Type: application/json; charset=utf-8
host: localhost:64026
accept: */*

Response DefaultHttpResponse(decodeResult: success, version: HTTP/1.1)
HTTP/1.1 200 OK
Content-Type: application/json; charset=utf-8
cache-control: no-cache
content-length: 14

20:41:02.421 [AsyncHttpClient-1-4] DEBUG org.asynchttpclient.netty.channel.ChannelManager - Adding key: http://localhost:64026 for channel [id: 0x267645fe, L:/127.0.0.1:62505 - R:localhost/127.0.0.1:64026]
20:41:02.423 [Forwarding setTimeout on session ae4218c1c1319a0d2987aaf28f278017 to remote] DEBUG org.asynchttpclient.netty.request.NettyRequestSender - Using pooled Channel '[id: 0x267645fe, L:/127.0.0.1:62505 - R:localhost/127.0.0.1:64026]' for 'POST' to 'http://localhost:64026/session/ae4218c1c1319a0d2987aaf28f278017/timeouts'
20:41:02.424 [Forwarding setTimeout on session ae4218c1c1319a0d2987aaf28f278017 to remote] DEBUG org.asynchttpclient.netty.request.NettyRequestSender - Using open Channel [id: 0x267645fe, L:/127.0.0.1:62505 - R:localhost/127.0.0.1:64026] for POST '/session/ae4218c1c1319a0d2987aaf28f278017/timeouts'
20:41:02.428 [AsyncHttpClient-1-4] DEBUG org.asynchttpclient.netty.handler.HttpHandler - 

Request DefaultHttpRequest(decodeResult: success, version: HTTP/1.1)
POST /session/ae4218c1c1319a0d2987aaf28f278017/timeouts HTTP/1.1
User-Agent: selenium/4.1.2 (java windows)
Content-Length: 22
Content-Type: application/json; charset=utf-8
host: localhost:64026
accept: */*

Response DefaultHttpResponse(decodeResult: success, version: HTTP/1.1)
HTTP/1.1 200 OK
Content-Type: application/json; charset=utf-8
cache-control: no-cache
content-length: 14

20:41:02.428 [AsyncHttpClient-1-4] DEBUG org.asynchttpclient.netty.channel.ChannelManager - Adding key: http://localhost:64026 for channel [id: 0x267645fe, L:/127.0.0.1:62505 - R:localhost/127.0.0.1:64026]
20:41:02.434 [Forwarding getCurrentUrl on session ae4218c1c1319a0d2987aaf28f278017 to remote] DEBUG org.asynchttpclient.netty.request.NettyRequestSender - Using pooled Channel '[id: 0x267645fe, L:/127.0.0.1:62505 - R:localhost/127.0.0.1:64026]' for 'GET' to 'http://localhost:64026/session/ae4218c1c1319a0d2987aaf28f278017/url'
20:41:02.434 [Forwarding getCurrentUrl on session ae4218c1c1319a0d2987aaf28f278017 to remote] DEBUG org.asynchttpclient.netty.request.NettyRequestSender - Using open Channel [id: 0x267645fe, L:/127.0.0.1:62505 - R:localhost/127.0.0.1:64026] for GET '/session/ae4218c1c1319a0d2987aaf28f278017/url'
20:41:02.445 [AsyncHttpClient-1-4] DEBUG org.asynchttpclient.netty.handler.HttpHandler - 

Request DefaultFullHttpRequest(decodeResult: success, version: HTTP/1.1, content: EmptyByteBufBE)
GET /session/ae4218c1c1319a0d2987aaf28f278017/url HTTP/1.1
User-Agent: selenium/4.1.2 (java windows)
Cache-Control: no-cache
Content-Type: application/json; charset=utf-8
host: localhost:64026
accept: */*

Response DefaultHttpResponse(decodeResult: success, version: HTTP/1.1)
HTTP/1.1 200 OK
Content-Type: application/json; charset=utf-8
cache-control: no-cache
content-length: 66

20:41:02.445 [AsyncHttpClient-1-4] DEBUG org.asynchttpclient.netty.channel.ChannelManager - Adding key: http://localhost:64026 for channel [id: 0x267645fe, L:/127.0.0.1:62505 - R:localhost/127.0.0.1:64026]
20:41:02.457 [main] DEBUG net.serenitybdd.core.photography.Darkroom - Opening darkroom
20:41:02.459 [Darkroom Processing Line] DEBUG net.serenitybdd.core.photography.DarkroomProcessingLine - Darkroom processing line starting up
20:41:02.459 [Forwarding screenshot on session ae4218c1c1319a0d2987aaf28f278017 to remote] DEBUG org.asynchttpclient.netty.request.NettyRequestSender - Using pooled Channel '[id: 0x267645fe, L:/127.0.0.1:62505 - R:localhost/127.0.0.1:64026]' for 'GET' to 'http://localhost:64026/session/ae4218c1c1319a0d2987aaf28f278017/screenshot'
20:41:02.459 [Forwarding screenshot on session ae4218c1c1319a0d2987aaf28f278017 to remote] DEBUG org.asynchttpclient.netty.request.NettyRequestSender - Using open Channel [id: 0x267645fe, L:/127.0.0.1:62505 - R:localhost/127.0.0.1:64026] for GET '/session/ae4218c1c1319a0d2987aaf28f278017/screenshot'
20:41:03.298 [AsyncHttpClient-1-1] DEBUG org.asynchttpclient.netty.channel.DefaultChannelPool - Entry count for : http://localhost:62506 : 1
20:41:03.589 [AsyncHttpClient-1-4] DEBUG org.asynchttpclient.netty.handler.HttpHandler - 

Request DefaultFullHttpRequest(decodeResult: success, version: HTTP/1.1, content: EmptyByteBufBE)
GET /session/ae4218c1c1319a0d2987aaf28f278017/screenshot HTTP/1.1
User-Agent: selenium/4.1.2 (java windows)
Cache-Control: no-cache
Content-Type: application/json; charset=utf-8
host: localhost:64026
accept: */*

Response DefaultHttpResponse(decodeResult: success, version: HTTP/1.1)
HTTP/1.1 200 OK
Content-Type: application/json; charset=utf-8
cache-control: no-cache
content-length: 93040

20:41:03.590 [AsyncHttpClient-1-4] DEBUG org.asynchttpclient.netty.channel.ChannelManager - Adding key: http://localhost:64026 for channel [id: 0x267645fe, L:/127.0.0.1:62505 - R:localhost/127.0.0.1:64026]
20:41:03.598 [main] DEBUG net.serenitybdd.core.photography.Darkroom - Send negative for processing for target\site\serenity\ee66319f8cb5850ca609fa5af5fccf9e8848aa4d878c3d081ff200c30ff79dfd.png
20:41:03.598 [main] DEBUG net.thucydides.core.steps.StepInterceptor - STEP DONE: openDataDokter
  &amp#27;[32mGiven &amp#27;[0m&amp#27;[32mOpen page data dokter&amp#27;[0m                             &amp#27;[90m# starter.stepdefinitios.DokterDataSteps.openPageDataDokter()&amp#27;[0m
20:41:04.156 [Forwarding screenshot on session ae4218c1c1319a0d2987aaf28f278017 to remote] DEBUG org.asynchttpclient.netty.request.NettyRequestSender - Using pooled Channel '[id: 0x267645fe, L:/127.0.0.1:62505 - R:localhost/127.0.0.1:64026]' for 'GET' to 'http://localhost:64026/session/ae4218c1c1319a0d2987aaf28f278017/screenshot'
20:41:04.156 [Forwarding screenshot on session ae4218c1c1319a0d2987aaf28f278017 to remote] DEBUG org.asynchttpclient.netty.request.NettyRequestSender - Using open Channel [id: 0x267645fe, L:/127.0.0.1:62505 - R:localhost/127.0.0.1:64026] for GET '/session/ae4218c1c1319a0d2987aaf28f278017/screenshot'
20:41:04.355 [AsyncHttpClient-1-4] DEBUG org.asynchttpclient.netty.handler.HttpHandler - 

Request DefaultFullHttpRequest(decodeResult: success, version: HTTP/1.1, content: EmptyByteBufBE)
GET /session/ae4218c1c1319a0d2987aaf28f278017/screenshot HTTP/1.1
User-Agent: selenium/4.1.2 (java windows)
Cache-Control: no-cache
Content-Type: application/json; charset=utf-8
host: localhost:64026
accept: */*

Response DefaultHttpResponse(decodeResult: success, version: HTTP/1.1)
HTTP/1.1 200 OK
Content-Type: application/json; charset=utf-8
cache-control: no-cache
content-length: 93040

20:41:04.356 [AsyncHttpClient-1-4] DEBUG org.asynchttpclient.netty.channel.ChannelManager - Adding key: http://localhost:64026 for channel [id: 0x267645fe, L:/127.0.0.1:62505 - R:localhost/127.0.0.1:64026]
20:41:04.364 [main] DEBUG net.serenitybdd.core.photography.Darkroom - Send negative for processing for target\site\serenity\ee66319f8cb5850ca609fa5af5fccf9e8848aa4d878c3d081ff200c30ff79dfd.png
20:41:04.365 [main] DEBUG net.thucydides.core.steps.StepInterceptor - STARTING STEP: DokterDataSteps.clickSearchAllCategoryDokterData - validPagePasien
20:41:04.371 [Forwarding findElement on session ae4218c1c1319a0d2987aaf28f278017 to remote] DEBUG org.asynchttpclient.netty.request.NettyRequestSender - Using pooled Channel '[id: 0x267645fe, L:/127.0.0.1:62505 - R:localhost/127.0.0.1:64026]' for 'POST' to 'http://localhost:64026/session/ae4218c1c1319a0d2987aaf28f278017/element'
20:41:04.371 [Forwarding findElement on session ae4218c1c1319a0d2987aaf28f278017 to remote] DEBUG org.asynchttpclient.netty.request.NettyRequestSender - Using open Channel [id: 0x267645fe, L:/127.0.0.1:62505 - R:localhost/127.0.0.1:64026] for POST '/session/ae4218c1c1319a0d2987aaf28f278017/element'
20:41:04.394 [AsyncHttpClient-1-1] DEBUG org.asynchttpclient.netty.channel.DefaultChannelPool - Entry count for : http://localhost:62506 : 1
20:41:04.421 [AsyncHttpClient-1-4] DEBUG org.asynchttpclient.netty.handler.HttpHandler - 

Request DefaultHttpRequest(decodeResult: success, version: HTTP/1.1)
POST /session/ae4218c1c1319a0d2987aaf28f278017/element HTTP/1.1
User-Agent: selenium/4.1.2 (java windows)
Content-Length: 126
Content-Type: application/json; charset=utf-8
host: localhost:64026
accept: */*

Response DefaultHttpResponse(decodeResult: success, version: HTTP/1.1)
HTTP/1.1 200 OK
Content-Type: application/json; charset=utf-8
cache-control: no-cache
content-length: 88

20:41:04.421 [AsyncHttpClient-1-4] DEBUG org.asynchttpclient.netty.channel.ChannelManager - Adding key: http://localhost:64026 for channel [id: 0x267645fe, L:/127.0.0.1:62505 - R:localhost/127.0.0.1:64026]
20:41:04.422 [Forwarding isElementEnabled on session ae4218c1c1319a0d2987aaf28f278017 to remote] DEBUG org.asynchttpclient.netty.request.NettyRequestSender - Using pooled Channel '[id: 0x267645fe, L:/127.0.0.1:62505 - R:localhost/127.0.0.1:64026]' for 'GET' to 'http://localhost:64026/session/ae4218c1c1319a0d2987aaf28f278017/element/da7779db-7930-4eb3-bb30-5aa262c96ded/enabled'
20:41:04.422 [Forwarding isElementEnabled on session ae4218c1c1319a0d2987aaf28f278017 to remote] DEBUG org.asynchttpclient.netty.request.NettyRequestSender - Using open Channel [id: 0x267645fe, L:/127.0.0.1:62505 - R:localhost/127.0.0.1:64026] for GET '/session/ae4218c1c1319a0d2987aaf28f278017/element/da7779db-7930-4eb3-bb30-5aa262c96ded/enabled'
20:41:04.448 [AsyncHttpClient-1-4] DEBUG org.asynchttpclient.netty.handler.HttpHandler - 

Request DefaultFullHttpRequest(decodeResult: success, version: HTTP/1.1, content: EmptyByteBufBE)
GET /session/ae4218c1c1319a0d2987aaf28f278017/element/da7779db-7930-4eb3-bb30-5aa262c96ded/enabled HTTP/1.1
User-Agent: selenium/4.1.2 (java windows)
Cache-Control: no-cache
Content-Type: application/json; charset=utf-8
host: localhost:64026
accept: */*

Response DefaultHttpResponse(decodeResult: success, version: HTTP/1.1)
HTTP/1.1 200 OK
Content-Type: application/json; charset=utf-8
cache-control: no-cache
content-length: 14

20:41:04.448 [AsyncHttpClient-1-4] DEBUG org.asynchttpclient.netty.channel.ChannelManager - Adding key: http://localhost:64026 for channel [id: 0x267645fe, L:/127.0.0.1:62505 - R:localhost/127.0.0.1:64026]
20:41:04.461 [Forwarding screenshot on session ae4218c1c1319a0d2987aaf28f278017 to remote] DEBUG org.asynchttpclient.netty.request.NettyRequestSender - Using pooled Channel '[id: 0x267645fe, L:/127.0.0.1:62505 - R:localhost/127.0.0.1:64026]' for 'GET' to 'http://localhost:64026/session/ae4218c1c1319a0d2987aaf28f278017/screenshot'
20:41:04.461 [Forwarding screenshot on session ae4218c1c1319a0d2987aaf28f278017 to remote] DEBUG org.asynchttpclient.netty.request.NettyRequestSender - Using open Channel [id: 0x267645fe, L:/127.0.0.1:62505 - R:localhost/127.0.0.1:64026] for GET '/session/ae4218c1c1319a0d2987aaf28f278017/screenshot'
20:41:04.722 [AsyncHttpClient-1-4] DEBUG org.asynchttpclient.netty.handler.HttpHandler - 

Request DefaultFullHttpRequest(decodeResult: success, version: HTTP/1.1, content: EmptyByteBufBE)
GET /session/ae4218c1c1319a0d2987aaf28f278017/screenshot HTTP/1.1
User-Agent: selenium/4.1.2 (java windows)
Cache-Control: no-cache
Content-Type: application/json; charset=utf-8
host: localhost:64026
accept: */*

Response DefaultHttpResponse(decodeResult: success, version: HTTP/1.1)
HTTP/1.1 200 OK
Content-Type: application/json; charset=utf-8
cache-control: no-cache
content-length: 93040

20:41:04.723 [AsyncHttpClient-1-4] DEBUG org.asynchttpclient.netty.channel.ChannelManager - Adding key: http://localhost:64026 for channel [id: 0x267645fe, L:/127.0.0.1:62505 - R:localhost/127.0.0.1:64026]
20:41:04.732 [main] DEBUG net.serenitybdd.core.photography.Darkroom - Send negative for processing for target\site\serenity\ee66319f8cb5850ca609fa5af5fccf9e8848aa4d878c3d081ff200c30ff79dfd.png
20:41:04.732 [main] DEBUG net.thucydides.core.steps.StepInterceptor - STEP DONE: validPagePasien
  &amp#27;[32mAnd &amp#27;[0m&amp#27;[32mClick search all category dokter data&amp#27;[0m               &amp#27;[90m# starter.stepdefinitios.DokterDataSteps.clickSearchAllCategoryDokterData()&amp#27;[0m
20:41:04.852 [Forwarding screenshot on session ae4218c1c1319a0d2987aaf28f278017 to remote] DEBUG org.asynchttpclient.netty.request.NettyRequestSender - Using pooled Channel '[id: 0x267645fe, L:/127.0.0.1:62505 - R:localhost/127.0.0.1:64026]' for 'GET' to 'http://localhost:64026/session/ae4218c1c1319a0d2987aaf28f278017/screenshot'
20:41:04.852 [Forwarding screenshot on session ae4218c1c1319a0d2987aaf28f278017 to remote] DEBUG org.asynchttpclient.netty.request.NettyRequestSender - Using open Channel [id: 0x267645fe, L:/127.0.0.1:62505 - R:localhost/127.0.0.1:64026] for GET '/session/ae4218c1c1319a0d2987aaf28f278017/screenshot'
20:41:05.118 [AsyncHttpClient-1-4] DEBUG org.asynchttpclient.netty.handler.HttpHandler - 

Request DefaultFullHttpRequest(decodeResult: success, version: HTTP/1.1, content: EmptyByteBufBE)
GET /session/ae4218c1c1319a0d2987aaf28f278017/screenshot HTTP/1.1
User-Agent: selenium/4.1.2 (java windows)
Cache-Control: no-cache
Content-Type: application/json; charset=utf-8
host: localhost:64026
accept: */*

Response DefaultHttpResponse(decodeResult: success, version: HTTP/1.1)
HTTP/1.1 200 OK
Content-Type: application/json; charset=utf-8
cache-control: no-cache
content-length: 93040

20:41:05.119 [AsyncHttpClient-1-4] DEBUG org.asynchttpclient.netty.channel.ChannelManager - Adding key: http://localhost:64026 for channel [id: 0x267645fe, L:/127.0.0.1:62505 - R:localhost/127.0.0.1:64026]
20:41:05.128 [main] DEBUG net.serenitybdd.core.photography.Darkroom - Send negative for processing for target\site\serenity\ee66319f8cb5850ca609fa5af5fccf9e8848aa4d878c3d081ff200c30ff79dfd.png
20:41:05.129 [main] DEBUG net.thucydides.core.steps.StepInterceptor - STARTING STEP: PatientDataSteps.clickChoseNama - clickButtonChooseCategoryNama
20:41:05.135 [Forwarding findElement on session ae4218c1c1319a0d2987aaf28f278017 to remote] DEBUG org.asynchttpclient.netty.request.NettyRequestSender - Using pooled Channel '[id: 0x267645fe, L:/127.0.0.1:62505 - R:localhost/127.0.0.1:64026]' for 'POST' to 'http://localhost:64026/session/ae4218c1c1319a0d2987aaf28f278017/element'
20:41:05.135 [Forwarding findElement on session ae4218c1c1319a0d2987aaf28f278017 to remote] DEBUG org.asynchttpclient.netty.request.NettyRequestSender - Using open Channel [id: 0x267645fe, L:/127.0.0.1:62505 - R:localhost/127.0.0.1:64026] for POST '/session/ae4218c1c1319a0d2987aaf28f278017/element'
20:41:05.188 [AsyncHttpClient-1-4] DEBUG org.asynchttpclient.netty.handler.HttpHandler - 

Request DefaultHttpRequest(decodeResult: success, version: HTTP/1.1)
POST /session/ae4218c1c1319a0d2987aaf28f278017/element HTTP/1.1
User-Agent: selenium/4.1.2 (java windows)
Content-Length: 81
Content-Type: application/json; charset=utf-8
host: localhost:64026
accept: */*

Response DefaultHttpResponse(decodeResult: success, version: HTTP/1.1)
HTTP/1.1 200 OK
Content-Type: application/json; charset=utf-8
cache-control: no-cache
content-length: 88

20:41:05.188 [AsyncHttpClient-1-4] DEBUG org.asynchttpclient.netty.channel.ChannelManager - Adding key: http://localhost:64026 for channel [id: 0x267645fe, L:/127.0.0.1:62505 - R:localhost/127.0.0.1:64026]
20:41:05.191 [Forwarding getElementTagName on session ae4218c1c1319a0d2987aaf28f278017 to remote] DEBUG org.asynchttpclient.netty.request.NettyRequestSender - Using pooled Channel '[id: 0x267645fe, L:/127.0.0.1:62505 - R:localhost/127.0.0.1:64026]' for 'GET' to 'http://localhost:64026/session/ae4218c1c1319a0d2987aaf28f278017/element/29adfaff-75fd-4dc3-9d3f-4d5fe020e0cc/name'
20:41:05.192 [Forwarding getElementTagName on session ae4218c1c1319a0d2987aaf28f278017 to remote] DEBUG org.asynchttpclient.netty.request.NettyRequestSender - Using open Channel [id: 0x267645fe, L:/127.0.0.1:62505 - R:localhost/127.0.0.1:64026] for GET '/session/ae4218c1c1319a0d2987aaf28f278017/element/29adfaff-75fd-4dc3-9d3f-4d5fe020e0cc/name'
20:41:05.214 [AsyncHttpClient-1-4] DEBUG org.asynchttpclient.netty.handler.HttpHandler - 

Request DefaultFullHttpRequest(decodeResult: success, version: HTTP/1.1, content: EmptyByteBufBE)
GET /session/ae4218c1c1319a0d2987aaf28f278017/element/29adfaff-75fd-4dc3-9d3f-4d5fe020e0cc/name HTTP/1.1
User-Agent: selenium/4.1.2 (java windows)
Cache-Control: no-cache
Content-Type: application/json; charset=utf-8
host: localhost:64026
accept: */*

Response DefaultHttpResponse(decodeResult: success, version: HTTP/1.1)
HTTP/1.1 200 OK
Content-Type: application/json; charset=utf-8
cache-control: no-cache
content-length: 18

20:41:05.214 [AsyncHttpClient-1-4] DEBUG org.asynchttpclient.netty.channel.ChannelManager - Adding key: http://localhost:64026 for channel [id: 0x267645fe, L:/127.0.0.1:62505 - R:localhost/127.0.0.1:64026]
20:41:05.217 [Forwarding getElementTagName on session ae4218c1c1319a0d2987aaf28f278017 to remote] DEBUG org.asynchttpclient.netty.request.NettyRequestSender - Using pooled Channel '[id: 0x267645fe, L:/127.0.0.1:62505 - R:localhost/127.0.0.1:64026]' for 'GET' to 'http://localhost:64026/session/ae4218c1c1319a0d2987aaf28f278017/element/29adfaff-75fd-4dc3-9d3f-4d5fe020e0cc/name'
20:41:05.217 [Forwarding getElementTagName on session ae4218c1c1319a0d2987aaf28f278017 to remote] DEBUG org.asynchttpclient.netty.request.NettyRequestSender - Using open Channel [id: 0x267645fe, L:/127.0.0.1:62505 - R:localhost/127.0.0.1:64026] for GET '/session/ae4218c1c1319a0d2987aaf28f278017/element/29adfaff-75fd-4dc3-9d3f-4d5fe020e0cc/name'
20:41:05.232 [AsyncHttpClient-1-4] DEBUG org.asynchttpclient.netty.handler.HttpHandler - 

Request DefaultFullHttpRequest(decodeResult: success, version: HTTP/1.1, content: EmptyByteBufBE)
GET /session/ae4218c1c1319a0d2987aaf28f278017/element/29adfaff-75fd-4dc3-9d3f-4d5fe020e0cc/name HTTP/1.1
User-Agent: selenium/4.1.2 (java windows)
Cache-Control: no-cache
Content-Type: application/json; charset=utf-8
host: localhost:64026
accept: */*

Response DefaultHttpResponse(decodeResult: success, version: HTTP/1.1)
HTTP/1.1 200 OK
Content-Type: application/json; charset=utf-8
cache-control: no-cache
content-length: 18

20:41:05.232 [AsyncHttpClient-1-4] DEBUG org.asynchttpclient.netty.channel.ChannelManager - Adding key: http://localhost:64026 for channel [id: 0x267645fe, L:/127.0.0.1:62505 - R:localhost/127.0.0.1:64026]
20:41:05.236 [Forwarding isElementEnabled on session ae4218c1c1319a0d2987aaf28f278017 to remote] DEBUG org.asynchttpclient.netty.request.NettyRequestSender - Using pooled Channel '[id: 0x267645fe, L:/127.0.0.1:62505 - R:localhost/127.0.0.1:64026]' for 'GET' to 'http://localhost:64026/session/ae4218c1c1319a0d2987aaf28f278017/element/29adfaff-75fd-4dc3-9d3f-4d5fe020e0cc/enabled'
20:41:05.236 [Forwarding isElementEnabled on session ae4218c1c1319a0d2987aaf28f278017 to remote] DEBUG org.asynchttpclient.netty.request.NettyRequestSender - Using open Channel [id: 0x267645fe, L:/127.0.0.1:62505 - R:localhost/127.0.0.1:64026] for GET '/session/ae4218c1c1319a0d2987aaf28f278017/element/29adfaff-75fd-4dc3-9d3f-4d5fe020e0cc/enabled'
20:41:05.263 [AsyncHttpClient-1-4] DEBUG org.asynchttpclient.netty.handler.HttpHandler - 

Request DefaultFullHttpRequest(decodeResult: success, version: HTTP/1.1, content: EmptyByteBufBE)
GET /session/ae4218c1c1319a0d2987aaf28f278017/element/29adfaff-75fd-4dc3-9d3f-4d5fe020e0cc/enabled HTTP/1.1
User-Agent: selenium/4.1.2 (java windows)
Cache-Control: no-cache
Content-Type: application/json; charset=utf-8
host: localhost:64026
accept: */*

Response DefaultHttpResponse(decodeResult: success, version: HTTP/1.1)
HTTP/1.1 200 OK
Content-Type: application/json; charset=utf-8
cache-control: no-cache
content-length: 14

20:41:05.263 [AsyncHttpClient-1-4] DEBUG org.asynchttpclient.netty.channel.ChannelManager - Adding key: http://localhost:64026 for channel [id: 0x267645fe, L:/127.0.0.1:62505 - R:localhost/127.0.0.1:64026]
20:41:05.265 [Forwarding isElementEnabled on session ae4218c1c1319a0d2987aaf28f278017 to remote] DEBUG org.asynchttpclient.netty.request.NettyRequestSender - Using pooled Channel '[id: 0x267645fe, L:/127.0.0.1:62505 - R:localhost/127.0.0.1:64026]' for 'GET' to 'http://localhost:64026/session/ae4218c1c1319a0d2987aaf28f278017/element/29adfaff-75fd-4dc3-9d3f-4d5fe020e0cc/enabled'
20:41:05.265 [Forwarding isElementEnabled on session ae4218c1c1319a0d2987aaf28f278017 to remote] DEBUG org.asynchttpclient.netty.request.NettyRequestSender - Using open Channel [id: 0x267645fe, L:/127.0.0.1:62505 - R:localhost/127.0.0.1:64026] for GET '/session/ae4218c1c1319a0d2987aaf28f278017/element/29adfaff-75fd-4dc3-9d3f-4d5fe020e0cc/enabled'
20:41:05.387 [AsyncHttpClient-1-4] DEBUG org.asynchttpclient.netty.handler.HttpHandler - 

Request DefaultFullHttpRequest(decodeResult: success, version: HTTP/1.1, content: EmptyByteBufBE)
GET /session/ae4218c1c1319a0d2987aaf28f278017/element/29adfaff-75fd-4dc3-9d3f-4d5fe020e0cc/enabled HTTP/1.1
User-Agent: selenium/4.1.2 (java windows)
Cache-Control: no-cache
Content-Type: application/json; charset=utf-8
host: localhost:64026
accept: */*

Response DefaultHttpResponse(decodeResult: success, version: HTTP/1.1)
HTTP/1.1 200 OK
Content-Type: application/json; charset=utf-8
cache-control: no-cache
content-length: 14

20:41:05.387 [AsyncHttpClient-1-4] DEBUG org.asynchttpclient.netty.channel.ChannelManager - Adding key: http://localhost:64026 for channel [id: 0x267645fe, L:/127.0.0.1:62505 - R:localhost/127.0.0.1:64026]
20:41:05.397 [Forwarding findElement on session ae4218c1c1319a0d2987aaf28f278017 to remote] DEBUG org.asynchttpclient.netty.request.NettyRequestSender - Using pooled Channel '[id: 0x267645fe, L:/127.0.0.1:62505 - R:localhost/127.0.0.1:64026]' for 'POST' to 'http://localhost:64026/session/ae4218c1c1319a0d2987aaf28f278017/element'
20:41:05.397 [Forwarding findElement on session ae4218c1c1319a0d2987aaf28f278017 to remote] DEBUG org.asynchttpclient.netty.request.NettyRequestSender - Using open Channel [id: 0x267645fe, L:/127.0.0.1:62505 - R:localhost/127.0.0.1:64026] for POST '/session/ae4218c1c1319a0d2987aaf28f278017/element'
20:41:05.435 [AsyncHttpClient-1-4] DEBUG org.asynchttpclient.netty.handler.HttpHandler - 

Request DefaultHttpRequest(decodeResult: success, version: HTTP/1.1)
POST /session/ae4218c1c1319a0d2987aaf28f278017/element HTTP/1.1
User-Agent: selenium/4.1.2 (java windows)
Content-Length: 81
Content-Type: application/json; charset=utf-8
host: localhost:64026
accept: */*

Response DefaultHttpResponse(decodeResult: success, version: HTTP/1.1)
HTTP/1.1 200 OK
Content-Type: application/json; charset=utf-8
cache-control: no-cache
content-length: 88

20:41:05.435 [AsyncHttpClient-1-4] DEBUG org.asynchttpclient.netty.channel.ChannelManager - Adding key: http://localhost:64026 for channel [id: 0x267645fe, L:/127.0.0.1:62505 - R:localhost/127.0.0.1:64026]
20:41:05.437 [Forwarding clickElement on session ae4218c1c1319a0d2987aaf28f278017 to remote] DEBUG org.asynchttpclient.netty.request.NettyRequestSender - Using pooled Channel '[id: 0x267645fe, L:/127.0.0.1:62505 - R:localhost/127.0.0.1:64026]' for 'POST' to 'http://localhost:64026/session/ae4218c1c1319a0d2987aaf28f278017/element/29adfaff-75fd-4dc3-9d3f-4d5fe020e0cc/click'
20:41:05.437 [Forwarding clickElement on session ae4218c1c1319a0d2987aaf28f278017 to remote] DEBUG org.asynchttpclient.netty.request.NettyRequestSender - Using open Channel [id: 0x267645fe, L:/127.0.0.1:62505 - R:localhost/127.0.0.1:64026] for POST '/session/ae4218c1c1319a0d2987aaf28f278017/element/29adfaff-75fd-4dc3-9d3f-4d5fe020e0cc/click'
20:41:05.494 [AsyncHttpClient-1-1] DEBUG org.asynchttpclient.netty.channel.DefaultChannelPool - Entry count for : http://localhost:62506 : 1
20:41:05.549 [AsyncHttpClient-1-4] DEBUG org.asynchttpclient.netty.handler.HttpHandler - 

Request DefaultHttpRequest(decodeResult: success, version: HTTP/1.1)
POST /session/ae4218c1c1319a0d2987aaf28f278017/element/29adfaff-75fd-4dc3-9d3f-4d5fe020e0cc/click HTTP/1.1
User-Agent: selenium/4.1.2 (java windows)
Content-Length: 50
Content-Type: application/json; charset=utf-8
host: localhost:64026
accept: */*

Response DefaultHttpResponse(decodeResult: success, version: HTTP/1.1)
HTTP/1.1 200 OK
Content-Type: application/json; charset=utf-8
cache-control: no-cache
content-length: 14

20:41:05.549 [AsyncHttpClient-1-4] DEBUG org.asynchttpclient.netty.channel.ChannelManager - Adding key: http://localhost:64026 for channel [id: 0x267645fe, L:/127.0.0.1:62505 - R:localhost/127.0.0.1:64026]
20:41:05.569 [Forwarding screenshot on session ae4218c1c1319a0d2987aaf28f278017 to remote] DEBUG org.asynchttpclient.netty.request.NettyRequestSender - Using pooled Channel '[id: 0x267645fe, L:/127.0.0.1:62505 - R:localhost/127.0.0.1:64026]' for 'GET' to 'http://localhost:64026/session/ae4218c1c1319a0d2987aaf28f278017/screenshot'
20:41:05.569 [Forwarding screenshot on session ae4218c1c1319a0d2987aaf28f278017 to remote] DEBUG org.asynchttpclient.netty.request.NettyRequestSender - Using open Channel [id: 0x267645fe, L:/127.0.0.1:62505 - R:localhost/127.0.0.1:64026] for GET '/session/ae4218c1c1319a0d2987aaf28f278017/screenshot'
20:41:06.149 [AsyncHttpClient-1-4] DEBUG org.asynchttpclient.netty.handler.HttpHandler - 

Request DefaultFullHttpRequest(decodeResult: success, version: HTTP/1.1, content: EmptyByteBufBE)
GET /session/ae4218c1c1319a0d2987aaf28f278017/screenshot HTTP/1.1
User-Agent: selenium/4.1.2 (java windows)
Cache-Control: no-cache
Content-Type: application/json; charset=utf-8
host: localhost:64026
accept: */*

Response DefaultHttpResponse(decodeResult: success, version: HTTP/1.1)
HTTP/1.1 200 OK
Content-Type: application/json; charset=utf-8
cache-control: no-cache
content-length: 92572

20:41:06.150 [AsyncHttpClient-1-4] DEBUG org.asynchttpclient.netty.channel.ChannelManager - Adding key: http://localhost:64026 for channel [id: 0x267645fe, L:/127.0.0.1:62505 - R:localhost/127.0.0.1:64026]
20:41:06.158 [main] DEBUG net.serenitybdd.core.photography.Darkroom - Send negative for processing for target\site\serenity\1512f6d98b8e383d57d274cca3b23666cce0278d2d78bdd4cb2aac3deca5dec8.png
20:41:06.159 [main] DEBUG net.thucydides.core.steps.StepInterceptor - STEP DONE: clickButtonChooseCategoryNama
  &amp#27;[32mWhen &amp#27;[0m&amp#27;[32mClick chose nama&amp#27;[0m                                   &amp#27;[90m# starter.stepdefinitios.PatientDataSteps.clickChoseNama()&amp#27;[0m
20:41:06.161 [Darkroom Processing Line] DEBUG net.serenitybdd.core.photography.DarkroomProcessingLine - Processing screenshot image in /var/screenshots/screenshot-10510371288585172156
20:41:06.161 [Darkroom Processing Line] DEBUG net.serenitybdd.core.photography.DarkroomProcessingLine - Saving screenshot to target\site\serenity\1512f6d98b8e383d57d274cca3b23666cce0278d2d78bdd4cb2aac3deca5dec8.png
20:41:06.221 [Forwarding screenshot on session ae4218c1c1319a0d2987aaf28f278017 to remote] DEBUG org.asynchttpclient.netty.request.NettyRequestSender - Using pooled Channel '[id: 0x267645fe, L:/127.0.0.1:62505 - R:localhost/127.0.0.1:64026]' for 'GET' to 'http://localhost:64026/session/ae4218c1c1319a0d2987aaf28f278017/screenshot'
20:41:06.221 [Forwarding screenshot on session ae4218c1c1319a0d2987aaf28f278017 to remote] DEBUG org.asynchttpclient.netty.request.NettyRequestSender - Using open Channel [id: 0x267645fe, L:/127.0.0.1:62505 - R:localhost/127.0.0.1:64026] for GET '/session/ae4218c1c1319a0d2987aaf28f278017/screenshot'
20:41:06.526 [AsyncHttpClient-1-4] DEBUG org.asynchttpclient.netty.handler.HttpHandler - 

Request DefaultFullHttpRequest(decodeResult: success, version: HTTP/1.1, content: EmptyByteBufBE)
GET /session/ae4218c1c1319a0d2987aaf28f278017/screenshot HTTP/1.1
User-Agent: selenium/4.1.2 (java windows)
Cache-Control: no-cache
Content-Type: application/json; charset=utf-8
host: localhost:64026
accept: */*

Response DefaultHttpResponse(decodeResult: success, version: HTTP/1.1)
HTTP/1.1 200 OK
Content-Type: application/json; charset=utf-8
cache-control: no-cache
content-length: 92572

20:41:06.527 [AsyncHttpClient-1-4] DEBUG org.asynchttpclient.netty.channel.ChannelManager - Adding key: http://localhost:64026 for channel [id: 0x267645fe, L:/127.0.0.1:62505 - R:localhost/127.0.0.1:64026]
20:41:06.537 [main] DEBUG net.serenitybdd.core.photography.Darkroom - Send negative for processing for target\site\serenity\1512f6d98b8e383d57d274cca3b23666cce0278d2d78bdd4cb2aac3deca5dec8.png
20:41:06.558 [main] DEBUG net.thucydides.core.steps.StepInterceptor - STARTING STEP: PatientDataSteps.inputDataCategory - inputDataCategory
20:41:06.563 [Forwarding findElement on session ae4218c1c1319a0d2987aaf28f278017 to remote] DEBUG org.asynchttpclient.netty.request.NettyRequestSender - Using pooled Channel '[id: 0x267645fe, L:/127.0.0.1:62505 - R:localhost/127.0.0.1:64026]' for 'POST' to 'http://localhost:64026/session/ae4218c1c1319a0d2987aaf28f278017/element'
20:41:06.564 [Forwarding findElement on session ae4218c1c1319a0d2987aaf28f278017 to remote] DEBUG org.asynchttpclient.netty.request.NettyRequestSender - Using open Channel [id: 0x267645fe, L:/127.0.0.1:62505 - R:localhost/127.0.0.1:64026] for POST '/session/ae4218c1c1319a0d2987aaf28f278017/element'
20:41:06.597 [AsyncHttpClient-1-1] DEBUG org.asynchttpclient.netty.channel.DefaultChannelPool - Entry count for : http://localhost:62506 : 1
20:41:06.615 [AsyncHttpClient-1-4] DEBUG org.asynchttpclient.netty.handler.HttpHandler - 

Request DefaultHttpRequest(decodeResult: success, version: HTTP/1.1)
POST /session/ae4218c1c1319a0d2987aaf28f278017/element HTTP/1.1
User-Agent: selenium/4.1.2 (java windows)
Content-Length: 102
Content-Type: application/json; charset=utf-8
host: localhost:64026
accept: */*

Response DefaultHttpResponse(decodeResult: success, version: HTTP/1.1)
HTTP/1.1 200 OK
Content-Type: application/json; charset=utf-8
cache-control: no-cache
content-length: 88

20:41:06.615 [AsyncHttpClient-1-4] DEBUG org.asynchttpclient.netty.channel.ChannelManager - Adding key: http://localhost:64026 for channel [id: 0x267645fe, L:/127.0.0.1:62505 - R:localhost/127.0.0.1:64026]
20:41:06.617 [Forwarding clearElement on session ae4218c1c1319a0d2987aaf28f278017 to remote] DEBUG org.asynchttpclient.netty.request.NettyRequestSender - Using pooled Channel '[id: 0x267645fe, L:/127.0.0.1:62505 - R:localhost/127.0.0.1:64026]' for 'POST' to 'http://localhost:64026/session/ae4218c1c1319a0d2987aaf28f278017/element/883c0fe7-93e9-48b8-a521-299c22b3f725/clear'
20:41:06.617 [Forwarding clearElement on session ae4218c1c1319a0d2987aaf28f278017 to remote] DEBUG org.asynchttpclient.netty.request.NettyRequestSender - Using open Channel [id: 0x267645fe, L:/127.0.0.1:62505 - R:localhost/127.0.0.1:64026] for POST '/session/ae4218c1c1319a0d2987aaf28f278017/element/883c0fe7-93e9-48b8-a521-299c22b3f725/clear'
20:41:06.749 [AsyncHttpClient-1-4] DEBUG org.asynchttpclient.netty.handler.HttpHandler - 

Request DefaultHttpRequest(decodeResult: success, version: HTTP/1.1)
POST /session/ae4218c1c1319a0d2987aaf28f278017/element/883c0fe7-93e9-48b8-a521-299c22b3f725/clear HTTP/1.1
User-Agent: selenium/4.1.2 (java windows)
Content-Length: 50
Content-Type: application/json; charset=utf-8
host: localhost:64026
accept: */*

Response DefaultHttpResponse(decodeResult: success, version: HTTP/1.1)
HTTP/1.1 200 OK
Content-Type: application/json; charset=utf-8
cache-control: no-cache
content-length: 14

20:41:06.749 [AsyncHttpClient-1-4] DEBUG org.asynchttpclient.netty.channel.ChannelManager - Adding key: http://localhost:64026 for channel [id: 0x267645fe, L:/127.0.0.1:62505 - R:localhost/127.0.0.1:64026]
20:41:06.753 [Forwarding sendKeysToElement on session ae4218c1c1319a0d2987aaf28f278017 to remote] DEBUG org.asynchttpclient.netty.request.NettyRequestSender - Using pooled Channel '[id: 0x267645fe, L:/127.0.0.1:62505 - R:localhost/127.0.0.1:64026]' for 'POST' to 'http://localhost:64026/session/ae4218c1c1319a0d2987aaf28f278017/element/883c0fe7-93e9-48b8-a521-299c22b3f725/value'
20:41:06.753 [Forwarding sendKeysToElement on session ae4218c1c1319a0d2987aaf28f278017 to remote] DEBUG org.asynchttpclient.netty.request.NettyRequestSender - Using open Channel [id: 0x267645fe, L:/127.0.0.1:62505 - R:localhost/127.0.0.1:64026] for POST '/session/ae4218c1c1319a0d2987aaf28f278017/element/883c0fe7-93e9-48b8-a521-299c22b3f725/value'
20:41:07.000 [AsyncHttpClient-1-4] DEBUG org.asynchttpclient.netty.handler.HttpHandler - 

Request DefaultHttpRequest(decodeResult: success, version: HTTP/1.1)
POST /session/ae4218c1c1319a0d2987aaf28f278017/element/883c0fe7-93e9-48b8-a521-299c22b3f725/value HTTP/1.1
User-Agent: selenium/4.1.2 (java windows)
Content-Length: 131
Content-Type: application/json; charset=utf-8
host: localhost:64026
accept: */*

Response DefaultHttpResponse(decodeResult: success, version: HTTP/1.1)
HTTP/1.1 200 OK
Content-Type: application/json; charset=utf-8
cache-control: no-cache
content-length: 14

20:41:07.005 [AsyncHttpClient-1-4] DEBUG org.asynchttpclient.netty.channel.ChannelManager - Adding key: http://localhost:64026 for channel [id: 0x267645fe, L:/127.0.0.1:62505 - R:localhost/127.0.0.1:64026]
20:41:07.032 [Forwarding screenshot on session ae4218c1c1319a0d2987aaf28f278017 to remote] DEBUG org.asynchttpclient.netty.request.NettyRequestSender - Using pooled Channel '[id: 0x267645fe, L:/127.0.0.1:62505 - R:localhost/127.0.0.1:64026]' for 'GET' to 'http://localhost:64026/session/ae4218c1c1319a0d2987aaf28f278017/screenshot'
20:41:07.032 [Forwarding screenshot on session ae4218c1c1319a0d2987aaf28f278017 to remote] DEBUG org.asynchttpclient.netty.request.NettyRequestSender - Using open Channel [id: 0x267645fe, L:/127.0.0.1:62505 - R:localhost/127.0.0.1:64026] for GET '/session/ae4218c1c1319a0d2987aaf28f278017/screenshot'
20:41:07.282 [AsyncHttpClient-1-4] DEBUG org.asynchttpclient.netty.handler.HttpHandler - 

Request DefaultFullHttpRequest(decodeResult: success, version: HTTP/1.1, content: EmptyByteBufBE)
GET /session/ae4218c1c1319a0d2987aaf28f278017/screenshot HTTP/1.1
User-Agent: selenium/4.1.2 (java windows)
Cache-Control: no-cache
Content-Type: application/json; charset=utf-8
host: localhost:64026
accept: */*

Response DefaultHttpResponse(decodeResult: success, version: HTTP/1.1)
HTTP/1.1 200 OK
Content-Type: application/json; charset=utf-8
cache-control: no-cache
content-length: 69476

20:41:07.282 [AsyncHttpClient-1-4] DEBUG org.asynchttpclient.netty.channel.ChannelManager - Adding key: http://localhost:64026 for channel [id: 0x267645fe, L:/127.0.0.1:62505 - R:localhost/127.0.0.1:64026]
20:41:07.289 [main] DEBUG net.serenitybdd.core.photography.Darkroom - Send negative for processing for target\site\serenity\4df730023e2e67fb2aa863b6344f6d656d6091f9d639f4de330748c9b79a190b.png
20:41:07.289 [main] DEBUG net.thucydides.core.steps.StepInterceptor - STEP DONE: inputDataCategory
  &amp#27;[32mAnd &amp#27;[0m&amp#27;[32mInput data &amp#27;[0m&amp#27;[32m&amp#27;[1m"Bagas"&amp#27;[0m&amp#27;[32m category&amp#27;[0m                         &amp#27;[90m# starter.stepdefinitios.PatientDataSteps.inputDataCategory(java.lang.String)&amp#27;[0m
20:41:07.292 [Darkroom Processing Line] DEBUG net.serenitybdd.core.photography.DarkroomProcessingLine - Processing screenshot image in /var/screenshots/screenshot-453493883307369091
20:41:07.292 [Darkroom Processing Line] DEBUG net.serenitybdd.core.photography.DarkroomProcessingLine - Saving screenshot to target\site\serenity\4df730023e2e67fb2aa863b6344f6d656d6091f9d639f4de330748c9b79a190b.png
20:41:07.714 [AsyncHttpClient-1-1] DEBUG org.asynchttpclient.netty.channel.DefaultChannelPool - Entry count for : http://localhost:64026 : 1
20:41:07.714 [AsyncHttpClient-1-1] DEBUG org.asynchttpclient.netty.channel.DefaultChannelPool - Entry count for : http://localhost:62506 : 1
20:41:07.861 [Forwarding screenshot on session ae4218c1c1319a0d2987aaf28f278017 to remote] DEBUG org.asynchttpclient.netty.request.NettyRequestSender - Using pooled Channel '[id: 0x267645fe, L:/127.0.0.1:62505 - R:localhost/127.0.0.1:64026]' for 'GET' to 'http://localhost:64026/session/ae4218c1c1319a0d2987aaf28f278017/screenshot'
20:41:07.861 [Forwarding screenshot on session ae4218c1c1319a0d2987aaf28f278017 to remote] DEBUG org.asynchttpclient.netty.request.NettyRequestSender - Using open Channel [id: 0x267645fe, L:/127.0.0.1:62505 - R:localhost/127.0.0.1:64026] for GET '/session/ae4218c1c1319a0d2987aaf28f278017/screenshot'
20:41:08.243 [AsyncHttpClient-1-4] DEBUG org.asynchttpclient.netty.handler.HttpHandler - 

Request DefaultFullHttpRequest(decodeResult: success, version: HTTP/1.1, content: EmptyByteBufBE)
GET /session/ae4218c1c1319a0d2987aaf28f278017/screenshot HTTP/1.1
User-Agent: selenium/4.1.2 (java windows)
Cache-Control: no-cache
Content-Type: application/json; charset=utf-8
host: localhost:64026
accept: */*

Response DefaultHttpResponse(decodeResult: success, version: HTTP/1.1)
HTTP/1.1 200 OK
Content-Type: application/json; charset=utf-8
cache-control: no-cache
content-length: 69436

20:41:08.244 [AsyncHttpClient-1-4] DEBUG org.asynchttpclient.netty.channel.ChannelManager - Adding key: http://localhost:64026 for channel [id: 0x267645fe, L:/127.0.0.1:62505 - R:localhost/127.0.0.1:64026]
20:41:08.250 [main] DEBUG net.serenitybdd.core.photography.Darkroom - Send negative for processing for target\site\serenity\f49d02435959b52d58c8bbadf217c931f2958a5109ccdcd480be908e7d5321b4.png
20:41:08.250 [main] DEBUG net.thucydides.core.steps.StepInterceptor - STARTING STEP: PatientDataSteps.validDataCategoryPasien - validPagePasien
20:41:08.251 [Darkroom Processing Line] DEBUG net.serenitybdd.core.photography.DarkroomProcessingLine - Processing screenshot image in /var/screenshots/screenshot-7791126679095684013
20:41:08.251 [Darkroom Processing Line] DEBUG net.serenitybdd.core.photography.DarkroomProcessingLine - Saving screenshot to target\site\serenity\f49d02435959b52d58c8bbadf217c931f2958a5109ccdcd480be908e7d5321b4.png
20:41:08.255 [Forwarding findElement on session ae4218c1c1319a0d2987aaf28f278017 to remote] DEBUG org.asynchttpclient.netty.request.NettyRequestSender - Using pooled Channel '[id: 0x267645fe, L:/127.0.0.1:62505 - R:localhost/127.0.0.1:64026]' for 'POST' to 'http://localhost:64026/session/ae4218c1c1319a0d2987aaf28f278017/element'
20:41:08.256 [Forwarding findElement on session ae4218c1c1319a0d2987aaf28f278017 to remote] DEBUG org.asynchttpclient.netty.request.NettyRequestSender - Using open Channel [id: 0x267645fe, L:/127.0.0.1:62505 - R:localhost/127.0.0.1:64026] for POST '/session/ae4218c1c1319a0d2987aaf28f278017/element'
20:41:08.302 [AsyncHttpClient-1-4] DEBUG org.asynchttpclient.netty.handler.HttpHandler - 

Request DefaultHttpRequest(decodeResult: success, version: HTTP/1.1)
POST /session/ae4218c1c1319a0d2987aaf28f278017/element HTTP/1.1
User-Agent: selenium/4.1.2 (java windows)
Content-Length: 126
Content-Type: application/json; charset=utf-8
host: localhost:64026
accept: */*

Response DefaultHttpResponse(decodeResult: success, version: HTTP/1.1)
HTTP/1.1 200 OK
Content-Type: application/json; charset=utf-8
cache-control: no-cache
content-length: 88

20:41:08.303 [AsyncHttpClient-1-4] DEBUG org.asynchttpclient.netty.channel.ChannelManager - Adding key: http://localhost:64026 for channel [id: 0x267645fe, L:/127.0.0.1:62505 - R:localhost/127.0.0.1:64026]
20:41:08.304 [Forwarding isElementEnabled on session ae4218c1c1319a0d2987aaf28f278017 to remote] DEBUG org.asynchttpclient.netty.request.NettyRequestSender - Using pooled Channel '[id: 0x267645fe, L:/127.0.0.1:62505 - R:localhost/127.0.0.1:64026]' for 'GET' to 'http://localhost:64026/session/ae4218c1c1319a0d2987aaf28f278017/element/da7779db-7930-4eb3-bb30-5aa262c96ded/enabled'
20:41:08.304 [Forwarding isElementEnabled on session ae4218c1c1319a0d2987aaf28f278017 to remote] DEBUG org.asynchttpclient.netty.request.NettyRequestSender - Using open Channel [id: 0x267645fe, L:/127.0.0.1:62505 - R:localhost/127.0.0.1:64026] for GET '/session/ae4218c1c1319a0d2987aaf28f278017/element/da7779db-7930-4eb3-bb30-5aa262c96ded/enabled'
20:41:08.323 [AsyncHttpClient-1-4] DEBUG org.asynchttpclient.netty.handler.HttpHandler - 

Request DefaultFullHttpRequest(decodeResult: success, version: HTTP/1.1, content: EmptyByteBufBE)
GET /session/ae4218c1c1319a0d2987aaf28f278017/element/da7779db-7930-4eb3-bb30-5aa262c96ded/enabled HTTP/1.1
User-Agent: selenium/4.1.2 (java windows)
Cache-Control: no-cache
Content-Type: application/json; charset=utf-8
host: localhost:64026
accept: */*

Response DefaultHttpResponse(decodeResult: success, version: HTTP/1.1)
HTTP/1.1 200 OK
Content-Type: application/json; charset=utf-8
cache-control: no-cache
content-length: 14

20:41:08.323 [AsyncHttpClient-1-4] DEBUG org.asynchttpclient.netty.channel.ChannelManager - Adding key: http://localhost:64026 for channel [id: 0x267645fe, L:/127.0.0.1:62505 - R:localhost/127.0.0.1:64026]
20:41:08.334 [Forwarding screenshot on session ae4218c1c1319a0d2987aaf28f278017 to remote] DEBUG org.asynchttpclient.netty.request.NettyRequestSender - Using pooled Channel '[id: 0x267645fe, L:/127.0.0.1:62505 - R:localhost/127.0.0.1:64026]' for 'GET' to 'http://localhost:64026/session/ae4218c1c1319a0d2987aaf28f278017/screenshot'
20:41:08.334 [Forwarding screenshot on session ae4218c1c1319a0d2987aaf28f278017 to remote] DEBUG org.asynchttpclient.netty.request.NettyRequestSender - Using open Channel [id: 0x267645fe, L:/127.0.0.1:62505 - R:localhost/127.0.0.1:64026] for GET '/session/ae4218c1c1319a0d2987aaf28f278017/screenshot'
20:41:08.515 [AsyncHttpClient-1-4] DEBUG org.asynchttpclient.netty.handler.HttpHandler - 

Request DefaultFullHttpRequest(decodeResult: success, version: HTTP/1.1, content: EmptyByteBufBE)
GET /session/ae4218c1c1319a0d2987aaf28f278017/screenshot HTTP/1.1
User-Agent: selenium/4.1.2 (java windows)
Cache-Control: no-cache
Content-Type: application/json; charset=utf-8
host: localhost:64026
accept: */*

Response DefaultHttpResponse(decodeResult: success, version: HTTP/1.1)
HTTP/1.1 200 OK
Content-Type: application/json; charset=utf-8
cache-control: no-cache
content-length: 69476

20:41:08.516 [AsyncHttpClient-1-4] DEBUG org.asynchttpclient.netty.channel.ChannelManager - Adding key: http://localhost:64026 for channel [id: 0x267645fe, L:/127.0.0.1:62505 - R:localhost/127.0.0.1:64026]
20:41:08.527 [main] DEBUG net.serenitybdd.core.photography.Darkroom - Send negative for processing for target\site\serenity\4df730023e2e67fb2aa863b6344f6d656d6091f9d639f4de330748c9b79a190b.png
20:41:08.527 [main] DEBUG net.thucydides.core.steps.StepInterceptor - STEP DONE: validPagePasien
  &amp#27;[32mThen &amp#27;[0m&amp#27;[32mValid data category pasien&amp#27;[0m                         &amp#27;[90m# starter.stepdefinitios.PatientDataSteps.validDataCategoryPasien()&amp#27;[0m
20:41:08.559 [AsyncHttpClient-1-6] DEBUG org.asynchttpclient.netty.handler.WebSocketHandler - Channel Closed: [id: 0x9c9c41eb, L:/127.0.0.1:62517 ! R:localhost/127.0.0.1:62506] with attribute NettyResponseFuture{currentRetry=5,
	isDone=1,
	isCancelled=0,
	asyncHandler=org.asynchttpclient.ws.WebSocketUpgradeHandler@511c8c8a,
	nettyRequest=org.asynchttpclient.netty.request.NettyRequest@8dc4658,
	future=java.util.concurrent.CompletableFuture@7f7570cc[Completed normally],
	uri=ws://localhost:62506/devtools/browser/b4539edd-148d-43ca-b454-15788d37ebde,
	keepAlive=true,
	redirectCount=0,
	timeoutsHolder=null,
	inAuth=0,
	touch=1655991661072}
20:41:08.560 [AsyncHttpClient-1-6] DEBUG org.asynchttpclient.netty.channel.ChannelManager - Closing Channel [id: 0x9c9c41eb, L:/127.0.0.1:62517 ! R:localhost/127.0.0.1:62506] 
20:41:08.560 [Driver Command Executor] DEBUG org.asynchttpclient.netty.request.NettyRequestSender - Using pooled Channel '[id: 0x267645fe, L:/127.0.0.1:62505 - R:localhost/127.0.0.1:64026]' for 'DELETE' to 'http://localhost:64026/session/ae4218c1c1319a0d2987aaf28f278017'
20:41:08.560 [Driver Command Executor] DEBUG org.asynchttpclient.netty.request.NettyRequestSender - Using open Channel [id: 0x267645fe, L:/127.0.0.1:62505 - R:localhost/127.0.0.1:64026] for DELETE '/session/ae4218c1c1319a0d2987aaf28f278017'
20:41:08.798 [AsyncHttpClient-1-1] DEBUG org.asynchttpclient.netty.channel.DefaultChannelPool - Entry count for : http://localhost:62506 : 1
20:41:09.071 [AsyncHttpClient-1-5] DEBUG org.asynchttpclient.netty.handler.HttpHandler - Unexpected I/O exception on channel [id: 0x53fab67d, L:/127.0.0.1:62516 - R:localhost/127.0.0.1:62506]
java.io.IOException: An existing connection was forcibly closed by the remote host
	at java.base/sun.nio.ch.SocketDispatcher.read0(Native Method)
	at java.base/sun.nio.ch.SocketDispatcher.read(SocketDispatcher.java:43)
	at java.base/sun.nio.ch.IOUtil.readIntoNativeBuffer(IOUtil.java:276)
	at java.base/sun.nio.ch.IOUtil.read(IOUtil.java:233)
	at java.base/sun.nio.ch.IOUtil.read(IOUtil.java:223)
	at java.base/sun.nio.ch.SocketChannelImpl.read(SocketChannelImpl.java:358)
	at io.netty.buffer.PooledByteBuf.setBytes(PooledByteBuf.java:258)
	at io.netty.buffer.AbstractByteBuf.writeBytes(AbstractByteBuf.java:1132)
	at io.netty.channel.socket.nio.NioSocketChannel.doReadBytes(NioSocketChannel.java:350)
	at io.netty.channel.nio.AbstractNioByteChannel$NioByteUnsafe.read(AbstractNioByteChannel.java:151)
	at io.netty.channel.nio.NioEventLoop.processSelectedKey(NioEventLoop.java:722)
	at io.netty.channel.nio.NioEventLoop.processSelectedKeysOptimized(NioEventLoop.java:658)
	at io.netty.channel.nio.NioEventLoop.processSelectedKeys(NioEventLoop.java:584)
	at io.netty.channel.nio.NioEventLoop.run(NioEventLoop.java:496)
	at io.netty.util.concurrent.SingleThreadEventExecutor$4.run(SingleThreadEventExecutor.java:986)
	at io.netty.util.internal.ThreadExecutorMap$2.run(ThreadExecutorMap.java:74)
	at io.netty.util.concurrent.FastThreadLocalRunnable.run(FastThreadLocalRunnable.java:30)
	at java.base/java.lang.Thread.run(Thread.java:834)
20:41:09.071 [AsyncHttpClient-1-5] DEBUG org.asynchttpclient.netty.channel.ChannelManager - Closing Channel [id: 0x53fab67d, L:/127.0.0.1:62516 - R:localhost/127.0.0.1:62506] 
20:41:09.071 [AsyncHttpClient-1-5] DEBUG org.asynchttpclient.netty.handler.HttpHandler - Channel Closed: [id: 0x53fab67d, L:/127.0.0.1:62516 ! R:localhost/127.0.0.1:62506] with attribute DISCARD
20:41:09.243 [AsyncHttpClient-1-4] DEBUG org.asynchttpclient.netty.handler.HttpHandler - 

Request DefaultFullHttpRequest(decodeResult: success, version: HTTP/1.1, content: EmptyByteBufBE)
DELETE /session/ae4218c1c1319a0d2987aaf28f278017 HTTP/1.1
User-Agent: selenium/4.1.2 (java windows)
Content-Type: application/json; charset=utf-8
host: localhost:64026
accept: */*

Response DefaultHttpResponse(decodeResult: success, version: HTTP/1.1)
HTTP/1.1 200 OK
Content-Type: application/json; charset=utf-8
cache-control: no-cache
content-length: 14

20:41:09.243 [AsyncHttpClient-1-4] DEBUG org.asynchttpclient.netty.channel.ChannelManager - Adding key: http://localhost:64026 for channel [id: 0x267645fe, L:/127.0.0.1:62505 - R:localhost/127.0.0.1:64026]
20:41:09.666 [AsyncHttpClient-1-4] DEBUG org.asynchttpclient.netty.handler.HttpHandler - Channel Closed: [id: 0x267645fe, L:/127.0.0.1:62505 ! R:localhost/127.0.0.1:64026] with attribute DISCARD
20:41:09.898 [AsyncHttpClient-1-1] DEBUG org.asynchttpclient.netty.channel.DefaultChannelPool - Entry count for : http://localhost:64026 : 1
20:41:09.898 [AsyncHttpClient-1-1] DEBUG org.asynchttpclient.netty.channel.DefaultChannelPool - Entry count for : http://localhost:62506 : 1
20:41:09.898 [AsyncHttpClient-1-1] DEBUG org.asynchttpclient.netty.channel.DefaultChannelPool - Adding Candidate expired Channel [id: 0x267645fe, L:/127.0.0.1:62505 ! R:localhost/127.0.0.1:64026] isIdleTimeoutExpired=false isRemotelyClosed=true isTtlExpired=false
20:41:09.898 [AsyncHttpClient-1-1] DEBUG org.asynchttpclient.netty.channel.DefaultChannelPool - Closing Idle Channel [id: 0x267645fe, L:/127.0.0.1:62505 ! R:localhost/127.0.0.1:64026]
20:41:09.898 [AsyncHttpClient-1-1] DEBUG org.asynchttpclient.netty.channel.DefaultChannelPool - Adding Candidate expired Channel [id: 0x53fab67d, L:/127.0.0.1:62516 ! R:localhost/127.0.0.1:62506] isIdleTimeoutExpired=false isRemotelyClosed=true isTtlExpired=false
20:41:09.898 [AsyncHttpClient-1-1] DEBUG org.asynchttpclient.netty.channel.DefaultChannelPool - Closing Idle Channel [id: 0x53fab67d, L:/127.0.0.1:62516 ! R:localhost/127.0.0.1:62506]
20:41:09.898 [AsyncHttpClient-1-1] DEBUG org.asynchttpclient.netty.channel.DefaultChannelPool - Closed 2 connections out of 2 in 0 ms
20:41:10.208 [main] INFO  - 
  _____   ___   ___   _____     ___     _     ___   ___   ___   ___  
 |_   _| | __| / __| |_   _|   | _ \   /_\   / __| / __| | __| |   \ 
   | |   | _|  \__ \   | |     |  _/  / _ \  \__ \ \__ \ | _|  | |) |
   |_|   |___| |___/   |_|     |_|   /_/ \_\ |___/ |___/ |___| |___/ 

As a admin i want to delete data dokter
----------------------------------------------------------------------
]]></system-out>
    <system-err><![CDATA[Starting ChromeDriver 102.0.5005.61 (0e59bcc00cc4985ce39ad31c150065f159d95ad3-refs/branch-heads/5005@{#819}) on port 64026
Only local connections are allowed.
Please see https://chromedriver.chromium.org/security-considerations for suggestions on keeping ChromeDriver safe.
ChromeDriver was started successfully.
Jun 23, 2022 8:41:01 PM org.openqa.selenium.remote.ProtocolHandshake createSession
INFO: Detected dialect: W3C
Jun 23, 2022 8:41:01 PM org.openqa.selenium.devtools.CdpVersionFinder findNearestMatch
WARNING: Unable to find an exact match for CDP version 102, so returning the closest version found: a no-op implementation
Jun 23, 2022 8:41:01 PM org.openqa.selenium.devtools.CdpVersionFinder findNearestMatch
INFO: Unable to find CDP implementation matching 102.
Jun 23, 2022 8:41:01 PM org.openqa.selenium.chromium.ChromiumDriver lambda$new$3
WARNING: Unable to find version of CDP to use for . You may need to include a dependency on a specific version of the CDP using something similar to `org.seleniumhq.selenium:selenium-devtools-v86:4.1.2` where the version ("v86") matches the version of the chromium-based browser you're using and the version number of the artifact is the same as Selenium's.
]]></system-err>
  </testcase>
  <testcase name="As a admin i want to delete data pasien" classname="Search Data Pasien - Admin" time="12.22">
    <system-out><![CDATA[20:41:10.212 [main] INFO io.cucumber.core.plugin.SerenityReporter - Running feature from file:///D:/Kel-1-capstone/TestingWeb/src/test/resources/features/SearchDataPasien.feature
20:41:10.224 [main] DEBUG net.thucydides.core.steps.StepEventBus - Test suite started for story net.thucydides.core.model.Story@f6530d7a
20:41:10.226 [main] INFO  - Test Suite Started: Search Data Pasien - Admin

@SearchPatientData
Scenario: As a admin i want to delete data pasien &amp#27;[90m# src/test/resources/features/SearchDataPasien.feature:4&amp#27;[0m
20:41:10.249 [main] INFO io.cucumber.core.plugin.SerenityReporter - Running feature from file:///D:/Kel-1-capstone/TestingWeb/src/test/resources/features/SearchDataPasien.feature
20:41:10.260 [main] INFO  - 
  _____   ___   ___   _____     ___   _____     _     ___   _____   ___   ___  
 |_   _| | __| / __| |_   _|   / __| |_   _|   /_\   | _ \ |_   _| | __| |   \ 
   | |   | _|  \__ \   | |     \__ \   | |    / _ \  |   /   | |   | _|  | |) |
   |_|   |___| |___/   |_|     |___/   |_|   /_/ \_\ |_|_\   |_|   |___| |___/ 

As a admin i want to delete data pasien(search-data-pasien---admin;as-a-admin-i-want-to-delete-data-pasien)
--------------------------------------------------------------------------------
20:41:10.334 [main] DEBUG net.thucydides.core.steps.StepInterceptor - STARTING STEP: PatientDataSteps.openPageDataPasien - openDataPasien
20:41:10.337 [main] INFO net.serenitybdd.core.webdriver.driverproviders.ChromeDriverProvider - Using automatically driver download
20:41:10.833 [main] DEBUG io.github.bonigarcia.wdm.cache.ResolutionCache - Resolution chrome=102 in cache (valid until 21:04:30 23/06/2022 ICT)
20:41:10.853 [main] DEBUG io.github.bonigarcia.wdm.cache.ResolutionCache - Resolution chrome102=102.0.5005.61 in cache (valid until 20:04:30 24/06/2022 ICT)
20:41:10.865 [main] INFO io.github.bonigarcia.wdm.WebDriverManager - Using chromedriver 102.0.5005.61 (resolved driver for Chrome 102)
20:41:10.953 [main] DEBUG io.github.bonigarcia.wdm.WebDriverManager - Driver chromedriver 102.0.5005.61 found in cache
20:41:10.956 [main] INFO io.github.bonigarcia.wdm.WebDriverManager - Exporting webdriver.chrome.driver as C:\Users\ASUS\.cache\selenium\chromedriver\win32\102.0.5005.61\chromedriver.exe
20:41:11.337 [main] DEBUG net.serenitybdd.core.webdriver.driverproviders.ProvideNewDriver - Instantiating driver
20:41:11.337 [main] DEBUG net.serenitybdd.core.webdriver.driverproviders.ProvideNewDriver - Driver capabilities: Capabilities {acceptInsecureCerts: false, base.url: https://fanciful-trifle-360..., browserName: chrome, chorme.driver: src/test/resources/webdrive..., driver: chrome, goog:chromeOptions: {args: [], extensions: []}}
20:41:11.933 [AsyncHttpClient-1-7] DEBUG org.asynchttpclient.netty.channel.NettyConnectListener - Using new Channel '[id: 0x699dbb94, L:/127.0.0.1:62540 - R:localhost/127.0.0.1:50940]' for 'POST' to '/session'
20:41:14.422 [AsyncHttpClient-1-7] DEBUG org.asynchttpclient.netty.handler.HttpHandler - 

Request DefaultHttpRequest(decodeResult: success, version: HTTP/1.1)
POST /session HTTP/1.1
User-Agent: selenium/4.1.2 (java windows)
Content-Length: 629
Content-Type: application/json; charset=utf-8
host: localhost:50940
accept: */*

Response DefaultHttpResponse(decodeResult: success, version: HTTP/1.1)
HTTP/1.1 200 OK
Content-Type: application/json; charset=utf-8
cache-control: no-cache
content-length: 790

20:41:14.423 [AsyncHttpClient-1-7] DEBUG org.asynchttpclient.netty.channel.ChannelManager - Adding key: http://localhost:50940 for channel [id: 0x699dbb94, L:/127.0.0.1:62540 - R:localhost/127.0.0.1:50940]
20:41:14.449 [AsyncHttpClient-1-8] DEBUG org.asynchttpclient.netty.channel.NettyConnectListener - Using new Channel '[id: 0x0c7f1dfa, L:/127.0.0.1:62553 - R:localhost/127.0.0.1:62543]' for 'GET' to '/json/version'
20:41:14.470 [AsyncHttpClient-1-8] DEBUG org.asynchttpclient.netty.handler.HttpHandler - 

Request DefaultFullHttpRequest(decodeResult: success, version: HTTP/1.1, content: EmptyByteBufBE)
GET /json/version HTTP/1.1
User-Agent: selenium/4.1.2 (java windows)
host: localhost:62543
accept: */*

Response DefaultHttpResponse(decodeResult: success, version: HTTP/1.1)
HTTP/1.1 200 OK
Content-Type: application/json; charset=UTF-8
content-length: 428

20:41:14.470 [AsyncHttpClient-1-8] DEBUG org.asynchttpclient.netty.channel.ChannelManager - Adding key: http://localhost:62543 for channel [id: 0x0c7f1dfa, L:/127.0.0.1:62553 - R:localhost/127.0.0.1:62543]
20:41:14.488 [AsyncHttpClient-1-9] DEBUG org.asynchttpclient.netty.channel.NettyConnectListener - Using new Channel '[id: 0x7f7bc210, L:/127.0.0.1:62554 - R:localhost/127.0.0.1:62543]' for 'GET' to '/devtools/browser/9d9a18c3-6ee2-4480-8b66-bc43bbc01a65'
20:41:14.496 [AsyncHttpClient-1-9] DEBUG org.asynchttpclient.netty.handler.WebSocketHandler - 

Request DefaultFullHttpRequest(decodeResult: success, version: HTTP/1.1, content: EmptyByteBufBE)
GET /devtools/browser/9d9a18c3-6ee2-4480-8b66-bc43bbc01a65 HTTP/1.1
upgrade: websocket
connection: upgrade
sec-websocket-key: NCdJcaFQTi7e44YhVJmnVg==
sec-websocket-version: 13
origin: http://localhost:62543
host: localhost:62543
accept: */*
user-agent: AHC/2.1

Response DefaultHttpResponse(decodeResult: success, version: HTTP/1.1)
HTTP/1.1 101 WebSocket Protocol Handshake
Upgrade: WebSocket
Connection: Upgrade
Sec-WebSocket-Accept: arD6lRLbwBhIBCksZWKus7fAEFA=

20:41:14.512 [Forwarding get on session 4dd92aeac9ec9bf1e3884ced88a973ff to remote] DEBUG org.asynchttpclient.netty.request.NettyRequestSender - Using pooled Channel '[id: 0x699dbb94, L:/127.0.0.1:62540 - R:localhost/127.0.0.1:50940]' for 'POST' to 'http://localhost:50940/session/4dd92aeac9ec9bf1e3884ced88a973ff/url'
20:41:14.512 [Forwarding get on session 4dd92aeac9ec9bf1e3884ced88a973ff to remote] DEBUG org.asynchttpclient.netty.request.NettyRequestSender - Using open Channel [id: 0x699dbb94, L:/127.0.0.1:62540 - R:localhost/127.0.0.1:50940] for POST '/session/4dd92aeac9ec9bf1e3884ced88a973ff/url'
20:41:15.392 [AsyncHttpClient-1-1] DEBUG org.asynchttpclient.netty.channel.DefaultChannelPool - Entry count for : http://localhost:62543 : 1
20:41:16.504 [AsyncHttpClient-1-1] DEBUG org.asynchttpclient.netty.channel.DefaultChannelPool - Entry count for : http://localhost:62543 : 1
20:41:16.587 [AsyncHttpClient-1-7] DEBUG org.asynchttpclient.netty.handler.HttpHandler - 

Request DefaultHttpRequest(decodeResult: success, version: HTTP/1.1)
POST /session/4dd92aeac9ec9bf1e3884ced88a973ff/url HTTP/1.1
User-Agent: selenium/4.1.2 (java windows)
Content-Length: 84
Content-Type: application/json; charset=utf-8
host: localhost:50940
accept: */*

Response DefaultHttpResponse(decodeResult: success, version: HTTP/1.1)
HTTP/1.1 200 OK
Content-Type: application/json; charset=utf-8
cache-control: no-cache
content-length: 14

20:41:16.587 [AsyncHttpClient-1-7] DEBUG org.asynchttpclient.netty.channel.ChannelManager - Adding key: http://localhost:50940 for channel [id: 0x699dbb94, L:/127.0.0.1:62540 - R:localhost/127.0.0.1:50940]
20:41:16.592 [Forwarding setTimeout on session 4dd92aeac9ec9bf1e3884ced88a973ff to remote] DEBUG org.asynchttpclient.netty.request.NettyRequestSender - Using pooled Channel '[id: 0x699dbb94, L:/127.0.0.1:62540 - R:localhost/127.0.0.1:50940]' for 'POST' to 'http://localhost:50940/session/4dd92aeac9ec9bf1e3884ced88a973ff/timeouts'
20:41:16.592 [Forwarding setTimeout on session 4dd92aeac9ec9bf1e3884ced88a973ff to remote] DEBUG org.asynchttpclient.netty.request.NettyRequestSender - Using open Channel [id: 0x699dbb94, L:/127.0.0.1:62540 - R:localhost/127.0.0.1:50940] for POST '/session/4dd92aeac9ec9bf1e3884ced88a973ff/timeouts'
20:41:16.596 [AsyncHttpClient-1-7] DEBUG org.asynchttpclient.netty.handler.HttpHandler - 

Request DefaultHttpRequest(decodeResult: success, version: HTTP/1.1)
POST /session/4dd92aeac9ec9bf1e3884ced88a973ff/timeouts HTTP/1.1
User-Agent: selenium/4.1.2 (java windows)
Content-Length: 22
Content-Type: application/json; charset=utf-8
host: localhost:50940
accept: */*

Response DefaultHttpResponse(decodeResult: success, version: HTTP/1.1)
HTTP/1.1 200 OK
Content-Type: application/json; charset=utf-8
cache-control: no-cache
content-length: 14

20:41:16.596 [AsyncHttpClient-1-7] DEBUG org.asynchttpclient.netty.channel.ChannelManager - Adding key: http://localhost:50940 for channel [id: 0x699dbb94, L:/127.0.0.1:62540 - R:localhost/127.0.0.1:50940]
20:41:16.605 [Forwarding getCurrentUrl on session 4dd92aeac9ec9bf1e3884ced88a973ff to remote] DEBUG org.asynchttpclient.netty.request.NettyRequestSender - Using pooled Channel '[id: 0x699dbb94, L:/127.0.0.1:62540 - R:localhost/127.0.0.1:50940]' for 'GET' to 'http://localhost:50940/session/4dd92aeac9ec9bf1e3884ced88a973ff/url'
20:41:16.605 [Forwarding getCurrentUrl on session 4dd92aeac9ec9bf1e3884ced88a973ff to remote] DEBUG org.asynchttpclient.netty.request.NettyRequestSender - Using open Channel [id: 0x699dbb94, L:/127.0.0.1:62540 - R:localhost/127.0.0.1:50940] for GET '/session/4dd92aeac9ec9bf1e3884ced88a973ff/url'
20:41:16.671 [AsyncHttpClient-1-7] DEBUG org.asynchttpclient.netty.handler.HttpHandler - 

Request DefaultFullHttpRequest(decodeResult: success, version: HTTP/1.1, content: EmptyByteBufBE)
GET /session/4dd92aeac9ec9bf1e3884ced88a973ff/url HTTP/1.1
User-Agent: selenium/4.1.2 (java windows)
Cache-Control: no-cache
Content-Type: application/json; charset=utf-8
host: localhost:50940
accept: */*

Response DefaultHttpResponse(decodeResult: success, version: HTTP/1.1)
HTTP/1.1 200 OK
Content-Type: application/json; charset=utf-8
cache-control: no-cache
content-length: 66

20:41:16.672 [AsyncHttpClient-1-7] DEBUG org.asynchttpclient.netty.channel.ChannelManager - Adding key: http://localhost:50940 for channel [id: 0x699dbb94, L:/127.0.0.1:62540 - R:localhost/127.0.0.1:50940]
20:41:16.688 [main] DEBUG net.serenitybdd.core.photography.Darkroom - Opening darkroom
20:41:16.694 [Forwarding screenshot on session 4dd92aeac9ec9bf1e3884ced88a973ff to remote] DEBUG org.asynchttpclient.netty.request.NettyRequestSender - Using pooled Channel '[id: 0x699dbb94, L:/127.0.0.1:62540 - R:localhost/127.0.0.1:50940]' for 'GET' to 'http://localhost:50940/session/4dd92aeac9ec9bf1e3884ced88a973ff/screenshot'
20:41:16.694 [Forwarding screenshot on session 4dd92aeac9ec9bf1e3884ced88a973ff to remote] DEBUG org.asynchttpclient.netty.request.NettyRequestSender - Using open Channel [id: 0x699dbb94, L:/127.0.0.1:62540 - R:localhost/127.0.0.1:50940] for GET '/session/4dd92aeac9ec9bf1e3884ced88a973ff/screenshot'
20:41:16.738 [Darkroom Processing Line] DEBUG net.serenitybdd.core.photography.DarkroomProcessingLine - Darkroom processing line starting up
20:41:17.618 [AsyncHttpClient-1-1] DEBUG org.asynchttpclient.netty.channel.DefaultChannelPool - Entry count for : http://localhost:62543 : 1
20:41:17.654 [AsyncHttpClient-1-7] DEBUG org.asynchttpclient.netty.handler.HttpHandler - 

Request DefaultFullHttpRequest(decodeResult: success, version: HTTP/1.1, content: EmptyByteBufBE)
GET /session/4dd92aeac9ec9bf1e3884ced88a973ff/screenshot HTTP/1.1
User-Agent: selenium/4.1.2 (java windows)
Cache-Control: no-cache
Content-Type: application/json; charset=utf-8
host: localhost:50940
accept: */*

Response DefaultHttpResponse(decodeResult: success, version: HTTP/1.1)
HTTP/1.1 200 OK
Content-Type: application/json; charset=utf-8
cache-control: no-cache
content-length: 86016

20:41:17.655 [AsyncHttpClient-1-7] DEBUG org.asynchttpclient.netty.channel.ChannelManager - Adding key: http://localhost:50940 for channel [id: 0x699dbb94, L:/127.0.0.1:62540 - R:localhost/127.0.0.1:50940]
20:41:17.663 [main] DEBUG net.serenitybdd.core.photography.Darkroom - Send negative for processing for target\site\serenity\63a8b96f8d8a2353d1098282bddf8724ea51ae4189c07bb318bc22275bd0f5fa.png
20:41:17.663 [main] DEBUG net.thucydides.core.steps.StepInterceptor - STEP DONE: openDataPasien
  &amp#27;[32mGiven &amp#27;[0m&amp#27;[32mOpen page data pasien&amp#27;[0m                     &amp#27;[90m# starter.stepdefinitios.PatientDataSteps.openPageDataPasien()&amp#27;[0m
20:41:17.726 [Forwarding screenshot on session 4dd92aeac9ec9bf1e3884ced88a973ff to remote] DEBUG org.asynchttpclient.netty.request.NettyRequestSender - Using pooled Channel '[id: 0x699dbb94, L:/127.0.0.1:62540 - R:localhost/127.0.0.1:50940]' for 'GET' to 'http://localhost:50940/session/4dd92aeac9ec9bf1e3884ced88a973ff/screenshot'
20:41:17.726 [Forwarding screenshot on session 4dd92aeac9ec9bf1e3884ced88a973ff to remote] DEBUG org.asynchttpclient.netty.request.NettyRequestSender - Using open Channel [id: 0x699dbb94, L:/127.0.0.1:62540 - R:localhost/127.0.0.1:50940] for GET '/session/4dd92aeac9ec9bf1e3884ced88a973ff/screenshot'
20:41:17.939 [AsyncHttpClient-1-7] DEBUG org.asynchttpclient.netty.handler.HttpHandler - 

Request DefaultFullHttpRequest(decodeResult: success, version: HTTP/1.1, content: EmptyByteBufBE)
GET /session/4dd92aeac9ec9bf1e3884ced88a973ff/screenshot HTTP/1.1
User-Agent: selenium/4.1.2 (java windows)
Cache-Control: no-cache
Content-Type: application/json; charset=utf-8
host: localhost:50940
accept: */*

Response DefaultHttpResponse(decodeResult: success, version: HTTP/1.1)
HTTP/1.1 200 OK
Content-Type: application/json; charset=utf-8
cache-control: no-cache
content-length: 86016

20:41:17.939 [AsyncHttpClient-1-7] DEBUG org.asynchttpclient.netty.channel.ChannelManager - Adding key: http://localhost:50940 for channel [id: 0x699dbb94, L:/127.0.0.1:62540 - R:localhost/127.0.0.1:50940]
20:41:17.947 [main] DEBUG net.serenitybdd.core.photography.Darkroom - Send negative for processing for target\site\serenity\63a8b96f8d8a2353d1098282bddf8724ea51ae4189c07bb318bc22275bd0f5fa.png
20:41:17.947 [main] DEBUG net.thucydides.core.steps.StepInterceptor - STARTING STEP: PatientDataSteps.clickDeletePatientData - clickButtonSampah
20:41:17.961 [Forwarding findElement on session 4dd92aeac9ec9bf1e3884ced88a973ff to remote] DEBUG org.asynchttpclient.netty.request.NettyRequestSender - Using pooled Channel '[id: 0x699dbb94, L:/127.0.0.1:62540 - R:localhost/127.0.0.1:50940]' for 'POST' to 'http://localhost:50940/session/4dd92aeac9ec9bf1e3884ced88a973ff/element'
20:41:17.961 [Forwarding findElement on session 4dd92aeac9ec9bf1e3884ced88a973ff to remote] DEBUG org.asynchttpclient.netty.request.NettyRequestSender - Using open Channel [id: 0x699dbb94, L:/127.0.0.1:62540 - R:localhost/127.0.0.1:50940] for POST '/session/4dd92aeac9ec9bf1e3884ced88a973ff/element'
20:41:17.992 [AsyncHttpClient-1-7] DEBUG org.asynchttpclient.netty.handler.HttpHandler - 

Request DefaultHttpRequest(decodeResult: success, version: HTTP/1.1)
POST /session/4dd92aeac9ec9bf1e3884ced88a973ff/element HTTP/1.1
User-Agent: selenium/4.1.2 (java windows)
Content-Length: 92
Content-Type: application/json; charset=utf-8
host: localhost:50940
accept: */*

Response DefaultHttpResponse(decodeResult: success, version: HTTP/1.1)
HTTP/1.1 200 OK
Content-Type: application/json; charset=utf-8
cache-control: no-cache
content-length: 88

20:41:17.992 [AsyncHttpClient-1-7] DEBUG org.asynchttpclient.netty.channel.ChannelManager - Adding key: http://localhost:50940 for channel [id: 0x699dbb94, L:/127.0.0.1:62540 - R:localhost/127.0.0.1:50940]
20:41:17.995 [Forwarding getElementTagName on session 4dd92aeac9ec9bf1e3884ced88a973ff to remote] DEBUG org.asynchttpclient.netty.request.NettyRequestSender - Using pooled Channel '[id: 0x699dbb94, L:/127.0.0.1:62540 - R:localhost/127.0.0.1:50940]' for 'GET' to 'http://localhost:50940/session/4dd92aeac9ec9bf1e3884ced88a973ff/element/d4da1e46-5873-4397-b563-efee1de9b46f/name'
20:41:17.995 [Forwarding getElementTagName on session 4dd92aeac9ec9bf1e3884ced88a973ff to remote] DEBUG org.asynchttpclient.netty.request.NettyRequestSender - Using open Channel [id: 0x699dbb94, L:/127.0.0.1:62540 - R:localhost/127.0.0.1:50940] for GET '/session/4dd92aeac9ec9bf1e3884ced88a973ff/element/d4da1e46-5873-4397-b563-efee1de9b46f/name'
20:41:18.005 [AsyncHttpClient-1-7] DEBUG org.asynchttpclient.netty.handler.HttpHandler - 

Request DefaultFullHttpRequest(decodeResult: success, version: HTTP/1.1, content: EmptyByteBufBE)
GET /session/4dd92aeac9ec9bf1e3884ced88a973ff/element/d4da1e46-5873-4397-b563-efee1de9b46f/name HTTP/1.1
User-Agent: selenium/4.1.2 (java windows)
Cache-Control: no-cache
Content-Type: application/json; charset=utf-8
host: localhost:50940
accept: */*

Response DefaultHttpResponse(decodeResult: success, version: HTTP/1.1)
HTTP/1.1 200 OK
Content-Type: application/json; charset=utf-8
cache-control: no-cache
content-length: 15

20:41:18.005 [AsyncHttpClient-1-7] DEBUG org.asynchttpclient.netty.channel.ChannelManager - Adding key: http://localhost:50940 for channel [id: 0x699dbb94, L:/127.0.0.1:62540 - R:localhost/127.0.0.1:50940]
20:41:18.008 [Forwarding getElementTagName on session 4dd92aeac9ec9bf1e3884ced88a973ff to remote] DEBUG org.asynchttpclient.netty.request.NettyRequestSender - Using pooled Channel '[id: 0x699dbb94, L:/127.0.0.1:62540 - R:localhost/127.0.0.1:50940]' for 'GET' to 'http://localhost:50940/session/4dd92aeac9ec9bf1e3884ced88a973ff/element/d4da1e46-5873-4397-b563-efee1de9b46f/name'
20:41:18.008 [Forwarding getElementTagName on session 4dd92aeac9ec9bf1e3884ced88a973ff to remote] DEBUG org.asynchttpclient.netty.request.NettyRequestSender - Using open Channel [id: 0x699dbb94, L:/127.0.0.1:62540 - R:localhost/127.0.0.1:50940] for GET '/session/4dd92aeac9ec9bf1e3884ced88a973ff/element/d4da1e46-5873-4397-b563-efee1de9b46f/name'
20:41:18.016 [AsyncHttpClient-1-7] DEBUG org.asynchttpclient.netty.handler.HttpHandler - 

Request DefaultFullHttpRequest(decodeResult: success, version: HTTP/1.1, content: EmptyByteBufBE)
GET /session/4dd92aeac9ec9bf1e3884ced88a973ff/element/d4da1e46-5873-4397-b563-efee1de9b46f/name HTTP/1.1
User-Agent: selenium/4.1.2 (java windows)
Cache-Control: no-cache
Content-Type: application/json; charset=utf-8
host: localhost:50940
accept: */*

Response DefaultHttpResponse(decodeResult: success, version: HTTP/1.1)
HTTP/1.1 200 OK
Content-Type: application/json; charset=utf-8
cache-control: no-cache
content-length: 15

20:41:18.016 [AsyncHttpClient-1-7] DEBUG org.asynchttpclient.netty.channel.ChannelManager - Adding key: http://localhost:50940 for channel [id: 0x699dbb94, L:/127.0.0.1:62540 - R:localhost/127.0.0.1:50940]
20:41:18.020 [Forwarding findElement on session 4dd92aeac9ec9bf1e3884ced88a973ff to remote] DEBUG org.asynchttpclient.netty.request.NettyRequestSender - Using pooled Channel '[id: 0x699dbb94, L:/127.0.0.1:62540 - R:localhost/127.0.0.1:50940]' for 'POST' to 'http://localhost:50940/session/4dd92aeac9ec9bf1e3884ced88a973ff/element'
20:41:18.020 [Forwarding findElement on session 4dd92aeac9ec9bf1e3884ced88a973ff to remote] DEBUG org.asynchttpclient.netty.request.NettyRequestSender - Using open Channel [id: 0x699dbb94, L:/127.0.0.1:62540 - R:localhost/127.0.0.1:50940] for POST '/session/4dd92aeac9ec9bf1e3884ced88a973ff/element'
20:41:18.046 [AsyncHttpClient-1-7] DEBUG org.asynchttpclient.netty.handler.HttpHandler - 

Request DefaultHttpRequest(decodeResult: success, version: HTTP/1.1)
POST /session/4dd92aeac9ec9bf1e3884ced88a973ff/element HTTP/1.1
User-Agent: selenium/4.1.2 (java windows)
Content-Length: 92
Content-Type: application/json; charset=utf-8
host: localhost:50940
accept: */*

Response DefaultHttpResponse(decodeResult: success, version: HTTP/1.1)
HTTP/1.1 200 OK
Content-Type: application/json; charset=utf-8
cache-control: no-cache
content-length: 88

20:41:18.047 [AsyncHttpClient-1-7] DEBUG org.asynchttpclient.netty.channel.ChannelManager - Adding key: http://localhost:50940 for channel [id: 0x699dbb94, L:/127.0.0.1:62540 - R:localhost/127.0.0.1:50940]
20:41:18.054 [Forwarding clickElement on session 4dd92aeac9ec9bf1e3884ced88a973ff to remote] DEBUG org.asynchttpclient.netty.request.NettyRequestSender - Using pooled Channel '[id: 0x699dbb94, L:/127.0.0.1:62540 - R:localhost/127.0.0.1:50940]' for 'POST' to 'http://localhost:50940/session/4dd92aeac9ec9bf1e3884ced88a973ff/element/d4da1e46-5873-4397-b563-efee1de9b46f/click'
20:41:18.054 [Forwarding clickElement on session 4dd92aeac9ec9bf1e3884ced88a973ff to remote] DEBUG org.asynchttpclient.netty.request.NettyRequestSender - Using open Channel [id: 0x699dbb94, L:/127.0.0.1:62540 - R:localhost/127.0.0.1:50940] for POST '/session/4dd92aeac9ec9bf1e3884ced88a973ff/element/d4da1e46-5873-4397-b563-efee1de9b46f/click'
20:41:18.281 [AsyncHttpClient-1-7] DEBUG org.asynchttpclient.netty.handler.HttpHandler - 

Request DefaultHttpRequest(decodeResult: success, version: HTTP/1.1)
POST /session/4dd92aeac9ec9bf1e3884ced88a973ff/element/d4da1e46-5873-4397-b563-efee1de9b46f/click HTTP/1.1
User-Agent: selenium/4.1.2 (java windows)
Content-Length: 50
Content-Type: application/json; charset=utf-8
host: localhost:50940
accept: */*

Response DefaultHttpResponse(decodeResult: success, version: HTTP/1.1)
HTTP/1.1 200 OK
Content-Type: application/json; charset=utf-8
cache-control: no-cache
content-length: 14

20:41:18.282 [AsyncHttpClient-1-7] DEBUG org.asynchttpclient.netty.channel.ChannelManager - Adding key: http://localhost:50940 for channel [id: 0x699dbb94, L:/127.0.0.1:62540 - R:localhost/127.0.0.1:50940]
20:41:18.304 [Forwarding screenshot on session 4dd92aeac9ec9bf1e3884ced88a973ff to remote] DEBUG org.asynchttpclient.netty.request.NettyRequestSender - Using pooled Channel '[id: 0x699dbb94, L:/127.0.0.1:62540 - R:localhost/127.0.0.1:50940]' for 'GET' to 'http://localhost:50940/session/4dd92aeac9ec9bf1e3884ced88a973ff/screenshot'
20:41:18.304 [Forwarding screenshot on session 4dd92aeac9ec9bf1e3884ced88a973ff to remote] DEBUG org.asynchttpclient.netty.request.NettyRequestSender - Using open Channel [id: 0x699dbb94, L:/127.0.0.1:62540 - R:localhost/127.0.0.1:50940] for GET '/session/4dd92aeac9ec9bf1e3884ced88a973ff/screenshot'
20:41:18.368 [AsyncHttpClient-1-7] DEBUG org.asynchttpclient.netty.handler.HttpHandler - 

Request DefaultFullHttpRequest(decodeResult: success, version: HTTP/1.1, content: EmptyByteBufBE)
GET /session/4dd92aeac9ec9bf1e3884ced88a973ff/screenshot HTTP/1.1
User-Agent: selenium/4.1.2 (java windows)
Cache-Control: no-cache
Content-Type: application/json; charset=utf-8
host: localhost:50940
accept: */*

Response DefaultHttpResponse(decodeResult: success, version: HTTP/1.1)
HTTP/1.1 500 Internal Server Error
Content-Type: application/json; charset=utf-8
cache-control: no-cache
content-length: 919

20:41:18.368 [AsyncHttpClient-1-7] DEBUG org.asynchttpclient.netty.channel.ChannelManager - Adding key: http://localhost:50940 for channel [id: 0x699dbb94, L:/127.0.0.1:62540 - R:localhost/127.0.0.1:50940]
20:41:18.377 [main] WARN net.thucydides.core.webdriver.WebDriverFacade - Failed to take screenshot (unexpected alert open: {Alert text : Anda yakin untuk menghapus data?}
  (Session info: chrome=102.0.5005.115): Anda yakin untuk menghapus data?
Build info: version: '4.1.2', revision: '9a5a329c5a'
System info: host: 'MOOK-HON', ip: '192.168.100.6', os.name: 'Windows 10', os.arch: 'amd64', os.version: '10.0', java.version: '11.0.14'
Driver info: org.openqa.selenium.chrome.ChromeDriver
Command: [4dd92aeac9ec9bf1e3884ced88a973ff, screenshot {}]
Capabilities {acceptInsecureCerts: false, browserName: chrome, browserVersion: 102.0.5005.115, chrome: {chromedriverVersion: 102.0.5005.61 (0e59bcc00cc4..., userDataDir: C:\Users\ASUS\AppData\Local...}, goog:chromeOptions: {debuggerAddress: localhost:62543}, javascriptEnabled: true, networkConnectionEnabled: false, pageLoadStrategy: normal, platform: WINDOWS, platformName: WINDOWS, proxy: Proxy(), se:cdp: ws://localhost:62543/devtoo..., se:cdpVersion: 102.0.5005.115, setWindowRect: true, strictFileInteractability: false, timeouts: {implicit: 0, pageLoad: 300000, script: 30000}, unhandledPromptBehavior: dismiss and notify, webauthn:extension:credBlob: true, webauthn:extension:largeBlob: true, webauthn:virtualAuthenticators: true}
Session ID: 4dd92aeac9ec9bf1e3884ced88a973ff)
20:41:18.377 [main] DEBUG net.thucydides.core.steps.StepInterceptor - STEP DONE: clickButtonSampah
  &amp#27;[32mWhen &amp#27;[0m&amp#27;[32mClick Delete Patient data&amp#27;[0m                  &amp#27;[90m# starter.stepdefinitios.PatientDataSteps.clickDeletePatientData()&amp#27;[0m
20:41:18.397 [Forwarding screenshot on session 4dd92aeac9ec9bf1e3884ced88a973ff to remote] DEBUG org.asynchttpclient.netty.request.NettyRequestSender - Using pooled Channel '[id: 0x699dbb94, L:/127.0.0.1:62540 - R:localhost/127.0.0.1:50940]' for 'GET' to 'http://localhost:50940/session/4dd92aeac9ec9bf1e3884ced88a973ff/screenshot'
20:41:18.397 [Forwarding screenshot on session 4dd92aeac9ec9bf1e3884ced88a973ff to remote] DEBUG org.asynchttpclient.netty.request.NettyRequestSender - Using open Channel [id: 0x699dbb94, L:/127.0.0.1:62540 - R:localhost/127.0.0.1:50940] for GET '/session/4dd92aeac9ec9bf1e3884ced88a973ff/screenshot'
20:41:18.704 [AsyncHttpClient-1-1] DEBUG org.asynchttpclient.netty.channel.DefaultChannelPool - Entry count for : http://localhost:62543 : 1
20:41:18.833 [AsyncHttpClient-1-7] DEBUG org.asynchttpclient.netty.handler.HttpHandler - 

Request DefaultFullHttpRequest(decodeResult: success, version: HTTP/1.1, content: EmptyByteBufBE)
GET /session/4dd92aeac9ec9bf1e3884ced88a973ff/screenshot HTTP/1.1
User-Agent: selenium/4.1.2 (java windows)
Cache-Control: no-cache
Content-Type: application/json; charset=utf-8
host: localhost:50940
accept: */*

Response DefaultHttpResponse(decodeResult: success, version: HTTP/1.1)
HTTP/1.1 200 OK
Content-Type: application/json; charset=utf-8
cache-control: no-cache
content-length: 86040

20:41:18.835 [AsyncHttpClient-1-7] DEBUG org.asynchttpclient.netty.channel.ChannelManager - Adding key: http://localhost:50940 for channel [id: 0x699dbb94, L:/127.0.0.1:62540 - R:localhost/127.0.0.1:50940]
20:41:18.849 [main] DEBUG net.serenitybdd.core.photography.Darkroom - Send negative for processing for target\site\serenity\329137df7a8aad91770560ecf8b24d92bb6a8812273fffcc4d1b7e068142c8d6.png
20:41:18.855 [Darkroom Processing Line] DEBUG net.serenitybdd.core.photography.DarkroomProcessingLine - Processing screenshot image in /var/screenshots/screenshot-14484284787207520754
20:41:18.855 [Darkroom Processing Line] DEBUG net.serenitybdd.core.photography.DarkroomProcessingLine - Saving screenshot to target\site\serenity\329137df7a8aad91770560ecf8b24d92bb6a8812273fffcc4d1b7e068142c8d6.png
20:41:19.402 [Forwarding screenshot on session 4dd92aeac9ec9bf1e3884ced88a973ff to remote] DEBUG org.asynchttpclient.netty.request.NettyRequestSender - Using pooled Channel '[id: 0x699dbb94, L:/127.0.0.1:62540 - R:localhost/127.0.0.1:50940]' for 'GET' to 'http://localhost:50940/session/4dd92aeac9ec9bf1e3884ced88a973ff/screenshot'
20:41:19.402 [Forwarding screenshot on session 4dd92aeac9ec9bf1e3884ced88a973ff to remote] DEBUG org.asynchttpclient.netty.request.NettyRequestSender - Using open Channel [id: 0x699dbb94, L:/127.0.0.1:62540 - R:localhost/127.0.0.1:50940] for GET '/session/4dd92aeac9ec9bf1e3884ced88a973ff/screenshot'
20:41:19.647 [AsyncHttpClient-1-7] DEBUG org.asynchttpclient.netty.handler.HttpHandler - 

Request DefaultFullHttpRequest(decodeResult: success, version: HTTP/1.1, content: EmptyByteBufBE)
GET /session/4dd92aeac9ec9bf1e3884ced88a973ff/screenshot HTTP/1.1
User-Agent: selenium/4.1.2 (java windows)
Cache-Control: no-cache
Content-Type: application/json; charset=utf-8
host: localhost:50940
accept: */*

Response DefaultHttpResponse(decodeResult: success, version: HTTP/1.1)
HTTP/1.1 200 OK
Content-Type: application/json; charset=utf-8
cache-control: no-cache
content-length: 86084

20:41:19.648 [AsyncHttpClient-1-7] DEBUG org.asynchttpclient.netty.channel.ChannelManager - Adding key: http://localhost:50940 for channel [id: 0x699dbb94, L:/127.0.0.1:62540 - R:localhost/127.0.0.1:50940]
20:41:19.661 [main] DEBUG net.serenitybdd.core.photography.Darkroom - Send negative for processing for target\site\serenity\ae34ac1e022eeac4103bb4e8fbb9375bc4a83ce9609a78144dba28b9b5402cf7.png
20:41:19.662 [main] DEBUG net.thucydides.core.steps.StepInterceptor - STARTING STEP: PatientDataSteps.validDataDeletePasien - validPagePasien
20:41:19.667 [Forwarding findElement on session 4dd92aeac9ec9bf1e3884ced88a973ff to remote] DEBUG org.asynchttpclient.netty.request.NettyRequestSender - Using pooled Channel '[id: 0x699dbb94, L:/127.0.0.1:62540 - R:localhost/127.0.0.1:50940]' for 'POST' to 'http://localhost:50940/session/4dd92aeac9ec9bf1e3884ced88a973ff/element'
20:41:19.667 [Forwarding findElement on session 4dd92aeac9ec9bf1e3884ced88a973ff to remote] DEBUG org.asynchttpclient.netty.request.NettyRequestSender - Using open Channel [id: 0x699dbb94, L:/127.0.0.1:62540 - R:localhost/127.0.0.1:50940] for POST '/session/4dd92aeac9ec9bf1e3884ced88a973ff/element'
20:41:19.706 [AsyncHttpClient-1-7] DEBUG org.asynchttpclient.netty.handler.HttpHandler - 

Request DefaultHttpRequest(decodeResult: success, version: HTTP/1.1)
POST /session/4dd92aeac9ec9bf1e3884ced88a973ff/element HTTP/1.1
User-Agent: selenium/4.1.2 (java windows)
Content-Length: 126
Content-Type: application/json; charset=utf-8
host: localhost:50940
accept: */*

Response DefaultHttpResponse(decodeResult: success, version: HTTP/1.1)
HTTP/1.1 200 OK
Content-Type: application/json; charset=utf-8
cache-control: no-cache
content-length: 88

20:41:19.707 [AsyncHttpClient-1-7] DEBUG org.asynchttpclient.netty.channel.ChannelManager - Adding key: http://localhost:50940 for channel [id: 0x699dbb94, L:/127.0.0.1:62540 - R:localhost/127.0.0.1:50940]
20:41:19.709 [Forwarding isElementEnabled on session 4dd92aeac9ec9bf1e3884ced88a973ff to remote] DEBUG org.asynchttpclient.netty.request.NettyRequestSender - Using pooled Channel '[id: 0x699dbb94, L:/127.0.0.1:62540 - R:localhost/127.0.0.1:50940]' for 'GET' to 'http://localhost:50940/session/4dd92aeac9ec9bf1e3884ced88a973ff/element/bc4717d5-63bd-4e22-bacd-d7fda01809b3/enabled'
20:41:19.709 [Forwarding isElementEnabled on session 4dd92aeac9ec9bf1e3884ced88a973ff to remote] DEBUG org.asynchttpclient.netty.request.NettyRequestSender - Using open Channel [id: 0x699dbb94, L:/127.0.0.1:62540 - R:localhost/127.0.0.1:50940] for GET '/session/4dd92aeac9ec9bf1e3884ced88a973ff/element/bc4717d5-63bd-4e22-bacd-d7fda01809b3/enabled'
20:41:19.747 [AsyncHttpClient-1-7] DEBUG org.asynchttpclient.netty.handler.HttpHandler - 

Request DefaultFullHttpRequest(decodeResult: success, version: HTTP/1.1, content: EmptyByteBufBE)
GET /session/4dd92aeac9ec9bf1e3884ced88a973ff/element/bc4717d5-63bd-4e22-bacd-d7fda01809b3/enabled HTTP/1.1
User-Agent: selenium/4.1.2 (java windows)
Cache-Control: no-cache
Content-Type: application/json; charset=utf-8
host: localhost:50940
accept: */*

Response DefaultHttpResponse(decodeResult: success, version: HTTP/1.1)
HTTP/1.1 200 OK
Content-Type: application/json; charset=utf-8
cache-control: no-cache
content-length: 14

20:41:19.747 [AsyncHttpClient-1-7] DEBUG org.asynchttpclient.netty.channel.ChannelManager - Adding key: http://localhost:50940 for channel [id: 0x699dbb94, L:/127.0.0.1:62540 - R:localhost/127.0.0.1:50940]
20:41:19.762 [Forwarding screenshot on session 4dd92aeac9ec9bf1e3884ced88a973ff to remote] DEBUG org.asynchttpclient.netty.request.NettyRequestSender - Using pooled Channel '[id: 0x699dbb94, L:/127.0.0.1:62540 - R:localhost/127.0.0.1:50940]' for 'GET' to 'http://localhost:50940/session/4dd92aeac9ec9bf1e3884ced88a973ff/screenshot'
20:41:19.762 [Forwarding screenshot on session 4dd92aeac9ec9bf1e3884ced88a973ff to remote] DEBUG org.asynchttpclient.netty.request.NettyRequestSender - Using open Channel [id: 0x699dbb94, L:/127.0.0.1:62540 - R:localhost/127.0.0.1:50940] for GET '/session/4dd92aeac9ec9bf1e3884ced88a973ff/screenshot'
20:41:19.814 [AsyncHttpClient-1-1] DEBUG org.asynchttpclient.netty.channel.DefaultChannelPool - Entry count for : http://localhost:62543 : 1
20:41:20.036 [AsyncHttpClient-1-7] DEBUG org.asynchttpclient.netty.handler.HttpHandler - 

Request DefaultFullHttpRequest(decodeResult: success, version: HTTP/1.1, content: EmptyByteBufBE)
GET /session/4dd92aeac9ec9bf1e3884ced88a973ff/screenshot HTTP/1.1
User-Agent: selenium/4.1.2 (java windows)
Cache-Control: no-cache
Content-Type: application/json; charset=utf-8
host: localhost:50940
accept: */*

Response DefaultHttpResponse(decodeResult: success, version: HTTP/1.1)
HTTP/1.1 200 OK
Content-Type: application/json; charset=utf-8
cache-control: no-cache
content-length: 86084

20:41:20.036 [AsyncHttpClient-1-7] DEBUG org.asynchttpclient.netty.channel.ChannelManager - Adding key: http://localhost:50940 for channel [id: 0x699dbb94, L:/127.0.0.1:62540 - R:localhost/127.0.0.1:50940]
20:41:20.047 [main] DEBUG net.serenitybdd.core.photography.Darkroom - Send negative for processing for target\site\serenity\ae34ac1e022eeac4103bb4e8fbb9375bc4a83ce9609a78144dba28b9b5402cf7.png
20:41:20.047 [main] DEBUG net.thucydides.core.steps.StepInterceptor - STEP DONE: validPagePasien
  &amp#27;[32mThen &amp#27;[0m&amp#27;[32mValid data delete pasien&amp#27;[0m                   &amp#27;[90m# starter.stepdefinitios.PatientDataSteps.validDataDeletePasien()&amp#27;[0m
20:41:20.065 [main] INFO  - 
  _____   ___   ___   _____     ___     _     ___   ___   ___   ___  
 |_   _| | __| / __| |_   _|   | _ \   /_\   / __| / __| | __| |   \ 
   | |   | _|  \__ \   | |     |  _/  / _ \  \__ \ \__ \ | _|  | |) |
   |_|   |___| |___/   |_|     |_|   /_/ \_\ |___/ |___/ |___| |___/ 

As a admin i want to delete data pasien
----------------------------------------------------------------------
20:41:20.070 [AsyncHttpClient-1-9] DEBUG org.asynchttpclient.netty.handler.WebSocketHandler - Channel Closed: [id: 0x7f7bc210, L:/127.0.0.1:62554 ! R:localhost/127.0.0.1:62543] with attribute NettyResponseFuture{currentRetry=5,
	isDone=1,
	isCancelled=0,
	asyncHandler=org.asynchttpclient.ws.WebSocketUpgradeHandler@21987b8,
	nettyRequest=org.asynchttpclient.netty.request.NettyRequest@5dbccb3f,
	future=java.util.concurrent.CompletableFuture@3538e242[Completed normally],
	uri=ws://localhost:62543/devtools/browser/9d9a18c3-6ee2-4480-8b66-bc43bbc01a65,
	keepAlive=true,
	redirectCount=0,
	timeoutsHolder=null,
	inAuth=0,
	touch=1655991674496}
20:41:20.070 [AsyncHttpClient-1-9] DEBUG org.asynchttpclient.netty.channel.ChannelManager - Closing Channel [id: 0x7f7bc210, L:/127.0.0.1:62554 ! R:localhost/127.0.0.1:62543] 
20:41:20.095 [Driver Command Executor] DEBUG org.asynchttpclient.netty.request.NettyRequestSender - Using pooled Channel '[id: 0x699dbb94, L:/127.0.0.1:62540 - R:localhost/127.0.0.1:50940]' for 'DELETE' to 'http://localhost:50940/session/4dd92aeac9ec9bf1e3884ced88a973ff'
20:41:20.095 [Driver Command Executor] DEBUG org.asynchttpclient.netty.request.NettyRequestSender - Using open Channel [id: 0x699dbb94, L:/127.0.0.1:62540 - R:localhost/127.0.0.1:50940] for DELETE '/session/4dd92aeac9ec9bf1e3884ced88a973ff'
20:41:20.891 [AsyncHttpClient-1-1] DEBUG org.asynchttpclient.netty.channel.DefaultChannelPool - Entry count for : http://localhost:62543 : 1
20:41:21.090 [AsyncHttpClient-1-8] DEBUG org.asynchttpclient.netty.handler.HttpHandler - Unexpected I/O exception on channel [id: 0x0c7f1dfa, L:/127.0.0.1:62553 - R:localhost/127.0.0.1:62543]
java.io.IOException: An existing connection was forcibly closed by the remote host
	at java.base/sun.nio.ch.SocketDispatcher.read0(Native Method)
	at java.base/sun.nio.ch.SocketDispatcher.read(SocketDispatcher.java:43)
	at java.base/sun.nio.ch.IOUtil.readIntoNativeBuffer(IOUtil.java:276)
	at java.base/sun.nio.ch.IOUtil.read(IOUtil.java:233)
	at java.base/sun.nio.ch.IOUtil.read(IOUtil.java:223)
	at java.base/sun.nio.ch.SocketChannelImpl.read(SocketChannelImpl.java:358)
	at io.netty.buffer.PooledByteBuf.setBytes(PooledByteBuf.java:258)
	at io.netty.buffer.AbstractByteBuf.writeBytes(AbstractByteBuf.java:1132)
	at io.netty.channel.socket.nio.NioSocketChannel.doReadBytes(NioSocketChannel.java:350)
	at io.netty.channel.nio.AbstractNioByteChannel$NioByteUnsafe.read(AbstractNioByteChannel.java:151)
	at io.netty.channel.nio.NioEventLoop.processSelectedKey(NioEventLoop.java:722)
	at io.netty.channel.nio.NioEventLoop.processSelectedKeysOptimized(NioEventLoop.java:658)
	at io.netty.channel.nio.NioEventLoop.processSelectedKeys(NioEventLoop.java:584)
	at io.netty.channel.nio.NioEventLoop.run(NioEventLoop.java:496)
	at io.netty.util.concurrent.SingleThreadEventExecutor$4.run(SingleThreadEventExecutor.java:986)
	at io.netty.util.internal.ThreadExecutorMap$2.run(ThreadExecutorMap.java:74)
	at io.netty.util.concurrent.FastThreadLocalRunnable.run(FastThreadLocalRunnable.java:30)
	at java.base/java.lang.Thread.run(Thread.java:834)
20:41:21.090 [AsyncHttpClient-1-8] DEBUG org.asynchttpclient.netty.channel.ChannelManager - Closing Channel [id: 0x0c7f1dfa, L:/127.0.0.1:62553 - R:localhost/127.0.0.1:62543] 
20:41:21.091 [AsyncHttpClient-1-8] DEBUG org.asynchttpclient.netty.handler.HttpHandler - Channel Closed: [id: 0x0c7f1dfa, L:/127.0.0.1:62553 ! R:localhost/127.0.0.1:62543] with attribute DISCARD
20:41:21.355 [AsyncHttpClient-1-7] DEBUG org.asynchttpclient.netty.handler.HttpHandler - 

Request DefaultFullHttpRequest(decodeResult: success, version: HTTP/1.1, content: EmptyByteBufBE)
DELETE /session/4dd92aeac9ec9bf1e3884ced88a973ff HTTP/1.1
User-Agent: selenium/4.1.2 (java windows)
Content-Type: application/json; charset=utf-8
host: localhost:50940
accept: */*

Response DefaultHttpResponse(decodeResult: success, version: HTTP/1.1)
HTTP/1.1 200 OK
Content-Type: application/json; charset=utf-8
cache-control: no-cache
content-length: 14

20:41:21.355 [AsyncHttpClient-1-7] DEBUG org.asynchttpclient.netty.channel.ChannelManager - Adding key: http://localhost:50940 for channel [id: 0x699dbb94, L:/127.0.0.1:62540 - R:localhost/127.0.0.1:50940]
20:41:22.003 [AsyncHttpClient-1-1] DEBUG org.asynchttpclient.netty.channel.DefaultChannelPool - Entry count for : http://localhost:62543 : 1
20:41:22.003 [AsyncHttpClient-1-1] DEBUG org.asynchttpclient.netty.channel.DefaultChannelPool - Entry count for : http://localhost:50940 : 1
20:41:22.003 [AsyncHttpClient-1-1] DEBUG org.asynchttpclient.netty.channel.DefaultChannelPool - Adding Candidate expired Channel [id: 0x0c7f1dfa, L:/127.0.0.1:62553 ! R:localhost/127.0.0.1:62543] isIdleTimeoutExpired=false isRemotelyClosed=true isTtlExpired=false
20:41:22.003 [AsyncHttpClient-1-1] DEBUG org.asynchttpclient.netty.channel.DefaultChannelPool - Closing Idle Channel [id: 0x0c7f1dfa, L:/127.0.0.1:62553 ! R:localhost/127.0.0.1:62543]
20:41:22.003 [AsyncHttpClient-1-1] DEBUG org.asynchttpclient.netty.channel.DefaultChannelPool - Closed 1 connections out of 2 in 0 ms
20:41:22.376 [AsyncHttpClient-1-7] DEBUG org.asynchttpclient.netty.handler.HttpHandler - Unexpected I/O exception on channel [id: 0x699dbb94, L:/127.0.0.1:62540 - R:localhost/127.0.0.1:50940]
java.io.IOException: An existing connection was forcibly closed by the remote host
	at java.base/sun.nio.ch.SocketDispatcher.read0(Native Method)
	at java.base/sun.nio.ch.SocketDispatcher.read(SocketDispatcher.java:43)
	at java.base/sun.nio.ch.IOUtil.readIntoNativeBuffer(IOUtil.java:276)
	at java.base/sun.nio.ch.IOUtil.read(IOUtil.java:233)
	at java.base/sun.nio.ch.IOUtil.read(IOUtil.java:223)
	at java.base/sun.nio.ch.SocketChannelImpl.read(SocketChannelImpl.java:358)
	at io.netty.buffer.PooledByteBuf.setBytes(PooledByteBuf.java:258)
	at io.netty.buffer.AbstractByteBuf.writeBytes(AbstractByteBuf.java:1132)
	at io.netty.channel.socket.nio.NioSocketChannel.doReadBytes(NioSocketChannel.java:350)
	at io.netty.channel.nio.AbstractNioByteChannel$NioByteUnsafe.read(AbstractNioByteChannel.java:151)
	at io.netty.channel.nio.NioEventLoop.processSelectedKey(NioEventLoop.java:722)
	at io.netty.channel.nio.NioEventLoop.processSelectedKeysOptimized(NioEventLoop.java:658)
	at io.netty.channel.nio.NioEventLoop.processSelectedKeys(NioEventLoop.java:584)
	at io.netty.channel.nio.NioEventLoop.run(NioEventLoop.java:496)
	at io.netty.util.concurrent.SingleThreadEventExecutor$4.run(SingleThreadEventExecutor.java:986)
	at io.netty.util.internal.ThreadExecutorMap$2.run(ThreadExecutorMap.java:74)
	at io.netty.util.concurrent.FastThreadLocalRunnable.run(FastThreadLocalRunnable.java:30)
	at java.base/java.lang.Thread.run(Thread.java:834)
20:41:22.377 [AsyncHttpClient-1-7] DEBUG org.asynchttpclient.netty.channel.ChannelManager - Closing Channel [id: 0x699dbb94, L:/127.0.0.1:62540 - R:localhost/127.0.0.1:50940] 
20:41:22.377 [AsyncHttpClient-1-7] DEBUG org.asynchttpclient.netty.handler.HttpHandler - Channel Closed: [id: 0x699dbb94, L:/127.0.0.1:62540 ! R:localhost/127.0.0.1:50940] with attribute DISCARD
]]></system-out>
    <system-err><![CDATA[Starting ChromeDriver 102.0.5005.61 (0e59bcc00cc4985ce39ad31c150065f159d95ad3-refs/branch-heads/5005@{#819}) on port 50940
Only local connections are allowed.
Please see https://chromedriver.chromium.org/security-considerations for suggestions on keeping ChromeDriver safe.
ChromeDriver was started successfully.
Jun 23, 2022 8:41:14 PM org.openqa.selenium.remote.ProtocolHandshake createSession
INFO: Detected dialect: W3C
Jun 23, 2022 8:41:14 PM org.openqa.selenium.devtools.CdpVersionFinder findNearestMatch
WARNING: Unable to find an exact match for CDP version 102, so returning the closest version found: a no-op implementation
Jun 23, 2022 8:41:14 PM org.openqa.selenium.devtools.CdpVersionFinder findNearestMatch
INFO: Unable to find CDP implementation matching 102.
Jun 23, 2022 8:41:14 PM org.openqa.selenium.chromium.ChromiumDriver lambda$new$3
WARNING: Unable to find version of CDP to use for . You may need to include a dependency on a specific version of the CDP using something similar to `org.seleniumhq.selenium:selenium-devtools-v86:4.1.2` where the version ("v86") matches the version of the chromium-based browser you're using and the version number of the artifact is the same as Selenium's.
]]></system-err>
  </testcase>
  <testcase name="As a admin i want to view data dokter" classname="View Data Dokter - Admin" time="11.153">
    <system-out><![CDATA[20:41:22.450 [main] INFO io.cucumber.core.plugin.SerenityReporter - Running feature from file:///D:/Kel-1-capstone/TestingWeb/src/test/resources/features/ViewDataDokter.feature
20:41:22.460 [main] DEBUG net.thucydides.core.steps.StepEventBus - Test suite started for story net.thucydides.core.model.Story@5afdfe7a
20:41:22.461 [main] INFO  - Test Suite Started: View Data Dokter - Admin

@ViewDokterData
Scenario: As a admin i want to view data dokter &amp#27;[90m# src/test/resources/features/ViewDataDokter.feature:4&amp#27;[0m
20:41:22.478 [main] INFO io.cucumber.core.plugin.SerenityReporter - Running feature from file:///D:/Kel-1-capstone/TestingWeb/src/test/resources/features/ViewDataDokter.feature
20:41:22.488 [main] INFO  - 
  _____   ___   ___   _____     ___   _____     _     ___   _____   ___   ___  
 |_   _| | __| / __| |_   _|   / __| |_   _|   /_\   | _ \ |_   _| | __| |   \ 
   | |   | _|  \__ \   | |     \__ \   | |    / _ \  |   /   | |   | _|  | |) |
   |_|   |___| |___/   |_|     |___/   |_|   /_/ \_\ |_|_\   |_|   |___| |___/ 

As a admin i want to view data dokter(view-data-dokter---admin;as-a-admin-i-want-to-view-data-dokter)
--------------------------------------------------------------------------------
20:41:22.563 [main] DEBUG net.thucydides.core.steps.StepInterceptor - STARTING STEP: PatientDataSteps.openPageDasbord - openDashbord
20:41:22.565 [main] INFO net.serenitybdd.core.webdriver.driverproviders.ChromeDriverProvider - Using automatically driver download
20:41:22.885 [main] DEBUG io.github.bonigarcia.wdm.cache.ResolutionCache - Resolution chrome=102 in cache (valid until 21:04:30 23/06/2022 ICT)
20:41:22.904 [main] DEBUG io.github.bonigarcia.wdm.cache.ResolutionCache - Resolution chrome102=102.0.5005.61 in cache (valid until 20:04:30 24/06/2022 ICT)
20:41:22.913 [main] INFO io.github.bonigarcia.wdm.WebDriverManager - Using chromedriver 102.0.5005.61 (resolved driver for Chrome 102)
20:41:22.984 [main] DEBUG io.github.bonigarcia.wdm.WebDriverManager - Driver chromedriver 102.0.5005.61 found in cache
20:41:22.986 [main] INFO io.github.bonigarcia.wdm.WebDriverManager - Exporting webdriver.chrome.driver as C:\Users\ASUS\.cache\selenium\chromedriver\win32\102.0.5005.61\chromedriver.exe
20:41:23.091 [AsyncHttpClient-1-1] DEBUG org.asynchttpclient.netty.channel.DefaultChannelPool - Entry count for : http://localhost:50940 : 1
20:41:23.091 [AsyncHttpClient-1-1] DEBUG org.asynchttpclient.netty.channel.DefaultChannelPool - Adding Candidate expired Channel [id: 0x699dbb94, L:/127.0.0.1:62540 ! R:localhost/127.0.0.1:50940] isIdleTimeoutExpired=false isRemotelyClosed=true isTtlExpired=false
20:41:23.091 [AsyncHttpClient-1-1] DEBUG org.asynchttpclient.netty.channel.DefaultChannelPool - Closing Idle Channel [id: 0x699dbb94, L:/127.0.0.1:62540 ! R:localhost/127.0.0.1:50940]
20:41:23.091 [AsyncHttpClient-1-1] DEBUG org.asynchttpclient.netty.channel.DefaultChannelPool - Closed 1 connections out of 1 in 0 ms
20:41:23.317 [main] DEBUG net.serenitybdd.core.webdriver.driverproviders.ProvideNewDriver - Instantiating driver
20:41:23.317 [main] DEBUG net.serenitybdd.core.webdriver.driverproviders.ProvideNewDriver - Driver capabilities: Capabilities {acceptInsecureCerts: false, base.url: https://fanciful-trifle-360..., browserName: chrome, chorme.driver: src/test/resources/webdrive..., driver: chrome, goog:chromeOptions: {args: [], extensions: []}}
20:41:23.897 [AsyncHttpClient-1-2] DEBUG org.asynchttpclient.netty.channel.NettyConnectListener - Using new Channel '[id: 0x02b564aa, L:/127.0.0.1:62574 - R:localhost/127.0.0.1:59771]' for 'POST' to '/session'
20:41:26.128 [AsyncHttpClient-1-2] DEBUG org.asynchttpclient.netty.handler.HttpHandler - 

Request DefaultHttpRequest(decodeResult: success, version: HTTP/1.1)
POST /session HTTP/1.1
User-Agent: selenium/4.1.2 (java windows)
Content-Length: 629
Content-Type: application/json; charset=utf-8
host: localhost:59771
accept: */*

Response DefaultHttpResponse(decodeResult: success, version: HTTP/1.1)
HTTP/1.1 200 OK
Content-Type: application/json; charset=utf-8
cache-control: no-cache
content-length: 789

20:41:26.128 [AsyncHttpClient-1-2] DEBUG org.asynchttpclient.netty.channel.ChannelManager - Adding key: http://localhost:59771 for channel [id: 0x02b564aa, L:/127.0.0.1:62574 - R:localhost/127.0.0.1:59771]
20:41:26.147 [AsyncHttpClient-1-3] DEBUG org.asynchttpclient.netty.channel.NettyConnectListener - Using new Channel '[id: 0x44fee23f, L:/127.0.0.1:62586 - R:localhost/127.0.0.1:62577]' for 'GET' to '/json/version'
20:41:26.149 [AsyncHttpClient-1-3] DEBUG org.asynchttpclient.netty.handler.HttpHandler - 

Request DefaultFullHttpRequest(decodeResult: success, version: HTTP/1.1, content: EmptyByteBufBE)
GET /json/version HTTP/1.1
User-Agent: selenium/4.1.2 (java windows)
host: localhost:62577
accept: */*

Response DefaultHttpResponse(decodeResult: success, version: HTTP/1.1)
HTTP/1.1 200 OK
Content-Type: application/json; charset=UTF-8
content-length: 428

20:41:26.149 [AsyncHttpClient-1-3] DEBUG org.asynchttpclient.netty.channel.ChannelManager - Adding key: http://localhost:62577 for channel [id: 0x44fee23f, L:/127.0.0.1:62586 - R:localhost/127.0.0.1:62577]
20:41:26.156 [AsyncHttpClient-1-4] DEBUG org.asynchttpclient.netty.channel.NettyConnectListener - Using new Channel '[id: 0xd2756521, L:/127.0.0.1:62587 - R:localhost/127.0.0.1:62577]' for 'GET' to '/devtools/browser/a691d698-6c9b-45c3-b90a-ef36bc02ad61'
20:41:26.158 [AsyncHttpClient-1-4] DEBUG org.asynchttpclient.netty.handler.WebSocketHandler - 

Request DefaultFullHttpRequest(decodeResult: success, version: HTTP/1.1, content: EmptyByteBufBE)
GET /devtools/browser/a691d698-6c9b-45c3-b90a-ef36bc02ad61 HTTP/1.1
upgrade: websocket
connection: upgrade
sec-websocket-key: HPhTeUeo1jtvOqQamhAuDA==
sec-websocket-version: 13
origin: http://localhost:62577
host: localhost:62577
accept: */*
user-agent: AHC/2.1

Response DefaultHttpResponse(decodeResult: success, version: HTTP/1.1)
HTTP/1.1 101 WebSocket Protocol Handshake
Upgrade: WebSocket
Connection: Upgrade
Sec-WebSocket-Accept: Sp88BRpPG9we+qvJ+4C19hko2/U=

20:41:26.170 [Forwarding get on session 7400730a8dcb971b9ee81bdce7d0aad8 to remote] DEBUG org.asynchttpclient.netty.request.NettyRequestSender - Using pooled Channel '[id: 0x02b564aa, L:/127.0.0.1:62574 - R:localhost/127.0.0.1:59771]' for 'POST' to 'http://localhost:59771/session/7400730a8dcb971b9ee81bdce7d0aad8/url'
20:41:26.170 [Forwarding get on session 7400730a8dcb971b9ee81bdce7d0aad8 to remote] DEBUG org.asynchttpclient.netty.request.NettyRequestSender - Using open Channel [id: 0x02b564aa, L:/127.0.0.1:62574 - R:localhost/127.0.0.1:59771] for POST '/session/7400730a8dcb971b9ee81bdce7d0aad8/url'
20:41:26.401 [AsyncHttpClient-1-1] DEBUG org.asynchttpclient.netty.channel.DefaultChannelPool - Entry count for : http://localhost:62577 : 1
20:41:27.499 [AsyncHttpClient-1-1] DEBUG org.asynchttpclient.netty.channel.DefaultChannelPool - Entry count for : http://localhost:62577 : 1
20:41:27.662 [AsyncHttpClient-1-2] DEBUG org.asynchttpclient.netty.handler.HttpHandler - 

Request DefaultHttpRequest(decodeResult: success, version: HTTP/1.1)
POST /session/7400730a8dcb971b9ee81bdce7d0aad8/url HTTP/1.1
User-Agent: selenium/4.1.2 (java windows)
Content-Length: 73
Content-Type: application/json; charset=utf-8
host: localhost:59771
accept: */*

Response DefaultHttpResponse(decodeResult: success, version: HTTP/1.1)
HTTP/1.1 200 OK
Content-Type: application/json; charset=utf-8
cache-control: no-cache
content-length: 14

20:41:27.662 [AsyncHttpClient-1-2] DEBUG org.asynchttpclient.netty.channel.ChannelManager - Adding key: http://localhost:59771 for channel [id: 0x02b564aa, L:/127.0.0.1:62574 - R:localhost/127.0.0.1:59771]
20:41:27.666 [Forwarding setTimeout on session 7400730a8dcb971b9ee81bdce7d0aad8 to remote] DEBUG org.asynchttpclient.netty.request.NettyRequestSender - Using pooled Channel '[id: 0x02b564aa, L:/127.0.0.1:62574 - R:localhost/127.0.0.1:59771]' for 'POST' to 'http://localhost:59771/session/7400730a8dcb971b9ee81bdce7d0aad8/timeouts'
20:41:27.666 [Forwarding setTimeout on session 7400730a8dcb971b9ee81bdce7d0aad8 to remote] DEBUG org.asynchttpclient.netty.request.NettyRequestSender - Using open Channel [id: 0x02b564aa, L:/127.0.0.1:62574 - R:localhost/127.0.0.1:59771] for POST '/session/7400730a8dcb971b9ee81bdce7d0aad8/timeouts'
20:41:27.668 [AsyncHttpClient-1-2] DEBUG org.asynchttpclient.netty.handler.HttpHandler - 

Request DefaultHttpRequest(decodeResult: success, version: HTTP/1.1)
POST /session/7400730a8dcb971b9ee81bdce7d0aad8/timeouts HTTP/1.1
User-Agent: selenium/4.1.2 (java windows)
Content-Length: 22
Content-Type: application/json; charset=utf-8
host: localhost:59771
accept: */*

Response DefaultHttpResponse(decodeResult: success, version: HTTP/1.1)
HTTP/1.1 200 OK
Content-Type: application/json; charset=utf-8
cache-control: no-cache
content-length: 14

20:41:27.668 [AsyncHttpClient-1-2] DEBUG org.asynchttpclient.netty.channel.ChannelManager - Adding key: http://localhost:59771 for channel [id: 0x02b564aa, L:/127.0.0.1:62574 - R:localhost/127.0.0.1:59771]
20:41:27.676 [Forwarding getCurrentUrl on session 7400730a8dcb971b9ee81bdce7d0aad8 to remote] DEBUG org.asynchttpclient.netty.request.NettyRequestSender - Using pooled Channel '[id: 0x02b564aa, L:/127.0.0.1:62574 - R:localhost/127.0.0.1:59771]' for 'GET' to 'http://localhost:59771/session/7400730a8dcb971b9ee81bdce7d0aad8/url'
20:41:27.677 [Forwarding getCurrentUrl on session 7400730a8dcb971b9ee81bdce7d0aad8 to remote] DEBUG org.asynchttpclient.netty.request.NettyRequestSender - Using open Channel [id: 0x02b564aa, L:/127.0.0.1:62574 - R:localhost/127.0.0.1:59771] for GET '/session/7400730a8dcb971b9ee81bdce7d0aad8/url'
20:41:27.696 [AsyncHttpClient-1-2] DEBUG org.asynchttpclient.netty.handler.HttpHandler - 

Request DefaultFullHttpRequest(decodeResult: success, version: HTTP/1.1, content: EmptyByteBufBE)
GET /session/7400730a8dcb971b9ee81bdce7d0aad8/url HTTP/1.1
User-Agent: selenium/4.1.2 (java windows)
Cache-Control: no-cache
Content-Type: application/json; charset=utf-8
host: localhost:59771
accept: */*

Response DefaultHttpResponse(decodeResult: success, version: HTTP/1.1)
HTTP/1.1 200 OK
Content-Type: application/json; charset=utf-8
cache-control: no-cache
content-length: 55

20:41:27.696 [AsyncHttpClient-1-2] DEBUG org.asynchttpclient.netty.channel.ChannelManager - Adding key: http://localhost:59771 for channel [id: 0x02b564aa, L:/127.0.0.1:62574 - R:localhost/127.0.0.1:59771]
20:41:27.712 [Forwarding getCurrentUrl on session 7400730a8dcb971b9ee81bdce7d0aad8 to remote] DEBUG org.asynchttpclient.netty.request.NettyRequestSender - Using pooled Channel '[id: 0x02b564aa, L:/127.0.0.1:62574 - R:localhost/127.0.0.1:59771]' for 'GET' to 'http://localhost:59771/session/7400730a8dcb971b9ee81bdce7d0aad8/url'
20:41:27.712 [Forwarding getCurrentUrl on session 7400730a8dcb971b9ee81bdce7d0aad8 to remote] DEBUG org.asynchttpclient.netty.request.NettyRequestSender - Using open Channel [id: 0x02b564aa, L:/127.0.0.1:62574 - R:localhost/127.0.0.1:59771] for GET '/session/7400730a8dcb971b9ee81bdce7d0aad8/url'
20:41:27.727 [AsyncHttpClient-1-2] DEBUG org.asynchttpclient.netty.handler.HttpHandler - 

Request DefaultFullHttpRequest(decodeResult: success, version: HTTP/1.1, content: EmptyByteBufBE)
GET /session/7400730a8dcb971b9ee81bdce7d0aad8/url HTTP/1.1
User-Agent: selenium/4.1.2 (java windows)
Cache-Control: no-cache
Content-Type: application/json; charset=utf-8
host: localhost:59771
accept: */*

Response DefaultHttpResponse(decodeResult: success, version: HTTP/1.1)
HTTP/1.1 200 OK
Content-Type: application/json; charset=utf-8
cache-control: no-cache
content-length: 55

20:41:27.727 [AsyncHttpClient-1-2] DEBUG org.asynchttpclient.netty.channel.ChannelManager - Adding key: http://localhost:59771 for channel [id: 0x02b564aa, L:/127.0.0.1:62574 - R:localhost/127.0.0.1:59771]
20:41:27.743 [main] DEBUG net.serenitybdd.core.photography.Darkroom - Opening darkroom
20:41:27.743 [Forwarding screenshot on session 7400730a8dcb971b9ee81bdce7d0aad8 to remote] DEBUG org.asynchttpclient.netty.request.NettyRequestSender - Using pooled Channel '[id: 0x02b564aa, L:/127.0.0.1:62574 - R:localhost/127.0.0.1:59771]' for 'GET' to 'http://localhost:59771/session/7400730a8dcb971b9ee81bdce7d0aad8/screenshot'
20:41:27.743 [Forwarding screenshot on session 7400730a8dcb971b9ee81bdce7d0aad8 to remote] DEBUG org.asynchttpclient.netty.request.NettyRequestSender - Using open Channel [id: 0x02b564aa, L:/127.0.0.1:62574 - R:localhost/127.0.0.1:59771] for GET '/session/7400730a8dcb971b9ee81bdce7d0aad8/screenshot'
20:41:27.759 [Darkroom Processing Line] DEBUG net.serenitybdd.core.photography.DarkroomProcessingLine - Darkroom processing line starting up
20:41:28.516 [AsyncHttpClient-1-2] DEBUG org.asynchttpclient.netty.handler.HttpHandler - 

Request DefaultFullHttpRequest(decodeResult: success, version: HTTP/1.1, content: EmptyByteBufBE)
GET /session/7400730a8dcb971b9ee81bdce7d0aad8/screenshot HTTP/1.1
User-Agent: selenium/4.1.2 (java windows)
Cache-Control: no-cache
Content-Type: application/json; charset=utf-8
host: localhost:59771
accept: */*

Response DefaultHttpResponse(decodeResult: success, version: HTTP/1.1)
HTTP/1.1 200 OK
Content-Type: application/json; charset=utf-8
cache-control: no-cache
content-length: 76456

20:41:28.516 [AsyncHttpClient-1-2] DEBUG org.asynchttpclient.netty.channel.ChannelManager - Adding key: http://localhost:59771 for channel [id: 0x02b564aa, L:/127.0.0.1:62574 - R:localhost/127.0.0.1:59771]
20:41:28.524 [main] DEBUG net.serenitybdd.core.photography.Darkroom - Send negative for processing for target\site\serenity\13b1346fe2e5596b34957265c35d5eb17202c68ed812efb6ea9784d098f63f87.png
20:41:28.525 [main] DEBUG net.thucydides.core.steps.StepInterceptor - STEP DONE: openDashbord
  &amp#27;[32mGiven &amp#27;[0m&amp#27;[32mOpen page dasbord&amp#27;[0m                       &amp#27;[90m# starter.stepdefinitios.PatientDataSteps.openPageDasbord()&amp#27;[0m
20:41:28.588 [AsyncHttpClient-1-1] DEBUG org.asynchttpclient.netty.channel.DefaultChannelPool - Entry count for : http://localhost:59771 : 1
20:41:28.588 [AsyncHttpClient-1-1] DEBUG org.asynchttpclient.netty.channel.DefaultChannelPool - Entry count for : http://localhost:62577 : 1
20:41:28.604 [Forwarding screenshot on session 7400730a8dcb971b9ee81bdce7d0aad8 to remote] DEBUG org.asynchttpclient.netty.request.NettyRequestSender - Using pooled Channel '[id: 0x02b564aa, L:/127.0.0.1:62574 - R:localhost/127.0.0.1:59771]' for 'GET' to 'http://localhost:59771/session/7400730a8dcb971b9ee81bdce7d0aad8/screenshot'
20:41:28.604 [Forwarding screenshot on session 7400730a8dcb971b9ee81bdce7d0aad8 to remote] DEBUG org.asynchttpclient.netty.request.NettyRequestSender - Using open Channel [id: 0x02b564aa, L:/127.0.0.1:62574 - R:localhost/127.0.0.1:59771] for GET '/session/7400730a8dcb971b9ee81bdce7d0aad8/screenshot'
20:41:28.952 [AsyncHttpClient-1-2] DEBUG org.asynchttpclient.netty.handler.HttpHandler - 

Request DefaultFullHttpRequest(decodeResult: success, version: HTTP/1.1, content: EmptyByteBufBE)
GET /session/7400730a8dcb971b9ee81bdce7d0aad8/screenshot HTTP/1.1
User-Agent: selenium/4.1.2 (java windows)
Cache-Control: no-cache
Content-Type: application/json; charset=utf-8
host: localhost:59771
accept: */*

Response DefaultHttpResponse(decodeResult: success, version: HTTP/1.1)
HTTP/1.1 200 OK
Content-Type: application/json; charset=utf-8
cache-control: no-cache
content-length: 76336

20:41:28.952 [AsyncHttpClient-1-2] DEBUG org.asynchttpclient.netty.channel.ChannelManager - Adding key: http://localhost:59771 for channel [id: 0x02b564aa, L:/127.0.0.1:62574 - R:localhost/127.0.0.1:59771]
20:41:28.960 [main] DEBUG net.serenitybdd.core.photography.Darkroom - Send negative for processing for target\site\serenity\682d53ac96905c9709a7416391bdc075deea066dd8bbf67546ea3e0629640c17.png
20:41:28.962 [main] DEBUG net.thucydides.core.steps.StepInterceptor - STARTING STEP: DokterDataSteps.clickButtonDataDokter - clickButtonDataDokter
20:41:28.981 [Forwarding findElement on session 7400730a8dcb971b9ee81bdce7d0aad8 to remote] DEBUG org.asynchttpclient.netty.request.NettyRequestSender - Using pooled Channel '[id: 0x02b564aa, L:/127.0.0.1:62574 - R:localhost/127.0.0.1:59771]' for 'POST' to 'http://localhost:59771/session/7400730a8dcb971b9ee81bdce7d0aad8/element'
20:41:28.981 [Forwarding findElement on session 7400730a8dcb971b9ee81bdce7d0aad8 to remote] DEBUG org.asynchttpclient.netty.request.NettyRequestSender - Using open Channel [id: 0x02b564aa, L:/127.0.0.1:62574 - R:localhost/127.0.0.1:59771] for POST '/session/7400730a8dcb971b9ee81bdce7d0aad8/element'
20:41:29.123 [AsyncHttpClient-1-2] DEBUG org.asynchttpclient.netty.handler.HttpHandler - 

Request DefaultHttpRequest(decodeResult: success, version: HTTP/1.1)
POST /session/7400730a8dcb971b9ee81bdce7d0aad8/element HTTP/1.1
User-Agent: selenium/4.1.2 (java windows)
Content-Length: 123
Content-Type: application/json; charset=utf-8
host: localhost:59771
accept: */*

Response DefaultHttpResponse(decodeResult: success, version: HTTP/1.1)
HTTP/1.1 200 OK
Content-Type: application/json; charset=utf-8
cache-control: no-cache
content-length: 88

20:41:29.123 [AsyncHttpClient-1-2] DEBUG org.asynchttpclient.netty.channel.ChannelManager - Adding key: http://localhost:59771 for channel [id: 0x02b564aa, L:/127.0.0.1:62574 - R:localhost/127.0.0.1:59771]
20:41:29.123 [Forwarding getElementTagName on session 7400730a8dcb971b9ee81bdce7d0aad8 to remote] DEBUG org.asynchttpclient.netty.request.NettyRequestSender - Using pooled Channel '[id: 0x02b564aa, L:/127.0.0.1:62574 - R:localhost/127.0.0.1:59771]' for 'GET' to 'http://localhost:59771/session/7400730a8dcb971b9ee81bdce7d0aad8/element/5e578072-f7a5-4ce8-ab05-b07b912c1d64/name'
20:41:29.123 [Forwarding getElementTagName on session 7400730a8dcb971b9ee81bdce7d0aad8 to remote] DEBUG org.asynchttpclient.netty.request.NettyRequestSender - Using open Channel [id: 0x02b564aa, L:/127.0.0.1:62574 - R:localhost/127.0.0.1:59771] for GET '/session/7400730a8dcb971b9ee81bdce7d0aad8/element/5e578072-f7a5-4ce8-ab05-b07b912c1d64/name'
20:41:29.139 [AsyncHttpClient-1-2] DEBUG org.asynchttpclient.netty.handler.HttpHandler - 

Request DefaultFullHttpRequest(decodeResult: success, version: HTTP/1.1, content: EmptyByteBufBE)
GET /session/7400730a8dcb971b9ee81bdce7d0aad8/element/5e578072-f7a5-4ce8-ab05-b07b912c1d64/name HTTP/1.1
User-Agent: selenium/4.1.2 (java windows)
Cache-Control: no-cache
Content-Type: application/json; charset=utf-8
host: localhost:59771
accept: */*

Response DefaultHttpResponse(decodeResult: success, version: HTTP/1.1)
HTTP/1.1 200 OK
Content-Type: application/json; charset=utf-8
cache-control: no-cache
content-length: 15

20:41:29.139 [AsyncHttpClient-1-2] DEBUG org.asynchttpclient.netty.channel.ChannelManager - Adding key: http://localhost:59771 for channel [id: 0x02b564aa, L:/127.0.0.1:62574 - R:localhost/127.0.0.1:59771]
20:41:29.154 [Forwarding getElementTagName on session 7400730a8dcb971b9ee81bdce7d0aad8 to remote] DEBUG org.asynchttpclient.netty.request.NettyRequestSender - Using pooled Channel '[id: 0x02b564aa, L:/127.0.0.1:62574 - R:localhost/127.0.0.1:59771]' for 'GET' to 'http://localhost:59771/session/7400730a8dcb971b9ee81bdce7d0aad8/element/5e578072-f7a5-4ce8-ab05-b07b912c1d64/name'
20:41:29.154 [Forwarding getElementTagName on session 7400730a8dcb971b9ee81bdce7d0aad8 to remote] DEBUG org.asynchttpclient.netty.request.NettyRequestSender - Using open Channel [id: 0x02b564aa, L:/127.0.0.1:62574 - R:localhost/127.0.0.1:59771] for GET '/session/7400730a8dcb971b9ee81bdce7d0aad8/element/5e578072-f7a5-4ce8-ab05-b07b912c1d64/name'
20:41:29.184 [AsyncHttpClient-1-2] DEBUG org.asynchttpclient.netty.handler.HttpHandler - 

Request DefaultFullHttpRequest(decodeResult: success, version: HTTP/1.1, content: EmptyByteBufBE)
GET /session/7400730a8dcb971b9ee81bdce7d0aad8/element/5e578072-f7a5-4ce8-ab05-b07b912c1d64/name HTTP/1.1
User-Agent: selenium/4.1.2 (java windows)
Cache-Control: no-cache
Content-Type: application/json; charset=utf-8
host: localhost:59771
accept: */*

Response DefaultHttpResponse(decodeResult: success, version: HTTP/1.1)
HTTP/1.1 200 OK
Content-Type: application/json; charset=utf-8
cache-control: no-cache
content-length: 15

20:41:29.184 [AsyncHttpClient-1-2] DEBUG org.asynchttpclient.netty.channel.ChannelManager - Adding key: http://localhost:59771 for channel [id: 0x02b564aa, L:/127.0.0.1:62574 - R:localhost/127.0.0.1:59771]
20:41:29.188 [Forwarding findElement on session 7400730a8dcb971b9ee81bdce7d0aad8 to remote] DEBUG org.asynchttpclient.netty.request.NettyRequestSender - Using pooled Channel '[id: 0x02b564aa, L:/127.0.0.1:62574 - R:localhost/127.0.0.1:59771]' for 'POST' to 'http://localhost:59771/session/7400730a8dcb971b9ee81bdce7d0aad8/element'
20:41:29.188 [Forwarding findElement on session 7400730a8dcb971b9ee81bdce7d0aad8 to remote] DEBUG org.asynchttpclient.netty.request.NettyRequestSender - Using open Channel [id: 0x02b564aa, L:/127.0.0.1:62574 - R:localhost/127.0.0.1:59771] for POST '/session/7400730a8dcb971b9ee81bdce7d0aad8/element'
20:41:29.213 [AsyncHttpClient-1-2] DEBUG org.asynchttpclient.netty.handler.HttpHandler - 

Request DefaultHttpRequest(decodeResult: success, version: HTTP/1.1)
POST /session/7400730a8dcb971b9ee81bdce7d0aad8/element HTTP/1.1
User-Agent: selenium/4.1.2 (java windows)
Content-Length: 123
Content-Type: application/json; charset=utf-8
host: localhost:59771
accept: */*

Response DefaultHttpResponse(decodeResult: success, version: HTTP/1.1)
HTTP/1.1 200 OK
Content-Type: application/json; charset=utf-8
cache-control: no-cache
content-length: 88

20:41:29.213 [AsyncHttpClient-1-2] DEBUG org.asynchttpclient.netty.channel.ChannelManager - Adding key: http://localhost:59771 for channel [id: 0x02b564aa, L:/127.0.0.1:62574 - R:localhost/127.0.0.1:59771]
20:41:29.215 [Forwarding clickElement on session 7400730a8dcb971b9ee81bdce7d0aad8 to remote] DEBUG org.asynchttpclient.netty.request.NettyRequestSender - Using pooled Channel '[id: 0x02b564aa, L:/127.0.0.1:62574 - R:localhost/127.0.0.1:59771]' for 'POST' to 'http://localhost:59771/session/7400730a8dcb971b9ee81bdce7d0aad8/element/5e578072-f7a5-4ce8-ab05-b07b912c1d64/click'
20:41:29.215 [Forwarding clickElement on session 7400730a8dcb971b9ee81bdce7d0aad8 to remote] DEBUG org.asynchttpclient.netty.request.NettyRequestSender - Using open Channel [id: 0x02b564aa, L:/127.0.0.1:62574 - R:localhost/127.0.0.1:59771] for POST '/session/7400730a8dcb971b9ee81bdce7d0aad8/element/5e578072-f7a5-4ce8-ab05-b07b912c1d64/click'
20:41:29.420 [AsyncHttpClient-1-2] DEBUG org.asynchttpclient.netty.handler.HttpHandler - 

Request DefaultHttpRequest(decodeResult: success, version: HTTP/1.1)
POST /session/7400730a8dcb971b9ee81bdce7d0aad8/element/5e578072-f7a5-4ce8-ab05-b07b912c1d64/click HTTP/1.1
User-Agent: selenium/4.1.2 (java windows)
Content-Length: 50
Content-Type: application/json; charset=utf-8
host: localhost:59771
accept: */*

Response DefaultHttpResponse(decodeResult: success, version: HTTP/1.1)
HTTP/1.1 200 OK
Content-Type: application/json; charset=utf-8
cache-control: no-cache
content-length: 14

20:41:29.420 [AsyncHttpClient-1-2] DEBUG org.asynchttpclient.netty.channel.ChannelManager - Adding key: http://localhost:59771 for channel [id: 0x02b564aa, L:/127.0.0.1:62574 - R:localhost/127.0.0.1:59771]
20:41:29.440 [Forwarding screenshot on session 7400730a8dcb971b9ee81bdce7d0aad8 to remote] DEBUG org.asynchttpclient.netty.request.NettyRequestSender - Using pooled Channel '[id: 0x02b564aa, L:/127.0.0.1:62574 - R:localhost/127.0.0.1:59771]' for 'GET' to 'http://localhost:59771/session/7400730a8dcb971b9ee81bdce7d0aad8/screenshot'
20:41:29.440 [Forwarding screenshot on session 7400730a8dcb971b9ee81bdce7d0aad8 to remote] DEBUG org.asynchttpclient.netty.request.NettyRequestSender - Using open Channel [id: 0x02b564aa, L:/127.0.0.1:62574 - R:localhost/127.0.0.1:59771] for GET '/session/7400730a8dcb971b9ee81bdce7d0aad8/screenshot'
20:41:29.696 [AsyncHttpClient-1-1] DEBUG org.asynchttpclient.netty.channel.DefaultChannelPool - Entry count for : http://localhost:62577 : 1
20:41:30.237 [AsyncHttpClient-1-2] DEBUG org.asynchttpclient.netty.handler.HttpHandler - 

Request DefaultFullHttpRequest(decodeResult: success, version: HTTP/1.1, content: EmptyByteBufBE)
GET /session/7400730a8dcb971b9ee81bdce7d0aad8/screenshot HTTP/1.1
User-Agent: selenium/4.1.2 (java windows)
Cache-Control: no-cache
Content-Type: application/json; charset=utf-8
host: localhost:59771
accept: */*

Response DefaultHttpResponse(decodeResult: success, version: HTTP/1.1)
HTTP/1.1 200 OK
Content-Type: application/json; charset=utf-8
cache-control: no-cache
content-length: 93040

20:41:30.237 [AsyncHttpClient-1-2] DEBUG org.asynchttpclient.netty.channel.ChannelManager - Adding key: http://localhost:59771 for channel [id: 0x02b564aa, L:/127.0.0.1:62574 - R:localhost/127.0.0.1:59771]
20:41:30.252 [main] DEBUG net.serenitybdd.core.photography.Darkroom - Send negative for processing for target\site\serenity\ee66319f8cb5850ca609fa5af5fccf9e8848aa4d878c3d081ff200c30ff79dfd.png
20:41:30.252 [main] DEBUG net.thucydides.core.steps.StepInterceptor - STEP DONE: clickButtonDataDokter
  &amp#27;[32mWhen &amp#27;[0m&amp#27;[32mClick button data dokter&amp#27;[0m                 &amp#27;[90m# starter.stepdefinitios.DokterDataSteps.clickButtonDataDokter()&amp#27;[0m
20:41:30.792 [AsyncHttpClient-1-1] DEBUG org.asynchttpclient.netty.channel.DefaultChannelPool - Entry count for : http://localhost:59771 : 1
20:41:30.792 [AsyncHttpClient-1-1] DEBUG org.asynchttpclient.netty.channel.DefaultChannelPool - Entry count for : http://localhost:62577 : 1
20:41:30.820 [Forwarding screenshot on session 7400730a8dcb971b9ee81bdce7d0aad8 to remote] DEBUG org.asynchttpclient.netty.request.NettyRequestSender - Using pooled Channel '[id: 0x02b564aa, L:/127.0.0.1:62574 - R:localhost/127.0.0.1:59771]' for 'GET' to 'http://localhost:59771/session/7400730a8dcb971b9ee81bdce7d0aad8/screenshot'
20:41:30.821 [Forwarding screenshot on session 7400730a8dcb971b9ee81bdce7d0aad8 to remote] DEBUG org.asynchttpclient.netty.request.NettyRequestSender - Using open Channel [id: 0x02b564aa, L:/127.0.0.1:62574 - R:localhost/127.0.0.1:59771] for GET '/session/7400730a8dcb971b9ee81bdce7d0aad8/screenshot'
20:41:31.100 [AsyncHttpClient-1-2] DEBUG org.asynchttpclient.netty.handler.HttpHandler - 

Request DefaultFullHttpRequest(decodeResult: success, version: HTTP/1.1, content: EmptyByteBufBE)
GET /session/7400730a8dcb971b9ee81bdce7d0aad8/screenshot HTTP/1.1
User-Agent: selenium/4.1.2 (java windows)
Cache-Control: no-cache
Content-Type: application/json; charset=utf-8
host: localhost:59771
accept: */*

Response DefaultHttpResponse(decodeResult: success, version: HTTP/1.1)
HTTP/1.1 200 OK
Content-Type: application/json; charset=utf-8
cache-control: no-cache
content-length: 93040

20:41:31.100 [AsyncHttpClient-1-2] DEBUG org.asynchttpclient.netty.channel.ChannelManager - Adding key: http://localhost:59771 for channel [id: 0x02b564aa, L:/127.0.0.1:62574 - R:localhost/127.0.0.1:59771]
20:41:31.109 [main] DEBUG net.serenitybdd.core.photography.Darkroom - Send negative for processing for target\site\serenity\ee66319f8cb5850ca609fa5af5fccf9e8848aa4d878c3d081ff200c30ff79dfd.png
20:41:31.110 [main] DEBUG net.thucydides.core.steps.StepInterceptor - STARTING STEP: DokterDataSteps.viewDokterData - validPagePasien
20:41:31.116 [Forwarding findElement on session 7400730a8dcb971b9ee81bdce7d0aad8 to remote] DEBUG org.asynchttpclient.netty.request.NettyRequestSender - Using pooled Channel '[id: 0x02b564aa, L:/127.0.0.1:62574 - R:localhost/127.0.0.1:59771]' for 'POST' to 'http://localhost:59771/session/7400730a8dcb971b9ee81bdce7d0aad8/element'
20:41:31.116 [Forwarding findElement on session 7400730a8dcb971b9ee81bdce7d0aad8 to remote] DEBUG org.asynchttpclient.netty.request.NettyRequestSender - Using open Channel [id: 0x02b564aa, L:/127.0.0.1:62574 - R:localhost/127.0.0.1:59771] for POST '/session/7400730a8dcb971b9ee81bdce7d0aad8/element'
20:41:31.148 [AsyncHttpClient-1-2] DEBUG org.asynchttpclient.netty.handler.HttpHandler - 

Request DefaultHttpRequest(decodeResult: success, version: HTTP/1.1)
POST /session/7400730a8dcb971b9ee81bdce7d0aad8/element HTTP/1.1
User-Agent: selenium/4.1.2 (java windows)
Content-Length: 126
Content-Type: application/json; charset=utf-8
host: localhost:59771
accept: */*

Response DefaultHttpResponse(decodeResult: success, version: HTTP/1.1)
HTTP/1.1 200 OK
Content-Type: application/json; charset=utf-8
cache-control: no-cache
content-length: 88

20:41:31.148 [AsyncHttpClient-1-2] DEBUG org.asynchttpclient.netty.channel.ChannelManager - Adding key: http://localhost:59771 for channel [id: 0x02b564aa, L:/127.0.0.1:62574 - R:localhost/127.0.0.1:59771]
20:41:31.149 [Forwarding isElementEnabled on session 7400730a8dcb971b9ee81bdce7d0aad8 to remote] DEBUG org.asynchttpclient.netty.request.NettyRequestSender - Using pooled Channel '[id: 0x02b564aa, L:/127.0.0.1:62574 - R:localhost/127.0.0.1:59771]' for 'GET' to 'http://localhost:59771/session/7400730a8dcb971b9ee81bdce7d0aad8/element/23585315-23c5-408f-9c38-db5c727c7b20/enabled'
20:41:31.149 [Forwarding isElementEnabled on session 7400730a8dcb971b9ee81bdce7d0aad8 to remote] DEBUG org.asynchttpclient.netty.request.NettyRequestSender - Using open Channel [id: 0x02b564aa, L:/127.0.0.1:62574 - R:localhost/127.0.0.1:59771] for GET '/session/7400730a8dcb971b9ee81bdce7d0aad8/element/23585315-23c5-408f-9c38-db5c727c7b20/enabled'
20:41:31.196 [AsyncHttpClient-1-2] DEBUG org.asynchttpclient.netty.handler.HttpHandler - 

Request DefaultFullHttpRequest(decodeResult: success, version: HTTP/1.1, content: EmptyByteBufBE)
GET /session/7400730a8dcb971b9ee81bdce7d0aad8/element/23585315-23c5-408f-9c38-db5c727c7b20/enabled HTTP/1.1
User-Agent: selenium/4.1.2 (java windows)
Cache-Control: no-cache
Content-Type: application/json; charset=utf-8
host: localhost:59771
accept: */*

Response DefaultHttpResponse(decodeResult: success, version: HTTP/1.1)
HTTP/1.1 200 OK
Content-Type: application/json; charset=utf-8
cache-control: no-cache
content-length: 14

20:41:31.197 [AsyncHttpClient-1-2] DEBUG org.asynchttpclient.netty.channel.ChannelManager - Adding key: http://localhost:59771 for channel [id: 0x02b564aa, L:/127.0.0.1:62574 - R:localhost/127.0.0.1:59771]
20:41:31.210 [Forwarding screenshot on session 7400730a8dcb971b9ee81bdce7d0aad8 to remote] DEBUG org.asynchttpclient.netty.request.NettyRequestSender - Using pooled Channel '[id: 0x02b564aa, L:/127.0.0.1:62574 - R:localhost/127.0.0.1:59771]' for 'GET' to 'http://localhost:59771/session/7400730a8dcb971b9ee81bdce7d0aad8/screenshot'
20:41:31.210 [Forwarding screenshot on session 7400730a8dcb971b9ee81bdce7d0aad8 to remote] DEBUG org.asynchttpclient.netty.request.NettyRequestSender - Using open Channel [id: 0x02b564aa, L:/127.0.0.1:62574 - R:localhost/127.0.0.1:59771] for GET '/session/7400730a8dcb971b9ee81bdce7d0aad8/screenshot'
20:41:31.416 [AsyncHttpClient-1-2] DEBUG org.asynchttpclient.netty.handler.HttpHandler - 

Request DefaultFullHttpRequest(decodeResult: success, version: HTTP/1.1, content: EmptyByteBufBE)
GET /session/7400730a8dcb971b9ee81bdce7d0aad8/screenshot HTTP/1.1
User-Agent: selenium/4.1.2 (java windows)
Cache-Control: no-cache
Content-Type: application/json; charset=utf-8
host: localhost:59771
accept: */*

Response DefaultHttpResponse(decodeResult: success, version: HTTP/1.1)
HTTP/1.1 200 OK
Content-Type: application/json; charset=utf-8
cache-control: no-cache
content-length: 93040

20:41:31.416 [AsyncHttpClient-1-2] DEBUG org.asynchttpclient.netty.channel.ChannelManager - Adding key: http://localhost:59771 for channel [id: 0x02b564aa, L:/127.0.0.1:62574 - R:localhost/127.0.0.1:59771]
20:41:31.441 [main] DEBUG net.serenitybdd.core.photography.Darkroom - Send negative for processing for target\site\serenity\ee66319f8cb5850ca609fa5af5fccf9e8848aa4d878c3d081ff200c30ff79dfd.png
20:41:31.445 [main] DEBUG net.thucydides.core.steps.StepInterceptor - STEP DONE: validPagePasien
  &amp#27;[32mThen &amp#27;[0m&amp#27;[32mView Dokter data&amp#27;[0m                         &amp#27;[90m# starter.stepdefinitios.DokterDataSteps.viewDokterData()&amp#27;[0m
20:41:31.479 [main] INFO  - 
  _____   ___   ___   _____     ___     _     ___   ___   ___   ___  
 |_   _| | __| / __| |_   _|   | _ \   /_\   / __| / __| | __| |   \ 
   | |   | _|  \__ \   | |     |  _/  / _ \  \__ \ \__ \ | _|  | |) |
   |_|   |___| |___/   |_|     |_|   /_/ \_\ |___/ |___/ |___| |___/ 

As a admin i want to view data dokter
----------------------------------------------------------------------
20:41:31.553 [AsyncHttpClient-1-4] DEBUG org.asynchttpclient.netty.handler.WebSocketHandler - Channel Closed: [id: 0xd2756521, L:/127.0.0.1:62587 ! R:localhost/127.0.0.1:62577] with attribute NettyResponseFuture{currentRetry=5,
	isDone=1,
	isCancelled=0,
	asyncHandler=org.asynchttpclient.ws.WebSocketUpgradeHandler@16c9fc32,
	nettyRequest=org.asynchttpclient.netty.request.NettyRequest@389796b1,
	future=java.util.concurrent.CompletableFuture@3232d827[Completed normally],
	uri=ws://localhost:62577/devtools/browser/a691d698-6c9b-45c3-b90a-ef36bc02ad61,
	keepAlive=true,
	redirectCount=0,
	timeoutsHolder=null,
	inAuth=0,
	touch=1655991686159}
20:41:31.553 [AsyncHttpClient-1-4] DEBUG org.asynchttpclient.netty.channel.ChannelManager - Closing Channel [id: 0xd2756521, L:/127.0.0.1:62587 ! R:localhost/127.0.0.1:62577] 
20:41:31.649 [Driver Command Executor] DEBUG org.asynchttpclient.netty.request.NettyRequestSender - Using pooled Channel '[id: 0x02b564aa, L:/127.0.0.1:62574 - R:localhost/127.0.0.1:59771]' for 'DELETE' to 'http://localhost:59771/session/7400730a8dcb971b9ee81bdce7d0aad8'
20:41:31.649 [Driver Command Executor] DEBUG org.asynchttpclient.netty.request.NettyRequestSender - Using open Channel [id: 0x02b564aa, L:/127.0.0.1:62574 - R:localhost/127.0.0.1:59771] for DELETE '/session/7400730a8dcb971b9ee81bdce7d0aad8'
20:41:31.894 [AsyncHttpClient-1-1] DEBUG org.asynchttpclient.netty.channel.DefaultChannelPool - Entry count for : http://localhost:62577 : 1
20:41:32.526 [AsyncHttpClient-1-3] DEBUG org.asynchttpclient.netty.handler.HttpHandler - Unexpected I/O exception on channel [id: 0x44fee23f, L:/127.0.0.1:62586 - R:localhost/127.0.0.1:62577]
java.io.IOException: An existing connection was forcibly closed by the remote host
	at java.base/sun.nio.ch.SocketDispatcher.read0(Native Method)
	at java.base/sun.nio.ch.SocketDispatcher.read(SocketDispatcher.java:43)
	at java.base/sun.nio.ch.IOUtil.readIntoNativeBuffer(IOUtil.java:276)
	at java.base/sun.nio.ch.IOUtil.read(IOUtil.java:233)
	at java.base/sun.nio.ch.IOUtil.read(IOUtil.java:223)
	at java.base/sun.nio.ch.SocketChannelImpl.read(SocketChannelImpl.java:358)
	at io.netty.buffer.PooledByteBuf.setBytes(PooledByteBuf.java:258)
	at io.netty.buffer.AbstractByteBuf.writeBytes(AbstractByteBuf.java:1132)
	at io.netty.channel.socket.nio.NioSocketChannel.doReadBytes(NioSocketChannel.java:350)
	at io.netty.channel.nio.AbstractNioByteChannel$NioByteUnsafe.read(AbstractNioByteChannel.java:151)
	at io.netty.channel.nio.NioEventLoop.processSelectedKey(NioEventLoop.java:722)
	at io.netty.channel.nio.NioEventLoop.processSelectedKeysOptimized(NioEventLoop.java:658)
	at io.netty.channel.nio.NioEventLoop.processSelectedKeys(NioEventLoop.java:584)
	at io.netty.channel.nio.NioEventLoop.run(NioEventLoop.java:496)
	at io.netty.util.concurrent.SingleThreadEventExecutor$4.run(SingleThreadEventExecutor.java:986)
	at io.netty.util.internal.ThreadExecutorMap$2.run(ThreadExecutorMap.java:74)
	at io.netty.util.concurrent.FastThreadLocalRunnable.run(FastThreadLocalRunnable.java:30)
	at java.base/java.lang.Thread.run(Thread.java:834)
20:41:32.526 [AsyncHttpClient-1-3] DEBUG org.asynchttpclient.netty.channel.ChannelManager - Closing Channel [id: 0x44fee23f, L:/127.0.0.1:62586 - R:localhost/127.0.0.1:62577] 
20:41:32.526 [AsyncHttpClient-1-3] DEBUG org.asynchttpclient.netty.handler.HttpHandler - Channel Closed: [id: 0x44fee23f, L:/127.0.0.1:62586 ! R:localhost/127.0.0.1:62577] with attribute DISCARD
20:41:32.547 [AsyncHttpClient-1-2] DEBUG org.asynchttpclient.netty.handler.HttpHandler - 

Request DefaultFullHttpRequest(decodeResult: success, version: HTTP/1.1, content: EmptyByteBufBE)
DELETE /session/7400730a8dcb971b9ee81bdce7d0aad8 HTTP/1.1
User-Agent: selenium/4.1.2 (java windows)
Content-Type: application/json; charset=utf-8
host: localhost:59771
accept: */*

Response DefaultHttpResponse(decodeResult: success, version: HTTP/1.1)
HTTP/1.1 200 OK
Content-Type: application/json; charset=utf-8
cache-control: no-cache
content-length: 14

20:41:32.547 [AsyncHttpClient-1-2] DEBUG org.asynchttpclient.netty.channel.ChannelManager - Adding key: http://localhost:59771 for channel [id: 0x02b564aa, L:/127.0.0.1:62574 - R:localhost/127.0.0.1:59771]
20:41:32.989 [AsyncHttpClient-1-1] DEBUG org.asynchttpclient.netty.channel.DefaultChannelPool - Entry count for : http://localhost:59771 : 1
20:41:32.989 [AsyncHttpClient-1-1] DEBUG org.asynchttpclient.netty.channel.DefaultChannelPool - Entry count for : http://localhost:62577 : 1
20:41:32.989 [AsyncHttpClient-1-1] DEBUG org.asynchttpclient.netty.channel.DefaultChannelPool - Adding Candidate expired Channel [id: 0x44fee23f, L:/127.0.0.1:62586 ! R:localhost/127.0.0.1:62577] isIdleTimeoutExpired=false isRemotelyClosed=true isTtlExpired=false
20:41:32.989 [AsyncHttpClient-1-1] DEBUG org.asynchttpclient.netty.channel.DefaultChannelPool - Closing Idle Channel [id: 0x44fee23f, L:/127.0.0.1:62586 ! R:localhost/127.0.0.1:62577]
20:41:32.989 [AsyncHttpClient-1-1] DEBUG org.asynchttpclient.netty.channel.DefaultChannelPool - Closed 1 connections out of 2 in 0 ms
20:41:33.554 [AsyncHttpClient-1-2] DEBUG org.asynchttpclient.netty.handler.HttpHandler - Unexpected I/O exception on channel [id: 0x02b564aa, L:/127.0.0.1:62574 - R:localhost/127.0.0.1:59771]
java.io.IOException: An existing connection was forcibly closed by the remote host
	at java.base/sun.nio.ch.SocketDispatcher.read0(Native Method)
	at java.base/sun.nio.ch.SocketDispatcher.read(SocketDispatcher.java:43)
	at java.base/sun.nio.ch.IOUtil.readIntoNativeBuffer(IOUtil.java:276)
	at java.base/sun.nio.ch.IOUtil.read(IOUtil.java:233)
	at java.base/sun.nio.ch.IOUtil.read(IOUtil.java:223)
	at java.base/sun.nio.ch.SocketChannelImpl.read(SocketChannelImpl.java:358)
	at io.netty.buffer.PooledByteBuf.setBytes(PooledByteBuf.java:258)
	at io.netty.buffer.AbstractByteBuf.writeBytes(AbstractByteBuf.java:1132)
	at io.netty.channel.socket.nio.NioSocketChannel.doReadBytes(NioSocketChannel.java:350)
	at io.netty.channel.nio.AbstractNioByteChannel$NioByteUnsafe.read(AbstractNioByteChannel.java:151)
	at io.netty.channel.nio.NioEventLoop.processSelectedKey(NioEventLoop.java:722)
	at io.netty.channel.nio.NioEventLoop.processSelectedKeysOptimized(NioEventLoop.java:658)
	at io.netty.channel.nio.NioEventLoop.processSelectedKeys(NioEventLoop.java:584)
	at io.netty.channel.nio.NioEventLoop.run(NioEventLoop.java:496)
	at io.netty.util.concurrent.SingleThreadEventExecutor$4.run(SingleThreadEventExecutor.java:986)
	at io.netty.util.internal.ThreadExecutorMap$2.run(ThreadExecutorMap.java:74)
	at io.netty.util.concurrent.FastThreadLocalRunnable.run(FastThreadLocalRunnable.java:30)
	at java.base/java.lang.Thread.run(Thread.java:834)
20:41:33.554 [AsyncHttpClient-1-2] DEBUG org.asynchttpclient.netty.channel.ChannelManager - Closing Channel [id: 0x02b564aa, L:/127.0.0.1:62574 - R:localhost/127.0.0.1:59771] 
20:41:33.569 [AsyncHttpClient-1-2] DEBUG org.asynchttpclient.netty.handler.HttpHandler - Channel Closed: [id: 0x02b564aa, L:/127.0.0.1:62574 ! R:localhost/127.0.0.1:59771] with attribute DISCARD
]]></system-out>
    <system-err><![CDATA[Starting ChromeDriver 102.0.5005.61 (0e59bcc00cc4985ce39ad31c150065f159d95ad3-refs/branch-heads/5005@{#819}) on port 59771
Only local connections are allowed.
Please see https://chromedriver.chromium.org/security-considerations for suggestions on keeping ChromeDriver safe.
ChromeDriver was started successfully.
Jun 23, 2022 8:41:26 PM org.openqa.selenium.remote.ProtocolHandshake createSession
INFO: Detected dialect: W3C
Jun 23, 2022 8:41:26 PM org.openqa.selenium.devtools.CdpVersionFinder findNearestMatch
WARNING: Unable to find an exact match for CDP version 102, so returning the closest version found: a no-op implementation
Jun 23, 2022 8:41:26 PM org.openqa.selenium.devtools.CdpVersionFinder findNearestMatch
INFO: Unable to find CDP implementation matching 102.
Jun 23, 2022 8:41:26 PM org.openqa.selenium.chromium.ChromiumDriver lambda$new$3
WARNING: Unable to find version of CDP to use for . You may need to include a dependency on a specific version of the CDP using something similar to `org.seleniumhq.selenium:selenium-devtools-v86:4.1.2` where the version ("v86") matches the version of the chromium-based browser you're using and the version number of the artifact is the same as Selenium's.
]]></system-err>
  </testcase>
  <testcase name="As a admin i want to view data pasien" classname="View Data Pasien - Admin" time="11.916">
    <system-out><![CDATA[20:41:33.616 [main] INFO io.cucumber.core.plugin.SerenityReporter - Running feature from file:///D:/Kel-1-capstone/TestingWeb/src/test/resources/features/ViewDataPasien.feature
20:41:33.616 [main] DEBUG net.thucydides.core.steps.StepEventBus - Test suite started for story net.thucydides.core.model.Story@9759205a
20:41:33.616 [main] INFO  - Test Suite Started: View Data Pasien - Admin

@ViewPatientData
Scenario: As a admin i want to view data pasien &amp#27;[90m# src/test/resources/features/ViewDataPasien.feature:4&amp#27;[0m
20:41:33.645 [main] INFO io.cucumber.core.plugin.SerenityReporter - Running feature from file:///D:/Kel-1-capstone/TestingWeb/src/test/resources/features/ViewDataPasien.feature
20:41:33.651 [main] INFO  - 
  _____   ___   ___   _____     ___   _____     _     ___   _____   ___   ___  
 |_   _| | __| / __| |_   _|   / __| |_   _|   /_\   | _ \ |_   _| | __| |   \ 
   | |   | _|  \__ \   | |     \__ \   | |    / _ \  |   /   | |   | _|  | |) |
   |_|   |___| |___/   |_|     |___/   |_|   /_/ \_\ |_|_\   |_|   |___| |___/ 

As a admin i want to view data pasien(view-data-pasien---admin;as-a-admin-i-want-to-view-data-pasien)
--------------------------------------------------------------------------------
20:41:33.730 [main] DEBUG net.thucydides.core.steps.StepInterceptor - STARTING STEP: PatientDataSteps.openPageDasbord - openDashbord
20:41:33.732 [main] INFO net.serenitybdd.core.webdriver.driverproviders.ChromeDriverProvider - Using automatically driver download
20:41:34.021 [main] DEBUG io.github.bonigarcia.wdm.cache.ResolutionCache - Resolution chrome=102 in cache (valid until 21:04:30 23/06/2022 ICT)
20:41:34.044 [main] DEBUG io.github.bonigarcia.wdm.cache.ResolutionCache - Resolution chrome102=102.0.5005.61 in cache (valid until 20:04:30 24/06/2022 ICT)
20:41:34.053 [main] INFO io.github.bonigarcia.wdm.WebDriverManager - Using chromedriver 102.0.5005.61 (resolved driver for Chrome 102)
20:41:34.089 [AsyncHttpClient-1-1] DEBUG org.asynchttpclient.netty.channel.DefaultChannelPool - Entry count for : http://localhost:59771 : 1
20:41:34.089 [AsyncHttpClient-1-1] DEBUG org.asynchttpclient.netty.channel.DefaultChannelPool - Adding Candidate expired Channel [id: 0x02b564aa, L:/127.0.0.1:62574 ! R:localhost/127.0.0.1:59771] isIdleTimeoutExpired=false isRemotelyClosed=true isTtlExpired=false
20:41:34.089 [AsyncHttpClient-1-1] DEBUG org.asynchttpclient.netty.channel.DefaultChannelPool - Closing Idle Channel [id: 0x02b564aa, L:/127.0.0.1:62574 ! R:localhost/127.0.0.1:59771]
20:41:34.089 [AsyncHttpClient-1-1] DEBUG org.asynchttpclient.netty.channel.DefaultChannelPool - Closed 1 connections out of 1 in 0 ms
20:41:34.111 [main] DEBUG io.github.bonigarcia.wdm.WebDriverManager - Driver chromedriver 102.0.5005.61 found in cache
20:41:34.114 [main] INFO io.github.bonigarcia.wdm.WebDriverManager - Exporting webdriver.chrome.driver as C:\Users\ASUS\.cache\selenium\chromedriver\win32\102.0.5005.61\chromedriver.exe
20:41:34.498 [main] DEBUG net.serenitybdd.core.webdriver.driverproviders.ProvideNewDriver - Instantiating driver
20:41:34.498 [main] DEBUG net.serenitybdd.core.webdriver.driverproviders.ProvideNewDriver - Driver capabilities: Capabilities {acceptInsecureCerts: false, base.url: https://fanciful-trifle-360..., browserName: chrome, chorme.driver: src/test/resources/webdrive..., driver: chrome, goog:chromeOptions: {args: [], extensions: []}}
20:41:35.072 [AsyncHttpClient-1-5] DEBUG org.asynchttpclient.netty.channel.NettyConnectListener - Using new Channel '[id: 0x6b7cafcf, L:/127.0.0.1:62616 - R:localhost/127.0.0.1:61995]' for 'POST' to '/session'
20:41:36.853 [AsyncHttpClient-1-5] DEBUG org.asynchttpclient.netty.handler.HttpHandler - 

Request DefaultHttpRequest(decodeResult: success, version: HTTP/1.1)
POST /session HTTP/1.1
User-Agent: selenium/4.1.2 (java windows)
Content-Length: 629
Content-Type: application/json; charset=utf-8
host: localhost:61995
accept: */*

Response DefaultHttpResponse(decodeResult: success, version: HTTP/1.1)
HTTP/1.1 200 OK
Content-Type: application/json; charset=utf-8
cache-control: no-cache
content-length: 789

20:41:36.853 [AsyncHttpClient-1-5] DEBUG org.asynchttpclient.netty.channel.ChannelManager - Adding key: http://localhost:61995 for channel [id: 0x6b7cafcf, L:/127.0.0.1:62616 - R:localhost/127.0.0.1:61995]
20:41:36.884 [AsyncHttpClient-1-6] DEBUG org.asynchttpclient.netty.channel.NettyConnectListener - Using new Channel '[id: 0xd11cbf29, L:/127.0.0.1:62628 - R:localhost/127.0.0.1:62617]' for 'GET' to '/json/version'
20:41:36.896 [AsyncHttpClient-1-6] DEBUG org.asynchttpclient.netty.handler.HttpHandler - 

Request DefaultFullHttpRequest(decodeResult: success, version: HTTP/1.1, content: EmptyByteBufBE)
GET /json/version HTTP/1.1
User-Agent: selenium/4.1.2 (java windows)
host: localhost:62617
accept: */*

Response DefaultHttpResponse(decodeResult: success, version: HTTP/1.1)
HTTP/1.1 200 OK
Content-Type: application/json; charset=UTF-8
content-length: 428

20:41:36.896 [AsyncHttpClient-1-6] DEBUG org.asynchttpclient.netty.channel.ChannelManager - Adding key: http://localhost:62617 for channel [id: 0xd11cbf29, L:/127.0.0.1:62628 - R:localhost/127.0.0.1:62617]
20:41:36.902 [AsyncHttpClient-1-7] DEBUG org.asynchttpclient.netty.channel.NettyConnectListener - Using new Channel '[id: 0xa606469c, L:/127.0.0.1:62629 - R:localhost/127.0.0.1:62617]' for 'GET' to '/devtools/browser/7e767223-26b3-414e-a5f6-424d144a2b23'
20:41:36.907 [AsyncHttpClient-1-7] DEBUG org.asynchttpclient.netty.handler.WebSocketHandler - 

Request DefaultFullHttpRequest(decodeResult: success, version: HTTP/1.1, content: EmptyByteBufBE)
GET /devtools/browser/7e767223-26b3-414e-a5f6-424d144a2b23 HTTP/1.1
upgrade: websocket
connection: upgrade
sec-websocket-key: yBu1sstv0YcN/EcxflUc9g==
sec-websocket-version: 13
origin: http://localhost:62617
host: localhost:62617
accept: */*
user-agent: AHC/2.1

Response DefaultHttpResponse(decodeResult: success, version: HTTP/1.1)
HTTP/1.1 101 WebSocket Protocol Handshake
Upgrade: WebSocket
Connection: Upgrade
Sec-WebSocket-Accept: gfB4nLVfqoZbxb9W8kj2RxTl6OU=

20:41:36.907 [Forwarding get on session eee6b610887a8694b11c7d7aa4ee86a3 to remote] DEBUG org.asynchttpclient.netty.request.NettyRequestSender - Using pooled Channel '[id: 0x6b7cafcf, L:/127.0.0.1:62616 - R:localhost/127.0.0.1:61995]' for 'POST' to 'http://localhost:61995/session/eee6b610887a8694b11c7d7aa4ee86a3/url'
20:41:36.907 [Forwarding get on session eee6b610887a8694b11c7d7aa4ee86a3 to remote] DEBUG org.asynchttpclient.netty.request.NettyRequestSender - Using open Channel [id: 0x6b7cafcf, L:/127.0.0.1:62616 - R:localhost/127.0.0.1:61995] for POST '/session/eee6b610887a8694b11c7d7aa4ee86a3/url'
20:41:37.408 [AsyncHttpClient-1-1] DEBUG org.asynchttpclient.netty.channel.DefaultChannelPool - Entry count for : http://localhost:62617 : 1
20:41:38.264 [AsyncHttpClient-1-5] DEBUG org.asynchttpclient.netty.handler.HttpHandler - 

Request DefaultHttpRequest(decodeResult: success, version: HTTP/1.1)
POST /session/eee6b610887a8694b11c7d7aa4ee86a3/url HTTP/1.1
User-Agent: selenium/4.1.2 (java windows)
Content-Length: 73
Content-Type: application/json; charset=utf-8
host: localhost:61995
accept: */*

Response DefaultHttpResponse(decodeResult: success, version: HTTP/1.1)
HTTP/1.1 200 OK
Content-Type: application/json; charset=utf-8
cache-control: no-cache
content-length: 14

20:41:38.264 [AsyncHttpClient-1-5] DEBUG org.asynchttpclient.netty.channel.ChannelManager - Adding key: http://localhost:61995 for channel [id: 0x6b7cafcf, L:/127.0.0.1:62616 - R:localhost/127.0.0.1:61995]
20:41:38.267 [Forwarding setTimeout on session eee6b610887a8694b11c7d7aa4ee86a3 to remote] DEBUG org.asynchttpclient.netty.request.NettyRequestSender - Using pooled Channel '[id: 0x6b7cafcf, L:/127.0.0.1:62616 - R:localhost/127.0.0.1:61995]' for 'POST' to 'http://localhost:61995/session/eee6b610887a8694b11c7d7aa4ee86a3/timeouts'
20:41:38.267 [Forwarding setTimeout on session eee6b610887a8694b11c7d7aa4ee86a3 to remote] DEBUG org.asynchttpclient.netty.request.NettyRequestSender - Using open Channel [id: 0x6b7cafcf, L:/127.0.0.1:62616 - R:localhost/127.0.0.1:61995] for POST '/session/eee6b610887a8694b11c7d7aa4ee86a3/timeouts'
20:41:38.285 [AsyncHttpClient-1-5] DEBUG org.asynchttpclient.netty.handler.HttpHandler - 

Request DefaultHttpRequest(decodeResult: success, version: HTTP/1.1)
POST /session/eee6b610887a8694b11c7d7aa4ee86a3/timeouts HTTP/1.1
User-Agent: selenium/4.1.2 (java windows)
Content-Length: 22
Content-Type: application/json; charset=utf-8
host: localhost:61995
accept: */*

Response DefaultHttpResponse(decodeResult: success, version: HTTP/1.1)
HTTP/1.1 200 OK
Content-Type: application/json; charset=utf-8
cache-control: no-cache
content-length: 14

20:41:38.285 [AsyncHttpClient-1-5] DEBUG org.asynchttpclient.netty.channel.ChannelManager - Adding key: http://localhost:61995 for channel [id: 0x6b7cafcf, L:/127.0.0.1:62616 - R:localhost/127.0.0.1:61995]
20:41:38.303 [Forwarding getCurrentUrl on session eee6b610887a8694b11c7d7aa4ee86a3 to remote] DEBUG org.asynchttpclient.netty.request.NettyRequestSender - Using pooled Channel '[id: 0x6b7cafcf, L:/127.0.0.1:62616 - R:localhost/127.0.0.1:61995]' for 'GET' to 'http://localhost:61995/session/eee6b610887a8694b11c7d7aa4ee86a3/url'
20:41:38.304 [Forwarding getCurrentUrl on session eee6b610887a8694b11c7d7aa4ee86a3 to remote] DEBUG org.asynchttpclient.netty.request.NettyRequestSender - Using open Channel [id: 0x6b7cafcf, L:/127.0.0.1:62616 - R:localhost/127.0.0.1:61995] for GET '/session/eee6b610887a8694b11c7d7aa4ee86a3/url'
20:41:38.377 [AsyncHttpClient-1-5] DEBUG org.asynchttpclient.netty.handler.HttpHandler - 

Request DefaultFullHttpRequest(decodeResult: success, version: HTTP/1.1, content: EmptyByteBufBE)
GET /session/eee6b610887a8694b11c7d7aa4ee86a3/url HTTP/1.1
User-Agent: selenium/4.1.2 (java windows)
Cache-Control: no-cache
Content-Type: application/json; charset=utf-8
host: localhost:61995
accept: */*

Response DefaultHttpResponse(decodeResult: success, version: HTTP/1.1)
HTTP/1.1 200 OK
Content-Type: application/json; charset=utf-8
cache-control: no-cache
content-length: 55

20:41:38.377 [AsyncHttpClient-1-5] DEBUG org.asynchttpclient.netty.channel.ChannelManager - Adding key: http://localhost:61995 for channel [id: 0x6b7cafcf, L:/127.0.0.1:62616 - R:localhost/127.0.0.1:61995]
20:41:38.384 [Forwarding getCurrentUrl on session eee6b610887a8694b11c7d7aa4ee86a3 to remote] DEBUG org.asynchttpclient.netty.request.NettyRequestSender - Using pooled Channel '[id: 0x6b7cafcf, L:/127.0.0.1:62616 - R:localhost/127.0.0.1:61995]' for 'GET' to 'http://localhost:61995/session/eee6b610887a8694b11c7d7aa4ee86a3/url'
20:41:38.384 [Forwarding getCurrentUrl on session eee6b610887a8694b11c7d7aa4ee86a3 to remote] DEBUG org.asynchttpclient.netty.request.NettyRequestSender - Using open Channel [id: 0x6b7cafcf, L:/127.0.0.1:62616 - R:localhost/127.0.0.1:61995] for GET '/session/eee6b610887a8694b11c7d7aa4ee86a3/url'
20:41:38.397 [AsyncHttpClient-1-5] DEBUG org.asynchttpclient.netty.handler.HttpHandler - 

Request DefaultFullHttpRequest(decodeResult: success, version: HTTP/1.1, content: EmptyByteBufBE)
GET /session/eee6b610887a8694b11c7d7aa4ee86a3/url HTTP/1.1
User-Agent: selenium/4.1.2 (java windows)
Cache-Control: no-cache
Content-Type: application/json; charset=utf-8
host: localhost:61995
accept: */*

Response DefaultHttpResponse(decodeResult: success, version: HTTP/1.1)
HTTP/1.1 200 OK
Content-Type: application/json; charset=utf-8
cache-control: no-cache
content-length: 55

20:41:38.397 [AsyncHttpClient-1-5] DEBUG org.asynchttpclient.netty.channel.ChannelManager - Adding key: http://localhost:61995 for channel [id: 0x6b7cafcf, L:/127.0.0.1:62616 - R:localhost/127.0.0.1:61995]
20:41:38.414 [main] DEBUG net.serenitybdd.core.photography.Darkroom - Opening darkroom
20:41:38.415 [Darkroom Processing Line] DEBUG net.serenitybdd.core.photography.DarkroomProcessingLine - Darkroom processing line starting up
20:41:38.415 [Forwarding screenshot on session eee6b610887a8694b11c7d7aa4ee86a3 to remote] DEBUG org.asynchttpclient.netty.request.NettyRequestSender - Using pooled Channel '[id: 0x6b7cafcf, L:/127.0.0.1:62616 - R:localhost/127.0.0.1:61995]' for 'GET' to 'http://localhost:61995/session/eee6b610887a8694b11c7d7aa4ee86a3/screenshot'
20:41:38.415 [Forwarding screenshot on session eee6b610887a8694b11c7d7aa4ee86a3 to remote] DEBUG org.asynchttpclient.netty.request.NettyRequestSender - Using open Channel [id: 0x6b7cafcf, L:/127.0.0.1:62616 - R:localhost/127.0.0.1:61995] for GET '/session/eee6b610887a8694b11c7d7aa4ee86a3/screenshot'
20:41:38.498 [AsyncHttpClient-1-1] DEBUG org.asynchttpclient.netty.channel.DefaultChannelPool - Entry count for : http://localhost:62617 : 1
20:41:39.368 [AsyncHttpClient-1-5] DEBUG org.asynchttpclient.netty.handler.HttpHandler - 

Request DefaultFullHttpRequest(decodeResult: success, version: HTTP/1.1, content: EmptyByteBufBE)
GET /session/eee6b610887a8694b11c7d7aa4ee86a3/screenshot HTTP/1.1
User-Agent: selenium/4.1.2 (java windows)
Cache-Control: no-cache
Content-Type: application/json; charset=utf-8
host: localhost:61995
accept: */*

Response DefaultHttpResponse(decodeResult: success, version: HTTP/1.1)
HTTP/1.1 200 OK
Content-Type: application/json; charset=utf-8
cache-control: no-cache
content-length: 76456

20:41:39.368 [AsyncHttpClient-1-5] DEBUG org.asynchttpclient.netty.channel.ChannelManager - Adding key: http://localhost:61995 for channel [id: 0x6b7cafcf, L:/127.0.0.1:62616 - R:localhost/127.0.0.1:61995]
20:41:39.377 [main] DEBUG net.serenitybdd.core.photography.Darkroom - Send negative for processing for target\site\serenity\13b1346fe2e5596b34957265c35d5eb17202c68ed812efb6ea9784d098f63f87.png
20:41:39.377 [main] DEBUG net.thucydides.core.steps.StepInterceptor - STEP DONE: openDashbord
  &amp#27;[32mGiven &amp#27;[0m&amp#27;[32mOpen page dasbord&amp#27;[0m                       &amp#27;[90m# starter.stepdefinitios.PatientDataSteps.openPageDasbord()&amp#27;[0m
20:41:39.428 [Forwarding screenshot on session eee6b610887a8694b11c7d7aa4ee86a3 to remote] DEBUG org.asynchttpclient.netty.request.NettyRequestSender - Using pooled Channel '[id: 0x6b7cafcf, L:/127.0.0.1:62616 - R:localhost/127.0.0.1:61995]' for 'GET' to 'http://localhost:61995/session/eee6b610887a8694b11c7d7aa4ee86a3/screenshot'
20:41:39.428 [Forwarding screenshot on session eee6b610887a8694b11c7d7aa4ee86a3 to remote] DEBUG org.asynchttpclient.netty.request.NettyRequestSender - Using open Channel [id: 0x6b7cafcf, L:/127.0.0.1:62616 - R:localhost/127.0.0.1:61995] for GET '/session/eee6b610887a8694b11c7d7aa4ee86a3/screenshot'
20:41:39.589 [AsyncHttpClient-1-1] DEBUG org.asynchttpclient.netty.channel.DefaultChannelPool - Entry count for : http://localhost:62617 : 1
20:41:39.639 [AsyncHttpClient-1-5] DEBUG org.asynchttpclient.netty.handler.HttpHandler - 

Request DefaultFullHttpRequest(decodeResult: success, version: HTTP/1.1, content: EmptyByteBufBE)
GET /session/eee6b610887a8694b11c7d7aa4ee86a3/screenshot HTTP/1.1
User-Agent: selenium/4.1.2 (java windows)
Cache-Control: no-cache
Content-Type: application/json; charset=utf-8
host: localhost:61995
accept: */*

Response DefaultHttpResponse(decodeResult: success, version: HTTP/1.1)
HTTP/1.1 200 OK
Content-Type: application/json; charset=utf-8
cache-control: no-cache
content-length: 76456

20:41:39.640 [AsyncHttpClient-1-5] DEBUG org.asynchttpclient.netty.channel.ChannelManager - Adding key: http://localhost:61995 for channel [id: 0x6b7cafcf, L:/127.0.0.1:62616 - R:localhost/127.0.0.1:61995]
20:41:39.646 [main] DEBUG net.serenitybdd.core.photography.Darkroom - Send negative for processing for target\site\serenity\13b1346fe2e5596b34957265c35d5eb17202c68ed812efb6ea9784d098f63f87.png
20:41:39.646 [main] DEBUG net.thucydides.core.steps.StepInterceptor - STARTING STEP: PatientDataSteps.clickButtonDataPasien - clickButtonDataPasien
20:41:39.653 [Forwarding findElement on session eee6b610887a8694b11c7d7aa4ee86a3 to remote] DEBUG org.asynchttpclient.netty.request.NettyRequestSender - Using pooled Channel '[id: 0x6b7cafcf, L:/127.0.0.1:62616 - R:localhost/127.0.0.1:61995]' for 'POST' to 'http://localhost:61995/session/eee6b610887a8694b11c7d7aa4ee86a3/element'
20:41:39.653 [Forwarding findElement on session eee6b610887a8694b11c7d7aa4ee86a3 to remote] DEBUG org.asynchttpclient.netty.request.NettyRequestSender - Using open Channel [id: 0x6b7cafcf, L:/127.0.0.1:62616 - R:localhost/127.0.0.1:61995] for POST '/session/eee6b610887a8694b11c7d7aa4ee86a3/element'
20:41:39.681 [AsyncHttpClient-1-5] DEBUG org.asynchttpclient.netty.handler.HttpHandler - 

Request DefaultHttpRequest(decodeResult: success, version: HTTP/1.1)
POST /session/eee6b610887a8694b11c7d7aa4ee86a3/element HTTP/1.1
User-Agent: selenium/4.1.2 (java windows)
Content-Length: 123
Content-Type: application/json; charset=utf-8
host: localhost:61995
accept: */*

Response DefaultHttpResponse(decodeResult: success, version: HTTP/1.1)
HTTP/1.1 200 OK
Content-Type: application/json; charset=utf-8
cache-control: no-cache
content-length: 88

20:41:39.681 [AsyncHttpClient-1-5] DEBUG org.asynchttpclient.netty.channel.ChannelManager - Adding key: http://localhost:61995 for channel [id: 0x6b7cafcf, L:/127.0.0.1:62616 - R:localhost/127.0.0.1:61995]
20:41:39.689 [Forwarding getElementTagName on session eee6b610887a8694b11c7d7aa4ee86a3 to remote] DEBUG org.asynchttpclient.netty.request.NettyRequestSender - Using pooled Channel '[id: 0x6b7cafcf, L:/127.0.0.1:62616 - R:localhost/127.0.0.1:61995]' for 'GET' to 'http://localhost:61995/session/eee6b610887a8694b11c7d7aa4ee86a3/element/21514175-b46e-41dc-862c-aa8c6157eaad/name'
20:41:39.689 [Forwarding getElementTagName on session eee6b610887a8694b11c7d7aa4ee86a3 to remote] DEBUG org.asynchttpclient.netty.request.NettyRequestSender - Using open Channel [id: 0x6b7cafcf, L:/127.0.0.1:62616 - R:localhost/127.0.0.1:61995] for GET '/session/eee6b610887a8694b11c7d7aa4ee86a3/element/21514175-b46e-41dc-862c-aa8c6157eaad/name'
20:41:39.701 [AsyncHttpClient-1-5] DEBUG org.asynchttpclient.netty.handler.HttpHandler - 

Request DefaultFullHttpRequest(decodeResult: success, version: HTTP/1.1, content: EmptyByteBufBE)
GET /session/eee6b610887a8694b11c7d7aa4ee86a3/element/21514175-b46e-41dc-862c-aa8c6157eaad/name HTTP/1.1
User-Agent: selenium/4.1.2 (java windows)
Cache-Control: no-cache
Content-Type: application/json; charset=utf-8
host: localhost:61995
accept: */*

Response DefaultHttpResponse(decodeResult: success, version: HTTP/1.1)
HTTP/1.1 200 OK
Content-Type: application/json; charset=utf-8
cache-control: no-cache
content-length: 15

20:41:39.701 [AsyncHttpClient-1-5] DEBUG org.asynchttpclient.netty.channel.ChannelManager - Adding key: http://localhost:61995 for channel [id: 0x6b7cafcf, L:/127.0.0.1:62616 - R:localhost/127.0.0.1:61995]
20:41:39.703 [Forwarding getElementTagName on session eee6b610887a8694b11c7d7aa4ee86a3 to remote] DEBUG org.asynchttpclient.netty.request.NettyRequestSender - Using pooled Channel '[id: 0x6b7cafcf, L:/127.0.0.1:62616 - R:localhost/127.0.0.1:61995]' for 'GET' to 'http://localhost:61995/session/eee6b610887a8694b11c7d7aa4ee86a3/element/21514175-b46e-41dc-862c-aa8c6157eaad/name'
20:41:39.703 [Forwarding getElementTagName on session eee6b610887a8694b11c7d7aa4ee86a3 to remote] DEBUG org.asynchttpclient.netty.request.NettyRequestSender - Using open Channel [id: 0x6b7cafcf, L:/127.0.0.1:62616 - R:localhost/127.0.0.1:61995] for GET '/session/eee6b610887a8694b11c7d7aa4ee86a3/element/21514175-b46e-41dc-862c-aa8c6157eaad/name'
20:41:39.715 [AsyncHttpClient-1-5] DEBUG org.asynchttpclient.netty.handler.HttpHandler - 

Request DefaultFullHttpRequest(decodeResult: success, version: HTTP/1.1, content: EmptyByteBufBE)
GET /session/eee6b610887a8694b11c7d7aa4ee86a3/element/21514175-b46e-41dc-862c-aa8c6157eaad/name HTTP/1.1
User-Agent: selenium/4.1.2 (java windows)
Cache-Control: no-cache
Content-Type: application/json; charset=utf-8
host: localhost:61995
accept: */*

Response DefaultHttpResponse(decodeResult: success, version: HTTP/1.1)
HTTP/1.1 200 OK
Content-Type: application/json; charset=utf-8
cache-control: no-cache
content-length: 15

20:41:39.715 [AsyncHttpClient-1-5] DEBUG org.asynchttpclient.netty.channel.ChannelManager - Adding key: http://localhost:61995 for channel [id: 0x6b7cafcf, L:/127.0.0.1:62616 - R:localhost/127.0.0.1:61995]
20:41:39.720 [Forwarding findElement on session eee6b610887a8694b11c7d7aa4ee86a3 to remote] DEBUG org.asynchttpclient.netty.request.NettyRequestSender - Using pooled Channel '[id: 0x6b7cafcf, L:/127.0.0.1:62616 - R:localhost/127.0.0.1:61995]' for 'POST' to 'http://localhost:61995/session/eee6b610887a8694b11c7d7aa4ee86a3/element'
20:41:39.720 [Forwarding findElement on session eee6b610887a8694b11c7d7aa4ee86a3 to remote] DEBUG org.asynchttpclient.netty.request.NettyRequestSender - Using open Channel [id: 0x6b7cafcf, L:/127.0.0.1:62616 - R:localhost/127.0.0.1:61995] for POST '/session/eee6b610887a8694b11c7d7aa4ee86a3/element'
20:41:39.808 [AsyncHttpClient-1-5] DEBUG org.asynchttpclient.netty.handler.HttpHandler - 

Request DefaultHttpRequest(decodeResult: success, version: HTTP/1.1)
POST /session/eee6b610887a8694b11c7d7aa4ee86a3/element HTTP/1.1
User-Agent: selenium/4.1.2 (java windows)
Content-Length: 123
Content-Type: application/json; charset=utf-8
host: localhost:61995
accept: */*

Response DefaultHttpResponse(decodeResult: success, version: HTTP/1.1)
HTTP/1.1 200 OK
Content-Type: application/json; charset=utf-8
cache-control: no-cache
content-length: 88

20:41:39.809 [AsyncHttpClient-1-5] DEBUG org.asynchttpclient.netty.channel.ChannelManager - Adding key: http://localhost:61995 for channel [id: 0x6b7cafcf, L:/127.0.0.1:62616 - R:localhost/127.0.0.1:61995]
20:41:39.811 [Forwarding clickElement on session eee6b610887a8694b11c7d7aa4ee86a3 to remote] DEBUG org.asynchttpclient.netty.request.NettyRequestSender - Using pooled Channel '[id: 0x6b7cafcf, L:/127.0.0.1:62616 - R:localhost/127.0.0.1:61995]' for 'POST' to 'http://localhost:61995/session/eee6b610887a8694b11c7d7aa4ee86a3/element/21514175-b46e-41dc-862c-aa8c6157eaad/click'
20:41:39.811 [Forwarding clickElement on session eee6b610887a8694b11c7d7aa4ee86a3 to remote] DEBUG org.asynchttpclient.netty.request.NettyRequestSender - Using open Channel [id: 0x6b7cafcf, L:/127.0.0.1:62616 - R:localhost/127.0.0.1:61995] for POST '/session/eee6b610887a8694b11c7d7aa4ee86a3/element/21514175-b46e-41dc-862c-aa8c6157eaad/click'
20:41:40.183 [AsyncHttpClient-1-5] DEBUG org.asynchttpclient.netty.handler.HttpHandler - 

Request DefaultHttpRequest(decodeResult: success, version: HTTP/1.1)
POST /session/eee6b610887a8694b11c7d7aa4ee86a3/element/21514175-b46e-41dc-862c-aa8c6157eaad/click HTTP/1.1
User-Agent: selenium/4.1.2 (java windows)
Content-Length: 50
Content-Type: application/json; charset=utf-8
host: localhost:61995
accept: */*

Response DefaultHttpResponse(decodeResult: success, version: HTTP/1.1)
HTTP/1.1 200 OK
Content-Type: application/json; charset=utf-8
cache-control: no-cache
content-length: 14

20:41:40.183 [AsyncHttpClient-1-5] DEBUG org.asynchttpclient.netty.channel.ChannelManager - Adding key: http://localhost:61995 for channel [id: 0x6b7cafcf, L:/127.0.0.1:62616 - R:localhost/127.0.0.1:61995]
20:41:40.208 [Forwarding screenshot on session eee6b610887a8694b11c7d7aa4ee86a3 to remote] DEBUG org.asynchttpclient.netty.request.NettyRequestSender - Using pooled Channel '[id: 0x6b7cafcf, L:/127.0.0.1:62616 - R:localhost/127.0.0.1:61995]' for 'GET' to 'http://localhost:61995/session/eee6b610887a8694b11c7d7aa4ee86a3/screenshot'
20:41:40.208 [Forwarding screenshot on session eee6b610887a8694b11c7d7aa4ee86a3 to remote] DEBUG org.asynchttpclient.netty.request.NettyRequestSender - Using open Channel [id: 0x6b7cafcf, L:/127.0.0.1:62616 - R:localhost/127.0.0.1:61995] for GET '/session/eee6b610887a8694b11c7d7aa4ee86a3/screenshot'
20:41:40.701 [AsyncHttpClient-1-1] DEBUG org.asynchttpclient.netty.channel.DefaultChannelPool - Entry count for : http://localhost:62617 : 1
20:41:41.250 [AsyncHttpClient-1-5] DEBUG org.asynchttpclient.netty.handler.HttpHandler - 

Request DefaultFullHttpRequest(decodeResult: success, version: HTTP/1.1, content: EmptyByteBufBE)
GET /session/eee6b610887a8694b11c7d7aa4ee86a3/screenshot HTTP/1.1
User-Agent: selenium/4.1.2 (java windows)
Cache-Control: no-cache
Content-Type: application/json; charset=utf-8
host: localhost:61995
accept: */*

Response DefaultHttpResponse(decodeResult: success, version: HTTP/1.1)
HTTP/1.1 200 OK
Content-Type: application/json; charset=utf-8
cache-control: no-cache
content-length: 86016

20:41:41.251 [AsyncHttpClient-1-5] DEBUG org.asynchttpclient.netty.channel.ChannelManager - Adding key: http://localhost:61995 for channel [id: 0x6b7cafcf, L:/127.0.0.1:62616 - R:localhost/127.0.0.1:61995]
20:41:41.259 [main] DEBUG net.serenitybdd.core.photography.Darkroom - Send negative for processing for target\site\serenity\63a8b96f8d8a2353d1098282bddf8724ea51ae4189c07bb318bc22275bd0f5fa.png
20:41:41.260 [main] DEBUG net.thucydides.core.steps.StepInterceptor - STEP DONE: clickButtonDataPasien
  &amp#27;[32mWhen &amp#27;[0m&amp#27;[32mClick button data pasien&amp#27;[0m                 &amp#27;[90m# starter.stepdefinitios.PatientDataSteps.clickButtonDataPasien()&amp#27;[0m
20:41:41.799 [AsyncHttpClient-1-1] DEBUG org.asynchttpclient.netty.channel.DefaultChannelPool - Entry count for : http://localhost:62617 : 1
20:41:41.799 [AsyncHttpClient-1-1] DEBUG org.asynchttpclient.netty.channel.DefaultChannelPool - Entry count for : http://localhost:61995 : 1
20:41:41.844 [Forwarding screenshot on session eee6b610887a8694b11c7d7aa4ee86a3 to remote] DEBUG org.asynchttpclient.netty.request.NettyRequestSender - Using pooled Channel '[id: 0x6b7cafcf, L:/127.0.0.1:62616 - R:localhost/127.0.0.1:61995]' for 'GET' to 'http://localhost:61995/session/eee6b610887a8694b11c7d7aa4ee86a3/screenshot'
20:41:41.844 [Forwarding screenshot on session eee6b610887a8694b11c7d7aa4ee86a3 to remote] DEBUG org.asynchttpclient.netty.request.NettyRequestSender - Using open Channel [id: 0x6b7cafcf, L:/127.0.0.1:62616 - R:localhost/127.0.0.1:61995] for GET '/session/eee6b610887a8694b11c7d7aa4ee86a3/screenshot'
20:41:42.128 [AsyncHttpClient-1-5] DEBUG org.asynchttpclient.netty.handler.HttpHandler - 

Request DefaultFullHttpRequest(decodeResult: success, version: HTTP/1.1, content: EmptyByteBufBE)
GET /session/eee6b610887a8694b11c7d7aa4ee86a3/screenshot HTTP/1.1
User-Agent: selenium/4.1.2 (java windows)
Cache-Control: no-cache
Content-Type: application/json; charset=utf-8
host: localhost:61995
accept: */*

Response DefaultHttpResponse(decodeResult: success, version: HTTP/1.1)
HTTP/1.1 200 OK
Content-Type: application/json; charset=utf-8
cache-control: no-cache
content-length: 86016

20:41:42.129 [AsyncHttpClient-1-5] DEBUG org.asynchttpclient.netty.channel.ChannelManager - Adding key: http://localhost:61995 for channel [id: 0x6b7cafcf, L:/127.0.0.1:62616 - R:localhost/127.0.0.1:61995]
20:41:42.136 [main] DEBUG net.serenitybdd.core.photography.Darkroom - Send negative for processing for target\site\serenity\63a8b96f8d8a2353d1098282bddf8724ea51ae4189c07bb318bc22275bd0f5fa.png
20:41:42.137 [main] DEBUG net.thucydides.core.steps.StepInterceptor - STARTING STEP: PatientDataSteps.viewPatientData - validPagePasien
20:41:42.146 [Forwarding findElement on session eee6b610887a8694b11c7d7aa4ee86a3 to remote] DEBUG org.asynchttpclient.netty.request.NettyRequestSender - Using pooled Channel '[id: 0x6b7cafcf, L:/127.0.0.1:62616 - R:localhost/127.0.0.1:61995]' for 'POST' to 'http://localhost:61995/session/eee6b610887a8694b11c7d7aa4ee86a3/element'
20:41:42.146 [Forwarding findElement on session eee6b610887a8694b11c7d7aa4ee86a3 to remote] DEBUG org.asynchttpclient.netty.request.NettyRequestSender - Using open Channel [id: 0x6b7cafcf, L:/127.0.0.1:62616 - R:localhost/127.0.0.1:61995] for POST '/session/eee6b610887a8694b11c7d7aa4ee86a3/element'
20:41:42.250 [AsyncHttpClient-1-5] DEBUG org.asynchttpclient.netty.handler.HttpHandler - 

Request DefaultHttpRequest(decodeResult: success, version: HTTP/1.1)
POST /session/eee6b610887a8694b11c7d7aa4ee86a3/element HTTP/1.1
User-Agent: selenium/4.1.2 (java windows)
Content-Length: 126
Content-Type: application/json; charset=utf-8
host: localhost:61995
accept: */*

Response DefaultHttpResponse(decodeResult: success, version: HTTP/1.1)
HTTP/1.1 200 OK
Content-Type: application/json; charset=utf-8
cache-control: no-cache
content-length: 88

20:41:42.251 [AsyncHttpClient-1-5] DEBUG org.asynchttpclient.netty.channel.ChannelManager - Adding key: http://localhost:61995 for channel [id: 0x6b7cafcf, L:/127.0.0.1:62616 - R:localhost/127.0.0.1:61995]
20:41:42.252 [Forwarding isElementEnabled on session eee6b610887a8694b11c7d7aa4ee86a3 to remote] DEBUG org.asynchttpclient.netty.request.NettyRequestSender - Using pooled Channel '[id: 0x6b7cafcf, L:/127.0.0.1:62616 - R:localhost/127.0.0.1:61995]' for 'GET' to 'http://localhost:61995/session/eee6b610887a8694b11c7d7aa4ee86a3/element/36068546-1abc-4c2b-90b0-4c815822aa8b/enabled'
20:41:42.252 [Forwarding isElementEnabled on session eee6b610887a8694b11c7d7aa4ee86a3 to remote] DEBUG org.asynchttpclient.netty.request.NettyRequestSender - Using open Channel [id: 0x6b7cafcf, L:/127.0.0.1:62616 - R:localhost/127.0.0.1:61995] for GET '/session/eee6b610887a8694b11c7d7aa4ee86a3/element/36068546-1abc-4c2b-90b0-4c815822aa8b/enabled'
20:41:42.291 [AsyncHttpClient-1-5] DEBUG org.asynchttpclient.netty.handler.HttpHandler - 

Request DefaultFullHttpRequest(decodeResult: success, version: HTTP/1.1, content: EmptyByteBufBE)
GET /session/eee6b610887a8694b11c7d7aa4ee86a3/element/36068546-1abc-4c2b-90b0-4c815822aa8b/enabled HTTP/1.1
User-Agent: selenium/4.1.2 (java windows)
Cache-Control: no-cache
Content-Type: application/json; charset=utf-8
host: localhost:61995
accept: */*

Response DefaultHttpResponse(decodeResult: success, version: HTTP/1.1)
HTTP/1.1 200 OK
Content-Type: application/json; charset=utf-8
cache-control: no-cache
content-length: 14

20:41:42.296 [AsyncHttpClient-1-5] DEBUG org.asynchttpclient.netty.channel.ChannelManager - Adding key: http://localhost:61995 for channel [id: 0x6b7cafcf, L:/127.0.0.1:62616 - R:localhost/127.0.0.1:61995]
20:41:42.310 [Forwarding screenshot on session eee6b610887a8694b11c7d7aa4ee86a3 to remote] DEBUG org.asynchttpclient.netty.request.NettyRequestSender - Using pooled Channel '[id: 0x6b7cafcf, L:/127.0.0.1:62616 - R:localhost/127.0.0.1:61995]' for 'GET' to 'http://localhost:61995/session/eee6b610887a8694b11c7d7aa4ee86a3/screenshot'
20:41:42.310 [Forwarding screenshot on session eee6b610887a8694b11c7d7aa4ee86a3 to remote] DEBUG org.asynchttpclient.netty.request.NettyRequestSender - Using open Channel [id: 0x6b7cafcf, L:/127.0.0.1:62616 - R:localhost/127.0.0.1:61995] for GET '/session/eee6b610887a8694b11c7d7aa4ee86a3/screenshot'
20:41:42.590 [AsyncHttpClient-1-5] DEBUG org.asynchttpclient.netty.handler.HttpHandler - 

Request DefaultFullHttpRequest(decodeResult: success, version: HTTP/1.1, content: EmptyByteBufBE)
GET /session/eee6b610887a8694b11c7d7aa4ee86a3/screenshot HTTP/1.1
User-Agent: selenium/4.1.2 (java windows)
Cache-Control: no-cache
Content-Type: application/json; charset=utf-8
host: localhost:61995
accept: */*

Response DefaultHttpResponse(decodeResult: success, version: HTTP/1.1)
HTTP/1.1 200 OK
Content-Type: application/json; charset=utf-8
cache-control: no-cache
content-length: 86016

20:41:42.591 [AsyncHttpClient-1-5] DEBUG org.asynchttpclient.netty.channel.ChannelManager - Adding key: http://localhost:61995 for channel [id: 0x6b7cafcf, L:/127.0.0.1:62616 - R:localhost/127.0.0.1:61995]
20:41:42.597 [main] DEBUG net.serenitybdd.core.photography.Darkroom - Send negative for processing for target\site\serenity\63a8b96f8d8a2353d1098282bddf8724ea51ae4189c07bb318bc22275bd0f5fa.png
20:41:42.597 [main] DEBUG net.thucydides.core.steps.StepInterceptor - STEP DONE: validPagePasien
  &amp#27;[32mThen &amp#27;[0m&amp#27;[32mView Patient data&amp#27;[0m                        &amp#27;[90m# starter.stepdefinitios.PatientDataSteps.viewPatientData()&amp#27;[0m
20:41:42.615 [main] INFO  - 
  _____   ___   ___   _____     ___     _     ___   ___   ___   ___  
 |_   _| | __| / __| |_   _|   | _ \   /_\   / __| / __| | __| |   \ 
   | |   | _|  \__ \   | |     |  _/  / _ \  \__ \ \__ \ | _|  | |) |
   |_|   |___| |___/   |_|     |_|   /_/ \_\ |___/ |___/ |___| |___/ 

As a admin i want to view data pasien
----------------------------------------------------------------------
20:41:42.619 [AsyncHttpClient-1-7] DEBUG org.asynchttpclient.netty.handler.WebSocketHandler - Channel Closed: [id: 0xa606469c, L:/127.0.0.1:62629 ! R:localhost/127.0.0.1:62617] with attribute NettyResponseFuture{currentRetry=5,
	isDone=1,
	isCancelled=0,
	asyncHandler=org.asynchttpclient.ws.WebSocketUpgradeHandler@2dad89e0,
	nettyRequest=org.asynchttpclient.netty.request.NettyRequest@28a0f098,
	future=java.util.concurrent.CompletableFuture@73564fd7[Completed normally],
	uri=ws://localhost:62617/devtools/browser/7e767223-26b3-414e-a5f6-424d144a2b23,
	keepAlive=true,
	redirectCount=0,
	timeoutsHolder=null,
	inAuth=0,
	touch=1655991696907}
20:41:42.619 [AsyncHttpClient-1-7] DEBUG org.asynchttpclient.netty.channel.ChannelManager - Closing Channel [id: 0xa606469c, L:/127.0.0.1:62629 ! R:localhost/127.0.0.1:62617] 
20:41:42.621 [Driver Command Executor] DEBUG org.asynchttpclient.netty.request.NettyRequestSender - Using pooled Channel '[id: 0x6b7cafcf, L:/127.0.0.1:62616 - R:localhost/127.0.0.1:61995]' for 'DELETE' to 'http://localhost:61995/session/eee6b610887a8694b11c7d7aa4ee86a3'
20:41:42.621 [Driver Command Executor] DEBUG org.asynchttpclient.netty.request.NettyRequestSender - Using open Channel [id: 0x6b7cafcf, L:/127.0.0.1:62616 - R:localhost/127.0.0.1:61995] for DELETE '/session/eee6b610887a8694b11c7d7aa4ee86a3'
20:41:42.897 [AsyncHttpClient-1-1] DEBUG org.asynchttpclient.netty.channel.DefaultChannelPool - Entry count for : http://localhost:62617 : 1
20:41:43.993 [AsyncHttpClient-1-1] DEBUG org.asynchttpclient.netty.channel.DefaultChannelPool - Entry count for : http://localhost:62617 : 1
20:41:44.147 [AsyncHttpClient-1-6] DEBUG org.asynchttpclient.netty.handler.HttpHandler - Unexpected I/O exception on channel [id: 0xd11cbf29, L:/127.0.0.1:62628 - R:localhost/127.0.0.1:62617]
java.io.IOException: An existing connection was forcibly closed by the remote host
	at java.base/sun.nio.ch.SocketDispatcher.read0(Native Method)
	at java.base/sun.nio.ch.SocketDispatcher.read(SocketDispatcher.java:43)
	at java.base/sun.nio.ch.IOUtil.readIntoNativeBuffer(IOUtil.java:276)
	at java.base/sun.nio.ch.IOUtil.read(IOUtil.java:233)
	at java.base/sun.nio.ch.IOUtil.read(IOUtil.java:223)
	at java.base/sun.nio.ch.SocketChannelImpl.read(SocketChannelImpl.java:358)
	at io.netty.buffer.PooledByteBuf.setBytes(PooledByteBuf.java:258)
	at io.netty.buffer.AbstractByteBuf.writeBytes(AbstractByteBuf.java:1132)
	at io.netty.channel.socket.nio.NioSocketChannel.doReadBytes(NioSocketChannel.java:350)
	at io.netty.channel.nio.AbstractNioByteChannel$NioByteUnsafe.read(AbstractNioByteChannel.java:151)
	at io.netty.channel.nio.NioEventLoop.processSelectedKey(NioEventLoop.java:722)
	at io.netty.channel.nio.NioEventLoop.processSelectedKeysOptimized(NioEventLoop.java:658)
	at io.netty.channel.nio.NioEventLoop.processSelectedKeys(NioEventLoop.java:584)
	at io.netty.channel.nio.NioEventLoop.run(NioEventLoop.java:496)
	at io.netty.util.concurrent.SingleThreadEventExecutor$4.run(SingleThreadEventExecutor.java:986)
	at io.netty.util.internal.ThreadExecutorMap$2.run(ThreadExecutorMap.java:74)
	at io.netty.util.concurrent.FastThreadLocalRunnable.run(FastThreadLocalRunnable.java:30)
	at java.base/java.lang.Thread.run(Thread.java:834)
20:41:44.147 [AsyncHttpClient-1-6] DEBUG org.asynchttpclient.netty.channel.ChannelManager - Closing Channel [id: 0xd11cbf29, L:/127.0.0.1:62628 - R:localhost/127.0.0.1:62617] 
20:41:44.148 [AsyncHttpClient-1-6] DEBUG org.asynchttpclient.netty.handler.HttpHandler - Channel Closed: [id: 0xd11cbf29, L:/127.0.0.1:62628 ! R:localhost/127.0.0.1:62617] with attribute DISCARD
20:41:44.214 [AsyncHttpClient-1-5] DEBUG org.asynchttpclient.netty.handler.HttpHandler - 

Request DefaultFullHttpRequest(decodeResult: success, version: HTTP/1.1, content: EmptyByteBufBE)
DELETE /session/eee6b610887a8694b11c7d7aa4ee86a3 HTTP/1.1
User-Agent: selenium/4.1.2 (java windows)
Content-Type: application/json; charset=utf-8
host: localhost:61995
accept: */*

Response DefaultHttpResponse(decodeResult: success, version: HTTP/1.1)
HTTP/1.1 200 OK
Content-Type: application/json; charset=utf-8
cache-control: no-cache
content-length: 14

20:41:44.214 [AsyncHttpClient-1-5] DEBUG org.asynchttpclient.netty.channel.ChannelManager - Adding key: http://localhost:61995 for channel [id: 0x6b7cafcf, L:/127.0.0.1:62616 - R:localhost/127.0.0.1:61995]
20:41:45.011 [AsyncHttpClient-1-5] DEBUG org.asynchttpclient.netty.handler.HttpHandler - Channel Closed: [id: 0x6b7cafcf, L:/127.0.0.1:62616 ! R:localhost/127.0.0.1:61995] with attribute DISCARD
20:41:45.097 [AsyncHttpClient-1-1] DEBUG org.asynchttpclient.netty.channel.DefaultChannelPool - Entry count for : http://localhost:62617 : 1
20:41:45.097 [AsyncHttpClient-1-1] DEBUG org.asynchttpclient.netty.channel.DefaultChannelPool - Entry count for : http://localhost:61995 : 1
20:41:45.097 [AsyncHttpClient-1-1] DEBUG org.asynchttpclient.netty.channel.DefaultChannelPool - Adding Candidate expired Channel [id: 0xd11cbf29, L:/127.0.0.1:62628 ! R:localhost/127.0.0.1:62617] isIdleTimeoutExpired=false isRemotelyClosed=true isTtlExpired=false
20:41:45.097 [AsyncHttpClient-1-1] DEBUG org.asynchttpclient.netty.channel.DefaultChannelPool - Closing Idle Channel [id: 0xd11cbf29, L:/127.0.0.1:62628 ! R:localhost/127.0.0.1:62617]
20:41:45.098 [AsyncHttpClient-1-1] DEBUG org.asynchttpclient.netty.channel.DefaultChannelPool - Adding Candidate expired Channel [id: 0x6b7cafcf, L:/127.0.0.1:62616 ! R:localhost/127.0.0.1:61995] isIdleTimeoutExpired=false isRemotelyClosed=true isTtlExpired=false
20:41:45.098 [AsyncHttpClient-1-1] DEBUG org.asynchttpclient.netty.channel.DefaultChannelPool - Closing Idle Channel [id: 0x6b7cafcf, L:/127.0.0.1:62616 ! R:localhost/127.0.0.1:61995]
20:41:45.098 [AsyncHttpClient-1-1] DEBUG org.asynchttpclient.netty.channel.DefaultChannelPool - Closed 2 connections out of 2 in 1 ms
]]></system-out>
    <system-err><![CDATA[Starting ChromeDriver 102.0.5005.61 (0e59bcc00cc4985ce39ad31c150065f159d95ad3-refs/branch-heads/5005@{#819}) on port 61995
Only local connections are allowed.
Please see https://chromedriver.chromium.org/security-considerations for suggestions on keeping ChromeDriver safe.
ChromeDriver was started successfully.
Jun 23, 2022 8:41:36 PM org.openqa.selenium.remote.ProtocolHandshake createSession
INFO: Detected dialect: W3C
Jun 23, 2022 8:41:36 PM org.openqa.selenium.devtools.CdpVersionFinder findNearestMatch
WARNING: Unable to find an exact match for CDP version 102, so returning the closest version found: a no-op implementation
Jun 23, 2022 8:41:36 PM org.openqa.selenium.devtools.CdpVersionFinder findNearestMatch
INFO: Unable to find CDP implementation matching 102.
Jun 23, 2022 8:41:36 PM org.openqa.selenium.chromium.ChromiumDriver lambda$new$3
WARNING: Unable to find version of CDP to use for . You may need to include a dependency on a specific version of the CDP using something similar to `org.seleniumhq.selenium:selenium-devtools-v86:4.1.2` where the version ("v86") matches the version of the chromium-based browser you're using and the version number of the artifact is the same as Selenium's.
]]></system-err>
  </testcase>
</testsuite>