<?xml version="1.0" encoding="UTF-8"?>
<testsuite xmlns:xsi="http://www.w3.org/2001/XMLSchema-instance" xsi:noNamespaceSchemaLocation="https://maven.apache.org/surefire/maven-failsafe-plugin/xsd/failsafe-test-report-3.0.xsd" version="3.0" name="CucumberTestSuite" time="316.085" tests="5" errors="0" skipped="0" failures="0">
  <properties>
    <property name="sun.desktop" value="windows"/>
    <property name="awt.toolkit" value="sun.awt.windows.WToolkit"/>
    <property name="java.specification.version" value="11"/>
    <property name="webdriver.chrome.driver" value="C:\Users\ASUS\.cache\selenium\chromedriver\win32\103.0.5060.53\chromedriver.exe"/>
    <property name="sun.cpu.isalist" value="amd64"/>
    <property name="sun.jnu.encoding" value="Cp1252"/>
    <property name="java.class.path" value="D:\Kel-1-capstone\TestingWeb\target\test-classes;C:\Users\ASUS\.m2\repository\net\serenity-bdd\serenity-core\3.2.1\serenity-core-3.2.1.jar;C:\Users\ASUS\.m2\repository\net\serenity-bdd\serenity-model\3.2.1\serenity-model-3.2.1.jar;C:\Users\ASUS\.m2\repository\org\apache\commons\commons-text\1.9\commons-text-1.9.jar;C:\Users\ASUS\.m2\repository\commons-net\commons-net\3.8.0\commons-net-3.8.0.jar;C:\Users\ASUS\.m2\repository\com\google\guava\guava\31.1-jre\guava-31.1-jre.jar;C:\Users\ASUS\.m2\repository\com\google\guava\failureaccess\1.0.1\failureaccess-1.0.1.jar;C:\Users\ASUS\.m2\repository\com\google\guava\listenablefuture\9999.0-empty-to-avoid-conflict-with-guava\listenablefuture-9999.0-empty-to-avoid-conflict-with-guava.jar;C:\Users\ASUS\.m2\repository\com\google\code\findbugs\jsr305\3.0.2\jsr305-3.0.2.jar;C:\Users\ASUS\.m2\repository\org\checkerframework\checker-qual\3.12.0\checker-qual-3.12.0.jar;C:\Users\ASUS\.m2\repository\com\google\errorprone\error_prone_annotations\2.11.0\error_prone_annotations-2.11.0.jar;C:\Users\ASUS\.m2\repository\com\google\j2objc\j2objc-annotations\1.3\j2objc-annotations-1.3.jar;C:\Users\ASUS\.m2\repository\com\google\inject\guice\5.1.0\guice-5.1.0.jar;C:\Users\ASUS\.m2\repository\javax\inject\javax.inject\1\javax.inject-1.jar;C:\Users\ASUS\.m2\repository\aopalliance\aopalliance\1.0\aopalliance-1.0.jar;C:\Users\ASUS\.m2\repository\org\jsoup\jsoup\1.14.3\jsoup-1.14.3.jar;C:\Users\ASUS\.m2\repository\com\thoughtworks\xstream\xstream\1.4.19\xstream-1.4.19.jar;C:\Users\ASUS\.m2\repository\io\github\x-stream\mxparser\1.2.2\mxparser-1.2.2.jar;C:\Users\ASUS\.m2\repository\xmlpull\xmlpull\1.1.3.1\xmlpull-1.1.3.1.jar;C:\Users\ASUS\.m2\repository\io\cucumber\cucumber-java\7.2.3\cucumber-java-7.2.3.jar;C:\Users\ASUS\.m2\repository\com\typesafe\config\1.4.2\config-1.4.2.jar;C:\Users\ASUS\.m2\repository\org\imgscalr\imgscalr-lib\4.2\imgscalr-lib-4.2.jar;C:\Users\ASUS\.m2\repository\org\awaitility\awaitility\4.2.0\awaitility-4.2.0.jar;C:\Users\ASUS\.m2\repository\org\freemarker\freemarker\2.3.31\freemarker-2.3.31.jar;C:\Users\ASUS\.m2\repository\io\github\classgraph\classgraph\4.8.138\classgraph-4.8.138.jar;C:\Users\ASUS\.m2\repository\net\sourceforge\jexcelapi\jxl\2.6.12\jxl-2.6.12.jar;C:\Users\ASUS\.m2\repository\net\bytebuddy\byte-buddy\1.12.8\byte-buddy-1.12.8.jar;C:\Users\ASUS\.m2\repository\net\bytebuddy\byte-buddy-agent\1.12.8\byte-buddy-agent-1.12.8.jar;C:\Users\ASUS\.m2\repository\org\objenesis\objenesis\3.1\objenesis-3.1.jar;C:\Users\ASUS\.m2\repository\net\serenity-bdd\serenity-reports\3.2.1\serenity-reports-3.2.1.jar;C:\Users\ASUS\.m2\repository\net\serenity-bdd\serenity-stats\3.2.1\serenity-stats-3.2.1.jar;C:\Users\ASUS\.m2\repository\net\serenity-bdd\serenity-reports-configuration\3.2.1\serenity-reports-configuration-3.2.1.jar;C:\Users\ASUS\.m2\repository\com\vladsch\flexmark\flexmark-all\0.34.30\flexmark-all-0.34.30.jar;C:\Users\ASUS\.m2\repository\com\vladsch\flexmark\flexmark\0.34.30\flexmark-0.34.30.jar;C:\Users\ASUS\.m2\repository\com\vladsch\flexmark\flexmark-ext-abbreviation\0.34.30\flexmark-ext-abbreviation-0.34.30.jar;C:\Users\ASUS\.m2\repository\com\vladsch\flexmark\flexmark-ext-admonition\0.34.30\flexmark-ext-admonition-0.34.30.jar;C:\Users\ASUS\.m2\repository\com\vladsch\flexmark\flexmark-ext-anchorlink\0.34.30\flexmark-ext-anchorlink-0.34.30.jar;C:\Users\ASUS\.m2\repository\com\vladsch\flexmark\flexmark-ext-aside\0.34.30\flexmark-ext-aside-0.34.30.jar;C:\Users\ASUS\.m2\repository\com\vladsch\flexmark\flexmark-ext-attributes\0.34.30\flexmark-ext-attributes-0.34.30.jar;C:\Users\ASUS\.m2\repository\com\vladsch\flexmark\flexmark-ext-autolink\0.34.30\flexmark-ext-autolink-0.34.30.jar;C:\Users\ASUS\.m2\repository\org\nibor\autolink\autolink\0.6.0\autolink-0.6.0.jar;C:\Users\ASUS\.m2\repository\com\vladsch\flexmark\flexmark-ext-definition\0.34.30\flexmark-ext-definition-0.34.30.jar;C:\Users\ASUS\.m2\repository\com\vladsch\flexmark\flexmark-ext-emoji\0.34.30\flexmark-ext-emoji-0.34.30.jar;C:\Users\ASUS\.m2\repository\com\vladsch\flexmark\flexmark-ext-enumerated-reference\0.34.30\flexmark-ext-enumerated-reference-0.34.30.jar;C:\Users\ASUS\.m2\repository\com\vladsch\flexmark\flexmark-ext-escaped-character\0.34.30\flexmark-ext-escaped-character-0.34.30.jar;C:\Users\ASUS\.m2\repository\com\vladsch\flexmark\flexmark-ext-footnotes\0.34.30\flexmark-ext-footnotes-0.34.30.jar;C:\Users\ASUS\.m2\repository\com\vladsch\flexmark\flexmark-ext-gfm-issues\0.34.30\flexmark-ext-gfm-issues-0.34.30.jar;C:\Users\ASUS\.m2\repository\com\vladsch\flexmark\flexmark-ext-gfm-strikethrough\0.34.30\flexmark-ext-gfm-strikethrough-0.34.30.jar;C:\Users\ASUS\.m2\repository\com\vladsch\flexmark\flexmark-ext-gfm-tables\0.34.30\flexmark-ext-gfm-tables-0.34.30.jar;C:\Users\ASUS\.m2\repository\com\vladsch\flexmark\flexmark-ext-gfm-tasklist\0.34.30\flexmark-ext-gfm-tasklist-0.34.30.jar;C:\Users\ASUS\.m2\repository\com\vladsch\flexmark\flexmark-ext-gfm-users\0.34.30\flexmark-ext-gfm-users-0.34.30.jar;C:\Users\ASUS\.m2\repository\com\vladsch\flexmark\flexmark-ext-gitlab\0.34.30\flexmark-ext-gitlab-0.34.30.jar;C:\Users\ASUS\.m2\repository\com\vladsch\flexmark\flexmark-ext-jekyll-front-matter\0.34.30\flexmark-ext-jekyll-front-matter-0.34.30.jar;C:\Users\ASUS\.m2\repository\com\vladsch\flexmark\flexmark-ext-jekyll-tag\0.34.30\flexmark-ext-jekyll-tag-0.34.30.jar;C:\Users\ASUS\.m2\repository\com\vladsch\flexmark\flexmark-ext-media-tags\0.34.30\flexmark-ext-media-tags-0.34.30.jar;C:\Users\ASUS\.m2\repository\com\vladsch\flexmark\flexmark-test-util\0.34.30\flexmark-test-util-0.34.30.jar;C:\Users\ASUS\.m2\repository\com\vladsch\flexmark\flexmark-ext-ins\0.34.30\flexmark-ext-ins-0.34.30.jar;C:\Users\ASUS\.m2\repository\com\vladsch\flexmark\flexmark-ext-xwiki-macros\0.34.30\flexmark-ext-xwiki-macros-0.34.30.jar;C:\Users\ASUS\.m2\repository\com\vladsch\flexmark\flexmark-ext-superscript\0.34.30\flexmark-ext-superscript-0.34.30.jar;C:\Users\ASUS\.m2\repository\com\vladsch\flexmark\flexmark-ext-tables\0.34.30\flexmark-ext-tables-0.34.30.jar;C:\Users\ASUS\.m2\repository\com\vladsch\flexmark\flexmark-ext-toc\0.34.30\flexmark-ext-toc-0.34.30.jar;C:\Users\ASUS\.m2\repository\com\vladsch\flexmark\flexmark-ext-typographic\0.34.30\flexmark-ext-typographic-0.34.30.jar;C:\Users\ASUS\.m2\repository\com\vladsch\flexmark\flexmark-ext-wikilink\0.34.30\flexmark-ext-wikilink-0.34.30.jar;C:\Users\ASUS\.m2\repository\com\vladsch\flexmark\flexmark-ext-yaml-front-matter\0.34.30\flexmark-ext-yaml-front-matter-0.34.30.jar;C:\Users\ASUS\.m2\repository\com\vladsch\flexmark\flexmark-ext-youtube-embedded\0.34.30\flexmark-ext-youtube-embedded-0.34.30.jar;C:\Users\ASUS\.m2\repository\com\vladsch\flexmark\flexmark-formatter\0.34.30\flexmark-formatter-0.34.30.jar;C:\Users\ASUS\.m2\repository\com\vladsch\flexmark\flexmark-html-parser\0.34.30\flexmark-html-parser-0.34.30.jar;C:\Users\ASUS\.m2\repository\com\vladsch\flexmark\flexmark-jira-converter\0.34.30\flexmark-jira-converter-0.34.30.jar;C:\Users\ASUS\.m2\repository\com\vladsch\flexmark\flexmark-pdf-converter\0.34.30\flexmark-pdf-converter-0.34.30.jar;C:\Users\ASUS\.m2\repository\com\openhtmltopdf\openhtmltopdf-core\0.0.1-RC13\openhtmltopdf-core-0.0.1-RC13.jar;C:\Users\ASUS\.m2\repository\com\openhtmltopdf\openhtmltopdf-pdfbox\0.0.1-RC13\openhtmltopdf-pdfbox-0.0.1-RC13.jar;C:\Users\ASUS\.m2\repository\org\apache\pdfbox\pdfbox\2.0.8\pdfbox-2.0.8.jar;C:\Users\ASUS\.m2\repository\org\apache\pdfbox\fontbox\2.0.8\fontbox-2.0.8.jar;C:\Users\ASUS\.m2\repository\org\apache\pdfbox\xmpbox\2.0.8\xmpbox-2.0.8.jar;C:\Users\ASUS\.m2\repository\de\rototor\pdfbox\graphics2d\0.12\graphics2d-0.12.jar;C:\Users\ASUS\.m2\repository\com\openhtmltopdf\openhtmltopdf-rtl-support\0.0.1-RC13\openhtmltopdf-rtl-support-0.0.1-RC13.jar;C:\Users\ASUS\.m2\repository\com\ibm\icu\icu4j\59.1\icu4j-59.1.jar;C:\Users\ASUS\.m2\repository\com\openhtmltopdf\openhtmltopdf-jsoup-dom-converter\0.0.1-RC13\openhtmltopdf-jsoup-dom-converter-0.0.1-RC13.jar;C:\Users\ASUS\.m2\repository\com\vladsch\flexmark\flexmark-profile-pegdown\0.34.30\flexmark-profile-pegdown-0.34.30.jar;C:\Users\ASUS\.m2\repository\com\vladsch\flexmark\flexmark-util\0.34.30\flexmark-util-0.34.30.jar;C:\Users\ASUS\.m2\repository\com\vladsch\flexmark\flexmark-youtrack-converter\0.34.30\flexmark-youtrack-converter-0.34.30.jar;C:\Users\ASUS\.m2\repository\es\nitaur\markdown\txtmark\0.16\txtmark-0.16.jar;C:\Users\ASUS\.m2\repository\net\serenity-bdd\serenity-report-resources\3.2.1\serenity-report-resources-3.2.1.jar;C:\Users\ASUS\.m2\repository\com\google\code\gson\gson\2.9.0\gson-2.9.0.jar;C:\Users\ASUS\.m2\repository\com\fasterxml\jackson\core\jackson-core\2.13.2\jackson-core-2.13.2.jar;C:\Users\ASUS\.m2\repository\com\fasterxml\jackson\core\jackson-databind\2.13.2\jackson-databind-2.13.2.jar;C:\Users\ASUS\.m2\repository\com\fasterxml\jackson\core\jackson-annotations\2.13.2\jackson-annotations-2.13.2.jar;C:\Users\ASUS\.m2\repository\commons-codec\commons-codec\1.15\commons-codec-1.15.jar;C:\Users\ASUS\.m2\repository\commons-io\commons-io\2.11.0\commons-io-2.11.0.jar;C:\Users\ASUS\.m2\repository\org\seleniumhq\selenium\selenium-java\4.1.2\selenium-java-4.1.2.jar;C:\Users\ASUS\.m2\repository\org\seleniumhq\selenium\selenium-devtools-v85\4.1.2\selenium-devtools-v85-4.1.2.jar;C:\Users\ASUS\.m2\repository\org\seleniumhq\selenium\selenium-devtools-v95\4.1.2\selenium-devtools-v95-4.1.2.jar;C:\Users\ASUS\.m2\repository\org\seleniumhq\selenium\selenium-devtools-v96\4.1.2\selenium-devtools-v96-4.1.2.jar;C:\Users\ASUS\.m2\repository\org\seleniumhq\selenium\selenium-devtools-v97\4.1.2\selenium-devtools-v97-4.1.2.jar;C:\Users\ASUS\.m2\repository\org\seleniumhq\selenium\selenium-firefox-xpi-driver\4.1.2\selenium-firefox-xpi-driver-4.1.2.jar;C:\Users\ASUS\.m2\repository\org\seleniumhq\selenium\selenium-opera-driver\4.1.2\selenium-opera-driver-4.1.2.jar;C:\Users\ASUS\.m2\repository\org\seleniumhq\selenium\selenium-remote-driver\4.1.2\selenium-remote-driver-4.1.2.jar;C:\Users\ASUS\.m2\repository\com\beust\jcommander\1.82\jcommander-1.82.jar;C:\Users\ASUS\.m2\repository\io\netty\netty-buffer\4.1.73.Final\netty-buffer-4.1.73.Final.jar;C:\Users\ASUS\.m2\repository\io\netty\netty-codec-http\4.1.73.Final\netty-codec-http-4.1.73.Final.jar;C:\Users\ASUS\.m2\repository\io\netty\netty-codec\4.1.73.Final\netty-codec-4.1.73.Final.jar;C:\Users\ASUS\.m2\repository\io\netty\netty-handler\4.1.73.Final\netty-handler-4.1.73.Final.jar;C:\Users\ASUS\.m2\repository\io\netty\netty-tcnative-classes\2.0.46.Final\netty-tcnative-classes-2.0.46.Final.jar;C:\Users\ASUS\.m2\repository\io\netty\netty-common\4.1.73.Final\netty-common-4.1.73.Final.jar;C:\Users\ASUS\.m2\repository\io\netty\netty-transport-classes-epoll\4.1.73.Final\netty-transport-classes-epoll-4.1.73.Final.jar;C:\Users\ASUS\.m2\repository\io\netty\netty-transport-classes-kqueue\4.1.73.Final\netty-transport-classes-kqueue-4.1.73.Final.jar;C:\Users\ASUS\.m2\repository\io\netty\netty-transport-native-epoll\4.1.73.Final\netty-transport-native-epoll-4.1.73.Final.jar;C:\Users\ASUS\.m2\repository\io\netty\netty-transport-native-kqueue\4.1.73.Final\netty-transport-native-kqueue-4.1.73.Final.jar;C:\Users\ASUS\.m2\repository\io\netty\netty-transport-native-unix-common\4.1.73.Final\netty-transport-native-unix-common-4.1.73.Final.jar;C:\Users\ASUS\.m2\repository\io\netty\netty-transport\4.1.73.Final\netty-transport-4.1.73.Final.jar;C:\Users\ASUS\.m2\repository\io\netty\netty-resolver\4.1.73.Final\netty-resolver-4.1.73.Final.jar;C:\Users\ASUS\.m2\repository\io\opentelemetry\opentelemetry-api\1.10.1\opentelemetry-api-1.10.1.jar;C:\Users\ASUS\.m2\repository\io\opentelemetry\opentelemetry-context\1.10.1\opentelemetry-context-1.10.1.jar;C:\Users\ASUS\.m2\repository\io\opentelemetry\opentelemetry-exporter-logging\1.10.1\opentelemetry-exporter-logging-1.10.1.jar;C:\Users\ASUS\.m2\repository\io\opentelemetry\opentelemetry-sdk-metrics\1.10.1-alpha\opentelemetry-sdk-metrics-1.10.1-alpha.jar;C:\Users\ASUS\.m2\repository\io\opentelemetry\opentelemetry-sdk-logs\1.10.1-alpha\opentelemetry-sdk-logs-1.10.1-alpha.jar;C:\Users\ASUS\.m2\repository\io\opentelemetry\opentelemetry-sdk-common\1.10.1\opentelemetry-sdk-common-1.10.1.jar;C:\Users\ASUS\.m2\repository\io\opentelemetry\opentelemetry-sdk-extension-autoconfigure-spi\1.10.1\opentelemetry-sdk-extension-autoconfigure-spi-1.10.1.jar;C:\Users\ASUS\.m2\repository\io\opentelemetry\opentelemetry-sdk-extension-autoconfigure\1.10.1-alpha\opentelemetry-sdk-extension-autoconfigure-1.10.1-alpha.jar;C:\Users\ASUS\.m2\repository\io\opentelemetry\opentelemetry-sdk-trace\1.10.1\opentelemetry-sdk-trace-1.10.1.jar;C:\Users\ASUS\.m2\repository\io\opentelemetry\opentelemetry-sdk\1.10.1\opentelemetry-sdk-1.10.1.jar;C:\Users\ASUS\.m2\repository\io\opentelemetry\opentelemetry-semconv\1.10.1-alpha\opentelemetry-semconv-1.10.1-alpha.jar;C:\Users\ASUS\.m2\repository\io\ous\jtoml\2.0.0\jtoml-2.0.0.jar;C:\Users\ASUS\.m2\repository\org\apache\commons\commons-exec\1.3\commons-exec-1.3.jar;C:\Users\ASUS\.m2\repository\org\asynchttpclient\async-http-client\2.12.3\async-http-client-2.12.3.jar;C:\Users\ASUS\.m2\repository\org\asynchttpclient\async-http-client-netty-utils\2.12.3\async-http-client-netty-utils-2.12.3.jar;C:\Users\ASUS\.m2\repository\io\netty\netty-codec-socks\4.1.60.Final\netty-codec-socks-4.1.60.Final.jar;C:\Users\ASUS\.m2\repository\io\netty\netty-handler-proxy\4.1.60.Final\netty-handler-proxy-4.1.60.Final.jar;C:\Users\ASUS\.m2\repository\io\netty\netty-transport-native-epoll\4.1.60.Final\netty-transport-native-epoll-4.1.60.Final-linux-x86_64.jar;C:\Users\ASUS\.m2\repository\io\netty\netty-transport-native-kqueue\4.1.60.Final\netty-transport-native-kqueue-4.1.60.Final-osx-x86_64.jar;C:\Users\ASUS\.m2\repository\org\reactivestreams\reactive-streams\1.0.3\reactive-streams-1.0.3.jar;C:\Users\ASUS\.m2\repository\com\typesafe\netty\netty-reactive-streams\2.0.4\netty-reactive-streams-2.0.4.jar;C:\Users\ASUS\.m2\repository\org\seleniumhq\selenium\selenium-http\4.1.2\selenium-http-4.1.2.jar;C:\Users\ASUS\.m2\repository\net\jodah\failsafe\2.4.4\failsafe-2.4.4.jar;C:\Users\ASUS\.m2\repository\org\seleniumhq\selenium\selenium-safari-driver\4.1.2\selenium-safari-driver-4.1.2.jar;C:\Users\ASUS\.m2\repository\org\seleniumhq\selenium\selenium-api\4.1.2\selenium-api-4.1.2.jar;C:\Users\ASUS\.m2\repository\org\seleniumhq\selenium\selenium-support\4.1.2\selenium-support-4.1.2.jar;C:\Users\ASUS\.m2\repository\com\google\auto\service\auto-service-annotations\1.0.1\auto-service-annotations-1.0.1.jar;C:\Users\ASUS\.m2\repository\com\google\auto\service\auto-service\1.0.1\auto-service-1.0.1.jar;C:\Users\ASUS\.m2\repository\com\google\auto\auto-common\1.2\auto-common-1.2.jar;C:\Users\ASUS\.m2\repository\org\seleniumhq\selenium\selenium-json\4.1.2\selenium-json-4.1.2.jar;C:\Users\ASUS\.m2\repository\org\seleniumhq\selenium\selenium-chrome-driver\4.1.2\selenium-chrome-driver-4.1.2.jar;C:\Users\ASUS\.m2\repository\org\seleniumhq\selenium\selenium-chromium-driver\4.1.2\selenium-chromium-driver-4.1.2.jar;C:\Users\ASUS\.m2\repository\org\seleniumhq\selenium\selenium-firefox-driver\4.1.2\selenium-firefox-driver-4.1.2.jar;C:\Users\ASUS\.m2\repository\org\seleniumhq\selenium\selenium-edge-driver\4.1.2\selenium-edge-driver-4.1.2.jar;C:\Users\ASUS\.m2\repository\org\seleniumhq\selenium\selenium-ie-driver\4.1.2\selenium-ie-driver-4.1.2.jar;C:\Users\ASUS\.m2\repository\org\projectlombok\lombok\1.18.20\lombok-1.18.20.jar;C:\Users\ASUS\.m2\repository\io\appium\java-client\8.0.0\java-client-8.0.0.jar;C:\Users\ASUS\.m2\repository\commons-validator\commons-validator\1.7\commons-validator-1.7.jar;C:\Users\ASUS\.m2\repository\commons-digester\commons-digester\2.1\commons-digester-2.1.jar;C:\Users\ASUS\.m2\repository\org\aspectj\aspectjweaver\1.9.8\aspectjweaver-1.9.8.jar;C:\Users\ASUS\.m2\repository\net\sf\opencsv\opencsv\2.0\opencsv-2.0.jar;C:\Users\ASUS\.m2\repository\commons-beanutils\commons-beanutils\1.9.4\commons-beanutils-1.9.4.jar;C:\Users\ASUS\.m2\repository\org\apache\commons\commons-lang3\3.12.0\commons-lang3-3.12.0.jar;C:\Users\ASUS\.m2\repository\commons-collections\commons-collections\3.2.2\commons-collections-3.2.2.jar;C:\Users\ASUS\.m2\repository\org\fluentlenium\fluentlenium-core\0.10.2\fluentlenium-core-0.10.2.jar;C:\Users\ASUS\.m2\repository\io\github\bonigarcia\webdrivermanager\5.1.0\webdrivermanager-5.1.0.jar;C:\Users\ASUS\.m2\repository\com\github\docker-java\docker-java\3.2.13\docker-java-3.2.13.jar;C:\Users\ASUS\.m2\repository\com\github\docker-java\docker-java-core\3.2.13\docker-java-core-3.2.13.jar;C:\Users\ASUS\.m2\repository\com\github\docker-java\docker-java-api\3.2.13\docker-java-api-3.2.13.jar;C:\Users\ASUS\.m2\repository\org\apache\commons\commons-compress\1.21\commons-compress-1.21.jar;C:\Users\ASUS\.m2\repository\org\bouncycastle\bcpkix-jdk15on\1.64\bcpkix-jdk15on-1.64.jar;C:\Users\ASUS\.m2\repository\org\bouncycastle\bcprov-jdk15on\1.64\bcprov-jdk15on-1.64.jar;C:\Users\ASUS\.m2\repository\org\slf4j\jcl-over-slf4j\1.7.30\jcl-over-slf4j-1.7.30.jar;C:\Users\ASUS\.m2\repository\com\github\docker-java\docker-java-transport-httpclient5\3.2.13\docker-java-transport-httpclient5-3.2.13.jar;C:\Users\ASUS\.m2\repository\com\github\docker-java\docker-java-transport\3.2.13\docker-java-transport-3.2.13.jar;C:\Users\ASUS\.m2\repository\org\apache\httpcomponents\client5\httpclient5\5.0.3\httpclient5-5.0.3.jar;C:\Users\ASUS\.m2\repository\org\apache\httpcomponents\core5\httpcore5\5.0.2\httpcore5-5.0.2.jar;C:\Users\ASUS\.m2\repository\net\java\dev\jna\jna\5.8.0\jna-5.8.0.jar;C:\Users\ASUS\.m2\repository\org\brotli\dec\0.1.2\dec-0.1.2.jar;C:\Users\ASUS\.m2\repository\com\jhlabs\filters\2.0.235\filters-2.0.235.jar;C:\Users\ASUS\.m2\repository\com\paulhammant\ngwebdriver\1.1.6\ngwebdriver-1.1.6.jar;C:\Users\ASUS\.m2\repository\joda-time\joda-time\2.8.2\joda-time-2.8.2.jar;C:\Users\ASUS\.m2\repository\org\hamcrest\hamcrest\2.2\hamcrest-2.2.jar;C:\Users\ASUS\.m2\repository\com\google\jimfs\jimfs\1.2\jimfs-1.2.jar;C:\Users\ASUS\.m2\repository\org\mockito\mockito-core\3.3.3\mockito-core-3.3.3.jar;C:\Users\ASUS\.m2\repository\javax\xml\bind\jaxb-api\2.3.1\jaxb-api-2.3.1.jar;C:\Users\ASUS\.m2\repository\javax\activation\javax.activation-api\1.2.0\javax.activation-api-1.2.0.jar;C:\Users\ASUS\.m2\repository\com\sun\xml\bind\jaxb-core\2.3.0.1\jaxb-core-2.3.0.1.jar;C:\Users\ASUS\.m2\repository\com\sun\xml\bind\jaxb-impl\2.3.3\jaxb-impl-2.3.3.jar;C:\Users\ASUS\.m2\repository\jakarta\xml\bind\jakarta.xml.bind-api\2.3.3\jakarta.xml.bind-api-2.3.3.jar;C:\Users\ASUS\.m2\repository\com\sun\activation\jakarta.activation\1.2.2\jakarta.activation-1.2.2.jar;C:\Users\ASUS\.m2\repository\javax\activation\activation\1.1.1\activation-1.1.1.jar;C:\Users\ASUS\.m2\repository\net\serenity-bdd\serenity-cucumber\3.2.1\serenity-cucumber-3.2.1.jar;C:\Users\ASUS\.m2\repository\io\cucumber\cucumber-core\7.2.3\cucumber-core-7.2.3.jar;C:\Users\ASUS\.m2\repository\io\cucumber\cucumber-gherkin\7.2.3\cucumber-gherkin-7.2.3.jar;C:\Users\ASUS\.m2\repository\io\cucumber\cucumber-gherkin-messages\7.2.3\cucumber-gherkin-messages-7.2.3.jar;C:\Users\ASUS\.m2\repository\io\cucumber\messages\17.1.1\messages-17.1.1.jar;C:\Users\ASUS\.m2\repository\io\cucumber\tag-expressions\4.1.0\tag-expressions-4.1.0.jar;C:\Users\ASUS\.m2\repository\io\cucumber\cucumber-expressions\15.0.1\cucumber-expressions-15.0.1.jar;C:\Users\ASUS\.m2\repository\io\cucumber\datatable\7.2.3\datatable-7.2.3.jar;C:\Users\ASUS\.m2\repository\io\cucumber\cucumber-plugin\7.2.3\cucumber-plugin-7.2.3.jar;C:\Users\ASUS\.m2\repository\io\cucumber\docstring\7.2.3\docstring-7.2.3.jar;C:\Users\ASUS\.m2\repository\io\cucumber\html-formatter\17.0.0\html-formatter-17.0.0.jar;C:\Users\ASUS\.m2\repository\io\cucumber\ci-environment\8.1.0\ci-environment-8.1.0.jar;C:\Users\ASUS\.m2\repository\io\cucumber\cucumber-junit\7.2.3\cucumber-junit-7.2.3.jar;C:\Users\ASUS\.m2\repository\org\apache\commons\commons-csv\1.5\commons-csv-1.5.jar;C:\Users\ASUS\.m2\repository\net\serenity-bdd\serenity-screenplay\3.2.1\serenity-screenplay-3.2.1.jar;C:\Users\ASUS\.m2\repository\net\serenity-bdd\serenity-screenplay-webdriver\3.2.1\serenity-screenplay-webdriver-3.2.1.jar;C:\Users\ASUS\.m2\repository\net\serenity-bdd\serenity-ensure\3.2.1\serenity-ensure-3.2.1.jar;C:\Users\ASUS\.m2\repository\net\serenity-bdd\serenity-junit\3.2.1\serenity-junit-3.2.1.jar;C:\Users\ASUS\.m2\repository\org\jetbrains\kotlin\kotlin-stdlib\1.6.0\kotlin-stdlib-1.6.0.jar;C:\Users\ASUS\.m2\repository\org\jetbrains\annotations\13.0\annotations-13.0.jar;C:\Users\ASUS\.m2\repository\org\jetbrains\kotlin\kotlin-stdlib-common\1.6.0\kotlin-stdlib-common-1.6.0.jar;C:\Users\ASUS\.m2\repository\org\junit\platform\junit-platform-launcher\1.8.2\junit-platform-launcher-1.8.2.jar;C:\Users\ASUS\.m2\repository\org\junit\platform\junit-platform-engine\1.8.2\junit-platform-engine-1.8.2.jar;C:\Users\ASUS\.m2\repository\org\junit\platform\junit-platform-commons\1.8.2\junit-platform-commons-1.8.2.jar;C:\Users\ASUS\.m2\repository\org\apiguardian\apiguardian-api\1.1.2\apiguardian-api-1.1.2.jar;C:\Users\ASUS\.m2\repository\org\junit\jupiter\junit-jupiter-engine\5.8.2\junit-jupiter-engine-5.8.2.jar;C:\Users\ASUS\.m2\repository\org\junit\jupiter\junit-jupiter-api\5.8.2\junit-jupiter-api-5.8.2.jar;C:\Users\ASUS\.m2\repository\org\junit\vintage\junit-vintage-engine\5.8.2\junit-vintage-engine-5.8.2.jar;C:\Users\ASUS\.m2\repository\junit\junit\4.13.2\junit-4.13.2.jar;C:\Users\ASUS\.m2\repository\org\hamcrest\hamcrest-core\1.3\hamcrest-core-1.3.jar;C:\Users\ASUS\.m2\repository\ch\qos\logback\logback-classic\1.2.11\logback-classic-1.2.11.jar;C:\Users\ASUS\.m2\repository\ch\qos\logback\logback-core\1.2.11\logback-core-1.2.11.jar;C:\Users\ASUS\.m2\repository\org\slf4j\slf4j-api\1.7.32\slf4j-api-1.7.32.jar;C:\Users\ASUS\.m2\repository\org\assertj\assertj-core\3.22.0\assertj-core-3.22.0.jar;C:\Users\ASUS\.m2\repository\net\serenity-bdd\serenity-rest-assured\3.2.1\serenity-rest-assured-3.2.1.jar;C:\Users\ASUS\.m2\repository\org\apache\httpcomponents\httpclient\4.5.13\httpclient-4.5.13.jar;C:\Users\ASUS\.m2\repository\org\apache\httpcomponents\httpcore\4.4.13\httpcore-4.4.13.jar;C:\Users\ASUS\.m2\repository\commons-logging\commons-logging\1.2\commons-logging-1.2.jar;C:\Users\ASUS\.m2\repository\org\codehaus\groovy\groovy-json\3.0.10\groovy-json-3.0.10.jar;C:\Users\ASUS\.m2\repository\org\opentest4j\opentest4j\1.2.0\opentest4j-1.2.0.jar;C:\Users\ASUS\.m2\repository\org\apache\maven\plugins\maven-surefire-plugin\3.0.0-M5\maven-surefire-plugin-3.0.0-M5.jar;C:\Users\ASUS\.m2\repository\org\apache\maven\surefire\maven-surefire-common\3.0.0-M5\maven-surefire-common-3.0.0-M5.jar;C:\Users\ASUS\.m2\repository\org\apache\maven\surefire\surefire-api\3.0.0-M5\surefire-api-3.0.0-M5.jar;C:\Users\ASUS\.m2\repository\org\apache\maven\surefire\surefire-logger-api\3.0.0-M5\surefire-logger-api-3.0.0-M5.jar;C:\Users\ASUS\.m2\repository\org\apache\maven\surefire\surefire-extensions-api\3.0.0-M5\surefire-extensions-api-3.0.0-M5.jar;C:\Users\ASUS\.m2\repository\org\apache\maven\surefire\surefire-booter\3.0.0-M5\surefire-booter-3.0.0-M5.jar;C:\Users\ASUS\.m2\repository\org\apache\maven\surefire\surefire-extensions-spi\3.0.0-M5\surefire-extensions-spi-3.0.0-M5.jar;C:\Users\ASUS\.m2\repository\org\apache\maven\maven-toolchain\3.0-alpha-2\maven-toolchain-3.0-alpha-2.jar;C:\Users\ASUS\.m2\repository\org\apache\maven\shared\maven-artifact-transfer\0.11.0\maven-artifact-transfer-0.11.0.jar;C:\Users\ASUS\.m2\repository\org\apache\maven\shared\maven-common-artifact-filters\3.0.1\maven-common-artifact-filters-3.0.1.jar;C:\Users\ASUS\.m2\repository\org\apache\maven\maven-model\3.0\maven-model-3.0.jar;C:\Users\ASUS\.m2\repository\org\apache\maven\maven-plugin-api\3.0\maven-plugin-api-3.0.jar;C:\Users\ASUS\.m2\repository\org\sonatype\sisu\sisu-inject-plexus\1.4.2\sisu-inject-plexus-1.4.2.jar;C:\Users\ASUS\.m2\repository\org\codehaus\plexus\plexus-classworlds\2.2.3\plexus-classworlds-2.2.3.jar;C:\Users\ASUS\.m2\repository\org\sonatype\sisu\sisu-inject-bean\1.4.2\sisu-inject-bean-1.4.2.jar;C:\Users\ASUS\.m2\repository\org\sonatype\sisu\sisu-guice\2.1.7\sisu-guice-2.1.7-noaop.jar;C:\Users\ASUS\.m2\repository\org\apache\maven\shared\maven-shared-utils\3.1.0\maven-shared-utils-3.1.0.jar;C:\Users\ASUS\.m2\repository\org\codehaus\plexus\plexus-java\1.0.5\plexus-java-1.0.5.jar;C:\Users\ASUS\.m2\repository\org\ow2\asm\asm\7.2\asm-7.2.jar;C:\Users\ASUS\.m2\repository\com\thoughtworks\qdox\qdox\2.0-M9\qdox-2.0-M9.jar;C:\Users\ASUS\.m2\repository\org\apache\maven\surefire\surefire-shared-utils\3.0.0-M4\surefire-shared-utils-3.0.0-M4.jar;C:\Users\ASUS\.m2\repository\io\rest-assured\rest-assured\4.5.1\rest-assured-4.5.1.jar;C:\Users\ASUS\.m2\repository\org\apache\httpcomponents\httpmime\4.5.13\httpmime-4.5.13.jar;C:\Users\ASUS\.m2\repository\org\ccil\cowan\tagsoup\tagsoup\1.2.1\tagsoup-1.2.1.jar;C:\Users\ASUS\.m2\repository\io\rest-assured\json-path\4.5.1\json-path-4.5.1.jar;C:\Users\ASUS\.m2\repository\io\rest-assured\rest-assured-common\4.5.1\rest-assured-common-4.5.1.jar;C:\Users\ASUS\.m2\repository\io\rest-assured\xml-path\4.5.1\xml-path-4.5.1.jar;C:\Users\ASUS\.m2\repository\org\codehaus\groovy\groovy\3.0.10\groovy-3.0.10.jar;C:\Users\ASUS\.m2\repository\org\codehaus\groovy\groovy-xml\3.0.10\groovy-xml-3.0.10.jar;C:\Users\ASUS\.m2\repository\com\googlecode\json-simple\json-simple\1.1.1\json-simple-1.1.1.jar;C:\Users\ASUS\.m2\repository\com\github\javafaker\javafaker\1.0.2\javafaker-1.0.2.jar;C:\Users\ASUS\.m2\repository\org\yaml\snakeyaml\1.23\snakeyaml-1.23-android.jar;C:\Users\ASUS\.m2\repository\com\github\mifmif\generex\1.0.2\generex-1.0.2.jar;C:\Users\ASUS\.m2\repository\dk\brics\automaton\automaton\1.11-8\automaton-1.11-8.jar;"/>
    <property name="java.vm.vendor" value="Oracle Corporation"/>
    <property name="sun.arch.data.model" value="64"/>
    <property name="user.variant" value=""/>
    <property name="java.vendor.url" value="https://openjdk.java.net/"/>
    <property name="user.timezone" value="Asia/Bangkok"/>
    <property name="log4j2.formatMsgNoLookups" value="true"/>
    <property name="java.vm.specification.version" value="11"/>
    <property name="os.name" value="Windows 10"/>
    <property name="sun.java.launcher" value="SUN_STANDARD"/>
    <property name="user.country" value="US"/>
    <property name="sun.boot.library.path" value="C:\Program Files\Java\jdk-11.0.14\bin"/>
    <property name="sun.java.command" value="org.apache.maven.surefire.booter.ForkedBooter C:\Users\ASUS\AppData\Local\Temp\surefire6366124055176401915 2022-07-10T16-28-47_893-jvmRun1 surefire18076463563087174487tmp surefire_08298190053007773264tmp"/>
    <property name="jdk.debug" value="release"/>
    <property name="surefire.test.class.path" value="D:\Kel-1-capstone\TestingWeb\target\test-classes;C:\Users\ASUS\.m2\repository\net\serenity-bdd\serenity-core\3.2.1\serenity-core-3.2.1.jar;C:\Users\ASUS\.m2\repository\net\serenity-bdd\serenity-model\3.2.1\serenity-model-3.2.1.jar;C:\Users\ASUS\.m2\repository\org\apache\commons\commons-text\1.9\commons-text-1.9.jar;C:\Users\ASUS\.m2\repository\commons-net\commons-net\3.8.0\commons-net-3.8.0.jar;C:\Users\ASUS\.m2\repository\com\google\guava\guava\31.1-jre\guava-31.1-jre.jar;C:\Users\ASUS\.m2\repository\com\google\guava\failureaccess\1.0.1\failureaccess-1.0.1.jar;C:\Users\ASUS\.m2\repository\com\google\guava\listenablefuture\9999.0-empty-to-avoid-conflict-with-guava\listenablefuture-9999.0-empty-to-avoid-conflict-with-guava.jar;C:\Users\ASUS\.m2\repository\com\google\code\findbugs\jsr305\3.0.2\jsr305-3.0.2.jar;C:\Users\ASUS\.m2\repository\org\checkerframework\checker-qual\3.12.0\checker-qual-3.12.0.jar;C:\Users\ASUS\.m2\repository\com\google\errorprone\error_prone_annotations\2.11.0\error_prone_annotations-2.11.0.jar;C:\Users\ASUS\.m2\repository\com\google\j2objc\j2objc-annotations\1.3\j2objc-annotations-1.3.jar;C:\Users\ASUS\.m2\repository\com\google\inject\guice\5.1.0\guice-5.1.0.jar;C:\Users\ASUS\.m2\repository\javax\inject\javax.inject\1\javax.inject-1.jar;C:\Users\ASUS\.m2\repository\aopalliance\aopalliance\1.0\aopalliance-1.0.jar;C:\Users\ASUS\.m2\repository\org\jsoup\jsoup\1.14.3\jsoup-1.14.3.jar;C:\Users\ASUS\.m2\repository\com\thoughtworks\xstream\xstream\1.4.19\xstream-1.4.19.jar;C:\Users\ASUS\.m2\repository\io\github\x-stream\mxparser\1.2.2\mxparser-1.2.2.jar;C:\Users\ASUS\.m2\repository\xmlpull\xmlpull\1.1.3.1\xmlpull-1.1.3.1.jar;C:\Users\ASUS\.m2\repository\io\cucumber\cucumber-java\7.2.3\cucumber-java-7.2.3.jar;C:\Users\ASUS\.m2\repository\com\typesafe\config\1.4.2\config-1.4.2.jar;C:\Users\ASUS\.m2\repository\org\imgscalr\imgscalr-lib\4.2\imgscalr-lib-4.2.jar;C:\Users\ASUS\.m2\repository\org\awaitility\awaitility\4.2.0\awaitility-4.2.0.jar;C:\Users\ASUS\.m2\repository\org\freemarker\freemarker\2.3.31\freemarker-2.3.31.jar;C:\Users\ASUS\.m2\repository\io\github\classgraph\classgraph\4.8.138\classgraph-4.8.138.jar;C:\Users\ASUS\.m2\repository\net\sourceforge\jexcelapi\jxl\2.6.12\jxl-2.6.12.jar;C:\Users\ASUS\.m2\repository\net\bytebuddy\byte-buddy\1.12.8\byte-buddy-1.12.8.jar;C:\Users\ASUS\.m2\repository\net\bytebuddy\byte-buddy-agent\1.12.8\byte-buddy-agent-1.12.8.jar;C:\Users\ASUS\.m2\repository\org\objenesis\objenesis\3.1\objenesis-3.1.jar;C:\Users\ASUS\.m2\repository\net\serenity-bdd\serenity-reports\3.2.1\serenity-reports-3.2.1.jar;C:\Users\ASUS\.m2\repository\net\serenity-bdd\serenity-stats\3.2.1\serenity-stats-3.2.1.jar;C:\Users\ASUS\.m2\repository\net\serenity-bdd\serenity-reports-configuration\3.2.1\serenity-reports-configuration-3.2.1.jar;C:\Users\ASUS\.m2\repository\com\vladsch\flexmark\flexmark-all\0.34.30\flexmark-all-0.34.30.jar;C:\Users\ASUS\.m2\repository\com\vladsch\flexmark\flexmark\0.34.30\flexmark-0.34.30.jar;C:\Users\ASUS\.m2\repository\com\vladsch\flexmark\flexmark-ext-abbreviation\0.34.30\flexmark-ext-abbreviation-0.34.30.jar;C:\Users\ASUS\.m2\repository\com\vladsch\flexmark\flexmark-ext-admonition\0.34.30\flexmark-ext-admonition-0.34.30.jar;C:\Users\ASUS\.m2\repository\com\vladsch\flexmark\flexmark-ext-anchorlink\0.34.30\flexmark-ext-anchorlink-0.34.30.jar;C:\Users\ASUS\.m2\repository\com\vladsch\flexmark\flexmark-ext-aside\0.34.30\flexmark-ext-aside-0.34.30.jar;C:\Users\ASUS\.m2\repository\com\vladsch\flexmark\flexmark-ext-attributes\0.34.30\flexmark-ext-attributes-0.34.30.jar;C:\Users\ASUS\.m2\repository\com\vladsch\flexmark\flexmark-ext-autolink\0.34.30\flexmark-ext-autolink-0.34.30.jar;C:\Users\ASUS\.m2\repository\org\nibor\autolink\autolink\0.6.0\autolink-0.6.0.jar;C:\Users\ASUS\.m2\repository\com\vladsch\flexmark\flexmark-ext-definition\0.34.30\flexmark-ext-definition-0.34.30.jar;C:\Users\ASUS\.m2\repository\com\vladsch\flexmark\flexmark-ext-emoji\0.34.30\flexmark-ext-emoji-0.34.30.jar;C:\Users\ASUS\.m2\repository\com\vladsch\flexmark\flexmark-ext-enumerated-reference\0.34.30\flexmark-ext-enumerated-reference-0.34.30.jar;C:\Users\ASUS\.m2\repository\com\vladsch\flexmark\flexmark-ext-escaped-character\0.34.30\flexmark-ext-escaped-character-0.34.30.jar;C:\Users\ASUS\.m2\repository\com\vladsch\flexmark\flexmark-ext-footnotes\0.34.30\flexmark-ext-footnotes-0.34.30.jar;C:\Users\ASUS\.m2\repository\com\vladsch\flexmark\flexmark-ext-gfm-issues\0.34.30\flexmark-ext-gfm-issues-0.34.30.jar;C:\Users\ASUS\.m2\repository\com\vladsch\flexmark\flexmark-ext-gfm-strikethrough\0.34.30\flexmark-ext-gfm-strikethrough-0.34.30.jar;C:\Users\ASUS\.m2\repository\com\vladsch\flexmark\flexmark-ext-gfm-tables\0.34.30\flexmark-ext-gfm-tables-0.34.30.jar;C:\Users\ASUS\.m2\repository\com\vladsch\flexmark\flexmark-ext-gfm-tasklist\0.34.30\flexmark-ext-gfm-tasklist-0.34.30.jar;C:\Users\ASUS\.m2\repository\com\vladsch\flexmark\flexmark-ext-gfm-users\0.34.30\flexmark-ext-gfm-users-0.34.30.jar;C:\Users\ASUS\.m2\repository\com\vladsch\flexmark\flexmark-ext-gitlab\0.34.30\flexmark-ext-gitlab-0.34.30.jar;C:\Users\ASUS\.m2\repository\com\vladsch\flexmark\flexmark-ext-jekyll-front-matter\0.34.30\flexmark-ext-jekyll-front-matter-0.34.30.jar;C:\Users\ASUS\.m2\repository\com\vladsch\flexmark\flexmark-ext-jekyll-tag\0.34.30\flexmark-ext-jekyll-tag-0.34.30.jar;C:\Users\ASUS\.m2\repository\com\vladsch\flexmark\flexmark-ext-media-tags\0.34.30\flexmark-ext-media-tags-0.34.30.jar;C:\Users\ASUS\.m2\repository\com\vladsch\flexmark\flexmark-test-util\0.34.30\flexmark-test-util-0.34.30.jar;C:\Users\ASUS\.m2\repository\com\vladsch\flexmark\flexmark-ext-ins\0.34.30\flexmark-ext-ins-0.34.30.jar;C:\Users\ASUS\.m2\repository\com\vladsch\flexmark\flexmark-ext-xwiki-macros\0.34.30\flexmark-ext-xwiki-macros-0.34.30.jar;C:\Users\ASUS\.m2\repository\com\vladsch\flexmark\flexmark-ext-superscript\0.34.30\flexmark-ext-superscript-0.34.30.jar;C:\Users\ASUS\.m2\repository\com\vladsch\flexmark\flexmark-ext-tables\0.34.30\flexmark-ext-tables-0.34.30.jar;C:\Users\ASUS\.m2\repository\com\vladsch\flexmark\flexmark-ext-toc\0.34.30\flexmark-ext-toc-0.34.30.jar;C:\Users\ASUS\.m2\repository\com\vladsch\flexmark\flexmark-ext-typographic\0.34.30\flexmark-ext-typographic-0.34.30.jar;C:\Users\ASUS\.m2\repository\com\vladsch\flexmark\flexmark-ext-wikilink\0.34.30\flexmark-ext-wikilink-0.34.30.jar;C:\Users\ASUS\.m2\repository\com\vladsch\flexmark\flexmark-ext-yaml-front-matter\0.34.30\flexmark-ext-yaml-front-matter-0.34.30.jar;C:\Users\ASUS\.m2\repository\com\vladsch\flexmark\flexmark-ext-youtube-embedded\0.34.30\flexmark-ext-youtube-embedded-0.34.30.jar;C:\Users\ASUS\.m2\repository\com\vladsch\flexmark\flexmark-formatter\0.34.30\flexmark-formatter-0.34.30.jar;C:\Users\ASUS\.m2\repository\com\vladsch\flexmark\flexmark-html-parser\0.34.30\flexmark-html-parser-0.34.30.jar;C:\Users\ASUS\.m2\repository\com\vladsch\flexmark\flexmark-jira-converter\0.34.30\flexmark-jira-converter-0.34.30.jar;C:\Users\ASUS\.m2\repository\com\vladsch\flexmark\flexmark-pdf-converter\0.34.30\flexmark-pdf-converter-0.34.30.jar;C:\Users\ASUS\.m2\repository\com\openhtmltopdf\openhtmltopdf-core\0.0.1-RC13\openhtmltopdf-core-0.0.1-RC13.jar;C:\Users\ASUS\.m2\repository\com\openhtmltopdf\openhtmltopdf-pdfbox\0.0.1-RC13\openhtmltopdf-pdfbox-0.0.1-RC13.jar;C:\Users\ASUS\.m2\repository\org\apache\pdfbox\pdfbox\2.0.8\pdfbox-2.0.8.jar;C:\Users\ASUS\.m2\repository\org\apache\pdfbox\fontbox\2.0.8\fontbox-2.0.8.jar;C:\Users\ASUS\.m2\repository\org\apache\pdfbox\xmpbox\2.0.8\xmpbox-2.0.8.jar;C:\Users\ASUS\.m2\repository\de\rototor\pdfbox\graphics2d\0.12\graphics2d-0.12.jar;C:\Users\ASUS\.m2\repository\com\openhtmltopdf\openhtmltopdf-rtl-support\0.0.1-RC13\openhtmltopdf-rtl-support-0.0.1-RC13.jar;C:\Users\ASUS\.m2\repository\com\ibm\icu\icu4j\59.1\icu4j-59.1.jar;C:\Users\ASUS\.m2\repository\com\openhtmltopdf\openhtmltopdf-jsoup-dom-converter\0.0.1-RC13\openhtmltopdf-jsoup-dom-converter-0.0.1-RC13.jar;C:\Users\ASUS\.m2\repository\com\vladsch\flexmark\flexmark-profile-pegdown\0.34.30\flexmark-profile-pegdown-0.34.30.jar;C:\Users\ASUS\.m2\repository\com\vladsch\flexmark\flexmark-util\0.34.30\flexmark-util-0.34.30.jar;C:\Users\ASUS\.m2\repository\com\vladsch\flexmark\flexmark-youtrack-converter\0.34.30\flexmark-youtrack-converter-0.34.30.jar;C:\Users\ASUS\.m2\repository\es\nitaur\markdown\txtmark\0.16\txtmark-0.16.jar;C:\Users\ASUS\.m2\repository\net\serenity-bdd\serenity-report-resources\3.2.1\serenity-report-resources-3.2.1.jar;C:\Users\ASUS\.m2\repository\com\google\code\gson\gson\2.9.0\gson-2.9.0.jar;C:\Users\ASUS\.m2\repository\com\fasterxml\jackson\core\jackson-core\2.13.2\jackson-core-2.13.2.jar;C:\Users\ASUS\.m2\repository\com\fasterxml\jackson\core\jackson-databind\2.13.2\jackson-databind-2.13.2.jar;C:\Users\ASUS\.m2\repository\com\fasterxml\jackson\core\jackson-annotations\2.13.2\jackson-annotations-2.13.2.jar;C:\Users\ASUS\.m2\repository\commons-codec\commons-codec\1.15\commons-codec-1.15.jar;C:\Users\ASUS\.m2\repository\commons-io\commons-io\2.11.0\commons-io-2.11.0.jar;C:\Users\ASUS\.m2\repository\org\seleniumhq\selenium\selenium-java\4.1.2\selenium-java-4.1.2.jar;C:\Users\ASUS\.m2\repository\org\seleniumhq\selenium\selenium-devtools-v85\4.1.2\selenium-devtools-v85-4.1.2.jar;C:\Users\ASUS\.m2\repository\org\seleniumhq\selenium\selenium-devtools-v95\4.1.2\selenium-devtools-v95-4.1.2.jar;C:\Users\ASUS\.m2\repository\org\seleniumhq\selenium\selenium-devtools-v96\4.1.2\selenium-devtools-v96-4.1.2.jar;C:\Users\ASUS\.m2\repository\org\seleniumhq\selenium\selenium-devtools-v97\4.1.2\selenium-devtools-v97-4.1.2.jar;C:\Users\ASUS\.m2\repository\org\seleniumhq\selenium\selenium-firefox-xpi-driver\4.1.2\selenium-firefox-xpi-driver-4.1.2.jar;C:\Users\ASUS\.m2\repository\org\seleniumhq\selenium\selenium-opera-driver\4.1.2\selenium-opera-driver-4.1.2.jar;C:\Users\ASUS\.m2\repository\org\seleniumhq\selenium\selenium-remote-driver\4.1.2\selenium-remote-driver-4.1.2.jar;C:\Users\ASUS\.m2\repository\com\beust\jcommander\1.82\jcommander-1.82.jar;C:\Users\ASUS\.m2\repository\io\netty\netty-buffer\4.1.73.Final\netty-buffer-4.1.73.Final.jar;C:\Users\ASUS\.m2\repository\io\netty\netty-codec-http\4.1.73.Final\netty-codec-http-4.1.73.Final.jar;C:\Users\ASUS\.m2\repository\io\netty\netty-codec\4.1.73.Final\netty-codec-4.1.73.Final.jar;C:\Users\ASUS\.m2\repository\io\netty\netty-handler\4.1.73.Final\netty-handler-4.1.73.Final.jar;C:\Users\ASUS\.m2\repository\io\netty\netty-tcnative-classes\2.0.46.Final\netty-tcnative-classes-2.0.46.Final.jar;C:\Users\ASUS\.m2\repository\io\netty\netty-common\4.1.73.Final\netty-common-4.1.73.Final.jar;C:\Users\ASUS\.m2\repository\io\netty\netty-transport-classes-epoll\4.1.73.Final\netty-transport-classes-epoll-4.1.73.Final.jar;C:\Users\ASUS\.m2\repository\io\netty\netty-transport-classes-kqueue\4.1.73.Final\netty-transport-classes-kqueue-4.1.73.Final.jar;C:\Users\ASUS\.m2\repository\io\netty\netty-transport-native-epoll\4.1.73.Final\netty-transport-native-epoll-4.1.73.Final.jar;C:\Users\ASUS\.m2\repository\io\netty\netty-transport-native-kqueue\4.1.73.Final\netty-transport-native-kqueue-4.1.73.Final.jar;C:\Users\ASUS\.m2\repository\io\netty\netty-transport-native-unix-common\4.1.73.Final\netty-transport-native-unix-common-4.1.73.Final.jar;C:\Users\ASUS\.m2\repository\io\netty\netty-transport\4.1.73.Final\netty-transport-4.1.73.Final.jar;C:\Users\ASUS\.m2\repository\io\netty\netty-resolver\4.1.73.Final\netty-resolver-4.1.73.Final.jar;C:\Users\ASUS\.m2\repository\io\opentelemetry\opentelemetry-api\1.10.1\opentelemetry-api-1.10.1.jar;C:\Users\ASUS\.m2\repository\io\opentelemetry\opentelemetry-context\1.10.1\opentelemetry-context-1.10.1.jar;C:\Users\ASUS\.m2\repository\io\opentelemetry\opentelemetry-exporter-logging\1.10.1\opentelemetry-exporter-logging-1.10.1.jar;C:\Users\ASUS\.m2\repository\io\opentelemetry\opentelemetry-sdk-metrics\1.10.1-alpha\opentelemetry-sdk-metrics-1.10.1-alpha.jar;C:\Users\ASUS\.m2\repository\io\opentelemetry\opentelemetry-sdk-logs\1.10.1-alpha\opentelemetry-sdk-logs-1.10.1-alpha.jar;C:\Users\ASUS\.m2\repository\io\opentelemetry\opentelemetry-sdk-common\1.10.1\opentelemetry-sdk-common-1.10.1.jar;C:\Users\ASUS\.m2\repository\io\opentelemetry\opentelemetry-sdk-extension-autoconfigure-spi\1.10.1\opentelemetry-sdk-extension-autoconfigure-spi-1.10.1.jar;C:\Users\ASUS\.m2\repository\io\opentelemetry\opentelemetry-sdk-extension-autoconfigure\1.10.1-alpha\opentelemetry-sdk-extension-autoconfigure-1.10.1-alpha.jar;C:\Users\ASUS\.m2\repository\io\opentelemetry\opentelemetry-sdk-trace\1.10.1\opentelemetry-sdk-trace-1.10.1.jar;C:\Users\ASUS\.m2\repository\io\opentelemetry\opentelemetry-sdk\1.10.1\opentelemetry-sdk-1.10.1.jar;C:\Users\ASUS\.m2\repository\io\opentelemetry\opentelemetry-semconv\1.10.1-alpha\opentelemetry-semconv-1.10.1-alpha.jar;C:\Users\ASUS\.m2\repository\io\ous\jtoml\2.0.0\jtoml-2.0.0.jar;C:\Users\ASUS\.m2\repository\org\apache\commons\commons-exec\1.3\commons-exec-1.3.jar;C:\Users\ASUS\.m2\repository\org\asynchttpclient\async-http-client\2.12.3\async-http-client-2.12.3.jar;C:\Users\ASUS\.m2\repository\org\asynchttpclient\async-http-client-netty-utils\2.12.3\async-http-client-netty-utils-2.12.3.jar;C:\Users\ASUS\.m2\repository\io\netty\netty-codec-socks\4.1.60.Final\netty-codec-socks-4.1.60.Final.jar;C:\Users\ASUS\.m2\repository\io\netty\netty-handler-proxy\4.1.60.Final\netty-handler-proxy-4.1.60.Final.jar;C:\Users\ASUS\.m2\repository\io\netty\netty-transport-native-epoll\4.1.60.Final\netty-transport-native-epoll-4.1.60.Final-linux-x86_64.jar;C:\Users\ASUS\.m2\repository\io\netty\netty-transport-native-kqueue\4.1.60.Final\netty-transport-native-kqueue-4.1.60.Final-osx-x86_64.jar;C:\Users\ASUS\.m2\repository\org\reactivestreams\reactive-streams\1.0.3\reactive-streams-1.0.3.jar;C:\Users\ASUS\.m2\repository\com\typesafe\netty\netty-reactive-streams\2.0.4\netty-reactive-streams-2.0.4.jar;C:\Users\ASUS\.m2\repository\org\seleniumhq\selenium\selenium-http\4.1.2\selenium-http-4.1.2.jar;C:\Users\ASUS\.m2\repository\net\jodah\failsafe\2.4.4\failsafe-2.4.4.jar;C:\Users\ASUS\.m2\repository\org\seleniumhq\selenium\selenium-safari-driver\4.1.2\selenium-safari-driver-4.1.2.jar;C:\Users\ASUS\.m2\repository\org\seleniumhq\selenium\selenium-api\4.1.2\selenium-api-4.1.2.jar;C:\Users\ASUS\.m2\repository\org\seleniumhq\selenium\selenium-support\4.1.2\selenium-support-4.1.2.jar;C:\Users\ASUS\.m2\repository\com\google\auto\service\auto-service-annotations\1.0.1\auto-service-annotations-1.0.1.jar;C:\Users\ASUS\.m2\repository\com\google\auto\service\auto-service\1.0.1\auto-service-1.0.1.jar;C:\Users\ASUS\.m2\repository\com\google\auto\auto-common\1.2\auto-common-1.2.jar;C:\Users\ASUS\.m2\repository\org\seleniumhq\selenium\selenium-json\4.1.2\selenium-json-4.1.2.jar;C:\Users\ASUS\.m2\repository\org\seleniumhq\selenium\selenium-chrome-driver\4.1.2\selenium-chrome-driver-4.1.2.jar;C:\Users\ASUS\.m2\repository\org\seleniumhq\selenium\selenium-chromium-driver\4.1.2\selenium-chromium-driver-4.1.2.jar;C:\Users\ASUS\.m2\repository\org\seleniumhq\selenium\selenium-firefox-driver\4.1.2\selenium-firefox-driver-4.1.2.jar;C:\Users\ASUS\.m2\repository\org\seleniumhq\selenium\selenium-edge-driver\4.1.2\selenium-edge-driver-4.1.2.jar;C:\Users\ASUS\.m2\repository\org\seleniumhq\selenium\selenium-ie-driver\4.1.2\selenium-ie-driver-4.1.2.jar;C:\Users\ASUS\.m2\repository\org\projectlombok\lombok\1.18.20\lombok-1.18.20.jar;C:\Users\ASUS\.m2\repository\io\appium\java-client\8.0.0\java-client-8.0.0.jar;C:\Users\ASUS\.m2\repository\commons-validator\commons-validator\1.7\commons-validator-1.7.jar;C:\Users\ASUS\.m2\repository\commons-digester\commons-digester\2.1\commons-digester-2.1.jar;C:\Users\ASUS\.m2\repository\org\aspectj\aspectjweaver\1.9.8\aspectjweaver-1.9.8.jar;C:\Users\ASUS\.m2\repository\net\sf\opencsv\opencsv\2.0\opencsv-2.0.jar;C:\Users\ASUS\.m2\repository\commons-beanutils\commons-beanutils\1.9.4\commons-beanutils-1.9.4.jar;C:\Users\ASUS\.m2\repository\org\apache\commons\commons-lang3\3.12.0\commons-lang3-3.12.0.jar;C:\Users\ASUS\.m2\repository\commons-collections\commons-collections\3.2.2\commons-collections-3.2.2.jar;C:\Users\ASUS\.m2\repository\org\fluentlenium\fluentlenium-core\0.10.2\fluentlenium-core-0.10.2.jar;C:\Users\ASUS\.m2\repository\io\github\bonigarcia\webdrivermanager\5.1.0\webdrivermanager-5.1.0.jar;C:\Users\ASUS\.m2\repository\com\github\docker-java\docker-java\3.2.13\docker-java-3.2.13.jar;C:\Users\ASUS\.m2\repository\com\github\docker-java\docker-java-core\3.2.13\docker-java-core-3.2.13.jar;C:\Users\ASUS\.m2\repository\com\github\docker-java\docker-java-api\3.2.13\docker-java-api-3.2.13.jar;C:\Users\ASUS\.m2\repository\org\apache\commons\commons-compress\1.21\commons-compress-1.21.jar;C:\Users\ASUS\.m2\repository\org\bouncycastle\bcpkix-jdk15on\1.64\bcpkix-jdk15on-1.64.jar;C:\Users\ASUS\.m2\repository\org\bouncycastle\bcprov-jdk15on\1.64\bcprov-jdk15on-1.64.jar;C:\Users\ASUS\.m2\repository\org\slf4j\jcl-over-slf4j\1.7.30\jcl-over-slf4j-1.7.30.jar;C:\Users\ASUS\.m2\repository\com\github\docker-java\docker-java-transport-httpclient5\3.2.13\docker-java-transport-httpclient5-3.2.13.jar;C:\Users\ASUS\.m2\repository\com\github\docker-java\docker-java-transport\3.2.13\docker-java-transport-3.2.13.jar;C:\Users\ASUS\.m2\repository\org\apache\httpcomponents\client5\httpclient5\5.0.3\httpclient5-5.0.3.jar;C:\Users\ASUS\.m2\repository\org\apache\httpcomponents\core5\httpcore5\5.0.2\httpcore5-5.0.2.jar;C:\Users\ASUS\.m2\repository\net\java\dev\jna\jna\5.8.0\jna-5.8.0.jar;C:\Users\ASUS\.m2\repository\org\brotli\dec\0.1.2\dec-0.1.2.jar;C:\Users\ASUS\.m2\repository\com\jhlabs\filters\2.0.235\filters-2.0.235.jar;C:\Users\ASUS\.m2\repository\com\paulhammant\ngwebdriver\1.1.6\ngwebdriver-1.1.6.jar;C:\Users\ASUS\.m2\repository\joda-time\joda-time\2.8.2\joda-time-2.8.2.jar;C:\Users\ASUS\.m2\repository\org\hamcrest\hamcrest\2.2\hamcrest-2.2.jar;C:\Users\ASUS\.m2\repository\com\google\jimfs\jimfs\1.2\jimfs-1.2.jar;C:\Users\ASUS\.m2\repository\org\mockito\mockito-core\3.3.3\mockito-core-3.3.3.jar;C:\Users\ASUS\.m2\repository\javax\xml\bind\jaxb-api\2.3.1\jaxb-api-2.3.1.jar;C:\Users\ASUS\.m2\repository\javax\activation\javax.activation-api\1.2.0\javax.activation-api-1.2.0.jar;C:\Users\ASUS\.m2\repository\com\sun\xml\bind\jaxb-core\2.3.0.1\jaxb-core-2.3.0.1.jar;C:\Users\ASUS\.m2\repository\com\sun\xml\bind\jaxb-impl\2.3.3\jaxb-impl-2.3.3.jar;C:\Users\ASUS\.m2\repository\jakarta\xml\bind\jakarta.xml.bind-api\2.3.3\jakarta.xml.bind-api-2.3.3.jar;C:\Users\ASUS\.m2\repository\com\sun\activation\jakarta.activation\1.2.2\jakarta.activation-1.2.2.jar;C:\Users\ASUS\.m2\repository\javax\activation\activation\1.1.1\activation-1.1.1.jar;C:\Users\ASUS\.m2\repository\net\serenity-bdd\serenity-cucumber\3.2.1\serenity-cucumber-3.2.1.jar;C:\Users\ASUS\.m2\repository\io\cucumber\cucumber-core\7.2.3\cucumber-core-7.2.3.jar;C:\Users\ASUS\.m2\repository\io\cucumber\cucumber-gherkin\7.2.3\cucumber-gherkin-7.2.3.jar;C:\Users\ASUS\.m2\repository\io\cucumber\cucumber-gherkin-messages\7.2.3\cucumber-gherkin-messages-7.2.3.jar;C:\Users\ASUS\.m2\repository\io\cucumber\messages\17.1.1\messages-17.1.1.jar;C:\Users\ASUS\.m2\repository\io\cucumber\tag-expressions\4.1.0\tag-expressions-4.1.0.jar;C:\Users\ASUS\.m2\repository\io\cucumber\cucumber-expressions\15.0.1\cucumber-expressions-15.0.1.jar;C:\Users\ASUS\.m2\repository\io\cucumber\datatable\7.2.3\datatable-7.2.3.jar;C:\Users\ASUS\.m2\repository\io\cucumber\cucumber-plugin\7.2.3\cucumber-plugin-7.2.3.jar;C:\Users\ASUS\.m2\repository\io\cucumber\docstring\7.2.3\docstring-7.2.3.jar;C:\Users\ASUS\.m2\repository\io\cucumber\html-formatter\17.0.0\html-formatter-17.0.0.jar;C:\Users\ASUS\.m2\repository\io\cucumber\ci-environment\8.1.0\ci-environment-8.1.0.jar;C:\Users\ASUS\.m2\repository\io\cucumber\cucumber-junit\7.2.3\cucumber-junit-7.2.3.jar;C:\Users\ASUS\.m2\repository\org\apache\commons\commons-csv\1.5\commons-csv-1.5.jar;C:\Users\ASUS\.m2\repository\net\serenity-bdd\serenity-screenplay\3.2.1\serenity-screenplay-3.2.1.jar;C:\Users\ASUS\.m2\repository\net\serenity-bdd\serenity-screenplay-webdriver\3.2.1\serenity-screenplay-webdriver-3.2.1.jar;C:\Users\ASUS\.m2\repository\net\serenity-bdd\serenity-ensure\3.2.1\serenity-ensure-3.2.1.jar;C:\Users\ASUS\.m2\repository\net\serenity-bdd\serenity-junit\3.2.1\serenity-junit-3.2.1.jar;C:\Users\ASUS\.m2\repository\org\jetbrains\kotlin\kotlin-stdlib\1.6.0\kotlin-stdlib-1.6.0.jar;C:\Users\ASUS\.m2\repository\org\jetbrains\annotations\13.0\annotations-13.0.jar;C:\Users\ASUS\.m2\repository\org\jetbrains\kotlin\kotlin-stdlib-common\1.6.0\kotlin-stdlib-common-1.6.0.jar;C:\Users\ASUS\.m2\repository\org\junit\platform\junit-platform-launcher\1.8.2\junit-platform-launcher-1.8.2.jar;C:\Users\ASUS\.m2\repository\org\junit\platform\junit-platform-engine\1.8.2\junit-platform-engine-1.8.2.jar;C:\Users\ASUS\.m2\repository\org\junit\platform\junit-platform-commons\1.8.2\junit-platform-commons-1.8.2.jar;C:\Users\ASUS\.m2\repository\org\apiguardian\apiguardian-api\1.1.2\apiguardian-api-1.1.2.jar;C:\Users\ASUS\.m2\repository\org\junit\jupiter\junit-jupiter-engine\5.8.2\junit-jupiter-engine-5.8.2.jar;C:\Users\ASUS\.m2\repository\org\junit\jupiter\junit-jupiter-api\5.8.2\junit-jupiter-api-5.8.2.jar;C:\Users\ASUS\.m2\repository\org\junit\vintage\junit-vintage-engine\5.8.2\junit-vintage-engine-5.8.2.jar;C:\Users\ASUS\.m2\repository\junit\junit\4.13.2\junit-4.13.2.jar;C:\Users\ASUS\.m2\repository\org\hamcrest\hamcrest-core\1.3\hamcrest-core-1.3.jar;C:\Users\ASUS\.m2\repository\ch\qos\logback\logback-classic\1.2.11\logback-classic-1.2.11.jar;C:\Users\ASUS\.m2\repository\ch\qos\logback\logback-core\1.2.11\logback-core-1.2.11.jar;C:\Users\ASUS\.m2\repository\org\slf4j\slf4j-api\1.7.32\slf4j-api-1.7.32.jar;C:\Users\ASUS\.m2\repository\org\assertj\assertj-core\3.22.0\assertj-core-3.22.0.jar;C:\Users\ASUS\.m2\repository\net\serenity-bdd\serenity-rest-assured\3.2.1\serenity-rest-assured-3.2.1.jar;C:\Users\ASUS\.m2\repository\org\apache\httpcomponents\httpclient\4.5.13\httpclient-4.5.13.jar;C:\Users\ASUS\.m2\repository\org\apache\httpcomponents\httpcore\4.4.13\httpcore-4.4.13.jar;C:\Users\ASUS\.m2\repository\commons-logging\commons-logging\1.2\commons-logging-1.2.jar;C:\Users\ASUS\.m2\repository\org\codehaus\groovy\groovy-json\3.0.10\groovy-json-3.0.10.jar;C:\Users\ASUS\.m2\repository\org\opentest4j\opentest4j\1.2.0\opentest4j-1.2.0.jar;C:\Users\ASUS\.m2\repository\org\apache\maven\plugins\maven-surefire-plugin\3.0.0-M5\maven-surefire-plugin-3.0.0-M5.jar;C:\Users\ASUS\.m2\repository\org\apache\maven\surefire\maven-surefire-common\3.0.0-M5\maven-surefire-common-3.0.0-M5.jar;C:\Users\ASUS\.m2\repository\org\apache\maven\surefire\surefire-api\3.0.0-M5\surefire-api-3.0.0-M5.jar;C:\Users\ASUS\.m2\repository\org\apache\maven\surefire\surefire-logger-api\3.0.0-M5\surefire-logger-api-3.0.0-M5.jar;C:\Users\ASUS\.m2\repository\org\apache\maven\surefire\surefire-extensions-api\3.0.0-M5\surefire-extensions-api-3.0.0-M5.jar;C:\Users\ASUS\.m2\repository\org\apache\maven\surefire\surefire-booter\3.0.0-M5\surefire-booter-3.0.0-M5.jar;C:\Users\ASUS\.m2\repository\org\apache\maven\surefire\surefire-extensions-spi\3.0.0-M5\surefire-extensions-spi-3.0.0-M5.jar;C:\Users\ASUS\.m2\repository\org\apache\maven\maven-toolchain\3.0-alpha-2\maven-toolchain-3.0-alpha-2.jar;C:\Users\ASUS\.m2\repository\org\apache\maven\shared\maven-artifact-transfer\0.11.0\maven-artifact-transfer-0.11.0.jar;C:\Users\ASUS\.m2\repository\org\apache\maven\shared\maven-common-artifact-filters\3.0.1\maven-common-artifact-filters-3.0.1.jar;C:\Users\ASUS\.m2\repository\org\apache\maven\maven-model\3.0\maven-model-3.0.jar;C:\Users\ASUS\.m2\repository\org\apache\maven\maven-plugin-api\3.0\maven-plugin-api-3.0.jar;C:\Users\ASUS\.m2\repository\org\sonatype\sisu\sisu-inject-plexus\1.4.2\sisu-inject-plexus-1.4.2.jar;C:\Users\ASUS\.m2\repository\org\codehaus\plexus\plexus-classworlds\2.2.3\plexus-classworlds-2.2.3.jar;C:\Users\ASUS\.m2\repository\org\sonatype\sisu\sisu-inject-bean\1.4.2\sisu-inject-bean-1.4.2.jar;C:\Users\ASUS\.m2\repository\org\sonatype\sisu\sisu-guice\2.1.7\sisu-guice-2.1.7-noaop.jar;C:\Users\ASUS\.m2\repository\org\apache\maven\shared\maven-shared-utils\3.1.0\maven-shared-utils-3.1.0.jar;C:\Users\ASUS\.m2\repository\org\codehaus\plexus\plexus-java\1.0.5\plexus-java-1.0.5.jar;C:\Users\ASUS\.m2\repository\org\ow2\asm\asm\7.2\asm-7.2.jar;C:\Users\ASUS\.m2\repository\com\thoughtworks\qdox\qdox\2.0-M9\qdox-2.0-M9.jar;C:\Users\ASUS\.m2\repository\org\apache\maven\surefire\surefire-shared-utils\3.0.0-M4\surefire-shared-utils-3.0.0-M4.jar;C:\Users\ASUS\.m2\repository\io\rest-assured\rest-assured\4.5.1\rest-assured-4.5.1.jar;C:\Users\ASUS\.m2\repository\org\apache\httpcomponents\httpmime\4.5.13\httpmime-4.5.13.jar;C:\Users\ASUS\.m2\repository\org\ccil\cowan\tagsoup\tagsoup\1.2.1\tagsoup-1.2.1.jar;C:\Users\ASUS\.m2\repository\io\rest-assured\json-path\4.5.1\json-path-4.5.1.jar;C:\Users\ASUS\.m2\repository\io\rest-assured\rest-assured-common\4.5.1\rest-assured-common-4.5.1.jar;C:\Users\ASUS\.m2\repository\io\rest-assured\xml-path\4.5.1\xml-path-4.5.1.jar;C:\Users\ASUS\.m2\repository\org\codehaus\groovy\groovy\3.0.10\groovy-3.0.10.jar;C:\Users\ASUS\.m2\repository\org\codehaus\groovy\groovy-xml\3.0.10\groovy-xml-3.0.10.jar;C:\Users\ASUS\.m2\repository\com\googlecode\json-simple\json-simple\1.1.1\json-simple-1.1.1.jar;C:\Users\ASUS\.m2\repository\com\github\javafaker\javafaker\1.0.2\javafaker-1.0.2.jar;C:\Users\ASUS\.m2\repository\org\yaml\snakeyaml\1.23\snakeyaml-1.23-android.jar;C:\Users\ASUS\.m2\repository\com\github\mifmif\generex\1.0.2\generex-1.0.2.jar;C:\Users\ASUS\.m2\repository\dk\brics\automaton\automaton\1.11-8\automaton-1.11-8.jar;"/>
    <property name="sun.cpu.endian" value="little"/>
    <property name="user.home" value="C:\Users\ASUS"/>
    <property name="user.language" value="en"/>
    <property name="java.specification.vendor" value="Oracle Corporation"/>
    <property name="jdk.module.path" value="D:\Kel-1-capstone\TestingWeb\target\TestingWeb-1.0-SNAPSHOT.jar"/>
    <property name="java.version.date" value="2022-01-18"/>
    <property name="java.home" value="C:\Program Files\Java\jdk-11.0.14"/>
    <property name="tags" value="@AddKelolaJadwal"/>
    <property name="file.separator" value="\"/>
    <property name="basedir" value="D:\Kel-1-capstone\TestingWeb"/>
    <property name="java.vm.compressedOopsMode" value="Zero based"/>
    <property name="line.separator" value="&#10;"/>
    <property name="java.specification.name" value="Java Platform API Specification"/>
    <property name="java.vm.specification.vendor" value="Oracle Corporation"/>
    <property name="java.awt.graphicsenv" value="sun.awt.Win32GraphicsEnvironment"/>
    <property name="surefire.real.class.path" value="C:\Users\ASUS\.m2\repository\org\apache\maven\surefire\surefire-booter\3.0.0-M5\surefire-booter-3.0.0-M5.jar;C:\Users\ASUS\.m2\repository\org\apache\maven\surefire\surefire-api\3.0.0-M5\surefire-api-3.0.0-M5.jar;C:\Users\ASUS\.m2\repository\org\apache\maven\surefire\surefire-logger-api\3.0.0-M5\surefire-logger-api-3.0.0-M5.jar;C:\Users\ASUS\.m2\repository\org\apache\maven\surefire\surefire-shared-utils\3.0.0-M4\surefire-shared-utils-3.0.0-M4.jar;C:\Users\ASUS\.m2\repository\org\apache\maven\surefire\surefire-extensions-spi\3.0.0-M5\surefire-extensions-spi-3.0.0-M5.jar;D:\Kel-1-capstone\TestingWeb\target\test-classes;C:\Users\ASUS\.m2\repository\net\serenity-bdd\serenity-core\3.2.1\serenity-core-3.2.1.jar;C:\Users\ASUS\.m2\repository\net\serenity-bdd\serenity-model\3.2.1\serenity-model-3.2.1.jar;C:\Users\ASUS\.m2\repository\org\apache\commons\commons-text\1.9\commons-text-1.9.jar;C:\Users\ASUS\.m2\repository\commons-net\commons-net\3.8.0\commons-net-3.8.0.jar;C:\Users\ASUS\.m2\repository\com\google\guava\guava\31.1-jre\guava-31.1-jre.jar;C:\Users\ASUS\.m2\repository\com\google\guava\failureaccess\1.0.1\failureaccess-1.0.1.jar;C:\Users\ASUS\.m2\repository\com\google\guava\listenablefuture\9999.0-empty-to-avoid-conflict-with-guava\listenablefuture-9999.0-empty-to-avoid-conflict-with-guava.jar;C:\Users\ASUS\.m2\repository\com\google\code\findbugs\jsr305\3.0.2\jsr305-3.0.2.jar;C:\Users\ASUS\.m2\repository\org\checkerframework\checker-qual\3.12.0\checker-qual-3.12.0.jar;C:\Users\ASUS\.m2\repository\com\google\errorprone\error_prone_annotations\2.11.0\error_prone_annotations-2.11.0.jar;C:\Users\ASUS\.m2\repository\com\google\j2objc\j2objc-annotations\1.3\j2objc-annotations-1.3.jar;C:\Users\ASUS\.m2\repository\com\google\inject\guice\5.1.0\guice-5.1.0.jar;C:\Users\ASUS\.m2\repository\javax\inject\javax.inject\1\javax.inject-1.jar;C:\Users\ASUS\.m2\repository\aopalliance\aopalliance\1.0\aopalliance-1.0.jar;C:\Users\ASUS\.m2\repository\org\jsoup\jsoup\1.14.3\jsoup-1.14.3.jar;C:\Users\ASUS\.m2\repository\com\thoughtworks\xstream\xstream\1.4.19\xstream-1.4.19.jar;C:\Users\ASUS\.m2\repository\io\github\x-stream\mxparser\1.2.2\mxparser-1.2.2.jar;C:\Users\ASUS\.m2\repository\xmlpull\xmlpull\1.1.3.1\xmlpull-1.1.3.1.jar;C:\Users\ASUS\.m2\repository\io\cucumber\cucumber-java\7.2.3\cucumber-java-7.2.3.jar;C:\Users\ASUS\.m2\repository\com\typesafe\config\1.4.2\config-1.4.2.jar;C:\Users\ASUS\.m2\repository\org\imgscalr\imgscalr-lib\4.2\imgscalr-lib-4.2.jar;C:\Users\ASUS\.m2\repository\org\awaitility\awaitility\4.2.0\awaitility-4.2.0.jar;C:\Users\ASUS\.m2\repository\org\freemarker\freemarker\2.3.31\freemarker-2.3.31.jar;C:\Users\ASUS\.m2\repository\io\github\classgraph\classgraph\4.8.138\classgraph-4.8.138.jar;C:\Users\ASUS\.m2\repository\net\sourceforge\jexcelapi\jxl\2.6.12\jxl-2.6.12.jar;C:\Users\ASUS\.m2\repository\net\bytebuddy\byte-buddy\1.12.8\byte-buddy-1.12.8.jar;C:\Users\ASUS\.m2\repository\net\bytebuddy\byte-buddy-agent\1.12.8\byte-buddy-agent-1.12.8.jar;C:\Users\ASUS\.m2\repository\org\objenesis\objenesis\3.1\objenesis-3.1.jar;C:\Users\ASUS\.m2\repository\net\serenity-bdd\serenity-reports\3.2.1\serenity-reports-3.2.1.jar;C:\Users\ASUS\.m2\repository\net\serenity-bdd\serenity-stats\3.2.1\serenity-stats-3.2.1.jar;C:\Users\ASUS\.m2\repository\net\serenity-bdd\serenity-reports-configuration\3.2.1\serenity-reports-configuration-3.2.1.jar;C:\Users\ASUS\.m2\repository\com\vladsch\flexmark\flexmark-all\0.34.30\flexmark-all-0.34.30.jar;C:\Users\ASUS\.m2\repository\com\vladsch\flexmark\flexmark\0.34.30\flexmark-0.34.30.jar;C:\Users\ASUS\.m2\repository\com\vladsch\flexmark\flexmark-ext-abbreviation\0.34.30\flexmark-ext-abbreviation-0.34.30.jar;C:\Users\ASUS\.m2\repository\com\vladsch\flexmark\flexmark-ext-admonition\0.34.30\flexmark-ext-admonition-0.34.30.jar;C:\Users\ASUS\.m2\repository\com\vladsch\flexmark\flexmark-ext-anchorlink\0.34.30\flexmark-ext-anchorlink-0.34.30.jar;C:\Users\ASUS\.m2\repository\com\vladsch\flexmark\flexmark-ext-aside\0.34.30\flexmark-ext-aside-0.34.30.jar;C:\Users\ASUS\.m2\repository\com\vladsch\flexmark\flexmark-ext-attributes\0.34.30\flexmark-ext-attributes-0.34.30.jar;C:\Users\ASUS\.m2\repository\com\vladsch\flexmark\flexmark-ext-autolink\0.34.30\flexmark-ext-autolink-0.34.30.jar;C:\Users\ASUS\.m2\repository\org\nibor\autolink\autolink\0.6.0\autolink-0.6.0.jar;C:\Users\ASUS\.m2\repository\com\vladsch\flexmark\flexmark-ext-definition\0.34.30\flexmark-ext-definition-0.34.30.jar;C:\Users\ASUS\.m2\repository\com\vladsch\flexmark\flexmark-ext-emoji\0.34.30\flexmark-ext-emoji-0.34.30.jar;C:\Users\ASUS\.m2\repository\com\vladsch\flexmark\flexmark-ext-enumerated-reference\0.34.30\flexmark-ext-enumerated-reference-0.34.30.jar;C:\Users\ASUS\.m2\repository\com\vladsch\flexmark\flexmark-ext-escaped-character\0.34.30\flexmark-ext-escaped-character-0.34.30.jar;C:\Users\ASUS\.m2\repository\com\vladsch\flexmark\flexmark-ext-footnotes\0.34.30\flexmark-ext-footnotes-0.34.30.jar;C:\Users\ASUS\.m2\repository\com\vladsch\flexmark\flexmark-ext-gfm-issues\0.34.30\flexmark-ext-gfm-issues-0.34.30.jar;C:\Users\ASUS\.m2\repository\com\vladsch\flexmark\flexmark-ext-gfm-strikethrough\0.34.30\flexmark-ext-gfm-strikethrough-0.34.30.jar;C:\Users\ASUS\.m2\repository\com\vladsch\flexmark\flexmark-ext-gfm-tables\0.34.30\flexmark-ext-gfm-tables-0.34.30.jar;C:\Users\ASUS\.m2\repository\com\vladsch\flexmark\flexmark-ext-gfm-tasklist\0.34.30\flexmark-ext-gfm-tasklist-0.34.30.jar;C:\Users\ASUS\.m2\repository\com\vladsch\flexmark\flexmark-ext-gfm-users\0.34.30\flexmark-ext-gfm-users-0.34.30.jar;C:\Users\ASUS\.m2\repository\com\vladsch\flexmark\flexmark-ext-gitlab\0.34.30\flexmark-ext-gitlab-0.34.30.jar;C:\Users\ASUS\.m2\repository\com\vladsch\flexmark\flexmark-ext-jekyll-front-matter\0.34.30\flexmark-ext-jekyll-front-matter-0.34.30.jar;C:\Users\ASUS\.m2\repository\com\vladsch\flexmark\flexmark-ext-jekyll-tag\0.34.30\flexmark-ext-jekyll-tag-0.34.30.jar;C:\Users\ASUS\.m2\repository\com\vladsch\flexmark\flexmark-ext-media-tags\0.34.30\flexmark-ext-media-tags-0.34.30.jar;C:\Users\ASUS\.m2\repository\com\vladsch\flexmark\flexmark-test-util\0.34.30\flexmark-test-util-0.34.30.jar;C:\Users\ASUS\.m2\repository\com\vladsch\flexmark\flexmark-ext-ins\0.34.30\flexmark-ext-ins-0.34.30.jar;C:\Users\ASUS\.m2\repository\com\vladsch\flexmark\flexmark-ext-xwiki-macros\0.34.30\flexmark-ext-xwiki-macros-0.34.30.jar;C:\Users\ASUS\.m2\repository\com\vladsch\flexmark\flexmark-ext-superscript\0.34.30\flexmark-ext-superscript-0.34.30.jar;C:\Users\ASUS\.m2\repository\com\vladsch\flexmark\flexmark-ext-tables\0.34.30\flexmark-ext-tables-0.34.30.jar;C:\Users\ASUS\.m2\repository\com\vladsch\flexmark\flexmark-ext-toc\0.34.30\flexmark-ext-toc-0.34.30.jar;C:\Users\ASUS\.m2\repository\com\vladsch\flexmark\flexmark-ext-typographic\0.34.30\flexmark-ext-typographic-0.34.30.jar;C:\Users\ASUS\.m2\repository\com\vladsch\flexmark\flexmark-ext-wikilink\0.34.30\flexmark-ext-wikilink-0.34.30.jar;C:\Users\ASUS\.m2\repository\com\vladsch\flexmark\flexmark-ext-yaml-front-matter\0.34.30\flexmark-ext-yaml-front-matter-0.34.30.jar;C:\Users\ASUS\.m2\repository\com\vladsch\flexmark\flexmark-ext-youtube-embedded\0.34.30\flexmark-ext-youtube-embedded-0.34.30.jar;C:\Users\ASUS\.m2\repository\com\vladsch\flexmark\flexmark-formatter\0.34.30\flexmark-formatter-0.34.30.jar;C:\Users\ASUS\.m2\repository\com\vladsch\flexmark\flexmark-html-parser\0.34.30\flexmark-html-parser-0.34.30.jar;C:\Users\ASUS\.m2\repository\com\vladsch\flexmark\flexmark-jira-converter\0.34.30\flexmark-jira-converter-0.34.30.jar;C:\Users\ASUS\.m2\repository\com\vladsch\flexmark\flexmark-pdf-converter\0.34.30\flexmark-pdf-converter-0.34.30.jar;C:\Users\ASUS\.m2\repository\com\openhtmltopdf\openhtmltopdf-core\0.0.1-RC13\openhtmltopdf-core-0.0.1-RC13.jar;C:\Users\ASUS\.m2\repository\com\openhtmltopdf\openhtmltopdf-pdfbox\0.0.1-RC13\openhtmltopdf-pdfbox-0.0.1-RC13.jar;C:\Users\ASUS\.m2\repository\org\apache\pdfbox\pdfbox\2.0.8\pdfbox-2.0.8.jar;C:\Users\ASUS\.m2\repository\org\apache\pdfbox\fontbox\2.0.8\fontbox-2.0.8.jar;C:\Users\ASUS\.m2\repository\org\apache\pdfbox\xmpbox\2.0.8\xmpbox-2.0.8.jar;C:\Users\ASUS\.m2\repository\de\rototor\pdfbox\graphics2d\0.12\graphics2d-0.12.jar;C:\Users\ASUS\.m2\repository\com\openhtmltopdf\openhtmltopdf-rtl-support\0.0.1-RC13\openhtmltopdf-rtl-support-0.0.1-RC13.jar;C:\Users\ASUS\.m2\repository\com\ibm\icu\icu4j\59.1\icu4j-59.1.jar;C:\Users\ASUS\.m2\repository\com\openhtmltopdf\openhtmltopdf-jsoup-dom-converter\0.0.1-RC13\openhtmltopdf-jsoup-dom-converter-0.0.1-RC13.jar;C:\Users\ASUS\.m2\repository\com\vladsch\flexmark\flexmark-profile-pegdown\0.34.30\flexmark-profile-pegdown-0.34.30.jar;C:\Users\ASUS\.m2\repository\com\vladsch\flexmark\flexmark-util\0.34.30\flexmark-util-0.34.30.jar;C:\Users\ASUS\.m2\repository\com\vladsch\flexmark\flexmark-youtrack-converter\0.34.30\flexmark-youtrack-converter-0.34.30.jar;C:\Users\ASUS\.m2\repository\es\nitaur\markdown\txtmark\0.16\txtmark-0.16.jar;C:\Users\ASUS\.m2\repository\net\serenity-bdd\serenity-report-resources\3.2.1\serenity-report-resources-3.2.1.jar;C:\Users\ASUS\.m2\repository\com\google\code\gson\gson\2.9.0\gson-2.9.0.jar;C:\Users\ASUS\.m2\repository\com\fasterxml\jackson\core\jackson-core\2.13.2\jackson-core-2.13.2.jar;C:\Users\ASUS\.m2\repository\com\fasterxml\jackson\core\jackson-databind\2.13.2\jackson-databind-2.13.2.jar;C:\Users\ASUS\.m2\repository\com\fasterxml\jackson\core\jackson-annotations\2.13.2\jackson-annotations-2.13.2.jar;C:\Users\ASUS\.m2\repository\commons-codec\commons-codec\1.15\commons-codec-1.15.jar;C:\Users\ASUS\.m2\repository\commons-io\commons-io\2.11.0\commons-io-2.11.0.jar;C:\Users\ASUS\.m2\repository\org\seleniumhq\selenium\selenium-java\4.1.2\selenium-java-4.1.2.jar;C:\Users\ASUS\.m2\repository\org\seleniumhq\selenium\selenium-devtools-v85\4.1.2\selenium-devtools-v85-4.1.2.jar;C:\Users\ASUS\.m2\repository\org\seleniumhq\selenium\selenium-devtools-v95\4.1.2\selenium-devtools-v95-4.1.2.jar;C:\Users\ASUS\.m2\repository\org\seleniumhq\selenium\selenium-devtools-v96\4.1.2\selenium-devtools-v96-4.1.2.jar;C:\Users\ASUS\.m2\repository\org\seleniumhq\selenium\selenium-devtools-v97\4.1.2\selenium-devtools-v97-4.1.2.jar;C:\Users\ASUS\.m2\repository\org\seleniumhq\selenium\selenium-firefox-xpi-driver\4.1.2\selenium-firefox-xpi-driver-4.1.2.jar;C:\Users\ASUS\.m2\repository\org\seleniumhq\selenium\selenium-opera-driver\4.1.2\selenium-opera-driver-4.1.2.jar;C:\Users\ASUS\.m2\repository\org\seleniumhq\selenium\selenium-remote-driver\4.1.2\selenium-remote-driver-4.1.2.jar;C:\Users\ASUS\.m2\repository\com\beust\jcommander\1.82\jcommander-1.82.jar;C:\Users\ASUS\.m2\repository\io\netty\netty-buffer\4.1.73.Final\netty-buffer-4.1.73.Final.jar;C:\Users\ASUS\.m2\repository\io\netty\netty-codec-http\4.1.73.Final\netty-codec-http-4.1.73.Final.jar;C:\Users\ASUS\.m2\repository\io\netty\netty-codec\4.1.73.Final\netty-codec-4.1.73.Final.jar;C:\Users\ASUS\.m2\repository\io\netty\netty-handler\4.1.73.Final\netty-handler-4.1.73.Final.jar;C:\Users\ASUS\.m2\repository\io\netty\netty-tcnative-classes\2.0.46.Final\netty-tcnative-classes-2.0.46.Final.jar;C:\Users\ASUS\.m2\repository\io\netty\netty-common\4.1.73.Final\netty-common-4.1.73.Final.jar;C:\Users\ASUS\.m2\repository\io\netty\netty-transport-classes-epoll\4.1.73.Final\netty-transport-classes-epoll-4.1.73.Final.jar;C:\Users\ASUS\.m2\repository\io\netty\netty-transport-classes-kqueue\4.1.73.Final\netty-transport-classes-kqueue-4.1.73.Final.jar;C:\Users\ASUS\.m2\repository\io\netty\netty-transport-native-epoll\4.1.73.Final\netty-transport-native-epoll-4.1.73.Final.jar;C:\Users\ASUS\.m2\repository\io\netty\netty-transport-native-kqueue\4.1.73.Final\netty-transport-native-kqueue-4.1.73.Final.jar;C:\Users\ASUS\.m2\repository\io\netty\netty-transport-native-unix-common\4.1.73.Final\netty-transport-native-unix-common-4.1.73.Final.jar;C:\Users\ASUS\.m2\repository\io\netty\netty-transport\4.1.73.Final\netty-transport-4.1.73.Final.jar;C:\Users\ASUS\.m2\repository\io\netty\netty-resolver\4.1.73.Final\netty-resolver-4.1.73.Final.jar;C:\Users\ASUS\.m2\repository\io\opentelemetry\opentelemetry-api\1.10.1\opentelemetry-api-1.10.1.jar;C:\Users\ASUS\.m2\repository\io\opentelemetry\opentelemetry-context\1.10.1\opentelemetry-context-1.10.1.jar;C:\Users\ASUS\.m2\repository\io\opentelemetry\opentelemetry-exporter-logging\1.10.1\opentelemetry-exporter-logging-1.10.1.jar;C:\Users\ASUS\.m2\repository\io\opentelemetry\opentelemetry-sdk-metrics\1.10.1-alpha\opentelemetry-sdk-metrics-1.10.1-alpha.jar;C:\Users\ASUS\.m2\repository\io\opentelemetry\opentelemetry-sdk-logs\1.10.1-alpha\opentelemetry-sdk-logs-1.10.1-alpha.jar;C:\Users\ASUS\.m2\repository\io\opentelemetry\opentelemetry-sdk-common\1.10.1\opentelemetry-sdk-common-1.10.1.jar;C:\Users\ASUS\.m2\repository\io\opentelemetry\opentelemetry-sdk-extension-autoconfigure-spi\1.10.1\opentelemetry-sdk-extension-autoconfigure-spi-1.10.1.jar;C:\Users\ASUS\.m2\repository\io\opentelemetry\opentelemetry-sdk-extension-autoconfigure\1.10.1-alpha\opentelemetry-sdk-extension-autoconfigure-1.10.1-alpha.jar;C:\Users\ASUS\.m2\repository\io\opentelemetry\opentelemetry-sdk-trace\1.10.1\opentelemetry-sdk-trace-1.10.1.jar;C:\Users\ASUS\.m2\repository\io\opentelemetry\opentelemetry-sdk\1.10.1\opentelemetry-sdk-1.10.1.jar;C:\Users\ASUS\.m2\repository\io\opentelemetry\opentelemetry-semconv\1.10.1-alpha\opentelemetry-semconv-1.10.1-alpha.jar;C:\Users\ASUS\.m2\repository\io\ous\jtoml\2.0.0\jtoml-2.0.0.jar;C:\Users\ASUS\.m2\repository\org\apache\commons\commons-exec\1.3\commons-exec-1.3.jar;C:\Users\ASUS\.m2\repository\org\asynchttpclient\async-http-client\2.12.3\async-http-client-2.12.3.jar;C:\Users\ASUS\.m2\repository\org\asynchttpclient\async-http-client-netty-utils\2.12.3\async-http-client-netty-utils-2.12.3.jar;C:\Users\ASUS\.m2\repository\io\netty\netty-codec-socks\4.1.60.Final\netty-codec-socks-4.1.60.Final.jar;C:\Users\ASUS\.m2\repository\io\netty\netty-handler-proxy\4.1.60.Final\netty-handler-proxy-4.1.60.Final.jar;C:\Users\ASUS\.m2\repository\io\netty\netty-transport-native-epoll\4.1.60.Final\netty-transport-native-epoll-4.1.60.Final-linux-x86_64.jar;C:\Users\ASUS\.m2\repository\io\netty\netty-transport-native-kqueue\4.1.60.Final\netty-transport-native-kqueue-4.1.60.Final-osx-x86_64.jar;C:\Users\ASUS\.m2\repository\org\reactivestreams\reactive-streams\1.0.3\reactive-streams-1.0.3.jar;C:\Users\ASUS\.m2\repository\com\typesafe\netty\netty-reactive-streams\2.0.4\netty-reactive-streams-2.0.4.jar;C:\Users\ASUS\.m2\repository\org\seleniumhq\selenium\selenium-http\4.1.2\selenium-http-4.1.2.jar;C:\Users\ASUS\.m2\repository\net\jodah\failsafe\2.4.4\failsafe-2.4.4.jar;C:\Users\ASUS\.m2\repository\org\seleniumhq\selenium\selenium-safari-driver\4.1.2\selenium-safari-driver-4.1.2.jar;C:\Users\ASUS\.m2\repository\org\seleniumhq\selenium\selenium-api\4.1.2\selenium-api-4.1.2.jar;C:\Users\ASUS\.m2\repository\org\seleniumhq\selenium\selenium-support\4.1.2\selenium-support-4.1.2.jar;C:\Users\ASUS\.m2\repository\com\google\auto\service\auto-service-annotations\1.0.1\auto-service-annotations-1.0.1.jar;C:\Users\ASUS\.m2\repository\com\google\auto\service\auto-service\1.0.1\auto-service-1.0.1.jar;C:\Users\ASUS\.m2\repository\com\google\auto\auto-common\1.2\auto-common-1.2.jar;C:\Users\ASUS\.m2\repository\org\seleniumhq\selenium\selenium-json\4.1.2\selenium-json-4.1.2.jar;C:\Users\ASUS\.m2\repository\org\seleniumhq\selenium\selenium-chrome-driver\4.1.2\selenium-chrome-driver-4.1.2.jar;C:\Users\ASUS\.m2\repository\org\seleniumhq\selenium\selenium-chromium-driver\4.1.2\selenium-chromium-driver-4.1.2.jar;C:\Users\ASUS\.m2\repository\org\seleniumhq\selenium\selenium-firefox-driver\4.1.2\selenium-firefox-driver-4.1.2.jar;C:\Users\ASUS\.m2\repository\org\seleniumhq\selenium\selenium-edge-driver\4.1.2\selenium-edge-driver-4.1.2.jar;C:\Users\ASUS\.m2\repository\org\seleniumhq\selenium\selenium-ie-driver\4.1.2\selenium-ie-driver-4.1.2.jar;C:\Users\ASUS\.m2\repository\org\projectlombok\lombok\1.18.20\lombok-1.18.20.jar;C:\Users\ASUS\.m2\repository\io\appium\java-client\8.0.0\java-client-8.0.0.jar;C:\Users\ASUS\.m2\repository\commons-validator\commons-validator\1.7\commons-validator-1.7.jar;C:\Users\ASUS\.m2\repository\commons-digester\commons-digester\2.1\commons-digester-2.1.jar;C:\Users\ASUS\.m2\repository\org\aspectj\aspectjweaver\1.9.8\aspectjweaver-1.9.8.jar;C:\Users\ASUS\.m2\repository\net\sf\opencsv\opencsv\2.0\opencsv-2.0.jar;C:\Users\ASUS\.m2\repository\commons-beanutils\commons-beanutils\1.9.4\commons-beanutils-1.9.4.jar;C:\Users\ASUS\.m2\repository\org\apache\commons\commons-lang3\3.12.0\commons-lang3-3.12.0.jar;C:\Users\ASUS\.m2\repository\commons-collections\commons-collections\3.2.2\commons-collections-3.2.2.jar;C:\Users\ASUS\.m2\repository\org\fluentlenium\fluentlenium-core\0.10.2\fluentlenium-core-0.10.2.jar;C:\Users\ASUS\.m2\repository\io\github\bonigarcia\webdrivermanager\5.1.0\webdrivermanager-5.1.0.jar;C:\Users\ASUS\.m2\repository\com\github\docker-java\docker-java\3.2.13\docker-java-3.2.13.jar;C:\Users\ASUS\.m2\repository\com\github\docker-java\docker-java-core\3.2.13\docker-java-core-3.2.13.jar;C:\Users\ASUS\.m2\repository\com\github\docker-java\docker-java-api\3.2.13\docker-java-api-3.2.13.jar;C:\Users\ASUS\.m2\repository\org\apache\commons\commons-compress\1.21\commons-compress-1.21.jar;C:\Users\ASUS\.m2\repository\org\bouncycastle\bcpkix-jdk15on\1.64\bcpkix-jdk15on-1.64.jar;C:\Users\ASUS\.m2\repository\org\bouncycastle\bcprov-jdk15on\1.64\bcprov-jdk15on-1.64.jar;C:\Users\ASUS\.m2\repository\org\slf4j\jcl-over-slf4j\1.7.30\jcl-over-slf4j-1.7.30.jar;C:\Users\ASUS\.m2\repository\com\github\docker-java\docker-java-transport-httpclient5\3.2.13\docker-java-transport-httpclient5-3.2.13.jar;C:\Users\ASUS\.m2\repository\com\github\docker-java\docker-java-transport\3.2.13\docker-java-transport-3.2.13.jar;C:\Users\ASUS\.m2\repository\org\apache\httpcomponents\client5\httpclient5\5.0.3\httpclient5-5.0.3.jar;C:\Users\ASUS\.m2\repository\org\apache\httpcomponents\core5\httpcore5\5.0.2\httpcore5-5.0.2.jar;C:\Users\ASUS\.m2\repository\net\java\dev\jna\jna\5.8.0\jna-5.8.0.jar;C:\Users\ASUS\.m2\repository\org\brotli\dec\0.1.2\dec-0.1.2.jar;C:\Users\ASUS\.m2\repository\com\jhlabs\filters\2.0.235\filters-2.0.235.jar;C:\Users\ASUS\.m2\repository\com\paulhammant\ngwebdriver\1.1.6\ngwebdriver-1.1.6.jar;C:\Users\ASUS\.m2\repository\joda-time\joda-time\2.8.2\joda-time-2.8.2.jar;C:\Users\ASUS\.m2\repository\org\hamcrest\hamcrest\2.2\hamcrest-2.2.jar;C:\Users\ASUS\.m2\repository\com\google\jimfs\jimfs\1.2\jimfs-1.2.jar;C:\Users\ASUS\.m2\repository\org\mockito\mockito-core\3.3.3\mockito-core-3.3.3.jar;C:\Users\ASUS\.m2\repository\javax\xml\bind\jaxb-api\2.3.1\jaxb-api-2.3.1.jar;C:\Users\ASUS\.m2\repository\javax\activation\javax.activation-api\1.2.0\javax.activation-api-1.2.0.jar;C:\Users\ASUS\.m2\repository\com\sun\xml\bind\jaxb-core\2.3.0.1\jaxb-core-2.3.0.1.jar;C:\Users\ASUS\.m2\repository\com\sun\xml\bind\jaxb-impl\2.3.3\jaxb-impl-2.3.3.jar;C:\Users\ASUS\.m2\repository\jakarta\xml\bind\jakarta.xml.bind-api\2.3.3\jakarta.xml.bind-api-2.3.3.jar;C:\Users\ASUS\.m2\repository\com\sun\activation\jakarta.activation\1.2.2\jakarta.activation-1.2.2.jar;C:\Users\ASUS\.m2\repository\javax\activation\activation\1.1.1\activation-1.1.1.jar;C:\Users\ASUS\.m2\repository\net\serenity-bdd\serenity-cucumber\3.2.1\serenity-cucumber-3.2.1.jar;C:\Users\ASUS\.m2\repository\io\cucumber\cucumber-core\7.2.3\cucumber-core-7.2.3.jar;C:\Users\ASUS\.m2\repository\io\cucumber\cucumber-gherkin\7.2.3\cucumber-gherkin-7.2.3.jar;C:\Users\ASUS\.m2\repository\io\cucumber\cucumber-gherkin-messages\7.2.3\cucumber-gherkin-messages-7.2.3.jar;C:\Users\ASUS\.m2\repository\io\cucumber\messages\17.1.1\messages-17.1.1.jar;C:\Users\ASUS\.m2\repository\io\cucumber\tag-expressions\4.1.0\tag-expressions-4.1.0.jar;C:\Users\ASUS\.m2\repository\io\cucumber\cucumber-expressions\15.0.1\cucumber-expressions-15.0.1.jar;C:\Users\ASUS\.m2\repository\io\cucumber\datatable\7.2.3\datatable-7.2.3.jar;C:\Users\ASUS\.m2\repository\io\cucumber\cucumber-plugin\7.2.3\cucumber-plugin-7.2.3.jar;C:\Users\ASUS\.m2\repository\io\cucumber\docstring\7.2.3\docstring-7.2.3.jar;C:\Users\ASUS\.m2\repository\io\cucumber\html-formatter\17.0.0\html-formatter-17.0.0.jar;C:\Users\ASUS\.m2\repository\io\cucumber\ci-environment\8.1.0\ci-environment-8.1.0.jar;C:\Users\ASUS\.m2\repository\io\cucumber\cucumber-junit\7.2.3\cucumber-junit-7.2.3.jar;C:\Users\ASUS\.m2\repository\org\apache\commons\commons-csv\1.5\commons-csv-1.5.jar;C:\Users\ASUS\.m2\repository\net\serenity-bdd\serenity-screenplay\3.2.1\serenity-screenplay-3.2.1.jar;C:\Users\ASUS\.m2\repository\net\serenity-bdd\serenity-screenplay-webdriver\3.2.1\serenity-screenplay-webdriver-3.2.1.jar;C:\Users\ASUS\.m2\repository\net\serenity-bdd\serenity-ensure\3.2.1\serenity-ensure-3.2.1.jar;C:\Users\ASUS\.m2\repository\net\serenity-bdd\serenity-junit\3.2.1\serenity-junit-3.2.1.jar;C:\Users\ASUS\.m2\repository\org\jetbrains\kotlin\kotlin-stdlib\1.6.0\kotlin-stdlib-1.6.0.jar;C:\Users\ASUS\.m2\repository\org\jetbrains\annotations\13.0\annotations-13.0.jar;C:\Users\ASUS\.m2\repository\org\jetbrains\kotlin\kotlin-stdlib-common\1.6.0\kotlin-stdlib-common-1.6.0.jar;C:\Users\ASUS\.m2\repository\org\junit\platform\junit-platform-launcher\1.8.2\junit-platform-launcher-1.8.2.jar;C:\Users\ASUS\.m2\repository\org\junit\platform\junit-platform-engine\1.8.2\junit-platform-engine-1.8.2.jar;C:\Users\ASUS\.m2\repository\org\junit\platform\junit-platform-commons\1.8.2\junit-platform-commons-1.8.2.jar;C:\Users\ASUS\.m2\repository\org\apiguardian\apiguardian-api\1.1.2\apiguardian-api-1.1.2.jar;C:\Users\ASUS\.m2\repository\org\junit\jupiter\junit-jupiter-engine\5.8.2\junit-jupiter-engine-5.8.2.jar;C:\Users\ASUS\.m2\repository\org\junit\jupiter\junit-jupiter-api\5.8.2\junit-jupiter-api-5.8.2.jar;C:\Users\ASUS\.m2\repository\org\junit\vintage\junit-vintage-engine\5.8.2\junit-vintage-engine-5.8.2.jar;C:\Users\ASUS\.m2\repository\junit\junit\4.13.2\junit-4.13.2.jar;C:\Users\ASUS\.m2\repository\org\hamcrest\hamcrest-core\1.3\hamcrest-core-1.3.jar;C:\Users\ASUS\.m2\repository\ch\qos\logback\logback-classic\1.2.11\logback-classic-1.2.11.jar;C:\Users\ASUS\.m2\repository\ch\qos\logback\logback-core\1.2.11\logback-core-1.2.11.jar;C:\Users\ASUS\.m2\repository\org\slf4j\slf4j-api\1.7.32\slf4j-api-1.7.32.jar;C:\Users\ASUS\.m2\repository\org\assertj\assertj-core\3.22.0\assertj-core-3.22.0.jar;C:\Users\ASUS\.m2\repository\net\serenity-bdd\serenity-rest-assured\3.2.1\serenity-rest-assured-3.2.1.jar;C:\Users\ASUS\.m2\repository\org\apache\httpcomponents\httpclient\4.5.13\httpclient-4.5.13.jar;C:\Users\ASUS\.m2\repository\org\apache\httpcomponents\httpcore\4.4.13\httpcore-4.4.13.jar;C:\Users\ASUS\.m2\repository\commons-logging\commons-logging\1.2\commons-logging-1.2.jar;C:\Users\ASUS\.m2\repository\org\codehaus\groovy\groovy-json\3.0.10\groovy-json-3.0.10.jar;C:\Users\ASUS\.m2\repository\org\opentest4j\opentest4j\1.2.0\opentest4j-1.2.0.jar;C:\Users\ASUS\.m2\repository\org\apache\maven\plugins\maven-surefire-plugin\3.0.0-M5\maven-surefire-plugin-3.0.0-M5.jar;C:\Users\ASUS\.m2\repository\org\apache\maven\surefire\maven-surefire-common\3.0.0-M5\maven-surefire-common-3.0.0-M5.jar;C:\Users\ASUS\.m2\repository\org\apache\maven\surefire\surefire-extensions-api\3.0.0-M5\surefire-extensions-api-3.0.0-M5.jar;C:\Users\ASUS\.m2\repository\org\apache\maven\maven-toolchain\3.0-alpha-2\maven-toolchain-3.0-alpha-2.jar;C:\Users\ASUS\.m2\repository\org\apache\maven\shared\maven-artifact-transfer\0.11.0\maven-artifact-transfer-0.11.0.jar;C:\Users\ASUS\.m2\repository\org\apache\maven\shared\maven-common-artifact-filters\3.0.1\maven-common-artifact-filters-3.0.1.jar;C:\Users\ASUS\.m2\repository\org\apache\maven\maven-model\3.0\maven-model-3.0.jar;C:\Users\ASUS\.m2\repository\org\apache\maven\maven-plugin-api\3.0\maven-plugin-api-3.0.jar;C:\Users\ASUS\.m2\repository\org\sonatype\sisu\sisu-inject-plexus\1.4.2\sisu-inject-plexus-1.4.2.jar;C:\Users\ASUS\.m2\repository\org\codehaus\plexus\plexus-classworlds\2.2.3\plexus-classworlds-2.2.3.jar;C:\Users\ASUS\.m2\repository\org\sonatype\sisu\sisu-inject-bean\1.4.2\sisu-inject-bean-1.4.2.jar;C:\Users\ASUS\.m2\repository\org\sonatype\sisu\sisu-guice\2.1.7\sisu-guice-2.1.7-noaop.jar;C:\Users\ASUS\.m2\repository\org\apache\maven\shared\maven-shared-utils\3.1.0\maven-shared-utils-3.1.0.jar;C:\Users\ASUS\.m2\repository\org\codehaus\plexus\plexus-java\1.0.5\plexus-java-1.0.5.jar;C:\Users\ASUS\.m2\repository\org\ow2\asm\asm\7.2\asm-7.2.jar;C:\Users\ASUS\.m2\repository\com\thoughtworks\qdox\qdox\2.0-M9\qdox-2.0-M9.jar;C:\Users\ASUS\.m2\repository\io\rest-assured\rest-assured\4.5.1\rest-assured-4.5.1.jar;C:\Users\ASUS\.m2\repository\org\apache\httpcomponents\httpmime\4.5.13\httpmime-4.5.13.jar;C:\Users\ASUS\.m2\repository\org\ccil\cowan\tagsoup\tagsoup\1.2.1\tagsoup-1.2.1.jar;C:\Users\ASUS\.m2\repository\io\rest-assured\json-path\4.5.1\json-path-4.5.1.jar;C:\Users\ASUS\.m2\repository\io\rest-assured\rest-assured-common\4.5.1\rest-assured-common-4.5.1.jar;C:\Users\ASUS\.m2\repository\io\rest-assured\xml-path\4.5.1\xml-path-4.5.1.jar;C:\Users\ASUS\.m2\repository\org\codehaus\groovy\groovy\3.0.10\groovy-3.0.10.jar;C:\Users\ASUS\.m2\repository\org\codehaus\groovy\groovy-xml\3.0.10\groovy-xml-3.0.10.jar;C:\Users\ASUS\.m2\repository\com\googlecode\json-simple\json-simple\1.1.1\json-simple-1.1.1.jar;C:\Users\ASUS\.m2\repository\com\github\javafaker\javafaker\1.0.2\javafaker-1.0.2.jar;C:\Users\ASUS\.m2\repository\org\yaml\snakeyaml\1.23\snakeyaml-1.23-android.jar;C:\Users\ASUS\.m2\repository\com\github\mifmif\generex\1.0.2\generex-1.0.2.jar;C:\Users\ASUS\.m2\repository\dk\brics\automaton\automaton\1.11-8\automaton-1.11-8.jar;C:\Users\ASUS\.m2\repository\org\apache\maven\surefire\surefire-junit-platform\3.0.0-M5\surefire-junit-platform-3.0.0-M5.jar;C:\Users\ASUS\.m2\repository\org\apache\maven\surefire\common-java5\3.0.0-M5\common-java5-3.0.0-M5.jar"/>
    <property name="user.script" value=""/>
    <property name="java.protocol.handler.pkgs" value="com.google.common"/>
    <property name="sun.management.compiler" value="HotSpot 64-Bit Tiered Compilers"/>
    <property name="java.runtime.version" value="11.0.14+8-LTS-263"/>
    <property name="user.name" value="ASUS"/>
    <property name="path.separator" value=";"/>
    <property name="os.version" value="10.0"/>
    <property name="java.runtime.name" value="Java(TM) SE Runtime Environment"/>
    <property name="file.encoding" value="Cp1252"/>
    <property name="java.vm.name" value="Java HotSpot(TM) 64-Bit Server VM"/>
    <property name="java.vendor.version" value="18.9"/>
    <property name="localRepository" value="C:\Users\ASUS\.m2\repository"/>
    <property name="java.vendor.url.bug" value="https://bugreport.java.com/bugreport/"/>
    <property name="java.io.tmpdir" value="C:\Users\ASUS\AppData\Local\Temp\"/>
    <property name="java.version" value="11.0.14"/>
    <property name="user.dir" value="D:\Kel-1-capstone\TestingWeb"/>
    <property name="os.arch" value="amd64"/>
    <property name="java.vm.specification.name" value="Java Virtual Machine Specification"/>
    <property name="java.awt.printerjob" value="sun.awt.windows.WPrinterJob"/>
    <property name="sun.os.patch.level" value=""/>
    <property name="java.library.path" value="C:\Program Files\Java\jdk-11.0.14\bin;C:\WINDOWS\Sun\Java\bin;C:\WINDOWS\system32;C:\WINDOWS;C:\Program Files\Common Files\Oracle\Java\javapath;C:\Program Files\Python39\Scripts\;C:\Program Files\Python39\;C:\WINDOWS\system32;C:\WINDOWS;C:\WINDOWS\System32\Wbem;C:\WINDOWS\System32\WindowsPowerShell\v1.0\;C:\Program Files (x86)\AMD\ATI.ACE\Core-Static;C:\WINDOWS\System32\OpenSSH\;C:\Program Files (x86)\IVI Foundation\VISA\WinNT\Bin\;C:\Program Files\IVI Foundation\VISA\Win64\Bin\;C:\Program Files (x86)\IVI Foundation\VISA\WinNT\Bin;C:\Users\ASUS\AppData\Local\Programs\Python\Python39;C:\Users\ASUS\AppData\Local\Programs\Python\Python39\Scripts;C:\Program Files\Java\jdk-11.0.14\bin;C:\Program Files\Java\apache-maven-3.8.5\bin;C:\Program Files\Android\Android Studio\bin;C:\Program Files\nodejs\;%ANDROID_HOME%\platfom-tools;%ANDROID_HOME%\tools;E:\Software\Matlab\runtime\win64;E:\Software\Matlab\bin;E:\Software\Matlab\polyspace\bin;C:\Program Files\Git1\cmd;C:\Users\ASUS\AppData\Local\Programs\Python\Launcher\;C:\Users\ASUS\AppData\Local\Microsoft\WindowsApps;C:\Users\ASUS\AppData\Local\Programs\Microsoft VS Code\bin;C:\Program Files\Java\IntelliJ IDEA Community Edition 2021.3.2;;C:\Users\ASUS\AppData\Roaming\npm;C:\Users\ASUS\AppData\Local\Android\Sdk\platform-tools;C:\Users\ASUS\AppData\Local\Android\Sdk\tools;C:\Program Files\Java\jdk-11.0.14\bin;;."/>
    <property name="java.vendor" value="Oracle Corporation"/>
    <property name="java.vm.info" value="mixed mode"/>
    <property name="java.vm.version" value="11.0.14+8-LTS-263"/>
    <property name="sun.io.unicode.encoding" value="UnicodeLittle"/>
    <property name="java.class.version" value="55.0"/>
  </properties>
  <testcase name="As a admin i want to Add Manage Schedule Rawat Jalan" classname="Add Kelola Jadwal - Admin" time="123.179">
    <system-out><![CDATA[16:29:16.826 [main] INFO io.cucumber.core.plugin.SerenityReporter - Running feature from file:///D:/Kel-1-capstone/TestingWeb/src/test/resources/features/AddDataDokter.feature
16:29:18.263 [main] INFO  - 

-------------------------------------------------------------------------------------
     _______. _______ .______       _______ .__   __.  __  .___________.____    ____ 
    /       ||   ____||   _  \     |   ____||  \ |  | |  | |           |\   \  /   / 
   |   (----`|  |__   |  |_)  |    |  |__   |   \|  | |  | `---|  |----` \   \/   /  
    \   \    |   __|  |      /     |   __|  |  . `  | |  |     |  |       \_    _/   
.----)   |   |  |____ |  |\  \----.|  |____ |  |\   | |  |     |  |         |  |     
|_______/    |_______|| _| `._____||_______||__| \__| |__|     |__|         |__|    
                                                                                     
 News and tutorials at http://www.serenity-bdd.info                                  
 Documentation at https://wakaleo.gitbooks.io/the-serenity-book/content/             
 Join the Serenity Community on Gitter: https://gitter.im/serenity-bdd/serenity-core 
 Serenity BDD Support and Training at http://serenity-bdd.info/#/trainingandsupport  
-------------------------------------------------------------------------------------

16:29:18.273 [main] DEBUG net.thucydides.core.steps.StepEventBus - Test suite started for story net.thucydides.core.model.Story@f27570ba
16:29:18.283 [main] INFO  - Test Suite Started: Add Data Dokter - Admin
16:29:18.339 [main] INFO io.cucumber.core.plugin.SerenityReporter - Running feature from file:///D:/Kel-1-capstone/TestingWeb/src/test/resources/features/AddDataPasien.feature
16:29:18.364 [main] DEBUG net.thucydides.core.steps.StepEventBus - Test suite started for story net.thucydides.core.model.Story@2ed0929a
16:29:18.369 [main] INFO  - Test Suite Started: Add Data Pasien - Admin
16:29:18.369 [main] INFO io.cucumber.core.plugin.SerenityReporter - Running feature from file:///D:/Kel-1-capstone/TestingWeb/src/test/resources/features/AddKelolaJadwal.feature
16:29:18.395 [main] DEBUG net.thucydides.core.steps.StepEventBus - Test suite started for story net.thucydides.core.model.Story@346b43ca
16:29:18.399 [main] INFO  - Test Suite Started: Add Kelola Jadwal - Admin
16:29:18.400 [main] INFO io.cucumber.core.plugin.SerenityReporter - Running feature from file:///D:/Kel-1-capstone/TestingWeb/src/test/resources/features/DeleteDataDokter.feature
16:29:18.436 [main] DEBUG net.thucydides.core.steps.StepEventBus - Test suite started for story net.thucydides.core.model.Story@f29440ba
16:29:18.439 [main] INFO  - Test Suite Started: Delete Data Dokter - Admin
16:29:18.439 [main] INFO io.cucumber.core.plugin.SerenityReporter - Running feature from file:///D:/Kel-1-capstone/TestingWeb/src/test/resources/features/DeleteDataPasien.feature
16:29:18.459 [main] DEBUG net.thucydides.core.steps.StepEventBus - Test suite started for story net.thucydides.core.model.Story@2eef629a
16:29:18.460 [main] INFO  - Test Suite Started: Delete Data Pasien - Admin
16:29:18.460 [main] INFO io.cucumber.core.plugin.SerenityReporter - Running feature from file:///D:/Kel-1-capstone/TestingWeb/src/test/resources/features/DetailDataDokter.feature
16:29:18.479 [main] DEBUG net.thucydides.core.steps.StepEventBus - Test suite started for story net.thucydides.core.model.Story@4f1566fa
16:29:18.479 [main] INFO  - Test Suite Started: Detail Data Dokter - Admin
16:29:18.479 [main] INFO io.cucumber.core.plugin.SerenityReporter - Running feature from file:///D:/Kel-1-capstone/TestingWeb/src/test/resources/features/DetailDataPasien.feature
16:29:18.491 [main] DEBUG net.thucydides.core.steps.StepEventBus - Test suite started for story net.thucydides.core.model.Story@8b7088da
16:29:18.497 [main] INFO  - Test Suite Started: Detail Data Pasien - Admin
16:29:18.497 [main] INFO io.cucumber.core.plugin.SerenityReporter - Running feature from file:///D:/Kel-1-capstone/TestingWeb/src/test/resources/features/EditDataDokter.feature
16:29:18.509 [main] DEBUG net.thucydides.core.steps.StepEventBus - Test suite started for story net.thucydides.core.model.Story@44a0505a
16:29:18.517 [main] INFO  - Test Suite Started: Edit Data Dokter - Admin
16:29:18.517 [main] INFO io.cucumber.core.plugin.SerenityReporter - Running feature from file:///D:/Kel-1-capstone/TestingWeb/src/test/resources/features/EditDataPasien.feature
16:29:18.581 [main] DEBUG net.thucydides.core.steps.StepEventBus - Test suite started for story net.thucydides.core.model.Story@80fb723a
16:29:18.581 [main] INFO  - Test Suite Started: Edit Data Pasien - Admin
16:29:18.581 [main] INFO io.cucumber.core.plugin.SerenityReporter - Running feature from file:///D:/Kel-1-capstone/TestingWeb/src/test/resources/features/SearchArsipJadwal.feature
16:29:18.621 [main] DEBUG net.thucydides.core.steps.StepEventBus - Test suite started for story net.thucydides.core.model.Story@4d12b45e
16:29:18.629 [main] INFO  - Test Suite Started: Search Arsip Jadwal - Admin
16:29:18.629 [main] INFO io.cucumber.core.plugin.SerenityReporter - Running feature from file:///D:/Kel-1-capstone/TestingWeb/src/test/resources/features/SearchDataDokter.feature
16:29:18.661 [main] DEBUG net.thucydides.core.steps.StepEventBus - Test suite started for story net.thucydides.core.model.Story@b9f7eb9a
16:29:18.661 [main] INFO  - Test Suite Started: Search Data Dokter - Admin
16:29:18.661 [main] INFO io.cucumber.core.plugin.SerenityReporter - Running feature from file:///D:/Kel-1-capstone/TestingWeb/src/test/resources/features/SearchDataPasien.feature
16:29:18.685 [main] DEBUG net.thucydides.core.steps.StepEventBus - Test suite started for story net.thucydides.core.model.Story@f6530d7a
16:29:18.685 [main] INFO  - Test Suite Started: Search Data Pasien - Admin
16:29:18.685 [main] INFO io.cucumber.core.plugin.SerenityReporter - Running feature from file:///D:/Kel-1-capstone/TestingWeb/src/test/resources/features/ViewArsipJadwal.feature
16:29:18.701 [main] DEBUG net.thucydides.core.steps.StepEventBus - Test suite started for story net.thucydides.core.model.Story@cccefd7e
16:29:18.701 [main] INFO  - Test Suite Started: View Arsip Jadwal - Admin
16:29:18.701 [main] INFO io.cucumber.core.plugin.SerenityReporter - Running feature from file:///D:/Kel-1-capstone/TestingWeb/src/test/resources/features/ViewDataDokter.feature
16:29:18.725 [main] DEBUG net.thucydides.core.steps.StepEventBus - Test suite started for story net.thucydides.core.model.Story@5afdfe7a
16:29:18.725 [main] INFO  - Test Suite Started: View Data Dokter - Admin
16:29:18.725 [main] INFO io.cucumber.core.plugin.SerenityReporter - Running feature from file:///D:/Kel-1-capstone/TestingWeb/src/test/resources/features/ViewDataPasien.feature
16:29:18.741 [main] DEBUG net.thucydides.core.steps.StepEventBus - Test suite started for story net.thucydides.core.model.Story@9759205a
16:29:18.749 [main] INFO  - Test Suite Started: View Data Pasien - Admin
16:29:18.749 [main] INFO io.cucumber.core.plugin.SerenityReporter - Running feature from file:///D:/Kel-1-capstone/TestingWeb/src/test/resources/features/ViewKelolaJadwal.feature
16:29:18.765 [main] DEBUG net.thucydides.core.steps.StepEventBus - Test suite started for story net.thucydides.core.model.Story@9d07618a
16:29:18.773 [main] INFO  - Test Suite Started: View Kelola Jadwal - Admin
16:29:18.773 [main] INFO io.cucumber.core.plugin.SerenityReporter - Running feature from file:///D:/Kel-1-capstone/TestingWeb/src/test/resources/features/AddKelolaJadwal.feature
16:29:18.805 [main] DEBUG net.thucydides.core.steps.StepEventBus - Test suite started for story net.thucydides.core.model.Story@346b43ca
16:29:18.805 [main] INFO  - Test Suite Started: Add Kelola Jadwal - Admin

@AddKelolaJadwal @AddKelolaJadwalRawatJalan
Scenario Outline: As a admin i want to Add Manage Schedule Rawat Jalan &amp#27;[90m# src/test/resources/features/AddKelolaJadwal.feature:17&amp#27;[0m
16:29:19.309 [main] INFO io.cucumber.core.plugin.SerenityReporter - Running feature from file:///D:/Kel-1-capstone/TestingWeb/src/test/resources/features/AddKelolaJadwal.feature
16:29:19.757 [main] INFO  - 
  _____   ___   ___   _____     ___   _____     _     ___   _____   ___   ___  
 |_   _| | __| / __| |_   _|   / __| |_   _|   /_\   | _ \ |_   _| | __| |   \ 
   | |   | _|  \__ \   | |     \__ \   | |    / _ \  |   /   | |   | _|  | |) |
   |_|   |___| |___/   |_|     |___/   |_|   /_/ \_\ |_|_\   |_|   |___| |___/ 

As a admin i want to Add Manage Schedule Rawat Jalan(add-kelola-jadwal---admin;as-a-admin-i-want-to-add-manage-schedule-rawat-jalan)
--------------------------------------------------------------------------------
16:29:24.819 [main] DEBUG net.thucydides.core.steps.StepInterceptor - STARTING STEP: KelolaJadwalSteps.openPageKelolaJadwal - openKelolaJadwal
16:29:24.947 [main] INFO net.serenitybdd.core.webdriver.driverproviders.ChromeDriverProvider - Using automatically driver download
16:29:30.170 [main] DEBUG io.github.bonigarcia.wdm.cache.ResolutionCache - Resolution chrome=103 in cache (valid until 17:02:47 10/07/2022 ICT)
16:29:30.202 [main] DEBUG io.github.bonigarcia.wdm.cache.ResolutionCache - Resolution chrome103=103.0.5060.53 in cache (valid until 16:02:47 11/07/2022 ICT)
16:29:30.218 [main] INFO io.github.bonigarcia.wdm.WebDriverManager - Using chromedriver 103.0.5060.53 (resolved driver for Chrome 103)
16:29:30.310 [main] DEBUG io.github.bonigarcia.wdm.WebDriverManager - Driver chromedriver 103.0.5060.53 found in cache
16:29:30.321 [main] INFO io.github.bonigarcia.wdm.WebDriverManager - Exporting webdriver.chrome.driver as C:\Users\ASUS\.cache\selenium\chromedriver\win32\103.0.5060.53\chromedriver.exe
16:29:32.190 [main] DEBUG net.thucydides.core.reflection.ClassFinder - Could not load class .CucumberTestSuite
16:29:32.190 [main] DEBUG net.thucydides.core.reflection.ClassFinder - Could not load class .starter.pages.ArsipJadwalPage
16:29:32.190 [main] DEBUG net.thucydides.core.reflection.ClassFinder - Could not load class .starter.pages.DashboardPage
16:29:32.190 [main] DEBUG net.thucydides.core.reflection.ClassFinder - Could not load class .starter.pages.DokterDataPage
16:29:32.190 [main] DEBUG net.thucydides.core.reflection.ClassFinder - Could not load class .starter.pages.KelolaJadwalPage
16:29:32.190 [main] DEBUG net.thucydides.core.reflection.ClassFinder - Could not load class .starter.pages.LoginPage
16:29:32.190 [main] DEBUG net.thucydides.core.reflection.ClassFinder - Could not load class .starter.pages.PatientDataPage
16:29:32.190 [main] DEBUG net.thucydides.core.reflection.ClassFinder - Could not load class .starter.stepdefinitios.ArsipJadwalSteps
16:29:32.190 [main] DEBUG net.thucydides.core.reflection.ClassFinder - Could not load class .starter.stepdefinitios.DokterDataSteps
16:29:32.190 [main] DEBUG net.thucydides.core.reflection.ClassFinder - Could not load class .starter.stepdefinitios.KelolaJadwalSteps
16:29:32.190 [main] DEBUG net.thucydides.core.reflection.ClassFinder - Could not load class .starter.stepdefinitios.LoginSteps
16:29:32.190 [main] DEBUG net.thucydides.core.reflection.ClassFinder - Could not load class .starter.stepdefinitios.PatientDataSteps
16:29:32.190 [main] DEBUG net.thucydides.core.reflection.ClassFinder - Could not load class META-INF.versions.9.com.sun.istack.logging.StackHelper
16:29:32.190 [main] DEBUG net.thucydides.core.reflection.ClassFinder - Could not load class META-INF.versions.9.com.sun.xml.bind.v2.runtime.reflect.opt.AccessorInjector
16:29:32.199 [main] DEBUG net.thucydides.core.reflection.ClassFinder - Could not load class META-INF.versions.9.com.sun.xml.bind.v2.runtime.reflect.opt.Injector
16:29:32.200 [main] DEBUG net.thucydides.core.reflection.ClassFinder - Could not load class META-INF.versions.9.com.sun.xml.bind.v2.runtime.reflect.opt.OptimizedAccessorFactory
16:29:32.200 [main] DEBUG net.thucydides.core.reflection.ClassFinder - Could not load class META-INF.versions.9.com.sun.xml.bind.v2.runtime.reflect.opt.OptimizedTransducedAccessorFactory
16:29:32.200 [main] DEBUG net.thucydides.core.reflection.ClassFinder - Could not load class META-INF.versions.9.io.opentelemetry.sdk.internal.CurrentJavaVersionSpecific
16:29:32.200 [main] DEBUG net.thucydides.core.reflection.ClassFinder - Could not load class META-INF.versions.9.io.opentelemetry.sdk.internal.Java9VersionSpecific
16:29:32.200 [main] DEBUG net.thucydides.core.reflection.ClassFinder - Could not load class META-INF.versions.9.javax.xml.bind.ModuleUtil
16:29:32.200 [main] DEBUG net.thucydides.core.reflection.ClassFinder - Could not load class META-INF.versions.9.module-info
16:29:32.200 [main] DEBUG net.thucydides.core.reflection.ClassFinder - Could not load class META-INF.versions.9.org.codehaus.plexus.languages.java.jpms.BinaryModuleInfoParser
16:29:32.210 [main] DEBUG net.thucydides.core.reflection.ClassFinder - Could not load class META-INF.versions.9.org.codehaus.plexus.languages.java.jpms.CmdModuleNameExtractor
16:29:32.210 [main] DEBUG net.thucydides.core.reflection.ClassFinder - Could not load class META-INF.versions.9.org.junit.platform.commons.util.ModuleUtils
16:29:33.389 [main] DEBUG net.thucydides.core.reflection.ClassFinder - Could not load class com.google.gson.internal.
16:29:34.088 [main] DEBUG net.thucydides.core.reflection.ClassFinder - Could not load class com.sun.xml.bind.v2.runtime.output.FastInfosetStreamWriterOutput
16:29:36.070 [main] DEBUG net.thucydides.core.reflection.ClassFinder - Could not load class module-info
16:29:58.300 [main] DEBUG io.netty.util.internal.logging.InternalLoggerFactory - Using SLF4J as the default logging framework
16:29:58.324 [main] DEBUG io.netty.util.ResourceLeakDetector - -Dio.netty.leakDetection.level: simple
16:29:58.324 [main] DEBUG io.netty.util.ResourceLeakDetector - -Dio.netty.leakDetection.targetRecords: 4
16:29:58.356 [main] DEBUG io.netty.util.ResourceLeakDetectorFactory - Loaded default ResourceLeakDetector: io.netty.util.ResourceLeakDetector@502aa66a
16:29:58.764 [main] DEBUG io.netty.util.internal.PlatformDependent0 - -Dio.netty.noUnsafe: false
16:29:58.764 [main] DEBUG io.netty.util.internal.PlatformDependent0 - Java version: 11
16:29:58.772 [main] DEBUG io.netty.util.internal.PlatformDependent0 - sun.misc.Unsafe.theUnsafe: available
16:29:58.772 [main] DEBUG io.netty.util.internal.PlatformDependent0 - sun.misc.Unsafe.copyMemory: available
16:29:58.772 [main] DEBUG io.netty.util.internal.PlatformDependent0 - java.nio.Buffer.address: available
16:29:58.780 [main] DEBUG io.netty.util.internal.PlatformDependent0 - direct buffer constructor: unavailable: Reflective setAccessible(true) disabled
16:29:58.780 [main] DEBUG io.netty.util.internal.PlatformDependent0 - java.nio.Bits.unaligned: available, true
16:29:58.788 [main] DEBUG io.netty.util.internal.PlatformDependent0 - jdk.internal.misc.Unsafe.allocateUninitializedArray(int): unavailable: class io.netty.util.internal.PlatformDependent0$6 cannot access class jdk.internal.misc.Unsafe (in module java.base) because module java.base does not export jdk.internal.misc to unnamed module @436390f4
16:29:58.796 [main] DEBUG io.netty.util.internal.PlatformDependent0 - java.nio.DirectByteBuffer.<init>(long, int): unavailable
16:29:58.796 [main] DEBUG io.netty.util.internal.PlatformDependent - sun.misc.Unsafe: available
16:29:58.804 [main] DEBUG io.netty.util.internal.PlatformDependent - maxDirectMemory: 2933915648 bytes (maybe)
16:29:58.804 [main] DEBUG io.netty.util.internal.PlatformDependent - -Dio.netty.tmpdir: C:\Users\ASUS\AppData\Local\Temp (java.io.tmpdir)
16:29:58.804 [main] DEBUG io.netty.util.internal.PlatformDependent - -Dio.netty.bitMode: 64 (sun.arch.data.model)
16:29:58.804 [main] DEBUG io.netty.util.internal.PlatformDependent - Platform: Windows
16:29:58.804 [main] DEBUG io.netty.util.internal.PlatformDependent - -Dio.netty.maxDirectMemory: -1 bytes
16:29:58.804 [main] DEBUG io.netty.util.internal.PlatformDependent - -Dio.netty.uninitializedArrayAllocationThreshold: -1
16:29:58.831 [main] DEBUG io.netty.util.internal.CleanerJava9 - java.nio.ByteBuffer.cleaner(): available
16:29:58.832 [main] DEBUG io.netty.util.internal.PlatformDependent - -Dio.netty.noPreferDirect: false
16:29:58.889 [main] DEBUG io.netty.util.internal.PlatformDependent - org.jctools-core.MpscChunkedArrayQueue: available
16:29:59.023 [main] DEBUG io.netty.util.internal.InternalThreadLocalMap - -Dio.netty.threadLocalMap.stringBuilder.initialSize: 1024
16:29:59.029 [main] DEBUG io.netty.util.internal.InternalThreadLocalMap - -Dio.netty.threadLocalMap.stringBuilder.maxSize: 4096
16:29:59.219 [main] DEBUG io.netty.handler.ssl.JdkSslContext - Default protocols (JDK): [TLSv1.3, TLSv1.2] 
16:29:59.220 [main] DEBUG io.netty.handler.ssl.JdkSslContext - Default cipher suites (JDK): [TLS_ECDHE_ECDSA_WITH_AES_256_GCM_SHA384, TLS_ECDHE_ECDSA_WITH_AES_128_GCM_SHA256, TLS_ECDHE_RSA_WITH_AES_128_GCM_SHA256, TLS_ECDHE_RSA_WITH_AES_256_GCM_SHA384, TLS_ECDHE_RSA_WITH_AES_128_CBC_SHA, TLS_ECDHE_RSA_WITH_AES_256_CBC_SHA, TLS_RSA_WITH_AES_128_GCM_SHA256, TLS_RSA_WITH_AES_128_CBC_SHA, TLS_RSA_WITH_AES_256_CBC_SHA, TLS_AES_128_GCM_SHA256, TLS_AES_256_GCM_SHA384]
16:29:59.491 [main] DEBUG io.netty.channel.MultithreadEventLoopGroup - -Dio.netty.eventLoopThreads: 8
16:29:59.544 [main] DEBUG io.netty.channel.nio.NioEventLoop - -Dio.netty.noKeySetOptimization: false
16:29:59.544 [main] DEBUG io.netty.channel.nio.NioEventLoop - -Dio.netty.selectorAutoRebuildThreshold: 512
16:29:59.742 [main] DEBUG io.netty.buffer.PooledByteBufAllocator - -Dio.netty.allocator.numHeapArenas: 8
16:29:59.742 [main] DEBUG io.netty.buffer.PooledByteBufAllocator - -Dio.netty.allocator.numDirectArenas: 8
16:29:59.742 [main] DEBUG io.netty.buffer.PooledByteBufAllocator - -Dio.netty.allocator.pageSize: 8192
16:29:59.747 [main] DEBUG io.netty.buffer.PooledByteBufAllocator - -Dio.netty.allocator.maxOrder: 11
16:29:59.747 [main] DEBUG io.netty.buffer.PooledByteBufAllocator - -Dio.netty.allocator.chunkSize: 16777216
16:29:59.747 [main] DEBUG io.netty.buffer.PooledByteBufAllocator - -Dio.netty.allocator.smallCacheSize: 256
16:29:59.748 [main] DEBUG io.netty.buffer.PooledByteBufAllocator - -Dio.netty.allocator.normalCacheSize: 64
16:29:59.748 [main] DEBUG io.netty.buffer.PooledByteBufAllocator - -Dio.netty.allocator.maxCachedBufferCapacity: 32768
16:29:59.748 [main] DEBUG io.netty.buffer.PooledByteBufAllocator - -Dio.netty.allocator.cacheTrimInterval: 8192
16:29:59.748 [main] DEBUG io.netty.buffer.PooledByteBufAllocator - -Dio.netty.allocator.cacheTrimIntervalMillis: 0
16:29:59.748 [main] DEBUG io.netty.buffer.PooledByteBufAllocator - -Dio.netty.allocator.useCacheForAllThreads: true
16:29:59.749 [main] DEBUG io.netty.buffer.PooledByteBufAllocator - -Dio.netty.allocator.maxCachedByteBuffersPerChunk: 1023
16:29:59.802 [main] DEBUG io.netty.buffer.ByteBufUtil - -Dio.netty.allocator.type: pooled
16:29:59.802 [main] DEBUG io.netty.buffer.ByteBufUtil - -Dio.netty.threadLocalDirectBufferSize: 0
16:29:59.802 [main] DEBUG io.netty.buffer.ByteBufUtil - -Dio.netty.maxThreadLocalCharBufferSize: 16384
16:30:01.114 [main] DEBUG net.serenitybdd.core.webdriver.driverproviders.ProvideNewDriver - Instantiating driver
16:30:01.114 [main] DEBUG net.serenitybdd.core.webdriver.driverproviders.ProvideNewDriver - Driver capabilities: Capabilities {acceptInsecureCerts: false, base.url: https://fanciful-trifle-360..., browserName: chrome, chorme.driver: src/test/resources/webdrive..., driver: chrome, goog:chromeOptions: {args: [], extensions: []}}
16:30:04.432 [Forwarding newSession on session null to remote] DEBUG io.netty.channel.DefaultChannelId - -Dio.netty.processId: 10312 (auto-detected)
16:30:04.443 [Forwarding newSession on session null to remote] DEBUG io.netty.util.NetUtil - -Djava.net.preferIPv4Stack: false
16:30:04.443 [Forwarding newSession on session null to remote] DEBUG io.netty.util.NetUtil - -Djava.net.preferIPv6Addresses: false
16:30:05.456 [Forwarding newSession on session null to remote] DEBUG io.netty.util.NetUtilInitializations - Loopback interface: lo (Software Loopback Interface 1, 127.0.0.1)
16:30:05.460 [Forwarding newSession on session null to remote] DEBUG io.netty.util.NetUtil - Failed to get SOMAXCONN from sysctl and file \proc\sys\net\core\somaxconn. Default: 200
16:30:06.596 [Forwarding newSession on session null to remote] DEBUG io.netty.channel.DefaultChannelId - -Dio.netty.machineId: f0:03:8c:ff:fe:6d:32:33 (auto-detected)
16:30:06.836 [AsyncHttpClient-1-2] DEBUG io.netty.buffer.AbstractByteBuf - -Dio.netty.buffer.checkAccessible: true
16:30:06.836 [AsyncHttpClient-1-2] DEBUG io.netty.buffer.AbstractByteBuf - -Dio.netty.buffer.checkBounds: true
16:30:06.836 [AsyncHttpClient-1-2] DEBUG io.netty.util.ResourceLeakDetectorFactory - Loaded default ResourceLeakDetector: io.netty.util.ResourceLeakDetector@1cde1af5
16:30:06.900 [AsyncHttpClient-1-2] DEBUG org.asynchttpclient.netty.channel.NettyConnectListener - Using new Channel '[id: 0x425809db, L:/127.0.0.1:50825 - R:localhost/127.0.0.1:49917]' for 'POST' to '/session'
16:30:07.028 [AsyncHttpClient-1-2] DEBUG io.netty.util.Recycler - -Dio.netty.recycler.maxCapacityPerThread: 4096
16:30:07.028 [AsyncHttpClient-1-2] DEBUG io.netty.util.Recycler - -Dio.netty.recycler.ratio: 8
16:30:07.028 [AsyncHttpClient-1-2] DEBUG io.netty.util.Recycler - -Dio.netty.recycler.chunkSize: 32
16:30:07.028 [AsyncHttpClient-1-2] DEBUG io.netty.util.Recycler - -Dio.netty.recycler.blocking: false
16:30:11.745 [AsyncHttpClient-1-2] DEBUG io.netty.handler.codec.compression.Brotli - brotli4j not in the classpath; Brotli support will be unavailable.
16:30:11.745 [AsyncHttpClient-1-2] DEBUG org.asynchttpclient.netty.handler.HttpHandler - 

Request DefaultHttpRequest(decodeResult: success, version: HTTP/1.1)
POST /session HTTP/1.1
User-Agent: selenium/4.1.2 (java windows)
Content-Length: 629
Content-Type: application/json; charset=utf-8
host: localhost:49917
accept: */*

Response DefaultHttpResponse(decodeResult: success, version: HTTP/1.1)
HTTP/1.1 200 OK
Content-Type: application/json; charset=utf-8
cache-control: no-cache
content-length: 788

16:30:11.785 [AsyncHttpClient-1-2] DEBUG org.asynchttpclient.netty.channel.ChannelManager - Adding key: http://localhost:49917 for channel [id: 0x425809db, L:/127.0.0.1:50825 - R:localhost/127.0.0.1:49917]
16:30:12.121 [AsyncHttpClient-1-3] DEBUG org.asynchttpclient.netty.channel.NettyConnectListener - Using new Channel '[id: 0x00b6dbc4, L:/127.0.0.1:50838 - R:localhost/127.0.0.1:50828]' for 'GET' to '/json/version'
16:30:12.160 [AsyncHttpClient-1-3] DEBUG org.asynchttpclient.netty.handler.HttpHandler - 

Request DefaultFullHttpRequest(decodeResult: success, version: HTTP/1.1, content: EmptyByteBufBE)
GET /json/version HTTP/1.1
User-Agent: selenium/4.1.2 (java windows)
host: localhost:50828
accept: */*

Response DefaultHttpResponse(decodeResult: success, version: HTTP/1.1)
HTTP/1.1 200 OK
Content-Type: application/json; charset=UTF-8
content-length: 429

16:30:12.160 [AsyncHttpClient-1-3] DEBUG org.asynchttpclient.netty.channel.ChannelManager - Adding key: http://localhost:50828 for channel [id: 0x00b6dbc4, L:/127.0.0.1:50838 - R:localhost/127.0.0.1:50828]
16:30:12.189 [main] DEBUG io.netty.util.internal.ThreadLocalRandom - -Dio.netty.initialSeedUniquifier: 0xaa3a4a13edf4c46d
16:30:12.200 [AsyncHttpClient-1-4] DEBUG org.asynchttpclient.netty.channel.NettyConnectListener - Using new Channel '[id: 0x3e7a50aa, L:/127.0.0.1:50839 - R:localhost/127.0.0.1:50828]' for 'GET' to '/devtools/browser/3f479753-7ff7-4160-9d1f-51dc1ecad790'
16:30:12.228 [AsyncHttpClient-1-4] DEBUG org.asynchttpclient.netty.handler.WebSocketHandler - 

Request DefaultFullHttpRequest(decodeResult: success, version: HTTP/1.1, content: EmptyByteBufBE)
GET /devtools/browser/3f479753-7ff7-4160-9d1f-51dc1ecad790 HTTP/1.1
upgrade: websocket
connection: upgrade
sec-websocket-key: fASmoa3eD5ZD30C3TMtuCQ==
sec-websocket-version: 13
origin: http://localhost:50828
host: localhost:50828
accept: */*
user-agent: AHC/2.1

Response DefaultHttpResponse(decodeResult: success, version: HTTP/1.1)
HTTP/1.1 101 WebSocket Protocol Handshake
Upgrade: WebSocket
Connection: Upgrade
Sec-WebSocket-Accept: 7N4qY1F6OgCEdfSckAwdBOn5kf4=

16:30:12.478 [AsyncHttpClient-1-1] DEBUG org.asynchttpclient.netty.channel.DefaultChannelPool - Entry count for : http://localhost:49917 : 1
16:30:12.478 [AsyncHttpClient-1-1] DEBUG org.asynchttpclient.netty.channel.DefaultChannelPool - Entry count for : http://localhost:50828 : 1
16:30:13.541 [AsyncHttpClient-1-1] DEBUG org.asynchttpclient.netty.channel.DefaultChannelPool - Entry count for : http://localhost:49917 : 1
16:30:13.541 [AsyncHttpClient-1-1] DEBUG org.asynchttpclient.netty.channel.DefaultChannelPool - Entry count for : http://localhost:50828 : 1
16:30:14.643 [AsyncHttpClient-1-1] DEBUG org.asynchttpclient.netty.channel.DefaultChannelPool - Entry count for : http://localhost:49917 : 1
16:30:14.643 [AsyncHttpClient-1-1] DEBUG org.asynchttpclient.netty.channel.DefaultChannelPool - Entry count for : http://localhost:50828 : 1
16:30:15.844 [AsyncHttpClient-1-1] DEBUG org.asynchttpclient.netty.channel.DefaultChannelPool - Entry count for : http://localhost:49917 : 1
16:30:15.844 [AsyncHttpClient-1-1] DEBUG org.asynchttpclient.netty.channel.DefaultChannelPool - Entry count for : http://localhost:50828 : 1
16:30:17.018 [AsyncHttpClient-1-1] DEBUG org.asynchttpclient.netty.channel.DefaultChannelPool - Entry count for : http://localhost:49917 : 1
16:30:17.020 [AsyncHttpClient-1-1] DEBUG org.asynchttpclient.netty.channel.DefaultChannelPool - Entry count for : http://localhost:50828 : 1
16:30:17.359 [main] DEBUG net.thucydides.core.reflection.ClassFinder - Could not load class .CucumberTestSuite
16:30:17.359 [main] DEBUG net.thucydides.core.reflection.ClassFinder - Could not load class .starter.pages.ArsipJadwalPage
16:30:17.359 [main] DEBUG net.thucydides.core.reflection.ClassFinder - Could not load class .starter.pages.DashboardPage
16:30:17.361 [main] DEBUG net.thucydides.core.reflection.ClassFinder - Could not load class .starter.pages.DokterDataPage
16:30:17.361 [main] DEBUG net.thucydides.core.reflection.ClassFinder - Could not load class .starter.pages.KelolaJadwalPage
16:30:17.361 [main] DEBUG net.thucydides.core.reflection.ClassFinder - Could not load class .starter.pages.LoginPage
16:30:17.361 [main] DEBUG net.thucydides.core.reflection.ClassFinder - Could not load class .starter.pages.PatientDataPage
16:30:17.361 [main] DEBUG net.thucydides.core.reflection.ClassFinder - Could not load class .starter.stepdefinitios.ArsipJadwalSteps
16:30:17.361 [main] DEBUG net.thucydides.core.reflection.ClassFinder - Could not load class .starter.stepdefinitios.DokterDataSteps
16:30:17.361 [main] DEBUG net.thucydides.core.reflection.ClassFinder - Could not load class .starter.stepdefinitios.KelolaJadwalSteps
16:30:17.361 [main] DEBUG net.thucydides.core.reflection.ClassFinder - Could not load class .starter.stepdefinitios.LoginSteps
16:30:17.361 [main] DEBUG net.thucydides.core.reflection.ClassFinder - Could not load class .starter.stepdefinitios.PatientDataSteps
16:30:17.389 [main] DEBUG net.thucydides.core.reflection.ClassFinder - Could not load class META-INF.versions.9.com.sun.istack.logging.StackHelper
16:30:17.392 [main] DEBUG net.thucydides.core.reflection.ClassFinder - Could not load class META-INF.versions.9.com.sun.xml.bind.v2.runtime.reflect.opt.AccessorInjector
16:30:17.401 [main] DEBUG net.thucydides.core.reflection.ClassFinder - Could not load class META-INF.versions.9.com.sun.xml.bind.v2.runtime.reflect.opt.Injector
16:30:17.401 [main] DEBUG net.thucydides.core.reflection.ClassFinder - Could not load class META-INF.versions.9.com.sun.xml.bind.v2.runtime.reflect.opt.OptimizedAccessorFactory
16:30:17.412 [main] DEBUG net.thucydides.core.reflection.ClassFinder - Could not load class META-INF.versions.9.com.sun.xml.bind.v2.runtime.reflect.opt.OptimizedTransducedAccessorFactory
16:30:17.412 [main] DEBUG net.thucydides.core.reflection.ClassFinder - Could not load class META-INF.versions.9.io.opentelemetry.sdk.internal.CurrentJavaVersionSpecific
16:30:17.422 [main] DEBUG net.thucydides.core.reflection.ClassFinder - Could not load class META-INF.versions.9.io.opentelemetry.sdk.internal.Java9VersionSpecific
16:30:17.431 [main] DEBUG net.thucydides.core.reflection.ClassFinder - Could not load class META-INF.versions.9.javax.xml.bind.ModuleUtil
16:30:17.473 [main] DEBUG net.thucydides.core.reflection.ClassFinder - Could not load class META-INF.versions.9.module-info
16:30:17.479 [main] DEBUG net.thucydides.core.reflection.ClassFinder - Could not load class META-INF.versions.9.org.codehaus.plexus.languages.java.jpms.BinaryModuleInfoParser
16:30:17.483 [main] DEBUG net.thucydides.core.reflection.ClassFinder - Could not load class META-INF.versions.9.org.codehaus.plexus.languages.java.jpms.CmdModuleNameExtractor
16:30:17.483 [main] DEBUG net.thucydides.core.reflection.ClassFinder - Could not load class META-INF.versions.9.org.junit.platform.commons.util.ModuleUtils
16:30:17.513 [main] DEBUG net.thucydides.core.reflection.ClassFinder - Could not load class com.google.gson.internal.
16:30:17.532 [main] DEBUG net.thucydides.core.reflection.ClassFinder - Could not load class com.sun.xml.bind.v2.runtime.output.FastInfosetStreamWriterOutput
16:30:17.611 [main] DEBUG net.thucydides.core.reflection.ClassFinder - Could not load class module-info
16:30:18.721 [AsyncHttpClient-1-1] DEBUG org.asynchttpclient.netty.channel.DefaultChannelPool - Entry count for : http://localhost:49917 : 1
16:30:18.721 [AsyncHttpClient-1-1] DEBUG org.asynchttpclient.netty.channel.DefaultChannelPool - Entry count for : http://localhost:50828 : 1
16:30:18.917 [Forwarding get on session 210b0027b4538a4be99e7dcae444676e to remote] DEBUG org.asynchttpclient.netty.request.NettyRequestSender - Using pooled Channel '[id: 0x425809db, L:/127.0.0.1:50825 - R:localhost/127.0.0.1:49917]' for 'POST' to 'http://localhost:49917/session/210b0027b4538a4be99e7dcae444676e/url'
16:30:18.918 [Forwarding get on session 210b0027b4538a4be99e7dcae444676e to remote] DEBUG org.asynchttpclient.netty.request.NettyRequestSender - Using open Channel [id: 0x425809db, L:/127.0.0.1:50825 - R:localhost/127.0.0.1:49917] for POST '/session/210b0027b4538a4be99e7dcae444676e/url'
16:30:19.786 [AsyncHttpClient-1-1] DEBUG org.asynchttpclient.netty.channel.DefaultChannelPool - Entry count for : http://localhost:50828 : 1
16:30:20.844 [AsyncHttpClient-1-1] DEBUG org.asynchttpclient.netty.channel.DefaultChannelPool - Entry count for : http://localhost:50828 : 1
16:30:22.013 [AsyncHttpClient-1-1] DEBUG org.asynchttpclient.netty.channel.DefaultChannelPool - Entry count for : http://localhost:50828 : 1
16:30:23.095 [AsyncHttpClient-1-1] DEBUG org.asynchttpclient.netty.channel.DefaultChannelPool - Entry count for : http://localhost:50828 : 1
16:30:24.148 [AsyncHttpClient-1-1] DEBUG org.asynchttpclient.netty.channel.DefaultChannelPool - Entry count for : http://localhost:50828 : 1
16:30:25.474 [AsyncHttpClient-1-1] DEBUG org.asynchttpclient.netty.channel.DefaultChannelPool - Entry count for : http://localhost:50828 : 1
16:30:26.422 [AsyncHttpClient-1-2] DEBUG org.asynchttpclient.netty.handler.HttpHandler - 

Request DefaultHttpRequest(decodeResult: success, version: HTTP/1.1)
POST /session/210b0027b4538a4be99e7dcae444676e/url HTTP/1.1
User-Agent: selenium/4.1.2 (java windows)
Content-Length: 86
Content-Type: application/json; charset=utf-8
host: localhost:49917
accept: */*

Response DefaultHttpResponse(decodeResult: success, version: HTTP/1.1)
HTTP/1.1 200 OK
Content-Type: application/json; charset=utf-8
cache-control: no-cache
content-length: 14

16:30:26.422 [AsyncHttpClient-1-2] DEBUG org.asynchttpclient.netty.channel.ChannelManager - Adding key: http://localhost:49917 for channel [id: 0x425809db, L:/127.0.0.1:50825 - R:localhost/127.0.0.1:49917]
16:30:26.556 [Forwarding setTimeout on session 210b0027b4538a4be99e7dcae444676e to remote] DEBUG org.asynchttpclient.netty.request.NettyRequestSender - Using pooled Channel '[id: 0x425809db, L:/127.0.0.1:50825 - R:localhost/127.0.0.1:49917]' for 'POST' to 'http://localhost:49917/session/210b0027b4538a4be99e7dcae444676e/timeouts'
16:30:26.556 [Forwarding setTimeout on session 210b0027b4538a4be99e7dcae444676e to remote] DEBUG org.asynchttpclient.netty.request.NettyRequestSender - Using open Channel [id: 0x425809db, L:/127.0.0.1:50825 - R:localhost/127.0.0.1:49917] for POST '/session/210b0027b4538a4be99e7dcae444676e/timeouts'
16:30:26.599 [AsyncHttpClient-1-1] DEBUG org.asynchttpclient.netty.channel.DefaultChannelPool - Entry count for : http://localhost:50828 : 1
16:30:26.659 [AsyncHttpClient-1-2] DEBUG org.asynchttpclient.netty.handler.HttpHandler - 

Request DefaultHttpRequest(decodeResult: success, version: HTTP/1.1)
POST /session/210b0027b4538a4be99e7dcae444676e/timeouts HTTP/1.1
User-Agent: selenium/4.1.2 (java windows)
Content-Length: 22
Content-Type: application/json; charset=utf-8
host: localhost:49917
accept: */*

Response DefaultHttpResponse(decodeResult: success, version: HTTP/1.1)
HTTP/1.1 200 OK
Content-Type: application/json; charset=utf-8
cache-control: no-cache
content-length: 14

16:30:26.663 [AsyncHttpClient-1-2] DEBUG org.asynchttpclient.netty.channel.ChannelManager - Adding key: http://localhost:49917 for channel [id: 0x425809db, L:/127.0.0.1:50825 - R:localhost/127.0.0.1:49917]
16:30:26.701 [Forwarding getCurrentUrl on session 210b0027b4538a4be99e7dcae444676e to remote] DEBUG org.asynchttpclient.netty.request.NettyRequestSender - Using pooled Channel '[id: 0x425809db, L:/127.0.0.1:50825 - R:localhost/127.0.0.1:49917]' for 'GET' to 'http://localhost:49917/session/210b0027b4538a4be99e7dcae444676e/url'
16:30:26.709 [Forwarding getCurrentUrl on session 210b0027b4538a4be99e7dcae444676e to remote] DEBUG org.asynchttpclient.netty.request.NettyRequestSender - Using open Channel [id: 0x425809db, L:/127.0.0.1:50825 - R:localhost/127.0.0.1:49917] for GET '/session/210b0027b4538a4be99e7dcae444676e/url'
16:30:27.036 [AsyncHttpClient-1-2] DEBUG org.asynchttpclient.netty.handler.HttpHandler - 

Request DefaultFullHttpRequest(decodeResult: success, version: HTTP/1.1, content: EmptyByteBufBE)
GET /session/210b0027b4538a4be99e7dcae444676e/url HTTP/1.1
User-Agent: selenium/4.1.2 (java windows)
Cache-Control: no-cache
Content-Type: application/json; charset=utf-8
host: localhost:49917
accept: */*

Response DefaultHttpResponse(decodeResult: success, version: HTTP/1.1)
HTTP/1.1 200 OK
Content-Type: application/json; charset=utf-8
cache-control: no-cache
content-length: 68

16:30:27.039 [AsyncHttpClient-1-2] DEBUG org.asynchttpclient.netty.channel.ChannelManager - Adding key: http://localhost:49917 for channel [id: 0x425809db, L:/127.0.0.1:50825 - R:localhost/127.0.0.1:49917]
16:30:27.534 [main] DEBUG net.serenitybdd.core.photography.Darkroom - Opening darkroom
16:30:27.552 [Forwarding screenshot on session 210b0027b4538a4be99e7dcae444676e to remote] DEBUG org.asynchttpclient.netty.request.NettyRequestSender - Using pooled Channel '[id: 0x425809db, L:/127.0.0.1:50825 - R:localhost/127.0.0.1:49917]' for 'GET' to 'http://localhost:49917/session/210b0027b4538a4be99e7dcae444676e/screenshot'
16:30:27.554 [Forwarding screenshot on session 210b0027b4538a4be99e7dcae444676e to remote] DEBUG org.asynchttpclient.netty.request.NettyRequestSender - Using open Channel [id: 0x425809db, L:/127.0.0.1:50825 - R:localhost/127.0.0.1:49917] for GET '/session/210b0027b4538a4be99e7dcae444676e/screenshot'
16:30:27.565 [Darkroom Processing Line] DEBUG net.serenitybdd.core.photography.DarkroomProcessingLine - Darkroom processing line starting up
16:30:27.656 [AsyncHttpClient-1-1] DEBUG org.asynchttpclient.netty.channel.DefaultChannelPool - Entry count for : http://localhost:50828 : 1
16:30:28.155 [AsyncHttpClient-1-2] DEBUG org.asynchttpclient.netty.handler.HttpHandler - 

Request DefaultFullHttpRequest(decodeResult: success, version: HTTP/1.1, content: EmptyByteBufBE)
GET /session/210b0027b4538a4be99e7dcae444676e/screenshot HTTP/1.1
User-Agent: selenium/4.1.2 (java windows)
Cache-Control: no-cache
Content-Type: application/json; charset=utf-8
host: localhost:49917
accept: */*

Response DefaultHttpResponse(decodeResult: success, version: HTTP/1.1)
HTTP/1.1 200 OK
Content-Type: application/json; charset=utf-8
cache-control: no-cache
content-length: 63852

16:30:28.169 [AsyncHttpClient-1-2] DEBUG org.asynchttpclient.netty.channel.ChannelManager - Adding key: http://localhost:49917 for channel [id: 0x425809db, L:/127.0.0.1:50825 - R:localhost/127.0.0.1:49917]
16:30:28.765 [AsyncHttpClient-1-1] DEBUG org.asynchttpclient.netty.channel.DefaultChannelPool - Entry count for : http://localhost:49917 : 1
16:30:28.765 [AsyncHttpClient-1-1] DEBUG org.asynchttpclient.netty.channel.DefaultChannelPool - Entry count for : http://localhost:50828 : 1
16:30:29.111 [main] DEBUG net.serenitybdd.core.photography.Darkroom - Send negative for processing for target\site\serenity\4b4d52303de5bc8432cc997710f18014a7cf8b38aa1398c92010be89ef973807.png
16:30:29.170 [Darkroom Processing Line] DEBUG net.serenitybdd.core.photography.DarkroomProcessingLine - Processing screenshot image in /var/screenshots/screenshot-5308044814271886743
16:30:29.174 [Darkroom Processing Line] DEBUG net.serenitybdd.core.photography.DarkroomProcessingLine - Saving screenshot to target\site\serenity\4b4d52303de5bc8432cc997710f18014a7cf8b38aa1398c92010be89ef973807.png
16:30:29.379 [main] DEBUG net.thucydides.core.steps.StepInterceptor - STEP DONE: openKelolaJadwal
  &amp#27;[32mGiven &amp#27;[0m&amp#27;[32mOpen page Kelola Jadwal&amp#27;[0m                                        &amp#27;[90m# starter.stepdefinitios.KelolaJadwalSteps.openPageKelolaJadwal()&amp#27;[0m
16:30:29.902 [AsyncHttpClient-1-1] DEBUG org.asynchttpclient.netty.channel.DefaultChannelPool - Entry count for : http://localhost:49917 : 1
16:30:29.963 [AsyncHttpClient-1-1] DEBUG org.asynchttpclient.netty.channel.DefaultChannelPool - Entry count for : http://localhost:50828 : 1
16:30:30.023 [Forwarding screenshot on session 210b0027b4538a4be99e7dcae444676e to remote] DEBUG org.asynchttpclient.netty.request.NettyRequestSender - Using pooled Channel '[id: 0x425809db, L:/127.0.0.1:50825 - R:localhost/127.0.0.1:49917]' for 'GET' to 'http://localhost:49917/session/210b0027b4538a4be99e7dcae444676e/screenshot'
16:30:30.096 [Forwarding screenshot on session 210b0027b4538a4be99e7dcae444676e to remote] DEBUG org.asynchttpclient.netty.request.NettyRequestSender - Using open Channel [id: 0x425809db, L:/127.0.0.1:50825 - R:localhost/127.0.0.1:49917] for GET '/session/210b0027b4538a4be99e7dcae444676e/screenshot'
16:30:30.999 [AsyncHttpClient-1-2] DEBUG org.asynchttpclient.netty.handler.HttpHandler - 

Request DefaultFullHttpRequest(decodeResult: success, version: HTTP/1.1, content: EmptyByteBufBE)
GET /session/210b0027b4538a4be99e7dcae444676e/screenshot HTTP/1.1
User-Agent: selenium/4.1.2 (java windows)
Cache-Control: no-cache
Content-Type: application/json; charset=utf-8
host: localhost:49917
accept: */*

Response DefaultHttpResponse(decodeResult: success, version: HTTP/1.1)
HTTP/1.1 200 OK
Content-Type: application/json; charset=utf-8
cache-control: no-cache
content-length: 63852

16:30:31.003 [AsyncHttpClient-1-2] DEBUG org.asynchttpclient.netty.channel.ChannelManager - Adding key: http://localhost:49917 for channel [id: 0x425809db, L:/127.0.0.1:50825 - R:localhost/127.0.0.1:49917]
16:30:31.044 [main] DEBUG net.serenitybdd.core.photography.Darkroom - Send negative for processing for target\site\serenity\4b4d52303de5bc8432cc997710f18014a7cf8b38aa1398c92010be89ef973807.png
16:30:31.135 [AsyncHttpClient-1-1] DEBUG org.asynchttpclient.netty.channel.DefaultChannelPool - Entry count for : http://localhost:49917 : 1
16:30:31.135 [AsyncHttpClient-1-1] DEBUG org.asynchttpclient.netty.channel.DefaultChannelPool - Entry count for : http://localhost:50828 : 1
16:30:31.287 [Forwarding screenshot on session 210b0027b4538a4be99e7dcae444676e to remote] DEBUG org.asynchttpclient.netty.request.NettyRequestSender - Using pooled Channel '[id: 0x425809db, L:/127.0.0.1:50825 - R:localhost/127.0.0.1:49917]' for 'GET' to 'http://localhost:49917/session/210b0027b4538a4be99e7dcae444676e/screenshot'
16:30:31.289 [Forwarding screenshot on session 210b0027b4538a4be99e7dcae444676e to remote] DEBUG org.asynchttpclient.netty.request.NettyRequestSender - Using open Channel [id: 0x425809db, L:/127.0.0.1:50825 - R:localhost/127.0.0.1:49917] for GET '/session/210b0027b4538a4be99e7dcae444676e/screenshot'
16:30:31.652 [AsyncHttpClient-1-2] DEBUG org.asynchttpclient.netty.handler.HttpHandler - 

Request DefaultFullHttpRequest(decodeResult: success, version: HTTP/1.1, content: EmptyByteBufBE)
GET /session/210b0027b4538a4be99e7dcae444676e/screenshot HTTP/1.1
User-Agent: selenium/4.1.2 (java windows)
Cache-Control: no-cache
Content-Type: application/json; charset=utf-8
host: localhost:49917
accept: */*

Response DefaultHttpResponse(decodeResult: success, version: HTTP/1.1)
HTTP/1.1 200 OK
Content-Type: application/json; charset=utf-8
cache-control: no-cache
content-length: 63852

16:30:31.659 [AsyncHttpClient-1-2] DEBUG org.asynchttpclient.netty.channel.ChannelManager - Adding key: http://localhost:49917 for channel [id: 0x425809db, L:/127.0.0.1:50825 - R:localhost/127.0.0.1:49917]
16:30:31.671 [main] DEBUG net.serenitybdd.core.photography.Darkroom - Send negative for processing for target\site\serenity\4b4d52303de5bc8432cc997710f18014a7cf8b38aa1398c92010be89ef973807.png
16:30:32.151 [AsyncHttpClient-1-1] DEBUG org.asynchttpclient.netty.channel.DefaultChannelPool - Entry count for : http://localhost:49917 : 1
16:30:32.151 [AsyncHttpClient-1-1] DEBUG org.asynchttpclient.netty.channel.DefaultChannelPool - Entry count for : http://localhost:50828 : 1
16:30:33.627 [AsyncHttpClient-1-1] DEBUG org.asynchttpclient.netty.channel.DefaultChannelPool - Entry count for : http://localhost:49917 : 1
16:30:33.627 [AsyncHttpClient-1-1] DEBUG org.asynchttpclient.netty.channel.DefaultChannelPool - Entry count for : http://localhost:50828 : 1
16:30:34.647 [AsyncHttpClient-1-1] DEBUG org.asynchttpclient.netty.channel.DefaultChannelPool - Entry count for : http://localhost:49917 : 1
16:30:34.647 [AsyncHttpClient-1-1] DEBUG org.asynchttpclient.netty.channel.DefaultChannelPool - Entry count for : http://localhost:50828 : 1
16:30:34.647 [Forwarding screenshot on session 210b0027b4538a4be99e7dcae444676e to remote] DEBUG org.asynchttpclient.netty.request.NettyRequestSender - Using pooled Channel '[id: 0x425809db, L:/127.0.0.1:50825 - R:localhost/127.0.0.1:49917]' for 'GET' to 'http://localhost:49917/session/210b0027b4538a4be99e7dcae444676e/screenshot'
16:30:34.647 [Forwarding screenshot on session 210b0027b4538a4be99e7dcae444676e to remote] DEBUG org.asynchttpclient.netty.request.NettyRequestSender - Using open Channel [id: 0x425809db, L:/127.0.0.1:50825 - R:localhost/127.0.0.1:49917] for GET '/session/210b0027b4538a4be99e7dcae444676e/screenshot'
16:30:35.259 [AsyncHttpClient-1-2] DEBUG org.asynchttpclient.netty.handler.HttpHandler - 

Request DefaultFullHttpRequest(decodeResult: success, version: HTTP/1.1, content: EmptyByteBufBE)
GET /session/210b0027b4538a4be99e7dcae444676e/screenshot HTTP/1.1
User-Agent: selenium/4.1.2 (java windows)
Cache-Control: no-cache
Content-Type: application/json; charset=utf-8
host: localhost:49917
accept: */*

Response DefaultHttpResponse(decodeResult: success, version: HTTP/1.1)
HTTP/1.1 200 OK
Content-Type: application/json; charset=utf-8
cache-control: no-cache
content-length: 63852

16:30:35.261 [AsyncHttpClient-1-2] DEBUG org.asynchttpclient.netty.channel.ChannelManager - Adding key: http://localhost:49917 for channel [id: 0x425809db, L:/127.0.0.1:50825 - R:localhost/127.0.0.1:49917]
16:30:35.283 [main] DEBUG net.serenitybdd.core.photography.Darkroom - Send negative for processing for target\site\serenity\4b4d52303de5bc8432cc997710f18014a7cf8b38aa1398c92010be89ef973807.png
16:30:35.290 [main] DEBUG net.thucydides.core.steps.StepInterceptor - STARTING STEP: PatientDataSteps.clickButtonTambahData - clickButtonTambah
16:30:35.469 [Forwarding findElement on session 210b0027b4538a4be99e7dcae444676e to remote] DEBUG org.asynchttpclient.netty.request.NettyRequestSender - Using pooled Channel '[id: 0x425809db, L:/127.0.0.1:50825 - R:localhost/127.0.0.1:49917]' for 'POST' to 'http://localhost:49917/session/210b0027b4538a4be99e7dcae444676e/element'
16:30:35.473 [Forwarding findElement on session 210b0027b4538a4be99e7dcae444676e to remote] DEBUG org.asynchttpclient.netty.request.NettyRequestSender - Using open Channel [id: 0x425809db, L:/127.0.0.1:50825 - R:localhost/127.0.0.1:49917] for POST '/session/210b0027b4538a4be99e7dcae444676e/element'
16:30:35.633 [AsyncHttpClient-1-2] DEBUG org.asynchttpclient.netty.handler.HttpHandler - 

Request DefaultHttpRequest(decodeResult: success, version: HTTP/1.1)
POST /session/210b0027b4538a4be99e7dcae444676e/element HTTP/1.1
User-Agent: selenium/4.1.2 (java windows)
Content-Length: 68
Content-Type: application/json; charset=utf-8
host: localhost:49917
accept: */*

Response DefaultHttpResponse(decodeResult: success, version: HTTP/1.1)
HTTP/1.1 200 OK
Content-Type: application/json; charset=utf-8
cache-control: no-cache
content-length: 88

16:30:35.633 [AsyncHttpClient-1-2] DEBUG org.asynchttpclient.netty.channel.ChannelManager - Adding key: http://localhost:49917 for channel [id: 0x425809db, L:/127.0.0.1:50825 - R:localhost/127.0.0.1:49917]
16:30:35.672 [Forwarding getElementTagName on session 210b0027b4538a4be99e7dcae444676e to remote] DEBUG org.asynchttpclient.netty.request.NettyRequestSender - Using pooled Channel '[id: 0x425809db, L:/127.0.0.1:50825 - R:localhost/127.0.0.1:49917]' for 'GET' to 'http://localhost:49917/session/210b0027b4538a4be99e7dcae444676e/element/222247a3-9f0b-4230-b30f-087f3c9078de/name'
16:30:35.672 [Forwarding getElementTagName on session 210b0027b4538a4be99e7dcae444676e to remote] DEBUG org.asynchttpclient.netty.request.NettyRequestSender - Using open Channel [id: 0x425809db, L:/127.0.0.1:50825 - R:localhost/127.0.0.1:49917] for GET '/session/210b0027b4538a4be99e7dcae444676e/element/222247a3-9f0b-4230-b30f-087f3c9078de/name'
16:30:35.734 [AsyncHttpClient-1-2] DEBUG org.asynchttpclient.netty.handler.HttpHandler - 

Request DefaultFullHttpRequest(decodeResult: success, version: HTTP/1.1, content: EmptyByteBufBE)
GET /session/210b0027b4538a4be99e7dcae444676e/element/222247a3-9f0b-4230-b30f-087f3c9078de/name HTTP/1.1
User-Agent: selenium/4.1.2 (java windows)
Cache-Control: no-cache
Content-Type: application/json; charset=utf-8
host: localhost:49917
accept: */*

Response DefaultHttpResponse(decodeResult: success, version: HTTP/1.1)
HTTP/1.1 200 OK
Content-Type: application/json; charset=utf-8
cache-control: no-cache
content-length: 18

16:30:35.734 [AsyncHttpClient-1-2] DEBUG org.asynchttpclient.netty.channel.ChannelManager - Adding key: http://localhost:49917 for channel [id: 0x425809db, L:/127.0.0.1:50825 - R:localhost/127.0.0.1:49917]
16:30:35.743 [Forwarding getElementTagName on session 210b0027b4538a4be99e7dcae444676e to remote] DEBUG org.asynchttpclient.netty.request.NettyRequestSender - Using pooled Channel '[id: 0x425809db, L:/127.0.0.1:50825 - R:localhost/127.0.0.1:49917]' for 'GET' to 'http://localhost:49917/session/210b0027b4538a4be99e7dcae444676e/element/222247a3-9f0b-4230-b30f-087f3c9078de/name'
16:30:35.743 [Forwarding getElementTagName on session 210b0027b4538a4be99e7dcae444676e to remote] DEBUG org.asynchttpclient.netty.request.NettyRequestSender - Using open Channel [id: 0x425809db, L:/127.0.0.1:50825 - R:localhost/127.0.0.1:49917] for GET '/session/210b0027b4538a4be99e7dcae444676e/element/222247a3-9f0b-4230-b30f-087f3c9078de/name'
16:30:35.763 [AsyncHttpClient-1-1] DEBUG org.asynchttpclient.netty.channel.DefaultChannelPool - Entry count for : http://localhost:50828 : 1
16:30:35.901 [AsyncHttpClient-1-2] DEBUG org.asynchttpclient.netty.handler.HttpHandler - 

Request DefaultFullHttpRequest(decodeResult: success, version: HTTP/1.1, content: EmptyByteBufBE)
GET /session/210b0027b4538a4be99e7dcae444676e/element/222247a3-9f0b-4230-b30f-087f3c9078de/name HTTP/1.1
User-Agent: selenium/4.1.2 (java windows)
Cache-Control: no-cache
Content-Type: application/json; charset=utf-8
host: localhost:49917
accept: */*

Response DefaultHttpResponse(decodeResult: success, version: HTTP/1.1)
HTTP/1.1 200 OK
Content-Type: application/json; charset=utf-8
cache-control: no-cache
content-length: 18

16:30:35.906 [AsyncHttpClient-1-2] DEBUG org.asynchttpclient.netty.channel.ChannelManager - Adding key: http://localhost:49917 for channel [id: 0x425809db, L:/127.0.0.1:50825 - R:localhost/127.0.0.1:49917]
16:30:35.971 [Forwarding isElementEnabled on session 210b0027b4538a4be99e7dcae444676e to remote] DEBUG org.asynchttpclient.netty.request.NettyRequestSender - Using pooled Channel '[id: 0x425809db, L:/127.0.0.1:50825 - R:localhost/127.0.0.1:49917]' for 'GET' to 'http://localhost:49917/session/210b0027b4538a4be99e7dcae444676e/element/222247a3-9f0b-4230-b30f-087f3c9078de/enabled'
16:30:35.973 [Forwarding isElementEnabled on session 210b0027b4538a4be99e7dcae444676e to remote] DEBUG org.asynchttpclient.netty.request.NettyRequestSender - Using open Channel [id: 0x425809db, L:/127.0.0.1:50825 - R:localhost/127.0.0.1:49917] for GET '/session/210b0027b4538a4be99e7dcae444676e/element/222247a3-9f0b-4230-b30f-087f3c9078de/enabled'
16:30:36.023 [AsyncHttpClient-1-2] DEBUG org.asynchttpclient.netty.handler.HttpHandler - 

Request DefaultFullHttpRequest(decodeResult: success, version: HTTP/1.1, content: EmptyByteBufBE)
GET /session/210b0027b4538a4be99e7dcae444676e/element/222247a3-9f0b-4230-b30f-087f3c9078de/enabled HTTP/1.1
User-Agent: selenium/4.1.2 (java windows)
Cache-Control: no-cache
Content-Type: application/json; charset=utf-8
host: localhost:49917
accept: */*

Response DefaultHttpResponse(decodeResult: success, version: HTTP/1.1)
HTTP/1.1 200 OK
Content-Type: application/json; charset=utf-8
cache-control: no-cache
content-length: 14

16:30:36.023 [AsyncHttpClient-1-2] DEBUG org.asynchttpclient.netty.channel.ChannelManager - Adding key: http://localhost:49917 for channel [id: 0x425809db, L:/127.0.0.1:50825 - R:localhost/127.0.0.1:49917]
16:30:36.033 [Forwarding isElementEnabled on session 210b0027b4538a4be99e7dcae444676e to remote] DEBUG org.asynchttpclient.netty.request.NettyRequestSender - Using pooled Channel '[id: 0x425809db, L:/127.0.0.1:50825 - R:localhost/127.0.0.1:49917]' for 'GET' to 'http://localhost:49917/session/210b0027b4538a4be99e7dcae444676e/element/222247a3-9f0b-4230-b30f-087f3c9078de/enabled'
16:30:36.033 [Forwarding isElementEnabled on session 210b0027b4538a4be99e7dcae444676e to remote] DEBUG org.asynchttpclient.netty.request.NettyRequestSender - Using open Channel [id: 0x425809db, L:/127.0.0.1:50825 - R:localhost/127.0.0.1:49917] for GET '/session/210b0027b4538a4be99e7dcae444676e/element/222247a3-9f0b-4230-b30f-087f3c9078de/enabled'
16:30:36.072 [AsyncHttpClient-1-2] DEBUG org.asynchttpclient.netty.handler.HttpHandler - 

Request DefaultFullHttpRequest(decodeResult: success, version: HTTP/1.1, content: EmptyByteBufBE)
GET /session/210b0027b4538a4be99e7dcae444676e/element/222247a3-9f0b-4230-b30f-087f3c9078de/enabled HTTP/1.1
User-Agent: selenium/4.1.2 (java windows)
Cache-Control: no-cache
Content-Type: application/json; charset=utf-8
host: localhost:49917
accept: */*

Response DefaultHttpResponse(decodeResult: success, version: HTTP/1.1)
HTTP/1.1 200 OK
Content-Type: application/json; charset=utf-8
cache-control: no-cache
content-length: 14

16:30:36.074 [AsyncHttpClient-1-2] DEBUG org.asynchttpclient.netty.channel.ChannelManager - Adding key: http://localhost:49917 for channel [id: 0x425809db, L:/127.0.0.1:50825 - R:localhost/127.0.0.1:49917]
16:30:36.094 [Forwarding findElement on session 210b0027b4538a4be99e7dcae444676e to remote] DEBUG org.asynchttpclient.netty.request.NettyRequestSender - Using pooled Channel '[id: 0x425809db, L:/127.0.0.1:50825 - R:localhost/127.0.0.1:49917]' for 'POST' to 'http://localhost:49917/session/210b0027b4538a4be99e7dcae444676e/element'
16:30:36.094 [Forwarding findElement on session 210b0027b4538a4be99e7dcae444676e to remote] DEBUG org.asynchttpclient.netty.request.NettyRequestSender - Using open Channel [id: 0x425809db, L:/127.0.0.1:50825 - R:localhost/127.0.0.1:49917] for POST '/session/210b0027b4538a4be99e7dcae444676e/element'
16:30:36.161 [AsyncHttpClient-1-2] DEBUG org.asynchttpclient.netty.handler.HttpHandler - 

Request DefaultHttpRequest(decodeResult: success, version: HTTP/1.1)
POST /session/210b0027b4538a4be99e7dcae444676e/element HTTP/1.1
User-Agent: selenium/4.1.2 (java windows)
Content-Length: 68
Content-Type: application/json; charset=utf-8
host: localhost:49917
accept: */*

Response DefaultHttpResponse(decodeResult: success, version: HTTP/1.1)
HTTP/1.1 200 OK
Content-Type: application/json; charset=utf-8
cache-control: no-cache
content-length: 88

16:30:36.161 [AsyncHttpClient-1-2] DEBUG org.asynchttpclient.netty.channel.ChannelManager - Adding key: http://localhost:49917 for channel [id: 0x425809db, L:/127.0.0.1:50825 - R:localhost/127.0.0.1:49917]
16:30:36.179 [Forwarding clickElement on session 210b0027b4538a4be99e7dcae444676e to remote] DEBUG org.asynchttpclient.netty.request.NettyRequestSender - Using pooled Channel '[id: 0x425809db, L:/127.0.0.1:50825 - R:localhost/127.0.0.1:49917]' for 'POST' to 'http://localhost:49917/session/210b0027b4538a4be99e7dcae444676e/element/222247a3-9f0b-4230-b30f-087f3c9078de/click'
16:30:36.179 [Forwarding clickElement on session 210b0027b4538a4be99e7dcae444676e to remote] DEBUG org.asynchttpclient.netty.request.NettyRequestSender - Using open Channel [id: 0x425809db, L:/127.0.0.1:50825 - R:localhost/127.0.0.1:49917] for POST '/session/210b0027b4538a4be99e7dcae444676e/element/222247a3-9f0b-4230-b30f-087f3c9078de/click'
16:30:36.841 [AsyncHttpClient-1-1] DEBUG org.asynchttpclient.netty.channel.DefaultChannelPool - Entry count for : http://localhost:50828 : 1
16:30:37.591 [AsyncHttpClient-1-2] DEBUG org.asynchttpclient.netty.handler.HttpHandler - 

Request DefaultHttpRequest(decodeResult: success, version: HTTP/1.1)
POST /session/210b0027b4538a4be99e7dcae444676e/element/222247a3-9f0b-4230-b30f-087f3c9078de/click HTTP/1.1
User-Agent: selenium/4.1.2 (java windows)
Content-Length: 50
Content-Type: application/json; charset=utf-8
host: localhost:49917
accept: */*

Response DefaultHttpResponse(decodeResult: success, version: HTTP/1.1)
HTTP/1.1 200 OK
Content-Type: application/json; charset=utf-8
cache-control: no-cache
content-length: 14

16:30:37.599 [AsyncHttpClient-1-2] DEBUG org.asynchttpclient.netty.channel.ChannelManager - Adding key: http://localhost:49917 for channel [id: 0x425809db, L:/127.0.0.1:50825 - R:localhost/127.0.0.1:49917]
16:30:38.247 [Forwarding screenshot on session 210b0027b4538a4be99e7dcae444676e to remote] DEBUG org.asynchttpclient.netty.request.NettyRequestSender - Using pooled Channel '[id: 0x425809db, L:/127.0.0.1:50825 - R:localhost/127.0.0.1:49917]' for 'GET' to 'http://localhost:49917/session/210b0027b4538a4be99e7dcae444676e/screenshot'
16:30:38.247 [Forwarding screenshot on session 210b0027b4538a4be99e7dcae444676e to remote] DEBUG org.asynchttpclient.netty.request.NettyRequestSender - Using open Channel [id: 0x425809db, L:/127.0.0.1:50825 - R:localhost/127.0.0.1:49917] for GET '/session/210b0027b4538a4be99e7dcae444676e/screenshot'
16:30:38.311 [AsyncHttpClient-1-1] DEBUG org.asynchttpclient.netty.channel.DefaultChannelPool - Entry count for : http://localhost:50828 : 1
16:30:39.031 [AsyncHttpClient-1-2] DEBUG org.asynchttpclient.netty.handler.HttpHandler - 

Request DefaultFullHttpRequest(decodeResult: success, version: HTTP/1.1, content: EmptyByteBufBE)
GET /session/210b0027b4538a4be99e7dcae444676e/screenshot HTTP/1.1
User-Agent: selenium/4.1.2 (java windows)
Cache-Control: no-cache
Content-Type: application/json; charset=utf-8
host: localhost:49917
accept: */*

Response DefaultHttpResponse(decodeResult: success, version: HTTP/1.1)
HTTP/1.1 200 OK
Content-Type: application/json; charset=utf-8
cache-control: no-cache
content-length: 52112

16:30:39.036 [AsyncHttpClient-1-2] DEBUG org.asynchttpclient.netty.channel.ChannelManager - Adding key: http://localhost:49917 for channel [id: 0x425809db, L:/127.0.0.1:50825 - R:localhost/127.0.0.1:49917]
16:30:39.055 [main] DEBUG net.serenitybdd.core.photography.Darkroom - Send negative for processing for target\site\serenity\efea2ec32f237e1b3396ee60287164c158abd61f8beb0edc858159b016786bee.png
16:30:39.069 [main] DEBUG net.thucydides.core.steps.StepInterceptor - STEP DONE: clickButtonTambah
  &amp#27;[32mWhen &amp#27;[0m&amp#27;[32mClick button tambah data&amp#27;[0m                                        &amp#27;[90m# starter.stepdefinitios.PatientDataSteps.clickButtonTambahData()&amp#27;[0m
16:30:39.069 [Darkroom Processing Line] DEBUG net.serenitybdd.core.photography.DarkroomProcessingLine - Processing screenshot image in /var/screenshots/screenshot-4873541579016625696
16:30:39.069 [Darkroom Processing Line] DEBUG net.serenitybdd.core.photography.DarkroomProcessingLine - Saving screenshot to target\site\serenity\efea2ec32f237e1b3396ee60287164c158abd61f8beb0edc858159b016786bee.png
16:30:39.143 [Forwarding screenshot on session 210b0027b4538a4be99e7dcae444676e to remote] DEBUG org.asynchttpclient.netty.request.NettyRequestSender - Using pooled Channel '[id: 0x425809db, L:/127.0.0.1:50825 - R:localhost/127.0.0.1:49917]' for 'GET' to 'http://localhost:49917/session/210b0027b4538a4be99e7dcae444676e/screenshot'
16:30:39.143 [Forwarding screenshot on session 210b0027b4538a4be99e7dcae444676e to remote] DEBUG org.asynchttpclient.netty.request.NettyRequestSender - Using open Channel [id: 0x425809db, L:/127.0.0.1:50825 - R:localhost/127.0.0.1:49917] for GET '/session/210b0027b4538a4be99e7dcae444676e/screenshot'
16:30:39.471 [AsyncHttpClient-1-1] DEBUG org.asynchttpclient.netty.channel.DefaultChannelPool - Entry count for : http://localhost:50828 : 1
16:30:40.077 [AsyncHttpClient-1-2] DEBUG org.asynchttpclient.netty.handler.HttpHandler - 

Request DefaultFullHttpRequest(decodeResult: success, version: HTTP/1.1, content: EmptyByteBufBE)
GET /session/210b0027b4538a4be99e7dcae444676e/screenshot HTTP/1.1
User-Agent: selenium/4.1.2 (java windows)
Cache-Control: no-cache
Content-Type: application/json; charset=utf-8
host: localhost:49917
accept: */*

Response DefaultHttpResponse(decodeResult: success, version: HTTP/1.1)
HTTP/1.1 200 OK
Content-Type: application/json; charset=utf-8
cache-control: no-cache
content-length: 52112

16:30:40.077 [AsyncHttpClient-1-2] DEBUG org.asynchttpclient.netty.channel.ChannelManager - Adding key: http://localhost:49917 for channel [id: 0x425809db, L:/127.0.0.1:50825 - R:localhost/127.0.0.1:49917]
16:30:40.093 [main] DEBUG net.serenitybdd.core.photography.Darkroom - Send negative for processing for target\site\serenity\efea2ec32f237e1b3396ee60287164c158abd61f8beb0edc858159b016786bee.png
16:30:40.197 [Forwarding screenshot on session 210b0027b4538a4be99e7dcae444676e to remote] DEBUG org.asynchttpclient.netty.request.NettyRequestSender - Using pooled Channel '[id: 0x425809db, L:/127.0.0.1:50825 - R:localhost/127.0.0.1:49917]' for 'GET' to 'http://localhost:49917/session/210b0027b4538a4be99e7dcae444676e/screenshot'
16:30:40.197 [Forwarding screenshot on session 210b0027b4538a4be99e7dcae444676e to remote] DEBUG org.asynchttpclient.netty.request.NettyRequestSender - Using open Channel [id: 0x425809db, L:/127.0.0.1:50825 - R:localhost/127.0.0.1:49917] for GET '/session/210b0027b4538a4be99e7dcae444676e/screenshot'
16:30:40.544 [AsyncHttpClient-1-1] DEBUG org.asynchttpclient.netty.channel.DefaultChannelPool - Entry count for : http://localhost:50828 : 1
16:30:41.220 [AsyncHttpClient-1-2] DEBUG org.asynchttpclient.netty.handler.HttpHandler - 

Request DefaultFullHttpRequest(decodeResult: success, version: HTTP/1.1, content: EmptyByteBufBE)
GET /session/210b0027b4538a4be99e7dcae444676e/screenshot HTTP/1.1
User-Agent: selenium/4.1.2 (java windows)
Cache-Control: no-cache
Content-Type: application/json; charset=utf-8
host: localhost:49917
accept: */*

Response DefaultHttpResponse(decodeResult: success, version: HTTP/1.1)
HTTP/1.1 200 OK
Content-Type: application/json; charset=utf-8
cache-control: no-cache
content-length: 52112

16:30:41.222 [AsyncHttpClient-1-2] DEBUG org.asynchttpclient.netty.channel.ChannelManager - Adding key: http://localhost:49917 for channel [id: 0x425809db, L:/127.0.0.1:50825 - R:localhost/127.0.0.1:49917]
16:30:41.262 [main] DEBUG net.serenitybdd.core.photography.Darkroom - Send negative for processing for target\site\serenity\efea2ec32f237e1b3396ee60287164c158abd61f8beb0edc858159b016786bee.png
16:30:41.262 [main] DEBUG net.thucydides.core.steps.StepInterceptor - STARTING STEP: KelolaJadwalSteps.clickOnTheSelectPatientActionToSelectAPatient - buttonPilihPasien
16:30:41.415 [Forwarding findElement on session 210b0027b4538a4be99e7dcae444676e to remote] DEBUG org.asynchttpclient.netty.request.NettyRequestSender - Using pooled Channel '[id: 0x425809db, L:/127.0.0.1:50825 - R:localhost/127.0.0.1:49917]' for 'POST' to 'http://localhost:49917/session/210b0027b4538a4be99e7dcae444676e/element'
16:30:41.419 [Forwarding findElement on session 210b0027b4538a4be99e7dcae444676e to remote] DEBUG org.asynchttpclient.netty.request.NettyRequestSender - Using open Channel [id: 0x425809db, L:/127.0.0.1:50825 - R:localhost/127.0.0.1:49917] for POST '/session/210b0027b4538a4be99e7dcae444676e/element'
16:30:41.511 [AsyncHttpClient-1-2] DEBUG org.asynchttpclient.netty.handler.HttpHandler - 

Request DefaultHttpRequest(decodeResult: success, version: HTTP/1.1)
POST /session/210b0027b4538a4be99e7dcae444676e/element HTTP/1.1
User-Agent: selenium/4.1.2 (java windows)
Content-Length: 147
Content-Type: application/json; charset=utf-8
host: localhost:49917
accept: */*

Response DefaultHttpResponse(decodeResult: success, version: HTTP/1.1)
HTTP/1.1 200 OK
Content-Type: application/json; charset=utf-8
cache-control: no-cache
content-length: 88

16:30:41.511 [AsyncHttpClient-1-2] DEBUG org.asynchttpclient.netty.channel.ChannelManager - Adding key: http://localhost:49917 for channel [id: 0x425809db, L:/127.0.0.1:50825 - R:localhost/127.0.0.1:49917]
16:30:41.546 [Forwarding getElementTagName on session 210b0027b4538a4be99e7dcae444676e to remote] DEBUG org.asynchttpclient.netty.request.NettyRequestSender - Using pooled Channel '[id: 0x425809db, L:/127.0.0.1:50825 - R:localhost/127.0.0.1:49917]' for 'GET' to 'http://localhost:49917/session/210b0027b4538a4be99e7dcae444676e/element/d7533c04-6bfe-4071-9e15-4fdcf50e9fec/name'
16:30:41.549 [Forwarding getElementTagName on session 210b0027b4538a4be99e7dcae444676e to remote] DEBUG org.asynchttpclient.netty.request.NettyRequestSender - Using open Channel [id: 0x425809db, L:/127.0.0.1:50825 - R:localhost/127.0.0.1:49917] for GET '/session/210b0027b4538a4be99e7dcae444676e/element/d7533c04-6bfe-4071-9e15-4fdcf50e9fec/name'
16:30:41.601 [AsyncHttpClient-1-2] DEBUG org.asynchttpclient.netty.handler.HttpHandler - 

Request DefaultFullHttpRequest(decodeResult: success, version: HTTP/1.1, content: EmptyByteBufBE)
GET /session/210b0027b4538a4be99e7dcae444676e/element/d7533c04-6bfe-4071-9e15-4fdcf50e9fec/name HTTP/1.1
User-Agent: selenium/4.1.2 (java windows)
Cache-Control: no-cache
Content-Type: application/json; charset=utf-8
host: localhost:49917
accept: */*

Response DefaultHttpResponse(decodeResult: success, version: HTTP/1.1)
HTTP/1.1 200 OK
Content-Type: application/json; charset=utf-8
cache-control: no-cache
content-length: 15

16:30:41.609 [AsyncHttpClient-1-2] DEBUG org.asynchttpclient.netty.channel.ChannelManager - Adding key: http://localhost:49917 for channel [id: 0x425809db, L:/127.0.0.1:50825 - R:localhost/127.0.0.1:49917]
16:30:41.617 [Forwarding getElementTagName on session 210b0027b4538a4be99e7dcae444676e to remote] DEBUG org.asynchttpclient.netty.request.NettyRequestSender - Using pooled Channel '[id: 0x425809db, L:/127.0.0.1:50825 - R:localhost/127.0.0.1:49917]' for 'GET' to 'http://localhost:49917/session/210b0027b4538a4be99e7dcae444676e/element/d7533c04-6bfe-4071-9e15-4fdcf50e9fec/name'
16:30:41.617 [Forwarding getElementTagName on session 210b0027b4538a4be99e7dcae444676e to remote] DEBUG org.asynchttpclient.netty.request.NettyRequestSender - Using open Channel [id: 0x425809db, L:/127.0.0.1:50825 - R:localhost/127.0.0.1:49917] for GET '/session/210b0027b4538a4be99e7dcae444676e/element/d7533c04-6bfe-4071-9e15-4fdcf50e9fec/name'
16:30:41.643 [AsyncHttpClient-1-1] DEBUG org.asynchttpclient.netty.channel.DefaultChannelPool - Entry count for : http://localhost:50828 : 1
16:30:41.643 [AsyncHttpClient-1-2] DEBUG org.asynchttpclient.netty.handler.HttpHandler - 

Request DefaultFullHttpRequest(decodeResult: success, version: HTTP/1.1, content: EmptyByteBufBE)
GET /session/210b0027b4538a4be99e7dcae444676e/element/d7533c04-6bfe-4071-9e15-4fdcf50e9fec/name HTTP/1.1
User-Agent: selenium/4.1.2 (java windows)
Cache-Control: no-cache
Content-Type: application/json; charset=utf-8
host: localhost:49917
accept: */*

Response DefaultHttpResponse(decodeResult: success, version: HTTP/1.1)
HTTP/1.1 200 OK
Content-Type: application/json; charset=utf-8
cache-control: no-cache
content-length: 15

16:30:41.643 [AsyncHttpClient-1-2] DEBUG org.asynchttpclient.netty.channel.ChannelManager - Adding key: http://localhost:49917 for channel [id: 0x425809db, L:/127.0.0.1:50825 - R:localhost/127.0.0.1:49917]
16:30:41.662 [Forwarding findElement on session 210b0027b4538a4be99e7dcae444676e to remote] DEBUG org.asynchttpclient.netty.request.NettyRequestSender - Using pooled Channel '[id: 0x425809db, L:/127.0.0.1:50825 - R:localhost/127.0.0.1:49917]' for 'POST' to 'http://localhost:49917/session/210b0027b4538a4be99e7dcae444676e/element'
16:30:41.662 [Forwarding findElement on session 210b0027b4538a4be99e7dcae444676e to remote] DEBUG org.asynchttpclient.netty.request.NettyRequestSender - Using open Channel [id: 0x425809db, L:/127.0.0.1:50825 - R:localhost/127.0.0.1:49917] for POST '/session/210b0027b4538a4be99e7dcae444676e/element'
16:30:41.706 [AsyncHttpClient-1-2] DEBUG org.asynchttpclient.netty.handler.HttpHandler - 

Request DefaultHttpRequest(decodeResult: success, version: HTTP/1.1)
POST /session/210b0027b4538a4be99e7dcae444676e/element HTTP/1.1
User-Agent: selenium/4.1.2 (java windows)
Content-Length: 147
Content-Type: application/json; charset=utf-8
host: localhost:49917
accept: */*

Response DefaultHttpResponse(decodeResult: success, version: HTTP/1.1)
HTTP/1.1 200 OK
Content-Type: application/json; charset=utf-8
cache-control: no-cache
content-length: 88

16:30:41.706 [AsyncHttpClient-1-2] DEBUG org.asynchttpclient.netty.channel.ChannelManager - Adding key: http://localhost:49917 for channel [id: 0x425809db, L:/127.0.0.1:50825 - R:localhost/127.0.0.1:49917]
16:30:41.714 [Forwarding clickElement on session 210b0027b4538a4be99e7dcae444676e to remote] DEBUG org.asynchttpclient.netty.request.NettyRequestSender - Using pooled Channel '[id: 0x425809db, L:/127.0.0.1:50825 - R:localhost/127.0.0.1:49917]' for 'POST' to 'http://localhost:49917/session/210b0027b4538a4be99e7dcae444676e/element/d7533c04-6bfe-4071-9e15-4fdcf50e9fec/click'
16:30:41.714 [Forwarding clickElement on session 210b0027b4538a4be99e7dcae444676e to remote] DEBUG org.asynchttpclient.netty.request.NettyRequestSender - Using open Channel [id: 0x425809db, L:/127.0.0.1:50825 - R:localhost/127.0.0.1:49917] for POST '/session/210b0027b4538a4be99e7dcae444676e/element/d7533c04-6bfe-4071-9e15-4fdcf50e9fec/click'
16:30:42.220 [AsyncHttpClient-1-2] DEBUG org.asynchttpclient.netty.handler.HttpHandler - 

Request DefaultHttpRequest(decodeResult: success, version: HTTP/1.1)
POST /session/210b0027b4538a4be99e7dcae444676e/element/d7533c04-6bfe-4071-9e15-4fdcf50e9fec/click HTTP/1.1
User-Agent: selenium/4.1.2 (java windows)
Content-Length: 50
Content-Type: application/json; charset=utf-8
host: localhost:49917
accept: */*

Response DefaultHttpResponse(decodeResult: success, version: HTTP/1.1)
HTTP/1.1 200 OK
Content-Type: application/json; charset=utf-8
cache-control: no-cache
content-length: 14

16:30:42.221 [AsyncHttpClient-1-2] DEBUG org.asynchttpclient.netty.channel.ChannelManager - Adding key: http://localhost:49917 for channel [id: 0x425809db, L:/127.0.0.1:50825 - R:localhost/127.0.0.1:49917]
16:30:42.703 [Forwarding screenshot on session 210b0027b4538a4be99e7dcae444676e to remote] DEBUG org.asynchttpclient.netty.request.NettyRequestSender - Using pooled Channel '[id: 0x425809db, L:/127.0.0.1:50825 - R:localhost/127.0.0.1:49917]' for 'GET' to 'http://localhost:49917/session/210b0027b4538a4be99e7dcae444676e/screenshot'
16:30:42.703 [Forwarding screenshot on session 210b0027b4538a4be99e7dcae444676e to remote] DEBUG org.asynchttpclient.netty.request.NettyRequestSender - Using open Channel [id: 0x425809db, L:/127.0.0.1:50825 - R:localhost/127.0.0.1:49917] for GET '/session/210b0027b4538a4be99e7dcae444676e/screenshot'
16:30:42.938 [AsyncHttpClient-1-1] DEBUG org.asynchttpclient.netty.channel.DefaultChannelPool - Entry count for : http://localhost:50828 : 1
16:30:43.432 [AsyncHttpClient-1-2] DEBUG org.asynchttpclient.netty.handler.HttpHandler - 

Request DefaultFullHttpRequest(decodeResult: success, version: HTTP/1.1, content: EmptyByteBufBE)
GET /session/210b0027b4538a4be99e7dcae444676e/screenshot HTTP/1.1
User-Agent: selenium/4.1.2 (java windows)
Cache-Control: no-cache
Content-Type: application/json; charset=utf-8
host: localhost:49917
accept: */*

Response DefaultHttpResponse(decodeResult: success, version: HTTP/1.1)
HTTP/1.1 200 OK
Content-Type: application/json; charset=utf-8
cache-control: no-cache
content-length: 55340

16:30:43.440 [AsyncHttpClient-1-2] DEBUG org.asynchttpclient.netty.channel.ChannelManager - Adding key: http://localhost:49917 for channel [id: 0x425809db, L:/127.0.0.1:50825 - R:localhost/127.0.0.1:49917]
16:30:43.448 [main] DEBUG net.serenitybdd.core.photography.Darkroom - Send negative for processing for target\site\serenity\965116e566adcc06da2b90fd6da1ed3e669ad4fa64e39a5edd002ec79aaf996e.png
16:30:43.456 [main] DEBUG net.thucydides.core.steps.StepInterceptor - STEP DONE: buttonPilihPasien
  &amp#27;[32mAnd &amp#27;[0m&amp#27;[32mClick on the select patient action to select a patient&amp#27;[0m           &amp#27;[90m# starter.stepdefinitios.KelolaJadwalSteps.clickOnTheSelectPatientActionToSelectAPatient()&amp#27;[0m
16:30:43.456 [Darkroom Processing Line] DEBUG net.serenitybdd.core.photography.DarkroomProcessingLine - Processing screenshot image in /var/screenshots/screenshot-5185017898803472471
16:30:43.456 [Darkroom Processing Line] DEBUG net.serenitybdd.core.photography.DarkroomProcessingLine - Saving screenshot to target\site\serenity\965116e566adcc06da2b90fd6da1ed3e669ad4fa64e39a5edd002ec79aaf996e.png
16:30:43.552 [Forwarding screenshot on session 210b0027b4538a4be99e7dcae444676e to remote] DEBUG org.asynchttpclient.netty.request.NettyRequestSender - Using pooled Channel '[id: 0x425809db, L:/127.0.0.1:50825 - R:localhost/127.0.0.1:49917]' for 'GET' to 'http://localhost:49917/session/210b0027b4538a4be99e7dcae444676e/screenshot'
16:30:43.576 [Forwarding screenshot on session 210b0027b4538a4be99e7dcae444676e to remote] DEBUG org.asynchttpclient.netty.request.NettyRequestSender - Using open Channel [id: 0x425809db, L:/127.0.0.1:50825 - R:localhost/127.0.0.1:49917] for GET '/session/210b0027b4538a4be99e7dcae444676e/screenshot'
16:30:44.094 [AsyncHttpClient-1-1] DEBUG org.asynchttpclient.netty.channel.DefaultChannelPool - Entry count for : http://localhost:50828 : 1
16:30:44.414 [AsyncHttpClient-1-2] DEBUG org.asynchttpclient.netty.handler.HttpHandler - 

Request DefaultFullHttpRequest(decodeResult: success, version: HTTP/1.1, content: EmptyByteBufBE)
GET /session/210b0027b4538a4be99e7dcae444676e/screenshot HTTP/1.1
User-Agent: selenium/4.1.2 (java windows)
Cache-Control: no-cache
Content-Type: application/json; charset=utf-8
host: localhost:49917
accept: */*

Response DefaultHttpResponse(decodeResult: success, version: HTTP/1.1)
HTTP/1.1 200 OK
Content-Type: application/json; charset=utf-8
cache-control: no-cache
content-length: 55340

16:30:44.422 [AsyncHttpClient-1-2] DEBUG org.asynchttpclient.netty.channel.ChannelManager - Adding key: http://localhost:49917 for channel [id: 0x425809db, L:/127.0.0.1:50825 - R:localhost/127.0.0.1:49917]
16:30:44.438 [main] DEBUG net.serenitybdd.core.photography.Darkroom - Send negative for processing for target\site\serenity\965116e566adcc06da2b90fd6da1ed3e669ad4fa64e39a5edd002ec79aaf996e.png
16:30:44.518 [Forwarding screenshot on session 210b0027b4538a4be99e7dcae444676e to remote] DEBUG org.asynchttpclient.netty.request.NettyRequestSender - Using pooled Channel '[id: 0x425809db, L:/127.0.0.1:50825 - R:localhost/127.0.0.1:49917]' for 'GET' to 'http://localhost:49917/session/210b0027b4538a4be99e7dcae444676e/screenshot'
16:30:44.526 [Forwarding screenshot on session 210b0027b4538a4be99e7dcae444676e to remote] DEBUG org.asynchttpclient.netty.request.NettyRequestSender - Using open Channel [id: 0x425809db, L:/127.0.0.1:50825 - R:localhost/127.0.0.1:49917] for GET '/session/210b0027b4538a4be99e7dcae444676e/screenshot'
16:30:45.065 [AsyncHttpClient-1-2] DEBUG org.asynchttpclient.netty.handler.HttpHandler - 

Request DefaultFullHttpRequest(decodeResult: success, version: HTTP/1.1, content: EmptyByteBufBE)
GET /session/210b0027b4538a4be99e7dcae444676e/screenshot HTTP/1.1
User-Agent: selenium/4.1.2 (java windows)
Cache-Control: no-cache
Content-Type: application/json; charset=utf-8
host: localhost:49917
accept: */*

Response DefaultHttpResponse(decodeResult: success, version: HTTP/1.1)
HTTP/1.1 200 OK
Content-Type: application/json; charset=utf-8
cache-control: no-cache
content-length: 55340

16:30:45.069 [AsyncHttpClient-1-2] DEBUG org.asynchttpclient.netty.channel.ChannelManager - Adding key: http://localhost:49917 for channel [id: 0x425809db, L:/127.0.0.1:50825 - R:localhost/127.0.0.1:49917]
16:30:45.079 [main] DEBUG net.serenitybdd.core.photography.Darkroom - Send negative for processing for target\site\serenity\965116e566adcc06da2b90fd6da1ed3e669ad4fa64e39a5edd002ec79aaf996e.png
16:30:45.079 [main] DEBUG net.thucydides.core.steps.StepInterceptor - STARTING STEP: KelolaJadwalSteps.clickOnTheActionChooseADoctorToChooseADoctor - buttonPilihDokter
16:30:45.111 [Forwarding findElement on session 210b0027b4538a4be99e7dcae444676e to remote] DEBUG org.asynchttpclient.netty.request.NettyRequestSender - Using pooled Channel '[id: 0x425809db, L:/127.0.0.1:50825 - R:localhost/127.0.0.1:49917]' for 'POST' to 'http://localhost:49917/session/210b0027b4538a4be99e7dcae444676e/element'
16:30:45.111 [Forwarding findElement on session 210b0027b4538a4be99e7dcae444676e to remote] DEBUG org.asynchttpclient.netty.request.NettyRequestSender - Using open Channel [id: 0x425809db, L:/127.0.0.1:50825 - R:localhost/127.0.0.1:49917] for POST '/session/210b0027b4538a4be99e7dcae444676e/element'
16:30:45.143 [AsyncHttpClient-1-1] DEBUG org.asynchttpclient.netty.channel.DefaultChannelPool - Entry count for : http://localhost:50828 : 1
16:30:45.183 [AsyncHttpClient-1-2] DEBUG org.asynchttpclient.netty.handler.HttpHandler - 

Request DefaultHttpRequest(decodeResult: success, version: HTTP/1.1)
POST /session/210b0027b4538a4be99e7dcae444676e/element HTTP/1.1
User-Agent: selenium/4.1.2 (java windows)
Content-Length: 147
Content-Type: application/json; charset=utf-8
host: localhost:49917
accept: */*

Response DefaultHttpResponse(decodeResult: success, version: HTTP/1.1)
HTTP/1.1 200 OK
Content-Type: application/json; charset=utf-8
cache-control: no-cache
content-length: 88

16:30:45.183 [AsyncHttpClient-1-2] DEBUG org.asynchttpclient.netty.channel.ChannelManager - Adding key: http://localhost:49917 for channel [id: 0x425809db, L:/127.0.0.1:50825 - R:localhost/127.0.0.1:49917]
16:30:45.191 [Forwarding getElementTagName on session 210b0027b4538a4be99e7dcae444676e to remote] DEBUG org.asynchttpclient.netty.request.NettyRequestSender - Using pooled Channel '[id: 0x425809db, L:/127.0.0.1:50825 - R:localhost/127.0.0.1:49917]' for 'GET' to 'http://localhost:49917/session/210b0027b4538a4be99e7dcae444676e/element/e1542d02-38ce-43c6-8b28-43308b3771cd/name'
16:30:45.199 [Forwarding getElementTagName on session 210b0027b4538a4be99e7dcae444676e to remote] DEBUG org.asynchttpclient.netty.request.NettyRequestSender - Using open Channel [id: 0x425809db, L:/127.0.0.1:50825 - R:localhost/127.0.0.1:49917] for GET '/session/210b0027b4538a4be99e7dcae444676e/element/e1542d02-38ce-43c6-8b28-43308b3771cd/name'
16:30:45.391 [AsyncHttpClient-1-2] DEBUG org.asynchttpclient.netty.handler.HttpHandler - 

Request DefaultFullHttpRequest(decodeResult: success, version: HTTP/1.1, content: EmptyByteBufBE)
GET /session/210b0027b4538a4be99e7dcae444676e/element/e1542d02-38ce-43c6-8b28-43308b3771cd/name HTTP/1.1
User-Agent: selenium/4.1.2 (java windows)
Cache-Control: no-cache
Content-Type: application/json; charset=utf-8
host: localhost:49917
accept: */*

Response DefaultHttpResponse(decodeResult: success, version: HTTP/1.1)
HTTP/1.1 200 OK
Content-Type: application/json; charset=utf-8
cache-control: no-cache
content-length: 15

16:30:45.399 [AsyncHttpClient-1-2] DEBUG org.asynchttpclient.netty.channel.ChannelManager - Adding key: http://localhost:49917 for channel [id: 0x425809db, L:/127.0.0.1:50825 - R:localhost/127.0.0.1:49917]
16:30:45.407 [Forwarding getElementTagName on session 210b0027b4538a4be99e7dcae444676e to remote] DEBUG org.asynchttpclient.netty.request.NettyRequestSender - Using pooled Channel '[id: 0x425809db, L:/127.0.0.1:50825 - R:localhost/127.0.0.1:49917]' for 'GET' to 'http://localhost:49917/session/210b0027b4538a4be99e7dcae444676e/element/e1542d02-38ce-43c6-8b28-43308b3771cd/name'
16:30:45.407 [Forwarding getElementTagName on session 210b0027b4538a4be99e7dcae444676e to remote] DEBUG org.asynchttpclient.netty.request.NettyRequestSender - Using open Channel [id: 0x425809db, L:/127.0.0.1:50825 - R:localhost/127.0.0.1:49917] for GET '/session/210b0027b4538a4be99e7dcae444676e/element/e1542d02-38ce-43c6-8b28-43308b3771cd/name'
16:30:45.455 [AsyncHttpClient-1-2] DEBUG org.asynchttpclient.netty.handler.HttpHandler - 

Request DefaultFullHttpRequest(decodeResult: success, version: HTTP/1.1, content: EmptyByteBufBE)
GET /session/210b0027b4538a4be99e7dcae444676e/element/e1542d02-38ce-43c6-8b28-43308b3771cd/name HTTP/1.1
User-Agent: selenium/4.1.2 (java windows)
Cache-Control: no-cache
Content-Type: application/json; charset=utf-8
host: localhost:49917
accept: */*

Response DefaultHttpResponse(decodeResult: success, version: HTTP/1.1)
HTTP/1.1 200 OK
Content-Type: application/json; charset=utf-8
cache-control: no-cache
content-length: 15

16:30:45.455 [AsyncHttpClient-1-2] DEBUG org.asynchttpclient.netty.channel.ChannelManager - Adding key: http://localhost:49917 for channel [id: 0x425809db, L:/127.0.0.1:50825 - R:localhost/127.0.0.1:49917]
16:30:45.539 [Forwarding findElement on session 210b0027b4538a4be99e7dcae444676e to remote] DEBUG org.asynchttpclient.netty.request.NettyRequestSender - Using pooled Channel '[id: 0x425809db, L:/127.0.0.1:50825 - R:localhost/127.0.0.1:49917]' for 'POST' to 'http://localhost:49917/session/210b0027b4538a4be99e7dcae444676e/element'
16:30:45.539 [Forwarding findElement on session 210b0027b4538a4be99e7dcae444676e to remote] DEBUG org.asynchttpclient.netty.request.NettyRequestSender - Using open Channel [id: 0x425809db, L:/127.0.0.1:50825 - R:localhost/127.0.0.1:49917] for POST '/session/210b0027b4538a4be99e7dcae444676e/element'
16:30:46.540 [AsyncHttpClient-1-1] DEBUG org.asynchttpclient.netty.channel.DefaultChannelPool - Entry count for : http://localhost:50828 : 1
16:30:46.986 [AsyncHttpClient-1-2] DEBUG org.asynchttpclient.netty.handler.HttpHandler - 

Request DefaultHttpRequest(decodeResult: success, version: HTTP/1.1)
POST /session/210b0027b4538a4be99e7dcae444676e/element HTTP/1.1
User-Agent: selenium/4.1.2 (java windows)
Content-Length: 147
Content-Type: application/json; charset=utf-8
host: localhost:49917
accept: */*

Response DefaultHttpResponse(decodeResult: success, version: HTTP/1.1)
HTTP/1.1 200 OK
Content-Type: application/json; charset=utf-8
cache-control: no-cache
content-length: 88

16:30:46.989 [AsyncHttpClient-1-2] DEBUG org.asynchttpclient.netty.channel.ChannelManager - Adding key: http://localhost:49917 for channel [id: 0x425809db, L:/127.0.0.1:50825 - R:localhost/127.0.0.1:49917]
16:30:47.031 [Forwarding clickElement on session 210b0027b4538a4be99e7dcae444676e to remote] DEBUG org.asynchttpclient.netty.request.NettyRequestSender - Using pooled Channel '[id: 0x425809db, L:/127.0.0.1:50825 - R:localhost/127.0.0.1:49917]' for 'POST' to 'http://localhost:49917/session/210b0027b4538a4be99e7dcae444676e/element/e1542d02-38ce-43c6-8b28-43308b3771cd/click'
16:30:47.031 [Forwarding clickElement on session 210b0027b4538a4be99e7dcae444676e to remote] DEBUG org.asynchttpclient.netty.request.NettyRequestSender - Using open Channel [id: 0x425809db, L:/127.0.0.1:50825 - R:localhost/127.0.0.1:49917] for POST '/session/210b0027b4538a4be99e7dcae444676e/element/e1542d02-38ce-43c6-8b28-43308b3771cd/click'
16:30:47.770 [AsyncHttpClient-1-1] DEBUG org.asynchttpclient.netty.channel.DefaultChannelPool - Entry count for : http://localhost:50828 : 1
16:30:48.709 [AsyncHttpClient-1-2] DEBUG org.asynchttpclient.netty.handler.HttpHandler - 

Request DefaultHttpRequest(decodeResult: success, version: HTTP/1.1)
POST /session/210b0027b4538a4be99e7dcae444676e/element/e1542d02-38ce-43c6-8b28-43308b3771cd/click HTTP/1.1
User-Agent: selenium/4.1.2 (java windows)
Content-Length: 50
Content-Type: application/json; charset=utf-8
host: localhost:49917
accept: */*

Response DefaultHttpResponse(decodeResult: success, version: HTTP/1.1)
HTTP/1.1 200 OK
Content-Type: application/json; charset=utf-8
cache-control: no-cache
content-length: 14

16:30:48.713 [AsyncHttpClient-1-2] DEBUG org.asynchttpclient.netty.channel.ChannelManager - Adding key: http://localhost:49917 for channel [id: 0x425809db, L:/127.0.0.1:50825 - R:localhost/127.0.0.1:49917]
16:30:48.856 [AsyncHttpClient-1-1] DEBUG org.asynchttpclient.netty.channel.DefaultChannelPool - Entry count for : http://localhost:49917 : 1
16:30:48.856 [AsyncHttpClient-1-1] DEBUG org.asynchttpclient.netty.channel.DefaultChannelPool - Entry count for : http://localhost:50828 : 1
16:30:48.876 [Forwarding screenshot on session 210b0027b4538a4be99e7dcae444676e to remote] DEBUG org.asynchttpclient.netty.request.NettyRequestSender - Using pooled Channel '[id: 0x425809db, L:/127.0.0.1:50825 - R:localhost/127.0.0.1:49917]' for 'GET' to 'http://localhost:49917/session/210b0027b4538a4be99e7dcae444676e/screenshot'
16:30:48.876 [Forwarding screenshot on session 210b0027b4538a4be99e7dcae444676e to remote] DEBUG org.asynchttpclient.netty.request.NettyRequestSender - Using open Channel [id: 0x425809db, L:/127.0.0.1:50825 - R:localhost/127.0.0.1:49917] for GET '/session/210b0027b4538a4be99e7dcae444676e/screenshot'
16:30:50.060 [AsyncHttpClient-1-1] DEBUG org.asynchttpclient.netty.channel.DefaultChannelPool - Entry count for : http://localhost:50828 : 1
16:30:51.066 [AsyncHttpClient-1-2] DEBUG org.asynchttpclient.netty.handler.HttpHandler - 

Request DefaultFullHttpRequest(decodeResult: success, version: HTTP/1.1, content: EmptyByteBufBE)
GET /session/210b0027b4538a4be99e7dcae444676e/screenshot HTTP/1.1
User-Agent: selenium/4.1.2 (java windows)
Cache-Control: no-cache
Content-Type: application/json; charset=utf-8
host: localhost:49917
accept: */*

Response DefaultHttpResponse(decodeResult: success, version: HTTP/1.1)
HTTP/1.1 200 OK
Content-Type: application/json; charset=utf-8
cache-control: no-cache
content-length: 50288

16:30:51.069 [AsyncHttpClient-1-2] DEBUG org.asynchttpclient.netty.channel.ChannelManager - Adding key: http://localhost:49917 for channel [id: 0x425809db, L:/127.0.0.1:50825 - R:localhost/127.0.0.1:49917]
16:30:51.081 [main] DEBUG net.serenitybdd.core.photography.Darkroom - Send negative for processing for target\site\serenity\837a55299262686a93661365bdeba0d28388fb10f73af0390eac9808e21ef12c.png
16:30:51.087 [main] DEBUG net.thucydides.core.steps.StepInterceptor - STEP DONE: buttonPilihDokter
  &amp#27;[32mAnd &amp#27;[0m&amp#27;[32mClick on the action choose a doctor to choose a doctor&amp#27;[0m           &amp#27;[90m# starter.stepdefinitios.KelolaJadwalSteps.clickOnTheActionChooseADoctorToChooseADoctor()&amp#27;[0m
16:30:51.091 [Darkroom Processing Line] DEBUG net.serenitybdd.core.photography.DarkroomProcessingLine - Processing screenshot image in /var/screenshots/screenshot-10060049683386126791
16:30:51.091 [Darkroom Processing Line] DEBUG net.serenitybdd.core.photography.DarkroomProcessingLine - Saving screenshot to target\site\serenity\837a55299262686a93661365bdeba0d28388fb10f73af0390eac9808e21ef12c.png
16:30:51.639 [Forwarding screenshot on session 210b0027b4538a4be99e7dcae444676e to remote] DEBUG org.asynchttpclient.netty.request.NettyRequestSender - Using pooled Channel '[id: 0x425809db, L:/127.0.0.1:50825 - R:localhost/127.0.0.1:49917]' for 'GET' to 'http://localhost:49917/session/210b0027b4538a4be99e7dcae444676e/screenshot'
16:30:51.645 [Forwarding screenshot on session 210b0027b4538a4be99e7dcae444676e to remote] DEBUG org.asynchttpclient.netty.request.NettyRequestSender - Using open Channel [id: 0x425809db, L:/127.0.0.1:50825 - R:localhost/127.0.0.1:49917] for GET '/session/210b0027b4538a4be99e7dcae444676e/screenshot'
16:30:51.654 [AsyncHttpClient-1-1] DEBUG org.asynchttpclient.netty.channel.DefaultChannelPool - Entry count for : http://localhost:50828 : 1
16:30:52.764 [AsyncHttpClient-1-1] DEBUG org.asynchttpclient.netty.channel.DefaultChannelPool - Entry count for : http://localhost:50828 : 1
16:30:53.129 [AsyncHttpClient-1-2] DEBUG org.asynchttpclient.netty.handler.HttpHandler - 

Request DefaultFullHttpRequest(decodeResult: success, version: HTTP/1.1, content: EmptyByteBufBE)
GET /session/210b0027b4538a4be99e7dcae444676e/screenshot HTTP/1.1
User-Agent: selenium/4.1.2 (java windows)
Cache-Control: no-cache
Content-Type: application/json; charset=utf-8
host: localhost:49917
accept: */*

Response DefaultHttpResponse(decodeResult: success, version: HTTP/1.1)
HTTP/1.1 200 OK
Content-Type: application/json; charset=utf-8
cache-control: no-cache
content-length: 50288

16:30:53.132 [AsyncHttpClient-1-2] DEBUG org.asynchttpclient.netty.channel.ChannelManager - Adding key: http://localhost:49917 for channel [id: 0x425809db, L:/127.0.0.1:50825 - R:localhost/127.0.0.1:49917]
16:30:53.145 [main] DEBUG net.serenitybdd.core.photography.Darkroom - Send negative for processing for target\site\serenity\c5f3d0be9be6b9135fca8df63b23e870228c44d5e5626b8d71488119c0bbd945.png
16:30:53.151 [Darkroom Processing Line] DEBUG net.serenitybdd.core.photography.DarkroomProcessingLine - Processing screenshot image in /var/screenshots/screenshot-17992683383742319204
16:30:53.153 [Darkroom Processing Line] DEBUG net.serenitybdd.core.photography.DarkroomProcessingLine - Saving screenshot to target\site\serenity\c5f3d0be9be6b9135fca8df63b23e870228c44d5e5626b8d71488119c0bbd945.png
16:30:53.289 [Forwarding screenshot on session 210b0027b4538a4be99e7dcae444676e to remote] DEBUG org.asynchttpclient.netty.request.NettyRequestSender - Using pooled Channel '[id: 0x425809db, L:/127.0.0.1:50825 - R:localhost/127.0.0.1:49917]' for 'GET' to 'http://localhost:49917/session/210b0027b4538a4be99e7dcae444676e/screenshot'
16:30:53.289 [Forwarding screenshot on session 210b0027b4538a4be99e7dcae444676e to remote] DEBUG org.asynchttpclient.netty.request.NettyRequestSender - Using open Channel [id: 0x425809db, L:/127.0.0.1:50825 - R:localhost/127.0.0.1:49917] for GET '/session/210b0027b4538a4be99e7dcae444676e/screenshot'
16:30:53.769 [AsyncHttpClient-1-2] DEBUG org.asynchttpclient.netty.handler.HttpHandler - 

Request DefaultFullHttpRequest(decodeResult: success, version: HTTP/1.1, content: EmptyByteBufBE)
GET /session/210b0027b4538a4be99e7dcae444676e/screenshot HTTP/1.1
User-Agent: selenium/4.1.2 (java windows)
Cache-Control: no-cache
Content-Type: application/json; charset=utf-8
host: localhost:49917
accept: */*

Response DefaultHttpResponse(decodeResult: success, version: HTTP/1.1)
HTTP/1.1 200 OK
Content-Type: application/json; charset=utf-8
cache-control: no-cache
content-length: 50288

16:30:53.774 [AsyncHttpClient-1-2] DEBUG org.asynchttpclient.netty.channel.ChannelManager - Adding key: http://localhost:49917 for channel [id: 0x425809db, L:/127.0.0.1:50825 - R:localhost/127.0.0.1:49917]
16:30:53.795 [main] DEBUG net.serenitybdd.core.photography.Darkroom - Send negative for processing for target\site\serenity\837a55299262686a93661365bdeba0d28388fb10f73af0390eac9808e21ef12c.png
16:30:53.795 [main] DEBUG net.thucydides.core.steps.StepInterceptor - STARTING STEP: KelolaJadwalSteps.chooseADate - inputTanggal
16:30:53.815 [Forwarding findElement on session 210b0027b4538a4be99e7dcae444676e to remote] DEBUG org.asynchttpclient.netty.request.NettyRequestSender - Using pooled Channel '[id: 0x425809db, L:/127.0.0.1:50825 - R:localhost/127.0.0.1:49917]' for 'POST' to 'http://localhost:49917/session/210b0027b4538a4be99e7dcae444676e/element'
16:30:53.815 [Forwarding findElement on session 210b0027b4538a4be99e7dcae444676e to remote] DEBUG org.asynchttpclient.netty.request.NettyRequestSender - Using open Channel [id: 0x425809db, L:/127.0.0.1:50825 - R:localhost/127.0.0.1:49917] for POST '/session/210b0027b4538a4be99e7dcae444676e/element'
16:30:53.846 [AsyncHttpClient-1-1] DEBUG org.asynchttpclient.netty.channel.DefaultChannelPool - Entry count for : http://localhost:50828 : 1
16:30:53.895 [AsyncHttpClient-1-2] DEBUG org.asynchttpclient.netty.handler.HttpHandler - 

Request DefaultHttpRequest(decodeResult: success, version: HTTP/1.1)
POST /session/210b0027b4538a4be99e7dcae444676e/element HTTP/1.1
User-Agent: selenium/4.1.2 (java windows)
Content-Length: 66
Content-Type: application/json; charset=utf-8
host: localhost:49917
accept: */*

Response DefaultHttpResponse(decodeResult: success, version: HTTP/1.1)
HTTP/1.1 200 OK
Content-Type: application/json; charset=utf-8
cache-control: no-cache
content-length: 88

16:30:53.897 [AsyncHttpClient-1-2] DEBUG org.asynchttpclient.netty.channel.ChannelManager - Adding key: http://localhost:49917 for channel [id: 0x425809db, L:/127.0.0.1:50825 - R:localhost/127.0.0.1:49917]
16:30:53.916 [Forwarding sendKeysToElement on session 210b0027b4538a4be99e7dcae444676e to remote] DEBUG org.asynchttpclient.netty.request.NettyRequestSender - Using pooled Channel '[id: 0x425809db, L:/127.0.0.1:50825 - R:localhost/127.0.0.1:49917]' for 'POST' to 'http://localhost:49917/session/210b0027b4538a4be99e7dcae444676e/element/6f5ee2d8-4461-4fda-8218-28cdfc4e40bd/value'
16:30:53.916 [Forwarding sendKeysToElement on session 210b0027b4538a4be99e7dcae444676e to remote] DEBUG org.asynchttpclient.netty.request.NettyRequestSender - Using open Channel [id: 0x425809db, L:/127.0.0.1:50825 - R:localhost/127.0.0.1:49917] for POST '/session/210b0027b4538a4be99e7dcae444676e/element/6f5ee2d8-4461-4fda-8218-28cdfc4e40bd/value'
16:30:54.653 [AsyncHttpClient-1-2] DEBUG org.asynchttpclient.netty.handler.HttpHandler - 

Request DefaultHttpRequest(decodeResult: success, version: HTTP/1.1)
POST /session/210b0027b4538a4be99e7dcae444676e/element/6f5ee2d8-4461-4fda-8218-28cdfc4e40bd/value HTTP/1.1
User-Agent: selenium/4.1.2 (java windows)
Content-Length: 161
Content-Type: application/json; charset=utf-8
host: localhost:49917
accept: */*

Response DefaultHttpResponse(decodeResult: success, version: HTTP/1.1)
HTTP/1.1 200 OK
Content-Type: application/json; charset=utf-8
cache-control: no-cache
content-length: 14

16:30:54.658 [AsyncHttpClient-1-2] DEBUG org.asynchttpclient.netty.channel.ChannelManager - Adding key: http://localhost:49917 for channel [id: 0x425809db, L:/127.0.0.1:50825 - R:localhost/127.0.0.1:49917]
16:30:54.702 [Forwarding screenshot on session 210b0027b4538a4be99e7dcae444676e to remote] DEBUG org.asynchttpclient.netty.request.NettyRequestSender - Using pooled Channel '[id: 0x425809db, L:/127.0.0.1:50825 - R:localhost/127.0.0.1:49917]' for 'GET' to 'http://localhost:49917/session/210b0027b4538a4be99e7dcae444676e/screenshot'
16:30:54.702 [Forwarding screenshot on session 210b0027b4538a4be99e7dcae444676e to remote] DEBUG org.asynchttpclient.netty.request.NettyRequestSender - Using open Channel [id: 0x425809db, L:/127.0.0.1:50825 - R:localhost/127.0.0.1:49917] for GET '/session/210b0027b4538a4be99e7dcae444676e/screenshot'
16:30:54.973 [AsyncHttpClient-1-1] DEBUG org.asynchttpclient.netty.channel.DefaultChannelPool - Entry count for : http://localhost:50828 : 1
16:30:55.179 [AsyncHttpClient-1-2] DEBUG org.asynchttpclient.netty.handler.HttpHandler - 

Request DefaultFullHttpRequest(decodeResult: success, version: HTTP/1.1, content: EmptyByteBufBE)
GET /session/210b0027b4538a4be99e7dcae444676e/screenshot HTTP/1.1
User-Agent: selenium/4.1.2 (java windows)
Cache-Control: no-cache
Content-Type: application/json; charset=utf-8
host: localhost:49917
accept: */*

Response DefaultHttpResponse(decodeResult: success, version: HTTP/1.1)
HTTP/1.1 200 OK
Content-Type: application/json; charset=utf-8
cache-control: no-cache
content-length: 48460

16:30:55.182 [AsyncHttpClient-1-2] DEBUG org.asynchttpclient.netty.channel.ChannelManager - Adding key: http://localhost:49917 for channel [id: 0x425809db, L:/127.0.0.1:50825 - R:localhost/127.0.0.1:49917]
16:30:55.194 [main] DEBUG net.serenitybdd.core.photography.Darkroom - Send negative for processing for target\site\serenity\622b9069f5b81c6701d86ba070150c5a483016de1f6dd511dfa927b6204f4218.png
16:30:55.194 [main] DEBUG net.thucydides.core.steps.StepInterceptor - STEP DONE: inputTanggal
  &amp#27;[32mThen &amp#27;[0m&amp#27;[32mChoose a date &amp#27;[0m&amp#27;[32m&amp#27;[1m"11102022"&amp#27;[0m                                        &amp#27;[90m# starter.stepdefinitios.KelolaJadwalSteps.chooseADate(java.lang.String)&amp#27;[0m
16:30:55.202 [Darkroom Processing Line] DEBUG net.serenitybdd.core.photography.DarkroomProcessingLine - Processing screenshot image in /var/screenshots/screenshot-4008030857672461083
16:30:55.202 [Darkroom Processing Line] DEBUG net.serenitybdd.core.photography.DarkroomProcessingLine - Saving screenshot to target\site\serenity\622b9069f5b81c6701d86ba070150c5a483016de1f6dd511dfa927b6204f4218.png
16:30:55.301 [Forwarding screenshot on session 210b0027b4538a4be99e7dcae444676e to remote] DEBUG org.asynchttpclient.netty.request.NettyRequestSender - Using pooled Channel '[id: 0x425809db, L:/127.0.0.1:50825 - R:localhost/127.0.0.1:49917]' for 'GET' to 'http://localhost:49917/session/210b0027b4538a4be99e7dcae444676e/screenshot'
16:30:55.301 [Forwarding screenshot on session 210b0027b4538a4be99e7dcae444676e to remote] DEBUG org.asynchttpclient.netty.request.NettyRequestSender - Using open Channel [id: 0x425809db, L:/127.0.0.1:50825 - R:localhost/127.0.0.1:49917] for GET '/session/210b0027b4538a4be99e7dcae444676e/screenshot'
16:30:55.669 [AsyncHttpClient-1-2] DEBUG org.asynchttpclient.netty.handler.HttpHandler - 

Request DefaultFullHttpRequest(decodeResult: success, version: HTTP/1.1, content: EmptyByteBufBE)
GET /session/210b0027b4538a4be99e7dcae444676e/screenshot HTTP/1.1
User-Agent: selenium/4.1.2 (java windows)
Cache-Control: no-cache
Content-Type: application/json; charset=utf-8
host: localhost:49917
accept: */*

Response DefaultHttpResponse(decodeResult: success, version: HTTP/1.1)
HTTP/1.1 200 OK
Content-Type: application/json; charset=utf-8
cache-control: no-cache
content-length: 48460

16:30:55.682 [AsyncHttpClient-1-2] DEBUG org.asynchttpclient.netty.channel.ChannelManager - Adding key: http://localhost:49917 for channel [id: 0x425809db, L:/127.0.0.1:50825 - R:localhost/127.0.0.1:49917]
16:30:55.699 [main] DEBUG net.serenitybdd.core.photography.Darkroom - Send negative for processing for target\site\serenity\622b9069f5b81c6701d86ba070150c5a483016de1f6dd511dfa927b6204f4218.png
16:30:55.799 [Forwarding screenshot on session 210b0027b4538a4be99e7dcae444676e to remote] DEBUG org.asynchttpclient.netty.request.NettyRequestSender - Using pooled Channel '[id: 0x425809db, L:/127.0.0.1:50825 - R:localhost/127.0.0.1:49917]' for 'GET' to 'http://localhost:49917/session/210b0027b4538a4be99e7dcae444676e/screenshot'
16:30:55.799 [Forwarding screenshot on session 210b0027b4538a4be99e7dcae444676e to remote] DEBUG org.asynchttpclient.netty.request.NettyRequestSender - Using open Channel [id: 0x425809db, L:/127.0.0.1:50825 - R:localhost/127.0.0.1:49917] for GET '/session/210b0027b4538a4be99e7dcae444676e/screenshot'
16:30:56.056 [AsyncHttpClient-1-1] DEBUG org.asynchttpclient.netty.channel.DefaultChannelPool - Entry count for : http://localhost:50828 : 1
16:30:56.159 [AsyncHttpClient-1-2] DEBUG org.asynchttpclient.netty.handler.HttpHandler - 

Request DefaultFullHttpRequest(decodeResult: success, version: HTTP/1.1, content: EmptyByteBufBE)
GET /session/210b0027b4538a4be99e7dcae444676e/screenshot HTTP/1.1
User-Agent: selenium/4.1.2 (java windows)
Cache-Control: no-cache
Content-Type: application/json; charset=utf-8
host: localhost:49917
accept: */*

Response DefaultHttpResponse(decodeResult: success, version: HTTP/1.1)
HTTP/1.1 200 OK
Content-Type: application/json; charset=utf-8
cache-control: no-cache
content-length: 48452

16:30:56.161 [AsyncHttpClient-1-2] DEBUG org.asynchttpclient.netty.channel.ChannelManager - Adding key: http://localhost:49917 for channel [id: 0x425809db, L:/127.0.0.1:50825 - R:localhost/127.0.0.1:49917]
16:30:56.179 [main] DEBUG net.serenitybdd.core.photography.Darkroom - Send negative for processing for target\site\serenity\726498689be95b03e937dc9a91f86f8919ef49aa862f7bdefc35b0077e535bae.png
16:30:56.179 [main] DEBUG net.thucydides.core.steps.StepInterceptor - STARTING STEP: KelolaJadwalSteps.chooseTheTypeOfTreatment - buttonJenisPerawatan
16:30:56.179 [Darkroom Processing Line] DEBUG net.serenitybdd.core.photography.DarkroomProcessingLine - Processing screenshot image in /var/screenshots/screenshot-13220809478072259057
16:30:56.179 [Darkroom Processing Line] DEBUG net.serenitybdd.core.photography.DarkroomProcessingLine - Saving screenshot to target\site\serenity\726498689be95b03e937dc9a91f86f8919ef49aa862f7bdefc35b0077e535bae.png
16:30:56.211 [Forwarding findElement on session 210b0027b4538a4be99e7dcae444676e to remote] DEBUG org.asynchttpclient.netty.request.NettyRequestSender - Using pooled Channel '[id: 0x425809db, L:/127.0.0.1:50825 - R:localhost/127.0.0.1:49917]' for 'POST' to 'http://localhost:49917/session/210b0027b4538a4be99e7dcae444676e/element'
16:30:56.211 [Forwarding findElement on session 210b0027b4538a4be99e7dcae444676e to remote] DEBUG org.asynchttpclient.netty.request.NettyRequestSender - Using open Channel [id: 0x425809db, L:/127.0.0.1:50825 - R:localhost/127.0.0.1:49917] for POST '/session/210b0027b4538a4be99e7dcae444676e/element'
16:30:56.319 [AsyncHttpClient-1-2] DEBUG org.asynchttpclient.netty.handler.HttpHandler - 

Request DefaultHttpRequest(decodeResult: success, version: HTTP/1.1)
POST /session/210b0027b4538a4be99e7dcae444676e/element HTTP/1.1
User-Agent: selenium/4.1.2 (java windows)
Content-Length: 103
Content-Type: application/json; charset=utf-8
host: localhost:49917
accept: */*

Response DefaultHttpResponse(decodeResult: success, version: HTTP/1.1)
HTTP/1.1 200 OK
Content-Type: application/json; charset=utf-8
cache-control: no-cache
content-length: 88

16:30:56.319 [AsyncHttpClient-1-2] DEBUG org.asynchttpclient.netty.channel.ChannelManager - Adding key: http://localhost:49917 for channel [id: 0x425809db, L:/127.0.0.1:50825 - R:localhost/127.0.0.1:49917]
16:30:56.332 [Forwarding getElementTagName on session 210b0027b4538a4be99e7dcae444676e to remote] DEBUG org.asynchttpclient.netty.request.NettyRequestSender - Using pooled Channel '[id: 0x425809db, L:/127.0.0.1:50825 - R:localhost/127.0.0.1:49917]' for 'GET' to 'http://localhost:49917/session/210b0027b4538a4be99e7dcae444676e/element/5a92254a-850b-4d6b-81a1-427f64b77172/name'
16:30:56.332 [Forwarding getElementTagName on session 210b0027b4538a4be99e7dcae444676e to remote] DEBUG org.asynchttpclient.netty.request.NettyRequestSender - Using open Channel [id: 0x425809db, L:/127.0.0.1:50825 - R:localhost/127.0.0.1:49917] for GET '/session/210b0027b4538a4be99e7dcae444676e/element/5a92254a-850b-4d6b-81a1-427f64b77172/name'
16:30:56.352 [AsyncHttpClient-1-2] DEBUG org.asynchttpclient.netty.handler.HttpHandler - 

Request DefaultFullHttpRequest(decodeResult: success, version: HTTP/1.1, content: EmptyByteBufBE)
GET /session/210b0027b4538a4be99e7dcae444676e/element/5a92254a-850b-4d6b-81a1-427f64b77172/name HTTP/1.1
User-Agent: selenium/4.1.2 (java windows)
Cache-Control: no-cache
Content-Type: application/json; charset=utf-8
host: localhost:49917
accept: */*

Response DefaultHttpResponse(decodeResult: success, version: HTTP/1.1)
HTTP/1.1 200 OK
Content-Type: application/json; charset=utf-8
cache-control: no-cache
content-length: 18

16:30:56.352 [AsyncHttpClient-1-2] DEBUG org.asynchttpclient.netty.channel.ChannelManager - Adding key: http://localhost:49917 for channel [id: 0x425809db, L:/127.0.0.1:50825 - R:localhost/127.0.0.1:49917]
16:30:56.365 [Forwarding getElementTagName on session 210b0027b4538a4be99e7dcae444676e to remote] DEBUG org.asynchttpclient.netty.request.NettyRequestSender - Using pooled Channel '[id: 0x425809db, L:/127.0.0.1:50825 - R:localhost/127.0.0.1:49917]' for 'GET' to 'http://localhost:49917/session/210b0027b4538a4be99e7dcae444676e/element/5a92254a-850b-4d6b-81a1-427f64b77172/name'
16:30:56.369 [Forwarding getElementTagName on session 210b0027b4538a4be99e7dcae444676e to remote] DEBUG org.asynchttpclient.netty.request.NettyRequestSender - Using open Channel [id: 0x425809db, L:/127.0.0.1:50825 - R:localhost/127.0.0.1:49917] for GET '/session/210b0027b4538a4be99e7dcae444676e/element/5a92254a-850b-4d6b-81a1-427f64b77172/name'
16:30:56.511 [AsyncHttpClient-1-2] DEBUG org.asynchttpclient.netty.handler.HttpHandler - 

Request DefaultFullHttpRequest(decodeResult: success, version: HTTP/1.1, content: EmptyByteBufBE)
GET /session/210b0027b4538a4be99e7dcae444676e/element/5a92254a-850b-4d6b-81a1-427f64b77172/name HTTP/1.1
User-Agent: selenium/4.1.2 (java windows)
Cache-Control: no-cache
Content-Type: application/json; charset=utf-8
host: localhost:49917
accept: */*

Response DefaultHttpResponse(decodeResult: success, version: HTTP/1.1)
HTTP/1.1 200 OK
Content-Type: application/json; charset=utf-8
cache-control: no-cache
content-length: 18

16:30:56.518 [AsyncHttpClient-1-2] DEBUG org.asynchttpclient.netty.channel.ChannelManager - Adding key: http://localhost:49917 for channel [id: 0x425809db, L:/127.0.0.1:50825 - R:localhost/127.0.0.1:49917]
16:30:56.532 [Forwarding isElementEnabled on session 210b0027b4538a4be99e7dcae444676e to remote] DEBUG org.asynchttpclient.netty.request.NettyRequestSender - Using pooled Channel '[id: 0x425809db, L:/127.0.0.1:50825 - R:localhost/127.0.0.1:49917]' for 'GET' to 'http://localhost:49917/session/210b0027b4538a4be99e7dcae444676e/element/5a92254a-850b-4d6b-81a1-427f64b77172/enabled'
16:30:56.538 [Forwarding isElementEnabled on session 210b0027b4538a4be99e7dcae444676e to remote] DEBUG org.asynchttpclient.netty.request.NettyRequestSender - Using open Channel [id: 0x425809db, L:/127.0.0.1:50825 - R:localhost/127.0.0.1:49917] for GET '/session/210b0027b4538a4be99e7dcae444676e/element/5a92254a-850b-4d6b-81a1-427f64b77172/enabled'
16:30:56.619 [AsyncHttpClient-1-2] DEBUG org.asynchttpclient.netty.handler.HttpHandler - 

Request DefaultFullHttpRequest(decodeResult: success, version: HTTP/1.1, content: EmptyByteBufBE)
GET /session/210b0027b4538a4be99e7dcae444676e/element/5a92254a-850b-4d6b-81a1-427f64b77172/enabled HTTP/1.1
User-Agent: selenium/4.1.2 (java windows)
Cache-Control: no-cache
Content-Type: application/json; charset=utf-8
host: localhost:49917
accept: */*

Response DefaultHttpResponse(decodeResult: success, version: HTTP/1.1)
HTTP/1.1 200 OK
Content-Type: application/json; charset=utf-8
cache-control: no-cache
content-length: 14

16:30:56.619 [AsyncHttpClient-1-2] DEBUG org.asynchttpclient.netty.channel.ChannelManager - Adding key: http://localhost:49917 for channel [id: 0x425809db, L:/127.0.0.1:50825 - R:localhost/127.0.0.1:49917]
16:30:56.623 [Forwarding isElementEnabled on session 210b0027b4538a4be99e7dcae444676e to remote] DEBUG org.asynchttpclient.netty.request.NettyRequestSender - Using pooled Channel '[id: 0x425809db, L:/127.0.0.1:50825 - R:localhost/127.0.0.1:49917]' for 'GET' to 'http://localhost:49917/session/210b0027b4538a4be99e7dcae444676e/element/5a92254a-850b-4d6b-81a1-427f64b77172/enabled'
16:30:56.623 [Forwarding isElementEnabled on session 210b0027b4538a4be99e7dcae444676e to remote] DEBUG org.asynchttpclient.netty.request.NettyRequestSender - Using open Channel [id: 0x425809db, L:/127.0.0.1:50825 - R:localhost/127.0.0.1:49917] for GET '/session/210b0027b4538a4be99e7dcae444676e/element/5a92254a-850b-4d6b-81a1-427f64b77172/enabled'
16:30:56.659 [AsyncHttpClient-1-2] DEBUG org.asynchttpclient.netty.handler.HttpHandler - 

Request DefaultFullHttpRequest(decodeResult: success, version: HTTP/1.1, content: EmptyByteBufBE)
GET /session/210b0027b4538a4be99e7dcae444676e/element/5a92254a-850b-4d6b-81a1-427f64b77172/enabled HTTP/1.1
User-Agent: selenium/4.1.2 (java windows)
Cache-Control: no-cache
Content-Type: application/json; charset=utf-8
host: localhost:49917
accept: */*

Response DefaultHttpResponse(decodeResult: success, version: HTTP/1.1)
HTTP/1.1 200 OK
Content-Type: application/json; charset=utf-8
cache-control: no-cache
content-length: 14

16:30:56.661 [AsyncHttpClient-1-2] DEBUG org.asynchttpclient.netty.channel.ChannelManager - Adding key: http://localhost:49917 for channel [id: 0x425809db, L:/127.0.0.1:50825 - R:localhost/127.0.0.1:49917]
16:30:56.681 [Forwarding findElement on session 210b0027b4538a4be99e7dcae444676e to remote] DEBUG org.asynchttpclient.netty.request.NettyRequestSender - Using pooled Channel '[id: 0x425809db, L:/127.0.0.1:50825 - R:localhost/127.0.0.1:49917]' for 'POST' to 'http://localhost:49917/session/210b0027b4538a4be99e7dcae444676e/element'
16:30:56.682 [Forwarding findElement on session 210b0027b4538a4be99e7dcae444676e to remote] DEBUG org.asynchttpclient.netty.request.NettyRequestSender - Using open Channel [id: 0x425809db, L:/127.0.0.1:50825 - R:localhost/127.0.0.1:49917] for POST '/session/210b0027b4538a4be99e7dcae444676e/element'
16:30:56.713 [AsyncHttpClient-1-2] DEBUG org.asynchttpclient.netty.handler.HttpHandler - 

Request DefaultHttpRequest(decodeResult: success, version: HTTP/1.1)
POST /session/210b0027b4538a4be99e7dcae444676e/element HTTP/1.1
User-Agent: selenium/4.1.2 (java windows)
Content-Length: 103
Content-Type: application/json; charset=utf-8
host: localhost:49917
accept: */*

Response DefaultHttpResponse(decodeResult: success, version: HTTP/1.1)
HTTP/1.1 200 OK
Content-Type: application/json; charset=utf-8
cache-control: no-cache
content-length: 88

16:30:56.715 [AsyncHttpClient-1-2] DEBUG org.asynchttpclient.netty.channel.ChannelManager - Adding key: http://localhost:49917 for channel [id: 0x425809db, L:/127.0.0.1:50825 - R:localhost/127.0.0.1:49917]
16:30:56.723 [Forwarding clickElement on session 210b0027b4538a4be99e7dcae444676e to remote] DEBUG org.asynchttpclient.netty.request.NettyRequestSender - Using pooled Channel '[id: 0x425809db, L:/127.0.0.1:50825 - R:localhost/127.0.0.1:49917]' for 'POST' to 'http://localhost:49917/session/210b0027b4538a4be99e7dcae444676e/element/5a92254a-850b-4d6b-81a1-427f64b77172/click'
16:30:56.725 [Forwarding clickElement on session 210b0027b4538a4be99e7dcae444676e to remote] DEBUG org.asynchttpclient.netty.request.NettyRequestSender - Using open Channel [id: 0x425809db, L:/127.0.0.1:50825 - R:localhost/127.0.0.1:49917] for POST '/session/210b0027b4538a4be99e7dcae444676e/element/5a92254a-850b-4d6b-81a1-427f64b77172/click'
16:30:57.090 [AsyncHttpClient-1-2] DEBUG org.asynchttpclient.netty.handler.HttpHandler - 

Request DefaultHttpRequest(decodeResult: success, version: HTTP/1.1)
POST /session/210b0027b4538a4be99e7dcae444676e/element/5a92254a-850b-4d6b-81a1-427f64b77172/click HTTP/1.1
User-Agent: selenium/4.1.2 (java windows)
Content-Length: 50
Content-Type: application/json; charset=utf-8
host: localhost:49917
accept: */*

Response DefaultHttpResponse(decodeResult: success, version: HTTP/1.1)
HTTP/1.1 200 OK
Content-Type: application/json; charset=utf-8
cache-control: no-cache
content-length: 14

16:30:57.092 [AsyncHttpClient-1-2] DEBUG org.asynchttpclient.netty.channel.ChannelManager - Adding key: http://localhost:49917 for channel [id: 0x425809db, L:/127.0.0.1:50825 - R:localhost/127.0.0.1:49917]
16:30:57.167 [AsyncHttpClient-1-1] DEBUG org.asynchttpclient.netty.channel.DefaultChannelPool - Entry count for : http://localhost:49917 : 1
16:30:57.167 [AsyncHttpClient-1-1] DEBUG org.asynchttpclient.netty.channel.DefaultChannelPool - Entry count for : http://localhost:50828 : 1
16:30:57.187 [Forwarding screenshot on session 210b0027b4538a4be99e7dcae444676e to remote] DEBUG org.asynchttpclient.netty.request.NettyRequestSender - Using pooled Channel '[id: 0x425809db, L:/127.0.0.1:50825 - R:localhost/127.0.0.1:49917]' for 'GET' to 'http://localhost:49917/session/210b0027b4538a4be99e7dcae444676e/screenshot'
16:30:57.187 [Forwarding screenshot on session 210b0027b4538a4be99e7dcae444676e to remote] DEBUG org.asynchttpclient.netty.request.NettyRequestSender - Using open Channel [id: 0x425809db, L:/127.0.0.1:50825 - R:localhost/127.0.0.1:49917] for GET '/session/210b0027b4538a4be99e7dcae444676e/screenshot'
16:30:57.614 [AsyncHttpClient-1-2] DEBUG org.asynchttpclient.netty.handler.HttpHandler - 

Request DefaultFullHttpRequest(decodeResult: success, version: HTTP/1.1, content: EmptyByteBufBE)
GET /session/210b0027b4538a4be99e7dcae444676e/screenshot HTTP/1.1
User-Agent: selenium/4.1.2 (java windows)
Cache-Control: no-cache
Content-Type: application/json; charset=utf-8
host: localhost:49917
accept: */*

Response DefaultHttpResponse(decodeResult: success, version: HTTP/1.1)
HTTP/1.1 200 OK
Content-Type: application/json; charset=utf-8
cache-control: no-cache
content-length: 44492

16:30:57.621 [AsyncHttpClient-1-2] DEBUG org.asynchttpclient.netty.channel.ChannelManager - Adding key: http://localhost:49917 for channel [id: 0x425809db, L:/127.0.0.1:50825 - R:localhost/127.0.0.1:49917]
16:30:57.634 [main] DEBUG net.serenitybdd.core.photography.Darkroom - Send negative for processing for target\site\serenity\ad682b866b579e212bcfb99bc2e8db3bc8330f5ac3d14fb46c6664a9973ff2c1.png
16:30:57.634 [main] DEBUG net.thucydides.core.steps.StepInterceptor - STEP DONE: buttonJenisPerawatan
  &amp#27;[32mAnd &amp#27;[0m&amp#27;[32mChoose the type of treatment&amp#27;[0m                                     &amp#27;[90m# starter.stepdefinitios.KelolaJadwalSteps.chooseTheTypeOfTreatment()&amp#27;[0m
16:30:57.639 [Darkroom Processing Line] DEBUG net.serenitybdd.core.photography.DarkroomProcessingLine - Processing screenshot image in /var/screenshots/screenshot-16350883760498943178
16:30:57.639 [Darkroom Processing Line] DEBUG net.serenitybdd.core.photography.DarkroomProcessingLine - Saving screenshot to target\site\serenity\ad682b866b579e212bcfb99bc2e8db3bc8330f5ac3d14fb46c6664a9973ff2c1.png
16:30:57.704 [Forwarding screenshot on session 210b0027b4538a4be99e7dcae444676e to remote] DEBUG org.asynchttpclient.netty.request.NettyRequestSender - Using pooled Channel '[id: 0x425809db, L:/127.0.0.1:50825 - R:localhost/127.0.0.1:49917]' for 'GET' to 'http://localhost:49917/session/210b0027b4538a4be99e7dcae444676e/screenshot'
16:30:57.704 [Forwarding screenshot on session 210b0027b4538a4be99e7dcae444676e to remote] DEBUG org.asynchttpclient.netty.request.NettyRequestSender - Using open Channel [id: 0x425809db, L:/127.0.0.1:50825 - R:localhost/127.0.0.1:49917] for GET '/session/210b0027b4538a4be99e7dcae444676e/screenshot'
16:30:58.079 [AsyncHttpClient-1-2] DEBUG org.asynchttpclient.netty.handler.HttpHandler - 

Request DefaultFullHttpRequest(decodeResult: success, version: HTTP/1.1, content: EmptyByteBufBE)
GET /session/210b0027b4538a4be99e7dcae444676e/screenshot HTTP/1.1
User-Agent: selenium/4.1.2 (java windows)
Cache-Control: no-cache
Content-Type: application/json; charset=utf-8
host: localhost:49917
accept: */*

Response DefaultHttpResponse(decodeResult: success, version: HTTP/1.1)
HTTP/1.1 200 OK
Content-Type: application/json; charset=utf-8
cache-control: no-cache
content-length: 44072

16:30:58.079 [AsyncHttpClient-1-2] DEBUG org.asynchttpclient.netty.channel.ChannelManager - Adding key: http://localhost:49917 for channel [id: 0x425809db, L:/127.0.0.1:50825 - R:localhost/127.0.0.1:49917]
16:30:58.091 [main] DEBUG net.serenitybdd.core.photography.Darkroom - Send negative for processing for target\site\serenity\7d7f6c50e3356497100ebb98ff10931f4bc6ffc74af25908846ce7d62a9dce06.png
16:30:58.094 [Darkroom Processing Line] DEBUG net.serenitybdd.core.photography.DarkroomProcessingLine - Processing screenshot image in /var/screenshots/screenshot-13331237706428585104
16:30:58.094 [Darkroom Processing Line] DEBUG net.serenitybdd.core.photography.DarkroomProcessingLine - Saving screenshot to target\site\serenity\7d7f6c50e3356497100ebb98ff10931f4bc6ffc74af25908846ce7d62a9dce06.png
16:30:58.155 [Forwarding screenshot on session 210b0027b4538a4be99e7dcae444676e to remote] DEBUG org.asynchttpclient.netty.request.NettyRequestSender - Using pooled Channel '[id: 0x425809db, L:/127.0.0.1:50825 - R:localhost/127.0.0.1:49917]' for 'GET' to 'http://localhost:49917/session/210b0027b4538a4be99e7dcae444676e/screenshot'
16:30:58.157 [Forwarding screenshot on session 210b0027b4538a4be99e7dcae444676e to remote] DEBUG org.asynchttpclient.netty.request.NettyRequestSender - Using open Channel [id: 0x425809db, L:/127.0.0.1:50825 - R:localhost/127.0.0.1:49917] for GET '/session/210b0027b4538a4be99e7dcae444676e/screenshot'
16:30:58.242 [AsyncHttpClient-1-1] DEBUG org.asynchttpclient.netty.channel.DefaultChannelPool - Entry count for : http://localhost:50828 : 1
16:30:58.491 [AsyncHttpClient-1-2] DEBUG org.asynchttpclient.netty.handler.HttpHandler - 

Request DefaultFullHttpRequest(decodeResult: success, version: HTTP/1.1, content: EmptyByteBufBE)
GET /session/210b0027b4538a4be99e7dcae444676e/screenshot HTTP/1.1
User-Agent: selenium/4.1.2 (java windows)
Cache-Control: no-cache
Content-Type: application/json; charset=utf-8
host: localhost:49917
accept: */*

Response DefaultHttpResponse(decodeResult: success, version: HTTP/1.1)
HTTP/1.1 200 OK
Content-Type: application/json; charset=utf-8
cache-control: no-cache
content-length: 44064

16:30:58.491 [AsyncHttpClient-1-2] DEBUG org.asynchttpclient.netty.channel.ChannelManager - Adding key: http://localhost:49917 for channel [id: 0x425809db, L:/127.0.0.1:50825 - R:localhost/127.0.0.1:49917]
16:30:58.503 [main] DEBUG net.serenitybdd.core.photography.Darkroom - Send negative for processing for target\site\serenity\e2aa71330f2177b6302d7b6a3dbf9a39233768d2e5cce86a90e704e5efd769b5.png
16:30:58.503 [main] DEBUG net.thucydides.core.steps.StepInterceptor - STARTING STEP: KelolaJadwalSteps.clickRawatJalan - buttonRawatJalan
16:30:58.503 [Darkroom Processing Line] DEBUG net.serenitybdd.core.photography.DarkroomProcessingLine - Processing screenshot image in /var/screenshots/screenshot-5498078269014060342
16:30:58.503 [Darkroom Processing Line] DEBUG net.serenitybdd.core.photography.DarkroomProcessingLine - Saving screenshot to target\site\serenity\e2aa71330f2177b6302d7b6a3dbf9a39233768d2e5cce86a90e704e5efd769b5.png
16:30:58.522 [Forwarding findElement on session 210b0027b4538a4be99e7dcae444676e to remote] DEBUG org.asynchttpclient.netty.request.NettyRequestSender - Using pooled Channel '[id: 0x425809db, L:/127.0.0.1:50825 - R:localhost/127.0.0.1:49917]' for 'POST' to 'http://localhost:49917/session/210b0027b4538a4be99e7dcae444676e/element'
16:30:58.522 [Forwarding findElement on session 210b0027b4538a4be99e7dcae444676e to remote] DEBUG org.asynchttpclient.netty.request.NettyRequestSender - Using open Channel [id: 0x425809db, L:/127.0.0.1:50825 - R:localhost/127.0.0.1:49917] for POST '/session/210b0027b4538a4be99e7dcae444676e/element'
16:30:58.593 [AsyncHttpClient-1-2] DEBUG org.asynchttpclient.netty.handler.HttpHandler - 

Request DefaultHttpRequest(decodeResult: success, version: HTTP/1.1)
POST /session/210b0027b4538a4be99e7dcae444676e/element HTTP/1.1
User-Agent: selenium/4.1.2 (java windows)
Content-Length: 74
Content-Type: application/json; charset=utf-8
host: localhost:49917
accept: */*

Response DefaultHttpResponse(decodeResult: success, version: HTTP/1.1)
HTTP/1.1 200 OK
Content-Type: application/json; charset=utf-8
cache-control: no-cache
content-length: 88

16:30:58.593 [AsyncHttpClient-1-2] DEBUG org.asynchttpclient.netty.channel.ChannelManager - Adding key: http://localhost:49917 for channel [id: 0x425809db, L:/127.0.0.1:50825 - R:localhost/127.0.0.1:49917]
16:30:58.602 [Forwarding getElementTagName on session 210b0027b4538a4be99e7dcae444676e to remote] DEBUG org.asynchttpclient.netty.request.NettyRequestSender - Using pooled Channel '[id: 0x425809db, L:/127.0.0.1:50825 - R:localhost/127.0.0.1:49917]' for 'GET' to 'http://localhost:49917/session/210b0027b4538a4be99e7dcae444676e/element/adaec2b3-316f-48b3-98bb-dcfe61c76df0/name'
16:30:58.602 [Forwarding getElementTagName on session 210b0027b4538a4be99e7dcae444676e to remote] DEBUG org.asynchttpclient.netty.request.NettyRequestSender - Using open Channel [id: 0x425809db, L:/127.0.0.1:50825 - R:localhost/127.0.0.1:49917] for GET '/session/210b0027b4538a4be99e7dcae444676e/element/adaec2b3-316f-48b3-98bb-dcfe61c76df0/name'
16:30:58.631 [AsyncHttpClient-1-2] DEBUG org.asynchttpclient.netty.handler.HttpHandler - 

Request DefaultFullHttpRequest(decodeResult: success, version: HTTP/1.1, content: EmptyByteBufBE)
GET /session/210b0027b4538a4be99e7dcae444676e/element/adaec2b3-316f-48b3-98bb-dcfe61c76df0/name HTTP/1.1
User-Agent: selenium/4.1.2 (java windows)
Cache-Control: no-cache
Content-Type: application/json; charset=utf-8
host: localhost:49917
accept: */*

Response DefaultHttpResponse(decodeResult: success, version: HTTP/1.1)
HTTP/1.1 200 OK
Content-Type: application/json; charset=utf-8
cache-control: no-cache
content-length: 18

16:30:58.631 [AsyncHttpClient-1-2] DEBUG org.asynchttpclient.netty.channel.ChannelManager - Adding key: http://localhost:49917 for channel [id: 0x425809db, L:/127.0.0.1:50825 - R:localhost/127.0.0.1:49917]
16:30:58.638 [Forwarding getElementTagName on session 210b0027b4538a4be99e7dcae444676e to remote] DEBUG org.asynchttpclient.netty.request.NettyRequestSender - Using pooled Channel '[id: 0x425809db, L:/127.0.0.1:50825 - R:localhost/127.0.0.1:49917]' for 'GET' to 'http://localhost:49917/session/210b0027b4538a4be99e7dcae444676e/element/adaec2b3-316f-48b3-98bb-dcfe61c76df0/name'
16:30:58.639 [Forwarding getElementTagName on session 210b0027b4538a4be99e7dcae444676e to remote] DEBUG org.asynchttpclient.netty.request.NettyRequestSender - Using open Channel [id: 0x425809db, L:/127.0.0.1:50825 - R:localhost/127.0.0.1:49917] for GET '/session/210b0027b4538a4be99e7dcae444676e/element/adaec2b3-316f-48b3-98bb-dcfe61c76df0/name'
16:30:58.683 [AsyncHttpClient-1-2] DEBUG org.asynchttpclient.netty.handler.HttpHandler - 

Request DefaultFullHttpRequest(decodeResult: success, version: HTTP/1.1, content: EmptyByteBufBE)
GET /session/210b0027b4538a4be99e7dcae444676e/element/adaec2b3-316f-48b3-98bb-dcfe61c76df0/name HTTP/1.1
User-Agent: selenium/4.1.2 (java windows)
Cache-Control: no-cache
Content-Type: application/json; charset=utf-8
host: localhost:49917
accept: */*

Response DefaultHttpResponse(decodeResult: success, version: HTTP/1.1)
HTTP/1.1 200 OK
Content-Type: application/json; charset=utf-8
cache-control: no-cache
content-length: 18

16:30:58.685 [AsyncHttpClient-1-2] DEBUG org.asynchttpclient.netty.channel.ChannelManager - Adding key: http://localhost:49917 for channel [id: 0x425809db, L:/127.0.0.1:50825 - R:localhost/127.0.0.1:49917]
16:30:58.695 [Forwarding isElementEnabled on session 210b0027b4538a4be99e7dcae444676e to remote] DEBUG org.asynchttpclient.netty.request.NettyRequestSender - Using pooled Channel '[id: 0x425809db, L:/127.0.0.1:50825 - R:localhost/127.0.0.1:49917]' for 'GET' to 'http://localhost:49917/session/210b0027b4538a4be99e7dcae444676e/element/adaec2b3-316f-48b3-98bb-dcfe61c76df0/enabled'
16:30:58.695 [Forwarding isElementEnabled on session 210b0027b4538a4be99e7dcae444676e to remote] DEBUG org.asynchttpclient.netty.request.NettyRequestSender - Using open Channel [id: 0x425809db, L:/127.0.0.1:50825 - R:localhost/127.0.0.1:49917] for GET '/session/210b0027b4538a4be99e7dcae444676e/element/adaec2b3-316f-48b3-98bb-dcfe61c76df0/enabled'
16:30:58.741 [AsyncHttpClient-1-2] DEBUG org.asynchttpclient.netty.handler.HttpHandler - 

Request DefaultFullHttpRequest(decodeResult: success, version: HTTP/1.1, content: EmptyByteBufBE)
GET /session/210b0027b4538a4be99e7dcae444676e/element/adaec2b3-316f-48b3-98bb-dcfe61c76df0/enabled HTTP/1.1
User-Agent: selenium/4.1.2 (java windows)
Cache-Control: no-cache
Content-Type: application/json; charset=utf-8
host: localhost:49917
accept: */*

Response DefaultHttpResponse(decodeResult: success, version: HTTP/1.1)
HTTP/1.1 200 OK
Content-Type: application/json; charset=utf-8
cache-control: no-cache
content-length: 14

16:30:58.741 [AsyncHttpClient-1-2] DEBUG org.asynchttpclient.netty.channel.ChannelManager - Adding key: http://localhost:49917 for channel [id: 0x425809db, L:/127.0.0.1:50825 - R:localhost/127.0.0.1:49917]
16:30:58.749 [Forwarding isElementEnabled on session 210b0027b4538a4be99e7dcae444676e to remote] DEBUG org.asynchttpclient.netty.request.NettyRequestSender - Using pooled Channel '[id: 0x425809db, L:/127.0.0.1:50825 - R:localhost/127.0.0.1:49917]' for 'GET' to 'http://localhost:49917/session/210b0027b4538a4be99e7dcae444676e/element/adaec2b3-316f-48b3-98bb-dcfe61c76df0/enabled'
16:30:58.751 [Forwarding isElementEnabled on session 210b0027b4538a4be99e7dcae444676e to remote] DEBUG org.asynchttpclient.netty.request.NettyRequestSender - Using open Channel [id: 0x425809db, L:/127.0.0.1:50825 - R:localhost/127.0.0.1:49917] for GET '/session/210b0027b4538a4be99e7dcae444676e/element/adaec2b3-316f-48b3-98bb-dcfe61c76df0/enabled'
16:30:58.785 [AsyncHttpClient-1-2] DEBUG org.asynchttpclient.netty.handler.HttpHandler - 

Request DefaultFullHttpRequest(decodeResult: success, version: HTTP/1.1, content: EmptyByteBufBE)
GET /session/210b0027b4538a4be99e7dcae444676e/element/adaec2b3-316f-48b3-98bb-dcfe61c76df0/enabled HTTP/1.1
User-Agent: selenium/4.1.2 (java windows)
Cache-Control: no-cache
Content-Type: application/json; charset=utf-8
host: localhost:49917
accept: */*

Response DefaultHttpResponse(decodeResult: success, version: HTTP/1.1)
HTTP/1.1 200 OK
Content-Type: application/json; charset=utf-8
cache-control: no-cache
content-length: 14

16:30:58.787 [AsyncHttpClient-1-2] DEBUG org.asynchttpclient.netty.channel.ChannelManager - Adding key: http://localhost:49917 for channel [id: 0x425809db, L:/127.0.0.1:50825 - R:localhost/127.0.0.1:49917]
16:30:58.795 [Forwarding findElement on session 210b0027b4538a4be99e7dcae444676e to remote] DEBUG org.asynchttpclient.netty.request.NettyRequestSender - Using pooled Channel '[id: 0x425809db, L:/127.0.0.1:50825 - R:localhost/127.0.0.1:49917]' for 'POST' to 'http://localhost:49917/session/210b0027b4538a4be99e7dcae444676e/element'
16:30:58.797 [Forwarding findElement on session 210b0027b4538a4be99e7dcae444676e to remote] DEBUG org.asynchttpclient.netty.request.NettyRequestSender - Using open Channel [id: 0x425809db, L:/127.0.0.1:50825 - R:localhost/127.0.0.1:49917] for POST '/session/210b0027b4538a4be99e7dcae444676e/element'
16:30:58.831 [AsyncHttpClient-1-2] DEBUG org.asynchttpclient.netty.handler.HttpHandler - 

Request DefaultHttpRequest(decodeResult: success, version: HTTP/1.1)
POST /session/210b0027b4538a4be99e7dcae444676e/element HTTP/1.1
User-Agent: selenium/4.1.2 (java windows)
Content-Length: 74
Content-Type: application/json; charset=utf-8
host: localhost:49917
accept: */*

Response DefaultHttpResponse(decodeResult: success, version: HTTP/1.1)
HTTP/1.1 200 OK
Content-Type: application/json; charset=utf-8
cache-control: no-cache
content-length: 88

16:30:58.831 [AsyncHttpClient-1-2] DEBUG org.asynchttpclient.netty.channel.ChannelManager - Adding key: http://localhost:49917 for channel [id: 0x425809db, L:/127.0.0.1:50825 - R:localhost/127.0.0.1:49917]
16:30:58.841 [Forwarding clickElement on session 210b0027b4538a4be99e7dcae444676e to remote] DEBUG org.asynchttpclient.netty.request.NettyRequestSender - Using pooled Channel '[id: 0x425809db, L:/127.0.0.1:50825 - R:localhost/127.0.0.1:49917]' for 'POST' to 'http://localhost:49917/session/210b0027b4538a4be99e7dcae444676e/element/adaec2b3-316f-48b3-98bb-dcfe61c76df0/click'
16:30:58.841 [Forwarding clickElement on session 210b0027b4538a4be99e7dcae444676e to remote] DEBUG org.asynchttpclient.netty.request.NettyRequestSender - Using open Channel [id: 0x425809db, L:/127.0.0.1:50825 - R:localhost/127.0.0.1:49917] for POST '/session/210b0027b4538a4be99e7dcae444676e/element/adaec2b3-316f-48b3-98bb-dcfe61c76df0/click'
16:30:59.079 [AsyncHttpClient-1-2] DEBUG org.asynchttpclient.netty.handler.HttpHandler - 

Request DefaultHttpRequest(decodeResult: success, version: HTTP/1.1)
POST /session/210b0027b4538a4be99e7dcae444676e/element/adaec2b3-316f-48b3-98bb-dcfe61c76df0/click HTTP/1.1
User-Agent: selenium/4.1.2 (java windows)
Content-Length: 50
Content-Type: application/json; charset=utf-8
host: localhost:49917
accept: */*

Response DefaultHttpResponse(decodeResult: success, version: HTTP/1.1)
HTTP/1.1 200 OK
Content-Type: application/json; charset=utf-8
cache-control: no-cache
content-length: 14

16:30:59.079 [AsyncHttpClient-1-2] DEBUG org.asynchttpclient.netty.channel.ChannelManager - Adding key: http://localhost:49917 for channel [id: 0x425809db, L:/127.0.0.1:50825 - R:localhost/127.0.0.1:49917]
16:30:59.126 [Forwarding screenshot on session 210b0027b4538a4be99e7dcae444676e to remote] DEBUG org.asynchttpclient.netty.request.NettyRequestSender - Using pooled Channel '[id: 0x425809db, L:/127.0.0.1:50825 - R:localhost/127.0.0.1:49917]' for 'GET' to 'http://localhost:49917/session/210b0027b4538a4be99e7dcae444676e/screenshot'
16:30:59.126 [Forwarding screenshot on session 210b0027b4538a4be99e7dcae444676e to remote] DEBUG org.asynchttpclient.netty.request.NettyRequestSender - Using open Channel [id: 0x425809db, L:/127.0.0.1:50825 - R:localhost/127.0.0.1:49917] for GET '/session/210b0027b4538a4be99e7dcae444676e/screenshot'
16:30:59.377 [AsyncHttpClient-1-1] DEBUG org.asynchttpclient.netty.channel.DefaultChannelPool - Entry count for : http://localhost:50828 : 1
16:30:59.459 [AsyncHttpClient-1-2] DEBUG org.asynchttpclient.netty.handler.HttpHandler - 

Request DefaultFullHttpRequest(decodeResult: success, version: HTTP/1.1, content: EmptyByteBufBE)
GET /session/210b0027b4538a4be99e7dcae444676e/screenshot HTTP/1.1
User-Agent: selenium/4.1.2 (java windows)
Cache-Control: no-cache
Content-Type: application/json; charset=utf-8
host: localhost:49917
accept: */*

Response DefaultHttpResponse(decodeResult: success, version: HTTP/1.1)
HTTP/1.1 200 OK
Content-Type: application/json; charset=utf-8
cache-control: no-cache
content-length: 43480

16:30:59.466 [AsyncHttpClient-1-2] DEBUG org.asynchttpclient.netty.channel.ChannelManager - Adding key: http://localhost:49917 for channel [id: 0x425809db, L:/127.0.0.1:50825 - R:localhost/127.0.0.1:49917]
16:30:59.476 [main] DEBUG net.serenitybdd.core.photography.Darkroom - Send negative for processing for target\site\serenity\46461f1d1ff6fe2ea70c19e20ab7b0b89ce91d362ec021f9fa643bf87c416618.png
16:30:59.479 [main] DEBUG net.thucydides.core.steps.StepInterceptor - STEP DONE: buttonRawatJalan
  &amp#27;[32mAnd &amp#27;[0m&amp#27;[32mClick rawat jalan&amp#27;[0m                                                &amp#27;[90m# starter.stepdefinitios.KelolaJadwalSteps.clickRawatJalan()&amp#27;[0m
16:30:59.480 [Darkroom Processing Line] DEBUG net.serenitybdd.core.photography.DarkroomProcessingLine - Processing screenshot image in /var/screenshots/screenshot-12215511723884186422
16:30:59.480 [Darkroom Processing Line] DEBUG net.serenitybdd.core.photography.DarkroomProcessingLine - Saving screenshot to target\site\serenity\46461f1d1ff6fe2ea70c19e20ab7b0b89ce91d362ec021f9fa643bf87c416618.png
16:30:59.544 [Forwarding screenshot on session 210b0027b4538a4be99e7dcae444676e to remote] DEBUG org.asynchttpclient.netty.request.NettyRequestSender - Using pooled Channel '[id: 0x425809db, L:/127.0.0.1:50825 - R:localhost/127.0.0.1:49917]' for 'GET' to 'http://localhost:49917/session/210b0027b4538a4be99e7dcae444676e/screenshot'
16:30:59.544 [Forwarding screenshot on session 210b0027b4538a4be99e7dcae444676e to remote] DEBUG org.asynchttpclient.netty.request.NettyRequestSender - Using open Channel [id: 0x425809db, L:/127.0.0.1:50825 - R:localhost/127.0.0.1:49917] for GET '/session/210b0027b4538a4be99e7dcae444676e/screenshot'
16:30:59.869 [AsyncHttpClient-1-2] DEBUG org.asynchttpclient.netty.handler.HttpHandler - 

Request DefaultFullHttpRequest(decodeResult: success, version: HTTP/1.1, content: EmptyByteBufBE)
GET /session/210b0027b4538a4be99e7dcae444676e/screenshot HTTP/1.1
User-Agent: selenium/4.1.2 (java windows)
Cache-Control: no-cache
Content-Type: application/json; charset=utf-8
host: localhost:49917
accept: */*

Response DefaultHttpResponse(decodeResult: success, version: HTTP/1.1)
HTTP/1.1 200 OK
Content-Type: application/json; charset=utf-8
cache-control: no-cache
content-length: 43480

16:30:59.871 [AsyncHttpClient-1-2] DEBUG org.asynchttpclient.netty.channel.ChannelManager - Adding key: http://localhost:49917 for channel [id: 0x425809db, L:/127.0.0.1:50825 - R:localhost/127.0.0.1:49917]
16:30:59.880 [main] DEBUG net.serenitybdd.core.photography.Darkroom - Send negative for processing for target\site\serenity\46461f1d1ff6fe2ea70c19e20ab7b0b89ce91d362ec021f9fa643bf87c416618.png
16:30:59.921 [main] DEBUG net.thucydides.core.steps.StepInterceptor - STARTING STEP: KelolaJadwalSteps.clickSimpan - buttonSave
16:30:59.941 [Forwarding findElement on session 210b0027b4538a4be99e7dcae444676e to remote] DEBUG org.asynchttpclient.netty.request.NettyRequestSender - Using pooled Channel '[id: 0x425809db, L:/127.0.0.1:50825 - R:localhost/127.0.0.1:49917]' for 'POST' to 'http://localhost:49917/session/210b0027b4538a4be99e7dcae444676e/element'
16:30:59.942 [Forwarding findElement on session 210b0027b4538a4be99e7dcae444676e to remote] DEBUG org.asynchttpclient.netty.request.NettyRequestSender - Using open Channel [id: 0x425809db, L:/127.0.0.1:50825 - R:localhost/127.0.0.1:49917] for POST '/session/210b0027b4538a4be99e7dcae444676e/element'
16:31:00.009 [AsyncHttpClient-1-2] DEBUG org.asynchttpclient.netty.handler.HttpHandler - 

Request DefaultHttpRequest(decodeResult: success, version: HTTP/1.1)
POST /session/210b0027b4538a4be99e7dcae444676e/element HTTP/1.1
User-Agent: selenium/4.1.2 (java windows)
Content-Length: 68
Content-Type: application/json; charset=utf-8
host: localhost:49917
accept: */*

Response DefaultHttpResponse(decodeResult: success, version: HTTP/1.1)
HTTP/1.1 200 OK
Content-Type: application/json; charset=utf-8
cache-control: no-cache
content-length: 88

16:31:00.014 [AsyncHttpClient-1-2] DEBUG org.asynchttpclient.netty.channel.ChannelManager - Adding key: http://localhost:49917 for channel [id: 0x425809db, L:/127.0.0.1:50825 - R:localhost/127.0.0.1:49917]
16:31:00.021 [Forwarding getElementTagName on session 210b0027b4538a4be99e7dcae444676e to remote] DEBUG org.asynchttpclient.netty.request.NettyRequestSender - Using pooled Channel '[id: 0x425809db, L:/127.0.0.1:50825 - R:localhost/127.0.0.1:49917]' for 'GET' to 'http://localhost:49917/session/210b0027b4538a4be99e7dcae444676e/element/5c389cf1-660c-496d-be1f-044288084701/name'
16:31:00.021 [Forwarding getElementTagName on session 210b0027b4538a4be99e7dcae444676e to remote] DEBUG org.asynchttpclient.netty.request.NettyRequestSender - Using open Channel [id: 0x425809db, L:/127.0.0.1:50825 - R:localhost/127.0.0.1:49917] for GET '/session/210b0027b4538a4be99e7dcae444676e/element/5c389cf1-660c-496d-be1f-044288084701/name'
16:31:00.049 [AsyncHttpClient-1-2] DEBUG org.asynchttpclient.netty.handler.HttpHandler - 

Request DefaultFullHttpRequest(decodeResult: success, version: HTTP/1.1, content: EmptyByteBufBE)
GET /session/210b0027b4538a4be99e7dcae444676e/element/5c389cf1-660c-496d-be1f-044288084701/name HTTP/1.1
User-Agent: selenium/4.1.2 (java windows)
Cache-Control: no-cache
Content-Type: application/json; charset=utf-8
host: localhost:49917
accept: */*

Response DefaultHttpResponse(decodeResult: success, version: HTTP/1.1)
HTTP/1.1 200 OK
Content-Type: application/json; charset=utf-8
cache-control: no-cache
content-length: 18

16:31:00.049 [AsyncHttpClient-1-2] DEBUG org.asynchttpclient.netty.channel.ChannelManager - Adding key: http://localhost:49917 for channel [id: 0x425809db, L:/127.0.0.1:50825 - R:localhost/127.0.0.1:49917]
16:31:00.057 [Forwarding getElementTagName on session 210b0027b4538a4be99e7dcae444676e to remote] DEBUG org.asynchttpclient.netty.request.NettyRequestSender - Using pooled Channel '[id: 0x425809db, L:/127.0.0.1:50825 - R:localhost/127.0.0.1:49917]' for 'GET' to 'http://localhost:49917/session/210b0027b4538a4be99e7dcae444676e/element/5c389cf1-660c-496d-be1f-044288084701/name'
16:31:00.057 [Forwarding getElementTagName on session 210b0027b4538a4be99e7dcae444676e to remote] DEBUG org.asynchttpclient.netty.request.NettyRequestSender - Using open Channel [id: 0x425809db, L:/127.0.0.1:50825 - R:localhost/127.0.0.1:49917] for GET '/session/210b0027b4538a4be99e7dcae444676e/element/5c389cf1-660c-496d-be1f-044288084701/name'
16:31:00.074 [AsyncHttpClient-1-2] DEBUG org.asynchttpclient.netty.handler.HttpHandler - 

Request DefaultFullHttpRequest(decodeResult: success, version: HTTP/1.1, content: EmptyByteBufBE)
GET /session/210b0027b4538a4be99e7dcae444676e/element/5c389cf1-660c-496d-be1f-044288084701/name HTTP/1.1
User-Agent: selenium/4.1.2 (java windows)
Cache-Control: no-cache
Content-Type: application/json; charset=utf-8
host: localhost:49917
accept: */*

Response DefaultHttpResponse(decodeResult: success, version: HTTP/1.1)
HTTP/1.1 200 OK
Content-Type: application/json; charset=utf-8
cache-control: no-cache
content-length: 18

16:31:00.075 [AsyncHttpClient-1-2] DEBUG org.asynchttpclient.netty.channel.ChannelManager - Adding key: http://localhost:49917 for channel [id: 0x425809db, L:/127.0.0.1:50825 - R:localhost/127.0.0.1:49917]
16:31:00.087 [Forwarding isElementEnabled on session 210b0027b4538a4be99e7dcae444676e to remote] DEBUG org.asynchttpclient.netty.request.NettyRequestSender - Using pooled Channel '[id: 0x425809db, L:/127.0.0.1:50825 - R:localhost/127.0.0.1:49917]' for 'GET' to 'http://localhost:49917/session/210b0027b4538a4be99e7dcae444676e/element/5c389cf1-660c-496d-be1f-044288084701/enabled'
16:31:00.087 [Forwarding isElementEnabled on session 210b0027b4538a4be99e7dcae444676e to remote] DEBUG org.asynchttpclient.netty.request.NettyRequestSender - Using open Channel [id: 0x425809db, L:/127.0.0.1:50825 - R:localhost/127.0.0.1:49917] for GET '/session/210b0027b4538a4be99e7dcae444676e/element/5c389cf1-660c-496d-be1f-044288084701/enabled'
16:31:00.122 [AsyncHttpClient-1-2] DEBUG org.asynchttpclient.netty.handler.HttpHandler - 

Request DefaultFullHttpRequest(decodeResult: success, version: HTTP/1.1, content: EmptyByteBufBE)
GET /session/210b0027b4538a4be99e7dcae444676e/element/5c389cf1-660c-496d-be1f-044288084701/enabled HTTP/1.1
User-Agent: selenium/4.1.2 (java windows)
Cache-Control: no-cache
Content-Type: application/json; charset=utf-8
host: localhost:49917
accept: */*

Response DefaultHttpResponse(decodeResult: success, version: HTTP/1.1)
HTTP/1.1 200 OK
Content-Type: application/json; charset=utf-8
cache-control: no-cache
content-length: 14

16:31:00.122 [AsyncHttpClient-1-2] DEBUG org.asynchttpclient.netty.channel.ChannelManager - Adding key: http://localhost:49917 for channel [id: 0x425809db, L:/127.0.0.1:50825 - R:localhost/127.0.0.1:49917]
16:31:00.130 [Forwarding isElementEnabled on session 210b0027b4538a4be99e7dcae444676e to remote] DEBUG org.asynchttpclient.netty.request.NettyRequestSender - Using pooled Channel '[id: 0x425809db, L:/127.0.0.1:50825 - R:localhost/127.0.0.1:49917]' for 'GET' to 'http://localhost:49917/session/210b0027b4538a4be99e7dcae444676e/element/5c389cf1-660c-496d-be1f-044288084701/enabled'
16:31:00.130 [Forwarding isElementEnabled on session 210b0027b4538a4be99e7dcae444676e to remote] DEBUG org.asynchttpclient.netty.request.NettyRequestSender - Using open Channel [id: 0x425809db, L:/127.0.0.1:50825 - R:localhost/127.0.0.1:49917] for GET '/session/210b0027b4538a4be99e7dcae444676e/element/5c389cf1-660c-496d-be1f-044288084701/enabled'
16:31:00.160 [AsyncHttpClient-1-2] DEBUG org.asynchttpclient.netty.handler.HttpHandler - 

Request DefaultFullHttpRequest(decodeResult: success, version: HTTP/1.1, content: EmptyByteBufBE)
GET /session/210b0027b4538a4be99e7dcae444676e/element/5c389cf1-660c-496d-be1f-044288084701/enabled HTTP/1.1
User-Agent: selenium/4.1.2 (java windows)
Cache-Control: no-cache
Content-Type: application/json; charset=utf-8
host: localhost:49917
accept: */*

Response DefaultHttpResponse(decodeResult: success, version: HTTP/1.1)
HTTP/1.1 200 OK
Content-Type: application/json; charset=utf-8
cache-control: no-cache
content-length: 14

16:31:00.162 [AsyncHttpClient-1-2] DEBUG org.asynchttpclient.netty.channel.ChannelManager - Adding key: http://localhost:49917 for channel [id: 0x425809db, L:/127.0.0.1:50825 - R:localhost/127.0.0.1:49917]
16:31:00.171 [Forwarding findElement on session 210b0027b4538a4be99e7dcae444676e to remote] DEBUG org.asynchttpclient.netty.request.NettyRequestSender - Using pooled Channel '[id: 0x425809db, L:/127.0.0.1:50825 - R:localhost/127.0.0.1:49917]' for 'POST' to 'http://localhost:49917/session/210b0027b4538a4be99e7dcae444676e/element'
16:31:00.171 [Forwarding findElement on session 210b0027b4538a4be99e7dcae444676e to remote] DEBUG org.asynchttpclient.netty.request.NettyRequestSender - Using open Channel [id: 0x425809db, L:/127.0.0.1:50825 - R:localhost/127.0.0.1:49917] for POST '/session/210b0027b4538a4be99e7dcae444676e/element'
16:31:00.209 [AsyncHttpClient-1-2] DEBUG org.asynchttpclient.netty.handler.HttpHandler - 

Request DefaultHttpRequest(decodeResult: success, version: HTTP/1.1)
POST /session/210b0027b4538a4be99e7dcae444676e/element HTTP/1.1
User-Agent: selenium/4.1.2 (java windows)
Content-Length: 68
Content-Type: application/json; charset=utf-8
host: localhost:49917
accept: */*

Response DefaultHttpResponse(decodeResult: success, version: HTTP/1.1)
HTTP/1.1 200 OK
Content-Type: application/json; charset=utf-8
cache-control: no-cache
content-length: 88

16:31:00.212 [AsyncHttpClient-1-2] DEBUG org.asynchttpclient.netty.channel.ChannelManager - Adding key: http://localhost:49917 for channel [id: 0x425809db, L:/127.0.0.1:50825 - R:localhost/127.0.0.1:49917]
16:31:00.220 [Forwarding clickElement on session 210b0027b4538a4be99e7dcae444676e to remote] DEBUG org.asynchttpclient.netty.request.NettyRequestSender - Using pooled Channel '[id: 0x425809db, L:/127.0.0.1:50825 - R:localhost/127.0.0.1:49917]' for 'POST' to 'http://localhost:49917/session/210b0027b4538a4be99e7dcae444676e/element/5c389cf1-660c-496d-be1f-044288084701/click'
16:31:00.220 [Forwarding clickElement on session 210b0027b4538a4be99e7dcae444676e to remote] DEBUG org.asynchttpclient.netty.request.NettyRequestSender - Using open Channel [id: 0x425809db, L:/127.0.0.1:50825 - R:localhost/127.0.0.1:49917] for POST '/session/210b0027b4538a4be99e7dcae444676e/element/5c389cf1-660c-496d-be1f-044288084701/click'
16:31:00.415 [AsyncHttpClient-1-2] DEBUG org.asynchttpclient.netty.handler.HttpHandler - 

Request DefaultHttpRequest(decodeResult: success, version: HTTP/1.1)
POST /session/210b0027b4538a4be99e7dcae444676e/element/5c389cf1-660c-496d-be1f-044288084701/click HTTP/1.1
User-Agent: selenium/4.1.2 (java windows)
Content-Length: 50
Content-Type: application/json; charset=utf-8
host: localhost:49917
accept: */*

Response DefaultHttpResponse(decodeResult: success, version: HTTP/1.1)
HTTP/1.1 200 OK
Content-Type: application/json; charset=utf-8
cache-control: no-cache
content-length: 14

16:31:00.421 [AsyncHttpClient-1-2] DEBUG org.asynchttpclient.netty.channel.ChannelManager - Adding key: http://localhost:49917 for channel [id: 0x425809db, L:/127.0.0.1:50825 - R:localhost/127.0.0.1:49917]
16:31:00.455 [AsyncHttpClient-1-1] DEBUG org.asynchttpclient.netty.channel.DefaultChannelPool - Entry count for : http://localhost:49917 : 1
16:31:00.455 [AsyncHttpClient-1-1] DEBUG org.asynchttpclient.netty.channel.DefaultChannelPool - Entry count for : http://localhost:50828 : 1
16:31:00.481 [Forwarding screenshot on session 210b0027b4538a4be99e7dcae444676e to remote] DEBUG org.asynchttpclient.netty.request.NettyRequestSender - Using pooled Channel '[id: 0x425809db, L:/127.0.0.1:50825 - R:localhost/127.0.0.1:49917]' for 'GET' to 'http://localhost:49917/session/210b0027b4538a4be99e7dcae444676e/screenshot'
16:31:00.481 [Forwarding screenshot on session 210b0027b4538a4be99e7dcae444676e to remote] DEBUG org.asynchttpclient.netty.request.NettyRequestSender - Using open Channel [id: 0x425809db, L:/127.0.0.1:50825 - R:localhost/127.0.0.1:49917] for GET '/session/210b0027b4538a4be99e7dcae444676e/screenshot'
16:31:01.551 [AsyncHttpClient-1-1] DEBUG org.asynchttpclient.netty.channel.DefaultChannelPool - Entry count for : http://localhost:50828 : 1
16:31:01.831 [AsyncHttpClient-1-2] DEBUG org.asynchttpclient.netty.handler.HttpHandler - 

Request DefaultFullHttpRequest(decodeResult: success, version: HTTP/1.1, content: EmptyByteBufBE)
GET /session/210b0027b4538a4be99e7dcae444676e/screenshot HTTP/1.1
User-Agent: selenium/4.1.2 (java windows)
Cache-Control: no-cache
Content-Type: application/json; charset=utf-8
host: localhost:49917
accept: */*

Response DefaultHttpResponse(decodeResult: success, version: HTTP/1.1)
HTTP/1.1 200 OK
Content-Type: application/json; charset=utf-8
cache-control: no-cache
content-length: 44700

16:31:01.836 [AsyncHttpClient-1-2] DEBUG org.asynchttpclient.netty.channel.ChannelManager - Adding key: http://localhost:49917 for channel [id: 0x425809db, L:/127.0.0.1:50825 - R:localhost/127.0.0.1:49917]
16:31:01.851 [main] DEBUG net.serenitybdd.core.photography.Darkroom - Send negative for processing for target\site\serenity\f2555fcb78f9a15da0a438072cc09743c4b64ec08a96758701bf2389002d34fe.png
16:31:01.851 [main] DEBUG net.thucydides.core.steps.StepInterceptor - STEP DONE: buttonSave
  &amp#27;[32mAnd &amp#27;[0m&amp#27;[32mClick simpan&amp#27;[0m                                                     &amp#27;[90m# starter.stepdefinitios.KelolaJadwalSteps.clickSimpan()&amp#27;[0m
16:31:01.869 [Darkroom Processing Line] DEBUG net.serenitybdd.core.photography.DarkroomProcessingLine - Processing screenshot image in /var/screenshots/screenshot-11075205593396653774
16:31:01.869 [Darkroom Processing Line] DEBUG net.serenitybdd.core.photography.DarkroomProcessingLine - Saving screenshot to target\site\serenity\f2555fcb78f9a15da0a438072cc09743c4b64ec08a96758701bf2389002d34fe.png
16:31:01.954 [Forwarding screenshot on session 210b0027b4538a4be99e7dcae444676e to remote] DEBUG org.asynchttpclient.netty.request.NettyRequestSender - Using pooled Channel '[id: 0x425809db, L:/127.0.0.1:50825 - R:localhost/127.0.0.1:49917]' for 'GET' to 'http://localhost:49917/session/210b0027b4538a4be99e7dcae444676e/screenshot'
16:31:01.954 [Forwarding screenshot on session 210b0027b4538a4be99e7dcae444676e to remote] DEBUG org.asynchttpclient.netty.request.NettyRequestSender - Using open Channel [id: 0x425809db, L:/127.0.0.1:50825 - R:localhost/127.0.0.1:49917] for GET '/session/210b0027b4538a4be99e7dcae444676e/screenshot'
16:31:02.285 [AsyncHttpClient-1-2] DEBUG org.asynchttpclient.netty.handler.HttpHandler - 

Request DefaultFullHttpRequest(decodeResult: success, version: HTTP/1.1, content: EmptyByteBufBE)
GET /session/210b0027b4538a4be99e7dcae444676e/screenshot HTTP/1.1
User-Agent: selenium/4.1.2 (java windows)
Cache-Control: no-cache
Content-Type: application/json; charset=utf-8
host: localhost:49917
accept: */*

Response DefaultHttpResponse(decodeResult: success, version: HTTP/1.1)
HTTP/1.1 200 OK
Content-Type: application/json; charset=utf-8
cache-control: no-cache
content-length: 46112

16:31:02.289 [AsyncHttpClient-1-2] DEBUG org.asynchttpclient.netty.channel.ChannelManager - Adding key: http://localhost:49917 for channel [id: 0x425809db, L:/127.0.0.1:50825 - R:localhost/127.0.0.1:49917]
16:31:02.301 [main] DEBUG net.serenitybdd.core.photography.Darkroom - Send negative for processing for target\site\serenity\e6a0c703daf15a36b6cec1880748702e322cfea9c631248a85b3a26ae67c9f67.png
16:31:02.304 [Darkroom Processing Line] DEBUG net.serenitybdd.core.photography.DarkroomProcessingLine - Processing screenshot image in /var/screenshots/screenshot-4860177481649204481
16:31:02.306 [Darkroom Processing Line] DEBUG net.serenitybdd.core.photography.DarkroomProcessingLine - Saving screenshot to target\site\serenity\e6a0c703daf15a36b6cec1880748702e322cfea9c631248a85b3a26ae67c9f67.png
16:31:02.642 [AsyncHttpClient-1-1] DEBUG org.asynchttpclient.netty.channel.DefaultChannelPool - Entry count for : http://localhost:49917 : 1
16:31:02.642 [AsyncHttpClient-1-1] DEBUG org.asynchttpclient.netty.channel.DefaultChannelPool - Entry count for : http://localhost:50828 : 1
16:31:03.342 [Forwarding screenshot on session 210b0027b4538a4be99e7dcae444676e to remote] DEBUG org.asynchttpclient.netty.request.NettyRequestSender - Using pooled Channel '[id: 0x425809db, L:/127.0.0.1:50825 - R:localhost/127.0.0.1:49917]' for 'GET' to 'http://localhost:49917/session/210b0027b4538a4be99e7dcae444676e/screenshot'
16:31:03.342 [Forwarding screenshot on session 210b0027b4538a4be99e7dcae444676e to remote] DEBUG org.asynchttpclient.netty.request.NettyRequestSender - Using open Channel [id: 0x425809db, L:/127.0.0.1:50825 - R:localhost/127.0.0.1:49917] for GET '/session/210b0027b4538a4be99e7dcae444676e/screenshot'
16:31:03.670 [AsyncHttpClient-1-2] DEBUG org.asynchttpclient.netty.handler.HttpHandler - 

Request DefaultFullHttpRequest(decodeResult: success, version: HTTP/1.1, content: EmptyByteBufBE)
GET /session/210b0027b4538a4be99e7dcae444676e/screenshot HTTP/1.1
User-Agent: selenium/4.1.2 (java windows)
Cache-Control: no-cache
Content-Type: application/json; charset=utf-8
host: localhost:49917
accept: */*

Response DefaultHttpResponse(decodeResult: success, version: HTTP/1.1)
HTTP/1.1 200 OK
Content-Type: application/json; charset=utf-8
cache-control: no-cache
content-length: 46112

16:31:03.670 [AsyncHttpClient-1-2] DEBUG org.asynchttpclient.netty.channel.ChannelManager - Adding key: http://localhost:49917 for channel [id: 0x425809db, L:/127.0.0.1:50825 - R:localhost/127.0.0.1:49917]
16:31:03.678 [main] DEBUG net.serenitybdd.core.photography.Darkroom - Send negative for processing for target\site\serenity\e6a0c703daf15a36b6cec1880748702e322cfea9c631248a85b3a26ae67c9f67.png
16:31:03.686 [main] DEBUG net.thucydides.core.steps.StepInterceptor - STARTING STEP: KelolaJadwalSteps.validateDataKelolaJadwal - validAddData
16:31:03.694 [Forwarding findElement on session 210b0027b4538a4be99e7dcae444676e to remote] DEBUG org.asynchttpclient.netty.request.NettyRequestSender - Using pooled Channel '[id: 0x425809db, L:/127.0.0.1:50825 - R:localhost/127.0.0.1:49917]' for 'POST' to 'http://localhost:49917/session/210b0027b4538a4be99e7dcae444676e/element'
16:31:03.694 [Forwarding findElement on session 210b0027b4538a4be99e7dcae444676e to remote] DEBUG org.asynchttpclient.netty.request.NettyRequestSender - Using open Channel [id: 0x425809db, L:/127.0.0.1:50825 - R:localhost/127.0.0.1:49917] for POST '/session/210b0027b4538a4be99e7dcae444676e/element'
16:31:03.750 [AsyncHttpClient-1-1] DEBUG org.asynchttpclient.netty.channel.DefaultChannelPool - Entry count for : http://localhost:50828 : 1
16:31:03.750 [AsyncHttpClient-1-2] DEBUG org.asynchttpclient.netty.handler.HttpHandler - 

Request DefaultHttpRequest(decodeResult: success, version: HTTP/1.1)
POST /session/210b0027b4538a4be99e7dcae444676e/element HTTP/1.1
User-Agent: selenium/4.1.2 (java windows)
Content-Length: 86
Content-Type: application/json; charset=utf-8
host: localhost:49917
accept: */*

Response DefaultHttpResponse(decodeResult: success, version: HTTP/1.1)
HTTP/1.1 200 OK
Content-Type: application/json; charset=utf-8
cache-control: no-cache
content-length: 88

16:31:03.750 [AsyncHttpClient-1-2] DEBUG org.asynchttpclient.netty.channel.ChannelManager - Adding key: http://localhost:49917 for channel [id: 0x425809db, L:/127.0.0.1:50825 - R:localhost/127.0.0.1:49917]
16:31:03.758 [Forwarding isElementEnabled on session 210b0027b4538a4be99e7dcae444676e to remote] DEBUG org.asynchttpclient.netty.request.NettyRequestSender - Using pooled Channel '[id: 0x425809db, L:/127.0.0.1:50825 - R:localhost/127.0.0.1:49917]' for 'GET' to 'http://localhost:49917/session/210b0027b4538a4be99e7dcae444676e/element/7d23c2f7-a9d2-411c-900a-4dab0a0fe014/enabled'
16:31:03.758 [Forwarding isElementEnabled on session 210b0027b4538a4be99e7dcae444676e to remote] DEBUG org.asynchttpclient.netty.request.NettyRequestSender - Using open Channel [id: 0x425809db, L:/127.0.0.1:50825 - R:localhost/127.0.0.1:49917] for GET '/session/210b0027b4538a4be99e7dcae444676e/element/7d23c2f7-a9d2-411c-900a-4dab0a0fe014/enabled'
16:31:03.798 [AsyncHttpClient-1-2] DEBUG org.asynchttpclient.netty.handler.HttpHandler - 

Request DefaultFullHttpRequest(decodeResult: success, version: HTTP/1.1, content: EmptyByteBufBE)
GET /session/210b0027b4538a4be99e7dcae444676e/element/7d23c2f7-a9d2-411c-900a-4dab0a0fe014/enabled HTTP/1.1
User-Agent: selenium/4.1.2 (java windows)
Cache-Control: no-cache
Content-Type: application/json; charset=utf-8
host: localhost:49917
accept: */*

Response DefaultHttpResponse(decodeResult: success, version: HTTP/1.1)
HTTP/1.1 200 OK
Content-Type: application/json; charset=utf-8
cache-control: no-cache
content-length: 14

16:31:03.798 [AsyncHttpClient-1-2] DEBUG org.asynchttpclient.netty.channel.ChannelManager - Adding key: http://localhost:49917 for channel [id: 0x425809db, L:/127.0.0.1:50825 - R:localhost/127.0.0.1:49917]
16:31:03.822 [Forwarding screenshot on session 210b0027b4538a4be99e7dcae444676e to remote] DEBUG org.asynchttpclient.netty.request.NettyRequestSender - Using pooled Channel '[id: 0x425809db, L:/127.0.0.1:50825 - R:localhost/127.0.0.1:49917]' for 'GET' to 'http://localhost:49917/session/210b0027b4538a4be99e7dcae444676e/screenshot'
16:31:03.822 [Forwarding screenshot on session 210b0027b4538a4be99e7dcae444676e to remote] DEBUG org.asynchttpclient.netty.request.NettyRequestSender - Using open Channel [id: 0x425809db, L:/127.0.0.1:50825 - R:localhost/127.0.0.1:49917] for GET '/session/210b0027b4538a4be99e7dcae444676e/screenshot'
16:31:04.166 [AsyncHttpClient-1-2] DEBUG org.asynchttpclient.netty.handler.HttpHandler - 

Request DefaultFullHttpRequest(decodeResult: success, version: HTTP/1.1, content: EmptyByteBufBE)
GET /session/210b0027b4538a4be99e7dcae444676e/screenshot HTTP/1.1
User-Agent: selenium/4.1.2 (java windows)
Cache-Control: no-cache
Content-Type: application/json; charset=utf-8
host: localhost:49917
accept: */*

Response DefaultHttpResponse(decodeResult: success, version: HTTP/1.1)
HTTP/1.1 200 OK
Content-Type: application/json; charset=utf-8
cache-control: no-cache
content-length: 46112

16:31:04.166 [AsyncHttpClient-1-2] DEBUG org.asynchttpclient.netty.channel.ChannelManager - Adding key: http://localhost:49917 for channel [id: 0x425809db, L:/127.0.0.1:50825 - R:localhost/127.0.0.1:49917]
16:31:04.174 [main] DEBUG net.serenitybdd.core.photography.Darkroom - Send negative for processing for target\site\serenity\e6a0c703daf15a36b6cec1880748702e322cfea9c631248a85b3a26ae67c9f67.png
16:31:04.182 [main] DEBUG net.thucydides.core.steps.StepInterceptor - STEP DONE: validAddData
16:31:04.845 [AsyncHttpClient-1-1] DEBUG org.asynchttpclient.netty.channel.DefaultChannelPool - Entry count for : http://localhost:49917 : 1
16:31:04.845 [AsyncHttpClient-1-1] DEBUG org.asynchttpclient.netty.channel.DefaultChannelPool - Entry count for : http://localhost:50828 : 1
16:31:05.238 [Forwarding screenshot on session 210b0027b4538a4be99e7dcae444676e to remote] DEBUG org.asynchttpclient.netty.request.NettyRequestSender - Using pooled Channel '[id: 0x425809db, L:/127.0.0.1:50825 - R:localhost/127.0.0.1:49917]' for 'GET' to 'http://localhost:49917/session/210b0027b4538a4be99e7dcae444676e/screenshot'
16:31:05.238 [Forwarding screenshot on session 210b0027b4538a4be99e7dcae444676e to remote] DEBUG org.asynchttpclient.netty.request.NettyRequestSender - Using open Channel [id: 0x425809db, L:/127.0.0.1:50825 - R:localhost/127.0.0.1:49917] for GET '/session/210b0027b4538a4be99e7dcae444676e/screenshot'
16:31:05.572 [AsyncHttpClient-1-2] DEBUG org.asynchttpclient.netty.handler.HttpHandler - 

Request DefaultFullHttpRequest(decodeResult: success, version: HTTP/1.1, content: EmptyByteBufBE)
GET /session/210b0027b4538a4be99e7dcae444676e/screenshot HTTP/1.1
User-Agent: selenium/4.1.2 (java windows)
Cache-Control: no-cache
Content-Type: application/json; charset=utf-8
host: localhost:49917
accept: */*

Response DefaultHttpResponse(decodeResult: success, version: HTTP/1.1)
HTTP/1.1 200 OK
Content-Type: application/json; charset=utf-8
cache-control: no-cache
content-length: 46112

16:31:05.572 [AsyncHttpClient-1-2] DEBUG org.asynchttpclient.netty.channel.ChannelManager - Adding key: http://localhost:49917 for channel [id: 0x425809db, L:/127.0.0.1:50825 - R:localhost/127.0.0.1:49917]
16:31:05.581 [main] DEBUG net.serenitybdd.core.photography.Darkroom - Send negative for processing for target\site\serenity\e6a0c703daf15a36b6cec1880748702e322cfea9c631248a85b3a26ae67c9f67.png
16:31:05.587 [main] DEBUG net.thucydides.core.steps.StepInterceptor - STARTING STEP: KelolaJadwalSteps.validateDataKelolaJadwal - buttonClickOK
16:31:05.601 [Forwarding findElement on session 210b0027b4538a4be99e7dcae444676e to remote] DEBUG org.asynchttpclient.netty.request.NettyRequestSender - Using pooled Channel '[id: 0x425809db, L:/127.0.0.1:50825 - R:localhost/127.0.0.1:49917]' for 'POST' to 'http://localhost:49917/session/210b0027b4538a4be99e7dcae444676e/element'
16:31:05.601 [Forwarding findElement on session 210b0027b4538a4be99e7dcae444676e to remote] DEBUG org.asynchttpclient.netty.request.NettyRequestSender - Using open Channel [id: 0x425809db, L:/127.0.0.1:50825 - R:localhost/127.0.0.1:49917] for POST '/session/210b0027b4538a4be99e7dcae444676e/element'
16:31:05.659 [AsyncHttpClient-1-2] DEBUG org.asynchttpclient.netty.handler.HttpHandler - 

Request DefaultHttpRequest(decodeResult: success, version: HTTP/1.1)
POST /session/210b0027b4538a4be99e7dcae444676e/element HTTP/1.1
User-Agent: selenium/4.1.2 (java windows)
Content-Length: 85
Content-Type: application/json; charset=utf-8
host: localhost:49917
accept: */*

Response DefaultHttpResponse(decodeResult: success, version: HTTP/1.1)
HTTP/1.1 200 OK
Content-Type: application/json; charset=utf-8
cache-control: no-cache
content-length: 88

16:31:05.659 [AsyncHttpClient-1-2] DEBUG org.asynchttpclient.netty.channel.ChannelManager - Adding key: http://localhost:49917 for channel [id: 0x425809db, L:/127.0.0.1:50825 - R:localhost/127.0.0.1:49917]
16:31:05.667 [Forwarding getElementTagName on session 210b0027b4538a4be99e7dcae444676e to remote] DEBUG org.asynchttpclient.netty.request.NettyRequestSender - Using pooled Channel '[id: 0x425809db, L:/127.0.0.1:50825 - R:localhost/127.0.0.1:49917]' for 'GET' to 'http://localhost:49917/session/210b0027b4538a4be99e7dcae444676e/element/b8983cdd-91f7-4b78-a0a4-c9616edb5d09/name'
16:31:05.667 [Forwarding getElementTagName on session 210b0027b4538a4be99e7dcae444676e to remote] DEBUG org.asynchttpclient.netty.request.NettyRequestSender - Using open Channel [id: 0x425809db, L:/127.0.0.1:50825 - R:localhost/127.0.0.1:49917] for GET '/session/210b0027b4538a4be99e7dcae444676e/element/b8983cdd-91f7-4b78-a0a4-c9616edb5d09/name'
16:31:05.719 [AsyncHttpClient-1-2] DEBUG org.asynchttpclient.netty.handler.HttpHandler - 

Request DefaultFullHttpRequest(decodeResult: success, version: HTTP/1.1, content: EmptyByteBufBE)
GET /session/210b0027b4538a4be99e7dcae444676e/element/b8983cdd-91f7-4b78-a0a4-c9616edb5d09/name HTTP/1.1
User-Agent: selenium/4.1.2 (java windows)
Cache-Control: no-cache
Content-Type: application/json; charset=utf-8
host: localhost:49917
accept: */*

Response DefaultHttpResponse(decodeResult: success, version: HTTP/1.1)
HTTP/1.1 200 OK
Content-Type: application/json; charset=utf-8
cache-control: no-cache
content-length: 18

16:31:05.719 [AsyncHttpClient-1-2] DEBUG org.asynchttpclient.netty.channel.ChannelManager - Adding key: http://localhost:49917 for channel [id: 0x425809db, L:/127.0.0.1:50825 - R:localhost/127.0.0.1:49917]
16:31:05.724 [Forwarding getElementTagName on session 210b0027b4538a4be99e7dcae444676e to remote] DEBUG org.asynchttpclient.netty.request.NettyRequestSender - Using pooled Channel '[id: 0x425809db, L:/127.0.0.1:50825 - R:localhost/127.0.0.1:49917]' for 'GET' to 'http://localhost:49917/session/210b0027b4538a4be99e7dcae444676e/element/b8983cdd-91f7-4b78-a0a4-c9616edb5d09/name'
16:31:05.724 [Forwarding getElementTagName on session 210b0027b4538a4be99e7dcae444676e to remote] DEBUG org.asynchttpclient.netty.request.NettyRequestSender - Using open Channel [id: 0x425809db, L:/127.0.0.1:50825 - R:localhost/127.0.0.1:49917] for GET '/session/210b0027b4538a4be99e7dcae444676e/element/b8983cdd-91f7-4b78-a0a4-c9616edb5d09/name'
16:31:05.757 [AsyncHttpClient-1-2] DEBUG org.asynchttpclient.netty.handler.HttpHandler - 

Request DefaultFullHttpRequest(decodeResult: success, version: HTTP/1.1, content: EmptyByteBufBE)
GET /session/210b0027b4538a4be99e7dcae444676e/element/b8983cdd-91f7-4b78-a0a4-c9616edb5d09/name HTTP/1.1
User-Agent: selenium/4.1.2 (java windows)
Cache-Control: no-cache
Content-Type: application/json; charset=utf-8
host: localhost:49917
accept: */*

Response DefaultHttpResponse(decodeResult: success, version: HTTP/1.1)
HTTP/1.1 200 OK
Content-Type: application/json; charset=utf-8
cache-control: no-cache
content-length: 18

16:31:05.759 [AsyncHttpClient-1-2] DEBUG org.asynchttpclient.netty.channel.ChannelManager - Adding key: http://localhost:49917 for channel [id: 0x425809db, L:/127.0.0.1:50825 - R:localhost/127.0.0.1:49917]
16:31:05.769 [Forwarding isElementEnabled on session 210b0027b4538a4be99e7dcae444676e to remote] DEBUG org.asynchttpclient.netty.request.NettyRequestSender - Using pooled Channel '[id: 0x425809db, L:/127.0.0.1:50825 - R:localhost/127.0.0.1:49917]' for 'GET' to 'http://localhost:49917/session/210b0027b4538a4be99e7dcae444676e/element/b8983cdd-91f7-4b78-a0a4-c9616edb5d09/enabled'
16:31:05.769 [Forwarding isElementEnabled on session 210b0027b4538a4be99e7dcae444676e to remote] DEBUG org.asynchttpclient.netty.request.NettyRequestSender - Using open Channel [id: 0x425809db, L:/127.0.0.1:50825 - R:localhost/127.0.0.1:49917] for GET '/session/210b0027b4538a4be99e7dcae444676e/element/b8983cdd-91f7-4b78-a0a4-c9616edb5d09/enabled'
16:31:05.806 [AsyncHttpClient-1-2] DEBUG org.asynchttpclient.netty.handler.HttpHandler - 

Request DefaultFullHttpRequest(decodeResult: success, version: HTTP/1.1, content: EmptyByteBufBE)
GET /session/210b0027b4538a4be99e7dcae444676e/element/b8983cdd-91f7-4b78-a0a4-c9616edb5d09/enabled HTTP/1.1
User-Agent: selenium/4.1.2 (java windows)
Cache-Control: no-cache
Content-Type: application/json; charset=utf-8
host: localhost:49917
accept: */*

Response DefaultHttpResponse(decodeResult: success, version: HTTP/1.1)
HTTP/1.1 200 OK
Content-Type: application/json; charset=utf-8
cache-control: no-cache
content-length: 14

16:31:05.807 [AsyncHttpClient-1-2] DEBUG org.asynchttpclient.netty.channel.ChannelManager - Adding key: http://localhost:49917 for channel [id: 0x425809db, L:/127.0.0.1:50825 - R:localhost/127.0.0.1:49917]
16:31:05.814 [Forwarding isElementEnabled on session 210b0027b4538a4be99e7dcae444676e to remote] DEBUG org.asynchttpclient.netty.request.NettyRequestSender - Using pooled Channel '[id: 0x425809db, L:/127.0.0.1:50825 - R:localhost/127.0.0.1:49917]' for 'GET' to 'http://localhost:49917/session/210b0027b4538a4be99e7dcae444676e/element/b8983cdd-91f7-4b78-a0a4-c9616edb5d09/enabled'
16:31:05.814 [Forwarding isElementEnabled on session 210b0027b4538a4be99e7dcae444676e to remote] DEBUG org.asynchttpclient.netty.request.NettyRequestSender - Using open Channel [id: 0x425809db, L:/127.0.0.1:50825 - R:localhost/127.0.0.1:49917] for GET '/session/210b0027b4538a4be99e7dcae444676e/element/b8983cdd-91f7-4b78-a0a4-c9616edb5d09/enabled'
16:31:05.845 [AsyncHttpClient-1-2] DEBUG org.asynchttpclient.netty.handler.HttpHandler - 

Request DefaultFullHttpRequest(decodeResult: success, version: HTTP/1.1, content: EmptyByteBufBE)
GET /session/210b0027b4538a4be99e7dcae444676e/element/b8983cdd-91f7-4b78-a0a4-c9616edb5d09/enabled HTTP/1.1
User-Agent: selenium/4.1.2 (java windows)
Cache-Control: no-cache
Content-Type: application/json; charset=utf-8
host: localhost:49917
accept: */*

Response DefaultHttpResponse(decodeResult: success, version: HTTP/1.1)
HTTP/1.1 200 OK
Content-Type: application/json; charset=utf-8
cache-control: no-cache
content-length: 14

16:31:05.845 [AsyncHttpClient-1-2] DEBUG org.asynchttpclient.netty.channel.ChannelManager - Adding key: http://localhost:49917 for channel [id: 0x425809db, L:/127.0.0.1:50825 - R:localhost/127.0.0.1:49917]
16:31:05.855 [Forwarding findElement on session 210b0027b4538a4be99e7dcae444676e to remote] DEBUG org.asynchttpclient.netty.request.NettyRequestSender - Using pooled Channel '[id: 0x425809db, L:/127.0.0.1:50825 - R:localhost/127.0.0.1:49917]' for 'POST' to 'http://localhost:49917/session/210b0027b4538a4be99e7dcae444676e/element'
16:31:05.857 [Forwarding findElement on session 210b0027b4538a4be99e7dcae444676e to remote] DEBUG org.asynchttpclient.netty.request.NettyRequestSender - Using open Channel [id: 0x425809db, L:/127.0.0.1:50825 - R:localhost/127.0.0.1:49917] for POST '/session/210b0027b4538a4be99e7dcae444676e/element'
16:31:05.932 [AsyncHttpClient-1-2] DEBUG org.asynchttpclient.netty.handler.HttpHandler - 

Request DefaultHttpRequest(decodeResult: success, version: HTTP/1.1)
POST /session/210b0027b4538a4be99e7dcae444676e/element HTTP/1.1
User-Agent: selenium/4.1.2 (java windows)
Content-Length: 85
Content-Type: application/json; charset=utf-8
host: localhost:49917
accept: */*

Response DefaultHttpResponse(decodeResult: success, version: HTTP/1.1)
HTTP/1.1 200 OK
Content-Type: application/json; charset=utf-8
cache-control: no-cache
content-length: 88

16:31:05.932 [AsyncHttpClient-1-2] DEBUG org.asynchttpclient.netty.channel.ChannelManager - Adding key: http://localhost:49917 for channel [id: 0x425809db, L:/127.0.0.1:50825 - R:localhost/127.0.0.1:49917]
16:31:05.941 [AsyncHttpClient-1-1] DEBUG org.asynchttpclient.netty.channel.DefaultChannelPool - Entry count for : http://localhost:49917 : 1
16:31:05.942 [AsyncHttpClient-1-1] DEBUG org.asynchttpclient.netty.channel.DefaultChannelPool - Entry count for : http://localhost:50828 : 1
16:31:05.942 [Forwarding clickElement on session 210b0027b4538a4be99e7dcae444676e to remote] DEBUG org.asynchttpclient.netty.request.NettyRequestSender - Using pooled Channel '[id: 0x425809db, L:/127.0.0.1:50825 - R:localhost/127.0.0.1:49917]' for 'POST' to 'http://localhost:49917/session/210b0027b4538a4be99e7dcae444676e/element/b8983cdd-91f7-4b78-a0a4-c9616edb5d09/click'
16:31:05.942 [Forwarding clickElement on session 210b0027b4538a4be99e7dcae444676e to remote] DEBUG org.asynchttpclient.netty.request.NettyRequestSender - Using open Channel [id: 0x425809db, L:/127.0.0.1:50825 - R:localhost/127.0.0.1:49917] for POST '/session/210b0027b4538a4be99e7dcae444676e/element/b8983cdd-91f7-4b78-a0a4-c9616edb5d09/click'
16:31:06.231 [AsyncHttpClient-1-2] DEBUG org.asynchttpclient.netty.handler.HttpHandler - 

Request DefaultHttpRequest(decodeResult: success, version: HTTP/1.1)
POST /session/210b0027b4538a4be99e7dcae444676e/element/b8983cdd-91f7-4b78-a0a4-c9616edb5d09/click HTTP/1.1
User-Agent: selenium/4.1.2 (java windows)
Content-Length: 50
Content-Type: application/json; charset=utf-8
host: localhost:49917
accept: */*

Response DefaultHttpResponse(decodeResult: success, version: HTTP/1.1)
HTTP/1.1 200 OK
Content-Type: application/json; charset=utf-8
cache-control: no-cache
content-length: 14

16:31:06.231 [AsyncHttpClient-1-2] DEBUG org.asynchttpclient.netty.channel.ChannelManager - Adding key: http://localhost:49917 for channel [id: 0x425809db, L:/127.0.0.1:50825 - R:localhost/127.0.0.1:49917]
16:31:06.271 [Forwarding screenshot on session 210b0027b4538a4be99e7dcae444676e to remote] DEBUG org.asynchttpclient.netty.request.NettyRequestSender - Using pooled Channel '[id: 0x425809db, L:/127.0.0.1:50825 - R:localhost/127.0.0.1:49917]' for 'GET' to 'http://localhost:49917/session/210b0027b4538a4be99e7dcae444676e/screenshot'
16:31:06.271 [Forwarding screenshot on session 210b0027b4538a4be99e7dcae444676e to remote] DEBUG org.asynchttpclient.netty.request.NettyRequestSender - Using open Channel [id: 0x425809db, L:/127.0.0.1:50825 - R:localhost/127.0.0.1:49917] for GET '/session/210b0027b4538a4be99e7dcae444676e/screenshot'
16:31:06.612 [AsyncHttpClient-1-2] DEBUG org.asynchttpclient.netty.handler.HttpHandler - 

Request DefaultFullHttpRequest(decodeResult: success, version: HTTP/1.1, content: EmptyByteBufBE)
GET /session/210b0027b4538a4be99e7dcae444676e/screenshot HTTP/1.1
User-Agent: selenium/4.1.2 (java windows)
Cache-Control: no-cache
Content-Type: application/json; charset=utf-8
host: localhost:49917
accept: */*

Response DefaultHttpResponse(decodeResult: success, version: HTTP/1.1)
HTTP/1.1 200 OK
Content-Type: application/json; charset=utf-8
cache-control: no-cache
content-length: 63852

16:31:06.612 [AsyncHttpClient-1-2] DEBUG org.asynchttpclient.netty.channel.ChannelManager - Adding key: http://localhost:49917 for channel [id: 0x425809db, L:/127.0.0.1:50825 - R:localhost/127.0.0.1:49917]
16:31:06.622 [main] DEBUG net.serenitybdd.core.photography.Darkroom - Send negative for processing for target\site\serenity\4b4d52303de5bc8432cc997710f18014a7cf8b38aa1398c92010be89ef973807.png
16:31:06.628 [main] DEBUG net.thucydides.core.steps.StepInterceptor - STEP DONE: buttonClickOK
16:31:07.044 [AsyncHttpClient-1-1] DEBUG org.asynchttpclient.netty.channel.DefaultChannelPool - Entry count for : http://localhost:49917 : 1
16:31:07.044 [AsyncHttpClient-1-1] DEBUG org.asynchttpclient.netty.channel.DefaultChannelPool - Entry count for : http://localhost:50828 : 1
16:31:07.659 [Forwarding screenshot on session 210b0027b4538a4be99e7dcae444676e to remote] DEBUG org.asynchttpclient.netty.request.NettyRequestSender - Using pooled Channel '[id: 0x425809db, L:/127.0.0.1:50825 - R:localhost/127.0.0.1:49917]' for 'GET' to 'http://localhost:49917/session/210b0027b4538a4be99e7dcae444676e/screenshot'
16:31:07.659 [Forwarding screenshot on session 210b0027b4538a4be99e7dcae444676e to remote] DEBUG org.asynchttpclient.netty.request.NettyRequestSender - Using open Channel [id: 0x425809db, L:/127.0.0.1:50825 - R:localhost/127.0.0.1:49917] for GET '/session/210b0027b4538a4be99e7dcae444676e/screenshot'
16:31:07.960 [AsyncHttpClient-1-2] DEBUG org.asynchttpclient.netty.handler.HttpHandler - 

Request DefaultFullHttpRequest(decodeResult: success, version: HTTP/1.1, content: EmptyByteBufBE)
GET /session/210b0027b4538a4be99e7dcae444676e/screenshot HTTP/1.1
User-Agent: selenium/4.1.2 (java windows)
Cache-Control: no-cache
Content-Type: application/json; charset=utf-8
host: localhost:49917
accept: */*

Response DefaultHttpResponse(decodeResult: success, version: HTTP/1.1)
HTTP/1.1 200 OK
Content-Type: application/json; charset=utf-8
cache-control: no-cache
content-length: 63852

16:31:07.961 [AsyncHttpClient-1-2] DEBUG org.asynchttpclient.netty.channel.ChannelManager - Adding key: http://localhost:49917 for channel [id: 0x425809db, L:/127.0.0.1:50825 - R:localhost/127.0.0.1:49917]
16:31:07.971 [main] DEBUG net.serenitybdd.core.photography.Darkroom - Send negative for processing for target\site\serenity\4b4d52303de5bc8432cc997710f18014a7cf8b38aa1398c92010be89ef973807.png
16:31:07.974 [main] DEBUG net.thucydides.core.steps.StepInterceptor - STARTING STEP: KelolaJadwalSteps.validateDataKelolaJadwal - validPagePasien
16:31:07.989 [Forwarding findElement on session 210b0027b4538a4be99e7dcae444676e to remote] DEBUG org.asynchttpclient.netty.request.NettyRequestSender - Using pooled Channel '[id: 0x425809db, L:/127.0.0.1:50825 - R:localhost/127.0.0.1:49917]' for 'POST' to 'http://localhost:49917/session/210b0027b4538a4be99e7dcae444676e/element'
16:31:07.989 [Forwarding findElement on session 210b0027b4538a4be99e7dcae444676e to remote] DEBUG org.asynchttpclient.netty.request.NettyRequestSender - Using open Channel [id: 0x425809db, L:/127.0.0.1:50825 - R:localhost/127.0.0.1:49917] for POST '/session/210b0027b4538a4be99e7dcae444676e/element'
16:31:08.043 [AsyncHttpClient-1-2] DEBUG org.asynchttpclient.netty.handler.HttpHandler - 

Request DefaultHttpRequest(decodeResult: success, version: HTTP/1.1)
POST /session/210b0027b4538a4be99e7dcae444676e/element HTTP/1.1
User-Agent: selenium/4.1.2 (java windows)
Content-Length: 126
Content-Type: application/json; charset=utf-8
host: localhost:49917
accept: */*

Response DefaultHttpResponse(decodeResult: success, version: HTTP/1.1)
HTTP/1.1 200 OK
Content-Type: application/json; charset=utf-8
cache-control: no-cache
content-length: 88

16:31:08.043 [AsyncHttpClient-1-2] DEBUG org.asynchttpclient.netty.channel.ChannelManager - Adding key: http://localhost:49917 for channel [id: 0x425809db, L:/127.0.0.1:50825 - R:localhost/127.0.0.1:49917]
16:31:08.051 [Forwarding isElementEnabled on session 210b0027b4538a4be99e7dcae444676e to remote] DEBUG org.asynchttpclient.netty.request.NettyRequestSender - Using pooled Channel '[id: 0x425809db, L:/127.0.0.1:50825 - R:localhost/127.0.0.1:49917]' for 'GET' to 'http://localhost:49917/session/210b0027b4538a4be99e7dcae444676e/element/05b97489-d534-471c-a5ab-08a3cf355412/enabled'
16:31:08.051 [Forwarding isElementEnabled on session 210b0027b4538a4be99e7dcae444676e to remote] DEBUG org.asynchttpclient.netty.request.NettyRequestSender - Using open Channel [id: 0x425809db, L:/127.0.0.1:50825 - R:localhost/127.0.0.1:49917] for GET '/session/210b0027b4538a4be99e7dcae444676e/element/05b97489-d534-471c-a5ab-08a3cf355412/enabled'
16:31:08.092 [AsyncHttpClient-1-2] DEBUG org.asynchttpclient.netty.handler.HttpHandler - 

Request DefaultFullHttpRequest(decodeResult: success, version: HTTP/1.1, content: EmptyByteBufBE)
GET /session/210b0027b4538a4be99e7dcae444676e/element/05b97489-d534-471c-a5ab-08a3cf355412/enabled HTTP/1.1
User-Agent: selenium/4.1.2 (java windows)
Cache-Control: no-cache
Content-Type: application/json; charset=utf-8
host: localhost:49917
accept: */*

Response DefaultHttpResponse(decodeResult: success, version: HTTP/1.1)
HTTP/1.1 200 OK
Content-Type: application/json; charset=utf-8
cache-control: no-cache
content-length: 14

16:31:08.092 [AsyncHttpClient-1-2] DEBUG org.asynchttpclient.netty.channel.ChannelManager - Adding key: http://localhost:49917 for channel [id: 0x425809db, L:/127.0.0.1:50825 - R:localhost/127.0.0.1:49917]
16:31:08.112 [Forwarding screenshot on session 210b0027b4538a4be99e7dcae444676e to remote] DEBUG org.asynchttpclient.netty.request.NettyRequestSender - Using pooled Channel '[id: 0x425809db, L:/127.0.0.1:50825 - R:localhost/127.0.0.1:49917]' for 'GET' to 'http://localhost:49917/session/210b0027b4538a4be99e7dcae444676e/screenshot'
16:31:08.119 [Forwarding screenshot on session 210b0027b4538a4be99e7dcae444676e to remote] DEBUG org.asynchttpclient.netty.request.NettyRequestSender - Using open Channel [id: 0x425809db, L:/127.0.0.1:50825 - R:localhost/127.0.0.1:49917] for GET '/session/210b0027b4538a4be99e7dcae444676e/screenshot'
16:31:08.141 [AsyncHttpClient-1-1] DEBUG org.asynchttpclient.netty.channel.DefaultChannelPool - Entry count for : http://localhost:50828 : 1
16:31:08.419 [AsyncHttpClient-1-2] DEBUG org.asynchttpclient.netty.handler.HttpHandler - 

Request DefaultFullHttpRequest(decodeResult: success, version: HTTP/1.1, content: EmptyByteBufBE)
GET /session/210b0027b4538a4be99e7dcae444676e/screenshot HTTP/1.1
User-Agent: selenium/4.1.2 (java windows)
Cache-Control: no-cache
Content-Type: application/json; charset=utf-8
host: localhost:49917
accept: */*

Response DefaultHttpResponse(decodeResult: success, version: HTTP/1.1)
HTTP/1.1 200 OK
Content-Type: application/json; charset=utf-8
cache-control: no-cache
content-length: 63852

16:31:08.422 [AsyncHttpClient-1-2] DEBUG org.asynchttpclient.netty.channel.ChannelManager - Adding key: http://localhost:49917 for channel [id: 0x425809db, L:/127.0.0.1:50825 - R:localhost/127.0.0.1:49917]
16:31:08.486 [main] DEBUG net.serenitybdd.core.photography.Darkroom - Send negative for processing for target\site\serenity\4b4d52303de5bc8432cc997710f18014a7cf8b38aa1398c92010be89ef973807.png
16:31:08.489 [main] DEBUG net.thucydides.core.steps.StepInterceptor - STEP DONE: validPagePasien
  &amp#27;[32mAnd &amp#27;[0m&amp#27;[32mValidate data kelola jadwal&amp#27;[0m                                      &amp#27;[90m# starter.stepdefinitios.KelolaJadwalSteps.validateDataKelolaJadwal()&amp#27;[0m
16:31:08.545 [Forwarding screenshot on session 210b0027b4538a4be99e7dcae444676e to remote] DEBUG org.asynchttpclient.netty.request.NettyRequestSender - Using pooled Channel '[id: 0x425809db, L:/127.0.0.1:50825 - R:localhost/127.0.0.1:49917]' for 'GET' to 'http://localhost:49917/session/210b0027b4538a4be99e7dcae444676e/screenshot'
16:31:08.545 [Forwarding screenshot on session 210b0027b4538a4be99e7dcae444676e to remote] DEBUG org.asynchttpclient.netty.request.NettyRequestSender - Using open Channel [id: 0x425809db, L:/127.0.0.1:50825 - R:localhost/127.0.0.1:49917] for GET '/session/210b0027b4538a4be99e7dcae444676e/screenshot'
16:31:08.854 [AsyncHttpClient-1-2] DEBUG org.asynchttpclient.netty.handler.HttpHandler - 

Request DefaultFullHttpRequest(decodeResult: success, version: HTTP/1.1, content: EmptyByteBufBE)
GET /session/210b0027b4538a4be99e7dcae444676e/screenshot HTTP/1.1
User-Agent: selenium/4.1.2 (java windows)
Cache-Control: no-cache
Content-Type: application/json; charset=utf-8
host: localhost:49917
accept: */*

Response DefaultHttpResponse(decodeResult: success, version: HTTP/1.1)
HTTP/1.1 200 OK
Content-Type: application/json; charset=utf-8
cache-control: no-cache
content-length: 63852

16:31:08.856 [AsyncHttpClient-1-2] DEBUG org.asynchttpclient.netty.channel.ChannelManager - Adding key: http://localhost:49917 for channel [id: 0x425809db, L:/127.0.0.1:50825 - R:localhost/127.0.0.1:49917]
16:31:08.869 [main] DEBUG net.serenitybdd.core.photography.Darkroom - Send negative for processing for target\site\serenity\4b4d52303de5bc8432cc997710f18014a7cf8b38aa1398c92010be89ef973807.png
16:31:09.251 [AsyncHttpClient-1-1] DEBUG org.asynchttpclient.netty.channel.DefaultChannelPool - Entry count for : http://localhost:49917 : 1
16:31:09.251 [AsyncHttpClient-1-1] DEBUG org.asynchttpclient.netty.channel.DefaultChannelPool - Entry count for : http://localhost:50828 : 1
16:31:09.527 [AsyncHttpClient-1-4] DEBUG org.asynchttpclient.netty.handler.WebSocketHandler - Channel Closed: [id: 0x3e7a50aa, L:/127.0.0.1:50839 ! R:localhost/127.0.0.1:50828] with attribute NettyResponseFuture{currentRetry=5,
	isDone=1,
	isCancelled=0,
	asyncHandler=org.asynchttpclient.ws.WebSocketUpgradeHandler@6a35fe1c,
	nettyRequest=org.asynchttpclient.netty.request.NettyRequest@1690de6c,
	future=java.util.concurrent.CompletableFuture@54af0337[Completed normally],
	uri=ws://localhost:50828/devtools/browser/3f479753-7ff7-4160-9d1f-51dc1ecad790,
	keepAlive=true,
	redirectCount=0,
	timeoutsHolder=null,
	inAuth=0,
	touch=1657445412282}
16:31:09.529 [AsyncHttpClient-1-4] DEBUG org.asynchttpclient.netty.channel.ChannelManager - Closing Channel [id: 0x3e7a50aa, L:/127.0.0.1:50839 ! R:localhost/127.0.0.1:50828] 
16:31:09.537 [Driver Command Executor] DEBUG org.asynchttpclient.netty.request.NettyRequestSender - Using pooled Channel '[id: 0x425809db, L:/127.0.0.1:50825 - R:localhost/127.0.0.1:49917]' for 'DELETE' to 'http://localhost:49917/session/210b0027b4538a4be99e7dcae444676e'
16:31:09.538 [Driver Command Executor] DEBUG org.asynchttpclient.netty.request.NettyRequestSender - Using open Channel [id: 0x425809db, L:/127.0.0.1:50825 - R:localhost/127.0.0.1:49917] for DELETE '/session/210b0027b4538a4be99e7dcae444676e'
16:31:10.351 [AsyncHttpClient-1-1] DEBUG org.asynchttpclient.netty.channel.DefaultChannelPool - Entry count for : http://localhost:50828 : 1
16:31:11.445 [AsyncHttpClient-1-1] DEBUG org.asynchttpclient.netty.channel.DefaultChannelPool - Entry count for : http://localhost:50828 : 1
16:31:12.661 [AsyncHttpClient-1-1] DEBUG org.asynchttpclient.netty.channel.DefaultChannelPool - Entry count for : http://localhost:50828 : 1
16:31:12.661 [AsyncHttpClient-1-1] DEBUG org.asynchttpclient.netty.channel.DefaultChannelPool - Adding Candidate expired Channel [id: 0x00b6dbc4, L:/127.0.0.1:50838 - R:localhost/127.0.0.1:50828] isIdleTimeoutExpired=true isRemotelyClosed=false isTtlExpired=false
16:31:12.661 [AsyncHttpClient-1-1] DEBUG org.asynchttpclient.netty.channel.DefaultChannelPool - Closing Idle Channel [id: 0x00b6dbc4, L:/127.0.0.1:50838 - R:localhost/127.0.0.1:50828]
16:31:12.670 [AsyncHttpClient-1-3] DEBUG org.asynchttpclient.netty.handler.HttpHandler - Channel Closed: [id: 0x00b6dbc4, L:/127.0.0.1:50838 ! R:localhost/127.0.0.1:50828] with attribute DISCARD
16:31:12.670 [AsyncHttpClient-1-1] DEBUG org.asynchttpclient.netty.channel.DefaultChannelPool - Closed 1 connections out of 1 in 9 ms
16:31:20.763 [AsyncHttpClient-1-2] DEBUG org.asynchttpclient.netty.handler.HttpHandler - 

Request DefaultFullHttpRequest(decodeResult: success, version: HTTP/1.1, content: EmptyByteBufBE)
DELETE /session/210b0027b4538a4be99e7dcae444676e HTTP/1.1
User-Agent: selenium/4.1.2 (java windows)
Content-Type: application/json; charset=utf-8
host: localhost:49917
accept: */*

Response DefaultHttpResponse(decodeResult: success, version: HTTP/1.1)
HTTP/1.1 200 OK
Content-Type: application/json; charset=utf-8
cache-control: no-cache
content-length: 14

16:31:20.763 [AsyncHttpClient-1-2] DEBUG org.asynchttpclient.netty.channel.ChannelManager - Adding key: http://localhost:49917 for channel [id: 0x425809db, L:/127.0.0.1:50825 - R:localhost/127.0.0.1:49917]
16:31:21.449 [AsyncHttpClient-1-1] DEBUG org.asynchttpclient.netty.channel.DefaultChannelPool - Entry count for : http://localhost:49917 : 1
16:31:21.894 [AsyncHttpClient-1-2] DEBUG org.asynchttpclient.netty.handler.HttpHandler - Unexpected I/O exception on channel [id: 0x425809db, L:/127.0.0.1:50825 - R:localhost/127.0.0.1:49917]
java.io.IOException: An existing connection was forcibly closed by the remote host
	at java.base/sun.nio.ch.SocketDispatcher.read0(Native Method)
	at java.base/sun.nio.ch.SocketDispatcher.read(SocketDispatcher.java:43)
	at java.base/sun.nio.ch.IOUtil.readIntoNativeBuffer(IOUtil.java:276)
	at java.base/sun.nio.ch.IOUtil.read(IOUtil.java:233)
	at java.base/sun.nio.ch.IOUtil.read(IOUtil.java:223)
	at java.base/sun.nio.ch.SocketChannelImpl.read(SocketChannelImpl.java:358)
	at io.netty.buffer.PooledByteBuf.setBytes(PooledByteBuf.java:258)
	at io.netty.buffer.AbstractByteBuf.writeBytes(AbstractByteBuf.java:1132)
	at io.netty.channel.socket.nio.NioSocketChannel.doReadBytes(NioSocketChannel.java:350)
	at io.netty.channel.nio.AbstractNioByteChannel$NioByteUnsafe.read(AbstractNioByteChannel.java:151)
	at io.netty.channel.nio.NioEventLoop.processSelectedKey(NioEventLoop.java:722)
	at io.netty.channel.nio.NioEventLoop.processSelectedKeysOptimized(NioEventLoop.java:658)
	at io.netty.channel.nio.NioEventLoop.processSelectedKeys(NioEventLoop.java:584)
	at io.netty.channel.nio.NioEventLoop.run(NioEventLoop.java:496)
	at io.netty.util.concurrent.SingleThreadEventExecutor$4.run(SingleThreadEventExecutor.java:986)
	at io.netty.util.internal.ThreadExecutorMap$2.run(ThreadExecutorMap.java:74)
	at io.netty.util.concurrent.FastThreadLocalRunnable.run(FastThreadLocalRunnable.java:30)
	at java.base/java.lang.Thread.run(Thread.java:834)
16:31:21.894 [AsyncHttpClient-1-2] DEBUG org.asynchttpclient.netty.channel.ChannelManager - Closing Channel [id: 0x425809db, L:/127.0.0.1:50825 - R:localhost/127.0.0.1:49917] 
16:31:21.901 [AsyncHttpClient-1-2] DEBUG org.asynchttpclient.netty.handler.HttpHandler - Channel Closed: [id: 0x425809db, L:/127.0.0.1:50825 ! R:localhost/127.0.0.1:49917] with attribute DISCARD
16:31:21.939 [main] INFO  - 
  _____   ___   ___   _____     ___     _     ___   ___   ___   ___  
 |_   _| | __| / __| |_   _|   | _ \   /_\   / __| / __| | __| |   \ 
   | |   | _|  \__ \   | |     |  _/  / _ \  \__ \ \__ \ | _|  | |) |
   |_|   |___| |___/   |_|     |_|   /_/ \_\ |___/ |___/ |___| |___/ 

As a admin i want to Add Manage Schedule Rawat Jalan
----------------------------------------------------------------------
]]></system-out>
    <system-err><![CDATA[Starting ChromeDriver 103.0.5060.53 (a1711811edd74ff1cf2150f36ffa3b0dae40b17f-refs/branch-heads/5060@{#853}) on port 49917
Only local connections are allowed.
Please see https://chromedriver.chromium.org/security-considerations for suggestions on keeping ChromeDriver safe.
ChromeDriver was started successfully.
Jul 10, 2022 4:30:11 PM org.openqa.selenium.remote.ProtocolHandshake createSession
INFO: Detected dialect: W3C
Jul 10, 2022 4:30:12 PM org.openqa.selenium.devtools.CdpVersionFinder findNearestMatch
WARNING: Unable to find an exact match for CDP version 103, so returning the closest version found: a no-op implementation
Jul 10, 2022 4:30:12 PM org.openqa.selenium.devtools.CdpVersionFinder findNearestMatch
INFO: Unable to find CDP implementation matching 103.
Jul 10, 2022 4:30:12 PM org.openqa.selenium.chromium.ChromiumDriver lambda$new$3
WARNING: Unable to find version of CDP to use for . You may need to include a dependency on a specific version of the CDP using something similar to `org.seleniumhq.selenium:selenium-devtools-v86:4.1.2` where the version ("v86") matches the version of the chromium-based browser you're using and the version number of the artifact is the same as Selenium's.
]]></system-err>
  </testcase>
  <testcase name="As a admin i want to Add Manage Schedule Rawat Biasa" classname="Add Kelola Jadwal - Admin" time="35.415">
    <system-out><![CDATA[
@AddKelolaJadwal @AddKelolaJadwalRawatBiasa
Scenario Outline: As a admin i want to Add Manage Schedule Rawat Biasa &amp#27;[90m# src/test/resources/features/AddKelolaJadwal.feature:32&amp#27;[0m
16:31:22.121 [main] INFO io.cucumber.core.plugin.SerenityReporter - Running feature from file:///D:/Kel-1-capstone/TestingWeb/src/test/resources/features/AddKelolaJadwal.feature
16:31:22.139 [main] INFO  - 
  _____   ___   ___   _____     ___   _____     _     ___   _____   ___   ___  
 |_   _| | __| / __| |_   _|   / __| |_   _|   /_\   | _ \ |_   _| | __| |   \ 
   | |   | _|  \__ \   | |     \__ \   | |    / _ \  |   /   | |   | _|  | |) |
   |_|   |___| |___/   |_|     |___/   |_|   /_/ \_\ |_|_\   |_|   |___| |___/ 

As a admin i want to Add Manage Schedule Rawat Biasa(add-kelola-jadwal---admin;as-a-admin-i-want-to-add-manage-schedule-rawat-biasa)
--------------------------------------------------------------------------------
16:31:22.514 [main] DEBUG net.thucydides.core.steps.StepInterceptor - STARTING STEP: KelolaJadwalSteps.openPageKelolaJadwal - openKelolaJadwal
16:31:22.531 [main] INFO net.serenitybdd.core.webdriver.driverproviders.ChromeDriverProvider - Using automatically driver download
16:31:22.555 [AsyncHttpClient-1-1] DEBUG org.asynchttpclient.netty.channel.DefaultChannelPool - Entry count for : http://localhost:49917 : 1
16:31:22.555 [AsyncHttpClient-1-1] DEBUG org.asynchttpclient.netty.channel.DefaultChannelPool - Adding Candidate expired Channel [id: 0x425809db, L:/127.0.0.1:50825 ! R:localhost/127.0.0.1:49917] isIdleTimeoutExpired=false isRemotelyClosed=true isTtlExpired=false
16:31:22.555 [AsyncHttpClient-1-1] DEBUG org.asynchttpclient.netty.channel.DefaultChannelPool - Closing Idle Channel [id: 0x425809db, L:/127.0.0.1:50825 ! R:localhost/127.0.0.1:49917]
16:31:22.555 [AsyncHttpClient-1-1] DEBUG org.asynchttpclient.netty.channel.DefaultChannelPool - Closed 1 connections out of 1 in 0 ms
16:31:23.981 [main] DEBUG io.github.bonigarcia.wdm.cache.ResolutionCache - Resolution chrome=103 in cache (valid until 17:02:47 10/07/2022 ICT)
16:31:24.224 [main] DEBUG io.github.bonigarcia.wdm.cache.ResolutionCache - Resolution chrome103=103.0.5060.53 in cache (valid until 16:02:47 11/07/2022 ICT)
16:31:24.281 [main] INFO io.github.bonigarcia.wdm.WebDriverManager - Using chromedriver 103.0.5060.53 (resolved driver for Chrome 103)
16:31:24.579 [main] DEBUG io.github.bonigarcia.wdm.WebDriverManager - Driver chromedriver 103.0.5060.53 found in cache
16:31:24.583 [main] INFO io.github.bonigarcia.wdm.WebDriverManager - Exporting webdriver.chrome.driver as C:\Users\ASUS\.cache\selenium\chromedriver\win32\103.0.5060.53\chromedriver.exe
16:31:25.509 [main] DEBUG net.serenitybdd.core.webdriver.driverproviders.ProvideNewDriver - Instantiating driver
16:31:25.509 [main] DEBUG net.serenitybdd.core.webdriver.driverproviders.ProvideNewDriver - Driver capabilities: Capabilities {acceptInsecureCerts: false, base.url: https://fanciful-trifle-360..., browserName: chrome, chorme.driver: src/test/resources/webdrive..., driver: chrome, goog:chromeOptions: {args: [], extensions: []}}
16:31:26.189 [AsyncHttpClient-1-5] DEBUG org.asynchttpclient.netty.channel.NettyConnectListener - Using new Channel '[id: 0xe4cf9fc8, L:/127.0.0.1:50903 - R:localhost/127.0.0.1:57962]' for 'POST' to '/session'
16:31:31.151 [AsyncHttpClient-1-5] DEBUG org.asynchttpclient.netty.handler.HttpHandler - 

Request DefaultHttpRequest(decodeResult: success, version: HTTP/1.1)
POST /session HTTP/1.1
User-Agent: selenium/4.1.2 (java windows)
Content-Length: 629
Content-Type: application/json; charset=utf-8
host: localhost:57962
accept: */*

Response DefaultHttpResponse(decodeResult: success, version: HTTP/1.1)
HTTP/1.1 200 OK
Content-Type: application/json; charset=utf-8
cache-control: no-cache
content-length: 789

16:31:31.151 [AsyncHttpClient-1-5] DEBUG org.asynchttpclient.netty.channel.ChannelManager - Adding key: http://localhost:57962 for channel [id: 0xe4cf9fc8, L:/127.0.0.1:50903 - R:localhost/127.0.0.1:57962]
16:31:31.259 [AsyncHttpClient-1-6] DEBUG org.asynchttpclient.netty.channel.NettyConnectListener - Using new Channel '[id: 0xe7b35af9, L:/127.0.0.1:50919 - R:localhost/127.0.0.1:50905]' for 'GET' to '/json/version'
16:31:31.310 [AsyncHttpClient-1-6] DEBUG org.asynchttpclient.netty.handler.HttpHandler - 

Request DefaultFullHttpRequest(decodeResult: success, version: HTTP/1.1, content: EmptyByteBufBE)
GET /json/version HTTP/1.1
User-Agent: selenium/4.1.2 (java windows)
host: localhost:50905
accept: */*

Response DefaultHttpResponse(decodeResult: success, version: HTTP/1.1)
HTTP/1.1 200 OK
Content-Type: application/json; charset=UTF-8
content-length: 429

16:31:31.310 [AsyncHttpClient-1-6] DEBUG org.asynchttpclient.netty.channel.ChannelManager - Adding key: http://localhost:50905 for channel [id: 0xe7b35af9, L:/127.0.0.1:50919 - R:localhost/127.0.0.1:50905]
16:31:31.332 [AsyncHttpClient-1-7] DEBUG org.asynchttpclient.netty.channel.NettyConnectListener - Using new Channel '[id: 0xd117e69f, L:/127.0.0.1:50920 - R:localhost/127.0.0.1:50905]' for 'GET' to '/devtools/browser/0b119d56-af76-4549-aa62-e6efc7e1bedd'
16:31:31.374 [AsyncHttpClient-1-1] DEBUG org.asynchttpclient.netty.channel.DefaultChannelPool - Entry count for : http://localhost:57962 : 1
16:31:31.374 [AsyncHttpClient-1-1] DEBUG org.asynchttpclient.netty.channel.DefaultChannelPool - Entry count for : http://localhost:50905 : 1
16:31:31.414 [AsyncHttpClient-1-7] DEBUG org.asynchttpclient.netty.handler.WebSocketHandler - 

Request DefaultFullHttpRequest(decodeResult: success, version: HTTP/1.1, content: EmptyByteBufBE)
GET /devtools/browser/0b119d56-af76-4549-aa62-e6efc7e1bedd HTTP/1.1
upgrade: websocket
connection: upgrade
sec-websocket-key: 0f4mrp+kh/DwHgMxM+ZwgQ==
sec-websocket-version: 13
origin: http://localhost:50905
host: localhost:50905
accept: */*
user-agent: AHC/2.1

Response DefaultHttpResponse(decodeResult: success, version: HTTP/1.1)
HTTP/1.1 101 WebSocket Protocol Handshake
Upgrade: WebSocket
Connection: Upgrade
Sec-WebSocket-Accept: apCs0TqYIK2MNBKsm4swcSREr3Q=

16:31:31.456 [Forwarding get on session be62cde2678f39aaa0b23b04ca7222ee to remote] DEBUG org.asynchttpclient.netty.request.NettyRequestSender - Using pooled Channel '[id: 0xe4cf9fc8, L:/127.0.0.1:50903 - R:localhost/127.0.0.1:57962]' for 'POST' to 'http://localhost:57962/session/be62cde2678f39aaa0b23b04ca7222ee/url'
16:31:31.456 [Forwarding get on session be62cde2678f39aaa0b23b04ca7222ee to remote] DEBUG org.asynchttpclient.netty.request.NettyRequestSender - Using open Channel [id: 0xe4cf9fc8, L:/127.0.0.1:50903 - R:localhost/127.0.0.1:57962] for POST '/session/be62cde2678f39aaa0b23b04ca7222ee/url'
16:31:32.443 [AsyncHttpClient-1-1] DEBUG org.asynchttpclient.netty.channel.DefaultChannelPool - Entry count for : http://localhost:50905 : 1
16:31:33.541 [AsyncHttpClient-1-1] DEBUG org.asynchttpclient.netty.channel.DefaultChannelPool - Entry count for : http://localhost:50905 : 1
16:31:33.902 [AsyncHttpClient-1-5] DEBUG org.asynchttpclient.netty.handler.HttpHandler - 

Request DefaultHttpRequest(decodeResult: success, version: HTTP/1.1)
POST /session/be62cde2678f39aaa0b23b04ca7222ee/url HTTP/1.1
User-Agent: selenium/4.1.2 (java windows)
Content-Length: 86
Content-Type: application/json; charset=utf-8
host: localhost:57962
accept: */*

Response DefaultHttpResponse(decodeResult: success, version: HTTP/1.1)
HTTP/1.1 200 OK
Content-Type: application/json; charset=utf-8
cache-control: no-cache
content-length: 14

16:31:33.902 [AsyncHttpClient-1-5] DEBUG org.asynchttpclient.netty.channel.ChannelManager - Adding key: http://localhost:57962 for channel [id: 0xe4cf9fc8, L:/127.0.0.1:50903 - R:localhost/127.0.0.1:57962]
16:31:33.909 [Forwarding setTimeout on session be62cde2678f39aaa0b23b04ca7222ee to remote] DEBUG org.asynchttpclient.netty.request.NettyRequestSender - Using pooled Channel '[id: 0xe4cf9fc8, L:/127.0.0.1:50903 - R:localhost/127.0.0.1:57962]' for 'POST' to 'http://localhost:57962/session/be62cde2678f39aaa0b23b04ca7222ee/timeouts'
16:31:33.909 [Forwarding setTimeout on session be62cde2678f39aaa0b23b04ca7222ee to remote] DEBUG org.asynchttpclient.netty.request.NettyRequestSender - Using open Channel [id: 0xe4cf9fc8, L:/127.0.0.1:50903 - R:localhost/127.0.0.1:57962] for POST '/session/be62cde2678f39aaa0b23b04ca7222ee/timeouts'
16:31:33.917 [AsyncHttpClient-1-5] DEBUG org.asynchttpclient.netty.handler.HttpHandler - 

Request DefaultHttpRequest(decodeResult: success, version: HTTP/1.1)
POST /session/be62cde2678f39aaa0b23b04ca7222ee/timeouts HTTP/1.1
User-Agent: selenium/4.1.2 (java windows)
Content-Length: 22
Content-Type: application/json; charset=utf-8
host: localhost:57962
accept: */*

Response DefaultHttpResponse(decodeResult: success, version: HTTP/1.1)
HTTP/1.1 200 OK
Content-Type: application/json; charset=utf-8
cache-control: no-cache
content-length: 14

16:31:33.917 [AsyncHttpClient-1-5] DEBUG org.asynchttpclient.netty.channel.ChannelManager - Adding key: http://localhost:57962 for channel [id: 0xe4cf9fc8, L:/127.0.0.1:50903 - R:localhost/127.0.0.1:57962]
16:31:33.943 [Forwarding getCurrentUrl on session be62cde2678f39aaa0b23b04ca7222ee to remote] DEBUG org.asynchttpclient.netty.request.NettyRequestSender - Using pooled Channel '[id: 0xe4cf9fc8, L:/127.0.0.1:50903 - R:localhost/127.0.0.1:57962]' for 'GET' to 'http://localhost:57962/session/be62cde2678f39aaa0b23b04ca7222ee/url'
16:31:33.943 [Forwarding getCurrentUrl on session be62cde2678f39aaa0b23b04ca7222ee to remote] DEBUG org.asynchttpclient.netty.request.NettyRequestSender - Using open Channel [id: 0xe4cf9fc8, L:/127.0.0.1:50903 - R:localhost/127.0.0.1:57962] for GET '/session/be62cde2678f39aaa0b23b04ca7222ee/url'
16:31:34.032 [AsyncHttpClient-1-5] DEBUG org.asynchttpclient.netty.handler.HttpHandler - 

Request DefaultFullHttpRequest(decodeResult: success, version: HTTP/1.1, content: EmptyByteBufBE)
GET /session/be62cde2678f39aaa0b23b04ca7222ee/url HTTP/1.1
User-Agent: selenium/4.1.2 (java windows)
Cache-Control: no-cache
Content-Type: application/json; charset=utf-8
host: localhost:57962
accept: */*

Response DefaultHttpResponse(decodeResult: success, version: HTTP/1.1)
HTTP/1.1 200 OK
Content-Type: application/json; charset=utf-8
cache-control: no-cache
content-length: 68

16:31:34.032 [AsyncHttpClient-1-5] DEBUG org.asynchttpclient.netty.channel.ChannelManager - Adding key: http://localhost:57962 for channel [id: 0xe4cf9fc8, L:/127.0.0.1:50903 - R:localhost/127.0.0.1:57962]
16:31:34.071 [Forwarding screenshot on session be62cde2678f39aaa0b23b04ca7222ee to remote] DEBUG org.asynchttpclient.netty.request.NettyRequestSender - Using pooled Channel '[id: 0xe4cf9fc8, L:/127.0.0.1:50903 - R:localhost/127.0.0.1:57962]' for 'GET' to 'http://localhost:57962/session/be62cde2678f39aaa0b23b04ca7222ee/screenshot'
16:31:34.071 [Forwarding screenshot on session be62cde2678f39aaa0b23b04ca7222ee to remote] DEBUG org.asynchttpclient.netty.request.NettyRequestSender - Using open Channel [id: 0xe4cf9fc8, L:/127.0.0.1:50903 - R:localhost/127.0.0.1:57962] for GET '/session/be62cde2678f39aaa0b23b04ca7222ee/screenshot'
16:31:34.641 [AsyncHttpClient-1-1] DEBUG org.asynchttpclient.netty.channel.DefaultChannelPool - Entry count for : http://localhost:50905 : 1
16:31:35.751 [AsyncHttpClient-1-1] DEBUG org.asynchttpclient.netty.channel.DefaultChannelPool - Entry count for : http://localhost:50905 : 1
16:31:35.782 [AsyncHttpClient-1-5] DEBUG org.asynchttpclient.netty.handler.HttpHandler - 

Request DefaultFullHttpRequest(decodeResult: success, version: HTTP/1.1, content: EmptyByteBufBE)
GET /session/be62cde2678f39aaa0b23b04ca7222ee/screenshot HTTP/1.1
User-Agent: selenium/4.1.2 (java windows)
Cache-Control: no-cache
Content-Type: application/json; charset=utf-8
host: localhost:57962
accept: */*

Response DefaultHttpResponse(decodeResult: success, version: HTTP/1.1)
HTTP/1.1 200 OK
Content-Type: application/json; charset=utf-8
cache-control: no-cache
content-length: 63852

16:31:35.784 [AsyncHttpClient-1-5] DEBUG org.asynchttpclient.netty.channel.ChannelManager - Adding key: http://localhost:57962 for channel [id: 0xe4cf9fc8, L:/127.0.0.1:50903 - R:localhost/127.0.0.1:57962]
16:31:35.799 [main] DEBUG net.serenitybdd.core.photography.Darkroom - Send negative for processing for target\site\serenity\4b4d52303de5bc8432cc997710f18014a7cf8b38aa1398c92010be89ef973807.png
16:31:35.799 [main] DEBUG net.thucydides.core.steps.StepInterceptor - STEP DONE: openKelolaJadwal
  &amp#27;[32mGiven &amp#27;[0m&amp#27;[32mOpen page Kelola Jadwal&amp#27;[0m                                        &amp#27;[90m# starter.stepdefinitios.KelolaJadwalSteps.openPageKelolaJadwal()&amp#27;[0m
16:31:35.856 [Forwarding screenshot on session be62cde2678f39aaa0b23b04ca7222ee to remote] DEBUG org.asynchttpclient.netty.request.NettyRequestSender - Using pooled Channel '[id: 0xe4cf9fc8, L:/127.0.0.1:50903 - R:localhost/127.0.0.1:57962]' for 'GET' to 'http://localhost:57962/session/be62cde2678f39aaa0b23b04ca7222ee/screenshot'
16:31:35.856 [Forwarding screenshot on session be62cde2678f39aaa0b23b04ca7222ee to remote] DEBUG org.asynchttpclient.netty.request.NettyRequestSender - Using open Channel [id: 0xe4cf9fc8, L:/127.0.0.1:50903 - R:localhost/127.0.0.1:57962] for GET '/session/be62cde2678f39aaa0b23b04ca7222ee/screenshot'
16:31:36.201 [AsyncHttpClient-1-5] DEBUG org.asynchttpclient.netty.handler.HttpHandler - 

Request DefaultFullHttpRequest(decodeResult: success, version: HTTP/1.1, content: EmptyByteBufBE)
GET /session/be62cde2678f39aaa0b23b04ca7222ee/screenshot HTTP/1.1
User-Agent: selenium/4.1.2 (java windows)
Cache-Control: no-cache
Content-Type: application/json; charset=utf-8
host: localhost:57962
accept: */*

Response DefaultHttpResponse(decodeResult: success, version: HTTP/1.1)
HTTP/1.1 200 OK
Content-Type: application/json; charset=utf-8
cache-control: no-cache
content-length: 63852

16:31:36.204 [AsyncHttpClient-1-5] DEBUG org.asynchttpclient.netty.channel.ChannelManager - Adding key: http://localhost:57962 for channel [id: 0xe4cf9fc8, L:/127.0.0.1:50903 - R:localhost/127.0.0.1:57962]
16:31:36.217 [main] DEBUG net.serenitybdd.core.photography.Darkroom - Send negative for processing for target\site\serenity\4b4d52303de5bc8432cc997710f18014a7cf8b38aa1398c92010be89ef973807.png
16:31:36.422 [Forwarding screenshot on session be62cde2678f39aaa0b23b04ca7222ee to remote] DEBUG org.asynchttpclient.netty.request.NettyRequestSender - Using pooled Channel '[id: 0xe4cf9fc8, L:/127.0.0.1:50903 - R:localhost/127.0.0.1:57962]' for 'GET' to 'http://localhost:57962/session/be62cde2678f39aaa0b23b04ca7222ee/screenshot'
16:31:36.422 [Forwarding screenshot on session be62cde2678f39aaa0b23b04ca7222ee to remote] DEBUG org.asynchttpclient.netty.request.NettyRequestSender - Using open Channel [id: 0xe4cf9fc8, L:/127.0.0.1:50903 - R:localhost/127.0.0.1:57962] for GET '/session/be62cde2678f39aaa0b23b04ca7222ee/screenshot'
16:31:36.743 [AsyncHttpClient-1-5] DEBUG org.asynchttpclient.netty.handler.HttpHandler - 

Request DefaultFullHttpRequest(decodeResult: success, version: HTTP/1.1, content: EmptyByteBufBE)
GET /session/be62cde2678f39aaa0b23b04ca7222ee/screenshot HTTP/1.1
User-Agent: selenium/4.1.2 (java windows)
Cache-Control: no-cache
Content-Type: application/json; charset=utf-8
host: localhost:57962
accept: */*

Response DefaultHttpResponse(decodeResult: success, version: HTTP/1.1)
HTTP/1.1 200 OK
Content-Type: application/json; charset=utf-8
cache-control: no-cache
content-length: 63852

16:31:36.745 [AsyncHttpClient-1-5] DEBUG org.asynchttpclient.netty.channel.ChannelManager - Adding key: http://localhost:57962 for channel [id: 0xe4cf9fc8, L:/127.0.0.1:50903 - R:localhost/127.0.0.1:57962]
16:31:36.761 [main] DEBUG net.serenitybdd.core.photography.Darkroom - Send negative for processing for target\site\serenity\4b4d52303de5bc8432cc997710f18014a7cf8b38aa1398c92010be89ef973807.png
16:31:36.763 [main] DEBUG net.thucydides.core.steps.StepInterceptor - STARTING STEP: PatientDataSteps.clickButtonTambahData - clickButtonTambah
16:31:36.791 [Forwarding findElement on session be62cde2678f39aaa0b23b04ca7222ee to remote] DEBUG org.asynchttpclient.netty.request.NettyRequestSender - Using pooled Channel '[id: 0xe4cf9fc8, L:/127.0.0.1:50903 - R:localhost/127.0.0.1:57962]' for 'POST' to 'http://localhost:57962/session/be62cde2678f39aaa0b23b04ca7222ee/element'
16:31:36.791 [Forwarding findElement on session be62cde2678f39aaa0b23b04ca7222ee to remote] DEBUG org.asynchttpclient.netty.request.NettyRequestSender - Using open Channel [id: 0xe4cf9fc8, L:/127.0.0.1:50903 - R:localhost/127.0.0.1:57962] for POST '/session/be62cde2678f39aaa0b23b04ca7222ee/element'
16:31:36.849 [AsyncHttpClient-1-1] DEBUG org.asynchttpclient.netty.channel.DefaultChannelPool - Entry count for : http://localhost:50905 : 1
16:31:36.869 [AsyncHttpClient-1-5] DEBUG org.asynchttpclient.netty.handler.HttpHandler - 

Request DefaultHttpRequest(decodeResult: success, version: HTTP/1.1)
POST /session/be62cde2678f39aaa0b23b04ca7222ee/element HTTP/1.1
User-Agent: selenium/4.1.2 (java windows)
Content-Length: 68
Content-Type: application/json; charset=utf-8
host: localhost:57962
accept: */*

Response DefaultHttpResponse(decodeResult: success, version: HTTP/1.1)
HTTP/1.1 200 OK
Content-Type: application/json; charset=utf-8
cache-control: no-cache
content-length: 88

16:31:36.869 [AsyncHttpClient-1-5] DEBUG org.asynchttpclient.netty.channel.ChannelManager - Adding key: http://localhost:57962 for channel [id: 0xe4cf9fc8, L:/127.0.0.1:50903 - R:localhost/127.0.0.1:57962]
16:31:36.881 [Forwarding getElementTagName on session be62cde2678f39aaa0b23b04ca7222ee to remote] DEBUG org.asynchttpclient.netty.request.NettyRequestSender - Using pooled Channel '[id: 0xe4cf9fc8, L:/127.0.0.1:50903 - R:localhost/127.0.0.1:57962]' for 'GET' to 'http://localhost:57962/session/be62cde2678f39aaa0b23b04ca7222ee/element/af384117-5f9d-47fa-8462-f86adb148d59/name'
16:31:36.881 [Forwarding getElementTagName on session be62cde2678f39aaa0b23b04ca7222ee to remote] DEBUG org.asynchttpclient.netty.request.NettyRequestSender - Using open Channel [id: 0xe4cf9fc8, L:/127.0.0.1:50903 - R:localhost/127.0.0.1:57962] for GET '/session/be62cde2678f39aaa0b23b04ca7222ee/element/af384117-5f9d-47fa-8462-f86adb148d59/name'
16:31:36.899 [AsyncHttpClient-1-5] DEBUG org.asynchttpclient.netty.handler.HttpHandler - 

Request DefaultFullHttpRequest(decodeResult: success, version: HTTP/1.1, content: EmptyByteBufBE)
GET /session/be62cde2678f39aaa0b23b04ca7222ee/element/af384117-5f9d-47fa-8462-f86adb148d59/name HTTP/1.1
User-Agent: selenium/4.1.2 (java windows)
Cache-Control: no-cache
Content-Type: application/json; charset=utf-8
host: localhost:57962
accept: */*

Response DefaultHttpResponse(decodeResult: success, version: HTTP/1.1)
HTTP/1.1 200 OK
Content-Type: application/json; charset=utf-8
cache-control: no-cache
content-length: 18

16:31:36.903 [AsyncHttpClient-1-5] DEBUG org.asynchttpclient.netty.channel.ChannelManager - Adding key: http://localhost:57962 for channel [id: 0xe4cf9fc8, L:/127.0.0.1:50903 - R:localhost/127.0.0.1:57962]
16:31:36.911 [Forwarding getElementTagName on session be62cde2678f39aaa0b23b04ca7222ee to remote] DEBUG org.asynchttpclient.netty.request.NettyRequestSender - Using pooled Channel '[id: 0xe4cf9fc8, L:/127.0.0.1:50903 - R:localhost/127.0.0.1:57962]' for 'GET' to 'http://localhost:57962/session/be62cde2678f39aaa0b23b04ca7222ee/element/af384117-5f9d-47fa-8462-f86adb148d59/name'
16:31:36.911 [Forwarding getElementTagName on session be62cde2678f39aaa0b23b04ca7222ee to remote] DEBUG org.asynchttpclient.netty.request.NettyRequestSender - Using open Channel [id: 0xe4cf9fc8, L:/127.0.0.1:50903 - R:localhost/127.0.0.1:57962] for GET '/session/be62cde2678f39aaa0b23b04ca7222ee/element/af384117-5f9d-47fa-8462-f86adb148d59/name'
16:31:36.921 [AsyncHttpClient-1-5] DEBUG org.asynchttpclient.netty.handler.HttpHandler - 

Request DefaultFullHttpRequest(decodeResult: success, version: HTTP/1.1, content: EmptyByteBufBE)
GET /session/be62cde2678f39aaa0b23b04ca7222ee/element/af384117-5f9d-47fa-8462-f86adb148d59/name HTTP/1.1
User-Agent: selenium/4.1.2 (java windows)
Cache-Control: no-cache
Content-Type: application/json; charset=utf-8
host: localhost:57962
accept: */*

Response DefaultHttpResponse(decodeResult: success, version: HTTP/1.1)
HTTP/1.1 200 OK
Content-Type: application/json; charset=utf-8
cache-control: no-cache
content-length: 18

16:31:36.921 [AsyncHttpClient-1-5] DEBUG org.asynchttpclient.netty.channel.ChannelManager - Adding key: http://localhost:57962 for channel [id: 0xe4cf9fc8, L:/127.0.0.1:50903 - R:localhost/127.0.0.1:57962]
16:31:36.941 [Forwarding isElementEnabled on session be62cde2678f39aaa0b23b04ca7222ee to remote] DEBUG org.asynchttpclient.netty.request.NettyRequestSender - Using pooled Channel '[id: 0xe4cf9fc8, L:/127.0.0.1:50903 - R:localhost/127.0.0.1:57962]' for 'GET' to 'http://localhost:57962/session/be62cde2678f39aaa0b23b04ca7222ee/element/af384117-5f9d-47fa-8462-f86adb148d59/enabled'
16:31:36.941 [Forwarding isElementEnabled on session be62cde2678f39aaa0b23b04ca7222ee to remote] DEBUG org.asynchttpclient.netty.request.NettyRequestSender - Using open Channel [id: 0xe4cf9fc8, L:/127.0.0.1:50903 - R:localhost/127.0.0.1:57962] for GET '/session/be62cde2678f39aaa0b23b04ca7222ee/element/af384117-5f9d-47fa-8462-f86adb148d59/enabled'
16:31:36.980 [AsyncHttpClient-1-5] DEBUG org.asynchttpclient.netty.handler.HttpHandler - 

Request DefaultFullHttpRequest(decodeResult: success, version: HTTP/1.1, content: EmptyByteBufBE)
GET /session/be62cde2678f39aaa0b23b04ca7222ee/element/af384117-5f9d-47fa-8462-f86adb148d59/enabled HTTP/1.1
User-Agent: selenium/4.1.2 (java windows)
Cache-Control: no-cache
Content-Type: application/json; charset=utf-8
host: localhost:57962
accept: */*

Response DefaultHttpResponse(decodeResult: success, version: HTTP/1.1)
HTTP/1.1 200 OK
Content-Type: application/json; charset=utf-8
cache-control: no-cache
content-length: 14

16:31:36.980 [AsyncHttpClient-1-5] DEBUG org.asynchttpclient.netty.channel.ChannelManager - Adding key: http://localhost:57962 for channel [id: 0xe4cf9fc8, L:/127.0.0.1:50903 - R:localhost/127.0.0.1:57962]
16:31:36.982 [Forwarding isElementEnabled on session be62cde2678f39aaa0b23b04ca7222ee to remote] DEBUG org.asynchttpclient.netty.request.NettyRequestSender - Using pooled Channel '[id: 0xe4cf9fc8, L:/127.0.0.1:50903 - R:localhost/127.0.0.1:57962]' for 'GET' to 'http://localhost:57962/session/be62cde2678f39aaa0b23b04ca7222ee/element/af384117-5f9d-47fa-8462-f86adb148d59/enabled'
16:31:36.982 [Forwarding isElementEnabled on session be62cde2678f39aaa0b23b04ca7222ee to remote] DEBUG org.asynchttpclient.netty.request.NettyRequestSender - Using open Channel [id: 0xe4cf9fc8, L:/127.0.0.1:50903 - R:localhost/127.0.0.1:57962] for GET '/session/be62cde2678f39aaa0b23b04ca7222ee/element/af384117-5f9d-47fa-8462-f86adb148d59/enabled'
16:31:37.021 [AsyncHttpClient-1-5] DEBUG org.asynchttpclient.netty.handler.HttpHandler - 

Request DefaultFullHttpRequest(decodeResult: success, version: HTTP/1.1, content: EmptyByteBufBE)
GET /session/be62cde2678f39aaa0b23b04ca7222ee/element/af384117-5f9d-47fa-8462-f86adb148d59/enabled HTTP/1.1
User-Agent: selenium/4.1.2 (java windows)
Cache-Control: no-cache
Content-Type: application/json; charset=utf-8
host: localhost:57962
accept: */*

Response DefaultHttpResponse(decodeResult: success, version: HTTP/1.1)
HTTP/1.1 200 OK
Content-Type: application/json; charset=utf-8
cache-control: no-cache
content-length: 14

16:31:37.021 [AsyncHttpClient-1-5] DEBUG org.asynchttpclient.netty.channel.ChannelManager - Adding key: http://localhost:57962 for channel [id: 0xe4cf9fc8, L:/127.0.0.1:50903 - R:localhost/127.0.0.1:57962]
16:31:37.033 [Forwarding findElement on session be62cde2678f39aaa0b23b04ca7222ee to remote] DEBUG org.asynchttpclient.netty.request.NettyRequestSender - Using pooled Channel '[id: 0xe4cf9fc8, L:/127.0.0.1:50903 - R:localhost/127.0.0.1:57962]' for 'POST' to 'http://localhost:57962/session/be62cde2678f39aaa0b23b04ca7222ee/element'
16:31:37.033 [Forwarding findElement on session be62cde2678f39aaa0b23b04ca7222ee to remote] DEBUG org.asynchttpclient.netty.request.NettyRequestSender - Using open Channel [id: 0xe4cf9fc8, L:/127.0.0.1:50903 - R:localhost/127.0.0.1:57962] for POST '/session/be62cde2678f39aaa0b23b04ca7222ee/element'
16:31:37.059 [AsyncHttpClient-1-5] DEBUG org.asynchttpclient.netty.handler.HttpHandler - 

Request DefaultHttpRequest(decodeResult: success, version: HTTP/1.1)
POST /session/be62cde2678f39aaa0b23b04ca7222ee/element HTTP/1.1
User-Agent: selenium/4.1.2 (java windows)
Content-Length: 68
Content-Type: application/json; charset=utf-8
host: localhost:57962
accept: */*

Response DefaultHttpResponse(decodeResult: success, version: HTTP/1.1)
HTTP/1.1 200 OK
Content-Type: application/json; charset=utf-8
cache-control: no-cache
content-length: 88

16:31:37.059 [AsyncHttpClient-1-5] DEBUG org.asynchttpclient.netty.channel.ChannelManager - Adding key: http://localhost:57962 for channel [id: 0xe4cf9fc8, L:/127.0.0.1:50903 - R:localhost/127.0.0.1:57962]
16:31:37.068 [Forwarding clickElement on session be62cde2678f39aaa0b23b04ca7222ee to remote] DEBUG org.asynchttpclient.netty.request.NettyRequestSender - Using pooled Channel '[id: 0xe4cf9fc8, L:/127.0.0.1:50903 - R:localhost/127.0.0.1:57962]' for 'POST' to 'http://localhost:57962/session/be62cde2678f39aaa0b23b04ca7222ee/element/af384117-5f9d-47fa-8462-f86adb148d59/click'
16:31:37.069 [Forwarding clickElement on session be62cde2678f39aaa0b23b04ca7222ee to remote] DEBUG org.asynchttpclient.netty.request.NettyRequestSender - Using open Channel [id: 0xe4cf9fc8, L:/127.0.0.1:50903 - R:localhost/127.0.0.1:57962] for POST '/session/be62cde2678f39aaa0b23b04ca7222ee/element/af384117-5f9d-47fa-8462-f86adb148d59/click'
16:31:37.476 [AsyncHttpClient-1-5] DEBUG org.asynchttpclient.netty.handler.HttpHandler - 

Request DefaultHttpRequest(decodeResult: success, version: HTTP/1.1)
POST /session/be62cde2678f39aaa0b23b04ca7222ee/element/af384117-5f9d-47fa-8462-f86adb148d59/click HTTP/1.1
User-Agent: selenium/4.1.2 (java windows)
Content-Length: 50
Content-Type: application/json; charset=utf-8
host: localhost:57962
accept: */*

Response DefaultHttpResponse(decodeResult: success, version: HTTP/1.1)
HTTP/1.1 200 OK
Content-Type: application/json; charset=utf-8
cache-control: no-cache
content-length: 14

16:31:37.478 [AsyncHttpClient-1-5] DEBUG org.asynchttpclient.netty.channel.ChannelManager - Adding key: http://localhost:57962 for channel [id: 0xe4cf9fc8, L:/127.0.0.1:50903 - R:localhost/127.0.0.1:57962]
16:31:37.521 [Forwarding screenshot on session be62cde2678f39aaa0b23b04ca7222ee to remote] DEBUG org.asynchttpclient.netty.request.NettyRequestSender - Using pooled Channel '[id: 0xe4cf9fc8, L:/127.0.0.1:50903 - R:localhost/127.0.0.1:57962]' for 'GET' to 'http://localhost:57962/session/be62cde2678f39aaa0b23b04ca7222ee/screenshot'
16:31:37.521 [Forwarding screenshot on session be62cde2678f39aaa0b23b04ca7222ee to remote] DEBUG org.asynchttpclient.netty.request.NettyRequestSender - Using open Channel [id: 0xe4cf9fc8, L:/127.0.0.1:50903 - R:localhost/127.0.0.1:57962] for GET '/session/be62cde2678f39aaa0b23b04ca7222ee/screenshot'
16:31:37.941 [AsyncHttpClient-1-1] DEBUG org.asynchttpclient.netty.channel.DefaultChannelPool - Entry count for : http://localhost:50905 : 1
16:31:38.441 [AsyncHttpClient-1-5] DEBUG org.asynchttpclient.netty.handler.HttpHandler - 

Request DefaultFullHttpRequest(decodeResult: success, version: HTTP/1.1, content: EmptyByteBufBE)
GET /session/be62cde2678f39aaa0b23b04ca7222ee/screenshot HTTP/1.1
User-Agent: selenium/4.1.2 (java windows)
Cache-Control: no-cache
Content-Type: application/json; charset=utf-8
host: localhost:57962
accept: */*

Response DefaultHttpResponse(decodeResult: success, version: HTTP/1.1)
HTTP/1.1 200 OK
Content-Type: application/json; charset=utf-8
cache-control: no-cache
content-length: 47868

16:31:38.441 [AsyncHttpClient-1-5] DEBUG org.asynchttpclient.netty.channel.ChannelManager - Adding key: http://localhost:57962 for channel [id: 0xe4cf9fc8, L:/127.0.0.1:50903 - R:localhost/127.0.0.1:57962]
16:31:38.454 [main] DEBUG net.serenitybdd.core.photography.Darkroom - Send negative for processing for target\site\serenity\5be895550a5abdd674d3dfafc72bbb24f0ef29da5013b93e4e51af0fe62cac24.png
16:31:38.454 [main] DEBUG net.thucydides.core.steps.StepInterceptor - STEP DONE: clickButtonTambah
  &amp#27;[32mWhen &amp#27;[0m&amp#27;[32mClick button tambah data&amp#27;[0m                                        &amp#27;[90m# starter.stepdefinitios.PatientDataSteps.clickButtonTambahData()&amp#27;[0m
16:31:38.459 [Darkroom Processing Line] DEBUG net.serenitybdd.core.photography.DarkroomProcessingLine - Processing screenshot image in /var/screenshots/screenshot-16894672521002718947
16:31:38.459 [Darkroom Processing Line] DEBUG net.serenitybdd.core.photography.DarkroomProcessingLine - Saving screenshot to target\site\serenity\5be895550a5abdd674d3dfafc72bbb24f0ef29da5013b93e4e51af0fe62cac24.png
16:31:38.581 [Forwarding screenshot on session be62cde2678f39aaa0b23b04ca7222ee to remote] DEBUG org.asynchttpclient.netty.request.NettyRequestSender - Using pooled Channel '[id: 0xe4cf9fc8, L:/127.0.0.1:50903 - R:localhost/127.0.0.1:57962]' for 'GET' to 'http://localhost:57962/session/be62cde2678f39aaa0b23b04ca7222ee/screenshot'
16:31:38.605 [Forwarding screenshot on session be62cde2678f39aaa0b23b04ca7222ee to remote] DEBUG org.asynchttpclient.netty.request.NettyRequestSender - Using open Channel [id: 0xe4cf9fc8, L:/127.0.0.1:50903 - R:localhost/127.0.0.1:57962] for GET '/session/be62cde2678f39aaa0b23b04ca7222ee/screenshot'
16:31:39.025 [AsyncHttpClient-1-5] DEBUG org.asynchttpclient.netty.handler.HttpHandler - 

Request DefaultFullHttpRequest(decodeResult: success, version: HTTP/1.1, content: EmptyByteBufBE)
GET /session/be62cde2678f39aaa0b23b04ca7222ee/screenshot HTTP/1.1
User-Agent: selenium/4.1.2 (java windows)
Cache-Control: no-cache
Content-Type: application/json; charset=utf-8
host: localhost:57962
accept: */*

Response DefaultHttpResponse(decodeResult: success, version: HTTP/1.1)
HTTP/1.1 200 OK
Content-Type: application/json; charset=utf-8
cache-control: no-cache
content-length: 52112

16:31:39.025 [AsyncHttpClient-1-5] DEBUG org.asynchttpclient.netty.channel.ChannelManager - Adding key: http://localhost:57962 for channel [id: 0xe4cf9fc8, L:/127.0.0.1:50903 - R:localhost/127.0.0.1:57962]
16:31:39.041 [main] DEBUG net.serenitybdd.core.photography.Darkroom - Send negative for processing for target\site\serenity\6791301d8739675b6b36ebc640ec88973c87ef88ba523667f6be61a8b391b1c0.png
16:31:39.041 [main] DEBUG net.thucydides.core.steps.StepInterceptor - STARTING STEP: KelolaJadwalSteps.clickOnTheSelectPatientActionToSelectAPatient - buttonPilihPasien
16:31:39.061 [Forwarding findElement on session be62cde2678f39aaa0b23b04ca7222ee to remote] DEBUG org.asynchttpclient.netty.request.NettyRequestSender - Using pooled Channel '[id: 0xe4cf9fc8, L:/127.0.0.1:50903 - R:localhost/127.0.0.1:57962]' for 'POST' to 'http://localhost:57962/session/be62cde2678f39aaa0b23b04ca7222ee/element'
16:31:39.061 [Forwarding findElement on session be62cde2678f39aaa0b23b04ca7222ee to remote] DEBUG org.asynchttpclient.netty.request.NettyRequestSender - Using open Channel [id: 0xe4cf9fc8, L:/127.0.0.1:50903 - R:localhost/127.0.0.1:57962] for POST '/session/be62cde2678f39aaa0b23b04ca7222ee/element'
16:31:39.066 [AsyncHttpClient-1-1] DEBUG org.asynchttpclient.netty.channel.DefaultChannelPool - Entry count for : http://localhost:50905 : 1
16:31:39.070 [Darkroom Processing Line] DEBUG net.serenitybdd.core.photography.DarkroomProcessingLine - Processing screenshot image in /var/screenshots/screenshot-3937822031059007234
16:31:39.070 [Darkroom Processing Line] DEBUG net.serenitybdd.core.photography.DarkroomProcessingLine - Saving screenshot to target\site\serenity\6791301d8739675b6b36ebc640ec88973c87ef88ba523667f6be61a8b391b1c0.png
16:31:39.138 [AsyncHttpClient-1-5] DEBUG org.asynchttpclient.netty.handler.HttpHandler - 

Request DefaultHttpRequest(decodeResult: success, version: HTTP/1.1)
POST /session/be62cde2678f39aaa0b23b04ca7222ee/element HTTP/1.1
User-Agent: selenium/4.1.2 (java windows)
Content-Length: 147
Content-Type: application/json; charset=utf-8
host: localhost:57962
accept: */*

Response DefaultHttpResponse(decodeResult: success, version: HTTP/1.1)
HTTP/1.1 200 OK
Content-Type: application/json; charset=utf-8
cache-control: no-cache
content-length: 88

16:31:39.139 [AsyncHttpClient-1-5] DEBUG org.asynchttpclient.netty.channel.ChannelManager - Adding key: http://localhost:57962 for channel [id: 0xe4cf9fc8, L:/127.0.0.1:50903 - R:localhost/127.0.0.1:57962]
16:31:39.148 [Forwarding getElementTagName on session be62cde2678f39aaa0b23b04ca7222ee to remote] DEBUG org.asynchttpclient.netty.request.NettyRequestSender - Using pooled Channel '[id: 0xe4cf9fc8, L:/127.0.0.1:50903 - R:localhost/127.0.0.1:57962]' for 'GET' to 'http://localhost:57962/session/be62cde2678f39aaa0b23b04ca7222ee/element/347606c4-db90-4a94-9a31-90d792816044/name'
16:31:39.148 [Forwarding getElementTagName on session be62cde2678f39aaa0b23b04ca7222ee to remote] DEBUG org.asynchttpclient.netty.request.NettyRequestSender - Using open Channel [id: 0xe4cf9fc8, L:/127.0.0.1:50903 - R:localhost/127.0.0.1:57962] for GET '/session/be62cde2678f39aaa0b23b04ca7222ee/element/347606c4-db90-4a94-9a31-90d792816044/name'
16:31:39.171 [AsyncHttpClient-1-5] DEBUG org.asynchttpclient.netty.handler.HttpHandler - 

Request DefaultFullHttpRequest(decodeResult: success, version: HTTP/1.1, content: EmptyByteBufBE)
GET /session/be62cde2678f39aaa0b23b04ca7222ee/element/347606c4-db90-4a94-9a31-90d792816044/name HTTP/1.1
User-Agent: selenium/4.1.2 (java windows)
Cache-Control: no-cache
Content-Type: application/json; charset=utf-8
host: localhost:57962
accept: */*

Response DefaultHttpResponse(decodeResult: success, version: HTTP/1.1)
HTTP/1.1 200 OK
Content-Type: application/json; charset=utf-8
cache-control: no-cache
content-length: 15

16:31:39.171 [AsyncHttpClient-1-5] DEBUG org.asynchttpclient.netty.channel.ChannelManager - Adding key: http://localhost:57962 for channel [id: 0xe4cf9fc8, L:/127.0.0.1:50903 - R:localhost/127.0.0.1:57962]
16:31:39.179 [Forwarding getElementTagName on session be62cde2678f39aaa0b23b04ca7222ee to remote] DEBUG org.asynchttpclient.netty.request.NettyRequestSender - Using pooled Channel '[id: 0xe4cf9fc8, L:/127.0.0.1:50903 - R:localhost/127.0.0.1:57962]' for 'GET' to 'http://localhost:57962/session/be62cde2678f39aaa0b23b04ca7222ee/element/347606c4-db90-4a94-9a31-90d792816044/name'
16:31:39.179 [Forwarding getElementTagName on session be62cde2678f39aaa0b23b04ca7222ee to remote] DEBUG org.asynchttpclient.netty.request.NettyRequestSender - Using open Channel [id: 0xe4cf9fc8, L:/127.0.0.1:50903 - R:localhost/127.0.0.1:57962] for GET '/session/be62cde2678f39aaa0b23b04ca7222ee/element/347606c4-db90-4a94-9a31-90d792816044/name'
16:31:39.192 [AsyncHttpClient-1-5] DEBUG org.asynchttpclient.netty.handler.HttpHandler - 

Request DefaultFullHttpRequest(decodeResult: success, version: HTTP/1.1, content: EmptyByteBufBE)
GET /session/be62cde2678f39aaa0b23b04ca7222ee/element/347606c4-db90-4a94-9a31-90d792816044/name HTTP/1.1
User-Agent: selenium/4.1.2 (java windows)
Cache-Control: no-cache
Content-Type: application/json; charset=utf-8
host: localhost:57962
accept: */*

Response DefaultHttpResponse(decodeResult: success, version: HTTP/1.1)
HTTP/1.1 200 OK
Content-Type: application/json; charset=utf-8
cache-control: no-cache
content-length: 15

16:31:39.192 [AsyncHttpClient-1-5] DEBUG org.asynchttpclient.netty.channel.ChannelManager - Adding key: http://localhost:57962 for channel [id: 0xe4cf9fc8, L:/127.0.0.1:50903 - R:localhost/127.0.0.1:57962]
16:31:39.211 [Forwarding findElement on session be62cde2678f39aaa0b23b04ca7222ee to remote] DEBUG org.asynchttpclient.netty.request.NettyRequestSender - Using pooled Channel '[id: 0xe4cf9fc8, L:/127.0.0.1:50903 - R:localhost/127.0.0.1:57962]' for 'POST' to 'http://localhost:57962/session/be62cde2678f39aaa0b23b04ca7222ee/element'
16:31:39.211 [Forwarding findElement on session be62cde2678f39aaa0b23b04ca7222ee to remote] DEBUG org.asynchttpclient.netty.request.NettyRequestSender - Using open Channel [id: 0xe4cf9fc8, L:/127.0.0.1:50903 - R:localhost/127.0.0.1:57962] for POST '/session/be62cde2678f39aaa0b23b04ca7222ee/element'
16:31:39.254 [AsyncHttpClient-1-5] DEBUG org.asynchttpclient.netty.handler.HttpHandler - 

Request DefaultHttpRequest(decodeResult: success, version: HTTP/1.1)
POST /session/be62cde2678f39aaa0b23b04ca7222ee/element HTTP/1.1
User-Agent: selenium/4.1.2 (java windows)
Content-Length: 147
Content-Type: application/json; charset=utf-8
host: localhost:57962
accept: */*

Response DefaultHttpResponse(decodeResult: success, version: HTTP/1.1)
HTTP/1.1 200 OK
Content-Type: application/json; charset=utf-8
cache-control: no-cache
content-length: 88

16:31:39.254 [AsyncHttpClient-1-5] DEBUG org.asynchttpclient.netty.channel.ChannelManager - Adding key: http://localhost:57962 for channel [id: 0xe4cf9fc8, L:/127.0.0.1:50903 - R:localhost/127.0.0.1:57962]
16:31:39.272 [Forwarding clickElement on session be62cde2678f39aaa0b23b04ca7222ee to remote] DEBUG org.asynchttpclient.netty.request.NettyRequestSender - Using pooled Channel '[id: 0xe4cf9fc8, L:/127.0.0.1:50903 - R:localhost/127.0.0.1:57962]' for 'POST' to 'http://localhost:57962/session/be62cde2678f39aaa0b23b04ca7222ee/element/347606c4-db90-4a94-9a31-90d792816044/click'
16:31:39.272 [Forwarding clickElement on session be62cde2678f39aaa0b23b04ca7222ee to remote] DEBUG org.asynchttpclient.netty.request.NettyRequestSender - Using open Channel [id: 0xe4cf9fc8, L:/127.0.0.1:50903 - R:localhost/127.0.0.1:57962] for POST '/session/be62cde2678f39aaa0b23b04ca7222ee/element/347606c4-db90-4a94-9a31-90d792816044/click'
16:31:39.488 [AsyncHttpClient-1-5] DEBUG org.asynchttpclient.netty.handler.HttpHandler - 

Request DefaultHttpRequest(decodeResult: success, version: HTTP/1.1)
POST /session/be62cde2678f39aaa0b23b04ca7222ee/element/347606c4-db90-4a94-9a31-90d792816044/click HTTP/1.1
User-Agent: selenium/4.1.2 (java windows)
Content-Length: 50
Content-Type: application/json; charset=utf-8
host: localhost:57962
accept: */*

Response DefaultHttpResponse(decodeResult: success, version: HTTP/1.1)
HTTP/1.1 200 OK
Content-Type: application/json; charset=utf-8
cache-control: no-cache
content-length: 14

16:31:39.489 [AsyncHttpClient-1-5] DEBUG org.asynchttpclient.netty.channel.ChannelManager - Adding key: http://localhost:57962 for channel [id: 0xe4cf9fc8, L:/127.0.0.1:50903 - R:localhost/127.0.0.1:57962]
16:31:39.529 [Forwarding screenshot on session be62cde2678f39aaa0b23b04ca7222ee to remote] DEBUG org.asynchttpclient.netty.request.NettyRequestSender - Using pooled Channel '[id: 0xe4cf9fc8, L:/127.0.0.1:50903 - R:localhost/127.0.0.1:57962]' for 'GET' to 'http://localhost:57962/session/be62cde2678f39aaa0b23b04ca7222ee/screenshot'
16:31:39.529 [Forwarding screenshot on session be62cde2678f39aaa0b23b04ca7222ee to remote] DEBUG org.asynchttpclient.netty.request.NettyRequestSender - Using open Channel [id: 0xe4cf9fc8, L:/127.0.0.1:50903 - R:localhost/127.0.0.1:57962] for GET '/session/be62cde2678f39aaa0b23b04ca7222ee/screenshot'
16:31:39.981 [AsyncHttpClient-1-5] DEBUG org.asynchttpclient.netty.handler.HttpHandler - 

Request DefaultFullHttpRequest(decodeResult: success, version: HTTP/1.1, content: EmptyByteBufBE)
GET /session/be62cde2678f39aaa0b23b04ca7222ee/screenshot HTTP/1.1
User-Agent: selenium/4.1.2 (java windows)
Cache-Control: no-cache
Content-Type: application/json; charset=utf-8
host: localhost:57962
accept: */*

Response DefaultHttpResponse(decodeResult: success, version: HTTP/1.1)
HTTP/1.1 200 OK
Content-Type: application/json; charset=utf-8
cache-control: no-cache
content-length: 55316

16:31:39.982 [AsyncHttpClient-1-5] DEBUG org.asynchttpclient.netty.channel.ChannelManager - Adding key: http://localhost:57962 for channel [id: 0xe4cf9fc8, L:/127.0.0.1:50903 - R:localhost/127.0.0.1:57962]
16:31:39.993 [main] DEBUG net.serenitybdd.core.photography.Darkroom - Send negative for processing for target\site\serenity\b0713c7b167c93a5632751dd4d6a5a09bdf8dbd1cb3fafcd04916a229f7dacca.png
16:31:39.993 [main] DEBUG net.thucydides.core.steps.StepInterceptor - STEP DONE: buttonPilihPasien
  &amp#27;[32mAnd &amp#27;[0m&amp#27;[32mClick on the select patient action to select a patient&amp#27;[0m           &amp#27;[90m# starter.stepdefinitios.KelolaJadwalSteps.clickOnTheSelectPatientActionToSelectAPatient()&amp#27;[0m
16:31:39.993 [Darkroom Processing Line] DEBUG net.serenitybdd.core.photography.DarkroomProcessingLine - Processing screenshot image in /var/screenshots/screenshot-2077590862731774988
16:31:39.993 [Darkroom Processing Line] DEBUG net.serenitybdd.core.photography.DarkroomProcessingLine - Saving screenshot to target\site\serenity\b0713c7b167c93a5632751dd4d6a5a09bdf8dbd1cb3fafcd04916a229f7dacca.png
16:31:40.045 [Forwarding screenshot on session be62cde2678f39aaa0b23b04ca7222ee to remote] DEBUG org.asynchttpclient.netty.request.NettyRequestSender - Using pooled Channel '[id: 0xe4cf9fc8, L:/127.0.0.1:50903 - R:localhost/127.0.0.1:57962]' for 'GET' to 'http://localhost:57962/session/be62cde2678f39aaa0b23b04ca7222ee/screenshot'
16:31:40.045 [Forwarding screenshot on session be62cde2678f39aaa0b23b04ca7222ee to remote] DEBUG org.asynchttpclient.netty.request.NettyRequestSender - Using open Channel [id: 0xe4cf9fc8, L:/127.0.0.1:50903 - R:localhost/127.0.0.1:57962] for GET '/session/be62cde2678f39aaa0b23b04ca7222ee/screenshot'
16:31:40.141 [AsyncHttpClient-1-1] DEBUG org.asynchttpclient.netty.channel.DefaultChannelPool - Entry count for : http://localhost:50905 : 1
16:31:40.391 [AsyncHttpClient-1-5] DEBUG org.asynchttpclient.netty.handler.HttpHandler - 

Request DefaultFullHttpRequest(decodeResult: success, version: HTTP/1.1, content: EmptyByteBufBE)
GET /session/be62cde2678f39aaa0b23b04ca7222ee/screenshot HTTP/1.1
User-Agent: selenium/4.1.2 (java windows)
Cache-Control: no-cache
Content-Type: application/json; charset=utf-8
host: localhost:57962
accept: */*

Response DefaultHttpResponse(decodeResult: success, version: HTTP/1.1)
HTTP/1.1 200 OK
Content-Type: application/json; charset=utf-8
cache-control: no-cache
content-length: 55340

16:31:40.391 [AsyncHttpClient-1-5] DEBUG org.asynchttpclient.netty.channel.ChannelManager - Adding key: http://localhost:57962 for channel [id: 0xe4cf9fc8, L:/127.0.0.1:50903 - R:localhost/127.0.0.1:57962]
16:31:40.405 [main] DEBUG net.serenitybdd.core.photography.Darkroom - Send negative for processing for target\site\serenity\907cc2d1a7847719996b38a2bbb57c9a9ebd59917a9c1de93c97b60e770e19ae.png
16:31:40.407 [Darkroom Processing Line] DEBUG net.serenitybdd.core.photography.DarkroomProcessingLine - Processing screenshot image in /var/screenshots/screenshot-11078133754068971198
16:31:40.407 [Darkroom Processing Line] DEBUG net.serenitybdd.core.photography.DarkroomProcessingLine - Saving screenshot to target\site\serenity\907cc2d1a7847719996b38a2bbb57c9a9ebd59917a9c1de93c97b60e770e19ae.png
16:31:40.451 [main] DEBUG net.thucydides.core.steps.StepInterceptor - STARTING STEP: KelolaJadwalSteps.clickOnTheActionChooseADoctorToChooseADoctor - buttonPilihDokter
16:31:40.473 [Forwarding findElement on session be62cde2678f39aaa0b23b04ca7222ee to remote] DEBUG org.asynchttpclient.netty.request.NettyRequestSender - Using pooled Channel '[id: 0xe4cf9fc8, L:/127.0.0.1:50903 - R:localhost/127.0.0.1:57962]' for 'POST' to 'http://localhost:57962/session/be62cde2678f39aaa0b23b04ca7222ee/element'
16:31:40.473 [Forwarding findElement on session be62cde2678f39aaa0b23b04ca7222ee to remote] DEBUG org.asynchttpclient.netty.request.NettyRequestSender - Using open Channel [id: 0xe4cf9fc8, L:/127.0.0.1:50903 - R:localhost/127.0.0.1:57962] for POST '/session/be62cde2678f39aaa0b23b04ca7222ee/element'
16:31:40.504 [AsyncHttpClient-1-5] DEBUG org.asynchttpclient.netty.handler.HttpHandler - 

Request DefaultHttpRequest(decodeResult: success, version: HTTP/1.1)
POST /session/be62cde2678f39aaa0b23b04ca7222ee/element HTTP/1.1
User-Agent: selenium/4.1.2 (java windows)
Content-Length: 147
Content-Type: application/json; charset=utf-8
host: localhost:57962
accept: */*

Response DefaultHttpResponse(decodeResult: success, version: HTTP/1.1)
HTTP/1.1 200 OK
Content-Type: application/json; charset=utf-8
cache-control: no-cache
content-length: 88

16:31:40.504 [AsyncHttpClient-1-5] DEBUG org.asynchttpclient.netty.channel.ChannelManager - Adding key: http://localhost:57962 for channel [id: 0xe4cf9fc8, L:/127.0.0.1:50903 - R:localhost/127.0.0.1:57962]
16:31:40.511 [Forwarding getElementTagName on session be62cde2678f39aaa0b23b04ca7222ee to remote] DEBUG org.asynchttpclient.netty.request.NettyRequestSender - Using pooled Channel '[id: 0xe4cf9fc8, L:/127.0.0.1:50903 - R:localhost/127.0.0.1:57962]' for 'GET' to 'http://localhost:57962/session/be62cde2678f39aaa0b23b04ca7222ee/element/c98062e0-80c8-49a1-9e3d-35adf74b0f15/name'
16:31:40.513 [Forwarding getElementTagName on session be62cde2678f39aaa0b23b04ca7222ee to remote] DEBUG org.asynchttpclient.netty.request.NettyRequestSender - Using open Channel [id: 0xe4cf9fc8, L:/127.0.0.1:50903 - R:localhost/127.0.0.1:57962] for GET '/session/be62cde2678f39aaa0b23b04ca7222ee/element/c98062e0-80c8-49a1-9e3d-35adf74b0f15/name'
16:31:40.530 [AsyncHttpClient-1-5] DEBUG org.asynchttpclient.netty.handler.HttpHandler - 

Request DefaultFullHttpRequest(decodeResult: success, version: HTTP/1.1, content: EmptyByteBufBE)
GET /session/be62cde2678f39aaa0b23b04ca7222ee/element/c98062e0-80c8-49a1-9e3d-35adf74b0f15/name HTTP/1.1
User-Agent: selenium/4.1.2 (java windows)
Cache-Control: no-cache
Content-Type: application/json; charset=utf-8
host: localhost:57962
accept: */*

Response DefaultHttpResponse(decodeResult: success, version: HTTP/1.1)
HTTP/1.1 200 OK
Content-Type: application/json; charset=utf-8
cache-control: no-cache
content-length: 15

16:31:40.532 [AsyncHttpClient-1-5] DEBUG org.asynchttpclient.netty.channel.ChannelManager - Adding key: http://localhost:57962 for channel [id: 0xe4cf9fc8, L:/127.0.0.1:50903 - R:localhost/127.0.0.1:57962]
16:31:40.532 [Forwarding getElementTagName on session be62cde2678f39aaa0b23b04ca7222ee to remote] DEBUG org.asynchttpclient.netty.request.NettyRequestSender - Using pooled Channel '[id: 0xe4cf9fc8, L:/127.0.0.1:50903 - R:localhost/127.0.0.1:57962]' for 'GET' to 'http://localhost:57962/session/be62cde2678f39aaa0b23b04ca7222ee/element/c98062e0-80c8-49a1-9e3d-35adf74b0f15/name'
16:31:40.532 [Forwarding getElementTagName on session be62cde2678f39aaa0b23b04ca7222ee to remote] DEBUG org.asynchttpclient.netty.request.NettyRequestSender - Using open Channel [id: 0xe4cf9fc8, L:/127.0.0.1:50903 - R:localhost/127.0.0.1:57962] for GET '/session/be62cde2678f39aaa0b23b04ca7222ee/element/c98062e0-80c8-49a1-9e3d-35adf74b0f15/name'
16:31:40.552 [AsyncHttpClient-1-5] DEBUG org.asynchttpclient.netty.handler.HttpHandler - 

Request DefaultFullHttpRequest(decodeResult: success, version: HTTP/1.1, content: EmptyByteBufBE)
GET /session/be62cde2678f39aaa0b23b04ca7222ee/element/c98062e0-80c8-49a1-9e3d-35adf74b0f15/name HTTP/1.1
User-Agent: selenium/4.1.2 (java windows)
Cache-Control: no-cache
Content-Type: application/json; charset=utf-8
host: localhost:57962
accept: */*

Response DefaultHttpResponse(decodeResult: success, version: HTTP/1.1)
HTTP/1.1 200 OK
Content-Type: application/json; charset=utf-8
cache-control: no-cache
content-length: 15

16:31:40.552 [AsyncHttpClient-1-5] DEBUG org.asynchttpclient.netty.channel.ChannelManager - Adding key: http://localhost:57962 for channel [id: 0xe4cf9fc8, L:/127.0.0.1:50903 - R:localhost/127.0.0.1:57962]
16:31:40.563 [Forwarding findElement on session be62cde2678f39aaa0b23b04ca7222ee to remote] DEBUG org.asynchttpclient.netty.request.NettyRequestSender - Using pooled Channel '[id: 0xe4cf9fc8, L:/127.0.0.1:50903 - R:localhost/127.0.0.1:57962]' for 'POST' to 'http://localhost:57962/session/be62cde2678f39aaa0b23b04ca7222ee/element'
16:31:40.563 [Forwarding findElement on session be62cde2678f39aaa0b23b04ca7222ee to remote] DEBUG org.asynchttpclient.netty.request.NettyRequestSender - Using open Channel [id: 0xe4cf9fc8, L:/127.0.0.1:50903 - R:localhost/127.0.0.1:57962] for POST '/session/be62cde2678f39aaa0b23b04ca7222ee/element'
16:31:40.602 [AsyncHttpClient-1-5] DEBUG org.asynchttpclient.netty.handler.HttpHandler - 

Request DefaultHttpRequest(decodeResult: success, version: HTTP/1.1)
POST /session/be62cde2678f39aaa0b23b04ca7222ee/element HTTP/1.1
User-Agent: selenium/4.1.2 (java windows)
Content-Length: 147
Content-Type: application/json; charset=utf-8
host: localhost:57962
accept: */*

Response DefaultHttpResponse(decodeResult: success, version: HTTP/1.1)
HTTP/1.1 200 OK
Content-Type: application/json; charset=utf-8
cache-control: no-cache
content-length: 88

16:31:40.602 [AsyncHttpClient-1-5] DEBUG org.asynchttpclient.netty.channel.ChannelManager - Adding key: http://localhost:57962 for channel [id: 0xe4cf9fc8, L:/127.0.0.1:50903 - R:localhost/127.0.0.1:57962]
16:31:40.609 [Forwarding clickElement on session be62cde2678f39aaa0b23b04ca7222ee to remote] DEBUG org.asynchttpclient.netty.request.NettyRequestSender - Using pooled Channel '[id: 0xe4cf9fc8, L:/127.0.0.1:50903 - R:localhost/127.0.0.1:57962]' for 'POST' to 'http://localhost:57962/session/be62cde2678f39aaa0b23b04ca7222ee/element/c98062e0-80c8-49a1-9e3d-35adf74b0f15/click'
16:31:40.609 [Forwarding clickElement on session be62cde2678f39aaa0b23b04ca7222ee to remote] DEBUG org.asynchttpclient.netty.request.NettyRequestSender - Using open Channel [id: 0xe4cf9fc8, L:/127.0.0.1:50903 - R:localhost/127.0.0.1:57962] for POST '/session/be62cde2678f39aaa0b23b04ca7222ee/element/c98062e0-80c8-49a1-9e3d-35adf74b0f15/click'
16:31:40.961 [AsyncHttpClient-1-5] DEBUG org.asynchttpclient.netty.handler.HttpHandler - 

Request DefaultHttpRequest(decodeResult: success, version: HTTP/1.1)
POST /session/be62cde2678f39aaa0b23b04ca7222ee/element/c98062e0-80c8-49a1-9e3d-35adf74b0f15/click HTTP/1.1
User-Agent: selenium/4.1.2 (java windows)
Content-Length: 50
Content-Type: application/json; charset=utf-8
host: localhost:57962
accept: */*

Response DefaultHttpResponse(decodeResult: success, version: HTTP/1.1)
HTTP/1.1 200 OK
Content-Type: application/json; charset=utf-8
cache-control: no-cache
content-length: 14

16:31:40.963 [AsyncHttpClient-1-5] DEBUG org.asynchttpclient.netty.channel.ChannelManager - Adding key: http://localhost:57962 for channel [id: 0xe4cf9fc8, L:/127.0.0.1:50903 - R:localhost/127.0.0.1:57962]
16:31:41.016 [Forwarding screenshot on session be62cde2678f39aaa0b23b04ca7222ee to remote] DEBUG org.asynchttpclient.netty.request.NettyRequestSender - Using pooled Channel '[id: 0xe4cf9fc8, L:/127.0.0.1:50903 - R:localhost/127.0.0.1:57962]' for 'GET' to 'http://localhost:57962/session/be62cde2678f39aaa0b23b04ca7222ee/screenshot'
16:31:41.016 [Forwarding screenshot on session be62cde2678f39aaa0b23b04ca7222ee to remote] DEBUG org.asynchttpclient.netty.request.NettyRequestSender - Using open Channel [id: 0xe4cf9fc8, L:/127.0.0.1:50903 - R:localhost/127.0.0.1:57962] for GET '/session/be62cde2678f39aaa0b23b04ca7222ee/screenshot'
16:31:41.240 [AsyncHttpClient-1-1] DEBUG org.asynchttpclient.netty.channel.DefaultChannelPool - Entry count for : http://localhost:50905 : 1
16:31:41.822 [AsyncHttpClient-1-5] DEBUG org.asynchttpclient.netty.handler.HttpHandler - 

Request DefaultFullHttpRequest(decodeResult: success, version: HTTP/1.1, content: EmptyByteBufBE)
GET /session/be62cde2678f39aaa0b23b04ca7222ee/screenshot HTTP/1.1
User-Agent: selenium/4.1.2 (java windows)
Cache-Control: no-cache
Content-Type: application/json; charset=utf-8
host: localhost:57962
accept: */*

Response DefaultHttpResponse(decodeResult: success, version: HTTP/1.1)
HTTP/1.1 200 OK
Content-Type: application/json; charset=utf-8
cache-control: no-cache
content-length: 50332

16:31:41.829 [AsyncHttpClient-1-5] DEBUG org.asynchttpclient.netty.channel.ChannelManager - Adding key: http://localhost:57962 for channel [id: 0xe4cf9fc8, L:/127.0.0.1:50903 - R:localhost/127.0.0.1:57962]
16:31:41.844 [main] DEBUG net.serenitybdd.core.photography.Darkroom - Send negative for processing for target\site\serenity\d62cdae13b4759571083b344ba4a07b01868e6659da7c71128b27e77846440ea.png
16:31:41.845 [main] DEBUG net.thucydides.core.steps.StepInterceptor - STEP DONE: buttonPilihDokter
  &amp#27;[32mAnd &amp#27;[0m&amp#27;[32mClick on the action choose a doctor to choose a doctor&amp#27;[0m           &amp#27;[90m# starter.stepdefinitios.KelolaJadwalSteps.clickOnTheActionChooseADoctorToChooseADoctor()&amp#27;[0m
16:31:41.847 [Darkroom Processing Line] DEBUG net.serenitybdd.core.photography.DarkroomProcessingLine - Processing screenshot image in /var/screenshots/screenshot-13146247005758076063
16:31:41.847 [Darkroom Processing Line] DEBUG net.serenitybdd.core.photography.DarkroomProcessingLine - Saving screenshot to target\site\serenity\d62cdae13b4759571083b344ba4a07b01868e6659da7c71128b27e77846440ea.png
16:31:41.901 [Forwarding screenshot on session be62cde2678f39aaa0b23b04ca7222ee to remote] DEBUG org.asynchttpclient.netty.request.NettyRequestSender - Using pooled Channel '[id: 0xe4cf9fc8, L:/127.0.0.1:50903 - R:localhost/127.0.0.1:57962]' for 'GET' to 'http://localhost:57962/session/be62cde2678f39aaa0b23b04ca7222ee/screenshot'
16:31:41.901 [Forwarding screenshot on session be62cde2678f39aaa0b23b04ca7222ee to remote] DEBUG org.asynchttpclient.netty.request.NettyRequestSender - Using open Channel [id: 0xe4cf9fc8, L:/127.0.0.1:50903 - R:localhost/127.0.0.1:57962] for GET '/session/be62cde2678f39aaa0b23b04ca7222ee/screenshot'
16:31:42.252 [AsyncHttpClient-1-5] DEBUG org.asynchttpclient.netty.handler.HttpHandler - 

Request DefaultFullHttpRequest(decodeResult: success, version: HTTP/1.1, content: EmptyByteBufBE)
GET /session/be62cde2678f39aaa0b23b04ca7222ee/screenshot HTTP/1.1
User-Agent: selenium/4.1.2 (java windows)
Cache-Control: no-cache
Content-Type: application/json; charset=utf-8
host: localhost:57962
accept: */*

Response DefaultHttpResponse(decodeResult: success, version: HTTP/1.1)
HTTP/1.1 200 OK
Content-Type: application/json; charset=utf-8
cache-control: no-cache
content-length: 50332

16:31:42.252 [AsyncHttpClient-1-5] DEBUG org.asynchttpclient.netty.channel.ChannelManager - Adding key: http://localhost:57962 for channel [id: 0xe4cf9fc8, L:/127.0.0.1:50903 - R:localhost/127.0.0.1:57962]
16:31:42.269 [main] DEBUG net.serenitybdd.core.photography.Darkroom - Send negative for processing for target\site\serenity\d62cdae13b4759571083b344ba4a07b01868e6659da7c71128b27e77846440ea.png
16:31:42.323 [Forwarding screenshot on session be62cde2678f39aaa0b23b04ca7222ee to remote] DEBUG org.asynchttpclient.netty.request.NettyRequestSender - Using pooled Channel '[id: 0xe4cf9fc8, L:/127.0.0.1:50903 - R:localhost/127.0.0.1:57962]' for 'GET' to 'http://localhost:57962/session/be62cde2678f39aaa0b23b04ca7222ee/screenshot'
16:31:42.323 [Forwarding screenshot on session be62cde2678f39aaa0b23b04ca7222ee to remote] DEBUG org.asynchttpclient.netty.request.NettyRequestSender - Using open Channel [id: 0xe4cf9fc8, L:/127.0.0.1:50903 - R:localhost/127.0.0.1:57962] for GET '/session/be62cde2678f39aaa0b23b04ca7222ee/screenshot'
16:31:42.343 [AsyncHttpClient-1-1] DEBUG org.asynchttpclient.netty.channel.DefaultChannelPool - Entry count for : http://localhost:50905 : 1
16:31:42.662 [AsyncHttpClient-1-5] DEBUG org.asynchttpclient.netty.handler.HttpHandler - 

Request DefaultFullHttpRequest(decodeResult: success, version: HTTP/1.1, content: EmptyByteBufBE)
GET /session/be62cde2678f39aaa0b23b04ca7222ee/screenshot HTTP/1.1
User-Agent: selenium/4.1.2 (java windows)
Cache-Control: no-cache
Content-Type: application/json; charset=utf-8
host: localhost:57962
accept: */*

Response DefaultHttpResponse(decodeResult: success, version: HTTP/1.1)
HTTP/1.1 200 OK
Content-Type: application/json; charset=utf-8
cache-control: no-cache
content-length: 50332

16:31:42.662 [AsyncHttpClient-1-5] DEBUG org.asynchttpclient.netty.channel.ChannelManager - Adding key: http://localhost:57962 for channel [id: 0xe4cf9fc8, L:/127.0.0.1:50903 - R:localhost/127.0.0.1:57962]
16:31:42.673 [main] DEBUG net.serenitybdd.core.photography.Darkroom - Send negative for processing for target\site\serenity\d62cdae13b4759571083b344ba4a07b01868e6659da7c71128b27e77846440ea.png
16:31:42.679 [main] DEBUG net.thucydides.core.steps.StepInterceptor - STARTING STEP: KelolaJadwalSteps.chooseADate - inputTanggal
16:31:42.689 [Forwarding findElement on session be62cde2678f39aaa0b23b04ca7222ee to remote] DEBUG org.asynchttpclient.netty.request.NettyRequestSender - Using pooled Channel '[id: 0xe4cf9fc8, L:/127.0.0.1:50903 - R:localhost/127.0.0.1:57962]' for 'POST' to 'http://localhost:57962/session/be62cde2678f39aaa0b23b04ca7222ee/element'
16:31:42.691 [Forwarding findElement on session be62cde2678f39aaa0b23b04ca7222ee to remote] DEBUG org.asynchttpclient.netty.request.NettyRequestSender - Using open Channel [id: 0xe4cf9fc8, L:/127.0.0.1:50903 - R:localhost/127.0.0.1:57962] for POST '/session/be62cde2678f39aaa0b23b04ca7222ee/element'
16:31:42.761 [AsyncHttpClient-1-5] DEBUG org.asynchttpclient.netty.handler.HttpHandler - 

Request DefaultHttpRequest(decodeResult: success, version: HTTP/1.1)
POST /session/be62cde2678f39aaa0b23b04ca7222ee/element HTTP/1.1
User-Agent: selenium/4.1.2 (java windows)
Content-Length: 66
Content-Type: application/json; charset=utf-8
host: localhost:57962
accept: */*

Response DefaultHttpResponse(decodeResult: success, version: HTTP/1.1)
HTTP/1.1 200 OK
Content-Type: application/json; charset=utf-8
cache-control: no-cache
content-length: 88

16:31:42.763 [AsyncHttpClient-1-5] DEBUG org.asynchttpclient.netty.channel.ChannelManager - Adding key: http://localhost:57962 for channel [id: 0xe4cf9fc8, L:/127.0.0.1:50903 - R:localhost/127.0.0.1:57962]
16:31:42.773 [Forwarding sendKeysToElement on session be62cde2678f39aaa0b23b04ca7222ee to remote] DEBUG org.asynchttpclient.netty.request.NettyRequestSender - Using pooled Channel '[id: 0xe4cf9fc8, L:/127.0.0.1:50903 - R:localhost/127.0.0.1:57962]' for 'POST' to 'http://localhost:57962/session/be62cde2678f39aaa0b23b04ca7222ee/element/176cb406-d601-42de-b186-78f649f4ab4b/value'
16:31:42.773 [Forwarding sendKeysToElement on session be62cde2678f39aaa0b23b04ca7222ee to remote] DEBUG org.asynchttpclient.netty.request.NettyRequestSender - Using open Channel [id: 0xe4cf9fc8, L:/127.0.0.1:50903 - R:localhost/127.0.0.1:57962] for POST '/session/be62cde2678f39aaa0b23b04ca7222ee/element/176cb406-d601-42de-b186-78f649f4ab4b/value'
16:31:43.275 [AsyncHttpClient-1-5] DEBUG org.asynchttpclient.netty.handler.HttpHandler - 

Request DefaultHttpRequest(decodeResult: success, version: HTTP/1.1)
POST /session/be62cde2678f39aaa0b23b04ca7222ee/element/176cb406-d601-42de-b186-78f649f4ab4b/value HTTP/1.1
User-Agent: selenium/4.1.2 (java windows)
Content-Length: 161
Content-Type: application/json; charset=utf-8
host: localhost:57962
accept: */*

Response DefaultHttpResponse(decodeResult: success, version: HTTP/1.1)
HTTP/1.1 200 OK
Content-Type: application/json; charset=utf-8
cache-control: no-cache
content-length: 14

16:31:43.275 [AsyncHttpClient-1-5] DEBUG org.asynchttpclient.netty.channel.ChannelManager - Adding key: http://localhost:57962 for channel [id: 0xe4cf9fc8, L:/127.0.0.1:50903 - R:localhost/127.0.0.1:57962]
16:31:43.310 [Forwarding screenshot on session be62cde2678f39aaa0b23b04ca7222ee to remote] DEBUG org.asynchttpclient.netty.request.NettyRequestSender - Using pooled Channel '[id: 0xe4cf9fc8, L:/127.0.0.1:50903 - R:localhost/127.0.0.1:57962]' for 'GET' to 'http://localhost:57962/session/be62cde2678f39aaa0b23b04ca7222ee/screenshot'
16:31:43.310 [Forwarding screenshot on session be62cde2678f39aaa0b23b04ca7222ee to remote] DEBUG org.asynchttpclient.netty.request.NettyRequestSender - Using open Channel [id: 0xe4cf9fc8, L:/127.0.0.1:50903 - R:localhost/127.0.0.1:57962] for GET '/session/be62cde2678f39aaa0b23b04ca7222ee/screenshot'
16:31:43.439 [AsyncHttpClient-1-1] DEBUG org.asynchttpclient.netty.channel.DefaultChannelPool - Entry count for : http://localhost:50905 : 1
16:31:43.637 [AsyncHttpClient-1-5] DEBUG org.asynchttpclient.netty.handler.HttpHandler - 

Request DefaultFullHttpRequest(decodeResult: success, version: HTTP/1.1, content: EmptyByteBufBE)
GET /session/be62cde2678f39aaa0b23b04ca7222ee/screenshot HTTP/1.1
User-Agent: selenium/4.1.2 (java windows)
Cache-Control: no-cache
Content-Type: application/json; charset=utf-8
host: localhost:57962
accept: */*

Response DefaultHttpResponse(decodeResult: success, version: HTTP/1.1)
HTTP/1.1 200 OK
Content-Type: application/json; charset=utf-8
cache-control: no-cache
content-length: 48472

16:31:43.640 [AsyncHttpClient-1-5] DEBUG org.asynchttpclient.netty.channel.ChannelManager - Adding key: http://localhost:57962 for channel [id: 0xe4cf9fc8, L:/127.0.0.1:50903 - R:localhost/127.0.0.1:57962]
16:31:43.649 [main] DEBUG net.serenitybdd.core.photography.Darkroom - Send negative for processing for target\site\serenity\b1c3250e74b7163cdb37db43be6cd1d44a36b094b0a566308a3c4e861ebebbdf.png
16:31:43.649 [main] DEBUG net.thucydides.core.steps.StepInterceptor - STEP DONE: inputTanggal
  &amp#27;[32mThen &amp#27;[0m&amp#27;[32mChoose a date &amp#27;[0m&amp#27;[32m&amp#27;[1m"13112022"&amp#27;[0m                                        &amp#27;[90m# starter.stepdefinitios.KelolaJadwalSteps.chooseADate(java.lang.String)&amp#27;[0m
16:31:43.649 [Darkroom Processing Line] DEBUG net.serenitybdd.core.photography.DarkroomProcessingLine - Processing screenshot image in /var/screenshots/screenshot-18076192742221461941
16:31:43.649 [Darkroom Processing Line] DEBUG net.serenitybdd.core.photography.DarkroomProcessingLine - Saving screenshot to target\site\serenity\b1c3250e74b7163cdb37db43be6cd1d44a36b094b0a566308a3c4e861ebebbdf.png
16:31:43.702 [Forwarding screenshot on session be62cde2678f39aaa0b23b04ca7222ee to remote] DEBUG org.asynchttpclient.netty.request.NettyRequestSender - Using pooled Channel '[id: 0xe4cf9fc8, L:/127.0.0.1:50903 - R:localhost/127.0.0.1:57962]' for 'GET' to 'http://localhost:57962/session/be62cde2678f39aaa0b23b04ca7222ee/screenshot'
16:31:43.702 [Forwarding screenshot on session be62cde2678f39aaa0b23b04ca7222ee to remote] DEBUG org.asynchttpclient.netty.request.NettyRequestSender - Using open Channel [id: 0xe4cf9fc8, L:/127.0.0.1:50903 - R:localhost/127.0.0.1:57962] for GET '/session/be62cde2678f39aaa0b23b04ca7222ee/screenshot'
16:31:44.033 [AsyncHttpClient-1-5] DEBUG org.asynchttpclient.netty.handler.HttpHandler - 

Request DefaultFullHttpRequest(decodeResult: success, version: HTTP/1.1, content: EmptyByteBufBE)
GET /session/be62cde2678f39aaa0b23b04ca7222ee/screenshot HTTP/1.1
User-Agent: selenium/4.1.2 (java windows)
Cache-Control: no-cache
Content-Type: application/json; charset=utf-8
host: localhost:57962
accept: */*

Response DefaultHttpResponse(decodeResult: success, version: HTTP/1.1)
HTTP/1.1 200 OK
Content-Type: application/json; charset=utf-8
cache-control: no-cache
content-length: 48472

16:31:44.040 [AsyncHttpClient-1-5] DEBUG org.asynchttpclient.netty.channel.ChannelManager - Adding key: http://localhost:57962 for channel [id: 0xe4cf9fc8, L:/127.0.0.1:50903 - R:localhost/127.0.0.1:57962]
16:31:44.050 [main] DEBUG net.serenitybdd.core.photography.Darkroom - Send negative for processing for target\site\serenity\b1c3250e74b7163cdb37db43be6cd1d44a36b094b0a566308a3c4e861ebebbdf.png
16:31:44.141 [Forwarding screenshot on session be62cde2678f39aaa0b23b04ca7222ee to remote] DEBUG org.asynchttpclient.netty.request.NettyRequestSender - Using pooled Channel '[id: 0xe4cf9fc8, L:/127.0.0.1:50903 - R:localhost/127.0.0.1:57962]' for 'GET' to 'http://localhost:57962/session/be62cde2678f39aaa0b23b04ca7222ee/screenshot'
16:31:44.141 [Forwarding screenshot on session be62cde2678f39aaa0b23b04ca7222ee to remote] DEBUG org.asynchttpclient.netty.request.NettyRequestSender - Using open Channel [id: 0xe4cf9fc8, L:/127.0.0.1:50903 - R:localhost/127.0.0.1:57962] for GET '/session/be62cde2678f39aaa0b23b04ca7222ee/screenshot'
16:31:44.465 [AsyncHttpClient-1-5] DEBUG org.asynchttpclient.netty.handler.HttpHandler - 

Request DefaultFullHttpRequest(decodeResult: success, version: HTTP/1.1, content: EmptyByteBufBE)
GET /session/be62cde2678f39aaa0b23b04ca7222ee/screenshot HTTP/1.1
User-Agent: selenium/4.1.2 (java windows)
Cache-Control: no-cache
Content-Type: application/json; charset=utf-8
host: localhost:57962
accept: */*

Response DefaultHttpResponse(decodeResult: success, version: HTTP/1.1)
HTTP/1.1 200 OK
Content-Type: application/json; charset=utf-8
cache-control: no-cache
content-length: 48472

16:31:44.467 [AsyncHttpClient-1-5] DEBUG org.asynchttpclient.netty.channel.ChannelManager - Adding key: http://localhost:57962 for channel [id: 0xe4cf9fc8, L:/127.0.0.1:50903 - R:localhost/127.0.0.1:57962]
16:31:44.479 [main] DEBUG net.serenitybdd.core.photography.Darkroom - Send negative for processing for target\site\serenity\b1c3250e74b7163cdb37db43be6cd1d44a36b094b0a566308a3c4e861ebebbdf.png
16:31:44.479 [main] DEBUG net.thucydides.core.steps.StepInterceptor - STARTING STEP: KelolaJadwalSteps.chooseTheTypeOfTreatment - buttonJenisPerawatan
16:31:44.496 [Forwarding findElement on session be62cde2678f39aaa0b23b04ca7222ee to remote] DEBUG org.asynchttpclient.netty.request.NettyRequestSender - Using pooled Channel '[id: 0xe4cf9fc8, L:/127.0.0.1:50903 - R:localhost/127.0.0.1:57962]' for 'POST' to 'http://localhost:57962/session/be62cde2678f39aaa0b23b04ca7222ee/element'
16:31:44.496 [Forwarding findElement on session be62cde2678f39aaa0b23b04ca7222ee to remote] DEBUG org.asynchttpclient.netty.request.NettyRequestSender - Using open Channel [id: 0xe4cf9fc8, L:/127.0.0.1:50903 - R:localhost/127.0.0.1:57962] for POST '/session/be62cde2678f39aaa0b23b04ca7222ee/element'
16:31:44.543 [AsyncHttpClient-1-1] DEBUG org.asynchttpclient.netty.channel.DefaultChannelPool - Entry count for : http://localhost:50905 : 1
16:31:44.549 [AsyncHttpClient-1-5] DEBUG org.asynchttpclient.netty.handler.HttpHandler - 

Request DefaultHttpRequest(decodeResult: success, version: HTTP/1.1)
POST /session/be62cde2678f39aaa0b23b04ca7222ee/element HTTP/1.1
User-Agent: selenium/4.1.2 (java windows)
Content-Length: 103
Content-Type: application/json; charset=utf-8
host: localhost:57962
accept: */*

Response DefaultHttpResponse(decodeResult: success, version: HTTP/1.1)
HTTP/1.1 200 OK
Content-Type: application/json; charset=utf-8
cache-control: no-cache
content-length: 88

16:31:44.550 [AsyncHttpClient-1-5] DEBUG org.asynchttpclient.netty.channel.ChannelManager - Adding key: http://localhost:57962 for channel [id: 0xe4cf9fc8, L:/127.0.0.1:50903 - R:localhost/127.0.0.1:57962]
16:31:44.558 [Forwarding getElementTagName on session be62cde2678f39aaa0b23b04ca7222ee to remote] DEBUG org.asynchttpclient.netty.request.NettyRequestSender - Using pooled Channel '[id: 0xe4cf9fc8, L:/127.0.0.1:50903 - R:localhost/127.0.0.1:57962]' for 'GET' to 'http://localhost:57962/session/be62cde2678f39aaa0b23b04ca7222ee/element/a767e688-66ec-4561-950d-66acb2a42909/name'
16:31:44.558 [Forwarding getElementTagName on session be62cde2678f39aaa0b23b04ca7222ee to remote] DEBUG org.asynchttpclient.netty.request.NettyRequestSender - Using open Channel [id: 0xe4cf9fc8, L:/127.0.0.1:50903 - R:localhost/127.0.0.1:57962] for GET '/session/be62cde2678f39aaa0b23b04ca7222ee/element/a767e688-66ec-4561-950d-66acb2a42909/name'
16:31:44.591 [AsyncHttpClient-1-5] DEBUG org.asynchttpclient.netty.handler.HttpHandler - 

Request DefaultFullHttpRequest(decodeResult: success, version: HTTP/1.1, content: EmptyByteBufBE)
GET /session/be62cde2678f39aaa0b23b04ca7222ee/element/a767e688-66ec-4561-950d-66acb2a42909/name HTTP/1.1
User-Agent: selenium/4.1.2 (java windows)
Cache-Control: no-cache
Content-Type: application/json; charset=utf-8
host: localhost:57962
accept: */*

Response DefaultHttpResponse(decodeResult: success, version: HTTP/1.1)
HTTP/1.1 200 OK
Content-Type: application/json; charset=utf-8
cache-control: no-cache
content-length: 18

16:31:44.591 [AsyncHttpClient-1-5] DEBUG org.asynchttpclient.netty.channel.ChannelManager - Adding key: http://localhost:57962 for channel [id: 0xe4cf9fc8, L:/127.0.0.1:50903 - R:localhost/127.0.0.1:57962]
16:31:44.601 [Forwarding getElementTagName on session be62cde2678f39aaa0b23b04ca7222ee to remote] DEBUG org.asynchttpclient.netty.request.NettyRequestSender - Using pooled Channel '[id: 0xe4cf9fc8, L:/127.0.0.1:50903 - R:localhost/127.0.0.1:57962]' for 'GET' to 'http://localhost:57962/session/be62cde2678f39aaa0b23b04ca7222ee/element/a767e688-66ec-4561-950d-66acb2a42909/name'
16:31:44.602 [Forwarding getElementTagName on session be62cde2678f39aaa0b23b04ca7222ee to remote] DEBUG org.asynchttpclient.netty.request.NettyRequestSender - Using open Channel [id: 0xe4cf9fc8, L:/127.0.0.1:50903 - R:localhost/127.0.0.1:57962] for GET '/session/be62cde2678f39aaa0b23b04ca7222ee/element/a767e688-66ec-4561-950d-66acb2a42909/name'
16:31:44.619 [AsyncHttpClient-1-5] DEBUG org.asynchttpclient.netty.handler.HttpHandler - 

Request DefaultFullHttpRequest(decodeResult: success, version: HTTP/1.1, content: EmptyByteBufBE)
GET /session/be62cde2678f39aaa0b23b04ca7222ee/element/a767e688-66ec-4561-950d-66acb2a42909/name HTTP/1.1
User-Agent: selenium/4.1.2 (java windows)
Cache-Control: no-cache
Content-Type: application/json; charset=utf-8
host: localhost:57962
accept: */*

Response DefaultHttpResponse(decodeResult: success, version: HTTP/1.1)
HTTP/1.1 200 OK
Content-Type: application/json; charset=utf-8
cache-control: no-cache
content-length: 18

16:31:44.619 [AsyncHttpClient-1-5] DEBUG org.asynchttpclient.netty.channel.ChannelManager - Adding key: http://localhost:57962 for channel [id: 0xe4cf9fc8, L:/127.0.0.1:50903 - R:localhost/127.0.0.1:57962]
16:31:44.631 [Forwarding isElementEnabled on session be62cde2678f39aaa0b23b04ca7222ee to remote] DEBUG org.asynchttpclient.netty.request.NettyRequestSender - Using pooled Channel '[id: 0xe4cf9fc8, L:/127.0.0.1:50903 - R:localhost/127.0.0.1:57962]' for 'GET' to 'http://localhost:57962/session/be62cde2678f39aaa0b23b04ca7222ee/element/a767e688-66ec-4561-950d-66acb2a42909/enabled'
16:31:44.631 [Forwarding isElementEnabled on session be62cde2678f39aaa0b23b04ca7222ee to remote] DEBUG org.asynchttpclient.netty.request.NettyRequestSender - Using open Channel [id: 0xe4cf9fc8, L:/127.0.0.1:50903 - R:localhost/127.0.0.1:57962] for GET '/session/be62cde2678f39aaa0b23b04ca7222ee/element/a767e688-66ec-4561-950d-66acb2a42909/enabled'
16:31:44.674 [AsyncHttpClient-1-5] DEBUG org.asynchttpclient.netty.handler.HttpHandler - 

Request DefaultFullHttpRequest(decodeResult: success, version: HTTP/1.1, content: EmptyByteBufBE)
GET /session/be62cde2678f39aaa0b23b04ca7222ee/element/a767e688-66ec-4561-950d-66acb2a42909/enabled HTTP/1.1
User-Agent: selenium/4.1.2 (java windows)
Cache-Control: no-cache
Content-Type: application/json; charset=utf-8
host: localhost:57962
accept: */*

Response DefaultHttpResponse(decodeResult: success, version: HTTP/1.1)
HTTP/1.1 200 OK
Content-Type: application/json; charset=utf-8
cache-control: no-cache
content-length: 14

16:31:44.679 [AsyncHttpClient-1-5] DEBUG org.asynchttpclient.netty.channel.ChannelManager - Adding key: http://localhost:57962 for channel [id: 0xe4cf9fc8, L:/127.0.0.1:50903 - R:localhost/127.0.0.1:57962]
16:31:44.685 [Forwarding isElementEnabled on session be62cde2678f39aaa0b23b04ca7222ee to remote] DEBUG org.asynchttpclient.netty.request.NettyRequestSender - Using pooled Channel '[id: 0xe4cf9fc8, L:/127.0.0.1:50903 - R:localhost/127.0.0.1:57962]' for 'GET' to 'http://localhost:57962/session/be62cde2678f39aaa0b23b04ca7222ee/element/a767e688-66ec-4561-950d-66acb2a42909/enabled'
16:31:44.685 [Forwarding isElementEnabled on session be62cde2678f39aaa0b23b04ca7222ee to remote] DEBUG org.asynchttpclient.netty.request.NettyRequestSender - Using open Channel [id: 0xe4cf9fc8, L:/127.0.0.1:50903 - R:localhost/127.0.0.1:57962] for GET '/session/be62cde2678f39aaa0b23b04ca7222ee/element/a767e688-66ec-4561-950d-66acb2a42909/enabled'
16:31:44.736 [AsyncHttpClient-1-5] DEBUG org.asynchttpclient.netty.handler.HttpHandler - 

Request DefaultFullHttpRequest(decodeResult: success, version: HTTP/1.1, content: EmptyByteBufBE)
GET /session/be62cde2678f39aaa0b23b04ca7222ee/element/a767e688-66ec-4561-950d-66acb2a42909/enabled HTTP/1.1
User-Agent: selenium/4.1.2 (java windows)
Cache-Control: no-cache
Content-Type: application/json; charset=utf-8
host: localhost:57962
accept: */*

Response DefaultHttpResponse(decodeResult: success, version: HTTP/1.1)
HTTP/1.1 200 OK
Content-Type: application/json; charset=utf-8
cache-control: no-cache
content-length: 14

16:31:44.739 [AsyncHttpClient-1-5] DEBUG org.asynchttpclient.netty.channel.ChannelManager - Adding key: http://localhost:57962 for channel [id: 0xe4cf9fc8, L:/127.0.0.1:50903 - R:localhost/127.0.0.1:57962]
16:31:44.749 [Forwarding findElement on session be62cde2678f39aaa0b23b04ca7222ee to remote] DEBUG org.asynchttpclient.netty.request.NettyRequestSender - Using pooled Channel '[id: 0xe4cf9fc8, L:/127.0.0.1:50903 - R:localhost/127.0.0.1:57962]' for 'POST' to 'http://localhost:57962/session/be62cde2678f39aaa0b23b04ca7222ee/element'
16:31:44.749 [Forwarding findElement on session be62cde2678f39aaa0b23b04ca7222ee to remote] DEBUG org.asynchttpclient.netty.request.NettyRequestSender - Using open Channel [id: 0xe4cf9fc8, L:/127.0.0.1:50903 - R:localhost/127.0.0.1:57962] for POST '/session/be62cde2678f39aaa0b23b04ca7222ee/element'
16:31:44.789 [AsyncHttpClient-1-5] DEBUG org.asynchttpclient.netty.handler.HttpHandler - 

Request DefaultHttpRequest(decodeResult: success, version: HTTP/1.1)
POST /session/be62cde2678f39aaa0b23b04ca7222ee/element HTTP/1.1
User-Agent: selenium/4.1.2 (java windows)
Content-Length: 103
Content-Type: application/json; charset=utf-8
host: localhost:57962
accept: */*

Response DefaultHttpResponse(decodeResult: success, version: HTTP/1.1)
HTTP/1.1 200 OK
Content-Type: application/json; charset=utf-8
cache-control: no-cache
content-length: 88

16:31:44.789 [AsyncHttpClient-1-5] DEBUG org.asynchttpclient.netty.channel.ChannelManager - Adding key: http://localhost:57962 for channel [id: 0xe4cf9fc8, L:/127.0.0.1:50903 - R:localhost/127.0.0.1:57962]
16:31:44.797 [Forwarding clickElement on session be62cde2678f39aaa0b23b04ca7222ee to remote] DEBUG org.asynchttpclient.netty.request.NettyRequestSender - Using pooled Channel '[id: 0xe4cf9fc8, L:/127.0.0.1:50903 - R:localhost/127.0.0.1:57962]' for 'POST' to 'http://localhost:57962/session/be62cde2678f39aaa0b23b04ca7222ee/element/a767e688-66ec-4561-950d-66acb2a42909/click'
16:31:44.797 [Forwarding clickElement on session be62cde2678f39aaa0b23b04ca7222ee to remote] DEBUG org.asynchttpclient.netty.request.NettyRequestSender - Using open Channel [id: 0xe4cf9fc8, L:/127.0.0.1:50903 - R:localhost/127.0.0.1:57962] for POST '/session/be62cde2678f39aaa0b23b04ca7222ee/element/a767e688-66ec-4561-950d-66acb2a42909/click'
16:31:45.222 [AsyncHttpClient-1-5] DEBUG org.asynchttpclient.netty.handler.HttpHandler - 

Request DefaultHttpRequest(decodeResult: success, version: HTTP/1.1)
POST /session/be62cde2678f39aaa0b23b04ca7222ee/element/a767e688-66ec-4561-950d-66acb2a42909/click HTTP/1.1
User-Agent: selenium/4.1.2 (java windows)
Content-Length: 50
Content-Type: application/json; charset=utf-8
host: localhost:57962
accept: */*

Response DefaultHttpResponse(decodeResult: success, version: HTTP/1.1)
HTTP/1.1 200 OK
Content-Type: application/json; charset=utf-8
cache-control: no-cache
content-length: 14

16:31:45.222 [AsyncHttpClient-1-5] DEBUG org.asynchttpclient.netty.channel.ChannelManager - Adding key: http://localhost:57962 for channel [id: 0xe4cf9fc8, L:/127.0.0.1:50903 - R:localhost/127.0.0.1:57962]
16:31:45.272 [Forwarding screenshot on session be62cde2678f39aaa0b23b04ca7222ee to remote] DEBUG org.asynchttpclient.netty.request.NettyRequestSender - Using pooled Channel '[id: 0xe4cf9fc8, L:/127.0.0.1:50903 - R:localhost/127.0.0.1:57962]' for 'GET' to 'http://localhost:57962/session/be62cde2678f39aaa0b23b04ca7222ee/screenshot'
16:31:45.272 [Forwarding screenshot on session be62cde2678f39aaa0b23b04ca7222ee to remote] DEBUG org.asynchttpclient.netty.request.NettyRequestSender - Using open Channel [id: 0xe4cf9fc8, L:/127.0.0.1:50903 - R:localhost/127.0.0.1:57962] for GET '/session/be62cde2678f39aaa0b23b04ca7222ee/screenshot'
16:31:45.642 [AsyncHttpClient-1-5] DEBUG org.asynchttpclient.netty.handler.HttpHandler - 

Request DefaultFullHttpRequest(decodeResult: success, version: HTTP/1.1, content: EmptyByteBufBE)
GET /session/be62cde2678f39aaa0b23b04ca7222ee/screenshot HTTP/1.1
User-Agent: selenium/4.1.2 (java windows)
Cache-Control: no-cache
Content-Type: application/json; charset=utf-8
host: localhost:57962
accept: */*

Response DefaultHttpResponse(decodeResult: success, version: HTTP/1.1)
HTTP/1.1 200 OK
Content-Type: application/json; charset=utf-8
cache-control: no-cache
content-length: 48424

16:31:45.644 [AsyncHttpClient-1-5] DEBUG org.asynchttpclient.netty.channel.ChannelManager - Adding key: http://localhost:57962 for channel [id: 0xe4cf9fc8, L:/127.0.0.1:50903 - R:localhost/127.0.0.1:57962]
16:31:45.649 [AsyncHttpClient-1-1] DEBUG org.asynchttpclient.netty.channel.DefaultChannelPool - Entry count for : http://localhost:57962 : 1
16:31:45.649 [AsyncHttpClient-1-1] DEBUG org.asynchttpclient.netty.channel.DefaultChannelPool - Entry count for : http://localhost:50905 : 1
16:31:45.655 [main] DEBUG net.serenitybdd.core.photography.Darkroom - Send negative for processing for target\site\serenity\00468bb3f7647d6214e004e583c2b2232664854f905e0f09d3e2586726132079.png
16:31:45.655 [main] DEBUG net.thucydides.core.steps.StepInterceptor - STEP DONE: buttonJenisPerawatan
  &amp#27;[32mAnd &amp#27;[0m&amp#27;[32mChoose the type of treatment&amp#27;[0m                                     &amp#27;[90m# starter.stepdefinitios.KelolaJadwalSteps.chooseTheTypeOfTreatment()&amp#27;[0m
16:31:45.655 [Darkroom Processing Line] DEBUG net.serenitybdd.core.photography.DarkroomProcessingLine - Processing screenshot image in /var/screenshots/screenshot-16618769407232081367
16:31:45.659 [Darkroom Processing Line] DEBUG net.serenitybdd.core.photography.DarkroomProcessingLine - Saving screenshot to target\site\serenity\00468bb3f7647d6214e004e583c2b2232664854f905e0f09d3e2586726132079.png
16:31:45.706 [Forwarding screenshot on session be62cde2678f39aaa0b23b04ca7222ee to remote] DEBUG org.asynchttpclient.netty.request.NettyRequestSender - Using pooled Channel '[id: 0xe4cf9fc8, L:/127.0.0.1:50903 - R:localhost/127.0.0.1:57962]' for 'GET' to 'http://localhost:57962/session/be62cde2678f39aaa0b23b04ca7222ee/screenshot'
16:31:45.706 [Forwarding screenshot on session be62cde2678f39aaa0b23b04ca7222ee to remote] DEBUG org.asynchttpclient.netty.request.NettyRequestSender - Using open Channel [id: 0xe4cf9fc8, L:/127.0.0.1:50903 - R:localhost/127.0.0.1:57962] for GET '/session/be62cde2678f39aaa0b23b04ca7222ee/screenshot'
16:31:46.029 [AsyncHttpClient-1-5] DEBUG org.asynchttpclient.netty.handler.HttpHandler - 

Request DefaultFullHttpRequest(decodeResult: success, version: HTTP/1.1, content: EmptyByteBufBE)
GET /session/be62cde2678f39aaa0b23b04ca7222ee/screenshot HTTP/1.1
User-Agent: selenium/4.1.2 (java windows)
Cache-Control: no-cache
Content-Type: application/json; charset=utf-8
host: localhost:57962
accept: */*

Response DefaultHttpResponse(decodeResult: success, version: HTTP/1.1)
HTTP/1.1 200 OK
Content-Type: application/json; charset=utf-8
cache-control: no-cache
content-length: 48424

16:31:46.029 [AsyncHttpClient-1-5] DEBUG org.asynchttpclient.netty.channel.ChannelManager - Adding key: http://localhost:57962 for channel [id: 0xe4cf9fc8, L:/127.0.0.1:50903 - R:localhost/127.0.0.1:57962]
16:31:46.040 [main] DEBUG net.serenitybdd.core.photography.Darkroom - Send negative for processing for target\site\serenity\00468bb3f7647d6214e004e583c2b2232664854f905e0f09d3e2586726132079.png
16:31:46.075 [main] DEBUG net.thucydides.core.steps.StepInterceptor - STARTING STEP: KelolaJadwalSteps.clickRawatBiasa - buttonRawatBiasa
16:31:46.095 [Forwarding findElement on session be62cde2678f39aaa0b23b04ca7222ee to remote] DEBUG org.asynchttpclient.netty.request.NettyRequestSender - Using pooled Channel '[id: 0xe4cf9fc8, L:/127.0.0.1:50903 - R:localhost/127.0.0.1:57962]' for 'POST' to 'http://localhost:57962/session/be62cde2678f39aaa0b23b04ca7222ee/element'
16:31:46.099 [Forwarding findElement on session be62cde2678f39aaa0b23b04ca7222ee to remote] DEBUG org.asynchttpclient.netty.request.NettyRequestSender - Using open Channel [id: 0xe4cf9fc8, L:/127.0.0.1:50903 - R:localhost/127.0.0.1:57962] for POST '/session/be62cde2678f39aaa0b23b04ca7222ee/element'
16:31:46.151 [AsyncHttpClient-1-5] DEBUG org.asynchttpclient.netty.handler.HttpHandler - 

Request DefaultHttpRequest(decodeResult: success, version: HTTP/1.1)
POST /session/be62cde2678f39aaa0b23b04ca7222ee/element HTTP/1.1
User-Agent: selenium/4.1.2 (java windows)
Content-Length: 78
Content-Type: application/json; charset=utf-8
host: localhost:57962
accept: */*

Response DefaultHttpResponse(decodeResult: success, version: HTTP/1.1)
HTTP/1.1 200 OK
Content-Type: application/json; charset=utf-8
cache-control: no-cache
content-length: 88

16:31:46.151 [AsyncHttpClient-1-5] DEBUG org.asynchttpclient.netty.channel.ChannelManager - Adding key: http://localhost:57962 for channel [id: 0xe4cf9fc8, L:/127.0.0.1:50903 - R:localhost/127.0.0.1:57962]
16:31:46.159 [Forwarding getElementTagName on session be62cde2678f39aaa0b23b04ca7222ee to remote] DEBUG org.asynchttpclient.netty.request.NettyRequestSender - Using pooled Channel '[id: 0xe4cf9fc8, L:/127.0.0.1:50903 - R:localhost/127.0.0.1:57962]' for 'GET' to 'http://localhost:57962/session/be62cde2678f39aaa0b23b04ca7222ee/element/86e4caea-3b49-446b-bd0f-c5018cd0fa42/name'
16:31:46.159 [Forwarding getElementTagName on session be62cde2678f39aaa0b23b04ca7222ee to remote] DEBUG org.asynchttpclient.netty.request.NettyRequestSender - Using open Channel [id: 0xe4cf9fc8, L:/127.0.0.1:50903 - R:localhost/127.0.0.1:57962] for GET '/session/be62cde2678f39aaa0b23b04ca7222ee/element/86e4caea-3b49-446b-bd0f-c5018cd0fa42/name'
16:31:46.181 [AsyncHttpClient-1-5] DEBUG org.asynchttpclient.netty.handler.HttpHandler - 

Request DefaultFullHttpRequest(decodeResult: success, version: HTTP/1.1, content: EmptyByteBufBE)
GET /session/be62cde2678f39aaa0b23b04ca7222ee/element/86e4caea-3b49-446b-bd0f-c5018cd0fa42/name HTTP/1.1
User-Agent: selenium/4.1.2 (java windows)
Cache-Control: no-cache
Content-Type: application/json; charset=utf-8
host: localhost:57962
accept: */*

Response DefaultHttpResponse(decodeResult: success, version: HTTP/1.1)
HTTP/1.1 200 OK
Content-Type: application/json; charset=utf-8
cache-control: no-cache
content-length: 18

16:31:46.181 [AsyncHttpClient-1-5] DEBUG org.asynchttpclient.netty.channel.ChannelManager - Adding key: http://localhost:57962 for channel [id: 0xe4cf9fc8, L:/127.0.0.1:50903 - R:localhost/127.0.0.1:57962]
16:31:46.189 [Forwarding getElementTagName on session be62cde2678f39aaa0b23b04ca7222ee to remote] DEBUG org.asynchttpclient.netty.request.NettyRequestSender - Using pooled Channel '[id: 0xe4cf9fc8, L:/127.0.0.1:50903 - R:localhost/127.0.0.1:57962]' for 'GET' to 'http://localhost:57962/session/be62cde2678f39aaa0b23b04ca7222ee/element/86e4caea-3b49-446b-bd0f-c5018cd0fa42/name'
16:31:46.189 [Forwarding getElementTagName on session be62cde2678f39aaa0b23b04ca7222ee to remote] DEBUG org.asynchttpclient.netty.request.NettyRequestSender - Using open Channel [id: 0xe4cf9fc8, L:/127.0.0.1:50903 - R:localhost/127.0.0.1:57962] for GET '/session/be62cde2678f39aaa0b23b04ca7222ee/element/86e4caea-3b49-446b-bd0f-c5018cd0fa42/name'
16:31:46.219 [AsyncHttpClient-1-5] DEBUG org.asynchttpclient.netty.handler.HttpHandler - 

Request DefaultFullHttpRequest(decodeResult: success, version: HTTP/1.1, content: EmptyByteBufBE)
GET /session/be62cde2678f39aaa0b23b04ca7222ee/element/86e4caea-3b49-446b-bd0f-c5018cd0fa42/name HTTP/1.1
User-Agent: selenium/4.1.2 (java windows)
Cache-Control: no-cache
Content-Type: application/json; charset=utf-8
host: localhost:57962
accept: */*

Response DefaultHttpResponse(decodeResult: success, version: HTTP/1.1)
HTTP/1.1 200 OK
Content-Type: application/json; charset=utf-8
cache-control: no-cache
content-length: 18

16:31:46.219 [AsyncHttpClient-1-5] DEBUG org.asynchttpclient.netty.channel.ChannelManager - Adding key: http://localhost:57962 for channel [id: 0xe4cf9fc8, L:/127.0.0.1:50903 - R:localhost/127.0.0.1:57962]
16:31:46.230 [Forwarding isElementEnabled on session be62cde2678f39aaa0b23b04ca7222ee to remote] DEBUG org.asynchttpclient.netty.request.NettyRequestSender - Using pooled Channel '[id: 0xe4cf9fc8, L:/127.0.0.1:50903 - R:localhost/127.0.0.1:57962]' for 'GET' to 'http://localhost:57962/session/be62cde2678f39aaa0b23b04ca7222ee/element/86e4caea-3b49-446b-bd0f-c5018cd0fa42/enabled'
16:31:46.230 [Forwarding isElementEnabled on session be62cde2678f39aaa0b23b04ca7222ee to remote] DEBUG org.asynchttpclient.netty.request.NettyRequestSender - Using open Channel [id: 0xe4cf9fc8, L:/127.0.0.1:50903 - R:localhost/127.0.0.1:57962] for GET '/session/be62cde2678f39aaa0b23b04ca7222ee/element/86e4caea-3b49-446b-bd0f-c5018cd0fa42/enabled'
16:31:46.274 [AsyncHttpClient-1-5] DEBUG org.asynchttpclient.netty.handler.HttpHandler - 

Request DefaultFullHttpRequest(decodeResult: success, version: HTTP/1.1, content: EmptyByteBufBE)
GET /session/be62cde2678f39aaa0b23b04ca7222ee/element/86e4caea-3b49-446b-bd0f-c5018cd0fa42/enabled HTTP/1.1
User-Agent: selenium/4.1.2 (java windows)
Cache-Control: no-cache
Content-Type: application/json; charset=utf-8
host: localhost:57962
accept: */*

Response DefaultHttpResponse(decodeResult: success, version: HTTP/1.1)
HTTP/1.1 200 OK
Content-Type: application/json; charset=utf-8
cache-control: no-cache
content-length: 14

16:31:46.274 [AsyncHttpClient-1-5] DEBUG org.asynchttpclient.netty.channel.ChannelManager - Adding key: http://localhost:57962 for channel [id: 0xe4cf9fc8, L:/127.0.0.1:50903 - R:localhost/127.0.0.1:57962]
16:31:46.283 [Forwarding isElementEnabled on session be62cde2678f39aaa0b23b04ca7222ee to remote] DEBUG org.asynchttpclient.netty.request.NettyRequestSender - Using pooled Channel '[id: 0xe4cf9fc8, L:/127.0.0.1:50903 - R:localhost/127.0.0.1:57962]' for 'GET' to 'http://localhost:57962/session/be62cde2678f39aaa0b23b04ca7222ee/element/86e4caea-3b49-446b-bd0f-c5018cd0fa42/enabled'
16:31:46.283 [Forwarding isElementEnabled on session be62cde2678f39aaa0b23b04ca7222ee to remote] DEBUG org.asynchttpclient.netty.request.NettyRequestSender - Using open Channel [id: 0xe4cf9fc8, L:/127.0.0.1:50903 - R:localhost/127.0.0.1:57962] for GET '/session/be62cde2678f39aaa0b23b04ca7222ee/element/86e4caea-3b49-446b-bd0f-c5018cd0fa42/enabled'
16:31:46.349 [AsyncHttpClient-1-5] DEBUG org.asynchttpclient.netty.handler.HttpHandler - 

Request DefaultFullHttpRequest(decodeResult: success, version: HTTP/1.1, content: EmptyByteBufBE)
GET /session/be62cde2678f39aaa0b23b04ca7222ee/element/86e4caea-3b49-446b-bd0f-c5018cd0fa42/enabled HTTP/1.1
User-Agent: selenium/4.1.2 (java windows)
Cache-Control: no-cache
Content-Type: application/json; charset=utf-8
host: localhost:57962
accept: */*

Response DefaultHttpResponse(decodeResult: success, version: HTTP/1.1)
HTTP/1.1 200 OK
Content-Type: application/json; charset=utf-8
cache-control: no-cache
content-length: 14

16:31:46.349 [AsyncHttpClient-1-5] DEBUG org.asynchttpclient.netty.channel.ChannelManager - Adding key: http://localhost:57962 for channel [id: 0xe4cf9fc8, L:/127.0.0.1:50903 - R:localhost/127.0.0.1:57962]
16:31:46.359 [Forwarding findElement on session be62cde2678f39aaa0b23b04ca7222ee to remote] DEBUG org.asynchttpclient.netty.request.NettyRequestSender - Using pooled Channel '[id: 0xe4cf9fc8, L:/127.0.0.1:50903 - R:localhost/127.0.0.1:57962]' for 'POST' to 'http://localhost:57962/session/be62cde2678f39aaa0b23b04ca7222ee/element'
16:31:46.359 [Forwarding findElement on session be62cde2678f39aaa0b23b04ca7222ee to remote] DEBUG org.asynchttpclient.netty.request.NettyRequestSender - Using open Channel [id: 0xe4cf9fc8, L:/127.0.0.1:50903 - R:localhost/127.0.0.1:57962] for POST '/session/be62cde2678f39aaa0b23b04ca7222ee/element'
16:31:46.385 [AsyncHttpClient-1-5] DEBUG org.asynchttpclient.netty.handler.HttpHandler - 

Request DefaultHttpRequest(decodeResult: success, version: HTTP/1.1)
POST /session/be62cde2678f39aaa0b23b04ca7222ee/element HTTP/1.1
User-Agent: selenium/4.1.2 (java windows)
Content-Length: 78
Content-Type: application/json; charset=utf-8
host: localhost:57962
accept: */*

Response DefaultHttpResponse(decodeResult: success, version: HTTP/1.1)
HTTP/1.1 200 OK
Content-Type: application/json; charset=utf-8
cache-control: no-cache
content-length: 88

16:31:46.385 [AsyncHttpClient-1-5] DEBUG org.asynchttpclient.netty.channel.ChannelManager - Adding key: http://localhost:57962 for channel [id: 0xe4cf9fc8, L:/127.0.0.1:50903 - R:localhost/127.0.0.1:57962]
16:31:46.393 [Forwarding clickElement on session be62cde2678f39aaa0b23b04ca7222ee to remote] DEBUG org.asynchttpclient.netty.request.NettyRequestSender - Using pooled Channel '[id: 0xe4cf9fc8, L:/127.0.0.1:50903 - R:localhost/127.0.0.1:57962]' for 'POST' to 'http://localhost:57962/session/be62cde2678f39aaa0b23b04ca7222ee/element/86e4caea-3b49-446b-bd0f-c5018cd0fa42/click'
16:31:46.393 [Forwarding clickElement on session be62cde2678f39aaa0b23b04ca7222ee to remote] DEBUG org.asynchttpclient.netty.request.NettyRequestSender - Using open Channel [id: 0xe4cf9fc8, L:/127.0.0.1:50903 - R:localhost/127.0.0.1:57962] for POST '/session/be62cde2678f39aaa0b23b04ca7222ee/element/86e4caea-3b49-446b-bd0f-c5018cd0fa42/click'
16:31:46.573 [AsyncHttpClient-1-5] DEBUG org.asynchttpclient.netty.handler.HttpHandler - 

Request DefaultHttpRequest(decodeResult: success, version: HTTP/1.1)
POST /session/be62cde2678f39aaa0b23b04ca7222ee/element/86e4caea-3b49-446b-bd0f-c5018cd0fa42/click HTTP/1.1
User-Agent: selenium/4.1.2 (java windows)
Content-Length: 50
Content-Type: application/json; charset=utf-8
host: localhost:57962
accept: */*

Response DefaultHttpResponse(decodeResult: success, version: HTTP/1.1)
HTTP/1.1 200 OK
Content-Type: application/json; charset=utf-8
cache-control: no-cache
content-length: 14

16:31:46.573 [AsyncHttpClient-1-5] DEBUG org.asynchttpclient.netty.channel.ChannelManager - Adding key: http://localhost:57962 for channel [id: 0xe4cf9fc8, L:/127.0.0.1:50903 - R:localhost/127.0.0.1:57962]
16:31:46.610 [Forwarding screenshot on session be62cde2678f39aaa0b23b04ca7222ee to remote] DEBUG org.asynchttpclient.netty.request.NettyRequestSender - Using pooled Channel '[id: 0xe4cf9fc8, L:/127.0.0.1:50903 - R:localhost/127.0.0.1:57962]' for 'GET' to 'http://localhost:57962/session/be62cde2678f39aaa0b23b04ca7222ee/screenshot'
16:31:46.610 [Forwarding screenshot on session be62cde2678f39aaa0b23b04ca7222ee to remote] DEBUG org.asynchttpclient.netty.request.NettyRequestSender - Using open Channel [id: 0xe4cf9fc8, L:/127.0.0.1:50903 - R:localhost/127.0.0.1:57962] for GET '/session/be62cde2678f39aaa0b23b04ca7222ee/screenshot'
16:31:46.749 [AsyncHttpClient-1-1] DEBUG org.asynchttpclient.netty.channel.DefaultChannelPool - Entry count for : http://localhost:50905 : 1
16:31:46.943 [AsyncHttpClient-1-5] DEBUG org.asynchttpclient.netty.handler.HttpHandler - 

Request DefaultFullHttpRequest(decodeResult: success, version: HTTP/1.1, content: EmptyByteBufBE)
GET /session/be62cde2678f39aaa0b23b04ca7222ee/screenshot HTTP/1.1
User-Agent: selenium/4.1.2 (java windows)
Cache-Control: no-cache
Content-Type: application/json; charset=utf-8
host: localhost:57962
accept: */*

Response DefaultHttpResponse(decodeResult: success, version: HTTP/1.1)
HTTP/1.1 200 OK
Content-Type: application/json; charset=utf-8
cache-control: no-cache
content-length: 48176

16:31:46.949 [AsyncHttpClient-1-5] DEBUG org.asynchttpclient.netty.channel.ChannelManager - Adding key: http://localhost:57962 for channel [id: 0xe4cf9fc8, L:/127.0.0.1:50903 - R:localhost/127.0.0.1:57962]
16:31:46.959 [main] DEBUG net.serenitybdd.core.photography.Darkroom - Send negative for processing for target\site\serenity\afca7664256d0dd771a6481c0655929b485aca0c27fd9f36cf936bbe3f57bc8b.png
16:31:46.959 [main] DEBUG net.thucydides.core.steps.StepInterceptor - STEP DONE: buttonRawatBiasa
  &amp#27;[32mAnd &amp#27;[0m&amp#27;[32mClick rawat biasa&amp#27;[0m                                                &amp#27;[90m# starter.stepdefinitios.KelolaJadwalSteps.clickRawatBiasa()&amp#27;[0m
16:31:46.962 [Darkroom Processing Line] DEBUG net.serenitybdd.core.photography.DarkroomProcessingLine - Processing screenshot image in /var/screenshots/screenshot-9112318663666505227
16:31:46.962 [Darkroom Processing Line] DEBUG net.serenitybdd.core.photography.DarkroomProcessingLine - Saving screenshot to target\site\serenity\afca7664256d0dd771a6481c0655929b485aca0c27fd9f36cf936bbe3f57bc8b.png
16:31:47.046 [Forwarding screenshot on session be62cde2678f39aaa0b23b04ca7222ee to remote] DEBUG org.asynchttpclient.netty.request.NettyRequestSender - Using pooled Channel '[id: 0xe4cf9fc8, L:/127.0.0.1:50903 - R:localhost/127.0.0.1:57962]' for 'GET' to 'http://localhost:57962/session/be62cde2678f39aaa0b23b04ca7222ee/screenshot'
16:31:47.046 [Forwarding screenshot on session be62cde2678f39aaa0b23b04ca7222ee to remote] DEBUG org.asynchttpclient.netty.request.NettyRequestSender - Using open Channel [id: 0xe4cf9fc8, L:/127.0.0.1:50903 - R:localhost/127.0.0.1:57962] for GET '/session/be62cde2678f39aaa0b23b04ca7222ee/screenshot'
16:31:47.371 [AsyncHttpClient-1-5] DEBUG org.asynchttpclient.netty.handler.HttpHandler - 

Request DefaultFullHttpRequest(decodeResult: success, version: HTTP/1.1, content: EmptyByteBufBE)
GET /session/be62cde2678f39aaa0b23b04ca7222ee/screenshot HTTP/1.1
User-Agent: selenium/4.1.2 (java windows)
Cache-Control: no-cache
Content-Type: application/json; charset=utf-8
host: localhost:57962
accept: */*

Response DefaultHttpResponse(decodeResult: success, version: HTTP/1.1)
HTTP/1.1 200 OK
Content-Type: application/json; charset=utf-8
cache-control: no-cache
content-length: 48176

16:31:47.373 [AsyncHttpClient-1-5] DEBUG org.asynchttpclient.netty.channel.ChannelManager - Adding key: http://localhost:57962 for channel [id: 0xe4cf9fc8, L:/127.0.0.1:50903 - R:localhost/127.0.0.1:57962]
16:31:47.384 [main] DEBUG net.serenitybdd.core.photography.Darkroom - Send negative for processing for target\site\serenity\afca7664256d0dd771a6481c0655929b485aca0c27fd9f36cf936bbe3f57bc8b.png
16:31:47.386 [main] DEBUG net.thucydides.core.steps.StepInterceptor - STARTING STEP: KelolaJadwalSteps.clickSimpan - buttonSave
16:31:47.401 [Forwarding findElement on session be62cde2678f39aaa0b23b04ca7222ee to remote] DEBUG org.asynchttpclient.netty.request.NettyRequestSender - Using pooled Channel '[id: 0xe4cf9fc8, L:/127.0.0.1:50903 - R:localhost/127.0.0.1:57962]' for 'POST' to 'http://localhost:57962/session/be62cde2678f39aaa0b23b04ca7222ee/element'
16:31:47.404 [Forwarding findElement on session be62cde2678f39aaa0b23b04ca7222ee to remote] DEBUG org.asynchttpclient.netty.request.NettyRequestSender - Using open Channel [id: 0xe4cf9fc8, L:/127.0.0.1:50903 - R:localhost/127.0.0.1:57962] for POST '/session/be62cde2678f39aaa0b23b04ca7222ee/element'
16:31:47.435 [AsyncHttpClient-1-5] DEBUG org.asynchttpclient.netty.handler.HttpHandler - 

Request DefaultHttpRequest(decodeResult: success, version: HTTP/1.1)
POST /session/be62cde2678f39aaa0b23b04ca7222ee/element HTTP/1.1
User-Agent: selenium/4.1.2 (java windows)
Content-Length: 68
Content-Type: application/json; charset=utf-8
host: localhost:57962
accept: */*

Response DefaultHttpResponse(decodeResult: success, version: HTTP/1.1)
HTTP/1.1 200 OK
Content-Type: application/json; charset=utf-8
cache-control: no-cache
content-length: 88

16:31:47.435 [AsyncHttpClient-1-5] DEBUG org.asynchttpclient.netty.channel.ChannelManager - Adding key: http://localhost:57962 for channel [id: 0xe4cf9fc8, L:/127.0.0.1:50903 - R:localhost/127.0.0.1:57962]
16:31:47.441 [Forwarding getElementTagName on session be62cde2678f39aaa0b23b04ca7222ee to remote] DEBUG org.asynchttpclient.netty.request.NettyRequestSender - Using pooled Channel '[id: 0xe4cf9fc8, L:/127.0.0.1:50903 - R:localhost/127.0.0.1:57962]' for 'GET' to 'http://localhost:57962/session/be62cde2678f39aaa0b23b04ca7222ee/element/4efe69d0-544b-4b46-8d56-3e3b0ca56d4c/name'
16:31:47.441 [Forwarding getElementTagName on session be62cde2678f39aaa0b23b04ca7222ee to remote] DEBUG org.asynchttpclient.netty.request.NettyRequestSender - Using open Channel [id: 0xe4cf9fc8, L:/127.0.0.1:50903 - R:localhost/127.0.0.1:57962] for GET '/session/be62cde2678f39aaa0b23b04ca7222ee/element/4efe69d0-544b-4b46-8d56-3e3b0ca56d4c/name'
16:31:47.461 [AsyncHttpClient-1-5] DEBUG org.asynchttpclient.netty.handler.HttpHandler - 

Request DefaultFullHttpRequest(decodeResult: success, version: HTTP/1.1, content: EmptyByteBufBE)
GET /session/be62cde2678f39aaa0b23b04ca7222ee/element/4efe69d0-544b-4b46-8d56-3e3b0ca56d4c/name HTTP/1.1
User-Agent: selenium/4.1.2 (java windows)
Cache-Control: no-cache
Content-Type: application/json; charset=utf-8
host: localhost:57962
accept: */*

Response DefaultHttpResponse(decodeResult: success, version: HTTP/1.1)
HTTP/1.1 200 OK
Content-Type: application/json; charset=utf-8
cache-control: no-cache
content-length: 18

16:31:47.461 [AsyncHttpClient-1-5] DEBUG org.asynchttpclient.netty.channel.ChannelManager - Adding key: http://localhost:57962 for channel [id: 0xe4cf9fc8, L:/127.0.0.1:50903 - R:localhost/127.0.0.1:57962]
16:31:47.469 [Forwarding getElementTagName on session be62cde2678f39aaa0b23b04ca7222ee to remote] DEBUG org.asynchttpclient.netty.request.NettyRequestSender - Using pooled Channel '[id: 0xe4cf9fc8, L:/127.0.0.1:50903 - R:localhost/127.0.0.1:57962]' for 'GET' to 'http://localhost:57962/session/be62cde2678f39aaa0b23b04ca7222ee/element/4efe69d0-544b-4b46-8d56-3e3b0ca56d4c/name'
16:31:47.469 [Forwarding getElementTagName on session be62cde2678f39aaa0b23b04ca7222ee to remote] DEBUG org.asynchttpclient.netty.request.NettyRequestSender - Using open Channel [id: 0xe4cf9fc8, L:/127.0.0.1:50903 - R:localhost/127.0.0.1:57962] for GET '/session/be62cde2678f39aaa0b23b04ca7222ee/element/4efe69d0-544b-4b46-8d56-3e3b0ca56d4c/name'
16:31:47.487 [AsyncHttpClient-1-5] DEBUG org.asynchttpclient.netty.handler.HttpHandler - 

Request DefaultFullHttpRequest(decodeResult: success, version: HTTP/1.1, content: EmptyByteBufBE)
GET /session/be62cde2678f39aaa0b23b04ca7222ee/element/4efe69d0-544b-4b46-8d56-3e3b0ca56d4c/name HTTP/1.1
User-Agent: selenium/4.1.2 (java windows)
Cache-Control: no-cache
Content-Type: application/json; charset=utf-8
host: localhost:57962
accept: */*

Response DefaultHttpResponse(decodeResult: success, version: HTTP/1.1)
HTTP/1.1 200 OK
Content-Type: application/json; charset=utf-8
cache-control: no-cache
content-length: 18

16:31:47.487 [AsyncHttpClient-1-5] DEBUG org.asynchttpclient.netty.channel.ChannelManager - Adding key: http://localhost:57962 for channel [id: 0xe4cf9fc8, L:/127.0.0.1:50903 - R:localhost/127.0.0.1:57962]
16:31:47.499 [Forwarding isElementEnabled on session be62cde2678f39aaa0b23b04ca7222ee to remote] DEBUG org.asynchttpclient.netty.request.NettyRequestSender - Using pooled Channel '[id: 0xe4cf9fc8, L:/127.0.0.1:50903 - R:localhost/127.0.0.1:57962]' for 'GET' to 'http://localhost:57962/session/be62cde2678f39aaa0b23b04ca7222ee/element/4efe69d0-544b-4b46-8d56-3e3b0ca56d4c/enabled'
16:31:47.499 [Forwarding isElementEnabled on session be62cde2678f39aaa0b23b04ca7222ee to remote] DEBUG org.asynchttpclient.netty.request.NettyRequestSender - Using open Channel [id: 0xe4cf9fc8, L:/127.0.0.1:50903 - R:localhost/127.0.0.1:57962] for GET '/session/be62cde2678f39aaa0b23b04ca7222ee/element/4efe69d0-544b-4b46-8d56-3e3b0ca56d4c/enabled'
16:31:47.532 [AsyncHttpClient-1-5] DEBUG org.asynchttpclient.netty.handler.HttpHandler - 

Request DefaultFullHttpRequest(decodeResult: success, version: HTTP/1.1, content: EmptyByteBufBE)
GET /session/be62cde2678f39aaa0b23b04ca7222ee/element/4efe69d0-544b-4b46-8d56-3e3b0ca56d4c/enabled HTTP/1.1
User-Agent: selenium/4.1.2 (java windows)
Cache-Control: no-cache
Content-Type: application/json; charset=utf-8
host: localhost:57962
accept: */*

Response DefaultHttpResponse(decodeResult: success, version: HTTP/1.1)
HTTP/1.1 200 OK
Content-Type: application/json; charset=utf-8
cache-control: no-cache
content-length: 14

16:31:47.532 [AsyncHttpClient-1-5] DEBUG org.asynchttpclient.netty.channel.ChannelManager - Adding key: http://localhost:57962 for channel [id: 0xe4cf9fc8, L:/127.0.0.1:50903 - R:localhost/127.0.0.1:57962]
16:31:47.543 [Forwarding isElementEnabled on session be62cde2678f39aaa0b23b04ca7222ee to remote] DEBUG org.asynchttpclient.netty.request.NettyRequestSender - Using pooled Channel '[id: 0xe4cf9fc8, L:/127.0.0.1:50903 - R:localhost/127.0.0.1:57962]' for 'GET' to 'http://localhost:57962/session/be62cde2678f39aaa0b23b04ca7222ee/element/4efe69d0-544b-4b46-8d56-3e3b0ca56d4c/enabled'
16:31:47.543 [Forwarding isElementEnabled on session be62cde2678f39aaa0b23b04ca7222ee to remote] DEBUG org.asynchttpclient.netty.request.NettyRequestSender - Using open Channel [id: 0xe4cf9fc8, L:/127.0.0.1:50903 - R:localhost/127.0.0.1:57962] for GET '/session/be62cde2678f39aaa0b23b04ca7222ee/element/4efe69d0-544b-4b46-8d56-3e3b0ca56d4c/enabled'
16:31:47.569 [AsyncHttpClient-1-5] DEBUG org.asynchttpclient.netty.handler.HttpHandler - 

Request DefaultFullHttpRequest(decodeResult: success, version: HTTP/1.1, content: EmptyByteBufBE)
GET /session/be62cde2678f39aaa0b23b04ca7222ee/element/4efe69d0-544b-4b46-8d56-3e3b0ca56d4c/enabled HTTP/1.1
User-Agent: selenium/4.1.2 (java windows)
Cache-Control: no-cache
Content-Type: application/json; charset=utf-8
host: localhost:57962
accept: */*

Response DefaultHttpResponse(decodeResult: success, version: HTTP/1.1)
HTTP/1.1 200 OK
Content-Type: application/json; charset=utf-8
cache-control: no-cache
content-length: 14

16:31:47.569 [AsyncHttpClient-1-5] DEBUG org.asynchttpclient.netty.channel.ChannelManager - Adding key: http://localhost:57962 for channel [id: 0xe4cf9fc8, L:/127.0.0.1:50903 - R:localhost/127.0.0.1:57962]
16:31:47.579 [Forwarding findElement on session be62cde2678f39aaa0b23b04ca7222ee to remote] DEBUG org.asynchttpclient.netty.request.NettyRequestSender - Using pooled Channel '[id: 0xe4cf9fc8, L:/127.0.0.1:50903 - R:localhost/127.0.0.1:57962]' for 'POST' to 'http://localhost:57962/session/be62cde2678f39aaa0b23b04ca7222ee/element'
16:31:47.579 [Forwarding findElement on session be62cde2678f39aaa0b23b04ca7222ee to remote] DEBUG org.asynchttpclient.netty.request.NettyRequestSender - Using open Channel [id: 0xe4cf9fc8, L:/127.0.0.1:50903 - R:localhost/127.0.0.1:57962] for POST '/session/be62cde2678f39aaa0b23b04ca7222ee/element'
16:31:47.614 [AsyncHttpClient-1-5] DEBUG org.asynchttpclient.netty.handler.HttpHandler - 

Request DefaultHttpRequest(decodeResult: success, version: HTTP/1.1)
POST /session/be62cde2678f39aaa0b23b04ca7222ee/element HTTP/1.1
User-Agent: selenium/4.1.2 (java windows)
Content-Length: 68
Content-Type: application/json; charset=utf-8
host: localhost:57962
accept: */*

Response DefaultHttpResponse(decodeResult: success, version: HTTP/1.1)
HTTP/1.1 200 OK
Content-Type: application/json; charset=utf-8
cache-control: no-cache
content-length: 88

16:31:47.619 [AsyncHttpClient-1-5] DEBUG org.asynchttpclient.netty.channel.ChannelManager - Adding key: http://localhost:57962 for channel [id: 0xe4cf9fc8, L:/127.0.0.1:50903 - R:localhost/127.0.0.1:57962]
16:31:47.624 [Forwarding clickElement on session be62cde2678f39aaa0b23b04ca7222ee to remote] DEBUG org.asynchttpclient.netty.request.NettyRequestSender - Using pooled Channel '[id: 0xe4cf9fc8, L:/127.0.0.1:50903 - R:localhost/127.0.0.1:57962]' for 'POST' to 'http://localhost:57962/session/be62cde2678f39aaa0b23b04ca7222ee/element/4efe69d0-544b-4b46-8d56-3e3b0ca56d4c/click'
16:31:47.624 [Forwarding clickElement on session be62cde2678f39aaa0b23b04ca7222ee to remote] DEBUG org.asynchttpclient.netty.request.NettyRequestSender - Using open Channel [id: 0xe4cf9fc8, L:/127.0.0.1:50903 - R:localhost/127.0.0.1:57962] for POST '/session/be62cde2678f39aaa0b23b04ca7222ee/element/4efe69d0-544b-4b46-8d56-3e3b0ca56d4c/click'
16:31:47.858 [AsyncHttpClient-1-1] DEBUG org.asynchttpclient.netty.channel.DefaultChannelPool - Entry count for : http://localhost:50905 : 1
16:31:48.445 [AsyncHttpClient-1-5] DEBUG org.asynchttpclient.netty.handler.HttpHandler - 

Request DefaultHttpRequest(decodeResult: success, version: HTTP/1.1)
POST /session/be62cde2678f39aaa0b23b04ca7222ee/element/4efe69d0-544b-4b46-8d56-3e3b0ca56d4c/click HTTP/1.1
User-Agent: selenium/4.1.2 (java windows)
Content-Length: 50
Content-Type: application/json; charset=utf-8
host: localhost:57962
accept: */*

Response DefaultHttpResponse(decodeResult: success, version: HTTP/1.1)
HTTP/1.1 200 OK
Content-Type: application/json; charset=utf-8
cache-control: no-cache
content-length: 14

16:31:48.447 [AsyncHttpClient-1-5] DEBUG org.asynchttpclient.netty.channel.ChannelManager - Adding key: http://localhost:57962 for channel [id: 0xe4cf9fc8, L:/127.0.0.1:50903 - R:localhost/127.0.0.1:57962]
16:31:48.479 [Forwarding screenshot on session be62cde2678f39aaa0b23b04ca7222ee to remote] DEBUG org.asynchttpclient.netty.request.NettyRequestSender - Using pooled Channel '[id: 0xe4cf9fc8, L:/127.0.0.1:50903 - R:localhost/127.0.0.1:57962]' for 'GET' to 'http://localhost:57962/session/be62cde2678f39aaa0b23b04ca7222ee/screenshot'
16:31:48.479 [Forwarding screenshot on session be62cde2678f39aaa0b23b04ca7222ee to remote] DEBUG org.asynchttpclient.netty.request.NettyRequestSender - Using open Channel [id: 0xe4cf9fc8, L:/127.0.0.1:50903 - R:localhost/127.0.0.1:57962] for GET '/session/be62cde2678f39aaa0b23b04ca7222ee/screenshot'
16:31:48.940 [AsyncHttpClient-1-1] DEBUG org.asynchttpclient.netty.channel.DefaultChannelPool - Entry count for : http://localhost:50905 : 1
16:31:48.988 [AsyncHttpClient-1-5] DEBUG org.asynchttpclient.netty.handler.HttpHandler - 

Request DefaultFullHttpRequest(decodeResult: success, version: HTTP/1.1, content: EmptyByteBufBE)
GET /session/be62cde2678f39aaa0b23b04ca7222ee/screenshot HTTP/1.1
User-Agent: selenium/4.1.2 (java windows)
Cache-Control: no-cache
Content-Type: application/json; charset=utf-8
host: localhost:57962
accept: */*

Response DefaultHttpResponse(decodeResult: success, version: HTTP/1.1)
HTTP/1.1 200 OK
Content-Type: application/json; charset=utf-8
cache-control: no-cache
content-length: 45476

16:31:48.988 [AsyncHttpClient-1-5] DEBUG org.asynchttpclient.netty.channel.ChannelManager - Adding key: http://localhost:57962 for channel [id: 0xe4cf9fc8, L:/127.0.0.1:50903 - R:localhost/127.0.0.1:57962]
16:31:48.996 [main] DEBUG net.serenitybdd.core.photography.Darkroom - Send negative for processing for target\site\serenity\ec898254428982716ba577a2264c7eebf990930ff914b6a901fb0b09e0dc90f8.png
16:31:49.004 [main] DEBUG net.thucydides.core.steps.StepInterceptor - STEP DONE: buttonSave
  &amp#27;[32mAnd &amp#27;[0m&amp#27;[32mClick simpan&amp#27;[0m                                                     &amp#27;[90m# starter.stepdefinitios.KelolaJadwalSteps.clickSimpan()&amp#27;[0m
16:31:49.004 [Darkroom Processing Line] DEBUG net.serenitybdd.core.photography.DarkroomProcessingLine - Processing screenshot image in /var/screenshots/screenshot-6628555502624556704
16:31:49.004 [Darkroom Processing Line] DEBUG net.serenitybdd.core.photography.DarkroomProcessingLine - Saving screenshot to target\site\serenity\ec898254428982716ba577a2264c7eebf990930ff914b6a901fb0b09e0dc90f8.png
16:31:50.048 [AsyncHttpClient-1-1] DEBUG org.asynchttpclient.netty.channel.DefaultChannelPool - Entry count for : http://localhost:57962 : 1
16:31:50.048 [AsyncHttpClient-1-1] DEBUG org.asynchttpclient.netty.channel.DefaultChannelPool - Entry count for : http://localhost:50905 : 1
16:31:50.097 [Forwarding screenshot on session be62cde2678f39aaa0b23b04ca7222ee to remote] DEBUG org.asynchttpclient.netty.request.NettyRequestSender - Using pooled Channel '[id: 0xe4cf9fc8, L:/127.0.0.1:50903 - R:localhost/127.0.0.1:57962]' for 'GET' to 'http://localhost:57962/session/be62cde2678f39aaa0b23b04ca7222ee/screenshot'
16:31:50.101 [Forwarding screenshot on session be62cde2678f39aaa0b23b04ca7222ee to remote] DEBUG org.asynchttpclient.netty.request.NettyRequestSender - Using open Channel [id: 0xe4cf9fc8, L:/127.0.0.1:50903 - R:localhost/127.0.0.1:57962] for GET '/session/be62cde2678f39aaa0b23b04ca7222ee/screenshot'
16:31:50.435 [AsyncHttpClient-1-5] DEBUG org.asynchttpclient.netty.handler.HttpHandler - 

Request DefaultFullHttpRequest(decodeResult: success, version: HTTP/1.1, content: EmptyByteBufBE)
GET /session/be62cde2678f39aaa0b23b04ca7222ee/screenshot HTTP/1.1
User-Agent: selenium/4.1.2 (java windows)
Cache-Control: no-cache
Content-Type: application/json; charset=utf-8
host: localhost:57962
accept: */*

Response DefaultHttpResponse(decodeResult: success, version: HTTP/1.1)
HTTP/1.1 200 OK
Content-Type: application/json; charset=utf-8
cache-control: no-cache
content-length: 46768

16:31:50.436 [AsyncHttpClient-1-5] DEBUG org.asynchttpclient.netty.channel.ChannelManager - Adding key: http://localhost:57962 for channel [id: 0xe4cf9fc8, L:/127.0.0.1:50903 - R:localhost/127.0.0.1:57962]
16:31:50.448 [main] DEBUG net.serenitybdd.core.photography.Darkroom - Send negative for processing for target\site\serenity\d403dde11a9d1011e7f4f69b1b80a00746616c91bcc03e8ba06583876c60ae3f.png
16:31:50.448 [main] DEBUG net.thucydides.core.steps.StepInterceptor - STARTING STEP: KelolaJadwalSteps.validateDataKelolaJadwal - validAddData
16:31:50.450 [Darkroom Processing Line] DEBUG net.serenitybdd.core.photography.DarkroomProcessingLine - Processing screenshot image in /var/screenshots/screenshot-9289241625429433707
16:31:50.450 [Darkroom Processing Line] DEBUG net.serenitybdd.core.photography.DarkroomProcessingLine - Saving screenshot to target\site\serenity\d403dde11a9d1011e7f4f69b1b80a00746616c91bcc03e8ba06583876c60ae3f.png
16:31:50.461 [Forwarding findElement on session be62cde2678f39aaa0b23b04ca7222ee to remote] DEBUG org.asynchttpclient.netty.request.NettyRequestSender - Using pooled Channel '[id: 0xe4cf9fc8, L:/127.0.0.1:50903 - R:localhost/127.0.0.1:57962]' for 'POST' to 'http://localhost:57962/session/be62cde2678f39aaa0b23b04ca7222ee/element'
16:31:50.461 [Forwarding findElement on session be62cde2678f39aaa0b23b04ca7222ee to remote] DEBUG org.asynchttpclient.netty.request.NettyRequestSender - Using open Channel [id: 0xe4cf9fc8, L:/127.0.0.1:50903 - R:localhost/127.0.0.1:57962] for POST '/session/be62cde2678f39aaa0b23b04ca7222ee/element'
16:31:50.515 [AsyncHttpClient-1-5] DEBUG org.asynchttpclient.netty.handler.HttpHandler - 

Request DefaultHttpRequest(decodeResult: success, version: HTTP/1.1)
POST /session/be62cde2678f39aaa0b23b04ca7222ee/element HTTP/1.1
User-Agent: selenium/4.1.2 (java windows)
Content-Length: 86
Content-Type: application/json; charset=utf-8
host: localhost:57962
accept: */*

Response DefaultHttpResponse(decodeResult: success, version: HTTP/1.1)
HTTP/1.1 200 OK
Content-Type: application/json; charset=utf-8
cache-control: no-cache
content-length: 88

16:31:50.515 [AsyncHttpClient-1-5] DEBUG org.asynchttpclient.netty.channel.ChannelManager - Adding key: http://localhost:57962 for channel [id: 0xe4cf9fc8, L:/127.0.0.1:50903 - R:localhost/127.0.0.1:57962]
16:31:50.523 [Forwarding isElementEnabled on session be62cde2678f39aaa0b23b04ca7222ee to remote] DEBUG org.asynchttpclient.netty.request.NettyRequestSender - Using pooled Channel '[id: 0xe4cf9fc8, L:/127.0.0.1:50903 - R:localhost/127.0.0.1:57962]' for 'GET' to 'http://localhost:57962/session/be62cde2678f39aaa0b23b04ca7222ee/element/f794afd1-ee19-4c59-8e3c-efa2b05dea8b/enabled'
16:31:50.523 [Forwarding isElementEnabled on session be62cde2678f39aaa0b23b04ca7222ee to remote] DEBUG org.asynchttpclient.netty.request.NettyRequestSender - Using open Channel [id: 0xe4cf9fc8, L:/127.0.0.1:50903 - R:localhost/127.0.0.1:57962] for GET '/session/be62cde2678f39aaa0b23b04ca7222ee/element/f794afd1-ee19-4c59-8e3c-efa2b05dea8b/enabled'
16:31:50.561 [AsyncHttpClient-1-5] DEBUG org.asynchttpclient.netty.handler.HttpHandler - 

Request DefaultFullHttpRequest(decodeResult: success, version: HTTP/1.1, content: EmptyByteBufBE)
GET /session/be62cde2678f39aaa0b23b04ca7222ee/element/f794afd1-ee19-4c59-8e3c-efa2b05dea8b/enabled HTTP/1.1
User-Agent: selenium/4.1.2 (java windows)
Cache-Control: no-cache
Content-Type: application/json; charset=utf-8
host: localhost:57962
accept: */*

Response DefaultHttpResponse(decodeResult: success, version: HTTP/1.1)
HTTP/1.1 200 OK
Content-Type: application/json; charset=utf-8
cache-control: no-cache
content-length: 14

16:31:50.561 [AsyncHttpClient-1-5] DEBUG org.asynchttpclient.netty.channel.ChannelManager - Adding key: http://localhost:57962 for channel [id: 0xe4cf9fc8, L:/127.0.0.1:50903 - R:localhost/127.0.0.1:57962]
16:31:50.581 [Forwarding screenshot on session be62cde2678f39aaa0b23b04ca7222ee to remote] DEBUG org.asynchttpclient.netty.request.NettyRequestSender - Using pooled Channel '[id: 0xe4cf9fc8, L:/127.0.0.1:50903 - R:localhost/127.0.0.1:57962]' for 'GET' to 'http://localhost:57962/session/be62cde2678f39aaa0b23b04ca7222ee/screenshot'
16:31:50.581 [Forwarding screenshot on session be62cde2678f39aaa0b23b04ca7222ee to remote] DEBUG org.asynchttpclient.netty.request.NettyRequestSender - Using open Channel [id: 0xe4cf9fc8, L:/127.0.0.1:50903 - R:localhost/127.0.0.1:57962] for GET '/session/be62cde2678f39aaa0b23b04ca7222ee/screenshot'
16:31:50.916 [AsyncHttpClient-1-5] DEBUG org.asynchttpclient.netty.handler.HttpHandler - 

Request DefaultFullHttpRequest(decodeResult: success, version: HTTP/1.1, content: EmptyByteBufBE)
GET /session/be62cde2678f39aaa0b23b04ca7222ee/screenshot HTTP/1.1
User-Agent: selenium/4.1.2 (java windows)
Cache-Control: no-cache
Content-Type: application/json; charset=utf-8
host: localhost:57962
accept: */*

Response DefaultHttpResponse(decodeResult: success, version: HTTP/1.1)
HTTP/1.1 200 OK
Content-Type: application/json; charset=utf-8
cache-control: no-cache
content-length: 46768

16:31:50.916 [AsyncHttpClient-1-5] DEBUG org.asynchttpclient.netty.channel.ChannelManager - Adding key: http://localhost:57962 for channel [id: 0xe4cf9fc8, L:/127.0.0.1:50903 - R:localhost/127.0.0.1:57962]
16:31:50.924 [main] DEBUG net.serenitybdd.core.photography.Darkroom - Send negative for processing for target\site\serenity\d403dde11a9d1011e7f4f69b1b80a00746616c91bcc03e8ba06583876c60ae3f.png
16:31:50.924 [main] DEBUG net.thucydides.core.steps.StepInterceptor - STEP DONE: validAddData
16:31:51.140 [AsyncHttpClient-1-1] DEBUG org.asynchttpclient.netty.channel.DefaultChannelPool - Entry count for : http://localhost:57962 : 1
16:31:51.140 [AsyncHttpClient-1-1] DEBUG org.asynchttpclient.netty.channel.DefaultChannelPool - Entry count for : http://localhost:50905 : 1
16:31:51.992 [Forwarding screenshot on session be62cde2678f39aaa0b23b04ca7222ee to remote] DEBUG org.asynchttpclient.netty.request.NettyRequestSender - Using pooled Channel '[id: 0xe4cf9fc8, L:/127.0.0.1:50903 - R:localhost/127.0.0.1:57962]' for 'GET' to 'http://localhost:57962/session/be62cde2678f39aaa0b23b04ca7222ee/screenshot'
16:31:51.992 [Forwarding screenshot on session be62cde2678f39aaa0b23b04ca7222ee to remote] DEBUG org.asynchttpclient.netty.request.NettyRequestSender - Using open Channel [id: 0xe4cf9fc8, L:/127.0.0.1:50903 - R:localhost/127.0.0.1:57962] for GET '/session/be62cde2678f39aaa0b23b04ca7222ee/screenshot'
16:31:52.241 [AsyncHttpClient-1-1] DEBUG org.asynchttpclient.netty.channel.DefaultChannelPool - Entry count for : http://localhost:50905 : 1
16:31:52.311 [AsyncHttpClient-1-5] DEBUG org.asynchttpclient.netty.handler.HttpHandler - 

Request DefaultFullHttpRequest(decodeResult: success, version: HTTP/1.1, content: EmptyByteBufBE)
GET /session/be62cde2678f39aaa0b23b04ca7222ee/screenshot HTTP/1.1
User-Agent: selenium/4.1.2 (java windows)
Cache-Control: no-cache
Content-Type: application/json; charset=utf-8
host: localhost:57962
accept: */*

Response DefaultHttpResponse(decodeResult: success, version: HTTP/1.1)
HTTP/1.1 200 OK
Content-Type: application/json; charset=utf-8
cache-control: no-cache
content-length: 46768

16:31:52.311 [AsyncHttpClient-1-5] DEBUG org.asynchttpclient.netty.channel.ChannelManager - Adding key: http://localhost:57962 for channel [id: 0xe4cf9fc8, L:/127.0.0.1:50903 - R:localhost/127.0.0.1:57962]
16:31:52.320 [main] DEBUG net.serenitybdd.core.photography.Darkroom - Send negative for processing for target\site\serenity\d403dde11a9d1011e7f4f69b1b80a00746616c91bcc03e8ba06583876c60ae3f.png
16:31:52.320 [main] DEBUG net.thucydides.core.steps.StepInterceptor - STARTING STEP: KelolaJadwalSteps.validateDataKelolaJadwal - buttonClickOK
16:31:52.337 [Forwarding findElement on session be62cde2678f39aaa0b23b04ca7222ee to remote] DEBUG org.asynchttpclient.netty.request.NettyRequestSender - Using pooled Channel '[id: 0xe4cf9fc8, L:/127.0.0.1:50903 - R:localhost/127.0.0.1:57962]' for 'POST' to 'http://localhost:57962/session/be62cde2678f39aaa0b23b04ca7222ee/element'
16:31:52.337 [Forwarding findElement on session be62cde2678f39aaa0b23b04ca7222ee to remote] DEBUG org.asynchttpclient.netty.request.NettyRequestSender - Using open Channel [id: 0xe4cf9fc8, L:/127.0.0.1:50903 - R:localhost/127.0.0.1:57962] for POST '/session/be62cde2678f39aaa0b23b04ca7222ee/element'
16:31:52.401 [AsyncHttpClient-1-5] DEBUG org.asynchttpclient.netty.handler.HttpHandler - 

Request DefaultHttpRequest(decodeResult: success, version: HTTP/1.1)
POST /session/be62cde2678f39aaa0b23b04ca7222ee/element HTTP/1.1
User-Agent: selenium/4.1.2 (java windows)
Content-Length: 85
Content-Type: application/json; charset=utf-8
host: localhost:57962
accept: */*

Response DefaultHttpResponse(decodeResult: success, version: HTTP/1.1)
HTTP/1.1 200 OK
Content-Type: application/json; charset=utf-8
cache-control: no-cache
content-length: 88

16:31:52.401 [AsyncHttpClient-1-5] DEBUG org.asynchttpclient.netty.channel.ChannelManager - Adding key: http://localhost:57962 for channel [id: 0xe4cf9fc8, L:/127.0.0.1:50903 - R:localhost/127.0.0.1:57962]
16:31:52.409 [Forwarding getElementTagName on session be62cde2678f39aaa0b23b04ca7222ee to remote] DEBUG org.asynchttpclient.netty.request.NettyRequestSender - Using pooled Channel '[id: 0xe4cf9fc8, L:/127.0.0.1:50903 - R:localhost/127.0.0.1:57962]' for 'GET' to 'http://localhost:57962/session/be62cde2678f39aaa0b23b04ca7222ee/element/21779987-89a3-4ae2-9d31-fb48cbdd399b/name'
16:31:52.409 [Forwarding getElementTagName on session be62cde2678f39aaa0b23b04ca7222ee to remote] DEBUG org.asynchttpclient.netty.request.NettyRequestSender - Using open Channel [id: 0xe4cf9fc8, L:/127.0.0.1:50903 - R:localhost/127.0.0.1:57962] for GET '/session/be62cde2678f39aaa0b23b04ca7222ee/element/21779987-89a3-4ae2-9d31-fb48cbdd399b/name'
16:31:52.425 [AsyncHttpClient-1-5] DEBUG org.asynchttpclient.netty.handler.HttpHandler - 

Request DefaultFullHttpRequest(decodeResult: success, version: HTTP/1.1, content: EmptyByteBufBE)
GET /session/be62cde2678f39aaa0b23b04ca7222ee/element/21779987-89a3-4ae2-9d31-fb48cbdd399b/name HTTP/1.1
User-Agent: selenium/4.1.2 (java windows)
Cache-Control: no-cache
Content-Type: application/json; charset=utf-8
host: localhost:57962
accept: */*

Response DefaultHttpResponse(decodeResult: success, version: HTTP/1.1)
HTTP/1.1 200 OK
Content-Type: application/json; charset=utf-8
cache-control: no-cache
content-length: 18

16:31:52.425 [AsyncHttpClient-1-5] DEBUG org.asynchttpclient.netty.channel.ChannelManager - Adding key: http://localhost:57962 for channel [id: 0xe4cf9fc8, L:/127.0.0.1:50903 - R:localhost/127.0.0.1:57962]
16:31:52.433 [Forwarding getElementTagName on session be62cde2678f39aaa0b23b04ca7222ee to remote] DEBUG org.asynchttpclient.netty.request.NettyRequestSender - Using pooled Channel '[id: 0xe4cf9fc8, L:/127.0.0.1:50903 - R:localhost/127.0.0.1:57962]' for 'GET' to 'http://localhost:57962/session/be62cde2678f39aaa0b23b04ca7222ee/element/21779987-89a3-4ae2-9d31-fb48cbdd399b/name'
16:31:52.433 [Forwarding getElementTagName on session be62cde2678f39aaa0b23b04ca7222ee to remote] DEBUG org.asynchttpclient.netty.request.NettyRequestSender - Using open Channel [id: 0xe4cf9fc8, L:/127.0.0.1:50903 - R:localhost/127.0.0.1:57962] for GET '/session/be62cde2678f39aaa0b23b04ca7222ee/element/21779987-89a3-4ae2-9d31-fb48cbdd399b/name'
16:31:52.449 [AsyncHttpClient-1-5] DEBUG org.asynchttpclient.netty.handler.HttpHandler - 

Request DefaultFullHttpRequest(decodeResult: success, version: HTTP/1.1, content: EmptyByteBufBE)
GET /session/be62cde2678f39aaa0b23b04ca7222ee/element/21779987-89a3-4ae2-9d31-fb48cbdd399b/name HTTP/1.1
User-Agent: selenium/4.1.2 (java windows)
Cache-Control: no-cache
Content-Type: application/json; charset=utf-8
host: localhost:57962
accept: */*

Response DefaultHttpResponse(decodeResult: success, version: HTTP/1.1)
HTTP/1.1 200 OK
Content-Type: application/json; charset=utf-8
cache-control: no-cache
content-length: 18

16:31:52.449 [AsyncHttpClient-1-5] DEBUG org.asynchttpclient.netty.channel.ChannelManager - Adding key: http://localhost:57962 for channel [id: 0xe4cf9fc8, L:/127.0.0.1:50903 - R:localhost/127.0.0.1:57962]
16:31:52.457 [Forwarding isElementEnabled on session be62cde2678f39aaa0b23b04ca7222ee to remote] DEBUG org.asynchttpclient.netty.request.NettyRequestSender - Using pooled Channel '[id: 0xe4cf9fc8, L:/127.0.0.1:50903 - R:localhost/127.0.0.1:57962]' for 'GET' to 'http://localhost:57962/session/be62cde2678f39aaa0b23b04ca7222ee/element/21779987-89a3-4ae2-9d31-fb48cbdd399b/enabled'
16:31:52.457 [Forwarding isElementEnabled on session be62cde2678f39aaa0b23b04ca7222ee to remote] DEBUG org.asynchttpclient.netty.request.NettyRequestSender - Using open Channel [id: 0xe4cf9fc8, L:/127.0.0.1:50903 - R:localhost/127.0.0.1:57962] for GET '/session/be62cde2678f39aaa0b23b04ca7222ee/element/21779987-89a3-4ae2-9d31-fb48cbdd399b/enabled'
16:31:52.497 [AsyncHttpClient-1-5] DEBUG org.asynchttpclient.netty.handler.HttpHandler - 

Request DefaultFullHttpRequest(decodeResult: success, version: HTTP/1.1, content: EmptyByteBufBE)
GET /session/be62cde2678f39aaa0b23b04ca7222ee/element/21779987-89a3-4ae2-9d31-fb48cbdd399b/enabled HTTP/1.1
User-Agent: selenium/4.1.2 (java windows)
Cache-Control: no-cache
Content-Type: application/json; charset=utf-8
host: localhost:57962
accept: */*

Response DefaultHttpResponse(decodeResult: success, version: HTTP/1.1)
HTTP/1.1 200 OK
Content-Type: application/json; charset=utf-8
cache-control: no-cache
content-length: 14

16:31:52.497 [AsyncHttpClient-1-5] DEBUG org.asynchttpclient.netty.channel.ChannelManager - Adding key: http://localhost:57962 for channel [id: 0xe4cf9fc8, L:/127.0.0.1:50903 - R:localhost/127.0.0.1:57962]
16:31:52.497 [Forwarding isElementEnabled on session be62cde2678f39aaa0b23b04ca7222ee to remote] DEBUG org.asynchttpclient.netty.request.NettyRequestSender - Using pooled Channel '[id: 0xe4cf9fc8, L:/127.0.0.1:50903 - R:localhost/127.0.0.1:57962]' for 'GET' to 'http://localhost:57962/session/be62cde2678f39aaa0b23b04ca7222ee/element/21779987-89a3-4ae2-9d31-fb48cbdd399b/enabled'
16:31:52.497 [Forwarding isElementEnabled on session be62cde2678f39aaa0b23b04ca7222ee to remote] DEBUG org.asynchttpclient.netty.request.NettyRequestSender - Using open Channel [id: 0xe4cf9fc8, L:/127.0.0.1:50903 - R:localhost/127.0.0.1:57962] for GET '/session/be62cde2678f39aaa0b23b04ca7222ee/element/21779987-89a3-4ae2-9d31-fb48cbdd399b/enabled'
16:31:52.541 [AsyncHttpClient-1-5] DEBUG org.asynchttpclient.netty.handler.HttpHandler - 

Request DefaultFullHttpRequest(decodeResult: success, version: HTTP/1.1, content: EmptyByteBufBE)
GET /session/be62cde2678f39aaa0b23b04ca7222ee/element/21779987-89a3-4ae2-9d31-fb48cbdd399b/enabled HTTP/1.1
User-Agent: selenium/4.1.2 (java windows)
Cache-Control: no-cache
Content-Type: application/json; charset=utf-8
host: localhost:57962
accept: */*

Response DefaultHttpResponse(decodeResult: success, version: HTTP/1.1)
HTTP/1.1 200 OK
Content-Type: application/json; charset=utf-8
cache-control: no-cache
content-length: 14

16:31:52.541 [AsyncHttpClient-1-5] DEBUG org.asynchttpclient.netty.channel.ChannelManager - Adding key: http://localhost:57962 for channel [id: 0xe4cf9fc8, L:/127.0.0.1:50903 - R:localhost/127.0.0.1:57962]
16:31:52.550 [Forwarding findElement on session be62cde2678f39aaa0b23b04ca7222ee to remote] DEBUG org.asynchttpclient.netty.request.NettyRequestSender - Using pooled Channel '[id: 0xe4cf9fc8, L:/127.0.0.1:50903 - R:localhost/127.0.0.1:57962]' for 'POST' to 'http://localhost:57962/session/be62cde2678f39aaa0b23b04ca7222ee/element'
16:31:52.550 [Forwarding findElement on session be62cde2678f39aaa0b23b04ca7222ee to remote] DEBUG org.asynchttpclient.netty.request.NettyRequestSender - Using open Channel [id: 0xe4cf9fc8, L:/127.0.0.1:50903 - R:localhost/127.0.0.1:57962] for POST '/session/be62cde2678f39aaa0b23b04ca7222ee/element'
16:31:52.596 [AsyncHttpClient-1-5] DEBUG org.asynchttpclient.netty.handler.HttpHandler - 

Request DefaultHttpRequest(decodeResult: success, version: HTTP/1.1)
POST /session/be62cde2678f39aaa0b23b04ca7222ee/element HTTP/1.1
User-Agent: selenium/4.1.2 (java windows)
Content-Length: 85
Content-Type: application/json; charset=utf-8
host: localhost:57962
accept: */*

Response DefaultHttpResponse(decodeResult: success, version: HTTP/1.1)
HTTP/1.1 200 OK
Content-Type: application/json; charset=utf-8
cache-control: no-cache
content-length: 88

16:31:52.596 [AsyncHttpClient-1-5] DEBUG org.asynchttpclient.netty.channel.ChannelManager - Adding key: http://localhost:57962 for channel [id: 0xe4cf9fc8, L:/127.0.0.1:50903 - R:localhost/127.0.0.1:57962]
16:31:52.604 [Forwarding clickElement on session be62cde2678f39aaa0b23b04ca7222ee to remote] DEBUG org.asynchttpclient.netty.request.NettyRequestSender - Using pooled Channel '[id: 0xe4cf9fc8, L:/127.0.0.1:50903 - R:localhost/127.0.0.1:57962]' for 'POST' to 'http://localhost:57962/session/be62cde2678f39aaa0b23b04ca7222ee/element/21779987-89a3-4ae2-9d31-fb48cbdd399b/click'
16:31:52.604 [Forwarding clickElement on session be62cde2678f39aaa0b23b04ca7222ee to remote] DEBUG org.asynchttpclient.netty.request.NettyRequestSender - Using open Channel [id: 0xe4cf9fc8, L:/127.0.0.1:50903 - R:localhost/127.0.0.1:57962] for POST '/session/be62cde2678f39aaa0b23b04ca7222ee/element/21779987-89a3-4ae2-9d31-fb48cbdd399b/click'
16:31:52.862 [AsyncHttpClient-1-5] DEBUG org.asynchttpclient.netty.handler.HttpHandler - 

Request DefaultHttpRequest(decodeResult: success, version: HTTP/1.1)
POST /session/be62cde2678f39aaa0b23b04ca7222ee/element/21779987-89a3-4ae2-9d31-fb48cbdd399b/click HTTP/1.1
User-Agent: selenium/4.1.2 (java windows)
Content-Length: 50
Content-Type: application/json; charset=utf-8
host: localhost:57962
accept: */*

Response DefaultHttpResponse(decodeResult: success, version: HTTP/1.1)
HTTP/1.1 200 OK
Content-Type: application/json; charset=utf-8
cache-control: no-cache
content-length: 14

16:31:52.862 [AsyncHttpClient-1-5] DEBUG org.asynchttpclient.netty.channel.ChannelManager - Adding key: http://localhost:57962 for channel [id: 0xe4cf9fc8, L:/127.0.0.1:50903 - R:localhost/127.0.0.1:57962]
16:31:52.898 [Forwarding screenshot on session be62cde2678f39aaa0b23b04ca7222ee to remote] DEBUG org.asynchttpclient.netty.request.NettyRequestSender - Using pooled Channel '[id: 0xe4cf9fc8, L:/127.0.0.1:50903 - R:localhost/127.0.0.1:57962]' for 'GET' to 'http://localhost:57962/session/be62cde2678f39aaa0b23b04ca7222ee/screenshot'
16:31:52.898 [Forwarding screenshot on session be62cde2678f39aaa0b23b04ca7222ee to remote] DEBUG org.asynchttpclient.netty.request.NettyRequestSender - Using open Channel [id: 0xe4cf9fc8, L:/127.0.0.1:50903 - R:localhost/127.0.0.1:57962] for GET '/session/be62cde2678f39aaa0b23b04ca7222ee/screenshot'
16:31:53.209 [AsyncHttpClient-1-5] DEBUG org.asynchttpclient.netty.handler.HttpHandler - 

Request DefaultFullHttpRequest(decodeResult: success, version: HTTP/1.1, content: EmptyByteBufBE)
GET /session/be62cde2678f39aaa0b23b04ca7222ee/screenshot HTTP/1.1
User-Agent: selenium/4.1.2 (java windows)
Cache-Control: no-cache
Content-Type: application/json; charset=utf-8
host: localhost:57962
accept: */*

Response DefaultHttpResponse(decodeResult: success, version: HTTP/1.1)
HTTP/1.1 200 OK
Content-Type: application/json; charset=utf-8
cache-control: no-cache
content-length: 63852

16:31:53.211 [AsyncHttpClient-1-5] DEBUG org.asynchttpclient.netty.channel.ChannelManager - Adding key: http://localhost:57962 for channel [id: 0xe4cf9fc8, L:/127.0.0.1:50903 - R:localhost/127.0.0.1:57962]
16:31:53.221 [main] DEBUG net.serenitybdd.core.photography.Darkroom - Send negative for processing for target\site\serenity\4b4d52303de5bc8432cc997710f18014a7cf8b38aa1398c92010be89ef973807.png
16:31:53.221 [main] DEBUG net.thucydides.core.steps.StepInterceptor - STEP DONE: buttonClickOK
16:31:53.341 [AsyncHttpClient-1-1] DEBUG org.asynchttpclient.netty.channel.DefaultChannelPool - Entry count for : http://localhost:57962 : 1
16:31:53.341 [AsyncHttpClient-1-1] DEBUG org.asynchttpclient.netty.channel.DefaultChannelPool - Entry count for : http://localhost:50905 : 1
16:31:54.259 [Forwarding screenshot on session be62cde2678f39aaa0b23b04ca7222ee to remote] DEBUG org.asynchttpclient.netty.request.NettyRequestSender - Using pooled Channel '[id: 0xe4cf9fc8, L:/127.0.0.1:50903 - R:localhost/127.0.0.1:57962]' for 'GET' to 'http://localhost:57962/session/be62cde2678f39aaa0b23b04ca7222ee/screenshot'
16:31:54.259 [Forwarding screenshot on session be62cde2678f39aaa0b23b04ca7222ee to remote] DEBUG org.asynchttpclient.netty.request.NettyRequestSender - Using open Channel [id: 0xe4cf9fc8, L:/127.0.0.1:50903 - R:localhost/127.0.0.1:57962] for GET '/session/be62cde2678f39aaa0b23b04ca7222ee/screenshot'
16:31:54.443 [AsyncHttpClient-1-1] DEBUG org.asynchttpclient.netty.channel.DefaultChannelPool - Entry count for : http://localhost:50905 : 1
16:31:54.562 [AsyncHttpClient-1-5] DEBUG org.asynchttpclient.netty.handler.HttpHandler - 

Request DefaultFullHttpRequest(decodeResult: success, version: HTTP/1.1, content: EmptyByteBufBE)
GET /session/be62cde2678f39aaa0b23b04ca7222ee/screenshot HTTP/1.1
User-Agent: selenium/4.1.2 (java windows)
Cache-Control: no-cache
Content-Type: application/json; charset=utf-8
host: localhost:57962
accept: */*

Response DefaultHttpResponse(decodeResult: success, version: HTTP/1.1)
HTTP/1.1 200 OK
Content-Type: application/json; charset=utf-8
cache-control: no-cache
content-length: 63852

16:31:54.562 [AsyncHttpClient-1-5] DEBUG org.asynchttpclient.netty.channel.ChannelManager - Adding key: http://localhost:57962 for channel [id: 0xe4cf9fc8, L:/127.0.0.1:50903 - R:localhost/127.0.0.1:57962]
16:31:54.571 [main] DEBUG net.serenitybdd.core.photography.Darkroom - Send negative for processing for target\site\serenity\4b4d52303de5bc8432cc997710f18014a7cf8b38aa1398c92010be89ef973807.png
16:31:54.579 [main] DEBUG net.thucydides.core.steps.StepInterceptor - STARTING STEP: KelolaJadwalSteps.validateDataKelolaJadwal - validPagePasien
16:31:54.591 [Forwarding findElement on session be62cde2678f39aaa0b23b04ca7222ee to remote] DEBUG org.asynchttpclient.netty.request.NettyRequestSender - Using pooled Channel '[id: 0xe4cf9fc8, L:/127.0.0.1:50903 - R:localhost/127.0.0.1:57962]' for 'POST' to 'http://localhost:57962/session/be62cde2678f39aaa0b23b04ca7222ee/element'
16:31:54.591 [Forwarding findElement on session be62cde2678f39aaa0b23b04ca7222ee to remote] DEBUG org.asynchttpclient.netty.request.NettyRequestSender - Using open Channel [id: 0xe4cf9fc8, L:/127.0.0.1:50903 - R:localhost/127.0.0.1:57962] for POST '/session/be62cde2678f39aaa0b23b04ca7222ee/element'
16:31:54.641 [AsyncHttpClient-1-5] DEBUG org.asynchttpclient.netty.handler.HttpHandler - 

Request DefaultHttpRequest(decodeResult: success, version: HTTP/1.1)
POST /session/be62cde2678f39aaa0b23b04ca7222ee/element HTTP/1.1
User-Agent: selenium/4.1.2 (java windows)
Content-Length: 126
Content-Type: application/json; charset=utf-8
host: localhost:57962
accept: */*

Response DefaultHttpResponse(decodeResult: success, version: HTTP/1.1)
HTTP/1.1 200 OK
Content-Type: application/json; charset=utf-8
cache-control: no-cache
content-length: 88

16:31:54.641 [AsyncHttpClient-1-5] DEBUG org.asynchttpclient.netty.channel.ChannelManager - Adding key: http://localhost:57962 for channel [id: 0xe4cf9fc8, L:/127.0.0.1:50903 - R:localhost/127.0.0.1:57962]
16:31:54.641 [Forwarding isElementEnabled on session be62cde2678f39aaa0b23b04ca7222ee to remote] DEBUG org.asynchttpclient.netty.request.NettyRequestSender - Using pooled Channel '[id: 0xe4cf9fc8, L:/127.0.0.1:50903 - R:localhost/127.0.0.1:57962]' for 'GET' to 'http://localhost:57962/session/be62cde2678f39aaa0b23b04ca7222ee/element/3e02a2e1-304f-424d-b7ef-877d31ed2a51/enabled'
16:31:54.641 [Forwarding isElementEnabled on session be62cde2678f39aaa0b23b04ca7222ee to remote] DEBUG org.asynchttpclient.netty.request.NettyRequestSender - Using open Channel [id: 0xe4cf9fc8, L:/127.0.0.1:50903 - R:localhost/127.0.0.1:57962] for GET '/session/be62cde2678f39aaa0b23b04ca7222ee/element/3e02a2e1-304f-424d-b7ef-877d31ed2a51/enabled'
16:31:54.681 [AsyncHttpClient-1-5] DEBUG org.asynchttpclient.netty.handler.HttpHandler - 

Request DefaultFullHttpRequest(decodeResult: success, version: HTTP/1.1, content: EmptyByteBufBE)
GET /session/be62cde2678f39aaa0b23b04ca7222ee/element/3e02a2e1-304f-424d-b7ef-877d31ed2a51/enabled HTTP/1.1
User-Agent: selenium/4.1.2 (java windows)
Cache-Control: no-cache
Content-Type: application/json; charset=utf-8
host: localhost:57962
accept: */*

Response DefaultHttpResponse(decodeResult: success, version: HTTP/1.1)
HTTP/1.1 200 OK
Content-Type: application/json; charset=utf-8
cache-control: no-cache
content-length: 14

16:31:54.681 [AsyncHttpClient-1-5] DEBUG org.asynchttpclient.netty.channel.ChannelManager - Adding key: http://localhost:57962 for channel [id: 0xe4cf9fc8, L:/127.0.0.1:50903 - R:localhost/127.0.0.1:57962]
16:31:54.705 [Forwarding screenshot on session be62cde2678f39aaa0b23b04ca7222ee to remote] DEBUG org.asynchttpclient.netty.request.NettyRequestSender - Using pooled Channel '[id: 0xe4cf9fc8, L:/127.0.0.1:50903 - R:localhost/127.0.0.1:57962]' for 'GET' to 'http://localhost:57962/session/be62cde2678f39aaa0b23b04ca7222ee/screenshot'
16:31:54.705 [Forwarding screenshot on session be62cde2678f39aaa0b23b04ca7222ee to remote] DEBUG org.asynchttpclient.netty.request.NettyRequestSender - Using open Channel [id: 0xe4cf9fc8, L:/127.0.0.1:50903 - R:localhost/127.0.0.1:57962] for GET '/session/be62cde2678f39aaa0b23b04ca7222ee/screenshot'
16:31:55.010 [AsyncHttpClient-1-5] DEBUG org.asynchttpclient.netty.handler.HttpHandler - 

Request DefaultFullHttpRequest(decodeResult: success, version: HTTP/1.1, content: EmptyByteBufBE)
GET /session/be62cde2678f39aaa0b23b04ca7222ee/screenshot HTTP/1.1
User-Agent: selenium/4.1.2 (java windows)
Cache-Control: no-cache
Content-Type: application/json; charset=utf-8
host: localhost:57962
accept: */*

Response DefaultHttpResponse(decodeResult: success, version: HTTP/1.1)
HTTP/1.1 200 OK
Content-Type: application/json; charset=utf-8
cache-control: no-cache
content-length: 63852

16:31:55.018 [AsyncHttpClient-1-5] DEBUG org.asynchttpclient.netty.channel.ChannelManager - Adding key: http://localhost:57962 for channel [id: 0xe4cf9fc8, L:/127.0.0.1:50903 - R:localhost/127.0.0.1:57962]
16:31:55.030 [main] DEBUG net.serenitybdd.core.photography.Darkroom - Send negative for processing for target\site\serenity\4b4d52303de5bc8432cc997710f18014a7cf8b38aa1398c92010be89ef973807.png
16:31:55.031 [main] DEBUG net.thucydides.core.steps.StepInterceptor - STEP DONE: validPagePasien
  &amp#27;[32mAnd &amp#27;[0m&amp#27;[32mValidate data kelola jadwal&amp#27;[0m                                      &amp#27;[90m# starter.stepdefinitios.KelolaJadwalSteps.validateDataKelolaJadwal()&amp#27;[0m
16:31:55.090 [AsyncHttpClient-1-7] DEBUG org.asynchttpclient.netty.handler.WebSocketHandler - Channel Closed: [id: 0xd117e69f, L:/127.0.0.1:50920 ! R:localhost/127.0.0.1:50905] with attribute NettyResponseFuture{currentRetry=5,
	isDone=1,
	isCancelled=0,
	asyncHandler=org.asynchttpclient.ws.WebSocketUpgradeHandler@70dfe040,
	nettyRequest=org.asynchttpclient.netty.request.NettyRequest@35dd603f,
	future=java.util.concurrent.CompletableFuture@736513bf[Completed normally],
	uri=ws://localhost:50905/devtools/browser/0b119d56-af76-4549-aa62-e6efc7e1bedd,
	keepAlive=true,
	redirectCount=0,
	timeoutsHolder=null,
	inAuth=0,
	touch=1657445491416}
16:31:55.091 [AsyncHttpClient-1-7] DEBUG org.asynchttpclient.netty.channel.ChannelManager - Closing Channel [id: 0xd117e69f, L:/127.0.0.1:50920 ! R:localhost/127.0.0.1:50905] 
16:31:55.091 [Driver Command Executor] DEBUG org.asynchttpclient.netty.request.NettyRequestSender - Using pooled Channel '[id: 0xe4cf9fc8, L:/127.0.0.1:50903 - R:localhost/127.0.0.1:57962]' for 'DELETE' to 'http://localhost:57962/session/be62cde2678f39aaa0b23b04ca7222ee'
16:31:55.091 [Driver Command Executor] DEBUG org.asynchttpclient.netty.request.NettyRequestSender - Using open Channel [id: 0xe4cf9fc8, L:/127.0.0.1:50903 - R:localhost/127.0.0.1:57962] for DELETE '/session/be62cde2678f39aaa0b23b04ca7222ee'
16:31:55.554 [AsyncHttpClient-1-1] DEBUG org.asynchttpclient.netty.channel.DefaultChannelPool - Entry count for : http://localhost:50905 : 1
16:31:56.238 [AsyncHttpClient-1-6] DEBUG org.asynchttpclient.netty.handler.HttpHandler - Unexpected I/O exception on channel [id: 0xe7b35af9, L:/127.0.0.1:50919 - R:localhost/127.0.0.1:50905]
java.io.IOException: An existing connection was forcibly closed by the remote host
	at java.base/sun.nio.ch.SocketDispatcher.read0(Native Method)
	at java.base/sun.nio.ch.SocketDispatcher.read(SocketDispatcher.java:43)
	at java.base/sun.nio.ch.IOUtil.readIntoNativeBuffer(IOUtil.java:276)
	at java.base/sun.nio.ch.IOUtil.read(IOUtil.java:233)
	at java.base/sun.nio.ch.IOUtil.read(IOUtil.java:223)
	at java.base/sun.nio.ch.SocketChannelImpl.read(SocketChannelImpl.java:358)
	at io.netty.buffer.PooledByteBuf.setBytes(PooledByteBuf.java:258)
	at io.netty.buffer.AbstractByteBuf.writeBytes(AbstractByteBuf.java:1132)
	at io.netty.channel.socket.nio.NioSocketChannel.doReadBytes(NioSocketChannel.java:350)
	at io.netty.channel.nio.AbstractNioByteChannel$NioByteUnsafe.read(AbstractNioByteChannel.java:151)
	at io.netty.channel.nio.NioEventLoop.processSelectedKey(NioEventLoop.java:722)
	at io.netty.channel.nio.NioEventLoop.processSelectedKeysOptimized(NioEventLoop.java:658)
	at io.netty.channel.nio.NioEventLoop.processSelectedKeys(NioEventLoop.java:584)
	at io.netty.channel.nio.NioEventLoop.run(NioEventLoop.java:496)
	at io.netty.util.concurrent.SingleThreadEventExecutor$4.run(SingleThreadEventExecutor.java:986)
	at io.netty.util.internal.ThreadExecutorMap$2.run(ThreadExecutorMap.java:74)
	at io.netty.util.concurrent.FastThreadLocalRunnable.run(FastThreadLocalRunnable.java:30)
	at java.base/java.lang.Thread.run(Thread.java:834)
16:31:56.239 [AsyncHttpClient-1-6] DEBUG org.asynchttpclient.netty.channel.ChannelManager - Closing Channel [id: 0xe7b35af9, L:/127.0.0.1:50919 - R:localhost/127.0.0.1:50905] 
16:31:56.239 [AsyncHttpClient-1-6] DEBUG org.asynchttpclient.netty.handler.HttpHandler - Channel Closed: [id: 0xe7b35af9, L:/127.0.0.1:50919 ! R:localhost/127.0.0.1:50905] with attribute DISCARD
16:31:56.335 [AsyncHttpClient-1-5] DEBUG org.asynchttpclient.netty.handler.HttpHandler - 

Request DefaultFullHttpRequest(decodeResult: success, version: HTTP/1.1, content: EmptyByteBufBE)
DELETE /session/be62cde2678f39aaa0b23b04ca7222ee HTTP/1.1
User-Agent: selenium/4.1.2 (java windows)
Content-Type: application/json; charset=utf-8
host: localhost:57962
accept: */*

Response DefaultHttpResponse(decodeResult: success, version: HTTP/1.1)
HTTP/1.1 200 OK
Content-Type: application/json; charset=utf-8
cache-control: no-cache
content-length: 14

16:31:56.335 [AsyncHttpClient-1-5] DEBUG org.asynchttpclient.netty.channel.ChannelManager - Adding key: http://localhost:57962 for channel [id: 0xe4cf9fc8, L:/127.0.0.1:50903 - R:localhost/127.0.0.1:57962]
16:31:56.643 [AsyncHttpClient-1-1] DEBUG org.asynchttpclient.netty.channel.DefaultChannelPool - Entry count for : http://localhost:57962 : 1
16:31:56.643 [AsyncHttpClient-1-1] DEBUG org.asynchttpclient.netty.channel.DefaultChannelPool - Entry count for : http://localhost:50905 : 1
16:31:56.643 [AsyncHttpClient-1-1] DEBUG org.asynchttpclient.netty.channel.DefaultChannelPool - Adding Candidate expired Channel [id: 0xe7b35af9, L:/127.0.0.1:50919 ! R:localhost/127.0.0.1:50905] isIdleTimeoutExpired=false isRemotelyClosed=true isTtlExpired=false
16:31:56.643 [AsyncHttpClient-1-1] DEBUG org.asynchttpclient.netty.channel.DefaultChannelPool - Closing Idle Channel [id: 0xe7b35af9, L:/127.0.0.1:50919 ! R:localhost/127.0.0.1:50905]
16:31:56.643 [AsyncHttpClient-1-1] DEBUG org.asynchttpclient.netty.channel.DefaultChannelPool - Closed 1 connections out of 2 in 0 ms
16:31:57.384 [AsyncHttpClient-1-5] DEBUG org.asynchttpclient.netty.handler.HttpHandler - Unexpected I/O exception on channel [id: 0xe4cf9fc8, L:/127.0.0.1:50903 - R:localhost/127.0.0.1:57962]
java.io.IOException: An existing connection was forcibly closed by the remote host
	at java.base/sun.nio.ch.SocketDispatcher.read0(Native Method)
	at java.base/sun.nio.ch.SocketDispatcher.read(SocketDispatcher.java:43)
	at java.base/sun.nio.ch.IOUtil.readIntoNativeBuffer(IOUtil.java:276)
	at java.base/sun.nio.ch.IOUtil.read(IOUtil.java:233)
	at java.base/sun.nio.ch.IOUtil.read(IOUtil.java:223)
	at java.base/sun.nio.ch.SocketChannelImpl.read(SocketChannelImpl.java:358)
	at io.netty.buffer.PooledByteBuf.setBytes(PooledByteBuf.java:258)
	at io.netty.buffer.AbstractByteBuf.writeBytes(AbstractByteBuf.java:1132)
	at io.netty.channel.socket.nio.NioSocketChannel.doReadBytes(NioSocketChannel.java:350)
	at io.netty.channel.nio.AbstractNioByteChannel$NioByteUnsafe.read(AbstractNioByteChannel.java:151)
	at io.netty.channel.nio.NioEventLoop.processSelectedKey(NioEventLoop.java:722)
	at io.netty.channel.nio.NioEventLoop.processSelectedKeysOptimized(NioEventLoop.java:658)
	at io.netty.channel.nio.NioEventLoop.processSelectedKeys(NioEventLoop.java:584)
	at io.netty.channel.nio.NioEventLoop.run(NioEventLoop.java:496)
	at io.netty.util.concurrent.SingleThreadEventExecutor$4.run(SingleThreadEventExecutor.java:986)
	at io.netty.util.internal.ThreadExecutorMap$2.run(ThreadExecutorMap.java:74)
	at io.netty.util.concurrent.FastThreadLocalRunnable.run(FastThreadLocalRunnable.java:30)
	at java.base/java.lang.Thread.run(Thread.java:834)
16:31:57.384 [AsyncHttpClient-1-5] DEBUG org.asynchttpclient.netty.channel.ChannelManager - Closing Channel [id: 0xe4cf9fc8, L:/127.0.0.1:50903 - R:localhost/127.0.0.1:57962] 
16:31:57.384 [AsyncHttpClient-1-5] DEBUG org.asynchttpclient.netty.handler.HttpHandler - Channel Closed: [id: 0xe4cf9fc8, L:/127.0.0.1:50903 ! R:localhost/127.0.0.1:57962] with attribute DISCARD
16:31:57.416 [main] INFO  - 
  _____   ___   ___   _____     ___     _     ___   ___   ___   ___  
 |_   _| | __| / __| |_   _|   | _ \   /_\   / __| / __| | __| |   \ 
   | |   | _|  \__ \   | |     |  _/  / _ \  \__ \ \__ \ | _|  | |) |
   |_|   |___| |___/   |_|     |_|   /_/ \_\ |___/ |___/ |___| |___/ 

As a admin i want to Add Manage Schedule Rawat Biasa
----------------------------------------------------------------------
]]></system-out>
    <system-err><![CDATA[Starting ChromeDriver 103.0.5060.53 (a1711811edd74ff1cf2150f36ffa3b0dae40b17f-refs/branch-heads/5060@{#853}) on port 57962
Only local connections are allowed.
Please see https://chromedriver.chromium.org/security-considerations for suggestions on keeping ChromeDriver safe.
ChromeDriver was started successfully.
Jul 10, 2022 4:31:31 PM org.openqa.selenium.remote.ProtocolHandshake createSession
INFO: Detected dialect: W3C
Jul 10, 2022 4:31:31 PM org.openqa.selenium.devtools.CdpVersionFinder findNearestMatch
WARNING: Unable to find an exact match for CDP version 103, so returning the closest version found: a no-op implementation
Jul 10, 2022 4:31:31 PM org.openqa.selenium.devtools.CdpVersionFinder findNearestMatch
INFO: Unable to find CDP implementation matching 103.
Jul 10, 2022 4:31:31 PM org.openqa.selenium.chromium.ChromiumDriver lambda$new$3
WARNING: Unable to find version of CDP to use for . You may need to include a dependency on a specific version of the CDP using something similar to `org.seleniumhq.selenium:selenium-devtools-v86:4.1.2` where the version ("v86") matches the version of the chromium-based browser you're using and the version number of the artifact is the same as Selenium's.
]]></system-err>
  </testcase>
  <testcase name="As a admin i want to Add Manage Schedule Rawat Jalan - KosongTanggal" classname="Add Kelola Jadwal - Admin" time="45.929">
    <system-out><![CDATA[
@AddKelolaJadwal @AddKelolaJadwalRawatJalanKosongTanggal
Scenario Outline: As a admin i want to Add Manage Schedule Rawat Jalan - KosongTanggal &amp#27;[90m# src/test/resources/features/AddKelolaJadwal.feature:47&amp#27;[0m
16:31:57.592 [main] INFO io.cucumber.core.plugin.SerenityReporter - Running feature from file:///D:/Kel-1-capstone/TestingWeb/src/test/resources/features/AddKelolaJadwal.feature
16:31:57.616 [main] INFO  - 
  _____   ___   ___   _____     ___   _____     _     ___   _____   ___   ___  
 |_   _| | __| / __| |_   _|   / __| |_   _|   /_\   | _ \ |_   _| | __| |   \ 
   | |   | _|  \__ \   | |     \__ \   | |    / _ \  |   /   | |   | _|  | |) |
   |_|   |___| |___/   |_|     |___/   |_|   /_/ \_\ |_|_\   |_|   |___| |___/ 

As a admin i want to Add Manage Schedule Rawat Jalan - KosongTanggal(add-kelola-jadwal---admin;as-a-admin-i-want-to-add-manage-schedule-rawat-jalan---kosongtanggal)
--------------------------------------------------------------------------------
16:31:57.763 [AsyncHttpClient-1-1] DEBUG org.asynchttpclient.netty.channel.DefaultChannelPool - Entry count for : http://localhost:57962 : 1
16:31:57.763 [AsyncHttpClient-1-1] DEBUG org.asynchttpclient.netty.channel.DefaultChannelPool - Adding Candidate expired Channel [id: 0xe4cf9fc8, L:/127.0.0.1:50903 ! R:localhost/127.0.0.1:57962] isIdleTimeoutExpired=false isRemotelyClosed=true isTtlExpired=false
16:31:57.763 [AsyncHttpClient-1-1] DEBUG org.asynchttpclient.netty.channel.DefaultChannelPool - Closing Idle Channel [id: 0xe4cf9fc8, L:/127.0.0.1:50903 ! R:localhost/127.0.0.1:57962]
16:31:57.763 [AsyncHttpClient-1-1] DEBUG org.asynchttpclient.netty.channel.DefaultChannelPool - Closed 1 connections out of 1 in 0 ms
16:31:58.071 [main] DEBUG net.thucydides.core.steps.StepInterceptor - STARTING STEP: KelolaJadwalSteps.openPageKelolaJadwal - openKelolaJadwal
16:31:58.112 [main] INFO net.serenitybdd.core.webdriver.driverproviders.ChromeDriverProvider - Using automatically driver download
16:31:59.079 [main] DEBUG io.github.bonigarcia.wdm.cache.ResolutionCache - Resolution chrome=103 in cache (valid until 17:02:47 10/07/2022 ICT)
16:31:59.127 [main] DEBUG io.github.bonigarcia.wdm.cache.ResolutionCache - Resolution chrome103=103.0.5060.53 in cache (valid until 16:02:47 11/07/2022 ICT)
16:31:59.151 [main] INFO io.github.bonigarcia.wdm.WebDriverManager - Using chromedriver 103.0.5060.53 (resolved driver for Chrome 103)
16:31:59.295 [main] DEBUG io.github.bonigarcia.wdm.WebDriverManager - Driver chromedriver 103.0.5060.53 found in cache
16:31:59.311 [main] INFO io.github.bonigarcia.wdm.WebDriverManager - Exporting webdriver.chrome.driver as C:\Users\ASUS\.cache\selenium\chromedriver\win32\103.0.5060.53\chromedriver.exe
16:32:00.431 [main] DEBUG net.serenitybdd.core.webdriver.driverproviders.ProvideNewDriver - Instantiating driver
16:32:00.431 [main] DEBUG net.serenitybdd.core.webdriver.driverproviders.ProvideNewDriver - Driver capabilities: Capabilities {acceptInsecureCerts: false, base.url: https://fanciful-trifle-360..., browserName: chrome, chorme.driver: src/test/resources/webdrive..., driver: chrome, goog:chromeOptions: {args: [], extensions: []}}
16:32:01.103 [AsyncHttpClient-1-8] DEBUG org.asynchttpclient.netty.channel.NettyConnectListener - Using new Channel '[id: 0x3c77fd46, L:/127.0.0.1:50945 - R:localhost/127.0.0.1:51673]' for 'POST' to '/session'
16:32:06.027 [AsyncHttpClient-1-8] DEBUG org.asynchttpclient.netty.handler.HttpHandler - 

Request DefaultHttpRequest(decodeResult: success, version: HTTP/1.1)
POST /session HTTP/1.1
User-Agent: selenium/4.1.2 (java windows)
Content-Length: 629
Content-Type: application/json; charset=utf-8
host: localhost:51673
accept: */*

Response DefaultHttpResponse(decodeResult: success, version: HTTP/1.1)
HTTP/1.1 200 OK
Content-Type: application/json; charset=utf-8
cache-control: no-cache
content-length: 789

16:32:06.029 [AsyncHttpClient-1-8] DEBUG org.asynchttpclient.netty.channel.ChannelManager - Adding key: http://localhost:51673 for channel [id: 0x3c77fd46, L:/127.0.0.1:50945 - R:localhost/127.0.0.1:51673]
16:32:06.073 [AsyncHttpClient-1-9] DEBUG org.asynchttpclient.netty.channel.NettyConnectListener - Using new Channel '[id: 0xa74df598, L:/127.0.0.1:50957 - R:localhost/127.0.0.1:50947]' for 'GET' to '/json/version'
16:32:06.099 [AsyncHttpClient-1-9] DEBUG org.asynchttpclient.netty.handler.HttpHandler - 

Request DefaultFullHttpRequest(decodeResult: success, version: HTTP/1.1, content: EmptyByteBufBE)
GET /json/version HTTP/1.1
User-Agent: selenium/4.1.2 (java windows)
host: localhost:50947
accept: */*

Response DefaultHttpResponse(decodeResult: success, version: HTTP/1.1)
HTTP/1.1 200 OK
Content-Type: application/json; charset=UTF-8
content-length: 429

16:32:06.103 [AsyncHttpClient-1-9] DEBUG org.asynchttpclient.netty.channel.ChannelManager - Adding key: http://localhost:50947 for channel [id: 0xa74df598, L:/127.0.0.1:50957 - R:localhost/127.0.0.1:50947]
16:32:06.113 [AsyncHttpClient-1-2] DEBUG org.asynchttpclient.netty.channel.NettyConnectListener - Using new Channel '[id: 0x32e52546, L:/127.0.0.1:50958 - R:localhost/127.0.0.1:50947]' for 'GET' to '/devtools/browser/ed9102f1-5522-423c-83f9-91447ced57ed'
16:32:06.119 [AsyncHttpClient-1-2] DEBUG org.asynchttpclient.netty.handler.WebSocketHandler - 

Request DefaultFullHttpRequest(decodeResult: success, version: HTTP/1.1, content: EmptyByteBufBE)
GET /devtools/browser/ed9102f1-5522-423c-83f9-91447ced57ed HTTP/1.1
upgrade: websocket
connection: upgrade
sec-websocket-key: Jco8gKqthcTRbb/0l6XQWA==
sec-websocket-version: 13
origin: http://localhost:50947
host: localhost:50947
accept: */*
user-agent: AHC/2.1

Response DefaultHttpResponse(decodeResult: success, version: HTTP/1.1)
HTTP/1.1 101 WebSocket Protocol Handshake
Upgrade: WebSocket
Connection: Upgrade
Sec-WebSocket-Accept: B6vkOEAfxTfQU9xw10pm7Q1vImI=

16:32:06.143 [Forwarding get on session c1a637616e97e46a583e12ce9528336e to remote] DEBUG org.asynchttpclient.netty.request.NettyRequestSender - Using pooled Channel '[id: 0x3c77fd46, L:/127.0.0.1:50945 - R:localhost/127.0.0.1:51673]' for 'POST' to 'http://localhost:51673/session/c1a637616e97e46a583e12ce9528336e/url'
16:32:06.143 [Forwarding get on session c1a637616e97e46a583e12ce9528336e to remote] DEBUG org.asynchttpclient.netty.request.NettyRequestSender - Using open Channel [id: 0x3c77fd46, L:/127.0.0.1:50945 - R:localhost/127.0.0.1:51673] for POST '/session/c1a637616e97e46a583e12ce9528336e/url'
16:32:06.566 [AsyncHttpClient-1-1] DEBUG org.asynchttpclient.netty.channel.DefaultChannelPool - Entry count for : http://localhost:50947 : 1
16:32:07.641 [AsyncHttpClient-1-1] DEBUG org.asynchttpclient.netty.channel.DefaultChannelPool - Entry count for : http://localhost:50947 : 1
16:32:08.751 [AsyncHttpClient-1-1] DEBUG org.asynchttpclient.netty.channel.DefaultChannelPool - Entry count for : http://localhost:50947 : 1
16:32:08.980 [AsyncHttpClient-1-8] DEBUG org.asynchttpclient.netty.handler.HttpHandler - 

Request DefaultHttpRequest(decodeResult: success, version: HTTP/1.1)
POST /session/c1a637616e97e46a583e12ce9528336e/url HTTP/1.1
User-Agent: selenium/4.1.2 (java windows)
Content-Length: 86
Content-Type: application/json; charset=utf-8
host: localhost:51673
accept: */*

Response DefaultHttpResponse(decodeResult: success, version: HTTP/1.1)
HTTP/1.1 200 OK
Content-Type: application/json; charset=utf-8
cache-control: no-cache
content-length: 14

16:32:08.980 [AsyncHttpClient-1-8] DEBUG org.asynchttpclient.netty.channel.ChannelManager - Adding key: http://localhost:51673 for channel [id: 0x3c77fd46, L:/127.0.0.1:50945 - R:localhost/127.0.0.1:51673]
16:32:08.988 [Forwarding setTimeout on session c1a637616e97e46a583e12ce9528336e to remote] DEBUG org.asynchttpclient.netty.request.NettyRequestSender - Using pooled Channel '[id: 0x3c77fd46, L:/127.0.0.1:50945 - R:localhost/127.0.0.1:51673]' for 'POST' to 'http://localhost:51673/session/c1a637616e97e46a583e12ce9528336e/timeouts'
16:32:08.988 [Forwarding setTimeout on session c1a637616e97e46a583e12ce9528336e to remote] DEBUG org.asynchttpclient.netty.request.NettyRequestSender - Using open Channel [id: 0x3c77fd46, L:/127.0.0.1:50945 - R:localhost/127.0.0.1:51673] for POST '/session/c1a637616e97e46a583e12ce9528336e/timeouts'
16:32:08.996 [AsyncHttpClient-1-8] DEBUG org.asynchttpclient.netty.handler.HttpHandler - 

Request DefaultHttpRequest(decodeResult: success, version: HTTP/1.1)
POST /session/c1a637616e97e46a583e12ce9528336e/timeouts HTTP/1.1
User-Agent: selenium/4.1.2 (java windows)
Content-Length: 22
Content-Type: application/json; charset=utf-8
host: localhost:51673
accept: */*

Response DefaultHttpResponse(decodeResult: success, version: HTTP/1.1)
HTTP/1.1 200 OK
Content-Type: application/json; charset=utf-8
cache-control: no-cache
content-length: 14

16:32:08.996 [AsyncHttpClient-1-8] DEBUG org.asynchttpclient.netty.channel.ChannelManager - Adding key: http://localhost:51673 for channel [id: 0x3c77fd46, L:/127.0.0.1:50945 - R:localhost/127.0.0.1:51673]
16:32:09.028 [Forwarding getCurrentUrl on session c1a637616e97e46a583e12ce9528336e to remote] DEBUG org.asynchttpclient.netty.request.NettyRequestSender - Using pooled Channel '[id: 0x3c77fd46, L:/127.0.0.1:50945 - R:localhost/127.0.0.1:51673]' for 'GET' to 'http://localhost:51673/session/c1a637616e97e46a583e12ce9528336e/url'
16:32:09.028 [Forwarding getCurrentUrl on session c1a637616e97e46a583e12ce9528336e to remote] DEBUG org.asynchttpclient.netty.request.NettyRequestSender - Using open Channel [id: 0x3c77fd46, L:/127.0.0.1:50945 - R:localhost/127.0.0.1:51673] for GET '/session/c1a637616e97e46a583e12ce9528336e/url'
16:32:09.081 [AsyncHttpClient-1-8] DEBUG org.asynchttpclient.netty.handler.HttpHandler - 

Request DefaultFullHttpRequest(decodeResult: success, version: HTTP/1.1, content: EmptyByteBufBE)
GET /session/c1a637616e97e46a583e12ce9528336e/url HTTP/1.1
User-Agent: selenium/4.1.2 (java windows)
Cache-Control: no-cache
Content-Type: application/json; charset=utf-8
host: localhost:51673
accept: */*

Response DefaultHttpResponse(decodeResult: success, version: HTTP/1.1)
HTTP/1.1 200 OK
Content-Type: application/json; charset=utf-8
cache-control: no-cache
content-length: 68

16:32:09.081 [AsyncHttpClient-1-8] DEBUG org.asynchttpclient.netty.channel.ChannelManager - Adding key: http://localhost:51673 for channel [id: 0x3c77fd46, L:/127.0.0.1:50945 - R:localhost/127.0.0.1:51673]
16:32:09.113 [Forwarding screenshot on session c1a637616e97e46a583e12ce9528336e to remote] DEBUG org.asynchttpclient.netty.request.NettyRequestSender - Using pooled Channel '[id: 0x3c77fd46, L:/127.0.0.1:50945 - R:localhost/127.0.0.1:51673]' for 'GET' to 'http://localhost:51673/session/c1a637616e97e46a583e12ce9528336e/screenshot'
16:32:09.113 [Forwarding screenshot on session c1a637616e97e46a583e12ce9528336e to remote] DEBUG org.asynchttpclient.netty.request.NettyRequestSender - Using open Channel [id: 0x3c77fd46, L:/127.0.0.1:50945 - R:localhost/127.0.0.1:51673] for GET '/session/c1a637616e97e46a583e12ce9528336e/screenshot'
16:32:09.835 [AsyncHttpClient-1-1] DEBUG org.asynchttpclient.netty.channel.DefaultChannelPool - Entry count for : http://localhost:50947 : 1
16:32:10.795 [AsyncHttpClient-1-8] DEBUG org.asynchttpclient.netty.handler.HttpHandler - 

Request DefaultFullHttpRequest(decodeResult: success, version: HTTP/1.1, content: EmptyByteBufBE)
GET /session/c1a637616e97e46a583e12ce9528336e/screenshot HTTP/1.1
User-Agent: selenium/4.1.2 (java windows)
Cache-Control: no-cache
Content-Type: application/json; charset=utf-8
host: localhost:51673
accept: */*

Response DefaultHttpResponse(decodeResult: success, version: HTTP/1.1)
HTTP/1.1 200 OK
Content-Type: application/json; charset=utf-8
cache-control: no-cache
content-length: 63852

16:32:10.795 [AsyncHttpClient-1-8] DEBUG org.asynchttpclient.netty.channel.ChannelManager - Adding key: http://localhost:51673 for channel [id: 0x3c77fd46, L:/127.0.0.1:50945 - R:localhost/127.0.0.1:51673]
16:32:10.811 [main] DEBUG net.serenitybdd.core.photography.Darkroom - Send negative for processing for target\site\serenity\4b4d52303de5bc8432cc997710f18014a7cf8b38aa1398c92010be89ef973807.png
16:32:10.811 [main] DEBUG net.thucydides.core.steps.StepInterceptor - STEP DONE: openKelolaJadwal
  &amp#27;[32mGiven &amp#27;[0m&amp#27;[32mOpen page Kelola Jadwal&amp#27;[0m                                                        &amp#27;[90m# starter.stepdefinitios.KelolaJadwalSteps.openPageKelolaJadwal()&amp#27;[0m
16:32:10.941 [AsyncHttpClient-1-1] DEBUG org.asynchttpclient.netty.channel.DefaultChannelPool - Entry count for : http://localhost:50947 : 1
16:32:10.941 [AsyncHttpClient-1-1] DEBUG org.asynchttpclient.netty.channel.DefaultChannelPool - Entry count for : http://localhost:51673 : 1
16:32:11.004 [Forwarding screenshot on session c1a637616e97e46a583e12ce9528336e to remote] DEBUG org.asynchttpclient.netty.request.NettyRequestSender - Using pooled Channel '[id: 0x3c77fd46, L:/127.0.0.1:50945 - R:localhost/127.0.0.1:51673]' for 'GET' to 'http://localhost:51673/session/c1a637616e97e46a583e12ce9528336e/screenshot'
16:32:11.004 [Forwarding screenshot on session c1a637616e97e46a583e12ce9528336e to remote] DEBUG org.asynchttpclient.netty.request.NettyRequestSender - Using open Channel [id: 0x3c77fd46, L:/127.0.0.1:50945 - R:localhost/127.0.0.1:51673] for GET '/session/c1a637616e97e46a583e12ce9528336e/screenshot'
16:32:11.331 [AsyncHttpClient-1-8] DEBUG org.asynchttpclient.netty.handler.HttpHandler - 

Request DefaultFullHttpRequest(decodeResult: success, version: HTTP/1.1, content: EmptyByteBufBE)
GET /session/c1a637616e97e46a583e12ce9528336e/screenshot HTTP/1.1
User-Agent: selenium/4.1.2 (java windows)
Cache-Control: no-cache
Content-Type: application/json; charset=utf-8
host: localhost:51673
accept: */*

Response DefaultHttpResponse(decodeResult: success, version: HTTP/1.1)
HTTP/1.1 200 OK
Content-Type: application/json; charset=utf-8
cache-control: no-cache
content-length: 63852

16:32:11.331 [AsyncHttpClient-1-8] DEBUG org.asynchttpclient.netty.channel.ChannelManager - Adding key: http://localhost:51673 for channel [id: 0x3c77fd46, L:/127.0.0.1:50945 - R:localhost/127.0.0.1:51673]
16:32:11.347 [main] DEBUG net.serenitybdd.core.photography.Darkroom - Send negative for processing for target\site\serenity\4b4d52303de5bc8432cc997710f18014a7cf8b38aa1398c92010be89ef973807.png
16:32:11.347 [main] DEBUG net.thucydides.core.steps.StepInterceptor - STARTING STEP: PatientDataSteps.clickButtonTambahData - clickButtonTambah
16:32:11.363 [Forwarding findElement on session c1a637616e97e46a583e12ce9528336e to remote] DEBUG org.asynchttpclient.netty.request.NettyRequestSender - Using pooled Channel '[id: 0x3c77fd46, L:/127.0.0.1:50945 - R:localhost/127.0.0.1:51673]' for 'POST' to 'http://localhost:51673/session/c1a637616e97e46a583e12ce9528336e/element'
16:32:11.363 [Forwarding findElement on session c1a637616e97e46a583e12ce9528336e to remote] DEBUG org.asynchttpclient.netty.request.NettyRequestSender - Using open Channel [id: 0x3c77fd46, L:/127.0.0.1:50945 - R:localhost/127.0.0.1:51673] for POST '/session/c1a637616e97e46a583e12ce9528336e/element'
16:32:11.435 [AsyncHttpClient-1-8] DEBUG org.asynchttpclient.netty.handler.HttpHandler - 

Request DefaultHttpRequest(decodeResult: success, version: HTTP/1.1)
POST /session/c1a637616e97e46a583e12ce9528336e/element HTTP/1.1
User-Agent: selenium/4.1.2 (java windows)
Content-Length: 68
Content-Type: application/json; charset=utf-8
host: localhost:51673
accept: */*

Response DefaultHttpResponse(decodeResult: success, version: HTTP/1.1)
HTTP/1.1 200 OK
Content-Type: application/json; charset=utf-8
cache-control: no-cache
content-length: 88

16:32:11.438 [AsyncHttpClient-1-8] DEBUG org.asynchttpclient.netty.channel.ChannelManager - Adding key: http://localhost:51673 for channel [id: 0x3c77fd46, L:/127.0.0.1:50945 - R:localhost/127.0.0.1:51673]
16:32:11.444 [Forwarding getElementTagName on session c1a637616e97e46a583e12ce9528336e to remote] DEBUG org.asynchttpclient.netty.request.NettyRequestSender - Using pooled Channel '[id: 0x3c77fd46, L:/127.0.0.1:50945 - R:localhost/127.0.0.1:51673]' for 'GET' to 'http://localhost:51673/session/c1a637616e97e46a583e12ce9528336e/element/8a12fd1c-cdeb-4b7a-ab41-f68830f5c1be/name'
16:32:11.445 [Forwarding getElementTagName on session c1a637616e97e46a583e12ce9528336e to remote] DEBUG org.asynchttpclient.netty.request.NettyRequestSender - Using open Channel [id: 0x3c77fd46, L:/127.0.0.1:50945 - R:localhost/127.0.0.1:51673] for GET '/session/c1a637616e97e46a583e12ce9528336e/element/8a12fd1c-cdeb-4b7a-ab41-f68830f5c1be/name'
16:32:11.471 [AsyncHttpClient-1-8] DEBUG org.asynchttpclient.netty.handler.HttpHandler - 

Request DefaultFullHttpRequest(decodeResult: success, version: HTTP/1.1, content: EmptyByteBufBE)
GET /session/c1a637616e97e46a583e12ce9528336e/element/8a12fd1c-cdeb-4b7a-ab41-f68830f5c1be/name HTTP/1.1
User-Agent: selenium/4.1.2 (java windows)
Cache-Control: no-cache
Content-Type: application/json; charset=utf-8
host: localhost:51673
accept: */*

Response DefaultHttpResponse(decodeResult: success, version: HTTP/1.1)
HTTP/1.1 200 OK
Content-Type: application/json; charset=utf-8
cache-control: no-cache
content-length: 18

16:32:11.471 [AsyncHttpClient-1-8] DEBUG org.asynchttpclient.netty.channel.ChannelManager - Adding key: http://localhost:51673 for channel [id: 0x3c77fd46, L:/127.0.0.1:50945 - R:localhost/127.0.0.1:51673]
16:32:11.478 [Forwarding getElementTagName on session c1a637616e97e46a583e12ce9528336e to remote] DEBUG org.asynchttpclient.netty.request.NettyRequestSender - Using pooled Channel '[id: 0x3c77fd46, L:/127.0.0.1:50945 - R:localhost/127.0.0.1:51673]' for 'GET' to 'http://localhost:51673/session/c1a637616e97e46a583e12ce9528336e/element/8a12fd1c-cdeb-4b7a-ab41-f68830f5c1be/name'
16:32:11.478 [Forwarding getElementTagName on session c1a637616e97e46a583e12ce9528336e to remote] DEBUG org.asynchttpclient.netty.request.NettyRequestSender - Using open Channel [id: 0x3c77fd46, L:/127.0.0.1:50945 - R:localhost/127.0.0.1:51673] for GET '/session/c1a637616e97e46a583e12ce9528336e/element/8a12fd1c-cdeb-4b7a-ab41-f68830f5c1be/name'
16:32:11.491 [AsyncHttpClient-1-8] DEBUG org.asynchttpclient.netty.handler.HttpHandler - 

Request DefaultFullHttpRequest(decodeResult: success, version: HTTP/1.1, content: EmptyByteBufBE)
GET /session/c1a637616e97e46a583e12ce9528336e/element/8a12fd1c-cdeb-4b7a-ab41-f68830f5c1be/name HTTP/1.1
User-Agent: selenium/4.1.2 (java windows)
Cache-Control: no-cache
Content-Type: application/json; charset=utf-8
host: localhost:51673
accept: */*

Response DefaultHttpResponse(decodeResult: success, version: HTTP/1.1)
HTTP/1.1 200 OK
Content-Type: application/json; charset=utf-8
cache-control: no-cache
content-length: 18

16:32:11.491 [AsyncHttpClient-1-8] DEBUG org.asynchttpclient.netty.channel.ChannelManager - Adding key: http://localhost:51673 for channel [id: 0x3c77fd46, L:/127.0.0.1:50945 - R:localhost/127.0.0.1:51673]
16:32:11.501 [Forwarding isElementEnabled on session c1a637616e97e46a583e12ce9528336e to remote] DEBUG org.asynchttpclient.netty.request.NettyRequestSender - Using pooled Channel '[id: 0x3c77fd46, L:/127.0.0.1:50945 - R:localhost/127.0.0.1:51673]' for 'GET' to 'http://localhost:51673/session/c1a637616e97e46a583e12ce9528336e/element/8a12fd1c-cdeb-4b7a-ab41-f68830f5c1be/enabled'
16:32:11.501 [Forwarding isElementEnabled on session c1a637616e97e46a583e12ce9528336e to remote] DEBUG org.asynchttpclient.netty.request.NettyRequestSender - Using open Channel [id: 0x3c77fd46, L:/127.0.0.1:50945 - R:localhost/127.0.0.1:51673] for GET '/session/c1a637616e97e46a583e12ce9528336e/element/8a12fd1c-cdeb-4b7a-ab41-f68830f5c1be/enabled'
16:32:11.552 [AsyncHttpClient-1-8] DEBUG org.asynchttpclient.netty.handler.HttpHandler - 

Request DefaultFullHttpRequest(decodeResult: success, version: HTTP/1.1, content: EmptyByteBufBE)
GET /session/c1a637616e97e46a583e12ce9528336e/element/8a12fd1c-cdeb-4b7a-ab41-f68830f5c1be/enabled HTTP/1.1
User-Agent: selenium/4.1.2 (java windows)
Cache-Control: no-cache
Content-Type: application/json; charset=utf-8
host: localhost:51673
accept: */*

Response DefaultHttpResponse(decodeResult: success, version: HTTP/1.1)
HTTP/1.1 200 OK
Content-Type: application/json; charset=utf-8
cache-control: no-cache
content-length: 14

16:32:11.554 [AsyncHttpClient-1-8] DEBUG org.asynchttpclient.netty.channel.ChannelManager - Adding key: http://localhost:51673 for channel [id: 0x3c77fd46, L:/127.0.0.1:50945 - R:localhost/127.0.0.1:51673]
16:32:11.559 [Forwarding isElementEnabled on session c1a637616e97e46a583e12ce9528336e to remote] DEBUG org.asynchttpclient.netty.request.NettyRequestSender - Using pooled Channel '[id: 0x3c77fd46, L:/127.0.0.1:50945 - R:localhost/127.0.0.1:51673]' for 'GET' to 'http://localhost:51673/session/c1a637616e97e46a583e12ce9528336e/element/8a12fd1c-cdeb-4b7a-ab41-f68830f5c1be/enabled'
16:32:11.559 [Forwarding isElementEnabled on session c1a637616e97e46a583e12ce9528336e to remote] DEBUG org.asynchttpclient.netty.request.NettyRequestSender - Using open Channel [id: 0x3c77fd46, L:/127.0.0.1:50945 - R:localhost/127.0.0.1:51673] for GET '/session/c1a637616e97e46a583e12ce9528336e/element/8a12fd1c-cdeb-4b7a-ab41-f68830f5c1be/enabled'
16:32:11.593 [AsyncHttpClient-1-8] DEBUG org.asynchttpclient.netty.handler.HttpHandler - 

Request DefaultFullHttpRequest(decodeResult: success, version: HTTP/1.1, content: EmptyByteBufBE)
GET /session/c1a637616e97e46a583e12ce9528336e/element/8a12fd1c-cdeb-4b7a-ab41-f68830f5c1be/enabled HTTP/1.1
User-Agent: selenium/4.1.2 (java windows)
Cache-Control: no-cache
Content-Type: application/json; charset=utf-8
host: localhost:51673
accept: */*

Response DefaultHttpResponse(decodeResult: success, version: HTTP/1.1)
HTTP/1.1 200 OK
Content-Type: application/json; charset=utf-8
cache-control: no-cache
content-length: 14

16:32:11.593 [AsyncHttpClient-1-8] DEBUG org.asynchttpclient.netty.channel.ChannelManager - Adding key: http://localhost:51673 for channel [id: 0x3c77fd46, L:/127.0.0.1:50945 - R:localhost/127.0.0.1:51673]
16:32:11.603 [Forwarding findElement on session c1a637616e97e46a583e12ce9528336e to remote] DEBUG org.asynchttpclient.netty.request.NettyRequestSender - Using pooled Channel '[id: 0x3c77fd46, L:/127.0.0.1:50945 - R:localhost/127.0.0.1:51673]' for 'POST' to 'http://localhost:51673/session/c1a637616e97e46a583e12ce9528336e/element'
16:32:11.603 [Forwarding findElement on session c1a637616e97e46a583e12ce9528336e to remote] DEBUG org.asynchttpclient.netty.request.NettyRequestSender - Using open Channel [id: 0x3c77fd46, L:/127.0.0.1:50945 - R:localhost/127.0.0.1:51673] for POST '/session/c1a637616e97e46a583e12ce9528336e/element'
16:32:11.634 [AsyncHttpClient-1-8] DEBUG org.asynchttpclient.netty.handler.HttpHandler - 

Request DefaultHttpRequest(decodeResult: success, version: HTTP/1.1)
POST /session/c1a637616e97e46a583e12ce9528336e/element HTTP/1.1
User-Agent: selenium/4.1.2 (java windows)
Content-Length: 68
Content-Type: application/json; charset=utf-8
host: localhost:51673
accept: */*

Response DefaultHttpResponse(decodeResult: success, version: HTTP/1.1)
HTTP/1.1 200 OK
Content-Type: application/json; charset=utf-8
cache-control: no-cache
content-length: 88

16:32:11.634 [AsyncHttpClient-1-8] DEBUG org.asynchttpclient.netty.channel.ChannelManager - Adding key: http://localhost:51673 for channel [id: 0x3c77fd46, L:/127.0.0.1:50945 - R:localhost/127.0.0.1:51673]
16:32:11.644 [Forwarding clickElement on session c1a637616e97e46a583e12ce9528336e to remote] DEBUG org.asynchttpclient.netty.request.NettyRequestSender - Using pooled Channel '[id: 0x3c77fd46, L:/127.0.0.1:50945 - R:localhost/127.0.0.1:51673]' for 'POST' to 'http://localhost:51673/session/c1a637616e97e46a583e12ce9528336e/element/8a12fd1c-cdeb-4b7a-ab41-f68830f5c1be/click'
16:32:11.644 [Forwarding clickElement on session c1a637616e97e46a583e12ce9528336e to remote] DEBUG org.asynchttpclient.netty.request.NettyRequestSender - Using open Channel [id: 0x3c77fd46, L:/127.0.0.1:50945 - R:localhost/127.0.0.1:51673] for POST '/session/c1a637616e97e46a583e12ce9528336e/element/8a12fd1c-cdeb-4b7a-ab41-f68830f5c1be/click'
16:32:12.083 [AsyncHttpClient-1-1] DEBUG org.asynchttpclient.netty.channel.DefaultChannelPool - Entry count for : http://localhost:50947 : 1
16:32:12.129 [AsyncHttpClient-1-8] DEBUG org.asynchttpclient.netty.handler.HttpHandler - 

Request DefaultHttpRequest(decodeResult: success, version: HTTP/1.1)
POST /session/c1a637616e97e46a583e12ce9528336e/element/8a12fd1c-cdeb-4b7a-ab41-f68830f5c1be/click HTTP/1.1
User-Agent: selenium/4.1.2 (java windows)
Content-Length: 50
Content-Type: application/json; charset=utf-8
host: localhost:51673
accept: */*

Response DefaultHttpResponse(decodeResult: success, version: HTTP/1.1)
HTTP/1.1 200 OK
Content-Type: application/json; charset=utf-8
cache-control: no-cache
content-length: 14

16:32:12.129 [AsyncHttpClient-1-8] DEBUG org.asynchttpclient.netty.channel.ChannelManager - Adding key: http://localhost:51673 for channel [id: 0x3c77fd46, L:/127.0.0.1:50945 - R:localhost/127.0.0.1:51673]
16:32:12.171 [Forwarding screenshot on session c1a637616e97e46a583e12ce9528336e to remote] DEBUG org.asynchttpclient.netty.request.NettyRequestSender - Using pooled Channel '[id: 0x3c77fd46, L:/127.0.0.1:50945 - R:localhost/127.0.0.1:51673]' for 'GET' to 'http://localhost:51673/session/c1a637616e97e46a583e12ce9528336e/screenshot'
16:32:12.171 [Forwarding screenshot on session c1a637616e97e46a583e12ce9528336e to remote] DEBUG org.asynchttpclient.netty.request.NettyRequestSender - Using open Channel [id: 0x3c77fd46, L:/127.0.0.1:50945 - R:localhost/127.0.0.1:51673] for GET '/session/c1a637616e97e46a583e12ce9528336e/screenshot'
16:32:13.077 [AsyncHttpClient-1-8] DEBUG org.asynchttpclient.netty.handler.HttpHandler - 

Request DefaultFullHttpRequest(decodeResult: success, version: HTTP/1.1, content: EmptyByteBufBE)
GET /session/c1a637616e97e46a583e12ce9528336e/screenshot HTTP/1.1
User-Agent: selenium/4.1.2 (java windows)
Cache-Control: no-cache
Content-Type: application/json; charset=utf-8
host: localhost:51673
accept: */*

Response DefaultHttpResponse(decodeResult: success, version: HTTP/1.1)
HTTP/1.1 200 OK
Content-Type: application/json; charset=utf-8
cache-control: no-cache
content-length: 47868

16:32:13.077 [AsyncHttpClient-1-8] DEBUG org.asynchttpclient.netty.channel.ChannelManager - Adding key: http://localhost:51673 for channel [id: 0x3c77fd46, L:/127.0.0.1:50945 - R:localhost/127.0.0.1:51673]
16:32:13.085 [main] DEBUG net.serenitybdd.core.photography.Darkroom - Send negative for processing for target\site\serenity\5be895550a5abdd674d3dfafc72bbb24f0ef29da5013b93e4e51af0fe62cac24.png
16:32:13.093 [main] DEBUG net.thucydides.core.steps.StepInterceptor - STEP DONE: clickButtonTambah
  &amp#27;[32mWhen &amp#27;[0m&amp#27;[32mClick button tambah data&amp#27;[0m                                                        &amp#27;[90m# starter.stepdefinitios.PatientDataSteps.clickButtonTambahData()&amp#27;[0m
16:32:13.149 [AsyncHttpClient-1-1] DEBUG org.asynchttpclient.netty.channel.DefaultChannelPool - Entry count for : http://localhost:50947 : 1
16:32:13.149 [AsyncHttpClient-1-1] DEBUG org.asynchttpclient.netty.channel.DefaultChannelPool - Entry count for : http://localhost:51673 : 1
16:32:13.157 [Forwarding screenshot on session c1a637616e97e46a583e12ce9528336e to remote] DEBUG org.asynchttpclient.netty.request.NettyRequestSender - Using pooled Channel '[id: 0x3c77fd46, L:/127.0.0.1:50945 - R:localhost/127.0.0.1:51673]' for 'GET' to 'http://localhost:51673/session/c1a637616e97e46a583e12ce9528336e/screenshot'
16:32:13.157 [Forwarding screenshot on session c1a637616e97e46a583e12ce9528336e to remote] DEBUG org.asynchttpclient.netty.request.NettyRequestSender - Using open Channel [id: 0x3c77fd46, L:/127.0.0.1:50945 - R:localhost/127.0.0.1:51673] for GET '/session/c1a637616e97e46a583e12ce9528336e/screenshot'
16:32:13.491 [AsyncHttpClient-1-8] DEBUG org.asynchttpclient.netty.handler.HttpHandler - 

Request DefaultFullHttpRequest(decodeResult: success, version: HTTP/1.1, content: EmptyByteBufBE)
GET /session/c1a637616e97e46a583e12ce9528336e/screenshot HTTP/1.1
User-Agent: selenium/4.1.2 (java windows)
Cache-Control: no-cache
Content-Type: application/json; charset=utf-8
host: localhost:51673
accept: */*

Response DefaultHttpResponse(decodeResult: success, version: HTTP/1.1)
HTTP/1.1 200 OK
Content-Type: application/json; charset=utf-8
cache-control: no-cache
content-length: 54976

16:32:13.497 [AsyncHttpClient-1-8] DEBUG org.asynchttpclient.netty.channel.ChannelManager - Adding key: http://localhost:51673 for channel [id: 0x3c77fd46, L:/127.0.0.1:50945 - R:localhost/127.0.0.1:51673]
16:32:13.507 [main] DEBUG net.serenitybdd.core.photography.Darkroom - Send negative for processing for target\site\serenity\4a0b1fc03d7471f2e91341a6e103f6446e14ef386491364f7a82de54fc2f231b.png
16:32:13.511 [Darkroom Processing Line] DEBUG net.serenitybdd.core.photography.DarkroomProcessingLine - Processing screenshot image in /var/screenshots/screenshot-7104711694808793961
16:32:13.511 [Darkroom Processing Line] DEBUG net.serenitybdd.core.photography.DarkroomProcessingLine - Saving screenshot to target\site\serenity\4a0b1fc03d7471f2e91341a6e103f6446e14ef386491364f7a82de54fc2f231b.png
16:32:13.583 [Forwarding screenshot on session c1a637616e97e46a583e12ce9528336e to remote] DEBUG org.asynchttpclient.netty.request.NettyRequestSender - Using pooled Channel '[id: 0x3c77fd46, L:/127.0.0.1:50945 - R:localhost/127.0.0.1:51673]' for 'GET' to 'http://localhost:51673/session/c1a637616e97e46a583e12ce9528336e/screenshot'
16:32:13.590 [Forwarding screenshot on session c1a637616e97e46a583e12ce9528336e to remote] DEBUG org.asynchttpclient.netty.request.NettyRequestSender - Using open Channel [id: 0x3c77fd46, L:/127.0.0.1:50945 - R:localhost/127.0.0.1:51673] for GET '/session/c1a637616e97e46a583e12ce9528336e/screenshot'
16:32:13.970 [AsyncHttpClient-1-8] DEBUG org.asynchttpclient.netty.handler.HttpHandler - 

Request DefaultFullHttpRequest(decodeResult: success, version: HTTP/1.1, content: EmptyByteBufBE)
GET /session/c1a637616e97e46a583e12ce9528336e/screenshot HTTP/1.1
User-Agent: selenium/4.1.2 (java windows)
Cache-Control: no-cache
Content-Type: application/json; charset=utf-8
host: localhost:51673
accept: */*

Response DefaultHttpResponse(decodeResult: success, version: HTTP/1.1)
HTTP/1.1 200 OK
Content-Type: application/json; charset=utf-8
cache-control: no-cache
content-length: 52112

16:32:13.971 [AsyncHttpClient-1-8] DEBUG org.asynchttpclient.netty.channel.ChannelManager - Adding key: http://localhost:51673 for channel [id: 0x3c77fd46, L:/127.0.0.1:50945 - R:localhost/127.0.0.1:51673]
16:32:13.980 [main] DEBUG net.serenitybdd.core.photography.Darkroom - Send negative for processing for target\site\serenity\6791301d8739675b6b36ebc640ec88973c87ef88ba523667f6be61a8b391b1c0.png
16:32:13.982 [main] DEBUG net.thucydides.core.steps.StepInterceptor - STARTING STEP: KelolaJadwalSteps.clickOnTheSelectPatientActionToSelectAPatient - buttonPilihPasien
16:32:13.999 [Forwarding findElement on session c1a637616e97e46a583e12ce9528336e to remote] DEBUG org.asynchttpclient.netty.request.NettyRequestSender - Using pooled Channel '[id: 0x3c77fd46, L:/127.0.0.1:50945 - R:localhost/127.0.0.1:51673]' for 'POST' to 'http://localhost:51673/session/c1a637616e97e46a583e12ce9528336e/element'
16:32:13.999 [Forwarding findElement on session c1a637616e97e46a583e12ce9528336e to remote] DEBUG org.asynchttpclient.netty.request.NettyRequestSender - Using open Channel [id: 0x3c77fd46, L:/127.0.0.1:50945 - R:localhost/127.0.0.1:51673] for POST '/session/c1a637616e97e46a583e12ce9528336e/element'
16:32:14.099 [AsyncHttpClient-1-8] DEBUG org.asynchttpclient.netty.handler.HttpHandler - 

Request DefaultHttpRequest(decodeResult: success, version: HTTP/1.1)
POST /session/c1a637616e97e46a583e12ce9528336e/element HTTP/1.1
User-Agent: selenium/4.1.2 (java windows)
Content-Length: 147
Content-Type: application/json; charset=utf-8
host: localhost:51673
accept: */*

Response DefaultHttpResponse(decodeResult: success, version: HTTP/1.1)
HTTP/1.1 200 OK
Content-Type: application/json; charset=utf-8
cache-control: no-cache
content-length: 88

16:32:14.099 [AsyncHttpClient-1-8] DEBUG org.asynchttpclient.netty.channel.ChannelManager - Adding key: http://localhost:51673 for channel [id: 0x3c77fd46, L:/127.0.0.1:50945 - R:localhost/127.0.0.1:51673]
16:32:14.109 [Forwarding getElementTagName on session c1a637616e97e46a583e12ce9528336e to remote] DEBUG org.asynchttpclient.netty.request.NettyRequestSender - Using pooled Channel '[id: 0x3c77fd46, L:/127.0.0.1:50945 - R:localhost/127.0.0.1:51673]' for 'GET' to 'http://localhost:51673/session/c1a637616e97e46a583e12ce9528336e/element/49aaf7a7-ce22-42e7-a296-5cd5779f715c/name'
16:32:14.109 [Forwarding getElementTagName on session c1a637616e97e46a583e12ce9528336e to remote] DEBUG org.asynchttpclient.netty.request.NettyRequestSender - Using open Channel [id: 0x3c77fd46, L:/127.0.0.1:50945 - R:localhost/127.0.0.1:51673] for GET '/session/c1a637616e97e46a583e12ce9528336e/element/49aaf7a7-ce22-42e7-a296-5cd5779f715c/name'
16:32:14.130 [AsyncHttpClient-1-8] DEBUG org.asynchttpclient.netty.handler.HttpHandler - 

Request DefaultFullHttpRequest(decodeResult: success, version: HTTP/1.1, content: EmptyByteBufBE)
GET /session/c1a637616e97e46a583e12ce9528336e/element/49aaf7a7-ce22-42e7-a296-5cd5779f715c/name HTTP/1.1
User-Agent: selenium/4.1.2 (java windows)
Cache-Control: no-cache
Content-Type: application/json; charset=utf-8
host: localhost:51673
accept: */*

Response DefaultHttpResponse(decodeResult: success, version: HTTP/1.1)
HTTP/1.1 200 OK
Content-Type: application/json; charset=utf-8
cache-control: no-cache
content-length: 15

16:32:14.130 [AsyncHttpClient-1-8] DEBUG org.asynchttpclient.netty.channel.ChannelManager - Adding key: http://localhost:51673 for channel [id: 0x3c77fd46, L:/127.0.0.1:50945 - R:localhost/127.0.0.1:51673]
16:32:14.139 [Forwarding getElementTagName on session c1a637616e97e46a583e12ce9528336e to remote] DEBUG org.asynchttpclient.netty.request.NettyRequestSender - Using pooled Channel '[id: 0x3c77fd46, L:/127.0.0.1:50945 - R:localhost/127.0.0.1:51673]' for 'GET' to 'http://localhost:51673/session/c1a637616e97e46a583e12ce9528336e/element/49aaf7a7-ce22-42e7-a296-5cd5779f715c/name'
16:32:14.139 [Forwarding getElementTagName on session c1a637616e97e46a583e12ce9528336e to remote] DEBUG org.asynchttpclient.netty.request.NettyRequestSender - Using open Channel [id: 0x3c77fd46, L:/127.0.0.1:50945 - R:localhost/127.0.0.1:51673] for GET '/session/c1a637616e97e46a583e12ce9528336e/element/49aaf7a7-ce22-42e7-a296-5cd5779f715c/name'
16:32:14.183 [AsyncHttpClient-1-8] DEBUG org.asynchttpclient.netty.handler.HttpHandler - 

Request DefaultFullHttpRequest(decodeResult: success, version: HTTP/1.1, content: EmptyByteBufBE)
GET /session/c1a637616e97e46a583e12ce9528336e/element/49aaf7a7-ce22-42e7-a296-5cd5779f715c/name HTTP/1.1
User-Agent: selenium/4.1.2 (java windows)
Cache-Control: no-cache
Content-Type: application/json; charset=utf-8
host: localhost:51673
accept: */*

Response DefaultHttpResponse(decodeResult: success, version: HTTP/1.1)
HTTP/1.1 200 OK
Content-Type: application/json; charset=utf-8
cache-control: no-cache
content-length: 15

16:32:14.183 [AsyncHttpClient-1-8] DEBUG org.asynchttpclient.netty.channel.ChannelManager - Adding key: http://localhost:51673 for channel [id: 0x3c77fd46, L:/127.0.0.1:50945 - R:localhost/127.0.0.1:51673]
16:32:14.197 [Forwarding findElement on session c1a637616e97e46a583e12ce9528336e to remote] DEBUG org.asynchttpclient.netty.request.NettyRequestSender - Using pooled Channel '[id: 0x3c77fd46, L:/127.0.0.1:50945 - R:localhost/127.0.0.1:51673]' for 'POST' to 'http://localhost:51673/session/c1a637616e97e46a583e12ce9528336e/element'
16:32:14.197 [Forwarding findElement on session c1a637616e97e46a583e12ce9528336e to remote] DEBUG org.asynchttpclient.netty.request.NettyRequestSender - Using open Channel [id: 0x3c77fd46, L:/127.0.0.1:50945 - R:localhost/127.0.0.1:51673] for POST '/session/c1a637616e97e46a583e12ce9528336e/element'
16:32:14.242 [AsyncHttpClient-1-1] DEBUG org.asynchttpclient.netty.channel.DefaultChannelPool - Entry count for : http://localhost:50947 : 1
16:32:14.242 [AsyncHttpClient-1-8] DEBUG org.asynchttpclient.netty.handler.HttpHandler - 

Request DefaultHttpRequest(decodeResult: success, version: HTTP/1.1)
POST /session/c1a637616e97e46a583e12ce9528336e/element HTTP/1.1
User-Agent: selenium/4.1.2 (java windows)
Content-Length: 147
Content-Type: application/json; charset=utf-8
host: localhost:51673
accept: */*

Response DefaultHttpResponse(decodeResult: success, version: HTTP/1.1)
HTTP/1.1 200 OK
Content-Type: application/json; charset=utf-8
cache-control: no-cache
content-length: 88

16:32:14.242 [AsyncHttpClient-1-8] DEBUG org.asynchttpclient.netty.channel.ChannelManager - Adding key: http://localhost:51673 for channel [id: 0x3c77fd46, L:/127.0.0.1:50945 - R:localhost/127.0.0.1:51673]
16:32:14.250 [Forwarding clickElement on session c1a637616e97e46a583e12ce9528336e to remote] DEBUG org.asynchttpclient.netty.request.NettyRequestSender - Using pooled Channel '[id: 0x3c77fd46, L:/127.0.0.1:50945 - R:localhost/127.0.0.1:51673]' for 'POST' to 'http://localhost:51673/session/c1a637616e97e46a583e12ce9528336e/element/49aaf7a7-ce22-42e7-a296-5cd5779f715c/click'
16:32:14.250 [Forwarding clickElement on session c1a637616e97e46a583e12ce9528336e to remote] DEBUG org.asynchttpclient.netty.request.NettyRequestSender - Using open Channel [id: 0x3c77fd46, L:/127.0.0.1:50945 - R:localhost/127.0.0.1:51673] for POST '/session/c1a637616e97e46a583e12ce9528336e/element/49aaf7a7-ce22-42e7-a296-5cd5779f715c/click'
16:32:14.456 [AsyncHttpClient-1-8] DEBUG org.asynchttpclient.netty.handler.HttpHandler - 

Request DefaultHttpRequest(decodeResult: success, version: HTTP/1.1)
POST /session/c1a637616e97e46a583e12ce9528336e/element/49aaf7a7-ce22-42e7-a296-5cd5779f715c/click HTTP/1.1
User-Agent: selenium/4.1.2 (java windows)
Content-Length: 50
Content-Type: application/json; charset=utf-8
host: localhost:51673
accept: */*

Response DefaultHttpResponse(decodeResult: success, version: HTTP/1.1)
HTTP/1.1 200 OK
Content-Type: application/json; charset=utf-8
cache-control: no-cache
content-length: 14

16:32:14.459 [AsyncHttpClient-1-8] DEBUG org.asynchttpclient.netty.channel.ChannelManager - Adding key: http://localhost:51673 for channel [id: 0x3c77fd46, L:/127.0.0.1:50945 - R:localhost/127.0.0.1:51673]
16:32:14.509 [Forwarding screenshot on session c1a637616e97e46a583e12ce9528336e to remote] DEBUG org.asynchttpclient.netty.request.NettyRequestSender - Using pooled Channel '[id: 0x3c77fd46, L:/127.0.0.1:50945 - R:localhost/127.0.0.1:51673]' for 'GET' to 'http://localhost:51673/session/c1a637616e97e46a583e12ce9528336e/screenshot'
16:32:14.509 [Forwarding screenshot on session c1a637616e97e46a583e12ce9528336e to remote] DEBUG org.asynchttpclient.netty.request.NettyRequestSender - Using open Channel [id: 0x3c77fd46, L:/127.0.0.1:50945 - R:localhost/127.0.0.1:51673] for GET '/session/c1a637616e97e46a583e12ce9528336e/screenshot'
16:32:14.973 [AsyncHttpClient-1-8] DEBUG org.asynchttpclient.netty.handler.HttpHandler - 

Request DefaultFullHttpRequest(decodeResult: success, version: HTTP/1.1, content: EmptyByteBufBE)
GET /session/c1a637616e97e46a583e12ce9528336e/screenshot HTTP/1.1
User-Agent: selenium/4.1.2 (java windows)
Cache-Control: no-cache
Content-Type: application/json; charset=utf-8
host: localhost:51673
accept: */*

Response DefaultHttpResponse(decodeResult: success, version: HTTP/1.1)
HTTP/1.1 200 OK
Content-Type: application/json; charset=utf-8
cache-control: no-cache
content-length: 55316

16:32:14.973 [AsyncHttpClient-1-8] DEBUG org.asynchttpclient.netty.channel.ChannelManager - Adding key: http://localhost:51673 for channel [id: 0x3c77fd46, L:/127.0.0.1:50945 - R:localhost/127.0.0.1:51673]
16:32:14.992 [main] DEBUG net.serenitybdd.core.photography.Darkroom - Send negative for processing for target\site\serenity\b0713c7b167c93a5632751dd4d6a5a09bdf8dbd1cb3fafcd04916a229f7dacca.png
16:32:14.992 [main] DEBUG net.thucydides.core.steps.StepInterceptor - STEP DONE: buttonPilihPasien
  &amp#27;[32mAnd &amp#27;[0m&amp#27;[32mClick on the select patient action to select a patient&amp#27;[0m                           &amp#27;[90m# starter.stepdefinitios.KelolaJadwalSteps.clickOnTheSelectPatientActionToSelectAPatient()&amp#27;[0m
16:32:15.067 [Forwarding screenshot on session c1a637616e97e46a583e12ce9528336e to remote] DEBUG org.asynchttpclient.netty.request.NettyRequestSender - Using pooled Channel '[id: 0x3c77fd46, L:/127.0.0.1:50945 - R:localhost/127.0.0.1:51673]' for 'GET' to 'http://localhost:51673/session/c1a637616e97e46a583e12ce9528336e/screenshot'
16:32:15.067 [Forwarding screenshot on session c1a637616e97e46a583e12ce9528336e to remote] DEBUG org.asynchttpclient.netty.request.NettyRequestSender - Using open Channel [id: 0x3c77fd46, L:/127.0.0.1:50945 - R:localhost/127.0.0.1:51673] for GET '/session/c1a637616e97e46a583e12ce9528336e/screenshot'
16:32:15.340 [AsyncHttpClient-1-1] DEBUG org.asynchttpclient.netty.channel.DefaultChannelPool - Entry count for : http://localhost:50947 : 1
16:32:15.398 [AsyncHttpClient-1-8] DEBUG org.asynchttpclient.netty.handler.HttpHandler - 

Request DefaultFullHttpRequest(decodeResult: success, version: HTTP/1.1, content: EmptyByteBufBE)
GET /session/c1a637616e97e46a583e12ce9528336e/screenshot HTTP/1.1
User-Agent: selenium/4.1.2 (java windows)
Cache-Control: no-cache
Content-Type: application/json; charset=utf-8
host: localhost:51673
accept: */*

Response DefaultHttpResponse(decodeResult: success, version: HTTP/1.1)
HTTP/1.1 200 OK
Content-Type: application/json; charset=utf-8
cache-control: no-cache
content-length: 55340

16:32:15.398 [AsyncHttpClient-1-8] DEBUG org.asynchttpclient.netty.channel.ChannelManager - Adding key: http://localhost:51673 for channel [id: 0x3c77fd46, L:/127.0.0.1:50945 - R:localhost/127.0.0.1:51673]
16:32:15.406 [main] DEBUG net.serenitybdd.core.photography.Darkroom - Send negative for processing for target\site\serenity\907cc2d1a7847719996b38a2bbb57c9a9ebd59917a9c1de93c97b60e770e19ae.png
16:32:15.414 [main] DEBUG net.thucydides.core.steps.StepInterceptor - STARTING STEP: KelolaJadwalSteps.clickOnTheActionChooseADoctorToChooseADoctor - buttonPilihDokter
16:32:15.422 [Forwarding findElement on session c1a637616e97e46a583e12ce9528336e to remote] DEBUG org.asynchttpclient.netty.request.NettyRequestSender - Using pooled Channel '[id: 0x3c77fd46, L:/127.0.0.1:50945 - R:localhost/127.0.0.1:51673]' for 'POST' to 'http://localhost:51673/session/c1a637616e97e46a583e12ce9528336e/element'
16:32:15.422 [Forwarding findElement on session c1a637616e97e46a583e12ce9528336e to remote] DEBUG org.asynchttpclient.netty.request.NettyRequestSender - Using open Channel [id: 0x3c77fd46, L:/127.0.0.1:50945 - R:localhost/127.0.0.1:51673] for POST '/session/c1a637616e97e46a583e12ce9528336e/element'
16:32:15.459 [AsyncHttpClient-1-8] DEBUG org.asynchttpclient.netty.handler.HttpHandler - 

Request DefaultHttpRequest(decodeResult: success, version: HTTP/1.1)
POST /session/c1a637616e97e46a583e12ce9528336e/element HTTP/1.1
User-Agent: selenium/4.1.2 (java windows)
Content-Length: 147
Content-Type: application/json; charset=utf-8
host: localhost:51673
accept: */*

Response DefaultHttpResponse(decodeResult: success, version: HTTP/1.1)
HTTP/1.1 200 OK
Content-Type: application/json; charset=utf-8
cache-control: no-cache
content-length: 88

16:32:15.459 [AsyncHttpClient-1-8] DEBUG org.asynchttpclient.netty.channel.ChannelManager - Adding key: http://localhost:51673 for channel [id: 0x3c77fd46, L:/127.0.0.1:50945 - R:localhost/127.0.0.1:51673]
16:32:15.470 [Forwarding getElementTagName on session c1a637616e97e46a583e12ce9528336e to remote] DEBUG org.asynchttpclient.netty.request.NettyRequestSender - Using pooled Channel '[id: 0x3c77fd46, L:/127.0.0.1:50945 - R:localhost/127.0.0.1:51673]' for 'GET' to 'http://localhost:51673/session/c1a637616e97e46a583e12ce9528336e/element/a7d334fc-dca1-4728-bf98-b57b45f53a8d/name'
16:32:15.471 [Forwarding getElementTagName on session c1a637616e97e46a583e12ce9528336e to remote] DEBUG org.asynchttpclient.netty.request.NettyRequestSender - Using open Channel [id: 0x3c77fd46, L:/127.0.0.1:50945 - R:localhost/127.0.0.1:51673] for GET '/session/c1a637616e97e46a583e12ce9528336e/element/a7d334fc-dca1-4728-bf98-b57b45f53a8d/name'
16:32:15.488 [AsyncHttpClient-1-8] DEBUG org.asynchttpclient.netty.handler.HttpHandler - 

Request DefaultFullHttpRequest(decodeResult: success, version: HTTP/1.1, content: EmptyByteBufBE)
GET /session/c1a637616e97e46a583e12ce9528336e/element/a7d334fc-dca1-4728-bf98-b57b45f53a8d/name HTTP/1.1
User-Agent: selenium/4.1.2 (java windows)
Cache-Control: no-cache
Content-Type: application/json; charset=utf-8
host: localhost:51673
accept: */*

Response DefaultHttpResponse(decodeResult: success, version: HTTP/1.1)
HTTP/1.1 200 OK
Content-Type: application/json; charset=utf-8
cache-control: no-cache
content-length: 15

16:32:15.488 [AsyncHttpClient-1-8] DEBUG org.asynchttpclient.netty.channel.ChannelManager - Adding key: http://localhost:51673 for channel [id: 0x3c77fd46, L:/127.0.0.1:50945 - R:localhost/127.0.0.1:51673]
16:32:15.496 [Forwarding getElementTagName on session c1a637616e97e46a583e12ce9528336e to remote] DEBUG org.asynchttpclient.netty.request.NettyRequestSender - Using pooled Channel '[id: 0x3c77fd46, L:/127.0.0.1:50945 - R:localhost/127.0.0.1:51673]' for 'GET' to 'http://localhost:51673/session/c1a637616e97e46a583e12ce9528336e/element/a7d334fc-dca1-4728-bf98-b57b45f53a8d/name'
16:32:15.504 [Forwarding getElementTagName on session c1a637616e97e46a583e12ce9528336e to remote] DEBUG org.asynchttpclient.netty.request.NettyRequestSender - Using open Channel [id: 0x3c77fd46, L:/127.0.0.1:50945 - R:localhost/127.0.0.1:51673] for GET '/session/c1a637616e97e46a583e12ce9528336e/element/a7d334fc-dca1-4728-bf98-b57b45f53a8d/name'
16:32:15.512 [AsyncHttpClient-1-8] DEBUG org.asynchttpclient.netty.handler.HttpHandler - 

Request DefaultFullHttpRequest(decodeResult: success, version: HTTP/1.1, content: EmptyByteBufBE)
GET /session/c1a637616e97e46a583e12ce9528336e/element/a7d334fc-dca1-4728-bf98-b57b45f53a8d/name HTTP/1.1
User-Agent: selenium/4.1.2 (java windows)
Cache-Control: no-cache
Content-Type: application/json; charset=utf-8
host: localhost:51673
accept: */*

Response DefaultHttpResponse(decodeResult: success, version: HTTP/1.1)
HTTP/1.1 200 OK
Content-Type: application/json; charset=utf-8
cache-control: no-cache
content-length: 15

16:32:15.512 [AsyncHttpClient-1-8] DEBUG org.asynchttpclient.netty.channel.ChannelManager - Adding key: http://localhost:51673 for channel [id: 0x3c77fd46, L:/127.0.0.1:50945 - R:localhost/127.0.0.1:51673]
16:32:15.531 [Forwarding findElement on session c1a637616e97e46a583e12ce9528336e to remote] DEBUG org.asynchttpclient.netty.request.NettyRequestSender - Using pooled Channel '[id: 0x3c77fd46, L:/127.0.0.1:50945 - R:localhost/127.0.0.1:51673]' for 'POST' to 'http://localhost:51673/session/c1a637616e97e46a583e12ce9528336e/element'
16:32:15.531 [Forwarding findElement on session c1a637616e97e46a583e12ce9528336e to remote] DEBUG org.asynchttpclient.netty.request.NettyRequestSender - Using open Channel [id: 0x3c77fd46, L:/127.0.0.1:50945 - R:localhost/127.0.0.1:51673] for POST '/session/c1a637616e97e46a583e12ce9528336e/element'
16:32:15.563 [AsyncHttpClient-1-8] DEBUG org.asynchttpclient.netty.handler.HttpHandler - 

Request DefaultHttpRequest(decodeResult: success, version: HTTP/1.1)
POST /session/c1a637616e97e46a583e12ce9528336e/element HTTP/1.1
User-Agent: selenium/4.1.2 (java windows)
Content-Length: 147
Content-Type: application/json; charset=utf-8
host: localhost:51673
accept: */*

Response DefaultHttpResponse(decodeResult: success, version: HTTP/1.1)
HTTP/1.1 200 OK
Content-Type: application/json; charset=utf-8
cache-control: no-cache
content-length: 88

16:32:15.563 [AsyncHttpClient-1-8] DEBUG org.asynchttpclient.netty.channel.ChannelManager - Adding key: http://localhost:51673 for channel [id: 0x3c77fd46, L:/127.0.0.1:50945 - R:localhost/127.0.0.1:51673]
16:32:15.563 [Forwarding clickElement on session c1a637616e97e46a583e12ce9528336e to remote] DEBUG org.asynchttpclient.netty.request.NettyRequestSender - Using pooled Channel '[id: 0x3c77fd46, L:/127.0.0.1:50945 - R:localhost/127.0.0.1:51673]' for 'POST' to 'http://localhost:51673/session/c1a637616e97e46a583e12ce9528336e/element/a7d334fc-dca1-4728-bf98-b57b45f53a8d/click'
16:32:15.563 [Forwarding clickElement on session c1a637616e97e46a583e12ce9528336e to remote] DEBUG org.asynchttpclient.netty.request.NettyRequestSender - Using open Channel [id: 0x3c77fd46, L:/127.0.0.1:50945 - R:localhost/127.0.0.1:51673] for POST '/session/c1a637616e97e46a583e12ce9528336e/element/a7d334fc-dca1-4728-bf98-b57b45f53a8d/click'
16:32:15.819 [AsyncHttpClient-1-8] DEBUG org.asynchttpclient.netty.handler.HttpHandler - 

Request DefaultHttpRequest(decodeResult: success, version: HTTP/1.1)
POST /session/c1a637616e97e46a583e12ce9528336e/element/a7d334fc-dca1-4728-bf98-b57b45f53a8d/click HTTP/1.1
User-Agent: selenium/4.1.2 (java windows)
Content-Length: 50
Content-Type: application/json; charset=utf-8
host: localhost:51673
accept: */*

Response DefaultHttpResponse(decodeResult: success, version: HTTP/1.1)
HTTP/1.1 200 OK
Content-Type: application/json; charset=utf-8
cache-control: no-cache
content-length: 14

16:32:15.819 [AsyncHttpClient-1-8] DEBUG org.asynchttpclient.netty.channel.ChannelManager - Adding key: http://localhost:51673 for channel [id: 0x3c77fd46, L:/127.0.0.1:50945 - R:localhost/127.0.0.1:51673]
16:32:15.867 [Forwarding screenshot on session c1a637616e97e46a583e12ce9528336e to remote] DEBUG org.asynchttpclient.netty.request.NettyRequestSender - Using pooled Channel '[id: 0x3c77fd46, L:/127.0.0.1:50945 - R:localhost/127.0.0.1:51673]' for 'GET' to 'http://localhost:51673/session/c1a637616e97e46a583e12ce9528336e/screenshot'
16:32:15.867 [Forwarding screenshot on session c1a637616e97e46a583e12ce9528336e to remote] DEBUG org.asynchttpclient.netty.request.NettyRequestSender - Using open Channel [id: 0x3c77fd46, L:/127.0.0.1:50945 - R:localhost/127.0.0.1:51673] for GET '/session/c1a637616e97e46a583e12ce9528336e/screenshot'
16:32:16.444 [AsyncHttpClient-1-1] DEBUG org.asynchttpclient.netty.channel.DefaultChannelPool - Entry count for : http://localhost:50947 : 1
16:32:16.686 [AsyncHttpClient-1-8] DEBUG org.asynchttpclient.netty.handler.HttpHandler - 

Request DefaultFullHttpRequest(decodeResult: success, version: HTTP/1.1, content: EmptyByteBufBE)
GET /session/c1a637616e97e46a583e12ce9528336e/screenshot HTTP/1.1
User-Agent: selenium/4.1.2 (java windows)
Cache-Control: no-cache
Content-Type: application/json; charset=utf-8
host: localhost:51673
accept: */*

Response DefaultHttpResponse(decodeResult: success, version: HTTP/1.1)
HTTP/1.1 200 OK
Content-Type: application/json; charset=utf-8
cache-control: no-cache
content-length: 50332

16:32:16.686 [AsyncHttpClient-1-8] DEBUG org.asynchttpclient.netty.channel.ChannelManager - Adding key: http://localhost:51673 for channel [id: 0x3c77fd46, L:/127.0.0.1:50945 - R:localhost/127.0.0.1:51673]
16:32:16.694 [main] DEBUG net.serenitybdd.core.photography.Darkroom - Send negative for processing for target\site\serenity\d62cdae13b4759571083b344ba4a07b01868e6659da7c71128b27e77846440ea.png
16:32:16.694 [main] DEBUG net.thucydides.core.steps.StepInterceptor - STEP DONE: buttonPilihDokter
  &amp#27;[32mAnd &amp#27;[0m&amp#27;[32mClick on the action choose a doctor to choose a doctor&amp#27;[0m                           &amp#27;[90m# starter.stepdefinitios.KelolaJadwalSteps.clickOnTheActionChooseADoctorToChooseADoctor()&amp#27;[0m
16:32:16.778 [Forwarding screenshot on session c1a637616e97e46a583e12ce9528336e to remote] DEBUG org.asynchttpclient.netty.request.NettyRequestSender - Using pooled Channel '[id: 0x3c77fd46, L:/127.0.0.1:50945 - R:localhost/127.0.0.1:51673]' for 'GET' to 'http://localhost:51673/session/c1a637616e97e46a583e12ce9528336e/screenshot'
16:32:16.778 [Forwarding screenshot on session c1a637616e97e46a583e12ce9528336e to remote] DEBUG org.asynchttpclient.netty.request.NettyRequestSender - Using open Channel [id: 0x3c77fd46, L:/127.0.0.1:50945 - R:localhost/127.0.0.1:51673] for GET '/session/c1a637616e97e46a583e12ce9528336e/screenshot'
16:32:17.100 [AsyncHttpClient-1-8] DEBUG org.asynchttpclient.netty.handler.HttpHandler - 

Request DefaultFullHttpRequest(decodeResult: success, version: HTTP/1.1, content: EmptyByteBufBE)
GET /session/c1a637616e97e46a583e12ce9528336e/screenshot HTTP/1.1
User-Agent: selenium/4.1.2 (java windows)
Cache-Control: no-cache
Content-Type: application/json; charset=utf-8
host: localhost:51673
accept: */*

Response DefaultHttpResponse(decodeResult: success, version: HTTP/1.1)
HTTP/1.1 200 OK
Content-Type: application/json; charset=utf-8
cache-control: no-cache
content-length: 50332

16:32:17.100 [AsyncHttpClient-1-8] DEBUG org.asynchttpclient.netty.channel.ChannelManager - Adding key: http://localhost:51673 for channel [id: 0x3c77fd46, L:/127.0.0.1:50945 - R:localhost/127.0.0.1:51673]
16:32:17.111 [main] DEBUG net.serenitybdd.core.photography.Darkroom - Send negative for processing for target\site\serenity\d62cdae13b4759571083b344ba4a07b01868e6659da7c71128b27e77846440ea.png
16:32:17.111 [main] DEBUG net.thucydides.core.steps.StepInterceptor - STARTING STEP: KelolaJadwalSteps.chooseADate - inputTanggal
16:32:17.121 [Forwarding findElement on session c1a637616e97e46a583e12ce9528336e to remote] DEBUG org.asynchttpclient.netty.request.NettyRequestSender - Using pooled Channel '[id: 0x3c77fd46, L:/127.0.0.1:50945 - R:localhost/127.0.0.1:51673]' for 'POST' to 'http://localhost:51673/session/c1a637616e97e46a583e12ce9528336e/element'
16:32:17.121 [Forwarding findElement on session c1a637616e97e46a583e12ce9528336e to remote] DEBUG org.asynchttpclient.netty.request.NettyRequestSender - Using open Channel [id: 0x3c77fd46, L:/127.0.0.1:50945 - R:localhost/127.0.0.1:51673] for POST '/session/c1a637616e97e46a583e12ce9528336e/element'
16:32:17.166 [AsyncHttpClient-1-8] DEBUG org.asynchttpclient.netty.handler.HttpHandler - 

Request DefaultHttpRequest(decodeResult: success, version: HTTP/1.1)
POST /session/c1a637616e97e46a583e12ce9528336e/element HTTP/1.1
User-Agent: selenium/4.1.2 (java windows)
Content-Length: 66
Content-Type: application/json; charset=utf-8
host: localhost:51673
accept: */*

Response DefaultHttpResponse(decodeResult: success, version: HTTP/1.1)
HTTP/1.1 200 OK
Content-Type: application/json; charset=utf-8
cache-control: no-cache
content-length: 88

16:32:17.174 [AsyncHttpClient-1-8] DEBUG org.asynchttpclient.netty.channel.ChannelManager - Adding key: http://localhost:51673 for channel [id: 0x3c77fd46, L:/127.0.0.1:50945 - R:localhost/127.0.0.1:51673]
16:32:17.174 [Forwarding sendKeysToElement on session c1a637616e97e46a583e12ce9528336e to remote] DEBUG org.asynchttpclient.netty.request.NettyRequestSender - Using pooled Channel '[id: 0x3c77fd46, L:/127.0.0.1:50945 - R:localhost/127.0.0.1:51673]' for 'POST' to 'http://localhost:51673/session/c1a637616e97e46a583e12ce9528336e/element/84a7f002-d40b-47eb-9058-6fabff29861b/value'
16:32:17.174 [Forwarding sendKeysToElement on session c1a637616e97e46a583e12ce9528336e to remote] DEBUG org.asynchttpclient.netty.request.NettyRequestSender - Using open Channel [id: 0x3c77fd46, L:/127.0.0.1:50945 - R:localhost/127.0.0.1:51673] for POST '/session/c1a637616e97e46a583e12ce9528336e/element/84a7f002-d40b-47eb-9058-6fabff29861b/value'
16:32:17.390 [AsyncHttpClient-1-8] DEBUG org.asynchttpclient.netty.handler.HttpHandler - 

Request DefaultHttpRequest(decodeResult: success, version: HTTP/1.1)
POST /session/c1a637616e97e46a583e12ce9528336e/element/84a7f002-d40b-47eb-9058-6fabff29861b/value HTTP/1.1
User-Agent: selenium/4.1.2 (java windows)
Content-Length: 82
Content-Type: application/json; charset=utf-8
host: localhost:51673
accept: */*

Response DefaultHttpResponse(decodeResult: success, version: HTTP/1.1)
HTTP/1.1 200 OK
Content-Type: application/json; charset=utf-8
cache-control: no-cache
content-length: 14

16:32:17.390 [AsyncHttpClient-1-8] DEBUG org.asynchttpclient.netty.channel.ChannelManager - Adding key: http://localhost:51673 for channel [id: 0x3c77fd46, L:/127.0.0.1:50945 - R:localhost/127.0.0.1:51673]
16:32:17.425 [Forwarding screenshot on session c1a637616e97e46a583e12ce9528336e to remote] DEBUG org.asynchttpclient.netty.request.NettyRequestSender - Using pooled Channel '[id: 0x3c77fd46, L:/127.0.0.1:50945 - R:localhost/127.0.0.1:51673]' for 'GET' to 'http://localhost:51673/session/c1a637616e97e46a583e12ce9528336e/screenshot'
16:32:17.425 [Forwarding screenshot on session c1a637616e97e46a583e12ce9528336e to remote] DEBUG org.asynchttpclient.netty.request.NettyRequestSender - Using open Channel [id: 0x3c77fd46, L:/127.0.0.1:50945 - R:localhost/127.0.0.1:51673] for GET '/session/c1a637616e97e46a583e12ce9528336e/screenshot'
16:32:17.545 [AsyncHttpClient-1-1] DEBUG org.asynchttpclient.netty.channel.DefaultChannelPool - Entry count for : http://localhost:50947 : 1
16:32:17.749 [AsyncHttpClient-1-8] DEBUG org.asynchttpclient.netty.handler.HttpHandler - 

Request DefaultFullHttpRequest(decodeResult: success, version: HTTP/1.1, content: EmptyByteBufBE)
GET /session/c1a637616e97e46a583e12ce9528336e/screenshot HTTP/1.1
User-Agent: selenium/4.1.2 (java windows)
Cache-Control: no-cache
Content-Type: application/json; charset=utf-8
host: localhost:51673
accept: */*

Response DefaultHttpResponse(decodeResult: success, version: HTTP/1.1)
HTTP/1.1 200 OK
Content-Type: application/json; charset=utf-8
cache-control: no-cache
content-length: 48336

16:32:17.752 [AsyncHttpClient-1-8] DEBUG org.asynchttpclient.netty.channel.ChannelManager - Adding key: http://localhost:51673 for channel [id: 0x3c77fd46, L:/127.0.0.1:50945 - R:localhost/127.0.0.1:51673]
16:32:17.761 [main] DEBUG net.serenitybdd.core.photography.Darkroom - Send negative for processing for target\site\serenity\ba90dc7e10fbd573d0602e5f274d470f8c82bb191c1a08f19b635036074899fa.png
16:32:17.761 [main] DEBUG net.thucydides.core.steps.StepInterceptor - STEP DONE: inputTanggal
  &amp#27;[32mThen &amp#27;[0m&amp#27;[32mChoose a date &amp#27;[0m&amp#27;[32m&amp#27;[1m""&amp#27;[0m                                                                &amp#27;[90m# starter.stepdefinitios.KelolaJadwalSteps.chooseADate(java.lang.String)&amp#27;[0m
16:32:17.761 [Darkroom Processing Line] DEBUG net.serenitybdd.core.photography.DarkroomProcessingLine - Processing screenshot image in /var/screenshots/screenshot-17027466330322438916
16:32:17.761 [Darkroom Processing Line] DEBUG net.serenitybdd.core.photography.DarkroomProcessingLine - Saving screenshot to target\site\serenity\ba90dc7e10fbd573d0602e5f274d470f8c82bb191c1a08f19b635036074899fa.png
16:32:17.811 [Forwarding screenshot on session c1a637616e97e46a583e12ce9528336e to remote] DEBUG org.asynchttpclient.netty.request.NettyRequestSender - Using pooled Channel '[id: 0x3c77fd46, L:/127.0.0.1:50945 - R:localhost/127.0.0.1:51673]' for 'GET' to 'http://localhost:51673/session/c1a637616e97e46a583e12ce9528336e/screenshot'
16:32:17.811 [Forwarding screenshot on session c1a637616e97e46a583e12ce9528336e to remote] DEBUG org.asynchttpclient.netty.request.NettyRequestSender - Using open Channel [id: 0x3c77fd46, L:/127.0.0.1:50945 - R:localhost/127.0.0.1:51673] for GET '/session/c1a637616e97e46a583e12ce9528336e/screenshot'
16:32:18.135 [AsyncHttpClient-1-8] DEBUG org.asynchttpclient.netty.handler.HttpHandler - 

Request DefaultFullHttpRequest(decodeResult: success, version: HTTP/1.1, content: EmptyByteBufBE)
GET /session/c1a637616e97e46a583e12ce9528336e/screenshot HTTP/1.1
User-Agent: selenium/4.1.2 (java windows)
Cache-Control: no-cache
Content-Type: application/json; charset=utf-8
host: localhost:51673
accept: */*

Response DefaultHttpResponse(decodeResult: success, version: HTTP/1.1)
HTTP/1.1 200 OK
Content-Type: application/json; charset=utf-8
cache-control: no-cache
content-length: 48336

16:32:18.135 [AsyncHttpClient-1-8] DEBUG org.asynchttpclient.netty.channel.ChannelManager - Adding key: http://localhost:51673 for channel [id: 0x3c77fd46, L:/127.0.0.1:50945 - R:localhost/127.0.0.1:51673]
16:32:18.143 [main] DEBUG net.serenitybdd.core.photography.Darkroom - Send negative for processing for target\site\serenity\ba90dc7e10fbd573d0602e5f274d470f8c82bb191c1a08f19b635036074899fa.png
16:32:18.182 [main] DEBUG net.thucydides.core.steps.StepInterceptor - STARTING STEP: KelolaJadwalSteps.chooseTheTypeOfTreatment - buttonJenisPerawatan
16:32:18.201 [Forwarding findElement on session c1a637616e97e46a583e12ce9528336e to remote] DEBUG org.asynchttpclient.netty.request.NettyRequestSender - Using pooled Channel '[id: 0x3c77fd46, L:/127.0.0.1:50945 - R:localhost/127.0.0.1:51673]' for 'POST' to 'http://localhost:51673/session/c1a637616e97e46a583e12ce9528336e/element'
16:32:18.201 [Forwarding findElement on session c1a637616e97e46a583e12ce9528336e to remote] DEBUG org.asynchttpclient.netty.request.NettyRequestSender - Using open Channel [id: 0x3c77fd46, L:/127.0.0.1:50945 - R:localhost/127.0.0.1:51673] for POST '/session/c1a637616e97e46a583e12ce9528336e/element'
16:32:18.248 [AsyncHttpClient-1-8] DEBUG org.asynchttpclient.netty.handler.HttpHandler - 

Request DefaultHttpRequest(decodeResult: success, version: HTTP/1.1)
POST /session/c1a637616e97e46a583e12ce9528336e/element HTTP/1.1
User-Agent: selenium/4.1.2 (java windows)
Content-Length: 103
Content-Type: application/json; charset=utf-8
host: localhost:51673
accept: */*

Response DefaultHttpResponse(decodeResult: success, version: HTTP/1.1)
HTTP/1.1 200 OK
Content-Type: application/json; charset=utf-8
cache-control: no-cache
content-length: 88

16:32:18.248 [AsyncHttpClient-1-8] DEBUG org.asynchttpclient.netty.channel.ChannelManager - Adding key: http://localhost:51673 for channel [id: 0x3c77fd46, L:/127.0.0.1:50945 - R:localhost/127.0.0.1:51673]
16:32:18.256 [Forwarding getElementTagName on session c1a637616e97e46a583e12ce9528336e to remote] DEBUG org.asynchttpclient.netty.request.NettyRequestSender - Using pooled Channel '[id: 0x3c77fd46, L:/127.0.0.1:50945 - R:localhost/127.0.0.1:51673]' for 'GET' to 'http://localhost:51673/session/c1a637616e97e46a583e12ce9528336e/element/e43a7d0f-d99f-49f2-b890-d4e9d810f41f/name'
16:32:18.256 [Forwarding getElementTagName on session c1a637616e97e46a583e12ce9528336e to remote] DEBUG org.asynchttpclient.netty.request.NettyRequestSender - Using open Channel [id: 0x3c77fd46, L:/127.0.0.1:50945 - R:localhost/127.0.0.1:51673] for GET '/session/c1a637616e97e46a583e12ce9528336e/element/e43a7d0f-d99f-49f2-b890-d4e9d810f41f/name'
16:32:18.272 [AsyncHttpClient-1-8] DEBUG org.asynchttpclient.netty.handler.HttpHandler - 

Request DefaultFullHttpRequest(decodeResult: success, version: HTTP/1.1, content: EmptyByteBufBE)
GET /session/c1a637616e97e46a583e12ce9528336e/element/e43a7d0f-d99f-49f2-b890-d4e9d810f41f/name HTTP/1.1
User-Agent: selenium/4.1.2 (java windows)
Cache-Control: no-cache
Content-Type: application/json; charset=utf-8
host: localhost:51673
accept: */*

Response DefaultHttpResponse(decodeResult: success, version: HTTP/1.1)
HTTP/1.1 200 OK
Content-Type: application/json; charset=utf-8
cache-control: no-cache
content-length: 18

16:32:18.272 [AsyncHttpClient-1-8] DEBUG org.asynchttpclient.netty.channel.ChannelManager - Adding key: http://localhost:51673 for channel [id: 0x3c77fd46, L:/127.0.0.1:50945 - R:localhost/127.0.0.1:51673]
16:32:18.280 [Forwarding getElementTagName on session c1a637616e97e46a583e12ce9528336e to remote] DEBUG org.asynchttpclient.netty.request.NettyRequestSender - Using pooled Channel '[id: 0x3c77fd46, L:/127.0.0.1:50945 - R:localhost/127.0.0.1:51673]' for 'GET' to 'http://localhost:51673/session/c1a637616e97e46a583e12ce9528336e/element/e43a7d0f-d99f-49f2-b890-d4e9d810f41f/name'
16:32:18.280 [Forwarding getElementTagName on session c1a637616e97e46a583e12ce9528336e to remote] DEBUG org.asynchttpclient.netty.request.NettyRequestSender - Using open Channel [id: 0x3c77fd46, L:/127.0.0.1:50945 - R:localhost/127.0.0.1:51673] for GET '/session/c1a637616e97e46a583e12ce9528336e/element/e43a7d0f-d99f-49f2-b890-d4e9d810f41f/name'
16:32:18.296 [AsyncHttpClient-1-8] DEBUG org.asynchttpclient.netty.handler.HttpHandler - 

Request DefaultFullHttpRequest(decodeResult: success, version: HTTP/1.1, content: EmptyByteBufBE)
GET /session/c1a637616e97e46a583e12ce9528336e/element/e43a7d0f-d99f-49f2-b890-d4e9d810f41f/name HTTP/1.1
User-Agent: selenium/4.1.2 (java windows)
Cache-Control: no-cache
Content-Type: application/json; charset=utf-8
host: localhost:51673
accept: */*

Response DefaultHttpResponse(decodeResult: success, version: HTTP/1.1)
HTTP/1.1 200 OK
Content-Type: application/json; charset=utf-8
cache-control: no-cache
content-length: 18

16:32:18.304 [AsyncHttpClient-1-8] DEBUG org.asynchttpclient.netty.channel.ChannelManager - Adding key: http://localhost:51673 for channel [id: 0x3c77fd46, L:/127.0.0.1:50945 - R:localhost/127.0.0.1:51673]
16:32:18.312 [Forwarding isElementEnabled on session c1a637616e97e46a583e12ce9528336e to remote] DEBUG org.asynchttpclient.netty.request.NettyRequestSender - Using pooled Channel '[id: 0x3c77fd46, L:/127.0.0.1:50945 - R:localhost/127.0.0.1:51673]' for 'GET' to 'http://localhost:51673/session/c1a637616e97e46a583e12ce9528336e/element/e43a7d0f-d99f-49f2-b890-d4e9d810f41f/enabled'
16:32:18.312 [Forwarding isElementEnabled on session c1a637616e97e46a583e12ce9528336e to remote] DEBUG org.asynchttpclient.netty.request.NettyRequestSender - Using open Channel [id: 0x3c77fd46, L:/127.0.0.1:50945 - R:localhost/127.0.0.1:51673] for GET '/session/c1a637616e97e46a583e12ce9528336e/element/e43a7d0f-d99f-49f2-b890-d4e9d810f41f/enabled'
16:32:18.347 [AsyncHttpClient-1-8] DEBUG org.asynchttpclient.netty.handler.HttpHandler - 

Request DefaultFullHttpRequest(decodeResult: success, version: HTTP/1.1, content: EmptyByteBufBE)
GET /session/c1a637616e97e46a583e12ce9528336e/element/e43a7d0f-d99f-49f2-b890-d4e9d810f41f/enabled HTTP/1.1
User-Agent: selenium/4.1.2 (java windows)
Cache-Control: no-cache
Content-Type: application/json; charset=utf-8
host: localhost:51673
accept: */*

Response DefaultHttpResponse(decodeResult: success, version: HTTP/1.1)
HTTP/1.1 200 OK
Content-Type: application/json; charset=utf-8
cache-control: no-cache
content-length: 14

16:32:18.347 [AsyncHttpClient-1-8] DEBUG org.asynchttpclient.netty.channel.ChannelManager - Adding key: http://localhost:51673 for channel [id: 0x3c77fd46, L:/127.0.0.1:50945 - R:localhost/127.0.0.1:51673]
16:32:18.347 [Forwarding isElementEnabled on session c1a637616e97e46a583e12ce9528336e to remote] DEBUG org.asynchttpclient.netty.request.NettyRequestSender - Using pooled Channel '[id: 0x3c77fd46, L:/127.0.0.1:50945 - R:localhost/127.0.0.1:51673]' for 'GET' to 'http://localhost:51673/session/c1a637616e97e46a583e12ce9528336e/element/e43a7d0f-d99f-49f2-b890-d4e9d810f41f/enabled'
16:32:18.347 [Forwarding isElementEnabled on session c1a637616e97e46a583e12ce9528336e to remote] DEBUG org.asynchttpclient.netty.request.NettyRequestSender - Using open Channel [id: 0x3c77fd46, L:/127.0.0.1:50945 - R:localhost/127.0.0.1:51673] for GET '/session/c1a637616e97e46a583e12ce9528336e/element/e43a7d0f-d99f-49f2-b890-d4e9d810f41f/enabled'
16:32:18.371 [AsyncHttpClient-1-8] DEBUG org.asynchttpclient.netty.handler.HttpHandler - 

Request DefaultFullHttpRequest(decodeResult: success, version: HTTP/1.1, content: EmptyByteBufBE)
GET /session/c1a637616e97e46a583e12ce9528336e/element/e43a7d0f-d99f-49f2-b890-d4e9d810f41f/enabled HTTP/1.1
User-Agent: selenium/4.1.2 (java windows)
Cache-Control: no-cache
Content-Type: application/json; charset=utf-8
host: localhost:51673
accept: */*

Response DefaultHttpResponse(decodeResult: success, version: HTTP/1.1)
HTTP/1.1 200 OK
Content-Type: application/json; charset=utf-8
cache-control: no-cache
content-length: 14

16:32:18.371 [AsyncHttpClient-1-8] DEBUG org.asynchttpclient.netty.channel.ChannelManager - Adding key: http://localhost:51673 for channel [id: 0x3c77fd46, L:/127.0.0.1:50945 - R:localhost/127.0.0.1:51673]
16:32:18.379 [Forwarding findElement on session c1a637616e97e46a583e12ce9528336e to remote] DEBUG org.asynchttpclient.netty.request.NettyRequestSender - Using pooled Channel '[id: 0x3c77fd46, L:/127.0.0.1:50945 - R:localhost/127.0.0.1:51673]' for 'POST' to 'http://localhost:51673/session/c1a637616e97e46a583e12ce9528336e/element'
16:32:18.387 [Forwarding findElement on session c1a637616e97e46a583e12ce9528336e to remote] DEBUG org.asynchttpclient.netty.request.NettyRequestSender - Using open Channel [id: 0x3c77fd46, L:/127.0.0.1:50945 - R:localhost/127.0.0.1:51673] for POST '/session/c1a637616e97e46a583e12ce9528336e/element'
16:32:18.411 [AsyncHttpClient-1-8] DEBUG org.asynchttpclient.netty.handler.HttpHandler - 

Request DefaultHttpRequest(decodeResult: success, version: HTTP/1.1)
POST /session/c1a637616e97e46a583e12ce9528336e/element HTTP/1.1
User-Agent: selenium/4.1.2 (java windows)
Content-Length: 103
Content-Type: application/json; charset=utf-8
host: localhost:51673
accept: */*

Response DefaultHttpResponse(decodeResult: success, version: HTTP/1.1)
HTTP/1.1 200 OK
Content-Type: application/json; charset=utf-8
cache-control: no-cache
content-length: 88

16:32:18.411 [AsyncHttpClient-1-8] DEBUG org.asynchttpclient.netty.channel.ChannelManager - Adding key: http://localhost:51673 for channel [id: 0x3c77fd46, L:/127.0.0.1:50945 - R:localhost/127.0.0.1:51673]
16:32:18.419 [Forwarding clickElement on session c1a637616e97e46a583e12ce9528336e to remote] DEBUG org.asynchttpclient.netty.request.NettyRequestSender - Using pooled Channel '[id: 0x3c77fd46, L:/127.0.0.1:50945 - R:localhost/127.0.0.1:51673]' for 'POST' to 'http://localhost:51673/session/c1a637616e97e46a583e12ce9528336e/element/e43a7d0f-d99f-49f2-b890-d4e9d810f41f/click'
16:32:18.419 [Forwarding clickElement on session c1a637616e97e46a583e12ce9528336e to remote] DEBUG org.asynchttpclient.netty.request.NettyRequestSender - Using open Channel [id: 0x3c77fd46, L:/127.0.0.1:50945 - R:localhost/127.0.0.1:51673] for POST '/session/c1a637616e97e46a583e12ce9528336e/element/e43a7d0f-d99f-49f2-b890-d4e9d810f41f/click'
16:32:18.651 [AsyncHttpClient-1-1] DEBUG org.asynchttpclient.netty.channel.DefaultChannelPool - Entry count for : http://localhost:50947 : 1
16:32:18.667 [AsyncHttpClient-1-8] DEBUG org.asynchttpclient.netty.handler.HttpHandler - 

Request DefaultHttpRequest(decodeResult: success, version: HTTP/1.1)
POST /session/c1a637616e97e46a583e12ce9528336e/element/e43a7d0f-d99f-49f2-b890-d4e9d810f41f/click HTTP/1.1
User-Agent: selenium/4.1.2 (java windows)
Content-Length: 50
Content-Type: application/json; charset=utf-8
host: localhost:51673
accept: */*

Response DefaultHttpResponse(decodeResult: success, version: HTTP/1.1)
HTTP/1.1 200 OK
Content-Type: application/json; charset=utf-8
cache-control: no-cache
content-length: 14

16:32:18.667 [AsyncHttpClient-1-8] DEBUG org.asynchttpclient.netty.channel.ChannelManager - Adding key: http://localhost:51673 for channel [id: 0x3c77fd46, L:/127.0.0.1:50945 - R:localhost/127.0.0.1:51673]
16:32:18.707 [Forwarding screenshot on session c1a637616e97e46a583e12ce9528336e to remote] DEBUG org.asynchttpclient.netty.request.NettyRequestSender - Using pooled Channel '[id: 0x3c77fd46, L:/127.0.0.1:50945 - R:localhost/127.0.0.1:51673]' for 'GET' to 'http://localhost:51673/session/c1a637616e97e46a583e12ce9528336e/screenshot'
16:32:18.707 [Forwarding screenshot on session c1a637616e97e46a583e12ce9528336e to remote] DEBUG org.asynchttpclient.netty.request.NettyRequestSender - Using open Channel [id: 0x3c77fd46, L:/127.0.0.1:50945 - R:localhost/127.0.0.1:51673] for GET '/session/c1a637616e97e46a583e12ce9528336e/screenshot'
16:32:19.050 [AsyncHttpClient-1-8] DEBUG org.asynchttpclient.netty.handler.HttpHandler - 

Request DefaultFullHttpRequest(decodeResult: success, version: HTTP/1.1, content: EmptyByteBufBE)
GET /session/c1a637616e97e46a583e12ce9528336e/screenshot HTTP/1.1
User-Agent: selenium/4.1.2 (java windows)
Cache-Control: no-cache
Content-Type: application/json; charset=utf-8
host: localhost:51673
accept: */*

Response DefaultHttpResponse(decodeResult: success, version: HTTP/1.1)
HTTP/1.1 200 OK
Content-Type: application/json; charset=utf-8
cache-control: no-cache
content-length: 48380

16:32:19.050 [AsyncHttpClient-1-8] DEBUG org.asynchttpclient.netty.channel.ChannelManager - Adding key: http://localhost:51673 for channel [id: 0x3c77fd46, L:/127.0.0.1:50945 - R:localhost/127.0.0.1:51673]
16:32:19.058 [main] DEBUG net.serenitybdd.core.photography.Darkroom - Send negative for processing for target\site\serenity\10396a9572f663ef41b6650de1546c3e8f652432c4daa759d855e3e0717eabee.png
16:32:19.058 [main] DEBUG net.thucydides.core.steps.StepInterceptor - STEP DONE: buttonJenisPerawatan
  &amp#27;[32mAnd &amp#27;[0m&amp#27;[32mChoose the type of treatment&amp#27;[0m                                                     &amp#27;[90m# starter.stepdefinitios.KelolaJadwalSteps.chooseTheTypeOfTreatment()&amp#27;[0m
16:32:19.058 [Darkroom Processing Line] DEBUG net.serenitybdd.core.photography.DarkroomProcessingLine - Processing screenshot image in /var/screenshots/screenshot-14166905029372289900
16:32:19.058 [Darkroom Processing Line] DEBUG net.serenitybdd.core.photography.DarkroomProcessingLine - Saving screenshot to target\site\serenity\10396a9572f663ef41b6650de1546c3e8f652432c4daa759d855e3e0717eabee.png
16:32:19.130 [Forwarding screenshot on session c1a637616e97e46a583e12ce9528336e to remote] DEBUG org.asynchttpclient.netty.request.NettyRequestSender - Using pooled Channel '[id: 0x3c77fd46, L:/127.0.0.1:50945 - R:localhost/127.0.0.1:51673]' for 'GET' to 'http://localhost:51673/session/c1a637616e97e46a583e12ce9528336e/screenshot'
16:32:19.130 [Forwarding screenshot on session c1a637616e97e46a583e12ce9528336e to remote] DEBUG org.asynchttpclient.netty.request.NettyRequestSender - Using open Channel [id: 0x3c77fd46, L:/127.0.0.1:50945 - R:localhost/127.0.0.1:51673] for GET '/session/c1a637616e97e46a583e12ce9528336e/screenshot'
16:32:19.491 [AsyncHttpClient-1-8] DEBUG org.asynchttpclient.netty.handler.HttpHandler - 

Request DefaultFullHttpRequest(decodeResult: success, version: HTTP/1.1, content: EmptyByteBufBE)
GET /session/c1a637616e97e46a583e12ce9528336e/screenshot HTTP/1.1
User-Agent: selenium/4.1.2 (java windows)
Cache-Control: no-cache
Content-Type: application/json; charset=utf-8
host: localhost:51673
accept: */*

Response DefaultHttpResponse(decodeResult: success, version: HTTP/1.1)
HTTP/1.1 200 OK
Content-Type: application/json; charset=utf-8
cache-control: no-cache
content-length: 48380

16:32:19.495 [AsyncHttpClient-1-8] DEBUG org.asynchttpclient.netty.channel.ChannelManager - Adding key: http://localhost:51673 for channel [id: 0x3c77fd46, L:/127.0.0.1:50945 - R:localhost/127.0.0.1:51673]
16:32:19.505 [main] DEBUG net.serenitybdd.core.photography.Darkroom - Send negative for processing for target\site\serenity\10396a9572f663ef41b6650de1546c3e8f652432c4daa759d855e3e0717eabee.png
16:32:19.540 [main] DEBUG net.thucydides.core.steps.StepInterceptor - STARTING STEP: KelolaJadwalSteps.clickRawatJalan - buttonRawatJalan
16:32:19.570 [Forwarding findElement on session c1a637616e97e46a583e12ce9528336e to remote] DEBUG org.asynchttpclient.netty.request.NettyRequestSender - Using pooled Channel '[id: 0x3c77fd46, L:/127.0.0.1:50945 - R:localhost/127.0.0.1:51673]' for 'POST' to 'http://localhost:51673/session/c1a637616e97e46a583e12ce9528336e/element'
16:32:19.571 [Forwarding findElement on session c1a637616e97e46a583e12ce9528336e to remote] DEBUG org.asynchttpclient.netty.request.NettyRequestSender - Using open Channel [id: 0x3c77fd46, L:/127.0.0.1:50945 - R:localhost/127.0.0.1:51673] for POST '/session/c1a637616e97e46a583e12ce9528336e/element'
16:32:19.633 [AsyncHttpClient-1-8] DEBUG org.asynchttpclient.netty.handler.HttpHandler - 

Request DefaultHttpRequest(decodeResult: success, version: HTTP/1.1)
POST /session/c1a637616e97e46a583e12ce9528336e/element HTTP/1.1
User-Agent: selenium/4.1.2 (java windows)
Content-Length: 74
Content-Type: application/json; charset=utf-8
host: localhost:51673
accept: */*

Response DefaultHttpResponse(decodeResult: success, version: HTTP/1.1)
HTTP/1.1 200 OK
Content-Type: application/json; charset=utf-8
cache-control: no-cache
content-length: 88

16:32:19.633 [AsyncHttpClient-1-8] DEBUG org.asynchttpclient.netty.channel.ChannelManager - Adding key: http://localhost:51673 for channel [id: 0x3c77fd46, L:/127.0.0.1:50945 - R:localhost/127.0.0.1:51673]
16:32:19.641 [Forwarding getElementTagName on session c1a637616e97e46a583e12ce9528336e to remote] DEBUG org.asynchttpclient.netty.request.NettyRequestSender - Using pooled Channel '[id: 0x3c77fd46, L:/127.0.0.1:50945 - R:localhost/127.0.0.1:51673]' for 'GET' to 'http://localhost:51673/session/c1a637616e97e46a583e12ce9528336e/element/2700532d-0d39-4389-bf26-30a7d9971bbf/name'
16:32:19.641 [Forwarding getElementTagName on session c1a637616e97e46a583e12ce9528336e to remote] DEBUG org.asynchttpclient.netty.request.NettyRequestSender - Using open Channel [id: 0x3c77fd46, L:/127.0.0.1:50945 - R:localhost/127.0.0.1:51673] for GET '/session/c1a637616e97e46a583e12ce9528336e/element/2700532d-0d39-4389-bf26-30a7d9971bbf/name'
16:32:19.663 [AsyncHttpClient-1-8] DEBUG org.asynchttpclient.netty.handler.HttpHandler - 

Request DefaultFullHttpRequest(decodeResult: success, version: HTTP/1.1, content: EmptyByteBufBE)
GET /session/c1a637616e97e46a583e12ce9528336e/element/2700532d-0d39-4389-bf26-30a7d9971bbf/name HTTP/1.1
User-Agent: selenium/4.1.2 (java windows)
Cache-Control: no-cache
Content-Type: application/json; charset=utf-8
host: localhost:51673
accept: */*

Response DefaultHttpResponse(decodeResult: success, version: HTTP/1.1)
HTTP/1.1 200 OK
Content-Type: application/json; charset=utf-8
cache-control: no-cache
content-length: 18

16:32:19.663 [AsyncHttpClient-1-8] DEBUG org.asynchttpclient.netty.channel.ChannelManager - Adding key: http://localhost:51673 for channel [id: 0x3c77fd46, L:/127.0.0.1:50945 - R:localhost/127.0.0.1:51673]
16:32:19.672 [Forwarding getElementTagName on session c1a637616e97e46a583e12ce9528336e to remote] DEBUG org.asynchttpclient.netty.request.NettyRequestSender - Using pooled Channel '[id: 0x3c77fd46, L:/127.0.0.1:50945 - R:localhost/127.0.0.1:51673]' for 'GET' to 'http://localhost:51673/session/c1a637616e97e46a583e12ce9528336e/element/2700532d-0d39-4389-bf26-30a7d9971bbf/name'
16:32:19.672 [Forwarding getElementTagName on session c1a637616e97e46a583e12ce9528336e to remote] DEBUG org.asynchttpclient.netty.request.NettyRequestSender - Using open Channel [id: 0x3c77fd46, L:/127.0.0.1:50945 - R:localhost/127.0.0.1:51673] for GET '/session/c1a637616e97e46a583e12ce9528336e/element/2700532d-0d39-4389-bf26-30a7d9971bbf/name'
16:32:19.702 [AsyncHttpClient-1-8] DEBUG org.asynchttpclient.netty.handler.HttpHandler - 

Request DefaultFullHttpRequest(decodeResult: success, version: HTTP/1.1, content: EmptyByteBufBE)
GET /session/c1a637616e97e46a583e12ce9528336e/element/2700532d-0d39-4389-bf26-30a7d9971bbf/name HTTP/1.1
User-Agent: selenium/4.1.2 (java windows)
Cache-Control: no-cache
Content-Type: application/json; charset=utf-8
host: localhost:51673
accept: */*

Response DefaultHttpResponse(decodeResult: success, version: HTTP/1.1)
HTTP/1.1 200 OK
Content-Type: application/json; charset=utf-8
cache-control: no-cache
content-length: 18

16:32:19.702 [AsyncHttpClient-1-8] DEBUG org.asynchttpclient.netty.channel.ChannelManager - Adding key: http://localhost:51673 for channel [id: 0x3c77fd46, L:/127.0.0.1:50945 - R:localhost/127.0.0.1:51673]
16:32:19.712 [Forwarding isElementEnabled on session c1a637616e97e46a583e12ce9528336e to remote] DEBUG org.asynchttpclient.netty.request.NettyRequestSender - Using pooled Channel '[id: 0x3c77fd46, L:/127.0.0.1:50945 - R:localhost/127.0.0.1:51673]' for 'GET' to 'http://localhost:51673/session/c1a637616e97e46a583e12ce9528336e/element/2700532d-0d39-4389-bf26-30a7d9971bbf/enabled'
16:32:19.712 [Forwarding isElementEnabled on session c1a637616e97e46a583e12ce9528336e to remote] DEBUG org.asynchttpclient.netty.request.NettyRequestSender - Using open Channel [id: 0x3c77fd46, L:/127.0.0.1:50945 - R:localhost/127.0.0.1:51673] for GET '/session/c1a637616e97e46a583e12ce9528336e/element/2700532d-0d39-4389-bf26-30a7d9971bbf/enabled'
16:32:19.745 [AsyncHttpClient-1-1] DEBUG org.asynchttpclient.netty.channel.DefaultChannelPool - Entry count for : http://localhost:50947 : 1
16:32:19.768 [AsyncHttpClient-1-8] DEBUG org.asynchttpclient.netty.handler.HttpHandler - 

Request DefaultFullHttpRequest(decodeResult: success, version: HTTP/1.1, content: EmptyByteBufBE)
GET /session/c1a637616e97e46a583e12ce9528336e/element/2700532d-0d39-4389-bf26-30a7d9971bbf/enabled HTTP/1.1
User-Agent: selenium/4.1.2 (java windows)
Cache-Control: no-cache
Content-Type: application/json; charset=utf-8
host: localhost:51673
accept: */*

Response DefaultHttpResponse(decodeResult: success, version: HTTP/1.1)
HTTP/1.1 200 OK
Content-Type: application/json; charset=utf-8
cache-control: no-cache
content-length: 14

16:32:19.769 [AsyncHttpClient-1-8] DEBUG org.asynchttpclient.netty.channel.ChannelManager - Adding key: http://localhost:51673 for channel [id: 0x3c77fd46, L:/127.0.0.1:50945 - R:localhost/127.0.0.1:51673]
16:32:19.774 [Forwarding isElementEnabled on session c1a637616e97e46a583e12ce9528336e to remote] DEBUG org.asynchttpclient.netty.request.NettyRequestSender - Using pooled Channel '[id: 0x3c77fd46, L:/127.0.0.1:50945 - R:localhost/127.0.0.1:51673]' for 'GET' to 'http://localhost:51673/session/c1a637616e97e46a583e12ce9528336e/element/2700532d-0d39-4389-bf26-30a7d9971bbf/enabled'
16:32:19.774 [Forwarding isElementEnabled on session c1a637616e97e46a583e12ce9528336e to remote] DEBUG org.asynchttpclient.netty.request.NettyRequestSender - Using open Channel [id: 0x3c77fd46, L:/127.0.0.1:50945 - R:localhost/127.0.0.1:51673] for GET '/session/c1a637616e97e46a583e12ce9528336e/element/2700532d-0d39-4389-bf26-30a7d9971bbf/enabled'
16:32:19.805 [AsyncHttpClient-1-8] DEBUG org.asynchttpclient.netty.handler.HttpHandler - 

Request DefaultFullHttpRequest(decodeResult: success, version: HTTP/1.1, content: EmptyByteBufBE)
GET /session/c1a637616e97e46a583e12ce9528336e/element/2700532d-0d39-4389-bf26-30a7d9971bbf/enabled HTTP/1.1
User-Agent: selenium/4.1.2 (java windows)
Cache-Control: no-cache
Content-Type: application/json; charset=utf-8
host: localhost:51673
accept: */*

Response DefaultHttpResponse(decodeResult: success, version: HTTP/1.1)
HTTP/1.1 200 OK
Content-Type: application/json; charset=utf-8
cache-control: no-cache
content-length: 14

16:32:19.809 [AsyncHttpClient-1-8] DEBUG org.asynchttpclient.netty.channel.ChannelManager - Adding key: http://localhost:51673 for channel [id: 0x3c77fd46, L:/127.0.0.1:50945 - R:localhost/127.0.0.1:51673]
16:32:19.815 [Forwarding findElement on session c1a637616e97e46a583e12ce9528336e to remote] DEBUG org.asynchttpclient.netty.request.NettyRequestSender - Using pooled Channel '[id: 0x3c77fd46, L:/127.0.0.1:50945 - R:localhost/127.0.0.1:51673]' for 'POST' to 'http://localhost:51673/session/c1a637616e97e46a583e12ce9528336e/element'
16:32:19.815 [Forwarding findElement on session c1a637616e97e46a583e12ce9528336e to remote] DEBUG org.asynchttpclient.netty.request.NettyRequestSender - Using open Channel [id: 0x3c77fd46, L:/127.0.0.1:50945 - R:localhost/127.0.0.1:51673] for POST '/session/c1a637616e97e46a583e12ce9528336e/element'
16:32:19.856 [AsyncHttpClient-1-8] DEBUG org.asynchttpclient.netty.handler.HttpHandler - 

Request DefaultHttpRequest(decodeResult: success, version: HTTP/1.1)
POST /session/c1a637616e97e46a583e12ce9528336e/element HTTP/1.1
User-Agent: selenium/4.1.2 (java windows)
Content-Length: 74
Content-Type: application/json; charset=utf-8
host: localhost:51673
accept: */*

Response DefaultHttpResponse(decodeResult: success, version: HTTP/1.1)
HTTP/1.1 200 OK
Content-Type: application/json; charset=utf-8
cache-control: no-cache
content-length: 88

16:32:19.856 [AsyncHttpClient-1-8] DEBUG org.asynchttpclient.netty.channel.ChannelManager - Adding key: http://localhost:51673 for channel [id: 0x3c77fd46, L:/127.0.0.1:50945 - R:localhost/127.0.0.1:51673]
16:32:19.861 [Forwarding clickElement on session c1a637616e97e46a583e12ce9528336e to remote] DEBUG org.asynchttpclient.netty.request.NettyRequestSender - Using pooled Channel '[id: 0x3c77fd46, L:/127.0.0.1:50945 - R:localhost/127.0.0.1:51673]' for 'POST' to 'http://localhost:51673/session/c1a637616e97e46a583e12ce9528336e/element/2700532d-0d39-4389-bf26-30a7d9971bbf/click'
16:32:19.861 [Forwarding clickElement on session c1a637616e97e46a583e12ce9528336e to remote] DEBUG org.asynchttpclient.netty.request.NettyRequestSender - Using open Channel [id: 0x3c77fd46, L:/127.0.0.1:50945 - R:localhost/127.0.0.1:51673] for POST '/session/c1a637616e97e46a583e12ce9528336e/element/2700532d-0d39-4389-bf26-30a7d9971bbf/click'
16:32:20.141 [AsyncHttpClient-1-8] DEBUG org.asynchttpclient.netty.handler.HttpHandler - 

Request DefaultHttpRequest(decodeResult: success, version: HTTP/1.1)
POST /session/c1a637616e97e46a583e12ce9528336e/element/2700532d-0d39-4389-bf26-30a7d9971bbf/click HTTP/1.1
User-Agent: selenium/4.1.2 (java windows)
Content-Length: 50
Content-Type: application/json; charset=utf-8
host: localhost:51673
accept: */*

Response DefaultHttpResponse(decodeResult: success, version: HTTP/1.1)
HTTP/1.1 200 OK
Content-Type: application/json; charset=utf-8
cache-control: no-cache
content-length: 14

16:32:20.141 [AsyncHttpClient-1-8] DEBUG org.asynchttpclient.netty.channel.ChannelManager - Adding key: http://localhost:51673 for channel [id: 0x3c77fd46, L:/127.0.0.1:50945 - R:localhost/127.0.0.1:51673]
16:32:20.187 [Forwarding screenshot on session c1a637616e97e46a583e12ce9528336e to remote] DEBUG org.asynchttpclient.netty.request.NettyRequestSender - Using pooled Channel '[id: 0x3c77fd46, L:/127.0.0.1:50945 - R:localhost/127.0.0.1:51673]' for 'GET' to 'http://localhost:51673/session/c1a637616e97e46a583e12ce9528336e/screenshot'
16:32:20.189 [Forwarding screenshot on session c1a637616e97e46a583e12ce9528336e to remote] DEBUG org.asynchttpclient.netty.request.NettyRequestSender - Using open Channel [id: 0x3c77fd46, L:/127.0.0.1:50945 - R:localhost/127.0.0.1:51673] for GET '/session/c1a637616e97e46a583e12ce9528336e/screenshot'
16:32:20.521 [AsyncHttpClient-1-8] DEBUG org.asynchttpclient.netty.handler.HttpHandler - 

Request DefaultFullHttpRequest(decodeResult: success, version: HTTP/1.1, content: EmptyByteBufBE)
GET /session/c1a637616e97e46a583e12ce9528336e/screenshot HTTP/1.1
User-Agent: selenium/4.1.2 (java windows)
Cache-Control: no-cache
Content-Type: application/json; charset=utf-8
host: localhost:51673
accept: */*

Response DefaultHttpResponse(decodeResult: success, version: HTTP/1.1)
HTTP/1.1 200 OK
Content-Type: application/json; charset=utf-8
cache-control: no-cache
content-length: 47820

16:32:20.521 [AsyncHttpClient-1-8] DEBUG org.asynchttpclient.netty.channel.ChannelManager - Adding key: http://localhost:51673 for channel [id: 0x3c77fd46, L:/127.0.0.1:50945 - R:localhost/127.0.0.1:51673]
16:32:20.531 [main] DEBUG net.serenitybdd.core.photography.Darkroom - Send negative for processing for target\site\serenity\20a09607a7c93003a6561aa22b5631881989e84295029bf9d9eabb835a1d74e2.png
16:32:20.531 [main] DEBUG net.thucydides.core.steps.StepInterceptor - STEP DONE: buttonRawatJalan
  &amp#27;[32mAnd &amp#27;[0m&amp#27;[32mClick rawat jalan&amp#27;[0m                                                                &amp#27;[90m# starter.stepdefinitios.KelolaJadwalSteps.clickRawatJalan()&amp#27;[0m
16:32:20.531 [Darkroom Processing Line] DEBUG net.serenitybdd.core.photography.DarkroomProcessingLine - Processing screenshot image in /var/screenshots/screenshot-8823706762533695945
16:32:20.531 [Darkroom Processing Line] DEBUG net.serenitybdd.core.photography.DarkroomProcessingLine - Saving screenshot to target\site\serenity\20a09607a7c93003a6561aa22b5631881989e84295029bf9d9eabb835a1d74e2.png
16:32:20.583 [Forwarding screenshot on session c1a637616e97e46a583e12ce9528336e to remote] DEBUG org.asynchttpclient.netty.request.NettyRequestSender - Using pooled Channel '[id: 0x3c77fd46, L:/127.0.0.1:50945 - R:localhost/127.0.0.1:51673]' for 'GET' to 'http://localhost:51673/session/c1a637616e97e46a583e12ce9528336e/screenshot'
16:32:20.583 [Forwarding screenshot on session c1a637616e97e46a583e12ce9528336e to remote] DEBUG org.asynchttpclient.netty.request.NettyRequestSender - Using open Channel [id: 0x3c77fd46, L:/127.0.0.1:50945 - R:localhost/127.0.0.1:51673] for GET '/session/c1a637616e97e46a583e12ce9528336e/screenshot'
16:32:20.841 [AsyncHttpClient-1-1] DEBUG org.asynchttpclient.netty.channel.DefaultChannelPool - Entry count for : http://localhost:50947 : 1
16:32:20.905 [AsyncHttpClient-1-8] DEBUG org.asynchttpclient.netty.handler.HttpHandler - 

Request DefaultFullHttpRequest(decodeResult: success, version: HTTP/1.1, content: EmptyByteBufBE)
GET /session/c1a637616e97e46a583e12ce9528336e/screenshot HTTP/1.1
User-Agent: selenium/4.1.2 (java windows)
Cache-Control: no-cache
Content-Type: application/json; charset=utf-8
host: localhost:51673
accept: */*

Response DefaultHttpResponse(decodeResult: success, version: HTTP/1.1)
HTTP/1.1 200 OK
Content-Type: application/json; charset=utf-8
cache-control: no-cache
content-length: 47820

16:32:20.913 [AsyncHttpClient-1-8] DEBUG org.asynchttpclient.netty.channel.ChannelManager - Adding key: http://localhost:51673 for channel [id: 0x3c77fd46, L:/127.0.0.1:50945 - R:localhost/127.0.0.1:51673]
16:32:20.921 [main] DEBUG net.serenitybdd.core.photography.Darkroom - Send negative for processing for target\site\serenity\20a09607a7c93003a6561aa22b5631881989e84295029bf9d9eabb835a1d74e2.png
16:32:20.951 [main] DEBUG net.thucydides.core.steps.StepInterceptor - STARTING STEP: KelolaJadwalSteps.clickSimpan - buttonSave
16:32:20.965 [Forwarding findElement on session c1a637616e97e46a583e12ce9528336e to remote] DEBUG org.asynchttpclient.netty.request.NettyRequestSender - Using pooled Channel '[id: 0x3c77fd46, L:/127.0.0.1:50945 - R:localhost/127.0.0.1:51673]' for 'POST' to 'http://localhost:51673/session/c1a637616e97e46a583e12ce9528336e/element'
16:32:20.965 [Forwarding findElement on session c1a637616e97e46a583e12ce9528336e to remote] DEBUG org.asynchttpclient.netty.request.NettyRequestSender - Using open Channel [id: 0x3c77fd46, L:/127.0.0.1:50945 - R:localhost/127.0.0.1:51673] for POST '/session/c1a637616e97e46a583e12ce9528336e/element'
16:32:20.998 [AsyncHttpClient-1-8] DEBUG org.asynchttpclient.netty.handler.HttpHandler - 

Request DefaultHttpRequest(decodeResult: success, version: HTTP/1.1)
POST /session/c1a637616e97e46a583e12ce9528336e/element HTTP/1.1
User-Agent: selenium/4.1.2 (java windows)
Content-Length: 68
Content-Type: application/json; charset=utf-8
host: localhost:51673
accept: */*

Response DefaultHttpResponse(decodeResult: success, version: HTTP/1.1)
HTTP/1.1 200 OK
Content-Type: application/json; charset=utf-8
cache-control: no-cache
content-length: 88

16:32:20.998 [AsyncHttpClient-1-8] DEBUG org.asynchttpclient.netty.channel.ChannelManager - Adding key: http://localhost:51673 for channel [id: 0x3c77fd46, L:/127.0.0.1:50945 - R:localhost/127.0.0.1:51673]
16:32:21.001 [Forwarding getElementTagName on session c1a637616e97e46a583e12ce9528336e to remote] DEBUG org.asynchttpclient.netty.request.NettyRequestSender - Using pooled Channel '[id: 0x3c77fd46, L:/127.0.0.1:50945 - R:localhost/127.0.0.1:51673]' for 'GET' to 'http://localhost:51673/session/c1a637616e97e46a583e12ce9528336e/element/9be44bb6-e4b9-4370-9640-ba8fd33c21b9/name'
16:32:21.001 [Forwarding getElementTagName on session c1a637616e97e46a583e12ce9528336e to remote] DEBUG org.asynchttpclient.netty.request.NettyRequestSender - Using open Channel [id: 0x3c77fd46, L:/127.0.0.1:50945 - R:localhost/127.0.0.1:51673] for GET '/session/c1a637616e97e46a583e12ce9528336e/element/9be44bb6-e4b9-4370-9640-ba8fd33c21b9/name'
16:32:21.019 [AsyncHttpClient-1-8] DEBUG org.asynchttpclient.netty.handler.HttpHandler - 

Request DefaultFullHttpRequest(decodeResult: success, version: HTTP/1.1, content: EmptyByteBufBE)
GET /session/c1a637616e97e46a583e12ce9528336e/element/9be44bb6-e4b9-4370-9640-ba8fd33c21b9/name HTTP/1.1
User-Agent: selenium/4.1.2 (java windows)
Cache-Control: no-cache
Content-Type: application/json; charset=utf-8
host: localhost:51673
accept: */*

Response DefaultHttpResponse(decodeResult: success, version: HTTP/1.1)
HTTP/1.1 200 OK
Content-Type: application/json; charset=utf-8
cache-control: no-cache
content-length: 18

16:32:21.019 [AsyncHttpClient-1-8] DEBUG org.asynchttpclient.netty.channel.ChannelManager - Adding key: http://localhost:51673 for channel [id: 0x3c77fd46, L:/127.0.0.1:50945 - R:localhost/127.0.0.1:51673]
16:32:21.029 [Forwarding getElementTagName on session c1a637616e97e46a583e12ce9528336e to remote] DEBUG org.asynchttpclient.netty.request.NettyRequestSender - Using pooled Channel '[id: 0x3c77fd46, L:/127.0.0.1:50945 - R:localhost/127.0.0.1:51673]' for 'GET' to 'http://localhost:51673/session/c1a637616e97e46a583e12ce9528336e/element/9be44bb6-e4b9-4370-9640-ba8fd33c21b9/name'
16:32:21.031 [Forwarding getElementTagName on session c1a637616e97e46a583e12ce9528336e to remote] DEBUG org.asynchttpclient.netty.request.NettyRequestSender - Using open Channel [id: 0x3c77fd46, L:/127.0.0.1:50945 - R:localhost/127.0.0.1:51673] for GET '/session/c1a637616e97e46a583e12ce9528336e/element/9be44bb6-e4b9-4370-9640-ba8fd33c21b9/name'
16:32:21.040 [AsyncHttpClient-1-8] DEBUG org.asynchttpclient.netty.handler.HttpHandler - 

Request DefaultFullHttpRequest(decodeResult: success, version: HTTP/1.1, content: EmptyByteBufBE)
GET /session/c1a637616e97e46a583e12ce9528336e/element/9be44bb6-e4b9-4370-9640-ba8fd33c21b9/name HTTP/1.1
User-Agent: selenium/4.1.2 (java windows)
Cache-Control: no-cache
Content-Type: application/json; charset=utf-8
host: localhost:51673
accept: */*

Response DefaultHttpResponse(decodeResult: success, version: HTTP/1.1)
HTTP/1.1 200 OK
Content-Type: application/json; charset=utf-8
cache-control: no-cache
content-length: 18

16:32:21.040 [AsyncHttpClient-1-8] DEBUG org.asynchttpclient.netty.channel.ChannelManager - Adding key: http://localhost:51673 for channel [id: 0x3c77fd46, L:/127.0.0.1:50945 - R:localhost/127.0.0.1:51673]
16:32:21.048 [Forwarding isElementEnabled on session c1a637616e97e46a583e12ce9528336e to remote] DEBUG org.asynchttpclient.netty.request.NettyRequestSender - Using pooled Channel '[id: 0x3c77fd46, L:/127.0.0.1:50945 - R:localhost/127.0.0.1:51673]' for 'GET' to 'http://localhost:51673/session/c1a637616e97e46a583e12ce9528336e/element/9be44bb6-e4b9-4370-9640-ba8fd33c21b9/enabled'
16:32:21.048 [Forwarding isElementEnabled on session c1a637616e97e46a583e12ce9528336e to remote] DEBUG org.asynchttpclient.netty.request.NettyRequestSender - Using open Channel [id: 0x3c77fd46, L:/127.0.0.1:50945 - R:localhost/127.0.0.1:51673] for GET '/session/c1a637616e97e46a583e12ce9528336e/element/9be44bb6-e4b9-4370-9640-ba8fd33c21b9/enabled'
16:32:21.088 [AsyncHttpClient-1-8] DEBUG org.asynchttpclient.netty.handler.HttpHandler - 

Request DefaultFullHttpRequest(decodeResult: success, version: HTTP/1.1, content: EmptyByteBufBE)
GET /session/c1a637616e97e46a583e12ce9528336e/element/9be44bb6-e4b9-4370-9640-ba8fd33c21b9/enabled HTTP/1.1
User-Agent: selenium/4.1.2 (java windows)
Cache-Control: no-cache
Content-Type: application/json; charset=utf-8
host: localhost:51673
accept: */*

Response DefaultHttpResponse(decodeResult: success, version: HTTP/1.1)
HTTP/1.1 200 OK
Content-Type: application/json; charset=utf-8
cache-control: no-cache
content-length: 14

16:32:21.088 [AsyncHttpClient-1-8] DEBUG org.asynchttpclient.netty.channel.ChannelManager - Adding key: http://localhost:51673 for channel [id: 0x3c77fd46, L:/127.0.0.1:50945 - R:localhost/127.0.0.1:51673]
16:32:21.088 [Forwarding isElementEnabled on session c1a637616e97e46a583e12ce9528336e to remote] DEBUG org.asynchttpclient.netty.request.NettyRequestSender - Using pooled Channel '[id: 0x3c77fd46, L:/127.0.0.1:50945 - R:localhost/127.0.0.1:51673]' for 'GET' to 'http://localhost:51673/session/c1a637616e97e46a583e12ce9528336e/element/9be44bb6-e4b9-4370-9640-ba8fd33c21b9/enabled'
16:32:21.088 [Forwarding isElementEnabled on session c1a637616e97e46a583e12ce9528336e to remote] DEBUG org.asynchttpclient.netty.request.NettyRequestSender - Using open Channel [id: 0x3c77fd46, L:/127.0.0.1:50945 - R:localhost/127.0.0.1:51673] for GET '/session/c1a637616e97e46a583e12ce9528336e/element/9be44bb6-e4b9-4370-9640-ba8fd33c21b9/enabled'
16:32:21.120 [AsyncHttpClient-1-8] DEBUG org.asynchttpclient.netty.handler.HttpHandler - 

Request DefaultFullHttpRequest(decodeResult: success, version: HTTP/1.1, content: EmptyByteBufBE)
GET /session/c1a637616e97e46a583e12ce9528336e/element/9be44bb6-e4b9-4370-9640-ba8fd33c21b9/enabled HTTP/1.1
User-Agent: selenium/4.1.2 (java windows)
Cache-Control: no-cache
Content-Type: application/json; charset=utf-8
host: localhost:51673
accept: */*

Response DefaultHttpResponse(decodeResult: success, version: HTTP/1.1)
HTTP/1.1 200 OK
Content-Type: application/json; charset=utf-8
cache-control: no-cache
content-length: 14

16:32:21.120 [AsyncHttpClient-1-8] DEBUG org.asynchttpclient.netty.channel.ChannelManager - Adding key: http://localhost:51673 for channel [id: 0x3c77fd46, L:/127.0.0.1:50945 - R:localhost/127.0.0.1:51673]
16:32:21.129 [Forwarding findElement on session c1a637616e97e46a583e12ce9528336e to remote] DEBUG org.asynchttpclient.netty.request.NettyRequestSender - Using pooled Channel '[id: 0x3c77fd46, L:/127.0.0.1:50945 - R:localhost/127.0.0.1:51673]' for 'POST' to 'http://localhost:51673/session/c1a637616e97e46a583e12ce9528336e/element'
16:32:21.129 [Forwarding findElement on session c1a637616e97e46a583e12ce9528336e to remote] DEBUG org.asynchttpclient.netty.request.NettyRequestSender - Using open Channel [id: 0x3c77fd46, L:/127.0.0.1:50945 - R:localhost/127.0.0.1:51673] for POST '/session/c1a637616e97e46a583e12ce9528336e/element'
16:32:21.154 [AsyncHttpClient-1-8] DEBUG org.asynchttpclient.netty.handler.HttpHandler - 

Request DefaultHttpRequest(decodeResult: success, version: HTTP/1.1)
POST /session/c1a637616e97e46a583e12ce9528336e/element HTTP/1.1
User-Agent: selenium/4.1.2 (java windows)
Content-Length: 68
Content-Type: application/json; charset=utf-8
host: localhost:51673
accept: */*

Response DefaultHttpResponse(decodeResult: success, version: HTTP/1.1)
HTTP/1.1 200 OK
Content-Type: application/json; charset=utf-8
cache-control: no-cache
content-length: 88

16:32:21.154 [AsyncHttpClient-1-8] DEBUG org.asynchttpclient.netty.channel.ChannelManager - Adding key: http://localhost:51673 for channel [id: 0x3c77fd46, L:/127.0.0.1:50945 - R:localhost/127.0.0.1:51673]
16:32:21.161 [Forwarding clickElement on session c1a637616e97e46a583e12ce9528336e to remote] DEBUG org.asynchttpclient.netty.request.NettyRequestSender - Using pooled Channel '[id: 0x3c77fd46, L:/127.0.0.1:50945 - R:localhost/127.0.0.1:51673]' for 'POST' to 'http://localhost:51673/session/c1a637616e97e46a583e12ce9528336e/element/9be44bb6-e4b9-4370-9640-ba8fd33c21b9/click'
16:32:21.161 [Forwarding clickElement on session c1a637616e97e46a583e12ce9528336e to remote] DEBUG org.asynchttpclient.netty.request.NettyRequestSender - Using open Channel [id: 0x3c77fd46, L:/127.0.0.1:50945 - R:localhost/127.0.0.1:51673] for POST '/session/c1a637616e97e46a583e12ce9528336e/element/9be44bb6-e4b9-4370-9640-ba8fd33c21b9/click'
16:32:21.586 [AsyncHttpClient-1-8] DEBUG org.asynchttpclient.netty.handler.HttpHandler - 

Request DefaultHttpRequest(decodeResult: success, version: HTTP/1.1)
POST /session/c1a637616e97e46a583e12ce9528336e/element/9be44bb6-e4b9-4370-9640-ba8fd33c21b9/click HTTP/1.1
User-Agent: selenium/4.1.2 (java windows)
Content-Length: 50
Content-Type: application/json; charset=utf-8
host: localhost:51673
accept: */*

Response DefaultHttpResponse(decodeResult: success, version: HTTP/1.1)
HTTP/1.1 200 OK
Content-Type: application/json; charset=utf-8
cache-control: no-cache
content-length: 14

16:32:21.586 [AsyncHttpClient-1-8] DEBUG org.asynchttpclient.netty.channel.ChannelManager - Adding key: http://localhost:51673 for channel [id: 0x3c77fd46, L:/127.0.0.1:50945 - R:localhost/127.0.0.1:51673]
16:32:21.622 [Forwarding screenshot on session c1a637616e97e46a583e12ce9528336e to remote] DEBUG org.asynchttpclient.netty.request.NettyRequestSender - Using pooled Channel '[id: 0x3c77fd46, L:/127.0.0.1:50945 - R:localhost/127.0.0.1:51673]' for 'GET' to 'http://localhost:51673/session/c1a637616e97e46a583e12ce9528336e/screenshot'
16:32:21.622 [Forwarding screenshot on session c1a637616e97e46a583e12ce9528336e to remote] DEBUG org.asynchttpclient.netty.request.NettyRequestSender - Using open Channel [id: 0x3c77fd46, L:/127.0.0.1:50945 - R:localhost/127.0.0.1:51673] for GET '/session/c1a637616e97e46a583e12ce9528336e/screenshot'
16:32:21.941 [AsyncHttpClient-1-1] DEBUG org.asynchttpclient.netty.channel.DefaultChannelPool - Entry count for : http://localhost:50947 : 1
16:32:23.049 [AsyncHttpClient-1-1] DEBUG org.asynchttpclient.netty.channel.DefaultChannelPool - Entry count for : http://localhost:50947 : 1
16:32:23.212 [AsyncHttpClient-1-8] DEBUG org.asynchttpclient.netty.handler.HttpHandler - 

Request DefaultFullHttpRequest(decodeResult: success, version: HTTP/1.1, content: EmptyByteBufBE)
GET /session/c1a637616e97e46a583e12ce9528336e/screenshot HTTP/1.1
User-Agent: selenium/4.1.2 (java windows)
Cache-Control: no-cache
Content-Type: application/json; charset=utf-8
host: localhost:51673
accept: */*

Response DefaultHttpResponse(decodeResult: success, version: HTTP/1.1)
HTTP/1.1 200 OK
Content-Type: application/json; charset=utf-8
cache-control: no-cache
content-length: 49172

16:32:23.212 [AsyncHttpClient-1-8] DEBUG org.asynchttpclient.netty.channel.ChannelManager - Adding key: http://localhost:51673 for channel [id: 0x3c77fd46, L:/127.0.0.1:50945 - R:localhost/127.0.0.1:51673]
16:32:23.245 [main] DEBUG net.serenitybdd.core.photography.Darkroom - Send negative for processing for target\site\serenity\0d6cb79457ad8c7d40fce4aecb87e86c5744b5bb0e87e9af252afeac1176c441.png
16:32:23.245 [main] DEBUG net.thucydides.core.steps.StepInterceptor - STEP DONE: buttonSave
  &amp#27;[32mAnd &amp#27;[0m&amp#27;[32mClick simpan&amp#27;[0m                                                                     &amp#27;[90m# starter.stepdefinitios.KelolaJadwalSteps.clickSimpan()&amp#27;[0m
16:32:23.259 [Darkroom Processing Line] DEBUG net.serenitybdd.core.photography.DarkroomProcessingLine - Processing screenshot image in /var/screenshots/screenshot-15637356169228825603
16:32:23.259 [Darkroom Processing Line] DEBUG net.serenitybdd.core.photography.DarkroomProcessingLine - Saving screenshot to target\site\serenity\0d6cb79457ad8c7d40fce4aecb87e86c5744b5bb0e87e9af252afeac1176c441.png
16:32:23.329 [Forwarding screenshot on session c1a637616e97e46a583e12ce9528336e to remote] DEBUG org.asynchttpclient.netty.request.NettyRequestSender - Using pooled Channel '[id: 0x3c77fd46, L:/127.0.0.1:50945 - R:localhost/127.0.0.1:51673]' for 'GET' to 'http://localhost:51673/session/c1a637616e97e46a583e12ce9528336e/screenshot'
16:32:23.332 [Forwarding screenshot on session c1a637616e97e46a583e12ce9528336e to remote] DEBUG org.asynchttpclient.netty.request.NettyRequestSender - Using open Channel [id: 0x3c77fd46, L:/127.0.0.1:50945 - R:localhost/127.0.0.1:51673] for GET '/session/c1a637616e97e46a583e12ce9528336e/screenshot'
16:32:23.910 [AsyncHttpClient-1-8] DEBUG org.asynchttpclient.netty.handler.HttpHandler - 

Request DefaultFullHttpRequest(decodeResult: success, version: HTTP/1.1, content: EmptyByteBufBE)
GET /session/c1a637616e97e46a583e12ce9528336e/screenshot HTTP/1.1
User-Agent: selenium/4.1.2 (java windows)
Cache-Control: no-cache
Content-Type: application/json; charset=utf-8
host: localhost:51673
accept: */*

Response DefaultHttpResponse(decodeResult: success, version: HTTP/1.1)
HTTP/1.1 200 OK
Content-Type: application/json; charset=utf-8
cache-control: no-cache
content-length: 49172

16:32:23.911 [AsyncHttpClient-1-8] DEBUG org.asynchttpclient.netty.channel.ChannelManager - Adding key: http://localhost:51673 for channel [id: 0x3c77fd46, L:/127.0.0.1:50945 - R:localhost/127.0.0.1:51673]
16:32:23.932 [main] DEBUG net.serenitybdd.core.photography.Darkroom - Send negative for processing for target\site\serenity\0d6cb79457ad8c7d40fce4aecb87e86c5744b5bb0e87e9af252afeac1176c441.png
16:32:24.004 [Forwarding screenshot on session c1a637616e97e46a583e12ce9528336e to remote] DEBUG org.asynchttpclient.netty.request.NettyRequestSender - Using pooled Channel '[id: 0x3c77fd46, L:/127.0.0.1:50945 - R:localhost/127.0.0.1:51673]' for 'GET' to 'http://localhost:51673/session/c1a637616e97e46a583e12ce9528336e/screenshot'
16:32:24.004 [Forwarding screenshot on session c1a637616e97e46a583e12ce9528336e to remote] DEBUG org.asynchttpclient.netty.request.NettyRequestSender - Using open Channel [id: 0x3c77fd46, L:/127.0.0.1:50945 - R:localhost/127.0.0.1:51673] for GET '/session/c1a637616e97e46a583e12ce9528336e/screenshot'
16:32:24.265 [AsyncHttpClient-1-1] DEBUG org.asynchttpclient.netty.channel.DefaultChannelPool - Entry count for : http://localhost:50947 : 1
16:32:24.549 [AsyncHttpClient-1-8] DEBUG org.asynchttpclient.netty.handler.HttpHandler - 

Request DefaultFullHttpRequest(decodeResult: success, version: HTTP/1.1, content: EmptyByteBufBE)
GET /session/c1a637616e97e46a583e12ce9528336e/screenshot HTTP/1.1
User-Agent: selenium/4.1.2 (java windows)
Cache-Control: no-cache
Content-Type: application/json; charset=utf-8
host: localhost:51673
accept: */*

Response DefaultHttpResponse(decodeResult: success, version: HTTP/1.1)
HTTP/1.1 200 OK
Content-Type: application/json; charset=utf-8
cache-control: no-cache
content-length: 49172

16:32:24.549 [AsyncHttpClient-1-8] DEBUG org.asynchttpclient.netty.channel.ChannelManager - Adding key: http://localhost:51673 for channel [id: 0x3c77fd46, L:/127.0.0.1:50945 - R:localhost/127.0.0.1:51673]
16:32:24.564 [main] DEBUG net.serenitybdd.core.photography.Darkroom - Send negative for processing for target\site\serenity\0d6cb79457ad8c7d40fce4aecb87e86c5744b5bb0e87e9af252afeac1176c441.png
16:32:24.663 [Forwarding screenshot on session c1a637616e97e46a583e12ce9528336e to remote] DEBUG org.asynchttpclient.netty.request.NettyRequestSender - Using pooled Channel '[id: 0x3c77fd46, L:/127.0.0.1:50945 - R:localhost/127.0.0.1:51673]' for 'GET' to 'http://localhost:51673/session/c1a637616e97e46a583e12ce9528336e/screenshot'
16:32:24.663 [Forwarding screenshot on session c1a637616e97e46a583e12ce9528336e to remote] DEBUG org.asynchttpclient.netty.request.NettyRequestSender - Using open Channel [id: 0x3c77fd46, L:/127.0.0.1:50945 - R:localhost/127.0.0.1:51673] for GET '/session/c1a637616e97e46a583e12ce9528336e/screenshot'
16:32:25.214 [AsyncHttpClient-1-8] DEBUG org.asynchttpclient.netty.handler.HttpHandler - 

Request DefaultFullHttpRequest(decodeResult: success, version: HTTP/1.1, content: EmptyByteBufBE)
GET /session/c1a637616e97e46a583e12ce9528336e/screenshot HTTP/1.1
User-Agent: selenium/4.1.2 (java windows)
Cache-Control: no-cache
Content-Type: application/json; charset=utf-8
host: localhost:51673
accept: */*

Response DefaultHttpResponse(decodeResult: success, version: HTTP/1.1)
HTTP/1.1 200 OK
Content-Type: application/json; charset=utf-8
cache-control: no-cache
content-length: 49172

16:32:25.214 [AsyncHttpClient-1-8] DEBUG org.asynchttpclient.netty.channel.ChannelManager - Adding key: http://localhost:51673 for channel [id: 0x3c77fd46, L:/127.0.0.1:50945 - R:localhost/127.0.0.1:51673]
16:32:25.234 [main] DEBUG net.serenitybdd.core.photography.Darkroom - Send negative for processing for target\site\serenity\0d6cb79457ad8c7d40fce4aecb87e86c5744b5bb0e87e9af252afeac1176c441.png
16:32:25.243 [main] DEBUG net.thucydides.core.steps.StepInterceptor - STARTING STEP: KelolaJadwalSteps.validateDataErrorKelolaJadwal - validateErrorKelolaJadwal
16:32:25.263 [Forwarding findElement on session c1a637616e97e46a583e12ce9528336e to remote] DEBUG org.asynchttpclient.netty.request.NettyRequestSender - Using pooled Channel '[id: 0x3c77fd46, L:/127.0.0.1:50945 - R:localhost/127.0.0.1:51673]' for 'POST' to 'http://localhost:51673/session/c1a637616e97e46a583e12ce9528336e/element'
16:32:25.263 [Forwarding findElement on session c1a637616e97e46a583e12ce9528336e to remote] DEBUG org.asynchttpclient.netty.request.NettyRequestSender - Using open Channel [id: 0x3c77fd46, L:/127.0.0.1:50945 - R:localhost/127.0.0.1:51673] for POST '/session/c1a637616e97e46a583e12ce9528336e/element'
16:32:25.360 [AsyncHttpClient-1-1] DEBUG org.asynchttpclient.netty.channel.DefaultChannelPool - Entry count for : http://localhost:50947 : 1
16:32:25.668 [AsyncHttpClient-1-8] DEBUG org.asynchttpclient.netty.handler.HttpHandler - 

Request DefaultHttpRequest(decodeResult: success, version: HTTP/1.1)
POST /session/c1a637616e97e46a583e12ce9528336e/element HTTP/1.1
User-Agent: selenium/4.1.2 (java windows)
Content-Length: 100
Content-Type: application/json; charset=utf-8
host: localhost:51673
accept: */*

Response DefaultHttpResponse(decodeResult: success, version: HTTP/1.1)
HTTP/1.1 200 OK
Content-Type: application/json; charset=utf-8
cache-control: no-cache
content-length: 88

16:32:25.669 [AsyncHttpClient-1-8] DEBUG org.asynchttpclient.netty.channel.ChannelManager - Adding key: http://localhost:51673 for channel [id: 0x3c77fd46, L:/127.0.0.1:50945 - R:localhost/127.0.0.1:51673]
16:32:25.679 [Forwarding isElementEnabled on session c1a637616e97e46a583e12ce9528336e to remote] DEBUG org.asynchttpclient.netty.request.NettyRequestSender - Using pooled Channel '[id: 0x3c77fd46, L:/127.0.0.1:50945 - R:localhost/127.0.0.1:51673]' for 'GET' to 'http://localhost:51673/session/c1a637616e97e46a583e12ce9528336e/element/d4aa9bc7-8344-4b77-9dd5-ab18bffaa405/enabled'
16:32:25.679 [Forwarding isElementEnabled on session c1a637616e97e46a583e12ce9528336e to remote] DEBUG org.asynchttpclient.netty.request.NettyRequestSender - Using open Channel [id: 0x3c77fd46, L:/127.0.0.1:50945 - R:localhost/127.0.0.1:51673] for GET '/session/c1a637616e97e46a583e12ce9528336e/element/d4aa9bc7-8344-4b77-9dd5-ab18bffaa405/enabled'
16:32:26.010 [AsyncHttpClient-1-8] DEBUG org.asynchttpclient.netty.handler.HttpHandler - 

Request DefaultFullHttpRequest(decodeResult: success, version: HTTP/1.1, content: EmptyByteBufBE)
GET /session/c1a637616e97e46a583e12ce9528336e/element/d4aa9bc7-8344-4b77-9dd5-ab18bffaa405/enabled HTTP/1.1
User-Agent: selenium/4.1.2 (java windows)
Cache-Control: no-cache
Content-Type: application/json; charset=utf-8
host: localhost:51673
accept: */*

Response DefaultHttpResponse(decodeResult: success, version: HTTP/1.1)
HTTP/1.1 200 OK
Content-Type: application/json; charset=utf-8
cache-control: no-cache
content-length: 14

16:32:26.010 [AsyncHttpClient-1-8] DEBUG org.asynchttpclient.netty.channel.ChannelManager - Adding key: http://localhost:51673 for channel [id: 0x3c77fd46, L:/127.0.0.1:50945 - R:localhost/127.0.0.1:51673]
16:32:26.056 [Forwarding screenshot on session c1a637616e97e46a583e12ce9528336e to remote] DEBUG org.asynchttpclient.netty.request.NettyRequestSender - Using pooled Channel '[id: 0x3c77fd46, L:/127.0.0.1:50945 - R:localhost/127.0.0.1:51673]' for 'GET' to 'http://localhost:51673/session/c1a637616e97e46a583e12ce9528336e/screenshot'
16:32:26.056 [Forwarding screenshot on session c1a637616e97e46a583e12ce9528336e to remote] DEBUG org.asynchttpclient.netty.request.NettyRequestSender - Using open Channel [id: 0x3c77fd46, L:/127.0.0.1:50945 - R:localhost/127.0.0.1:51673] for GET '/session/c1a637616e97e46a583e12ce9528336e/screenshot'
16:32:26.472 [AsyncHttpClient-1-1] DEBUG org.asynchttpclient.netty.channel.DefaultChannelPool - Entry count for : http://localhost:50947 : 1
16:32:26.743 [AsyncHttpClient-1-8] DEBUG org.asynchttpclient.netty.handler.HttpHandler - 

Request DefaultFullHttpRequest(decodeResult: success, version: HTTP/1.1, content: EmptyByteBufBE)
GET /session/c1a637616e97e46a583e12ce9528336e/screenshot HTTP/1.1
User-Agent: selenium/4.1.2 (java windows)
Cache-Control: no-cache
Content-Type: application/json; charset=utf-8
host: localhost:51673
accept: */*

Response DefaultHttpResponse(decodeResult: success, version: HTTP/1.1)
HTTP/1.1 200 OK
Content-Type: application/json; charset=utf-8
cache-control: no-cache
content-length: 49200

16:32:26.750 [AsyncHttpClient-1-8] DEBUG org.asynchttpclient.netty.channel.ChannelManager - Adding key: http://localhost:51673 for channel [id: 0x3c77fd46, L:/127.0.0.1:50945 - R:localhost/127.0.0.1:51673]
16:32:26.764 [main] DEBUG net.serenitybdd.core.photography.Darkroom - Send negative for processing for target\site\serenity\a1bc350f43aaba4dc9ce3acb9efea0cd6671cc97bf9742243c047b2167a036b7.png
16:32:26.765 [main] DEBUG net.thucydides.core.steps.StepInterceptor - STEP DONE: validateErrorKelolaJadwal
  &amp#27;[32mAnd &amp#27;[0m&amp#27;[32mValidate data error kelola jadwal&amp#27;[0m                                                &amp#27;[90m# starter.stepdefinitios.KelolaJadwalSteps.validateDataErrorKelolaJadwal()&amp#27;[0m
16:32:26.771 [Darkroom Processing Line] DEBUG net.serenitybdd.core.photography.DarkroomProcessingLine - Processing screenshot image in /var/screenshots/screenshot-17037896149536143752
16:32:26.771 [Darkroom Processing Line] DEBUG net.serenitybdd.core.photography.DarkroomProcessingLine - Saving screenshot to target\site\serenity\a1bc350f43aaba4dc9ce3acb9efea0cd6671cc97bf9742243c047b2167a036b7.png
16:32:26.846 [Forwarding screenshot on session c1a637616e97e46a583e12ce9528336e to remote] DEBUG org.asynchttpclient.netty.request.NettyRequestSender - Using pooled Channel '[id: 0x3c77fd46, L:/127.0.0.1:50945 - R:localhost/127.0.0.1:51673]' for 'GET' to 'http://localhost:51673/session/c1a637616e97e46a583e12ce9528336e/screenshot'
16:32:26.846 [Forwarding screenshot on session c1a637616e97e46a583e12ce9528336e to remote] DEBUG org.asynchttpclient.netty.request.NettyRequestSender - Using open Channel [id: 0x3c77fd46, L:/127.0.0.1:50945 - R:localhost/127.0.0.1:51673] for GET '/session/c1a637616e97e46a583e12ce9528336e/screenshot'
16:32:27.248 [AsyncHttpClient-1-8] DEBUG org.asynchttpclient.netty.handler.HttpHandler - 

Request DefaultFullHttpRequest(decodeResult: success, version: HTTP/1.1, content: EmptyByteBufBE)
GET /session/c1a637616e97e46a583e12ce9528336e/screenshot HTTP/1.1
User-Agent: selenium/4.1.2 (java windows)
Cache-Control: no-cache
Content-Type: application/json; charset=utf-8
host: localhost:51673
accept: */*

Response DefaultHttpResponse(decodeResult: success, version: HTTP/1.1)
HTTP/1.1 200 OK
Content-Type: application/json; charset=utf-8
cache-control: no-cache
content-length: 45452

16:32:27.249 [AsyncHttpClient-1-8] DEBUG org.asynchttpclient.netty.channel.ChannelManager - Adding key: http://localhost:51673 for channel [id: 0x3c77fd46, L:/127.0.0.1:50945 - R:localhost/127.0.0.1:51673]
16:32:27.264 [main] DEBUG net.serenitybdd.core.photography.Darkroom - Send negative for processing for target\site\serenity\f7a67f7aa717eabbb50582feef9b0fdd813b2c6f3c0506f289d79efd40510519.png
16:32:27.274 [AsyncHttpClient-1-2] DEBUG org.asynchttpclient.netty.handler.WebSocketHandler - Channel Closed: [id: 0x32e52546, L:/127.0.0.1:50958 ! R:localhost/127.0.0.1:50947] with attribute NettyResponseFuture{currentRetry=5,
	isDone=1,
	isCancelled=0,
	asyncHandler=org.asynchttpclient.ws.WebSocketUpgradeHandler@58dbc503,
	nettyRequest=org.asynchttpclient.netty.request.NettyRequest@4491698f,
	future=java.util.concurrent.CompletableFuture@3ebe00b4[Completed normally],
	uri=ws://localhost:50947/devtools/browser/ed9102f1-5522-423c-83f9-91447ced57ed,
	keepAlive=true,
	redirectCount=0,
	timeoutsHolder=null,
	inAuth=0,
	touch=1657445526121}
16:32:27.274 [AsyncHttpClient-1-2] DEBUG org.asynchttpclient.netty.channel.ChannelManager - Closing Channel [id: 0x32e52546, L:/127.0.0.1:50958 ! R:localhost/127.0.0.1:50947] 
16:32:27.301 [Darkroom Processing Line] DEBUG net.serenitybdd.core.photography.DarkroomProcessingLine - Processing screenshot image in /var/screenshots/screenshot-13084095773990353430
16:32:27.301 [Darkroom Processing Line] DEBUG net.serenitybdd.core.photography.DarkroomProcessingLine - Saving screenshot to target\site\serenity\f7a67f7aa717eabbb50582feef9b0fdd813b2c6f3c0506f289d79efd40510519.png
16:32:27.329 [Driver Command Executor] DEBUG org.asynchttpclient.netty.request.NettyRequestSender - Using pooled Channel '[id: 0x3c77fd46, L:/127.0.0.1:50945 - R:localhost/127.0.0.1:51673]' for 'DELETE' to 'http://localhost:51673/session/c1a637616e97e46a583e12ce9528336e'
16:32:27.329 [Driver Command Executor] DEBUG org.asynchttpclient.netty.request.NettyRequestSender - Using open Channel [id: 0x3c77fd46, L:/127.0.0.1:50945 - R:localhost/127.0.0.1:51673] for DELETE '/session/c1a637616e97e46a583e12ce9528336e'
16:32:27.563 [AsyncHttpClient-1-1] DEBUG org.asynchttpclient.netty.channel.DefaultChannelPool - Entry count for : http://localhost:50947 : 1
16:32:28.649 [AsyncHttpClient-1-1] DEBUG org.asynchttpclient.netty.channel.DefaultChannelPool - Entry count for : http://localhost:50947 : 1
16:32:29.743 [AsyncHttpClient-1-1] DEBUG org.asynchttpclient.netty.channel.DefaultChannelPool - Entry count for : http://localhost:50947 : 1
16:32:30.874 [AsyncHttpClient-1-1] DEBUG org.asynchttpclient.netty.channel.DefaultChannelPool - Entry count for : http://localhost:50947 : 1
16:32:31.993 [AsyncHttpClient-1-1] DEBUG org.asynchttpclient.netty.channel.DefaultChannelPool - Entry count for : http://localhost:50947 : 1
16:32:33.079 [AsyncHttpClient-1-1] DEBUG org.asynchttpclient.netty.channel.DefaultChannelPool - Entry count for : http://localhost:50947 : 1
16:32:34.160 [AsyncHttpClient-1-1] DEBUG org.asynchttpclient.netty.channel.DefaultChannelPool - Entry count for : http://localhost:50947 : 1
16:32:35.260 [AsyncHttpClient-1-1] DEBUG org.asynchttpclient.netty.channel.DefaultChannelPool - Entry count for : http://localhost:50947 : 1
16:32:36.367 [AsyncHttpClient-1-1] DEBUG org.asynchttpclient.netty.channel.DefaultChannelPool - Entry count for : http://localhost:50947 : 1
16:32:37.510 [AsyncHttpClient-1-1] DEBUG org.asynchttpclient.netty.channel.DefaultChannelPool - Entry count for : http://localhost:50947 : 1
16:32:38.583 [AsyncHttpClient-1-1] DEBUG org.asynchttpclient.netty.channel.DefaultChannelPool - Entry count for : http://localhost:50947 : 1
16:32:39.640 [AsyncHttpClient-1-1] DEBUG org.asynchttpclient.netty.channel.DefaultChannelPool - Entry count for : http://localhost:50947 : 1
16:32:40.742 [AsyncHttpClient-1-1] DEBUG org.asynchttpclient.netty.channel.DefaultChannelPool - Entry count for : http://localhost:50947 : 1
16:32:41.841 [AsyncHttpClient-1-1] DEBUG org.asynchttpclient.netty.channel.DefaultChannelPool - Entry count for : http://localhost:50947 : 1
16:32:42.033 [AsyncHttpClient-1-9] DEBUG org.asynchttpclient.netty.handler.HttpHandler - Unexpected I/O exception on channel [id: 0xa74df598, L:/127.0.0.1:50957 - R:localhost/127.0.0.1:50947]
java.io.IOException: An existing connection was forcibly closed by the remote host
	at java.base/sun.nio.ch.SocketDispatcher.read0(Native Method)
	at java.base/sun.nio.ch.SocketDispatcher.read(SocketDispatcher.java:43)
	at java.base/sun.nio.ch.IOUtil.readIntoNativeBuffer(IOUtil.java:276)
	at java.base/sun.nio.ch.IOUtil.read(IOUtil.java:233)
	at java.base/sun.nio.ch.IOUtil.read(IOUtil.java:223)
	at java.base/sun.nio.ch.SocketChannelImpl.read(SocketChannelImpl.java:358)
	at io.netty.buffer.PooledByteBuf.setBytes(PooledByteBuf.java:258)
	at io.netty.buffer.AbstractByteBuf.writeBytes(AbstractByteBuf.java:1132)
	at io.netty.channel.socket.nio.NioSocketChannel.doReadBytes(NioSocketChannel.java:350)
	at io.netty.channel.nio.AbstractNioByteChannel$NioByteUnsafe.read(AbstractNioByteChannel.java:151)
	at io.netty.channel.nio.NioEventLoop.processSelectedKey(NioEventLoop.java:722)
	at io.netty.channel.nio.NioEventLoop.processSelectedKeysOptimized(NioEventLoop.java:658)
	at io.netty.channel.nio.NioEventLoop.processSelectedKeys(NioEventLoop.java:584)
	at io.netty.channel.nio.NioEventLoop.run(NioEventLoop.java:496)
	at io.netty.util.concurrent.SingleThreadEventExecutor$4.run(SingleThreadEventExecutor.java:986)
	at io.netty.util.internal.ThreadExecutorMap$2.run(ThreadExecutorMap.java:74)
	at io.netty.util.concurrent.FastThreadLocalRunnable.run(FastThreadLocalRunnable.java:30)
	at java.base/java.lang.Thread.run(Thread.java:834)
16:32:42.039 [AsyncHttpClient-1-9] DEBUG org.asynchttpclient.netty.channel.ChannelManager - Closing Channel [id: 0xa74df598, L:/127.0.0.1:50957 - R:localhost/127.0.0.1:50947] 
16:32:42.039 [AsyncHttpClient-1-9] DEBUG org.asynchttpclient.netty.handler.HttpHandler - Channel Closed: [id: 0xa74df598, L:/127.0.0.1:50957 ! R:localhost/127.0.0.1:50947] with attribute DISCARD
16:32:42.248 [AsyncHttpClient-1-8] DEBUG org.asynchttpclient.netty.handler.HttpHandler - 

Request DefaultFullHttpRequest(decodeResult: success, version: HTTP/1.1, content: EmptyByteBufBE)
DELETE /session/c1a637616e97e46a583e12ce9528336e HTTP/1.1
User-Agent: selenium/4.1.2 (java windows)
Content-Type: application/json; charset=utf-8
host: localhost:51673
accept: */*

Response DefaultHttpResponse(decodeResult: success, version: HTTP/1.1)
HTTP/1.1 200 OK
Content-Type: application/json; charset=utf-8
cache-control: no-cache
content-length: 14

16:32:42.248 [AsyncHttpClient-1-8] DEBUG org.asynchttpclient.netty.channel.ChannelManager - Adding key: http://localhost:51673 for channel [id: 0x3c77fd46, L:/127.0.0.1:50945 - R:localhost/127.0.0.1:51673]
16:32:42.942 [AsyncHttpClient-1-1] DEBUG org.asynchttpclient.netty.channel.DefaultChannelPool - Entry count for : http://localhost:50947 : 1
16:32:42.942 [AsyncHttpClient-1-1] DEBUG org.asynchttpclient.netty.channel.DefaultChannelPool - Entry count for : http://localhost:51673 : 1
16:32:42.944 [AsyncHttpClient-1-1] DEBUG org.asynchttpclient.netty.channel.DefaultChannelPool - Adding Candidate expired Channel [id: 0xa74df598, L:/127.0.0.1:50957 ! R:localhost/127.0.0.1:50947] isIdleTimeoutExpired=false isRemotelyClosed=true isTtlExpired=false
16:32:42.944 [AsyncHttpClient-1-1] DEBUG org.asynchttpclient.netty.channel.DefaultChannelPool - Closing Idle Channel [id: 0xa74df598, L:/127.0.0.1:50957 ! R:localhost/127.0.0.1:50947]
16:32:42.944 [AsyncHttpClient-1-1] DEBUG org.asynchttpclient.netty.channel.DefaultChannelPool - Closed 1 connections out of 2 in 0 ms
16:32:43.273 [AsyncHttpClient-1-8] DEBUG org.asynchttpclient.netty.handler.HttpHandler - Unexpected I/O exception on channel [id: 0x3c77fd46, L:/127.0.0.1:50945 - R:localhost/127.0.0.1:51673]
java.io.IOException: An existing connection was forcibly closed by the remote host
	at java.base/sun.nio.ch.SocketDispatcher.read0(Native Method)
	at java.base/sun.nio.ch.SocketDispatcher.read(SocketDispatcher.java:43)
	at java.base/sun.nio.ch.IOUtil.readIntoNativeBuffer(IOUtil.java:276)
	at java.base/sun.nio.ch.IOUtil.read(IOUtil.java:233)
	at java.base/sun.nio.ch.IOUtil.read(IOUtil.java:223)
	at java.base/sun.nio.ch.SocketChannelImpl.read(SocketChannelImpl.java:358)
	at io.netty.buffer.PooledByteBuf.setBytes(PooledByteBuf.java:258)
	at io.netty.buffer.AbstractByteBuf.writeBytes(AbstractByteBuf.java:1132)
	at io.netty.channel.socket.nio.NioSocketChannel.doReadBytes(NioSocketChannel.java:350)
	at io.netty.channel.nio.AbstractNioByteChannel$NioByteUnsafe.read(AbstractNioByteChannel.java:151)
	at io.netty.channel.nio.NioEventLoop.processSelectedKey(NioEventLoop.java:722)
	at io.netty.channel.nio.NioEventLoop.processSelectedKeysOptimized(NioEventLoop.java:658)
	at io.netty.channel.nio.NioEventLoop.processSelectedKeys(NioEventLoop.java:584)
	at io.netty.channel.nio.NioEventLoop.run(NioEventLoop.java:496)
	at io.netty.util.concurrent.SingleThreadEventExecutor$4.run(SingleThreadEventExecutor.java:986)
	at io.netty.util.internal.ThreadExecutorMap$2.run(ThreadExecutorMap.java:74)
	at io.netty.util.concurrent.FastThreadLocalRunnable.run(FastThreadLocalRunnable.java:30)
	at java.base/java.lang.Thread.run(Thread.java:834)
16:32:43.273 [AsyncHttpClient-1-8] DEBUG org.asynchttpclient.netty.channel.ChannelManager - Closing Channel [id: 0x3c77fd46, L:/127.0.0.1:50945 - R:localhost/127.0.0.1:51673] 
16:32:43.273 [AsyncHttpClient-1-8] DEBUG org.asynchttpclient.netty.handler.HttpHandler - Channel Closed: [id: 0x3c77fd46, L:/127.0.0.1:50945 ! R:localhost/127.0.0.1:51673] with attribute DISCARD
16:32:43.352 [main] INFO  - 
  _____   ___   ___   _____     ___     _     ___   ___   ___   ___  
 |_   _| | __| / __| |_   _|   | _ \   /_\   / __| / __| | __| |   \ 
   | |   | _|  \__ \   | |     |  _/  / _ \  \__ \ \__ \ | _|  | |) |
   |_|   |___| |___/   |_|     |_|   /_/ \_\ |___/ |___/ |___| |___/ 

As a admin i want to Add Manage Schedule Rawat Jalan - KosongTanggal
----------------------------------------------------------------------
]]></system-out>
    <system-err><![CDATA[Starting ChromeDriver 103.0.5060.53 (a1711811edd74ff1cf2150f36ffa3b0dae40b17f-refs/branch-heads/5060@{#853}) on port 51673
Only local connections are allowed.
Please see https://chromedriver.chromium.org/security-considerations for suggestions on keeping ChromeDriver safe.
ChromeDriver was started successfully.
Jul 10, 2022 4:32:06 PM org.openqa.selenium.remote.ProtocolHandshake createSession
INFO: Detected dialect: W3C
Jul 10, 2022 4:32:06 PM org.openqa.selenium.devtools.CdpVersionFinder findNearestMatch
WARNING: Unable to find an exact match for CDP version 103, so returning the closest version found: a no-op implementation
Jul 10, 2022 4:32:06 PM org.openqa.selenium.devtools.CdpVersionFinder findNearestMatch
INFO: Unable to find CDP implementation matching 103.
Jul 10, 2022 4:32:06 PM org.openqa.selenium.chromium.ChromiumDriver lambda$new$3
WARNING: Unable to find version of CDP to use for . You may need to include a dependency on a specific version of the CDP using something similar to `org.seleniumhq.selenium:selenium-devtools-v86:4.1.2` where the version ("v86") matches the version of the chromium-based browser you're using and the version number of the artifact is the same as Selenium's.
]]></system-err>
  </testcase>
  <testcase name="As a admin i want to Add Manage Schedule Rawat Biasa - Tidak memilih Perawat" classname="Add Kelola Jadwal - Admin" time="31.494">
    <system-out><![CDATA[
@AddKelolaJadwal @AddKelolaJadwalRawatBiasaNoPerawat
Scenario Outline: As a admin i want to Add Manage Schedule Rawat Biasa - Tidak memilih Perawat &amp#27;[90m# src/test/resources/features/AddKelolaJadwal.feature:60&amp#27;[0m
16:32:43.448 [main] INFO io.cucumber.core.plugin.SerenityReporter - Running feature from file:///D:/Kel-1-capstone/TestingWeb/src/test/resources/features/AddKelolaJadwal.feature
16:32:43.481 [main] INFO  - 
  _____   ___   ___   _____     ___   _____     _     ___   _____   ___   ___  
 |_   _| | __| / __| |_   _|   / __| |_   _|   /_\   | _ \ |_   _| | __| |   \ 
   | |   | _|  \__ \   | |     \__ \   | |    / _ \  |   /   | |   | _|  | |) |
   |_|   |___| |___/   |_|     |___/   |_|   /_/ \_\ |_|_\   |_|   |___| |___/ 

As a admin i want to Add Manage Schedule Rawat Biasa - Tidak memilih Perawat(add-kelola-jadwal---admin;as-a-admin-i-want-to-add-manage-schedule-rawat-biasa---tidak-memilih-perawat)
--------------------------------------------------------------------------------
16:32:43.735 [main] DEBUG net.thucydides.core.steps.StepInterceptor - STARTING STEP: KelolaJadwalSteps.openPageKelolaJadwal - openKelolaJadwal
16:32:43.745 [main] INFO net.serenitybdd.core.webdriver.driverproviders.ChromeDriverProvider - Using automatically driver download
16:32:44.042 [AsyncHttpClient-1-1] DEBUG org.asynchttpclient.netty.channel.DefaultChannelPool - Entry count for : http://localhost:51673 : 1
16:32:44.042 [AsyncHttpClient-1-1] DEBUG org.asynchttpclient.netty.channel.DefaultChannelPool - Adding Candidate expired Channel [id: 0x3c77fd46, L:/127.0.0.1:50945 ! R:localhost/127.0.0.1:51673] isIdleTimeoutExpired=false isRemotelyClosed=true isTtlExpired=false
16:32:44.042 [AsyncHttpClient-1-1] DEBUG org.asynchttpclient.netty.channel.DefaultChannelPool - Closing Idle Channel [id: 0x3c77fd46, L:/127.0.0.1:50945 ! R:localhost/127.0.0.1:51673]
16:32:44.042 [AsyncHttpClient-1-1] DEBUG org.asynchttpclient.netty.channel.DefaultChannelPool - Closed 1 connections out of 1 in 0 ms
16:32:44.460 [main] DEBUG io.github.bonigarcia.wdm.cache.ResolutionCache - Resolution chrome=103 in cache (valid until 17:02:47 10/07/2022 ICT)
16:32:44.514 [main] DEBUG io.github.bonigarcia.wdm.cache.ResolutionCache - Resolution chrome103=103.0.5060.53 in cache (valid until 16:02:47 11/07/2022 ICT)
16:32:44.535 [main] INFO io.github.bonigarcia.wdm.WebDriverManager - Using chromedriver 103.0.5060.53 (resolved driver for Chrome 103)
16:32:44.687 [main] DEBUG io.github.bonigarcia.wdm.WebDriverManager - Driver chromedriver 103.0.5060.53 found in cache
16:32:44.693 [main] INFO io.github.bonigarcia.wdm.WebDriverManager - Exporting webdriver.chrome.driver as C:\Users\ASUS\.cache\selenium\chromedriver\win32\103.0.5060.53\chromedriver.exe
16:32:45.643 [main] DEBUG net.serenitybdd.core.webdriver.driverproviders.ProvideNewDriver - Instantiating driver
16:32:45.643 [main] DEBUG net.serenitybdd.core.webdriver.driverproviders.ProvideNewDriver - Driver capabilities: Capabilities {acceptInsecureCerts: false, base.url: https://fanciful-trifle-360..., browserName: chrome, chorme.driver: src/test/resources/webdrive..., driver: chrome, goog:chromeOptions: {args: [], extensions: []}}
16:32:46.347 [AsyncHttpClient-1-3] DEBUG org.asynchttpclient.netty.channel.NettyConnectListener - Using new Channel '[id: 0x2c2d7a46, L:/127.0.0.1:50993 - R:localhost/127.0.0.1:62582]' for 'POST' to '/session'
16:32:50.821 [AsyncHttpClient-1-3] DEBUG org.asynchttpclient.netty.handler.HttpHandler - 

Request DefaultHttpRequest(decodeResult: success, version: HTTP/1.1)
POST /session HTTP/1.1
User-Agent: selenium/4.1.2 (java windows)
Content-Length: 629
Content-Type: application/json; charset=utf-8
host: localhost:62582
accept: */*

Response DefaultHttpResponse(decodeResult: success, version: HTTP/1.1)
HTTP/1.1 200 OK
Content-Type: application/json; charset=utf-8
cache-control: no-cache
content-length: 789

16:32:50.822 [AsyncHttpClient-1-3] DEBUG org.asynchttpclient.netty.channel.ChannelManager - Adding key: http://localhost:62582 for channel [id: 0x2c2d7a46, L:/127.0.0.1:50993 - R:localhost/127.0.0.1:62582]
16:32:50.883 [AsyncHttpClient-1-4] DEBUG org.asynchttpclient.netty.channel.NettyConnectListener - Using new Channel '[id: 0x4d5e1c47, L:/127.0.0.1:51007 - R:localhost/127.0.0.1:50995]' for 'GET' to '/json/version'
16:32:50.883 [AsyncHttpClient-1-4] DEBUG org.asynchttpclient.netty.handler.HttpHandler - 

Request DefaultFullHttpRequest(decodeResult: success, version: HTTP/1.1, content: EmptyByteBufBE)
GET /json/version HTTP/1.1
User-Agent: selenium/4.1.2 (java windows)
host: localhost:50995
accept: */*

Response DefaultHttpResponse(decodeResult: success, version: HTTP/1.1)
HTTP/1.1 200 OK
Content-Type: application/json; charset=UTF-8
content-length: 429

16:32:50.883 [AsyncHttpClient-1-4] DEBUG org.asynchttpclient.netty.channel.ChannelManager - Adding key: http://localhost:50995 for channel [id: 0x4d5e1c47, L:/127.0.0.1:51007 - R:localhost/127.0.0.1:50995]
16:32:50.893 [AsyncHttpClient-1-5] DEBUG org.asynchttpclient.netty.channel.NettyConnectListener - Using new Channel '[id: 0x37e23862, L:/127.0.0.1:51008 - R:localhost/127.0.0.1:50995]' for 'GET' to '/devtools/browser/68630320-c14d-4cc9-9a47-e30ffbe86650'
16:32:50.902 [AsyncHttpClient-1-5] DEBUG org.asynchttpclient.netty.handler.WebSocketHandler - 

Request DefaultFullHttpRequest(decodeResult: success, version: HTTP/1.1, content: EmptyByteBufBE)
GET /devtools/browser/68630320-c14d-4cc9-9a47-e30ffbe86650 HTTP/1.1
upgrade: websocket
connection: upgrade
sec-websocket-key: MJinkNZmeI4ZUHm5uXBViQ==
sec-websocket-version: 13
origin: http://localhost:50995
host: localhost:50995
accept: */*
user-agent: AHC/2.1

Response DefaultHttpResponse(decodeResult: success, version: HTTP/1.1)
HTTP/1.1 101 WebSocket Protocol Handshake
Upgrade: WebSocket
Connection: Upgrade
Sec-WebSocket-Accept: pDJXiawHSF87EwaXUd05HujHWtk=

16:32:50.943 [Forwarding get on session eca8343aca808555dec9f75e5262746e to remote] DEBUG org.asynchttpclient.netty.request.NettyRequestSender - Using pooled Channel '[id: 0x2c2d7a46, L:/127.0.0.1:50993 - R:localhost/127.0.0.1:62582]' for 'POST' to 'http://localhost:62582/session/eca8343aca808555dec9f75e5262746e/url'
16:32:50.945 [Forwarding get on session eca8343aca808555dec9f75e5262746e to remote] DEBUG org.asynchttpclient.netty.request.NettyRequestSender - Using open Channel [id: 0x2c2d7a46, L:/127.0.0.1:50993 - R:localhost/127.0.0.1:62582] for POST '/session/eca8343aca808555dec9f75e5262746e/url'
16:32:51.741 [AsyncHttpClient-1-1] DEBUG org.asynchttpclient.netty.channel.DefaultChannelPool - Entry count for : http://localhost:50995 : 1
16:32:52.851 [AsyncHttpClient-1-1] DEBUG org.asynchttpclient.netty.channel.DefaultChannelPool - Entry count for : http://localhost:50995 : 1
16:32:53.904 [AsyncHttpClient-1-3] DEBUG org.asynchttpclient.netty.handler.HttpHandler - 

Request DefaultHttpRequest(decodeResult: success, version: HTTP/1.1)
POST /session/eca8343aca808555dec9f75e5262746e/url HTTP/1.1
User-Agent: selenium/4.1.2 (java windows)
Content-Length: 86
Content-Type: application/json; charset=utf-8
host: localhost:62582
accept: */*

Response DefaultHttpResponse(decodeResult: success, version: HTTP/1.1)
HTTP/1.1 200 OK
Content-Type: application/json; charset=utf-8
cache-control: no-cache
content-length: 14

16:32:53.904 [AsyncHttpClient-1-3] DEBUG org.asynchttpclient.netty.channel.ChannelManager - Adding key: http://localhost:62582 for channel [id: 0x2c2d7a46, L:/127.0.0.1:50993 - R:localhost/127.0.0.1:62582]
16:32:53.914 [Forwarding setTimeout on session eca8343aca808555dec9f75e5262746e to remote] DEBUG org.asynchttpclient.netty.request.NettyRequestSender - Using pooled Channel '[id: 0x2c2d7a46, L:/127.0.0.1:50993 - R:localhost/127.0.0.1:62582]' for 'POST' to 'http://localhost:62582/session/eca8343aca808555dec9f75e5262746e/timeouts'
16:32:53.914 [Forwarding setTimeout on session eca8343aca808555dec9f75e5262746e to remote] DEBUG org.asynchttpclient.netty.request.NettyRequestSender - Using open Channel [id: 0x2c2d7a46, L:/127.0.0.1:50993 - R:localhost/127.0.0.1:62582] for POST '/session/eca8343aca808555dec9f75e5262746e/timeouts'
16:32:53.931 [AsyncHttpClient-1-3] DEBUG org.asynchttpclient.netty.handler.HttpHandler - 

Request DefaultHttpRequest(decodeResult: success, version: HTTP/1.1)
POST /session/eca8343aca808555dec9f75e5262746e/timeouts HTTP/1.1
User-Agent: selenium/4.1.2 (java windows)
Content-Length: 22
Content-Type: application/json; charset=utf-8
host: localhost:62582
accept: */*

Response DefaultHttpResponse(decodeResult: success, version: HTTP/1.1)
HTTP/1.1 200 OK
Content-Type: application/json; charset=utf-8
cache-control: no-cache
content-length: 14

16:32:53.931 [AsyncHttpClient-1-3] DEBUG org.asynchttpclient.netty.channel.ChannelManager - Adding key: http://localhost:62582 for channel [id: 0x2c2d7a46, L:/127.0.0.1:50993 - R:localhost/127.0.0.1:62582]
16:32:53.955 [Forwarding getCurrentUrl on session eca8343aca808555dec9f75e5262746e to remote] DEBUG org.asynchttpclient.netty.request.NettyRequestSender - Using pooled Channel '[id: 0x2c2d7a46, L:/127.0.0.1:50993 - R:localhost/127.0.0.1:62582]' for 'GET' to 'http://localhost:62582/session/eca8343aca808555dec9f75e5262746e/url'
16:32:53.955 [Forwarding getCurrentUrl on session eca8343aca808555dec9f75e5262746e to remote] DEBUG org.asynchttpclient.netty.request.NettyRequestSender - Using open Channel [id: 0x2c2d7a46, L:/127.0.0.1:50993 - R:localhost/127.0.0.1:62582] for GET '/session/eca8343aca808555dec9f75e5262746e/url'
16:32:53.965 [AsyncHttpClient-1-1] DEBUG org.asynchttpclient.netty.channel.DefaultChannelPool - Entry count for : http://localhost:50995 : 1
16:32:54.025 [AsyncHttpClient-1-3] DEBUG org.asynchttpclient.netty.handler.HttpHandler - 

Request DefaultFullHttpRequest(decodeResult: success, version: HTTP/1.1, content: EmptyByteBufBE)
GET /session/eca8343aca808555dec9f75e5262746e/url HTTP/1.1
User-Agent: selenium/4.1.2 (java windows)
Cache-Control: no-cache
Content-Type: application/json; charset=utf-8
host: localhost:62582
accept: */*

Response DefaultHttpResponse(decodeResult: success, version: HTTP/1.1)
HTTP/1.1 200 OK
Content-Type: application/json; charset=utf-8
cache-control: no-cache
content-length: 68

16:32:54.025 [AsyncHttpClient-1-3] DEBUG org.asynchttpclient.netty.channel.ChannelManager - Adding key: http://localhost:62582 for channel [id: 0x2c2d7a46, L:/127.0.0.1:50993 - R:localhost/127.0.0.1:62582]
16:32:54.061 [Forwarding screenshot on session eca8343aca808555dec9f75e5262746e to remote] DEBUG org.asynchttpclient.netty.request.NettyRequestSender - Using pooled Channel '[id: 0x2c2d7a46, L:/127.0.0.1:50993 - R:localhost/127.0.0.1:62582]' for 'GET' to 'http://localhost:62582/session/eca8343aca808555dec9f75e5262746e/screenshot'
16:32:54.061 [Forwarding screenshot on session eca8343aca808555dec9f75e5262746e to remote] DEBUG org.asynchttpclient.netty.request.NettyRequestSender - Using open Channel [id: 0x2c2d7a46, L:/127.0.0.1:50993 - R:localhost/127.0.0.1:62582] for GET '/session/eca8343aca808555dec9f75e5262746e/screenshot'
16:32:55.049 [AsyncHttpClient-1-1] DEBUG org.asynchttpclient.netty.channel.DefaultChannelPool - Entry count for : http://localhost:50995 : 1
16:32:55.542 [AsyncHttpClient-1-3] DEBUG org.asynchttpclient.netty.handler.HttpHandler - 

Request DefaultFullHttpRequest(decodeResult: success, version: HTTP/1.1, content: EmptyByteBufBE)
GET /session/eca8343aca808555dec9f75e5262746e/screenshot HTTP/1.1
User-Agent: selenium/4.1.2 (java windows)
Cache-Control: no-cache
Content-Type: application/json; charset=utf-8
host: localhost:62582
accept: */*

Response DefaultHttpResponse(decodeResult: success, version: HTTP/1.1)
HTTP/1.1 200 OK
Content-Type: application/json; charset=utf-8
cache-control: no-cache
content-length: 63852

16:32:55.542 [AsyncHttpClient-1-3] DEBUG org.asynchttpclient.netty.channel.ChannelManager - Adding key: http://localhost:62582 for channel [id: 0x2c2d7a46, L:/127.0.0.1:50993 - R:localhost/127.0.0.1:62582]
16:32:55.558 [main] DEBUG net.serenitybdd.core.photography.Darkroom - Send negative for processing for target\site\serenity\4b4d52303de5bc8432cc997710f18014a7cf8b38aa1398c92010be89ef973807.png
16:32:55.558 [main] DEBUG net.thucydides.core.steps.StepInterceptor - STEP DONE: openKelolaJadwal
  &amp#27;[32mGiven &amp#27;[0m&amp#27;[32mOpen page Kelola Jadwal&amp#27;[0m                                                                &amp#27;[90m# starter.stepdefinitios.KelolaJadwalSteps.openPageKelolaJadwal()&amp#27;[0m
16:32:55.774 [Forwarding screenshot on session eca8343aca808555dec9f75e5262746e to remote] DEBUG org.asynchttpclient.netty.request.NettyRequestSender - Using pooled Channel '[id: 0x2c2d7a46, L:/127.0.0.1:50993 - R:localhost/127.0.0.1:62582]' for 'GET' to 'http://localhost:62582/session/eca8343aca808555dec9f75e5262746e/screenshot'
16:32:55.774 [Forwarding screenshot on session eca8343aca808555dec9f75e5262746e to remote] DEBUG org.asynchttpclient.netty.request.NettyRequestSender - Using open Channel [id: 0x2c2d7a46, L:/127.0.0.1:50993 - R:localhost/127.0.0.1:62582] for GET '/session/eca8343aca808555dec9f75e5262746e/screenshot'
16:32:56.112 [AsyncHttpClient-1-3] DEBUG org.asynchttpclient.netty.handler.HttpHandler - 

Request DefaultFullHttpRequest(decodeResult: success, version: HTTP/1.1, content: EmptyByteBufBE)
GET /session/eca8343aca808555dec9f75e5262746e/screenshot HTTP/1.1
User-Agent: selenium/4.1.2 (java windows)
Cache-Control: no-cache
Content-Type: application/json; charset=utf-8
host: localhost:62582
accept: */*

Response DefaultHttpResponse(decodeResult: success, version: HTTP/1.1)
HTTP/1.1 200 OK
Content-Type: application/json; charset=utf-8
cache-control: no-cache
content-length: 63852

16:32:56.112 [AsyncHttpClient-1-3] DEBUG org.asynchttpclient.netty.channel.ChannelManager - Adding key: http://localhost:62582 for channel [id: 0x2c2d7a46, L:/127.0.0.1:50993 - R:localhost/127.0.0.1:62582]
16:32:56.122 [main] DEBUG net.serenitybdd.core.photography.Darkroom - Send negative for processing for target\site\serenity\4b4d52303de5bc8432cc997710f18014a7cf8b38aa1398c92010be89ef973807.png
16:32:56.122 [main] DEBUG net.thucydides.core.steps.StepInterceptor - STARTING STEP: PatientDataSteps.clickButtonTambahData - clickButtonTambah
16:32:56.141 [AsyncHttpClient-1-1] DEBUG org.asynchttpclient.netty.channel.DefaultChannelPool - Entry count for : http://localhost:50995 : 1
16:32:56.141 [AsyncHttpClient-1-1] DEBUG org.asynchttpclient.netty.channel.DefaultChannelPool - Entry count for : http://localhost:62582 : 1
16:32:56.142 [Forwarding findElement on session eca8343aca808555dec9f75e5262746e to remote] DEBUG org.asynchttpclient.netty.request.NettyRequestSender - Using pooled Channel '[id: 0x2c2d7a46, L:/127.0.0.1:50993 - R:localhost/127.0.0.1:62582]' for 'POST' to 'http://localhost:62582/session/eca8343aca808555dec9f75e5262746e/element'
16:32:56.142 [Forwarding findElement on session eca8343aca808555dec9f75e5262746e to remote] DEBUG org.asynchttpclient.netty.request.NettyRequestSender - Using open Channel [id: 0x2c2d7a46, L:/127.0.0.1:50993 - R:localhost/127.0.0.1:62582] for POST '/session/eca8343aca808555dec9f75e5262746e/element'
16:32:56.202 [AsyncHttpClient-1-3] DEBUG org.asynchttpclient.netty.handler.HttpHandler - 

Request DefaultHttpRequest(decodeResult: success, version: HTTP/1.1)
POST /session/eca8343aca808555dec9f75e5262746e/element HTTP/1.1
User-Agent: selenium/4.1.2 (java windows)
Content-Length: 68
Content-Type: application/json; charset=utf-8
host: localhost:62582
accept: */*

Response DefaultHttpResponse(decodeResult: success, version: HTTP/1.1)
HTTP/1.1 200 OK
Content-Type: application/json; charset=utf-8
cache-control: no-cache
content-length: 88

16:32:56.202 [AsyncHttpClient-1-3] DEBUG org.asynchttpclient.netty.channel.ChannelManager - Adding key: http://localhost:62582 for channel [id: 0x2c2d7a46, L:/127.0.0.1:50993 - R:localhost/127.0.0.1:62582]
16:32:56.211 [Forwarding getElementTagName on session eca8343aca808555dec9f75e5262746e to remote] DEBUG org.asynchttpclient.netty.request.NettyRequestSender - Using pooled Channel '[id: 0x2c2d7a46, L:/127.0.0.1:50993 - R:localhost/127.0.0.1:62582]' for 'GET' to 'http://localhost:62582/session/eca8343aca808555dec9f75e5262746e/element/3c3722f0-4dd5-4a0a-9725-0b760c652d70/name'
16:32:56.213 [Forwarding getElementTagName on session eca8343aca808555dec9f75e5262746e to remote] DEBUG org.asynchttpclient.netty.request.NettyRequestSender - Using open Channel [id: 0x2c2d7a46, L:/127.0.0.1:50993 - R:localhost/127.0.0.1:62582] for GET '/session/eca8343aca808555dec9f75e5262746e/element/3c3722f0-4dd5-4a0a-9725-0b760c652d70/name'
16:32:56.241 [AsyncHttpClient-1-3] DEBUG org.asynchttpclient.netty.handler.HttpHandler - 

Request DefaultFullHttpRequest(decodeResult: success, version: HTTP/1.1, content: EmptyByteBufBE)
GET /session/eca8343aca808555dec9f75e5262746e/element/3c3722f0-4dd5-4a0a-9725-0b760c652d70/name HTTP/1.1
User-Agent: selenium/4.1.2 (java windows)
Cache-Control: no-cache
Content-Type: application/json; charset=utf-8
host: localhost:62582
accept: */*

Response DefaultHttpResponse(decodeResult: success, version: HTTP/1.1)
HTTP/1.1 200 OK
Content-Type: application/json; charset=utf-8
cache-control: no-cache
content-length: 18

16:32:56.241 [AsyncHttpClient-1-3] DEBUG org.asynchttpclient.netty.channel.ChannelManager - Adding key: http://localhost:62582 for channel [id: 0x2c2d7a46, L:/127.0.0.1:50993 - R:localhost/127.0.0.1:62582]
16:32:56.251 [Forwarding getElementTagName on session eca8343aca808555dec9f75e5262746e to remote] DEBUG org.asynchttpclient.netty.request.NettyRequestSender - Using pooled Channel '[id: 0x2c2d7a46, L:/127.0.0.1:50993 - R:localhost/127.0.0.1:62582]' for 'GET' to 'http://localhost:62582/session/eca8343aca808555dec9f75e5262746e/element/3c3722f0-4dd5-4a0a-9725-0b760c652d70/name'
16:32:56.251 [Forwarding getElementTagName on session eca8343aca808555dec9f75e5262746e to remote] DEBUG org.asynchttpclient.netty.request.NettyRequestSender - Using open Channel [id: 0x2c2d7a46, L:/127.0.0.1:50993 - R:localhost/127.0.0.1:62582] for GET '/session/eca8343aca808555dec9f75e5262746e/element/3c3722f0-4dd5-4a0a-9725-0b760c652d70/name'
16:32:56.272 [AsyncHttpClient-1-3] DEBUG org.asynchttpclient.netty.handler.HttpHandler - 

Request DefaultFullHttpRequest(decodeResult: success, version: HTTP/1.1, content: EmptyByteBufBE)
GET /session/eca8343aca808555dec9f75e5262746e/element/3c3722f0-4dd5-4a0a-9725-0b760c652d70/name HTTP/1.1
User-Agent: selenium/4.1.2 (java windows)
Cache-Control: no-cache
Content-Type: application/json; charset=utf-8
host: localhost:62582
accept: */*

Response DefaultHttpResponse(decodeResult: success, version: HTTP/1.1)
HTTP/1.1 200 OK
Content-Type: application/json; charset=utf-8
cache-control: no-cache
content-length: 18

16:32:56.274 [AsyncHttpClient-1-3] DEBUG org.asynchttpclient.netty.channel.ChannelManager - Adding key: http://localhost:62582 for channel [id: 0x2c2d7a46, L:/127.0.0.1:50993 - R:localhost/127.0.0.1:62582]
16:32:56.284 [Forwarding isElementEnabled on session eca8343aca808555dec9f75e5262746e to remote] DEBUG org.asynchttpclient.netty.request.NettyRequestSender - Using pooled Channel '[id: 0x2c2d7a46, L:/127.0.0.1:50993 - R:localhost/127.0.0.1:62582]' for 'GET' to 'http://localhost:62582/session/eca8343aca808555dec9f75e5262746e/element/3c3722f0-4dd5-4a0a-9725-0b760c652d70/enabled'
16:32:56.284 [Forwarding isElementEnabled on session eca8343aca808555dec9f75e5262746e to remote] DEBUG org.asynchttpclient.netty.request.NettyRequestSender - Using open Channel [id: 0x2c2d7a46, L:/127.0.0.1:50993 - R:localhost/127.0.0.1:62582] for GET '/session/eca8343aca808555dec9f75e5262746e/element/3c3722f0-4dd5-4a0a-9725-0b760c652d70/enabled'
16:32:56.335 [AsyncHttpClient-1-3] DEBUG org.asynchttpclient.netty.handler.HttpHandler - 

Request DefaultFullHttpRequest(decodeResult: success, version: HTTP/1.1, content: EmptyByteBufBE)
GET /session/eca8343aca808555dec9f75e5262746e/element/3c3722f0-4dd5-4a0a-9725-0b760c652d70/enabled HTTP/1.1
User-Agent: selenium/4.1.2 (java windows)
Cache-Control: no-cache
Content-Type: application/json; charset=utf-8
host: localhost:62582
accept: */*

Response DefaultHttpResponse(decodeResult: success, version: HTTP/1.1)
HTTP/1.1 200 OK
Content-Type: application/json; charset=utf-8
cache-control: no-cache
content-length: 14

16:32:56.335 [AsyncHttpClient-1-3] DEBUG org.asynchttpclient.netty.channel.ChannelManager - Adding key: http://localhost:62582 for channel [id: 0x2c2d7a46, L:/127.0.0.1:50993 - R:localhost/127.0.0.1:62582]
16:32:56.343 [Forwarding isElementEnabled on session eca8343aca808555dec9f75e5262746e to remote] DEBUG org.asynchttpclient.netty.request.NettyRequestSender - Using pooled Channel '[id: 0x2c2d7a46, L:/127.0.0.1:50993 - R:localhost/127.0.0.1:62582]' for 'GET' to 'http://localhost:62582/session/eca8343aca808555dec9f75e5262746e/element/3c3722f0-4dd5-4a0a-9725-0b760c652d70/enabled'
16:32:56.343 [Forwarding isElementEnabled on session eca8343aca808555dec9f75e5262746e to remote] DEBUG org.asynchttpclient.netty.request.NettyRequestSender - Using open Channel [id: 0x2c2d7a46, L:/127.0.0.1:50993 - R:localhost/127.0.0.1:62582] for GET '/session/eca8343aca808555dec9f75e5262746e/element/3c3722f0-4dd5-4a0a-9725-0b760c652d70/enabled'
16:32:56.396 [AsyncHttpClient-1-3] DEBUG org.asynchttpclient.netty.handler.HttpHandler - 

Request DefaultFullHttpRequest(decodeResult: success, version: HTTP/1.1, content: EmptyByteBufBE)
GET /session/eca8343aca808555dec9f75e5262746e/element/3c3722f0-4dd5-4a0a-9725-0b760c652d70/enabled HTTP/1.1
User-Agent: selenium/4.1.2 (java windows)
Cache-Control: no-cache
Content-Type: application/json; charset=utf-8
host: localhost:62582
accept: */*

Response DefaultHttpResponse(decodeResult: success, version: HTTP/1.1)
HTTP/1.1 200 OK
Content-Type: application/json; charset=utf-8
cache-control: no-cache
content-length: 14

16:32:56.396 [AsyncHttpClient-1-3] DEBUG org.asynchttpclient.netty.channel.ChannelManager - Adding key: http://localhost:62582 for channel [id: 0x2c2d7a46, L:/127.0.0.1:50993 - R:localhost/127.0.0.1:62582]
16:32:56.404 [Forwarding findElement on session eca8343aca808555dec9f75e5262746e to remote] DEBUG org.asynchttpclient.netty.request.NettyRequestSender - Using pooled Channel '[id: 0x2c2d7a46, L:/127.0.0.1:50993 - R:localhost/127.0.0.1:62582]' for 'POST' to 'http://localhost:62582/session/eca8343aca808555dec9f75e5262746e/element'
16:32:56.404 [Forwarding findElement on session eca8343aca808555dec9f75e5262746e to remote] DEBUG org.asynchttpclient.netty.request.NettyRequestSender - Using open Channel [id: 0x2c2d7a46, L:/127.0.0.1:50993 - R:localhost/127.0.0.1:62582] for POST '/session/eca8343aca808555dec9f75e5262746e/element'
16:32:56.440 [AsyncHttpClient-1-3] DEBUG org.asynchttpclient.netty.handler.HttpHandler - 

Request DefaultHttpRequest(decodeResult: success, version: HTTP/1.1)
POST /session/eca8343aca808555dec9f75e5262746e/element HTTP/1.1
User-Agent: selenium/4.1.2 (java windows)
Content-Length: 68
Content-Type: application/json; charset=utf-8
host: localhost:62582
accept: */*

Response DefaultHttpResponse(decodeResult: success, version: HTTP/1.1)
HTTP/1.1 200 OK
Content-Type: application/json; charset=utf-8
cache-control: no-cache
content-length: 88

16:32:56.441 [AsyncHttpClient-1-3] DEBUG org.asynchttpclient.netty.channel.ChannelManager - Adding key: http://localhost:62582 for channel [id: 0x2c2d7a46, L:/127.0.0.1:50993 - R:localhost/127.0.0.1:62582]
16:32:56.446 [Forwarding clickElement on session eca8343aca808555dec9f75e5262746e to remote] DEBUG org.asynchttpclient.netty.request.NettyRequestSender - Using pooled Channel '[id: 0x2c2d7a46, L:/127.0.0.1:50993 - R:localhost/127.0.0.1:62582]' for 'POST' to 'http://localhost:62582/session/eca8343aca808555dec9f75e5262746e/element/3c3722f0-4dd5-4a0a-9725-0b760c652d70/click'
16:32:56.446 [Forwarding clickElement on session eca8343aca808555dec9f75e5262746e to remote] DEBUG org.asynchttpclient.netty.request.NettyRequestSender - Using open Channel [id: 0x2c2d7a46, L:/127.0.0.1:50993 - R:localhost/127.0.0.1:62582] for POST '/session/eca8343aca808555dec9f75e5262746e/element/3c3722f0-4dd5-4a0a-9725-0b760c652d70/click'
16:32:56.939 [AsyncHttpClient-1-3] DEBUG org.asynchttpclient.netty.handler.HttpHandler - 

Request DefaultHttpRequest(decodeResult: success, version: HTTP/1.1)
POST /session/eca8343aca808555dec9f75e5262746e/element/3c3722f0-4dd5-4a0a-9725-0b760c652d70/click HTTP/1.1
User-Agent: selenium/4.1.2 (java windows)
Content-Length: 50
Content-Type: application/json; charset=utf-8
host: localhost:62582
accept: */*

Response DefaultHttpResponse(decodeResult: success, version: HTTP/1.1)
HTTP/1.1 200 OK
Content-Type: application/json; charset=utf-8
cache-control: no-cache
content-length: 14

16:32:56.939 [AsyncHttpClient-1-3] DEBUG org.asynchttpclient.netty.channel.ChannelManager - Adding key: http://localhost:62582 for channel [id: 0x2c2d7a46, L:/127.0.0.1:50993 - R:localhost/127.0.0.1:62582]
16:32:56.987 [Forwarding screenshot on session eca8343aca808555dec9f75e5262746e to remote] DEBUG org.asynchttpclient.netty.request.NettyRequestSender - Using pooled Channel '[id: 0x2c2d7a46, L:/127.0.0.1:50993 - R:localhost/127.0.0.1:62582]' for 'GET' to 'http://localhost:62582/session/eca8343aca808555dec9f75e5262746e/screenshot'
16:32:56.987 [Forwarding screenshot on session eca8343aca808555dec9f75e5262746e to remote] DEBUG org.asynchttpclient.netty.request.NettyRequestSender - Using open Channel [id: 0x2c2d7a46, L:/127.0.0.1:50993 - R:localhost/127.0.0.1:62582] for GET '/session/eca8343aca808555dec9f75e5262746e/screenshot'
16:32:57.241 [AsyncHttpClient-1-1] DEBUG org.asynchttpclient.netty.channel.DefaultChannelPool - Entry count for : http://localhost:50995 : 1
16:32:57.884 [AsyncHttpClient-1-3] DEBUG org.asynchttpclient.netty.handler.HttpHandler - 

Request DefaultFullHttpRequest(decodeResult: success, version: HTTP/1.1, content: EmptyByteBufBE)
GET /session/eca8343aca808555dec9f75e5262746e/screenshot HTTP/1.1
User-Agent: selenium/4.1.2 (java windows)
Cache-Control: no-cache
Content-Type: application/json; charset=utf-8
host: localhost:62582
accept: */*

Response DefaultHttpResponse(decodeResult: success, version: HTTP/1.1)
HTTP/1.1 200 OK
Content-Type: application/json; charset=utf-8
cache-control: no-cache
content-length: 47868

16:32:57.889 [AsyncHttpClient-1-3] DEBUG org.asynchttpclient.netty.channel.ChannelManager - Adding key: http://localhost:62582 for channel [id: 0x2c2d7a46, L:/127.0.0.1:50993 - R:localhost/127.0.0.1:62582]
16:32:57.913 [main] DEBUG net.serenitybdd.core.photography.Darkroom - Send negative for processing for target\site\serenity\5be895550a5abdd674d3dfafc72bbb24f0ef29da5013b93e4e51af0fe62cac24.png
16:32:57.915 [main] DEBUG net.thucydides.core.steps.StepInterceptor - STEP DONE: clickButtonTambah
  &amp#27;[32mWhen &amp#27;[0m&amp#27;[32mClick button tambah data&amp#27;[0m                                                                &amp#27;[90m# starter.stepdefinitios.PatientDataSteps.clickButtonTambahData()&amp#27;[0m
16:32:57.970 [Forwarding screenshot on session eca8343aca808555dec9f75e5262746e to remote] DEBUG org.asynchttpclient.netty.request.NettyRequestSender - Using pooled Channel '[id: 0x2c2d7a46, L:/127.0.0.1:50993 - R:localhost/127.0.0.1:62582]' for 'GET' to 'http://localhost:62582/session/eca8343aca808555dec9f75e5262746e/screenshot'
16:32:57.970 [Forwarding screenshot on session eca8343aca808555dec9f75e5262746e to remote] DEBUG org.asynchttpclient.netty.request.NettyRequestSender - Using open Channel [id: 0x2c2d7a46, L:/127.0.0.1:50993 - R:localhost/127.0.0.1:62582] for GET '/session/eca8343aca808555dec9f75e5262746e/screenshot'
16:32:58.306 [AsyncHttpClient-1-3] DEBUG org.asynchttpclient.netty.handler.HttpHandler - 

Request DefaultFullHttpRequest(decodeResult: success, version: HTTP/1.1, content: EmptyByteBufBE)
GET /session/eca8343aca808555dec9f75e5262746e/screenshot HTTP/1.1
User-Agent: selenium/4.1.2 (java windows)
Cache-Control: no-cache
Content-Type: application/json; charset=utf-8
host: localhost:62582
accept: */*

Response DefaultHttpResponse(decodeResult: success, version: HTTP/1.1)
HTTP/1.1 200 OK
Content-Type: application/json; charset=utf-8
cache-control: no-cache
content-length: 52112

16:32:58.309 [AsyncHttpClient-1-3] DEBUG org.asynchttpclient.netty.channel.ChannelManager - Adding key: http://localhost:62582 for channel [id: 0x2c2d7a46, L:/127.0.0.1:50993 - R:localhost/127.0.0.1:62582]
16:32:58.319 [main] DEBUG net.serenitybdd.core.photography.Darkroom - Send negative for processing for target\site\serenity\6791301d8739675b6b36ebc640ec88973c87ef88ba523667f6be61a8b391b1c0.png
16:32:58.349 [AsyncHttpClient-1-1] DEBUG org.asynchttpclient.netty.channel.DefaultChannelPool - Entry count for : http://localhost:50995 : 1
16:32:58.350 [AsyncHttpClient-1-1] DEBUG org.asynchttpclient.netty.channel.DefaultChannelPool - Entry count for : http://localhost:62582 : 1
16:32:58.354 [main] DEBUG net.thucydides.core.steps.StepInterceptor - STARTING STEP: KelolaJadwalSteps.clickOnTheSelectPatientActionToSelectAPatient - buttonPilihPasien
16:32:58.369 [Forwarding findElement on session eca8343aca808555dec9f75e5262746e to remote] DEBUG org.asynchttpclient.netty.request.NettyRequestSender - Using pooled Channel '[id: 0x2c2d7a46, L:/127.0.0.1:50993 - R:localhost/127.0.0.1:62582]' for 'POST' to 'http://localhost:62582/session/eca8343aca808555dec9f75e5262746e/element'
16:32:58.371 [Forwarding findElement on session eca8343aca808555dec9f75e5262746e to remote] DEBUG org.asynchttpclient.netty.request.NettyRequestSender - Using open Channel [id: 0x2c2d7a46, L:/127.0.0.1:50993 - R:localhost/127.0.0.1:62582] for POST '/session/eca8343aca808555dec9f75e5262746e/element'
16:32:58.441 [AsyncHttpClient-1-3] DEBUG org.asynchttpclient.netty.handler.HttpHandler - 

Request DefaultHttpRequest(decodeResult: success, version: HTTP/1.1)
POST /session/eca8343aca808555dec9f75e5262746e/element HTTP/1.1
User-Agent: selenium/4.1.2 (java windows)
Content-Length: 147
Content-Type: application/json; charset=utf-8
host: localhost:62582
accept: */*

Response DefaultHttpResponse(decodeResult: success, version: HTTP/1.1)
HTTP/1.1 200 OK
Content-Type: application/json; charset=utf-8
cache-control: no-cache
content-length: 88

16:32:58.441 [AsyncHttpClient-1-3] DEBUG org.asynchttpclient.netty.channel.ChannelManager - Adding key: http://localhost:62582 for channel [id: 0x2c2d7a46, L:/127.0.0.1:50993 - R:localhost/127.0.0.1:62582]
16:32:58.449 [Forwarding getElementTagName on session eca8343aca808555dec9f75e5262746e to remote] DEBUG org.asynchttpclient.netty.request.NettyRequestSender - Using pooled Channel '[id: 0x2c2d7a46, L:/127.0.0.1:50993 - R:localhost/127.0.0.1:62582]' for 'GET' to 'http://localhost:62582/session/eca8343aca808555dec9f75e5262746e/element/70b1d223-6c97-42fa-b4d3-3130f743a6ed/name'
16:32:58.449 [Forwarding getElementTagName on session eca8343aca808555dec9f75e5262746e to remote] DEBUG org.asynchttpclient.netty.request.NettyRequestSender - Using open Channel [id: 0x2c2d7a46, L:/127.0.0.1:50993 - R:localhost/127.0.0.1:62582] for GET '/session/eca8343aca808555dec9f75e5262746e/element/70b1d223-6c97-42fa-b4d3-3130f743a6ed/name'
16:32:58.463 [AsyncHttpClient-1-3] DEBUG org.asynchttpclient.netty.handler.HttpHandler - 

Request DefaultFullHttpRequest(decodeResult: success, version: HTTP/1.1, content: EmptyByteBufBE)
GET /session/eca8343aca808555dec9f75e5262746e/element/70b1d223-6c97-42fa-b4d3-3130f743a6ed/name HTTP/1.1
User-Agent: selenium/4.1.2 (java windows)
Cache-Control: no-cache
Content-Type: application/json; charset=utf-8
host: localhost:62582
accept: */*

Response DefaultHttpResponse(decodeResult: success, version: HTTP/1.1)
HTTP/1.1 200 OK
Content-Type: application/json; charset=utf-8
cache-control: no-cache
content-length: 15

16:32:58.468 [AsyncHttpClient-1-3] DEBUG org.asynchttpclient.netty.channel.ChannelManager - Adding key: http://localhost:62582 for channel [id: 0x2c2d7a46, L:/127.0.0.1:50993 - R:localhost/127.0.0.1:62582]
16:32:58.471 [Forwarding getElementTagName on session eca8343aca808555dec9f75e5262746e to remote] DEBUG org.asynchttpclient.netty.request.NettyRequestSender - Using pooled Channel '[id: 0x2c2d7a46, L:/127.0.0.1:50993 - R:localhost/127.0.0.1:62582]' for 'GET' to 'http://localhost:62582/session/eca8343aca808555dec9f75e5262746e/element/70b1d223-6c97-42fa-b4d3-3130f743a6ed/name'
16:32:58.471 [Forwarding getElementTagName on session eca8343aca808555dec9f75e5262746e to remote] DEBUG org.asynchttpclient.netty.request.NettyRequestSender - Using open Channel [id: 0x2c2d7a46, L:/127.0.0.1:50993 - R:localhost/127.0.0.1:62582] for GET '/session/eca8343aca808555dec9f75e5262746e/element/70b1d223-6c97-42fa-b4d3-3130f743a6ed/name'
16:32:58.493 [AsyncHttpClient-1-3] DEBUG org.asynchttpclient.netty.handler.HttpHandler - 

Request DefaultFullHttpRequest(decodeResult: success, version: HTTP/1.1, content: EmptyByteBufBE)
GET /session/eca8343aca808555dec9f75e5262746e/element/70b1d223-6c97-42fa-b4d3-3130f743a6ed/name HTTP/1.1
User-Agent: selenium/4.1.2 (java windows)
Cache-Control: no-cache
Content-Type: application/json; charset=utf-8
host: localhost:62582
accept: */*

Response DefaultHttpResponse(decodeResult: success, version: HTTP/1.1)
HTTP/1.1 200 OK
Content-Type: application/json; charset=utf-8
cache-control: no-cache
content-length: 15

16:32:58.493 [AsyncHttpClient-1-3] DEBUG org.asynchttpclient.netty.channel.ChannelManager - Adding key: http://localhost:62582 for channel [id: 0x2c2d7a46, L:/127.0.0.1:50993 - R:localhost/127.0.0.1:62582]
16:32:58.504 [Forwarding findElement on session eca8343aca808555dec9f75e5262746e to remote] DEBUG org.asynchttpclient.netty.request.NettyRequestSender - Using pooled Channel '[id: 0x2c2d7a46, L:/127.0.0.1:50993 - R:localhost/127.0.0.1:62582]' for 'POST' to 'http://localhost:62582/session/eca8343aca808555dec9f75e5262746e/element'
16:32:58.504 [Forwarding findElement on session eca8343aca808555dec9f75e5262746e to remote] DEBUG org.asynchttpclient.netty.request.NettyRequestSender - Using open Channel [id: 0x2c2d7a46, L:/127.0.0.1:50993 - R:localhost/127.0.0.1:62582] for POST '/session/eca8343aca808555dec9f75e5262746e/element'
16:32:58.540 [AsyncHttpClient-1-3] DEBUG org.asynchttpclient.netty.handler.HttpHandler - 

Request DefaultHttpRequest(decodeResult: success, version: HTTP/1.1)
POST /session/eca8343aca808555dec9f75e5262746e/element HTTP/1.1
User-Agent: selenium/4.1.2 (java windows)
Content-Length: 147
Content-Type: application/json; charset=utf-8
host: localhost:62582
accept: */*

Response DefaultHttpResponse(decodeResult: success, version: HTTP/1.1)
HTTP/1.1 200 OK
Content-Type: application/json; charset=utf-8
cache-control: no-cache
content-length: 88

16:32:58.541 [AsyncHttpClient-1-3] DEBUG org.asynchttpclient.netty.channel.ChannelManager - Adding key: http://localhost:62582 for channel [id: 0x2c2d7a46, L:/127.0.0.1:50993 - R:localhost/127.0.0.1:62582]
16:32:58.543 [Forwarding clickElement on session eca8343aca808555dec9f75e5262746e to remote] DEBUG org.asynchttpclient.netty.request.NettyRequestSender - Using pooled Channel '[id: 0x2c2d7a46, L:/127.0.0.1:50993 - R:localhost/127.0.0.1:62582]' for 'POST' to 'http://localhost:62582/session/eca8343aca808555dec9f75e5262746e/element/70b1d223-6c97-42fa-b4d3-3130f743a6ed/click'
16:32:58.543 [Forwarding clickElement on session eca8343aca808555dec9f75e5262746e to remote] DEBUG org.asynchttpclient.netty.request.NettyRequestSender - Using open Channel [id: 0x2c2d7a46, L:/127.0.0.1:50993 - R:localhost/127.0.0.1:62582] for POST '/session/eca8343aca808555dec9f75e5262746e/element/70b1d223-6c97-42fa-b4d3-3130f743a6ed/click'
16:32:58.961 [AsyncHttpClient-1-3] DEBUG org.asynchttpclient.netty.handler.HttpHandler - 

Request DefaultHttpRequest(decodeResult: success, version: HTTP/1.1)
POST /session/eca8343aca808555dec9f75e5262746e/element/70b1d223-6c97-42fa-b4d3-3130f743a6ed/click HTTP/1.1
User-Agent: selenium/4.1.2 (java windows)
Content-Length: 50
Content-Type: application/json; charset=utf-8
host: localhost:62582
accept: */*

Response DefaultHttpResponse(decodeResult: success, version: HTTP/1.1)
HTTP/1.1 200 OK
Content-Type: application/json; charset=utf-8
cache-control: no-cache
content-length: 14

16:32:58.961 [AsyncHttpClient-1-3] DEBUG org.asynchttpclient.netty.channel.ChannelManager - Adding key: http://localhost:62582 for channel [id: 0x2c2d7a46, L:/127.0.0.1:50993 - R:localhost/127.0.0.1:62582]
16:32:59.053 [Forwarding screenshot on session eca8343aca808555dec9f75e5262746e to remote] DEBUG org.asynchttpclient.netty.request.NettyRequestSender - Using pooled Channel '[id: 0x2c2d7a46, L:/127.0.0.1:50993 - R:localhost/127.0.0.1:62582]' for 'GET' to 'http://localhost:62582/session/eca8343aca808555dec9f75e5262746e/screenshot'
16:32:59.053 [Forwarding screenshot on session eca8343aca808555dec9f75e5262746e to remote] DEBUG org.asynchttpclient.netty.request.NettyRequestSender - Using open Channel [id: 0x2c2d7a46, L:/127.0.0.1:50993 - R:localhost/127.0.0.1:62582] for GET '/session/eca8343aca808555dec9f75e5262746e/screenshot'
16:32:59.452 [AsyncHttpClient-1-1] DEBUG org.asynchttpclient.netty.channel.DefaultChannelPool - Entry count for : http://localhost:50995 : 1
16:32:59.775 [AsyncHttpClient-1-3] DEBUG org.asynchttpclient.netty.handler.HttpHandler - 

Request DefaultFullHttpRequest(decodeResult: success, version: HTTP/1.1, content: EmptyByteBufBE)
GET /session/eca8343aca808555dec9f75e5262746e/screenshot HTTP/1.1
User-Agent: selenium/4.1.2 (java windows)
Cache-Control: no-cache
Content-Type: application/json; charset=utf-8
host: localhost:62582
accept: */*

Response DefaultHttpResponse(decodeResult: success, version: HTTP/1.1)
HTTP/1.1 200 OK
Content-Type: application/json; charset=utf-8
cache-control: no-cache
content-length: 55340

16:32:59.779 [AsyncHttpClient-1-3] DEBUG org.asynchttpclient.netty.channel.ChannelManager - Adding key: http://localhost:62582 for channel [id: 0x2c2d7a46, L:/127.0.0.1:50993 - R:localhost/127.0.0.1:62582]
16:32:59.791 [main] DEBUG net.serenitybdd.core.photography.Darkroom - Send negative for processing for target\site\serenity\0101d396b30d3f01938aff11ef2714136c66b761bfc3268762b2da18bac9d80c.png
16:32:59.791 [main] DEBUG net.thucydides.core.steps.StepInterceptor - STEP DONE: buttonPilihPasien
  &amp#27;[32mAnd &amp#27;[0m&amp#27;[32mClick on the select patient action to select a patient&amp#27;[0m                                   &amp#27;[90m# starter.stepdefinitios.KelolaJadwalSteps.clickOnTheSelectPatientActionToSelectAPatient()&amp#27;[0m
16:32:59.793 [Darkroom Processing Line] DEBUG net.serenitybdd.core.photography.DarkroomProcessingLine - Processing screenshot image in /var/screenshots/screenshot-18032153013837973707
16:32:59.793 [Darkroom Processing Line] DEBUG net.serenitybdd.core.photography.DarkroomProcessingLine - Saving screenshot to target\site\serenity\0101d396b30d3f01938aff11ef2714136c66b761bfc3268762b2da18bac9d80c.png
16:32:59.855 [Forwarding screenshot on session eca8343aca808555dec9f75e5262746e to remote] DEBUG org.asynchttpclient.netty.request.NettyRequestSender - Using pooled Channel '[id: 0x2c2d7a46, L:/127.0.0.1:50993 - R:localhost/127.0.0.1:62582]' for 'GET' to 'http://localhost:62582/session/eca8343aca808555dec9f75e5262746e/screenshot'
16:32:59.857 [Forwarding screenshot on session eca8343aca808555dec9f75e5262746e to remote] DEBUG org.asynchttpclient.netty.request.NettyRequestSender - Using open Channel [id: 0x2c2d7a46, L:/127.0.0.1:50993 - R:localhost/127.0.0.1:62582] for GET '/session/eca8343aca808555dec9f75e5262746e/screenshot'
16:33:00.274 [AsyncHttpClient-1-3] DEBUG org.asynchttpclient.netty.handler.HttpHandler - 

Request DefaultFullHttpRequest(decodeResult: success, version: HTTP/1.1, content: EmptyByteBufBE)
GET /session/eca8343aca808555dec9f75e5262746e/screenshot HTTP/1.1
User-Agent: selenium/4.1.2 (java windows)
Cache-Control: no-cache
Content-Type: application/json; charset=utf-8
host: localhost:62582
accept: */*

Response DefaultHttpResponse(decodeResult: success, version: HTTP/1.1)
HTTP/1.1 200 OK
Content-Type: application/json; charset=utf-8
cache-control: no-cache
content-length: 55340

16:33:00.274 [AsyncHttpClient-1-3] DEBUG org.asynchttpclient.netty.channel.ChannelManager - Adding key: http://localhost:62582 for channel [id: 0x2c2d7a46, L:/127.0.0.1:50993 - R:localhost/127.0.0.1:62582]
16:33:00.283 [main] DEBUG net.serenitybdd.core.photography.Darkroom - Send negative for processing for target\site\serenity\3bb8f4c8f407304a9ffaee8e9dd85829b1e9dd9ada346ca1e50cd64ef09efe12.png
16:33:00.283 [Darkroom Processing Line] DEBUG net.serenitybdd.core.photography.DarkroomProcessingLine - Processing screenshot image in /var/screenshots/screenshot-5066983816242383705
16:33:00.283 [Darkroom Processing Line] DEBUG net.serenitybdd.core.photography.DarkroomProcessingLine - Saving screenshot to target\site\serenity\3bb8f4c8f407304a9ffaee8e9dd85829b1e9dd9ada346ca1e50cd64ef09efe12.png
16:33:00.335 [Forwarding screenshot on session eca8343aca808555dec9f75e5262746e to remote] DEBUG org.asynchttpclient.netty.request.NettyRequestSender - Using pooled Channel '[id: 0x2c2d7a46, L:/127.0.0.1:50993 - R:localhost/127.0.0.1:62582]' for 'GET' to 'http://localhost:62582/session/eca8343aca808555dec9f75e5262746e/screenshot'
16:33:00.335 [Forwarding screenshot on session eca8343aca808555dec9f75e5262746e to remote] DEBUG org.asynchttpclient.netty.request.NettyRequestSender - Using open Channel [id: 0x2c2d7a46, L:/127.0.0.1:50993 - R:localhost/127.0.0.1:62582] for GET '/session/eca8343aca808555dec9f75e5262746e/screenshot'
16:33:00.964 [AsyncHttpClient-1-1] DEBUG org.asynchttpclient.netty.channel.DefaultChannelPool - Entry count for : http://localhost:50995 : 1
16:33:01.273 [AsyncHttpClient-1-3] DEBUG org.asynchttpclient.netty.handler.HttpHandler - 

Request DefaultFullHttpRequest(decodeResult: success, version: HTTP/1.1, content: EmptyByteBufBE)
GET /session/eca8343aca808555dec9f75e5262746e/screenshot HTTP/1.1
User-Agent: selenium/4.1.2 (java windows)
Cache-Control: no-cache
Content-Type: application/json; charset=utf-8
host: localhost:62582
accept: */*

Response DefaultHttpResponse(decodeResult: success, version: HTTP/1.1)
HTTP/1.1 200 OK
Content-Type: application/json; charset=utf-8
cache-control: no-cache
content-length: 55340

16:33:01.273 [AsyncHttpClient-1-3] DEBUG org.asynchttpclient.netty.channel.ChannelManager - Adding key: http://localhost:62582 for channel [id: 0x2c2d7a46, L:/127.0.0.1:50993 - R:localhost/127.0.0.1:62582]
16:33:01.283 [main] DEBUG net.serenitybdd.core.photography.Darkroom - Send negative for processing for target\site\serenity\3bb8f4c8f407304a9ffaee8e9dd85829b1e9dd9ada346ca1e50cd64ef09efe12.png
16:33:01.283 [main] DEBUG net.thucydides.core.steps.StepInterceptor - STARTING STEP: KelolaJadwalSteps.clickOnTheActionChooseADoctorToChooseADoctor - buttonPilihDokter
16:33:01.312 [Forwarding findElement on session eca8343aca808555dec9f75e5262746e to remote] DEBUG org.asynchttpclient.netty.request.NettyRequestSender - Using pooled Channel '[id: 0x2c2d7a46, L:/127.0.0.1:50993 - R:localhost/127.0.0.1:62582]' for 'POST' to 'http://localhost:62582/session/eca8343aca808555dec9f75e5262746e/element'
16:33:01.314 [Forwarding findElement on session eca8343aca808555dec9f75e5262746e to remote] DEBUG org.asynchttpclient.netty.request.NettyRequestSender - Using open Channel [id: 0x2c2d7a46, L:/127.0.0.1:50993 - R:localhost/127.0.0.1:62582] for POST '/session/eca8343aca808555dec9f75e5262746e/element'
16:33:01.349 [AsyncHttpClient-1-3] DEBUG org.asynchttpclient.netty.handler.HttpHandler - 

Request DefaultHttpRequest(decodeResult: success, version: HTTP/1.1)
POST /session/eca8343aca808555dec9f75e5262746e/element HTTP/1.1
User-Agent: selenium/4.1.2 (java windows)
Content-Length: 147
Content-Type: application/json; charset=utf-8
host: localhost:62582
accept: */*

Response DefaultHttpResponse(decodeResult: success, version: HTTP/1.1)
HTTP/1.1 200 OK
Content-Type: application/json; charset=utf-8
cache-control: no-cache
content-length: 88

16:33:01.349 [AsyncHttpClient-1-3] DEBUG org.asynchttpclient.netty.channel.ChannelManager - Adding key: http://localhost:62582 for channel [id: 0x2c2d7a46, L:/127.0.0.1:50993 - R:localhost/127.0.0.1:62582]
16:33:01.353 [Forwarding getElementTagName on session eca8343aca808555dec9f75e5262746e to remote] DEBUG org.asynchttpclient.netty.request.NettyRequestSender - Using pooled Channel '[id: 0x2c2d7a46, L:/127.0.0.1:50993 - R:localhost/127.0.0.1:62582]' for 'GET' to 'http://localhost:62582/session/eca8343aca808555dec9f75e5262746e/element/91c22d5c-32a7-4123-ac07-019eb0cb1c1e/name'
16:33:01.353 [Forwarding getElementTagName on session eca8343aca808555dec9f75e5262746e to remote] DEBUG org.asynchttpclient.netty.request.NettyRequestSender - Using open Channel [id: 0x2c2d7a46, L:/127.0.0.1:50993 - R:localhost/127.0.0.1:62582] for GET '/session/eca8343aca808555dec9f75e5262746e/element/91c22d5c-32a7-4123-ac07-019eb0cb1c1e/name'
16:33:01.374 [AsyncHttpClient-1-3] DEBUG org.asynchttpclient.netty.handler.HttpHandler - 

Request DefaultFullHttpRequest(decodeResult: success, version: HTTP/1.1, content: EmptyByteBufBE)
GET /session/eca8343aca808555dec9f75e5262746e/element/91c22d5c-32a7-4123-ac07-019eb0cb1c1e/name HTTP/1.1
User-Agent: selenium/4.1.2 (java windows)
Cache-Control: no-cache
Content-Type: application/json; charset=utf-8
host: localhost:62582
accept: */*

Response DefaultHttpResponse(decodeResult: success, version: HTTP/1.1)
HTTP/1.1 200 OK
Content-Type: application/json; charset=utf-8
cache-control: no-cache
content-length: 15

16:33:01.374 [AsyncHttpClient-1-3] DEBUG org.asynchttpclient.netty.channel.ChannelManager - Adding key: http://localhost:62582 for channel [id: 0x2c2d7a46, L:/127.0.0.1:50993 - R:localhost/127.0.0.1:62582]
16:33:01.381 [Forwarding getElementTagName on session eca8343aca808555dec9f75e5262746e to remote] DEBUG org.asynchttpclient.netty.request.NettyRequestSender - Using pooled Channel '[id: 0x2c2d7a46, L:/127.0.0.1:50993 - R:localhost/127.0.0.1:62582]' for 'GET' to 'http://localhost:62582/session/eca8343aca808555dec9f75e5262746e/element/91c22d5c-32a7-4123-ac07-019eb0cb1c1e/name'
16:33:01.382 [Forwarding getElementTagName on session eca8343aca808555dec9f75e5262746e to remote] DEBUG org.asynchttpclient.netty.request.NettyRequestSender - Using open Channel [id: 0x2c2d7a46, L:/127.0.0.1:50993 - R:localhost/127.0.0.1:62582] for GET '/session/eca8343aca808555dec9f75e5262746e/element/91c22d5c-32a7-4123-ac07-019eb0cb1c1e/name'
16:33:01.403 [AsyncHttpClient-1-3] DEBUG org.asynchttpclient.netty.handler.HttpHandler - 

Request DefaultFullHttpRequest(decodeResult: success, version: HTTP/1.1, content: EmptyByteBufBE)
GET /session/eca8343aca808555dec9f75e5262746e/element/91c22d5c-32a7-4123-ac07-019eb0cb1c1e/name HTTP/1.1
User-Agent: selenium/4.1.2 (java windows)
Cache-Control: no-cache
Content-Type: application/json; charset=utf-8
host: localhost:62582
accept: */*

Response DefaultHttpResponse(decodeResult: success, version: HTTP/1.1)
HTTP/1.1 200 OK
Content-Type: application/json; charset=utf-8
cache-control: no-cache
content-length: 15

16:33:01.403 [AsyncHttpClient-1-3] DEBUG org.asynchttpclient.netty.channel.ChannelManager - Adding key: http://localhost:62582 for channel [id: 0x2c2d7a46, L:/127.0.0.1:50993 - R:localhost/127.0.0.1:62582]
16:33:01.413 [Forwarding findElement on session eca8343aca808555dec9f75e5262746e to remote] DEBUG org.asynchttpclient.netty.request.NettyRequestSender - Using pooled Channel '[id: 0x2c2d7a46, L:/127.0.0.1:50993 - R:localhost/127.0.0.1:62582]' for 'POST' to 'http://localhost:62582/session/eca8343aca808555dec9f75e5262746e/element'
16:33:01.413 [Forwarding findElement on session eca8343aca808555dec9f75e5262746e to remote] DEBUG org.asynchttpclient.netty.request.NettyRequestSender - Using open Channel [id: 0x2c2d7a46, L:/127.0.0.1:50993 - R:localhost/127.0.0.1:62582] for POST '/session/eca8343aca808555dec9f75e5262746e/element'
16:33:01.449 [AsyncHttpClient-1-3] DEBUG org.asynchttpclient.netty.handler.HttpHandler - 

Request DefaultHttpRequest(decodeResult: success, version: HTTP/1.1)
POST /session/eca8343aca808555dec9f75e5262746e/element HTTP/1.1
User-Agent: selenium/4.1.2 (java windows)
Content-Length: 147
Content-Type: application/json; charset=utf-8
host: localhost:62582
accept: */*

Response DefaultHttpResponse(decodeResult: success, version: HTTP/1.1)
HTTP/1.1 200 OK
Content-Type: application/json; charset=utf-8
cache-control: no-cache
content-length: 88

16:33:01.449 [AsyncHttpClient-1-3] DEBUG org.asynchttpclient.netty.channel.ChannelManager - Adding key: http://localhost:62582 for channel [id: 0x2c2d7a46, L:/127.0.0.1:50993 - R:localhost/127.0.0.1:62582]
16:33:01.456 [Forwarding clickElement on session eca8343aca808555dec9f75e5262746e to remote] DEBUG org.asynchttpclient.netty.request.NettyRequestSender - Using pooled Channel '[id: 0x2c2d7a46, L:/127.0.0.1:50993 - R:localhost/127.0.0.1:62582]' for 'POST' to 'http://localhost:62582/session/eca8343aca808555dec9f75e5262746e/element/91c22d5c-32a7-4123-ac07-019eb0cb1c1e/click'
16:33:01.456 [Forwarding clickElement on session eca8343aca808555dec9f75e5262746e to remote] DEBUG org.asynchttpclient.netty.request.NettyRequestSender - Using open Channel [id: 0x2c2d7a46, L:/127.0.0.1:50993 - R:localhost/127.0.0.1:62582] for POST '/session/eca8343aca808555dec9f75e5262746e/element/91c22d5c-32a7-4123-ac07-019eb0cb1c1e/click'
16:33:01.749 [AsyncHttpClient-1-3] DEBUG org.asynchttpclient.netty.handler.HttpHandler - 

Request DefaultHttpRequest(decodeResult: success, version: HTTP/1.1)
POST /session/eca8343aca808555dec9f75e5262746e/element/91c22d5c-32a7-4123-ac07-019eb0cb1c1e/click HTTP/1.1
User-Agent: selenium/4.1.2 (java windows)
Content-Length: 50
Content-Type: application/json; charset=utf-8
host: localhost:62582
accept: */*

Response DefaultHttpResponse(decodeResult: success, version: HTTP/1.1)
HTTP/1.1 200 OK
Content-Type: application/json; charset=utf-8
cache-control: no-cache
content-length: 14

16:33:01.752 [AsyncHttpClient-1-3] DEBUG org.asynchttpclient.netty.channel.ChannelManager - Adding key: http://localhost:62582 for channel [id: 0x2c2d7a46, L:/127.0.0.1:50993 - R:localhost/127.0.0.1:62582]
16:33:01.792 [Forwarding screenshot on session eca8343aca808555dec9f75e5262746e to remote] DEBUG org.asynchttpclient.netty.request.NettyRequestSender - Using pooled Channel '[id: 0x2c2d7a46, L:/127.0.0.1:50993 - R:localhost/127.0.0.1:62582]' for 'GET' to 'http://localhost:62582/session/eca8343aca808555dec9f75e5262746e/screenshot'
16:33:01.794 [Forwarding screenshot on session eca8343aca808555dec9f75e5262746e to remote] DEBUG org.asynchttpclient.netty.request.NettyRequestSender - Using open Channel [id: 0x2c2d7a46, L:/127.0.0.1:50993 - R:localhost/127.0.0.1:62582] for GET '/session/eca8343aca808555dec9f75e5262746e/screenshot'
16:33:02.052 [AsyncHttpClient-1-1] DEBUG org.asynchttpclient.netty.channel.DefaultChannelPool - Entry count for : http://localhost:50995 : 1
16:33:02.681 [AsyncHttpClient-1-3] DEBUG org.asynchttpclient.netty.handler.HttpHandler - 

Request DefaultFullHttpRequest(decodeResult: success, version: HTTP/1.1, content: EmptyByteBufBE)
GET /session/eca8343aca808555dec9f75e5262746e/screenshot HTTP/1.1
User-Agent: selenium/4.1.2 (java windows)
Cache-Control: no-cache
Content-Type: application/json; charset=utf-8
host: localhost:62582
accept: */*

Response DefaultHttpResponse(decodeResult: success, version: HTTP/1.1)
HTTP/1.1 200 OK
Content-Type: application/json; charset=utf-8
cache-control: no-cache
content-length: 50332

16:33:02.684 [AsyncHttpClient-1-3] DEBUG org.asynchttpclient.netty.channel.ChannelManager - Adding key: http://localhost:62582 for channel [id: 0x2c2d7a46, L:/127.0.0.1:50993 - R:localhost/127.0.0.1:62582]
16:33:02.694 [main] DEBUG net.serenitybdd.core.photography.Darkroom - Send negative for processing for target\site\serenity\d62cdae13b4759571083b344ba4a07b01868e6659da7c71128b27e77846440ea.png
16:33:02.694 [main] DEBUG net.thucydides.core.steps.StepInterceptor - STEP DONE: buttonPilihDokter
  &amp#27;[32mAnd &amp#27;[0m&amp#27;[32mClick on the action choose a doctor to choose a doctor&amp#27;[0m                                   &amp#27;[90m# starter.stepdefinitios.KelolaJadwalSteps.clickOnTheActionChooseADoctorToChooseADoctor()&amp#27;[0m
16:33:02.759 [Forwarding screenshot on session eca8343aca808555dec9f75e5262746e to remote] DEBUG org.asynchttpclient.netty.request.NettyRequestSender - Using pooled Channel '[id: 0x2c2d7a46, L:/127.0.0.1:50993 - R:localhost/127.0.0.1:62582]' for 'GET' to 'http://localhost:62582/session/eca8343aca808555dec9f75e5262746e/screenshot'
16:33:02.759 [Forwarding screenshot on session eca8343aca808555dec9f75e5262746e to remote] DEBUG org.asynchttpclient.netty.request.NettyRequestSender - Using open Channel [id: 0x2c2d7a46, L:/127.0.0.1:50993 - R:localhost/127.0.0.1:62582] for GET '/session/eca8343aca808555dec9f75e5262746e/screenshot'
16:33:03.102 [AsyncHttpClient-1-3] DEBUG org.asynchttpclient.netty.handler.HttpHandler - 

Request DefaultFullHttpRequest(decodeResult: success, version: HTTP/1.1, content: EmptyByteBufBE)
GET /session/eca8343aca808555dec9f75e5262746e/screenshot HTTP/1.1
User-Agent: selenium/4.1.2 (java windows)
Cache-Control: no-cache
Content-Type: application/json; charset=utf-8
host: localhost:62582
accept: */*

Response DefaultHttpResponse(decodeResult: success, version: HTTP/1.1)
HTTP/1.1 200 OK
Content-Type: application/json; charset=utf-8
cache-control: no-cache
content-length: 50332

16:33:03.102 [AsyncHttpClient-1-3] DEBUG org.asynchttpclient.netty.channel.ChannelManager - Adding key: http://localhost:62582 for channel [id: 0x2c2d7a46, L:/127.0.0.1:50993 - R:localhost/127.0.0.1:62582]
16:33:03.112 [main] DEBUG net.serenitybdd.core.photography.Darkroom - Send negative for processing for target\site\serenity\d62cdae13b4759571083b344ba4a07b01868e6659da7c71128b27e77846440ea.png
16:33:03.142 [AsyncHttpClient-1-1] DEBUG org.asynchttpclient.netty.channel.DefaultChannelPool - Entry count for : http://localhost:50995 : 1
16:33:03.142 [AsyncHttpClient-1-1] DEBUG org.asynchttpclient.netty.channel.DefaultChannelPool - Entry count for : http://localhost:62582 : 1
16:33:03.151 [main] DEBUG net.thucydides.core.steps.StepInterceptor - STARTING STEP: KelolaJadwalSteps.chooseADate - inputTanggal
16:33:03.164 [Forwarding findElement on session eca8343aca808555dec9f75e5262746e to remote] DEBUG org.asynchttpclient.netty.request.NettyRequestSender - Using pooled Channel '[id: 0x2c2d7a46, L:/127.0.0.1:50993 - R:localhost/127.0.0.1:62582]' for 'POST' to 'http://localhost:62582/session/eca8343aca808555dec9f75e5262746e/element'
16:33:03.164 [Forwarding findElement on session eca8343aca808555dec9f75e5262746e to remote] DEBUG org.asynchttpclient.netty.request.NettyRequestSender - Using open Channel [id: 0x2c2d7a46, L:/127.0.0.1:50993 - R:localhost/127.0.0.1:62582] for POST '/session/eca8343aca808555dec9f75e5262746e/element'
16:33:03.222 [AsyncHttpClient-1-3] DEBUG org.asynchttpclient.netty.handler.HttpHandler - 

Request DefaultHttpRequest(decodeResult: success, version: HTTP/1.1)
POST /session/eca8343aca808555dec9f75e5262746e/element HTTP/1.1
User-Agent: selenium/4.1.2 (java windows)
Content-Length: 66
Content-Type: application/json; charset=utf-8
host: localhost:62582
accept: */*

Response DefaultHttpResponse(decodeResult: success, version: HTTP/1.1)
HTTP/1.1 200 OK
Content-Type: application/json; charset=utf-8
cache-control: no-cache
content-length: 88

16:33:03.222 [AsyncHttpClient-1-3] DEBUG org.asynchttpclient.netty.channel.ChannelManager - Adding key: http://localhost:62582 for channel [id: 0x2c2d7a46, L:/127.0.0.1:50993 - R:localhost/127.0.0.1:62582]
16:33:03.224 [Forwarding sendKeysToElement on session eca8343aca808555dec9f75e5262746e to remote] DEBUG org.asynchttpclient.netty.request.NettyRequestSender - Using pooled Channel '[id: 0x2c2d7a46, L:/127.0.0.1:50993 - R:localhost/127.0.0.1:62582]' for 'POST' to 'http://localhost:62582/session/eca8343aca808555dec9f75e5262746e/element/8c0171ce-ec11-4df4-96fa-be17fb5c47c4/value'
16:33:03.229 [Forwarding sendKeysToElement on session eca8343aca808555dec9f75e5262746e to remote] DEBUG org.asynchttpclient.netty.request.NettyRequestSender - Using open Channel [id: 0x2c2d7a46, L:/127.0.0.1:50993 - R:localhost/127.0.0.1:62582] for POST '/session/eca8343aca808555dec9f75e5262746e/element/8c0171ce-ec11-4df4-96fa-be17fb5c47c4/value'
16:33:03.650 [AsyncHttpClient-1-3] DEBUG org.asynchttpclient.netty.handler.HttpHandler - 

Request DefaultHttpRequest(decodeResult: success, version: HTTP/1.1)
POST /session/eca8343aca808555dec9f75e5262746e/element/8c0171ce-ec11-4df4-96fa-be17fb5c47c4/value HTTP/1.1
User-Agent: selenium/4.1.2 (java windows)
Content-Length: 161
Content-Type: application/json; charset=utf-8
host: localhost:62582
accept: */*

Response DefaultHttpResponse(decodeResult: success, version: HTTP/1.1)
HTTP/1.1 200 OK
Content-Type: application/json; charset=utf-8
cache-control: no-cache
content-length: 14

16:33:03.652 [AsyncHttpClient-1-3] DEBUG org.asynchttpclient.netty.channel.ChannelManager - Adding key: http://localhost:62582 for channel [id: 0x2c2d7a46, L:/127.0.0.1:50993 - R:localhost/127.0.0.1:62582]
16:33:03.675 [Forwarding screenshot on session eca8343aca808555dec9f75e5262746e to remote] DEBUG org.asynchttpclient.netty.request.NettyRequestSender - Using pooled Channel '[id: 0x2c2d7a46, L:/127.0.0.1:50993 - R:localhost/127.0.0.1:62582]' for 'GET' to 'http://localhost:62582/session/eca8343aca808555dec9f75e5262746e/screenshot'
16:33:03.677 [Forwarding screenshot on session eca8343aca808555dec9f75e5262746e to remote] DEBUG org.asynchttpclient.netty.request.NettyRequestSender - Using open Channel [id: 0x2c2d7a46, L:/127.0.0.1:50993 - R:localhost/127.0.0.1:62582] for GET '/session/eca8343aca808555dec9f75e5262746e/screenshot'
16:33:04.029 [AsyncHttpClient-1-3] DEBUG org.asynchttpclient.netty.handler.HttpHandler - 

Request DefaultFullHttpRequest(decodeResult: success, version: HTTP/1.1, content: EmptyByteBufBE)
GET /session/eca8343aca808555dec9f75e5262746e/screenshot HTTP/1.1
User-Agent: selenium/4.1.2 (java windows)
Cache-Control: no-cache
Content-Type: application/json; charset=utf-8
host: localhost:62582
accept: */*

Response DefaultHttpResponse(decodeResult: success, version: HTTP/1.1)
HTTP/1.1 200 OK
Content-Type: application/json; charset=utf-8
cache-control: no-cache
content-length: 48472

16:33:04.031 [AsyncHttpClient-1-3] DEBUG org.asynchttpclient.netty.channel.ChannelManager - Adding key: http://localhost:62582 for channel [id: 0x2c2d7a46, L:/127.0.0.1:50993 - R:localhost/127.0.0.1:62582]
16:33:04.041 [main] DEBUG net.serenitybdd.core.photography.Darkroom - Send negative for processing for target\site\serenity\b1c3250e74b7163cdb37db43be6cd1d44a36b094b0a566308a3c4e861ebebbdf.png
16:33:04.041 [main] DEBUG net.thucydides.core.steps.StepInterceptor - STEP DONE: inputTanggal
  &amp#27;[32mThen &amp#27;[0m&amp#27;[32mChoose a date &amp#27;[0m&amp#27;[32m&amp#27;[1m"13112022"&amp#27;[0m                                                                &amp#27;[90m# starter.stepdefinitios.KelolaJadwalSteps.chooseADate(java.lang.String)&amp#27;[0m
16:33:04.102 [Forwarding screenshot on session eca8343aca808555dec9f75e5262746e to remote] DEBUG org.asynchttpclient.netty.request.NettyRequestSender - Using pooled Channel '[id: 0x2c2d7a46, L:/127.0.0.1:50993 - R:localhost/127.0.0.1:62582]' for 'GET' to 'http://localhost:62582/session/eca8343aca808555dec9f75e5262746e/screenshot'
16:33:04.102 [Forwarding screenshot on session eca8343aca808555dec9f75e5262746e to remote] DEBUG org.asynchttpclient.netty.request.NettyRequestSender - Using open Channel [id: 0x2c2d7a46, L:/127.0.0.1:50993 - R:localhost/127.0.0.1:62582] for GET '/session/eca8343aca808555dec9f75e5262746e/screenshot'
16:33:04.243 [AsyncHttpClient-1-1] DEBUG org.asynchttpclient.netty.channel.DefaultChannelPool - Entry count for : http://localhost:50995 : 1
16:33:04.451 [AsyncHttpClient-1-3] DEBUG org.asynchttpclient.netty.handler.HttpHandler - 

Request DefaultFullHttpRequest(decodeResult: success, version: HTTP/1.1, content: EmptyByteBufBE)
GET /session/eca8343aca808555dec9f75e5262746e/screenshot HTTP/1.1
User-Agent: selenium/4.1.2 (java windows)
Cache-Control: no-cache
Content-Type: application/json; charset=utf-8
host: localhost:62582
accept: */*

Response DefaultHttpResponse(decodeResult: success, version: HTTP/1.1)
HTTP/1.1 200 OK
Content-Type: application/json; charset=utf-8
cache-control: no-cache
content-length: 48472

16:33:04.453 [AsyncHttpClient-1-3] DEBUG org.asynchttpclient.netty.channel.ChannelManager - Adding key: http://localhost:62582 for channel [id: 0x2c2d7a46, L:/127.0.0.1:50993 - R:localhost/127.0.0.1:62582]
16:33:04.461 [main] DEBUG net.serenitybdd.core.photography.Darkroom - Send negative for processing for target\site\serenity\b1c3250e74b7163cdb37db43be6cd1d44a36b094b0a566308a3c4e861ebebbdf.png
16:33:04.492 [main] DEBUG net.thucydides.core.steps.StepInterceptor - STARTING STEP: KelolaJadwalSteps.clickSimpan - buttonSave
16:33:04.511 [Forwarding findElement on session eca8343aca808555dec9f75e5262746e to remote] DEBUG org.asynchttpclient.netty.request.NettyRequestSender - Using pooled Channel '[id: 0x2c2d7a46, L:/127.0.0.1:50993 - R:localhost/127.0.0.1:62582]' for 'POST' to 'http://localhost:62582/session/eca8343aca808555dec9f75e5262746e/element'
16:33:04.511 [Forwarding findElement on session eca8343aca808555dec9f75e5262746e to remote] DEBUG org.asynchttpclient.netty.request.NettyRequestSender - Using open Channel [id: 0x2c2d7a46, L:/127.0.0.1:50993 - R:localhost/127.0.0.1:62582] for POST '/session/eca8343aca808555dec9f75e5262746e/element'
16:33:04.541 [AsyncHttpClient-1-3] DEBUG org.asynchttpclient.netty.handler.HttpHandler - 

Request DefaultHttpRequest(decodeResult: success, version: HTTP/1.1)
POST /session/eca8343aca808555dec9f75e5262746e/element HTTP/1.1
User-Agent: selenium/4.1.2 (java windows)
Content-Length: 68
Content-Type: application/json; charset=utf-8
host: localhost:62582
accept: */*

Response DefaultHttpResponse(decodeResult: success, version: HTTP/1.1)
HTTP/1.1 200 OK
Content-Type: application/json; charset=utf-8
cache-control: no-cache
content-length: 88

16:33:04.541 [AsyncHttpClient-1-3] DEBUG org.asynchttpclient.netty.channel.ChannelManager - Adding key: http://localhost:62582 for channel [id: 0x2c2d7a46, L:/127.0.0.1:50993 - R:localhost/127.0.0.1:62582]
16:33:04.543 [Forwarding getElementTagName on session eca8343aca808555dec9f75e5262746e to remote] DEBUG org.asynchttpclient.netty.request.NettyRequestSender - Using pooled Channel '[id: 0x2c2d7a46, L:/127.0.0.1:50993 - R:localhost/127.0.0.1:62582]' for 'GET' to 'http://localhost:62582/session/eca8343aca808555dec9f75e5262746e/element/d0c67d90-ae13-41dc-88dc-d9a980e210c7/name'
16:33:04.543 [Forwarding getElementTagName on session eca8343aca808555dec9f75e5262746e to remote] DEBUG org.asynchttpclient.netty.request.NettyRequestSender - Using open Channel [id: 0x2c2d7a46, L:/127.0.0.1:50993 - R:localhost/127.0.0.1:62582] for GET '/session/eca8343aca808555dec9f75e5262746e/element/d0c67d90-ae13-41dc-88dc-d9a980e210c7/name'
16:33:04.563 [AsyncHttpClient-1-3] DEBUG org.asynchttpclient.netty.handler.HttpHandler - 

Request DefaultFullHttpRequest(decodeResult: success, version: HTTP/1.1, content: EmptyByteBufBE)
GET /session/eca8343aca808555dec9f75e5262746e/element/d0c67d90-ae13-41dc-88dc-d9a980e210c7/name HTTP/1.1
User-Agent: selenium/4.1.2 (java windows)
Cache-Control: no-cache
Content-Type: application/json; charset=utf-8
host: localhost:62582
accept: */*

Response DefaultHttpResponse(decodeResult: success, version: HTTP/1.1)
HTTP/1.1 200 OK
Content-Type: application/json; charset=utf-8
cache-control: no-cache
content-length: 18

16:33:04.563 [AsyncHttpClient-1-3] DEBUG org.asynchttpclient.netty.channel.ChannelManager - Adding key: http://localhost:62582 for channel [id: 0x2c2d7a46, L:/127.0.0.1:50993 - R:localhost/127.0.0.1:62582]
16:33:04.572 [Forwarding getElementTagName on session eca8343aca808555dec9f75e5262746e to remote] DEBUG org.asynchttpclient.netty.request.NettyRequestSender - Using pooled Channel '[id: 0x2c2d7a46, L:/127.0.0.1:50993 - R:localhost/127.0.0.1:62582]' for 'GET' to 'http://localhost:62582/session/eca8343aca808555dec9f75e5262746e/element/d0c67d90-ae13-41dc-88dc-d9a980e210c7/name'
16:33:04.574 [Forwarding getElementTagName on session eca8343aca808555dec9f75e5262746e to remote] DEBUG org.asynchttpclient.netty.request.NettyRequestSender - Using open Channel [id: 0x2c2d7a46, L:/127.0.0.1:50993 - R:localhost/127.0.0.1:62582] for GET '/session/eca8343aca808555dec9f75e5262746e/element/d0c67d90-ae13-41dc-88dc-d9a980e210c7/name'
16:33:04.591 [AsyncHttpClient-1-3] DEBUG org.asynchttpclient.netty.handler.HttpHandler - 

Request DefaultFullHttpRequest(decodeResult: success, version: HTTP/1.1, content: EmptyByteBufBE)
GET /session/eca8343aca808555dec9f75e5262746e/element/d0c67d90-ae13-41dc-88dc-d9a980e210c7/name HTTP/1.1
User-Agent: selenium/4.1.2 (java windows)
Cache-Control: no-cache
Content-Type: application/json; charset=utf-8
host: localhost:62582
accept: */*

Response DefaultHttpResponse(decodeResult: success, version: HTTP/1.1)
HTTP/1.1 200 OK
Content-Type: application/json; charset=utf-8
cache-control: no-cache
content-length: 18

16:33:04.591 [AsyncHttpClient-1-3] DEBUG org.asynchttpclient.netty.channel.ChannelManager - Adding key: http://localhost:62582 for channel [id: 0x2c2d7a46, L:/127.0.0.1:50993 - R:localhost/127.0.0.1:62582]
16:33:04.599 [Forwarding isElementEnabled on session eca8343aca808555dec9f75e5262746e to remote] DEBUG org.asynchttpclient.netty.request.NettyRequestSender - Using pooled Channel '[id: 0x2c2d7a46, L:/127.0.0.1:50993 - R:localhost/127.0.0.1:62582]' for 'GET' to 'http://localhost:62582/session/eca8343aca808555dec9f75e5262746e/element/d0c67d90-ae13-41dc-88dc-d9a980e210c7/enabled'
16:33:04.599 [Forwarding isElementEnabled on session eca8343aca808555dec9f75e5262746e to remote] DEBUG org.asynchttpclient.netty.request.NettyRequestSender - Using open Channel [id: 0x2c2d7a46, L:/127.0.0.1:50993 - R:localhost/127.0.0.1:62582] for GET '/session/eca8343aca808555dec9f75e5262746e/element/d0c67d90-ae13-41dc-88dc-d9a980e210c7/enabled'
16:33:04.635 [AsyncHttpClient-1-3] DEBUG org.asynchttpclient.netty.handler.HttpHandler - 

Request DefaultFullHttpRequest(decodeResult: success, version: HTTP/1.1, content: EmptyByteBufBE)
GET /session/eca8343aca808555dec9f75e5262746e/element/d0c67d90-ae13-41dc-88dc-d9a980e210c7/enabled HTTP/1.1
User-Agent: selenium/4.1.2 (java windows)
Cache-Control: no-cache
Content-Type: application/json; charset=utf-8
host: localhost:62582
accept: */*

Response DefaultHttpResponse(decodeResult: success, version: HTTP/1.1)
HTTP/1.1 200 OK
Content-Type: application/json; charset=utf-8
cache-control: no-cache
content-length: 14

16:33:04.635 [AsyncHttpClient-1-3] DEBUG org.asynchttpclient.netty.channel.ChannelManager - Adding key: http://localhost:62582 for channel [id: 0x2c2d7a46, L:/127.0.0.1:50993 - R:localhost/127.0.0.1:62582]
16:33:04.641 [Forwarding isElementEnabled on session eca8343aca808555dec9f75e5262746e to remote] DEBUG org.asynchttpclient.netty.request.NettyRequestSender - Using pooled Channel '[id: 0x2c2d7a46, L:/127.0.0.1:50993 - R:localhost/127.0.0.1:62582]' for 'GET' to 'http://localhost:62582/session/eca8343aca808555dec9f75e5262746e/element/d0c67d90-ae13-41dc-88dc-d9a980e210c7/enabled'
16:33:04.641 [Forwarding isElementEnabled on session eca8343aca808555dec9f75e5262746e to remote] DEBUG org.asynchttpclient.netty.request.NettyRequestSender - Using open Channel [id: 0x2c2d7a46, L:/127.0.0.1:50993 - R:localhost/127.0.0.1:62582] for GET '/session/eca8343aca808555dec9f75e5262746e/element/d0c67d90-ae13-41dc-88dc-d9a980e210c7/enabled'
16:33:04.666 [AsyncHttpClient-1-3] DEBUG org.asynchttpclient.netty.handler.HttpHandler - 

Request DefaultFullHttpRequest(decodeResult: success, version: HTTP/1.1, content: EmptyByteBufBE)
GET /session/eca8343aca808555dec9f75e5262746e/element/d0c67d90-ae13-41dc-88dc-d9a980e210c7/enabled HTTP/1.1
User-Agent: selenium/4.1.2 (java windows)
Cache-Control: no-cache
Content-Type: application/json; charset=utf-8
host: localhost:62582
accept: */*

Response DefaultHttpResponse(decodeResult: success, version: HTTP/1.1)
HTTP/1.1 200 OK
Content-Type: application/json; charset=utf-8
cache-control: no-cache
content-length: 14

16:33:04.669 [AsyncHttpClient-1-3] DEBUG org.asynchttpclient.netty.channel.ChannelManager - Adding key: http://localhost:62582 for channel [id: 0x2c2d7a46, L:/127.0.0.1:50993 - R:localhost/127.0.0.1:62582]
16:33:04.676 [Forwarding findElement on session eca8343aca808555dec9f75e5262746e to remote] DEBUG org.asynchttpclient.netty.request.NettyRequestSender - Using pooled Channel '[id: 0x2c2d7a46, L:/127.0.0.1:50993 - R:localhost/127.0.0.1:62582]' for 'POST' to 'http://localhost:62582/session/eca8343aca808555dec9f75e5262746e/element'
16:33:04.676 [Forwarding findElement on session eca8343aca808555dec9f75e5262746e to remote] DEBUG org.asynchttpclient.netty.request.NettyRequestSender - Using open Channel [id: 0x2c2d7a46, L:/127.0.0.1:50993 - R:localhost/127.0.0.1:62582] for POST '/session/eca8343aca808555dec9f75e5262746e/element'
16:33:04.707 [AsyncHttpClient-1-3] DEBUG org.asynchttpclient.netty.handler.HttpHandler - 

Request DefaultHttpRequest(decodeResult: success, version: HTTP/1.1)
POST /session/eca8343aca808555dec9f75e5262746e/element HTTP/1.1
User-Agent: selenium/4.1.2 (java windows)
Content-Length: 68
Content-Type: application/json; charset=utf-8
host: localhost:62582
accept: */*

Response DefaultHttpResponse(decodeResult: success, version: HTTP/1.1)
HTTP/1.1 200 OK
Content-Type: application/json; charset=utf-8
cache-control: no-cache
content-length: 88

16:33:04.708 [AsyncHttpClient-1-3] DEBUG org.asynchttpclient.netty.channel.ChannelManager - Adding key: http://localhost:62582 for channel [id: 0x2c2d7a46, L:/127.0.0.1:50993 - R:localhost/127.0.0.1:62582]
16:33:04.711 [Forwarding clickElement on session eca8343aca808555dec9f75e5262746e to remote] DEBUG org.asynchttpclient.netty.request.NettyRequestSender - Using pooled Channel '[id: 0x2c2d7a46, L:/127.0.0.1:50993 - R:localhost/127.0.0.1:62582]' for 'POST' to 'http://localhost:62582/session/eca8343aca808555dec9f75e5262746e/element/d0c67d90-ae13-41dc-88dc-d9a980e210c7/click'
16:33:04.711 [Forwarding clickElement on session eca8343aca808555dec9f75e5262746e to remote] DEBUG org.asynchttpclient.netty.request.NettyRequestSender - Using open Channel [id: 0x2c2d7a46, L:/127.0.0.1:50993 - R:localhost/127.0.0.1:62582] for POST '/session/eca8343aca808555dec9f75e5262746e/element/d0c67d90-ae13-41dc-88dc-d9a980e210c7/click'
16:33:05.058 [AsyncHttpClient-1-3] DEBUG org.asynchttpclient.netty.handler.HttpHandler - 

Request DefaultHttpRequest(decodeResult: success, version: HTTP/1.1)
POST /session/eca8343aca808555dec9f75e5262746e/element/d0c67d90-ae13-41dc-88dc-d9a980e210c7/click HTTP/1.1
User-Agent: selenium/4.1.2 (java windows)
Content-Length: 50
Content-Type: application/json; charset=utf-8
host: localhost:62582
accept: */*

Response DefaultHttpResponse(decodeResult: success, version: HTTP/1.1)
HTTP/1.1 200 OK
Content-Type: application/json; charset=utf-8
cache-control: no-cache
content-length: 14

16:33:05.060 [AsyncHttpClient-1-3] DEBUG org.asynchttpclient.netty.channel.ChannelManager - Adding key: http://localhost:62582 for channel [id: 0x2c2d7a46, L:/127.0.0.1:50993 - R:localhost/127.0.0.1:62582]
16:33:05.112 [Forwarding screenshot on session eca8343aca808555dec9f75e5262746e to remote] DEBUG org.asynchttpclient.netty.request.NettyRequestSender - Using pooled Channel '[id: 0x2c2d7a46, L:/127.0.0.1:50993 - R:localhost/127.0.0.1:62582]' for 'GET' to 'http://localhost:62582/session/eca8343aca808555dec9f75e5262746e/screenshot'
16:33:05.154 [Forwarding screenshot on session eca8343aca808555dec9f75e5262746e to remote] DEBUG org.asynchttpclient.netty.request.NettyRequestSender - Using open Channel [id: 0x2c2d7a46, L:/127.0.0.1:50993 - R:localhost/127.0.0.1:62582] for GET '/session/eca8343aca808555dec9f75e5262746e/screenshot'
16:33:05.344 [AsyncHttpClient-1-1] DEBUG org.asynchttpclient.netty.channel.DefaultChannelPool - Entry count for : http://localhost:50995 : 1
16:33:06.491 [AsyncHttpClient-1-1] DEBUG org.asynchttpclient.netty.channel.DefaultChannelPool - Entry count for : http://localhost:50995 : 1
16:33:07.545 [AsyncHttpClient-1-1] DEBUG org.asynchttpclient.netty.channel.DefaultChannelPool - Entry count for : http://localhost:50995 : 1
16:33:07.934 [AsyncHttpClient-1-3] DEBUG org.asynchttpclient.netty.handler.HttpHandler - 

Request DefaultFullHttpRequest(decodeResult: success, version: HTTP/1.1, content: EmptyByteBufBE)
GET /session/eca8343aca808555dec9f75e5262746e/screenshot HTTP/1.1
User-Agent: selenium/4.1.2 (java windows)
Cache-Control: no-cache
Content-Type: application/json; charset=utf-8
host: localhost:62582
accept: */*

Response DefaultHttpResponse(decodeResult: success, version: HTTP/1.1)
HTTP/1.1 200 OK
Content-Type: application/json; charset=utf-8
cache-control: no-cache
content-length: 49876

16:33:07.937 [AsyncHttpClient-1-3] DEBUG org.asynchttpclient.netty.channel.ChannelManager - Adding key: http://localhost:62582 for channel [id: 0x2c2d7a46, L:/127.0.0.1:50993 - R:localhost/127.0.0.1:62582]
16:33:07.967 [main] DEBUG net.serenitybdd.core.photography.Darkroom - Send negative for processing for target\site\serenity\61db8e5653829d44f5c341ec7d2076b6e8350b39dfdb04e2aa93f2e4f43ce436.png
16:33:07.969 [main] DEBUG net.thucydides.core.steps.StepInterceptor - STEP DONE: buttonSave
  &amp#27;[32mAnd &amp#27;[0m&amp#27;[32mClick simpan&amp#27;[0m                                                                             &amp#27;[90m# starter.stepdefinitios.KelolaJadwalSteps.clickSimpan()&amp#27;[0m
16:33:07.976 [Darkroom Processing Line] DEBUG net.serenitybdd.core.photography.DarkroomProcessingLine - Processing screenshot image in /var/screenshots/screenshot-1416512366103218923
16:33:07.976 [Darkroom Processing Line] DEBUG net.serenitybdd.core.photography.DarkroomProcessingLine - Saving screenshot to target\site\serenity\61db8e5653829d44f5c341ec7d2076b6e8350b39dfdb04e2aa93f2e4f43ce436.png
16:33:08.163 [Forwarding screenshot on session eca8343aca808555dec9f75e5262746e to remote] DEBUG org.asynchttpclient.netty.request.NettyRequestSender - Using pooled Channel '[id: 0x2c2d7a46, L:/127.0.0.1:50993 - R:localhost/127.0.0.1:62582]' for 'GET' to 'http://localhost:62582/session/eca8343aca808555dec9f75e5262746e/screenshot'
16:33:08.163 [Forwarding screenshot on session eca8343aca808555dec9f75e5262746e to remote] DEBUG org.asynchttpclient.netty.request.NettyRequestSender - Using open Channel [id: 0x2c2d7a46, L:/127.0.0.1:50993 - R:localhost/127.0.0.1:62582] for GET '/session/eca8343aca808555dec9f75e5262746e/screenshot'
16:33:08.694 [AsyncHttpClient-1-1] DEBUG org.asynchttpclient.netty.channel.DefaultChannelPool - Entry count for : http://localhost:50995 : 1
16:33:09.799 [AsyncHttpClient-1-1] DEBUG org.asynchttpclient.netty.channel.DefaultChannelPool - Entry count for : http://localhost:50995 : 1
16:33:10.182 [AsyncHttpClient-1-3] DEBUG org.asynchttpclient.netty.handler.HttpHandler - 

Request DefaultFullHttpRequest(decodeResult: success, version: HTTP/1.1, content: EmptyByteBufBE)
GET /session/eca8343aca808555dec9f75e5262746e/screenshot HTTP/1.1
User-Agent: selenium/4.1.2 (java windows)
Cache-Control: no-cache
Content-Type: application/json; charset=utf-8
host: localhost:62582
accept: */*

Response DefaultHttpResponse(decodeResult: success, version: HTTP/1.1)
HTTP/1.1 200 OK
Content-Type: application/json; charset=utf-8
cache-control: no-cache
content-length: 49876

16:33:10.182 [AsyncHttpClient-1-3] DEBUG org.asynchttpclient.netty.channel.ChannelManager - Adding key: http://localhost:62582 for channel [id: 0x2c2d7a46, L:/127.0.0.1:50993 - R:localhost/127.0.0.1:62582]
16:33:10.195 [main] DEBUG net.serenitybdd.core.photography.Darkroom - Send negative for processing for target\site\serenity\61db8e5653829d44f5c341ec7d2076b6e8350b39dfdb04e2aa93f2e4f43ce436.png
16:33:10.252 [Forwarding screenshot on session eca8343aca808555dec9f75e5262746e to remote] DEBUG org.asynchttpclient.netty.request.NettyRequestSender - Using pooled Channel '[id: 0x2c2d7a46, L:/127.0.0.1:50993 - R:localhost/127.0.0.1:62582]' for 'GET' to 'http://localhost:62582/session/eca8343aca808555dec9f75e5262746e/screenshot'
16:33:10.254 [Forwarding screenshot on session eca8343aca808555dec9f75e5262746e to remote] DEBUG org.asynchttpclient.netty.request.NettyRequestSender - Using open Channel [id: 0x2c2d7a46, L:/127.0.0.1:50993 - R:localhost/127.0.0.1:62582] for GET '/session/eca8343aca808555dec9f75e5262746e/screenshot'
16:33:10.849 [AsyncHttpClient-1-1] DEBUG org.asynchttpclient.netty.channel.DefaultChannelPool - Entry count for : http://localhost:50995 : 1
16:33:11.009 [AsyncHttpClient-1-3] DEBUG org.asynchttpclient.netty.handler.HttpHandler - 

Request DefaultFullHttpRequest(decodeResult: success, version: HTTP/1.1, content: EmptyByteBufBE)
GET /session/eca8343aca808555dec9f75e5262746e/screenshot HTTP/1.1
User-Agent: selenium/4.1.2 (java windows)
Cache-Control: no-cache
Content-Type: application/json; charset=utf-8
host: localhost:62582
accept: */*

Response DefaultHttpResponse(decodeResult: success, version: HTTP/1.1)
HTTP/1.1 200 OK
Content-Type: application/json; charset=utf-8
cache-control: no-cache
content-length: 44864

16:33:11.017 [AsyncHttpClient-1-3] DEBUG org.asynchttpclient.netty.channel.ChannelManager - Adding key: http://localhost:62582 for channel [id: 0x2c2d7a46, L:/127.0.0.1:50993 - R:localhost/127.0.0.1:62582]
16:33:11.025 [main] DEBUG net.serenitybdd.core.photography.Darkroom - Send negative for processing for target\site\serenity\cbd4eabc9010c2cd12806e321d808e6994a7321ec80782d3120a28e4a68f524f.png
16:33:11.025 [Darkroom Processing Line] DEBUG net.serenitybdd.core.photography.DarkroomProcessingLine - Processing screenshot image in /var/screenshots/screenshot-6252463278953687290
16:33:11.025 [Darkroom Processing Line] DEBUG net.serenitybdd.core.photography.DarkroomProcessingLine - Saving screenshot to target\site\serenity\cbd4eabc9010c2cd12806e321d808e6994a7321ec80782d3120a28e4a68f524f.png
16:33:11.065 [main] DEBUG net.thucydides.core.steps.StepInterceptor - STARTING STEP: KelolaJadwalSteps.validateDataErrorKelolaJadwal - validateErrorKelolaJadwal
16:33:11.073 [Forwarding findElement on session eca8343aca808555dec9f75e5262746e to remote] DEBUG org.asynchttpclient.netty.request.NettyRequestSender - Using pooled Channel '[id: 0x2c2d7a46, L:/127.0.0.1:50993 - R:localhost/127.0.0.1:62582]' for 'POST' to 'http://localhost:62582/session/eca8343aca808555dec9f75e5262746e/element'
16:33:11.073 [Forwarding findElement on session eca8343aca808555dec9f75e5262746e to remote] DEBUG org.asynchttpclient.netty.request.NettyRequestSender - Using open Channel [id: 0x2c2d7a46, L:/127.0.0.1:50993 - R:localhost/127.0.0.1:62582] for POST '/session/eca8343aca808555dec9f75e5262746e/element'
16:33:11.145 [AsyncHttpClient-1-3] DEBUG org.asynchttpclient.netty.handler.HttpHandler - 

Request DefaultHttpRequest(decodeResult: success, version: HTTP/1.1)
POST /session/eca8343aca808555dec9f75e5262746e/element HTTP/1.1
User-Agent: selenium/4.1.2 (java windows)
Content-Length: 100
Content-Type: application/json; charset=utf-8
host: localhost:62582
accept: */*

Response DefaultHttpResponse(decodeResult: success, version: HTTP/1.1)
HTTP/1.1 200 OK
Content-Type: application/json; charset=utf-8
cache-control: no-cache
content-length: 88

16:33:11.153 [AsyncHttpClient-1-3] DEBUG org.asynchttpclient.netty.channel.ChannelManager - Adding key: http://localhost:62582 for channel [id: 0x2c2d7a46, L:/127.0.0.1:50993 - R:localhost/127.0.0.1:62582]
16:33:11.153 [Forwarding isElementEnabled on session eca8343aca808555dec9f75e5262746e to remote] DEBUG org.asynchttpclient.netty.request.NettyRequestSender - Using pooled Channel '[id: 0x2c2d7a46, L:/127.0.0.1:50993 - R:localhost/127.0.0.1:62582]' for 'GET' to 'http://localhost:62582/session/eca8343aca808555dec9f75e5262746e/element/ff1a149f-b3be-4e35-a2ba-2b74960fbd48/enabled'
16:33:11.153 [Forwarding isElementEnabled on session eca8343aca808555dec9f75e5262746e to remote] DEBUG org.asynchttpclient.netty.request.NettyRequestSender - Using open Channel [id: 0x2c2d7a46, L:/127.0.0.1:50993 - R:localhost/127.0.0.1:62582] for GET '/session/eca8343aca808555dec9f75e5262746e/element/ff1a149f-b3be-4e35-a2ba-2b74960fbd48/enabled'
16:33:11.217 [AsyncHttpClient-1-3] DEBUG org.asynchttpclient.netty.handler.HttpHandler - 

Request DefaultFullHttpRequest(decodeResult: success, version: HTTP/1.1, content: EmptyByteBufBE)
GET /session/eca8343aca808555dec9f75e5262746e/element/ff1a149f-b3be-4e35-a2ba-2b74960fbd48/enabled HTTP/1.1
User-Agent: selenium/4.1.2 (java windows)
Cache-Control: no-cache
Content-Type: application/json; charset=utf-8
host: localhost:62582
accept: */*

Response DefaultHttpResponse(decodeResult: success, version: HTTP/1.1)
HTTP/1.1 200 OK
Content-Type: application/json; charset=utf-8
cache-control: no-cache
content-length: 14

16:33:11.217 [AsyncHttpClient-1-3] DEBUG org.asynchttpclient.netty.channel.ChannelManager - Adding key: http://localhost:62582 for channel [id: 0x2c2d7a46, L:/127.0.0.1:50993 - R:localhost/127.0.0.1:62582]
16:33:11.249 [Forwarding screenshot on session eca8343aca808555dec9f75e5262746e to remote] DEBUG org.asynchttpclient.netty.request.NettyRequestSender - Using pooled Channel '[id: 0x2c2d7a46, L:/127.0.0.1:50993 - R:localhost/127.0.0.1:62582]' for 'GET' to 'http://localhost:62582/session/eca8343aca808555dec9f75e5262746e/screenshot'
16:33:11.249 [Forwarding screenshot on session eca8343aca808555dec9f75e5262746e to remote] DEBUG org.asynchttpclient.netty.request.NettyRequestSender - Using open Channel [id: 0x2c2d7a46, L:/127.0.0.1:50993 - R:localhost/127.0.0.1:62582] for GET '/session/eca8343aca808555dec9f75e5262746e/screenshot'
16:33:11.609 [AsyncHttpClient-1-3] DEBUG org.asynchttpclient.netty.handler.HttpHandler - 

Request DefaultFullHttpRequest(decodeResult: success, version: HTTP/1.1, content: EmptyByteBufBE)
GET /session/eca8343aca808555dec9f75e5262746e/screenshot HTTP/1.1
User-Agent: selenium/4.1.2 (java windows)
Cache-Control: no-cache
Content-Type: application/json; charset=utf-8
host: localhost:62582
accept: */*

Response DefaultHttpResponse(decodeResult: success, version: HTTP/1.1)
HTTP/1.1 200 OK
Content-Type: application/json; charset=utf-8
cache-control: no-cache
content-length: 44864

16:33:11.609 [AsyncHttpClient-1-3] DEBUG org.asynchttpclient.netty.channel.ChannelManager - Adding key: http://localhost:62582 for channel [id: 0x2c2d7a46, L:/127.0.0.1:50993 - R:localhost/127.0.0.1:62582]
16:33:11.617 [main] DEBUG net.serenitybdd.core.photography.Darkroom - Send negative for processing for target\site\serenity\cbd4eabc9010c2cd12806e321d808e6994a7321ec80782d3120a28e4a68f524f.png
16:33:11.617 [main] DEBUG net.thucydides.core.steps.StepInterceptor - STEP DONE: validateErrorKelolaJadwal
  &amp#27;[32mAnd &amp#27;[0m&amp#27;[32mValidate data error kelola jadwal&amp#27;[0m                                                        &amp#27;[90m# starter.stepdefinitios.KelolaJadwalSteps.validateDataErrorKelolaJadwal()&amp#27;[0m
16:33:11.689 [Forwarding screenshot on session eca8343aca808555dec9f75e5262746e to remote] DEBUG org.asynchttpclient.netty.request.NettyRequestSender - Using pooled Channel '[id: 0x2c2d7a46, L:/127.0.0.1:50993 - R:localhost/127.0.0.1:62582]' for 'GET' to 'http://localhost:62582/session/eca8343aca808555dec9f75e5262746e/screenshot'
16:33:11.689 [Forwarding screenshot on session eca8343aca808555dec9f75e5262746e to remote] DEBUG org.asynchttpclient.netty.request.NettyRequestSender - Using open Channel [id: 0x2c2d7a46, L:/127.0.0.1:50993 - R:localhost/127.0.0.1:62582] for GET '/session/eca8343aca808555dec9f75e5262746e/screenshot'
16:33:11.943 [AsyncHttpClient-1-1] DEBUG org.asynchttpclient.netty.channel.DefaultChannelPool - Entry count for : http://localhost:50995 : 1
16:33:12.118 [AsyncHttpClient-1-3] DEBUG org.asynchttpclient.netty.handler.HttpHandler - 

Request DefaultFullHttpRequest(decodeResult: success, version: HTTP/1.1, content: EmptyByteBufBE)
GET /session/eca8343aca808555dec9f75e5262746e/screenshot HTTP/1.1
User-Agent: selenium/4.1.2 (java windows)
Cache-Control: no-cache
Content-Type: application/json; charset=utf-8
host: localhost:62582
accept: */*

Response DefaultHttpResponse(decodeResult: success, version: HTTP/1.1)
HTTP/1.1 200 OK
Content-Type: application/json; charset=utf-8
cache-control: no-cache
content-length: 44864

16:33:12.119 [AsyncHttpClient-1-3] DEBUG org.asynchttpclient.netty.channel.ChannelManager - Adding key: http://localhost:62582 for channel [id: 0x2c2d7a46, L:/127.0.0.1:50993 - R:localhost/127.0.0.1:62582]
16:33:12.129 [main] DEBUG net.serenitybdd.core.photography.Darkroom - Send negative for processing for target\site\serenity\cbd4eabc9010c2cd12806e321d808e6994a7321ec80782d3120a28e4a68f524f.png
16:33:12.141 [AsyncHttpClient-1-5] DEBUG org.asynchttpclient.netty.handler.WebSocketHandler - Channel Closed: [id: 0x37e23862, L:/127.0.0.1:51008 ! R:localhost/127.0.0.1:50995] with attribute NettyResponseFuture{currentRetry=5,
	isDone=1,
	isCancelled=0,
	asyncHandler=org.asynchttpclient.ws.WebSocketUpgradeHandler@5ab09e6a,
	nettyRequest=org.asynchttpclient.netty.request.NettyRequest@249cf65e,
	future=java.util.concurrent.CompletableFuture@764a9eba[Completed normally],
	uri=ws://localhost:50995/devtools/browser/68630320-c14d-4cc9-9a47-e30ffbe86650,
	keepAlive=true,
	redirectCount=0,
	timeoutsHolder=null,
	inAuth=0,
	touch=1657445570904}
16:33:12.141 [AsyncHttpClient-1-5] DEBUG org.asynchttpclient.netty.channel.ChannelManager - Closing Channel [id: 0x37e23862, L:/127.0.0.1:51008 ! R:localhost/127.0.0.1:50995] 
16:33:12.160 [Driver Command Executor] DEBUG org.asynchttpclient.netty.request.NettyRequestSender - Using pooled Channel '[id: 0x2c2d7a46, L:/127.0.0.1:50993 - R:localhost/127.0.0.1:62582]' for 'DELETE' to 'http://localhost:62582/session/eca8343aca808555dec9f75e5262746e'
16:33:12.160 [Driver Command Executor] DEBUG org.asynchttpclient.netty.request.NettyRequestSender - Using open Channel [id: 0x2c2d7a46, L:/127.0.0.1:50993 - R:localhost/127.0.0.1:62582] for DELETE '/session/eca8343aca808555dec9f75e5262746e'
16:33:13.051 [AsyncHttpClient-1-1] DEBUG org.asynchttpclient.netty.channel.DefaultChannelPool - Entry count for : http://localhost:50995 : 1
16:33:13.199 [AsyncHttpClient-1-4] DEBUG org.asynchttpclient.netty.handler.HttpHandler - Unexpected I/O exception on channel [id: 0x4d5e1c47, L:/127.0.0.1:51007 - R:localhost/127.0.0.1:50995]
java.io.IOException: An existing connection was forcibly closed by the remote host
	at java.base/sun.nio.ch.SocketDispatcher.read0(Native Method)
	at java.base/sun.nio.ch.SocketDispatcher.read(SocketDispatcher.java:43)
	at java.base/sun.nio.ch.IOUtil.readIntoNativeBuffer(IOUtil.java:276)
	at java.base/sun.nio.ch.IOUtil.read(IOUtil.java:233)
	at java.base/sun.nio.ch.IOUtil.read(IOUtil.java:223)
	at java.base/sun.nio.ch.SocketChannelImpl.read(SocketChannelImpl.java:358)
	at io.netty.buffer.PooledByteBuf.setBytes(PooledByteBuf.java:258)
	at io.netty.buffer.AbstractByteBuf.writeBytes(AbstractByteBuf.java:1132)
	at io.netty.channel.socket.nio.NioSocketChannel.doReadBytes(NioSocketChannel.java:350)
	at io.netty.channel.nio.AbstractNioByteChannel$NioByteUnsafe.read(AbstractNioByteChannel.java:151)
	at io.netty.channel.nio.NioEventLoop.processSelectedKey(NioEventLoop.java:722)
	at io.netty.channel.nio.NioEventLoop.processSelectedKeysOptimized(NioEventLoop.java:658)
	at io.netty.channel.nio.NioEventLoop.processSelectedKeys(NioEventLoop.java:584)
	at io.netty.channel.nio.NioEventLoop.run(NioEventLoop.java:496)
	at io.netty.util.concurrent.SingleThreadEventExecutor$4.run(SingleThreadEventExecutor.java:986)
	at io.netty.util.internal.ThreadExecutorMap$2.run(ThreadExecutorMap.java:74)
	at io.netty.util.concurrent.FastThreadLocalRunnable.run(FastThreadLocalRunnable.java:30)
	at java.base/java.lang.Thread.run(Thread.java:834)
16:33:13.199 [AsyncHttpClient-1-4] DEBUG org.asynchttpclient.netty.channel.ChannelManager - Closing Channel [id: 0x4d5e1c47, L:/127.0.0.1:51007 - R:localhost/127.0.0.1:50995] 
16:33:13.200 [AsyncHttpClient-1-4] DEBUG org.asynchttpclient.netty.handler.HttpHandler - Channel Closed: [id: 0x4d5e1c47, L:/127.0.0.1:51007 ! R:localhost/127.0.0.1:50995] with attribute DISCARD
16:33:13.421 [AsyncHttpClient-1-3] DEBUG org.asynchttpclient.netty.handler.HttpHandler - 

Request DefaultFullHttpRequest(decodeResult: success, version: HTTP/1.1, content: EmptyByteBufBE)
DELETE /session/eca8343aca808555dec9f75e5262746e HTTP/1.1
User-Agent: selenium/4.1.2 (java windows)
Content-Type: application/json; charset=utf-8
host: localhost:62582
accept: */*

Response DefaultHttpResponse(decodeResult: success, version: HTTP/1.1)
HTTP/1.1 200 OK
Content-Type: application/json; charset=utf-8
cache-control: no-cache
content-length: 14

16:33:13.421 [AsyncHttpClient-1-3] DEBUG org.asynchttpclient.netty.channel.ChannelManager - Adding key: http://localhost:62582 for channel [id: 0x2c2d7a46, L:/127.0.0.1:50993 - R:localhost/127.0.0.1:62582]
16:33:14.148 [AsyncHttpClient-1-1] DEBUG org.asynchttpclient.netty.channel.DefaultChannelPool - Entry count for : http://localhost:50995 : 1
16:33:14.148 [AsyncHttpClient-1-1] DEBUG org.asynchttpclient.netty.channel.DefaultChannelPool - Entry count for : http://localhost:62582 : 1
16:33:14.148 [AsyncHttpClient-1-1] DEBUG org.asynchttpclient.netty.channel.DefaultChannelPool - Adding Candidate expired Channel [id: 0x4d5e1c47, L:/127.0.0.1:51007 ! R:localhost/127.0.0.1:50995] isIdleTimeoutExpired=false isRemotelyClosed=true isTtlExpired=false
16:33:14.148 [AsyncHttpClient-1-1] DEBUG org.asynchttpclient.netty.channel.DefaultChannelPool - Closing Idle Channel [id: 0x4d5e1c47, L:/127.0.0.1:51007 ! R:localhost/127.0.0.1:50995]
16:33:14.148 [AsyncHttpClient-1-1] DEBUG org.asynchttpclient.netty.channel.DefaultChannelPool - Closed 1 connections out of 2 in 0 ms
16:33:14.327 [AsyncHttpClient-1-3] DEBUG org.asynchttpclient.netty.handler.HttpHandler - Channel Closed: [id: 0x2c2d7a46, L:/127.0.0.1:50993 ! R:localhost/127.0.0.1:62582] with attribute DISCARD
16:33:14.857 [main] INFO  - 
  _____   ___   ___   _____     ___     _     ___   ___   ___   ___  
 |_   _| | __| / __| |_   _|   | _ \   /_\   / __| / __| | __| |   \ 
   | |   | _|  \__ \   | |     |  _/  / _ \  \__ \ \__ \ | _|  | |) |
   |_|   |___| |___/   |_|     |_|   /_/ \_\ |___/ |___/ |___| |___/ 

As a admin i want to Add Manage Schedule Rawat Biasa - Tidak memilih Perawat
----------------------------------------------------------------------
]]></system-out>
    <system-err><![CDATA[Starting ChromeDriver 103.0.5060.53 (a1711811edd74ff1cf2150f36ffa3b0dae40b17f-refs/branch-heads/5060@{#853}) on port 62582
Only local connections are allowed.
Please see https://chromedriver.chromium.org/security-considerations for suggestions on keeping ChromeDriver safe.
ChromeDriver was started successfully.
Jul 10, 2022 4:32:50 PM org.openqa.selenium.remote.ProtocolHandshake createSession
INFO: Detected dialect: W3C
Jul 10, 2022 4:32:50 PM org.openqa.selenium.devtools.CdpVersionFinder findNearestMatch
WARNING: Unable to find an exact match for CDP version 103, so returning the closest version found: a no-op implementation
Jul 10, 2022 4:32:50 PM org.openqa.selenium.devtools.CdpVersionFinder findNearestMatch
INFO: Unable to find CDP implementation matching 103.
Jul 10, 2022 4:32:50 PM org.openqa.selenium.chromium.ChromiumDriver lambda$new$3
WARNING: Unable to find version of CDP to use for . You may need to include a dependency on a specific version of the CDP using something similar to `org.seleniumhq.selenium:selenium-devtools-v86:4.1.2` where the version ("v86") matches the version of the chromium-based browser you're using and the version number of the artifact is the same as Selenium's.
]]></system-err>
  </testcase>
  <testcase name="As a admin i want to Add Manage Schedule Rawat Biasa - Tanpa tanggal dan perawat" classname="Add Kelola Jadwal - Admin" time="34.428">
    <system-out><![CDATA[
@AddKelolaJadwal @AddKelolaJadwalRawatBiasaNoALL
Scenario Outline: As a admin i want to Add Manage Schedule Rawat Biasa - Tanpa tanggal dan perawat &amp#27;[90m# src/test/resources/features/AddKelolaJadwal.feature:73&amp#27;[0m
16:33:14.937 [main] INFO io.cucumber.core.plugin.SerenityReporter - Running feature from file:///D:/Kel-1-capstone/TestingWeb/src/test/resources/features/AddKelolaJadwal.feature
16:33:14.953 [main] INFO  - 
  _____   ___   ___   _____     ___   _____     _     ___   _____   ___   ___  
 |_   _| | __| / __| |_   _|   / __| |_   _|   /_\   | _ \ |_   _| | __| |   \ 
   | |   | _|  \__ \   | |     \__ \   | |    / _ \  |   /   | |   | _|  | |) |
   |_|   |___| |___/   |_|     |___/   |_|   /_/ \_\ |_|_\   |_|   |___| |___/ 

As a admin i want to Add Manage Schedule Rawat Biasa - Tanpa tanggal dan perawat(add-kelola-jadwal---admin;as-a-admin-i-want-to-add-manage-schedule-rawat-biasa---tanpa-tanggal-dan-perawat)
--------------------------------------------------------------------------------
16:33:15.129 [main] DEBUG net.thucydides.core.steps.StepInterceptor - STARTING STEP: KelolaJadwalSteps.openPageKelolaJadwal - openKelolaJadwal
16:33:15.139 [main] INFO net.serenitybdd.core.webdriver.driverproviders.ChromeDriverProvider - Using automatically driver download
16:33:15.245 [AsyncHttpClient-1-1] DEBUG org.asynchttpclient.netty.channel.DefaultChannelPool - Entry count for : http://localhost:62582 : 1
16:33:15.245 [AsyncHttpClient-1-1] DEBUG org.asynchttpclient.netty.channel.DefaultChannelPool - Adding Candidate expired Channel [id: 0x2c2d7a46, L:/127.0.0.1:50993 ! R:localhost/127.0.0.1:62582] isIdleTimeoutExpired=false isRemotelyClosed=true isTtlExpired=false
16:33:15.245 [AsyncHttpClient-1-1] DEBUG org.asynchttpclient.netty.channel.DefaultChannelPool - Closing Idle Channel [id: 0x2c2d7a46, L:/127.0.0.1:50993 ! R:localhost/127.0.0.1:62582]
16:33:15.245 [AsyncHttpClient-1-1] DEBUG org.asynchttpclient.netty.channel.DefaultChannelPool - Closed 1 connections out of 1 in 0 ms
16:33:15.772 [main] DEBUG io.github.bonigarcia.wdm.cache.ResolutionCache - Resolution chrome=103 in cache (valid until 17:02:47 10/07/2022 ICT)
16:33:15.804 [main] DEBUG io.github.bonigarcia.wdm.cache.ResolutionCache - Resolution chrome103=103.0.5060.53 in cache (valid until 16:02:47 11/07/2022 ICT)
16:33:15.820 [main] INFO io.github.bonigarcia.wdm.WebDriverManager - Using chromedriver 103.0.5060.53 (resolved driver for Chrome 103)
16:33:15.924 [main] DEBUG io.github.bonigarcia.wdm.WebDriverManager - Driver chromedriver 103.0.5060.53 found in cache
16:33:15.931 [main] INFO io.github.bonigarcia.wdm.WebDriverManager - Exporting webdriver.chrome.driver as C:\Users\ASUS\.cache\selenium\chromedriver\win32\103.0.5060.53\chromedriver.exe
16:33:16.559 [main] DEBUG net.serenitybdd.core.webdriver.driverproviders.ProvideNewDriver - Instantiating driver
16:33:16.559 [main] DEBUG net.serenitybdd.core.webdriver.driverproviders.ProvideNewDriver - Driver capabilities: Capabilities {acceptInsecureCerts: false, base.url: https://fanciful-trifle-360..., browserName: chrome, chorme.driver: src/test/resources/webdrive..., driver: chrome, goog:chromeOptions: {args: [], extensions: []}}
16:33:17.196 [AsyncHttpClient-1-6] DEBUG org.asynchttpclient.netty.channel.NettyConnectListener - Using new Channel '[id: 0xda77fe35, L:/127.0.0.1:51031 - R:localhost/127.0.0.1:59029]' for 'POST' to '/session'
16:33:22.121 [AsyncHttpClient-1-6] DEBUG org.asynchttpclient.netty.handler.HttpHandler - 

Request DefaultHttpRequest(decodeResult: success, version: HTTP/1.1)
POST /session HTTP/1.1
User-Agent: selenium/4.1.2 (java windows)
Content-Length: 629
Content-Type: application/json; charset=utf-8
host: localhost:59029
accept: */*

Response DefaultHttpResponse(decodeResult: success, version: HTTP/1.1)
HTTP/1.1 200 OK
Content-Type: application/json; charset=utf-8
cache-control: no-cache
content-length: 788

16:33:22.122 [AsyncHttpClient-1-6] DEBUG org.asynchttpclient.netty.channel.ChannelManager - Adding key: http://localhost:59029 for channel [id: 0xda77fe35, L:/127.0.0.1:51031 - R:localhost/127.0.0.1:59029]
16:33:22.146 [AsyncHttpClient-1-7] DEBUG org.asynchttpclient.netty.channel.NettyConnectListener - Using new Channel '[id: 0xd54db6b8, L:/127.0.0.1:51045 - R:localhost/127.0.0.1:51033]' for 'GET' to '/json/version'
16:33:22.204 [AsyncHttpClient-1-7] DEBUG org.asynchttpclient.netty.handler.HttpHandler - 

Request DefaultFullHttpRequest(decodeResult: success, version: HTTP/1.1, content: EmptyByteBufBE)
GET /json/version HTTP/1.1
User-Agent: selenium/4.1.2 (java windows)
host: localhost:51033
accept: */*

Response DefaultHttpResponse(decodeResult: success, version: HTTP/1.1)
HTTP/1.1 200 OK
Content-Type: application/json; charset=UTF-8
content-length: 429

16:33:22.205 [AsyncHttpClient-1-7] DEBUG org.asynchttpclient.netty.channel.ChannelManager - Adding key: http://localhost:51033 for channel [id: 0xd54db6b8, L:/127.0.0.1:51045 - R:localhost/127.0.0.1:51033]
16:33:22.211 [AsyncHttpClient-1-8] DEBUG org.asynchttpclient.netty.channel.NettyConnectListener - Using new Channel '[id: 0x66e53f00, L:/127.0.0.1:51046 - R:localhost/127.0.0.1:51033]' for 'GET' to '/devtools/browser/df5e09a9-adde-41b7-a0ad-2921f2c852b1'
16:33:22.230 [AsyncHttpClient-1-8] DEBUG org.asynchttpclient.netty.handler.WebSocketHandler - 

Request DefaultFullHttpRequest(decodeResult: success, version: HTTP/1.1, content: EmptyByteBufBE)
GET /devtools/browser/df5e09a9-adde-41b7-a0ad-2921f2c852b1 HTTP/1.1
upgrade: websocket
connection: upgrade
sec-websocket-key: QWNlcrW0c6IDCBl9+guH9Q==
sec-websocket-version: 13
origin: http://localhost:51033
host: localhost:51033
accept: */*
user-agent: AHC/2.1

Response DefaultHttpResponse(decodeResult: success, version: HTTP/1.1)
HTTP/1.1 101 WebSocket Protocol Handshake
Upgrade: WebSocket
Connection: Upgrade
Sec-WebSocket-Accept: pOM4wQeFfBVbp5Rl3jNaCabzLko=

16:33:22.247 [Forwarding get on session c1f7077ab5e549f41a268f55130d7847 to remote] DEBUG org.asynchttpclient.netty.request.NettyRequestSender - Using pooled Channel '[id: 0xda77fe35, L:/127.0.0.1:51031 - R:localhost/127.0.0.1:59029]' for 'POST' to 'http://localhost:59029/session/c1f7077ab5e549f41a268f55130d7847/url'
16:33:22.247 [Forwarding get on session c1f7077ab5e549f41a268f55130d7847 to remote] DEBUG org.asynchttpclient.netty.request.NettyRequestSender - Using open Channel [id: 0xda77fe35, L:/127.0.0.1:51031 - R:localhost/127.0.0.1:59029] for POST '/session/c1f7077ab5e549f41a268f55130d7847/url'
16:33:23.056 [AsyncHttpClient-1-1] DEBUG org.asynchttpclient.netty.channel.DefaultChannelPool - Entry count for : http://localhost:51033 : 1
16:33:23.948 [AsyncHttpClient-1-6] DEBUG org.asynchttpclient.netty.handler.HttpHandler - 

Request DefaultHttpRequest(decodeResult: success, version: HTTP/1.1)
POST /session/c1f7077ab5e549f41a268f55130d7847/url HTTP/1.1
User-Agent: selenium/4.1.2 (java windows)
Content-Length: 86
Content-Type: application/json; charset=utf-8
host: localhost:59029
accept: */*

Response DefaultHttpResponse(decodeResult: success, version: HTTP/1.1)
HTTP/1.1 200 OK
Content-Type: application/json; charset=utf-8
cache-control: no-cache
content-length: 14

16:33:23.950 [AsyncHttpClient-1-6] DEBUG org.asynchttpclient.netty.channel.ChannelManager - Adding key: http://localhost:59029 for channel [id: 0xda77fe35, L:/127.0.0.1:51031 - R:localhost/127.0.0.1:59029]
16:33:23.954 [Forwarding setTimeout on session c1f7077ab5e549f41a268f55130d7847 to remote] DEBUG org.asynchttpclient.netty.request.NettyRequestSender - Using pooled Channel '[id: 0xda77fe35, L:/127.0.0.1:51031 - R:localhost/127.0.0.1:59029]' for 'POST' to 'http://localhost:59029/session/c1f7077ab5e549f41a268f55130d7847/timeouts'
16:33:23.954 [Forwarding setTimeout on session c1f7077ab5e549f41a268f55130d7847 to remote] DEBUG org.asynchttpclient.netty.request.NettyRequestSender - Using open Channel [id: 0xda77fe35, L:/127.0.0.1:51031 - R:localhost/127.0.0.1:59029] for POST '/session/c1f7077ab5e549f41a268f55130d7847/timeouts'
16:33:23.956 [AsyncHttpClient-1-6] DEBUG org.asynchttpclient.netty.handler.HttpHandler - 

Request DefaultHttpRequest(decodeResult: success, version: HTTP/1.1)
POST /session/c1f7077ab5e549f41a268f55130d7847/timeouts HTTP/1.1
User-Agent: selenium/4.1.2 (java windows)
Content-Length: 22
Content-Type: application/json; charset=utf-8
host: localhost:59029
accept: */*

Response DefaultHttpResponse(decodeResult: success, version: HTTP/1.1)
HTTP/1.1 200 OK
Content-Type: application/json; charset=utf-8
cache-control: no-cache
content-length: 14

16:33:23.957 [AsyncHttpClient-1-6] DEBUG org.asynchttpclient.netty.channel.ChannelManager - Adding key: http://localhost:59029 for channel [id: 0xda77fe35, L:/127.0.0.1:51031 - R:localhost/127.0.0.1:59029]
16:33:23.968 [Forwarding getCurrentUrl on session c1f7077ab5e549f41a268f55130d7847 to remote] DEBUG org.asynchttpclient.netty.request.NettyRequestSender - Using pooled Channel '[id: 0xda77fe35, L:/127.0.0.1:51031 - R:localhost/127.0.0.1:59029]' for 'GET' to 'http://localhost:59029/session/c1f7077ab5e549f41a268f55130d7847/url'
16:33:23.968 [Forwarding getCurrentUrl on session c1f7077ab5e549f41a268f55130d7847 to remote] DEBUG org.asynchttpclient.netty.request.NettyRequestSender - Using open Channel [id: 0xda77fe35, L:/127.0.0.1:51031 - R:localhost/127.0.0.1:59029] for GET '/session/c1f7077ab5e549f41a268f55130d7847/url'
16:33:24.161 [AsyncHttpClient-1-1] DEBUG org.asynchttpclient.netty.channel.DefaultChannelPool - Entry count for : http://localhost:51033 : 1
16:33:24.343 [AsyncHttpClient-1-6] DEBUG org.asynchttpclient.netty.handler.HttpHandler - 

Request DefaultFullHttpRequest(decodeResult: success, version: HTTP/1.1, content: EmptyByteBufBE)
GET /session/c1f7077ab5e549f41a268f55130d7847/url HTTP/1.1
User-Agent: selenium/4.1.2 (java windows)
Cache-Control: no-cache
Content-Type: application/json; charset=utf-8
host: localhost:59029
accept: */*

Response DefaultHttpResponse(decodeResult: success, version: HTTP/1.1)
HTTP/1.1 200 OK
Content-Type: application/json; charset=utf-8
cache-control: no-cache
content-length: 68

16:33:24.344 [AsyncHttpClient-1-6] DEBUG org.asynchttpclient.netty.channel.ChannelManager - Adding key: http://localhost:59029 for channel [id: 0xda77fe35, L:/127.0.0.1:51031 - R:localhost/127.0.0.1:59029]
16:33:24.359 [Forwarding screenshot on session c1f7077ab5e549f41a268f55130d7847 to remote] DEBUG org.asynchttpclient.netty.request.NettyRequestSender - Using pooled Channel '[id: 0xda77fe35, L:/127.0.0.1:51031 - R:localhost/127.0.0.1:59029]' for 'GET' to 'http://localhost:59029/session/c1f7077ab5e549f41a268f55130d7847/screenshot'
16:33:24.359 [Forwarding screenshot on session c1f7077ab5e549f41a268f55130d7847 to remote] DEBUG org.asynchttpclient.netty.request.NettyRequestSender - Using open Channel [id: 0xda77fe35, L:/127.0.0.1:51031 - R:localhost/127.0.0.1:59029] for GET '/session/c1f7077ab5e549f41a268f55130d7847/screenshot'
16:33:25.280 [AsyncHttpClient-1-1] DEBUG org.asynchttpclient.netty.channel.DefaultChannelPool - Entry count for : http://localhost:51033 : 1
16:33:25.420 [AsyncHttpClient-1-6] DEBUG org.asynchttpclient.netty.handler.HttpHandler - 

Request DefaultFullHttpRequest(decodeResult: success, version: HTTP/1.1, content: EmptyByteBufBE)
GET /session/c1f7077ab5e549f41a268f55130d7847/screenshot HTTP/1.1
User-Agent: selenium/4.1.2 (java windows)
Cache-Control: no-cache
Content-Type: application/json; charset=utf-8
host: localhost:59029
accept: */*

Response DefaultHttpResponse(decodeResult: success, version: HTTP/1.1)
HTTP/1.1 200 OK
Content-Type: application/json; charset=utf-8
cache-control: no-cache
content-length: 63852

16:33:25.421 [AsyncHttpClient-1-6] DEBUG org.asynchttpclient.netty.channel.ChannelManager - Adding key: http://localhost:59029 for channel [id: 0xda77fe35, L:/127.0.0.1:51031 - R:localhost/127.0.0.1:59029]
16:33:25.427 [main] DEBUG net.serenitybdd.core.photography.Darkroom - Send negative for processing for target\site\serenity\4b4d52303de5bc8432cc997710f18014a7cf8b38aa1398c92010be89ef973807.png
16:33:25.428 [main] DEBUG net.thucydides.core.steps.StepInterceptor - STEP DONE: openKelolaJadwal
  &amp#27;[32mGiven &amp#27;[0m&amp#27;[32mOpen page Kelola Jadwal&amp#27;[0m                                                                    &amp#27;[90m# starter.stepdefinitios.KelolaJadwalSteps.openPageKelolaJadwal()&amp#27;[0m
16:33:25.595 [Forwarding screenshot on session c1f7077ab5e549f41a268f55130d7847 to remote] DEBUG org.asynchttpclient.netty.request.NettyRequestSender - Using pooled Channel '[id: 0xda77fe35, L:/127.0.0.1:51031 - R:localhost/127.0.0.1:59029]' for 'GET' to 'http://localhost:59029/session/c1f7077ab5e549f41a268f55130d7847/screenshot'
16:33:25.595 [Forwarding screenshot on session c1f7077ab5e549f41a268f55130d7847 to remote] DEBUG org.asynchttpclient.netty.request.NettyRequestSender - Using open Channel [id: 0xda77fe35, L:/127.0.0.1:51031 - R:localhost/127.0.0.1:59029] for GET '/session/c1f7077ab5e549f41a268f55130d7847/screenshot'
16:33:25.995 [AsyncHttpClient-1-6] DEBUG org.asynchttpclient.netty.handler.HttpHandler - 

Request DefaultFullHttpRequest(decodeResult: success, version: HTTP/1.1, content: EmptyByteBufBE)
GET /session/c1f7077ab5e549f41a268f55130d7847/screenshot HTTP/1.1
User-Agent: selenium/4.1.2 (java windows)
Cache-Control: no-cache
Content-Type: application/json; charset=utf-8
host: localhost:59029
accept: */*

Response DefaultHttpResponse(decodeResult: success, version: HTTP/1.1)
HTTP/1.1 200 OK
Content-Type: application/json; charset=utf-8
cache-control: no-cache
content-length: 63852

16:33:25.995 [AsyncHttpClient-1-6] DEBUG org.asynchttpclient.netty.channel.ChannelManager - Adding key: http://localhost:59029 for channel [id: 0xda77fe35, L:/127.0.0.1:51031 - R:localhost/127.0.0.1:59029]
16:33:26.008 [main] DEBUG net.serenitybdd.core.photography.Darkroom - Send negative for processing for target\site\serenity\4b4d52303de5bc8432cc997710f18014a7cf8b38aa1398c92010be89ef973807.png
16:33:26.009 [main] DEBUG net.thucydides.core.steps.StepInterceptor - STARTING STEP: PatientDataSteps.clickButtonTambahData - clickButtonTambah
16:33:26.019 [Forwarding findElement on session c1f7077ab5e549f41a268f55130d7847 to remote] DEBUG org.asynchttpclient.netty.request.NettyRequestSender - Using pooled Channel '[id: 0xda77fe35, L:/127.0.0.1:51031 - R:localhost/127.0.0.1:59029]' for 'POST' to 'http://localhost:59029/session/c1f7077ab5e549f41a268f55130d7847/element'
16:33:26.019 [Forwarding findElement on session c1f7077ab5e549f41a268f55130d7847 to remote] DEBUG org.asynchttpclient.netty.request.NettyRequestSender - Using open Channel [id: 0xda77fe35, L:/127.0.0.1:51031 - R:localhost/127.0.0.1:59029] for POST '/session/c1f7077ab5e549f41a268f55130d7847/element'
16:33:26.243 [AsyncHttpClient-1-6] DEBUG org.asynchttpclient.netty.handler.HttpHandler - 

Request DefaultHttpRequest(decodeResult: success, version: HTTP/1.1)
POST /session/c1f7077ab5e549f41a268f55130d7847/element HTTP/1.1
User-Agent: selenium/4.1.2 (java windows)
Content-Length: 68
Content-Type: application/json; charset=utf-8
host: localhost:59029
accept: */*

Response DefaultHttpResponse(decodeResult: success, version: HTTP/1.1)
HTTP/1.1 200 OK
Content-Type: application/json; charset=utf-8
cache-control: no-cache
content-length: 88

16:33:26.243 [AsyncHttpClient-1-6] DEBUG org.asynchttpclient.netty.channel.ChannelManager - Adding key: http://localhost:59029 for channel [id: 0xda77fe35, L:/127.0.0.1:51031 - R:localhost/127.0.0.1:59029]
16:33:26.246 [Forwarding getElementTagName on session c1f7077ab5e549f41a268f55130d7847 to remote] DEBUG org.asynchttpclient.netty.request.NettyRequestSender - Using pooled Channel '[id: 0xda77fe35, L:/127.0.0.1:51031 - R:localhost/127.0.0.1:59029]' for 'GET' to 'http://localhost:59029/session/c1f7077ab5e549f41a268f55130d7847/element/688a6596-cb2a-4812-b7ca-7fe26d2d9676/name'
16:33:26.246 [Forwarding getElementTagName on session c1f7077ab5e549f41a268f55130d7847 to remote] DEBUG org.asynchttpclient.netty.request.NettyRequestSender - Using open Channel [id: 0xda77fe35, L:/127.0.0.1:51031 - R:localhost/127.0.0.1:59029] for GET '/session/c1f7077ab5e549f41a268f55130d7847/element/688a6596-cb2a-4812-b7ca-7fe26d2d9676/name'
16:33:26.359 [AsyncHttpClient-1-1] DEBUG org.asynchttpclient.netty.channel.DefaultChannelPool - Entry count for : http://localhost:51033 : 1
16:33:26.427 [AsyncHttpClient-1-6] DEBUG org.asynchttpclient.netty.handler.HttpHandler - 

Request DefaultFullHttpRequest(decodeResult: success, version: HTTP/1.1, content: EmptyByteBufBE)
GET /session/c1f7077ab5e549f41a268f55130d7847/element/688a6596-cb2a-4812-b7ca-7fe26d2d9676/name HTTP/1.1
User-Agent: selenium/4.1.2 (java windows)
Cache-Control: no-cache
Content-Type: application/json; charset=utf-8
host: localhost:59029
accept: */*

Response DefaultHttpResponse(decodeResult: success, version: HTTP/1.1)
HTTP/1.1 200 OK
Content-Type: application/json; charset=utf-8
cache-control: no-cache
content-length: 18

16:33:26.428 [AsyncHttpClient-1-6] DEBUG org.asynchttpclient.netty.channel.ChannelManager - Adding key: http://localhost:59029 for channel [id: 0xda77fe35, L:/127.0.0.1:51031 - R:localhost/127.0.0.1:59029]
16:33:26.430 [Forwarding getElementTagName on session c1f7077ab5e549f41a268f55130d7847 to remote] DEBUG org.asynchttpclient.netty.request.NettyRequestSender - Using pooled Channel '[id: 0xda77fe35, L:/127.0.0.1:51031 - R:localhost/127.0.0.1:59029]' for 'GET' to 'http://localhost:59029/session/c1f7077ab5e549f41a268f55130d7847/element/688a6596-cb2a-4812-b7ca-7fe26d2d9676/name'
16:33:26.430 [Forwarding getElementTagName on session c1f7077ab5e549f41a268f55130d7847 to remote] DEBUG org.asynchttpclient.netty.request.NettyRequestSender - Using open Channel [id: 0xda77fe35, L:/127.0.0.1:51031 - R:localhost/127.0.0.1:59029] for GET '/session/c1f7077ab5e549f41a268f55130d7847/element/688a6596-cb2a-4812-b7ca-7fe26d2d9676/name'
16:33:26.559 [AsyncHttpClient-1-6] DEBUG org.asynchttpclient.netty.handler.HttpHandler - 

Request DefaultFullHttpRequest(decodeResult: success, version: HTTP/1.1, content: EmptyByteBufBE)
GET /session/c1f7077ab5e549f41a268f55130d7847/element/688a6596-cb2a-4812-b7ca-7fe26d2d9676/name HTTP/1.1
User-Agent: selenium/4.1.2 (java windows)
Cache-Control: no-cache
Content-Type: application/json; charset=utf-8
host: localhost:59029
accept: */*

Response DefaultHttpResponse(decodeResult: success, version: HTTP/1.1)
HTTP/1.1 200 OK
Content-Type: application/json; charset=utf-8
cache-control: no-cache
content-length: 18

16:33:26.559 [AsyncHttpClient-1-6] DEBUG org.asynchttpclient.netty.channel.ChannelManager - Adding key: http://localhost:59029 for channel [id: 0xda77fe35, L:/127.0.0.1:51031 - R:localhost/127.0.0.1:59029]
16:33:26.568 [Forwarding isElementEnabled on session c1f7077ab5e549f41a268f55130d7847 to remote] DEBUG org.asynchttpclient.netty.request.NettyRequestSender - Using pooled Channel '[id: 0xda77fe35, L:/127.0.0.1:51031 - R:localhost/127.0.0.1:59029]' for 'GET' to 'http://localhost:59029/session/c1f7077ab5e549f41a268f55130d7847/element/688a6596-cb2a-4812-b7ca-7fe26d2d9676/enabled'
16:33:26.568 [Forwarding isElementEnabled on session c1f7077ab5e549f41a268f55130d7847 to remote] DEBUG org.asynchttpclient.netty.request.NettyRequestSender - Using open Channel [id: 0xda77fe35, L:/127.0.0.1:51031 - R:localhost/127.0.0.1:59029] for GET '/session/c1f7077ab5e549f41a268f55130d7847/element/688a6596-cb2a-4812-b7ca-7fe26d2d9676/enabled'
16:33:26.746 [AsyncHttpClient-1-6] DEBUG org.asynchttpclient.netty.handler.HttpHandler - 

Request DefaultFullHttpRequest(decodeResult: success, version: HTTP/1.1, content: EmptyByteBufBE)
GET /session/c1f7077ab5e549f41a268f55130d7847/element/688a6596-cb2a-4812-b7ca-7fe26d2d9676/enabled HTTP/1.1
User-Agent: selenium/4.1.2 (java windows)
Cache-Control: no-cache
Content-Type: application/json; charset=utf-8
host: localhost:59029
accept: */*

Response DefaultHttpResponse(decodeResult: success, version: HTTP/1.1)
HTTP/1.1 200 OK
Content-Type: application/json; charset=utf-8
cache-control: no-cache
content-length: 14

16:33:26.748 [AsyncHttpClient-1-6] DEBUG org.asynchttpclient.netty.channel.ChannelManager - Adding key: http://localhost:59029 for channel [id: 0xda77fe35, L:/127.0.0.1:51031 - R:localhost/127.0.0.1:59029]
16:33:26.762 [Forwarding isElementEnabled on session c1f7077ab5e549f41a268f55130d7847 to remote] DEBUG org.asynchttpclient.netty.request.NettyRequestSender - Using pooled Channel '[id: 0xda77fe35, L:/127.0.0.1:51031 - R:localhost/127.0.0.1:59029]' for 'GET' to 'http://localhost:59029/session/c1f7077ab5e549f41a268f55130d7847/element/688a6596-cb2a-4812-b7ca-7fe26d2d9676/enabled'
16:33:26.762 [Forwarding isElementEnabled on session c1f7077ab5e549f41a268f55130d7847 to remote] DEBUG org.asynchttpclient.netty.request.NettyRequestSender - Using open Channel [id: 0xda77fe35, L:/127.0.0.1:51031 - R:localhost/127.0.0.1:59029] for GET '/session/c1f7077ab5e549f41a268f55130d7847/element/688a6596-cb2a-4812-b7ca-7fe26d2d9676/enabled'
16:33:26.934 [AsyncHttpClient-1-6] DEBUG org.asynchttpclient.netty.handler.HttpHandler - 

Request DefaultFullHttpRequest(decodeResult: success, version: HTTP/1.1, content: EmptyByteBufBE)
GET /session/c1f7077ab5e549f41a268f55130d7847/element/688a6596-cb2a-4812-b7ca-7fe26d2d9676/enabled HTTP/1.1
User-Agent: selenium/4.1.2 (java windows)
Cache-Control: no-cache
Content-Type: application/json; charset=utf-8
host: localhost:59029
accept: */*

Response DefaultHttpResponse(decodeResult: success, version: HTTP/1.1)
HTTP/1.1 200 OK
Content-Type: application/json; charset=utf-8
cache-control: no-cache
content-length: 14

16:33:26.935 [AsyncHttpClient-1-6] DEBUG org.asynchttpclient.netty.channel.ChannelManager - Adding key: http://localhost:59029 for channel [id: 0xda77fe35, L:/127.0.0.1:51031 - R:localhost/127.0.0.1:59029]
16:33:26.940 [Forwarding findElement on session c1f7077ab5e549f41a268f55130d7847 to remote] DEBUG org.asynchttpclient.netty.request.NettyRequestSender - Using pooled Channel '[id: 0xda77fe35, L:/127.0.0.1:51031 - R:localhost/127.0.0.1:59029]' for 'POST' to 'http://localhost:59029/session/c1f7077ab5e549f41a268f55130d7847/element'
16:33:26.940 [Forwarding findElement on session c1f7077ab5e549f41a268f55130d7847 to remote] DEBUG org.asynchttpclient.netty.request.NettyRequestSender - Using open Channel [id: 0xda77fe35, L:/127.0.0.1:51031 - R:localhost/127.0.0.1:59029] for POST '/session/c1f7077ab5e549f41a268f55130d7847/element'
16:33:27.182 [AsyncHttpClient-1-6] DEBUG org.asynchttpclient.netty.handler.HttpHandler - 

Request DefaultHttpRequest(decodeResult: success, version: HTTP/1.1)
POST /session/c1f7077ab5e549f41a268f55130d7847/element HTTP/1.1
User-Agent: selenium/4.1.2 (java windows)
Content-Length: 68
Content-Type: application/json; charset=utf-8
host: localhost:59029
accept: */*

Response DefaultHttpResponse(decodeResult: success, version: HTTP/1.1)
HTTP/1.1 200 OK
Content-Type: application/json; charset=utf-8
cache-control: no-cache
content-length: 88

16:33:27.182 [AsyncHttpClient-1-6] DEBUG org.asynchttpclient.netty.channel.ChannelManager - Adding key: http://localhost:59029 for channel [id: 0xda77fe35, L:/127.0.0.1:51031 - R:localhost/127.0.0.1:59029]
16:33:27.186 [Forwarding clickElement on session c1f7077ab5e549f41a268f55130d7847 to remote] DEBUG org.asynchttpclient.netty.request.NettyRequestSender - Using pooled Channel '[id: 0xda77fe35, L:/127.0.0.1:51031 - R:localhost/127.0.0.1:59029]' for 'POST' to 'http://localhost:59029/session/c1f7077ab5e549f41a268f55130d7847/element/688a6596-cb2a-4812-b7ca-7fe26d2d9676/click'
16:33:27.186 [Forwarding clickElement on session c1f7077ab5e549f41a268f55130d7847 to remote] DEBUG org.asynchttpclient.netty.request.NettyRequestSender - Using open Channel [id: 0xda77fe35, L:/127.0.0.1:51031 - R:localhost/127.0.0.1:59029] for POST '/session/c1f7077ab5e549f41a268f55130d7847/element/688a6596-cb2a-4812-b7ca-7fe26d2d9676/click'
16:33:27.456 [AsyncHttpClient-1-1] DEBUG org.asynchttpclient.netty.channel.DefaultChannelPool - Entry count for : http://localhost:51033 : 1
16:33:27.646 [AsyncHttpClient-1-6] DEBUG org.asynchttpclient.netty.handler.HttpHandler - 

Request DefaultHttpRequest(decodeResult: success, version: HTTP/1.1)
POST /session/c1f7077ab5e549f41a268f55130d7847/element/688a6596-cb2a-4812-b7ca-7fe26d2d9676/click HTTP/1.1
User-Agent: selenium/4.1.2 (java windows)
Content-Length: 50
Content-Type: application/json; charset=utf-8
host: localhost:59029
accept: */*

Response DefaultHttpResponse(decodeResult: success, version: HTTP/1.1)
HTTP/1.1 200 OK
Content-Type: application/json; charset=utf-8
cache-control: no-cache
content-length: 14

16:33:27.646 [AsyncHttpClient-1-6] DEBUG org.asynchttpclient.netty.channel.ChannelManager - Adding key: http://localhost:59029 for channel [id: 0xda77fe35, L:/127.0.0.1:51031 - R:localhost/127.0.0.1:59029]
16:33:27.668 [Forwarding screenshot on session c1f7077ab5e549f41a268f55130d7847 to remote] DEBUG org.asynchttpclient.netty.request.NettyRequestSender - Using pooled Channel '[id: 0xda77fe35, L:/127.0.0.1:51031 - R:localhost/127.0.0.1:59029]' for 'GET' to 'http://localhost:59029/session/c1f7077ab5e549f41a268f55130d7847/screenshot'
16:33:27.668 [Forwarding screenshot on session c1f7077ab5e549f41a268f55130d7847 to remote] DEBUG org.asynchttpclient.netty.request.NettyRequestSender - Using open Channel [id: 0xda77fe35, L:/127.0.0.1:51031 - R:localhost/127.0.0.1:59029] for GET '/session/c1f7077ab5e549f41a268f55130d7847/screenshot'
16:33:28.284 [AsyncHttpClient-1-6] DEBUG org.asynchttpclient.netty.handler.HttpHandler - 

Request DefaultFullHttpRequest(decodeResult: success, version: HTTP/1.1, content: EmptyByteBufBE)
GET /session/c1f7077ab5e549f41a268f55130d7847/screenshot HTTP/1.1
User-Agent: selenium/4.1.2 (java windows)
Cache-Control: no-cache
Content-Type: application/json; charset=utf-8
host: localhost:59029
accept: */*

Response DefaultHttpResponse(decodeResult: success, version: HTTP/1.1)
HTTP/1.1 200 OK
Content-Type: application/json; charset=utf-8
cache-control: no-cache
content-length: 43216

16:33:28.285 [AsyncHttpClient-1-6] DEBUG org.asynchttpclient.netty.channel.ChannelManager - Adding key: http://localhost:59029 for channel [id: 0xda77fe35, L:/127.0.0.1:51031 - R:localhost/127.0.0.1:59029]
16:33:28.290 [main] DEBUG net.serenitybdd.core.photography.Darkroom - Send negative for processing for target\site\serenity\0af1be0bf1b14e8c482483fd6d4b1bce1dd2ee7938e1e0e0597a5afe230aee3d.png
16:33:28.291 [main] DEBUG net.thucydides.core.steps.StepInterceptor - STEP DONE: clickButtonTambah
  &amp#27;[32mWhen &amp#27;[0m&amp#27;[32mClick button tambah data&amp#27;[0m                                                                    &amp#27;[90m# starter.stepdefinitios.PatientDataSteps.clickButtonTambahData()&amp#27;[0m
16:33:28.292 [Darkroom Processing Line] DEBUG net.serenitybdd.core.photography.DarkroomProcessingLine - Processing screenshot image in /var/screenshots/screenshot-2465622689850153643
16:33:28.292 [Darkroom Processing Line] DEBUG net.serenitybdd.core.photography.DarkroomProcessingLine - Saving screenshot to target\site\serenity\0af1be0bf1b14e8c482483fd6d4b1bce1dd2ee7938e1e0e0597a5afe230aee3d.png
16:33:28.353 [Forwarding screenshot on session c1f7077ab5e549f41a268f55130d7847 to remote] DEBUG org.asynchttpclient.netty.request.NettyRequestSender - Using pooled Channel '[id: 0xda77fe35, L:/127.0.0.1:51031 - R:localhost/127.0.0.1:59029]' for 'GET' to 'http://localhost:59029/session/c1f7077ab5e549f41a268f55130d7847/screenshot'
16:33:28.355 [Forwarding screenshot on session c1f7077ab5e549f41a268f55130d7847 to remote] DEBUG org.asynchttpclient.netty.request.NettyRequestSender - Using open Channel [id: 0xda77fe35, L:/127.0.0.1:51031 - R:localhost/127.0.0.1:59029] for GET '/session/c1f7077ab5e549f41a268f55130d7847/screenshot'
16:33:28.541 [AsyncHttpClient-1-1] DEBUG org.asynchttpclient.netty.channel.DefaultChannelPool - Entry count for : http://localhost:51033 : 1
16:33:28.565 [AsyncHttpClient-1-6] DEBUG org.asynchttpclient.netty.handler.HttpHandler - 

Request DefaultFullHttpRequest(decodeResult: success, version: HTTP/1.1, content: EmptyByteBufBE)
GET /session/c1f7077ab5e549f41a268f55130d7847/screenshot HTTP/1.1
User-Agent: selenium/4.1.2 (java windows)
Cache-Control: no-cache
Content-Type: application/json; charset=utf-8
host: localhost:59029
accept: */*

Response DefaultHttpResponse(decodeResult: success, version: HTTP/1.1)
HTTP/1.1 200 OK
Content-Type: application/json; charset=utf-8
cache-control: no-cache
content-length: 47868

16:33:28.566 [AsyncHttpClient-1-6] DEBUG org.asynchttpclient.netty.channel.ChannelManager - Adding key: http://localhost:59029 for channel [id: 0xda77fe35, L:/127.0.0.1:51031 - R:localhost/127.0.0.1:59029]
16:33:28.573 [main] DEBUG net.serenitybdd.core.photography.Darkroom - Send negative for processing for target\site\serenity\5be895550a5abdd674d3dfafc72bbb24f0ef29da5013b93e4e51af0fe62cac24.png
16:33:28.574 [main] DEBUG net.thucydides.core.steps.StepInterceptor - STARTING STEP: KelolaJadwalSteps.clickOnTheSelectPatientActionToSelectAPatient - buttonPilihPasien
16:33:28.582 [Forwarding findElement on session c1f7077ab5e549f41a268f55130d7847 to remote] DEBUG org.asynchttpclient.netty.request.NettyRequestSender - Using pooled Channel '[id: 0xda77fe35, L:/127.0.0.1:51031 - R:localhost/127.0.0.1:59029]' for 'POST' to 'http://localhost:59029/session/c1f7077ab5e549f41a268f55130d7847/element'
16:33:28.584 [Forwarding findElement on session c1f7077ab5e549f41a268f55130d7847 to remote] DEBUG org.asynchttpclient.netty.request.NettyRequestSender - Using open Channel [id: 0xda77fe35, L:/127.0.0.1:51031 - R:localhost/127.0.0.1:59029] for POST '/session/c1f7077ab5e549f41a268f55130d7847/element'
16:33:28.693 [AsyncHttpClient-1-6] DEBUG org.asynchttpclient.netty.handler.HttpHandler - 

Request DefaultHttpRequest(decodeResult: success, version: HTTP/1.1)
POST /session/c1f7077ab5e549f41a268f55130d7847/element HTTP/1.1
User-Agent: selenium/4.1.2 (java windows)
Content-Length: 147
Content-Type: application/json; charset=utf-8
host: localhost:59029
accept: */*

Response DefaultHttpResponse(decodeResult: success, version: HTTP/1.1)
HTTP/1.1 200 OK
Content-Type: application/json; charset=utf-8
cache-control: no-cache
content-length: 88

16:33:28.694 [AsyncHttpClient-1-6] DEBUG org.asynchttpclient.netty.channel.ChannelManager - Adding key: http://localhost:59029 for channel [id: 0xda77fe35, L:/127.0.0.1:51031 - R:localhost/127.0.0.1:59029]
16:33:28.701 [Forwarding getElementTagName on session c1f7077ab5e549f41a268f55130d7847 to remote] DEBUG org.asynchttpclient.netty.request.NettyRequestSender - Using pooled Channel '[id: 0xda77fe35, L:/127.0.0.1:51031 - R:localhost/127.0.0.1:59029]' for 'GET' to 'http://localhost:59029/session/c1f7077ab5e549f41a268f55130d7847/element/5741b07d-4ce6-4176-938c-412265764e67/name'
16:33:28.701 [Forwarding getElementTagName on session c1f7077ab5e549f41a268f55130d7847 to remote] DEBUG org.asynchttpclient.netty.request.NettyRequestSender - Using open Channel [id: 0xda77fe35, L:/127.0.0.1:51031 - R:localhost/127.0.0.1:59029] for GET '/session/c1f7077ab5e549f41a268f55130d7847/element/5741b07d-4ce6-4176-938c-412265764e67/name'
16:33:28.726 [AsyncHttpClient-1-6] DEBUG org.asynchttpclient.netty.handler.HttpHandler - 

Request DefaultFullHttpRequest(decodeResult: success, version: HTTP/1.1, content: EmptyByteBufBE)
GET /session/c1f7077ab5e549f41a268f55130d7847/element/5741b07d-4ce6-4176-938c-412265764e67/name HTTP/1.1
User-Agent: selenium/4.1.2 (java windows)
Cache-Control: no-cache
Content-Type: application/json; charset=utf-8
host: localhost:59029
accept: */*

Response DefaultHttpResponse(decodeResult: success, version: HTTP/1.1)
HTTP/1.1 200 OK
Content-Type: application/json; charset=utf-8
cache-control: no-cache
content-length: 15

16:33:28.726 [AsyncHttpClient-1-6] DEBUG org.asynchttpclient.netty.channel.ChannelManager - Adding key: http://localhost:59029 for channel [id: 0xda77fe35, L:/127.0.0.1:51031 - R:localhost/127.0.0.1:59029]
16:33:28.729 [Forwarding getElementTagName on session c1f7077ab5e549f41a268f55130d7847 to remote] DEBUG org.asynchttpclient.netty.request.NettyRequestSender - Using pooled Channel '[id: 0xda77fe35, L:/127.0.0.1:51031 - R:localhost/127.0.0.1:59029]' for 'GET' to 'http://localhost:59029/session/c1f7077ab5e549f41a268f55130d7847/element/5741b07d-4ce6-4176-938c-412265764e67/name'
16:33:28.730 [Forwarding getElementTagName on session c1f7077ab5e549f41a268f55130d7847 to remote] DEBUG org.asynchttpclient.netty.request.NettyRequestSender - Using open Channel [id: 0xda77fe35, L:/127.0.0.1:51031 - R:localhost/127.0.0.1:59029] for GET '/session/c1f7077ab5e549f41a268f55130d7847/element/5741b07d-4ce6-4176-938c-412265764e67/name'
16:33:28.813 [AsyncHttpClient-1-6] DEBUG org.asynchttpclient.netty.handler.HttpHandler - 

Request DefaultFullHttpRequest(decodeResult: success, version: HTTP/1.1, content: EmptyByteBufBE)
GET /session/c1f7077ab5e549f41a268f55130d7847/element/5741b07d-4ce6-4176-938c-412265764e67/name HTTP/1.1
User-Agent: selenium/4.1.2 (java windows)
Cache-Control: no-cache
Content-Type: application/json; charset=utf-8
host: localhost:59029
accept: */*

Response DefaultHttpResponse(decodeResult: success, version: HTTP/1.1)
HTTP/1.1 200 OK
Content-Type: application/json; charset=utf-8
cache-control: no-cache
content-length: 15

16:33:28.813 [AsyncHttpClient-1-6] DEBUG org.asynchttpclient.netty.channel.ChannelManager - Adding key: http://localhost:59029 for channel [id: 0xda77fe35, L:/127.0.0.1:51031 - R:localhost/127.0.0.1:59029]
16:33:28.820 [Forwarding findElement on session c1f7077ab5e549f41a268f55130d7847 to remote] DEBUG org.asynchttpclient.netty.request.NettyRequestSender - Using pooled Channel '[id: 0xda77fe35, L:/127.0.0.1:51031 - R:localhost/127.0.0.1:59029]' for 'POST' to 'http://localhost:59029/session/c1f7077ab5e549f41a268f55130d7847/element'
16:33:28.820 [Forwarding findElement on session c1f7077ab5e549f41a268f55130d7847 to remote] DEBUG org.asynchttpclient.netty.request.NettyRequestSender - Using open Channel [id: 0xda77fe35, L:/127.0.0.1:51031 - R:localhost/127.0.0.1:59029] for POST '/session/c1f7077ab5e549f41a268f55130d7847/element'
16:33:28.847 [AsyncHttpClient-1-6] DEBUG org.asynchttpclient.netty.handler.HttpHandler - 

Request DefaultHttpRequest(decodeResult: success, version: HTTP/1.1)
POST /session/c1f7077ab5e549f41a268f55130d7847/element HTTP/1.1
User-Agent: selenium/4.1.2 (java windows)
Content-Length: 147
Content-Type: application/json; charset=utf-8
host: localhost:59029
accept: */*

Response DefaultHttpResponse(decodeResult: success, version: HTTP/1.1)
HTTP/1.1 200 OK
Content-Type: application/json; charset=utf-8
cache-control: no-cache
content-length: 88

16:33:28.848 [AsyncHttpClient-1-6] DEBUG org.asynchttpclient.netty.channel.ChannelManager - Adding key: http://localhost:59029 for channel [id: 0xda77fe35, L:/127.0.0.1:51031 - R:localhost/127.0.0.1:59029]
16:33:28.853 [Forwarding clickElement on session c1f7077ab5e549f41a268f55130d7847 to remote] DEBUG org.asynchttpclient.netty.request.NettyRequestSender - Using pooled Channel '[id: 0xda77fe35, L:/127.0.0.1:51031 - R:localhost/127.0.0.1:59029]' for 'POST' to 'http://localhost:59029/session/c1f7077ab5e549f41a268f55130d7847/element/5741b07d-4ce6-4176-938c-412265764e67/click'
16:33:28.853 [Forwarding clickElement on session c1f7077ab5e549f41a268f55130d7847 to remote] DEBUG org.asynchttpclient.netty.request.NettyRequestSender - Using open Channel [id: 0xda77fe35, L:/127.0.0.1:51031 - R:localhost/127.0.0.1:59029] for POST '/session/c1f7077ab5e549f41a268f55130d7847/element/5741b07d-4ce6-4176-938c-412265764e67/click'
16:33:29.029 [AsyncHttpClient-1-6] DEBUG org.asynchttpclient.netty.handler.HttpHandler - 

Request DefaultHttpRequest(decodeResult: success, version: HTTP/1.1)
POST /session/c1f7077ab5e549f41a268f55130d7847/element/5741b07d-4ce6-4176-938c-412265764e67/click HTTP/1.1
User-Agent: selenium/4.1.2 (java windows)
Content-Length: 50
Content-Type: application/json; charset=utf-8
host: localhost:59029
accept: */*

Response DefaultHttpResponse(decodeResult: success, version: HTTP/1.1)
HTTP/1.1 200 OK
Content-Type: application/json; charset=utf-8
cache-control: no-cache
content-length: 14

16:33:29.030 [AsyncHttpClient-1-6] DEBUG org.asynchttpclient.netty.channel.ChannelManager - Adding key: http://localhost:59029 for channel [id: 0xda77fe35, L:/127.0.0.1:51031 - R:localhost/127.0.0.1:59029]
16:33:29.055 [Forwarding screenshot on session c1f7077ab5e549f41a268f55130d7847 to remote] DEBUG org.asynchttpclient.netty.request.NettyRequestSender - Using pooled Channel '[id: 0xda77fe35, L:/127.0.0.1:51031 - R:localhost/127.0.0.1:59029]' for 'GET' to 'http://localhost:59029/session/c1f7077ab5e549f41a268f55130d7847/screenshot'
16:33:29.055 [Forwarding screenshot on session c1f7077ab5e549f41a268f55130d7847 to remote] DEBUG org.asynchttpclient.netty.request.NettyRequestSender - Using open Channel [id: 0xda77fe35, L:/127.0.0.1:51031 - R:localhost/127.0.0.1:59029] for GET '/session/c1f7077ab5e549f41a268f55130d7847/screenshot'
16:33:29.308 [AsyncHttpClient-1-6] DEBUG org.asynchttpclient.netty.handler.HttpHandler - 

Request DefaultFullHttpRequest(decodeResult: success, version: HTTP/1.1, content: EmptyByteBufBE)
GET /session/c1f7077ab5e549f41a268f55130d7847/screenshot HTTP/1.1
User-Agent: selenium/4.1.2 (java windows)
Cache-Control: no-cache
Content-Type: application/json; charset=utf-8
host: localhost:59029
accept: */*

Response DefaultHttpResponse(decodeResult: success, version: HTTP/1.1)
HTTP/1.1 200 OK
Content-Type: application/json; charset=utf-8
cache-control: no-cache
content-length: 55336

16:33:29.309 [AsyncHttpClient-1-6] DEBUG org.asynchttpclient.netty.channel.ChannelManager - Adding key: http://localhost:59029 for channel [id: 0xda77fe35, L:/127.0.0.1:51031 - R:localhost/127.0.0.1:59029]
16:33:29.314 [main] DEBUG net.serenitybdd.core.photography.Darkroom - Send negative for processing for target\site\serenity\818282f2c96509ae7fbfced08f7e153ee8b7b18a2b96fa52923e05987e3b2822.png
16:33:29.317 [main] DEBUG net.thucydides.core.steps.StepInterceptor - STEP DONE: buttonPilihPasien
16:33:29.318 [Darkroom Processing Line] DEBUG net.serenitybdd.core.photography.DarkroomProcessingLine - Processing screenshot image in /var/screenshots/screenshot-13151912466763548860
16:33:29.318 [Darkroom Processing Line] DEBUG net.serenitybdd.core.photography.DarkroomProcessingLine - Saving screenshot to target\site\serenity\818282f2c96509ae7fbfced08f7e153ee8b7b18a2b96fa52923e05987e3b2822.png
  &amp#27;[32mAnd &amp#27;[0m&amp#27;[32mClick on the select patient action to select a patient&amp#27;[0m                                       &amp#27;[90m# starter.stepdefinitios.KelolaJadwalSteps.clickOnTheSelectPatientActionToSelectAPatient()&amp#27;[0m
16:33:29.377 [Forwarding screenshot on session c1f7077ab5e549f41a268f55130d7847 to remote] DEBUG org.asynchttpclient.netty.request.NettyRequestSender - Using pooled Channel '[id: 0xda77fe35, L:/127.0.0.1:51031 - R:localhost/127.0.0.1:59029]' for 'GET' to 'http://localhost:59029/session/c1f7077ab5e549f41a268f55130d7847/screenshot'
16:33:29.377 [Forwarding screenshot on session c1f7077ab5e549f41a268f55130d7847 to remote] DEBUG org.asynchttpclient.netty.request.NettyRequestSender - Using open Channel [id: 0xda77fe35, L:/127.0.0.1:51031 - R:localhost/127.0.0.1:59029] for GET '/session/c1f7077ab5e549f41a268f55130d7847/screenshot'
16:33:29.624 [AsyncHttpClient-1-6] DEBUG org.asynchttpclient.netty.handler.HttpHandler - 

Request DefaultFullHttpRequest(decodeResult: success, version: HTTP/1.1, content: EmptyByteBufBE)
GET /session/c1f7077ab5e549f41a268f55130d7847/screenshot HTTP/1.1
User-Agent: selenium/4.1.2 (java windows)
Cache-Control: no-cache
Content-Type: application/json; charset=utf-8
host: localhost:59029
accept: */*

Response DefaultHttpResponse(decodeResult: success, version: HTTP/1.1)
HTTP/1.1 200 OK
Content-Type: application/json; charset=utf-8
cache-control: no-cache
content-length: 55340

16:33:29.624 [AsyncHttpClient-1-6] DEBUG org.asynchttpclient.netty.channel.ChannelManager - Adding key: http://localhost:59029 for channel [id: 0xda77fe35, L:/127.0.0.1:51031 - R:localhost/127.0.0.1:59029]
16:33:29.630 [main] DEBUG net.serenitybdd.core.photography.Darkroom - Send negative for processing for target\site\serenity\907cc2d1a7847719996b38a2bbb57c9a9ebd59917a9c1de93c97b60e770e19ae.png
16:33:29.631 [main] DEBUG net.thucydides.core.steps.StepInterceptor - STARTING STEP: KelolaJadwalSteps.clickOnTheActionChooseADoctorToChooseADoctor - buttonPilihDokter
16:33:29.641 [Forwarding findElement on session c1f7077ab5e549f41a268f55130d7847 to remote] DEBUG org.asynchttpclient.netty.request.NettyRequestSender - Using pooled Channel '[id: 0xda77fe35, L:/127.0.0.1:51031 - R:localhost/127.0.0.1:59029]' for 'POST' to 'http://localhost:59029/session/c1f7077ab5e549f41a268f55130d7847/element'
16:33:29.641 [Forwarding findElement on session c1f7077ab5e549f41a268f55130d7847 to remote] DEBUG org.asynchttpclient.netty.request.NettyRequestSender - Using open Channel [id: 0xda77fe35, L:/127.0.0.1:51031 - R:localhost/127.0.0.1:59029] for POST '/session/c1f7077ab5e549f41a268f55130d7847/element'
16:33:29.643 [AsyncHttpClient-1-1] DEBUG org.asynchttpclient.netty.channel.DefaultChannelPool - Entry count for : http://localhost:51033 : 1
16:33:29.686 [AsyncHttpClient-1-6] DEBUG org.asynchttpclient.netty.handler.HttpHandler - 

Request DefaultHttpRequest(decodeResult: success, version: HTTP/1.1)
POST /session/c1f7077ab5e549f41a268f55130d7847/element HTTP/1.1
User-Agent: selenium/4.1.2 (java windows)
Content-Length: 147
Content-Type: application/json; charset=utf-8
host: localhost:59029
accept: */*

Response DefaultHttpResponse(decodeResult: success, version: HTTP/1.1)
HTTP/1.1 200 OK
Content-Type: application/json; charset=utf-8
cache-control: no-cache
content-length: 88

16:33:29.687 [AsyncHttpClient-1-6] DEBUG org.asynchttpclient.netty.channel.ChannelManager - Adding key: http://localhost:59029 for channel [id: 0xda77fe35, L:/127.0.0.1:51031 - R:localhost/127.0.0.1:59029]
16:33:29.690 [Forwarding getElementTagName on session c1f7077ab5e549f41a268f55130d7847 to remote] DEBUG org.asynchttpclient.netty.request.NettyRequestSender - Using pooled Channel '[id: 0xda77fe35, L:/127.0.0.1:51031 - R:localhost/127.0.0.1:59029]' for 'GET' to 'http://localhost:59029/session/c1f7077ab5e549f41a268f55130d7847/element/45c54548-398a-4f9c-8f03-30df818e80aa/name'
16:33:29.690 [Forwarding getElementTagName on session c1f7077ab5e549f41a268f55130d7847 to remote] DEBUG org.asynchttpclient.netty.request.NettyRequestSender - Using open Channel [id: 0xda77fe35, L:/127.0.0.1:51031 - R:localhost/127.0.0.1:59029] for GET '/session/c1f7077ab5e549f41a268f55130d7847/element/45c54548-398a-4f9c-8f03-30df818e80aa/name'
16:33:29.711 [AsyncHttpClient-1-6] DEBUG org.asynchttpclient.netty.handler.HttpHandler - 

Request DefaultFullHttpRequest(decodeResult: success, version: HTTP/1.1, content: EmptyByteBufBE)
GET /session/c1f7077ab5e549f41a268f55130d7847/element/45c54548-398a-4f9c-8f03-30df818e80aa/name HTTP/1.1
User-Agent: selenium/4.1.2 (java windows)
Cache-Control: no-cache
Content-Type: application/json; charset=utf-8
host: localhost:59029
accept: */*

Response DefaultHttpResponse(decodeResult: success, version: HTTP/1.1)
HTTP/1.1 200 OK
Content-Type: application/json; charset=utf-8
cache-control: no-cache
content-length: 15

16:33:29.711 [AsyncHttpClient-1-6] DEBUG org.asynchttpclient.netty.channel.ChannelManager - Adding key: http://localhost:59029 for channel [id: 0xda77fe35, L:/127.0.0.1:51031 - R:localhost/127.0.0.1:59029]
16:33:29.715 [Forwarding getElementTagName on session c1f7077ab5e549f41a268f55130d7847 to remote] DEBUG org.asynchttpclient.netty.request.NettyRequestSender - Using pooled Channel '[id: 0xda77fe35, L:/127.0.0.1:51031 - R:localhost/127.0.0.1:59029]' for 'GET' to 'http://localhost:59029/session/c1f7077ab5e549f41a268f55130d7847/element/45c54548-398a-4f9c-8f03-30df818e80aa/name'
16:33:29.715 [Forwarding getElementTagName on session c1f7077ab5e549f41a268f55130d7847 to remote] DEBUG org.asynchttpclient.netty.request.NettyRequestSender - Using open Channel [id: 0xda77fe35, L:/127.0.0.1:51031 - R:localhost/127.0.0.1:59029] for GET '/session/c1f7077ab5e549f41a268f55130d7847/element/45c54548-398a-4f9c-8f03-30df818e80aa/name'
16:33:29.739 [AsyncHttpClient-1-6] DEBUG org.asynchttpclient.netty.handler.HttpHandler - 

Request DefaultFullHttpRequest(decodeResult: success, version: HTTP/1.1, content: EmptyByteBufBE)
GET /session/c1f7077ab5e549f41a268f55130d7847/element/45c54548-398a-4f9c-8f03-30df818e80aa/name HTTP/1.1
User-Agent: selenium/4.1.2 (java windows)
Cache-Control: no-cache
Content-Type: application/json; charset=utf-8
host: localhost:59029
accept: */*

Response DefaultHttpResponse(decodeResult: success, version: HTTP/1.1)
HTTP/1.1 200 OK
Content-Type: application/json; charset=utf-8
cache-control: no-cache
content-length: 15

16:33:29.739 [AsyncHttpClient-1-6] DEBUG org.asynchttpclient.netty.channel.ChannelManager - Adding key: http://localhost:59029 for channel [id: 0xda77fe35, L:/127.0.0.1:51031 - R:localhost/127.0.0.1:59029]
16:33:29.744 [Forwarding findElement on session c1f7077ab5e549f41a268f55130d7847 to remote] DEBUG org.asynchttpclient.netty.request.NettyRequestSender - Using pooled Channel '[id: 0xda77fe35, L:/127.0.0.1:51031 - R:localhost/127.0.0.1:59029]' for 'POST' to 'http://localhost:59029/session/c1f7077ab5e549f41a268f55130d7847/element'
16:33:29.744 [Forwarding findElement on session c1f7077ab5e549f41a268f55130d7847 to remote] DEBUG org.asynchttpclient.netty.request.NettyRequestSender - Using open Channel [id: 0xda77fe35, L:/127.0.0.1:51031 - R:localhost/127.0.0.1:59029] for POST '/session/c1f7077ab5e549f41a268f55130d7847/element'
16:33:29.763 [AsyncHttpClient-1-6] DEBUG org.asynchttpclient.netty.handler.HttpHandler - 

Request DefaultHttpRequest(decodeResult: success, version: HTTP/1.1)
POST /session/c1f7077ab5e549f41a268f55130d7847/element HTTP/1.1
User-Agent: selenium/4.1.2 (java windows)
Content-Length: 147
Content-Type: application/json; charset=utf-8
host: localhost:59029
accept: */*

Response DefaultHttpResponse(decodeResult: success, version: HTTP/1.1)
HTTP/1.1 200 OK
Content-Type: application/json; charset=utf-8
cache-control: no-cache
content-length: 88

16:33:29.764 [AsyncHttpClient-1-6] DEBUG org.asynchttpclient.netty.channel.ChannelManager - Adding key: http://localhost:59029 for channel [id: 0xda77fe35, L:/127.0.0.1:51031 - R:localhost/127.0.0.1:59029]
16:33:29.771 [Forwarding clickElement on session c1f7077ab5e549f41a268f55130d7847 to remote] DEBUG org.asynchttpclient.netty.request.NettyRequestSender - Using pooled Channel '[id: 0xda77fe35, L:/127.0.0.1:51031 - R:localhost/127.0.0.1:59029]' for 'POST' to 'http://localhost:59029/session/c1f7077ab5e549f41a268f55130d7847/element/45c54548-398a-4f9c-8f03-30df818e80aa/click'
16:33:29.771 [Forwarding clickElement on session c1f7077ab5e549f41a268f55130d7847 to remote] DEBUG org.asynchttpclient.netty.request.NettyRequestSender - Using open Channel [id: 0xda77fe35, L:/127.0.0.1:51031 - R:localhost/127.0.0.1:59029] for POST '/session/c1f7077ab5e549f41a268f55130d7847/element/45c54548-398a-4f9c-8f03-30df818e80aa/click'
16:33:30.061 [AsyncHttpClient-1-6] DEBUG org.asynchttpclient.netty.handler.HttpHandler - 

Request DefaultHttpRequest(decodeResult: success, version: HTTP/1.1)
POST /session/c1f7077ab5e549f41a268f55130d7847/element/45c54548-398a-4f9c-8f03-30df818e80aa/click HTTP/1.1
User-Agent: selenium/4.1.2 (java windows)
Content-Length: 50
Content-Type: application/json; charset=utf-8
host: localhost:59029
accept: */*

Response DefaultHttpResponse(decodeResult: success, version: HTTP/1.1)
HTTP/1.1 200 OK
Content-Type: application/json; charset=utf-8
cache-control: no-cache
content-length: 14

16:33:30.061 [AsyncHttpClient-1-6] DEBUG org.asynchttpclient.netty.channel.ChannelManager - Adding key: http://localhost:59029 for channel [id: 0xda77fe35, L:/127.0.0.1:51031 - R:localhost/127.0.0.1:59029]
16:33:30.082 [Forwarding screenshot on session c1f7077ab5e549f41a268f55130d7847 to remote] DEBUG org.asynchttpclient.netty.request.NettyRequestSender - Using pooled Channel '[id: 0xda77fe35, L:/127.0.0.1:51031 - R:localhost/127.0.0.1:59029]' for 'GET' to 'http://localhost:59029/session/c1f7077ab5e549f41a268f55130d7847/screenshot'
16:33:30.083 [Forwarding screenshot on session c1f7077ab5e549f41a268f55130d7847 to remote] DEBUG org.asynchttpclient.netty.request.NettyRequestSender - Using open Channel [id: 0xda77fe35, L:/127.0.0.1:51031 - R:localhost/127.0.0.1:59029] for GET '/session/c1f7077ab5e549f41a268f55130d7847/screenshot'
16:33:30.722 [AsyncHttpClient-1-6] DEBUG org.asynchttpclient.netty.handler.HttpHandler - 

Request DefaultFullHttpRequest(decodeResult: success, version: HTTP/1.1, content: EmptyByteBufBE)
GET /session/c1f7077ab5e549f41a268f55130d7847/screenshot HTTP/1.1
User-Agent: selenium/4.1.2 (java windows)
Cache-Control: no-cache
Content-Type: application/json; charset=utf-8
host: localhost:59029
accept: */*

Response DefaultHttpResponse(decodeResult: success, version: HTTP/1.1)
HTTP/1.1 200 OK
Content-Type: application/json; charset=utf-8
cache-control: no-cache
content-length: 50332

16:33:30.723 [AsyncHttpClient-1-6] DEBUG org.asynchttpclient.netty.channel.ChannelManager - Adding key: http://localhost:59029 for channel [id: 0xda77fe35, L:/127.0.0.1:51031 - R:localhost/127.0.0.1:59029]
16:33:30.728 [main] DEBUG net.serenitybdd.core.photography.Darkroom - Send negative for processing for target\site\serenity\d62cdae13b4759571083b344ba4a07b01868e6659da7c71128b27e77846440ea.png
16:33:30.729 [main] DEBUG net.thucydides.core.steps.StepInterceptor - STEP DONE: buttonPilihDokter
  &amp#27;[32mAnd &amp#27;[0m&amp#27;[32mClick on the action choose a doctor to choose a doctor&amp#27;[0m                                       &amp#27;[90m# starter.stepdefinitios.KelolaJadwalSteps.clickOnTheActionChooseADoctorToChooseADoctor()&amp#27;[0m
16:33:30.746 [AsyncHttpClient-1-1] DEBUG org.asynchttpclient.netty.channel.DefaultChannelPool - Entry count for : http://localhost:51033 : 1
16:33:30.746 [AsyncHttpClient-1-1] DEBUG org.asynchttpclient.netty.channel.DefaultChannelPool - Entry count for : http://localhost:59029 : 1
16:33:30.781 [Forwarding screenshot on session c1f7077ab5e549f41a268f55130d7847 to remote] DEBUG org.asynchttpclient.netty.request.NettyRequestSender - Using pooled Channel '[id: 0xda77fe35, L:/127.0.0.1:51031 - R:localhost/127.0.0.1:59029]' for 'GET' to 'http://localhost:59029/session/c1f7077ab5e549f41a268f55130d7847/screenshot'
16:33:30.782 [Forwarding screenshot on session c1f7077ab5e549f41a268f55130d7847 to remote] DEBUG org.asynchttpclient.netty.request.NettyRequestSender - Using open Channel [id: 0xda77fe35, L:/127.0.0.1:51031 - R:localhost/127.0.0.1:59029] for GET '/session/c1f7077ab5e549f41a268f55130d7847/screenshot'
16:33:30.983 [AsyncHttpClient-1-6] DEBUG org.asynchttpclient.netty.handler.HttpHandler - 

Request DefaultFullHttpRequest(decodeResult: success, version: HTTP/1.1, content: EmptyByteBufBE)
GET /session/c1f7077ab5e549f41a268f55130d7847/screenshot HTTP/1.1
User-Agent: selenium/4.1.2 (java windows)
Cache-Control: no-cache
Content-Type: application/json; charset=utf-8
host: localhost:59029
accept: */*

Response DefaultHttpResponse(decodeResult: success, version: HTTP/1.1)
HTTP/1.1 200 OK
Content-Type: application/json; charset=utf-8
cache-control: no-cache
content-length: 50332

16:33:30.983 [AsyncHttpClient-1-6] DEBUG org.asynchttpclient.netty.channel.ChannelManager - Adding key: http://localhost:59029 for channel [id: 0xda77fe35, L:/127.0.0.1:51031 - R:localhost/127.0.0.1:59029]
16:33:30.989 [main] DEBUG net.serenitybdd.core.photography.Darkroom - Send negative for processing for target\site\serenity\d62cdae13b4759571083b344ba4a07b01868e6659da7c71128b27e77846440ea.png
16:33:30.989 [main] DEBUG net.thucydides.core.steps.StepInterceptor - STARTING STEP: KelolaJadwalSteps.chooseADate - inputTanggal
16:33:30.995 [Forwarding findElement on session c1f7077ab5e549f41a268f55130d7847 to remote] DEBUG org.asynchttpclient.netty.request.NettyRequestSender - Using pooled Channel '[id: 0xda77fe35, L:/127.0.0.1:51031 - R:localhost/127.0.0.1:59029]' for 'POST' to 'http://localhost:59029/session/c1f7077ab5e549f41a268f55130d7847/element'
16:33:30.996 [Forwarding findElement on session c1f7077ab5e549f41a268f55130d7847 to remote] DEBUG org.asynchttpclient.netty.request.NettyRequestSender - Using open Channel [id: 0xda77fe35, L:/127.0.0.1:51031 - R:localhost/127.0.0.1:59029] for POST '/session/c1f7077ab5e549f41a268f55130d7847/element'
16:33:31.038 [AsyncHttpClient-1-6] DEBUG org.asynchttpclient.netty.handler.HttpHandler - 

Request DefaultHttpRequest(decodeResult: success, version: HTTP/1.1)
POST /session/c1f7077ab5e549f41a268f55130d7847/element HTTP/1.1
User-Agent: selenium/4.1.2 (java windows)
Content-Length: 66
Content-Type: application/json; charset=utf-8
host: localhost:59029
accept: */*

Response DefaultHttpResponse(decodeResult: success, version: HTTP/1.1)
HTTP/1.1 200 OK
Content-Type: application/json; charset=utf-8
cache-control: no-cache
content-length: 88

16:33:31.039 [AsyncHttpClient-1-6] DEBUG org.asynchttpclient.netty.channel.ChannelManager - Adding key: http://localhost:59029 for channel [id: 0xda77fe35, L:/127.0.0.1:51031 - R:localhost/127.0.0.1:59029]
16:33:31.043 [Forwarding sendKeysToElement on session c1f7077ab5e549f41a268f55130d7847 to remote] DEBUG org.asynchttpclient.netty.request.NettyRequestSender - Using pooled Channel '[id: 0xda77fe35, L:/127.0.0.1:51031 - R:localhost/127.0.0.1:59029]' for 'POST' to 'http://localhost:59029/session/c1f7077ab5e549f41a268f55130d7847/element/2bb7ca6c-4d00-43f0-9311-d6252d19ade1/value'
16:33:31.043 [Forwarding sendKeysToElement on session c1f7077ab5e549f41a268f55130d7847 to remote] DEBUG org.asynchttpclient.netty.request.NettyRequestSender - Using open Channel [id: 0xda77fe35, L:/127.0.0.1:51031 - R:localhost/127.0.0.1:59029] for POST '/session/c1f7077ab5e549f41a268f55130d7847/element/2bb7ca6c-4d00-43f0-9311-d6252d19ade1/value'
16:33:31.188 [AsyncHttpClient-1-6] DEBUG org.asynchttpclient.netty.handler.HttpHandler - 

Request DefaultHttpRequest(decodeResult: success, version: HTTP/1.1)
POST /session/c1f7077ab5e549f41a268f55130d7847/element/2bb7ca6c-4d00-43f0-9311-d6252d19ade1/value HTTP/1.1
User-Agent: selenium/4.1.2 (java windows)
Content-Length: 82
Content-Type: application/json; charset=utf-8
host: localhost:59029
accept: */*

Response DefaultHttpResponse(decodeResult: success, version: HTTP/1.1)
HTTP/1.1 200 OK
Content-Type: application/json; charset=utf-8
cache-control: no-cache
content-length: 14

16:33:31.189 [AsyncHttpClient-1-6] DEBUG org.asynchttpclient.netty.channel.ChannelManager - Adding key: http://localhost:59029 for channel [id: 0xda77fe35, L:/127.0.0.1:51031 - R:localhost/127.0.0.1:59029]
16:33:31.210 [Forwarding screenshot on session c1f7077ab5e549f41a268f55130d7847 to remote] DEBUG org.asynchttpclient.netty.request.NettyRequestSender - Using pooled Channel '[id: 0xda77fe35, L:/127.0.0.1:51031 - R:localhost/127.0.0.1:59029]' for 'GET' to 'http://localhost:59029/session/c1f7077ab5e549f41a268f55130d7847/screenshot'
16:33:31.211 [Forwarding screenshot on session c1f7077ab5e549f41a268f55130d7847 to remote] DEBUG org.asynchttpclient.netty.request.NettyRequestSender - Using open Channel [id: 0xda77fe35, L:/127.0.0.1:51031 - R:localhost/127.0.0.1:59029] for GET '/session/c1f7077ab5e549f41a268f55130d7847/screenshot'
16:33:31.414 [AsyncHttpClient-1-6] DEBUG org.asynchttpclient.netty.handler.HttpHandler - 

Request DefaultFullHttpRequest(decodeResult: success, version: HTTP/1.1, content: EmptyByteBufBE)
GET /session/c1f7077ab5e549f41a268f55130d7847/screenshot HTTP/1.1
User-Agent: selenium/4.1.2 (java windows)
Cache-Control: no-cache
Content-Type: application/json; charset=utf-8
host: localhost:59029
accept: */*

Response DefaultHttpResponse(decodeResult: success, version: HTTP/1.1)
HTTP/1.1 200 OK
Content-Type: application/json; charset=utf-8
cache-control: no-cache
content-length: 48336

16:33:31.415 [AsyncHttpClient-1-6] DEBUG org.asynchttpclient.netty.channel.ChannelManager - Adding key: http://localhost:59029 for channel [id: 0xda77fe35, L:/127.0.0.1:51031 - R:localhost/127.0.0.1:59029]
16:33:31.421 [main] DEBUG net.serenitybdd.core.photography.Darkroom - Send negative for processing for target\site\serenity\ba90dc7e10fbd573d0602e5f274d470f8c82bb191c1a08f19b635036074899fa.png
16:33:31.421 [main] DEBUG net.thucydides.core.steps.StepInterceptor - STEP DONE: inputTanggal
  &amp#27;[32mThen &amp#27;[0m&amp#27;[32mChoose a date &amp#27;[0m&amp#27;[32m&amp#27;[1m""&amp#27;[0m                                                                            &amp#27;[90m# starter.stepdefinitios.KelolaJadwalSteps.chooseADate(java.lang.String)&amp#27;[0m
16:33:31.478 [Forwarding screenshot on session c1f7077ab5e549f41a268f55130d7847 to remote] DEBUG org.asynchttpclient.netty.request.NettyRequestSender - Using pooled Channel '[id: 0xda77fe35, L:/127.0.0.1:51031 - R:localhost/127.0.0.1:59029]' for 'GET' to 'http://localhost:59029/session/c1f7077ab5e549f41a268f55130d7847/screenshot'
16:33:31.478 [Forwarding screenshot on session c1f7077ab5e549f41a268f55130d7847 to remote] DEBUG org.asynchttpclient.netty.request.NettyRequestSender - Using open Channel [id: 0xda77fe35, L:/127.0.0.1:51031 - R:localhost/127.0.0.1:59029] for GET '/session/c1f7077ab5e549f41a268f55130d7847/screenshot'
16:33:31.694 [AsyncHttpClient-1-6] DEBUG org.asynchttpclient.netty.handler.HttpHandler - 

Request DefaultFullHttpRequest(decodeResult: success, version: HTTP/1.1, content: EmptyByteBufBE)
GET /session/c1f7077ab5e549f41a268f55130d7847/screenshot HTTP/1.1
User-Agent: selenium/4.1.2 (java windows)
Cache-Control: no-cache
Content-Type: application/json; charset=utf-8
host: localhost:59029
accept: */*

Response DefaultHttpResponse(decodeResult: success, version: HTTP/1.1)
HTTP/1.1 200 OK
Content-Type: application/json; charset=utf-8
cache-control: no-cache
content-length: 48336

16:33:31.695 [AsyncHttpClient-1-6] DEBUG org.asynchttpclient.netty.channel.ChannelManager - Adding key: http://localhost:59029 for channel [id: 0xda77fe35, L:/127.0.0.1:51031 - R:localhost/127.0.0.1:59029]
16:33:31.702 [main] DEBUG net.serenitybdd.core.photography.Darkroom - Send negative for processing for target\site\serenity\ba90dc7e10fbd573d0602e5f274d470f8c82bb191c1a08f19b635036074899fa.png
16:33:31.704 [main] DEBUG net.thucydides.core.steps.StepInterceptor - STARTING STEP: KelolaJadwalSteps.clickSimpan - buttonSave
16:33:31.712 [Forwarding findElement on session c1f7077ab5e549f41a268f55130d7847 to remote] DEBUG org.asynchttpclient.netty.request.NettyRequestSender - Using pooled Channel '[id: 0xda77fe35, L:/127.0.0.1:51031 - R:localhost/127.0.0.1:59029]' for 'POST' to 'http://localhost:59029/session/c1f7077ab5e549f41a268f55130d7847/element'
16:33:31.712 [Forwarding findElement on session c1f7077ab5e549f41a268f55130d7847 to remote] DEBUG org.asynchttpclient.netty.request.NettyRequestSender - Using open Channel [id: 0xda77fe35, L:/127.0.0.1:51031 - R:localhost/127.0.0.1:59029] for POST '/session/c1f7077ab5e549f41a268f55130d7847/element'
16:33:31.756 [AsyncHttpClient-1-6] DEBUG org.asynchttpclient.netty.handler.HttpHandler - 

Request DefaultHttpRequest(decodeResult: success, version: HTTP/1.1)
POST /session/c1f7077ab5e549f41a268f55130d7847/element HTTP/1.1
User-Agent: selenium/4.1.2 (java windows)
Content-Length: 68
Content-Type: application/json; charset=utf-8
host: localhost:59029
accept: */*

Response DefaultHttpResponse(decodeResult: success, version: HTTP/1.1)
HTTP/1.1 200 OK
Content-Type: application/json; charset=utf-8
cache-control: no-cache
content-length: 88

16:33:31.762 [AsyncHttpClient-1-6] DEBUG org.asynchttpclient.netty.channel.ChannelManager - Adding key: http://localhost:59029 for channel [id: 0xda77fe35, L:/127.0.0.1:51031 - R:localhost/127.0.0.1:59029]
16:33:31.765 [Forwarding getElementTagName on session c1f7077ab5e549f41a268f55130d7847 to remote] DEBUG org.asynchttpclient.netty.request.NettyRequestSender - Using pooled Channel '[id: 0xda77fe35, L:/127.0.0.1:51031 - R:localhost/127.0.0.1:59029]' for 'GET' to 'http://localhost:59029/session/c1f7077ab5e549f41a268f55130d7847/element/83572a94-d576-4189-b343-117b9c13144d/name'
16:33:31.765 [Forwarding getElementTagName on session c1f7077ab5e549f41a268f55130d7847 to remote] DEBUG org.asynchttpclient.netty.request.NettyRequestSender - Using open Channel [id: 0xda77fe35, L:/127.0.0.1:51031 - R:localhost/127.0.0.1:59029] for GET '/session/c1f7077ab5e549f41a268f55130d7847/element/83572a94-d576-4189-b343-117b9c13144d/name'
16:33:31.789 [AsyncHttpClient-1-6] DEBUG org.asynchttpclient.netty.handler.HttpHandler - 

Request DefaultFullHttpRequest(decodeResult: success, version: HTTP/1.1, content: EmptyByteBufBE)
GET /session/c1f7077ab5e549f41a268f55130d7847/element/83572a94-d576-4189-b343-117b9c13144d/name HTTP/1.1
User-Agent: selenium/4.1.2 (java windows)
Cache-Control: no-cache
Content-Type: application/json; charset=utf-8
host: localhost:59029
accept: */*

Response DefaultHttpResponse(decodeResult: success, version: HTTP/1.1)
HTTP/1.1 200 OK
Content-Type: application/json; charset=utf-8
cache-control: no-cache
content-length: 18

16:33:31.790 [AsyncHttpClient-1-6] DEBUG org.asynchttpclient.netty.channel.ChannelManager - Adding key: http://localhost:59029 for channel [id: 0xda77fe35, L:/127.0.0.1:51031 - R:localhost/127.0.0.1:59029]
16:33:31.793 [Forwarding getElementTagName on session c1f7077ab5e549f41a268f55130d7847 to remote] DEBUG org.asynchttpclient.netty.request.NettyRequestSender - Using pooled Channel '[id: 0xda77fe35, L:/127.0.0.1:51031 - R:localhost/127.0.0.1:59029]' for 'GET' to 'http://localhost:59029/session/c1f7077ab5e549f41a268f55130d7847/element/83572a94-d576-4189-b343-117b9c13144d/name'
16:33:31.793 [Forwarding getElementTagName on session c1f7077ab5e549f41a268f55130d7847 to remote] DEBUG org.asynchttpclient.netty.request.NettyRequestSender - Using open Channel [id: 0xda77fe35, L:/127.0.0.1:51031 - R:localhost/127.0.0.1:59029] for GET '/session/c1f7077ab5e549f41a268f55130d7847/element/83572a94-d576-4189-b343-117b9c13144d/name'
16:33:31.818 [AsyncHttpClient-1-6] DEBUG org.asynchttpclient.netty.handler.HttpHandler - 

Request DefaultFullHttpRequest(decodeResult: success, version: HTTP/1.1, content: EmptyByteBufBE)
GET /session/c1f7077ab5e549f41a268f55130d7847/element/83572a94-d576-4189-b343-117b9c13144d/name HTTP/1.1
User-Agent: selenium/4.1.2 (java windows)
Cache-Control: no-cache
Content-Type: application/json; charset=utf-8
host: localhost:59029
accept: */*

Response DefaultHttpResponse(decodeResult: success, version: HTTP/1.1)
HTTP/1.1 200 OK
Content-Type: application/json; charset=utf-8
cache-control: no-cache
content-length: 18

16:33:31.818 [AsyncHttpClient-1-6] DEBUG org.asynchttpclient.netty.channel.ChannelManager - Adding key: http://localhost:59029 for channel [id: 0xda77fe35, L:/127.0.0.1:51031 - R:localhost/127.0.0.1:59029]
16:33:31.824 [Forwarding isElementEnabled on session c1f7077ab5e549f41a268f55130d7847 to remote] DEBUG org.asynchttpclient.netty.request.NettyRequestSender - Using pooled Channel '[id: 0xda77fe35, L:/127.0.0.1:51031 - R:localhost/127.0.0.1:59029]' for 'GET' to 'http://localhost:59029/session/c1f7077ab5e549f41a268f55130d7847/element/83572a94-d576-4189-b343-117b9c13144d/enabled'
16:33:31.824 [Forwarding isElementEnabled on session c1f7077ab5e549f41a268f55130d7847 to remote] DEBUG org.asynchttpclient.netty.request.NettyRequestSender - Using open Channel [id: 0xda77fe35, L:/127.0.0.1:51031 - R:localhost/127.0.0.1:59029] for GET '/session/c1f7077ab5e549f41a268f55130d7847/element/83572a94-d576-4189-b343-117b9c13144d/enabled'
16:33:31.852 [AsyncHttpClient-1-1] DEBUG org.asynchttpclient.netty.channel.DefaultChannelPool - Entry count for : http://localhost:51033 : 1
16:33:31.857 [AsyncHttpClient-1-6] DEBUG org.asynchttpclient.netty.handler.HttpHandler - 

Request DefaultFullHttpRequest(decodeResult: success, version: HTTP/1.1, content: EmptyByteBufBE)
GET /session/c1f7077ab5e549f41a268f55130d7847/element/83572a94-d576-4189-b343-117b9c13144d/enabled HTTP/1.1
User-Agent: selenium/4.1.2 (java windows)
Cache-Control: no-cache
Content-Type: application/json; charset=utf-8
host: localhost:59029
accept: */*

Response DefaultHttpResponse(decodeResult: success, version: HTTP/1.1)
HTTP/1.1 200 OK
Content-Type: application/json; charset=utf-8
cache-control: no-cache
content-length: 14

16:33:31.857 [AsyncHttpClient-1-6] DEBUG org.asynchttpclient.netty.channel.ChannelManager - Adding key: http://localhost:59029 for channel [id: 0xda77fe35, L:/127.0.0.1:51031 - R:localhost/127.0.0.1:59029]
16:33:31.860 [Forwarding isElementEnabled on session c1f7077ab5e549f41a268f55130d7847 to remote] DEBUG org.asynchttpclient.netty.request.NettyRequestSender - Using pooled Channel '[id: 0xda77fe35, L:/127.0.0.1:51031 - R:localhost/127.0.0.1:59029]' for 'GET' to 'http://localhost:59029/session/c1f7077ab5e549f41a268f55130d7847/element/83572a94-d576-4189-b343-117b9c13144d/enabled'
16:33:31.860 [Forwarding isElementEnabled on session c1f7077ab5e549f41a268f55130d7847 to remote] DEBUG org.asynchttpclient.netty.request.NettyRequestSender - Using open Channel [id: 0xda77fe35, L:/127.0.0.1:51031 - R:localhost/127.0.0.1:59029] for GET '/session/c1f7077ab5e549f41a268f55130d7847/element/83572a94-d576-4189-b343-117b9c13144d/enabled'
16:33:31.879 [AsyncHttpClient-1-6] DEBUG org.asynchttpclient.netty.handler.HttpHandler - 

Request DefaultFullHttpRequest(decodeResult: success, version: HTTP/1.1, content: EmptyByteBufBE)
GET /session/c1f7077ab5e549f41a268f55130d7847/element/83572a94-d576-4189-b343-117b9c13144d/enabled HTTP/1.1
User-Agent: selenium/4.1.2 (java windows)
Cache-Control: no-cache
Content-Type: application/json; charset=utf-8
host: localhost:59029
accept: */*

Response DefaultHttpResponse(decodeResult: success, version: HTTP/1.1)
HTTP/1.1 200 OK
Content-Type: application/json; charset=utf-8
cache-control: no-cache
content-length: 14

16:33:31.880 [AsyncHttpClient-1-6] DEBUG org.asynchttpclient.netty.channel.ChannelManager - Adding key: http://localhost:59029 for channel [id: 0xda77fe35, L:/127.0.0.1:51031 - R:localhost/127.0.0.1:59029]
16:33:31.886 [Forwarding findElement on session c1f7077ab5e549f41a268f55130d7847 to remote] DEBUG org.asynchttpclient.netty.request.NettyRequestSender - Using pooled Channel '[id: 0xda77fe35, L:/127.0.0.1:51031 - R:localhost/127.0.0.1:59029]' for 'POST' to 'http://localhost:59029/session/c1f7077ab5e549f41a268f55130d7847/element'
16:33:31.886 [Forwarding findElement on session c1f7077ab5e549f41a268f55130d7847 to remote] DEBUG org.asynchttpclient.netty.request.NettyRequestSender - Using open Channel [id: 0xda77fe35, L:/127.0.0.1:51031 - R:localhost/127.0.0.1:59029] for POST '/session/c1f7077ab5e549f41a268f55130d7847/element'
16:33:31.915 [AsyncHttpClient-1-6] DEBUG org.asynchttpclient.netty.handler.HttpHandler - 

Request DefaultHttpRequest(decodeResult: success, version: HTTP/1.1)
POST /session/c1f7077ab5e549f41a268f55130d7847/element HTTP/1.1
User-Agent: selenium/4.1.2 (java windows)
Content-Length: 68
Content-Type: application/json; charset=utf-8
host: localhost:59029
accept: */*

Response DefaultHttpResponse(decodeResult: success, version: HTTP/1.1)
HTTP/1.1 200 OK
Content-Type: application/json; charset=utf-8
cache-control: no-cache
content-length: 88

16:33:31.915 [AsyncHttpClient-1-6] DEBUG org.asynchttpclient.netty.channel.ChannelManager - Adding key: http://localhost:59029 for channel [id: 0xda77fe35, L:/127.0.0.1:51031 - R:localhost/127.0.0.1:59029]
16:33:31.920 [Forwarding clickElement on session c1f7077ab5e549f41a268f55130d7847 to remote] DEBUG org.asynchttpclient.netty.request.NettyRequestSender - Using pooled Channel '[id: 0xda77fe35, L:/127.0.0.1:51031 - R:localhost/127.0.0.1:59029]' for 'POST' to 'http://localhost:59029/session/c1f7077ab5e549f41a268f55130d7847/element/83572a94-d576-4189-b343-117b9c13144d/click'
16:33:31.920 [Forwarding clickElement on session c1f7077ab5e549f41a268f55130d7847 to remote] DEBUG org.asynchttpclient.netty.request.NettyRequestSender - Using open Channel [id: 0xda77fe35, L:/127.0.0.1:51031 - R:localhost/127.0.0.1:59029] for POST '/session/c1f7077ab5e549f41a268f55130d7847/element/83572a94-d576-4189-b343-117b9c13144d/click'
16:33:32.918 [AsyncHttpClient-1-6] DEBUG org.asynchttpclient.netty.handler.HttpHandler - 

Request DefaultHttpRequest(decodeResult: success, version: HTTP/1.1)
POST /session/c1f7077ab5e549f41a268f55130d7847/element/83572a94-d576-4189-b343-117b9c13144d/click HTTP/1.1
User-Agent: selenium/4.1.2 (java windows)
Content-Length: 50
Content-Type: application/json; charset=utf-8
host: localhost:59029
accept: */*

Response DefaultHttpResponse(decodeResult: success, version: HTTP/1.1)
HTTP/1.1 200 OK
Content-Type: application/json; charset=utf-8
cache-control: no-cache
content-length: 14

16:33:32.918 [AsyncHttpClient-1-6] DEBUG org.asynchttpclient.netty.channel.ChannelManager - Adding key: http://localhost:59029 for channel [id: 0xda77fe35, L:/127.0.0.1:51031 - R:localhost/127.0.0.1:59029]
16:33:32.935 [Forwarding screenshot on session c1f7077ab5e549f41a268f55130d7847 to remote] DEBUG org.asynchttpclient.netty.request.NettyRequestSender - Using pooled Channel '[id: 0xda77fe35, L:/127.0.0.1:51031 - R:localhost/127.0.0.1:59029]' for 'GET' to 'http://localhost:59029/session/c1f7077ab5e549f41a268f55130d7847/screenshot'
16:33:32.935 [Forwarding screenshot on session c1f7077ab5e549f41a268f55130d7847 to remote] DEBUG org.asynchttpclient.netty.request.NettyRequestSender - Using open Channel [id: 0xda77fe35, L:/127.0.0.1:51031 - R:localhost/127.0.0.1:59029] for GET '/session/c1f7077ab5e549f41a268f55130d7847/screenshot'
16:33:32.944 [AsyncHttpClient-1-1] DEBUG org.asynchttpclient.netty.channel.DefaultChannelPool - Entry count for : http://localhost:51033 : 1
16:33:33.908 [AsyncHttpClient-1-6] DEBUG org.asynchttpclient.netty.handler.HttpHandler - 

Request DefaultFullHttpRequest(decodeResult: success, version: HTTP/1.1, content: EmptyByteBufBE)
GET /session/c1f7077ab5e549f41a268f55130d7847/screenshot HTTP/1.1
User-Agent: selenium/4.1.2 (java windows)
Cache-Control: no-cache
Content-Type: application/json; charset=utf-8
host: localhost:59029
accept: */*

Response DefaultHttpResponse(decodeResult: success, version: HTTP/1.1)
HTTP/1.1 200 OK
Content-Type: application/json; charset=utf-8
cache-control: no-cache
content-length: 49744

16:33:33.909 [AsyncHttpClient-1-6] DEBUG org.asynchttpclient.netty.channel.ChannelManager - Adding key: http://localhost:59029 for channel [id: 0xda77fe35, L:/127.0.0.1:51031 - R:localhost/127.0.0.1:59029]
16:33:33.916 [main] DEBUG net.serenitybdd.core.photography.Darkroom - Send negative for processing for target\site\serenity\7652f4b5db0417d2adafe769c00955b7d0528c1916d355cd71fb33c2ffc2a61c.png
16:33:33.918 [main] DEBUG net.thucydides.core.steps.StepInterceptor - STEP DONE: buttonSave
  &amp#27;[32mAnd &amp#27;[0m&amp#27;[32mClick simpan&amp#27;[0m                                                                                 &amp#27;[90m# starter.stepdefinitios.KelolaJadwalSteps.clickSimpan()&amp#27;[0m
16:33:33.925 [Darkroom Processing Line] DEBUG net.serenitybdd.core.photography.DarkroomProcessingLine - Processing screenshot image in /var/screenshots/screenshot-570872813776767014
16:33:33.925 [Darkroom Processing Line] DEBUG net.serenitybdd.core.photography.DarkroomProcessingLine - Saving screenshot to target\site\serenity\7652f4b5db0417d2adafe769c00955b7d0528c1916d355cd71fb33c2ffc2a61c.png
16:33:34.011 [Forwarding screenshot on session c1f7077ab5e549f41a268f55130d7847 to remote] DEBUG org.asynchttpclient.netty.request.NettyRequestSender - Using pooled Channel '[id: 0xda77fe35, L:/127.0.0.1:51031 - R:localhost/127.0.0.1:59029]' for 'GET' to 'http://localhost:59029/session/c1f7077ab5e549f41a268f55130d7847/screenshot'
16:33:34.011 [Forwarding screenshot on session c1f7077ab5e549f41a268f55130d7847 to remote] DEBUG org.asynchttpclient.netty.request.NettyRequestSender - Using open Channel [id: 0xda77fe35, L:/127.0.0.1:51031 - R:localhost/127.0.0.1:59029] for GET '/session/c1f7077ab5e549f41a268f55130d7847/screenshot'
16:33:34.076 [AsyncHttpClient-1-1] DEBUG org.asynchttpclient.netty.channel.DefaultChannelPool - Entry count for : http://localhost:51033 : 1
16:33:34.508 [AsyncHttpClient-1-6] DEBUG org.asynchttpclient.netty.handler.HttpHandler - 

Request DefaultFullHttpRequest(decodeResult: success, version: HTTP/1.1, content: EmptyByteBufBE)
GET /session/c1f7077ab5e549f41a268f55130d7847/screenshot HTTP/1.1
User-Agent: selenium/4.1.2 (java windows)
Cache-Control: no-cache
Content-Type: application/json; charset=utf-8
host: localhost:59029
accept: */*

Response DefaultHttpResponse(decodeResult: success, version: HTTP/1.1)
HTTP/1.1 200 OK
Content-Type: application/json; charset=utf-8
cache-control: no-cache
content-length: 49728

16:33:34.509 [AsyncHttpClient-1-6] DEBUG org.asynchttpclient.netty.channel.ChannelManager - Adding key: http://localhost:59029 for channel [id: 0xda77fe35, L:/127.0.0.1:51031 - R:localhost/127.0.0.1:59029]
16:33:34.517 [main] DEBUG net.serenitybdd.core.photography.Darkroom - Send negative for processing for target\site\serenity\3d84226707b1067c384114e55692601285bed65a9b481d201f9cf7c90b6eb377.png
16:33:34.520 [main] DEBUG net.thucydides.core.steps.StepInterceptor - STARTING STEP: KelolaJadwalSteps.validateDataErrorKelolaJadwal - validateErrorKelolaJadwal
16:33:34.529 [Forwarding findElement on session c1f7077ab5e549f41a268f55130d7847 to remote] DEBUG org.asynchttpclient.netty.request.NettyRequestSender - Using pooled Channel '[id: 0xda77fe35, L:/127.0.0.1:51031 - R:localhost/127.0.0.1:59029]' for 'POST' to 'http://localhost:59029/session/c1f7077ab5e549f41a268f55130d7847/element'
16:33:34.529 [Forwarding findElement on session c1f7077ab5e549f41a268f55130d7847 to remote] DEBUG org.asynchttpclient.netty.request.NettyRequestSender - Using open Channel [id: 0xda77fe35, L:/127.0.0.1:51031 - R:localhost/127.0.0.1:59029] for POST '/session/c1f7077ab5e549f41a268f55130d7847/element'
16:33:34.542 [Darkroom Processing Line] DEBUG net.serenitybdd.core.photography.DarkroomProcessingLine - Processing screenshot image in /var/screenshots/screenshot-5260985886201708275
16:33:34.542 [Darkroom Processing Line] DEBUG net.serenitybdd.core.photography.DarkroomProcessingLine - Saving screenshot to target\site\serenity\3d84226707b1067c384114e55692601285bed65a9b481d201f9cf7c90b6eb377.png
16:33:34.612 [AsyncHttpClient-1-6] DEBUG org.asynchttpclient.netty.handler.HttpHandler - 

Request DefaultHttpRequest(decodeResult: success, version: HTTP/1.1)
POST /session/c1f7077ab5e549f41a268f55130d7847/element HTTP/1.1
User-Agent: selenium/4.1.2 (java windows)
Content-Length: 100
Content-Type: application/json; charset=utf-8
host: localhost:59029
accept: */*

Response DefaultHttpResponse(decodeResult: success, version: HTTP/1.1)
HTTP/1.1 200 OK
Content-Type: application/json; charset=utf-8
cache-control: no-cache
content-length: 88

16:33:34.612 [AsyncHttpClient-1-6] DEBUG org.asynchttpclient.netty.channel.ChannelManager - Adding key: http://localhost:59029 for channel [id: 0xda77fe35, L:/127.0.0.1:51031 - R:localhost/127.0.0.1:59029]
16:33:34.620 [Forwarding isElementEnabled on session c1f7077ab5e549f41a268f55130d7847 to remote] DEBUG org.asynchttpclient.netty.request.NettyRequestSender - Using pooled Channel '[id: 0xda77fe35, L:/127.0.0.1:51031 - R:localhost/127.0.0.1:59029]' for 'GET' to 'http://localhost:59029/session/c1f7077ab5e549f41a268f55130d7847/element/c5a1d12e-994c-4fc9-acd3-998daa34c38e/enabled'
16:33:34.620 [Forwarding isElementEnabled on session c1f7077ab5e549f41a268f55130d7847 to remote] DEBUG org.asynchttpclient.netty.request.NettyRequestSender - Using open Channel [id: 0xda77fe35, L:/127.0.0.1:51031 - R:localhost/127.0.0.1:59029] for GET '/session/c1f7077ab5e549f41a268f55130d7847/element/c5a1d12e-994c-4fc9-acd3-998daa34c38e/enabled'
16:33:34.679 [AsyncHttpClient-1-6] DEBUG org.asynchttpclient.netty.handler.HttpHandler - 

Request DefaultFullHttpRequest(decodeResult: success, version: HTTP/1.1, content: EmptyByteBufBE)
GET /session/c1f7077ab5e549f41a268f55130d7847/element/c5a1d12e-994c-4fc9-acd3-998daa34c38e/enabled HTTP/1.1
User-Agent: selenium/4.1.2 (java windows)
Cache-Control: no-cache
Content-Type: application/json; charset=utf-8
host: localhost:59029
accept: */*

Response DefaultHttpResponse(decodeResult: success, version: HTTP/1.1)
HTTP/1.1 200 OK
Content-Type: application/json; charset=utf-8
cache-control: no-cache
content-length: 14

16:33:34.680 [AsyncHttpClient-1-6] DEBUG org.asynchttpclient.netty.channel.ChannelManager - Adding key: http://localhost:59029 for channel [id: 0xda77fe35, L:/127.0.0.1:51031 - R:localhost/127.0.0.1:59029]
16:33:34.704 [Forwarding screenshot on session c1f7077ab5e549f41a268f55130d7847 to remote] DEBUG org.asynchttpclient.netty.request.NettyRequestSender - Using pooled Channel '[id: 0xda77fe35, L:/127.0.0.1:51031 - R:localhost/127.0.0.1:59029]' for 'GET' to 'http://localhost:59029/session/c1f7077ab5e549f41a268f55130d7847/screenshot'
16:33:34.704 [Forwarding screenshot on session c1f7077ab5e549f41a268f55130d7847 to remote] DEBUG org.asynchttpclient.netty.request.NettyRequestSender - Using open Channel [id: 0xda77fe35, L:/127.0.0.1:51031 - R:localhost/127.0.0.1:59029] for GET '/session/c1f7077ab5e549f41a268f55130d7847/screenshot'
16:33:35.021 [AsyncHttpClient-1-6] DEBUG org.asynchttpclient.netty.handler.HttpHandler - 

Request DefaultFullHttpRequest(decodeResult: success, version: HTTP/1.1, content: EmptyByteBufBE)
GET /session/c1f7077ab5e549f41a268f55130d7847/screenshot HTTP/1.1
User-Agent: selenium/4.1.2 (java windows)
Cache-Control: no-cache
Content-Type: application/json; charset=utf-8
host: localhost:59029
accept: */*

Response DefaultHttpResponse(decodeResult: success, version: HTTP/1.1)
HTTP/1.1 200 OK
Content-Type: application/json; charset=utf-8
cache-control: no-cache
content-length: 49728

16:33:35.022 [AsyncHttpClient-1-6] DEBUG org.asynchttpclient.netty.channel.ChannelManager - Adding key: http://localhost:59029 for channel [id: 0xda77fe35, L:/127.0.0.1:51031 - R:localhost/127.0.0.1:59029]
16:33:35.027 [main] DEBUG net.serenitybdd.core.photography.Darkroom - Send negative for processing for target\site\serenity\3d84226707b1067c384114e55692601285bed65a9b481d201f9cf7c90b6eb377.png
16:33:35.027 [main] DEBUG net.thucydides.core.steps.StepInterceptor - STEP DONE: validateErrorKelolaJadwal
  &amp#27;[32mAnd &amp#27;[0m&amp#27;[32mValidate data error kelola jadwal&amp#27;[0m                                                            &amp#27;[90m# starter.stepdefinitios.KelolaJadwalSteps.validateDataErrorKelolaJadwal()&amp#27;[0m
16:33:35.087 [AsyncHttpClient-1-8] DEBUG org.asynchttpclient.netty.handler.WebSocketHandler - Channel Closed: [id: 0x66e53f00, L:/127.0.0.1:51046 ! R:localhost/127.0.0.1:51033] with attribute NettyResponseFuture{currentRetry=5,
	isDone=1,
	isCancelled=0,
	asyncHandler=org.asynchttpclient.ws.WebSocketUpgradeHandler@1851d06e,
	nettyRequest=org.asynchttpclient.netty.request.NettyRequest@7089d047,
	future=java.util.concurrent.CompletableFuture@3f8de22e[Completed normally],
	uri=ws://localhost:51033/devtools/browser/df5e09a9-adde-41b7-a0ad-2921f2c852b1,
	keepAlive=true,
	redirectCount=0,
	timeoutsHolder=null,
	inAuth=0,
	touch=1657445602232}
16:33:35.088 [AsyncHttpClient-1-8] DEBUG org.asynchttpclient.netty.channel.ChannelManager - Closing Channel [id: 0x66e53f00, L:/127.0.0.1:51046 ! R:localhost/127.0.0.1:51033] 
16:33:35.091 [Driver Command Executor] DEBUG org.asynchttpclient.netty.request.NettyRequestSender - Using pooled Channel '[id: 0xda77fe35, L:/127.0.0.1:51031 - R:localhost/127.0.0.1:59029]' for 'DELETE' to 'http://localhost:59029/session/c1f7077ab5e549f41a268f55130d7847'
16:33:35.091 [Driver Command Executor] DEBUG org.asynchttpclient.netty.request.NettyRequestSender - Using open Channel [id: 0xda77fe35, L:/127.0.0.1:51031 - R:localhost/127.0.0.1:59029] for DELETE '/session/c1f7077ab5e549f41a268f55130d7847'
16:33:35.147 [AsyncHttpClient-1-1] DEBUG org.asynchttpclient.netty.channel.DefaultChannelPool - Entry count for : http://localhost:51033 : 1
16:33:36.241 [AsyncHttpClient-1-1] DEBUG org.asynchttpclient.netty.channel.DefaultChannelPool - Entry count for : http://localhost:51033 : 1
16:33:37.353 [AsyncHttpClient-1-1] DEBUG org.asynchttpclient.netty.channel.DefaultChannelPool - Entry count for : http://localhost:51033 : 1
16:33:38.454 [AsyncHttpClient-1-1] DEBUG org.asynchttpclient.netty.channel.DefaultChannelPool - Entry count for : http://localhost:51033 : 1
16:33:39.542 [AsyncHttpClient-1-1] DEBUG org.asynchttpclient.netty.channel.DefaultChannelPool - Entry count for : http://localhost:51033 : 1
16:33:40.650 [AsyncHttpClient-1-1] DEBUG org.asynchttpclient.netty.channel.DefaultChannelPool - Entry count for : http://localhost:51033 : 1
16:33:41.745 [AsyncHttpClient-1-1] DEBUG org.asynchttpclient.netty.channel.DefaultChannelPool - Entry count for : http://localhost:51033 : 1
16:33:42.841 [AsyncHttpClient-1-1] DEBUG org.asynchttpclient.netty.channel.DefaultChannelPool - Entry count for : http://localhost:51033 : 1
16:33:43.943 [AsyncHttpClient-1-1] DEBUG org.asynchttpclient.netty.channel.DefaultChannelPool - Entry count for : http://localhost:51033 : 1
16:33:45.047 [AsyncHttpClient-1-1] DEBUG org.asynchttpclient.netty.channel.DefaultChannelPool - Entry count for : http://localhost:51033 : 1
16:33:46.152 [AsyncHttpClient-1-1] DEBUG org.asynchttpclient.netty.channel.DefaultChannelPool - Entry count for : http://localhost:51033 : 1
16:33:47.242 [AsyncHttpClient-1-1] DEBUG org.asynchttpclient.netty.channel.DefaultChannelPool - Entry count for : http://localhost:51033 : 1
16:33:47.987 [AsyncHttpClient-1-7] DEBUG org.asynchttpclient.netty.handler.HttpHandler - Unexpected I/O exception on channel [id: 0xd54db6b8, L:/127.0.0.1:51045 - R:localhost/127.0.0.1:51033]
java.io.IOException: An existing connection was forcibly closed by the remote host
	at java.base/sun.nio.ch.SocketDispatcher.read0(Native Method)
	at java.base/sun.nio.ch.SocketDispatcher.read(SocketDispatcher.java:43)
	at java.base/sun.nio.ch.IOUtil.readIntoNativeBuffer(IOUtil.java:276)
	at java.base/sun.nio.ch.IOUtil.read(IOUtil.java:233)
	at java.base/sun.nio.ch.IOUtil.read(IOUtil.java:223)
	at java.base/sun.nio.ch.SocketChannelImpl.read(SocketChannelImpl.java:358)
	at io.netty.buffer.PooledByteBuf.setBytes(PooledByteBuf.java:258)
	at io.netty.buffer.AbstractByteBuf.writeBytes(AbstractByteBuf.java:1132)
	at io.netty.channel.socket.nio.NioSocketChannel.doReadBytes(NioSocketChannel.java:350)
	at io.netty.channel.nio.AbstractNioByteChannel$NioByteUnsafe.read(AbstractNioByteChannel.java:151)
	at io.netty.channel.nio.NioEventLoop.processSelectedKey(NioEventLoop.java:722)
	at io.netty.channel.nio.NioEventLoop.processSelectedKeysOptimized(NioEventLoop.java:658)
	at io.netty.channel.nio.NioEventLoop.processSelectedKeys(NioEventLoop.java:584)
	at io.netty.channel.nio.NioEventLoop.run(NioEventLoop.java:496)
	at io.netty.util.concurrent.SingleThreadEventExecutor$4.run(SingleThreadEventExecutor.java:986)
	at io.netty.util.internal.ThreadExecutorMap$2.run(ThreadExecutorMap.java:74)
	at io.netty.util.concurrent.FastThreadLocalRunnable.run(FastThreadLocalRunnable.java:30)
	at java.base/java.lang.Thread.run(Thread.java:834)
16:33:47.988 [AsyncHttpClient-1-7] DEBUG org.asynchttpclient.netty.channel.ChannelManager - Closing Channel [id: 0xd54db6b8, L:/127.0.0.1:51045 - R:localhost/127.0.0.1:51033] 
16:33:47.988 [AsyncHttpClient-1-7] DEBUG org.asynchttpclient.netty.handler.HttpHandler - Channel Closed: [id: 0xd54db6b8, L:/127.0.0.1:51045 ! R:localhost/127.0.0.1:51033] with attribute DISCARD
16:33:48.151 [AsyncHttpClient-1-6] DEBUG org.asynchttpclient.netty.handler.HttpHandler - 

Request DefaultFullHttpRequest(decodeResult: success, version: HTTP/1.1, content: EmptyByteBufBE)
DELETE /session/c1f7077ab5e549f41a268f55130d7847 HTTP/1.1
User-Agent: selenium/4.1.2 (java windows)
Content-Type: application/json; charset=utf-8
host: localhost:59029
accept: */*

Response DefaultHttpResponse(decodeResult: success, version: HTTP/1.1)
HTTP/1.1 200 OK
Content-Type: application/json; charset=utf-8
cache-control: no-cache
content-length: 14

16:33:48.151 [AsyncHttpClient-1-6] DEBUG org.asynchttpclient.netty.channel.ChannelManager - Adding key: http://localhost:59029 for channel [id: 0xda77fe35, L:/127.0.0.1:51031 - R:localhost/127.0.0.1:59029]
16:33:48.340 [AsyncHttpClient-1-1] DEBUG org.asynchttpclient.netty.channel.DefaultChannelPool - Entry count for : http://localhost:51033 : 1
16:33:48.340 [AsyncHttpClient-1-1] DEBUG org.asynchttpclient.netty.channel.DefaultChannelPool - Entry count for : http://localhost:59029 : 1
16:33:48.340 [AsyncHttpClient-1-1] DEBUG org.asynchttpclient.netty.channel.DefaultChannelPool - Adding Candidate expired Channel [id: 0xd54db6b8, L:/127.0.0.1:51045 ! R:localhost/127.0.0.1:51033] isIdleTimeoutExpired=false isRemotelyClosed=true isTtlExpired=false
16:33:48.340 [AsyncHttpClient-1-1] DEBUG org.asynchttpclient.netty.channel.DefaultChannelPool - Closing Idle Channel [id: 0xd54db6b8, L:/127.0.0.1:51045 ! R:localhost/127.0.0.1:51033]
16:33:48.340 [AsyncHttpClient-1-1] DEBUG org.asynchttpclient.netty.channel.DefaultChannelPool - Closed 1 connections out of 2 in 0 ms
16:33:49.261 [AsyncHttpClient-1-6] DEBUG org.asynchttpclient.netty.handler.HttpHandler - Unexpected I/O exception on channel [id: 0xda77fe35, L:/127.0.0.1:51031 - R:localhost/127.0.0.1:59029]
java.io.IOException: An existing connection was forcibly closed by the remote host
	at java.base/sun.nio.ch.SocketDispatcher.read0(Native Method)
	at java.base/sun.nio.ch.SocketDispatcher.read(SocketDispatcher.java:43)
	at java.base/sun.nio.ch.IOUtil.readIntoNativeBuffer(IOUtil.java:276)
	at java.base/sun.nio.ch.IOUtil.read(IOUtil.java:233)
	at java.base/sun.nio.ch.IOUtil.read(IOUtil.java:223)
	at java.base/sun.nio.ch.SocketChannelImpl.read(SocketChannelImpl.java:358)
	at io.netty.buffer.PooledByteBuf.setBytes(PooledByteBuf.java:258)
	at io.netty.buffer.AbstractByteBuf.writeBytes(AbstractByteBuf.java:1132)
	at io.netty.channel.socket.nio.NioSocketChannel.doReadBytes(NioSocketChannel.java:350)
	at io.netty.channel.nio.AbstractNioByteChannel$NioByteUnsafe.read(AbstractNioByteChannel.java:151)
	at io.netty.channel.nio.NioEventLoop.processSelectedKey(NioEventLoop.java:722)
	at io.netty.channel.nio.NioEventLoop.processSelectedKeysOptimized(NioEventLoop.java:658)
	at io.netty.channel.nio.NioEventLoop.processSelectedKeys(NioEventLoop.java:584)
	at io.netty.channel.nio.NioEventLoop.run(NioEventLoop.java:496)
	at io.netty.util.concurrent.SingleThreadEventExecutor$4.run(SingleThreadEventExecutor.java:986)
	at io.netty.util.internal.ThreadExecutorMap$2.run(ThreadExecutorMap.java:74)
	at io.netty.util.concurrent.FastThreadLocalRunnable.run(FastThreadLocalRunnable.java:30)
	at java.base/java.lang.Thread.run(Thread.java:834)
16:33:49.261 [AsyncHttpClient-1-6] DEBUG org.asynchttpclient.netty.channel.ChannelManager - Closing Channel [id: 0xda77fe35, L:/127.0.0.1:51031 - R:localhost/127.0.0.1:59029] 
16:33:49.262 [AsyncHttpClient-1-6] DEBUG org.asynchttpclient.netty.handler.HttpHandler - Channel Closed: [id: 0xda77fe35, L:/127.0.0.1:51031 ! R:localhost/127.0.0.1:59029] with attribute DISCARD
16:33:49.289 [main] INFO  - 
  _____   ___   ___   _____     ___     _     ___   ___   ___   ___  
 |_   _| | __| / __| |_   _|   | _ \   /_\   / __| / __| | __| |   \ 
   | |   | _|  \__ \   | |     |  _/  / _ \  \__ \ \__ \ | _|  | |) |
   |_|   |___| |___/   |_|     |_|   /_/ \_\ |___/ |___/ |___| |___/ 

As a admin i want to Add Manage Schedule Rawat Biasa - Tanpa tanggal dan perawat
----------------------------------------------------------------------
]]></system-out>
    <system-err><![CDATA[Starting ChromeDriver 103.0.5060.53 (a1711811edd74ff1cf2150f36ffa3b0dae40b17f-refs/branch-heads/5060@{#853}) on port 59029
Only local connections are allowed.
Please see https://chromedriver.chromium.org/security-considerations for suggestions on keeping ChromeDriver safe.
ChromeDriver was started successfully.
Jul 10, 2022 4:33:22 PM org.openqa.selenium.remote.ProtocolHandshake createSession
INFO: Detected dialect: W3C
Jul 10, 2022 4:33:22 PM org.openqa.selenium.devtools.CdpVersionFinder findNearestMatch
WARNING: Unable to find an exact match for CDP version 103, so returning the closest version found: a no-op implementation
Jul 10, 2022 4:33:22 PM org.openqa.selenium.devtools.CdpVersionFinder findNearestMatch
INFO: Unable to find CDP implementation matching 103.
Jul 10, 2022 4:33:22 PM org.openqa.selenium.chromium.ChromiumDriver lambda$new$3
WARNING: Unable to find version of CDP to use for . You may need to include a dependency on a specific version of the CDP using something similar to `org.seleniumhq.selenium:selenium-devtools-v86:4.1.2` where the version ("v86") matches the version of the chromium-based browser you're using and the version number of the artifact is the same as Selenium's.
]]></system-err>
  </testcase>
</testsuite>